20210228 111406.431 INFO             PET0 !!!!!!!!!!!!!!!!!!!!!!!!!!!!!!!!!!!!!!!!!!!!!!!!!!!!!!
20210228 111406.431 INFO             PET0 !!! THE ESMF_LOG IS SET TO OUTPUT ALL LOG MESSAGES !!!
20210228 111406.431 INFO             PET0 !!!     THIS MAY CAUSE SLOWDOWN IN PERFORMANCE     !!!
20210228 111406.431 INFO             PET0 !!! FOR PRODUCTION RUNS, USE:                      !!!
20210228 111406.431 INFO             PET0 !!!                   ESMF_LOGKIND_Multi_On_Error  !!!
20210228 111406.431 INFO             PET0 !!!!!!!!!!!!!!!!!!!!!!!!!!!!!!!!!!!!!!!!!!!!!!!!!!!!!!
20210228 111406.431 INFO             PET0 Running with ESMF Version   : ESMF_8_1_0_beta_snapshot_47-18-g3fd6502904
20210228 111406.431 INFO             PET0 ESMF library build date/time: "Feb 28 2021" "09:54:16"
20210228 111406.431 INFO             PET0 ESMF library build location : /work/07356/tg866552/stampede2/8.1.0/esmf
20210228 111406.431 INFO             PET0 ESMF_COMM                   : intelmpi
20210228 111406.435 INFO             PET0 ESMF_MOAB                   : enabled
20210228 111406.436 INFO             PET0 ESMF_LAPACK                 : enabled
20210228 111406.436 INFO             PET0 ESMF_NETCDF                 : enabled
20210228 111406.436 INFO             PET0 ESMF_PNETCDF                : disabled
20210228 111406.436 INFO             PET0 ESMF_PIO                    : enabled
20210228 111406.436 INFO             PET0 ESMF_YAMLCPP                : enabled
20210228 111407.569 INFO             PET0 Completing mirrored field: sea_surface_temperature
20210228 111407.575 INFO             PET0 Completing mirrored field: air_pressure_at_sea_level
20210228 111407.580 INFO             PET0 Completing mirrored field: surface_net_downward_shortwave_flux
20210228 111407.865 WARNING          PET0 ATM: Field 'sst' in the importState is not at the expected time. StandardName: sea_surface_temperature
20210228 111407.865 ERROR            PET0 ATM:src/addon/NUOPC/src/NUOPC_ModelBase.F90:3056 Invalid argument  - NUOPC INCOMPATIBILITY DETECTED: Import Fields not at current time
20210228 111407.866 ERROR            PET0 ATM:src/addon/NUOPC/src/NUOPC_ModelBase.F90:2756 Invalid argument  - Passing error in return code
20210228 111407.866 ERROR            PET0 Driver:src/addon/NUOPC/src/NUOPC_Driver.F90:3324 Invalid argument  - Phase 'RunPhase1' Run for modelComp 1 did not return ESMF_SUCCESS
20210228 111407.866 ERROR            PET0 Driver:src/addon/NUOPC/src/NUOPC_Driver.F90:3586 Invalid argument  - Passing error in return code
20210228 111407.867 ERROR            PET0 Driver:src/addon/NUOPC/src/NUOPC_Driver.F90:3239 Invalid argument  - Passing error in return code
20210228 111407.881 INFO             PET0  NUMBER_OF_PROCESSORS           4
20210228 111407.881 INFO             PET0  PASS  Example ESMF_NUOPCAtmModelEx, ESMF_NUOPCAtmModelEx.F90, line 1032
20210228 111407.881 INFO             PET0 Finalizing ESMF
20210228 111406.428 INFO             PET1 !!!!!!!!!!!!!!!!!!!!!!!!!!!!!!!!!!!!!!!!!!!!!!!!!!!!!!
20210228 111406.429 INFO             PET1 !!! THE ESMF_LOG IS SET TO OUTPUT ALL LOG MESSAGES !!!
20210228 111406.429 INFO             PET1 !!!     THIS MAY CAUSE SLOWDOWN IN PERFORMANCE     !!!
20210228 111406.429 INFO             PET1 !!! FOR PRODUCTION RUNS, USE:                      !!!
20210228 111406.429 INFO             PET1 !!!                   ESMF_LOGKIND_Multi_On_Error  !!!
20210228 111406.429 INFO             PET1 !!!!!!!!!!!!!!!!!!!!!!!!!!!!!!!!!!!!!!!!!!!!!!!!!!!!!!
20210228 111406.429 INFO             PET1 Running with ESMF Version   : ESMF_8_1_0_beta_snapshot_47-18-g3fd6502904
20210228 111406.429 INFO             PET1 ESMF library build date/time: "Feb 28 2021" "09:54:16"
20210228 111406.429 INFO             PET1 ESMF library build location : /work/07356/tg866552/stampede2/8.1.0/esmf
20210228 111406.429 INFO             PET1 ESMF_COMM                   : intelmpi
20210228 111406.433 INFO             PET1 ESMF_MOAB                   : enabled
20210228 111406.433 INFO             PET1 ESMF_LAPACK                 : enabled
20210228 111406.434 INFO             PET1 ESMF_NETCDF                 : enabled
20210228 111406.434 INFO             PET1 ESMF_PNETCDF                : disabled
20210228 111406.434 INFO             PET1 ESMF_PIO                    : enabled
20210228 111406.434 INFO             PET1 ESMF_YAMLCPP                : enabled
20210228 111407.569 INFO             PET1 Completing mirrored field: sea_surface_temperature
20210228 111407.575 INFO             PET1 Completing mirrored field: air_pressure_at_sea_level
20210228 111407.580 INFO             PET1 Completing mirrored field: surface_net_downward_shortwave_flux
20210228 111407.865 WARNING          PET1 ATM: Field 'sst' in the importState is not at the expected time. StandardName: sea_surface_temperature
20210228 111407.865 ERROR            PET1 ATM:src/addon/NUOPC/src/NUOPC_ModelBase.F90:3056 Invalid argument  - NUOPC INCOMPATIBILITY DETECTED: Import Fields not at current time
20210228 111407.866 ERROR            PET1 ATM:src/addon/NUOPC/src/NUOPC_ModelBase.F90:2756 Invalid argument  - Passing error in return code
20210228 111407.866 ERROR            PET1 Driver:src/addon/NUOPC/src/NUOPC_Driver.F90:3324 Invalid argument  - Phase 'RunPhase1' Run for modelComp 1 did not return ESMF_SUCCESS
20210228 111407.866 ERROR            PET1 Driver:src/addon/NUOPC/src/NUOPC_Driver.F90:3586 Invalid argument  - Passing error in return code
20210228 111407.867 ERROR            PET1 Driver:src/addon/NUOPC/src/NUOPC_Driver.F90:3239 Invalid argument  - Passing error in return code
20210228 111407.881 INFO             PET1  NUMBER_OF_PROCESSORS           4
20210228 111407.881 INFO             PET1  PASS  Example ESMF_NUOPCAtmModelEx, ESMF_NUOPCAtmModelEx.F90, line 1032
20210228 111407.881 INFO             PET1 Finalizing ESMF
20210228 111406.426 INFO             PET2 !!!!!!!!!!!!!!!!!!!!!!!!!!!!!!!!!!!!!!!!!!!!!!!!!!!!!!
20210228 111406.426 INFO             PET2 !!! THE ESMF_LOG IS SET TO OUTPUT ALL LOG MESSAGES !!!
20210228 111406.426 INFO             PET2 !!!     THIS MAY CAUSE SLOWDOWN IN PERFORMANCE     !!!
20210228 111406.426 INFO             PET2 !!! FOR PRODUCTION RUNS, USE:                      !!!
20210228 111406.426 INFO             PET2 !!!                   ESMF_LOGKIND_Multi_On_Error  !!!
20210228 111406.426 INFO             PET2 !!!!!!!!!!!!!!!!!!!!!!!!!!!!!!!!!!!!!!!!!!!!!!!!!!!!!!
20210228 111406.426 INFO             PET2 Running with ESMF Version   : ESMF_8_1_0_beta_snapshot_47-18-g3fd6502904
20210228 111406.426 INFO             PET2 ESMF library build date/time: "Feb 28 2021" "09:54:16"
20210228 111406.426 INFO             PET2 ESMF library build location : /work/07356/tg866552/stampede2/8.1.0/esmf
20210228 111406.426 INFO             PET2 ESMF_COMM                   : intelmpi
20210228 111406.431 INFO             PET2 ESMF_MOAB                   : enabled
20210228 111406.431 INFO             PET2 ESMF_LAPACK                 : enabled
20210228 111406.431 INFO             PET2 ESMF_NETCDF                 : enabled
20210228 111406.431 INFO             PET2 ESMF_PNETCDF                : disabled
20210228 111406.431 INFO             PET2 ESMF_PIO                    : enabled
20210228 111406.431 INFO             PET2 ESMF_YAMLCPP                : enabled
20210228 111407.569 INFO             PET2 Completing mirrored field: sea_surface_temperature
20210228 111407.575 INFO             PET2 Completing mirrored field: air_pressure_at_sea_level
20210228 111407.580 INFO             PET2 Completing mirrored field: surface_net_downward_shortwave_flux
20210228 111407.865 WARNING          PET2 ATM: Field 'sst' in the importState is not at the expected time. StandardName: sea_surface_temperature
20210228 111407.865 ERROR            PET2 ATM:src/addon/NUOPC/src/NUOPC_ModelBase.F90:3056 Invalid argument  - NUOPC INCOMPATIBILITY DETECTED: Import Fields not at current time
20210228 111407.866 ERROR            PET2 ATM:src/addon/NUOPC/src/NUOPC_ModelBase.F90:2756 Invalid argument  - Passing error in return code
20210228 111407.866 ERROR            PET2 Driver:src/addon/NUOPC/src/NUOPC_Driver.F90:3324 Invalid argument  - Phase 'RunPhase1' Run for modelComp 1 did not return ESMF_SUCCESS
20210228 111407.866 ERROR            PET2 Driver:src/addon/NUOPC/src/NUOPC_Driver.F90:3586 Invalid argument  - Passing error in return code
20210228 111407.867 ERROR            PET2 Driver:src/addon/NUOPC/src/NUOPC_Driver.F90:3239 Invalid argument  - Passing error in return code
20210228 111407.881 INFO             PET2  NUMBER_OF_PROCESSORS           4
20210228 111407.881 INFO             PET2  PASS  Example ESMF_NUOPCAtmModelEx, ESMF_NUOPCAtmModelEx.F90, line 1032
20210228 111407.881 INFO             PET2 Finalizing ESMF
20210228 111406.416 INFO             PET3 !!!!!!!!!!!!!!!!!!!!!!!!!!!!!!!!!!!!!!!!!!!!!!!!!!!!!!
20210228 111406.417 INFO             PET3 !!! THE ESMF_LOG IS SET TO OUTPUT ALL LOG MESSAGES !!!
20210228 111406.417 INFO             PET3 !!!     THIS MAY CAUSE SLOWDOWN IN PERFORMANCE     !!!
20210228 111406.417 INFO             PET3 !!! FOR PRODUCTION RUNS, USE:                      !!!
20210228 111406.417 INFO             PET3 !!!                   ESMF_LOGKIND_Multi_On_Error  !!!
20210228 111406.417 INFO             PET3 !!!!!!!!!!!!!!!!!!!!!!!!!!!!!!!!!!!!!!!!!!!!!!!!!!!!!!
20210228 111406.417 INFO             PET3 Running with ESMF Version   : ESMF_8_1_0_beta_snapshot_47-18-g3fd6502904
20210228 111406.417 INFO             PET3 ESMF library build date/time: "Feb 28 2021" "09:54:16"
20210228 111406.417 INFO             PET3 ESMF library build location : /work/07356/tg866552/stampede2/8.1.0/esmf
20210228 111406.417 INFO             PET3 ESMF_COMM                   : intelmpi
20210228 111406.422 INFO             PET3 ESMF_MOAB                   : enabled
20210228 111406.422 INFO             PET3 ESMF_LAPACK                 : enabled
20210228 111406.422 INFO             PET3 ESMF_NETCDF                 : enabled
20210228 111406.422 INFO             PET3 ESMF_PNETCDF                : disabled
20210228 111406.422 INFO             PET3 ESMF_PIO                    : enabled
20210228 111406.422 INFO             PET3 ESMF_YAMLCPP                : enabled
20210228 111407.569 INFO             PET3 Completing mirrored field: sea_surface_temperature
20210228 111407.575 INFO             PET3 Completing mirrored field: air_pressure_at_sea_level
20210228 111407.580 INFO             PET3 Completing mirrored field: surface_net_downward_shortwave_flux
20210228 111407.865 WARNING          PET3 ATM: Field 'sst' in the importState is not at the expected time. StandardName: sea_surface_temperature
20210228 111407.865 ERROR            PET3 ATM:src/addon/NUOPC/src/NUOPC_ModelBase.F90:3056 Invalid argument  - NUOPC INCOMPATIBILITY DETECTED: Import Fields not at current time
20210228 111407.866 ERROR            PET3 ATM:src/addon/NUOPC/src/NUOPC_ModelBase.F90:2756 Invalid argument  - Passing error in return code
20210228 111407.866 ERROR            PET3 Driver:src/addon/NUOPC/src/NUOPC_Driver.F90:3324 Invalid argument  - Phase 'RunPhase1' Run for modelComp 1 did not return ESMF_SUCCESS
20210228 111407.866 ERROR            PET3 Driver:src/addon/NUOPC/src/NUOPC_Driver.F90:3586 Invalid argument  - Passing error in return code
20210228 111407.867 ERROR            PET3 Driver:src/addon/NUOPC/src/NUOPC_Driver.F90:3239 Invalid argument  - Passing error in return code
20210228 111407.881 INFO             PET3  NUMBER_OF_PROCESSORS           4
20210228 111407.881 INFO             PET3  PASS  Example ESMF_NUOPCAtmModelEx, ESMF_NUOPCAtmModelEx.F90, line 1032
20210228 111407.881 INFO             PET3 Finalizing ESMF
Sun Feb 28 16:51:57 CST 2021
