20210301 022236.596 INFO             PET0 !!!!!!!!!!!!!!!!!!!!!!!!!!!!!!!!!!!!!!!!!!!!!!!!!!!!!!
20210301 022236.596 INFO             PET0 !!! THE ESMF_LOG IS SET TO OUTPUT ALL LOG MESSAGES !!!
20210301 022236.596 INFO             PET0 !!!     THIS MAY CAUSE SLOWDOWN IN PERFORMANCE     !!!
20210301 022236.597 INFO             PET0 !!! FOR PRODUCTION RUNS, USE:                      !!!
20210301 022236.597 INFO             PET0 !!!                   ESMF_LOGKIND_Multi_On_Error  !!!
20210301 022236.597 INFO             PET0 !!!!!!!!!!!!!!!!!!!!!!!!!!!!!!!!!!!!!!!!!!!!!!!!!!!!!!
20210301 022236.597 INFO             PET0 Running with ESMF Version   : ESMF_8_1_0_beta_snapshot_47-18-g3fd6502904
20210301 022236.597 INFO             PET0 ESMF library build date/time: "Mar  1 2021" "01:03:09"
20210301 022236.597 INFO             PET0 ESMF library build location : /work/07356/tg866552/stampede2/8.1.0/esmf
20210301 022236.597 INFO             PET0 ESMF_COMM                   : intelmpi
20210301 022236.601 INFO             PET0 ESMF_MOAB                   : enabled
20210301 022236.601 INFO             PET0 ESMF_LAPACK                 : enabled
20210301 022236.601 INFO             PET0 ESMF_NETCDF                 : enabled
20210301 022236.601 INFO             PET0 ESMF_PNETCDF                : disabled
20210301 022236.601 INFO             PET0 ESMF_PIO                    : enabled
20210301 022236.601 INFO             PET0 ESMF_YAMLCPP                : enabled
20210301 022236.609 ERROR            PET0 ESMF_StateAPI.cppF90:1189 ESMF_StateAddList Object being used before creation  - Bad Object
20210301 022236.627 INFO             PET0  NUMBER_OF_PROCESSORS           4
20210301 022236.627 INFO             PET0  PASS  Example ESMF_StateReconcileEx, ESMF_StateReconcileEx.F90, line 297
20210301 022236.628 INFO             PET0 Finalizing ESMF
20210301 022236.595 INFO             PET1 !!!!!!!!!!!!!!!!!!!!!!!!!!!!!!!!!!!!!!!!!!!!!!!!!!!!!!
20210301 022236.595 INFO             PET1 !!! THE ESMF_LOG IS SET TO OUTPUT ALL LOG MESSAGES !!!
20210301 022236.595 INFO             PET1 !!!     THIS MAY CAUSE SLOWDOWN IN PERFORMANCE     !!!
20210301 022236.595 INFO             PET1 !!! FOR PRODUCTION RUNS, USE:                      !!!
20210301 022236.595 INFO             PET1 !!!                   ESMF_LOGKIND_Multi_On_Error  !!!
20210301 022236.595 INFO             PET1 !!!!!!!!!!!!!!!!!!!!!!!!!!!!!!!!!!!!!!!!!!!!!!!!!!!!!!
20210301 022236.595 INFO             PET1 Running with ESMF Version   : ESMF_8_1_0_beta_snapshot_47-18-g3fd6502904
20210301 022236.595 INFO             PET1 ESMF library build date/time: "Mar  1 2021" "01:03:09"
20210301 022236.596 INFO             PET1 ESMF library build location : /work/07356/tg866552/stampede2/8.1.0/esmf
20210301 022236.596 INFO             PET1 ESMF_COMM                   : intelmpi
20210301 022236.600 INFO             PET1 ESMF_MOAB                   : enabled
20210301 022236.600 INFO             PET1 ESMF_LAPACK                 : enabled
20210301 022236.600 INFO             PET1 ESMF_NETCDF                 : enabled
20210301 022236.600 INFO             PET1 ESMF_PNETCDF                : disabled
20210301 022236.600 INFO             PET1 ESMF_PIO                    : enabled
20210301 022236.600 INFO             PET1 ESMF_YAMLCPP                : enabled
20210301 022236.609 ERROR            PET1 ESMF_StateAPI.cppF90:1189 ESMF_StateAddList Object being used before creation  - Bad Object
20210301 022236.627 INFO             PET1  NUMBER_OF_PROCESSORS           4
20210301 022236.627 INFO             PET1  PASS  Example ESMF_StateReconcileEx, ESMF_StateReconcileEx.F90, line 297
20210301 022236.628 INFO             PET1 Finalizing ESMF
20210301 022236.589 INFO             PET2 !!!!!!!!!!!!!!!!!!!!!!!!!!!!!!!!!!!!!!!!!!!!!!!!!!!!!!
20210301 022236.589 INFO             PET2 !!! THE ESMF_LOG IS SET TO OUTPUT ALL LOG MESSAGES !!!
20210301 022236.589 INFO             PET2 !!!     THIS MAY CAUSE SLOWDOWN IN PERFORMANCE     !!!
20210301 022236.589 INFO             PET2 !!! FOR PRODUCTION RUNS, USE:                      !!!
20210301 022236.589 INFO             PET2 !!!                   ESMF_LOGKIND_Multi_On_Error  !!!
20210301 022236.589 INFO             PET2 !!!!!!!!!!!!!!!!!!!!!!!!!!!!!!!!!!!!!!!!!!!!!!!!!!!!!!
20210301 022236.590 INFO             PET2 Running with ESMF Version   : ESMF_8_1_0_beta_snapshot_47-18-g3fd6502904
20210301 022236.590 INFO             PET2 ESMF library build date/time: "Mar  1 2021" "01:03:09"
20210301 022236.590 INFO             PET2 ESMF library build location : /work/07356/tg866552/stampede2/8.1.0/esmf
20210301 022236.590 INFO             PET2 ESMF_COMM                   : intelmpi
20210301 022236.595 INFO             PET2 ESMF_MOAB                   : enabled
20210301 022236.595 INFO             PET2 ESMF_LAPACK                 : enabled
20210301 022236.595 INFO             PET2 ESMF_NETCDF                 : enabled
20210301 022236.595 INFO             PET2 ESMF_PNETCDF                : disabled
20210301 022236.595 INFO             PET2 ESMF_PIO                    : enabled
20210301 022236.595 INFO             PET2 ESMF_YAMLCPP                : enabled
20210301 022236.609 ERROR            PET2 ESMF_StateAPI.cppF90:1189 ESMF_StateAddList Object being used before creation  - Bad Object
20210301 022236.627 INFO             PET2  NUMBER_OF_PROCESSORS           4
20210301 022236.627 INFO             PET2  PASS  Example ESMF_StateReconcileEx, ESMF_StateReconcileEx.F90, line 297
20210301 022236.628 INFO             PET2 Finalizing ESMF
20210301 022236.585 INFO             PET3 !!!!!!!!!!!!!!!!!!!!!!!!!!!!!!!!!!!!!!!!!!!!!!!!!!!!!!
20210301 022236.585 INFO             PET3 !!! THE ESMF_LOG IS SET TO OUTPUT ALL LOG MESSAGES !!!
20210301 022236.585 INFO             PET3 !!!     THIS MAY CAUSE SLOWDOWN IN PERFORMANCE     !!!
20210301 022236.585 INFO             PET3 !!! FOR PRODUCTION RUNS, USE:                      !!!
20210301 022236.585 INFO             PET3 !!!                   ESMF_LOGKIND_Multi_On_Error  !!!
20210301 022236.585 INFO             PET3 !!!!!!!!!!!!!!!!!!!!!!!!!!!!!!!!!!!!!!!!!!!!!!!!!!!!!!
20210301 022236.585 INFO             PET3 Running with ESMF Version   : ESMF_8_1_0_beta_snapshot_47-18-g3fd6502904
20210301 022236.585 INFO             PET3 ESMF library build date/time: "Mar  1 2021" "01:03:09"
20210301 022236.585 INFO             PET3 ESMF library build location : /work/07356/tg866552/stampede2/8.1.0/esmf
20210301 022236.585 INFO             PET3 ESMF_COMM                   : intelmpi
20210301 022236.590 INFO             PET3 ESMF_MOAB                   : enabled
20210301 022236.590 INFO             PET3 ESMF_LAPACK                 : enabled
20210301 022236.590 INFO             PET3 ESMF_NETCDF                 : enabled
20210301 022236.590 INFO             PET3 ESMF_PNETCDF                : disabled
20210301 022236.590 INFO             PET3 ESMF_PIO                    : enabled
20210301 022236.590 INFO             PET3 ESMF_YAMLCPP                : enabled
20210301 022236.609 ERROR            PET3 ESMF_StateAPI.cppF90:1189 ESMF_StateAddList Object being used before creation  - Bad Object
20210301 022236.627 INFO             PET3  NUMBER_OF_PROCESSORS           4
20210301 022236.627 INFO             PET3  PASS  Example ESMF_StateReconcileEx, ESMF_StateReconcileEx.F90, line 297
20210301 022236.628 INFO             PET3 Finalizing ESMF
Mon Mar  1 13:19:34 CST 2021
