20210219 092748.286 INFO             PET1 !!!!!!!!!!!!!!!!!!!!!!!!!!!!!!!!!!!!!!!!!!!!!!!!!!!!!!
20210219 092748.286 INFO             PET1 !!! THE ESMF_LOG IS SET TO OUTPUT ALL LOG MESSAGES !!!
20210219 092748.286 INFO             PET1 !!!     THIS MAY CAUSE SLOWDOWN IN PERFORMANCE     !!!
20210219 092748.286 INFO             PET1 !!! FOR PRODUCTION RUNS, USE:                      !!!
20210219 092748.286 INFO             PET1 !!!                   ESMF_LOGKIND_Multi_On_Error  !!!
20210219 092748.286 INFO             PET1 !!!!!!!!!!!!!!!!!!!!!!!!!!!!!!!!!!!!!!!!!!!!!!!!!!!!!!
20210219 092748.286 INFO             PET1 Running with ESMF Version   : ESMF_8_1_0_beta_snapshot_47
20210219 092748.286 INFO             PET1 ESMF library build date/time: "Feb 19 2021" "09:20:49"
20210219 092748.287 INFO             PET1 ESMF library build location : /project/esmf/himanshu/esmf_test/cronjobs/release_8.1.0/intel/esmf
20210219 092748.287 INFO             PET1 ESMF_COMM                   : mpich3
20210219 092748.287 INFO             PET1 ESMF_MOAB                   : enabled
20210219 092748.287 INFO             PET1 ESMF_LAPACK                 : enabled
20210219 092748.287 INFO             PET1 ESMF_NETCDF                 : enabled
20210219 092748.287 INFO             PET1 ESMF_PNETCDF                : disabled
20210219 092748.287 INFO             PET1 ESMF_PIO                    : enabled
20210219 092748.287 INFO             PET1 ESMF_YAMLCPP                : enabled
20210219 092748.287 INFO             PET1 Finalizing ESMF
20210219 092748.337 INFO             PET1 !!!!!!!!!!!!!!!!!!!!!!!!!!!!!!!!!!!!!!!!!!!!!!!!!!!!!!
20210219 092748.338 INFO             PET1 !!! THE ESMF_LOG IS SET TO OUTPUT ALL LOG MESSAGES !!!
20210219 092748.338 INFO             PET1 !!!     THIS MAY CAUSE SLOWDOWN IN PERFORMANCE     !!!
20210219 092748.338 INFO             PET1 !!! FOR PRODUCTION RUNS, USE:                      !!!
20210219 092748.338 INFO             PET1 !!!                   ESMF_LOGKIND_Multi_On_Error  !!!
20210219 092748.338 INFO             PET1 !!!!!!!!!!!!!!!!!!!!!!!!!!!!!!!!!!!!!!!!!!!!!!!!!!!!!!
20210219 092748.338 INFO             PET1 Running with ESMF Version   : ESMF_8_1_0_beta_snapshot_47
20210219 092748.338 INFO             PET1 ESMF library build date/time: "Feb 19 2021" "09:20:49"
20210219 092748.338 INFO             PET1 ESMF library build location : /project/esmf/himanshu/esmf_test/cronjobs/release_8.1.0/intel/esmf
20210219 092748.338 INFO             PET1 ESMF_COMM                   : mpich3
20210219 092748.338 INFO             PET1 ESMF_MOAB                   : enabled
20210219 092748.338 INFO             PET1 ESMF_LAPACK                 : enabled
20210219 092748.338 INFO             PET1 ESMF_NETCDF                 : enabled
20210219 092748.338 INFO             PET1 ESMF_PNETCDF                : disabled
20210219 092748.338 INFO             PET1 ESMF_PIO                    : enabled
20210219 092748.338 INFO             PET1 ESMF_YAMLCPP                : enabled
20210219 092748.338 INFO             PET1 Finalizing ESMF
20210219 092748.384 INFO             PET1 !!!!!!!!!!!!!!!!!!!!!!!!!!!!!!!!!!!!!!!!!!!!!!!!!!!!!!
20210219 092748.384 INFO             PET1 !!! THE ESMF_LOG IS SET TO OUTPUT ALL LOG MESSAGES !!!
20210219 092748.384 INFO             PET1 !!!     THIS MAY CAUSE SLOWDOWN IN PERFORMANCE     !!!
20210219 092748.384 INFO             PET1 !!! FOR PRODUCTION RUNS, USE:                      !!!
20210219 092748.384 INFO             PET1 !!!                   ESMF_LOGKIND_Multi_On_Error  !!!
20210219 092748.384 INFO             PET1 !!!!!!!!!!!!!!!!!!!!!!!!!!!!!!!!!!!!!!!!!!!!!!!!!!!!!!
20210219 092748.384 INFO             PET1 Running with ESMF Version   : ESMF_8_1_0_beta_snapshot_47
20210219 092748.384 INFO             PET1 ESMF library build date/time: "Feb 19 2021" "09:20:49"
20210219 092748.384 INFO             PET1 ESMF library build location : /project/esmf/himanshu/esmf_test/cronjobs/release_8.1.0/intel/esmf
20210219 092748.384 INFO             PET1 ESMF_COMM                   : mpich3
20210219 092748.385 INFO             PET1 ESMF_MOAB                   : enabled
20210219 092748.385 INFO             PET1 ESMF_LAPACK                 : enabled
20210219 092748.385 INFO             PET1 ESMF_NETCDF                 : enabled
20210219 092748.385 INFO             PET1 ESMF_PNETCDF                : disabled
20210219 092748.385 INFO             PET1 ESMF_PIO                    : enabled
20210219 092748.385 INFO             PET1 ESMF_YAMLCPP                : enabled
20210219 092748.385 INFO             PET1 Finalizing ESMF
Fri Feb 19 11:34:18 MST 2021
