commit f086e648136035d2e61cff1bc53a3c79e77786bf
Author: Himanshu Pillai <himanshu@izumi.unified.ucar.edu>
Date:   Wed Feb 10 22:54:32 2021 -0700

     Izumi Nag commit log pushed at Wed Feb 10 22:54:32 MST 2021

commit 3da7bb821c10d1afca160271bc5b418a2f21654c
Author: Himanshu Pillai <himanshu@izumi.unified.ucar.edu>
Date:   Tue Feb 9 23:50:30 2021 -0700

     Izumi Nag commit log pushed at Tue Feb  9 23:50:30 MST 2021

commit 9e33e6f96ecd1d0bd6812c1b4b286d13e056979e
Author: Himanshu Pillai <himanshu@izumi.unified.ucar.edu>
Date:   Tue Feb 9 02:11:21 2021 -0700

     Izumi Nag commit log pushed at Tue Feb  9 02:11:20 MST 2021

commit af9571fa8238204deb6d63bbd1fd3d318980428e
Author: Himanshu Pillai <himanshu@izumi.unified.ucar.edu>
Date:   Sun Feb 7 21:53:13 2021 -0700

     Izumi Nag commit log pushed at Sun Feb  7 21:53:13 MST 2021

commit ede99aa1d747c573a40e1b9f6d10c9630abeafea
Author: Himanshu Pillai <himanshu@izumi.unified.ucar.edu>
Date:   Sat Feb 6 22:22:30 2021 -0700

     Izumi Nag commit log pushed at Sat Feb  6 22:22:30 MST 2021

commit 4c0559f7d82ee88c9d1c2c6882d353f5b1f5e070
Author: Himanshu Pillai <himanshu@izumi.unified.ucar.edu>
Date:   Sat Feb 6 00:00:31 2021 -0700

     Izumi Nag commit log pushed at Sat Feb  6 00:00:31 MST 2021
