
ESMF_MPIRUN: mpirun

ESMF_TOOLRUN: 

NUM_PROCS: 16

Tests to be run:
wr50a_090614_to_mpas_uniform_10242_dual_bilinear_test1
wr50a_090614_to_mpas_uniform_10242_dual_patch_test2
wr50a_090614_to_mpas_uniform_10242_dual_counterclockwise_bilinear_test3
wr50a_090614_to_mpas_uniform_10242_dual_counterclockwise_patch_test4
FVCOM_grid2d_20120314_to_scrip_regional_1140x690_conserve_test5
scrip_regional_1140x690_to_FVCOM_grid2d_20120314_conserve_test6
FVCOM_grid2d_20130228_to_scrip_regional_1140x690_conserve_test7
scrip_regional_1140x690_to_FVCOM_grid2d_20130228_conserve_test8
scrip_regional_1140x690_to_FVCOM_grid2d_20130228_conserve2nd_test9
ll2.5deg_grid_to_T42_grid_bilinear_test10
ll2.5deg_grid_to_T42_grid_patch_test11
T42_grid_to_ll2.5deg_grid_patch_test12
T42_grid_to_ll2.5deg_grid_bilinear_test13
ll1deg_grid_to_ll2.5deg_grid_bilinear_test14
ll1deg_grid_to_ll2.5deg_grid_patch_test15
ll1deg_grid_to_ll2.5deg_grid_conserve_test16
ll1deg_grid_to_ll2.5deg_grid_conserve2nd_test17
T42_grid_to_wr50a_090614_bilinear_test18
T42_grid_to_wr50a_090614_patch_test19
T42_grid_to_wr50a_090614_conserve_test20
T42_grid_to_wr50a_090614_conserve2nd_test21
wr50a_090614_to_T42_grid_bilinear_test22
wr50a_090614_to_T42_grid_patch_test23
wr50a_090614_to_T42_grid_conserve_test24
wr50a_090614_to_T42_grid_conserve2nd_test25
T42_grid_to_ar9v4_100920_bilinear_test26
T42_grid_to_ar9v4_100920_patch_test27
T42_grid_to_ar9v4_100920_conserve_test28
T42_grid_to_ar9v4_100920_conserve2nd_test29
ar9v4_100920_to_T42_grid_bilinear_test30
ar9v4_100920_to_T42_grid_patch_test31
ar9v4_100920_to_T42_grid_conserve_test32
wr50a_090614_to_ar9v4_100920_bilinear_test33
wr50a_090614_to_ar9v4_100920_patch_test34
wr50a_090614_to_ar9v4_100920_conserve_test35
wr50a_090614_to_ar9v4_100920_conserve2nd_test36
ar9v4_100920_to_wr50a_090614_bilinear_test37
ar9v4_100920_to_wr50a_090614_patch_test38
ar9v4_100920_to_wr50a_090614_conserve_test39
ne30np4-t2_to_fv1.9x2.5_050503_bilinear_test40
ne30np4-t2_to_fv1.9x2.5_050503_patch_test41
ne30np4-t2_to_fv1.9x2.5_050503_conserve_test42
ne30np4-t2_to_fv1.9x2.5_050503_conserve2nd_test43
fv1.9x2.5_050503_to_ne30np4-t2_bilinear_test44
fv1.9x2.5_050503_to_ne30np4-t2_patch_test45
fv1.9x2.5_050503_to_ne30np4-t2_conserve_test46
fv1.9x2.5_050503_to_ne30np4-t2_conserve2nd_test47
ne60np4_pentagons_100408_to_ne30np4-t2_bilinear_test48
ne60np4_pentagons_100408_to_ne30np4-t2_patch_test49
ne60np4_pentagons_100408_to_ne30np4-t2_conserve_test50
ne60np4_pentagons_100408_to_ne30np4-t2_conserve2nd_test51
ne30np4-t2_to_wr50a_090614_bilinear_test52
ne30np4-t2_to_wr50a_090614_patch_test53
ne30np4-t2_to_ar9v4_100920_conserve_test54
ne30np4-t2_to_ar9v4_100920_conserve2nd_test55
wr50a_090614_to_ne30np4-t2_bilinear_test56
wr50a_090614_to_ne30np4-t2_patch_test57
ar9v4_100920_to_ne30np4-t2_conserve_test58
mpas_uniform_10242_to_mpas_uniform_10242_dual_bilinear_test59
mpas_uniform_10242_dual_to_mpas_uniform_10242_bilinear_test60
mpas_uniform_10242_to_mpas_uniform_10242_dual_patch_test61
mpas_uniform_10242_dual_to_mpas_uniform_10242_patch_test62
mpas_uniform_10242_to_mpas_uniform_10242_dual_conserve_test63
mpas_uniform_10242_dual_to_mpas_uniform_10242_conserve_test64
mpas_uniform_10242_to_mpas_uniform_10242_dual_conserve2nd_test65
mpas_uniform_10242_dual_to_mpas_uniform_10242_conserve2nd_test66
T42_grid_to_mpas_uniform_10242_dual_patch_test67
mpas_uniform_10242_dual_to_ll1deg_grid_patch_test68
ll2.5deg_grid_to_mpas_uniform_10242_dual_conserve_test69
mpas_uniform_10242_dual_to_ll1deg_grid_conserve_test70
ll2.5deg_grid_to_mpas_uniform_10242_dual_conserve2nd_test71
mpas_uniform_10242_dual_to_ll1deg_grid_conserve2nd_test72
mpas_uniform_10242_dual_to_ne60np4_pentagons_100408_bilinear_test73
ne60np4_pentagons_100408_to_mpas_uniform_10242_bilinear_test74
mpas_uniform_10242_dual_to_ne60np4_pentagons_100408_patch_test75
ne60np4_pentagons_100408_to_mpas_uniform_10242_patch_test76
mpas_uniform_10242_dual_to_ne60np4_pentagons_100408_conserve_test77
ne60np4_pentagons_100408_to_mpas_uniform_10242_conserve_test78
mpas_uniform_10242_dual_to_wr50a_090614_bilinear_test79
mpas_uniform_10242_dual_to_wr50a_090614_patch_test80
wr50a_090614_to_mpas_uniform_10242_dual_conserve_test81
mpas_uniform_10242_dual_to_wr50a_090614_conserve_test82
T42_grid_to_ww3a_120213_conserve_test83
ww3a_120213_to_T42_grid_conserve_test84
ne15np4_scrip_to_fv1.9x2.5_050503_bilinear_test85
ne15np4_scrip_to_fv1.9x2.5_050503_conserve_test86
ARM_30_x8.g_scrip_to_SCRIP_1x1_bilinear_test87
ARM_30_x8.g_scrip_to_SCRIP_1x1_conserve_test88
wr50a_090614_to_wr50a_090614_neareststod_test89
T42_grid_to_T42_grid_neareststod_test90
mpas_uniform_10242_to_mpas_uniform_10242_neareststod_test91
wr50a_090614_to_wr50a_090614_nearestdtos_test92
T42_grid_to_T42_grid_nearestdtos_test93
mpas_uniform_10242_to_mpas_uniform_10242_nearestdtos_test94
GRIDSPEC_ACCESS1_to_SCRIP_1x1_bilinear_test95
GRIDSPEC_ACCESS1_to_SCRIP_1x1_conserve_test96
so_Omon_GISS-E2_to_SCRIP_1x1_bilinear_test97
so_Omon_GISS-E2_to_SCRIP_1x1_conserve_test98
so_Omon_GISS-E2_to_SCRIP_1x1_conserve2nd_test99
GRIDSPEC_ACCESS1_to_so_Omon_GISS-E2_bilinear_test100
GRIDSPEC_ACCESS1_to_so_Omon_GISS-E2_conserve_test101
FVCOM_grid2d_to_scrip_regional_1140x690_conserve_test102
FVCOM_grid2d_to_scrip_regional_1140x690_bilinear_test103
scrip_regional_1140x690_to_FVCOM_grid2d_conserve_test104
scrip_regional_1140x690_to_FVCOM_grid2d_bilinear_test105
FVCOM_grid2d_to_scrip_regional_1140x690_conserve2nd_test106
FVCOM_grid2d_to_scrip_regional_1140x690_bilinear_test107
scrip_regional_1140x690_to_FVCOM_grid2d_bilinear_test108
ne30np4_esmf_to_fv1.9x2.5_050503_bilinear_test109
fv1.9x2.5_050503_to_ne30np4_esmf_bilinear_test110
ne30np4dual_esmf_to_fv1.9x2.5_050503_bilinear_test111
fv1.9x2.5_050503_to_ne30np4dual_esmf_bilinear_test112
mpas_uniform_10242_to_ne60np4_pentagons_100408_conserve_test113
mpas_uniform_10242_to_ne60np4_pentagons_100408_conserve_test114
mpas_uniform_10242_to_T42_grid_conserve_test115
T42_grid_to_mpas_uniform_10242_conserve_test116
ConcaveQuadUGRID1_to_ConcaveQuadUGRID2_conserve_test117
ConcaveQuadUGRID1_to_ConcaveQuadUGRID2_bilinear_test118
ConcaveQuadUGRID2_to_ConcaveQuadUGRID1_conserve_test119
wam_ugrid3D_to_ipe_ugrid3D_bilinear_test120
ipe_ugrid3D_to_wam_ugrid3D_bilinear_test121
C48_mosaic_to_latlon_mosaic_bilinear_test122
C48_mosaic_to_latlon_mosaic_patch_test123
C48_mosaic_to_latlon_mosaic_conserve_test124
C48_mosaic_to_latlon_mosaic_conserve2nd_test125
ll2.5deg_grid_to_ll1deg_grid_bilinear_test126
ll2.5deg_grid_to_ll1deg_grid_bilinear_test127
ll2.5deg_grid_to_ll1deg_grid_bilinear_test128
ll2.5deg_grid_to_ll2.5deg_grid_bilinear_test129
ll2.5deg_grid_to_ll2.5deg_grid_bilinear_test130
UGRID_1D_LocStream_to_UGRID_1D_LocStream_nearestdtos_test131
UGRID_1D_LocStream_to_UGRID_1D_LocStream_neareststod_test132
SCRIP_1x1_to_UGRID_1D_LocStream_bilinear_test133
SCRIP_1x1_to_UGRID_1D_LocStream_neareststod_test134
WRFG_CF_CART2D_to_WRFG_CF_CART2D_nearestdtos_test135
WRFG_CF_CART2D_to_WRFG_CF_CART2D_neareststod_test136
WRFG_CF_CART2D_to_RCM3_CF_CART2D_bilinear_test137
WRFG_CF_CART2D_to_RCM3_CF_CART2D_patch_test138
latlon_grid_to_SCRIP_1x1_bilinear_test139
latlon_grid_to_SCRIP_1x1_conserve_test140
SCRIP_1x1_to_latlon_grid_bilinear_test141
SCRIP_1x1_to_latlon_grid_conserve_test142
bggd_SCRIP_NCL_BR_INTERPOL_to_icos_ESMF_unstruct_six_corners_INTERPOL_conserve2nd_test143
FVCOM_grid2d_20130228_to_scrip_regional_1140x690_conserve2nd_test144
GRIDSPEC_ACCESS1_to_so_Omon_GISS-E2_conserve2nd_test145
GRIDSPEC_ACCESS1_to_so_Omon_GISS-E2_patch_test146
GRIDSPEC_ACCESS1_to_so_Omon_GISS-E2_neareststod_test147
FVCOM_grid2d_to_scrip_regional_1140x690_patch_test148
FVCOM_grid2d_to_scrip_regional_1140x690_patch_test149
FVCOM_grid2d_to_FVCOM_grid2d_20130228_neareststod_test150
scrip_regional_1140x690_to_FVCOM_grid2d_patch_test151
scrip_regional_1140x690_to_FVCOM_grid2d_neareststod_test152
ipe_ugrid3D_to_wam_ugrid3D_neareststod_test153
C48_mosaic_to_latlon_mosaic_neareststod_test154
ll2.5deg_grid_to_ll1deg_grid_bilinear_test155
SCRIP_1x1_to_UGRID_1D_LocStream_patch_test156
GRIDSPEC_ACCESS1_to_GRIDSPEC_ACCESS1_nearestdtos_test157
wam_ugrid3D_to_wam_ugrid3D_nearestdtos_test158
C48_mosaic_to_C48_mosaic_nearestdtos_test159
FVCOM_grid2d_to_FVCOM_grid2d_nearestdtos_test160
ll1deg_grid_to_ll2.5deg_grid_patch_test161
T42_grid_to_mpas_uniform_10242_conserve2nd_test162
ll2.5deg_grid_to_ll1deg_grid_patch_test163
ll2.5deg_grid_to_ll1deg_grid_patch_test164
ll2.5deg_grid_to_ll1deg_grid_patch_test165

Test or Dryrun Results:
wr50a_090614_to_mpas_uniform_10242_dual_bilinear_test1.out - PASSED
wr50a_090614_to_mpas_uniform_10242_dual_patch_test2.out - PASSED
wr50a_090614_to_mpas_uniform_10242_dual_counterclockwise_bilinear_test3.out - PASSED
wr50a_090614_to_mpas_uniform_10242_dual_counterclockwise_patch_test4.out - PASSED
FVCOM_grid2d_20120314_to_scrip_regional_1140x690_conserve_test5.out - PASSED
scrip_regional_1140x690_to_FVCOM_grid2d_20120314_conserve_test6.out - PASSED
FVCOM_grid2d_20130228_to_scrip_regional_1140x690_conserve_test7.out - PASSED
scrip_regional_1140x690_to_FVCOM_grid2d_20130228_conserve_test8.out - PASSED
scrip_regional_1140x690_to_FVCOM_grid2d_20130228_conserve2nd_test9.out - PASSED
ll2.5deg_grid_to_T42_grid_bilinear_test10.out - PASSED
ll2.5deg_grid_to_T42_grid_patch_test11.out - PASSED
T42_grid_to_ll2.5deg_grid_patch_test12.out - PASSED
T42_grid_to_ll2.5deg_grid_bilinear_test13.out - PASSED
ll1deg_grid_to_ll2.5deg_grid_bilinear_test14.out - PASSED
ll1deg_grid_to_ll2.5deg_grid_patch_test15.out - PASSED
ll1deg_grid_to_ll2.5deg_grid_conserve_test16.out - PASSED
ll1deg_grid_to_ll2.5deg_grid_conserve2nd_test17.out - PASSED
T42_grid_to_wr50a_090614_bilinear_test18.out - PASSED
T42_grid_to_wr50a_090614_patch_test19.out - PASSED
T42_grid_to_wr50a_090614_conserve_test20.out - PASSED
T42_grid_to_wr50a_090614_conserve2nd_test21.out - PASSED
wr50a_090614_to_T42_grid_bilinear_test22.out - PASSED
wr50a_090614_to_T42_grid_patch_test23.out - PASSED
wr50a_090614_to_T42_grid_conserve_test24.out - PASSED
wr50a_090614_to_T42_grid_conserve2nd_test25.out - PASSED
T42_grid_to_ar9v4_100920_bilinear_test26.out - PASSED
T42_grid_to_ar9v4_100920_patch_test27.out - PASSED
T42_grid_to_ar9v4_100920_conserve_test28.out - PASSED
T42_grid_to_ar9v4_100920_conserve2nd_test29.out - PASSED
ar9v4_100920_to_T42_grid_bilinear_test30.out - PASSED
ar9v4_100920_to_T42_grid_patch_test31.out - PASSED
ar9v4_100920_to_T42_grid_conserve_test32.out - PASSED
wr50a_090614_to_ar9v4_100920_bilinear_test33.out - PASSED
wr50a_090614_to_ar9v4_100920_patch_test34.out - PASSED
wr50a_090614_to_ar9v4_100920_conserve_test35.out - PASSED
wr50a_090614_to_ar9v4_100920_conserve2nd_test36.out - PASSED
ar9v4_100920_to_wr50a_090614_bilinear_test37.out - PASSED
ar9v4_100920_to_wr50a_090614_patch_test38.out - PASSED
ar9v4_100920_to_wr50a_090614_conserve_test39.out - PASSED
ne30np4-t2_to_fv1.9x2.5_050503_bilinear_test40.out - PASSED
ne30np4-t2_to_fv1.9x2.5_050503_patch_test41.out - PASSED
ne30np4-t2_to_fv1.9x2.5_050503_conserve_test42.out - PASSED
ne30np4-t2_to_fv1.9x2.5_050503_conserve2nd_test43.out - PASSED
fv1.9x2.5_050503_to_ne30np4-t2_bilinear_test44.out - PASSED
fv1.9x2.5_050503_to_ne30np4-t2_patch_test45.out - PASSED
fv1.9x2.5_050503_to_ne30np4-t2_conserve_test46.out - PASSED
fv1.9x2.5_050503_to_ne30np4-t2_conserve2nd_test47.out - PASSED
ne60np4_pentagons_100408_to_ne30np4-t2_bilinear_test48.out - PASSED
ne60np4_pentagons_100408_to_ne30np4-t2_patch_test49.out - PASSED
ne60np4_pentagons_100408_to_ne30np4-t2_conserve_test50.out - PASSED
ne60np4_pentagons_100408_to_ne30np4-t2_conserve2nd_test51.out - PASSED
ne30np4-t2_to_wr50a_090614_bilinear_test52.out - PASSED
ne30np4-t2_to_wr50a_090614_patch_test53.out - PASSED
ne30np4-t2_to_ar9v4_100920_conserve_test54.out - PASSED
ne30np4-t2_to_ar9v4_100920_conserve2nd_test55.out - PASSED
wr50a_090614_to_ne30np4-t2_bilinear_test56.out - PASSED
wr50a_090614_to_ne30np4-t2_patch_test57.out - PASSED
ar9v4_100920_to_ne30np4-t2_conserve_test58.out - PASSED
mpas_uniform_10242_to_mpas_uniform_10242_dual_bilinear_test59.out - PASSED
mpas_uniform_10242_dual_to_mpas_uniform_10242_bilinear_test60.out - PASSED
mpas_uniform_10242_to_mpas_uniform_10242_dual_patch_test61.out - PASSED
mpas_uniform_10242_dual_to_mpas_uniform_10242_patch_test62.out - PASSED
mpas_uniform_10242_to_mpas_uniform_10242_dual_conserve_test63.out - PASSED
mpas_uniform_10242_dual_to_mpas_uniform_10242_conserve_test64.out - PASSED
mpas_uniform_10242_to_mpas_uniform_10242_dual_conserve2nd_test65.out - PASSED
mpas_uniform_10242_dual_to_mpas_uniform_10242_conserve2nd_test66.out - PASSED
T42_grid_to_mpas_uniform_10242_dual_patch_test67.out - PASSED
mpas_uniform_10242_dual_to_ll1deg_grid_patch_test68.out - PASSED
ll2.5deg_grid_to_mpas_uniform_10242_dual_conserve_test69.out - PASSED
mpas_uniform_10242_dual_to_ll1deg_grid_conserve_test70.out - PASSED
ll2.5deg_grid_to_mpas_uniform_10242_dual_conserve2nd_test71.out - PASSED
mpas_uniform_10242_dual_to_ll1deg_grid_conserve2nd_test72.out - PASSED
mpas_uniform_10242_dual_to_ne60np4_pentagons_100408_bilinear_test73.out - PASSED
ne60np4_pentagons_100408_to_mpas_uniform_10242_bilinear_test74.out - PASSED
mpas_uniform_10242_dual_to_ne60np4_pentagons_100408_patch_test75.out - PASSED
ne60np4_pentagons_100408_to_mpas_uniform_10242_patch_test76.out - PASSED
mpas_uniform_10242_dual_to_ne60np4_pentagons_100408_conserve_test77.out - PASSED
ne60np4_pentagons_100408_to_mpas_uniform_10242_conserve_test78.out - PASSED
mpas_uniform_10242_dual_to_wr50a_090614_bilinear_test79.out - PASSED
mpas_uniform_10242_dual_to_wr50a_090614_patch_test80.out - PASSED
wr50a_090614_to_mpas_uniform_10242_dual_conserve_test81.out - PASSED
mpas_uniform_10242_dual_to_wr50a_090614_conserve_test82.out - PASSED
T42_grid_to_ww3a_120213_conserve_test83.out - PASSED
ww3a_120213_to_T42_grid_conserve_test84.out - PASSED
ne15np4_scrip_to_fv1.9x2.5_050503_bilinear_test85.out - PASSED
ne15np4_scrip_to_fv1.9x2.5_050503_conserve_test86.out - PASSED
ARM_30_x8.g_scrip_to_SCRIP_1x1_bilinear_test87.out - PASSED
ARM_30_x8.g_scrip_to_SCRIP_1x1_conserve_test88.out - PASSED
wr50a_090614_to_wr50a_090614_neareststod_test89.out - PASSED
T42_grid_to_T42_grid_neareststod_test90.out - PASSED
mpas_uniform_10242_to_mpas_uniform_10242_neareststod_test91.out - PASSED
wr50a_090614_to_wr50a_090614_nearestdtos_test92.out - PASSED
T42_grid_to_T42_grid_nearestdtos_test93.out - PASSED
mpas_uniform_10242_to_mpas_uniform_10242_nearestdtos_test94.out - PASSED
GRIDSPEC_ACCESS1_to_SCRIP_1x1_bilinear_test95.out - PASSED
GRIDSPEC_ACCESS1_to_SCRIP_1x1_conserve_test96.out - PASSED
so_Omon_GISS-E2_to_SCRIP_1x1_bilinear_test97.out - PASSED
so_Omon_GISS-E2_to_SCRIP_1x1_conserve_test98.out - PASSED
so_Omon_GISS-E2_to_SCRIP_1x1_conserve2nd_test99.out - PASSED
GRIDSPEC_ACCESS1_to_so_Omon_GISS-E2_bilinear_test100.out - PASSED
GRIDSPEC_ACCESS1_to_so_Omon_GISS-E2_conserve_test101.out - PASSED
FVCOM_grid2d_to_scrip_regional_1140x690_conserve_test102.out - PASSED
FVCOM_grid2d_to_scrip_regional_1140x690_bilinear_test103.out - PASSED
scrip_regional_1140x690_to_FVCOM_grid2d_conserve_test104.out - PASSED
scrip_regional_1140x690_to_FVCOM_grid2d_bilinear_test105.out - PASSED
FVCOM_grid2d_to_scrip_regional_1140x690_conserve2nd_test106.out - PASSED
FVCOM_grid2d_to_scrip_regional_1140x690_bilinear_test107.out - PASSED
scrip_regional_1140x690_to_FVCOM_grid2d_bilinear_test108.out - PASSED
ne30np4_esmf_to_fv1.9x2.5_050503_bilinear_test109.out - PASSED
fv1.9x2.5_050503_to_ne30np4_esmf_bilinear_test110.out - PASSED
ne30np4dual_esmf_to_fv1.9x2.5_050503_bilinear_test111.out - PASSED
fv1.9x2.5_050503_to_ne30np4dual_esmf_bilinear_test112.out - PASSED
mpas_uniform_10242_to_ne60np4_pentagons_100408_conserve_test113.out - PASSED
mpas_uniform_10242_to_ne60np4_pentagons_100408_conserve_test114.out - PASSED
mpas_uniform_10242_to_T42_grid_conserve_test115.out - PASSED
T42_grid_to_mpas_uniform_10242_conserve_test116.out - PASSED
ConcaveQuadUGRID1_to_ConcaveQuadUGRID2_conserve_test117.out - PASSED
ConcaveQuadUGRID1_to_ConcaveQuadUGRID2_bilinear_test118.out - PASSED
ConcaveQuadUGRID2_to_ConcaveQuadUGRID1_conserve_test119.out - PASSED
wam_ugrid3D_to_ipe_ugrid3D_bilinear_test120.out - PASSED
ipe_ugrid3D_to_wam_ugrid3D_bilinear_test121.out - PASSED
C48_mosaic_to_latlon_mosaic_bilinear_test122.out - PASSED
C48_mosaic_to_latlon_mosaic_patch_test123.out - PASSED
C48_mosaic_to_latlon_mosaic_conserve_test124.out - PASSED
C48_mosaic_to_latlon_mosaic_conserve2nd_test125.out - PASSED
ll2.5deg_grid_to_ll1deg_grid_bilinear_test126.out - PASSED
ll2.5deg_grid_to_ll1deg_grid_bilinear_test127.out - PASSED
ll2.5deg_grid_to_ll1deg_grid_bilinear_test128.out - PASSED
ll2.5deg_grid_to_ll2.5deg_grid_bilinear_test129.out - PASSED
ll2.5deg_grid_to_ll2.5deg_grid_bilinear_test130.out - PASSED
UGRID_1D_LocStream_to_UGRID_1D_LocStream_nearestdtos_test131.out - PASSED
UGRID_1D_LocStream_to_UGRID_1D_LocStream_neareststod_test132.out - PASSED
SCRIP_1x1_to_UGRID_1D_LocStream_bilinear_test133.out - PASSED
SCRIP_1x1_to_UGRID_1D_LocStream_neareststod_test134.out - PASSED
WRFG_CF_CART2D_to_WRFG_CF_CART2D_nearestdtos_test135.out - PASSED
WRFG_CF_CART2D_to_WRFG_CF_CART2D_neareststod_test136.out - PASSED
WRFG_CF_CART2D_to_RCM3_CF_CART2D_bilinear_test137.out - PASSED
WRFG_CF_CART2D_to_RCM3_CF_CART2D_patch_test138.out - PASSED
latlon_grid_to_SCRIP_1x1_bilinear_test139.out - PASSED
latlon_grid_to_SCRIP_1x1_conserve_test140.out - PASSED
SCRIP_1x1_to_latlon_grid_bilinear_test141.out - PASSED
SCRIP_1x1_to_latlon_grid_conserve_test142.out - PASSED
bggd_SCRIP_NCL_BR_INTERPOL_to_icos_ESMF_unstruct_six_corners_INTERPOL_conserve2nd_test143.out - PASSED
FVCOM_grid2d_20130228_to_scrip_regional_1140x690_conserve2nd_test144.out - PASSED
GRIDSPEC_ACCESS1_to_so_Omon_GISS-E2_conserve2nd_test145.out - PASSED
GRIDSPEC_ACCESS1_to_so_Omon_GISS-E2_patch_test146.out - PASSED
GRIDSPEC_ACCESS1_to_so_Omon_GISS-E2_neareststod_test147.out - PASSED
FVCOM_grid2d_to_scrip_regional_1140x690_patch_test148.out - PASSED
FVCOM_grid2d_to_scrip_regional_1140x690_patch_test149.out - PASSED
FVCOM_grid2d_to_FVCOM_grid2d_20130228_neareststod_test150.out - PASSED
scrip_regional_1140x690_to_FVCOM_grid2d_patch_test151.out - PASSED
scrip_regional_1140x690_to_FVCOM_grid2d_neareststod_test152.out - PASSED
ipe_ugrid3D_to_wam_ugrid3D_neareststod_test153.out - PASSED
C48_mosaic_to_latlon_mosaic_neareststod_test154.out - PASSED
ll2.5deg_grid_to_ll1deg_grid_bilinear_test155.out - PASSED
SCRIP_1x1_to_UGRID_1D_LocStream_patch_test156.out - PASSED
GRIDSPEC_ACCESS1_to_GRIDSPEC_ACCESS1_nearestdtos_test157.out - PASSED
wam_ugrid3D_to_wam_ugrid3D_nearestdtos_test158.out - PASSED
C48_mosaic_to_C48_mosaic_nearestdtos_test159.out - PASSED
FVCOM_grid2d_to_FVCOM_grid2d_nearestdtos_test160.out - PASSED
ll1deg_grid_to_ll2.5deg_grid_patch_test161.out - PASSED
T42_grid_to_mpas_uniform_10242_conserve2nd_test162.out - PASSED
ll2.5deg_grid_to_ll1deg_grid_patch_test163.out - PASSED
ll2.5deg_grid_to_ll1deg_grid_patch_test164.out - PASSED
ll2.5deg_grid_to_ll1deg_grid_patch_test165.out - PASSED
Fri Feb  5 23:49:59 MST 2021
