20210212 045906.023 INFO             PET0 !!!!!!!!!!!!!!!!!!!!!!!!!!!!!!!!!!!!!!!!!!!!!!!!!!!!!!
20210212 045906.023 INFO             PET0 !!! THE ESMF_LOG IS SET TO OUTPUT ALL LOG MESSAGES !!!
20210212 045906.023 INFO             PET0 !!!     THIS MAY CAUSE SLOWDOWN IN PERFORMANCE     !!!
20210212 045906.023 INFO             PET0 !!! FOR PRODUCTION RUNS, USE:                      !!!
20210212 045906.023 INFO             PET0 !!!                   ESMF_LOGKIND_Multi_On_Error  !!!
20210212 045906.023 INFO             PET0 !!!!!!!!!!!!!!!!!!!!!!!!!!!!!!!!!!!!!!!!!!!!!!!!!!!!!!
20210212 045906.023 INFO             PET0 Running with ESMF Version   : 8.1.0 beta snapshot
20210212 045906.023 INFO             PET0 ESMF library build date/time: "Feb 12 2021" "04:33:29"
20210212 045906.023 INFO             PET0 ESMF library build location : /lustre/f2/dev/ncep/Mark.Potts/intel_2017.5_mpiuni_g
20210212 045906.023 INFO             PET0 ESMF_COMM                   : mpiuni
20210212 045906.024 INFO             PET0 ESMF_MOAB                   : enabled
20210212 045906.024 INFO             PET0 ESMF_LAPACK                 : enabled
20210212 045906.024 INFO             PET0 ESMF_NETCDF                 : disabled
20210212 045906.024 INFO             PET0 ESMF_PNETCDF                : disabled
20210212 045906.024 INFO             PET0 ESMF_PIO                    : disabled
20210212 045906.024 INFO             PET0 ESMF_YAMLCPP                : enabled
20210212 045906.024 INFO             PET0 ESMF Tracing Enabled
20210212 045906.024 INFO             PET0 ESMF Profiling Enabled
20210212 045906.025 INFO             PET0 ESMF Trace/Profile clock: REALTIME
20210212 045906.028 INFO             PET0  NUMBER_OF_PROCESSORS           1
20210212 045906.028 INFO             PET0  PASS  Example ESMF_TraceUserEx, ESMF_TraceUserEx.F90, line 125
20210212 045906.028 INFO             PET0 Finalizing ESMF
20210212 045906.028 INFO             PET0 **************** Region Timings *******************
20210212 045906.028 INFO             PET0 Region              Count  Total (s)   Self (s)    Mean (s)    Min (s)     Max (s)
20210212 045906.028 INFO             PET0   outer_region      1      0.0004      0.0000      0.0004      0.0004      0.0004
20210212 045906.028 INFO             PET0     inner_region_1  10     0.0003      0.0003      0.0000      0.0000      0.0001
20210212 045906.028 INFO             PET0     inner_region_2  10     0.0001      0.0001      0.0000      0.0000      0.0000
