20210118 170827.939 INFO             PET0 !!!!!!!!!!!!!!!!!!!!!!!!!!!!!!!!!!!!!!!!!!!!!!!!!!!!!!
20210118 170827.939 INFO             PET0 !!! THE ESMF_LOG IS SET TO OUTPUT ALL LOG MESSAGES !!!
20210118 170827.939 INFO             PET0 !!!     THIS MAY CAUSE SLOWDOWN IN PERFORMANCE     !!!
20210118 170827.939 INFO             PET0 !!! FOR PRODUCTION RUNS, USE:                      !!!
20210118 170827.939 INFO             PET0 !!!                   ESMF_LOGKIND_Multi_On_Error  !!!
20210118 170827.939 INFO             PET0 !!!!!!!!!!!!!!!!!!!!!!!!!!!!!!!!!!!!!!!!!!!!!!!!!!!!!!
20210118 170827.939 INFO             PET0 Running with ESMF Version   : ESMF_8_1_0_beta_snapshot_42
20210118 170827.939 INFO             PET0 ESMF library build date/time: "Jan 18 2021" "16:56:48"
20210118 170827.939 INFO             PET0 ESMF library build location : /home/hpillai/esmf_test/intel/esmf
20210118 170827.939 INFO             PET0 ESMF_COMM                   : intelmpi
20210118 170827.940 INFO             PET0 ESMF_NETCDF                 : enabled
20210118 170827.940 INFO             PET0 ESMF_PNETCDF                : disabled
20210118 170827.940 INFO             PET0 ESMF_PIO                    : enabled
20210118 170827.940 INFO             PET0 ESMF_YAMLCPP                : enabled
20210118 170827.940 INFO             PET0 ESMF_MOAB                   : enabled
20210118 170827.943 DEBUG            PET0 ESMCI_CompTunnel.C:1063 ESMCI::ServiceLoop() ServiceLoop: entering with port argument: 61010 and timeout: 20
20210118 170827.943 DEBUG            PET0 ESMCI_CompTunnel.C:345 ESMCI::CompTunnel::negotiate() negotiate socketBased actual: port=61010, timeout=20
20210118 170829.959 DEBUG            PET0 ESMCI_CompTunnel.C:476 ESMCI::CompTunnel::negotiate() finished socketBased negotiate() on actual component side
20210118 170829.959 DEBUG            PET0 ESMCI_CompTunnel.C:872 ESMCI::CompTunnel::dual2actual() dual2actual() socketBased (actual side)...
20210118 170829.959 DEBUG            PET0 ESMCI_CompTunnel.C:872 ESMCI::CompTunnel::dual2actual() dual2actual() socketBased (actual side)...
20210118 170829.999 DEBUG            PET0 ESMCI_CompTunnel.C:1122 ESMCI::ServiceLoop() ServiceLoop: received method: InitializeIC and phase: 1
20210118 170829.999 INFO             PET0 Actual Component Initialize
20210118 170829.999 DEBUG            PET0 ESMCI_CompTunnel.C:957 ESMCI::CompTunnel::actual2dual() actual2dual() socketBased (actual side)...
20210118 170829.999 DEBUG            PET0 ESMCI_CompTunnel.C:872 ESMCI::CompTunnel::dual2actual() dual2actual() socketBased (actual side)...
20210118 170829.999 DEBUG            PET0 ESMCI_CompTunnel.C:872 ESMCI::CompTunnel::dual2actual() dual2actual() socketBased (actual side)...
20210118 170830.039 DEBUG            PET0 ESMCI_CompTunnel.C:1122 ESMCI::ServiceLoop() ServiceLoop: received method: RunIC and phase: 1
20210118 170830.039 INFO             PET0 Actual Component Run
20210118 170830.039 DEBUG            PET0 ESMCI_CompTunnel.C:957 ESMCI::CompTunnel::actual2dual() actual2dual() socketBased (actual side)...
20210118 170830.039 DEBUG            PET0 ESMCI_CompTunnel.C:872 ESMCI::CompTunnel::dual2actual() dual2actual() socketBased (actual side)...
20210118 170830.039 DEBUG            PET0 ESMCI_CompTunnel.C:872 ESMCI::CompTunnel::dual2actual() dual2actual() socketBased (actual side)...
20210118 170830.079 DEBUG            PET0 ESMCI_CompTunnel.C:1122 ESMCI::ServiceLoop() ServiceLoop: received method: FinalizeIC and phase: 1
20210118 170830.079 INFO             PET0 Actual Component Finalize
20210118 170830.079 DEBUG            PET0 ESMCI_CompTunnel.C:957 ESMCI::CompTunnel::actual2dual() actual2dual() socketBased (actual side)...
20210118 170830.079 DEBUG            PET0 ESMCI_CompTunnel.C:872 ESMCI::CompTunnel::dual2actual() dual2actual() socketBased (actual side)...
20210118 170830.079 DEBUG            PET0 ESMCI_CompTunnel.C:872 ESMCI::CompTunnel::dual2actual() dual2actual() socketBased (actual side)...
20210118 170830.119 DEBUG            PET0 ESMCI_CompTunnel.C:1122 ESMCI::ServiceLoop() ServiceLoop: received method: InitializeIC and phase: 1
20210118 170830.119 INFO             PET0 Actual Component Initialize
20210118 170830.119 DEBUG            PET0 ESMCI_CompTunnel.C:957 ESMCI::CompTunnel::actual2dual() actual2dual() socketBased (actual side)...
20210118 170830.119 DEBUG            PET0 ESMCI_CompTunnel.C:872 ESMCI::CompTunnel::dual2actual() dual2actual() socketBased (actual side)...
20210118 170830.119 DEBUG            PET0 ESMCI_CompTunnel.C:872 ESMCI::CompTunnel::dual2actual() dual2actual() socketBased (actual side)...
20210118 170830.159 DEBUG            PET0 ESMCI_CompTunnel.C:1122 ESMCI::ServiceLoop() ServiceLoop: received method: InitializeIC and phase: 1
20210118 170830.159 INFO             PET0 Actual Component Initialize
20210118 170830.159 DEBUG            PET0 ESMCI_CompTunnel.C:957 ESMCI::CompTunnel::actual2dual() actual2dual() socketBased (actual side)...
20210118 170830.159 DEBUG            PET0 ESMCI_CompTunnel.C:872 ESMCI::CompTunnel::dual2actual() dual2actual() socketBased (actual side)...
20210118 170830.159 DEBUG            PET0 ESMCI_CompTunnel.C:872 ESMCI::CompTunnel::dual2actual() dual2actual() socketBased (actual side)...
20210118 170830.199 DEBUG            PET0 ESMCI_CompTunnel.C:1122 ESMCI::ServiceLoop() ServiceLoop: received method: RunIC and phase: 1
20210118 170830.199 INFO             PET0 Actual Component Run
20210118 170830.199 DEBUG            PET0 ESMCI_CompTunnel.C:957 ESMCI::CompTunnel::actual2dual() actual2dual() socketBased (actual side)...
20210118 170830.199 DEBUG            PET0 ESMCI_CompTunnel.C:872 ESMCI::CompTunnel::dual2actual() dual2actual() socketBased (actual side)...
20210118 170830.199 DEBUG            PET0 ESMCI_CompTunnel.C:872 ESMCI::CompTunnel::dual2actual() dual2actual() socketBased (actual side)...
20210118 170830.239 DEBUG            PET0 ESMCI_CompTunnel.C:1122 ESMCI::ServiceLoop() ServiceLoop: received method: None and phase: 1
20210118 170830.239 DEBUG            PET0 ESMCI_CompTunnel.C:957 ESMCI::CompTunnel::actual2dual() actual2dual() socketBased (actual side)...
20210118 170830.239 DEBUG            PET0 ESMCI_CompTunnel.C:1153 ESMCI::ServiceLoop() ServiceLoop: exiting
20210118 170830.239 INFO             PET0  NUMBER_OF_PROCESSORS           6
20210118 170830.239 INFO             PET0  PASS  Example ESMF_CompTunnelEx, ESMF_CompTunnelEx.F90, line 549
20210118 170830.239 INFO             PET0 Finalizing ESMF
20210118 170827.938 INFO             PET1 !!!!!!!!!!!!!!!!!!!!!!!!!!!!!!!!!!!!!!!!!!!!!!!!!!!!!!
20210118 170827.938 INFO             PET1 !!! THE ESMF_LOG IS SET TO OUTPUT ALL LOG MESSAGES !!!
20210118 170827.938 INFO             PET1 !!!     THIS MAY CAUSE SLOWDOWN IN PERFORMANCE     !!!
20210118 170827.938 INFO             PET1 !!! FOR PRODUCTION RUNS, USE:                      !!!
20210118 170827.938 INFO             PET1 !!!                   ESMF_LOGKIND_Multi_On_Error  !!!
20210118 170827.938 INFO             PET1 !!!!!!!!!!!!!!!!!!!!!!!!!!!!!!!!!!!!!!!!!!!!!!!!!!!!!!
20210118 170827.939 INFO             PET1 Running with ESMF Version   : ESMF_8_1_0_beta_snapshot_42
20210118 170827.939 INFO             PET1 ESMF library build date/time: "Jan 18 2021" "16:56:48"
20210118 170827.939 INFO             PET1 ESMF library build location : /home/hpillai/esmf_test/intel/esmf
20210118 170827.939 INFO             PET1 ESMF_COMM                   : intelmpi
20210118 170827.939 INFO             PET1 ESMF_NETCDF                 : enabled
20210118 170827.939 INFO             PET1 ESMF_PNETCDF                : disabled
20210118 170827.939 INFO             PET1 ESMF_PIO                    : enabled
20210118 170827.939 INFO             PET1 ESMF_YAMLCPP                : enabled
20210118 170827.939 INFO             PET1 ESMF_MOAB                   : enabled
20210118 170827.943 DEBUG            PET1 ESMCI_CompTunnel.C:1063 ESMCI::ServiceLoop() ServiceLoop: entering with port argument: 61010 and timeout: 20
20210118 170829.959 DEBUG            PET1 ESMCI_CompTunnel.C:476 ESMCI::CompTunnel::negotiate() finished socketBased negotiate() on actual component side
20210118 170829.959 DEBUG            PET1 ESMCI_CompTunnel.C:872 ESMCI::CompTunnel::dual2actual() dual2actual() socketBased (actual side)...
20210118 170829.959 DEBUG            PET1 ESMCI_CompTunnel.C:872 ESMCI::CompTunnel::dual2actual() dual2actual() socketBased (actual side)...
20210118 170829.999 DEBUG            PET1 ESMCI_CompTunnel.C:1122 ESMCI::ServiceLoop() ServiceLoop: received method: InitializeIC and phase: 1
20210118 170829.999 INFO             PET1 Actual Component Initialize
20210118 170829.999 DEBUG            PET1 ESMCI_CompTunnel.C:957 ESMCI::CompTunnel::actual2dual() actual2dual() socketBased (actual side)...
20210118 170829.999 DEBUG            PET1 ESMCI_CompTunnel.C:872 ESMCI::CompTunnel::dual2actual() dual2actual() socketBased (actual side)...
20210118 170829.999 DEBUG            PET1 ESMCI_CompTunnel.C:872 ESMCI::CompTunnel::dual2actual() dual2actual() socketBased (actual side)...
20210118 170830.039 DEBUG            PET1 ESMCI_CompTunnel.C:1122 ESMCI::ServiceLoop() ServiceLoop: received method: RunIC and phase: 1
20210118 170830.039 INFO             PET1 Actual Component Run
20210118 170830.039 DEBUG            PET1 ESMCI_CompTunnel.C:957 ESMCI::CompTunnel::actual2dual() actual2dual() socketBased (actual side)...
20210118 170830.039 DEBUG            PET1 ESMCI_CompTunnel.C:872 ESMCI::CompTunnel::dual2actual() dual2actual() socketBased (actual side)...
20210118 170830.039 DEBUG            PET1 ESMCI_CompTunnel.C:872 ESMCI::CompTunnel::dual2actual() dual2actual() socketBased (actual side)...
20210118 170830.079 DEBUG            PET1 ESMCI_CompTunnel.C:1122 ESMCI::ServiceLoop() ServiceLoop: received method: FinalizeIC and phase: 1
20210118 170830.079 INFO             PET1 Actual Component Finalize
20210118 170830.079 DEBUG            PET1 ESMCI_CompTunnel.C:957 ESMCI::CompTunnel::actual2dual() actual2dual() socketBased (actual side)...
20210118 170830.079 DEBUG            PET1 ESMCI_CompTunnel.C:872 ESMCI::CompTunnel::dual2actual() dual2actual() socketBased (actual side)...
20210118 170830.079 DEBUG            PET1 ESMCI_CompTunnel.C:872 ESMCI::CompTunnel::dual2actual() dual2actual() socketBased (actual side)...
20210118 170830.119 DEBUG            PET1 ESMCI_CompTunnel.C:1122 ESMCI::ServiceLoop() ServiceLoop: received method: InitializeIC and phase: 1
20210118 170830.119 INFO             PET1 Actual Component Initialize
20210118 170830.119 DEBUG            PET1 ESMCI_CompTunnel.C:957 ESMCI::CompTunnel::actual2dual() actual2dual() socketBased (actual side)...
20210118 170830.119 DEBUG            PET1 ESMCI_CompTunnel.C:872 ESMCI::CompTunnel::dual2actual() dual2actual() socketBased (actual side)...
20210118 170830.119 DEBUG            PET1 ESMCI_CompTunnel.C:872 ESMCI::CompTunnel::dual2actual() dual2actual() socketBased (actual side)...
20210118 170830.159 DEBUG            PET1 ESMCI_CompTunnel.C:1122 ESMCI::ServiceLoop() ServiceLoop: received method: InitializeIC and phase: 1
20210118 170830.159 INFO             PET1 Actual Component Initialize
20210118 170830.159 DEBUG            PET1 ESMCI_CompTunnel.C:957 ESMCI::CompTunnel::actual2dual() actual2dual() socketBased (actual side)...
20210118 170830.159 DEBUG            PET1 ESMCI_CompTunnel.C:872 ESMCI::CompTunnel::dual2actual() dual2actual() socketBased (actual side)...
20210118 170830.159 DEBUG            PET1 ESMCI_CompTunnel.C:872 ESMCI::CompTunnel::dual2actual() dual2actual() socketBased (actual side)...
20210118 170830.199 DEBUG            PET1 ESMCI_CompTunnel.C:1122 ESMCI::ServiceLoop() ServiceLoop: received method: RunIC and phase: 1
20210118 170830.199 INFO             PET1 Actual Component Run
20210118 170830.199 DEBUG            PET1 ESMCI_CompTunnel.C:957 ESMCI::CompTunnel::actual2dual() actual2dual() socketBased (actual side)...
20210118 170830.199 DEBUG            PET1 ESMCI_CompTunnel.C:872 ESMCI::CompTunnel::dual2actual() dual2actual() socketBased (actual side)...
20210118 170830.199 DEBUG            PET1 ESMCI_CompTunnel.C:872 ESMCI::CompTunnel::dual2actual() dual2actual() socketBased (actual side)...
20210118 170830.239 DEBUG            PET1 ESMCI_CompTunnel.C:1122 ESMCI::ServiceLoop() ServiceLoop: received method: None and phase: 1
20210118 170830.239 DEBUG            PET1 ESMCI_CompTunnel.C:957 ESMCI::CompTunnel::actual2dual() actual2dual() socketBased (actual side)...
20210118 170830.239 DEBUG            PET1 ESMCI_CompTunnel.C:1153 ESMCI::ServiceLoop() ServiceLoop: exiting
20210118 170830.239 INFO             PET1  NUMBER_OF_PROCESSORS           6
20210118 170830.239 INFO             PET1  PASS  Example ESMF_CompTunnelEx, ESMF_CompTunnelEx.F90, line 549
20210118 170830.239 INFO             PET1 Finalizing ESMF
20210118 170827.941 INFO             PET2 !!!!!!!!!!!!!!!!!!!!!!!!!!!!!!!!!!!!!!!!!!!!!!!!!!!!!!
20210118 170827.941 INFO             PET2 !!! THE ESMF_LOG IS SET TO OUTPUT ALL LOG MESSAGES !!!
20210118 170827.941 INFO             PET2 !!!     THIS MAY CAUSE SLOWDOWN IN PERFORMANCE     !!!
20210118 170827.941 INFO             PET2 !!! FOR PRODUCTION RUNS, USE:                      !!!
20210118 170827.941 INFO             PET2 !!!                   ESMF_LOGKIND_Multi_On_Error  !!!
20210118 170827.941 INFO             PET2 !!!!!!!!!!!!!!!!!!!!!!!!!!!!!!!!!!!!!!!!!!!!!!!!!!!!!!
20210118 170827.941 INFO             PET2 Running with ESMF Version   : ESMF_8_1_0_beta_snapshot_42
20210118 170827.941 INFO             PET2 ESMF library build date/time: "Jan 18 2021" "16:56:48"
20210118 170827.941 INFO             PET2 ESMF library build location : /home/hpillai/esmf_test/intel/esmf
20210118 170827.941 INFO             PET2 ESMF_COMM                   : intelmpi
20210118 170827.942 INFO             PET2 ESMF_NETCDF                 : enabled
20210118 170827.942 INFO             PET2 ESMF_PNETCDF                : disabled
20210118 170827.942 INFO             PET2 ESMF_PIO                    : enabled
20210118 170827.942 INFO             PET2 ESMF_YAMLCPP                : enabled
20210118 170827.942 INFO             PET2 ESMF_MOAB                   : enabled
20210118 170827.955 DEBUG            PET2 ESMCI_CompTunnel.C:1063 ESMCI::ServiceLoop() ServiceLoop: entering with port argument: 61010 and timeout: 20
20210118 170829.959 DEBUG            PET2 ESMCI_CompTunnel.C:476 ESMCI::CompTunnel::negotiate() finished socketBased negotiate() on actual component side
20210118 170829.959 DEBUG            PET2 ESMCI_CompTunnel.C:872 ESMCI::CompTunnel::dual2actual() dual2actual() socketBased (actual side)...
20210118 170829.959 DEBUG            PET2 ESMCI_CompTunnel.C:872 ESMCI::CompTunnel::dual2actual() dual2actual() socketBased (actual side)...
20210118 170829.999 DEBUG            PET2 ESMCI_CompTunnel.C:1122 ESMCI::ServiceLoop() ServiceLoop: received method: InitializeIC and phase: 1
20210118 170829.999 INFO             PET2 Actual Component Initialize
20210118 170829.999 DEBUG            PET2 ESMCI_CompTunnel.C:957 ESMCI::CompTunnel::actual2dual() actual2dual() socketBased (actual side)...
20210118 170829.999 DEBUG            PET2 ESMCI_CompTunnel.C:872 ESMCI::CompTunnel::dual2actual() dual2actual() socketBased (actual side)...
20210118 170829.999 DEBUG            PET2 ESMCI_CompTunnel.C:872 ESMCI::CompTunnel::dual2actual() dual2actual() socketBased (actual side)...
20210118 170830.039 DEBUG            PET2 ESMCI_CompTunnel.C:1122 ESMCI::ServiceLoop() ServiceLoop: received method: RunIC and phase: 1
20210118 170830.039 INFO             PET2 Actual Component Run
20210118 170830.039 DEBUG            PET2 ESMCI_CompTunnel.C:957 ESMCI::CompTunnel::actual2dual() actual2dual() socketBased (actual side)...
20210118 170830.039 DEBUG            PET2 ESMCI_CompTunnel.C:872 ESMCI::CompTunnel::dual2actual() dual2actual() socketBased (actual side)...
20210118 170830.039 DEBUG            PET2 ESMCI_CompTunnel.C:872 ESMCI::CompTunnel::dual2actual() dual2actual() socketBased (actual side)...
20210118 170830.079 DEBUG            PET2 ESMCI_CompTunnel.C:1122 ESMCI::ServiceLoop() ServiceLoop: received method: FinalizeIC and phase: 1
20210118 170830.079 INFO             PET2 Actual Component Finalize
20210118 170830.079 DEBUG            PET2 ESMCI_CompTunnel.C:957 ESMCI::CompTunnel::actual2dual() actual2dual() socketBased (actual side)...
20210118 170830.079 DEBUG            PET2 ESMCI_CompTunnel.C:872 ESMCI::CompTunnel::dual2actual() dual2actual() socketBased (actual side)...
20210118 170830.079 DEBUG            PET2 ESMCI_CompTunnel.C:872 ESMCI::CompTunnel::dual2actual() dual2actual() socketBased (actual side)...
20210118 170830.119 DEBUG            PET2 ESMCI_CompTunnel.C:1122 ESMCI::ServiceLoop() ServiceLoop: received method: InitializeIC and phase: 1
20210118 170830.119 INFO             PET2 Actual Component Initialize
20210118 170830.119 DEBUG            PET2 ESMCI_CompTunnel.C:957 ESMCI::CompTunnel::actual2dual() actual2dual() socketBased (actual side)...
20210118 170830.119 DEBUG            PET2 ESMCI_CompTunnel.C:872 ESMCI::CompTunnel::dual2actual() dual2actual() socketBased (actual side)...
20210118 170830.119 DEBUG            PET2 ESMCI_CompTunnel.C:872 ESMCI::CompTunnel::dual2actual() dual2actual() socketBased (actual side)...
20210118 170830.159 DEBUG            PET2 ESMCI_CompTunnel.C:1122 ESMCI::ServiceLoop() ServiceLoop: received method: InitializeIC and phase: 1
20210118 170830.159 INFO             PET2 Actual Component Initialize
20210118 170830.159 DEBUG            PET2 ESMCI_CompTunnel.C:957 ESMCI::CompTunnel::actual2dual() actual2dual() socketBased (actual side)...
20210118 170830.159 DEBUG            PET2 ESMCI_CompTunnel.C:872 ESMCI::CompTunnel::dual2actual() dual2actual() socketBased (actual side)...
20210118 170830.159 DEBUG            PET2 ESMCI_CompTunnel.C:872 ESMCI::CompTunnel::dual2actual() dual2actual() socketBased (actual side)...
20210118 170830.199 DEBUG            PET2 ESMCI_CompTunnel.C:1122 ESMCI::ServiceLoop() ServiceLoop: received method: RunIC and phase: 1
20210118 170830.199 INFO             PET2 Actual Component Run
20210118 170830.199 DEBUG            PET2 ESMCI_CompTunnel.C:957 ESMCI::CompTunnel::actual2dual() actual2dual() socketBased (actual side)...
20210118 170830.199 DEBUG            PET2 ESMCI_CompTunnel.C:872 ESMCI::CompTunnel::dual2actual() dual2actual() socketBased (actual side)...
20210118 170830.199 DEBUG            PET2 ESMCI_CompTunnel.C:872 ESMCI::CompTunnel::dual2actual() dual2actual() socketBased (actual side)...
20210118 170830.239 DEBUG            PET2 ESMCI_CompTunnel.C:1122 ESMCI::ServiceLoop() ServiceLoop: received method: None and phase: 1
20210118 170830.239 DEBUG            PET2 ESMCI_CompTunnel.C:957 ESMCI::CompTunnel::actual2dual() actual2dual() socketBased (actual side)...
20210118 170830.239 DEBUG            PET2 ESMCI_CompTunnel.C:1153 ESMCI::ServiceLoop() ServiceLoop: exiting
20210118 170830.239 INFO             PET2  NUMBER_OF_PROCESSORS           6
20210118 170830.239 INFO             PET2  PASS  Example ESMF_CompTunnelEx, ESMF_CompTunnelEx.F90, line 549
20210118 170830.239 INFO             PET2 Finalizing ESMF
20210118 170827.940 INFO             PET3 !!!!!!!!!!!!!!!!!!!!!!!!!!!!!!!!!!!!!!!!!!!!!!!!!!!!!!
20210118 170827.940 INFO             PET3 !!! THE ESMF_LOG IS SET TO OUTPUT ALL LOG MESSAGES !!!
20210118 170827.940 INFO             PET3 !!!     THIS MAY CAUSE SLOWDOWN IN PERFORMANCE     !!!
20210118 170827.940 INFO             PET3 !!! FOR PRODUCTION RUNS, USE:                      !!!
20210118 170827.940 INFO             PET3 !!!                   ESMF_LOGKIND_Multi_On_Error  !!!
20210118 170827.940 INFO             PET3 !!!!!!!!!!!!!!!!!!!!!!!!!!!!!!!!!!!!!!!!!!!!!!!!!!!!!!
20210118 170827.940 INFO             PET3 Running with ESMF Version   : ESMF_8_1_0_beta_snapshot_42
20210118 170827.940 INFO             PET3 ESMF library build date/time: "Jan 18 2021" "16:56:48"
20210118 170827.940 INFO             PET3 ESMF library build location : /home/hpillai/esmf_test/intel/esmf
20210118 170827.940 INFO             PET3 ESMF_COMM                   : intelmpi
20210118 170827.941 INFO             PET3 ESMF_NETCDF                 : enabled
20210118 170827.941 INFO             PET3 ESMF_PNETCDF                : disabled
20210118 170827.941 INFO             PET3 ESMF_PIO                    : enabled
20210118 170827.941 INFO             PET3 ESMF_YAMLCPP                : enabled
20210118 170827.941 INFO             PET3 ESMF_MOAB                   : enabled
20210118 170827.956 DEBUG            PET3 ESMCI_CompTunnel.C:1063 ESMCI::ServiceLoop() ServiceLoop: entering with port argument: 61011 and timeout: 2
20210118 170827.956 DEBUG            PET3 ESMCI_CompTunnel.C:345 ESMCI::CompTunnel::negotiate() negotiate socketBased actual: port=61011, timeout=2
20210118 170829.956 ERROR            PET3 ESMCI_CompTunnel.C:354 ESMCI::CompTunnel::negotiate() Timeout reached  - - No client connected, time out!
20210118 170829.957 ERROR            PET3 ESMCI_CompTunnel.C:1099 ESMCI::ServiceLoop() Timeout reached  - Internal subroutine call returned Error
20210118 170829.959 DEBUG            PET3 ESMCI_CompTunnel.C:577 ESMCI::CompTunnel::negotiate() finished socketBased negotiate() on dual component side
20210118 170829.959 DEBUG            PET3 ESMCI_CompTunnel.C:841 ESMCI::CompTunnel::dual2actual() dual2actual() socketBased (dual side)...
20210118 170829.959 DEBUG            PET3 ESMCI_CompTunnel.C:841 ESMCI::CompTunnel::dual2actual() dual2actual() socketBased (dual side)...
20210118 170829.959 DEBUG            PET3 ESMCI_CompTunnel.C:988 ESMCI::CompTunnel::actual2dual() actual2dual() socketBased (dual side)...
20210118 170829.999 DEBUG            PET3 ESMCI_CompTunnel.C:841 ESMCI::CompTunnel::dual2actual() dual2actual() socketBased (dual side)...
20210118 170829.999 DEBUG            PET3 ESMCI_CompTunnel.C:841 ESMCI::CompTunnel::dual2actual() dual2actual() socketBased (dual side)...
20210118 170829.999 DEBUG            PET3 ESMCI_CompTunnel.C:988 ESMCI::CompTunnel::actual2dual() actual2dual() socketBased (dual side)...
20210118 170830.039 DEBUG            PET3 ESMCI_CompTunnel.C:841 ESMCI::CompTunnel::dual2actual() dual2actual() socketBased (dual side)...
20210118 170830.039 DEBUG            PET3 ESMCI_CompTunnel.C:841 ESMCI::CompTunnel::dual2actual() dual2actual() socketBased (dual side)...
20210118 170830.039 DEBUG            PET3 ESMCI_CompTunnel.C:988 ESMCI::CompTunnel::actual2dual() actual2dual() socketBased (dual side)...
20210118 170830.079 DEBUG            PET3 ESMCI_CompTunnel.C:841 ESMCI::CompTunnel::dual2actual() dual2actual() socketBased (dual side)...
20210118 170830.079 DEBUG            PET3 ESMCI_CompTunnel.C:841 ESMCI::CompTunnel::dual2actual() dual2actual() socketBased (dual side)...
20210118 170830.079 DEBUG            PET3 ESMCI_CompTunnel.C:988 ESMCI::CompTunnel::actual2dual() actual2dual() socketBased (dual side)...
20210118 170830.119 DEBUG            PET3 ESMCI_CompTunnel.C:841 ESMCI::CompTunnel::dual2actual() dual2actual() socketBased (dual side)...
20210118 170830.119 DEBUG            PET3 ESMCI_CompTunnel.C:841 ESMCI::CompTunnel::dual2actual() dual2actual() socketBased (dual side)...
20210118 170830.119 DEBUG            PET3 ESMCI_CompTunnel.C:988 ESMCI::CompTunnel::actual2dual() actual2dual() socketBased (dual side)...
20210118 170830.159 DEBUG            PET3 ESMCI_CompTunnel.C:841 ESMCI::CompTunnel::dual2actual() dual2actual() socketBased (dual side)...
20210118 170830.159 DEBUG            PET3 ESMCI_CompTunnel.C:841 ESMCI::CompTunnel::dual2actual() dual2actual() socketBased (dual side)...
20210118 170830.159 DEBUG            PET3 ESMCI_CompTunnel.C:988 ESMCI::CompTunnel::actual2dual() actual2dual() socketBased (dual side)...
20210118 170830.199 DEBUG            PET3 ESMCI_CompTunnel.C:841 ESMCI::CompTunnel::dual2actual() dual2actual() socketBased (dual side)...
20210118 170830.199 DEBUG            PET3 ESMCI_CompTunnel.C:841 ESMCI::CompTunnel::dual2actual() dual2actual() socketBased (dual side)...
20210118 170830.199 DEBUG            PET3 ESMCI_CompTunnel.C:988 ESMCI::CompTunnel::actual2dual() actual2dual() socketBased (dual side)...
20210118 170830.239 INFO             PET3  NUMBER_OF_PROCESSORS           6
20210118 170830.239 INFO             PET3  PASS  Example ESMF_CompTunnelEx, ESMF_CompTunnelEx.F90, line 549
20210118 170830.239 INFO             PET3 Finalizing ESMF
20210118 170827.941 INFO             PET4 !!!!!!!!!!!!!!!!!!!!!!!!!!!!!!!!!!!!!!!!!!!!!!!!!!!!!!
20210118 170827.941 INFO             PET4 !!! THE ESMF_LOG IS SET TO OUTPUT ALL LOG MESSAGES !!!
20210118 170827.941 INFO             PET4 !!!     THIS MAY CAUSE SLOWDOWN IN PERFORMANCE     !!!
20210118 170827.941 INFO             PET4 !!! FOR PRODUCTION RUNS, USE:                      !!!
20210118 170827.941 INFO             PET4 !!!                   ESMF_LOGKIND_Multi_On_Error  !!!
20210118 170827.941 INFO             PET4 !!!!!!!!!!!!!!!!!!!!!!!!!!!!!!!!!!!!!!!!!!!!!!!!!!!!!!
20210118 170827.941 INFO             PET4 Running with ESMF Version   : ESMF_8_1_0_beta_snapshot_42
20210118 170827.941 INFO             PET4 ESMF library build date/time: "Jan 18 2021" "16:56:48"
20210118 170827.941 INFO             PET4 ESMF library build location : /home/hpillai/esmf_test/intel/esmf
20210118 170827.941 INFO             PET4 ESMF_COMM                   : intelmpi
20210118 170827.941 INFO             PET4 ESMF_NETCDF                 : enabled
20210118 170827.941 INFO             PET4 ESMF_PNETCDF                : disabled
20210118 170827.941 INFO             PET4 ESMF_PIO                    : enabled
20210118 170827.941 INFO             PET4 ESMF_YAMLCPP                : enabled
20210118 170827.941 INFO             PET4 ESMF_MOAB                   : enabled
20210118 170827.943 DEBUG            PET4 ESMCI_CompTunnel.C:1063 ESMCI::ServiceLoop() ServiceLoop: entering with port argument: 61011 and timeout: 2
20210118 170829.957 ERROR            PET4 ESMCI_CompTunnel.C:1099 ESMCI::ServiceLoop() Timeout reached  - Internal subroutine call returned Error
20210118 170829.958 DEBUG            PET4 ESMCI_CompTunnel.C:483 ESMCI::CompTunnel::negotiate() negotiate socketBased dual: port=61010, timeout=10
20210118 170829.959 DEBUG            PET4 ESMCI_CompTunnel.C:577 ESMCI::CompTunnel::negotiate() finished socketBased negotiate() on dual component side
20210118 170829.959 DEBUG            PET4 ESMCI_CompTunnel.C:841 ESMCI::CompTunnel::dual2actual() dual2actual() socketBased (dual side)...
20210118 170829.959 DEBUG            PET4 ESMCI_CompTunnel.C:841 ESMCI::CompTunnel::dual2actual() dual2actual() socketBased (dual side)...
20210118 170829.959 DEBUG            PET4 ESMCI_CompTunnel.C:988 ESMCI::CompTunnel::actual2dual() actual2dual() socketBased (dual side)...
20210118 170829.999 DEBUG            PET4 ESMCI_CompTunnel.C:841 ESMCI::CompTunnel::dual2actual() dual2actual() socketBased (dual side)...
20210118 170829.999 DEBUG            PET4 ESMCI_CompTunnel.C:841 ESMCI::CompTunnel::dual2actual() dual2actual() socketBased (dual side)...
20210118 170829.999 DEBUG            PET4 ESMCI_CompTunnel.C:988 ESMCI::CompTunnel::actual2dual() actual2dual() socketBased (dual side)...
20210118 170830.039 DEBUG            PET4 ESMCI_CompTunnel.C:841 ESMCI::CompTunnel::dual2actual() dual2actual() socketBased (dual side)...
20210118 170830.039 DEBUG            PET4 ESMCI_CompTunnel.C:841 ESMCI::CompTunnel::dual2actual() dual2actual() socketBased (dual side)...
20210118 170830.039 DEBUG            PET4 ESMCI_CompTunnel.C:988 ESMCI::CompTunnel::actual2dual() actual2dual() socketBased (dual side)...
20210118 170830.079 DEBUG            PET4 ESMCI_CompTunnel.C:841 ESMCI::CompTunnel::dual2actual() dual2actual() socketBased (dual side)...
20210118 170830.079 DEBUG            PET4 ESMCI_CompTunnel.C:841 ESMCI::CompTunnel::dual2actual() dual2actual() socketBased (dual side)...
20210118 170830.079 DEBUG            PET4 ESMCI_CompTunnel.C:988 ESMCI::CompTunnel::actual2dual() actual2dual() socketBased (dual side)...
20210118 170830.119 DEBUG            PET4 ESMCI_CompTunnel.C:841 ESMCI::CompTunnel::dual2actual() dual2actual() socketBased (dual side)...
20210118 170830.119 DEBUG            PET4 ESMCI_CompTunnel.C:841 ESMCI::CompTunnel::dual2actual() dual2actual() socketBased (dual side)...
20210118 170830.119 DEBUG            PET4 ESMCI_CompTunnel.C:988 ESMCI::CompTunnel::actual2dual() actual2dual() socketBased (dual side)...
20210118 170830.159 DEBUG            PET4 ESMCI_CompTunnel.C:841 ESMCI::CompTunnel::dual2actual() dual2actual() socketBased (dual side)...
20210118 170830.159 DEBUG            PET4 ESMCI_CompTunnel.C:841 ESMCI::CompTunnel::dual2actual() dual2actual() socketBased (dual side)...
20210118 170830.159 DEBUG            PET4 ESMCI_CompTunnel.C:988 ESMCI::CompTunnel::actual2dual() actual2dual() socketBased (dual side)...
20210118 170830.199 DEBUG            PET4 ESMCI_CompTunnel.C:841 ESMCI::CompTunnel::dual2actual() dual2actual() socketBased (dual side)...
20210118 170830.199 DEBUG            PET4 ESMCI_CompTunnel.C:841 ESMCI::CompTunnel::dual2actual() dual2actual() socketBased (dual side)...
20210118 170830.199 DEBUG            PET4 ESMCI_CompTunnel.C:988 ESMCI::CompTunnel::actual2dual() actual2dual() socketBased (dual side)...
20210118 170830.239 INFO             PET4  NUMBER_OF_PROCESSORS           6
20210118 170830.239 INFO             PET4  PASS  Example ESMF_CompTunnelEx, ESMF_CompTunnelEx.F90, line 549
20210118 170830.239 INFO             PET4 Finalizing ESMF
20210118 170827.940 INFO             PET5 !!!!!!!!!!!!!!!!!!!!!!!!!!!!!!!!!!!!!!!!!!!!!!!!!!!!!!
20210118 170827.940 INFO             PET5 !!! THE ESMF_LOG IS SET TO OUTPUT ALL LOG MESSAGES !!!
20210118 170827.940 INFO             PET5 !!!     THIS MAY CAUSE SLOWDOWN IN PERFORMANCE     !!!
20210118 170827.940 INFO             PET5 !!! FOR PRODUCTION RUNS, USE:                      !!!
20210118 170827.940 INFO             PET5 !!!                   ESMF_LOGKIND_Multi_On_Error  !!!
20210118 170827.940 INFO             PET5 !!!!!!!!!!!!!!!!!!!!!!!!!!!!!!!!!!!!!!!!!!!!!!!!!!!!!!
20210118 170827.940 INFO             PET5 Running with ESMF Version   : ESMF_8_1_0_beta_snapshot_42
20210118 170827.940 INFO             PET5 ESMF library build date/time: "Jan 18 2021" "16:56:48"
20210118 170827.940 INFO             PET5 ESMF library build location : /home/hpillai/esmf_test/intel/esmf
20210118 170827.940 INFO             PET5 ESMF_COMM                   : intelmpi
20210118 170827.941 INFO             PET5 ESMF_NETCDF                 : enabled
20210118 170827.941 INFO             PET5 ESMF_PNETCDF                : disabled
20210118 170827.941 INFO             PET5 ESMF_PIO                    : enabled
20210118 170827.941 INFO             PET5 ESMF_YAMLCPP                : enabled
20210118 170827.941 INFO             PET5 ESMF_MOAB                   : enabled
20210118 170827.943 DEBUG            PET5 ESMCI_CompTunnel.C:1063 ESMCI::ServiceLoop() ServiceLoop: entering with port argument: 61011 and timeout: 2
20210118 170829.957 ERROR            PET5 ESMCI_CompTunnel.C:1099 ESMCI::ServiceLoop() Timeout reached  - Internal subroutine call returned Error
20210118 170829.959 DEBUG            PET5 ESMCI_CompTunnel.C:577 ESMCI::CompTunnel::negotiate() finished socketBased negotiate() on dual component side
20210118 170829.959 DEBUG            PET5 ESMCI_CompTunnel.C:841 ESMCI::CompTunnel::dual2actual() dual2actual() socketBased (dual side)...
20210118 170829.959 DEBUG            PET5 ESMCI_CompTunnel.C:841 ESMCI::CompTunnel::dual2actual() dual2actual() socketBased (dual side)...
20210118 170829.959 DEBUG            PET5 ESMCI_CompTunnel.C:988 ESMCI::CompTunnel::actual2dual() actual2dual() socketBased (dual side)...
20210118 170829.999 DEBUG            PET5 ESMCI_CompTunnel.C:841 ESMCI::CompTunnel::dual2actual() dual2actual() socketBased (dual side)...
20210118 170829.999 DEBUG            PET5 ESMCI_CompTunnel.C:841 ESMCI::CompTunnel::dual2actual() dual2actual() socketBased (dual side)...
20210118 170829.999 DEBUG            PET5 ESMCI_CompTunnel.C:988 ESMCI::CompTunnel::actual2dual() actual2dual() socketBased (dual side)...
20210118 170830.039 DEBUG            PET5 ESMCI_CompTunnel.C:841 ESMCI::CompTunnel::dual2actual() dual2actual() socketBased (dual side)...
20210118 170830.039 DEBUG            PET5 ESMCI_CompTunnel.C:841 ESMCI::CompTunnel::dual2actual() dual2actual() socketBased (dual side)...
20210118 170830.039 DEBUG            PET5 ESMCI_CompTunnel.C:988 ESMCI::CompTunnel::actual2dual() actual2dual() socketBased (dual side)...
20210118 170830.079 DEBUG            PET5 ESMCI_CompTunnel.C:841 ESMCI::CompTunnel::dual2actual() dual2actual() socketBased (dual side)...
20210118 170830.079 DEBUG            PET5 ESMCI_CompTunnel.C:841 ESMCI::CompTunnel::dual2actual() dual2actual() socketBased (dual side)...
20210118 170830.079 DEBUG            PET5 ESMCI_CompTunnel.C:988 ESMCI::CompTunnel::actual2dual() actual2dual() socketBased (dual side)...
20210118 170830.119 DEBUG            PET5 ESMCI_CompTunnel.C:841 ESMCI::CompTunnel::dual2actual() dual2actual() socketBased (dual side)...
20210118 170830.119 DEBUG            PET5 ESMCI_CompTunnel.C:841 ESMCI::CompTunnel::dual2actual() dual2actual() socketBased (dual side)...
20210118 170830.119 DEBUG            PET5 ESMCI_CompTunnel.C:988 ESMCI::CompTunnel::actual2dual() actual2dual() socketBased (dual side)...
20210118 170830.159 DEBUG            PET5 ESMCI_CompTunnel.C:841 ESMCI::CompTunnel::dual2actual() dual2actual() socketBased (dual side)...
20210118 170830.159 DEBUG            PET5 ESMCI_CompTunnel.C:841 ESMCI::CompTunnel::dual2actual() dual2actual() socketBased (dual side)...
20210118 170830.159 DEBUG            PET5 ESMCI_CompTunnel.C:988 ESMCI::CompTunnel::actual2dual() actual2dual() socketBased (dual side)...
20210118 170830.199 DEBUG            PET5 ESMCI_CompTunnel.C:841 ESMCI::CompTunnel::dual2actual() dual2actual() socketBased (dual side)...
20210118 170830.199 DEBUG            PET5 ESMCI_CompTunnel.C:841 ESMCI::CompTunnel::dual2actual() dual2actual() socketBased (dual side)...
20210118 170830.199 DEBUG            PET5 ESMCI_CompTunnel.C:988 ESMCI::CompTunnel::actual2dual() actual2dual() socketBased (dual side)...
20210118 170830.239 INFO             PET5  NUMBER_OF_PROCESSORS           6
20210118 170830.239 INFO             PET5  PASS  Example ESMF_CompTunnelEx, ESMF_CompTunnelEx.F90, line 549
20210118 170830.239 INFO             PET5 Finalizing ESMF
Mon Jan 18 17:48:43 CST 2021
