20210127 191743.999 INFO             PET0 !!!!!!!!!!!!!!!!!!!!!!!!!!!!!!!!!!!!!!!!!!!!!!!!!!!!!!
20210127 191743.999 INFO             PET0 !!! THE ESMF_LOG IS SET TO OUTPUT ALL LOG MESSAGES !!!
20210127 191743.999 INFO             PET0 !!!     THIS MAY CAUSE SLOWDOWN IN PERFORMANCE     !!!
20210127 191743.999 INFO             PET0 !!! FOR PRODUCTION RUNS, USE:                      !!!
20210127 191743.999 INFO             PET0 !!!                   ESMF_LOGKIND_Multi_On_Error  !!!
20210127 191743.999 INFO             PET0 !!!!!!!!!!!!!!!!!!!!!!!!!!!!!!!!!!!!!!!!!!!!!!!!!!!!!!
20210127 191743.999 INFO             PET0 Running with ESMF Version   : ESMF_8_1_0_beta_snapshot_42-11-g7c262dc
20210127 191743.999 INFO             PET0 ESMF library build date/time: "Jan 27 2021" "19:06:06"
20210127 191743.999 INFO             PET0 ESMF library build location : /home/hpillai/esmf_test/intel/esmf
20210127 191743.999 INFO             PET0 ESMF_COMM                   : intelmpi
20210127 191744.000 INFO             PET0 ESMF_NETCDF                 : enabled
20210127 191744.000 INFO             PET0 ESMF_PNETCDF                : disabled
20210127 191744.000 INFO             PET0 ESMF_PIO                    : enabled
20210127 191744.000 INFO             PET0 ESMF_YAMLCPP                : enabled
20210127 191744.000 INFO             PET0 ESMF_MOAB                   : enabled
20210127 191744.003 INFO             PET0  NUMBER_OF_PROCESSORS           4
20210127 191744.003 INFO             PET0  PASS  Example ESMF_FieldBundleSMMEx, ESMF_FieldBundleSMMEx.F90, line 242
20210127 191744.003 INFO             PET0 Finalizing ESMF
20210127 191743.999 INFO             PET1 !!!!!!!!!!!!!!!!!!!!!!!!!!!!!!!!!!!!!!!!!!!!!!!!!!!!!!
20210127 191743.999 INFO             PET1 !!! THE ESMF_LOG IS SET TO OUTPUT ALL LOG MESSAGES !!!
20210127 191743.999 INFO             PET1 !!!     THIS MAY CAUSE SLOWDOWN IN PERFORMANCE     !!!
20210127 191743.999 INFO             PET1 !!! FOR PRODUCTION RUNS, USE:                      !!!
20210127 191743.999 INFO             PET1 !!!                   ESMF_LOGKIND_Multi_On_Error  !!!
20210127 191743.999 INFO             PET1 !!!!!!!!!!!!!!!!!!!!!!!!!!!!!!!!!!!!!!!!!!!!!!!!!!!!!!
20210127 191743.999 INFO             PET1 Running with ESMF Version   : ESMF_8_1_0_beta_snapshot_42-11-g7c262dc
20210127 191743.999 INFO             PET1 ESMF library build date/time: "Jan 27 2021" "19:06:06"
20210127 191743.999 INFO             PET1 ESMF library build location : /home/hpillai/esmf_test/intel/esmf
20210127 191743.999 INFO             PET1 ESMF_COMM                   : intelmpi
20210127 191744.000 INFO             PET1 ESMF_NETCDF                 : enabled
20210127 191744.000 INFO             PET1 ESMF_PNETCDF                : disabled
20210127 191744.000 INFO             PET1 ESMF_PIO                    : enabled
20210127 191744.000 INFO             PET1 ESMF_YAMLCPP                : enabled
20210127 191744.000 INFO             PET1 ESMF_MOAB                   : enabled
20210127 191744.003 INFO             PET1  NUMBER_OF_PROCESSORS           4
20210127 191744.003 INFO             PET1  PASS  Example ESMF_FieldBundleSMMEx, ESMF_FieldBundleSMMEx.F90, line 242
20210127 191744.003 INFO             PET1 Finalizing ESMF
20210127 191743.998 INFO             PET2 !!!!!!!!!!!!!!!!!!!!!!!!!!!!!!!!!!!!!!!!!!!!!!!!!!!!!!
20210127 191743.998 INFO             PET2 !!! THE ESMF_LOG IS SET TO OUTPUT ALL LOG MESSAGES !!!
20210127 191743.998 INFO             PET2 !!!     THIS MAY CAUSE SLOWDOWN IN PERFORMANCE     !!!
20210127 191743.998 INFO             PET2 !!! FOR PRODUCTION RUNS, USE:                      !!!
20210127 191743.998 INFO             PET2 !!!                   ESMF_LOGKIND_Multi_On_Error  !!!
20210127 191743.998 INFO             PET2 !!!!!!!!!!!!!!!!!!!!!!!!!!!!!!!!!!!!!!!!!!!!!!!!!!!!!!
20210127 191743.998 INFO             PET2 Running with ESMF Version   : ESMF_8_1_0_beta_snapshot_42-11-g7c262dc
20210127 191743.998 INFO             PET2 ESMF library build date/time: "Jan 27 2021" "19:06:06"
20210127 191743.998 INFO             PET2 ESMF library build location : /home/hpillai/esmf_test/intel/esmf
20210127 191743.998 INFO             PET2 ESMF_COMM                   : intelmpi
20210127 191743.999 INFO             PET2 ESMF_NETCDF                 : enabled
20210127 191743.999 INFO             PET2 ESMF_PNETCDF                : disabled
20210127 191743.999 INFO             PET2 ESMF_PIO                    : enabled
20210127 191743.999 INFO             PET2 ESMF_YAMLCPP                : enabled
20210127 191743.999 INFO             PET2 ESMF_MOAB                   : enabled
20210127 191744.003 INFO             PET2  NUMBER_OF_PROCESSORS           4
20210127 191744.003 INFO             PET2  PASS  Example ESMF_FieldBundleSMMEx, ESMF_FieldBundleSMMEx.F90, line 242
20210127 191744.003 INFO             PET2 Finalizing ESMF
20210127 191743.999 INFO             PET3 !!!!!!!!!!!!!!!!!!!!!!!!!!!!!!!!!!!!!!!!!!!!!!!!!!!!!!
20210127 191743.999 INFO             PET3 !!! THE ESMF_LOG IS SET TO OUTPUT ALL LOG MESSAGES !!!
20210127 191743.999 INFO             PET3 !!!     THIS MAY CAUSE SLOWDOWN IN PERFORMANCE     !!!
20210127 191743.999 INFO             PET3 !!! FOR PRODUCTION RUNS, USE:                      !!!
20210127 191743.999 INFO             PET3 !!!                   ESMF_LOGKIND_Multi_On_Error  !!!
20210127 191743.999 INFO             PET3 !!!!!!!!!!!!!!!!!!!!!!!!!!!!!!!!!!!!!!!!!!!!!!!!!!!!!!
20210127 191743.999 INFO             PET3 Running with ESMF Version   : ESMF_8_1_0_beta_snapshot_42-11-g7c262dc
20210127 191743.999 INFO             PET3 ESMF library build date/time: "Jan 27 2021" "19:06:06"
20210127 191743.999 INFO             PET3 ESMF library build location : /home/hpillai/esmf_test/intel/esmf
20210127 191743.999 INFO             PET3 ESMF_COMM                   : intelmpi
20210127 191744.000 INFO             PET3 ESMF_NETCDF                 : enabled
20210127 191744.000 INFO             PET3 ESMF_PNETCDF                : disabled
20210127 191744.000 INFO             PET3 ESMF_PIO                    : enabled
20210127 191744.000 INFO             PET3 ESMF_YAMLCPP                : enabled
20210127 191744.000 INFO             PET3 ESMF_MOAB                   : enabled
20210127 191744.003 INFO             PET3  NUMBER_OF_PROCESSORS           4
20210127 191744.003 INFO             PET3  PASS  Example ESMF_FieldBundleSMMEx, ESMF_FieldBundleSMMEx.F90, line 242
20210127 191744.003 INFO             PET3 Finalizing ESMF
Wed Jan 27 22:58:27 CST 2021
