20210208 193437.941 INFO             PET0 !!!!!!!!!!!!!!!!!!!!!!!!!!!!!!!!!!!!!!!!!!!!!!!!!!!!!!
20210208 193437.941 INFO             PET0 !!! THE ESMF_LOG IS SET TO OUTPUT ALL LOG MESSAGES !!!
20210208 193437.941 INFO             PET0 !!!     THIS MAY CAUSE SLOWDOWN IN PERFORMANCE     !!!
20210208 193437.941 INFO             PET0 !!! FOR PRODUCTION RUNS, USE:                      !!!
20210208 193437.941 INFO             PET0 !!!                   ESMF_LOGKIND_Multi_On_Error  !!!
20210208 193437.941 INFO             PET0 !!!!!!!!!!!!!!!!!!!!!!!!!!!!!!!!!!!!!!!!!!!!!!!!!!!!!!
20210208 193437.941 INFO             PET0 Running with ESMF Version   : ESMF_8_1_0_beta_snapshot_44
20210208 193437.941 INFO             PET0 ESMF library build date/time: "Feb  8 2021" "19:24:28"
20210208 193437.941 INFO             PET0 ESMF library build location : /home/hpillai/esmf_test/intel/esmf
20210208 193437.941 INFO             PET0 ESMF_COMM                   : intelmpi
20210208 193437.942 INFO             PET0 ESMF_MOAB                   : enabled
20210208 193437.942 INFO             PET0 ESMF_LAPACK                 : enabled
20210208 193437.942 INFO             PET0 ESMF_NETCDF                 : enabled
20210208 193437.942 INFO             PET0 ESMF_PNETCDF                : disabled
20210208 193437.942 INFO             PET0 ESMF_PIO                    : enabled
20210208 193437.942 INFO             PET0 ESMF_YAMLCPP                : enabled
20210208 193437.943 INFO             PET0  NUMBER_OF_PROCESSORS           1
20210208 193437.943 INFO             PET0  PASS  Example ESMF_AlarmEx, ESMF_AlarmEx.F90, line 244
20210208 193437.943 INFO             PET0 Finalizing ESMF
Mon Feb  8 22:04:00 CST 2021
