20210220 170341.300 INFO             PET0 !!!!!!!!!!!!!!!!!!!!!!!!!!!!!!!!!!!!!!!!!!!!!!!!!!!!!!
20210220 170341.301 INFO             PET0 !!! THE ESMF_LOG IS SET TO OUTPUT ALL LOG MESSAGES !!!
20210220 170341.301 INFO             PET0 !!!     THIS MAY CAUSE SLOWDOWN IN PERFORMANCE     !!!
20210220 170341.301 INFO             PET0 !!! FOR PRODUCTION RUNS, USE:                      !!!
20210220 170341.301 INFO             PET0 !!!                   ESMF_LOGKIND_Multi_On_Error  !!!
20210220 170341.301 INFO             PET0 !!!!!!!!!!!!!!!!!!!!!!!!!!!!!!!!!!!!!!!!!!!!!!!!!!!!!!
20210220 170341.301 INFO             PET0 Running with ESMF Version   : ESMF_8_2_0_beta_snapshot_00
20210220 170341.301 INFO             PET0 ESMF library build date/time: "Feb 20 2021" "16:51:06"
20210220 170341.301 INFO             PET0 ESMF library build location : /project/esmf/himanshu/intel/esmf
20210220 170341.301 INFO             PET0 ESMF_COMM                   : mpiuni
20210220 170341.303 INFO             PET0 ESMF_MOAB                   : enabled
20210220 170341.303 INFO             PET0 ESMF_LAPACK                 : enabled
20210220 170341.303 INFO             PET0 ESMF_NETCDF                 : disabled
20210220 170341.303 INFO             PET0 ESMF_PNETCDF                : disabled
20210220 170341.303 INFO             PET0 ESMF_PIO                    : disabled
20210220 170341.303 INFO             PET0 ESMF_YAMLCPP                : enabled
20210220 170341.304 ERROR            PET0 ESMCI_State.C:982 ESMCI::State::read() Library needed by ESMF not present  - Internal subroutine call returned Error
20210220 170341.304 ERROR            PET0 ESMF_StateAPI.cppF90:3191 ESMF_StateRead Library needed by ESMF not present  - Internal subroutine call returned Error
20210220 170341.305 INFO             PET0  NUMBER_OF_PROCESSORS           1
20210220 170341.307 INFO             PET0  PASS  Example ESMF_StateReadWriteEx, ESMF_StateReadWriteEx.F90, line 185
20210220 170341.307 INFO             PET0 Finalizing ESMF
Sat Feb 20 18:15:21 MST 2021
