20201103 011505.166 INFO             PET0 !!!!!!!!!!!!!!!!!!!!!!!!!!!!!!!!!!!!!!!!!!!!!!!!!!!!!!
20201103 011505.167 INFO             PET0 !!! THE ESMF_LOG IS SET TO OUTPUT ALL LOG MESSAGES !!!
20201103 011505.167 INFO             PET0 !!!     THIS MAY CAUSE SLOWDOWN IN PERFORMANCE     !!!
20201103 011505.167 INFO             PET0 !!! FOR PRODUCTION RUNS, USE:                      !!!
20201103 011505.167 INFO             PET0 !!!                   ESMF_LOGKIND_Multi_On_Error  !!!
20201103 011505.167 INFO             PET0 !!!!!!!!!!!!!!!!!!!!!!!!!!!!!!!!!!!!!!!!!!!!!!!!!!!!!!
20201103 011505.167 INFO             PET0 Running with ESMF Version   : ESMF_8_1_0_beta_snapshot_36-3-g26ac82d49b
20201103 011505.167 INFO             PET0 ESMF library build date/time: "Nov  3 2020" "01:04:14"
20201103 011505.167 INFO             PET0 ESMF library build location : /project/esmf/himanshu/intel/esmf
20201103 011505.167 INFO             PET0 ESMF_COMM                   : mpiuni
20201103 011505.170 INFO             PET0 ESMF_NETCDF                 : disabled
20201103 011505.170 INFO             PET0 ESMF_PNETCDF                : disabled
20201103 011505.170 INFO             PET0 ESMF_PIO                    : disabled
20201103 011505.170 INFO             PET0 ESMF_YAMLCPP                : enabled
20201103 011505.170 INFO             PET0 ESMF_MOAB                   : enabled
20201103 011505.170 INFO             PET0 ESMF Tracing Enabled
20201103 011505.170 INFO             PET0 ESMF Profiling Enabled
20201103 011505.170 INFO             PET0 ESMF Trace/Profile clock: REALTIME
20201103 011505.181 INFO             PET0  NUMBER_OF_PROCESSORS           1
20201103 011505.181 INFO             PET0  PASS  Example ESMF_TraceEx, ESMF_TraceEx.F90, line 178
20201103 011505.181 INFO             PET0 Finalizing ESMF
20201103 011505.181 INFO             PET0 **************** Region Timings *******************
20201103 011505.181 INFO             PET0 Region              Count  Total (s)   Self (s)    Mean (s)    Min (s)     Max (s)
20201103 011505.182 INFO             PET0   [test] Run 1      5      0.0001      0.0001      0.0000      0.0000      0.0000
20201103 011505.182 INFO             PET0   [test] Init 1     1      0.0000      0.0000      0.0000      0.0000      0.0000
20201103 011505.182 INFO             PET0   [test] Final 1    1      0.0000      0.0000      0.0000      0.0000      0.0000
