20210218 085730.174 INFO             PET0 !!!!!!!!!!!!!!!!!!!!!!!!!!!!!!!!!!!!!!!!!!!!!!!!!!!!!!
20210218 085730.174 INFO             PET0 !!! THE ESMF_LOG IS SET TO OUTPUT ALL LOG MESSAGES !!!
20210218 085730.174 INFO             PET0 !!!     THIS MAY CAUSE SLOWDOWN IN PERFORMANCE     !!!
20210218 085730.174 INFO             PET0 !!! FOR PRODUCTION RUNS, USE:                      !!!
20210218 085730.174 INFO             PET0 !!!                   ESMF_LOGKIND_Multi_On_Error  !!!
20210218 085730.174 INFO             PET0 !!!!!!!!!!!!!!!!!!!!!!!!!!!!!!!!!!!!!!!!!!!!!!!!!!!!!!
20210218 085730.174 INFO             PET0 Running with ESMF Version   : ESMF_8_1_0_beta_snapshot_46-5-g3a89871faa
20210218 085730.174 INFO             PET0 ESMF library build date/time: "Feb 18 2021" "08:44:57"
20210218 085730.174 INFO             PET0 ESMF library build location : /project/esmf/himanshu/intel/esmf
20210218 085730.174 INFO             PET0 ESMF_COMM                   : mpiuni
20210218 085730.176 INFO             PET0 ESMF_MOAB                   : enabled
20210218 085730.176 INFO             PET0 ESMF_LAPACK                 : enabled
20210218 085730.176 INFO             PET0 ESMF_NETCDF                 : disabled
20210218 085730.176 INFO             PET0 ESMF_PNETCDF                : disabled
20210218 085730.176 INFO             PET0 ESMF_PIO                    : disabled
20210218 085730.176 INFO             PET0 ESMF_YAMLCPP                : enabled
20210218 085730.183 INFO             PET0  NUMBER_OF_PROCESSORS           1
20210218 085730.183 INFO             PET0  PASS  Example ESMF_ConfigOverviewEx, ESMF_ConfigOverviewEx.F90, line 415
20210218 085730.183 INFO             PET0 Finalizing ESMF
Thu Feb 18 10:01:46 MST 2021
