20201014 044328.685 INFO             PET0 !!!!!!!!!!!!!!!!!!!!!!!!!!!!!!!!!!!!!!!!!!!!!!!!!!!!!!
20201014 044328.685 INFO             PET0 !!! THE ESMF_LOG IS SET TO OUTPUT ALL LOG MESSAGES !!!
20201014 044328.686 INFO             PET0 !!!     THIS MAY CAUSE SLOWDOWN IN PERFORMANCE     !!!
20201014 044328.686 INFO             PET0 !!! FOR PRODUCTION RUNS, USE:                      !!!
20201014 044328.686 INFO             PET0 !!!                   ESMF_LOGKIND_Multi_On_Error  !!!
20201014 044328.686 INFO             PET0 !!!!!!!!!!!!!!!!!!!!!!!!!!!!!!!!!!!!!!!!!!!!!!!!!!!!!!
20201014 044328.686 INFO             PET0 Running with ESMF Version   : ESMF_8_1_0_beta_snapshot_34-2-g6f6b2ef6fb
20201014 044328.686 INFO             PET0 ESMF library build date/time: "Oct 14 2020" "04:32:59"
20201014 044328.686 INFO             PET0 ESMF library build location : /scratch/esmf/esmf_test/cronjobs/trunk/gfortran/esmf
20201014 044328.686 INFO             PET0 ESMF_COMM                   : openmpi
20201014 044328.686 INFO             PET0 ESMF_NETCDF                 : disabled
20201014 044328.686 INFO             PET0 ESMF_PNETCDF                : disabled
20201014 044328.686 INFO             PET0 ESMF_PIO                    : enabled
20201014 044328.686 INFO             PET0 ESMF_YAMLCPP                : enabled
20201014 044328.686 INFO             PET0 ESMF_MOAB                   : enabled
20201014 044328.687 ERROR            PET0 ESMCI_State.C:982 ESMCI::State::read() Library needed by ESMF not present  - Internal subroutine call returned Error
20201014 044328.687 ERROR            PET0 ESMF_StateAPI.cppF90:3167 ESMF_StateRead Library needed by ESMF not present  - Internal subroutine call returned Error
20201014 044328.687 INFO             PET0  NUMBER_OF_PROCESSORS           4
20201014 044328.687 INFO             PET0  PASS  Example ESMF_StateReadWriteEx, ESMF_StateReadWriteEx.F90, line 185
20201014 044328.687 INFO             PET0 Finalizing ESMF
20201014 044328.685 INFO             PET1 !!!!!!!!!!!!!!!!!!!!!!!!!!!!!!!!!!!!!!!!!!!!!!!!!!!!!!
20201014 044328.685 INFO             PET1 !!! THE ESMF_LOG IS SET TO OUTPUT ALL LOG MESSAGES !!!
20201014 044328.685 INFO             PET1 !!!     THIS MAY CAUSE SLOWDOWN IN PERFORMANCE     !!!
20201014 044328.685 INFO             PET1 !!! FOR PRODUCTION RUNS, USE:                      !!!
20201014 044328.685 INFO             PET1 !!!                   ESMF_LOGKIND_Multi_On_Error  !!!
20201014 044328.685 INFO             PET1 !!!!!!!!!!!!!!!!!!!!!!!!!!!!!!!!!!!!!!!!!!!!!!!!!!!!!!
20201014 044328.685 INFO             PET1 Running with ESMF Version   : ESMF_8_1_0_beta_snapshot_34-2-g6f6b2ef6fb
20201014 044328.685 INFO             PET1 ESMF library build date/time: "Oct 14 2020" "04:32:59"
20201014 044328.685 INFO             PET1 ESMF library build location : /scratch/esmf/esmf_test/cronjobs/trunk/gfortran/esmf
20201014 044328.685 INFO             PET1 ESMF_COMM                   : openmpi
20201014 044328.686 INFO             PET1 ESMF_NETCDF                 : disabled
20201014 044328.686 INFO             PET1 ESMF_PNETCDF                : disabled
20201014 044328.686 INFO             PET1 ESMF_PIO                    : enabled
20201014 044328.686 INFO             PET1 ESMF_YAMLCPP                : enabled
20201014 044328.686 INFO             PET1 ESMF_MOAB                   : enabled
20201014 044328.686 ERROR            PET1 ESMCI_State.C:982 ESMCI::State::read() Library needed by ESMF not present  - Internal subroutine call returned Error
20201014 044328.687 ERROR            PET1 ESMF_StateAPI.cppF90:3167 ESMF_StateRead Library needed by ESMF not present  - Internal subroutine call returned Error
20201014 044328.687 INFO             PET1  NUMBER_OF_PROCESSORS           4
20201014 044328.687 INFO             PET1  PASS  Example ESMF_StateReadWriteEx, ESMF_StateReadWriteEx.F90, line 185
20201014 044328.687 INFO             PET1 Finalizing ESMF
20201014 044328.685 INFO             PET2 !!!!!!!!!!!!!!!!!!!!!!!!!!!!!!!!!!!!!!!!!!!!!!!!!!!!!!
20201014 044328.685 INFO             PET2 !!! THE ESMF_LOG IS SET TO OUTPUT ALL LOG MESSAGES !!!
20201014 044328.686 INFO             PET2 !!!     THIS MAY CAUSE SLOWDOWN IN PERFORMANCE     !!!
20201014 044328.686 INFO             PET2 !!! FOR PRODUCTION RUNS, USE:                      !!!
20201014 044328.686 INFO             PET2 !!!                   ESMF_LOGKIND_Multi_On_Error  !!!
20201014 044328.686 INFO             PET2 !!!!!!!!!!!!!!!!!!!!!!!!!!!!!!!!!!!!!!!!!!!!!!!!!!!!!!
20201014 044328.686 INFO             PET2 Running with ESMF Version   : ESMF_8_1_0_beta_snapshot_34-2-g6f6b2ef6fb
20201014 044328.686 INFO             PET2 ESMF library build date/time: "Oct 14 2020" "04:32:59"
20201014 044328.686 INFO             PET2 ESMF library build location : /scratch/esmf/esmf_test/cronjobs/trunk/gfortran/esmf
20201014 044328.686 INFO             PET2 ESMF_COMM                   : openmpi
20201014 044328.686 INFO             PET2 ESMF_NETCDF                 : disabled
20201014 044328.686 INFO             PET2 ESMF_PNETCDF                : disabled
20201014 044328.686 INFO             PET2 ESMF_PIO                    : enabled
20201014 044328.686 INFO             PET2 ESMF_YAMLCPP                : enabled
20201014 044328.686 INFO             PET2 ESMF_MOAB                   : enabled
20201014 044328.687 ERROR            PET2 ESMCI_State.C:982 ESMCI::State::read() Library needed by ESMF not present  - Internal subroutine call returned Error
20201014 044328.687 ERROR            PET2 ESMF_StateAPI.cppF90:3167 ESMF_StateRead Library needed by ESMF not present  - Internal subroutine call returned Error
20201014 044328.687 INFO             PET2  NUMBER_OF_PROCESSORS           4
20201014 044328.687 INFO             PET2  PASS  Example ESMF_StateReadWriteEx, ESMF_StateReadWriteEx.F90, line 185
20201014 044328.687 INFO             PET2 Finalizing ESMF
20201014 044328.685 INFO             PET3 !!!!!!!!!!!!!!!!!!!!!!!!!!!!!!!!!!!!!!!!!!!!!!!!!!!!!!
20201014 044328.685 INFO             PET3 !!! THE ESMF_LOG IS SET TO OUTPUT ALL LOG MESSAGES !!!
20201014 044328.685 INFO             PET3 !!!     THIS MAY CAUSE SLOWDOWN IN PERFORMANCE     !!!
20201014 044328.685 INFO             PET3 !!! FOR PRODUCTION RUNS, USE:                      !!!
20201014 044328.685 INFO             PET3 !!!                   ESMF_LOGKIND_Multi_On_Error  !!!
20201014 044328.685 INFO             PET3 !!!!!!!!!!!!!!!!!!!!!!!!!!!!!!!!!!!!!!!!!!!!!!!!!!!!!!
20201014 044328.685 INFO             PET3 Running with ESMF Version   : ESMF_8_1_0_beta_snapshot_34-2-g6f6b2ef6fb
20201014 044328.685 INFO             PET3 ESMF library build date/time: "Oct 14 2020" "04:32:59"
20201014 044328.685 INFO             PET3 ESMF library build location : /scratch/esmf/esmf_test/cronjobs/trunk/gfortran/esmf
20201014 044328.685 INFO             PET3 ESMF_COMM                   : openmpi
20201014 044328.686 INFO             PET3 ESMF_NETCDF                 : disabled
20201014 044328.686 INFO             PET3 ESMF_PNETCDF                : disabled
20201014 044328.686 INFO             PET3 ESMF_PIO                    : enabled
20201014 044328.686 INFO             PET3 ESMF_YAMLCPP                : enabled
20201014 044328.686 INFO             PET3 ESMF_MOAB                   : enabled
20201014 044328.686 ERROR            PET3 ESMCI_State.C:982 ESMCI::State::read() Library needed by ESMF not present  - Internal subroutine call returned Error
20201014 044328.687 ERROR            PET3 ESMF_StateAPI.cppF90:3167 ESMF_StateRead Library needed by ESMF not present  - Internal subroutine call returned Error
20201014 044328.687 INFO             PET3  NUMBER_OF_PROCESSORS           4
20201014 044328.687 INFO             PET3  PASS  Example ESMF_StateReadWriteEx, ESMF_StateReadWriteEx.F90, line 185
20201014 044328.687 INFO             PET3 Finalizing ESMF
