20201109 040143.225 INFO             PET0 !!!!!!!!!!!!!!!!!!!!!!!!!!!!!!!!!!!!!!!!!!!!!!!!!!!!!!
20201109 040143.225 INFO             PET0 !!! THE ESMF_LOG IS SET TO OUTPUT ALL LOG MESSAGES !!!
20201109 040143.225 INFO             PET0 !!!     THIS MAY CAUSE SLOWDOWN IN PERFORMANCE     !!!
20201109 040143.225 INFO             PET0 !!! FOR PRODUCTION RUNS, USE:                      !!!
20201109 040143.225 INFO             PET0 !!!                   ESMF_LOGKIND_Multi_On_Error  !!!
20201109 040143.225 INFO             PET0 !!!!!!!!!!!!!!!!!!!!!!!!!!!!!!!!!!!!!!!!!!!!!!!!!!!!!!
20201109 040143.225 INFO             PET0 Running with ESMF Version   : ESMF_8_1_0_beta_snapshot_36-23-g5b3af8aac9
20201109 040143.225 INFO             PET0 ESMF library build date/time: "Nov  9 2020" "03:52:05"
20201109 040143.225 INFO             PET0 ESMF library build location : /scratch/esmf/esmf_test/cronjobs/trunk/gfortran/esmf
20201109 040143.225 INFO             PET0 ESMF_COMM                   : openmpi
20201109 040143.225 INFO             PET0 ESMF_NETCDF                 : disabled
20201109 040143.225 INFO             PET0 ESMF_PNETCDF                : disabled
20201109 040143.225 INFO             PET0 ESMF_PIO                    : enabled
20201109 040143.225 INFO             PET0 ESMF_YAMLCPP                : enabled
20201109 040143.225 INFO             PET0 ESMF_MOAB                   : enabled
20201109 040143.226 INFO             PET0  NUMBER_OF_PROCESSORS           4
20201109 040143.226 INFO             PET0  PASS  Example ESMF_DELayoutEx, ESMF_DELayoutEx.F90, line 394
20201109 040143.226 INFO             PET0 Finalizing ESMF
20201109 040143.225 INFO             PET1 !!!!!!!!!!!!!!!!!!!!!!!!!!!!!!!!!!!!!!!!!!!!!!!!!!!!!!
20201109 040143.225 INFO             PET1 !!! THE ESMF_LOG IS SET TO OUTPUT ALL LOG MESSAGES !!!
20201109 040143.225 INFO             PET1 !!!     THIS MAY CAUSE SLOWDOWN IN PERFORMANCE     !!!
20201109 040143.225 INFO             PET1 !!! FOR PRODUCTION RUNS, USE:                      !!!
20201109 040143.225 INFO             PET1 !!!                   ESMF_LOGKIND_Multi_On_Error  !!!
20201109 040143.225 INFO             PET1 !!!!!!!!!!!!!!!!!!!!!!!!!!!!!!!!!!!!!!!!!!!!!!!!!!!!!!
20201109 040143.225 INFO             PET1 Running with ESMF Version   : ESMF_8_1_0_beta_snapshot_36-23-g5b3af8aac9
20201109 040143.225 INFO             PET1 ESMF library build date/time: "Nov  9 2020" "03:52:05"
20201109 040143.225 INFO             PET1 ESMF library build location : /scratch/esmf/esmf_test/cronjobs/trunk/gfortran/esmf
20201109 040143.225 INFO             PET1 ESMF_COMM                   : openmpi
20201109 040143.225 INFO             PET1 ESMF_NETCDF                 : disabled
20201109 040143.225 INFO             PET1 ESMF_PNETCDF                : disabled
20201109 040143.225 INFO             PET1 ESMF_PIO                    : enabled
20201109 040143.225 INFO             PET1 ESMF_YAMLCPP                : enabled
20201109 040143.225 INFO             PET1 ESMF_MOAB                   : enabled
20201109 040143.226 INFO             PET1  NUMBER_OF_PROCESSORS           4
20201109 040143.226 INFO             PET1  PASS  Example ESMF_DELayoutEx, ESMF_DELayoutEx.F90, line 394
20201109 040143.226 INFO             PET1 Finalizing ESMF
20201109 040143.225 INFO             PET2 !!!!!!!!!!!!!!!!!!!!!!!!!!!!!!!!!!!!!!!!!!!!!!!!!!!!!!
20201109 040143.225 INFO             PET2 !!! THE ESMF_LOG IS SET TO OUTPUT ALL LOG MESSAGES !!!
20201109 040143.225 INFO             PET2 !!!     THIS MAY CAUSE SLOWDOWN IN PERFORMANCE     !!!
20201109 040143.225 INFO             PET2 !!! FOR PRODUCTION RUNS, USE:                      !!!
20201109 040143.225 INFO             PET2 !!!                   ESMF_LOGKIND_Multi_On_Error  !!!
20201109 040143.225 INFO             PET2 !!!!!!!!!!!!!!!!!!!!!!!!!!!!!!!!!!!!!!!!!!!!!!!!!!!!!!
20201109 040143.225 INFO             PET2 Running with ESMF Version   : ESMF_8_1_0_beta_snapshot_36-23-g5b3af8aac9
20201109 040143.225 INFO             PET2 ESMF library build date/time: "Nov  9 2020" "03:52:05"
20201109 040143.225 INFO             PET2 ESMF library build location : /scratch/esmf/esmf_test/cronjobs/trunk/gfortran/esmf
20201109 040143.225 INFO             PET2 ESMF_COMM                   : openmpi
20201109 040143.225 INFO             PET2 ESMF_NETCDF                 : disabled
20201109 040143.225 INFO             PET2 ESMF_PNETCDF                : disabled
20201109 040143.225 INFO             PET2 ESMF_PIO                    : enabled
20201109 040143.225 INFO             PET2 ESMF_YAMLCPP                : enabled
20201109 040143.225 INFO             PET2 ESMF_MOAB                   : enabled
20201109 040143.226 INFO             PET2  NUMBER_OF_PROCESSORS           4
20201109 040143.226 INFO             PET2  PASS  Example ESMF_DELayoutEx, ESMF_DELayoutEx.F90, line 394
20201109 040143.226 INFO             PET2 Finalizing ESMF
20201109 040143.225 INFO             PET3 !!!!!!!!!!!!!!!!!!!!!!!!!!!!!!!!!!!!!!!!!!!!!!!!!!!!!!
20201109 040143.225 INFO             PET3 !!! THE ESMF_LOG IS SET TO OUTPUT ALL LOG MESSAGES !!!
20201109 040143.225 INFO             PET3 !!!     THIS MAY CAUSE SLOWDOWN IN PERFORMANCE     !!!
20201109 040143.225 INFO             PET3 !!! FOR PRODUCTION RUNS, USE:                      !!!
20201109 040143.225 INFO             PET3 !!!                   ESMF_LOGKIND_Multi_On_Error  !!!
20201109 040143.225 INFO             PET3 !!!!!!!!!!!!!!!!!!!!!!!!!!!!!!!!!!!!!!!!!!!!!!!!!!!!!!
20201109 040143.225 INFO             PET3 Running with ESMF Version   : ESMF_8_1_0_beta_snapshot_36-23-g5b3af8aac9
20201109 040143.225 INFO             PET3 ESMF library build date/time: "Nov  9 2020" "03:52:05"
20201109 040143.225 INFO             PET3 ESMF library build location : /scratch/esmf/esmf_test/cronjobs/trunk/gfortran/esmf
20201109 040143.225 INFO             PET3 ESMF_COMM                   : openmpi
20201109 040143.225 INFO             PET3 ESMF_NETCDF                 : disabled
20201109 040143.225 INFO             PET3 ESMF_PNETCDF                : disabled
20201109 040143.225 INFO             PET3 ESMF_PIO                    : enabled
20201109 040143.225 INFO             PET3 ESMF_YAMLCPP                : enabled
20201109 040143.225 INFO             PET3 ESMF_MOAB                   : enabled
20201109 040143.226 INFO             PET3  NUMBER_OF_PROCESSORS           4
20201109 040143.226 INFO             PET3  PASS  Example ESMF_DELayoutEx, ESMF_DELayoutEx.F90, line 394
20201109 040143.226 INFO             PET3 Finalizing ESMF
Mon Nov  9 05:04:07 MST 2020
