20210217 113845.768 INFO             PET0 !!!!!!!!!!!!!!!!!!!!!!!!!!!!!!!!!!!!!!!!!!!!!!!!!!!!!!
20210217 113845.768 INFO             PET0 !!! THE ESMF_LOG IS SET TO OUTPUT ALL LOG MESSAGES !!!
20210217 113845.768 INFO             PET0 !!!     THIS MAY CAUSE SLOWDOWN IN PERFORMANCE     !!!
20210217 113845.768 INFO             PET0 !!! FOR PRODUCTION RUNS, USE:                      !!!
20210217 113845.768 INFO             PET0 !!!                   ESMF_LOGKIND_Multi_On_Error  !!!
20210217 113845.768 INFO             PET0 !!!!!!!!!!!!!!!!!!!!!!!!!!!!!!!!!!!!!!!!!!!!!!!!!!!!!!
20210217 113845.768 INFO             PET0 Running with ESMF Version   : ESMF_8_1_0_beta_snapshot_46-2-g1ccee674c3
20210217 113845.768 INFO             PET0 ESMF library build date/time: "Feb 17 2021" "11:25:29"
20210217 113845.768 INFO             PET0 ESMF library build location : /scratch/esmf/esmf_test/cronjobs/trunk/gfortran/esmf
20210217 113845.768 INFO             PET0 ESMF_COMM                   : openmpi
20210217 113845.768 INFO             PET0 ESMF_MOAB                   : enabled
20210217 113845.768 INFO             PET0 ESMF_LAPACK                 : enabled
20210217 113845.768 INFO             PET0 ESMF_NETCDF                 : disabled
20210217 113845.768 INFO             PET0 ESMF_PNETCDF                : disabled
20210217 113845.768 INFO             PET0 ESMF_PIO                    : enabled
20210217 113845.768 INFO             PET0 ESMF_YAMLCPP                : enabled
20210217 113845.911 DEBUG            PET0 Comparing provider Grid: Grid005: 0x2472010
20210217 113845.911 DEBUG            PET0     to provider keyGrid: Grid005: 0x2472010
20210217 113845.911 DEBUG            PET0 Matching provider Grid found!
20210217 113845.960 DEBUG            PET0 Comparing acceptor Grid: Grid005: 0x2481850
20210217 113845.960 DEBUG            PET0     to acceptor keyGrid: Grid005: 0x2481850
20210217 113845.960 DEBUG            PET0 Matching acceptor found!
20210217 113845.998 INFO             PET0 Completing mirrored field: sea_surface_temperature
20210217 113845.999 INFO             PET0 Completing mirrored field: air_pressure_at_sea_level
20210217 113845.999 INFO             PET0 Completing mirrored field: surface_net_downward_shortwave_flux
20210217 113846.056 WARNING          PET0 ATM: Field 'sst' in the importState is not at the expected time. StandardName: sea_surface_temperature
20210217 113846.056 ERROR            PET0 ATM:src/addon/NUOPC/src/NUOPC_ModelBase.F90:3056 Invalid argument  - NUOPC INCOMPATIBILITY DETECTED: Import Fields not at current time
20210217 113846.056 ERROR            PET0 ATM:src/addon/NUOPC/src/NUOPC_ModelBase.F90:2756 Invalid argument  - Passing error in return code
20210217 113846.056 ERROR            PET0 Driver:src/addon/NUOPC/src/NUOPC_Driver.F90:3324 Invalid argument  - Phase 'RunPhase1' Run for modelComp 1 did not return ESMF_SUCCESS
20210217 113846.056 ERROR            PET0 Driver:src/addon/NUOPC/src/NUOPC_Driver.F90:3586 Invalid argument  - Passing error in return code
20210217 113846.056 ERROR            PET0 Driver:src/addon/NUOPC/src/NUOPC_Driver.F90:3239 Invalid argument  - Passing error in return code
20210217 113846.058 INFO             PET0  NUMBER_OF_PROCESSORS           4
20210217 113846.058 INFO             PET0  PASS  Example ESMF_NUOPCAtmModelEx, ESMF_NUOPCAtmModelEx.F90, line 1032
20210217 113846.058 INFO             PET0 Finalizing ESMF
20210217 113845.768 INFO             PET1 !!!!!!!!!!!!!!!!!!!!!!!!!!!!!!!!!!!!!!!!!!!!!!!!!!!!!!
20210217 113845.768 INFO             PET1 !!! THE ESMF_LOG IS SET TO OUTPUT ALL LOG MESSAGES !!!
20210217 113845.768 INFO             PET1 !!!     THIS MAY CAUSE SLOWDOWN IN PERFORMANCE     !!!
20210217 113845.768 INFO             PET1 !!! FOR PRODUCTION RUNS, USE:                      !!!
20210217 113845.768 INFO             PET1 !!!                   ESMF_LOGKIND_Multi_On_Error  !!!
20210217 113845.768 INFO             PET1 !!!!!!!!!!!!!!!!!!!!!!!!!!!!!!!!!!!!!!!!!!!!!!!!!!!!!!
20210217 113845.768 INFO             PET1 Running with ESMF Version   : ESMF_8_1_0_beta_snapshot_46-2-g1ccee674c3
20210217 113845.768 INFO             PET1 ESMF library build date/time: "Feb 17 2021" "11:25:29"
20210217 113845.768 INFO             PET1 ESMF library build location : /scratch/esmf/esmf_test/cronjobs/trunk/gfortran/esmf
20210217 113845.768 INFO             PET1 ESMF_COMM                   : openmpi
20210217 113845.768 INFO             PET1 ESMF_MOAB                   : enabled
20210217 113845.768 INFO             PET1 ESMF_LAPACK                 : enabled
20210217 113845.768 INFO             PET1 ESMF_NETCDF                 : disabled
20210217 113845.768 INFO             PET1 ESMF_PNETCDF                : disabled
20210217 113845.768 INFO             PET1 ESMF_PIO                    : enabled
20210217 113845.768 INFO             PET1 ESMF_YAMLCPP                : enabled
20210217 113845.911 DEBUG            PET1 Comparing provider Grid: Grid005: 0x1eed030
20210217 113845.911 DEBUG            PET1     to provider keyGrid: Grid005: 0x1eed030
20210217 113845.911 DEBUG            PET1 Matching provider Grid found!
20210217 113845.960 DEBUG            PET1 Comparing acceptor Grid: Grid005: 0x1efccf0
20210217 113845.960 DEBUG            PET1     to acceptor keyGrid: Grid005: 0x1efccf0
20210217 113845.960 DEBUG            PET1 Matching acceptor found!
20210217 113845.998 INFO             PET1 Completing mirrored field: sea_surface_temperature
20210217 113845.999 INFO             PET1 Completing mirrored field: air_pressure_at_sea_level
20210217 113846.000 INFO             PET1 Completing mirrored field: surface_net_downward_shortwave_flux
20210217 113846.056 WARNING          PET1 ATM: Field 'sst' in the importState is not at the expected time. StandardName: sea_surface_temperature
20210217 113846.056 ERROR            PET1 ATM:src/addon/NUOPC/src/NUOPC_ModelBase.F90:3056 Invalid argument  - NUOPC INCOMPATIBILITY DETECTED: Import Fields not at current time
20210217 113846.056 ERROR            PET1 ATM:src/addon/NUOPC/src/NUOPC_ModelBase.F90:2756 Invalid argument  - Passing error in return code
20210217 113846.056 ERROR            PET1 Driver:src/addon/NUOPC/src/NUOPC_Driver.F90:3324 Invalid argument  - Phase 'RunPhase1' Run for modelComp 1 did not return ESMF_SUCCESS
20210217 113846.056 ERROR            PET1 Driver:src/addon/NUOPC/src/NUOPC_Driver.F90:3586 Invalid argument  - Passing error in return code
20210217 113846.056 ERROR            PET1 Driver:src/addon/NUOPC/src/NUOPC_Driver.F90:3239 Invalid argument  - Passing error in return code
20210217 113846.058 INFO             PET1  NUMBER_OF_PROCESSORS           4
20210217 113846.058 INFO             PET1  PASS  Example ESMF_NUOPCAtmModelEx, ESMF_NUOPCAtmModelEx.F90, line 1032
20210217 113846.058 INFO             PET1 Finalizing ESMF
20210217 113845.768 INFO             PET2 !!!!!!!!!!!!!!!!!!!!!!!!!!!!!!!!!!!!!!!!!!!!!!!!!!!!!!
20210217 113845.768 INFO             PET2 !!! THE ESMF_LOG IS SET TO OUTPUT ALL LOG MESSAGES !!!
20210217 113845.768 INFO             PET2 !!!     THIS MAY CAUSE SLOWDOWN IN PERFORMANCE     !!!
20210217 113845.768 INFO             PET2 !!! FOR PRODUCTION RUNS, USE:                      !!!
20210217 113845.768 INFO             PET2 !!!                   ESMF_LOGKIND_Multi_On_Error  !!!
20210217 113845.768 INFO             PET2 !!!!!!!!!!!!!!!!!!!!!!!!!!!!!!!!!!!!!!!!!!!!!!!!!!!!!!
20210217 113845.768 INFO             PET2 Running with ESMF Version   : ESMF_8_1_0_beta_snapshot_46-2-g1ccee674c3
20210217 113845.768 INFO             PET2 ESMF library build date/time: "Feb 17 2021" "11:25:29"
20210217 113845.768 INFO             PET2 ESMF library build location : /scratch/esmf/esmf_test/cronjobs/trunk/gfortran/esmf
20210217 113845.768 INFO             PET2 ESMF_COMM                   : openmpi
20210217 113845.768 INFO             PET2 ESMF_MOAB                   : enabled
20210217 113845.768 INFO             PET2 ESMF_LAPACK                 : enabled
20210217 113845.768 INFO             PET2 ESMF_NETCDF                 : disabled
20210217 113845.768 INFO             PET2 ESMF_PNETCDF                : disabled
20210217 113845.768 INFO             PET2 ESMF_PIO                    : enabled
20210217 113845.768 INFO             PET2 ESMF_YAMLCPP                : enabled
20210217 113845.911 DEBUG            PET2 Comparing provider Grid: Grid005: 0x100af40
20210217 113845.911 DEBUG            PET2     to provider keyGrid: Grid005: 0x100af40
20210217 113845.911 DEBUG            PET2 Matching provider Grid found!
20210217 113845.960 DEBUG            PET2 Comparing acceptor Grid: Grid005: 0x101a2a0
20210217 113845.960 DEBUG            PET2     to acceptor keyGrid: Grid005: 0x101a2a0
20210217 113845.960 DEBUG            PET2 Matching acceptor found!
20210217 113845.998 INFO             PET2 Completing mirrored field: sea_surface_temperature
20210217 113845.999 INFO             PET2 Completing mirrored field: air_pressure_at_sea_level
20210217 113845.999 INFO             PET2 Completing mirrored field: surface_net_downward_shortwave_flux
20210217 113846.056 WARNING          PET2 ATM: Field 'sst' in the importState is not at the expected time. StandardName: sea_surface_temperature
20210217 113846.056 ERROR            PET2 ATM:src/addon/NUOPC/src/NUOPC_ModelBase.F90:3056 Invalid argument  - NUOPC INCOMPATIBILITY DETECTED: Import Fields not at current time
20210217 113846.056 ERROR            PET2 ATM:src/addon/NUOPC/src/NUOPC_ModelBase.F90:2756 Invalid argument  - Passing error in return code
20210217 113846.056 ERROR            PET2 Driver:src/addon/NUOPC/src/NUOPC_Driver.F90:3324 Invalid argument  - Phase 'RunPhase1' Run for modelComp 1 did not return ESMF_SUCCESS
20210217 113846.056 ERROR            PET2 Driver:src/addon/NUOPC/src/NUOPC_Driver.F90:3586 Invalid argument  - Passing error in return code
20210217 113846.056 ERROR            PET2 Driver:src/addon/NUOPC/src/NUOPC_Driver.F90:3239 Invalid argument  - Passing error in return code
20210217 113846.058 INFO             PET2  NUMBER_OF_PROCESSORS           4
20210217 113846.058 INFO             PET2  PASS  Example ESMF_NUOPCAtmModelEx, ESMF_NUOPCAtmModelEx.F90, line 1032
20210217 113846.058 INFO             PET2 Finalizing ESMF
20210217 113845.768 INFO             PET3 !!!!!!!!!!!!!!!!!!!!!!!!!!!!!!!!!!!!!!!!!!!!!!!!!!!!!!
20210217 113845.768 INFO             PET3 !!! THE ESMF_LOG IS SET TO OUTPUT ALL LOG MESSAGES !!!
20210217 113845.768 INFO             PET3 !!!     THIS MAY CAUSE SLOWDOWN IN PERFORMANCE     !!!
20210217 113845.768 INFO             PET3 !!! FOR PRODUCTION RUNS, USE:                      !!!
20210217 113845.768 INFO             PET3 !!!                   ESMF_LOGKIND_Multi_On_Error  !!!
20210217 113845.768 INFO             PET3 !!!!!!!!!!!!!!!!!!!!!!!!!!!!!!!!!!!!!!!!!!!!!!!!!!!!!!
20210217 113845.768 INFO             PET3 Running with ESMF Version   : ESMF_8_1_0_beta_snapshot_46-2-g1ccee674c3
20210217 113845.768 INFO             PET3 ESMF library build date/time: "Feb 17 2021" "11:25:29"
20210217 113845.768 INFO             PET3 ESMF library build location : /scratch/esmf/esmf_test/cronjobs/trunk/gfortran/esmf
20210217 113845.768 INFO             PET3 ESMF_COMM                   : openmpi
20210217 113845.768 INFO             PET3 ESMF_MOAB                   : enabled
20210217 113845.768 INFO             PET3 ESMF_LAPACK                 : enabled
20210217 113845.768 INFO             PET3 ESMF_NETCDF                 : disabled
20210217 113845.768 INFO             PET3 ESMF_PNETCDF                : disabled
20210217 113845.768 INFO             PET3 ESMF_PIO                    : enabled
20210217 113845.768 INFO             PET3 ESMF_YAMLCPP                : enabled
20210217 113845.911 DEBUG            PET3 Comparing provider Grid: Grid005: 0x1524f20
20210217 113845.911 DEBUG            PET3     to provider keyGrid: Grid005: 0x1524f20
20210217 113845.911 DEBUG            PET3 Matching provider Grid found!
20210217 113845.960 DEBUG            PET3 Comparing acceptor Grid: Grid005: 0x1533bf0
20210217 113845.960 DEBUG            PET3     to acceptor keyGrid: Grid005: 0x1533bf0
20210217 113845.960 DEBUG            PET3 Matching acceptor found!
20210217 113845.998 INFO             PET3 Completing mirrored field: sea_surface_temperature
20210217 113845.999 INFO             PET3 Completing mirrored field: air_pressure_at_sea_level
20210217 113846.000 INFO             PET3 Completing mirrored field: surface_net_downward_shortwave_flux
20210217 113846.056 WARNING          PET3 ATM: Field 'sst' in the importState is not at the expected time. StandardName: sea_surface_temperature
20210217 113846.056 ERROR            PET3 ATM:src/addon/NUOPC/src/NUOPC_ModelBase.F90:3056 Invalid argument  - NUOPC INCOMPATIBILITY DETECTED: Import Fields not at current time
20210217 113846.056 ERROR            PET3 ATM:src/addon/NUOPC/src/NUOPC_ModelBase.F90:2756 Invalid argument  - Passing error in return code
20210217 113846.056 ERROR            PET3 Driver:src/addon/NUOPC/src/NUOPC_Driver.F90:3324 Invalid argument  - Phase 'RunPhase1' Run for modelComp 1 did not return ESMF_SUCCESS
20210217 113846.056 ERROR            PET3 Driver:src/addon/NUOPC/src/NUOPC_Driver.F90:3586 Invalid argument  - Passing error in return code
20210217 113846.056 ERROR            PET3 Driver:src/addon/NUOPC/src/NUOPC_Driver.F90:3239 Invalid argument  - Passing error in return code
20210217 113846.058 INFO             PET3  NUMBER_OF_PROCESSORS           4
20210217 113846.058 INFO             PET3  PASS  Example ESMF_NUOPCAtmModelEx, ESMF_NUOPCAtmModelEx.F90, line 1032
20210217 113846.058 INFO             PET3 Finalizing ESMF
Wed Feb 17 12:39:22 MST 2021
