20210213 174140.948 INFO             PET1 !!!!!!!!!!!!!!!!!!!!!!!!!!!!!!!!!!!!!!!!!!!!!!!!!!!!!!
20210213 174140.948 INFO             PET1 !!! THE ESMF_LOG IS SET TO OUTPUT ALL LOG MESSAGES !!!
20210213 174140.948 INFO             PET1 !!!     THIS MAY CAUSE SLOWDOWN IN PERFORMANCE     !!!
20210213 174140.948 INFO             PET1 !!! FOR PRODUCTION RUNS, USE:                      !!!
20210213 174140.948 INFO             PET1 !!!                   ESMF_LOGKIND_Multi_On_Error  !!!
20210213 174140.948 INFO             PET1 !!!!!!!!!!!!!!!!!!!!!!!!!!!!!!!!!!!!!!!!!!!!!!!!!!!!!!
20210213 174140.948 INFO             PET1 Running with ESMF Version   : ESMF_8_1_0_beta_snapshot_44-80-g014a1253fa
20210213 174140.948 INFO             PET1 ESMF library build date/time: "Feb 13 2021" "17:38:57"
20210213 174140.948 INFO             PET1 ESMF library build location : /scratch/esmf/esmf_test/cronjobs/trunk/gfortran/esmf
20210213 174140.948 INFO             PET1 ESMF_COMM                   : mpich3
20210213 174140.949 INFO             PET1 ESMF_MOAB                   : enabled
20210213 174140.949 INFO             PET1 ESMF_LAPACK                 : enabled
20210213 174140.949 INFO             PET1 ESMF_NETCDF                 : disabled
20210213 174140.949 INFO             PET1 ESMF_PNETCDF                : disabled
20210213 174140.949 INFO             PET1 ESMF_PIO                    : enabled
20210213 174140.949 INFO             PET1 ESMF_YAMLCPP                : enabled
20210213 174140.949 INFO             PET1 Finalizing ESMF
20210213 174140.997 INFO             PET1 !!!!!!!!!!!!!!!!!!!!!!!!!!!!!!!!!!!!!!!!!!!!!!!!!!!!!!
20210213 174140.997 INFO             PET1 !!! THE ESMF_LOG IS SET TO OUTPUT ALL LOG MESSAGES !!!
20210213 174140.997 INFO             PET1 !!!     THIS MAY CAUSE SLOWDOWN IN PERFORMANCE     !!!
20210213 174140.997 INFO             PET1 !!! FOR PRODUCTION RUNS, USE:                      !!!
20210213 174140.997 INFO             PET1 !!!                   ESMF_LOGKIND_Multi_On_Error  !!!
20210213 174140.997 INFO             PET1 !!!!!!!!!!!!!!!!!!!!!!!!!!!!!!!!!!!!!!!!!!!!!!!!!!!!!!
20210213 174140.997 INFO             PET1 Running with ESMF Version   : ESMF_8_1_0_beta_snapshot_44-80-g014a1253fa
20210213 174140.997 INFO             PET1 ESMF library build date/time: "Feb 13 2021" "17:38:57"
20210213 174140.997 INFO             PET1 ESMF library build location : /scratch/esmf/esmf_test/cronjobs/trunk/gfortran/esmf
20210213 174140.997 INFO             PET1 ESMF_COMM                   : mpich3
20210213 174140.997 INFO             PET1 ESMF_MOAB                   : enabled
20210213 174140.997 INFO             PET1 ESMF_LAPACK                 : enabled
20210213 174140.997 INFO             PET1 ESMF_NETCDF                 : disabled
20210213 174140.997 INFO             PET1 ESMF_PNETCDF                : disabled
20210213 174140.997 INFO             PET1 ESMF_PIO                    : enabled
20210213 174140.997 INFO             PET1 ESMF_YAMLCPP                : enabled
20210213 174140.997 INFO             PET1 Finalizing ESMF
20210213 174141.045 INFO             PET1 !!!!!!!!!!!!!!!!!!!!!!!!!!!!!!!!!!!!!!!!!!!!!!!!!!!!!!
20210213 174141.045 INFO             PET1 !!! THE ESMF_LOG IS SET TO OUTPUT ALL LOG MESSAGES !!!
20210213 174141.045 INFO             PET1 !!!     THIS MAY CAUSE SLOWDOWN IN PERFORMANCE     !!!
20210213 174141.045 INFO             PET1 !!! FOR PRODUCTION RUNS, USE:                      !!!
20210213 174141.045 INFO             PET1 !!!                   ESMF_LOGKIND_Multi_On_Error  !!!
20210213 174141.045 INFO             PET1 !!!!!!!!!!!!!!!!!!!!!!!!!!!!!!!!!!!!!!!!!!!!!!!!!!!!!!
20210213 174141.045 INFO             PET1 Running with ESMF Version   : ESMF_8_1_0_beta_snapshot_44-80-g014a1253fa
20210213 174141.045 INFO             PET1 ESMF library build date/time: "Feb 13 2021" "17:38:57"
20210213 174141.045 INFO             PET1 ESMF library build location : /scratch/esmf/esmf_test/cronjobs/trunk/gfortran/esmf
20210213 174141.045 INFO             PET1 ESMF_COMM                   : mpich3
20210213 174141.046 INFO             PET1 ESMF_MOAB                   : enabled
20210213 174141.046 INFO             PET1 ESMF_LAPACK                 : enabled
20210213 174141.046 INFO             PET1 ESMF_NETCDF                 : disabled
20210213 174141.046 INFO             PET1 ESMF_PNETCDF                : disabled
20210213 174141.046 INFO             PET1 ESMF_PIO                    : enabled
20210213 174141.046 INFO             PET1 ESMF_YAMLCPP                : enabled
20210213 174141.046 INFO             PET1 Finalizing ESMF
Sat Feb 13 19:27:47 MST 2021
