20210210 233524.298 INFO             PET1 !!!!!!!!!!!!!!!!!!!!!!!!!!!!!!!!!!!!!!!!!!!!!!!!!!!!!!
20210210 233524.298 INFO             PET1 !!! THE ESMF_LOG IS SET TO OUTPUT ALL LOG MESSAGES !!!
20210210 233524.298 INFO             PET1 !!!     THIS MAY CAUSE SLOWDOWN IN PERFORMANCE     !!!
20210210 233524.298 INFO             PET1 !!! FOR PRODUCTION RUNS, USE:                      !!!
20210210 233524.298 INFO             PET1 !!!                   ESMF_LOGKIND_Multi_On_Error  !!!
20210210 233524.298 INFO             PET1 !!!!!!!!!!!!!!!!!!!!!!!!!!!!!!!!!!!!!!!!!!!!!!!!!!!!!!
20210210 233524.298 INFO             PET1 Running with ESMF Version   : ESMF_8_1_0_beta_snapshot_44-53-gdb2e74ae37
20210210 233524.298 INFO             PET1 ESMF library build date/time: "Feb 10 2021" "23:32:48"
20210210 233524.298 INFO             PET1 ESMF library build location : /scratch/esmf/esmf_test/cronjobs/trunk/gfortran/esmf
20210210 233524.298 INFO             PET1 ESMF_COMM                   : mpich3
20210210 233524.298 INFO             PET1 ESMF_MOAB                   : enabled
20210210 233524.298 INFO             PET1 ESMF_LAPACK                 : enabled
20210210 233524.298 INFO             PET1 ESMF_NETCDF                 : disabled
20210210 233524.298 INFO             PET1 ESMF_PNETCDF                : disabled
20210210 233524.298 INFO             PET1 ESMF_PIO                    : enabled
20210210 233524.298 INFO             PET1 ESMF_YAMLCPP                : enabled
20210210 233524.299 INFO             PET1 Finalizing ESMF
20210210 233524.334 INFO             PET1 !!!!!!!!!!!!!!!!!!!!!!!!!!!!!!!!!!!!!!!!!!!!!!!!!!!!!!
20210210 233524.334 INFO             PET1 !!! THE ESMF_LOG IS SET TO OUTPUT ALL LOG MESSAGES !!!
20210210 233524.334 INFO             PET1 !!!     THIS MAY CAUSE SLOWDOWN IN PERFORMANCE     !!!
20210210 233524.334 INFO             PET1 !!! FOR PRODUCTION RUNS, USE:                      !!!
20210210 233524.334 INFO             PET1 !!!                   ESMF_LOGKIND_Multi_On_Error  !!!
20210210 233524.334 INFO             PET1 !!!!!!!!!!!!!!!!!!!!!!!!!!!!!!!!!!!!!!!!!!!!!!!!!!!!!!
20210210 233524.334 INFO             PET1 Running with ESMF Version   : ESMF_8_1_0_beta_snapshot_44-53-gdb2e74ae37
20210210 233524.334 INFO             PET1 ESMF library build date/time: "Feb 10 2021" "23:32:48"
20210210 233524.334 INFO             PET1 ESMF library build location : /scratch/esmf/esmf_test/cronjobs/trunk/gfortran/esmf
20210210 233524.334 INFO             PET1 ESMF_COMM                   : mpich3
20210210 233524.335 INFO             PET1 ESMF_MOAB                   : enabled
20210210 233524.335 INFO             PET1 ESMF_LAPACK                 : enabled
20210210 233524.335 INFO             PET1 ESMF_NETCDF                 : disabled
20210210 233524.335 INFO             PET1 ESMF_PNETCDF                : disabled
20210210 233524.335 INFO             PET1 ESMF_PIO                    : enabled
20210210 233524.335 INFO             PET1 ESMF_YAMLCPP                : enabled
20210210 233524.335 INFO             PET1 Finalizing ESMF
20210210 233524.369 INFO             PET1 !!!!!!!!!!!!!!!!!!!!!!!!!!!!!!!!!!!!!!!!!!!!!!!!!!!!!!
20210210 233524.369 INFO             PET1 !!! THE ESMF_LOG IS SET TO OUTPUT ALL LOG MESSAGES !!!
20210210 233524.369 INFO             PET1 !!!     THIS MAY CAUSE SLOWDOWN IN PERFORMANCE     !!!
20210210 233524.369 INFO             PET1 !!! FOR PRODUCTION RUNS, USE:                      !!!
20210210 233524.369 INFO             PET1 !!!                   ESMF_LOGKIND_Multi_On_Error  !!!
20210210 233524.369 INFO             PET1 !!!!!!!!!!!!!!!!!!!!!!!!!!!!!!!!!!!!!!!!!!!!!!!!!!!!!!
20210210 233524.369 INFO             PET1 Running with ESMF Version   : ESMF_8_1_0_beta_snapshot_44-53-gdb2e74ae37
20210210 233524.369 INFO             PET1 ESMF library build date/time: "Feb 10 2021" "23:32:48"
20210210 233524.369 INFO             PET1 ESMF library build location : /scratch/esmf/esmf_test/cronjobs/trunk/gfortran/esmf
20210210 233524.369 INFO             PET1 ESMF_COMM                   : mpich3
20210210 233524.369 INFO             PET1 ESMF_MOAB                   : enabled
20210210 233524.369 INFO             PET1 ESMF_LAPACK                 : enabled
20210210 233524.369 INFO             PET1 ESMF_NETCDF                 : disabled
20210210 233524.369 INFO             PET1 ESMF_PNETCDF                : disabled
20210210 233524.369 INFO             PET1 ESMF_PIO                    : enabled
20210210 233524.369 INFO             PET1 ESMF_YAMLCPP                : enabled
20210210 233524.370 INFO             PET1 Finalizing ESMF
Thu Feb 11 02:34:10 MST 2021
