cd /home/hpillai/esmf_test/intel/esmf/src/apps; gmake ACTION=tree_build_apps tree
gmake[1]: Entering directory `/home/hpillai/esmf_test/intel/esmf/src/apps'
tree_build_apps in: /home/hpillai/esmf_test/intel/esmf/src/apps/ESMF_PrintInfo
gmake[2]: Entering directory `/home/hpillai/esmf_test/intel/esmf/src/apps/ESMF_PrintInfo'
gmake chkdir_apps
gmake[3]: Entering directory `/home/hpillai/esmf_test/intel/esmf/src/apps/ESMF_PrintInfo'
Making directory /home/hpillai/esmf_test/intel/esmf/apps/appsg/Linux.intel.64.intelmpi.default for apps output
gmake[3]: Leaving directory `/home/hpillai/esmf_test/intel/esmf/src/apps/ESMF_PrintInfo'
mpiifort    -m64 -mcmodel=small -pthread -threads -Wl,--no-as-needed  -qopenmp -L/home/hpillai/esmf_test/intel/esmf/lib/libg/Linux.intel.64.intelmpi.default -L/apps/intel-2020/netcdf-4.7.4-parallel/lib -L/apps/intel-2020/netcdf-4.7.4-parallel/lib  -Wl,-rpath,/home/hpillai/esmf_test/intel/esmf/lib/libg/Linux.intel.64.intelmpi.default -Wl,-rpath,/apps/intel-2020/netcdf-4.7.4-parallel/lib -Wl,-rpath,/apps/intel-2020/netcdf-4.7.4-parallel/lib -o /home/hpillai/esmf_test/intel/esmf/apps/appsg/Linux.intel.64.intelmpi.default/ESMF_PrintInfo /home/hpillai/esmf_test/intel/esmf/obj/objg/Linux.intel.64.intelmpi.default/src/apps/ESMF_PrintInfo/ESMF_PrintInfo.o -lesmf  -cxxlib -lrt -ldl -lnetcdf -lnetcdff
gmake[2]: Leaving directory `/home/hpillai/esmf_test/intel/esmf/src/apps/ESMF_PrintInfo'
tree_build_apps in: /home/hpillai/esmf_test/intel/esmf/src/apps/ESMF_PrintInfoC
gmake[2]: Entering directory `/home/hpillai/esmf_test/intel/esmf/src/apps/ESMF_PrintInfoC'
gmake chkdir_apps
gmake[3]: Entering directory `/home/hpillai/esmf_test/intel/esmf/src/apps/ESMF_PrintInfoC'
gmake[3]: Leaving directory `/home/hpillai/esmf_test/intel/esmf/src/apps/ESMF_PrintInfoC'
mpiicpc    -m64 -mcmodel=small -pthread -Wl,--no-as-needed  -qopenmp -L/home/hpillai/esmf_test/intel/esmf/lib/libg/Linux.intel.64.intelmpi.default -L/apps/intel-2020/netcdf-4.7.4-parallel/lib -L/apps/intel-2020/netcdf-4.7.4-parallel/lib -L/apps/intel-2020/intel-2020/compilers_and_libraries_2020.0.166/linux/compiler/lib/intel64_lin/ -Wl,-rpath,/home/hpillai/esmf_test/intel/esmf/lib/libg/Linux.intel.64.intelmpi.default -Wl,-rpath,/apps/intel-2020/netcdf-4.7.4-parallel/lib -Wl,-rpath,/apps/intel-2020/netcdf-4.7.4-parallel/lib -Wl,-rpath,/apps/intel-2020/intel-2020/compilers_and_libraries_2020.0.166/linux/compiler/lib/intel64_lin/ -o /home/hpillai/esmf_test/intel/esmf/apps/appsg/Linux.intel.64.intelmpi.default/ESMF_PrintInfoC /home/hpillai/esmf_test/intel/esmf/obj/objg/Linux.intel.64.intelmpi.default/src/apps/ESMF_PrintInfoC/ESMF_PrintInfoC.o -lesmf  -ldl -lrt -lpthread -lifport -lifcoremt -limf -lsvml -lm -lipgo -liomp5 -lintlc -lpthread -lsvml -ldl -lgcc -lgcc_s -lirc_s -ldl -lrt -ldl -lnetcdf -lnetcdff
gmake[2]: Leaving directory `/home/hpillai/esmf_test/intel/esmf/src/apps/ESMF_PrintInfoC'
tree_build_apps in: /home/hpillai/esmf_test/intel/esmf/src/apps/ESMF_RegridWeightGen
gmake[2]: Entering directory `/home/hpillai/esmf_test/intel/esmf/src/apps/ESMF_RegridWeightGen'
gmake chkdir_apps
gmake[3]: Entering directory `/home/hpillai/esmf_test/intel/esmf/src/apps/ESMF_RegridWeightGen'
gmake[3]: Leaving directory `/home/hpillai/esmf_test/intel/esmf/src/apps/ESMF_RegridWeightGen'
mpiifort    -m64 -mcmodel=small -pthread -threads -Wl,--no-as-needed  -qopenmp -L/home/hpillai/esmf_test/intel/esmf/lib/libg/Linux.intel.64.intelmpi.default -L/apps/intel-2020/netcdf-4.7.4-parallel/lib -L/apps/intel-2020/netcdf-4.7.4-parallel/lib  -Wl,-rpath,/home/hpillai/esmf_test/intel/esmf/lib/libg/Linux.intel.64.intelmpi.default -Wl,-rpath,/apps/intel-2020/netcdf-4.7.4-parallel/lib -Wl,-rpath,/apps/intel-2020/netcdf-4.7.4-parallel/lib -o /home/hpillai/esmf_test/intel/esmf/apps/appsg/Linux.intel.64.intelmpi.default/ESMF_RegridWeightGen /home/hpillai/esmf_test/intel/esmf/obj/objg/Linux.intel.64.intelmpi.default/src/apps/ESMF_RegridWeightGen/ESMF_RegridWeightGen.o -lesmf  -cxxlib -lrt -ldl -lnetcdf -lnetcdff
gmake[2]: Leaving directory `/home/hpillai/esmf_test/intel/esmf/src/apps/ESMF_RegridWeightGen'
tree_build_apps in: /home/hpillai/esmf_test/intel/esmf/src/apps/ESMF_WebServController
gmake[2]: Entering directory `/home/hpillai/esmf_test/intel/esmf/src/apps/ESMF_WebServController'
gmake chkdir_apps
gmake[3]: Entering directory `/home/hpillai/esmf_test/intel/esmf/src/apps/ESMF_WebServController'
gmake[3]: Leaving directory `/home/hpillai/esmf_test/intel/esmf/src/apps/ESMF_WebServController'
mpiicpc    -m64 -mcmodel=small -pthread -Wl,--no-as-needed  -qopenmp -L/home/hpillai/esmf_test/intel/esmf/lib/libg/Linux.intel.64.intelmpi.default -L/apps/intel-2020/netcdf-4.7.4-parallel/lib -L/apps/intel-2020/netcdf-4.7.4-parallel/lib -L/apps/intel-2020/intel-2020/compilers_and_libraries_2020.0.166/linux/compiler/lib/intel64_lin/ -Wl,-rpath,/home/hpillai/esmf_test/intel/esmf/lib/libg/Linux.intel.64.intelmpi.default -Wl,-rpath,/apps/intel-2020/netcdf-4.7.4-parallel/lib -Wl,-rpath,/apps/intel-2020/netcdf-4.7.4-parallel/lib -Wl,-rpath,/apps/intel-2020/intel-2020/compilers_and_libraries_2020.0.166/linux/compiler/lib/intel64_lin/ -o /home/hpillai/esmf_test/intel/esmf/apps/appsg/Linux.intel.64.intelmpi.default/ESMF_WebServController /home/hpillai/esmf_test/intel/esmf/obj/objg/Linux.intel.64.intelmpi.default/src/apps/ESMF_WebServController/ESMF_WebServController.o -lesmf  -ldl -lrt -lpthread -lifport -lifcoremt -limf -lsvml -lm -lipgo -liomp5 -lintlc -lpthread -lsvml -ldl -lgcc -lgcc_s -lirc_s -ldl -lrt -ldl -lnetcdf -lnetcdff
gmake[2]: Leaving directory `/home/hpillai/esmf_test/intel/esmf/src/apps/ESMF_WebServController'
tree_build_apps in: /home/hpillai/esmf_test/intel/esmf/src/apps/ESMF_Scrip2Unstruct
gmake[2]: Entering directory `/home/hpillai/esmf_test/intel/esmf/src/apps/ESMF_Scrip2Unstruct'
gmake chkdir_apps
gmake[3]: Entering directory `/home/hpillai/esmf_test/intel/esmf/src/apps/ESMF_Scrip2Unstruct'
gmake[3]: Leaving directory `/home/hpillai/esmf_test/intel/esmf/src/apps/ESMF_Scrip2Unstruct'
mpiicpc    -m64 -mcmodel=small -pthread -Wl,--no-as-needed  -qopenmp -L/home/hpillai/esmf_test/intel/esmf/lib/libg/Linux.intel.64.intelmpi.default -L/apps/intel-2020/netcdf-4.7.4-parallel/lib -L/apps/intel-2020/netcdf-4.7.4-parallel/lib -L/apps/intel-2020/intel-2020/compilers_and_libraries_2020.0.166/linux/compiler/lib/intel64_lin/ -Wl,-rpath,/home/hpillai/esmf_test/intel/esmf/lib/libg/Linux.intel.64.intelmpi.default -Wl,-rpath,/apps/intel-2020/netcdf-4.7.4-parallel/lib -Wl,-rpath,/apps/intel-2020/netcdf-4.7.4-parallel/lib -Wl,-rpath,/apps/intel-2020/intel-2020/compilers_and_libraries_2020.0.166/linux/compiler/lib/intel64_lin/ -o /home/hpillai/esmf_test/intel/esmf/apps/appsg/Linux.intel.64.intelmpi.default/ESMF_Scrip2Unstruct /home/hpillai/esmf_test/intel/esmf/obj/objg/Linux.intel.64.intelmpi.default/src/apps/ESMF_Scrip2Unstruct/ESMF_Scrip2Unstruct.o -lesmf  -ldl -lrt -lpthread -lifport -lifcoremt -limf -lsvml -lm -lipgo -liomp5 -lintlc -lpthread -lsvml -ldl -lgcc -lgcc_s -lirc_s -ldl -lrt -ldl -lnetcdf -lnetcdff
gmake[2]: Leaving directory `/home/hpillai/esmf_test/intel/esmf/src/apps/ESMF_Scrip2Unstruct'
tree_build_apps in: /home/hpillai/esmf_test/intel/esmf/src/apps/ESMF_Regrid
gmake[2]: Entering directory `/home/hpillai/esmf_test/intel/esmf/src/apps/ESMF_Regrid'
gmake chkdir_apps
gmake[3]: Entering directory `/home/hpillai/esmf_test/intel/esmf/src/apps/ESMF_Regrid'
gmake[3]: Leaving directory `/home/hpillai/esmf_test/intel/esmf/src/apps/ESMF_Regrid'
mpiifort    -m64 -mcmodel=small -pthread -threads -Wl,--no-as-needed  -qopenmp -L/home/hpillai/esmf_test/intel/esmf/lib/libg/Linux.intel.64.intelmpi.default -L/apps/intel-2020/netcdf-4.7.4-parallel/lib -L/apps/intel-2020/netcdf-4.7.4-parallel/lib  -Wl,-rpath,/home/hpillai/esmf_test/intel/esmf/lib/libg/Linux.intel.64.intelmpi.default -Wl,-rpath,/apps/intel-2020/netcdf-4.7.4-parallel/lib -Wl,-rpath,/apps/intel-2020/netcdf-4.7.4-parallel/lib -o /home/hpillai/esmf_test/intel/esmf/apps/appsg/Linux.intel.64.intelmpi.default/ESMF_Regrid /home/hpillai/esmf_test/intel/esmf/obj/objg/Linux.intel.64.intelmpi.default/src/apps/ESMF_Regrid/ESMF_Regrid.o -lesmf  -cxxlib -lrt -ldl -lnetcdf -lnetcdff
gmake[2]: Leaving directory `/home/hpillai/esmf_test/intel/esmf/src/apps/ESMF_Regrid'
gmake[1]: Leaving directory `/home/hpillai/esmf_test/intel/esmf/src/apps'
ESMF apps built successfully.
Tue Feb 16 21:51:24 CST 2021
