 
Checking ESMF installation:
 
cd /home/hpillai/esmf_test/intel/esmf/src/installcheck ;\
gmake clean
gmake[1]: Entering directory `/home/hpillai/esmf_test/intel/esmf/src/installcheck'
rm -f esmf_application esmc_application *.o *.mod
gmake[1]: Leaving directory `/home/hpillai/esmf_test/intel/esmf/src/installcheck'
cd /home/hpillai/esmf_test/intel/esmf/src/installcheck ;\
gmake
gmake[1]: Entering directory `/home/hpillai/esmf_test/intel/esmf/src/installcheck'
mpiifort -c -g -traceback -fp-model precise -g -traceback -check arg_temp_created,bounds,format,output_conversion,stack,uninit -fPIC -assume realloc_lhs -m64 -mcmodel=small -pthread -threads  -qopenmp -I/home/hpillai/esmf_test/intel/esmf/DEFAULTINSTALLDIR/mod/modg/Linux.intel.64.intelmpi.default -I/home/hpillai/esmf_test/intel/esmf/DEFAULTINSTALLDIR/include -I/apps/intel-2020/netcdf-4.7.4-parallel/include -I/apps/intel-2020/netcdf-4.7.4-parallel/include  esmf_application.f90
mpiicpc -c -g -traceback -fp-model precise -std=c++11 -g -traceback -Wcheck -fPIC -m64 -mcmodel=small -pthread  -qopenmp  -I/home/hpillai/esmf_test/intel/esmf/DEFAULTINSTALLDIR/include  -I/apps/intel-2020/netcdf-4.7.4-parallel/include -I/home/hpillai/esmf_test/intel/esmf/src/prologue/yaml-cpp/include -DESMF_NO_INTEGER_1_BYTE -DESMF_NO_INTEGER_2_BYTE -DESMFVERSIONGIT='ESMF_8_1_0_beta_snapshot_43-58-g2869d4f' -DESMF_MOAB=1 -DESMF_LAPACK=1 -DESMF_LAPACK_INTERNAL=1 -DESMF_NO_ACC_SOFTWARE_STACK=1 -DESMF_NETCDF=1 -DESMF_YAMLCPP=1 -DESMF_YAML=1 -DESMF_PIO=1 -DESMF_MPIIO -DESMF_NO_OPENACC -DESMF_TESTEXHAUSTIVE -DESMF_BOPT_g -DESMF_TESTCOMPTUNNEL -DESMF_TESTWITHTHREADS -DSx86_64_small=1 -DESMF_OS_Linux=1 -DESMF_COMM=intelmpi -DESMF_DIR=/home/hpillai/esmf_test/intel/esmf -D__SDIR__='' -DESMF_CXXSTD=11 esmc_application.c
mpiicpc -m64 -mcmodel=small -pthread -Wl,--no-as-needed  -qopenmp -L/home/hpillai/esmf_test/intel/esmf/DEFAULTINSTALLDIR/lib/libg/Linux.intel.64.intelmpi.default -L/apps/intel-2020/netcdf-4.7.4-parallel/lib -L/apps/intel-2020/netcdf-4.7.4-parallel/lib -L/apps/intel-2020/intel-2020/compilers_and_libraries_2020.0.166/linux/compiler/lib/intel64_lin/ -Wl,-rpath,/home/hpillai/esmf_test/intel/esmf/DEFAULTINSTALLDIR/lib/libg/Linux.intel.64.intelmpi.default -Wl,-rpath,/apps/intel-2020/netcdf-4.7.4-parallel/lib -Wl,-rpath,/apps/intel-2020/netcdf-4.7.4-parallel/lib -Wl,-rpath,/apps/intel-2020/intel-2020/compilers_and_libraries_2020.0.166/linux/compiler/lib/intel64_lin/ -o esmc_application esmc_application.o -lesmf  -ldl -lrt -lpthread -lifport -lifcoremt -limf -lsvml -lm -lipgo -liomp5 -lintlc -lpthread -lsvml -ldl -lgcc -lgcc_s -lirc_s -ldl -lrt -ldl -lnetcdf -lnetcdff
mpiifort -m64 -mcmodel=small -pthread -threads -Wl,--no-as-needed  -qopenmp -L/home/hpillai/esmf_test/intel/esmf/DEFAULTINSTALLDIR/lib/libg/Linux.intel.64.intelmpi.default -L/apps/intel-2020/netcdf-4.7.4-parallel/lib -L/apps/intel-2020/netcdf-4.7.4-parallel/lib  -Wl,-rpath,/home/hpillai/esmf_test/intel/esmf/DEFAULTINSTALLDIR/lib/libg/Linux.intel.64.intelmpi.default -Wl,-rpath,/apps/intel-2020/netcdf-4.7.4-parallel/lib -Wl,-rpath,/apps/intel-2020/netcdf-4.7.4-parallel/lib -o esmf_application esmf_application.o -lesmf  -cxxlib -lrt -ldl -lnetcdf -lnetcdff        
gmake[1]: Leaving directory `/home/hpillai/esmf_test/intel/esmf/src/installcheck'
cd /home/hpillai/esmf_test/intel/esmf/src/installcheck ;\
        gmake check
gmake[1]: Entering directory `/home/hpillai/esmf_test/intel/esmf/src/installcheck'
PASS: check
gmake[1]: Leaving directory `/home/hpillai/esmf_test/intel/esmf/src/installcheck'
 
ESMF installation check complete.
 
Sat Feb  6 20:56:26 CST 2021
