 
Installing ESMF:
 
mkdir -p /home/hpillai/esmf_test/intel/esmf/DEFAULTINSTALLDIR/include
cp -f /home/hpillai/esmf_test/intel/esmf/src/include/ESMC.h /home/hpillai/esmf_test/intel/esmf/DEFAULTINSTALLDIR/include
cp -f /home/hpillai/esmf_test/intel/esmf/src/include/ESMC_*.h /home/hpillai/esmf_test/intel/esmf/DEFAULTINSTALLDIR/include
cp -f /home/hpillai/esmf_test/intel/esmf/build_config/Linux.intel.default/ESMC_Conf.h /home/hpillai/esmf_test/intel/esmf/DEFAULTINSTALLDIR/include
mkdir -p /home/hpillai/esmf_test/intel/esmf/DEFAULTINSTALLDIR/mod/modg/Linux.intel.64.intelmpi.default
cp -f /home/hpillai/esmf_test/intel/esmf/mod/modg/Linux.intel.64.intelmpi.default/*.mod /home/hpillai/esmf_test/intel/esmf/DEFAULTINSTALLDIR/mod/modg/Linux.intel.64.intelmpi.default
mkdir -p /home/hpillai/esmf_test/intel/esmf/DEFAULTINSTALLDIR/lib/libg/Linux.intel.64.intelmpi.default
cp -f /home/hpillai/esmf_test/intel/esmf/lib/libg/Linux.intel.64.intelmpi.default/libesmf*.* /home/hpillai/esmf_test/intel/esmf/DEFAULTINSTALLDIR/lib/libg/Linux.intel.64.intelmpi.default
gmake ESMF_PRELOADDIR=/home/hpillai/esmf_test/intel/esmf/DEFAULTINSTALLDIR/lib/libg/Linux.intel.64.intelmpi.default build_preload_script
gmake[1]: Entering directory `/home/hpillai/esmf_test/intel/esmf'
chmod 755 /home/hpillai/esmf_test/intel/esmf/DEFAULTINSTALLDIR/lib/libg/Linux.intel.64.intelmpi.default/preload.sh
gmake[1]: Leaving directory `/home/hpillai/esmf_test/intel/esmf'
ranlib /home/hpillai/esmf_test/intel/esmf/DEFAULTINSTALLDIR/lib/libg/Linux.intel.64.intelmpi.default/libesmf*.a
gmake install_apps
gmake[1]: Entering directory `/home/hpillai/esmf_test/intel/esmf'
mkdir -p /home/hpillai/esmf_test/intel/esmf/DEFAULTINSTALLDIR/bin/bing/Linux.intel.64.intelmpi.default
gmake build_apps ESMF_APPSDIR=/home/hpillai/esmf_test/intel/esmf/DEFAULTINSTALLDIR/bin/bing/Linux.intel.64.intelmpi.default ESMF_LDIR=/home/hpillai/esmf_test/intel/esmf/DEFAULTINSTALLDIR/lib/libg/Linux.intel.64.intelmpi.default ESMF_LIBDIR=/home/hpillai/esmf_test/intel/esmf/DEFAULTINSTALLDIR/lib/libg/Linux.intel.64.intelmpi.default ESMF_MODDIR=/home/hpillai/esmf_test/intel/esmf/DEFAULTINSTALLDIR/mod/modg/Linux.intel.64.intelmpi.default
gmake[2]: Entering directory `/home/hpillai/esmf_test/intel/esmf'
cd /home/hpillai/esmf_test/intel/esmf/src/apps; gmake ACTION=tree_build_apps tree
gmake[3]: Entering directory `/home/hpillai/esmf_test/intel/esmf/src/apps'
tree_build_apps in: /home/hpillai/esmf_test/intel/esmf/src/apps/ESMF_PrintInfo
gmake[4]: Entering directory `/home/hpillai/esmf_test/intel/esmf/src/apps/ESMF_PrintInfo'
gmake chkdir_locobj
gmake[5]: Entering directory `/home/hpillai/esmf_test/intel/esmf/src/apps/ESMF_PrintInfo'
Making directory /home/hpillai/esmf_test/intel/esmf/obj/objg/Linux.intel.64.intelmpi.default/src/apps/ESMF_PrintInfo for apps output
gmake[5]: Leaving directory `/home/hpillai/esmf_test/intel/esmf/src/apps/ESMF_PrintInfo'
mpiifort -c -g -traceback -fp-model precise -g -traceback -check arg_temp_created,bounds,format,output_conversion,stack,uninit -fPIC -assume realloc_lhs -m64 -mcmodel=small -pthread -threads  -qopenmp -I/home/hpillai/esmf_test/intel/esmf/src/apps/ESMF_PrintInfo -I/home/hpillai/esmf_test/intel/esmf/build_config/Linux.intel.default -I/home/hpillai/esmf_test/intel/esmf/src/Infrastructure -I/home/hpillai/esmf_test/intel/esmf/src/Superstructure -I/home/hpillai/esmf_test/intel/esmf/DEFAULTINSTALLDIR/mod/modg/Linux.intel.64.intelmpi.default -I/home/hpillai/esmf_test/intel/esmf/src/include -I/apps/intel-2020/netcdf-4.7.4-parallel/include -I/apps/intel-2020/netcdf-4.7.4-parallel/include  -DESMF_NO_INTEGER_1_BYTE -DESMF_NO_INTEGER_2_BYTE -DESMFVERSIONGIT='"ESMF_8_1_0_beta_snapshot_46-1-gfab5eab"' -DESMF_MOAB=1 -DESMF_LAPACK=1 -DESMF_LAPACK_INTERNAL=1 -DESMF_NO_ACC_SOFTWARE_STACK=1 -DESMF_NETCDF=1 -DESMF_YAMLCPP=1 -DESMF_YAML=1 -DESMF_PIO=1 -DESMF_MPIIO -DESMF_NO_OPENACC -DESMF_TESTEXHAUSTIVE -DESMF_BOPT_g -DESMF_TESTCOMPTUNNEL -DESMF_TESTWITHTHREADS -DSx86_64_small=1 -DESMF_OS_Linux=1 -DESMF_COMM=intelmpi -DESMF_DIR=/home/hpillai/esmf_test/intel/esmf ESMF_PrintInfo.F90 -o /home/hpillai/esmf_test/intel/esmf/obj/objg/Linux.intel.64.intelmpi.default/src/apps/ESMF_PrintInfo/ESMF_PrintInfo.o
gmake chkdir_apps
gmake[5]: Entering directory `/home/hpillai/esmf_test/intel/esmf/src/apps/ESMF_PrintInfo'
gmake[5]: Leaving directory `/home/hpillai/esmf_test/intel/esmf/src/apps/ESMF_PrintInfo'
mpiifort    -m64 -mcmodel=small -pthread -threads -Wl,--no-as-needed  -qopenmp -L/home/hpillai/esmf_test/intel/esmf/DEFAULTINSTALLDIR/lib/libg/Linux.intel.64.intelmpi.default -L/apps/intel-2020/netcdf-4.7.4-parallel/lib -L/apps/intel-2020/netcdf-4.7.4-parallel/lib  -Wl,-rpath,/home/hpillai/esmf_test/intel/esmf/DEFAULTINSTALLDIR/lib/libg/Linux.intel.64.intelmpi.default -Wl,-rpath,/apps/intel-2020/netcdf-4.7.4-parallel/lib -Wl,-rpath,/apps/intel-2020/netcdf-4.7.4-parallel/lib -o /home/hpillai/esmf_test/intel/esmf/DEFAULTINSTALLDIR/bin/bing/Linux.intel.64.intelmpi.default/ESMF_PrintInfo /home/hpillai/esmf_test/intel/esmf/obj/objg/Linux.intel.64.intelmpi.default/src/apps/ESMF_PrintInfo/ESMF_PrintInfo.o -lesmf  -cxxlib -lrt -ldl -lnetcdf -lnetcdff
gmake[4]: Leaving directory `/home/hpillai/esmf_test/intel/esmf/src/apps/ESMF_PrintInfo'
tree_build_apps in: /home/hpillai/esmf_test/intel/esmf/src/apps/ESMF_PrintInfoC
gmake[4]: Entering directory `/home/hpillai/esmf_test/intel/esmf/src/apps/ESMF_PrintInfoC'
gmake chkdir_locobj
gmake[5]: Entering directory `/home/hpillai/esmf_test/intel/esmf/src/apps/ESMF_PrintInfoC'
Making directory /home/hpillai/esmf_test/intel/esmf/obj/objg/Linux.intel.64.intelmpi.default/src/apps/ESMF_PrintInfoC for apps output
gmake[5]: Leaving directory `/home/hpillai/esmf_test/intel/esmf/src/apps/ESMF_PrintInfoC'
mpiicpc -c -g -traceback -fp-model precise -std=c++11 -g -traceback -Wcheck -fPIC -m64 -mcmodel=small -pthread  -qopenmp -I/home/hpillai/esmf_test/intel/esmf/src/apps/ESMF_PrintInfoC -I/home/hpillai/esmf_test/intel/esmf/src/apps/ESMF_PrintInfoC/../include -I/home/hpillai/esmf_test/intel/esmf/build_config/Linux.intel.default -I/home/hpillai/esmf_test/intel/esmf/src/Infrastructure -I/home/hpillai/esmf_test/intel/esmf/src/Superstructure -I/home/hpillai/esmf_test/intel/esmf/src/Infrastructure/stubs/pthread  -I/home/hpillai/esmf_test/intel/esmf/src/include  -I/apps/intel-2020/netcdf-4.7.4-parallel/include -I/home/hpillai/esmf_test/intel/esmf/src/prologue/yaml-cpp/include -DESMF_NO_INTEGER_1_BYTE -DESMF_NO_INTEGER_2_BYTE -DESMFVERSIONGIT='"ESMF_8_1_0_beta_snapshot_46-1-gfab5eab"' -DESMF_MOAB=1 -DESMF_LAPACK=1 -DESMF_LAPACK_INTERNAL=1 -DESMF_NO_ACC_SOFTWARE_STACK=1 -DESMF_NETCDF=1 -DESMF_YAMLCPP=1 -DESMF_YAML=1 -DESMF_PIO=1 -DESMF_MPIIO -DESMF_NO_OPENACC -DESMF_TESTEXHAUSTIVE -DESMF_BOPT_g -DESMF_TESTCOMPTUNNEL -DESMF_TESTWITHTHREADS -DSx86_64_small=1 -DESMF_OS_Linux=1 -DESMF_COMM=intelmpi -DESMF_DIR=/home/hpillai/esmf_test/intel/esmf -D__SDIR__='"src/apps/ESMF_PrintInfoC"' -DESMF_CXXSTD=11 ESMF_PrintInfoC.c -o /home/hpillai/esmf_test/intel/esmf/obj/objg/Linux.intel.64.intelmpi.default/src/apps/ESMF_PrintInfoC/ESMF_PrintInfoC.o
gmake chkdir_apps
gmake[5]: Entering directory `/home/hpillai/esmf_test/intel/esmf/src/apps/ESMF_PrintInfoC'
gmake[5]: Leaving directory `/home/hpillai/esmf_test/intel/esmf/src/apps/ESMF_PrintInfoC'
mpiicpc    -m64 -mcmodel=small -pthread -Wl,--no-as-needed  -qopenmp -L/home/hpillai/esmf_test/intel/esmf/DEFAULTINSTALLDIR/lib/libg/Linux.intel.64.intelmpi.default -L/apps/intel-2020/netcdf-4.7.4-parallel/lib -L/apps/intel-2020/netcdf-4.7.4-parallel/lib -L/apps/intel-2020/intel-2020/compilers_and_libraries_2020.0.166/linux/compiler/lib/intel64_lin/ -Wl,-rpath,/home/hpillai/esmf_test/intel/esmf/DEFAULTINSTALLDIR/lib/libg/Linux.intel.64.intelmpi.default -Wl,-rpath,/apps/intel-2020/netcdf-4.7.4-parallel/lib -Wl,-rpath,/apps/intel-2020/netcdf-4.7.4-parallel/lib -Wl,-rpath,/apps/intel-2020/intel-2020/compilers_and_libraries_2020.0.166/linux/compiler/lib/intel64_lin/ -o /home/hpillai/esmf_test/intel/esmf/DEFAULTINSTALLDIR/bin/bing/Linux.intel.64.intelmpi.default/ESMF_PrintInfoC /home/hpillai/esmf_test/intel/esmf/obj/objg/Linux.intel.64.intelmpi.default/src/apps/ESMF_PrintInfoC/ESMF_PrintInfoC.o -lesmf  -ldl -lrt -lpthread -lifport -lifcoremt -limf -lsvml -lm -lipgo -liomp5 -lintlc -lpthread -lsvml -ldl -lgcc -lgcc_s -lirc_s -ldl -lrt -ldl -lnetcdf -lnetcdff
gmake[4]: Leaving directory `/home/hpillai/esmf_test/intel/esmf/src/apps/ESMF_PrintInfoC'
tree_build_apps in: /home/hpillai/esmf_test/intel/esmf/src/apps/ESMF_RegridWeightGen
gmake[4]: Entering directory `/home/hpillai/esmf_test/intel/esmf/src/apps/ESMF_RegridWeightGen'
gmake chkdir_locobj
gmake[5]: Entering directory `/home/hpillai/esmf_test/intel/esmf/src/apps/ESMF_RegridWeightGen'
Making directory /home/hpillai/esmf_test/intel/esmf/obj/objg/Linux.intel.64.intelmpi.default/src/apps/ESMF_RegridWeightGen for apps output
gmake[5]: Leaving directory `/home/hpillai/esmf_test/intel/esmf/src/apps/ESMF_RegridWeightGen'
mpiifort -c -g -traceback -fp-model precise -g -traceback -check arg_temp_created,bounds,format,output_conversion,stack,uninit -fPIC -assume realloc_lhs -m64 -mcmodel=small -pthread -threads  -qopenmp -I/home/hpillai/esmf_test/intel/esmf/src/apps/ESMF_RegridWeightGen -I/home/hpillai/esmf_test/intel/esmf/build_config/Linux.intel.default -I/home/hpillai/esmf_test/intel/esmf/src/Infrastructure -I/home/hpillai/esmf_test/intel/esmf/src/Superstructure -I/home/hpillai/esmf_test/intel/esmf/DEFAULTINSTALLDIR/mod/modg/Linux.intel.64.intelmpi.default -I/home/hpillai/esmf_test/intel/esmf/src/include -I/apps/intel-2020/netcdf-4.7.4-parallel/include -I/apps/intel-2020/netcdf-4.7.4-parallel/include  -DESMF_NO_INTEGER_1_BYTE -DESMF_NO_INTEGER_2_BYTE -DESMFVERSIONGIT='"ESMF_8_1_0_beta_snapshot_46-1-gfab5eab"' -DESMF_MOAB=1 -DESMF_LAPACK=1 -DESMF_LAPACK_INTERNAL=1 -DESMF_NO_ACC_SOFTWARE_STACK=1 -DESMF_NETCDF=1 -DESMF_YAMLCPP=1 -DESMF_YAML=1 -DESMF_PIO=1 -DESMF_MPIIO -DESMF_NO_OPENACC -DESMF_TESTEXHAUSTIVE -DESMF_BOPT_g -DESMF_TESTCOMPTUNNEL -DESMF_TESTWITHTHREADS -DSx86_64_small=1 -DESMF_OS_Linux=1 -DESMF_COMM=intelmpi -DESMF_DIR=/home/hpillai/esmf_test/intel/esmf ESMF_RegridWeightGen.F90 -o /home/hpillai/esmf_test/intel/esmf/obj/objg/Linux.intel.64.intelmpi.default/src/apps/ESMF_RegridWeightGen/ESMF_RegridWeightGen.o
gmake chkdir_apps
gmake[5]: Entering directory `/home/hpillai/esmf_test/intel/esmf/src/apps/ESMF_RegridWeightGen'
gmake[5]: Leaving directory `/home/hpillai/esmf_test/intel/esmf/src/apps/ESMF_RegridWeightGen'
mpiifort    -m64 -mcmodel=small -pthread -threads -Wl,--no-as-needed  -qopenmp -L/home/hpillai/esmf_test/intel/esmf/DEFAULTINSTALLDIR/lib/libg/Linux.intel.64.intelmpi.default -L/apps/intel-2020/netcdf-4.7.4-parallel/lib -L/apps/intel-2020/netcdf-4.7.4-parallel/lib  -Wl,-rpath,/home/hpillai/esmf_test/intel/esmf/DEFAULTINSTALLDIR/lib/libg/Linux.intel.64.intelmpi.default -Wl,-rpath,/apps/intel-2020/netcdf-4.7.4-parallel/lib -Wl,-rpath,/apps/intel-2020/netcdf-4.7.4-parallel/lib -o /home/hpillai/esmf_test/intel/esmf/DEFAULTINSTALLDIR/bin/bing/Linux.intel.64.intelmpi.default/ESMF_RegridWeightGen /home/hpillai/esmf_test/intel/esmf/obj/objg/Linux.intel.64.intelmpi.default/src/apps/ESMF_RegridWeightGen/ESMF_RegridWeightGen.o -lesmf  -cxxlib -lrt -ldl -lnetcdf -lnetcdff
gmake[4]: Leaving directory `/home/hpillai/esmf_test/intel/esmf/src/apps/ESMF_RegridWeightGen'
tree_build_apps in: /home/hpillai/esmf_test/intel/esmf/src/apps/ESMF_WebServController
gmake[4]: Entering directory `/home/hpillai/esmf_test/intel/esmf/src/apps/ESMF_WebServController'
gmake chkdir_locobj
gmake[5]: Entering directory `/home/hpillai/esmf_test/intel/esmf/src/apps/ESMF_WebServController'
Making directory /home/hpillai/esmf_test/intel/esmf/obj/objg/Linux.intel.64.intelmpi.default/src/apps/ESMF_WebServController for apps output
gmake[5]: Leaving directory `/home/hpillai/esmf_test/intel/esmf/src/apps/ESMF_WebServController'
mpiicpc -c -g -traceback -fp-model precise -std=c++11 -g -traceback -Wcheck -fPIC -m64 -mcmodel=small -pthread  -qopenmp -I/home/hpillai/esmf_test/intel/esmf/src/apps/ESMF_WebServController -I/home/hpillai/esmf_test/intel/esmf/src/apps/ESMF_WebServController/../include -I/home/hpillai/esmf_test/intel/esmf/build_config/Linux.intel.default -I/home/hpillai/esmf_test/intel/esmf/src/Infrastructure -I/home/hpillai/esmf_test/intel/esmf/src/Superstructure -I/home/hpillai/esmf_test/intel/esmf/src/Infrastructure/stubs/pthread  -I/home/hpillai/esmf_test/intel/esmf/src/include  -I/apps/intel-2020/netcdf-4.7.4-parallel/include -I/home/hpillai/esmf_test/intel/esmf/src/prologue/yaml-cpp/include -DESMF_NO_INTEGER_1_BYTE -DESMF_NO_INTEGER_2_BYTE -DESMFVERSIONGIT='"ESMF_8_1_0_beta_snapshot_46-1-gfab5eab"' -DESMF_MOAB=1 -DESMF_LAPACK=1 -DESMF_LAPACK_INTERNAL=1 -DESMF_NO_ACC_SOFTWARE_STACK=1 -DESMF_NETCDF=1 -DESMF_YAMLCPP=1 -DESMF_YAML=1 -DESMF_PIO=1 -DESMF_MPIIO -DESMF_NO_OPENACC -DESMF_TESTEXHAUSTIVE -DESMF_BOPT_g -DESMF_TESTCOMPTUNNEL -DESMF_TESTWITHTHREADS -DSx86_64_small=1 -DESMF_OS_Linux=1 -DESMF_COMM=intelmpi -DESMF_DIR=/home/hpillai/esmf_test/intel/esmf -D__SDIR__='"src/apps/ESMF_WebServController"' -DESMF_CXXSTD=11 ESMF_WebServController.C -o /home/hpillai/esmf_test/intel/esmf/obj/objg/Linux.intel.64.intelmpi.default/src/apps/ESMF_WebServController/ESMF_WebServController.o
gmake chkdir_apps
gmake[5]: Entering directory `/home/hpillai/esmf_test/intel/esmf/src/apps/ESMF_WebServController'
gmake[5]: Leaving directory `/home/hpillai/esmf_test/intel/esmf/src/apps/ESMF_WebServController'
mpiicpc    -m64 -mcmodel=small -pthread -Wl,--no-as-needed  -qopenmp -L/home/hpillai/esmf_test/intel/esmf/DEFAULTINSTALLDIR/lib/libg/Linux.intel.64.intelmpi.default -L/apps/intel-2020/netcdf-4.7.4-parallel/lib -L/apps/intel-2020/netcdf-4.7.4-parallel/lib -L/apps/intel-2020/intel-2020/compilers_and_libraries_2020.0.166/linux/compiler/lib/intel64_lin/ -Wl,-rpath,/home/hpillai/esmf_test/intel/esmf/DEFAULTINSTALLDIR/lib/libg/Linux.intel.64.intelmpi.default -Wl,-rpath,/apps/intel-2020/netcdf-4.7.4-parallel/lib -Wl,-rpath,/apps/intel-2020/netcdf-4.7.4-parallel/lib -Wl,-rpath,/apps/intel-2020/intel-2020/compilers_and_libraries_2020.0.166/linux/compiler/lib/intel64_lin/ -o /home/hpillai/esmf_test/intel/esmf/DEFAULTINSTALLDIR/bin/bing/Linux.intel.64.intelmpi.default/ESMF_WebServController /home/hpillai/esmf_test/intel/esmf/obj/objg/Linux.intel.64.intelmpi.default/src/apps/ESMF_WebServController/ESMF_WebServController.o -lesmf  -ldl -lrt -lpthread -lifport -lifcoremt -limf -lsvml -lm -lipgo -liomp5 -lintlc -lpthread -lsvml -ldl -lgcc -lgcc_s -lirc_s -ldl -lrt -ldl -lnetcdf -lnetcdff
gmake[4]: Leaving directory `/home/hpillai/esmf_test/intel/esmf/src/apps/ESMF_WebServController'
tree_build_apps in: /home/hpillai/esmf_test/intel/esmf/src/apps/ESMF_Scrip2Unstruct
gmake[4]: Entering directory `/home/hpillai/esmf_test/intel/esmf/src/apps/ESMF_Scrip2Unstruct'
gmake chkdir_locobj
gmake[5]: Entering directory `/home/hpillai/esmf_test/intel/esmf/src/apps/ESMF_Scrip2Unstruct'
Making directory /home/hpillai/esmf_test/intel/esmf/obj/objg/Linux.intel.64.intelmpi.default/src/apps/ESMF_Scrip2Unstruct for apps output
gmake[5]: Leaving directory `/home/hpillai/esmf_test/intel/esmf/src/apps/ESMF_Scrip2Unstruct'
mpiicpc -c -g -traceback -fp-model precise -std=c++11 -g -traceback -Wcheck -fPIC -m64 -mcmodel=small -pthread  -qopenmp -I/home/hpillai/esmf_test/intel/esmf/src/apps/ESMF_Scrip2Unstruct -I/home/hpillai/esmf_test/intel/esmf/src/apps/ESMF_Scrip2Unstruct/../include -I/home/hpillai/esmf_test/intel/esmf/build_config/Linux.intel.default -I/home/hpillai/esmf_test/intel/esmf/src/Infrastructure -I/home/hpillai/esmf_test/intel/esmf/src/Superstructure -I/home/hpillai/esmf_test/intel/esmf/src/Infrastructure/stubs/pthread  -I/home/hpillai/esmf_test/intel/esmf/src/include  -I/apps/intel-2020/netcdf-4.7.4-parallel/include -I/home/hpillai/esmf_test/intel/esmf/src/prologue/yaml-cpp/include -DESMF_NO_INTEGER_1_BYTE -DESMF_NO_INTEGER_2_BYTE -DESMFVERSIONGIT='"ESMF_8_1_0_beta_snapshot_46-1-gfab5eab"' -DESMF_MOAB=1 -DESMF_LAPACK=1 -DESMF_LAPACK_INTERNAL=1 -DESMF_NO_ACC_SOFTWARE_STACK=1 -DESMF_NETCDF=1 -DESMF_YAMLCPP=1 -DESMF_YAML=1 -DESMF_PIO=1 -DESMF_MPIIO -DESMF_NO_OPENACC -DESMF_TESTEXHAUSTIVE -DESMF_BOPT_g -DESMF_TESTCOMPTUNNEL -DESMF_TESTWITHTHREADS -DSx86_64_small=1 -DESMF_OS_Linux=1 -DESMF_COMM=intelmpi -DESMF_DIR=/home/hpillai/esmf_test/intel/esmf -D__SDIR__='"src/apps/ESMF_Scrip2Unstruct"' -DESMF_CXXSTD=11 ESMF_Scrip2Unstruct.C -o /home/hpillai/esmf_test/intel/esmf/obj/objg/Linux.intel.64.intelmpi.default/src/apps/ESMF_Scrip2Unstruct/ESMF_Scrip2Unstruct.o
ESMF_Scrip2Unstruct.C(582): warning #2259: non-pointer conversion from "int" to "char" may lose significant bits
      units[i]=tolower(units[i]);
              ^

ESMF_Scrip2Unstruct.C(839): warning #2259: non-pointer conversion from "int" to "char" may lose significant bits
  	    units[i]=tolower(units[i]);
  	            ^

ESMF_Scrip2Unstruct.C(968): warning #2259: non-pointer conversion from "int" to "char" may lose significant bits
        units[i]=tolower(units[i]);
                ^

gmake chkdir_apps
gmake[5]: Entering directory `/home/hpillai/esmf_test/intel/esmf/src/apps/ESMF_Scrip2Unstruct'
gmake[5]: Leaving directory `/home/hpillai/esmf_test/intel/esmf/src/apps/ESMF_Scrip2Unstruct'
mpiicpc    -m64 -mcmodel=small -pthread -Wl,--no-as-needed  -qopenmp -L/home/hpillai/esmf_test/intel/esmf/DEFAULTINSTALLDIR/lib/libg/Linux.intel.64.intelmpi.default -L/apps/intel-2020/netcdf-4.7.4-parallel/lib -L/apps/intel-2020/netcdf-4.7.4-parallel/lib -L/apps/intel-2020/intel-2020/compilers_and_libraries_2020.0.166/linux/compiler/lib/intel64_lin/ -Wl,-rpath,/home/hpillai/esmf_test/intel/esmf/DEFAULTINSTALLDIR/lib/libg/Linux.intel.64.intelmpi.default -Wl,-rpath,/apps/intel-2020/netcdf-4.7.4-parallel/lib -Wl,-rpath,/apps/intel-2020/netcdf-4.7.4-parallel/lib -Wl,-rpath,/apps/intel-2020/intel-2020/compilers_and_libraries_2020.0.166/linux/compiler/lib/intel64_lin/ -o /home/hpillai/esmf_test/intel/esmf/DEFAULTINSTALLDIR/bin/bing/Linux.intel.64.intelmpi.default/ESMF_Scrip2Unstruct /home/hpillai/esmf_test/intel/esmf/obj/objg/Linux.intel.64.intelmpi.default/src/apps/ESMF_Scrip2Unstruct/ESMF_Scrip2Unstruct.o -lesmf  -ldl -lrt -lpthread -lifport -lifcoremt -limf -lsvml -lm -lipgo -liomp5 -lintlc -lpthread -lsvml -ldl -lgcc -lgcc_s -lirc_s -ldl -lrt -ldl -lnetcdf -lnetcdff
gmake[4]: Leaving directory `/home/hpillai/esmf_test/intel/esmf/src/apps/ESMF_Scrip2Unstruct'
tree_build_apps in: /home/hpillai/esmf_test/intel/esmf/src/apps/ESMF_Regrid
gmake[4]: Entering directory `/home/hpillai/esmf_test/intel/esmf/src/apps/ESMF_Regrid'
gmake chkdir_locobj
gmake[5]: Entering directory `/home/hpillai/esmf_test/intel/esmf/src/apps/ESMF_Regrid'
Making directory /home/hpillai/esmf_test/intel/esmf/obj/objg/Linux.intel.64.intelmpi.default/src/apps/ESMF_Regrid for apps output
gmake[5]: Leaving directory `/home/hpillai/esmf_test/intel/esmf/src/apps/ESMF_Regrid'
mpiifort -c -g -traceback -fp-model precise -g -traceback -check arg_temp_created,bounds,format,output_conversion,stack,uninit -fPIC -assume realloc_lhs -m64 -mcmodel=small -pthread -threads  -qopenmp -I/home/hpillai/esmf_test/intel/esmf/src/apps/ESMF_Regrid -I/home/hpillai/esmf_test/intel/esmf/build_config/Linux.intel.default -I/home/hpillai/esmf_test/intel/esmf/src/Infrastructure -I/home/hpillai/esmf_test/intel/esmf/src/Superstructure -I/home/hpillai/esmf_test/intel/esmf/DEFAULTINSTALLDIR/mod/modg/Linux.intel.64.intelmpi.default -I/home/hpillai/esmf_test/intel/esmf/src/include -I/apps/intel-2020/netcdf-4.7.4-parallel/include -I/apps/intel-2020/netcdf-4.7.4-parallel/include  -DESMF_NO_INTEGER_1_BYTE -DESMF_NO_INTEGER_2_BYTE -DESMFVERSIONGIT='"ESMF_8_1_0_beta_snapshot_46-1-gfab5eab"' -DESMF_MOAB=1 -DESMF_LAPACK=1 -DESMF_LAPACK_INTERNAL=1 -DESMF_NO_ACC_SOFTWARE_STACK=1 -DESMF_NETCDF=1 -DESMF_YAMLCPP=1 -DESMF_YAML=1 -DESMF_PIO=1 -DESMF_MPIIO -DESMF_NO_OPENACC -DESMF_TESTEXHAUSTIVE -DESMF_BOPT_g -DESMF_TESTCOMPTUNNEL -DESMF_TESTWITHTHREADS -DSx86_64_small=1 -DESMF_OS_Linux=1 -DESMF_COMM=intelmpi -DESMF_DIR=/home/hpillai/esmf_test/intel/esmf ESMF_Regrid.F90 -o /home/hpillai/esmf_test/intel/esmf/obj/objg/Linux.intel.64.intelmpi.default/src/apps/ESMF_Regrid/ESMF_Regrid.o
gmake chkdir_apps
gmake[5]: Entering directory `/home/hpillai/esmf_test/intel/esmf/src/apps/ESMF_Regrid'
gmake[5]: Leaving directory `/home/hpillai/esmf_test/intel/esmf/src/apps/ESMF_Regrid'
mpiifort    -m64 -mcmodel=small -pthread -threads -Wl,--no-as-needed  -qopenmp -L/home/hpillai/esmf_test/intel/esmf/DEFAULTINSTALLDIR/lib/libg/Linux.intel.64.intelmpi.default -L/apps/intel-2020/netcdf-4.7.4-parallel/lib -L/apps/intel-2020/netcdf-4.7.4-parallel/lib  -Wl,-rpath,/home/hpillai/esmf_test/intel/esmf/DEFAULTINSTALLDIR/lib/libg/Linux.intel.64.intelmpi.default -Wl,-rpath,/apps/intel-2020/netcdf-4.7.4-parallel/lib -Wl,-rpath,/apps/intel-2020/netcdf-4.7.4-parallel/lib -o /home/hpillai/esmf_test/intel/esmf/DEFAULTINSTALLDIR/bin/bing/Linux.intel.64.intelmpi.default/ESMF_Regrid /home/hpillai/esmf_test/intel/esmf/obj/objg/Linux.intel.64.intelmpi.default/src/apps/ESMF_Regrid/ESMF_Regrid.o -lesmf  -cxxlib -lrt -ldl -lnetcdf -lnetcdff
gmake[4]: Leaving directory `/home/hpillai/esmf_test/intel/esmf/src/apps/ESMF_Regrid'
gmake[3]: Leaving directory `/home/hpillai/esmf_test/intel/esmf/src/apps'
ESMF apps built successfully.
gmake[2]: Leaving directory `/home/hpillai/esmf_test/intel/esmf'
gmake[1]: Leaving directory `/home/hpillai/esmf_test/intel/esmf'
mkdir -p /home/hpillai/esmf_test/intel/esmf/DEFAULTINSTALLDIR/doc
gmake install_info_mk
gmake[1]: Entering directory `/home/hpillai/esmf_test/intel/esmf'
gmake info_mk ESMF_APPSDIR=/home/hpillai/esmf_test/intel/esmf/DEFAULTINSTALLDIR/bin/bing/Linux.intel.64.intelmpi.default ESMF_LDIR=/home/hpillai/esmf_test/intel/esmf/DEFAULTINSTALLDIR/lib/libg/Linux.intel.64.intelmpi.default ESMF_LIBDIR=/home/hpillai/esmf_test/intel/esmf/DEFAULTINSTALLDIR/lib/libg/Linux.intel.64.intelmpi.default ESMF_MODDIR=/home/hpillai/esmf_test/intel/esmf/DEFAULTINSTALLDIR/mod/modg/Linux.intel.64.intelmpi.default ESMF_INCDIR=/home/hpillai/esmf_test/intel/esmf/DEFAULTINSTALLDIR/include
gmake[2]: Entering directory `/home/hpillai/esmf_test/intel/esmf'
gmake[2]: Leaving directory `/home/hpillai/esmf_test/intel/esmf'
gmake[1]: Leaving directory `/home/hpillai/esmf_test/intel/esmf'
 
ESMF installation complete.
 
Tue Feb 16 21:51:24 CST 2021
