 
Installing ESMF:
 
mkdir -p /project/esmf/himanshu/release_8.1.0/nag/install_dir/include
cp -f /project/esmf/himanshu/release_8.1.0/nag/esmf/src/include/ESMC.h /project/esmf/himanshu/release_8.1.0/nag/install_dir/include
cp -f /project/esmf/himanshu/release_8.1.0/nag/esmf/src/include/ESMC_*.h /project/esmf/himanshu/release_8.1.0/nag/install_dir/include
cp -f /project/esmf/himanshu/release_8.1.0/nag/esmf/build_config/Linux.nag.default/ESMC_Conf.h /project/esmf/himanshu/release_8.1.0/nag/install_dir/include
mkdir -p /project/esmf/himanshu/release_8.1.0/nag/install_dir/mod/modg/Linux.nag.64.mpiuni.default
cp -f /project/esmf/himanshu/release_8.1.0/nag/esmf/mod/modg/Linux.nag.64.mpiuni.default/*.mod /project/esmf/himanshu/release_8.1.0/nag/install_dir/mod/modg/Linux.nag.64.mpiuni.default
mkdir -p /project/esmf/himanshu/release_8.1.0/nag/install_dir/lib/libg/Linux.nag.64.mpiuni.default
cp -f /project/esmf/himanshu/release_8.1.0/nag/esmf/lib/libg/Linux.nag.64.mpiuni.default/libesmf*.* /project/esmf/himanshu/release_8.1.0/nag/install_dir/lib/libg/Linux.nag.64.mpiuni.default
gmake ESMF_PRELOADDIR=/project/esmf/himanshu/release_8.1.0/nag/install_dir/lib/libg/Linux.nag.64.mpiuni.default build_preload_script
gmake[1]: Entering directory '/project/esmf/himanshu/release_8.1.0/nag/esmf'
chmod 755 /project/esmf/himanshu/release_8.1.0/nag/install_dir/lib/libg/Linux.nag.64.mpiuni.default/preload.sh
gmake[1]: Leaving directory '/project/esmf/himanshu/release_8.1.0/nag/esmf'
ranlib /project/esmf/himanshu/release_8.1.0/nag/install_dir/lib/libg/Linux.nag.64.mpiuni.default/libesmf*.a
gmake install_apps
gmake[1]: Entering directory '/project/esmf/himanshu/release_8.1.0/nag/esmf'
mkdir -p /project/esmf/himanshu/release_8.1.0/nag/install_dir/bin/bing/Linux.nag.64.mpiuni.default
gmake build_apps ESMF_APPSDIR=/project/esmf/himanshu/release_8.1.0/nag/install_dir/bin/bing/Linux.nag.64.mpiuni.default ESMF_LDIR=/project/esmf/himanshu/release_8.1.0/nag/install_dir/lib/libg/Linux.nag.64.mpiuni.default ESMF_LIBDIR=/project/esmf/himanshu/release_8.1.0/nag/install_dir/lib/libg/Linux.nag.64.mpiuni.default ESMF_MODDIR=/project/esmf/himanshu/release_8.1.0/nag/install_dir/mod/modg/Linux.nag.64.mpiuni.default
gmake[2]: Entering directory '/project/esmf/himanshu/release_8.1.0/nag/esmf'
cd /project/esmf/himanshu/release_8.1.0/nag/esmf/src/apps; gmake ACTION=tree_build_apps tree
gmake[3]: Entering directory '/project/esmf/himanshu/release_8.1.0/nag/esmf/src/apps'
tree_build_apps in: /project/esmf/himanshu/release_8.1.0/nag/esmf/src/apps/ESMF_PrintInfo
gmake[4]: Entering directory '/project/esmf/himanshu/release_8.1.0/nag/esmf/src/apps/ESMF_PrintInfo'
gmake chkdir_locobj
gmake[5]: Entering directory '/project/esmf/himanshu/release_8.1.0/nag/esmf/src/apps/ESMF_PrintInfo'
Making directory /project/esmf/himanshu/release_8.1.0/nag/esmf/obj/objg/Linux.nag.64.mpiuni.default/src/apps/ESMF_PrintInfo for apps output
gmake[5]: Leaving directory '/project/esmf/himanshu/release_8.1.0/nag/esmf/src/apps/ESMF_PrintInfo'
nagfor -c -g -pic -DESMF_NAG_UNIX_MODULE -dusty -thread_safe  -openmp -I/project/esmf/himanshu/release_8.1.0/nag/esmf/src/apps/ESMF_PrintInfo -I/project/esmf/himanshu/release_8.1.0/nag/esmf/build_config/Linux.nag.default -I/project/esmf/himanshu/release_8.1.0/nag/esmf/src/Infrastructure -I/project/esmf/himanshu/release_8.1.0/nag/esmf/src/Superstructure -I/project/esmf/himanshu/release_8.1.0/nag/install_dir/mod/modg/Linux.nag.64.mpiuni.default -I/project/esmf/himanshu/release_8.1.0/nag/esmf/src/include   -DESMF_NO_INTEGER_1_BYTE -DESMF_NO_INTEGER_2_BYTE -DESMFVERSIONGIT='"ESMF_8_1_0_beta_snapshot_47-18-g3fd6502904"' -DESMF_MOAB=1 -DESMF_LAPACK=1 -DESMF_LAPACK_INTERNAL=1 -DESMF_NO_ACC_SOFTWARE_STACK=1 -DESMF_YAMLCPP=1 -DESMF_YAML=1 -DESMF_NO_OPENACC -DESMF_TESTEXHAUSTIVE -DESMF_BOPT_g -DESMF_TESTCOMPTUNNEL -DS64=1 -DESMF_OS_Linux=1 -DESMF_COMM=mpiuni -DESMF_DIR=/project/esmf/himanshu/release_8.1.0/nag/esmf -DESMF_MPIUNI -DESMF_NO_F2018ASSUMEDTYPE ESMF_PrintInfo.F90 -o /project/esmf/himanshu/release_8.1.0/nag/esmf/obj/objg/Linux.nag.64.mpiuni.default/src/apps/ESMF_PrintInfo/ESMF_PrintInfo.o
NAG Fortran Compiler Release 7.0(Yurakucho) Build 7005
Warning: ESMF_PrintInfo.F90, line 90: Unused local variable ARGFLAG
Warning: ESMF_PrintInfo.F90, line 90: Unused local variable ARGINDEX
[NAG Fortran Compiler normal termination, 2 warnings]
gmake chkdir_apps
gmake[5]: Entering directory '/project/esmf/himanshu/release_8.1.0/nag/esmf/src/apps/ESMF_PrintInfo'
gmake[5]: Leaving directory '/project/esmf/himanshu/release_8.1.0/nag/esmf/src/apps/ESMF_PrintInfo'
nagfor    -thread_safe -Wl,-Wl,,--no-as-needed  -openmp -L/project/esmf/himanshu/release_8.1.0/nag/install_dir/lib/libg/Linux.nag.64.mpiuni.default  -L/usr/local/gcc-g++-gfortran-9.3.0/lib/gcc/x86_64-pc-linux-gnu/9.3.0/../../../../lib64/ -Wl,-Wl,,-rpath,,/project/esmf/himanshu/release_8.1.0/nag/install_dir/lib/libg/Linux.nag.64.mpiuni.default  -Wl,-Wl,,-rpath,,/usr/local/gcc-g++-gfortran-9.3.0/lib/gcc/x86_64-pc-linux-gnu/9.3.0/../../../../lib64/ -o /project/esmf/himanshu/release_8.1.0/nag/install_dir/bin/bing/Linux.nag.64.mpiuni.default/ESMF_PrintInfo /project/esmf/himanshu/release_8.1.0/nag/esmf/obj/objg/Linux.nag.64.mpiuni.default/src/apps/ESMF_PrintInfo/ESMF_PrintInfo.o -lesmf  -lrt -lstdc++ -ldl
NAG Fortran Compiler Release 7.0(Yurakucho) Build 7005
gmake[4]: Leaving directory '/project/esmf/himanshu/release_8.1.0/nag/esmf/src/apps/ESMF_PrintInfo'
tree_build_apps in: /project/esmf/himanshu/release_8.1.0/nag/esmf/src/apps/ESMF_PrintInfoC
gmake[4]: Entering directory '/project/esmf/himanshu/release_8.1.0/nag/esmf/src/apps/ESMF_PrintInfoC'
gmake chkdir_locobj
gmake[5]: Entering directory '/project/esmf/himanshu/release_8.1.0/nag/esmf/src/apps/ESMF_PrintInfoC'
Making directory /project/esmf/himanshu/release_8.1.0/nag/esmf/obj/objg/Linux.nag.64.mpiuni.default/src/apps/ESMF_PrintInfoC for apps output
gmake[5]: Leaving directory '/project/esmf/himanshu/release_8.1.0/nag/esmf/src/apps/ESMF_PrintInfoC'
g++ -c -std=c++11 -g -fPIC -pthread  -fopenmp -I/project/esmf/himanshu/release_8.1.0/nag/esmf/src/apps/ESMF_PrintInfoC -I/project/esmf/himanshu/release_8.1.0/nag/esmf/src/apps/ESMF_PrintInfoC/../include -I/project/esmf/himanshu/release_8.1.0/nag/esmf/build_config/Linux.nag.default -I/project/esmf/himanshu/release_8.1.0/nag/esmf/src/Infrastructure -I/project/esmf/himanshu/release_8.1.0/nag/esmf/src/Superstructure -I/project/esmf/himanshu/release_8.1.0/nag/esmf/src/Infrastructure/stubs/pthread  -I/project/esmf/himanshu/release_8.1.0/nag/esmf/src/include   -I/project/esmf/himanshu/release_8.1.0/nag/esmf/src/Infrastructure/stubs/mpiuni -I/project/esmf/himanshu/release_8.1.0/nag/esmf/src/prologue/yaml-cpp/include -DESMF_NO_INTEGER_1_BYTE -DESMF_NO_INTEGER_2_BYTE -DESMFVERSIONGIT='"ESMF_8_1_0_beta_snapshot_47-18-g3fd6502904"' -DESMF_MOAB=1 -DESMF_LAPACK=1 -DESMF_LAPACK_INTERNAL=1 -DESMF_NO_ACC_SOFTWARE_STACK=1 -DESMF_YAMLCPP=1 -DESMF_YAML=1 -DESMF_NO_OPENACC -DESMF_TESTEXHAUSTIVE -DESMF_BOPT_g -DESMF_TESTCOMPTUNNEL -DS64=1 -DESMF_OS_Linux=1 -DESMF_COMM=mpiuni -DESMF_DIR=/project/esmf/himanshu/release_8.1.0/nag/esmf -D__SDIR__='"src/apps/ESMF_PrintInfoC"' -DESMF_CXXSTD=11 -DESMF_MPIUNI -DESMF_NO_F2018ASSUMEDTYPE ESMF_PrintInfoC.c -o /project/esmf/himanshu/release_8.1.0/nag/esmf/obj/objg/Linux.nag.64.mpiuni.default/src/apps/ESMF_PrintInfoC/ESMF_PrintInfoC.o
gmake chkdir_apps
gmake[5]: Entering directory '/project/esmf/himanshu/release_8.1.0/nag/esmf/src/apps/ESMF_PrintInfoC'
gmake[5]: Leaving directory '/project/esmf/himanshu/release_8.1.0/nag/esmf/src/apps/ESMF_PrintInfoC'
g++    -pthread -Wl,--no-as-needed  -fopenmp -L/project/esmf/himanshu/release_8.1.0/nag/install_dir/lib/libg/Linux.nag.64.mpiuni.default  -Wl,-rpath,/project/esmf/himanshu/release_8.1.0/nag/install_dir/lib/libg/Linux.nag.64.mpiuni.default  -o /project/esmf/himanshu/release_8.1.0/nag/install_dir/bin/bing/Linux.nag.64.mpiuni.default/ESMF_PrintInfoC /project/esmf/himanshu/release_8.1.0/nag/esmf/obj/objg/Linux.nag.64.mpiuni.default/src/apps/ESMF_PrintInfoC/ESMF_PrintInfoC.o -lesmf  -lrt -ldl -m64 /usr/local/nag-7.0/lib/NAG_Fortran/quickfit.o -Wl,-rpath,/usr/local/nag-7.0/lib/NAG_Fortran /usr/local/nag-7.0/lib/NAG_Fortran/libf70rts.so /usr/local/nag-7.0/lib/NAG_Fortran/libf70rts.a -lm -lpthread
gmake[4]: Leaving directory '/project/esmf/himanshu/release_8.1.0/nag/esmf/src/apps/ESMF_PrintInfoC'
tree_build_apps in: /project/esmf/himanshu/release_8.1.0/nag/esmf/src/apps/ESMF_RegridWeightGen
gmake[4]: Entering directory '/project/esmf/himanshu/release_8.1.0/nag/esmf/src/apps/ESMF_RegridWeightGen'
gmake chkdir_locobj
gmake[5]: Entering directory '/project/esmf/himanshu/release_8.1.0/nag/esmf/src/apps/ESMF_RegridWeightGen'
Making directory /project/esmf/himanshu/release_8.1.0/nag/esmf/obj/objg/Linux.nag.64.mpiuni.default/src/apps/ESMF_RegridWeightGen for apps output
gmake[5]: Leaving directory '/project/esmf/himanshu/release_8.1.0/nag/esmf/src/apps/ESMF_RegridWeightGen'
nagfor -c -g -pic -DESMF_NAG_UNIX_MODULE -dusty -thread_safe  -openmp -I/project/esmf/himanshu/release_8.1.0/nag/esmf/src/apps/ESMF_RegridWeightGen -I/project/esmf/himanshu/release_8.1.0/nag/esmf/build_config/Linux.nag.default -I/project/esmf/himanshu/release_8.1.0/nag/esmf/src/Infrastructure -I/project/esmf/himanshu/release_8.1.0/nag/esmf/src/Superstructure -I/project/esmf/himanshu/release_8.1.0/nag/install_dir/mod/modg/Linux.nag.64.mpiuni.default -I/project/esmf/himanshu/release_8.1.0/nag/esmf/src/include   -DESMF_NO_INTEGER_1_BYTE -DESMF_NO_INTEGER_2_BYTE -DESMFVERSIONGIT='"ESMF_8_1_0_beta_snapshot_47-18-g3fd6502904"' -DESMF_MOAB=1 -DESMF_LAPACK=1 -DESMF_LAPACK_INTERNAL=1 -DESMF_NO_ACC_SOFTWARE_STACK=1 -DESMF_YAMLCPP=1 -DESMF_YAML=1 -DESMF_NO_OPENACC -DESMF_TESTEXHAUSTIVE -DESMF_BOPT_g -DESMF_TESTCOMPTUNNEL -DS64=1 -DESMF_OS_Linux=1 -DESMF_COMM=mpiuni -DESMF_DIR=/project/esmf/himanshu/release_8.1.0/nag/esmf -DESMF_MPIUNI -DESMF_NO_F2018ASSUMEDTYPE ESMF_RegridWeightGen.F90 -o /project/esmf/himanshu/release_8.1.0/nag/esmf/obj/objg/Linux.nag.64.mpiuni.default/src/apps/ESMF_RegridWeightGen/ESMF_RegridWeightGen.o
NAG Fortran Compiler Release 7.0(Yurakucho) Build 7005
Warning: ESMF_RegridWeightGen.F90, line 1402: Unused local variable ARGVALUE
Warning: ESMF_RegridWeightGen.F90, line 1402: Unused local variable COUNT
Warning: ESMF_RegridWeightGen.F90, line 1402: Unused local variable CWD
Warning: ESMF_RegridWeightGen.F90, line 1402: Unused local variable I
Questionable: ESMF_RegridWeightGen.F90, line 1402: Variable MSGBUF set but never referenced
Questionable: ESMF_RegridWeightGen.F90, line 1402: Variable TYPESETFLAG set but never referenced
[NAG Fortran Compiler normal termination, 6 warnings]
gmake chkdir_apps
gmake[5]: Entering directory '/project/esmf/himanshu/release_8.1.0/nag/esmf/src/apps/ESMF_RegridWeightGen'
gmake[5]: Leaving directory '/project/esmf/himanshu/release_8.1.0/nag/esmf/src/apps/ESMF_RegridWeightGen'
nagfor    -thread_safe -Wl,-Wl,,--no-as-needed  -openmp -L/project/esmf/himanshu/release_8.1.0/nag/install_dir/lib/libg/Linux.nag.64.mpiuni.default  -L/usr/local/gcc-g++-gfortran-9.3.0/lib/gcc/x86_64-pc-linux-gnu/9.3.0/../../../../lib64/ -Wl,-Wl,,-rpath,,/project/esmf/himanshu/release_8.1.0/nag/install_dir/lib/libg/Linux.nag.64.mpiuni.default  -Wl,-Wl,,-rpath,,/usr/local/gcc-g++-gfortran-9.3.0/lib/gcc/x86_64-pc-linux-gnu/9.3.0/../../../../lib64/ -o /project/esmf/himanshu/release_8.1.0/nag/install_dir/bin/bing/Linux.nag.64.mpiuni.default/ESMF_RegridWeightGen /project/esmf/himanshu/release_8.1.0/nag/esmf/obj/objg/Linux.nag.64.mpiuni.default/src/apps/ESMF_RegridWeightGen/ESMF_RegridWeightGen.o -lesmf  -lrt -lstdc++ -ldl
NAG Fortran Compiler Release 7.0(Yurakucho) Build 7005
gmake[4]: Leaving directory '/project/esmf/himanshu/release_8.1.0/nag/esmf/src/apps/ESMF_RegridWeightGen'
tree_build_apps in: /project/esmf/himanshu/release_8.1.0/nag/esmf/src/apps/ESMF_WebServController
gmake[4]: Entering directory '/project/esmf/himanshu/release_8.1.0/nag/esmf/src/apps/ESMF_WebServController'
gmake chkdir_locobj
gmake[5]: Entering directory '/project/esmf/himanshu/release_8.1.0/nag/esmf/src/apps/ESMF_WebServController'
Making directory /project/esmf/himanshu/release_8.1.0/nag/esmf/obj/objg/Linux.nag.64.mpiuni.default/src/apps/ESMF_WebServController for apps output
gmake[5]: Leaving directory '/project/esmf/himanshu/release_8.1.0/nag/esmf/src/apps/ESMF_WebServController'
g++ -c -std=c++11 -g -fPIC -pthread  -fopenmp -I/project/esmf/himanshu/release_8.1.0/nag/esmf/src/apps/ESMF_WebServController -I/project/esmf/himanshu/release_8.1.0/nag/esmf/src/apps/ESMF_WebServController/../include -I/project/esmf/himanshu/release_8.1.0/nag/esmf/build_config/Linux.nag.default -I/project/esmf/himanshu/release_8.1.0/nag/esmf/src/Infrastructure -I/project/esmf/himanshu/release_8.1.0/nag/esmf/src/Superstructure -I/project/esmf/himanshu/release_8.1.0/nag/esmf/src/Infrastructure/stubs/pthread  -I/project/esmf/himanshu/release_8.1.0/nag/esmf/src/include   -I/project/esmf/himanshu/release_8.1.0/nag/esmf/src/Infrastructure/stubs/mpiuni -I/project/esmf/himanshu/release_8.1.0/nag/esmf/src/prologue/yaml-cpp/include -DESMF_NO_INTEGER_1_BYTE -DESMF_NO_INTEGER_2_BYTE -DESMFVERSIONGIT='"ESMF_8_1_0_beta_snapshot_47-18-g3fd6502904"' -DESMF_MOAB=1 -DESMF_LAPACK=1 -DESMF_LAPACK_INTERNAL=1 -DESMF_NO_ACC_SOFTWARE_STACK=1 -DESMF_YAMLCPP=1 -DESMF_YAML=1 -DESMF_NO_OPENACC -DESMF_TESTEXHAUSTIVE -DESMF_BOPT_g -DESMF_TESTCOMPTUNNEL -DS64=1 -DESMF_OS_Linux=1 -DESMF_COMM=mpiuni -DESMF_DIR=/project/esmf/himanshu/release_8.1.0/nag/esmf -D__SDIR__='"src/apps/ESMF_WebServController"' -DESMF_CXXSTD=11 -DESMF_MPIUNI -DESMF_NO_F2018ASSUMEDTYPE ESMF_WebServController.C -o /project/esmf/himanshu/release_8.1.0/nag/esmf/obj/objg/Linux.nag.64.mpiuni.default/src/apps/ESMF_WebServController/ESMF_WebServController.o
gmake chkdir_apps
gmake[5]: Entering directory '/project/esmf/himanshu/release_8.1.0/nag/esmf/src/apps/ESMF_WebServController'
gmake[5]: Leaving directory '/project/esmf/himanshu/release_8.1.0/nag/esmf/src/apps/ESMF_WebServController'
g++    -pthread -Wl,--no-as-needed  -fopenmp -L/project/esmf/himanshu/release_8.1.0/nag/install_dir/lib/libg/Linux.nag.64.mpiuni.default  -Wl,-rpath,/project/esmf/himanshu/release_8.1.0/nag/install_dir/lib/libg/Linux.nag.64.mpiuni.default  -o /project/esmf/himanshu/release_8.1.0/nag/install_dir/bin/bing/Linux.nag.64.mpiuni.default/ESMF_WebServController /project/esmf/himanshu/release_8.1.0/nag/esmf/obj/objg/Linux.nag.64.mpiuni.default/src/apps/ESMF_WebServController/ESMF_WebServController.o -lesmf  -lrt -ldl -m64 /usr/local/nag-7.0/lib/NAG_Fortran/quickfit.o -Wl,-rpath,/usr/local/nag-7.0/lib/NAG_Fortran /usr/local/nag-7.0/lib/NAG_Fortran/libf70rts.so /usr/local/nag-7.0/lib/NAG_Fortran/libf70rts.a -lm -lpthread
gmake[4]: Leaving directory '/project/esmf/himanshu/release_8.1.0/nag/esmf/src/apps/ESMF_WebServController'
tree_build_apps in: /project/esmf/himanshu/release_8.1.0/nag/esmf/src/apps/ESMF_Scrip2Unstruct
gmake[4]: Entering directory '/project/esmf/himanshu/release_8.1.0/nag/esmf/src/apps/ESMF_Scrip2Unstruct'
gmake chkdir_locobj
gmake[5]: Entering directory '/project/esmf/himanshu/release_8.1.0/nag/esmf/src/apps/ESMF_Scrip2Unstruct'
Making directory /project/esmf/himanshu/release_8.1.0/nag/esmf/obj/objg/Linux.nag.64.mpiuni.default/src/apps/ESMF_Scrip2Unstruct for apps output
gmake[5]: Leaving directory '/project/esmf/himanshu/release_8.1.0/nag/esmf/src/apps/ESMF_Scrip2Unstruct'
g++ -c -std=c++11 -g -fPIC -pthread  -fopenmp -I/project/esmf/himanshu/release_8.1.0/nag/esmf/src/apps/ESMF_Scrip2Unstruct -I/project/esmf/himanshu/release_8.1.0/nag/esmf/src/apps/ESMF_Scrip2Unstruct/../include -I/project/esmf/himanshu/release_8.1.0/nag/esmf/build_config/Linux.nag.default -I/project/esmf/himanshu/release_8.1.0/nag/esmf/src/Infrastructure -I/project/esmf/himanshu/release_8.1.0/nag/esmf/src/Superstructure -I/project/esmf/himanshu/release_8.1.0/nag/esmf/src/Infrastructure/stubs/pthread  -I/project/esmf/himanshu/release_8.1.0/nag/esmf/src/include   -I/project/esmf/himanshu/release_8.1.0/nag/esmf/src/Infrastructure/stubs/mpiuni -I/project/esmf/himanshu/release_8.1.0/nag/esmf/src/prologue/yaml-cpp/include -DESMF_NO_INTEGER_1_BYTE -DESMF_NO_INTEGER_2_BYTE -DESMFVERSIONGIT='"ESMF_8_1_0_beta_snapshot_47-18-g3fd6502904"' -DESMF_MOAB=1 -DESMF_LAPACK=1 -DESMF_LAPACK_INTERNAL=1 -DESMF_NO_ACC_SOFTWARE_STACK=1 -DESMF_YAMLCPP=1 -DESMF_YAML=1 -DESMF_NO_OPENACC -DESMF_TESTEXHAUSTIVE -DESMF_BOPT_g -DESMF_TESTCOMPTUNNEL -DS64=1 -DESMF_OS_Linux=1 -DESMF_COMM=mpiuni -DESMF_DIR=/project/esmf/himanshu/release_8.1.0/nag/esmf -D__SDIR__='"src/apps/ESMF_Scrip2Unstruct"' -DESMF_CXXSTD=11 -DESMF_MPIUNI -DESMF_NO_F2018ASSUMEDTYPE ESMF_Scrip2Unstruct.C -o /project/esmf/himanshu/release_8.1.0/nag/esmf/obj/objg/Linux.nag.64.mpiuni.default/src/apps/ESMF_Scrip2Unstruct/ESMF_Scrip2Unstruct.o
gmake chkdir_apps
gmake[5]: Entering directory '/project/esmf/himanshu/release_8.1.0/nag/esmf/src/apps/ESMF_Scrip2Unstruct'
gmake[5]: Leaving directory '/project/esmf/himanshu/release_8.1.0/nag/esmf/src/apps/ESMF_Scrip2Unstruct'
g++    -pthread -Wl,--no-as-needed  -fopenmp -L/project/esmf/himanshu/release_8.1.0/nag/install_dir/lib/libg/Linux.nag.64.mpiuni.default  -Wl,-rpath,/project/esmf/himanshu/release_8.1.0/nag/install_dir/lib/libg/Linux.nag.64.mpiuni.default  -o /project/esmf/himanshu/release_8.1.0/nag/install_dir/bin/bing/Linux.nag.64.mpiuni.default/ESMF_Scrip2Unstruct /project/esmf/himanshu/release_8.1.0/nag/esmf/obj/objg/Linux.nag.64.mpiuni.default/src/apps/ESMF_Scrip2Unstruct/ESMF_Scrip2Unstruct.o -lesmf  -lrt -ldl -m64 /usr/local/nag-7.0/lib/NAG_Fortran/quickfit.o -Wl,-rpath,/usr/local/nag-7.0/lib/NAG_Fortran /usr/local/nag-7.0/lib/NAG_Fortran/libf70rts.so /usr/local/nag-7.0/lib/NAG_Fortran/libf70rts.a -lm -lpthread
gmake[4]: Leaving directory '/project/esmf/himanshu/release_8.1.0/nag/esmf/src/apps/ESMF_Scrip2Unstruct'
tree_build_apps in: /project/esmf/himanshu/release_8.1.0/nag/esmf/src/apps/ESMF_Regrid
gmake[4]: Entering directory '/project/esmf/himanshu/release_8.1.0/nag/esmf/src/apps/ESMF_Regrid'
gmake chkdir_locobj
gmake[5]: Entering directory '/project/esmf/himanshu/release_8.1.0/nag/esmf/src/apps/ESMF_Regrid'
Making directory /project/esmf/himanshu/release_8.1.0/nag/esmf/obj/objg/Linux.nag.64.mpiuni.default/src/apps/ESMF_Regrid for apps output
gmake[5]: Leaving directory '/project/esmf/himanshu/release_8.1.0/nag/esmf/src/apps/ESMF_Regrid'
nagfor -c -g -pic -DESMF_NAG_UNIX_MODULE -dusty -thread_safe  -openmp -I/project/esmf/himanshu/release_8.1.0/nag/esmf/src/apps/ESMF_Regrid -I/project/esmf/himanshu/release_8.1.0/nag/esmf/build_config/Linux.nag.default -I/project/esmf/himanshu/release_8.1.0/nag/esmf/src/Infrastructure -I/project/esmf/himanshu/release_8.1.0/nag/esmf/src/Superstructure -I/project/esmf/himanshu/release_8.1.0/nag/install_dir/mod/modg/Linux.nag.64.mpiuni.default -I/project/esmf/himanshu/release_8.1.0/nag/esmf/src/include   -DESMF_NO_INTEGER_1_BYTE -DESMF_NO_INTEGER_2_BYTE -DESMFVERSIONGIT='"ESMF_8_1_0_beta_snapshot_47-18-g3fd6502904"' -DESMF_MOAB=1 -DESMF_LAPACK=1 -DESMF_LAPACK_INTERNAL=1 -DESMF_NO_ACC_SOFTWARE_STACK=1 -DESMF_YAMLCPP=1 -DESMF_YAML=1 -DESMF_NO_OPENACC -DESMF_TESTEXHAUSTIVE -DESMF_BOPT_g -DESMF_TESTCOMPTUNNEL -DS64=1 -DESMF_OS_Linux=1 -DESMF_COMM=mpiuni -DESMF_DIR=/project/esmf/himanshu/release_8.1.0/nag/esmf -DESMF_MPIUNI -DESMF_NO_F2018ASSUMEDTYPE ESMF_Regrid.F90 -o /project/esmf/himanshu/release_8.1.0/nag/esmf/obj/objg/Linux.nag.64.mpiuni.default/src/apps/ESMF_Regrid/ESMF_Regrid.o
NAG Fortran Compiler Release 7.0(Yurakucho) Build 7005
Warning: ESMF_Regrid.F90, line 593: Unused local variable ARGVALUE
Warning: ESMF_Regrid.F90, line 593: Unused local variable COUNT
Warning: ESMF_Regrid.F90, line 593: Unused local variable CWD
Warning: ESMF_Regrid.F90, line 593: Unused local variable I
Questionable: ESMF_Regrid.F90, line 593: Variable MSGBUF set but never referenced
Warning: ESMF_Regrid.F90, line 593: Unused local variable POS
Warning: ESMF_Regrid.F90, line 593: Unused local variable TYPESETFLAG
[NAG Fortran Compiler normal termination, 7 warnings]
gmake chkdir_apps
gmake[5]: Entering directory '/project/esmf/himanshu/release_8.1.0/nag/esmf/src/apps/ESMF_Regrid'
gmake[5]: Leaving directory '/project/esmf/himanshu/release_8.1.0/nag/esmf/src/apps/ESMF_Regrid'
nagfor    -thread_safe -Wl,-Wl,,--no-as-needed  -openmp -L/project/esmf/himanshu/release_8.1.0/nag/install_dir/lib/libg/Linux.nag.64.mpiuni.default  -L/usr/local/gcc-g++-gfortran-9.3.0/lib/gcc/x86_64-pc-linux-gnu/9.3.0/../../../../lib64/ -Wl,-Wl,,-rpath,,/project/esmf/himanshu/release_8.1.0/nag/install_dir/lib/libg/Linux.nag.64.mpiuni.default  -Wl,-Wl,,-rpath,,/usr/local/gcc-g++-gfortran-9.3.0/lib/gcc/x86_64-pc-linux-gnu/9.3.0/../../../../lib64/ -o /project/esmf/himanshu/release_8.1.0/nag/install_dir/bin/bing/Linux.nag.64.mpiuni.default/ESMF_Regrid /project/esmf/himanshu/release_8.1.0/nag/esmf/obj/objg/Linux.nag.64.mpiuni.default/src/apps/ESMF_Regrid/ESMF_Regrid.o -lesmf  -lrt -lstdc++ -ldl
NAG Fortran Compiler Release 7.0(Yurakucho) Build 7005
gmake[4]: Leaving directory '/project/esmf/himanshu/release_8.1.0/nag/esmf/src/apps/ESMF_Regrid'
gmake[3]: Leaving directory '/project/esmf/himanshu/release_8.1.0/nag/esmf/src/apps'
ESMF apps built successfully.
gmake[2]: Leaving directory '/project/esmf/himanshu/release_8.1.0/nag/esmf'
gmake[1]: Leaving directory '/project/esmf/himanshu/release_8.1.0/nag/esmf'
mkdir -p /project/esmf/himanshu/release_8.1.0/nag/install_dir/doc
gmake install_info_mk
gmake[1]: Entering directory '/project/esmf/himanshu/release_8.1.0/nag/esmf'
gmake info_mk ESMF_APPSDIR=/project/esmf/himanshu/release_8.1.0/nag/install_dir/bin/bing/Linux.nag.64.mpiuni.default ESMF_LDIR=/project/esmf/himanshu/release_8.1.0/nag/install_dir/lib/libg/Linux.nag.64.mpiuni.default ESMF_LIBDIR=/project/esmf/himanshu/release_8.1.0/nag/install_dir/lib/libg/Linux.nag.64.mpiuni.default ESMF_MODDIR=/project/esmf/himanshu/release_8.1.0/nag/install_dir/mod/modg/Linux.nag.64.mpiuni.default ESMF_INCDIR=/project/esmf/himanshu/release_8.1.0/nag/install_dir/include
gmake[2]: Entering directory '/project/esmf/himanshu/release_8.1.0/nag/esmf'
gmake[2]: Leaving directory '/project/esmf/himanshu/release_8.1.0/nag/esmf'
gmake[1]: Leaving directory '/project/esmf/himanshu/release_8.1.0/nag/esmf'
 
ESMF installation complete.
 
Tue Mar  2 13:56:20 MST 2021
