20210121 084135.108 INFO             PET0 !!!!!!!!!!!!!!!!!!!!!!!!!!!!!!!!!!!!!!!!!!!!!!!!!!!!!!
20210121 084135.108 INFO             PET0 !!! THE ESMF_LOG IS SET TO OUTPUT ALL LOG MESSAGES !!!
20210121 084135.108 INFO             PET0 !!!     THIS MAY CAUSE SLOWDOWN IN PERFORMANCE     !!!
20210121 084135.108 INFO             PET0 !!! FOR PRODUCTION RUNS, USE:                      !!!
20210121 084135.108 INFO             PET0 !!!                   ESMF_LOGKIND_Multi_On_Error  !!!
20210121 084135.108 INFO             PET0 !!!!!!!!!!!!!!!!!!!!!!!!!!!!!!!!!!!!!!!!!!!!!!!!!!!!!!
20210121 084135.108 INFO             PET0 Running with ESMF Version   : ESMF_8_1_0_beta_snapshot_42-7-g9d66bb580c
20210121 084135.108 INFO             PET0 ESMF library build date/time: "Jan 21 2021" "08:31:51"
20210121 084135.108 INFO             PET0 ESMF library build location : /project/esmf/himanshu/gfortran/esmf
20210121 084135.108 INFO             PET0 ESMF_COMM                   : mpiuni
20210121 084135.108 INFO             PET0 ESMF_NETCDF                 : disabled
20210121 084135.108 INFO             PET0 ESMF_PNETCDF                : disabled
20210121 084135.108 INFO             PET0 ESMF_PIO                    : disabled
20210121 084135.108 INFO             PET0 ESMF_YAMLCPP                : enabled
20210121 084135.108 INFO             PET0 ESMF_MOAB                   : enabled
20210121 084135.109 INFO             PET0 ESMF Tracing Enabled
20210121 084135.109 INFO             PET0 ESMF Profiling Enabled
20210121 084135.109 INFO             PET0 ESMF Trace/Profile clock: REALTIME
20210121 084135.115 INFO             PET0  NUMBER_OF_PROCESSORS           1
20210121 084135.115 INFO             PET0  PASS  Example ESMF_TraceUserEx, ESMF_TraceUserEx.F90, line 125
20210121 084135.115 INFO             PET0 Finalizing ESMF
20210121 084135.115 INFO             PET0 **************** Region Timings *******************
20210121 084135.115 INFO             PET0 Region              Count  Total (s)   Self (s)    Mean (s)    Min (s)     Max (s)
20210121 084135.115 INFO             PET0   outer_region      1      0.0013      0.0001      0.0013      0.0013      0.0013
20210121 084135.115 INFO             PET0     inner_region_1  10     0.0008      0.0008      0.0001      0.0001      0.0001
20210121 084135.115 INFO             PET0     inner_region_2  10     0.0004      0.0004      0.0000      0.0000      0.0000
Thu Jan 21 09:28:31 MST 2021
