20210210 203948.182 INFO             PET0 !!!!!!!!!!!!!!!!!!!!!!!!!!!!!!!!!!!!!!!!!!!!!!!!!!!!!!
20210210 203948.182 INFO             PET0 !!! THE ESMF_LOG IS SET TO OUTPUT ALL LOG MESSAGES !!!
20210210 203948.182 INFO             PET0 !!!     THIS MAY CAUSE SLOWDOWN IN PERFORMANCE     !!!
20210210 203948.182 INFO             PET0 !!! FOR PRODUCTION RUNS, USE:                      !!!
20210210 203948.182 INFO             PET0 !!!                   ESMF_LOGKIND_Multi_On_Error  !!!
20210210 203948.182 INFO             PET0 !!!!!!!!!!!!!!!!!!!!!!!!!!!!!!!!!!!!!!!!!!!!!!!!!!!!!!
20210210 203948.182 INFO             PET0 Running with ESMF Version   : ESMF_8_1_0_beta_snapshot_44-53-gdb2e74ae37
20210210 203948.182 INFO             PET0 ESMF library build date/time: "Feb 10 2021" "20:30:10"
20210210 203948.182 INFO             PET0 ESMF library build location : /project/esmf/himanshu/gfortran/esmf
20210210 203948.182 INFO             PET0 ESMF_COMM                   : mpiuni
20210210 203948.183 INFO             PET0 ESMF_MOAB                   : enabled
20210210 203948.183 INFO             PET0 ESMF_LAPACK                 : enabled
20210210 203948.183 INFO             PET0 ESMF_NETCDF                 : disabled
20210210 203948.183 INFO             PET0 ESMF_PNETCDF                : disabled
20210210 203948.183 INFO             PET0 ESMF_PIO                    : disabled
20210210 203948.183 INFO             PET0 ESMF_YAMLCPP                : enabled
20210210 203948.183 INFO             PET0  NUMBER_OF_PROCESSORS           1
20210210 203948.183 INFO             PET0  PASS  Example ESMF_VMUserMpiCommEx, ESMF_VMUserMpiCommEx.F90, line 113
20210210 203948.183 INFO             PET0 Finalizing ESMF
Wed Feb 10 21:26:50 MST 2021
