20210209 024205.465 INFO             PET0 !!!!!!!!!!!!!!!!!!!!!!!!!!!!!!!!!!!!!!!!!!!!!!!!!!!!!!
20210209 024205.465 INFO             PET0 !!! THE ESMF_LOG IS SET TO OUTPUT ALL LOG MESSAGES !!!
20210209 024205.465 INFO             PET0 !!!     THIS MAY CAUSE SLOWDOWN IN PERFORMANCE     !!!
20210209 024205.465 INFO             PET0 !!! FOR PRODUCTION RUNS, USE:                      !!!
20210209 024205.465 INFO             PET0 !!!                   ESMF_LOGKIND_Multi_On_Error  !!!
20210209 024205.465 INFO             PET0 !!!!!!!!!!!!!!!!!!!!!!!!!!!!!!!!!!!!!!!!!!!!!!!!!!!!!!
20210209 024205.465 INFO             PET0 Running with ESMF Version   : ESMF_8_1_0_beta_snapshot_44-10-gd05f0618ff
20210209 024205.465 INFO             PET0 ESMF library build date/time: "Feb  9 2021" "02:38:11"
20210209 024205.465 INFO             PET0 ESMF library build location : /project/esmf/himanshu/intel/esmf
20210209 024205.465 INFO             PET0 ESMF_COMM                   : mpiuni
20210209 024205.468 INFO             PET0 ESMF_MOAB                   : enabled
20210209 024205.468 INFO             PET0 ESMF_LAPACK                 : enabled
20210209 024205.468 INFO             PET0 ESMF_NETCDF                 : disabled
20210209 024205.468 INFO             PET0 ESMF_PNETCDF                : disabled
20210209 024205.468 INFO             PET0 ESMF_PIO                    : disabled
20210209 024205.468 INFO             PET0 ESMF_YAMLCPP                : enabled
20210209 024205.471 INFO             PET0 Finalizing ESMF
20210209 024205.546 INFO             PET0 !!!!!!!!!!!!!!!!!!!!!!!!!!!!!!!!!!!!!!!!!!!!!!!!!!!!!!
20210209 024205.546 INFO             PET0 !!! THE ESMF_LOG IS SET TO OUTPUT ALL LOG MESSAGES !!!
20210209 024205.546 INFO             PET0 !!!     THIS MAY CAUSE SLOWDOWN IN PERFORMANCE     !!!
20210209 024205.546 INFO             PET0 !!! FOR PRODUCTION RUNS, USE:                      !!!
20210209 024205.546 INFO             PET0 !!!                   ESMF_LOGKIND_Multi_On_Error  !!!
20210209 024205.546 INFO             PET0 !!!!!!!!!!!!!!!!!!!!!!!!!!!!!!!!!!!!!!!!!!!!!!!!!!!!!!
20210209 024205.546 INFO             PET0 Running with ESMF Version   : ESMF_8_1_0_beta_snapshot_44-10-gd05f0618ff
20210209 024205.546 INFO             PET0 ESMF library build date/time: "Feb  9 2021" "02:38:11"
20210209 024205.546 INFO             PET0 ESMF library build location : /project/esmf/himanshu/intel/esmf
20210209 024205.546 INFO             PET0 ESMF_COMM                   : mpiuni
20210209 024205.548 INFO             PET0 ESMF_MOAB                   : enabled
20210209 024205.548 INFO             PET0 ESMF_LAPACK                 : enabled
20210209 024205.548 INFO             PET0 ESMF_NETCDF                 : disabled
20210209 024205.548 INFO             PET0 ESMF_PNETCDF                : disabled
20210209 024205.548 INFO             PET0 ESMF_PIO                    : disabled
20210209 024205.548 INFO             PET0 ESMF_YAMLCPP                : enabled
20210209 024205.551 INFO             PET0 Finalizing ESMF
20210209 024205.623 INFO             PET0 !!!!!!!!!!!!!!!!!!!!!!!!!!!!!!!!!!!!!!!!!!!!!!!!!!!!!!
20210209 024205.624 INFO             PET0 !!! THE ESMF_LOG IS SET TO OUTPUT ALL LOG MESSAGES !!!
20210209 024205.624 INFO             PET0 !!!     THIS MAY CAUSE SLOWDOWN IN PERFORMANCE     !!!
20210209 024205.624 INFO             PET0 !!! FOR PRODUCTION RUNS, USE:                      !!!
20210209 024205.624 INFO             PET0 !!!                   ESMF_LOGKIND_Multi_On_Error  !!!
20210209 024205.624 INFO             PET0 !!!!!!!!!!!!!!!!!!!!!!!!!!!!!!!!!!!!!!!!!!!!!!!!!!!!!!
20210209 024205.624 INFO             PET0 Running with ESMF Version   : ESMF_8_1_0_beta_snapshot_44-10-gd05f0618ff
20210209 024205.624 INFO             PET0 ESMF library build date/time: "Feb  9 2021" "02:38:11"
20210209 024205.624 INFO             PET0 ESMF library build location : /project/esmf/himanshu/intel/esmf
20210209 024205.624 INFO             PET0 ESMF_COMM                   : mpiuni
20210209 024205.626 INFO             PET0 ESMF_MOAB                   : enabled
20210209 024205.626 INFO             PET0 ESMF_LAPACK                 : enabled
20210209 024205.626 INFO             PET0 ESMF_NETCDF                 : disabled
20210209 024205.626 INFO             PET0 ESMF_PNETCDF                : disabled
20210209 024205.626 INFO             PET0 ESMF_PIO                    : disabled
20210209 024205.626 INFO             PET0 ESMF_YAMLCPP                : enabled
20210209 024205.628 INFO             PET0 Finalizing ESMF
Tue Feb  9 03:52:20 MST 2021
