cd /scratch/esmf/manual/pgi_mpiuni/esmf/src/apps; gmake ACTION=tree_build_apps tree
gmake[1]: Entering directory `/scratch/esmf/manual/pgi_mpiuni/esmf/src/apps'
tree_build_apps in: /scratch/esmf/manual/pgi_mpiuni/esmf/src/apps/ESMF_PrintInfo
gmake[2]: Entering directory `/scratch/esmf/manual/pgi_mpiuni/esmf/src/apps/ESMF_PrintInfo'
gmake chkdir_apps
gmake[3]: Entering directory `/scratch/esmf/manual/pgi_mpiuni/esmf/src/apps/ESMF_PrintInfo'
Making directory /scratch/esmf/manual/pgi_mpiuni/esmf/apps/appsg/Linux.pgi.64.mpiuni.default for apps output
gmake[3]: Leaving directory `/scratch/esmf/manual/pgi_mpiuni/esmf/src/apps/ESMF_PrintInfo'
pgf90    -lpthread -Wl,--no-as-needed -L/scratch/esmf/manual/pgi_mpiuni/esmf/lib/libg/Linux.pgi.64.mpiuni.default -L/usr/local/netcdf-c-4.6.1-f-4.4.4-pgi-pgcc-pgf-18.1/lib -L/usr/local/netcdf-c-4.6.1-f-4.4.4-pgi-pgcc-pgf-18.1/lib -L/usr/local/lib -L/usr/local/netcdf-c-4.6.1-f-4.4.4-pgi-pgcc-pgf-18.1/lib -L/usr/local/pgi-pgcc-pgf-19.9/linux86-64-llvm/19.9/libso -Wl,-rpath,/scratch/esmf/manual/pgi_mpiuni/esmf/lib/libg/Linux.pgi.64.mpiuni.default -Wl,-rpath,/usr/local/netcdf-c-4.6.1-f-4.4.4-pgi-pgcc-pgf-18.1/lib -Wl,-rpath,/usr/local/netcdf-c-4.6.1-f-4.4.4-pgi-pgcc-pgf-18.1/lib -Wl,-rpath,/usr/local/lib -Wl,-rpath,/usr/local/netcdf-c-4.6.1-f-4.4.4-pgi-pgcc-pgf-18.1/lib -Wl,-rpath,/usr/local/pgi-pgcc-pgf-19.9/linux86-64-llvm/19.9/libso -o /scratch/esmf/manual/pgi_mpiuni/esmf/apps/appsg/Linux.pgi.64.mpiuni.default/ESMF_PrintInfo /scratch/esmf/manual/pgi_mpiuni/esmf/obj/objg/Linux.pgi.64.mpiuni.default/src/apps/ESMF_PrintInfo/ESMF_PrintInfo.o -lesmf  -pgc++libs -ldl -lnetcdf -lnetcdff -lnetcdf -lnetcdf
gmake[2]: Leaving directory `/scratch/esmf/manual/pgi_mpiuni/esmf/src/apps/ESMF_PrintInfo'
tree_build_apps in: /scratch/esmf/manual/pgi_mpiuni/esmf/src/apps/ESMF_PrintInfoC
gmake[2]: Entering directory `/scratch/esmf/manual/pgi_mpiuni/esmf/src/apps/ESMF_PrintInfoC'
gmake chkdir_apps
gmake[3]: Entering directory `/scratch/esmf/manual/pgi_mpiuni/esmf/src/apps/ESMF_PrintInfoC'
gmake[3]: Leaving directory `/scratch/esmf/manual/pgi_mpiuni/esmf/src/apps/ESMF_PrintInfoC'
pgc++    -lpthread -Wl,--no-as-needed -L/scratch/esmf/manual/pgi_mpiuni/esmf/lib/libg/Linux.pgi.64.mpiuni.default -L/usr/local/netcdf-c-4.6.1-f-4.4.4-pgi-pgcc-pgf-18.1/lib -L/usr/local/netcdf-c-4.6.1-f-4.4.4-pgi-pgcc-pgf-18.1/lib -L/usr/local/lib -L/usr/local/netcdf-c-4.6.1-f-4.4.4-pgi-pgcc-pgf-18.1/lib -L/usr/local/pgi-pgcc-pgf-19.9/linux86-64-llvm/19.9/libso -Wl,-rpath,/scratch/esmf/manual/pgi_mpiuni/esmf/lib/libg/Linux.pgi.64.mpiuni.default -Wl,-rpath,/usr/local/netcdf-c-4.6.1-f-4.4.4-pgi-pgcc-pgf-18.1/lib -Wl,-rpath,/usr/local/netcdf-c-4.6.1-f-4.4.4-pgi-pgcc-pgf-18.1/lib -Wl,-rpath,/usr/local/lib -Wl,-rpath,/usr/local/netcdf-c-4.6.1-f-4.4.4-pgi-pgcc-pgf-18.1/lib -Wl,-rpath,/usr/local/pgi-pgcc-pgf-19.9/linux86-64-llvm/19.9/libso -o /scratch/esmf/manual/pgi_mpiuni/esmf/apps/appsg/Linux.pgi.64.mpiuni.default/ESMF_PrintInfoC /scratch/esmf/manual/pgi_mpiuni/esmf/obj/objg/Linux.pgi.64.mpiuni.default/src/apps/ESMF_PrintInfoC/ESMF_PrintInfoC.o -lesmf  -pgf90libs -ldl -lnetcdf -lnetcdff -lnetcdf -lnetcdf
gmake[2]: Leaving directory `/scratch/esmf/manual/pgi_mpiuni/esmf/src/apps/ESMF_PrintInfoC'
tree_build_apps in: /scratch/esmf/manual/pgi_mpiuni/esmf/src/apps/ESMF_RegridWeightGen
gmake[2]: Entering directory `/scratch/esmf/manual/pgi_mpiuni/esmf/src/apps/ESMF_RegridWeightGen'
gmake chkdir_apps
gmake[3]: Entering directory `/scratch/esmf/manual/pgi_mpiuni/esmf/src/apps/ESMF_RegridWeightGen'
gmake[3]: Leaving directory `/scratch/esmf/manual/pgi_mpiuni/esmf/src/apps/ESMF_RegridWeightGen'
pgf90    -lpthread -Wl,--no-as-needed -L/scratch/esmf/manual/pgi_mpiuni/esmf/lib/libg/Linux.pgi.64.mpiuni.default -L/usr/local/netcdf-c-4.6.1-f-4.4.4-pgi-pgcc-pgf-18.1/lib -L/usr/local/netcdf-c-4.6.1-f-4.4.4-pgi-pgcc-pgf-18.1/lib -L/usr/local/lib -L/usr/local/netcdf-c-4.6.1-f-4.4.4-pgi-pgcc-pgf-18.1/lib -L/usr/local/pgi-pgcc-pgf-19.9/linux86-64-llvm/19.9/libso -Wl,-rpath,/scratch/esmf/manual/pgi_mpiuni/esmf/lib/libg/Linux.pgi.64.mpiuni.default -Wl,-rpath,/usr/local/netcdf-c-4.6.1-f-4.4.4-pgi-pgcc-pgf-18.1/lib -Wl,-rpath,/usr/local/netcdf-c-4.6.1-f-4.4.4-pgi-pgcc-pgf-18.1/lib -Wl,-rpath,/usr/local/lib -Wl,-rpath,/usr/local/netcdf-c-4.6.1-f-4.4.4-pgi-pgcc-pgf-18.1/lib -Wl,-rpath,/usr/local/pgi-pgcc-pgf-19.9/linux86-64-llvm/19.9/libso -o /scratch/esmf/manual/pgi_mpiuni/esmf/apps/appsg/Linux.pgi.64.mpiuni.default/ESMF_RegridWeightGen /scratch/esmf/manual/pgi_mpiuni/esmf/obj/objg/Linux.pgi.64.mpiuni.default/src/apps/ESMF_RegridWeightGen/ESMF_RegridWeightGen.o -lesmf  -pgc++libs -ldl -lnetcdf -lnetcdff -lnetcdf -lnetcdf
gmake[2]: Leaving directory `/scratch/esmf/manual/pgi_mpiuni/esmf/src/apps/ESMF_RegridWeightGen'
tree_build_apps in: /scratch/esmf/manual/pgi_mpiuni/esmf/src/apps/ESMF_WebServController
gmake[2]: Entering directory `/scratch/esmf/manual/pgi_mpiuni/esmf/src/apps/ESMF_WebServController'
gmake chkdir_apps
gmake[3]: Entering directory `/scratch/esmf/manual/pgi_mpiuni/esmf/src/apps/ESMF_WebServController'
gmake[3]: Leaving directory `/scratch/esmf/manual/pgi_mpiuni/esmf/src/apps/ESMF_WebServController'
pgc++    -lpthread -Wl,--no-as-needed -L/scratch/esmf/manual/pgi_mpiuni/esmf/lib/libg/Linux.pgi.64.mpiuni.default -L/usr/local/netcdf-c-4.6.1-f-4.4.4-pgi-pgcc-pgf-18.1/lib -L/usr/local/netcdf-c-4.6.1-f-4.4.4-pgi-pgcc-pgf-18.1/lib -L/usr/local/lib -L/usr/local/netcdf-c-4.6.1-f-4.4.4-pgi-pgcc-pgf-18.1/lib -L/usr/local/pgi-pgcc-pgf-19.9/linux86-64-llvm/19.9/libso -Wl,-rpath,/scratch/esmf/manual/pgi_mpiuni/esmf/lib/libg/Linux.pgi.64.mpiuni.default -Wl,-rpath,/usr/local/netcdf-c-4.6.1-f-4.4.4-pgi-pgcc-pgf-18.1/lib -Wl,-rpath,/usr/local/netcdf-c-4.6.1-f-4.4.4-pgi-pgcc-pgf-18.1/lib -Wl,-rpath,/usr/local/lib -Wl,-rpath,/usr/local/netcdf-c-4.6.1-f-4.4.4-pgi-pgcc-pgf-18.1/lib -Wl,-rpath,/usr/local/pgi-pgcc-pgf-19.9/linux86-64-llvm/19.9/libso -o /scratch/esmf/manual/pgi_mpiuni/esmf/apps/appsg/Linux.pgi.64.mpiuni.default/ESMF_WebServController /scratch/esmf/manual/pgi_mpiuni/esmf/obj/objg/Linux.pgi.64.mpiuni.default/src/apps/ESMF_WebServController/ESMF_WebServController.o -lesmf  -pgf90libs -ldl -lnetcdf -lnetcdff -lnetcdf -lnetcdf
gmake[2]: Leaving directory `/scratch/esmf/manual/pgi_mpiuni/esmf/src/apps/ESMF_WebServController'
tree_build_apps in: /scratch/esmf/manual/pgi_mpiuni/esmf/src/apps/ESMF_Scrip2Unstruct
gmake[2]: Entering directory `/scratch/esmf/manual/pgi_mpiuni/esmf/src/apps/ESMF_Scrip2Unstruct'
gmake chkdir_apps
gmake[3]: Entering directory `/scratch/esmf/manual/pgi_mpiuni/esmf/src/apps/ESMF_Scrip2Unstruct'
gmake[3]: Leaving directory `/scratch/esmf/manual/pgi_mpiuni/esmf/src/apps/ESMF_Scrip2Unstruct'
pgc++    -lpthread -Wl,--no-as-needed -L/scratch/esmf/manual/pgi_mpiuni/esmf/lib/libg/Linux.pgi.64.mpiuni.default -L/usr/local/netcdf-c-4.6.1-f-4.4.4-pgi-pgcc-pgf-18.1/lib -L/usr/local/netcdf-c-4.6.1-f-4.4.4-pgi-pgcc-pgf-18.1/lib -L/usr/local/lib -L/usr/local/netcdf-c-4.6.1-f-4.4.4-pgi-pgcc-pgf-18.1/lib -L/usr/local/pgi-pgcc-pgf-19.9/linux86-64-llvm/19.9/libso -Wl,-rpath,/scratch/esmf/manual/pgi_mpiuni/esmf/lib/libg/Linux.pgi.64.mpiuni.default -Wl,-rpath,/usr/local/netcdf-c-4.6.1-f-4.4.4-pgi-pgcc-pgf-18.1/lib -Wl,-rpath,/usr/local/netcdf-c-4.6.1-f-4.4.4-pgi-pgcc-pgf-18.1/lib -Wl,-rpath,/usr/local/lib -Wl,-rpath,/usr/local/netcdf-c-4.6.1-f-4.4.4-pgi-pgcc-pgf-18.1/lib -Wl,-rpath,/usr/local/pgi-pgcc-pgf-19.9/linux86-64-llvm/19.9/libso -o /scratch/esmf/manual/pgi_mpiuni/esmf/apps/appsg/Linux.pgi.64.mpiuni.default/ESMF_Scrip2Unstruct /scratch/esmf/manual/pgi_mpiuni/esmf/obj/objg/Linux.pgi.64.mpiuni.default/src/apps/ESMF_Scrip2Unstruct/ESMF_Scrip2Unstruct.o -lesmf  -pgf90libs -ldl -lnetcdf -lnetcdff -lnetcdf -lnetcdf
gmake[2]: Leaving directory `/scratch/esmf/manual/pgi_mpiuni/esmf/src/apps/ESMF_Scrip2Unstruct'
tree_build_apps in: /scratch/esmf/manual/pgi_mpiuni/esmf/src/apps/ESMF_Regrid
gmake[2]: Entering directory `/scratch/esmf/manual/pgi_mpiuni/esmf/src/apps/ESMF_Regrid'
gmake chkdir_apps
gmake[3]: Entering directory `/scratch/esmf/manual/pgi_mpiuni/esmf/src/apps/ESMF_Regrid'
gmake[3]: Leaving directory `/scratch/esmf/manual/pgi_mpiuni/esmf/src/apps/ESMF_Regrid'
pgf90    -lpthread -Wl,--no-as-needed -L/scratch/esmf/manual/pgi_mpiuni/esmf/lib/libg/Linux.pgi.64.mpiuni.default -L/usr/local/netcdf-c-4.6.1-f-4.4.4-pgi-pgcc-pgf-18.1/lib -L/usr/local/netcdf-c-4.6.1-f-4.4.4-pgi-pgcc-pgf-18.1/lib -L/usr/local/lib -L/usr/local/netcdf-c-4.6.1-f-4.4.4-pgi-pgcc-pgf-18.1/lib -L/usr/local/pgi-pgcc-pgf-19.9/linux86-64-llvm/19.9/libso -Wl,-rpath,/scratch/esmf/manual/pgi_mpiuni/esmf/lib/libg/Linux.pgi.64.mpiuni.default -Wl,-rpath,/usr/local/netcdf-c-4.6.1-f-4.4.4-pgi-pgcc-pgf-18.1/lib -Wl,-rpath,/usr/local/netcdf-c-4.6.1-f-4.4.4-pgi-pgcc-pgf-18.1/lib -Wl,-rpath,/usr/local/lib -Wl,-rpath,/usr/local/netcdf-c-4.6.1-f-4.4.4-pgi-pgcc-pgf-18.1/lib -Wl,-rpath,/usr/local/pgi-pgcc-pgf-19.9/linux86-64-llvm/19.9/libso -o /scratch/esmf/manual/pgi_mpiuni/esmf/apps/appsg/Linux.pgi.64.mpiuni.default/ESMF_Regrid /scratch/esmf/manual/pgi_mpiuni/esmf/obj/objg/Linux.pgi.64.mpiuni.default/src/apps/ESMF_Regrid/ESMF_Regrid.o -lesmf  -pgc++libs -ldl -lnetcdf -lnetcdff -lnetcdf -lnetcdf
gmake[2]: Leaving directory `/scratch/esmf/manual/pgi_mpiuni/esmf/src/apps/ESMF_Regrid'
gmake[1]: Leaving directory `/scratch/esmf/manual/pgi_mpiuni/esmf/src/apps'
ESMF apps built successfully.
Thu Feb 18 14:42:16 MST 2021
