 
Checking ESMF installation:
 
cd /scratch/esmf/manual/pgi_mpiuni/esmf/src/installcheck ;\
gmake clean
gmake[1]: Entering directory `/scratch/esmf/manual/pgi_mpiuni/esmf/src/installcheck'
rm -f esmf_application esmc_application *.o *.mod
gmake[1]: Leaving directory `/scratch/esmf/manual/pgi_mpiuni/esmf/src/installcheck'
cd /scratch/esmf/manual/pgi_mpiuni/esmf/src/installcheck ;\
gmake
gmake[1]: Entering directory `/scratch/esmf/manual/pgi_mpiuni/esmf/src/installcheck'
pgf90 -c -g -fpic -Mallocatable=03 -lpthread -I/scratch/esmf/manual/pgi_mpiuni/esmf/DEFAULTINSTALLDIR/mod/modg/Linux.pgi.64.mpiuni.default -I/scratch/esmf/manual/pgi_mpiuni/esmf/DEFAULTINSTALLDIR/include -I/usr/local/netcdf-c-4.6.1-f-4.4.4-pgi-pgcc-pgf-18.1/include -I/usr/local/netcdf-c-4.6.1-f-4.4.4-pgi-pgcc-pgf-18.1/include -Mfreeform esmf_application.f90
pgc++ -c -std=c++11 -g -fpic -lpthread  -I/scratch/esmf/manual/pgi_mpiuni/esmf/DEFAULTINSTALLDIR/include  -I/usr/local/netcdf-c-4.6.1-f-4.4.4-pgi-pgcc-pgf-18.1/include -I/scratch/esmf/manual/pgi_mpiuni/esmf/src/Infrastructure/stubs/mpiuni -I/scratch/esmf/manual/pgi_mpiuni/esmf/src/prologue/yaml-cpp/include -DESMF_NO_INTEGER_1_BYTE -DESMF_NO_INTEGER_2_BYTE -DESMFVERSIONGIT='ESMF_8_2_0_beta_snapshot_00' -DESMF_MOAB=1 -DESMF_LAPACK=1 -DESMF_LAPACK_INTERNAL=1 -DESMF_NO_ACC_SOFTWARE_STACK=1 -DESMF_NETCDF=1 -DESMF_YAMLCPP=1 -DESMF_YAML=1 -DESMF_NO_OPENMP -DESMF_NO_OPENACC -DESMF_TESTEXHAUSTIVE -DESMF_BOPT_g -DESMF_TESTCOMPTUNNEL -DSx86_64_small=1 -DESMF_OS_Linux=1 -DESMF_COMM=mpiuni -DESMF_DIR=/scratch/esmf/manual/pgi_mpiuni/esmf -D__SDIR__='' -DESMF_CXXSTD=11 -DESMF_MPIUNI -DESMF_PGIVERSION_MAJOR=19 -DESMF_PGIVERSION_MINOR=9 -DESMF_PGIVERSION_PATCH=0 -DESMF_NO_F2018ASSUMEDTYPE esmc_application.c
pgc++ -lpthread -Wl,--no-as-needed -L/scratch/esmf/manual/pgi_mpiuni/esmf/DEFAULTINSTALLDIR/lib/libg/Linux.pgi.64.mpiuni.default -L/usr/local/netcdf-c-4.6.1-f-4.4.4-pgi-pgcc-pgf-18.1/lib -L/usr/local/netcdf-c-4.6.1-f-4.4.4-pgi-pgcc-pgf-18.1/lib -L/usr/local/lib -L/usr/local/netcdf-c-4.6.1-f-4.4.4-pgi-pgcc-pgf-18.1/lib -L/usr/local/pgi-pgcc-pgf-19.9/linux86-64-llvm/19.9/libso -Wl,-rpath,/scratch/esmf/manual/pgi_mpiuni/esmf/DEFAULTINSTALLDIR/lib/libg/Linux.pgi.64.mpiuni.default -Wl,-rpath,/usr/local/netcdf-c-4.6.1-f-4.4.4-pgi-pgcc-pgf-18.1/lib -Wl,-rpath,/usr/local/netcdf-c-4.6.1-f-4.4.4-pgi-pgcc-pgf-18.1/lib -Wl,-rpath,/usr/local/lib -Wl,-rpath,/usr/local/netcdf-c-4.6.1-f-4.4.4-pgi-pgcc-pgf-18.1/lib -Wl,-rpath,/usr/local/pgi-pgcc-pgf-19.9/linux86-64-llvm/19.9/libso -o esmc_application esmc_application.o -lesmf  -pgf90libs -ldl -lnetcdf -lnetcdff -lnetcdf -lnetcdf
pgf90 -lpthread -Wl,--no-as-needed -L/scratch/esmf/manual/pgi_mpiuni/esmf/DEFAULTINSTALLDIR/lib/libg/Linux.pgi.64.mpiuni.default -L/usr/local/netcdf-c-4.6.1-f-4.4.4-pgi-pgcc-pgf-18.1/lib -L/usr/local/netcdf-c-4.6.1-f-4.4.4-pgi-pgcc-pgf-18.1/lib -L/usr/local/lib -L/usr/local/netcdf-c-4.6.1-f-4.4.4-pgi-pgcc-pgf-18.1/lib -L/usr/local/pgi-pgcc-pgf-19.9/linux86-64-llvm/19.9/libso -Wl,-rpath,/scratch/esmf/manual/pgi_mpiuni/esmf/DEFAULTINSTALLDIR/lib/libg/Linux.pgi.64.mpiuni.default -Wl,-rpath,/usr/local/netcdf-c-4.6.1-f-4.4.4-pgi-pgcc-pgf-18.1/lib -Wl,-rpath,/usr/local/netcdf-c-4.6.1-f-4.4.4-pgi-pgcc-pgf-18.1/lib -Wl,-rpath,/usr/local/lib -Wl,-rpath,/usr/local/netcdf-c-4.6.1-f-4.4.4-pgi-pgcc-pgf-18.1/lib -Wl,-rpath,/usr/local/pgi-pgcc-pgf-19.9/linux86-64-llvm/19.9/libso -o esmf_application esmf_application.o -lesmf  -pgc++libs -ldl -lnetcdf -lnetcdff -lnetcdf -lnetcdf        
gmake[1]: Leaving directory `/scratch/esmf/manual/pgi_mpiuni/esmf/src/installcheck'
cd /scratch/esmf/manual/pgi_mpiuni/esmf/src/installcheck ;\
        gmake check
gmake[1]: Entering directory `/scratch/esmf/manual/pgi_mpiuni/esmf/src/installcheck'
PASS: check
gmake[1]: Leaving directory `/scratch/esmf/manual/pgi_mpiuni/esmf/src/installcheck'
 
ESMF installation check complete.
 
Mon Feb 22 04:39:59 MST 2021
