commit df49f85e7a0dd5f9e07db4634243d3604669f56b
Author: Himanshu Pillai <himanshu@cgdm-catania.cgd.ucar.edu>
Date:   Thu Feb 11 23:54:47 2021 -0700

     Catania GFortran commit log pushed at Thu Feb 11 23:54:46 MST 2021

commit 1a96adc6bc947f466d5620f704757c2cdddc7b30
Author: Himanshu Pillai <himanshu@cgdm-catania.cgd.ucar.edu>
Date:   Thu Feb 11 02:50:56 2021 -0700

     Catania GFortran commit log pushed at Thu Feb 11 02:50:55 MST 2021

commit ed1a4c7701bda63b4c0819c5c02128e92c8d3fb2
Author: Himanshu Pillai <himanshu@cgdm-catania.cgd.ucar.edu>
Date:   Tue Feb 9 23:45:53 2021 -0700

     Catania GFortran commit log pushed at Tue Feb  9 23:45:52 MST 2021

commit 2c037736aa4129e967d67e9d96ca3598ec924237
Author: Himanshu Pillai <himanshu@cgdm-catania.cgd.ucar.edu>
Date:   Tue Feb 9 02:04:30 2021 -0700

     Catania GFortran commit log pushed at Tue Feb  9 02:04:30 MST 2021

commit 10c2514427d73a5fa7f7a38203222011cc97bf45
Author: Himanshu Pillai <himanshu@cgdm-catania.cgd.ucar.edu>
Date:   Sun Feb 7 21:47:58 2021 -0700

     Catania GFortran commit log pushed at Sun Feb  7 21:47:58 MST 2021
