20210225 111303.890 INFO             PET0 !!!!!!!!!!!!!!!!!!!!!!!!!!!!!!!!!!!!!!!!!!!!!!!!!!!!!!
20210225 111303.890 INFO             PET0 !!! THE ESMF_LOG IS SET TO OUTPUT ALL LOG MESSAGES !!!
20210225 111303.890 INFO             PET0 !!!     THIS MAY CAUSE SLOWDOWN IN PERFORMANCE     !!!
20210225 111303.890 INFO             PET0 !!! FOR PRODUCTION RUNS, USE:                      !!!
20210225 111303.890 INFO             PET0 !!!                   ESMF_LOGKIND_Multi_On_Error  !!!
20210225 111303.890 INFO             PET0 !!!!!!!!!!!!!!!!!!!!!!!!!!!!!!!!!!!!!!!!!!!!!!!!!!!!!!
20210225 111303.890 INFO             PET0 Running with ESMF Version   : ESMF_8_2_0_beta_snapshot_00-3-gc26feb2406
20210225 111303.890 INFO             PET0 ESMF library build date/time: "Feb 25 2021" "10:49:55"
20210225 111303.890 INFO             PET0 ESMF library build location : /project/esmf/himanshu/esmf_test/cronjobs/daily/intel/esmf
20210225 111303.890 INFO             PET0 ESMF_COMM                   : mpiuni
20210225 111303.890 INFO             PET0 ESMF_MOAB                   : enabled
20210225 111303.890 INFO             PET0 ESMF_LAPACK                 : enabled
20210225 111303.890 INFO             PET0 ESMF_NETCDF                 : enabled
20210225 111303.890 INFO             PET0 ESMF_PNETCDF                : disabled
20210225 111303.890 INFO             PET0 ESMF_PIO                    : disabled
20210225 111303.890 INFO             PET0 ESMF_YAMLCPP                : enabled
20210225 111303.890 INFO             PET0  NUMBER_OF_PROCESSORS           1
20210225 111303.890 INFO             PET0  PASS  Example ESMF_VMAllFullReduceEx, ESMF_VMAllFullReduceEx.F90, line 113
20210225 111303.890 INFO             PET0 Finalizing ESMF
Thu Feb 25 15:00:34 MST 2021
