20210104 084924.650 INFO             PET0 !!!!!!!!!!!!!!!!!!!!!!!!!!!!!!!!!!!!!!!!!!!!!!!!!!!!!!
20210104 084924.650 INFO             PET0 !!! THE ESMF_LOG IS SET TO OUTPUT ALL LOG MESSAGES !!!
20210104 084924.650 INFO             PET0 !!!     THIS MAY CAUSE SLOWDOWN IN PERFORMANCE     !!!
20210104 084924.650 INFO             PET0 !!! FOR PRODUCTION RUNS, USE:                      !!!
20210104 084924.650 INFO             PET0 !!!                   ESMF_LOGKIND_Multi_On_Error  !!!
20210104 084924.650 INFO             PET0 !!!!!!!!!!!!!!!!!!!!!!!!!!!!!!!!!!!!!!!!!!!!!!!!!!!!!!
20210104 084924.650 INFO             PET0 Running with ESMF Version   : ESMF_8_1_0_beta_snapshot_40-5-g9b832b5a2f
20210104 084924.650 INFO             PET0 ESMF library build date/time: "Jan  4 2021" "08:18:29"
20210104 084924.650 INFO             PET0 ESMF library build location : /project/esmf/himanshu/esmf_test/cronjobs/daily/intel/esmf
20210104 084924.650 INFO             PET0 ESMF_COMM                   : mpiuni
20210104 084924.651 INFO             PET0 ESMF_NETCDF                 : enabled
20210104 084924.651 INFO             PET0 ESMF_PNETCDF                : disabled
20210104 084924.651 INFO             PET0 ESMF_PIO                    : disabled
20210104 084924.651 INFO             PET0 ESMF_YAMLCPP                : enabled
20210104 084924.651 INFO             PET0 ESMF_MOAB                   : enabled
20210104 084924.652 DEBUG            PET0 service: 0  PTHREAD_STACK_MIN: 8192 bytes  stack_size: 20971520 bytes
20210104 084924.653 INFO             PET0  NUMBER_OF_PROCESSORS           1
20210104 084924.653 INFO             PET0  PASS  Example ESMF_GCompEx, ESMF_GCompEx.F90, line 465
20210104 084924.653 INFO             PET0 Finalizing ESMF
Mon Jan  4 13:04:40 MST 2021
