20210214 130121.761 INFO             PET0 !!!!!!!!!!!!!!!!!!!!!!!!!!!!!!!!!!!!!!!!!!!!!!!!!!!!!!
20210214 130121.761 INFO             PET0 !!! THE ESMF_LOG IS SET TO OUTPUT ALL LOG MESSAGES !!!
20210214 130121.761 INFO             PET0 !!!     THIS MAY CAUSE SLOWDOWN IN PERFORMANCE     !!!
20210214 130121.761 INFO             PET0 !!! FOR PRODUCTION RUNS, USE:                      !!!
20210214 130121.761 INFO             PET0 !!!                   ESMF_LOGKIND_Multi_On_Error  !!!
20210214 130121.761 INFO             PET0 !!!!!!!!!!!!!!!!!!!!!!!!!!!!!!!!!!!!!!!!!!!!!!!!!!!!!!
20210214 130121.761 INFO             PET0 Running with ESMF Version   : ESMF_8_1_0_beta_snapshot_44-80-g014a1253fa
20210214 130121.761 INFO             PET0 ESMF library build date/time: "Feb 14 2021" "12:32:10"
20210214 130121.761 INFO             PET0 ESMF library build location : /project/esmf/himanshu/esmf_test/cronjobs/daily/intel/esmf
20210214 130121.761 INFO             PET0 ESMF_COMM                   : mpiuni
20210214 130121.761 INFO             PET0 ESMF_MOAB                   : enabled
20210214 130121.761 INFO             PET0 ESMF_LAPACK                 : enabled
20210214 130121.761 INFO             PET0 ESMF_NETCDF                 : enabled
20210214 130121.761 INFO             PET0 ESMF_PNETCDF                : disabled
20210214 130121.761 INFO             PET0 ESMF_PIO                    : disabled
20210214 130121.761 INFO             PET0 ESMF_YAMLCPP                : enabled
20210214 130121.762 INFO             PET0  NUMBER_OF_PROCESSORS           1
20210214 130121.762 INFO             PET0  PASS  Example ESMF_ArraySpecEx, ESMF_ArraySpecEx.F90, line 96
20210214 130121.762 INFO             PET0 Finalizing ESMF
Sun Feb 14 17:23:16 MST 2021
