20210226 154252.764 INFO             PET0 !!!!!!!!!!!!!!!!!!!!!!!!!!!!!!!!!!!!!!!!!!!!!!!!!!!!!!
20210226 154252.764 INFO             PET0 !!! THE ESMF_LOG IS SET TO OUTPUT ALL LOG MESSAGES !!!
20210226 154252.764 INFO             PET0 !!!     THIS MAY CAUSE SLOWDOWN IN PERFORMANCE     !!!
20210226 154252.764 INFO             PET0 !!! FOR PRODUCTION RUNS, USE:                      !!!
20210226 154252.764 INFO             PET0 !!!                   ESMF_LOGKIND_Multi_On_Error  !!!
20210226 154252.764 INFO             PET0 !!!!!!!!!!!!!!!!!!!!!!!!!!!!!!!!!!!!!!!!!!!!!!!!!!!!!!
20210226 154252.764 INFO             PET0 Running with ESMF Version   : ESMF_8_1_0_beta_snapshot_47-13-g5e7921f6d7
20210226 154252.764 INFO             PET0 ESMF library build date/time: "Feb 26 2021" "14:51:38"
20210226 154252.764 INFO             PET0 ESMF library build location : /project/esmf/himanshu/release_8.1.0/pgi/esmf
20210226 154252.764 INFO             PET0 ESMF_COMM                   : mpiuni
20210226 154252.764 INFO             PET0 ESMF_MOAB                   : enabled
20210226 154252.764 INFO             PET0 ESMF_LAPACK                 : enabled
20210226 154252.764 INFO             PET0 ESMF_NETCDF                 : enabled
20210226 154252.764 INFO             PET0 ESMF_PNETCDF                : disabled
20210226 154252.764 INFO             PET0 ESMF_PIO                    : disabled
20210226 154252.764 INFO             PET0 ESMF_YAMLCPP                : enabled
20210226 154252.765 INFO             PET0 ESMF Tracing Enabled
20210226 154252.765 INFO             PET0 ESMF Profiling Enabled
20210226 154252.765 INFO             PET0 ESMF Trace/Profile clock: REALTIME
20210226 154252.803 INFO             PET0  NUMBER_OF_PROCESSORS            1
20210226 154252.803 INFO             PET0  PASS  Example ESMF_TraceUserEx, ESMF_TraceUserEx.F90, line 125
20210226 154252.803 INFO             PET0 Finalizing ESMF
20210226 154252.803 INFO             PET0 **************** Region Timings *******************
20210226 154252.803 INFO             PET0 Region              Count  Total (s)   Self (s)    Mean (s)    Min (s)     Max (s)
20210226 154252.803 INFO             PET0   outer_region      1      0.0011      0.0001      0.0011      0.0011      0.0011
20210226 154252.803 INFO             PET0     inner_region_1  10     0.0006      0.0006      0.0001      0.0001      0.0001
20210226 154252.803 INFO             PET0     inner_region_2  10     0.0003      0.0003      0.0000      0.0000      0.0000
Sat Feb 27 19:09:07 MST 2021
