20210225 060521.589 INFO             PET0 !!!!!!!!!!!!!!!!!!!!!!!!!!!!!!!!!!!!!!!!!!!!!!!!!!!!!!
20210225 060521.589 INFO             PET0 !!! THE ESMF_LOG IS SET TO OUTPUT ALL LOG MESSAGES !!!
20210225 060521.589 INFO             PET0 !!!     THIS MAY CAUSE SLOWDOWN IN PERFORMANCE     !!!
20210225 060521.589 INFO             PET0 !!! FOR PRODUCTION RUNS, USE:                      !!!
20210225 060521.589 INFO             PET0 !!!                   ESMF_LOGKIND_Multi_On_Error  !!!
20210225 060521.589 INFO             PET0 !!!!!!!!!!!!!!!!!!!!!!!!!!!!!!!!!!!!!!!!!!!!!!!!!!!!!!
20210225 060521.589 INFO             PET0 Running with ESMF Version   : ESMF_8_1_0_beta_snapshot_47-4-g0d177ef04f
20210225 060521.589 INFO             PET0 ESMF library build date/time: "Feb 25 2021" "05:14:41"
20210225 060521.589 INFO             PET0 ESMF library build location : /project/esmf/himanshu/release_8.1.0/pgi/esmf
20210225 060521.589 INFO             PET0 ESMF_COMM                   : mpiuni
20210225 060521.589 INFO             PET0 ESMF_MOAB                   : enabled
20210225 060521.589 INFO             PET0 ESMF_LAPACK                 : enabled
20210225 060521.589 INFO             PET0 ESMF_NETCDF                 : enabled
20210225 060521.589 INFO             PET0 ESMF_PNETCDF                : disabled
20210225 060521.589 INFO             PET0 ESMF_PIO                    : disabled
20210225 060521.589 INFO             PET0 ESMF_YAMLCPP                : enabled
20210225 060521.590 INFO             PET0  NUMBER_OF_PROCESSORS            1
20210225 060521.590 INFO             PET0  PASS  Example ESMF_VMScatterVMGatherEx, ESMF_VMScatterVMGatherEx.F90, line 120
20210225 060521.590 INFO             PET0 Finalizing ESMF
Fri Feb 26 13:49:37 MST 2021
