20201020 054607.143 INFO             PET2 !!!!!!!!!!!!!!!!!!!!!!!!!!!!!!!!!!!!!!!!!!!!!!!!!!!!!!
20201020 054607.143 INFO             PET2 !!! THE ESMF_LOG IS SET TO OUTPUT ALL LOG MESSAGES !!!
20201020 054607.143 INFO             PET2 !!!     THIS MAY CAUSE SLOWDOWN IN PERFORMANCE     !!!
20201020 054607.143 INFO             PET2 !!! FOR PRODUCTION RUNS, USE:                      !!!
20201020 054607.143 INFO             PET2 !!!                   ESMF_LOGKIND_Multi_On_Error  !!!
20201020 054607.143 INFO             PET2 !!!!!!!!!!!!!!!!!!!!!!!!!!!!!!!!!!!!!!!!!!!!!!!!!!!!!!
20201020 054607.143 INFO             PET2 Running with ESMF Version   : ESMF_8_1_0_beta_snapshot_35-6-g6aa98a792f
20201020 054607.143 INFO             PET2 ESMF library build date/time: "Oct 20 2020" "05:44:19"
20201020 054607.143 INFO             PET2 ESMF library build location : /project/esmf/himanshu/esmf_test/cronjobs/daily/gfortran/esmf
20201020 054607.143 INFO             PET2 ESMF_COMM                   : openmpi
20201020 054607.143 INFO             PET2 ESMF_NETCDF                 : enabled
20201020 054607.143 INFO             PET2 ESMF_PNETCDF                : disabled
20201020 054607.143 INFO             PET2 ESMF_PIO                    : enabled
20201020 054607.143 INFO             PET2 ESMF_YAMLCPP                : enabled
20201020 054607.143 INFO             PET2 ESMF_MOAB                   : enabled
20201020 054607.144 INFO             PET2 Finalizing ESMF
20201020 054607.277 INFO             PET2 !!!!!!!!!!!!!!!!!!!!!!!!!!!!!!!!!!!!!!!!!!!!!!!!!!!!!!
20201020 054607.277 INFO             PET2 !!! THE ESMF_LOG IS SET TO OUTPUT ALL LOG MESSAGES !!!
20201020 054607.277 INFO             PET2 !!!     THIS MAY CAUSE SLOWDOWN IN PERFORMANCE     !!!
20201020 054607.277 INFO             PET2 !!! FOR PRODUCTION RUNS, USE:                      !!!
20201020 054607.277 INFO             PET2 !!!                   ESMF_LOGKIND_Multi_On_Error  !!!
20201020 054607.277 INFO             PET2 !!!!!!!!!!!!!!!!!!!!!!!!!!!!!!!!!!!!!!!!!!!!!!!!!!!!!!
20201020 054607.277 INFO             PET2 Running with ESMF Version   : ESMF_8_1_0_beta_snapshot_35-6-g6aa98a792f
20201020 054607.277 INFO             PET2 ESMF library build date/time: "Oct 20 2020" "05:44:19"
20201020 054607.277 INFO             PET2 ESMF library build location : /project/esmf/himanshu/esmf_test/cronjobs/daily/gfortran/esmf
20201020 054607.277 INFO             PET2 ESMF_COMM                   : openmpi
20201020 054607.277 INFO             PET2 ESMF_NETCDF                 : enabled
20201020 054607.277 INFO             PET2 ESMF_PNETCDF                : disabled
20201020 054607.277 INFO             PET2 ESMF_PIO                    : enabled
20201020 054607.277 INFO             PET2 ESMF_YAMLCPP                : enabled
20201020 054607.277 INFO             PET2 ESMF_MOAB                   : enabled
20201020 054607.278 INFO             PET2 Finalizing ESMF
20201020 054607.402 INFO             PET2 !!!!!!!!!!!!!!!!!!!!!!!!!!!!!!!!!!!!!!!!!!!!!!!!!!!!!!
20201020 054607.403 INFO             PET2 !!! THE ESMF_LOG IS SET TO OUTPUT ALL LOG MESSAGES !!!
20201020 054607.403 INFO             PET2 !!!     THIS MAY CAUSE SLOWDOWN IN PERFORMANCE     !!!
20201020 054607.403 INFO             PET2 !!! FOR PRODUCTION RUNS, USE:                      !!!
20201020 054607.403 INFO             PET2 !!!                   ESMF_LOGKIND_Multi_On_Error  !!!
20201020 054607.403 INFO             PET2 !!!!!!!!!!!!!!!!!!!!!!!!!!!!!!!!!!!!!!!!!!!!!!!!!!!!!!
20201020 054607.403 INFO             PET2 Running with ESMF Version   : ESMF_8_1_0_beta_snapshot_35-6-g6aa98a792f
20201020 054607.403 INFO             PET2 ESMF library build date/time: "Oct 20 2020" "05:44:19"
20201020 054607.403 INFO             PET2 ESMF library build location : /project/esmf/himanshu/esmf_test/cronjobs/daily/gfortran/esmf
20201020 054607.403 INFO             PET2 ESMF_COMM                   : openmpi
20201020 054607.403 INFO             PET2 ESMF_NETCDF                 : enabled
20201020 054607.403 INFO             PET2 ESMF_PNETCDF                : disabled
20201020 054607.403 INFO             PET2 ESMF_PIO                    : enabled
20201020 054607.403 INFO             PET2 ESMF_YAMLCPP                : enabled
20201020 054607.403 INFO             PET2 ESMF_MOAB                   : enabled
20201020 054607.403 INFO             PET2 Finalizing ESMF
