20201023 025142.806 INFO             PET3 !!!!!!!!!!!!!!!!!!!!!!!!!!!!!!!!!!!!!!!!!!!!!!!!!!!!!!
20201023 025142.807 INFO             PET3 !!! THE ESMF_LOG IS SET TO OUTPUT ALL LOG MESSAGES !!!
20201023 025142.807 INFO             PET3 !!!     THIS MAY CAUSE SLOWDOWN IN PERFORMANCE     !!!
20201023 025142.807 INFO             PET3 !!! FOR PRODUCTION RUNS, USE:                      !!!
20201023 025142.807 INFO             PET3 !!!                   ESMF_LOGKIND_Multi_On_Error  !!!
20201023 025142.807 INFO             PET3 !!!!!!!!!!!!!!!!!!!!!!!!!!!!!!!!!!!!!!!!!!!!!!!!!!!!!!
20201023 025142.807 INFO             PET3 Running with ESMF Version   : ESMF_8_1_0_beta_snapshot_36
20201023 025142.807 INFO             PET3 ESMF library build date/time: "Oct 23 2020" "02:50:03"
20201023 025142.807 INFO             PET3 ESMF library build location : /project/esmf/himanshu/esmf_test/cronjobs/daily/gfortran/esmf
20201023 025142.807 INFO             PET3 ESMF_COMM                   : openmpi
20201023 025142.807 INFO             PET3 ESMF_NETCDF                 : enabled
20201023 025142.807 INFO             PET3 ESMF_PNETCDF                : disabled
20201023 025142.807 INFO             PET3 ESMF_PIO                    : enabled
20201023 025142.807 INFO             PET3 ESMF_YAMLCPP                : enabled
20201023 025142.807 INFO             PET3 ESMF_MOAB                   : enabled
20201023 025142.808 INFO             PET3 Finalizing ESMF
20201023 025142.943 INFO             PET3 !!!!!!!!!!!!!!!!!!!!!!!!!!!!!!!!!!!!!!!!!!!!!!!!!!!!!!
20201023 025142.944 INFO             PET3 !!! THE ESMF_LOG IS SET TO OUTPUT ALL LOG MESSAGES !!!
20201023 025142.944 INFO             PET3 !!!     THIS MAY CAUSE SLOWDOWN IN PERFORMANCE     !!!
20201023 025142.944 INFO             PET3 !!! FOR PRODUCTION RUNS, USE:                      !!!
20201023 025142.944 INFO             PET3 !!!                   ESMF_LOGKIND_Multi_On_Error  !!!
20201023 025142.944 INFO             PET3 !!!!!!!!!!!!!!!!!!!!!!!!!!!!!!!!!!!!!!!!!!!!!!!!!!!!!!
20201023 025142.944 INFO             PET3 Running with ESMF Version   : ESMF_8_1_0_beta_snapshot_36
20201023 025142.944 INFO             PET3 ESMF library build date/time: "Oct 23 2020" "02:50:03"
20201023 025142.944 INFO             PET3 ESMF library build location : /project/esmf/himanshu/esmf_test/cronjobs/daily/gfortran/esmf
20201023 025142.944 INFO             PET3 ESMF_COMM                   : openmpi
20201023 025142.944 INFO             PET3 ESMF_NETCDF                 : enabled
20201023 025142.944 INFO             PET3 ESMF_PNETCDF                : disabled
20201023 025142.944 INFO             PET3 ESMF_PIO                    : enabled
20201023 025142.944 INFO             PET3 ESMF_YAMLCPP                : enabled
20201023 025142.944 INFO             PET3 ESMF_MOAB                   : enabled
20201023 025142.944 INFO             PET3 Finalizing ESMF
20201023 025143.078 INFO             PET3 !!!!!!!!!!!!!!!!!!!!!!!!!!!!!!!!!!!!!!!!!!!!!!!!!!!!!!
20201023 025143.079 INFO             PET3 !!! THE ESMF_LOG IS SET TO OUTPUT ALL LOG MESSAGES !!!
20201023 025143.079 INFO             PET3 !!!     THIS MAY CAUSE SLOWDOWN IN PERFORMANCE     !!!
20201023 025143.079 INFO             PET3 !!! FOR PRODUCTION RUNS, USE:                      !!!
20201023 025143.079 INFO             PET3 !!!                   ESMF_LOGKIND_Multi_On_Error  !!!
20201023 025143.079 INFO             PET3 !!!!!!!!!!!!!!!!!!!!!!!!!!!!!!!!!!!!!!!!!!!!!!!!!!!!!!
20201023 025143.079 INFO             PET3 Running with ESMF Version   : ESMF_8_1_0_beta_snapshot_36
20201023 025143.079 INFO             PET3 ESMF library build date/time: "Oct 23 2020" "02:50:03"
20201023 025143.079 INFO             PET3 ESMF library build location : /project/esmf/himanshu/esmf_test/cronjobs/daily/gfortran/esmf
20201023 025143.079 INFO             PET3 ESMF_COMM                   : openmpi
20201023 025143.079 INFO             PET3 ESMF_NETCDF                 : enabled
20201023 025143.079 INFO             PET3 ESMF_PNETCDF                : disabled
20201023 025143.079 INFO             PET3 ESMF_PIO                    : enabled
20201023 025143.079 INFO             PET3 ESMF_YAMLCPP                : enabled
20201023 025143.079 INFO             PET3 ESMF_MOAB                   : enabled
20201023 025143.079 INFO             PET3 Finalizing ESMF
