20210210 081732.163 INFO             PET1 !!!!!!!!!!!!!!!!!!!!!!!!!!!!!!!!!!!!!!!!!!!!!!!!!!!!!!
20210210 081732.164 INFO             PET1 !!! THE ESMF_LOG IS SET TO OUTPUT ALL LOG MESSAGES !!!
20210210 081732.164 INFO             PET1 !!!     THIS MAY CAUSE SLOWDOWN IN PERFORMANCE     !!!
20210210 081732.164 INFO             PET1 !!! FOR PRODUCTION RUNS, USE:                      !!!
20210210 081732.164 INFO             PET1 !!!                   ESMF_LOGKIND_Multi_On_Error  !!!
20210210 081732.164 INFO             PET1 !!!!!!!!!!!!!!!!!!!!!!!!!!!!!!!!!!!!!!!!!!!!!!!!!!!!!!
20210210 081732.164 INFO             PET1 Running with ESMF Version   : ESMF_8_1_0_beta_snapshot_44-51-g9479c81c39
20210210 081732.164 INFO             PET1 ESMF library build date/time: "Feb 10 2021" "08:13:41"
20210210 081732.164 INFO             PET1 ESMF library build location : /glade/scratch/himanshu/scripts_dir/daily/gfortran_cheyenne/esmf
20210210 081732.164 INFO             PET1 ESMF_COMM                   : openmpi
20210210 081732.164 INFO             PET1 ESMF_MOAB                   : enabled
20210210 081732.164 INFO             PET1 ESMF_LAPACK                 : enabled
20210210 081732.164 INFO             PET1 ESMF_NETCDF                 : disabled
20210210 081732.164 INFO             PET1 ESMF_PNETCDF                : disabled
20210210 081732.164 INFO             PET1 ESMF_PIO                    : enabled
20210210 081732.164 INFO             PET1 ESMF_YAMLCPP                : enabled
20210210 081732.164 INFO             PET1 Finalizing ESMF
20210210 081732.550 INFO             PET1 !!!!!!!!!!!!!!!!!!!!!!!!!!!!!!!!!!!!!!!!!!!!!!!!!!!!!!
20210210 081732.550 INFO             PET1 !!! THE ESMF_LOG IS SET TO OUTPUT ALL LOG MESSAGES !!!
20210210 081732.550 INFO             PET1 !!!     THIS MAY CAUSE SLOWDOWN IN PERFORMANCE     !!!
20210210 081732.550 INFO             PET1 !!! FOR PRODUCTION RUNS, USE:                      !!!
20210210 081732.550 INFO             PET1 !!!                   ESMF_LOGKIND_Multi_On_Error  !!!
20210210 081732.550 INFO             PET1 !!!!!!!!!!!!!!!!!!!!!!!!!!!!!!!!!!!!!!!!!!!!!!!!!!!!!!
20210210 081732.550 INFO             PET1 Running with ESMF Version   : ESMF_8_1_0_beta_snapshot_44-51-g9479c81c39
20210210 081732.550 INFO             PET1 ESMF library build date/time: "Feb 10 2021" "08:13:41"
20210210 081732.550 INFO             PET1 ESMF library build location : /glade/scratch/himanshu/scripts_dir/daily/gfortran_cheyenne/esmf
20210210 081732.550 INFO             PET1 ESMF_COMM                   : openmpi
20210210 081732.550 INFO             PET1 ESMF_MOAB                   : enabled
20210210 081732.550 INFO             PET1 ESMF_LAPACK                 : enabled
20210210 081732.550 INFO             PET1 ESMF_NETCDF                 : disabled
20210210 081732.550 INFO             PET1 ESMF_PNETCDF                : disabled
20210210 081732.550 INFO             PET1 ESMF_PIO                    : enabled
20210210 081732.550 INFO             PET1 ESMF_YAMLCPP                : enabled
20210210 081732.550 INFO             PET1 Finalizing ESMF
20210210 081732.923 INFO             PET1 !!!!!!!!!!!!!!!!!!!!!!!!!!!!!!!!!!!!!!!!!!!!!!!!!!!!!!
20210210 081732.923 INFO             PET1 !!! THE ESMF_LOG IS SET TO OUTPUT ALL LOG MESSAGES !!!
20210210 081732.923 INFO             PET1 !!!     THIS MAY CAUSE SLOWDOWN IN PERFORMANCE     !!!
20210210 081732.923 INFO             PET1 !!! FOR PRODUCTION RUNS, USE:                      !!!
20210210 081732.923 INFO             PET1 !!!                   ESMF_LOGKIND_Multi_On_Error  !!!
20210210 081732.923 INFO             PET1 !!!!!!!!!!!!!!!!!!!!!!!!!!!!!!!!!!!!!!!!!!!!!!!!!!!!!!
20210210 081732.923 INFO             PET1 Running with ESMF Version   : ESMF_8_1_0_beta_snapshot_44-51-g9479c81c39
20210210 081732.923 INFO             PET1 ESMF library build date/time: "Feb 10 2021" "08:13:41"
20210210 081732.923 INFO             PET1 ESMF library build location : /glade/scratch/himanshu/scripts_dir/daily/gfortran_cheyenne/esmf
20210210 081732.923 INFO             PET1 ESMF_COMM                   : openmpi
20210210 081732.926 INFO             PET1 ESMF_MOAB                   : enabled
20210210 081732.926 INFO             PET1 ESMF_LAPACK                 : enabled
20210210 081732.926 INFO             PET1 ESMF_NETCDF                 : disabled
20210210 081732.926 INFO             PET1 ESMF_PNETCDF                : disabled
20210210 081732.926 INFO             PET1 ESMF_PIO                    : enabled
20210210 081732.926 INFO             PET1 ESMF_YAMLCPP                : enabled
20210210 081732.926 INFO             PET1 Finalizing ESMF
Wed Feb 10 09:49:02 MST 2021
