20201126 044756.432 INFO             PET2 !!!!!!!!!!!!!!!!!!!!!!!!!!!!!!!!!!!!!!!!!!!!!!!!!!!!!!
20201126 044756.432 INFO             PET2 !!! THE ESMF_LOG IS SET TO OUTPUT ALL LOG MESSAGES !!!
20201126 044756.432 INFO             PET2 !!!     THIS MAY CAUSE SLOWDOWN IN PERFORMANCE     !!!
20201126 044756.432 INFO             PET2 !!! FOR PRODUCTION RUNS, USE:                      !!!
20201126 044756.432 INFO             PET2 !!!                   ESMF_LOGKIND_Multi_On_Error  !!!
20201126 044756.432 INFO             PET2 !!!!!!!!!!!!!!!!!!!!!!!!!!!!!!!!!!!!!!!!!!!!!!!!!!!!!!
20201126 044756.432 INFO             PET2 Running with ESMF Version   : ESMF_8_1_0_beta_snapshot_38
20201126 044756.432 INFO             PET2 ESMF library build date/time: "Nov 26 2020" "04:44:13"
20201126 044756.432 INFO             PET2 ESMF library build location : /glade/scratch/himanshu/scripts_dir/daily/gfortran_cheyenne/esmf
20201126 044756.432 INFO             PET2 ESMF_COMM                   : openmpi
20201126 044756.433 INFO             PET2 ESMF_NETCDF                 : disabled
20201126 044756.433 INFO             PET2 ESMF_PNETCDF                : disabled
20201126 044756.433 INFO             PET2 ESMF_PIO                    : enabled
20201126 044756.433 INFO             PET2 ESMF_YAMLCPP                : enabled
20201126 044756.433 INFO             PET2 ESMF_MOAB                   : enabled
20201126 044756.433 INFO             PET2 Finalizing ESMF
20201126 044756.813 INFO             PET2 !!!!!!!!!!!!!!!!!!!!!!!!!!!!!!!!!!!!!!!!!!!!!!!!!!!!!!
20201126 044756.813 INFO             PET2 !!! THE ESMF_LOG IS SET TO OUTPUT ALL LOG MESSAGES !!!
20201126 044756.813 INFO             PET2 !!!     THIS MAY CAUSE SLOWDOWN IN PERFORMANCE     !!!
20201126 044756.813 INFO             PET2 !!! FOR PRODUCTION RUNS, USE:                      !!!
20201126 044756.813 INFO             PET2 !!!                   ESMF_LOGKIND_Multi_On_Error  !!!
20201126 044756.813 INFO             PET2 !!!!!!!!!!!!!!!!!!!!!!!!!!!!!!!!!!!!!!!!!!!!!!!!!!!!!!
20201126 044756.813 INFO             PET2 Running with ESMF Version   : ESMF_8_1_0_beta_snapshot_38
20201126 044756.813 INFO             PET2 ESMF library build date/time: "Nov 26 2020" "04:44:13"
20201126 044756.813 INFO             PET2 ESMF library build location : /glade/scratch/himanshu/scripts_dir/daily/gfortran_cheyenne/esmf
20201126 044756.813 INFO             PET2 ESMF_COMM                   : openmpi
20201126 044756.813 INFO             PET2 ESMF_NETCDF                 : disabled
20201126 044756.813 INFO             PET2 ESMF_PNETCDF                : disabled
20201126 044756.813 INFO             PET2 ESMF_PIO                    : enabled
20201126 044756.813 INFO             PET2 ESMF_YAMLCPP                : enabled
20201126 044756.813 INFO             PET2 ESMF_MOAB                   : enabled
20201126 044756.814 INFO             PET2 Finalizing ESMF
20201126 044757.197 INFO             PET2 !!!!!!!!!!!!!!!!!!!!!!!!!!!!!!!!!!!!!!!!!!!!!!!!!!!!!!
20201126 044757.198 INFO             PET2 !!! THE ESMF_LOG IS SET TO OUTPUT ALL LOG MESSAGES !!!
20201126 044757.198 INFO             PET2 !!!     THIS MAY CAUSE SLOWDOWN IN PERFORMANCE     !!!
20201126 044757.198 INFO             PET2 !!! FOR PRODUCTION RUNS, USE:                      !!!
20201126 044757.198 INFO             PET2 !!!                   ESMF_LOGKIND_Multi_On_Error  !!!
20201126 044757.198 INFO             PET2 !!!!!!!!!!!!!!!!!!!!!!!!!!!!!!!!!!!!!!!!!!!!!!!!!!!!!!
20201126 044757.198 INFO             PET2 Running with ESMF Version   : ESMF_8_1_0_beta_snapshot_38
20201126 044757.198 INFO             PET2 ESMF library build date/time: "Nov 26 2020" "04:44:13"
20201126 044757.198 INFO             PET2 ESMF library build location : /glade/scratch/himanshu/scripts_dir/daily/gfortran_cheyenne/esmf
20201126 044757.198 INFO             PET2 ESMF_COMM                   : openmpi
20201126 044757.198 INFO             PET2 ESMF_NETCDF                 : disabled
20201126 044757.198 INFO             PET2 ESMF_PNETCDF                : disabled
20201126 044757.198 INFO             PET2 ESMF_PIO                    : enabled
20201126 044757.198 INFO             PET2 ESMF_YAMLCPP                : enabled
20201126 044757.198 INFO             PET2 ESMF_MOAB                   : enabled
20201126 044757.201 INFO             PET2 Finalizing ESMF
Thu Nov 26 06:19:50 MST 2020
