20200823 225156.366 INFO             PET2 !!!!!!!!!!!!!!!!!!!!!!!!!!!!!!!!!!!!!!!!!!!!!!!!!!!!!!
20200823 225156.366 INFO             PET2 !!! THE ESMF_LOG IS SET TO OUTPUT ALL LOG MESSAGES !!!
20200823 225156.366 INFO             PET2 !!!     THIS MAY CAUSE SLOWDOWN IN PERFORMANCE     !!!
20200823 225156.366 INFO             PET2 !!! FOR PRODUCTION RUNS, USE:                      !!!
20200823 225156.366 INFO             PET2 !!!                   ESMF_LOGKIND_Multi_On_Error  !!!
20200823 225156.366 INFO             PET2 !!!!!!!!!!!!!!!!!!!!!!!!!!!!!!!!!!!!!!!!!!!!!!!!!!!!!!
20200823 225156.366 INFO             PET2 Running with ESMF Version   : ESMF_8_1_0_beta_snapshot_26-20-gc467564eb1
20200823 225156.366 INFO             PET2 ESMF library build date/time: "Aug 23 2020" "22:48:10"
20200823 225156.366 INFO             PET2 ESMF library build location : /glade/scratch/himanshu/scripts_dir/daily/gfortran_cheyenne/esmf
20200823 225156.366 INFO             PET2 ESMF_COMM                   : openmpi
20200823 225156.366 INFO             PET2 ESMF_NETCDF                 : disabled
20200823 225156.366 INFO             PET2 ESMF_PNETCDF                : disabled
20200823 225156.366 INFO             PET2 ESMF_PIO                    : enabled
20200823 225156.366 INFO             PET2 ESMF_YAMLCPP                : enabled
20200823 225156.366 INFO             PET2 ESMF_MOAB                   : enabled
20200823 225156.366 INFO             PET2 Finalizing ESMF
20200823 225156.774 INFO             PET2 !!!!!!!!!!!!!!!!!!!!!!!!!!!!!!!!!!!!!!!!!!!!!!!!!!!!!!
20200823 225156.774 INFO             PET2 !!! THE ESMF_LOG IS SET TO OUTPUT ALL LOG MESSAGES !!!
20200823 225156.774 INFO             PET2 !!!     THIS MAY CAUSE SLOWDOWN IN PERFORMANCE     !!!
20200823 225156.774 INFO             PET2 !!! FOR PRODUCTION RUNS, USE:                      !!!
20200823 225156.774 INFO             PET2 !!!                   ESMF_LOGKIND_Multi_On_Error  !!!
20200823 225156.774 INFO             PET2 !!!!!!!!!!!!!!!!!!!!!!!!!!!!!!!!!!!!!!!!!!!!!!!!!!!!!!
20200823 225156.774 INFO             PET2 Running with ESMF Version   : ESMF_8_1_0_beta_snapshot_26-20-gc467564eb1
20200823 225156.774 INFO             PET2 ESMF library build date/time: "Aug 23 2020" "22:48:10"
20200823 225156.774 INFO             PET2 ESMF library build location : /glade/scratch/himanshu/scripts_dir/daily/gfortran_cheyenne/esmf
20200823 225156.774 INFO             PET2 ESMF_COMM                   : openmpi
20200823 225156.774 INFO             PET2 ESMF_NETCDF                 : disabled
20200823 225156.774 INFO             PET2 ESMF_PNETCDF                : disabled
20200823 225156.774 INFO             PET2 ESMF_PIO                    : enabled
20200823 225156.774 INFO             PET2 ESMF_YAMLCPP                : enabled
20200823 225156.774 INFO             PET2 ESMF_MOAB                   : enabled
20200823 225156.774 INFO             PET2 Finalizing ESMF
20200823 225157.279 INFO             PET2 !!!!!!!!!!!!!!!!!!!!!!!!!!!!!!!!!!!!!!!!!!!!!!!!!!!!!!
20200823 225157.279 INFO             PET2 !!! THE ESMF_LOG IS SET TO OUTPUT ALL LOG MESSAGES !!!
20200823 225157.279 INFO             PET2 !!!     THIS MAY CAUSE SLOWDOWN IN PERFORMANCE     !!!
20200823 225157.279 INFO             PET2 !!! FOR PRODUCTION RUNS, USE:                      !!!
20200823 225157.279 INFO             PET2 !!!                   ESMF_LOGKIND_Multi_On_Error  !!!
20200823 225157.279 INFO             PET2 !!!!!!!!!!!!!!!!!!!!!!!!!!!!!!!!!!!!!!!!!!!!!!!!!!!!!!
20200823 225157.279 INFO             PET2 Running with ESMF Version   : ESMF_8_1_0_beta_snapshot_26-20-gc467564eb1
20200823 225157.279 INFO             PET2 ESMF library build date/time: "Aug 23 2020" "22:48:10"
20200823 225157.279 INFO             PET2 ESMF library build location : /glade/scratch/himanshu/scripts_dir/daily/gfortran_cheyenne/esmf
20200823 225157.279 INFO             PET2 ESMF_COMM                   : openmpi
20200823 225157.279 INFO             PET2 ESMF_NETCDF                 : disabled
20200823 225157.279 INFO             PET2 ESMF_PNETCDF                : disabled
20200823 225157.279 INFO             PET2 ESMF_PIO                    : enabled
20200823 225157.279 INFO             PET2 ESMF_YAMLCPP                : enabled
20200823 225157.279 INFO             PET2 ESMF_MOAB                   : enabled
20200823 225157.282 INFO             PET2 Finalizing ESMF
