20200820 224627.673 INFO             PET3 !!!!!!!!!!!!!!!!!!!!!!!!!!!!!!!!!!!!!!!!!!!!!!!!!!!!!!
20200820 224627.673 INFO             PET3 !!! THE ESMF_LOG IS SET TO OUTPUT ALL LOG MESSAGES !!!
20200820 224627.673 INFO             PET3 !!!     THIS MAY CAUSE SLOWDOWN IN PERFORMANCE     !!!
20200820 224627.673 INFO             PET3 !!! FOR PRODUCTION RUNS, USE:                      !!!
20200820 224627.673 INFO             PET3 !!!                   ESMF_LOGKIND_Multi_On_Error  !!!
20200820 224627.673 INFO             PET3 !!!!!!!!!!!!!!!!!!!!!!!!!!!!!!!!!!!!!!!!!!!!!!!!!!!!!!
20200820 224627.673 INFO             PET3 Running with ESMF Version   : ESMF_8_1_0_beta_snapshot_26-19-g4de1ef34b4
20200820 224627.673 INFO             PET3 ESMF library build date/time: "Aug 20 2020" "22:42:41"
20200820 224627.674 INFO             PET3 ESMF library build location : /glade/scratch/himanshu/scripts_dir/daily/gfortran_cheyenne/esmf
20200820 224627.674 INFO             PET3 ESMF_COMM                   : openmpi
20200820 224627.674 INFO             PET3 ESMF_NETCDF                 : disabled
20200820 224627.674 INFO             PET3 ESMF_PNETCDF                : disabled
20200820 224627.674 INFO             PET3 ESMF_PIO                    : enabled
20200820 224627.674 INFO             PET3 ESMF_YAMLCPP                : enabled
20200820 224627.674 INFO             PET3 ESMF_MOAB                   : enabled
20200820 224627.674 INFO             PET3 Finalizing ESMF
20200820 224628.073 INFO             PET3 !!!!!!!!!!!!!!!!!!!!!!!!!!!!!!!!!!!!!!!!!!!!!!!!!!!!!!
20200820 224628.073 INFO             PET3 !!! THE ESMF_LOG IS SET TO OUTPUT ALL LOG MESSAGES !!!
20200820 224628.073 INFO             PET3 !!!     THIS MAY CAUSE SLOWDOWN IN PERFORMANCE     !!!
20200820 224628.073 INFO             PET3 !!! FOR PRODUCTION RUNS, USE:                      !!!
20200820 224628.073 INFO             PET3 !!!                   ESMF_LOGKIND_Multi_On_Error  !!!
20200820 224628.073 INFO             PET3 !!!!!!!!!!!!!!!!!!!!!!!!!!!!!!!!!!!!!!!!!!!!!!!!!!!!!!
20200820 224628.073 INFO             PET3 Running with ESMF Version   : ESMF_8_1_0_beta_snapshot_26-19-g4de1ef34b4
20200820 224628.073 INFO             PET3 ESMF library build date/time: "Aug 20 2020" "22:42:41"
20200820 224628.073 INFO             PET3 ESMF library build location : /glade/scratch/himanshu/scripts_dir/daily/gfortran_cheyenne/esmf
20200820 224628.073 INFO             PET3 ESMF_COMM                   : openmpi
20200820 224628.074 INFO             PET3 ESMF_NETCDF                 : disabled
20200820 224628.074 INFO             PET3 ESMF_PNETCDF                : disabled
20200820 224628.074 INFO             PET3 ESMF_PIO                    : enabled
20200820 224628.074 INFO             PET3 ESMF_YAMLCPP                : enabled
20200820 224628.074 INFO             PET3 ESMF_MOAB                   : enabled
20200820 224628.074 INFO             PET3 Finalizing ESMF
20200820 224628.639 INFO             PET3 !!!!!!!!!!!!!!!!!!!!!!!!!!!!!!!!!!!!!!!!!!!!!!!!!!!!!!
20200820 224628.639 INFO             PET3 !!! THE ESMF_LOG IS SET TO OUTPUT ALL LOG MESSAGES !!!
20200820 224628.639 INFO             PET3 !!!     THIS MAY CAUSE SLOWDOWN IN PERFORMANCE     !!!
20200820 224628.639 INFO             PET3 !!! FOR PRODUCTION RUNS, USE:                      !!!
20200820 224628.639 INFO             PET3 !!!                   ESMF_LOGKIND_Multi_On_Error  !!!
20200820 224628.639 INFO             PET3 !!!!!!!!!!!!!!!!!!!!!!!!!!!!!!!!!!!!!!!!!!!!!!!!!!!!!!
20200820 224628.639 INFO             PET3 Running with ESMF Version   : ESMF_8_1_0_beta_snapshot_26-19-g4de1ef34b4
20200820 224628.639 INFO             PET3 ESMF library build date/time: "Aug 20 2020" "22:42:41"
20200820 224628.639 INFO             PET3 ESMF library build location : /glade/scratch/himanshu/scripts_dir/daily/gfortran_cheyenne/esmf
20200820 224628.639 INFO             PET3 ESMF_COMM                   : openmpi
20200820 224628.639 INFO             PET3 ESMF_NETCDF                 : disabled
20200820 224628.639 INFO             PET3 ESMF_PNETCDF                : disabled
20200820 224628.639 INFO             PET3 ESMF_PIO                    : enabled
20200820 224628.639 INFO             PET3 ESMF_YAMLCPP                : enabled
20200820 224628.639 INFO             PET3 ESMF_MOAB                   : enabled
20200820 224628.641 INFO             PET3 Finalizing ESMF
