20210219 022605.851 INFO             PET0 !!!!!!!!!!!!!!!!!!!!!!!!!!!!!!!!!!!!!!!!!!!!!!!!!!!!!!
20210219 022605.851 INFO             PET0 !!! THE ESMF_LOG IS SET TO OUTPUT ALL LOG MESSAGES !!!
20210219 022605.851 INFO             PET0 !!!     THIS MAY CAUSE SLOWDOWN IN PERFORMANCE     !!!
20210219 022605.851 INFO             PET0 !!! FOR PRODUCTION RUNS, USE:                      !!!
20210219 022605.851 INFO             PET0 !!!                   ESMF_LOGKIND_Multi_On_Error  !!!
20210219 022605.851 INFO             PET0 !!!!!!!!!!!!!!!!!!!!!!!!!!!!!!!!!!!!!!!!!!!!!!!!!!!!!!
20210219 022605.851 INFO             PET0 Running with ESMF Version   : ESMF_8_1_0_beta_snapshot_47
20210219 022605.851 INFO             PET0 ESMF library build date/time: "Feb 19 2021" "02:14:26"
20210219 022605.851 INFO             PET0 ESMF library build location : /project/esmf/himanshu/release_8.1.0/gfortran/esmf
20210219 022605.851 INFO             PET0 ESMF_COMM                   : mpiuni
20210219 022605.852 INFO             PET0 ESMF_MOAB                   : enabled
20210219 022605.852 INFO             PET0 ESMF_LAPACK                 : enabled
20210219 022605.852 INFO             PET0 ESMF_NETCDF                 : disabled
20210219 022605.852 INFO             PET0 ESMF_PNETCDF                : disabled
20210219 022605.852 INFO             PET0 ESMF_PIO                    : disabled
20210219 022605.852 INFO             PET0 ESMF_YAMLCPP                : enabled
20210219 022605.852 INFO             PET0 ESMF Tracing Enabled
20210219 022605.852 INFO             PET0 ESMF Profiling Enabled
20210219 022605.852 INFO             PET0 ESMF Trace/Profile clock: REALTIME
20210219 022605.859 INFO             PET0  NUMBER_OF_PROCESSORS           1
20210219 022605.859 INFO             PET0  PASS  Example ESMF_TraceEx, ESMF_TraceEx.F90, line 178
20210219 022605.859 INFO             PET0 Finalizing ESMF
20210219 022605.860 INFO             PET0 **************** Region Timings *******************
20210219 022605.860 INFO             PET0 Region              Count  Total (s)   Self (s)    Mean (s)    Min (s)     Max (s)
20210219 022605.860 INFO             PET0   [test] Run 1      5      0.0000      0.0000      0.0000      0.0000      0.0000
20210219 022605.860 INFO             PET0   [test] Init 1     1      0.0000      0.0000      0.0000      0.0000      0.0000
20210219 022605.860 INFO             PET0   [test] Final 1    1      0.0000      0.0000      0.0000      0.0000      0.0000
Fri Feb 19 03:12:32 MST 2021
