20200921 144453.281 INFO             PET2 !!!!!!!!!!!!!!!!!!!!!!!!!!!!!!!!!!!!!!!!!!!!!!!!!!!!!!
20200921 144453.281 INFO             PET2 !!! THE ESMF_LOG IS SET TO OUTPUT ALL LOG MESSAGES !!!
20200921 144453.281 INFO             PET2 !!!     THIS MAY CAUSE SLOWDOWN IN PERFORMANCE     !!!
20200921 144453.281 INFO             PET2 !!! FOR PRODUCTION RUNS, USE:                      !!!
20200921 144453.281 INFO             PET2 !!!                   ESMF_LOGKIND_Multi_On_Error  !!!
20200921 144453.281 INFO             PET2 !!!!!!!!!!!!!!!!!!!!!!!!!!!!!!!!!!!!!!!!!!!!!!!!!!!!!!
20200921 144453.281 INFO             PET2 Running with ESMF Version   : ESMF_8_1_0_beta_snapshot_28
20200921 144453.281 INFO             PET2 ESMF library build date/time: "Sep 21 2020" "14:42:13"
20200921 144453.281 INFO             PET2 ESMF library build location : /glade/scratch/himanshu/scripts_dir/daily/gfortran_more/esmf
20200921 144453.281 INFO             PET2 ESMF_COMM                   : mpt
20200921 144453.282 INFO             PET2 ESMF_NETCDF                 : disabled
20200921 144453.282 INFO             PET2 ESMF_PNETCDF                : disabled
20200921 144453.282 INFO             PET2 ESMF_PIO                    : enabled
20200921 144453.282 INFO             PET2 ESMF_YAMLCPP                : enabled
20200921 144453.282 INFO             PET2 ESMF_MOAB                   : enabled
20200921 144453.282 INFO             PET2 Finalizing ESMF
20200921 144453.356 INFO             PET2 !!!!!!!!!!!!!!!!!!!!!!!!!!!!!!!!!!!!!!!!!!!!!!!!!!!!!!
20200921 144453.357 INFO             PET2 !!! THE ESMF_LOG IS SET TO OUTPUT ALL LOG MESSAGES !!!
20200921 144453.357 INFO             PET2 !!!     THIS MAY CAUSE SLOWDOWN IN PERFORMANCE     !!!
20200921 144453.357 INFO             PET2 !!! FOR PRODUCTION RUNS, USE:                      !!!
20200921 144453.357 INFO             PET2 !!!                   ESMF_LOGKIND_Multi_On_Error  !!!
20200921 144453.357 INFO             PET2 !!!!!!!!!!!!!!!!!!!!!!!!!!!!!!!!!!!!!!!!!!!!!!!!!!!!!!
20200921 144453.357 INFO             PET2 Running with ESMF Version   : ESMF_8_1_0_beta_snapshot_28
20200921 144453.357 INFO             PET2 ESMF library build date/time: "Sep 21 2020" "14:42:13"
20200921 144453.357 INFO             PET2 ESMF library build location : /glade/scratch/himanshu/scripts_dir/daily/gfortran_more/esmf
20200921 144453.357 INFO             PET2 ESMF_COMM                   : mpt
20200921 144453.357 INFO             PET2 ESMF_NETCDF                 : disabled
20200921 144453.357 INFO             PET2 ESMF_PNETCDF                : disabled
20200921 144453.357 INFO             PET2 ESMF_PIO                    : enabled
20200921 144453.357 INFO             PET2 ESMF_YAMLCPP                : enabled
20200921 144453.357 INFO             PET2 ESMF_MOAB                   : enabled
20200921 144453.357 INFO             PET2 Finalizing ESMF
20200921 144453.429 INFO             PET2 !!!!!!!!!!!!!!!!!!!!!!!!!!!!!!!!!!!!!!!!!!!!!!!!!!!!!!
20200921 144453.429 INFO             PET2 !!! THE ESMF_LOG IS SET TO OUTPUT ALL LOG MESSAGES !!!
20200921 144453.429 INFO             PET2 !!!     THIS MAY CAUSE SLOWDOWN IN PERFORMANCE     !!!
20200921 144453.429 INFO             PET2 !!! FOR PRODUCTION RUNS, USE:                      !!!
20200921 144453.429 INFO             PET2 !!!                   ESMF_LOGKIND_Multi_On_Error  !!!
20200921 144453.429 INFO             PET2 !!!!!!!!!!!!!!!!!!!!!!!!!!!!!!!!!!!!!!!!!!!!!!!!!!!!!!
20200921 144453.429 INFO             PET2 Running with ESMF Version   : ESMF_8_1_0_beta_snapshot_28
20200921 144453.429 INFO             PET2 ESMF library build date/time: "Sep 21 2020" "14:42:13"
20200921 144453.429 INFO             PET2 ESMF library build location : /glade/scratch/himanshu/scripts_dir/daily/gfortran_more/esmf
20200921 144453.429 INFO             PET2 ESMF_COMM                   : mpt
20200921 144453.429 INFO             PET2 ESMF_NETCDF                 : disabled
20200921 144453.429 INFO             PET2 ESMF_PNETCDF                : disabled
20200921 144453.429 INFO             PET2 ESMF_PIO                    : enabled
20200921 144453.429 INFO             PET2 ESMF_YAMLCPP                : enabled
20200921 144453.429 INFO             PET2 ESMF_MOAB                   : enabled
20200921 144453.432 INFO             PET2 Finalizing ESMF
