20210121 033526.082 INFO             PET0 !!!!!!!!!!!!!!!!!!!!!!!!!!!!!!!!!!!!!!!!!!!!!!!!!!!!!!
20210121 033526.082 INFO             PET0 !!! THE ESMF_LOG IS SET TO OUTPUT ALL LOG MESSAGES !!!
20210121 033526.082 INFO             PET0 !!!     THIS MAY CAUSE SLOWDOWN IN PERFORMANCE     !!!
20210121 033526.082 INFO             PET0 !!! FOR PRODUCTION RUNS, USE:                      !!!
20210121 033526.082 INFO             PET0 !!!                   ESMF_LOGKIND_Multi_On_Error  !!!
20210121 033526.082 INFO             PET0 !!!!!!!!!!!!!!!!!!!!!!!!!!!!!!!!!!!!!!!!!!!!!!!!!!!!!!
20210121 033526.082 INFO             PET0 Running with ESMF Version   : ESMF_8_1_0_beta_snapshot_42-7-g9d66bb580c
20210121 033526.082 INFO             PET0 ESMF library build date/time: "Jan 21 2021" "03:23:26"
20210121 033526.082 INFO             PET0 ESMF library build location : /glade/scratch/himanshu/scripts_dir/daily/gfortran_cheyenne/esmf
20210121 033526.082 INFO             PET0 ESMF_COMM                   : mpich3
20210121 033526.082 INFO             PET0 ESMF_NETCDF                 : disabled
20210121 033526.082 INFO             PET0 ESMF_PNETCDF                : disabled
20210121 033526.082 INFO             PET0 ESMF_PIO                    : enabled
20210121 033526.082 INFO             PET0 ESMF_YAMLCPP                : enabled
20210121 033526.082 INFO             PET0 ESMF_MOAB                   : enabled
20210121 033526.360 INFO             PET0  NUMBER_OF_PROCESSORS           4
20210121 033526.360 INFO             PET0  PASS  Example ESMF_FieldRegridEx, ESMF_FieldRegridEx.F90, line 352
20210121 033526.360 INFO             PET0 Finalizing ESMF
20210121 033526.081 INFO             PET1 !!!!!!!!!!!!!!!!!!!!!!!!!!!!!!!!!!!!!!!!!!!!!!!!!!!!!!
20210121 033526.082 INFO             PET1 !!! THE ESMF_LOG IS SET TO OUTPUT ALL LOG MESSAGES !!!
20210121 033526.082 INFO             PET1 !!!     THIS MAY CAUSE SLOWDOWN IN PERFORMANCE     !!!
20210121 033526.082 INFO             PET1 !!! FOR PRODUCTION RUNS, USE:                      !!!
20210121 033526.082 INFO             PET1 !!!                   ESMF_LOGKIND_Multi_On_Error  !!!
20210121 033526.082 INFO             PET1 !!!!!!!!!!!!!!!!!!!!!!!!!!!!!!!!!!!!!!!!!!!!!!!!!!!!!!
20210121 033526.082 INFO             PET1 Running with ESMF Version   : ESMF_8_1_0_beta_snapshot_42-7-g9d66bb580c
20210121 033526.082 INFO             PET1 ESMF library build date/time: "Jan 21 2021" "03:23:26"
20210121 033526.082 INFO             PET1 ESMF library build location : /glade/scratch/himanshu/scripts_dir/daily/gfortran_cheyenne/esmf
20210121 033526.082 INFO             PET1 ESMF_COMM                   : mpich3
20210121 033526.082 INFO             PET1 ESMF_NETCDF                 : disabled
20210121 033526.082 INFO             PET1 ESMF_PNETCDF                : disabled
20210121 033526.082 INFO             PET1 ESMF_PIO                    : enabled
20210121 033526.082 INFO             PET1 ESMF_YAMLCPP                : enabled
20210121 033526.082 INFO             PET1 ESMF_MOAB                   : enabled
20210121 033526.360 INFO             PET1  NUMBER_OF_PROCESSORS           4
20210121 033526.360 INFO             PET1  PASS  Example ESMF_FieldRegridEx, ESMF_FieldRegridEx.F90, line 352
20210121 033526.360 INFO             PET1 Finalizing ESMF
20210121 033526.082 INFO             PET2 !!!!!!!!!!!!!!!!!!!!!!!!!!!!!!!!!!!!!!!!!!!!!!!!!!!!!!
20210121 033526.082 INFO             PET2 !!! THE ESMF_LOG IS SET TO OUTPUT ALL LOG MESSAGES !!!
20210121 033526.082 INFO             PET2 !!!     THIS MAY CAUSE SLOWDOWN IN PERFORMANCE     !!!
20210121 033526.082 INFO             PET2 !!! FOR PRODUCTION RUNS, USE:                      !!!
20210121 033526.082 INFO             PET2 !!!                   ESMF_LOGKIND_Multi_On_Error  !!!
20210121 033526.082 INFO             PET2 !!!!!!!!!!!!!!!!!!!!!!!!!!!!!!!!!!!!!!!!!!!!!!!!!!!!!!
20210121 033526.082 INFO             PET2 Running with ESMF Version   : ESMF_8_1_0_beta_snapshot_42-7-g9d66bb580c
20210121 033526.082 INFO             PET2 ESMF library build date/time: "Jan 21 2021" "03:23:26"
20210121 033526.082 INFO             PET2 ESMF library build location : /glade/scratch/himanshu/scripts_dir/daily/gfortran_cheyenne/esmf
20210121 033526.082 INFO             PET2 ESMF_COMM                   : mpich3
20210121 033526.082 INFO             PET2 ESMF_NETCDF                 : disabled
20210121 033526.082 INFO             PET2 ESMF_PNETCDF                : disabled
20210121 033526.082 INFO             PET2 ESMF_PIO                    : enabled
20210121 033526.082 INFO             PET2 ESMF_YAMLCPP                : enabled
20210121 033526.082 INFO             PET2 ESMF_MOAB                   : enabled
20210121 033526.360 INFO             PET2  NUMBER_OF_PROCESSORS           4
20210121 033526.360 INFO             PET2  PASS  Example ESMF_FieldRegridEx, ESMF_FieldRegridEx.F90, line 352
20210121 033526.360 INFO             PET2 Finalizing ESMF
20210121 033526.081 INFO             PET3 !!!!!!!!!!!!!!!!!!!!!!!!!!!!!!!!!!!!!!!!!!!!!!!!!!!!!!
20210121 033526.081 INFO             PET3 !!! THE ESMF_LOG IS SET TO OUTPUT ALL LOG MESSAGES !!!
20210121 033526.081 INFO             PET3 !!!     THIS MAY CAUSE SLOWDOWN IN PERFORMANCE     !!!
20210121 033526.081 INFO             PET3 !!! FOR PRODUCTION RUNS, USE:                      !!!
20210121 033526.081 INFO             PET3 !!!                   ESMF_LOGKIND_Multi_On_Error  !!!
20210121 033526.081 INFO             PET3 !!!!!!!!!!!!!!!!!!!!!!!!!!!!!!!!!!!!!!!!!!!!!!!!!!!!!!
20210121 033526.081 INFO             PET3 Running with ESMF Version   : ESMF_8_1_0_beta_snapshot_42-7-g9d66bb580c
20210121 033526.081 INFO             PET3 ESMF library build date/time: "Jan 21 2021" "03:23:26"
20210121 033526.081 INFO             PET3 ESMF library build location : /glade/scratch/himanshu/scripts_dir/daily/gfortran_cheyenne/esmf
20210121 033526.081 INFO             PET3 ESMF_COMM                   : mpich3
20210121 033526.082 INFO             PET3 ESMF_NETCDF                 : disabled
20210121 033526.082 INFO             PET3 ESMF_PNETCDF                : disabled
20210121 033526.082 INFO             PET3 ESMF_PIO                    : enabled
20210121 033526.082 INFO             PET3 ESMF_YAMLCPP                : enabled
20210121 033526.082 INFO             PET3 ESMF_MOAB                   : enabled
20210121 033526.360 INFO             PET3  NUMBER_OF_PROCESSORS           4
20210121 033526.360 INFO             PET3  PASS  Example ESMF_FieldRegridEx, ESMF_FieldRegridEx.F90, line 352
20210121 033526.360 INFO             PET3 Finalizing ESMF
Thu Jan 21 07:23:54 MST 2021
