20200921 023347.420 INFO             PET0 !!!!!!!!!!!!!!!!!!!!!!!!!!!!!!!!!!!!!!!!!!!!!!!!!!!!!!
20200921 023347.420 INFO             PET0 !!! THE ESMF_LOG IS SET TO OUTPUT ALL LOG MESSAGES !!!
20200921 023347.420 INFO             PET0 !!!     THIS MAY CAUSE SLOWDOWN IN PERFORMANCE     !!!
20200921 023347.420 INFO             PET0 !!! FOR PRODUCTION RUNS, USE:                      !!!
20200921 023347.420 INFO             PET0 !!!                   ESMF_LOGKIND_Multi_On_Error  !!!
20200921 023347.420 INFO             PET0 !!!!!!!!!!!!!!!!!!!!!!!!!!!!!!!!!!!!!!!!!!!!!!!!!!!!!!
20200921 023347.420 INFO             PET0 Running with ESMF Version   : ESMF_8_1_0_beta_snapshot_28
20200921 023347.420 INFO             PET0 ESMF library build date/time: "Sep 21 2020" "02:25:11"
20200921 023347.420 INFO             PET0 ESMF library build location : /glade/scratch/himanshu/scripts_dir/daily/gfortran_cheyenne/esmf
20200921 023347.420 INFO             PET0 ESMF_COMM                   : mpich3
20200921 023347.420 INFO             PET0 ESMF_NETCDF                 : disabled
20200921 023347.420 INFO             PET0 ESMF_PNETCDF                : disabled
20200921 023347.420 INFO             PET0 ESMF_PIO                    : enabled
20200921 023347.420 INFO             PET0 ESMF_YAMLCPP                : enabled
20200921 023347.420 INFO             PET0 ESMF_MOAB                   : enabled
20200921 023347.421 INFO             PET0 Log Write 2
20200921 023347.421 ERROR            PET0 Invalid object  - Convergence failure
20200921 023347.421 ERROR            PET0 ESMCI_Fraction.C:1444 ESMCI::Fraction::validate() must have non-zero denominator.
20200921 023347.421 ERROR            PET0 ESMCI_Time.C:838 ESMCI::Time::syncToRealTime() Wrong argument specified  - ; calkindflag is JULIANDAY, MODJULIANDAY or NOCALENDAR.
20200921 023347.421 ERROR            PET0 ESMF_Time.F90:1425 ESMF_TimeSyncToRealTime() Wrong argument specified  - Internal subroutine call returned Error
20200921 023347.421 ERROR            PET0 Wrong argument specified  - getting wall clock time
20200921 023347.421 INFO             PET0  NUMBER_OF_PROCESSORS           4
20200921 023347.421 INFO             PET0  PASS  Example ESMF_LogErrEx, ESMF_LogErrEx.F90, line 186
20200921 023347.421 INFO             PET0 Finalizing ESMF
20200921 023347.421 INFO             PET1 !!!!!!!!!!!!!!!!!!!!!!!!!!!!!!!!!!!!!!!!!!!!!!!!!!!!!!
20200921 023347.421 INFO             PET1 !!! THE ESMF_LOG IS SET TO OUTPUT ALL LOG MESSAGES !!!
20200921 023347.421 INFO             PET1 !!!     THIS MAY CAUSE SLOWDOWN IN PERFORMANCE     !!!
20200921 023347.421 INFO             PET1 !!! FOR PRODUCTION RUNS, USE:                      !!!
20200921 023347.421 INFO             PET1 !!!                   ESMF_LOGKIND_Multi_On_Error  !!!
20200921 023347.421 INFO             PET1 !!!!!!!!!!!!!!!!!!!!!!!!!!!!!!!!!!!!!!!!!!!!!!!!!!!!!!
20200921 023347.421 INFO             PET1 Running with ESMF Version   : ESMF_8_1_0_beta_snapshot_28
20200921 023347.421 INFO             PET1 ESMF library build date/time: "Sep 21 2020" "02:25:11"
20200921 023347.421 INFO             PET1 ESMF library build location : /glade/scratch/himanshu/scripts_dir/daily/gfortran_cheyenne/esmf
20200921 023347.421 INFO             PET1 ESMF_COMM                   : mpich3
20200921 023347.421 INFO             PET1 ESMF_NETCDF                 : disabled
20200921 023347.421 INFO             PET1 ESMF_PNETCDF                : disabled
20200921 023347.421 INFO             PET1 ESMF_PIO                    : enabled
20200921 023347.421 INFO             PET1 ESMF_YAMLCPP                : enabled
20200921 023347.421 INFO             PET1 ESMF_MOAB                   : enabled
20200921 023347.421 INFO             PET1 Log Write 2
20200921 023347.421 ERROR            PET1 Invalid object  - Convergence failure
20200921 023347.421 ERROR            PET1 ESMCI_Fraction.C:1444 ESMCI::Fraction::validate() must have non-zero denominator.
20200921 023347.421 ERROR            PET1 ESMCI_Time.C:838 ESMCI::Time::syncToRealTime() Wrong argument specified  - ; calkindflag is JULIANDAY, MODJULIANDAY or NOCALENDAR.
20200921 023347.421 ERROR            PET1 ESMF_Time.F90:1425 ESMF_TimeSyncToRealTime() Wrong argument specified  - Internal subroutine call returned Error
20200921 023347.421 ERROR            PET1 Wrong argument specified  - getting wall clock time
20200921 023347.421 INFO             PET1  NUMBER_OF_PROCESSORS           4
20200921 023347.421 INFO             PET1  PASS  Example ESMF_LogErrEx, ESMF_LogErrEx.F90, line 186
20200921 023347.421 INFO             PET1 Finalizing ESMF
20200921 023347.420 INFO             PET2 !!!!!!!!!!!!!!!!!!!!!!!!!!!!!!!!!!!!!!!!!!!!!!!!!!!!!!
20200921 023347.421 INFO             PET2 !!! THE ESMF_LOG IS SET TO OUTPUT ALL LOG MESSAGES !!!
20200921 023347.421 INFO             PET2 !!!     THIS MAY CAUSE SLOWDOWN IN PERFORMANCE     !!!
20200921 023347.421 INFO             PET2 !!! FOR PRODUCTION RUNS, USE:                      !!!
20200921 023347.421 INFO             PET2 !!!                   ESMF_LOGKIND_Multi_On_Error  !!!
20200921 023347.421 INFO             PET2 !!!!!!!!!!!!!!!!!!!!!!!!!!!!!!!!!!!!!!!!!!!!!!!!!!!!!!
20200921 023347.421 INFO             PET2 Running with ESMF Version   : ESMF_8_1_0_beta_snapshot_28
20200921 023347.421 INFO             PET2 ESMF library build date/time: "Sep 21 2020" "02:25:11"
20200921 023347.421 INFO             PET2 ESMF library build location : /glade/scratch/himanshu/scripts_dir/daily/gfortran_cheyenne/esmf
20200921 023347.421 INFO             PET2 ESMF_COMM                   : mpich3
20200921 023347.421 INFO             PET2 ESMF_NETCDF                 : disabled
20200921 023347.421 INFO             PET2 ESMF_PNETCDF                : disabled
20200921 023347.421 INFO             PET2 ESMF_PIO                    : enabled
20200921 023347.421 INFO             PET2 ESMF_YAMLCPP                : enabled
20200921 023347.421 INFO             PET2 ESMF_MOAB                   : enabled
20200921 023347.421 INFO             PET2 Log Write 2
20200921 023347.421 ERROR            PET2 Invalid object  - Convergence failure
20200921 023347.421 ERROR            PET2 ESMCI_Fraction.C:1444 ESMCI::Fraction::validate() must have non-zero denominator.
20200921 023347.421 ERROR            PET2 ESMCI_Time.C:838 ESMCI::Time::syncToRealTime() Wrong argument specified  - ; calkindflag is JULIANDAY, MODJULIANDAY or NOCALENDAR.
20200921 023347.421 ERROR            PET2 ESMF_Time.F90:1425 ESMF_TimeSyncToRealTime() Wrong argument specified  - Internal subroutine call returned Error
20200921 023347.421 ERROR            PET2 Wrong argument specified  - getting wall clock time
20200921 023347.421 INFO             PET2  NUMBER_OF_PROCESSORS           4
20200921 023347.421 INFO             PET2  PASS  Example ESMF_LogErrEx, ESMF_LogErrEx.F90, line 186
20200921 023347.421 INFO             PET2 Finalizing ESMF
20200921 023347.420 INFO             PET3 !!!!!!!!!!!!!!!!!!!!!!!!!!!!!!!!!!!!!!!!!!!!!!!!!!!!!!
20200921 023347.420 INFO             PET3 !!! THE ESMF_LOG IS SET TO OUTPUT ALL LOG MESSAGES !!!
20200921 023347.420 INFO             PET3 !!!     THIS MAY CAUSE SLOWDOWN IN PERFORMANCE     !!!
20200921 023347.420 INFO             PET3 !!! FOR PRODUCTION RUNS, USE:                      !!!
20200921 023347.420 INFO             PET3 !!!                   ESMF_LOGKIND_Multi_On_Error  !!!
20200921 023347.420 INFO             PET3 !!!!!!!!!!!!!!!!!!!!!!!!!!!!!!!!!!!!!!!!!!!!!!!!!!!!!!
20200921 023347.420 INFO             PET3 Running with ESMF Version   : ESMF_8_1_0_beta_snapshot_28
20200921 023347.420 INFO             PET3 ESMF library build date/time: "Sep 21 2020" "02:25:11"
20200921 023347.420 INFO             PET3 ESMF library build location : /glade/scratch/himanshu/scripts_dir/daily/gfortran_cheyenne/esmf
20200921 023347.420 INFO             PET3 ESMF_COMM                   : mpich3
20200921 023347.420 INFO             PET3 ESMF_NETCDF                 : disabled
20200921 023347.420 INFO             PET3 ESMF_PNETCDF                : disabled
20200921 023347.420 INFO             PET3 ESMF_PIO                    : enabled
20200921 023347.420 INFO             PET3 ESMF_YAMLCPP                : enabled
20200921 023347.420 INFO             PET3 ESMF_MOAB                   : enabled
20200921 023347.421 INFO             PET3 Log Write 2
20200921 023347.421 ERROR            PET3 Invalid object  - Convergence failure
20200921 023347.421 ERROR            PET3 ESMCI_Fraction.C:1444 ESMCI::Fraction::validate() must have non-zero denominator.
20200921 023347.421 ERROR            PET3 ESMCI_Time.C:838 ESMCI::Time::syncToRealTime() Wrong argument specified  - ; calkindflag is JULIANDAY, MODJULIANDAY or NOCALENDAR.
20200921 023347.421 ERROR            PET3 ESMF_Time.F90:1425 ESMF_TimeSyncToRealTime() Wrong argument specified  - Internal subroutine call returned Error
20200921 023347.421 ERROR            PET3 Wrong argument specified  - getting wall clock time
20200921 023347.421 INFO             PET3  NUMBER_OF_PROCESSORS           4
20200921 023347.421 INFO             PET3  PASS  Example ESMF_LogErrEx, ESMF_LogErrEx.F90, line 186
20200921 023347.421 INFO             PET3 Finalizing ESMF
