20210223 041619.877 INFO             PET0 !!!!!!!!!!!!!!!!!!!!!!!!!!!!!!!!!!!!!!!!!!!!!!!!!!!!!!
20210223 041619.877 INFO             PET0 !!! THE ESMF_LOG IS SET TO OUTPUT ALL LOG MESSAGES !!!
20210223 041619.877 INFO             PET0 !!!     THIS MAY CAUSE SLOWDOWN IN PERFORMANCE     !!!
20210223 041619.877 INFO             PET0 !!! FOR PRODUCTION RUNS, USE:                      !!!
20210223 041619.877 INFO             PET0 !!!                   ESMF_LOGKIND_Multi_On_Error  !!!
20210223 041619.877 INFO             PET0 !!!!!!!!!!!!!!!!!!!!!!!!!!!!!!!!!!!!!!!!!!!!!!!!!!!!!!
20210223 041619.877 INFO             PET0 Running with ESMF Version   : ESMF_8_1_0_beta_snapshot_47
20210223 041619.877 INFO             PET0 ESMF library build date/time: "Feb 23 2021" "03:42:17"
20210223 041619.877 INFO             PET0 ESMF library build location : /project/esmf/bighorn_8.1.0/gfortran/esmf
20210223 041619.877 INFO             PET0 ESMF_COMM                   : mpich3
20210223 041619.877 INFO             PET0 ESMF_MOAB                   : enabled
20210223 041619.877 INFO             PET0 ESMF_LAPACK                 : enabled
20210223 041619.877 INFO             PET0 ESMF_NETCDF                 : disabled
20210223 041619.877 INFO             PET0 ESMF_PNETCDF                : disabled
20210223 041619.877 INFO             PET0 ESMF_PIO                    : enabled
20210223 041619.877 INFO             PET0 ESMF_YAMLCPP                : enabled
20210223 041620.680 INFO             PET0 ESMF_FieldRedistStoreNF(): Just entered routine.
20210223 041626.121 INFO             PET0 ESMF_FieldRedistStoreNF(): Leaving routine.
20210223 041626.211 INFO             PET0  NUMBER_OF_PROCESSORS           4
20210223 041626.211 INFO             PET0  PASS  Example ESMF_RHandleFromRHandleEx, ESMF_RHandleFromRHandleEx.F90, line 660
20210223 041626.211 INFO             PET0 Finalizing ESMF
20210223 041619.896 INFO             PET1 !!!!!!!!!!!!!!!!!!!!!!!!!!!!!!!!!!!!!!!!!!!!!!!!!!!!!!
20210223 041619.896 INFO             PET1 !!! THE ESMF_LOG IS SET TO OUTPUT ALL LOG MESSAGES !!!
20210223 041619.896 INFO             PET1 !!!     THIS MAY CAUSE SLOWDOWN IN PERFORMANCE     !!!
20210223 041619.896 INFO             PET1 !!! FOR PRODUCTION RUNS, USE:                      !!!
20210223 041619.896 INFO             PET1 !!!                   ESMF_LOGKIND_Multi_On_Error  !!!
20210223 041619.896 INFO             PET1 !!!!!!!!!!!!!!!!!!!!!!!!!!!!!!!!!!!!!!!!!!!!!!!!!!!!!!
20210223 041619.896 INFO             PET1 Running with ESMF Version   : ESMF_8_1_0_beta_snapshot_47
20210223 041619.896 INFO             PET1 ESMF library build date/time: "Feb 23 2021" "03:42:17"
20210223 041619.896 INFO             PET1 ESMF library build location : /project/esmf/bighorn_8.1.0/gfortran/esmf
20210223 041619.896 INFO             PET1 ESMF_COMM                   : mpich3
20210223 041619.896 INFO             PET1 ESMF_MOAB                   : enabled
20210223 041619.896 INFO             PET1 ESMF_LAPACK                 : enabled
20210223 041619.896 INFO             PET1 ESMF_NETCDF                 : disabled
20210223 041619.896 INFO             PET1 ESMF_PNETCDF                : disabled
20210223 041619.896 INFO             PET1 ESMF_PIO                    : enabled
20210223 041619.896 INFO             PET1 ESMF_YAMLCPP                : enabled
20210223 041620.698 INFO             PET1 ESMF_FieldRedistStoreNF(): Just entered routine.
20210223 041626.119 INFO             PET1 ESMF_FieldRedistStoreNF(): Leaving routine.
20210223 041626.196 INFO             PET1  NUMBER_OF_PROCESSORS           4
20210223 041626.196 INFO             PET1  PASS  Example ESMF_RHandleFromRHandleEx, ESMF_RHandleFromRHandleEx.F90, line 660
20210223 041626.196 INFO             PET1 Finalizing ESMF
20210223 041619.892 INFO             PET2 !!!!!!!!!!!!!!!!!!!!!!!!!!!!!!!!!!!!!!!!!!!!!!!!!!!!!!
20210223 041619.892 INFO             PET2 !!! THE ESMF_LOG IS SET TO OUTPUT ALL LOG MESSAGES !!!
20210223 041619.892 INFO             PET2 !!!     THIS MAY CAUSE SLOWDOWN IN PERFORMANCE     !!!
20210223 041619.892 INFO             PET2 !!! FOR PRODUCTION RUNS, USE:                      !!!
20210223 041619.892 INFO             PET2 !!!                   ESMF_LOGKIND_Multi_On_Error  !!!
20210223 041619.892 INFO             PET2 !!!!!!!!!!!!!!!!!!!!!!!!!!!!!!!!!!!!!!!!!!!!!!!!!!!!!!
20210223 041619.892 INFO             PET2 Running with ESMF Version   : ESMF_8_1_0_beta_snapshot_47
20210223 041619.892 INFO             PET2 ESMF library build date/time: "Feb 23 2021" "03:42:17"
20210223 041619.892 INFO             PET2 ESMF library build location : /project/esmf/bighorn_8.1.0/gfortran/esmf
20210223 041619.892 INFO             PET2 ESMF_COMM                   : mpich3
20210223 041619.892 INFO             PET2 ESMF_MOAB                   : enabled
20210223 041619.892 INFO             PET2 ESMF_LAPACK                 : enabled
20210223 041619.892 INFO             PET2 ESMF_NETCDF                 : disabled
20210223 041619.892 INFO             PET2 ESMF_PNETCDF                : disabled
20210223 041619.892 INFO             PET2 ESMF_PIO                    : enabled
20210223 041619.892 INFO             PET2 ESMF_YAMLCPP                : enabled
20210223 041620.697 INFO             PET2 ESMF_FieldRedistStoreNF(): Just entered routine.
20210223 041626.125 INFO             PET2 ESMF_FieldRedistStoreNF(): Leaving routine.
20210223 041626.152 INFO             PET2  NUMBER_OF_PROCESSORS           4
20210223 041626.152 INFO             PET2  PASS  Example ESMF_RHandleFromRHandleEx, ESMF_RHandleFromRHandleEx.F90, line 660
20210223 041626.152 INFO             PET2 Finalizing ESMF
20210223 041619.893 INFO             PET3 !!!!!!!!!!!!!!!!!!!!!!!!!!!!!!!!!!!!!!!!!!!!!!!!!!!!!!
20210223 041619.893 INFO             PET3 !!! THE ESMF_LOG IS SET TO OUTPUT ALL LOG MESSAGES !!!
20210223 041619.893 INFO             PET3 !!!     THIS MAY CAUSE SLOWDOWN IN PERFORMANCE     !!!
20210223 041619.893 INFO             PET3 !!! FOR PRODUCTION RUNS, USE:                      !!!
20210223 041619.893 INFO             PET3 !!!                   ESMF_LOGKIND_Multi_On_Error  !!!
20210223 041619.893 INFO             PET3 !!!!!!!!!!!!!!!!!!!!!!!!!!!!!!!!!!!!!!!!!!!!!!!!!!!!!!
20210223 041619.893 INFO             PET3 Running with ESMF Version   : ESMF_8_1_0_beta_snapshot_47
20210223 041619.893 INFO             PET3 ESMF library build date/time: "Feb 23 2021" "03:42:17"
20210223 041619.893 INFO             PET3 ESMF library build location : /project/esmf/bighorn_8.1.0/gfortran/esmf
20210223 041619.893 INFO             PET3 ESMF_COMM                   : mpich3
20210223 041619.893 INFO             PET3 ESMF_MOAB                   : enabled
20210223 041619.893 INFO             PET3 ESMF_LAPACK                 : enabled
20210223 041619.893 INFO             PET3 ESMF_NETCDF                 : disabled
20210223 041619.893 INFO             PET3 ESMF_PNETCDF                : disabled
20210223 041619.893 INFO             PET3 ESMF_PIO                    : enabled
20210223 041619.893 INFO             PET3 ESMF_YAMLCPP                : enabled
20210223 041620.710 INFO             PET3 ESMF_FieldRedistStoreNF(): Just entered routine.
20210223 041626.100 INFO             PET3 ESMF_FieldRedistStoreNF(): Leaving routine.
20210223 041626.222 INFO             PET3  NUMBER_OF_PROCESSORS           4
20210223 041626.222 INFO             PET3  PASS  Example ESMF_RHandleFromRHandleEx, ESMF_RHandleFromRHandleEx.F90, line 660
20210223 041626.222 INFO             PET3 Finalizing ESMF
Tue Feb 23 15:02:07 MST 2021
