20210221 001701.836 INFO             PET0 !!!!!!!!!!!!!!!!!!!!!!!!!!!!!!!!!!!!!!!!!!!!!!!!!!!!!!
20210221 001701.837 INFO             PET0 !!! THE ESMF_LOG IS SET TO OUTPUT ALL LOG MESSAGES !!!
20210221 001701.837 INFO             PET0 !!!     THIS MAY CAUSE SLOWDOWN IN PERFORMANCE     !!!
20210221 001701.837 INFO             PET0 !!! FOR PRODUCTION RUNS, USE:                      !!!
20210221 001701.837 INFO             PET0 !!!                   ESMF_LOGKIND_Multi_On_Error  !!!
20210221 001701.837 INFO             PET0 !!!!!!!!!!!!!!!!!!!!!!!!!!!!!!!!!!!!!!!!!!!!!!!!!!!!!!
20210221 001701.837 INFO             PET0 Running with ESMF Version   : ESMF_8_1_0_beta_snapshot_47
20210221 001701.837 INFO             PET0 ESMF library build date/time: "Feb 21 2021" "00:13:02"
20210221 001701.837 INFO             PET0 ESMF library build location : /project/esmf/himanshu/esmf_test/cronjobs/release_8.1.0/gfortran/esmf
20210221 001701.837 INFO             PET0 ESMF_COMM                   : mpich3
20210221 001701.837 INFO             PET0 ESMF_MOAB                   : enabled
20210221 001701.837 INFO             PET0 ESMF_LAPACK                 : enabled
20210221 001701.837 INFO             PET0 ESMF_NETCDF                 : enabled
20210221 001701.837 INFO             PET0 ESMF_PNETCDF                : disabled
20210221 001701.837 INFO             PET0 ESMF_PIO                    : enabled
20210221 001701.837 INFO             PET0 ESMF_YAMLCPP                : enabled
20210221 001701.838 INFO             PET0 Finalizing ESMF
20210221 001701.972 INFO             PET0 !!!!!!!!!!!!!!!!!!!!!!!!!!!!!!!!!!!!!!!!!!!!!!!!!!!!!!
20210221 001701.972 INFO             PET0 !!! THE ESMF_LOG IS SET TO OUTPUT ALL LOG MESSAGES !!!
20210221 001701.972 INFO             PET0 !!!     THIS MAY CAUSE SLOWDOWN IN PERFORMANCE     !!!
20210221 001701.972 INFO             PET0 !!! FOR PRODUCTION RUNS, USE:                      !!!
20210221 001701.972 INFO             PET0 !!!                   ESMF_LOGKIND_Multi_On_Error  !!!
20210221 001701.972 INFO             PET0 !!!!!!!!!!!!!!!!!!!!!!!!!!!!!!!!!!!!!!!!!!!!!!!!!!!!!!
20210221 001701.972 INFO             PET0 Running with ESMF Version   : ESMF_8_1_0_beta_snapshot_47
20210221 001701.972 INFO             PET0 ESMF library build date/time: "Feb 21 2021" "00:13:02"
20210221 001701.972 INFO             PET0 ESMF library build location : /project/esmf/himanshu/esmf_test/cronjobs/release_8.1.0/gfortran/esmf
20210221 001701.972 INFO             PET0 ESMF_COMM                   : mpich3
20210221 001701.973 INFO             PET0 ESMF_MOAB                   : enabled
20210221 001701.973 INFO             PET0 ESMF_LAPACK                 : enabled
20210221 001701.973 INFO             PET0 ESMF_NETCDF                 : enabled
20210221 001701.973 INFO             PET0 ESMF_PNETCDF                : disabled
20210221 001701.973 INFO             PET0 ESMF_PIO                    : enabled
20210221 001701.973 INFO             PET0 ESMF_YAMLCPP                : enabled
20210221 001701.973 INFO             PET0 Finalizing ESMF
20210221 001701.973 INFO             PET0 !!!!!!!!!!!!!!!!!!!!!!!!!!!!!!!!!!!!!!!!!!!!!!!!!!!!!!
20210221 001701.973 INFO             PET0 !!! THE ESMF_LOG IS SET TO OUTPUT ALL LOG MESSAGES !!!
20210221 001701.973 INFO             PET0 !!!     THIS MAY CAUSE SLOWDOWN IN PERFORMANCE     !!!
20210221 001701.973 INFO             PET0 !!! FOR PRODUCTION RUNS, USE:                      !!!
20210221 001701.973 INFO             PET0 !!!                   ESMF_LOGKIND_Multi_On_Error  !!!
20210221 001701.973 INFO             PET0 !!!!!!!!!!!!!!!!!!!!!!!!!!!!!!!!!!!!!!!!!!!!!!!!!!!!!!
20210221 001701.973 INFO             PET0 Running with ESMF Version   : ESMF_8_1_0_beta_snapshot_47
20210221 001701.973 INFO             PET0 ESMF library build date/time: "Feb 21 2021" "00:13:02"
20210221 001701.973 INFO             PET0 ESMF library build location : /project/esmf/himanshu/esmf_test/cronjobs/release_8.1.0/gfortran/esmf
20210221 001701.973 INFO             PET0 ESMF_COMM                   : mpich3
20210221 001701.973 INFO             PET0 ESMF_MOAB                   : enabled
20210221 001701.973 INFO             PET0 ESMF_LAPACK                 : enabled
20210221 001701.973 INFO             PET0 ESMF_NETCDF                 : enabled
20210221 001701.973 INFO             PET0 ESMF_PNETCDF                : disabled
20210221 001701.973 INFO             PET0 ESMF_PIO                    : enabled
20210221 001701.973 INFO             PET0 ESMF_YAMLCPP                : enabled
20210221 001701.973 INFO             PET0 Finalizing ESMF
20210221 001701.975 INFO             PET0 !!!!!!!!!!!!!!!!!!!!!!!!!!!!!!!!!!!!!!!!!!!!!!!!!!!!!!
20210221 001701.976 INFO             PET0 !!! THE ESMF_LOG IS SET TO OUTPUT ALL LOG MESSAGES !!!
20210221 001701.976 INFO             PET0 !!!     THIS MAY CAUSE SLOWDOWN IN PERFORMANCE     !!!
20210221 001701.976 INFO             PET0 !!! FOR PRODUCTION RUNS, USE:                      !!!
20210221 001701.976 INFO             PET0 !!!                   ESMF_LOGKIND_Multi_On_Error  !!!
20210221 001701.976 INFO             PET0 !!!!!!!!!!!!!!!!!!!!!!!!!!!!!!!!!!!!!!!!!!!!!!!!!!!!!!
20210221 001701.976 INFO             PET0 Running with ESMF Version   : ESMF_8_1_0_beta_snapshot_47
20210221 001701.976 INFO             PET0 ESMF library build date/time: "Feb 21 2021" "00:13:02"
20210221 001701.976 INFO             PET0 ESMF library build location : /project/esmf/himanshu/esmf_test/cronjobs/release_8.1.0/gfortran/esmf
20210221 001701.976 INFO             PET0 ESMF_COMM                   : mpich3
20210221 001701.976 INFO             PET0 ESMF_MOAB                   : enabled
20210221 001701.976 INFO             PET0 ESMF_LAPACK                 : enabled
20210221 001701.976 INFO             PET0 ESMF_NETCDF                 : enabled
20210221 001701.976 INFO             PET0 ESMF_PNETCDF                : disabled
20210221 001701.976 INFO             PET0 ESMF_PIO                    : enabled
20210221 001701.976 INFO             PET0 ESMF_YAMLCPP                : enabled
20210221 001701.976 INFO             PET0 Finalizing ESMF
20210221 001702.111 INFO             PET0 !!!!!!!!!!!!!!!!!!!!!!!!!!!!!!!!!!!!!!!!!!!!!!!!!!!!!!
20210221 001702.111 INFO             PET0 !!! THE ESMF_LOG IS SET TO OUTPUT ALL LOG MESSAGES !!!
20210221 001702.111 INFO             PET0 !!!     THIS MAY CAUSE SLOWDOWN IN PERFORMANCE     !!!
20210221 001702.111 INFO             PET0 !!! FOR PRODUCTION RUNS, USE:                      !!!
20210221 001702.111 INFO             PET0 !!!                   ESMF_LOGKIND_Multi_On_Error  !!!
20210221 001702.111 INFO             PET0 !!!!!!!!!!!!!!!!!!!!!!!!!!!!!!!!!!!!!!!!!!!!!!!!!!!!!!
20210221 001702.111 INFO             PET0 Running with ESMF Version   : ESMF_8_1_0_beta_snapshot_47
20210221 001702.111 INFO             PET0 ESMF library build date/time: "Feb 21 2021" "00:13:02"
20210221 001702.111 INFO             PET0 ESMF library build location : /project/esmf/himanshu/esmf_test/cronjobs/release_8.1.0/gfortran/esmf
20210221 001702.111 INFO             PET0 ESMF_COMM                   : mpich3
20210221 001702.111 INFO             PET0 ESMF_MOAB                   : enabled
20210221 001702.111 INFO             PET0 ESMF_LAPACK                 : enabled
20210221 001702.111 INFO             PET0 ESMF_NETCDF                 : enabled
20210221 001702.111 INFO             PET0 ESMF_PNETCDF                : disabled
20210221 001702.111 INFO             PET0 ESMF_PIO                    : enabled
20210221 001702.111 INFO             PET0 ESMF_YAMLCPP                : enabled
20210221 001702.111 INFO             PET0 Finalizing ESMF
20210221 001702.112 INFO             PET0 !!!!!!!!!!!!!!!!!!!!!!!!!!!!!!!!!!!!!!!!!!!!!!!!!!!!!!
20210221 001702.113 INFO             PET0 !!! THE ESMF_LOG IS SET TO OUTPUT ALL LOG MESSAGES !!!
20210221 001702.113 INFO             PET0 !!!     THIS MAY CAUSE SLOWDOWN IN PERFORMANCE     !!!
20210221 001702.113 INFO             PET0 !!! FOR PRODUCTION RUNS, USE:                      !!!
20210221 001702.113 INFO             PET0 !!!                   ESMF_LOGKIND_Multi_On_Error  !!!
20210221 001702.113 INFO             PET0 !!!!!!!!!!!!!!!!!!!!!!!!!!!!!!!!!!!!!!!!!!!!!!!!!!!!!!
20210221 001702.113 INFO             PET0 Running with ESMF Version   : ESMF_8_1_0_beta_snapshot_47
20210221 001702.113 INFO             PET0 ESMF library build date/time: "Feb 21 2021" "00:13:02"
20210221 001702.113 INFO             PET0 ESMF library build location : /project/esmf/himanshu/esmf_test/cronjobs/release_8.1.0/gfortran/esmf
20210221 001702.113 INFO             PET0 ESMF_COMM                   : mpich3
20210221 001702.113 INFO             PET0 ESMF_MOAB                   : enabled
20210221 001702.113 INFO             PET0 ESMF_LAPACK                 : enabled
20210221 001702.113 INFO             PET0 ESMF_NETCDF                 : enabled
20210221 001702.113 INFO             PET0 ESMF_PNETCDF                : disabled
20210221 001702.113 INFO             PET0 ESMF_PIO                    : enabled
20210221 001702.113 INFO             PET0 ESMF_YAMLCPP                : enabled
20210221 001702.113 INFO             PET0 Finalizing ESMF
20210221 001702.114 INFO             PET0 !!!!!!!!!!!!!!!!!!!!!!!!!!!!!!!!!!!!!!!!!!!!!!!!!!!!!!
20210221 001702.114 INFO             PET0 !!! THE ESMF_LOG IS SET TO OUTPUT ALL LOG MESSAGES !!!
20210221 001702.114 INFO             PET0 !!!     THIS MAY CAUSE SLOWDOWN IN PERFORMANCE     !!!
20210221 001702.114 INFO             PET0 !!! FOR PRODUCTION RUNS, USE:                      !!!
20210221 001702.114 INFO             PET0 !!!                   ESMF_LOGKIND_Multi_On_Error  !!!
20210221 001702.114 INFO             PET0 !!!!!!!!!!!!!!!!!!!!!!!!!!!!!!!!!!!!!!!!!!!!!!!!!!!!!!
20210221 001702.114 INFO             PET0 Running with ESMF Version   : ESMF_8_1_0_beta_snapshot_47
20210221 001702.114 INFO             PET0 ESMF library build date/time: "Feb 21 2021" "00:13:02"
20210221 001702.114 INFO             PET0 ESMF library build location : /project/esmf/himanshu/esmf_test/cronjobs/release_8.1.0/gfortran/esmf
20210221 001702.114 INFO             PET0 ESMF_COMM                   : mpich3
20210221 001702.114 INFO             PET0 ESMF_MOAB                   : enabled
20210221 001702.114 INFO             PET0 ESMF_LAPACK                 : enabled
20210221 001702.114 INFO             PET0 ESMF_NETCDF                 : enabled
20210221 001702.114 INFO             PET0 ESMF_PNETCDF                : disabled
20210221 001702.114 INFO             PET0 ESMF_PIO                    : enabled
20210221 001702.114 INFO             PET0 ESMF_YAMLCPP                : enabled
20210221 001702.114 INFO             PET0 Finalizing ESMF
Sun Feb 21 01:46:46 MST 2021
