 Application Example 1:
 Application Example 1:
 Application Example 1:
 Application Example 1:
 Comp Create returned, name = Atmosphere Model Coupler
 Comp Create returned, name = Atmosphere Model Coupler
 Comp Create returned, name = Atmosphere Model Coupler
 Comp Create returned, name = Atmosphere Model Coupler
 Coupler Init starting
 Coupler Init returning
 Comp Initialize complete
 Coupler Run starting
 Coupler Run returning
 Coupler Run starting
 Coupler Run returning
 Coupler Init starting
 Coupler Init returning
 Comp Initialize complete
 Coupler Run starting
 Coupler Run returning
 Coupler Run starting
 Coupler Run returning
 Coupler Init starting
 Coupler Init returning
 Comp Initialize complete
 Coupler Run starting
 Coupler Run returning
 Coupler Init starting
 Coupler Init returning
 Comp Initialize complete
 Coupler Run starting
 Coupler Run returning
 Coupler Run starting
 Coupler Run returning
 Coupler Run starting
 Coupler Run returning
 Comp Run complete
 Coupler Final starting
 Coupler Final returning
 Coupler Run starting
 Coupler Run returning
 Coupler Run starting
 Coupler Run returning
 Comp Run complete
 Coupler Final starting
 Coupler Final returning
 Comp Finalize complete
 Coupler Run starting
 Coupler Run returning
 Coupler Run starting
 Coupler Run returning
 Coupler Run starting
 Coupler Run returning
 Comp Run complete
 Coupler Final starting
 Coupler Final returning
 Comp Finalize complete
 Coupler Run starting
 Coupler Run returning
 Coupler Run starting
 Coupler Run returning
 Coupler Run starting
 Coupler Run returning
 Comp Run complete
 Coupler Final starting
 Coupler Final returning
 Comp Finalize complete
 Comp Finalize complete
 Destroy calls returned
 Application Example 1 finished
  PASS  Example ESMF_CplEx, ESMF_CplEx.F90, line 457
 Destroy calls returned
 Application Example 1 finished
  PASS  Example ESMF_CplEx, ESMF_CplEx.F90, line 457
 Destroy calls returned
 Application Example 1 finished
  PASS  Example ESMF_CplEx, ESMF_CplEx.F90, line 457
 Destroy calls returned
 Application Example 1 finished
  PASS  Example ESMF_CplEx, ESMF_CplEx.F90, line 457
[cgdm-catania:02457] PMIX ERROR: ERROR in file gds_ds12_lock_pthread.c at line 206
[cgdm-catania:02458] PMIX ERROR: ERROR in file gds_ds12_lock_pthread.c at line 206
[cgdm-catania:02459] PMIX ERROR: ERROR in file gds_ds12_lock_pthread.c at line 206
 PASS: ESMF_CplEx.F90
 PASS: ESMF_CplEx.F90
 PASS: ESMF_CplEx.F90
 PASS: ESMF_CplEx.F90
[cgdm-catania:02455] PMIX ERROR: ERROR in file gds_ds12_lock_pthread.c at line 206
Fri Nov 20 17:14:32 MST 2020
