--- ESMCI::ArrayBundle::print start ---
ArrayBundle: MyArrayBundle
arrayCount = 3
--- ESMCI::ArrayBundle::print start ---
ArrayBundle: MyArrayBundle
arrayCount = 3
Container::print() multipmap:item=0 key=AonFly value=0x7fc315816a00
Container::print() multipmap:item=1 key=Array002 value=0x7fc315815200
Container::print() multipmap:item=2 key=Array003 value=0x7fc315815800
Container::print()      list:item=0 key=Array002 value=0x7fc315815200
Container::print()      list:item=1 key=Array003 value=0x7fc315815800
Container::print()      list:item=2 key=AonFly value=0x7fc315816a00
--- ESMCI::ArrayBundle::print end ---
--- ESMCI::ArrayBundle::print start ---
ArrayBundle: MyArrayBundle
arrayCount = 3
Container::print() multipmap:item=0 key=AonFly value=0x7f86a1055400
Container::print() multipmap:item=1 key=Array002 value=0x7f86a1035400
Container::print() multipmap:item=2 key=Array003 value=0x7f86a103b800
Container::print()      list:item=0 key=Array002 value=0x7f86a1035400
Container::print()      list:item=1 key=Array003 value=0x7f86a103b800
Container::print()      list:item=2 key=AonFly value=0x7f86a1055400
--- ESMCI::ArrayBundle::print end ---
--- ESMCI::ArrayBundle::print start ---
ArrayBundle: MyArrayBundle
arrayCount = 3
Container::print() multipmap:item=0 key=AonFly value=0x7fb18801e600
Container::print() multipmap:item=1 key=Array002 value=0x7fb18801ce00
Container::print() multipmap:item=2 key=Array003 value=0x7fb18801d400
Container::print()      list:item=0 key=Array002 value=0x7fb18801ce00
Container::print()      list:item=1 key=Array003 value=0x7fb18801d400
Container::print()      list:item=2 key=AonFly value=0x7fb18801e600
--- ESMCI::ArrayBundle::print end ---
Container::print() multipmap:item=0 key=AonFly value=0x7fdaf5022800
Container::print() multipmap:item=1 key=Array002 value=0x7fdaf5021000
Container::print() multipmap:item=2 key=Array003 value=0x7fdaf5021600
Container::print()      list:item=0 key=Array002 value=0x7fdaf5021000
Container::print()      list:item=1 key=Array003 value=0x7fdaf5021600
Container::print()      list:item=2 key=AonFly value=0x7fdaf5022800
--- ESMCI::ArrayBundle::print end ---
--- ESMCI::Array::print start ---
 Base name    = AonFly
--- ESMCI::Array::print start ---
 Base name    = AonFly
 Status: Base = Ready,  object = Ready
--- ESMCI::Array::print start ---
 Base name    = AonFly
 Status: Base = Ready,  object = Ready
 Proxy        = no
 Root Info (Attributes):
--- ESMCI::Array::print start ---
 Base name    = AonFly
 Status: Base = Ready,  object = Ready
 Proxy        = no
 Root Info (Attributes):
 Status: Base = Ready,  object = Ready
 Proxy        = no
 Root Info (Attributes):
{}Array typekind/rank: Real*4 / 2 
~ lower class' values ~
DistGrid dimCount = 2
deCount = 6
localDeCount = 2
~ local data in LocalArray for DE 0 ~
LocalArrayPrint: Array at address 0x7fdaf46212e0:
            rank = 2, typekind = 5, base_addr = 0x7fdaf4620910
 Proxy        = no
 Root Info (Attributes):
{}Array typekind/rank: Real*4 / 2 
~ lower class' values ~
DistGrid dimCount = 2
deCount = 6
localDeCount = 2
~ local data in LocalArray for DE 1 ~
LocalArrayPrint: Array at address 0x7fc313c04970:
            rank = 2, typekind = 5, base_addr = 0x7fc313c03fb0
            dim[0] = 2  dim[1] = 2  
  Real, *4, Dim 2, Data values:
{}Array typekind/rank: Real*4 / 2 
~ lower class' values ~
DistGrid dimCount = 2
deCount = 6
localDeCount = 1
~ local data in LocalArray for DE 2 ~
LocalArrayPrint: Array at address 0x7f86a0c30170:
            rank = 2, typekind = 5, base_addr = 0x7f86a0c2fb00
            dim[0] = 3  dim[1] = 2  
  Real, *4, Dim 2, Data values:
( 1, 1) =  0
{}Array typekind/rank: Real*4 / 2 
~ lower class' values ~
DistGrid dimCount = 2
deCount = 6
localDeCount = 1
~ local data in LocalArray for DE 3 ~
LocalArrayPrint: Array at address 0x7fb18f606c70:
            rank = 2, typekind = 5, base_addr = 0x7fb18f606610
            dim[0] = 2  dim[1] = 2  
  Real, *4, Dim 2, Data values:
( 1, 1) =  0
( 2, 1) =  -0
( 1, 2) =  0
( 2, 2) =  -0
dim 1: [0]: [1 [1 [1, 2] 2] 2]
dim 2: [1]: [1 [1 [1, 2] 2] 2]
--- ESMCI::Array::print end ---
            dim[0] = 3  dim[1] = 2  
  Real, *4, Dim 2, Data values:
( 1, 1) =  0
( 2, 1) =  -4.65661e-10
( 3, 1) =  0
( 1, 2) =  -4.65661e-10
( 2, 2) =  -7.16223e+31
( 3, 2) =  4.58645e-41
dim 1: [0]: [1 [1 [1, 3] 3] 3]
dim 2: [1]: [1 [1 [1, 2] 2] 2]
~ local data in LocalArray for DE 4 ~
LocalArrayPrint: Array at address 0x7fdaf4621610:
            rank = 2, typekind = 5, base_addr = 0x7fdaf4620930
( 1, 1) =  0
( 2, 1) =  -0
( 1, 2) =  0
( 2, 2) =  -0
dim 1: [0]: [1 [1 [1, 2] 2] 2]
dim 2: [1]: [1 [1 [1, 2] 2] 2]
~ local data in LocalArray for DE 5 ~
LocalArrayPrint: Array at address 0x7fc313c04ca0:
            rank = 2, typekind = 5, base_addr = 0x7fc313c03fc0
            dim[0] = 2  dim[1] = 1  
  Real, *4, Dim 2, Data values:
( 1, 1) =  0
( 2, 1) =  -0
dim 1: [0]: [1 [1 [1, 2] 2] 2]
dim 2: [1]: [1 [1 [1, 1] 1] 1]
--- ESMCI::Array::print end ---
( 2, 1) =  -4.65661e-10
( 3, 1) =  0
( 1, 2) =  -4.65661e-10
( 2, 2) =  -3.28649e-19
( 3, 2) =  4.57468e-41
dim 1: [0]: [1 [1 [1, 3] 3] 3]
dim 2: [1]: [1 [1 [1, 2] 2] 2]
--- ESMCI::Array::print end ---
--- ESMCI::Array::print start ---
 Base name    = Array002
 Status: Base = Ready,  object = Ready
 Proxy        = no
 Root Info (Attributes):
{}--- ESMCI::Array::print start ---
 Base name    = Array002
 Status: Base = Ready,  object = Ready
 Proxy        = no
 Root Info (Attributes):
{}Array typekind/rank: Real*8 / 2 
~ lower class' values ~
DistGrid dimCount = 2
deCount = 6
localDeCount = 1
~ local data in LocalArray for DE 3 ~
LocalArrayPrint: Array at address 0x7fb18f605170:
            rank = 2, typekind = 6, base_addr = 0x7fb18f604e80
            dim[0] = 3  dim[1] = 1  
  Real, *4, Dim 2, Data values:
( 1, 1) =  0
( 2, 1) =  -4.65661e-10
( 3, 1) =  0
dim 1: [0]: [1 [1 [1, 3] 3] 3]
dim 2: [1]: [1 [1 [1, 1] 1] 1]
--- ESMCI::Array::print end ---
--- ESMCI::Array::print start ---
 Base name    = Array002
 Status: Base = Ready,  object = Ready
 Proxy        = no
 Root Info (Attributes):
{}Array typekind/rank: Real*8 / 2 
~ lower class' values ~
DistGrid dimCount = 2
deCount = 6
localDeCount = 2
~ local data in LocalArray for DE 0 ~
LocalArrayPrint: Array at address 0x7fdaf461ea20:
            rank = 2, typekind = 6, base_addr = 0x7fdaf461e6d0
--- ESMCI::Array::print start ---
 Base name    = Array002
 Status: Base = Ready,  object = Ready
 Proxy        = no
 Root Info (Attributes):
{}Array typekind/rank: Real*8 / 2 
~ lower class' values ~
DistGrid dimCount = 2
deCount = 6
localDeCount = 2
~ local data in LocalArray for DE 1 ~
LocalArrayPrint: Array at address 0x7fc313c02120:
            rank = 2, typekind = 6, base_addr = 0x7fc313c01dd0
            dim[0] = 2  dim[1] = 2  
  Real, *8, Dim 2, Data values:
( 1, 1) =  -0
( 2, 1) =  -0
( 1, 2) =  2.122e-314
( 2, 2) =  4.17203e-309
dim 1: [0]: [1 [1 [1, 2] 2] 2]
dim 2: [1]: [1 [1 [1, 2] 2] 2]
~ local data in LocalArray for DE 5 ~
LocalArrayPrint: Array at address 0x7fc313c02450:
            rank = 2, typekind = 6, base_addr = 0x7fc313c01df0
            dim[0] = 2  dim[1] = 1  
Array typekind/rank: Real*8 / 2 
~ lower class' values ~
DistGrid dimCount = 2
deCount = 6
localDeCount = 1
~ local data in LocalArray for DE 2 ~
LocalArrayPrint: Array at address 0x7f86a0c2e630:
            rank = 2, typekind = 6, base_addr = 0x7f86a0c2e340
            dim[0] = 3  dim[1] = 2  
  Real, *8, Dim 2, Data values:
( 1, 1) =  -1.72723e-77
( 2, 1) =  -1.72723e-77
( 3, 1) =  2.122e-314
( 1, 2) =  4.17203e-309
( 2, 2) =  6.9276e-310
( 3, 2) =  6.9276e-310
dim 1: [0]: [1 [1 [1, 3] 3] 3]
dim 2: [1]: [1 [1 [1, 2] 2] 2]
--- ESMCI::Array::print end ---
--- ESMCI::Array::print start ---
 Base name    = Array003
 Status: Base = Ready,  object = Ready
 Proxy        = no
 Root Info (Attributes):
            dim[0] = 2  dim[1] = 2  
  Real, *8, Dim 2, Data values:
( 1, 1) =  -0
( 2, 1) =  -0
( 1, 2) =  2.122e-314
( 2, 2) =  4.17203e-309
dim 1: [0]: [1 [1 [1, 2] 2] 2]
dim 2: [1]: [1 [1 [1, 2] 2] 2]
--- ESMCI::Array::print end ---
--- ESMCI::Array::print start ---
 Base name    = Array003
 Status: Base = Ready,  object = Ready
 Proxy        = no
 Root Info (Attributes):
{}Array typekind/rank: Real*8 / 2 
~ lower class' values ~
DistGrid dimCount = 2
deCount = 6
localDeCount = 1
~ local data in LocalArray for DE 3 ~
LocalArrayPrint: Array at address 0x7fb18f605640:
            rank = 2, typekind = 6, base_addr = 0x7fb18f604e00
            dim[0] = 2  dim[1] = 2  
  Real, *8, Dim 2, Data values:
( 1, 1) =  -0
( 2, 1) =  -0
( 1, 2) =  -1.97626e-323
            dim[0] = 3  dim[1] = 2  
  Real, *8, Dim 2, Data values:
( 1, 1) =  -1.72723e-77
( 2, 1) =  -1.72723e-77
( 3, 1) =  2.122e-314
( 1, 2) =  4.17203e-309
( 2, 2) =  6.94549e-310
( 3, 2) =  6.94549e-310
dim 1: [0]: [1 [1 [1, 3] 3] 3]
dim 2: [1]: [1 [1 [1, 2] 2] 2]
~ local data in LocalArray for DE 4 ~
LocalArrayPrint: Array at address 0x7fdaf461ed50:
            rank = 2, typekind = 6, base_addr = 0x7fdaf461e700
            dim[0] = 3  dim[1] = 1  
  Real, *8, Dim 2, Data values:
( 1, 1) =  -1.72723e-77
  Real, *8, Dim 2, Data values:
( 1, 1) =  -0
( 2, 1) =  -0
dim 1: [0]: [1 [1 [1, 2] 2] 2]
dim 2: [1]: [1 [1 [1, 1] 1] 1]
--- ESMCI::Array::print end ---
--- ESMCI::Array::print start ---
 Base name    = Array003
 Status: Base = Ready,  object = Ready
 Proxy        = no
 Root Info (Attributes):
{}Array typekind/rank: Real*8 / 2 
~ lower class' values ~
DistGrid dimCount = 2
deCount = 6
localDeCount = 2
~ local data in LocalArray for DE 1 ~
LocalArrayPrint: Array at address 0x7fc313c02920:
            rank = 2, typekind = 6, base_addr = 0x7fc313c01d50
            dim[0] = 2  dim[1] = 2  
{}Array typekind/rank: Real*8 / 2 
~ lower class' values ~
DistGrid dimCount = 2
deCount = 6
localDeCount = 1
~ local data in LocalArray for DE 2 ~
LocalArrayPrint: Array at address 0x7f86a0c2eb10:
            rank = 2, typekind = 6, base_addr = 0x7f86a0c2e2c0
            dim[0] = 3  dim[1] = 2  
  Real, *8, Dim 2, Data values:
( 1, 1) =  -1.72723e-77
( 2, 1) =  -1.72723e-77
( 3, 1) =  -1.72723e-77
( 1, 2) =  -1.72723e-77
( 2, 2) =  -1.72723e-77
( 3, 2) =  -1.72723e-77
dim 1: [0]: [1 [1 [1, 3] 3] 3]
dim 2: [1]: [1 [1 [1, 2] 2] 2]
( 2, 2) =  -0
dim 1: [0]: [1 [1 [1, 2] 2] 2]
dim 2: [1]: [1 [1 [1, 2] 2] 2]
--- ESMCI::Array::print end ---
( 2, 1) =  -1.72723e-77
( 3, 1) =  -1.72723e-77
dim 1: [0]: [1 [1 [1, 3] 3] 3]
dim 2: [1]: [1 [1 [1, 1] 1] 1]
--- ESMCI::Array::print end ---
--- ESMCI::Array::print start ---
 Base name    = Array003
 Status: Base = Ready,  object = Ready
 Proxy        = no
 Root Info (Attributes):
{}Array typekind/rank: Real*8 / 2 
~ lower class' values ~
DistGrid dimCount = 2
deCount = 6
localDeCount = 2
~ local data in LocalArray for DE 0 ~
LocalArrayPrint: Array at address 0x7fdaf461f240:
            rank = 2, typekind = 6, base_addr = 0x7fdaf461e650
            dim[0] = 3  dim[1] = 2  
  Real, *8, Dim 2, Data values:
( 1, 1) =  -1.72723e-77
( 2, 1) =  -1.72723e-77
( 3, 1) =  -1.72723e-77
( 1, 2) =  -1.72723e-77
  Real, *8, Dim 2, Data values:
( 1, 1) =  -0
( 2, 1) =  -0
( 1, 2) =  -1.97626e-323
( 2, 2) =  -0
dim 1: [0]: [1 [1 [1, 2] 2] 2]
dim 2: [1]: [1 [1 [1, 2] 2] 2]
~ local data in LocalArray for DE 5 ~
LocalArrayPrint: Array at address 0x7fc313c02c50:
            rank = 2, typekind = 6, base_addr = 0x7fc313c01d70
            dim[0] = 2  dim[1] = 1  
  Real, *8, Dim 2, Data values:
( 1, 1) =  -0
( 2, 1) =  -0
dim 1: [0]: [1 [1 [1, 2] 2] 2]
dim 2: [1]: [1 [1 [1, 1] 1] 1]
--- ESMCI::Array::print end ---
--- ESMCI::Array::print end ---
  PASS  Example ESMF_ArrayBundleEx, ESMF_ArrayBundleEx.F90, line 267
  PASS  Example ESMF_ArrayBundleEx, ESMF_ArrayBundleEx.F90, line 267
( 2, 2) =  -1.72723e-77
( 3, 2) =  -1.72723e-77
dim 1: [0]: [1 [1 [1, 3] 3] 3]
dim 2: [1]: [1 [1 [1, 2] 2] 2]
~ local data in LocalArray for DE 4 ~
LocalArrayPrint: Array at address 0x7fdaf461f570:
            rank = 2, typekind = 6, base_addr = 0x7fdaf461f8a0
            dim[0] = 3  dim[1] = 1  
  Real, *8, Dim 2, Data values:
( 1, 1) =  0
( 2, 1) =  0
( 3, 1) =  0
dim 1: [0]: [1 [1 [1, 3] 3] 3]
dim 2: [1]: [1 [1 [1, 1] 1] 1]
--- ESMCI::Array::print end ---
  PASS  Example ESMF_ArrayBundleEx, ESMF_ArrayBundleEx.F90, line 267
  PASS  Example ESMF_ArrayBundleEx, ESMF_ArrayBundleEx.F90, line 267
[cgdm-catania:89899] PMIX ERROR: ERROR in file gds_ds12_lock_pthread.c at line 206
[cgdm-catania:89898] PMIX ERROR: ERROR in file gds_ds12_lock_pthread.c at line 206
[cgdm-catania:89900] PMIX ERROR: ERROR in file gds_ds12_lock_pthread.c at line 206
 PASS: ESMF_ArrayBundleEx.F90
 PASS: ESMF_ArrayBundleEx.F90
 PASS: ESMF_ArrayBundleEx.F90
 PASS: ESMF_ArrayBundleEx.F90
[cgdm-catania:89896] PMIX ERROR: ERROR in file gds_ds12_lock_pthread.c at line 206
Fri Nov 20 17:14:32 MST 2020
