 localPET=           0  localDE=           0 : array(           1 ,           1 )=   1.7272337110188889E-077
 localPET=           0  localDE=           0 : array(           1 ,           2 )=   3.1110876355234798E+231
 localPET=           0  localDE=           0 : array(           2 ,           1 )=   1.7272337110188889E-077
 localPET=           0  localDE=           0 : array(           2 ,           2 )=   1.7272337110188916E-077
 localPET=           0  localDE=           0 : array(           3 ,           1 )=   1.7272337110188954E-077
 localPET=           0  localDE=           0 : array(           3 ,           2 )=   1.7272337110188889E-077
 localPET=           0  localDE=           1 : array(           1 ,           1 )=   1.7272337110188889E-077
 localPET=           0  localDE=           1 : array(           2 ,           1 )=   1.7272337110188889E-077
 localPET=           0  localDE=           1 : array(           3 ,           1 )=   2.1219957919534036E-314
 localPET=           1  localDE=           0 : array(           1 ,           1 )=  -2.0000000000000000     
 localPET=           1  localDE=           0 : array(           1 ,           2 )=   4.2439915834127416E-314
 localPET=           1  localDE=           0 : array(           2 ,           1 )=  -2.0000000000000000     
 localPET=           1  localDE=           0 : array(           2 ,           2 )=   8.3440481893599247E-309
 localPET=           1  localDE=           1 : array(           1 ,           1 )=  -2.0000000000000000     
 localPET=           1  localDE=           1 : array(           2 ,           1 )=  -2.0000000000000000     
 localPET=           2  localDE=           0 : array(           1 ,           1 )=  -1.4916681462400413E-154
 localPET=           2  localDE=           0 : array(           1 ,           2 )=   1.1681637757162807E-307
 localPET=           2  localDE=           0 : array(           2 ,           1 )=  -1.4916681462400413E-154
 localPET=           2  localDE=           0 : array(           2 ,           2 )=   0.0000000000000000     
 localPET=           2  localDE=           0 : array(           3 ,           1 )=   4.2439915873652667E-314
 localPET=           2  localDE=           0 : array(           3 ,           2 )=   1.2237906221789608E-307
 localPET=           3  localDE=           0 : array(           1 ,           1 )=   1.2882297539194267E-231
 localPET=           3  localDE=           0 : array(           1 ,           2 )=   1.9762625833649862E-323
 localPET=           3  localDE=           0 : array(           2 ,           1 )=   1.2882297539194267E-231
 localPET=           3  localDE=           0 : array(           2 ,           2 )=   0.0000000000000000     
 localPet:            3 DE            3  [           1           2 ]
 localPet:            2 DE            2  [           1           3 ]
 localPet:            1 DE            1  [           1           2 ]
 localPet:            1 DE            5  [           1           2 ]
 localPet:            0 DE            0  [           1           3 ]
 localPet:            0 DE            4  [           1           3 ]
  PASS  Example ESMF_ArrayEx, ESMF_ArrayEx.F90, line 1591
 PASS: ESMF_ArrayEx.F90
  PASS  Example ESMF_ArrayEx, ESMF_ArrayEx.F90, line 1591
 PASS: ESMF_ArrayEx.F90
  PASS  Example ESMF_ArrayEx, ESMF_ArrayEx.F90, line 1591
 PASS: ESMF_ArrayEx.F90
  PASS  Example ESMF_ArrayEx, ESMF_ArrayEx.F90, line 1591
 PASS: ESMF_ArrayEx.F90
[cgdm-catania:07951] PMIX ERROR: ERROR in file gds_ds12_lock_pthread.c at line 206
[cgdm-catania:07948] PMIX ERROR: ERROR in file gds_ds12_lock_pthread.c at line 206
[cgdm-catania:07950] PMIX ERROR: ERROR in file gds_ds12_lock_pthread.c at line 206
[cgdm-catania:07947] PMIX ERROR: ERROR in file gds_ds12_lock_pthread.c at line 206
