
Program received signal SIGABRT: Process abort signal.

Backtrace for this error:

Program received signal SIGABRT: Process abort signal.

Backtrace for this error:
#0  0x107424b6d
#1  0x107423f9d
#2  0x7fff688abb5c
#0  0x106b77b6d
#1  0x106b76f9d
#2  0x7fff688abb5c

Program received signal SIGABRT: Process abort signal.

Backtrace for this error:

Program received signal SIGABRT: Process abort signal.

Backtrace for this error:
#0  0x10cf09b6d
#1  0x10cf08f9d
#2  0x7fff688abb5c
#0  0x101e56b6d
#1  0x101e55f9d
#2  0x7fff688abb5c
--------------------------------------------------------------------------
Primary job  terminated normally, but 1 process returned
a non-zero exit code. Per user-direction, the job has been aborted.
--------------------------------------------------------------------------
--------------------------------------------------------------------------
mpirun noticed that process rank 3 with PID 0 on node cgdm-catania exited on signal 6 (Abort trap: 6).
--------------------------------------------------------------------------
Fri Nov 20 17:14:32 MST 2020
