rm -rf /project/esmf/himanshu/esmf_test/cronjobs/daily/intel/esmf/examples/examplesO/Darwin.intel.64.mpich3.default/examples_results
rm -rf /project/esmf/himanshu/esmf_test/cronjobs/daily/intel/esmf/examples/examplesO/Darwin.intel.64.mpich3.default/*Ex.Log
rm -rf /project/esmf/himanshu/esmf_test/cronjobs/daily/intel/esmf/examples/examplesO/Darwin.intel.64.mpich3.default/*Ex.stdout
rm -rf /project/esmf/himanshu/esmf_test/cronjobs/daily/intel/esmf/examples/examplesO/Darwin.intel.64.mpich3.default/*.rc
rm -rf /project/esmf/himanshu/esmf_test/cronjobs/daily/intel/esmf/examples/examplesO/Darwin.intel.64.mpich3.default/*.nc
rm -rf /project/esmf/himanshu/esmf_test/cronjobs/daily/intel/esmf/examples/examplesO/Darwin.intel.64.mpich3.default/data
/Library/Developer/CommandLineTools/usr/bin/make ACTION=tree_run_examples tree
tree_run_examples in: /project/esmf/himanshu/esmf_test/cronjobs/daily/intel/esmf/src
tree_run_examples in: /project/esmf/himanshu/esmf_test/cronjobs/daily/intel/esmf/src/prologue
tree_run_examples in: /project/esmf/himanshu/esmf_test/cronjobs/daily/intel/esmf/src/prologue/tests
tree_run_examples in: /project/esmf/himanshu/esmf_test/cronjobs/daily/intel/esmf/src/prologue/yaml-cpp
tree_run_examples in: /project/esmf/himanshu/esmf_test/cronjobs/daily/intel/esmf/src/prologue/yaml-cpp/src
tree_run_examples in: /project/esmf/himanshu/esmf_test/cronjobs/daily/intel/esmf/src/test_harness
tree_run_examples in: /project/esmf/himanshu/esmf_test/cronjobs/daily/intel/esmf/src/test_harness/src
tree_run_examples in: /project/esmf/himanshu/esmf_test/cronjobs/daily/intel/esmf/src/Infrastructure
tree_run_examples in: /project/esmf/himanshu/esmf_test/cronjobs/daily/intel/esmf/src/Infrastructure/stubs
tree_run_examples in: /project/esmf/himanshu/esmf_test/cronjobs/daily/intel/esmf/src/Infrastructure/stubs/mpiuni
tree_run_examples in: /project/esmf/himanshu/esmf_test/cronjobs/daily/intel/esmf/src/Infrastructure/Util
tree_run_examples in: /project/esmf/himanshu/esmf_test/cronjobs/daily/intel/esmf/src/Infrastructure/Util/src
tree_run_examples in: /project/esmf/himanshu/esmf_test/cronjobs/daily/intel/esmf/src/Infrastructure/Util/interface
tree_run_examples in: /project/esmf/himanshu/esmf_test/cronjobs/daily/intel/esmf/src/Infrastructure/Util/tests
tree_run_examples in: /project/esmf/himanshu/esmf_test/cronjobs/daily/intel/esmf/src/Infrastructure/Util/examples
tree_run_examples in: /project/esmf/himanshu/esmf_test/cronjobs/daily/intel/esmf/src/Infrastructure/Util/doc
tree_run_examples in: /project/esmf/himanshu/esmf_test/cronjobs/daily/intel/esmf/src/Infrastructure/LogErr
tree_run_examples in: /project/esmf/himanshu/esmf_test/cronjobs/daily/intel/esmf/src/Infrastructure/LogErr/src
tree_run_examples in: /project/esmf/himanshu/esmf_test/cronjobs/daily/intel/esmf/src/Infrastructure/LogErr/interface
tree_run_examples in: /project/esmf/himanshu/esmf_test/cronjobs/daily/intel/esmf/src/Infrastructure/LogErr/examples
/Library/Developer/CommandLineTools/usr/bin/make EXNAME=LogErr NP=4 exfrun
/project/esmf/Intel/19.1.0.166/mpich/3.3.2/bin/mpirun -np 4 ./ESMF_LogErrEx > ./ESMF_LogErrEx.stdout 2>&1
cat: ./PET*LogErrEx*.Log: No such file or directory
tree_run_examples in: /project/esmf/himanshu/esmf_test/cronjobs/daily/intel/esmf/src/Infrastructure/LogErr/doc
tree_run_examples in: /project/esmf/himanshu/esmf_test/cronjobs/daily/intel/esmf/src/Infrastructure/LogErr/tests
tree_run_examples in: /project/esmf/himanshu/esmf_test/cronjobs/daily/intel/esmf/src/Infrastructure/VM
tree_run_examples in: /project/esmf/himanshu/esmf_test/cronjobs/daily/intel/esmf/src/Infrastructure/VM/src
tree_run_examples in: /project/esmf/himanshu/esmf_test/cronjobs/daily/intel/esmf/src/Infrastructure/VM/src/acc
tree_run_examples in: /project/esmf/himanshu/esmf_test/cronjobs/daily/intel/esmf/src/Infrastructure/VM/interface
tree_run_examples in: /project/esmf/himanshu/esmf_test/cronjobs/daily/intel/esmf/src/Infrastructure/VM/doc
tree_run_examples in: /project/esmf/himanshu/esmf_test/cronjobs/daily/intel/esmf/src/Infrastructure/VM/examples
/Library/Developer/CommandLineTools/usr/bin/make EXNAME=VMDefaultBasics NP=4 exfrun
/project/esmf/Intel/19.1.0.166/mpich/3.3.2/bin/mpirun -np 4 ./ESMF_VMDefaultBasicsEx > ./ESMF_VMDefaultBasicsEx.stdout 2>&1
cat: ./PET*VMDefaultBasicsEx*.Log: No such file or directory
/Library/Developer/CommandLineTools/usr/bin/make EXNAME=VMGetMPICommunicator NP=4 exfrun
/project/esmf/Intel/19.1.0.166/mpich/3.3.2/bin/mpirun -np 4 ./ESMF_VMGetMPICommunicatorEx > ./ESMF_VMGetMPICommunicatorEx.stdout 2>&1
cat: ./PET*VMGetMPICommunicatorEx*.Log: No such file or directory
/Library/Developer/CommandLineTools/usr/bin/make EXNAME=VMUserMpi NP=4 exfrun
/project/esmf/Intel/19.1.0.166/mpich/3.3.2/bin/mpirun -np 4 ./ESMF_VMUserMpiEx > ./ESMF_VMUserMpiEx.stdout 2>&1
cat: ./PET*VMUserMpiEx*.Log: No such file or directory
/Library/Developer/CommandLineTools/usr/bin/make EXNAME=VMUserMpiComm NP=4 exfrun
/project/esmf/Intel/19.1.0.166/mpich/3.3.2/bin/mpirun -np 4 ./ESMF_VMUserMpiCommEx > ./ESMF_VMUserMpiCommEx.stdout 2>&1
cat: ./PET*VMUserMpiCommEx*.Log: No such file or directory
/Library/Developer/CommandLineTools/usr/bin/make EXNAME=VMUserMpiCommMulti NP=4 exfrun
/project/esmf/Intel/19.1.0.166/mpich/3.3.2/bin/mpirun -np 4 ./ESMF_VMUserMpiCommMultiEx > ./ESMF_VMUserMpiCommMultiEx.stdout 2>&1
cat: ./PET*VMUserMpiCommMultiEx*.Log: No such file or directory
/Library/Developer/CommandLineTools/usr/bin/make EXNAME=VMComponent NP=4 exfrun
/project/esmf/Intel/19.1.0.166/mpich/3.3.2/bin/mpirun -np 4 ./ESMF_VMComponentEx > ./ESMF_VMComponentEx.stdout 2>&1
cat: ./PET*VMComponentEx*.Log: No such file or directory
/Library/Developer/CommandLineTools/usr/bin/make EXNAME=VMSendVMRecv NP=4 exfrun
/project/esmf/Intel/19.1.0.166/mpich/3.3.2/bin/mpirun -np 4 ./ESMF_VMSendVMRecvEx > ./ESMF_VMSendVMRecvEx.stdout 2>&1
cat: ./PET*VMSendVMRecvEx*.Log: No such file or directory
/Library/Developer/CommandLineTools/usr/bin/make EXNAME=VMNonBlocking NP=4 exfrun
/project/esmf/Intel/19.1.0.166/mpich/3.3.2/bin/mpirun -np 4 ./ESMF_VMNonBlockingEx > ./ESMF_VMNonBlockingEx.stdout 2>&1
cat: ./PET*VMNonBlockingEx*.Log: No such file or directory
/Library/Developer/CommandLineTools/usr/bin/make EXNAME=VMScatterVMGather NP=4 exfrun
/project/esmf/Intel/19.1.0.166/mpich/3.3.2/bin/mpirun -np 4 ./ESMF_VMScatterVMGatherEx > ./ESMF_VMScatterVMGatherEx.stdout 2>&1
cat: ./PET*VMScatterVMGatherEx*.Log: No such file or directory
/Library/Developer/CommandLineTools/usr/bin/make EXNAME=VMAllFullReduce NP=4 exfrun
/project/esmf/Intel/19.1.0.166/mpich/3.3.2/bin/mpirun -np 4 ./ESMF_VMAllFullReduceEx > ./ESMF_VMAllFullReduceEx.stdout 2>&1
cat: ./PET*VMAllFullReduceEx*.Log: No such file or directory
/Library/Developer/CommandLineTools/usr/bin/make EXNAME=VMHigherRankData NP=4 exfrun
/project/esmf/Intel/19.1.0.166/mpich/3.3.2/bin/mpirun -np 4 ./ESMF_VMHigherRankDataEx > ./ESMF_VMHigherRankDataEx.stdout 2>&1
cat: ./PET*VMHigherRankDataEx*.Log: No such file or directory
tree_run_examples in: /project/esmf/himanshu/esmf_test/cronjobs/daily/intel/esmf/src/Infrastructure/VM/tests
tree_run_examples in: /project/esmf/himanshu/esmf_test/cronjobs/daily/intel/esmf/src/Infrastructure/Trace
tree_run_examples in: /project/esmf/himanshu/esmf_test/cronjobs/daily/intel/esmf/src/Infrastructure/Trace/src
tree_run_examples in: /project/esmf/himanshu/esmf_test/cronjobs/daily/intel/esmf/src/Infrastructure/Trace/interface
tree_run_examples in: /project/esmf/himanshu/esmf_test/cronjobs/daily/intel/esmf/src/Infrastructure/Trace/tests
tree_run_examples in: /project/esmf/himanshu/esmf_test/cronjobs/daily/intel/esmf/src/Infrastructure/Trace/doc
tree_run_examples in: /project/esmf/himanshu/esmf_test/cronjobs/daily/intel/esmf/src/Infrastructure/Trace/examples
env ESMF_RUNTIME_TRACE=ON /Library/Developer/CommandLineTools/usr/bin/make EXNAME=Trace NP=4 exfrun
/project/esmf/Intel/19.1.0.166/mpich/3.3.2/bin/mpirun -np 4 ./ESMF_TraceEx > ./ESMF_TraceEx.stdout 2>&1
cat: ./PET*TraceEx*.Log: No such file or directory
env ESMF_RUNTIME_TRACE=ON /Library/Developer/CommandLineTools/usr/bin/make EXNAME=TraceUser NP=4 exfrun
/project/esmf/Intel/19.1.0.166/mpich/3.3.2/bin/mpirun -np 4 ./ESMF_TraceUserEx > ./ESMF_TraceUserEx.stdout 2>&1
cat: ./PET*TraceUserEx*.Log: No such file or directory
tree_run_examples in: /project/esmf/himanshu/esmf_test/cronjobs/daily/intel/esmf/src/Infrastructure/Base
tree_run_examples in: /project/esmf/himanshu/esmf_test/cronjobs/daily/intel/esmf/src/Infrastructure/Base/src
tree_run_examples in: /project/esmf/himanshu/esmf_test/cronjobs/daily/intel/esmf/src/Infrastructure/Base/interface
tree_run_examples in: /project/esmf/himanshu/esmf_test/cronjobs/daily/intel/esmf/src/Infrastructure/Base/tests
tree_run_examples in: /project/esmf/himanshu/esmf_test/cronjobs/daily/intel/esmf/src/Infrastructure/Base/examples
/Library/Developer/CommandLineTools/usr/bin/make EXNAME=InfoTutorial NP=4 exfrun
/project/esmf/Intel/19.1.0.166/mpich/3.3.2/bin/mpirun -np 4 ./ESMF_InfoTutorialEx > ./ESMF_InfoTutorialEx.stdout 2>&1
cat: ./PET*InfoTutorialEx*.Log: No such file or directory
/Library/Developer/CommandLineTools/usr/bin/make EXNAME=InfoGetFromHost NP=4 exfrun
/project/esmf/Intel/19.1.0.166/mpich/3.3.2/bin/mpirun -np 4 ./ESMF_InfoGetFromHostEx > ./ESMF_InfoGetFromHostEx.stdout 2>&1
cat: ./PET*InfoGetFromHostEx*.Log: No such file or directory
tree_run_examples in: /project/esmf/himanshu/esmf_test/cronjobs/daily/intel/esmf/src/Infrastructure/Base/doc
tree_run_examples in: /project/esmf/himanshu/esmf_test/cronjobs/daily/intel/esmf/src/Infrastructure/TimeMgr
tree_run_examples in: /project/esmf/himanshu/esmf_test/cronjobs/daily/intel/esmf/src/Infrastructure/TimeMgr/src
tree_run_examples in: /project/esmf/himanshu/esmf_test/cronjobs/daily/intel/esmf/src/Infrastructure/TimeMgr/interface
tree_run_examples in: /project/esmf/himanshu/esmf_test/cronjobs/daily/intel/esmf/src/Infrastructure/TimeMgr/examples
/Library/Developer/CommandLineTools/usr/bin/make EXNAME=Time NP=1 exfrun
/project/esmf/Intel/19.1.0.166/mpich/3.3.2/bin/mpirun -np 1 ./ESMF_TimeEx > ./ESMF_TimeEx.stdout 2>&1
cat: ./PET*TimeEx*.Log: No such file or directory
/Library/Developer/CommandLineTools/usr/bin/make EXNAME=TimeInterval NP=1 exfrun
/project/esmf/Intel/19.1.0.166/mpich/3.3.2/bin/mpirun -np 1 ./ESMF_TimeIntervalEx > ./ESMF_TimeIntervalEx.stdout 2>&1
cat: ./PET*TimeIntervalEx*.Log: No such file or directory
/Library/Developer/CommandLineTools/usr/bin/make EXNAME=Calendar NP=1 exfrun
/project/esmf/Intel/19.1.0.166/mpich/3.3.2/bin/mpirun -np 1 ./ESMF_CalendarEx > ./ESMF_CalendarEx.stdout 2>&1
cat: ./PET*CalendarEx*.Log: No such file or directory
/Library/Developer/CommandLineTools/usr/bin/make EXNAME=Clock NP=1 exfrun
/project/esmf/Intel/19.1.0.166/mpich/3.3.2/bin/mpirun -np 1 ./ESMF_ClockEx > ./ESMF_ClockEx.stdout 2>&1
cat: ./PET*ClockEx*.Log: No such file or directory
/Library/Developer/CommandLineTools/usr/bin/make EXNAME=Alarm NP=1 exfrun
/project/esmf/Intel/19.1.0.166/mpich/3.3.2/bin/mpirun -np 1 ./ESMF_AlarmEx > ./ESMF_AlarmEx.stdout 2>&1
cat: ./PET*AlarmEx*.Log: No such file or directory
tree_run_examples in: /project/esmf/himanshu/esmf_test/cronjobs/daily/intel/esmf/src/Infrastructure/TimeMgr/tests
tree_run_examples in: /project/esmf/himanshu/esmf_test/cronjobs/daily/intel/esmf/src/Infrastructure/TimeMgr/doc
tree_run_examples in: /project/esmf/himanshu/esmf_test/cronjobs/daily/intel/esmf/src/Infrastructure/DELayout
tree_run_examples in: /project/esmf/himanshu/esmf_test/cronjobs/daily/intel/esmf/src/Infrastructure/DELayout/src
tree_run_examples in: /project/esmf/himanshu/esmf_test/cronjobs/daily/intel/esmf/src/Infrastructure/DELayout/interface
tree_run_examples in: /project/esmf/himanshu/esmf_test/cronjobs/daily/intel/esmf/src/Infrastructure/DELayout/tests
tree_run_examples in: /project/esmf/himanshu/esmf_test/cronjobs/daily/intel/esmf/src/Infrastructure/DELayout/examples
/Library/Developer/CommandLineTools/usr/bin/make EXNAME=DELayout NP=4 exfrun
/project/esmf/Intel/19.1.0.166/mpich/3.3.2/bin/mpirun -np 4 ./ESMF_DELayoutEx > ./ESMF_DELayoutEx.stdout 2>&1
cat: ./PET*DELayoutEx*.Log: No such file or directory
tree_run_examples in: /project/esmf/himanshu/esmf_test/cronjobs/daily/intel/esmf/src/Infrastructure/DELayout/doc
tree_run_examples in: /project/esmf/himanshu/esmf_test/cronjobs/daily/intel/esmf/src/Infrastructure/Config
tree_run_examples in: /project/esmf/himanshu/esmf_test/cronjobs/daily/intel/esmf/src/Infrastructure/Config/src
tree_run_examples in: /project/esmf/himanshu/esmf_test/cronjobs/daily/intel/esmf/src/Infrastructure/Config/interface
tree_run_examples in: /project/esmf/himanshu/esmf_test/cronjobs/daily/intel/esmf/src/Infrastructure/Config/examples
cp  -f myResourceFile.rc /project/esmf/himanshu/esmf_test/cronjobs/daily/intel/esmf/examples/examplesO/Darwin.intel.64.mpich3.default/myResourceFile.rc
/Library/Developer/CommandLineTools/usr/bin/make EXNAME=ConfigOverview NP=4 exfrun
/project/esmf/Intel/19.1.0.166/mpich/3.3.2/bin/mpirun -np 4 ./ESMF_ConfigOverviewEx > ./ESMF_ConfigOverviewEx.stdout 2>&1
cat: ./PET*ConfigOverviewEx*.Log: No such file or directory
tree_run_examples in: /project/esmf/himanshu/esmf_test/cronjobs/daily/intel/esmf/src/Infrastructure/Config/doc
tree_run_examples in: /project/esmf/himanshu/esmf_test/cronjobs/daily/intel/esmf/src/Infrastructure/Config/tests
tree_run_examples in: /project/esmf/himanshu/esmf_test/cronjobs/daily/intel/esmf/src/Infrastructure/ArraySpec
tree_run_examples in: /project/esmf/himanshu/esmf_test/cronjobs/daily/intel/esmf/src/Infrastructure/ArraySpec/src
tree_run_examples in: /project/esmf/himanshu/esmf_test/cronjobs/daily/intel/esmf/src/Infrastructure/ArraySpec/interface
tree_run_examples in: /project/esmf/himanshu/esmf_test/cronjobs/daily/intel/esmf/src/Infrastructure/ArraySpec/examples
/Library/Developer/CommandLineTools/usr/bin/make EXNAME=ArraySpec NP=4 exfrun
/project/esmf/Intel/19.1.0.166/mpich/3.3.2/bin/mpirun -np 4 ./ESMF_ArraySpecEx > ./ESMF_ArraySpecEx.stdout 2>&1
cat: ./PET*ArraySpecEx*.Log: No such file or directory
tree_run_examples in: /project/esmf/himanshu/esmf_test/cronjobs/daily/intel/esmf/src/Infrastructure/ArraySpec/tests
tree_run_examples in: /project/esmf/himanshu/esmf_test/cronjobs/daily/intel/esmf/src/Infrastructure/ArraySpec/doc
tree_run_examples in: /project/esmf/himanshu/esmf_test/cronjobs/daily/intel/esmf/src/Infrastructure/LocalArray
tree_run_examples in: /project/esmf/himanshu/esmf_test/cronjobs/daily/intel/esmf/src/Infrastructure/LocalArray/src
tree_run_examples in: /project/esmf/himanshu/esmf_test/cronjobs/daily/intel/esmf/src/Infrastructure/LocalArray/interface
tree_run_examples in: /project/esmf/himanshu/esmf_test/cronjobs/daily/intel/esmf/src/Infrastructure/LocalArray/tests
tree_run_examples in: /project/esmf/himanshu/esmf_test/cronjobs/daily/intel/esmf/src/Infrastructure/LocalArray/doc
tree_run_examples in: /project/esmf/himanshu/esmf_test/cronjobs/daily/intel/esmf/src/Infrastructure/Route
tree_run_examples in: /project/esmf/himanshu/esmf_test/cronjobs/daily/intel/esmf/src/Infrastructure/Route/src
tree_run_examples in: /project/esmf/himanshu/esmf_test/cronjobs/daily/intel/esmf/src/Infrastructure/Route/interface
tree_run_examples in: /project/esmf/himanshu/esmf_test/cronjobs/daily/intel/esmf/src/Infrastructure/Route/tests
tree_run_examples in: /project/esmf/himanshu/esmf_test/cronjobs/daily/intel/esmf/src/Infrastructure/Route/examples
/Library/Developer/CommandLineTools/usr/bin/make EXNAME=RHandleBitForBit NP=4 exfrun
/project/esmf/Intel/19.1.0.166/mpich/3.3.2/bin/mpirun -np 4 ./ESMF_RHandleBitForBitEx > ./ESMF_RHandleBitForBitEx.stdout 2>&1
cat: ./PET*RHandleBitForBitEx*.Log: No such file or directory
/Library/Developer/CommandLineTools/usr/bin/make EXNAME=RHandleFromRHandle NP=4 exfrun
/project/esmf/Intel/19.1.0.166/mpich/3.3.2/bin/mpirun -np 4 ./ESMF_RHandleFromRHandleEx > ./ESMF_RHandleFromRHandleEx.stdout 2>&1
cat: ./PET*RHandleFromRHandleEx*.Log: No such file or directory
/Library/Developer/CommandLineTools/usr/bin/make EXNAME=RHandleFromFile NP=4 exfrun
/project/esmf/Intel/19.1.0.166/mpich/3.3.2/bin/mpirun -np 4 ./ESMF_RHandleFromFileEx > ./ESMF_RHandleFromFileEx.stdout 2>&1
cat: ./PET*RHandleFromFileEx*.Log: No such file or directory
/Library/Developer/CommandLineTools/usr/bin/make EXNAME=RHandleReusability NP=4 exfrun
/project/esmf/Intel/19.1.0.166/mpich/3.3.2/bin/mpirun -np 4 ./ESMF_RHandleReusabilityEx > ./ESMF_RHandleReusabilityEx.stdout 2>&1
cat: ./PET*RHandleReusabilityEx*.Log: No such file or directory
/Library/Developer/CommandLineTools/usr/bin/make EXNAME=RHandleDynamicMasking NP=4 exfrun
/project/esmf/Intel/19.1.0.166/mpich/3.3.2/bin/mpirun -np 4 ./ESMF_RHandleDynamicMaskingEx > ./ESMF_RHandleDynamicMaskingEx.stdout 2>&1
cat: ./PET*RHandleDynamicMaskingEx*.Log: No such file or directory
tree_run_examples in: /project/esmf/himanshu/esmf_test/cronjobs/daily/intel/esmf/src/Infrastructure/Route/doc
tree_run_examples in: /project/esmf/himanshu/esmf_test/cronjobs/daily/intel/esmf/src/Infrastructure/DistGrid
tree_run_examples in: /project/esmf/himanshu/esmf_test/cronjobs/daily/intel/esmf/src/Infrastructure/DistGrid/src
tree_run_examples in: /project/esmf/himanshu/esmf_test/cronjobs/daily/intel/esmf/src/Infrastructure/DistGrid/interface
tree_run_examples in: /project/esmf/himanshu/esmf_test/cronjobs/daily/intel/esmf/src/Infrastructure/DistGrid/tests
tree_run_examples in: /project/esmf/himanshu/esmf_test/cronjobs/daily/intel/esmf/src/Infrastructure/DistGrid/examples
/Library/Developer/CommandLineTools/usr/bin/make EXNAME=DistGrid NP=4 exfrun
quick_start in: /project/esmf/himanshu/esmf_test/cronjobs/daily/intel/esmf/src/Infrastructure/PointList/tests
tree_build_quick_start in: /project/esmf/himanshu/esmf_test/cronjobs/daily/intel/esmf/src/Infrastructure/Regrid
tree_build_quick_start in: /project/esmf/himanshu/esmf_test/cronjobs/daily/intel/esmf/src/Infrastructure/Regrid/src
tree_build_quick_start in: /project/esmf/himanshu/esmf_test/cronjobs/daily/intel/esmf/src/Infrastructure/Regrid/interface
tree_build_quick_start in: /project/esmf/himanshu/esmf_test/cronjobs/daily/intel/esmf/src/Infrastructure/Regrid/doc
tree_build_quick_start in: /project/esmf/himanshu/esmf_test/cronjobs/daily/intel/esmf/src/Infrastructure/Regrid/examples
tree_build_quick_start in: /project/esmf/himanshu/esmf_test/cronjobs/daily/intel/esmf/src/Infrastructure/Field
tree_build_quick_start in: /project/esmf/himanshu/esmf_test/cronjobs/daily/intel/esmf/src/Infrastructure/Field/src
tree_build_quick_start in: /project/esmf/himanshu/esmf_test/cronjobs/daily/intel/esmf/src/Infrastructure/Field/interface
tree_build_quick_start in: /project/esmf/himanshu/esmf_test/cronjobs/daily/intel/esmf/src/Infrastructure/Field/doc
tree_build_quick_start in: /project/esmf/himanshu/esmf_test/cronjobs/daily/intel/esmf/src/Infrastructure/Field/tests
tree_build_quick_start in: /project/esmf/himanshu/esmf_test/cronjobs/daily/intel/esmf/src/Infrastructure/Field/examples
tree_build_quick_start in: /project/esmf/himanshu/esmf_test/cronjobs/daily/intel/esmf/src/Infrastructure/Container
tree_build_quick_start in: /project/esmf/himanshu/esmf_test/cronjobs/daily/intel/esmf/src/Infrastructure/Container/interface
tree_build_quick_start in: /project/esmf/himanshu/esmf_test/cronjobs/daily/intel/esmf/src/Infrastructure/Container/tests
tree_build_quick_start in: /project/esmf/himanshu/esmf_test/cronjobs/daily/intel/esmf/src/Infrastructure/FieldBundle
tree_build_quick_start in: /project/esmf/himanshu/esmf_test/cronjobs/daily/intel/esmf/src/Infrastructure/FieldBundle/src
tree_build_quick_start in: /project/esmf/himanshu/esmf_test/cronjobs/daily/intel/esmf/src/Infrastructure/FieldBundle/interface
tree_build_quick_start in: /project/esmf/himanshu/esmf_test/cronjobs/daily/intel/esmf/src/Infrastructure/FieldBundle/doc
tree_build_quick_start in: /project/esmf/himanshu/esmf_test/cronjobs/daily/intel/esmf/src/Infrastructure/FieldBundle/tests
tree_build_quick_start in: /project/esmf/himanshu/esmf_test/cronjobs/daily/intel/esmf/src/Infrastructure/FieldBundle/examples
tree_build_quick_start in: /project/esmf/himanshu/esmf_test/cronjobs/daily/intel/esmf/src/Superstructure
tree_build_quick_start in: /project/esmf/himanshu/esmf_test/cronjobs/daily/intel/esmf/src/Superstructure/State
tree_build_quick_start in: /project/esmf/himanshu/esmf_test/cronjobs/daily/intel/esmf/src/Superstructure/State/src
tree_build_quick_start in: /project/esmf/himanshu/esmf_test/cronjobs/daily/intel/esmf/src/Superstructure/State/interface
tree_build_quick_start in: /project/esmf/himanshu/esmf_test/cronjobs/daily/intel/esmf/src/Superstructure/State/doc
tree_build_quick_start in: /project/esmf/himanshu/esmf_test/cronjobs/daily/intel/esmf/src/Superstructure/State/tests
tree_build_quick_start in: /project/esmf/himanshu/esmf_test/cronjobs/daily/intel/esmf/src/Superstructure/State/examples
tree_build_quick_start in: /project/esmf/himanshu/esmf_test/cronjobs/daily/intel/esmf/src/Superstructure/Component
tree_build_quick_start in: /project/esmf/himanshu/esmf_test/cronjobs/daily/intel/esmf/src/Superstructure/Component/src
tree_build_quick_start in: /project/esmf/himanshu/esmf_test/cronjobs/daily/intel/esmf/src/Superstructure/Component/interface
tree_build_quick_start in: /project/esmf/himanshu/esmf_test/cronjobs/daily/intel/esmf/src/Superstructure/Component/examples
tree_build_quick_start in: /project/esmf/himanshu/esmf_test/cronjobs/daily/intel/esmf/src/Superstructure/Component/tests
tree_build_quick_start in: /project/esmf/himanshu/esmf_test/cronjobs/daily/intel/esmf/src/Superstructure/Component/doc
tree_build_quick_start in: /project/esmf/himanshu/esmf_test/cronjobs/daily/intel/esmf/src/Superstructure/AttachMethods
tree_build_quick_start in: /project/esmf/himanshu/esmf_test/cronjobs/daily/intel/esmf/src/Superstructure/AttachMethods/src
tree_build_quick_start in: /project/esmf/himanshu/esmf_test/cronjobs/daily/intel/esmf/src/Superstructure/AttachMethods/doc
tree_build_quick_start in: /project/esmf/himanshu/esmf_test/cronjobs/daily/intel/esmf/src/Superstructure/AttachMethods/examples
tree_build_quick_start in: /project/esmf/himanshu/esmf_test/cronjobs/daily/intel/esmf/src/Superstructure/InfoAPI
tree_build_quick_start in: /project/esmf/himanshu/esmf_test/cronjobs/daily/intel/esmf/src/Superstructure/InfoAPI/src
tree_build_quick_start in: /project/esmf/himanshu/esmf_test/cronjobs/daily/intel/esmf/src/Superstructure/InfoAPI/interface
tree_build_quick_start in: /project/esmf/himanshu/esmf_test/cronjobs/daily/intel/esmf/src/Superstructure/InfoAPI/tests
tree_build_quick_start in: /project/esmf/himanshu/esmf_test/cronjobs/daily/intel/esmf/src/Superstructure/InfoAPI/doc
tree_build_quick_start in: /project/esmf/himanshu/esmf_test/cronjobs/daily/intel/esmf/src/Superstructure/StateReconcile
tree_build_quick_start in: /project/esmf/himanshu/esmf_test/cronjobs/daily/intel/esmf/src/Superstructure/StateReconcile/src
tree_build_quick_start in: /project/esmf/himanshu/esmf_test/cronjobs/daily/intel/esmf/src/Superstructure/StateReconcile/doc
tree_build_quick_start in: /project/esmf/himanshu/esmf_test/cronjobs/daily/intel/esmf/src/Superstructure/StateReconcile/tests
tree_build_quick_start in: /project/esmf/himanshu/esmf_test/cronjobs/daily/intel/esmf/src/Superstructure/StateReconcile/examples
tree_build_quick_start in: /project/esmf/himanshu/esmf_test/cronjobs/daily/intel/esmf/src/Superstructure/AttributeAPI
tree_build_quick_start in: /project/esmf/himanshu/esmf_test/cronjobs/daily/intel/esmf/src/Superstructure/AttributeAPI/interface
tree_build_quick_start in: /project/esmf/himanshu/esmf_test/cronjobs/daily/intel/esmf/src/Superstructure/AttributeAPI/tests
tree_build_quick_start in: /project/esmf/himanshu/esmf_test/cronjobs/daily/intel/esmf/src/Superstructure/AttributeAPI/doc
tree_build_quick_start in: /project/esmf/himanshu/esmf_test/cronjobs/daily/intel/esmf/src/Superstructure/TraceAPI
tree_build_quick_start in: /project/esmf/himanshu/esmf_test/cronjobs/daily/intel/esmf/src/Superstructure/TraceAPI/interface
tree_build_quick_start in: /project/esmf/himanshu/esmf_test/cronjobs/daily/intel/esmf/src/Superstructure/WebServices
tree_build_quick_start in: /project/esmf/himanshu/esmf_test/cronjobs/daily/intel/esmf/src/Superstructure/WebServices/src
tree_build_quick_start in: /project/esmf/himanshu/esmf_test/cronjobs/daily/intel/esmf/src/Superstructure/WebServices/doc
tree_build_quick_start in: /project/esmf/himanshu/esmf_test/cronjobs/daily/intel/esmf/src/Superstructure/WebServices/examples
tree_build_quick_start in: /project/esmf/himanshu/esmf_test/cronjobs/daily/intel/esmf/src/Superstructure/WebServices/tests
tree_build_quick_start in: /project/esmf/himanshu/esmf_test/cronjobs/daily/intel/esmf/src/Superstructure/IOAPI
tree_build_quick_start in: /project/esmf/himanshu/esmf_test/cronjobs/daily/intel/esmf/src/Superstructure/IOAPI/interface
tree_build_quick_start in: /project/esmf/himanshu/esmf_test/cronjobs/daily/intel/esmf/src/Superstructure/IOAPI/tests
tree_build_quick_start in: /project/esmf/himanshu/esmf_test/cronjobs/daily/intel/esmf/src/Superstructure/PreESMFMod
tree_build_quick_start in: /project/esmf/himanshu/esmf_test/cronjobs/daily/intel/esmf/src/Superstructure/PreESMFMod/src
tree_build_quick_start in: /project/esmf/himanshu/esmf_test/cronjobs/daily/intel/esmf/src/Superstructure/PreESMFMod/doc
tree_build_quick_start in: /project/esmf/himanshu/esmf_test/cronjobs/daily/intel/esmf/src/Superstructure/PreESMFMod/tests
tree_build_quick_start in: /project/esmf/himanshu/esmf_test/cronjobs/daily/intel/esmf/src/Superstructure/ESMFMod
tree_build_quick_start in: /project/esmf/himanshu/esmf_test/cronjobs/daily/intel/esmf/src/Superstructure/ESMFMod/src
tree_build_quick_start in: /project/esmf/himanshu/esmf_test/cronjobs/daily/intel/esmf/src/Superstructure/ESMFMod/interface
tree_build_quick_start in: /project/esmf/himanshu/esmf_test/cronjobs/daily/intel/esmf/src/Superstructure/ESMFMod/tests
tree_build_quick_start in: /project/esmf/himanshu/esmf_test/cronjobs/daily/intel/esmf/src/Superstructure/ESMFMod/examples
tree_build_quick_start in: /project/esmf/himanshu/esmf_test/cronjobs/daily/intel/esmf/src/Superstructure/ESMFMod/doc
tree_build_quick_start in: /project/esmf/himanshu/esmf_test/cronjobs/daily/intel/esmf/src/Superstructure/AppDriver
tree_build_quick_start in: /project/esmf/himanshu/esmf_test/cronjobs/daily/intel/esmf/src/Superstructure/AppDriver/doc
tree_build_quick_start in: /project/esmf/himanshu/esmf_test/cronjobs/daily/intel/esmf/src/Superstructure/AppDriver/seq_pairwise_fdriver_spmd
/project/esmf/Intel/19.1.0.166/mpich/3.3.2/bin/mpif90 -c -O  -assume realloc_lhs -m64 -pthread -threads  -qopenmp  -I/project/esmf/himanshu/esmf_test/cronjobs/daily/intel/esmf/build_config/Darwin.intel.default -I/project/esmf/himanshu/esmf_test/cronjobs/daily/intel/esmf/src/Infrastructure -I/project/esmf/himanshu/esmf_test/cronjobs/daily/intel/esmf/src/Superstructure -I/project/esmf/himanshu/esmf_test/cronjobs/daily/intel/esmf/mod/modO/Darwin.intel.64.mpich3.default -I/project/esmf/himanshu/esmf_test/cronjobs/daily/intel/esmf/src/include -I/project/esmf/Intel/19.1.0.166/netcdf/4.7.4/include -I/project/esmf/Intel/19.1.0.166/netcdf/4.7.4/include  -DESMF_NO_INTEGER_1_BYTE -DESMF_NO_INTEGER_2_BYTE -DESMFVERSIONGIT='"ESMF_8_1_0_beta_snapshot_40-4-ga072c96c19"' -DESMF_MOAB=1 -DESMF_LAPACK=1 -DESMF_LAPACK_INTERNAL=1 -DESMF_NO_ACC_SOFTWARE_STACK=1 -DESMF_NETCDF=1 -DESMF_YAMLCPP=1 -DESMF_YAML=1 -DESMF_PIO=1 -DESMF_MPIIO -DESMF_NO_OPENACC -DESMF_TESTEXHAUSTIVE -DESMF_BOPT_O -DESMF_TESTCOMPTUNNEL -DESMF_TESTWITHTHREADS -DSx86_64_small=1 -DESMF_OS_Darwin=1 -DESMF_COMM=mpich3 -DESMF_DIR=/project/esmf/himanshu/esmf_test/cronjobs/daily/intel/esmf CplCompTemplate.F90 -o CplCompTemplate.o
CplCompTemplate.F90(19): error #7002: Error in opening the compiled module file.  Check INCLUDE paths.   [ESMF]
    use ESMF
--------^
CplCompTemplate.F90(29): error #6457: This derived type name has not been declared.   [ESMF_CPLCOMP]
       type(ESMF_CplComp) :: ccomp
------------^
CplCompTemplate.F90(40): error #6457: This derived type name has not been declared.   [ESMF_CPLCOMP]
      type(ESMF_CplComp) :: ccomp
-----------^
CplCompTemplate.F90(41): error #6457: This derived type name has not been declared.   [ESMF_STATE]
      type(ESMF_State) :: importstate, exportstate
-----------^
CplCompTemplate.F90(42): error #6457: This derived type name has not been declared.   [ESMF_CLOCK]
      type(ESMF_Clock) :: externalclock
-----------^
CplCompTemplate.F90(45): error #6457: This derived type name has not been declared.   [ESMF_STATE]
      type(ESMF_State) :: state1, state2
-----------^
CplCompTemplate.F90(59): error #6457: This derived type name has not been declared.   [ESMF_CPLCOMP]
      type(ESMF_CplComp) :: ccomp
-----------^
CplCompTemplate.F90(60): error #6457: This derived type name has not been declared.   [ESMF_STATE]
      type(ESMF_State) :: importstate, exportstate
-----------^
CplCompTemplate.F90(61): error #6457: This derived type name has not been declared.   [ESMF_CLOCK]
      type(ESMF_Clock) :: externalclock
-----------^
CplCompTemplate.F90(73): error #6457: This derived type name has not been declared.   [ESMF_CPLCOMP]
      type(ESMF_CplComp) :: ccomp
-----------^
CplCompTemplate.F90(74): error #6457: This derived type name has not been declared.   [ESMF_STATE]
      type(ESMF_State) :: importstate, exportstate
-----------^
CplCompTemplate.F90(75): error #6457: This derived type name has not been declared.   [ESMF_CLOCK]
      type(ESMF_Clock) :: externalclock
-----------^
CplCompTemplate.F90(32): error #6404: This name does not have a type, and must have an explicit type.   [CCOMP]
       call ESMF_CplCompSetEntryPoint(ccomp, ESMF_METHOD_INITIALIZE, my_init, rc=rc)
--------------------------------------^
CplCompTemplate.F90(32): error #6404: This name does not have a type, and must have an explicit type.   [ESMF_METHOD_INITIALIZE]
       call ESMF_CplCompSetEntryPoint(ccomp, ESMF_METHOD_INITIALIZE, my_init, rc=rc)
---------------------------------------------^
CplCompTemplate.F90(32): error #6632: Keyword arguments are invalid without an explicit interface.   [RC]
       call ESMF_CplCompSetEntryPoint(ccomp, ESMF_METHOD_INITIALIZE, my_init, rc=rc)
------------------------------------------------------------------------------^
CplCompTemplate.F90(33): error #6404: This name does not have a type, and must have an explicit type.   [ESMF_METHOD_RUN]
       call ESMF_CplCompSetEntryPoint(ccomp, ESMF_METHOD_RUN, my_run, rc=rc)
---------------------------------------------^
CplCompTemplate.F90(33): error #6632: Keyword arguments are invalid without an explicit interface.   [RC]
       call ESMF_CplCompSetEntryPoint(ccomp, ESMF_METHOD_RUN, my_run, rc=rc)
----------------------------------------------------------------------^
CplCompTemplate.F90(34): error #6404: This name does not have a type, and must have an explicit type.   [ESMF_METHOD_FINALIZE]
       call ESMF_CplCompSetEntryPoint(ccomp, ESMF_METHOD_FINALIZE, my_final, rc=rc)
---------------------------------------------^
CplCompTemplate.F90(34): error #6632: Keyword arguments are invalid without an explicit interface.   [RC]
       call ESMF_CplCompSetEntryPoint(ccomp, ESMF_METHOD_FINALIZE, my_final, rc=rc)
-----------------------------------------------------------------------------^
CplCompTemplate.F90(47): error #6404: This name does not have a type, and must have an explicit type.   [ESMF_LOGMSG_INFO]
      call ESMF_LogWrite("Coupler Initialize routine called", ESMF_LOGMSG_INFO)
--------------------------------------------------------------^
CplCompTemplate.F90(49): error #6404: This name does not have a type, and must have an explicit type.   [IMPORTSTATE]
      call ESMF_StateGet(importstate,  "GComp1 Import", state1, rc=rc)
-------------------------^
CplCompTemplate.F90(49): error #6404: This name does not have a type, and must have an explicit type.   [STATE1]
      call ESMF_StateGet(importstate,  "GComp1 Import", state1, rc=rc)
--------------------------------------------------------^
CplCompTemplate.F90(49): error #6632: Keyword arguments are invalid without an explicit interface.   [RC]
      call ESMF_StateGet(importstate,  "GComp1 Import", state1, rc=rc)
----------------------------------------------------------------^
CplCompTemplate.F90(50): error #6404: This name does not have a type, and must have an explicit type.   [STATE2]
      call ESMF_StateGet(importstate,  "GComp2 Import", state2, rc=rc)
--------------------------------------------------------^
CplCompTemplate.F90(50): error #6632: Keyword arguments are invalid without an explicit interface.   [RC]
      call ESMF_StateGet(importstate,  "GComp2 Import", state2, rc=rc)
----------------------------------------------------------------^
CplCompTemplate.F90(53): error #6404: This name does not have a type, and must have an explicit type.   [ESMF_SUCCESS]
      rc=ESMF_SUCCESS
---------^
CplCompTemplate.F90(39): error #6404: This name does not have a type, and must have an explicit type.   [CCOMP]
    subroutine my_init(ccomp, importstate, exportstate, externalclock, rc)
-----------------------^
CplCompTemplate.F90(39): error #6404: This name does not have a type, and must have an explicit type.   [EXPORTSTATE]
    subroutine my_init(ccomp, importstate, exportstate, externalclock, rc)
-------------------------------------------^
CplCompTemplate.F90(39): error #6404: This name does not have a type, and must have an explicit type.   [EXTERNALCLOCK]
    subroutine my_init(ccomp, importstate, exportstate, externalclock, rc)
--------------------------------------------------------^
CplCompTemplate.F90(58): error #6404: This name does not have a type, and must have an explicit type.   [CCOMP]
    subroutine my_run(ccomp, importstate, exportstate, externalclock, rc)
----------------------^
/var/folders/q3/8nnhltcj6ws7wxttz_49xlzwwd2pp2/T/ifortLyGqoe.i90(91): catastrophic error: Too many errors, exiting
compilation aborted for CplCompTemplate.F90 (code 1)
make[6]: *** [CplCompTemplate.o] Error 1
make[5]: *** [tree_build_quick_start] Error 2
make[4]: *** [tree] Error 1
make[3]: *** [tree] Error 1
make[2]: *** [tree] Error 1
make[1]: *** [tree] Error 1
make: *** [build_quick_start] Error 2
Sat Dec 26 17:59:01 MST 2020
