20210301 055353.406 INFO             PET0 !!!!!!!!!!!!!!!!!!!!!!!!!!!!!!!!!!!!!!!!!!!!!!!!!!!!!!
20210301 055353.406 INFO             PET0 !!! THE ESMF_LOG IS SET TO OUTPUT ALL LOG MESSAGES !!!
20210301 055353.406 INFO             PET0 !!!     THIS MAY CAUSE SLOWDOWN IN PERFORMANCE     !!!
20210301 055353.406 INFO             PET0 !!! FOR PRODUCTION RUNS, USE:                      !!!
20210301 055353.406 INFO             PET0 !!!                   ESMF_LOGKIND_Multi_On_Error  !!!
20210301 055353.406 INFO             PET0 !!!!!!!!!!!!!!!!!!!!!!!!!!!!!!!!!!!!!!!!!!!!!!!!!!!!!!
20210301 055353.406 INFO             PET0 Running with ESMF Version   : ESMF_8_1_0_beta_snapshot_47-18-g3fd6502904
20210301 055353.406 INFO             PET0 ESMF library build date/time: "Mar  1 2021" "05:34:19"
20210301 055353.406 INFO             PET0 ESMF library build location : /work/07356/tg866552/stampede2/8.1.0/esmf
20210301 055353.406 INFO             PET0 ESMF_COMM                   : intelmpi
20210301 055353.411 INFO             PET0 ESMF_MOAB                   : enabled
20210301 055353.411 INFO             PET0 ESMF_LAPACK                 : enabled
20210301 055353.411 INFO             PET0 ESMF_NETCDF                 : enabled
20210301 055353.411 INFO             PET0 ESMF_PNETCDF                : disabled
20210301 055353.411 INFO             PET0 ESMF_PIO                    : enabled
20210301 055353.411 INFO             PET0 ESMF_YAMLCPP                : enabled
20210301 055353.415 INFO             PET0 Finalizing ESMF
20210301 055355.691 INFO             PET0 !!!!!!!!!!!!!!!!!!!!!!!!!!!!!!!!!!!!!!!!!!!!!!!!!!!!!!
20210301 055355.691 INFO             PET0 !!! THE ESMF_LOG IS SET TO OUTPUT ALL LOG MESSAGES !!!
20210301 055355.691 INFO             PET0 !!!     THIS MAY CAUSE SLOWDOWN IN PERFORMANCE     !!!
20210301 055355.691 INFO             PET0 !!! FOR PRODUCTION RUNS, USE:                      !!!
20210301 055355.691 INFO             PET0 !!!                   ESMF_LOGKIND_Multi_On_Error  !!!
20210301 055355.691 INFO             PET0 !!!!!!!!!!!!!!!!!!!!!!!!!!!!!!!!!!!!!!!!!!!!!!!!!!!!!!
20210301 055355.691 INFO             PET0 Running with ESMF Version   : ESMF_8_1_0_beta_snapshot_47-18-g3fd6502904
20210301 055355.691 INFO             PET0 ESMF library build date/time: "Mar  1 2021" "05:34:19"
20210301 055355.691 INFO             PET0 ESMF library build location : /work/07356/tg866552/stampede2/8.1.0/esmf
20210301 055355.691 INFO             PET0 ESMF_COMM                   : intelmpi
20210301 055355.694 INFO             PET0 ESMF_MOAB                   : enabled
20210301 055355.694 INFO             PET0 ESMF_LAPACK                 : enabled
20210301 055355.694 INFO             PET0 ESMF_NETCDF                 : enabled
20210301 055355.694 INFO             PET0 ESMF_PNETCDF                : disabled
20210301 055355.694 INFO             PET0 ESMF_PIO                    : enabled
20210301 055355.694 INFO             PET0 ESMF_YAMLCPP                : enabled
20210301 055355.695 INFO             PET0 Finalizing ESMF
20210301 055357.956 INFO             PET0 !!!!!!!!!!!!!!!!!!!!!!!!!!!!!!!!!!!!!!!!!!!!!!!!!!!!!!
20210301 055357.956 INFO             PET0 !!! THE ESMF_LOG IS SET TO OUTPUT ALL LOG MESSAGES !!!
20210301 055357.956 INFO             PET0 !!!     THIS MAY CAUSE SLOWDOWN IN PERFORMANCE     !!!
20210301 055357.956 INFO             PET0 !!! FOR PRODUCTION RUNS, USE:                      !!!
20210301 055357.956 INFO             PET0 !!!                   ESMF_LOGKIND_Multi_On_Error  !!!
20210301 055357.956 INFO             PET0 !!!!!!!!!!!!!!!!!!!!!!!!!!!!!!!!!!!!!!!!!!!!!!!!!!!!!!
20210301 055357.956 INFO             PET0 Running with ESMF Version   : ESMF_8_1_0_beta_snapshot_47-18-g3fd6502904
20210301 055357.956 INFO             PET0 ESMF library build date/time: "Mar  1 2021" "05:34:19"
20210301 055357.956 INFO             PET0 ESMF library build location : /work/07356/tg866552/stampede2/8.1.0/esmf
20210301 055357.956 INFO             PET0 ESMF_COMM                   : intelmpi
20210301 055357.959 INFO             PET0 ESMF_MOAB                   : enabled
20210301 055357.959 INFO             PET0 ESMF_LAPACK                 : enabled
20210301 055357.959 INFO             PET0 ESMF_NETCDF                 : enabled
20210301 055357.959 INFO             PET0 ESMF_PNETCDF                : disabled
20210301 055357.959 INFO             PET0 ESMF_PIO                    : enabled
20210301 055357.959 INFO             PET0 ESMF_YAMLCPP                : enabled
20210301 055357.968 INFO             PET0 Finalizing ESMF
Mon Mar  1 13:17:45 CST 2021
