20210226 141334.190 INFO             PET1 !!!!!!!!!!!!!!!!!!!!!!!!!!!!!!!!!!!!!!!!!!!!!!!!!!!!!!
20210226 141334.190 INFO             PET1 !!! THE ESMF_LOG IS SET TO OUTPUT ALL LOG MESSAGES !!!
20210226 141334.190 INFO             PET1 !!!     THIS MAY CAUSE SLOWDOWN IN PERFORMANCE     !!!
20210226 141334.190 INFO             PET1 !!! FOR PRODUCTION RUNS, USE:                      !!!
20210226 141334.190 INFO             PET1 !!!                   ESMF_LOGKIND_Multi_On_Error  !!!
20210226 141334.190 INFO             PET1 !!!!!!!!!!!!!!!!!!!!!!!!!!!!!!!!!!!!!!!!!!!!!!!!!!!!!!
20210226 141334.190 INFO             PET1 Running with ESMF Version   : ESMF_8_1_0_beta_snapshot_47-9-gfc33f2dce8
20210226 141334.190 INFO             PET1 ESMF library build date/time: "Feb 26 2021" "13:54:20"
20210226 141334.190 INFO             PET1 ESMF library build location : /work/07356/tg866552/stampede2/8.1.0/esmf
20210226 141334.190 INFO             PET1 ESMF_COMM                   : intelmpi
20210226 141334.198 INFO             PET1 ESMF_MOAB                   : enabled
20210226 141334.198 INFO             PET1 ESMF_LAPACK                 : enabled
20210226 141334.198 INFO             PET1 ESMF_NETCDF                 : enabled
20210226 141334.198 INFO             PET1 ESMF_PNETCDF                : disabled
20210226 141334.198 INFO             PET1 ESMF_PIO                    : enabled
20210226 141334.198 INFO             PET1 ESMF_YAMLCPP                : enabled
20210226 141334.210 INFO             PET1 Finalizing ESMF
20210226 141336.452 INFO             PET1 !!!!!!!!!!!!!!!!!!!!!!!!!!!!!!!!!!!!!!!!!!!!!!!!!!!!!!
20210226 141336.453 INFO             PET1 !!! THE ESMF_LOG IS SET TO OUTPUT ALL LOG MESSAGES !!!
20210226 141336.453 INFO             PET1 !!!     THIS MAY CAUSE SLOWDOWN IN PERFORMANCE     !!!
20210226 141336.453 INFO             PET1 !!! FOR PRODUCTION RUNS, USE:                      !!!
20210226 141336.453 INFO             PET1 !!!                   ESMF_LOGKIND_Multi_On_Error  !!!
20210226 141336.453 INFO             PET1 !!!!!!!!!!!!!!!!!!!!!!!!!!!!!!!!!!!!!!!!!!!!!!!!!!!!!!
20210226 141336.453 INFO             PET1 Running with ESMF Version   : ESMF_8_1_0_beta_snapshot_47-9-gfc33f2dce8
20210226 141336.453 INFO             PET1 ESMF library build date/time: "Feb 26 2021" "13:54:20"
20210226 141336.453 INFO             PET1 ESMF library build location : /work/07356/tg866552/stampede2/8.1.0/esmf
20210226 141336.453 INFO             PET1 ESMF_COMM                   : intelmpi
20210226 141336.456 INFO             PET1 ESMF_MOAB                   : enabled
20210226 141336.456 INFO             PET1 ESMF_LAPACK                 : enabled
20210226 141336.456 INFO             PET1 ESMF_NETCDF                 : enabled
20210226 141336.456 INFO             PET1 ESMF_PNETCDF                : disabled
20210226 141336.456 INFO             PET1 ESMF_PIO                    : enabled
20210226 141336.456 INFO             PET1 ESMF_YAMLCPP                : enabled
20210226 141336.458 INFO             PET1 Finalizing ESMF
20210226 141338.687 INFO             PET1 !!!!!!!!!!!!!!!!!!!!!!!!!!!!!!!!!!!!!!!!!!!!!!!!!!!!!!
20210226 141338.687 INFO             PET1 !!! THE ESMF_LOG IS SET TO OUTPUT ALL LOG MESSAGES !!!
20210226 141338.687 INFO             PET1 !!!     THIS MAY CAUSE SLOWDOWN IN PERFORMANCE     !!!
20210226 141338.687 INFO             PET1 !!! FOR PRODUCTION RUNS, USE:                      !!!
20210226 141338.687 INFO             PET1 !!!                   ESMF_LOGKIND_Multi_On_Error  !!!
20210226 141338.687 INFO             PET1 !!!!!!!!!!!!!!!!!!!!!!!!!!!!!!!!!!!!!!!!!!!!!!!!!!!!!!
20210226 141338.687 INFO             PET1 Running with ESMF Version   : ESMF_8_1_0_beta_snapshot_47-9-gfc33f2dce8
20210226 141338.688 INFO             PET1 ESMF library build date/time: "Feb 26 2021" "13:54:20"
20210226 141338.688 INFO             PET1 ESMF library build location : /work/07356/tg866552/stampede2/8.1.0/esmf
20210226 141338.688 INFO             PET1 ESMF_COMM                   : intelmpi
20210226 141338.691 INFO             PET1 ESMF_MOAB                   : enabled
20210226 141338.691 INFO             PET1 ESMF_LAPACK                 : enabled
20210226 141338.691 INFO             PET1 ESMF_NETCDF                 : enabled
20210226 141338.691 INFO             PET1 ESMF_PNETCDF                : disabled
20210226 141338.691 INFO             PET1 ESMF_PIO                    : enabled
20210226 141338.691 INFO             PET1 ESMF_YAMLCPP                : enabled
20210226 141338.698 INFO             PET1 Finalizing ESMF
Fri Feb 26 16:30:18 CST 2021
