20210228 143639.881 INFO             PET2 !!!!!!!!!!!!!!!!!!!!!!!!!!!!!!!!!!!!!!!!!!!!!!!!!!!!!!
20210228 143639.881 INFO             PET2 !!! THE ESMF_LOG IS SET TO OUTPUT ALL LOG MESSAGES !!!
20210228 143639.881 INFO             PET2 !!!     THIS MAY CAUSE SLOWDOWN IN PERFORMANCE     !!!
20210228 143639.881 INFO             PET2 !!! FOR PRODUCTION RUNS, USE:                      !!!
20210228 143639.881 INFO             PET2 !!!                   ESMF_LOGKIND_Multi_On_Error  !!!
20210228 143639.881 INFO             PET2 !!!!!!!!!!!!!!!!!!!!!!!!!!!!!!!!!!!!!!!!!!!!!!!!!!!!!!
20210228 143639.881 INFO             PET2 Running with ESMF Version   : ESMF_8_1_0_beta_snapshot_47-18-g3fd6502904
20210228 143639.881 INFO             PET2 ESMF library build date/time: "Feb 28 2021" "14:17:33"
20210228 143639.881 INFO             PET2 ESMF library build location : /work/07356/tg866552/stampede2/8.1.0/esmf
20210228 143639.881 INFO             PET2 ESMF_COMM                   : intelmpi
20210228 143639.887 INFO             PET2 ESMF_MOAB                   : enabled
20210228 143639.887 INFO             PET2 ESMF_LAPACK                 : enabled
20210228 143639.887 INFO             PET2 ESMF_NETCDF                 : enabled
20210228 143639.887 INFO             PET2 ESMF_PNETCDF                : disabled
20210228 143639.887 INFO             PET2 ESMF_PIO                    : enabled
20210228 143639.887 INFO             PET2 ESMF_YAMLCPP                : enabled
20210228 143639.890 INFO             PET2 Finalizing ESMF
20210228 143642.166 INFO             PET2 !!!!!!!!!!!!!!!!!!!!!!!!!!!!!!!!!!!!!!!!!!!!!!!!!!!!!!
20210228 143642.166 INFO             PET2 !!! THE ESMF_LOG IS SET TO OUTPUT ALL LOG MESSAGES !!!
20210228 143642.166 INFO             PET2 !!!     THIS MAY CAUSE SLOWDOWN IN PERFORMANCE     !!!
20210228 143642.166 INFO             PET2 !!! FOR PRODUCTION RUNS, USE:                      !!!
20210228 143642.166 INFO             PET2 !!!                   ESMF_LOGKIND_Multi_On_Error  !!!
20210228 143642.167 INFO             PET2 !!!!!!!!!!!!!!!!!!!!!!!!!!!!!!!!!!!!!!!!!!!!!!!!!!!!!!
20210228 143642.167 INFO             PET2 Running with ESMF Version   : ESMF_8_1_0_beta_snapshot_47-18-g3fd6502904
20210228 143642.167 INFO             PET2 ESMF library build date/time: "Feb 28 2021" "14:17:33"
20210228 143642.167 INFO             PET2 ESMF library build location : /work/07356/tg866552/stampede2/8.1.0/esmf
20210228 143642.167 INFO             PET2 ESMF_COMM                   : intelmpi
20210228 143642.169 INFO             PET2 ESMF_MOAB                   : enabled
20210228 143642.169 INFO             PET2 ESMF_LAPACK                 : enabled
20210228 143642.169 INFO             PET2 ESMF_NETCDF                 : enabled
20210228 143642.169 INFO             PET2 ESMF_PNETCDF                : disabled
20210228 143642.169 INFO             PET2 ESMF_PIO                    : enabled
20210228 143642.169 INFO             PET2 ESMF_YAMLCPP                : enabled
20210228 143642.173 INFO             PET2 Finalizing ESMF
20210228 143644.511 INFO             PET2 !!!!!!!!!!!!!!!!!!!!!!!!!!!!!!!!!!!!!!!!!!!!!!!!!!!!!!
20210228 143644.512 INFO             PET2 !!! THE ESMF_LOG IS SET TO OUTPUT ALL LOG MESSAGES !!!
20210228 143644.512 INFO             PET2 !!!     THIS MAY CAUSE SLOWDOWN IN PERFORMANCE     !!!
20210228 143644.512 INFO             PET2 !!! FOR PRODUCTION RUNS, USE:                      !!!
20210228 143644.512 INFO             PET2 !!!                   ESMF_LOGKIND_Multi_On_Error  !!!
20210228 143644.512 INFO             PET2 !!!!!!!!!!!!!!!!!!!!!!!!!!!!!!!!!!!!!!!!!!!!!!!!!!!!!!
20210228 143644.512 INFO             PET2 Running with ESMF Version   : ESMF_8_1_0_beta_snapshot_47-18-g3fd6502904
20210228 143644.512 INFO             PET2 ESMF library build date/time: "Feb 28 2021" "14:17:33"
20210228 143644.512 INFO             PET2 ESMF library build location : /work/07356/tg866552/stampede2/8.1.0/esmf
20210228 143644.512 INFO             PET2 ESMF_COMM                   : intelmpi
20210228 143644.515 INFO             PET2 ESMF_MOAB                   : enabled
20210228 143644.515 INFO             PET2 ESMF_LAPACK                 : enabled
20210228 143644.515 INFO             PET2 ESMF_NETCDF                 : enabled
20210228 143644.515 INFO             PET2 ESMF_PNETCDF                : disabled
20210228 143644.515 INFO             PET2 ESMF_PIO                    : enabled
20210228 143644.515 INFO             PET2 ESMF_YAMLCPP                : enabled
20210228 143644.525 INFO             PET2 Finalizing ESMF
Sun Feb 28 16:50:44 CST 2021
