20210226 141316.790 INFO             PET2 !!!!!!!!!!!!!!!!!!!!!!!!!!!!!!!!!!!!!!!!!!!!!!!!!!!!!!
20210226 141316.790 INFO             PET2 !!! THE ESMF_LOG IS SET TO OUTPUT ALL LOG MESSAGES !!!
20210226 141316.790 INFO             PET2 !!!     THIS MAY CAUSE SLOWDOWN IN PERFORMANCE     !!!
20210226 141316.790 INFO             PET2 !!! FOR PRODUCTION RUNS, USE:                      !!!
20210226 141316.790 INFO             PET2 !!!                   ESMF_LOGKIND_Multi_On_Error  !!!
20210226 141316.790 INFO             PET2 !!!!!!!!!!!!!!!!!!!!!!!!!!!!!!!!!!!!!!!!!!!!!!!!!!!!!!
20210226 141316.790 INFO             PET2 Running with ESMF Version   : ESMF_8_1_0_beta_snapshot_47-9-gfc33f2dce8
20210226 141316.790 INFO             PET2 ESMF library build date/time: "Feb 26 2021" "13:54:20"
20210226 141316.790 INFO             PET2 ESMF library build location : /work/07356/tg866552/stampede2/8.1.0/esmf
20210226 141316.790 INFO             PET2 ESMF_COMM                   : intelmpi
20210226 141316.795 INFO             PET2 ESMF_MOAB                   : enabled
20210226 141316.795 INFO             PET2 ESMF_LAPACK                 : enabled
20210226 141316.795 INFO             PET2 ESMF_NETCDF                 : enabled
20210226 141316.795 INFO             PET2 ESMF_PNETCDF                : disabled
20210226 141316.795 INFO             PET2 ESMF_PIO                    : enabled
20210226 141316.795 INFO             PET2 ESMF_YAMLCPP                : enabled
20210226 141316.804 INFO             PET2 Finalizing ESMF
20210226 141319.043 INFO             PET2 !!!!!!!!!!!!!!!!!!!!!!!!!!!!!!!!!!!!!!!!!!!!!!!!!!!!!!
20210226 141319.044 INFO             PET2 !!! THE ESMF_LOG IS SET TO OUTPUT ALL LOG MESSAGES !!!
20210226 141319.044 INFO             PET2 !!!     THIS MAY CAUSE SLOWDOWN IN PERFORMANCE     !!!
20210226 141319.044 INFO             PET2 !!! FOR PRODUCTION RUNS, USE:                      !!!
20210226 141319.044 INFO             PET2 !!!                   ESMF_LOGKIND_Multi_On_Error  !!!
20210226 141319.044 INFO             PET2 !!!!!!!!!!!!!!!!!!!!!!!!!!!!!!!!!!!!!!!!!!!!!!!!!!!!!!
20210226 141319.044 INFO             PET2 Running with ESMF Version   : ESMF_8_1_0_beta_snapshot_47-9-gfc33f2dce8
20210226 141319.044 INFO             PET2 ESMF library build date/time: "Feb 26 2021" "13:54:20"
20210226 141319.044 INFO             PET2 ESMF library build location : /work/07356/tg866552/stampede2/8.1.0/esmf
20210226 141319.044 INFO             PET2 ESMF_COMM                   : intelmpi
20210226 141319.047 INFO             PET2 ESMF_MOAB                   : enabled
20210226 141319.047 INFO             PET2 ESMF_LAPACK                 : enabled
20210226 141319.047 INFO             PET2 ESMF_NETCDF                 : enabled
20210226 141319.047 INFO             PET2 ESMF_PNETCDF                : disabled
20210226 141319.047 INFO             PET2 ESMF_PIO                    : enabled
20210226 141319.047 INFO             PET2 ESMF_YAMLCPP                : enabled
20210226 141319.057 INFO             PET2 Finalizing ESMF
20210226 141321.306 INFO             PET2 !!!!!!!!!!!!!!!!!!!!!!!!!!!!!!!!!!!!!!!!!!!!!!!!!!!!!!
20210226 141321.307 INFO             PET2 !!! THE ESMF_LOG IS SET TO OUTPUT ALL LOG MESSAGES !!!
20210226 141321.307 INFO             PET2 !!!     THIS MAY CAUSE SLOWDOWN IN PERFORMANCE     !!!
20210226 141321.307 INFO             PET2 !!! FOR PRODUCTION RUNS, USE:                      !!!
20210226 141321.307 INFO             PET2 !!!                   ESMF_LOGKIND_Multi_On_Error  !!!
20210226 141321.307 INFO             PET2 !!!!!!!!!!!!!!!!!!!!!!!!!!!!!!!!!!!!!!!!!!!!!!!!!!!!!!
20210226 141321.307 INFO             PET2 Running with ESMF Version   : ESMF_8_1_0_beta_snapshot_47-9-gfc33f2dce8
20210226 141321.307 INFO             PET2 ESMF library build date/time: "Feb 26 2021" "13:54:20"
20210226 141321.307 INFO             PET2 ESMF library build location : /work/07356/tg866552/stampede2/8.1.0/esmf
20210226 141321.307 INFO             PET2 ESMF_COMM                   : intelmpi
20210226 141321.309 INFO             PET2 ESMF_MOAB                   : enabled
20210226 141321.310 INFO             PET2 ESMF_LAPACK                 : enabled
20210226 141321.310 INFO             PET2 ESMF_NETCDF                 : enabled
20210226 141321.310 INFO             PET2 ESMF_PNETCDF                : disabled
20210226 141321.310 INFO             PET2 ESMF_PIO                    : enabled
20210226 141321.310 INFO             PET2 ESMF_YAMLCPP                : enabled
20210226 141321.315 INFO             PET2 Finalizing ESMF
Fri Feb 26 16:30:18 CST 2021
