 
Checking ESMF installation:
 
cd /glade/scratch/himanshu/relese_8.1.0/dir/gfortran_cheyenne/esmf/src/installcheck ;\
gmake clean
gmake[1]: Entering directory '/glade/scratch/himanshu/relese_8.1.0/dir/gfortran_cheyenne/esmf/src/installcheck'
rm -f esmf_application esmc_application *.o *.mod
gmake[1]: Leaving directory '/glade/scratch/himanshu/relese_8.1.0/dir/gfortran_cheyenne/esmf/src/installcheck'
cd /glade/scratch/himanshu/relese_8.1.0/dir/gfortran_cheyenne/esmf/src/installcheck ;\
gmake
gmake[1]: Entering directory '/glade/scratch/himanshu/relese_8.1.0/dir/gfortran_cheyenne/esmf/src/installcheck'
mpifort -c -O -fPIC  -m64 -mcmodel=small -pthread -ffree-line-length-none  -fopenmp -I/glade/scratch/himanshu/relese_8.1.0/dir/gfortran_cheyenne/install_dir/mod/modO/Linux.gfortran.64.openmpi.default -I/glade/scratch/himanshu/relese_8.1.0/dir/gfortran_cheyenne/install_dir/include  -ffree-form esmf_application.f90
mpicxx -c -std=c++11 -O -DNDEBUG -fPIC -DESMF_LOWERCASE_SINGLEUNDERSCORE -m64 -mcmodel=small -pthread  -fopenmp  -I/glade/scratch/himanshu/relese_8.1.0/dir/gfortran_cheyenne/install_dir/include   -I/glade/scratch/himanshu/relese_8.1.0/dir/gfortran_cheyenne/esmf/src/prologue/yaml-cpp/include -DESMF_NO_INTEGER_1_BYTE -DESMF_NO_INTEGER_2_BYTE -DESMFVERSIONGIT='ESMF_8_1_0_beta_snapshot_47-4-g0d177ef04f' -DESMF_MOAB=1 -DESMF_LAPACK=1 -DESMF_LAPACK_INTERNAL=1 -DESMF_NO_ACC_SOFTWARE_STACK=1 -DESMF_YAMLCPP=1 -DESMF_YAML=1 -DESMF_PIO=1 -DESMF_MPIIO -DESMF_NO_OPENACC -DESMF_TESTEXHAUSTIVE -DESMF_BOPT_O -DESMF_TESTCOMPTUNNEL -DSx86_64_small=1 -DESMF_OS_Linux=1 -DESMF_COMM=openmpi -DESMF_DIR=/glade/scratch/himanshu/relese_8.1.0/dir/gfortran_cheyenne/esmf -D__SDIR__='' -DESMF_CXXSTD=11 -DESMF_NO_SIGUSR2 esmc_application.c
mpicxx -m64 -mcmodel=small -pthread -Wl,--no-as-needed  -fopenmp -L/glade/scratch/himanshu/relese_8.1.0/dir/gfortran_cheyenne/install_dir/lib/libO/Linux.gfortran.64.openmpi.default  -L/glade/u/apps/ch/opt/gnu/8.1.0/lib/gcc/x86_64-pc-linux-gnu/8.1.0/../../../../lib64/ -Wl,-rpath,/glade/scratch/himanshu/relese_8.1.0/dir/gfortran_cheyenne/install_dir/lib/libO/Linux.gfortran.64.openmpi.default  -Wl,-rpath,/glade/u/apps/ch/opt/gnu/8.1.0/lib/gcc/x86_64-pc-linux-gnu/8.1.0/../../../../lib64/ -o esmc_application esmc_application.o -lesmf  -lmpi_mpifh -lrt -lgfortran -ldl
mpifort -m64 -mcmodel=small -pthread -Wl,--no-as-needed  -fopenmp -L/glade/scratch/himanshu/relese_8.1.0/dir/gfortran_cheyenne/install_dir/lib/libO/Linux.gfortran.64.openmpi.default  -L/glade/u/apps/ch/opt/gnu/8.1.0/lib/gcc/x86_64-pc-linux-gnu/8.1.0/../../../../lib64/ -Wl,-rpath,/glade/scratch/himanshu/relese_8.1.0/dir/gfortran_cheyenne/install_dir/lib/libO/Linux.gfortran.64.openmpi.default  -Wl,-rpath,/glade/u/apps/ch/opt/gnu/8.1.0/lib/gcc/x86_64-pc-linux-gnu/8.1.0/../../../../lib64/ -o esmf_application esmf_application.o -lesmf   -lrt -lstdc++ -ldl        
gmake[1]: Leaving directory '/glade/scratch/himanshu/relese_8.1.0/dir/gfortran_cheyenne/esmf/src/installcheck'
cd /glade/scratch/himanshu/relese_8.1.0/dir/gfortran_cheyenne/esmf/src/installcheck ;\
        gmake check
gmake[1]: Entering directory '/glade/scratch/himanshu/relese_8.1.0/dir/gfortran_cheyenne/esmf/src/installcheck'
PASS: check
gmake[1]: Leaving directory '/glade/scratch/himanshu/relese_8.1.0/dir/gfortran_cheyenne/esmf/src/installcheck'
 
ESMF installation check complete.
 
Fri Feb 26 08:05:17 MST 2021
