20200905 010213.488 INFO             PET0 !!!!!!!!!!!!!!!!!!!!!!!!!!!!!!!!!!!!!!!!!!!!!!!!!!!!!!
20200905 010213.488 INFO             PET0 !!! THE ESMF_LOG IS SET TO OUTPUT ALL LOG MESSAGES !!!
20200905 010213.488 INFO             PET0 !!!     THIS MAY CAUSE SLOWDOWN IN PERFORMANCE     !!!
20200905 010213.488 INFO             PET0 !!! FOR PRODUCTION RUNS, USE:                      !!!
20200905 010213.488 INFO             PET0 !!!                   ESMF_LOGKIND_Multi_On_Error  !!!
20200905 010213.488 INFO             PET0 !!!!!!!!!!!!!!!!!!!!!!!!!!!!!!!!!!!!!!!!!!!!!!!!!!!!!!
20200905 010213.488 INFO             PET0 Running with ESMF Version   : ESMF_8_1_0_beta_snapshot_27-50-gbd345323e0
20200905 010213.488 INFO             PET0 ESMF library build date/time: "Sep  5 2020" "00:36:56"
20200905 010213.488 INFO             PET0 ESMF library build location : /glade/scratch/himanshu/scripts_dir/daily/intel_cheyenne/esmf
20200905 010213.488 INFO             PET0 ESMF_COMM                   : intelmpi
20200905 010213.489 INFO             PET0 ESMF_NETCDF                 : disabled
20200905 010213.489 INFO             PET0 ESMF_PNETCDF                : disabled
20200905 010213.489 INFO             PET0 ESMF_PIO                    : enabled
20200905 010213.489 INFO             PET0 ESMF_YAMLCPP                : enabled
20200905 010213.489 INFO             PET0 ESMF_MOAB                   : enabled
20200905 010213.489 INFO             PET0  NUMBER_OF_PROCESSORS           2
20200905 010213.489 INFO             PET0  PASS  Example ESMF_VMUserMpiCommEx, ESMF_VMUserMpiCommEx.F90, line 113
20200905 010213.489 INFO             PET0 Finalizing ESMF
20200905 010213.488 INFO             PET1 !!!!!!!!!!!!!!!!!!!!!!!!!!!!!!!!!!!!!!!!!!!!!!!!!!!!!!
20200905 010213.488 INFO             PET1 !!! THE ESMF_LOG IS SET TO OUTPUT ALL LOG MESSAGES !!!
20200905 010213.488 INFO             PET1 !!!     THIS MAY CAUSE SLOWDOWN IN PERFORMANCE     !!!
20200905 010213.488 INFO             PET1 !!! FOR PRODUCTION RUNS, USE:                      !!!
20200905 010213.488 INFO             PET1 !!!                   ESMF_LOGKIND_Multi_On_Error  !!!
20200905 010213.488 INFO             PET1 !!!!!!!!!!!!!!!!!!!!!!!!!!!!!!!!!!!!!!!!!!!!!!!!!!!!!!
20200905 010213.488 INFO             PET1 Running with ESMF Version   : ESMF_8_1_0_beta_snapshot_27-50-gbd345323e0
20200905 010213.488 INFO             PET1 ESMF library build date/time: "Sep  5 2020" "00:36:56"
20200905 010213.488 INFO             PET1 ESMF library build location : /glade/scratch/himanshu/scripts_dir/daily/intel_cheyenne/esmf
20200905 010213.488 INFO             PET1 ESMF_COMM                   : intelmpi
20200905 010213.489 INFO             PET1 ESMF_NETCDF                 : disabled
20200905 010213.489 INFO             PET1 ESMF_PNETCDF                : disabled
20200905 010213.489 INFO             PET1 ESMF_PIO                    : enabled
20200905 010213.489 INFO             PET1 ESMF_YAMLCPP                : enabled
20200905 010213.489 INFO             PET1 ESMF_MOAB                   : enabled
20200905 010213.489 INFO             PET1  NUMBER_OF_PROCESSORS           2
20200905 010213.489 INFO             PET1  PASS  Example ESMF_VMUserMpiCommEx, ESMF_VMUserMpiCommEx.F90, line 113
20200905 010213.489 INFO             PET1 Finalizing ESMF
