20210219 031058.315 INFO             PET0 !!!!!!!!!!!!!!!!!!!!!!!!!!!!!!!!!!!!!!!!!!!!!!!!!!!!!!
20210219 031058.315 INFO             PET0 !!! THE ESMF_LOG IS SET TO OUTPUT ALL LOG MESSAGES !!!
20210219 031058.315 INFO             PET0 !!!     THIS MAY CAUSE SLOWDOWN IN PERFORMANCE     !!!
20210219 031058.315 INFO             PET0 !!! FOR PRODUCTION RUNS, USE:                      !!!
20210219 031058.315 INFO             PET0 !!!                   ESMF_LOGKIND_Multi_On_Error  !!!
20210219 031058.315 INFO             PET0 !!!!!!!!!!!!!!!!!!!!!!!!!!!!!!!!!!!!!!!!!!!!!!!!!!!!!!
20210219 031058.315 INFO             PET0 Running with ESMF Version   : ESMF_8_1_0_beta_snapshot_47
20210219 031058.315 INFO             PET0 ESMF library build date/time: "Feb 19 2021" "03:07:38"
20210219 031058.315 INFO             PET0 ESMF library build location : /project/esmf/himanshu/release_8.1.0/intel/esmf
20210219 031058.315 INFO             PET0 ESMF_COMM                   : mpiuni
20210219 031058.317 INFO             PET0 ESMF_MOAB                   : enabled
20210219 031058.317 INFO             PET0 ESMF_LAPACK                 : enabled
20210219 031058.317 INFO             PET0 ESMF_NETCDF                 : disabled
20210219 031058.317 INFO             PET0 ESMF_PNETCDF                : disabled
20210219 031058.317 INFO             PET0 ESMF_PIO                    : disabled
20210219 031058.317 INFO             PET0 ESMF_YAMLCPP                : enabled
20210219 031058.319 INFO             PET0 Finalizing ESMF
20210219 031058.354 INFO             PET0 !!!!!!!!!!!!!!!!!!!!!!!!!!!!!!!!!!!!!!!!!!!!!!!!!!!!!!
20210219 031058.354 INFO             PET0 !!! THE ESMF_LOG IS SET TO OUTPUT ALL LOG MESSAGES !!!
20210219 031058.354 INFO             PET0 !!!     THIS MAY CAUSE SLOWDOWN IN PERFORMANCE     !!!
20210219 031058.354 INFO             PET0 !!! FOR PRODUCTION RUNS, USE:                      !!!
20210219 031058.354 INFO             PET0 !!!                   ESMF_LOGKIND_Multi_On_Error  !!!
20210219 031058.354 INFO             PET0 !!!!!!!!!!!!!!!!!!!!!!!!!!!!!!!!!!!!!!!!!!!!!!!!!!!!!!
20210219 031058.354 INFO             PET0 Running with ESMF Version   : ESMF_8_1_0_beta_snapshot_47
20210219 031058.354 INFO             PET0 ESMF library build date/time: "Feb 19 2021" "03:07:38"
20210219 031058.354 INFO             PET0 ESMF library build location : /project/esmf/himanshu/release_8.1.0/intel/esmf
20210219 031058.354 INFO             PET0 ESMF_COMM                   : mpiuni
20210219 031058.356 INFO             PET0 ESMF_MOAB                   : enabled
20210219 031058.356 INFO             PET0 ESMF_LAPACK                 : enabled
20210219 031058.356 INFO             PET0 ESMF_NETCDF                 : disabled
20210219 031058.356 INFO             PET0 ESMF_PNETCDF                : disabled
20210219 031058.356 INFO             PET0 ESMF_PIO                    : disabled
20210219 031058.356 INFO             PET0 ESMF_YAMLCPP                : enabled
20210219 031058.357 INFO             PET0 Finalizing ESMF
20210219 031058.391 INFO             PET0 !!!!!!!!!!!!!!!!!!!!!!!!!!!!!!!!!!!!!!!!!!!!!!!!!!!!!!
20210219 031058.391 INFO             PET0 !!! THE ESMF_LOG IS SET TO OUTPUT ALL LOG MESSAGES !!!
20210219 031058.391 INFO             PET0 !!!     THIS MAY CAUSE SLOWDOWN IN PERFORMANCE     !!!
20210219 031058.391 INFO             PET0 !!! FOR PRODUCTION RUNS, USE:                      !!!
20210219 031058.391 INFO             PET0 !!!                   ESMF_LOGKIND_Multi_On_Error  !!!
20210219 031058.391 INFO             PET0 !!!!!!!!!!!!!!!!!!!!!!!!!!!!!!!!!!!!!!!!!!!!!!!!!!!!!!
20210219 031058.391 INFO             PET0 Running with ESMF Version   : ESMF_8_1_0_beta_snapshot_47
20210219 031058.391 INFO             PET0 ESMF library build date/time: "Feb 19 2021" "03:07:38"
20210219 031058.392 INFO             PET0 ESMF library build location : /project/esmf/himanshu/release_8.1.0/intel/esmf
20210219 031058.392 INFO             PET0 ESMF_COMM                   : mpiuni
20210219 031058.393 INFO             PET0 ESMF_MOAB                   : enabled
20210219 031058.393 INFO             PET0 ESMF_LAPACK                 : enabled
20210219 031058.393 INFO             PET0 ESMF_NETCDF                 : disabled
20210219 031058.393 INFO             PET0 ESMF_PNETCDF                : disabled
20210219 031058.393 INFO             PET0 ESMF_PIO                    : disabled
20210219 031058.393 INFO             PET0 ESMF_YAMLCPP                : enabled
20210219 031058.395 INFO             PET0 Finalizing ESMF
Fri Feb 19 03:32:37 MST 2021
