20200920 200817.582 INFO             PET1 !!!!!!!!!!!!!!!!!!!!!!!!!!!!!!!!!!!!!!!!!!!!!!!!!!!!!!
20200920 200817.582 INFO             PET1 !!! THE ESMF_LOG IS SET TO OUTPUT ALL LOG MESSAGES !!!
20200920 200817.582 INFO             PET1 !!!     THIS MAY CAUSE SLOWDOWN IN PERFORMANCE     !!!
20200920 200817.582 INFO             PET1 !!! FOR PRODUCTION RUNS, USE:                      !!!
20200920 200817.582 INFO             PET1 !!!                   ESMF_LOGKIND_Multi_On_Error  !!!
20200920 200817.582 INFO             PET1 !!!!!!!!!!!!!!!!!!!!!!!!!!!!!!!!!!!!!!!!!!!!!!!!!!!!!!
20200920 200817.582 INFO             PET1 Running with ESMF Version   : ESMF_8_1_0_beta_snapshot_28
20200920 200817.582 INFO             PET1 ESMF library build date/time: "Sep 20 2020" "20:06:10"
20200920 200817.582 INFO             PET1 ESMF library build location : /scratch/esmf/esmf_test/cronjobs/trunk/gfortran/esmf
20200920 200817.582 INFO             PET1 ESMF_COMM                   : mpich3
20200920 200817.582 INFO             PET1 ESMF_NETCDF                 : disabled
20200920 200817.582 INFO             PET1 ESMF_PNETCDF                : disabled
20200920 200817.582 INFO             PET1 ESMF_PIO                    : enabled
20200920 200817.582 INFO             PET1 ESMF_YAMLCPP                : enabled
20200920 200817.582 INFO             PET1 ESMF_MOAB                   : enabled
20200920 200817.582 INFO             PET1 Finalizing ESMF
20200920 200817.616 INFO             PET1 !!!!!!!!!!!!!!!!!!!!!!!!!!!!!!!!!!!!!!!!!!!!!!!!!!!!!!
20200920 200817.616 INFO             PET1 !!! THE ESMF_LOG IS SET TO OUTPUT ALL LOG MESSAGES !!!
20200920 200817.616 INFO             PET1 !!!     THIS MAY CAUSE SLOWDOWN IN PERFORMANCE     !!!
20200920 200817.616 INFO             PET1 !!! FOR PRODUCTION RUNS, USE:                      !!!
20200920 200817.616 INFO             PET1 !!!                   ESMF_LOGKIND_Multi_On_Error  !!!
20200920 200817.616 INFO             PET1 !!!!!!!!!!!!!!!!!!!!!!!!!!!!!!!!!!!!!!!!!!!!!!!!!!!!!!
20200920 200817.616 INFO             PET1 Running with ESMF Version   : ESMF_8_1_0_beta_snapshot_28
20200920 200817.616 INFO             PET1 ESMF library build date/time: "Sep 20 2020" "20:06:10"
20200920 200817.616 INFO             PET1 ESMF library build location : /scratch/esmf/esmf_test/cronjobs/trunk/gfortran/esmf
20200920 200817.616 INFO             PET1 ESMF_COMM                   : mpich3
20200920 200817.616 INFO             PET1 ESMF_NETCDF                 : disabled
20200920 200817.616 INFO             PET1 ESMF_PNETCDF                : disabled
20200920 200817.616 INFO             PET1 ESMF_PIO                    : enabled
20200920 200817.616 INFO             PET1 ESMF_YAMLCPP                : enabled
20200920 200817.616 INFO             PET1 ESMF_MOAB                   : enabled
20200920 200817.616 INFO             PET1 Finalizing ESMF
20200920 200817.649 INFO             PET1 !!!!!!!!!!!!!!!!!!!!!!!!!!!!!!!!!!!!!!!!!!!!!!!!!!!!!!
20200920 200817.649 INFO             PET1 !!! THE ESMF_LOG IS SET TO OUTPUT ALL LOG MESSAGES !!!
20200920 200817.649 INFO             PET1 !!!     THIS MAY CAUSE SLOWDOWN IN PERFORMANCE     !!!
20200920 200817.649 INFO             PET1 !!! FOR PRODUCTION RUNS, USE:                      !!!
20200920 200817.649 INFO             PET1 !!!                   ESMF_LOGKIND_Multi_On_Error  !!!
20200920 200817.649 INFO             PET1 !!!!!!!!!!!!!!!!!!!!!!!!!!!!!!!!!!!!!!!!!!!!!!!!!!!!!!
20200920 200817.649 INFO             PET1 Running with ESMF Version   : ESMF_8_1_0_beta_snapshot_28
20200920 200817.649 INFO             PET1 ESMF library build date/time: "Sep 20 2020" "20:06:10"
20200920 200817.649 INFO             PET1 ESMF library build location : /scratch/esmf/esmf_test/cronjobs/trunk/gfortran/esmf
20200920 200817.649 INFO             PET1 ESMF_COMM                   : mpich3
20200920 200817.649 INFO             PET1 ESMF_NETCDF                 : disabled
20200920 200817.649 INFO             PET1 ESMF_PNETCDF                : disabled
20200920 200817.649 INFO             PET1 ESMF_PIO                    : enabled
20200920 200817.649 INFO             PET1 ESMF_YAMLCPP                : enabled
20200920 200817.649 INFO             PET1 ESMF_MOAB                   : enabled
20200920 200817.649 INFO             PET1 Finalizing ESMF
