cd /scratch/esmf/esmf_test/cronjobs/trunk/gfortran/esmf/src/apps; gmake ACTION=tree_build_apps tree
gmake[1]: Entering directory `/scratch/esmf/esmf_test/cronjobs/trunk/gfortran/esmf/src/apps'
tree_build_apps in: /scratch/esmf/esmf_test/cronjobs/trunk/gfortran/esmf/src/apps/ESMF_Info
gmake[2]: Entering directory `/scratch/esmf/esmf_test/cronjobs/trunk/gfortran/esmf/src/apps/ESMF_Info'
gmake chkdir_apps
gmake[3]: Entering directory `/scratch/esmf/esmf_test/cronjobs/trunk/gfortran/esmf/src/apps/ESMF_Info'
Making directory /scratch/esmf/esmf_test/cronjobs/trunk/gfortran/esmf/apps/appsg/Linux.gfortran.64.mpich3.default for apps output
gmake[3]: Leaving directory `/scratch/esmf/esmf_test/cronjobs/trunk/gfortran/esmf/src/apps/ESMF_Info'
mpif90     -m64 -mcmodel=small -pthread -Wl,--no-as-needed  -fopenmp -L/scratch/esmf/esmf_test/cronjobs/trunk/gfortran/esmf/lib/libg/Linux.gfortran.64.mpich3.default  -L/usr/lib/gcc/x86_64-redhat-linux/4.8.5/ -Wl,-rpath,/scratch/esmf/esmf_test/cronjobs/trunk/gfortran/esmf/lib/libg/Linux.gfortran.64.mpich3.default  -Wl,-rpath,/usr/lib/gcc/x86_64-redhat-linux/4.8.5/ -o /scratch/esmf/esmf_test/cronjobs/trunk/gfortran/esmf/apps/appsg/Linux.gfortran.64.mpich3.default/ESMF_Info /scratch/esmf/esmf_test/cronjobs/trunk/gfortran/esmf/obj/objg/Linux.gfortran.64.mpich3.default/src/apps/ESMF_Info/ESMF_Info.o -lesmf  -lrt -lstdc++ -ldl
gmake[2]: Leaving directory `/scratch/esmf/esmf_test/cronjobs/trunk/gfortran/esmf/src/apps/ESMF_Info'
tree_build_apps in: /scratch/esmf/esmf_test/cronjobs/trunk/gfortran/esmf/src/apps/ESMF_InfoC
gmake[2]: Entering directory `/scratch/esmf/esmf_test/cronjobs/trunk/gfortran/esmf/src/apps/ESMF_InfoC'
gmake chkdir_apps
gmake[3]: Entering directory `/scratch/esmf/esmf_test/cronjobs/trunk/gfortran/esmf/src/apps/ESMF_InfoC'
gmake[3]: Leaving directory `/scratch/esmf/esmf_test/cronjobs/trunk/gfortran/esmf/src/apps/ESMF_InfoC'
mpicxx    -m64 -mcmodel=small -pthread -Wl,--no-as-needed  -fopenmp -L/scratch/esmf/esmf_test/cronjobs/trunk/gfortran/esmf/lib/libg/Linux.gfortran.64.mpich3.default  -L/usr/lib/gcc/x86_64-redhat-linux/4.8.5/ -Wl,-rpath,/scratch/esmf/esmf_test/cronjobs/trunk/gfortran/esmf/lib/libg/Linux.gfortran.64.mpich3.default  -Wl,-rpath,/usr/lib/gcc/x86_64-redhat-linux/4.8.5/ -o /scratch/esmf/esmf_test/cronjobs/trunk/gfortran/esmf/apps/appsg/Linux.gfortran.64.mpich3.default/ESMF_InfoC /scratch/esmf/esmf_test/cronjobs/trunk/gfortran/esmf/obj/objg/Linux.gfortran.64.mpich3.default/src/apps/ESMF_InfoC/ESMF_InfoC.o -lesmf  -lmpifort -lrt -lgfortran -ldl
gmake[2]: Leaving directory `/scratch/esmf/esmf_test/cronjobs/trunk/gfortran/esmf/src/apps/ESMF_InfoC'
tree_build_apps in: /scratch/esmf/esmf_test/cronjobs/trunk/gfortran/esmf/src/apps/ESMF_RegridWeightGen
gmake[2]: Entering directory `/scratch/esmf/esmf_test/cronjobs/trunk/gfortran/esmf/src/apps/ESMF_RegridWeightGen'
gmake chkdir_apps
gmake[3]: Entering directory `/scratch/esmf/esmf_test/cronjobs/trunk/gfortran/esmf/src/apps/ESMF_RegridWeightGen'
gmake[3]: Leaving directory `/scratch/esmf/esmf_test/cronjobs/trunk/gfortran/esmf/src/apps/ESMF_RegridWeightGen'
mpif90     -m64 -mcmodel=small -pthread -Wl,--no-as-needed  -fopenmp -L/scratch/esmf/esmf_test/cronjobs/trunk/gfortran/esmf/lib/libg/Linux.gfortran.64.mpich3.default  -L/usr/lib/gcc/x86_64-redhat-linux/4.8.5/ -Wl,-rpath,/scratch/esmf/esmf_test/cronjobs/trunk/gfortran/esmf/lib/libg/Linux.gfortran.64.mpich3.default  -Wl,-rpath,/usr/lib/gcc/x86_64-redhat-linux/4.8.5/ -o /scratch/esmf/esmf_test/cronjobs/trunk/gfortran/esmf/apps/appsg/Linux.gfortran.64.mpich3.default/ESMF_RegridWeightGen /scratch/esmf/esmf_test/cronjobs/trunk/gfortran/esmf/obj/objg/Linux.gfortran.64.mpich3.default/src/apps/ESMF_RegridWeightGen/ESMF_RegridWeightGen.o -lesmf  -lrt -lstdc++ -ldl
gmake[2]: Leaving directory `/scratch/esmf/esmf_test/cronjobs/trunk/gfortran/esmf/src/apps/ESMF_RegridWeightGen'
tree_build_apps in: /scratch/esmf/esmf_test/cronjobs/trunk/gfortran/esmf/src/apps/ESMF_WebServController
gmake[2]: Entering directory `/scratch/esmf/esmf_test/cronjobs/trunk/gfortran/esmf/src/apps/ESMF_WebServController'
gmake chkdir_apps
gmake[3]: Entering directory `/scratch/esmf/esmf_test/cronjobs/trunk/gfortran/esmf/src/apps/ESMF_WebServController'
gmake[3]: Leaving directory `/scratch/esmf/esmf_test/cronjobs/trunk/gfortran/esmf/src/apps/ESMF_WebServController'
mpicxx    -m64 -mcmodel=small -pthread -Wl,--no-as-needed  -fopenmp -L/scratch/esmf/esmf_test/cronjobs/trunk/gfortran/esmf/lib/libg/Linux.gfortran.64.mpich3.default  -L/usr/lib/gcc/x86_64-redhat-linux/4.8.5/ -Wl,-rpath,/scratch/esmf/esmf_test/cronjobs/trunk/gfortran/esmf/lib/libg/Linux.gfortran.64.mpich3.default  -Wl,-rpath,/usr/lib/gcc/x86_64-redhat-linux/4.8.5/ -o /scratch/esmf/esmf_test/cronjobs/trunk/gfortran/esmf/apps/appsg/Linux.gfortran.64.mpich3.default/ESMF_WebServController /scratch/esmf/esmf_test/cronjobs/trunk/gfortran/esmf/obj/objg/Linux.gfortran.64.mpich3.default/src/apps/ESMF_WebServController/ESMF_WebServController.o -lesmf  -lmpifort -lrt -lgfortran -ldl
gmake[2]: Leaving directory `/scratch/esmf/esmf_test/cronjobs/trunk/gfortran/esmf/src/apps/ESMF_WebServController'
tree_build_apps in: /scratch/esmf/esmf_test/cronjobs/trunk/gfortran/esmf/src/apps/ESMF_Scrip2Unstruct
gmake[2]: Entering directory `/scratch/esmf/esmf_test/cronjobs/trunk/gfortran/esmf/src/apps/ESMF_Scrip2Unstruct'
gmake chkdir_apps
gmake[3]: Entering directory `/scratch/esmf/esmf_test/cronjobs/trunk/gfortran/esmf/src/apps/ESMF_Scrip2Unstruct'
gmake[3]: Leaving directory `/scratch/esmf/esmf_test/cronjobs/trunk/gfortran/esmf/src/apps/ESMF_Scrip2Unstruct'
mpicxx    -m64 -mcmodel=small -pthread -Wl,--no-as-needed  -fopenmp -L/scratch/esmf/esmf_test/cronjobs/trunk/gfortran/esmf/lib/libg/Linux.gfortran.64.mpich3.default  -L/usr/lib/gcc/x86_64-redhat-linux/4.8.5/ -Wl,-rpath,/scratch/esmf/esmf_test/cronjobs/trunk/gfortran/esmf/lib/libg/Linux.gfortran.64.mpich3.default  -Wl,-rpath,/usr/lib/gcc/x86_64-redhat-linux/4.8.5/ -o /scratch/esmf/esmf_test/cronjobs/trunk/gfortran/esmf/apps/appsg/Linux.gfortran.64.mpich3.default/ESMF_Scrip2Unstruct /scratch/esmf/esmf_test/cronjobs/trunk/gfortran/esmf/obj/objg/Linux.gfortran.64.mpich3.default/src/apps/ESMF_Scrip2Unstruct/ESMF_Scrip2Unstruct.o -lesmf  -lmpifort -lrt -lgfortran -ldl
gmake[2]: Leaving directory `/scratch/esmf/esmf_test/cronjobs/trunk/gfortran/esmf/src/apps/ESMF_Scrip2Unstruct'
tree_build_apps in: /scratch/esmf/esmf_test/cronjobs/trunk/gfortran/esmf/src/apps/ESMF_Regrid
gmake[2]: Entering directory `/scratch/esmf/esmf_test/cronjobs/trunk/gfortran/esmf/src/apps/ESMF_Regrid'
gmake chkdir_apps
gmake[3]: Entering directory `/scratch/esmf/esmf_test/cronjobs/trunk/gfortran/esmf/src/apps/ESMF_Regrid'
gmake[3]: Leaving directory `/scratch/esmf/esmf_test/cronjobs/trunk/gfortran/esmf/src/apps/ESMF_Regrid'
mpif90     -m64 -mcmodel=small -pthread -Wl,--no-as-needed  -fopenmp -L/scratch/esmf/esmf_test/cronjobs/trunk/gfortran/esmf/lib/libg/Linux.gfortran.64.mpich3.default  -L/usr/lib/gcc/x86_64-redhat-linux/4.8.5/ -Wl,-rpath,/scratch/esmf/esmf_test/cronjobs/trunk/gfortran/esmf/lib/libg/Linux.gfortran.64.mpich3.default  -Wl,-rpath,/usr/lib/gcc/x86_64-redhat-linux/4.8.5/ -o /scratch/esmf/esmf_test/cronjobs/trunk/gfortran/esmf/apps/appsg/Linux.gfortran.64.mpich3.default/ESMF_Regrid /scratch/esmf/esmf_test/cronjobs/trunk/gfortran/esmf/obj/objg/Linux.gfortran.64.mpich3.default/src/apps/ESMF_Regrid/ESMF_Regrid.o -lesmf  -lrt -lstdc++ -ldl
gmake[2]: Leaving directory `/scratch/esmf/esmf_test/cronjobs/trunk/gfortran/esmf/src/apps/ESMF_Regrid'
gmake[1]: Leaving directory `/scratch/esmf/esmf_test/cronjobs/trunk/gfortran/esmf/src/apps'
ESMF apps built successfully.
Sun Jan 31 00:11:23 MST 2021
