 
Checking ESMF installation:
 
cd /scratch/esmf/esmf_test/cronjobs/trunk/gfortran/esmf/src/installcheck ;\
gmake clean
gmake[1]: Entering directory `/scratch/esmf/esmf_test/cronjobs/trunk/gfortran/esmf/src/installcheck'
rm -f esmf_application esmc_application *.o *.mod
gmake[1]: Leaving directory `/scratch/esmf/esmf_test/cronjobs/trunk/gfortran/esmf/src/installcheck'
cd /scratch/esmf/esmf_test/cronjobs/trunk/gfortran/esmf/src/installcheck ;\
gmake
gmake[1]: Entering directory `/scratch/esmf/esmf_test/cronjobs/trunk/gfortran/esmf/src/installcheck'
mpif90 -c -g -Wall -Wextra -Wconversion -Wno-unused -Wno-unused-dummy-argument -fbacktrace -fimplicit-none -fcheck=array-temps,bounds,do,mem,recursion -fPIC  -m64 -mcmodel=small -pthread -ffree-line-length-none  -fopenmp -I/scratch/esmf/esmf_test/cronjobs/trunk/gfortran/install_dir/mod/modg/Linux.gfortran.64.mpich3.default -I/scratch/esmf/esmf_test/cronjobs/trunk/gfortran/install_dir/include  -ffree-form esmf_application.f90
mpicxx -c -std=c++11 -g -Wall -Wextra -Wno-unused  -fPIC -DESMF_LOWERCASE_SINGLEUNDERSCORE -m64 -mcmodel=small -pthread  -fopenmp  -I/scratch/esmf/esmf_test/cronjobs/trunk/gfortran/install_dir/include   -I/scratch/esmf/esmf_test/cronjobs/trunk/gfortran/esmf/src/prologue/yaml-cpp/include -DESMF_NO_INTEGER_1_BYTE -DESMF_NO_INTEGER_2_BYTE -DESMFVERSIONGIT='ESMF_8_1_0_beta_snapshot_43-28-g3831f9e170' -DESMF_MOAB=1 -DESMF_LAPACK=1 -DESMF_LAPACK_INTERNAL=1 -DESMF_NO_ACC_SOFTWARE_STACK=1 -DESMF_YAMLCPP=1 -DESMF_YAML=1 -DESMF_PIO=1 -DESMF_MPIIO -DESMF_NO_OPENACC -DESMF_TESTEXHAUSTIVE -DESMF_BOPT_g -DESMF_TESTCOMPTUNNEL -DSx86_64_small=1 -DESMF_OS_Linux=1 -DESMF_COMM=mpich3 -DESMF_DIR=/scratch/esmf/esmf_test/cronjobs/trunk/gfortran/esmf -D__SDIR__='' -DESMF_CXXSTD=11 esmc_application.c
mpif90 -m64 -mcmodel=small -pthread -Wl,--no-as-needed  -fopenmp -L/scratch/esmf/esmf_test/cronjobs/trunk/gfortran/install_dir/lib/libg/Linux.gfortran.64.mpich3.default  -L/usr/lib/gcc/x86_64-redhat-linux/4.8.5/ -Wl,-rpath,/scratch/esmf/esmf_test/cronjobs/trunk/gfortran/install_dir/lib/libg/Linux.gfortran.64.mpich3.default  -Wl,-rpath,/usr/lib/gcc/x86_64-redhat-linux/4.8.5/ -o esmf_application esmf_application.o -lesmf  -lrt -lstdc++ -ldl        
mpicxx -m64 -mcmodel=small -pthread -Wl,--no-as-needed  -fopenmp -L/scratch/esmf/esmf_test/cronjobs/trunk/gfortran/install_dir/lib/libg/Linux.gfortran.64.mpich3.default  -L/usr/lib/gcc/x86_64-redhat-linux/4.8.5/ -Wl,-rpath,/scratch/esmf/esmf_test/cronjobs/trunk/gfortran/install_dir/lib/libg/Linux.gfortran.64.mpich3.default  -Wl,-rpath,/usr/lib/gcc/x86_64-redhat-linux/4.8.5/ -o esmc_application esmc_application.o -lesmf  -lmpifort -lrt -lgfortran -ldl
gmake[1]: Leaving directory `/scratch/esmf/esmf_test/cronjobs/trunk/gfortran/esmf/src/installcheck'
cd /scratch/esmf/esmf_test/cronjobs/trunk/gfortran/esmf/src/installcheck ;\
        gmake check
gmake[1]: Entering directory `/scratch/esmf/esmf_test/cronjobs/trunk/gfortran/esmf/src/installcheck'
PASS: check
gmake[1]: Leaving directory `/scratch/esmf/esmf_test/cronjobs/trunk/gfortran/esmf/src/installcheck'
 
ESMF installation check complete.
 
Wed Feb  3 04:56:13 MST 2021
