20201111 044925.337 INFO             PET0 !!!!!!!!!!!!!!!!!!!!!!!!!!!!!!!!!!!!!!!!!!!!!!!!!!!!!!
20201111 044925.337 INFO             PET0 !!! THE ESMF_LOG IS SET TO OUTPUT ALL LOG MESSAGES !!!
20201111 044925.337 INFO             PET0 !!!     THIS MAY CAUSE SLOWDOWN IN PERFORMANCE     !!!
20201111 044925.337 INFO             PET0 !!! FOR PRODUCTION RUNS, USE:                      !!!
20201111 044925.337 INFO             PET0 !!!                   ESMF_LOGKIND_Multi_On_Error  !!!
20201111 044925.337 INFO             PET0 !!!!!!!!!!!!!!!!!!!!!!!!!!!!!!!!!!!!!!!!!!!!!!!!!!!!!!
20201111 044925.337 INFO             PET0 Running with ESMF Version   : ESMF_8_1_0_beta_snapshot_36-35-g260dae2aea
20201111 044925.337 INFO             PET0 ESMF library build date/time: "Nov 11 2020" "04:47:19"
20201111 044925.337 INFO             PET0 ESMF library build location : /scratch/esmf/esmf_test/cronjobs/trunk/gfortran/esmf
20201111 044925.337 INFO             PET0 ESMF_COMM                   : openmpi
20201111 044925.337 INFO             PET0 ESMF_NETCDF                 : disabled
20201111 044925.337 INFO             PET0 ESMF_PNETCDF                : disabled
20201111 044925.337 INFO             PET0 ESMF_PIO                    : enabled
20201111 044925.337 INFO             PET0 ESMF_YAMLCPP                : enabled
20201111 044925.337 INFO             PET0 ESMF_MOAB                   : enabled
20201111 044925.338 INFO             PET0 Finalizing ESMF
20201111 044925.557 INFO             PET0 !!!!!!!!!!!!!!!!!!!!!!!!!!!!!!!!!!!!!!!!!!!!!!!!!!!!!!
20201111 044925.558 INFO             PET0 !!! THE ESMF_LOG IS SET TO OUTPUT ALL LOG MESSAGES !!!
20201111 044925.558 INFO             PET0 !!!     THIS MAY CAUSE SLOWDOWN IN PERFORMANCE     !!!
20201111 044925.558 INFO             PET0 !!! FOR PRODUCTION RUNS, USE:                      !!!
20201111 044925.558 INFO             PET0 !!!                   ESMF_LOGKIND_Multi_On_Error  !!!
20201111 044925.558 INFO             PET0 !!!!!!!!!!!!!!!!!!!!!!!!!!!!!!!!!!!!!!!!!!!!!!!!!!!!!!
20201111 044925.558 INFO             PET0 Running with ESMF Version   : ESMF_8_1_0_beta_snapshot_36-35-g260dae2aea
20201111 044925.558 INFO             PET0 ESMF library build date/time: "Nov 11 2020" "04:47:19"
20201111 044925.558 INFO             PET0 ESMF library build location : /scratch/esmf/esmf_test/cronjobs/trunk/gfortran/esmf
20201111 044925.558 INFO             PET0 ESMF_COMM                   : openmpi
20201111 044925.558 INFO             PET0 ESMF_NETCDF                 : disabled
20201111 044925.558 INFO             PET0 ESMF_PNETCDF                : disabled
20201111 044925.558 INFO             PET0 ESMF_PIO                    : enabled
20201111 044925.558 INFO             PET0 ESMF_YAMLCPP                : enabled
20201111 044925.558 INFO             PET0 ESMF_MOAB                   : enabled
20201111 044925.558 INFO             PET0 Finalizing ESMF
20201111 044925.773 INFO             PET0 !!!!!!!!!!!!!!!!!!!!!!!!!!!!!!!!!!!!!!!!!!!!!!!!!!!!!!
20201111 044925.774 INFO             PET0 !!! THE ESMF_LOG IS SET TO OUTPUT ALL LOG MESSAGES !!!
20201111 044925.774 INFO             PET0 !!!     THIS MAY CAUSE SLOWDOWN IN PERFORMANCE     !!!
20201111 044925.774 INFO             PET0 !!! FOR PRODUCTION RUNS, USE:                      !!!
20201111 044925.774 INFO             PET0 !!!                   ESMF_LOGKIND_Multi_On_Error  !!!
20201111 044925.774 INFO             PET0 !!!!!!!!!!!!!!!!!!!!!!!!!!!!!!!!!!!!!!!!!!!!!!!!!!!!!!
20201111 044925.774 INFO             PET0 Running with ESMF Version   : ESMF_8_1_0_beta_snapshot_36-35-g260dae2aea
20201111 044925.774 INFO             PET0 ESMF library build date/time: "Nov 11 2020" "04:47:19"
20201111 044925.774 INFO             PET0 ESMF library build location : /scratch/esmf/esmf_test/cronjobs/trunk/gfortran/esmf
20201111 044925.774 INFO             PET0 ESMF_COMM                   : openmpi
20201111 044925.774 INFO             PET0 ESMF_NETCDF                 : disabled
20201111 044925.774 INFO             PET0 ESMF_PNETCDF                : disabled
20201111 044925.774 INFO             PET0 ESMF_PIO                    : enabled
20201111 044925.774 INFO             PET0 ESMF_YAMLCPP                : enabled
20201111 044925.774 INFO             PET0 ESMF_MOAB                   : enabled
20201111 044925.774 INFO             PET0 Finalizing ESMF
Wed Nov 11 05:13:03 MST 2020
