20201111 061856.133 INFO             PET1 !!!!!!!!!!!!!!!!!!!!!!!!!!!!!!!!!!!!!!!!!!!!!!!!!!!!!!
20201111 061856.133 INFO             PET1 !!! THE ESMF_LOG IS SET TO OUTPUT ALL LOG MESSAGES !!!
20201111 061856.133 INFO             PET1 !!!     THIS MAY CAUSE SLOWDOWN IN PERFORMANCE     !!!
20201111 061856.133 INFO             PET1 !!! FOR PRODUCTION RUNS, USE:                      !!!
20201111 061856.133 INFO             PET1 !!!                   ESMF_LOGKIND_Multi_On_Error  !!!
20201111 061856.133 INFO             PET1 !!!!!!!!!!!!!!!!!!!!!!!!!!!!!!!!!!!!!!!!!!!!!!!!!!!!!!
20201111 061856.133 INFO             PET1 Running with ESMF Version   : ESMF_8_1_0_beta_snapshot_36-35-g260dae2aea
20201111 061856.133 INFO             PET1 ESMF library build date/time: "Nov 11 2020" "06:02:28"
20201111 061856.133 INFO             PET1 ESMF library build location : /home1/07356/tg866552/himanshu/esmf
20201111 061856.133 INFO             PET1 ESMF_COMM                   : intelmpi
20201111 061856.137 INFO             PET1 ESMF_NETCDF                 : enabled
20201111 061856.137 INFO             PET1 ESMF_PNETCDF                : disabled
20201111 061856.137 INFO             PET1 ESMF_PIO                    : enabled
20201111 061856.137 INFO             PET1 ESMF_YAMLCPP                : enabled
20201111 061856.137 INFO             PET1 ESMF_MOAB                   : enabled
20201111 061856.142 INFO             PET1 Finalizing ESMF
20201111 061858.301 INFO             PET1 !!!!!!!!!!!!!!!!!!!!!!!!!!!!!!!!!!!!!!!!!!!!!!!!!!!!!!
20201111 061858.301 INFO             PET1 !!! THE ESMF_LOG IS SET TO OUTPUT ALL LOG MESSAGES !!!
20201111 061858.301 INFO             PET1 !!!     THIS MAY CAUSE SLOWDOWN IN PERFORMANCE     !!!
20201111 061858.301 INFO             PET1 !!! FOR PRODUCTION RUNS, USE:                      !!!
20201111 061858.301 INFO             PET1 !!!                   ESMF_LOGKIND_Multi_On_Error  !!!
20201111 061858.301 INFO             PET1 !!!!!!!!!!!!!!!!!!!!!!!!!!!!!!!!!!!!!!!!!!!!!!!!!!!!!!
20201111 061858.301 INFO             PET1 Running with ESMF Version   : ESMF_8_1_0_beta_snapshot_36-35-g260dae2aea
20201111 061858.301 INFO             PET1 ESMF library build date/time: "Nov 11 2020" "06:02:28"
20201111 061858.301 INFO             PET1 ESMF library build location : /home1/07356/tg866552/himanshu/esmf
20201111 061858.301 INFO             PET1 ESMF_COMM                   : intelmpi
20201111 061858.304 INFO             PET1 ESMF_NETCDF                 : enabled
20201111 061858.304 INFO             PET1 ESMF_PNETCDF                : disabled
20201111 061858.304 INFO             PET1 ESMF_PIO                    : enabled
20201111 061858.304 INFO             PET1 ESMF_YAMLCPP                : enabled
20201111 061858.304 INFO             PET1 ESMF_MOAB                   : enabled
20201111 061858.305 INFO             PET1 Finalizing ESMF
20201111 061900.482 INFO             PET1 !!!!!!!!!!!!!!!!!!!!!!!!!!!!!!!!!!!!!!!!!!!!!!!!!!!!!!
20201111 061900.483 INFO             PET1 !!! THE ESMF_LOG IS SET TO OUTPUT ALL LOG MESSAGES !!!
20201111 061900.483 INFO             PET1 !!!     THIS MAY CAUSE SLOWDOWN IN PERFORMANCE     !!!
20201111 061900.483 INFO             PET1 !!! FOR PRODUCTION RUNS, USE:                      !!!
20201111 061900.483 INFO             PET1 !!!                   ESMF_LOGKIND_Multi_On_Error  !!!
20201111 061900.483 INFO             PET1 !!!!!!!!!!!!!!!!!!!!!!!!!!!!!!!!!!!!!!!!!!!!!!!!!!!!!!
20201111 061900.483 INFO             PET1 Running with ESMF Version   : ESMF_8_1_0_beta_snapshot_36-35-g260dae2aea
20201111 061900.483 INFO             PET1 ESMF library build date/time: "Nov 11 2020" "06:02:28"
20201111 061900.483 INFO             PET1 ESMF library build location : /home1/07356/tg866552/himanshu/esmf
20201111 061900.483 INFO             PET1 ESMF_COMM                   : intelmpi
20201111 061900.492 INFO             PET1 ESMF_NETCDF                 : enabled
20201111 061900.492 INFO             PET1 ESMF_PNETCDF                : disabled
20201111 061900.492 INFO             PET1 ESMF_PIO                    : enabled
20201111 061900.492 INFO             PET1 ESMF_YAMLCPP                : enabled
20201111 061900.492 INFO             PET1 ESMF_MOAB                   : enabled
20201111 061900.497 INFO             PET1 Finalizing ESMF
Wed Nov 11 08:30:13 CST 2020
