20201111 044927.295 INFO             PET3 !!!!!!!!!!!!!!!!!!!!!!!!!!!!!!!!!!!!!!!!!!!!!!!!!!!!!!
20201111 044927.295 INFO             PET3 !!! THE ESMF_LOG IS SET TO OUTPUT ALL LOG MESSAGES !!!
20201111 044927.295 INFO             PET3 !!!     THIS MAY CAUSE SLOWDOWN IN PERFORMANCE     !!!
20201111 044927.295 INFO             PET3 !!! FOR PRODUCTION RUNS, USE:                      !!!
20201111 044927.295 INFO             PET3 !!!                   ESMF_LOGKIND_Multi_On_Error  !!!
20201111 044927.295 INFO             PET3 !!!!!!!!!!!!!!!!!!!!!!!!!!!!!!!!!!!!!!!!!!!!!!!!!!!!!!
20201111 044927.295 INFO             PET3 Running with ESMF Version   : ESMF_8_1_0_beta_snapshot_36-35-g260dae2aea
20201111 044927.295 INFO             PET3 ESMF library build date/time: "Nov 11 2020" "04:47:19"
20201111 044927.295 INFO             PET3 ESMF library build location : /scratch/esmf/esmf_test/cronjobs/trunk/gfortran/esmf
20201111 044927.295 INFO             PET3 ESMF_COMM                   : openmpi
20201111 044927.295 INFO             PET3 ESMF_NETCDF                 : disabled
20201111 044927.295 INFO             PET3 ESMF_PNETCDF                : disabled
20201111 044927.295 INFO             PET3 ESMF_PIO                    : enabled
20201111 044927.295 INFO             PET3 ESMF_YAMLCPP                : enabled
20201111 044927.295 INFO             PET3 ESMF_MOAB                   : enabled
20201111 044927.296 INFO             PET3 Finalizing ESMF
20201111 044927.514 INFO             PET3 !!!!!!!!!!!!!!!!!!!!!!!!!!!!!!!!!!!!!!!!!!!!!!!!!!!!!!
20201111 044927.514 INFO             PET3 !!! THE ESMF_LOG IS SET TO OUTPUT ALL LOG MESSAGES !!!
20201111 044927.514 INFO             PET3 !!!     THIS MAY CAUSE SLOWDOWN IN PERFORMANCE     !!!
20201111 044927.514 INFO             PET3 !!! FOR PRODUCTION RUNS, USE:                      !!!
20201111 044927.514 INFO             PET3 !!!                   ESMF_LOGKIND_Multi_On_Error  !!!
20201111 044927.514 INFO             PET3 !!!!!!!!!!!!!!!!!!!!!!!!!!!!!!!!!!!!!!!!!!!!!!!!!!!!!!
20201111 044927.514 INFO             PET3 Running with ESMF Version   : ESMF_8_1_0_beta_snapshot_36-35-g260dae2aea
20201111 044927.514 INFO             PET3 ESMF library build date/time: "Nov 11 2020" "04:47:19"
20201111 044927.514 INFO             PET3 ESMF library build location : /scratch/esmf/esmf_test/cronjobs/trunk/gfortran/esmf
20201111 044927.514 INFO             PET3 ESMF_COMM                   : openmpi
20201111 044927.514 INFO             PET3 ESMF_NETCDF                 : disabled
20201111 044927.515 INFO             PET3 ESMF_PNETCDF                : disabled
20201111 044927.515 INFO             PET3 ESMF_PIO                    : enabled
20201111 044927.515 INFO             PET3 ESMF_YAMLCPP                : enabled
20201111 044927.515 INFO             PET3 ESMF_MOAB                   : enabled
20201111 044927.515 INFO             PET3 Finalizing ESMF
20201111 044927.726 INFO             PET3 !!!!!!!!!!!!!!!!!!!!!!!!!!!!!!!!!!!!!!!!!!!!!!!!!!!!!!
20201111 044927.727 INFO             PET3 !!! THE ESMF_LOG IS SET TO OUTPUT ALL LOG MESSAGES !!!
20201111 044927.727 INFO             PET3 !!!     THIS MAY CAUSE SLOWDOWN IN PERFORMANCE     !!!
20201111 044927.727 INFO             PET3 !!! FOR PRODUCTION RUNS, USE:                      !!!
20201111 044927.727 INFO             PET3 !!!                   ESMF_LOGKIND_Multi_On_Error  !!!
20201111 044927.727 INFO             PET3 !!!!!!!!!!!!!!!!!!!!!!!!!!!!!!!!!!!!!!!!!!!!!!!!!!!!!!
20201111 044927.727 INFO             PET3 Running with ESMF Version   : ESMF_8_1_0_beta_snapshot_36-35-g260dae2aea
20201111 044927.727 INFO             PET3 ESMF library build date/time: "Nov 11 2020" "04:47:19"
20201111 044927.727 INFO             PET3 ESMF library build location : /scratch/esmf/esmf_test/cronjobs/trunk/gfortran/esmf
20201111 044927.727 INFO             PET3 ESMF_COMM                   : openmpi
20201111 044927.727 INFO             PET3 ESMF_NETCDF                 : disabled
20201111 044927.727 INFO             PET3 ESMF_PNETCDF                : disabled
20201111 044927.727 INFO             PET3 ESMF_PIO                    : enabled
20201111 044927.727 INFO             PET3 ESMF_YAMLCPP                : enabled
20201111 044927.727 INFO             PET3 ESMF_MOAB                   : enabled
20201111 044927.727 INFO             PET3 Finalizing ESMF
Wed Nov 11 05:13:03 MST 2020
