 
Installing ESMF:
 
mkdir -p /project/esmf/himanshu/esmf_test/cronjobs/daily/gfortran/install_dir/include
cp -f /project/esmf/himanshu/esmf_test/cronjobs/daily/gfortran/esmf/src/include/ESMC.h /project/esmf/himanshu/esmf_test/cronjobs/daily/gfortran/install_dir/include
cp -f /project/esmf/himanshu/esmf_test/cronjobs/daily/gfortran/esmf/src/include/ESMC_*.h /project/esmf/himanshu/esmf_test/cronjobs/daily/gfortran/install_dir/include
cp -f /project/esmf/himanshu/esmf_test/cronjobs/daily/gfortran/esmf/build_config/Darwin.gfortran.default/ESMC_Conf.h /project/esmf/himanshu/esmf_test/cronjobs/daily/gfortran/install_dir/include
mkdir -p /project/esmf/himanshu/esmf_test/cronjobs/daily/gfortran/install_dir/mod/modO/Darwin.gfortran.64.mpich3.default
cp -f /project/esmf/himanshu/esmf_test/cronjobs/daily/gfortran/esmf/mod/modO/Darwin.gfortran.64.mpich3.default/*.mod /project/esmf/himanshu/esmf_test/cronjobs/daily/gfortran/install_dir/mod/modO/Darwin.gfortran.64.mpich3.default
mkdir -p /project/esmf/himanshu/esmf_test/cronjobs/daily/gfortran/install_dir/lib/libO/Darwin.gfortran.64.mpich3.default
cp -f /project/esmf/himanshu/esmf_test/cronjobs/daily/gfortran/esmf/lib/libO/Darwin.gfortran.64.mpich3.default/libesmf*.* /project/esmf/himanshu/esmf_test/cronjobs/daily/gfortran/install_dir/lib/libO/Darwin.gfortran.64.mpich3.default
ranlib /project/esmf/himanshu/esmf_test/cronjobs/daily/gfortran/install_dir/lib/libO/Darwin.gfortran.64.mpich3.default/libesmf*.a
/Library/Developer/CommandLineTools/usr/bin/ranlib: file: /project/esmf/himanshu/esmf_test/cronjobs/daily/gfortran/install_dir/lib/libO/Darwin.gfortran.64.mpich3.default/libesmf.a(ESMF.o) has no symbols
/Library/Developer/CommandLineTools/usr/bin/ranlib: file: /project/esmf/himanshu/esmf_test/cronjobs/daily/gfortran/install_dir/lib/libO/Darwin.gfortran.64.mpich3.default/libesmf.a(ESMF_LocalArray.o) has no symbols
/Library/Developer/CommandLineTools/usr/bin/ranlib: file: /project/esmf/himanshu/esmf_test/cronjobs/daily/gfortran/install_dir/lib/libO/Darwin.gfortran.64.mpich3.default/libesmf.a(ESMF_LogPublic.o) has no symbols
/Library/Developer/CommandLineTools/usr/bin/ranlib: file: /project/esmf/himanshu/esmf_test/cronjobs/daily/gfortran/install_dir/lib/libO/Darwin.gfortran.64.mpich3.default/libesmf.a(ESMF_State.o) has no symbols
/Library/Developer/CommandLineTools/usr/bin/ranlib: file: /project/esmf/himanshu/esmf_test/cronjobs/daily/gfortran/install_dir/lib/libO/Darwin.gfortran.64.mpich3.default/libesmf.a(NUOPC.o) has no symbols
/Library/Developer/CommandLineTools/usr/bin/ranlib: file: /project/esmf/himanshu/esmf_test/cronjobs/daily/gfortran/install_dir/lib/libO/Darwin.gfortran.64.mpich3.default/libesmf.a(phg_comm.o) has no symbols
/Library/Developer/CommandLineTools/usr/bin/ranlib: file: /project/esmf/himanshu/esmf_test/cronjobs/daily/gfortran/install_dir/lib/libO/Darwin.gfortran.64.mpich3.default/libesmf.a(topology.o) has no symbols
/Library/Developer/CommandLineTools/usr/bin/make install_apps
mkdir -p /project/esmf/himanshu/esmf_test/cronjobs/daily/gfortran/install_dir/bin/binO/Darwin.gfortran.64.mpich3.default
/Library/Developer/CommandLineTools/usr/bin/make build_apps ESMF_APPSDIR=/project/esmf/himanshu/esmf_test/cronjobs/daily/gfortran/install_dir/bin/binO/Darwin.gfortran.64.mpich3.default ESMF_LDIR=/project/esmf/himanshu/esmf_test/cronjobs/daily/gfortran/install_dir/lib/libO/Darwin.gfortran.64.mpich3.default ESMF_LIBDIR=/project/esmf/himanshu/esmf_test/cronjobs/daily/gfortran/install_dir/lib/libO/Darwin.gfortran.64.mpich3.default ESMF_MODDIR=/project/esmf/himanshu/esmf_test/cronjobs/daily/gfortran/install_dir/mod/modO/Darwin.gfortran.64.mpich3.default
cd /project/esmf/himanshu/esmf_test/cronjobs/daily/gfortran/esmf/src/apps; /Library/Developer/CommandLineTools/usr/bin/make ACTION=tree_build_apps tree
tree_build_apps in: /project/esmf/himanshu/esmf_test/cronjobs/daily/gfortran/esmf/src/apps/ESMF_PrintInfo
/Library/Developer/CommandLineTools/usr/bin/make chkdir_locobj
Making directory /project/esmf/himanshu/esmf_test/cronjobs/daily/gfortran/esmf/obj/objO/Darwin.gfortran.64.mpich3.default/src/apps/ESMF_PrintInfo for apps output
/project/esmf/himanshu/GCC/Homebrew/10.1.0/mpich/3.3.2/bin/mpif90 -c -fallow-argument-mismatch -fallow-invalid-boz -O   -m64 -mcmodel=small -ffree-line-length-none  -fopenmp -I/project/esmf/himanshu/esmf_test/cronjobs/daily/gfortran/esmf/src/apps/ESMF_PrintInfo -I/project/esmf/himanshu/esmf_test/cronjobs/daily/gfortran/esmf/build_config/Darwin.gfortran.default -I/project/esmf/himanshu/esmf_test/cronjobs/daily/gfortran/esmf/src/Infrastructure -I/project/esmf/himanshu/esmf_test/cronjobs/daily/gfortran/esmf/src/Superstructure -I/project/esmf/himanshu/esmf_test/cronjobs/daily/gfortran/install_dir/mod/modO/Darwin.gfortran.64.mpich3.default -I/project/esmf/himanshu/esmf_test/cronjobs/daily/gfortran/esmf/src/include -I/project/esmf/himanshu/GCC/Homebrew/10.1.0/netcdf/4.7.4/include -I/project/esmf/himanshu/GCC/Homebrew/10.1.0/netcdf/4.7.4/include  -DESMF_NO_INTEGER_1_BYTE -DESMF_NO_INTEGER_2_BYTE -DESMFVERSIONGIT='"ESMF_8_2_0_beta_snapshot_00"' -DESMF_MOAB=1 -DESMF_LAPACK=1 -DESMF_LAPACK_INTERNAL=1 -DESMF_NO_ACC_SOFTWARE_STACK=1 -DESMF_NETCDF=1 -DESMF_YAMLCPP=1 -DESMF_YAML=1 -DESMF_PIO=1 -DESMF_MPIIO -DESMF_NO_PTHREADS -DESMF_NO_OPENACC -DESMF_TESTEXHAUSTIVE -DESMF_BOPT_O -DESMF_TESTCOMPTUNNEL -DESMF_TESTWITHTHREADS -DSx86_64_small=1 -DESMF_OS_Darwin=1 -DESMF_COMM=mpich3 -DESMF_DIR=/project/esmf/himanshu/esmf_test/cronjobs/daily/gfortran/esmf ESMF_PrintInfo.F90 -o /project/esmf/himanshu/esmf_test/cronjobs/daily/gfortran/esmf/obj/objO/Darwin.gfortran.64.mpich3.default/src/apps/ESMF_PrintInfo/ESMF_PrintInfo.o
/Library/Developer/CommandLineTools/usr/bin/make chkdir_apps
/project/esmf/himanshu/GCC/Homebrew/10.1.0/mpich/3.3.2/bin/mpif90     -m64 -mcmodel=small  -fopenmp -L/project/esmf/himanshu/esmf_test/cronjobs/daily/gfortran/install_dir/lib/libO/Darwin.gfortran.64.mpich3.default -L/project/esmf/himanshu/GCC/Homebrew/10.1.0/netcdf/4.7.4/lib -L/project/esmf/himanshu/GCC/Homebrew/10.1.0/netcdf/4.7.4/lib -L/usr/local/Cellar/gcc/10.1.0/lib/gcc/10/gcc/x86_64-apple-darwin18/10.1.0/../../../  -o /project/esmf/himanshu/esmf_test/cronjobs/daily/gfortran/install_dir/bin/binO/Darwin.gfortran.64.mpich3.default/ESMF_PrintInfo /project/esmf/himanshu/esmf_test/cronjobs/daily/gfortran/esmf/obj/objO/Darwin.gfortran.64.mpich3.default/src/apps/ESMF_PrintInfo/ESMF_PrintInfo.o -lesmf  -lstdc++ -lnetcdf -lnetcdff
tree_build_apps in: /project/esmf/himanshu/esmf_test/cronjobs/daily/gfortran/esmf/src/apps/ESMF_PrintInfoC
/Library/Developer/CommandLineTools/usr/bin/make chkdir_locobj
Making directory /project/esmf/himanshu/esmf_test/cronjobs/daily/gfortran/esmf/obj/objO/Darwin.gfortran.64.mpich3.default/src/apps/ESMF_PrintInfoC for apps output
/project/esmf/himanshu/GCC/Homebrew/10.1.0/mpich/3.3.2/bin/mpicxx -c -std=c++11 -O -DNDEBUG  -DESMF_LOWERCASE_SINGLEUNDERSCORE -m64 -mcmodel=small  -fopenmp -I/project/esmf/himanshu/esmf_test/cronjobs/daily/gfortran/esmf/src/apps/ESMF_PrintInfoC -I/project/esmf/himanshu/esmf_test/cronjobs/daily/gfortran/esmf/src/apps/ESMF_PrintInfoC/../include -I/project/esmf/himanshu/esmf_test/cronjobs/daily/gfortran/esmf/build_config/Darwin.gfortran.default -I/project/esmf/himanshu/esmf_test/cronjobs/daily/gfortran/esmf/src/Infrastructure -I/project/esmf/himanshu/esmf_test/cronjobs/daily/gfortran/esmf/src/Superstructure -I/project/esmf/himanshu/esmf_test/cronjobs/daily/gfortran/esmf/src/Infrastructure/stubs/pthread  -I/project/esmf/himanshu/esmf_test/cronjobs/daily/gfortran/esmf/src/include  -I/project/esmf/himanshu/GCC/Homebrew/10.1.0/netcdf/4.7.4/include -I/project/esmf/himanshu/esmf_test/cronjobs/daily/gfortran/esmf/src/prologue/yaml-cpp/include -DESMF_NO_INTEGER_1_BYTE -DESMF_NO_INTEGER_2_BYTE -DESMFVERSIONGIT='"ESMF_8_2_0_beta_snapshot_00"' -DESMF_MOAB=1 -DESMF_LAPACK=1 -DESMF_LAPACK_INTERNAL=1 -DESMF_NO_ACC_SOFTWARE_STACK=1 -DESMF_NETCDF=1 -DESMF_YAMLCPP=1 -DESMF_YAML=1 -DESMF_PIO=1 -DESMF_MPIIO -DESMF_NO_PTHREADS -DESMF_NO_OPENACC -DESMF_TESTEXHAUSTIVE -DESMF_BOPT_O -DESMF_TESTCOMPTUNNEL -DESMF_TESTWITHTHREADS -DSx86_64_small=1 -DESMF_OS_Darwin=1 -DESMF_COMM=mpich3 -DESMF_DIR=/project/esmf/himanshu/esmf_test/cronjobs/daily/gfortran/esmf -D__SDIR__='"src/apps/ESMF_PrintInfoC"' -DESMF_CXXSTD=11 ESMF_PrintInfoC.c -o /project/esmf/himanshu/esmf_test/cronjobs/daily/gfortran/esmf/obj/objO/Darwin.gfortran.64.mpich3.default/src/apps/ESMF_PrintInfoC/ESMF_PrintInfoC.o
/project/esmf/himanshu/esmf_test/cronjobs/daily/gfortran/esmf/scripts/libs.mpich3f90: line 4: mpichversion: command not found
/project/esmf/himanshu/esmf_test/cronjobs/daily/gfortran/esmf/scripts/libs.mpich3f90: line 5: [: =: unary operator expected
/project/esmf/himanshu/esmf_test/cronjobs/daily/gfortran/esmf/scripts/libs.mpich3f90: line 5: [: =: unary operator expected
/Library/Developer/CommandLineTools/usr/bin/make chkdir_apps
/project/esmf/himanshu/GCC/Homebrew/10.1.0/mpich/3.3.2/bin/mpicxx    -m64 -mcmodel=small  -fopenmp -L/project/esmf/himanshu/esmf_test/cronjobs/daily/gfortran/install_dir/lib/libO/Darwin.gfortran.64.mpich3.default -L/project/esmf/himanshu/GCC/Homebrew/10.1.0/netcdf/4.7.4/lib -L/project/esmf/himanshu/GCC/Homebrew/10.1.0/netcdf/4.7.4/lib -L/usr/local/Cellar/gcc/10.1.0/lib/gcc/10/gcc/x86_64-apple-darwin18/10.1.0/../../../  -o /project/esmf/himanshu/esmf_test/cronjobs/daily/gfortran/install_dir/bin/binO/Darwin.gfortran.64.mpich3.default/ESMF_PrintInfoC /project/esmf/himanshu/esmf_test/cronjobs/daily/gfortran/esmf/obj/objO/Darwin.gfortran.64.mpich3.default/src/apps/ESMF_PrintInfoC/ESMF_PrintInfoC.o -lesmf  -lmpifort -lgfortran -lnetcdf -lnetcdff
tree_build_apps in: /project/esmf/himanshu/esmf_test/cronjobs/daily/gfortran/esmf/src/apps/ESMF_RegridWeightGen
/Library/Developer/CommandLineTools/usr/bin/make chkdir_locobj
Making directory /project/esmf/himanshu/esmf_test/cronjobs/daily/gfortran/esmf/obj/objO/Darwin.gfortran.64.mpich3.default/src/apps/ESMF_RegridWeightGen for apps output
/project/esmf/himanshu/GCC/Homebrew/10.1.0/mpich/3.3.2/bin/mpif90 -c -fallow-argument-mismatch -fallow-invalid-boz -O   -m64 -mcmodel=small -ffree-line-length-none  -fopenmp -I/project/esmf/himanshu/esmf_test/cronjobs/daily/gfortran/esmf/src/apps/ESMF_RegridWeightGen -I/project/esmf/himanshu/esmf_test/cronjobs/daily/gfortran/esmf/build_config/Darwin.gfortran.default -I/project/esmf/himanshu/esmf_test/cronjobs/daily/gfortran/esmf/src/Infrastructure -I/project/esmf/himanshu/esmf_test/cronjobs/daily/gfortran/esmf/src/Superstructure -I/project/esmf/himanshu/esmf_test/cronjobs/daily/gfortran/install_dir/mod/modO/Darwin.gfortran.64.mpich3.default -I/project/esmf/himanshu/esmf_test/cronjobs/daily/gfortran/esmf/src/include -I/project/esmf/himanshu/GCC/Homebrew/10.1.0/netcdf/4.7.4/include -I/project/esmf/himanshu/GCC/Homebrew/10.1.0/netcdf/4.7.4/include  -DESMF_NO_INTEGER_1_BYTE -DESMF_NO_INTEGER_2_BYTE -DESMFVERSIONGIT='"ESMF_8_2_0_beta_snapshot_00"' -DESMF_MOAB=1 -DESMF_LAPACK=1 -DESMF_LAPACK_INTERNAL=1 -DESMF_NO_ACC_SOFTWARE_STACK=1 -DESMF_NETCDF=1 -DESMF_YAMLCPP=1 -DESMF_YAML=1 -DESMF_PIO=1 -DESMF_MPIIO -DESMF_NO_PTHREADS -DESMF_NO_OPENACC -DESMF_TESTEXHAUSTIVE -DESMF_BOPT_O -DESMF_TESTCOMPTUNNEL -DESMF_TESTWITHTHREADS -DSx86_64_small=1 -DESMF_OS_Darwin=1 -DESMF_COMM=mpich3 -DESMF_DIR=/project/esmf/himanshu/esmf_test/cronjobs/daily/gfortran/esmf ESMF_RegridWeightGen.F90 -o /project/esmf/himanshu/esmf_test/cronjobs/daily/gfortran/esmf/obj/objO/Darwin.gfortran.64.mpich3.default/src/apps/ESMF_RegridWeightGen/ESMF_RegridWeightGen.o
/Library/Developer/CommandLineTools/usr/bin/make chkdir_apps
/project/esmf/himanshu/GCC/Homebrew/10.1.0/mpich/3.3.2/bin/mpif90     -m64 -mcmodel=small  -fopenmp -L/project/esmf/himanshu/esmf_test/cronjobs/daily/gfortran/install_dir/lib/libO/Darwin.gfortran.64.mpich3.default -L/project/esmf/himanshu/GCC/Homebrew/10.1.0/netcdf/4.7.4/lib -L/project/esmf/himanshu/GCC/Homebrew/10.1.0/netcdf/4.7.4/lib -L/usr/local/Cellar/gcc/10.1.0/lib/gcc/10/gcc/x86_64-apple-darwin18/10.1.0/../../../  -o /project/esmf/himanshu/esmf_test/cronjobs/daily/gfortran/install_dir/bin/binO/Darwin.gfortran.64.mpich3.default/ESMF_RegridWeightGen /project/esmf/himanshu/esmf_test/cronjobs/daily/gfortran/esmf/obj/objO/Darwin.gfortran.64.mpich3.default/src/apps/ESMF_RegridWeightGen/ESMF_RegridWeightGen.o -lesmf  -lstdc++ -lnetcdf -lnetcdff
tree_build_apps in: /project/esmf/himanshu/esmf_test/cronjobs/daily/gfortran/esmf/src/apps/ESMF_WebServController
/Library/Developer/CommandLineTools/usr/bin/make chkdir_locobj
Making directory /project/esmf/himanshu/esmf_test/cronjobs/daily/gfortran/esmf/obj/objO/Darwin.gfortran.64.mpich3.default/src/apps/ESMF_WebServController for apps output
/project/esmf/himanshu/GCC/Homebrew/10.1.0/mpich/3.3.2/bin/mpicxx -c -std=c++11 -O -DNDEBUG  -DESMF_LOWERCASE_SINGLEUNDERSCORE -m64 -mcmodel=small  -fopenmp -I/project/esmf/himanshu/esmf_test/cronjobs/daily/gfortran/esmf/src/apps/ESMF_WebServController -I/project/esmf/himanshu/esmf_test/cronjobs/daily/gfortran/esmf/src/apps/ESMF_WebServController/../include -I/project/esmf/himanshu/esmf_test/cronjobs/daily/gfortran/esmf/build_config/Darwin.gfortran.default -I/project/esmf/himanshu/esmf_test/cronjobs/daily/gfortran/esmf/src/Infrastructure -I/project/esmf/himanshu/esmf_test/cronjobs/daily/gfortran/esmf/src/Superstructure -I/project/esmf/himanshu/esmf_test/cronjobs/daily/gfortran/esmf/src/Infrastructure/stubs/pthread  -I/project/esmf/himanshu/esmf_test/cronjobs/daily/gfortran/esmf/src/include  -I/project/esmf/himanshu/GCC/Homebrew/10.1.0/netcdf/4.7.4/include -I/project/esmf/himanshu/esmf_test/cronjobs/daily/gfortran/esmf/src/prologue/yaml-cpp/include -DESMF_NO_INTEGER_1_BYTE -DESMF_NO_INTEGER_2_BYTE -DESMFVERSIONGIT='"ESMF_8_2_0_beta_snapshot_00"' -DESMF_MOAB=1 -DESMF_LAPACK=1 -DESMF_LAPACK_INTERNAL=1 -DESMF_NO_ACC_SOFTWARE_STACK=1 -DESMF_NETCDF=1 -DESMF_YAMLCPP=1 -DESMF_YAML=1 -DESMF_PIO=1 -DESMF_MPIIO -DESMF_NO_PTHREADS -DESMF_NO_OPENACC -DESMF_TESTEXHAUSTIVE -DESMF_BOPT_O -DESMF_TESTCOMPTUNNEL -DESMF_TESTWITHTHREADS -DSx86_64_small=1 -DESMF_OS_Darwin=1 -DESMF_COMM=mpich3 -DESMF_DIR=/project/esmf/himanshu/esmf_test/cronjobs/daily/gfortran/esmf -D__SDIR__='"src/apps/ESMF_WebServController"' -DESMF_CXXSTD=11 ESMF_WebServController.C -o /project/esmf/himanshu/esmf_test/cronjobs/daily/gfortran/esmf/obj/objO/Darwin.gfortran.64.mpich3.default/src/apps/ESMF_WebServController/ESMF_WebServController.o
/project/esmf/himanshu/esmf_test/cronjobs/daily/gfortran/esmf/scripts/libs.mpich3f90: line 4: mpichversion: command not found
/project/esmf/himanshu/esmf_test/cronjobs/daily/gfortran/esmf/scripts/libs.mpich3f90: line 5: [: =: unary operator expected
/project/esmf/himanshu/esmf_test/cronjobs/daily/gfortran/esmf/scripts/libs.mpich3f90: line 5: [: =: unary operator expected
/Library/Developer/CommandLineTools/usr/bin/make chkdir_apps
/project/esmf/himanshu/GCC/Homebrew/10.1.0/mpich/3.3.2/bin/mpicxx    -m64 -mcmodel=small  -fopenmp -L/project/esmf/himanshu/esmf_test/cronjobs/daily/gfortran/install_dir/lib/libO/Darwin.gfortran.64.mpich3.default -L/project/esmf/himanshu/GCC/Homebrew/10.1.0/netcdf/4.7.4/lib -L/project/esmf/himanshu/GCC/Homebrew/10.1.0/netcdf/4.7.4/lib -L/usr/local/Cellar/gcc/10.1.0/lib/gcc/10/gcc/x86_64-apple-darwin18/10.1.0/../../../  -o /project/esmf/himanshu/esmf_test/cronjobs/daily/gfortran/install_dir/bin/binO/Darwin.gfortran.64.mpich3.default/ESMF_WebServController /project/esmf/himanshu/esmf_test/cronjobs/daily/gfortran/esmf/obj/objO/Darwin.gfortran.64.mpich3.default/src/apps/ESMF_WebServController/ESMF_WebServController.o -lesmf  -lmpifort -lgfortran -lnetcdf -lnetcdff
tree_build_apps in: /project/esmf/himanshu/esmf_test/cronjobs/daily/gfortran/esmf/src/apps/ESMF_Scrip2Unstruct
/Library/Developer/CommandLineTools/usr/bin/make chkdir_locobj
Making directory /project/esmf/himanshu/esmf_test/cronjobs/daily/gfortran/esmf/obj/objO/Darwin.gfortran.64.mpich3.default/src/apps/ESMF_Scrip2Unstruct for apps output
/project/esmf/himanshu/GCC/Homebrew/10.1.0/mpich/3.3.2/bin/mpicxx -c -std=c++11 -O -DNDEBUG  -DESMF_LOWERCASE_SINGLEUNDERSCORE -m64 -mcmodel=small  -fopenmp -I/project/esmf/himanshu/esmf_test/cronjobs/daily/gfortran/esmf/src/apps/ESMF_Scrip2Unstruct -I/project/esmf/himanshu/esmf_test/cronjobs/daily/gfortran/esmf/src/apps/ESMF_Scrip2Unstruct/../include -I/project/esmf/himanshu/esmf_test/cronjobs/daily/gfortran/esmf/build_config/Darwin.gfortran.default -I/project/esmf/himanshu/esmf_test/cronjobs/daily/gfortran/esmf/src/Infrastructure -I/project/esmf/himanshu/esmf_test/cronjobs/daily/gfortran/esmf/src/Superstructure -I/project/esmf/himanshu/esmf_test/cronjobs/daily/gfortran/esmf/src/Infrastructure/stubs/pthread  -I/project/esmf/himanshu/esmf_test/cronjobs/daily/gfortran/esmf/src/include  -I/project/esmf/himanshu/GCC/Homebrew/10.1.0/netcdf/4.7.4/include -I/project/esmf/himanshu/esmf_test/cronjobs/daily/gfortran/esmf/src/prologue/yaml-cpp/include -DESMF_NO_INTEGER_1_BYTE -DESMF_NO_INTEGER_2_BYTE -DESMFVERSIONGIT='"ESMF_8_2_0_beta_snapshot_00"' -DESMF_MOAB=1 -DESMF_LAPACK=1 -DESMF_LAPACK_INTERNAL=1 -DESMF_NO_ACC_SOFTWARE_STACK=1 -DESMF_NETCDF=1 -DESMF_YAMLCPP=1 -DESMF_YAML=1 -DESMF_PIO=1 -DESMF_MPIIO -DESMF_NO_PTHREADS -DESMF_NO_OPENACC -DESMF_TESTEXHAUSTIVE -DESMF_BOPT_O -DESMF_TESTCOMPTUNNEL -DESMF_TESTWITHTHREADS -DSx86_64_small=1 -DESMF_OS_Darwin=1 -DESMF_COMM=mpich3 -DESMF_DIR=/project/esmf/himanshu/esmf_test/cronjobs/daily/gfortran/esmf -D__SDIR__='"src/apps/ESMF_Scrip2Unstruct"' -DESMF_CXXSTD=11 ESMF_Scrip2Unstruct.C -o /project/esmf/himanshu/esmf_test/cronjobs/daily/gfortran/esmf/obj/objO/Darwin.gfortran.64.mpich3.default/src/apps/ESMF_Scrip2Unstruct/ESMF_Scrip2Unstruct.o
/project/esmf/himanshu/esmf_test/cronjobs/daily/gfortran/esmf/scripts/libs.mpich3f90: line 4: mpichversion: command not found
/project/esmf/himanshu/esmf_test/cronjobs/daily/gfortran/esmf/scripts/libs.mpich3f90: line 5: [: =: unary operator expected
/project/esmf/himanshu/esmf_test/cronjobs/daily/gfortran/esmf/scripts/libs.mpich3f90: line 5: [: =: unary operator expected
/Library/Developer/CommandLineTools/usr/bin/make chkdir_apps
/project/esmf/himanshu/GCC/Homebrew/10.1.0/mpich/3.3.2/bin/mpicxx    -m64 -mcmodel=small  -fopenmp -L/project/esmf/himanshu/esmf_test/cronjobs/daily/gfortran/install_dir/lib/libO/Darwin.gfortran.64.mpich3.default -L/project/esmf/himanshu/GCC/Homebrew/10.1.0/netcdf/4.7.4/lib -L/project/esmf/himanshu/GCC/Homebrew/10.1.0/netcdf/4.7.4/lib -L/usr/local/Cellar/gcc/10.1.0/lib/gcc/10/gcc/x86_64-apple-darwin18/10.1.0/../../../  -o /project/esmf/himanshu/esmf_test/cronjobs/daily/gfortran/install_dir/bin/binO/Darwin.gfortran.64.mpich3.default/ESMF_Scrip2Unstruct /project/esmf/himanshu/esmf_test/cronjobs/daily/gfortran/esmf/obj/objO/Darwin.gfortran.64.mpich3.default/src/apps/ESMF_Scrip2Unstruct/ESMF_Scrip2Unstruct.o -lesmf  -lmpifort -lgfortran -lnetcdf -lnetcdff
tree_build_apps in: /project/esmf/himanshu/esmf_test/cronjobs/daily/gfortran/esmf/src/apps/ESMF_Regrid
/Library/Developer/CommandLineTools/usr/bin/make chkdir_locobj
Making directory /project/esmf/himanshu/esmf_test/cronjobs/daily/gfortran/esmf/obj/objO/Darwin.gfortran.64.mpich3.default/src/apps/ESMF_Regrid for apps output
/project/esmf/himanshu/GCC/Homebrew/10.1.0/mpich/3.3.2/bin/mpif90 -c -fallow-argument-mismatch -fallow-invalid-boz -O   -m64 -mcmodel=small -ffree-line-length-none  -fopenmp -I/project/esmf/himanshu/esmf_test/cronjobs/daily/gfortran/esmf/src/apps/ESMF_Regrid -I/project/esmf/himanshu/esmf_test/cronjobs/daily/gfortran/esmf/build_config/Darwin.gfortran.default -I/project/esmf/himanshu/esmf_test/cronjobs/daily/gfortran/esmf/src/Infrastructure -I/project/esmf/himanshu/esmf_test/cronjobs/daily/gfortran/esmf/src/Superstructure -I/project/esmf/himanshu/esmf_test/cronjobs/daily/gfortran/install_dir/mod/modO/Darwin.gfortran.64.mpich3.default -I/project/esmf/himanshu/esmf_test/cronjobs/daily/gfortran/esmf/src/include -I/project/esmf/himanshu/GCC/Homebrew/10.1.0/netcdf/4.7.4/include -I/project/esmf/himanshu/GCC/Homebrew/10.1.0/netcdf/4.7.4/include  -DESMF_NO_INTEGER_1_BYTE -DESMF_NO_INTEGER_2_BYTE -DESMFVERSIONGIT='"ESMF_8_2_0_beta_snapshot_00"' -DESMF_MOAB=1 -DESMF_LAPACK=1 -DESMF_LAPACK_INTERNAL=1 -DESMF_NO_ACC_SOFTWARE_STACK=1 -DESMF_NETCDF=1 -DESMF_YAMLCPP=1 -DESMF_YAML=1 -DESMF_PIO=1 -DESMF_MPIIO -DESMF_NO_PTHREADS -DESMF_NO_OPENACC -DESMF_TESTEXHAUSTIVE -DESMF_BOPT_O -DESMF_TESTCOMPTUNNEL -DESMF_TESTWITHTHREADS -DSx86_64_small=1 -DESMF_OS_Darwin=1 -DESMF_COMM=mpich3 -DESMF_DIR=/project/esmf/himanshu/esmf_test/cronjobs/daily/gfortran/esmf ESMF_Regrid.F90 -o /project/esmf/himanshu/esmf_test/cronjobs/daily/gfortran/esmf/obj/objO/Darwin.gfortran.64.mpich3.default/src/apps/ESMF_Regrid/ESMF_Regrid.o
/Library/Developer/CommandLineTools/usr/bin/make chkdir_apps
/project/esmf/himanshu/GCC/Homebrew/10.1.0/mpich/3.3.2/bin/mpif90     -m64 -mcmodel=small  -fopenmp -L/project/esmf/himanshu/esmf_test/cronjobs/daily/gfortran/install_dir/lib/libO/Darwin.gfortran.64.mpich3.default -L/project/esmf/himanshu/GCC/Homebrew/10.1.0/netcdf/4.7.4/lib -L/project/esmf/himanshu/GCC/Homebrew/10.1.0/netcdf/4.7.4/lib -L/usr/local/Cellar/gcc/10.1.0/lib/gcc/10/gcc/x86_64-apple-darwin18/10.1.0/../../../  -o /project/esmf/himanshu/esmf_test/cronjobs/daily/gfortran/install_dir/bin/binO/Darwin.gfortran.64.mpich3.default/ESMF_Regrid /project/esmf/himanshu/esmf_test/cronjobs/daily/gfortran/esmf/obj/objO/Darwin.gfortran.64.mpich3.default/src/apps/ESMF_Regrid/ESMF_Regrid.o -lesmf  -lstdc++ -lnetcdf -lnetcdff
ESMF apps built successfully.
mkdir -p /project/esmf/himanshu/esmf_test/cronjobs/daily/gfortran/install_dir/doc
/Library/Developer/CommandLineTools/usr/bin/make install_info_mk
/Library/Developer/CommandLineTools/usr/bin/make info_mk ESMF_APPSDIR=/project/esmf/himanshu/esmf_test/cronjobs/daily/gfortran/install_dir/bin/binO/Darwin.gfortran.64.mpich3.default ESMF_LDIR=/project/esmf/himanshu/esmf_test/cronjobs/daily/gfortran/install_dir/lib/libO/Darwin.gfortran.64.mpich3.default ESMF_LIBDIR=/project/esmf/himanshu/esmf_test/cronjobs/daily/gfortran/install_dir/lib/libO/Darwin.gfortran.64.mpich3.default ESMF_MODDIR=/project/esmf/himanshu/esmf_test/cronjobs/daily/gfortran/install_dir/mod/modO/Darwin.gfortran.64.mpich3.default ESMF_INCDIR=/project/esmf/himanshu/esmf_test/cronjobs/daily/gfortran/install_dir/include
/project/esmf/himanshu/esmf_test/cronjobs/daily/gfortran/esmf/scripts/libs.mpich3f90: line 4: mpichversion: command not found
/project/esmf/himanshu/esmf_test/cronjobs/daily/gfortran/esmf/scripts/libs.mpich3f90: line 5: [: =: unary operator expected
/project/esmf/himanshu/esmf_test/cronjobs/daily/gfortran/esmf/scripts/libs.mpich3f90: line 5: [: =: unary operator expected
/project/esmf/himanshu/esmf_test/cronjobs/daily/gfortran/esmf/scripts/libs.mpich3f90: line 4: mpichversion: command not found
/project/esmf/himanshu/esmf_test/cronjobs/daily/gfortran/esmf/scripts/libs.mpich3f90: line 5: [: =: unary operator expected
/project/esmf/himanshu/esmf_test/cronjobs/daily/gfortran/esmf/scripts/libs.mpich3f90: line 5: [: =: unary operator expected
 
ESMF installation complete.
 
Mon Feb 22 04:17:27 MST 2021
