20210212 100841.400 INFO             PET0 !!!!!!!!!!!!!!!!!!!!!!!!!!!!!!!!!!!!!!!!!!!!!!!!!!!!!!
20210212 100841.401 INFO             PET0 !!! THE ESMF_LOG IS SET TO OUTPUT ALL LOG MESSAGES !!!
20210212 100841.401 INFO             PET0 !!!     THIS MAY CAUSE SLOWDOWN IN PERFORMANCE     !!!
20210212 100841.401 INFO             PET0 !!! FOR PRODUCTION RUNS, USE:                      !!!
20210212 100841.401 INFO             PET0 !!!                   ESMF_LOGKIND_Multi_On_Error  !!!
20210212 100841.401 INFO             PET0 !!!!!!!!!!!!!!!!!!!!!!!!!!!!!!!!!!!!!!!!!!!!!!!!!!!!!!
20210212 100841.401 INFO             PET0 Running with ESMF Version   : ESMF_8_1_0_beta_snapshot_44-71-g5a2c3f2e38
20210212 100841.401 INFO             PET0 ESMF library build date/time: "Feb 12 2021" "10:05:29"
20210212 100841.401 INFO             PET0 ESMF library build location : /project/esmf/himanshu/intel/esmf
20210212 100841.401 INFO             PET0 ESMF_COMM                   : mpiuni
20210212 100841.403 INFO             PET0 ESMF_MOAB                   : enabled
20210212 100841.403 INFO             PET0 ESMF_LAPACK                 : enabled
20210212 100841.403 INFO             PET0 ESMF_NETCDF                 : disabled
20210212 100841.403 INFO             PET0 ESMF_PNETCDF                : disabled
20210212 100841.403 INFO             PET0 ESMF_PIO                    : disabled
20210212 100841.403 INFO             PET0 ESMF_YAMLCPP                : enabled
20210212 100841.405 INFO             PET0 Finalizing ESMF
20210212 100841.453 INFO             PET0 !!!!!!!!!!!!!!!!!!!!!!!!!!!!!!!!!!!!!!!!!!!!!!!!!!!!!!
20210212 100841.454 INFO             PET0 !!! THE ESMF_LOG IS SET TO OUTPUT ALL LOG MESSAGES !!!
20210212 100841.454 INFO             PET0 !!!     THIS MAY CAUSE SLOWDOWN IN PERFORMANCE     !!!
20210212 100841.454 INFO             PET0 !!! FOR PRODUCTION RUNS, USE:                      !!!
20210212 100841.454 INFO             PET0 !!!                   ESMF_LOGKIND_Multi_On_Error  !!!
20210212 100841.454 INFO             PET0 !!!!!!!!!!!!!!!!!!!!!!!!!!!!!!!!!!!!!!!!!!!!!!!!!!!!!!
20210212 100841.454 INFO             PET0 Running with ESMF Version   : ESMF_8_1_0_beta_snapshot_44-71-g5a2c3f2e38
20210212 100841.454 INFO             PET0 ESMF library build date/time: "Feb 12 2021" "10:05:29"
20210212 100841.454 INFO             PET0 ESMF library build location : /project/esmf/himanshu/intel/esmf
20210212 100841.454 INFO             PET0 ESMF_COMM                   : mpiuni
20210212 100841.456 INFO             PET0 ESMF_MOAB                   : enabled
20210212 100841.456 INFO             PET0 ESMF_LAPACK                 : enabled
20210212 100841.456 INFO             PET0 ESMF_NETCDF                 : disabled
20210212 100841.456 INFO             PET0 ESMF_PNETCDF                : disabled
20210212 100841.456 INFO             PET0 ESMF_PIO                    : disabled
20210212 100841.456 INFO             PET0 ESMF_YAMLCPP                : enabled
20210212 100841.459 INFO             PET0 Finalizing ESMF
20210212 100841.503 INFO             PET0 !!!!!!!!!!!!!!!!!!!!!!!!!!!!!!!!!!!!!!!!!!!!!!!!!!!!!!
20210212 100841.503 INFO             PET0 !!! THE ESMF_LOG IS SET TO OUTPUT ALL LOG MESSAGES !!!
20210212 100841.503 INFO             PET0 !!!     THIS MAY CAUSE SLOWDOWN IN PERFORMANCE     !!!
20210212 100841.503 INFO             PET0 !!! FOR PRODUCTION RUNS, USE:                      !!!
20210212 100841.503 INFO             PET0 !!!                   ESMF_LOGKIND_Multi_On_Error  !!!
20210212 100841.503 INFO             PET0 !!!!!!!!!!!!!!!!!!!!!!!!!!!!!!!!!!!!!!!!!!!!!!!!!!!!!!
20210212 100841.503 INFO             PET0 Running with ESMF Version   : ESMF_8_1_0_beta_snapshot_44-71-g5a2c3f2e38
20210212 100841.503 INFO             PET0 ESMF library build date/time: "Feb 12 2021" "10:05:29"
20210212 100841.503 INFO             PET0 ESMF library build location : /project/esmf/himanshu/intel/esmf
20210212 100841.503 INFO             PET0 ESMF_COMM                   : mpiuni
20210212 100841.505 INFO             PET0 ESMF_MOAB                   : enabled
20210212 100841.505 INFO             PET0 ESMF_LAPACK                 : enabled
20210212 100841.505 INFO             PET0 ESMF_NETCDF                 : disabled
20210212 100841.505 INFO             PET0 ESMF_PNETCDF                : disabled
20210212 100841.505 INFO             PET0 ESMF_PIO                    : disabled
20210212 100841.505 INFO             PET0 ESMF_YAMLCPP                : enabled
20210212 100841.507 INFO             PET0 Finalizing ESMF
Fri Feb 12 10:29:23 MST 2021
