20210221 173911.516 INFO             PET0 !!!!!!!!!!!!!!!!!!!!!!!!!!!!!!!!!!!!!!!!!!!!!!!!!!!!!!
20210221 173911.516 INFO             PET0 !!! THE ESMF_LOG IS SET TO OUTPUT ALL LOG MESSAGES !!!
20210221 173911.516 INFO             PET0 !!!     THIS MAY CAUSE SLOWDOWN IN PERFORMANCE     !!!
20210221 173911.516 INFO             PET0 !!! FOR PRODUCTION RUNS, USE:                      !!!
20210221 173911.516 INFO             PET0 !!!                   ESMF_LOGKIND_Multi_On_Error  !!!
20210221 173911.516 INFO             PET0 !!!!!!!!!!!!!!!!!!!!!!!!!!!!!!!!!!!!!!!!!!!!!!!!!!!!!!
20210221 173911.516 INFO             PET0 Running with ESMF Version   : ESMF_8_2_0_beta_snapshot_00
20210221 173911.516 INFO             PET0 ESMF library build date/time: "Feb 21 2021" "17:35:51"
20210221 173911.516 INFO             PET0 ESMF library build location : /project/esmf/himanshu/intel/esmf
20210221 173911.516 INFO             PET0 ESMF_COMM                   : mpiuni
20210221 173911.518 INFO             PET0 ESMF_MOAB                   : enabled
20210221 173911.518 INFO             PET0 ESMF_LAPACK                 : enabled
20210221 173911.518 INFO             PET0 ESMF_NETCDF                 : disabled
20210221 173911.518 INFO             PET0 ESMF_PNETCDF                : disabled
20210221 173911.518 INFO             PET0 ESMF_PIO                    : disabled
20210221 173911.518 INFO             PET0 ESMF_YAMLCPP                : enabled
20210221 173911.520 INFO             PET0 Finalizing ESMF
20210221 173911.564 INFO             PET0 !!!!!!!!!!!!!!!!!!!!!!!!!!!!!!!!!!!!!!!!!!!!!!!!!!!!!!
20210221 173911.564 INFO             PET0 !!! THE ESMF_LOG IS SET TO OUTPUT ALL LOG MESSAGES !!!
20210221 173911.564 INFO             PET0 !!!     THIS MAY CAUSE SLOWDOWN IN PERFORMANCE     !!!
20210221 173911.564 INFO             PET0 !!! FOR PRODUCTION RUNS, USE:                      !!!
20210221 173911.564 INFO             PET0 !!!                   ESMF_LOGKIND_Multi_On_Error  !!!
20210221 173911.564 INFO             PET0 !!!!!!!!!!!!!!!!!!!!!!!!!!!!!!!!!!!!!!!!!!!!!!!!!!!!!!
20210221 173911.564 INFO             PET0 Running with ESMF Version   : ESMF_8_2_0_beta_snapshot_00
20210221 173911.564 INFO             PET0 ESMF library build date/time: "Feb 21 2021" "17:35:51"
20210221 173911.564 INFO             PET0 ESMF library build location : /project/esmf/himanshu/intel/esmf
20210221 173911.564 INFO             PET0 ESMF_COMM                   : mpiuni
20210221 173911.565 INFO             PET0 ESMF_MOAB                   : enabled
20210221 173911.565 INFO             PET0 ESMF_LAPACK                 : enabled
20210221 173911.565 INFO             PET0 ESMF_NETCDF                 : disabled
20210221 173911.565 INFO             PET0 ESMF_PNETCDF                : disabled
20210221 173911.565 INFO             PET0 ESMF_PIO                    : disabled
20210221 173911.565 INFO             PET0 ESMF_YAMLCPP                : enabled
20210221 173911.567 INFO             PET0 Finalizing ESMF
20210221 173911.607 INFO             PET0 !!!!!!!!!!!!!!!!!!!!!!!!!!!!!!!!!!!!!!!!!!!!!!!!!!!!!!
20210221 173911.607 INFO             PET0 !!! THE ESMF_LOG IS SET TO OUTPUT ALL LOG MESSAGES !!!
20210221 173911.607 INFO             PET0 !!!     THIS MAY CAUSE SLOWDOWN IN PERFORMANCE     !!!
20210221 173911.607 INFO             PET0 !!! FOR PRODUCTION RUNS, USE:                      !!!
20210221 173911.607 INFO             PET0 !!!                   ESMF_LOGKIND_Multi_On_Error  !!!
20210221 173911.607 INFO             PET0 !!!!!!!!!!!!!!!!!!!!!!!!!!!!!!!!!!!!!!!!!!!!!!!!!!!!!!
20210221 173911.607 INFO             PET0 Running with ESMF Version   : ESMF_8_2_0_beta_snapshot_00
20210221 173911.607 INFO             PET0 ESMF library build date/time: "Feb 21 2021" "17:35:51"
20210221 173911.607 INFO             PET0 ESMF library build location : /project/esmf/himanshu/intel/esmf
20210221 173911.607 INFO             PET0 ESMF_COMM                   : mpiuni
20210221 173911.608 INFO             PET0 ESMF_MOAB                   : enabled
20210221 173911.608 INFO             PET0 ESMF_LAPACK                 : enabled
20210221 173911.608 INFO             PET0 ESMF_NETCDF                 : disabled
20210221 173911.608 INFO             PET0 ESMF_PNETCDF                : disabled
20210221 173911.608 INFO             PET0 ESMF_PIO                    : disabled
20210221 173911.608 INFO             PET0 ESMF_YAMLCPP                : enabled
20210221 173911.610 INFO             PET0 Finalizing ESMF
Sun Feb 21 18:00:06 MST 2021
