20200920 225522.677 INFO             PET1 !!!!!!!!!!!!!!!!!!!!!!!!!!!!!!!!!!!!!!!!!!!!!!!!!!!!!!
20200920 225522.677 INFO             PET1 !!! THE ESMF_LOG IS SET TO OUTPUT ALL LOG MESSAGES !!!
20200920 225522.677 INFO             PET1 !!!     THIS MAY CAUSE SLOWDOWN IN PERFORMANCE     !!!
20200920 225522.677 INFO             PET1 !!! FOR PRODUCTION RUNS, USE:                      !!!
20200920 225522.677 INFO             PET1 !!!                   ESMF_LOGKIND_Multi_On_Error  !!!
20200920 225522.677 INFO             PET1 !!!!!!!!!!!!!!!!!!!!!!!!!!!!!!!!!!!!!!!!!!!!!!!!!!!!!!
20200920 225522.677 INFO             PET1 Running with ESMF Version   : ESMF_8_1_0_beta_snapshot_28
20200920 225522.677 INFO             PET1 ESMF library build date/time: "Sep 20 2020" "22:46:38"
20200920 225522.677 INFO             PET1 ESMF library build location : /glade/scratch/himanshu/scripts_dir/daily/intel_cheyenne/esmf
20200920 225522.677 INFO             PET1 ESMF_COMM                   : mpt
20200920 225522.677 INFO             PET1 ESMF_NETCDF                 : disabled
20200920 225522.677 INFO             PET1 ESMF_PNETCDF                : disabled
20200920 225522.677 INFO             PET1 ESMF_PIO                    : enabled
20200920 225522.677 INFO             PET1 ESMF_YAMLCPP                : enabled
20200920 225522.677 INFO             PET1 ESMF_MOAB                   : enabled
20200920 225522.677 INFO             PET1 Finalizing ESMF
20200920 225522.756 INFO             PET1 !!!!!!!!!!!!!!!!!!!!!!!!!!!!!!!!!!!!!!!!!!!!!!!!!!!!!!
20200920 225522.756 INFO             PET1 !!! THE ESMF_LOG IS SET TO OUTPUT ALL LOG MESSAGES !!!
20200920 225522.756 INFO             PET1 !!!     THIS MAY CAUSE SLOWDOWN IN PERFORMANCE     !!!
20200920 225522.756 INFO             PET1 !!! FOR PRODUCTION RUNS, USE:                      !!!
20200920 225522.756 INFO             PET1 !!!                   ESMF_LOGKIND_Multi_On_Error  !!!
20200920 225522.756 INFO             PET1 !!!!!!!!!!!!!!!!!!!!!!!!!!!!!!!!!!!!!!!!!!!!!!!!!!!!!!
20200920 225522.756 INFO             PET1 Running with ESMF Version   : ESMF_8_1_0_beta_snapshot_28
20200920 225522.756 INFO             PET1 ESMF library build date/time: "Sep 20 2020" "22:46:38"
20200920 225522.756 INFO             PET1 ESMF library build location : /glade/scratch/himanshu/scripts_dir/daily/intel_cheyenne/esmf
20200920 225522.756 INFO             PET1 ESMF_COMM                   : mpt
20200920 225522.756 INFO             PET1 ESMF_NETCDF                 : disabled
20200920 225522.756 INFO             PET1 ESMF_PNETCDF                : disabled
20200920 225522.756 INFO             PET1 ESMF_PIO                    : enabled
20200920 225522.756 INFO             PET1 ESMF_YAMLCPP                : enabled
20200920 225522.756 INFO             PET1 ESMF_MOAB                   : enabled
20200920 225522.756 INFO             PET1 Finalizing ESMF
20200920 225522.831 INFO             PET1 !!!!!!!!!!!!!!!!!!!!!!!!!!!!!!!!!!!!!!!!!!!!!!!!!!!!!!
20200920 225522.831 INFO             PET1 !!! THE ESMF_LOG IS SET TO OUTPUT ALL LOG MESSAGES !!!
20200920 225522.831 INFO             PET1 !!!     THIS MAY CAUSE SLOWDOWN IN PERFORMANCE     !!!
20200920 225522.831 INFO             PET1 !!! FOR PRODUCTION RUNS, USE:                      !!!
20200920 225522.831 INFO             PET1 !!!                   ESMF_LOGKIND_Multi_On_Error  !!!
20200920 225522.831 INFO             PET1 !!!!!!!!!!!!!!!!!!!!!!!!!!!!!!!!!!!!!!!!!!!!!!!!!!!!!!
20200920 225522.831 INFO             PET1 Running with ESMF Version   : ESMF_8_1_0_beta_snapshot_28
20200920 225522.831 INFO             PET1 ESMF library build date/time: "Sep 20 2020" "22:46:38"
20200920 225522.831 INFO             PET1 ESMF library build location : /glade/scratch/himanshu/scripts_dir/daily/intel_cheyenne/esmf
20200920 225522.831 INFO             PET1 ESMF_COMM                   : mpt
20200920 225522.831 INFO             PET1 ESMF_NETCDF                 : disabled
20200920 225522.831 INFO             PET1 ESMF_PNETCDF                : disabled
20200920 225522.831 INFO             PET1 ESMF_PIO                    : enabled
20200920 225522.831 INFO             PET1 ESMF_YAMLCPP                : enabled
20200920 225522.831 INFO             PET1 ESMF_MOAB                   : enabled
20200920 225522.835 INFO             PET1 Finalizing ESMF
