20200926 222456.107 INFO             PET2 !!!!!!!!!!!!!!!!!!!!!!!!!!!!!!!!!!!!!!!!!!!!!!!!!!!!!!
20200926 222456.107 INFO             PET2 !!! THE ESMF_LOG IS SET TO OUTPUT ALL LOG MESSAGES !!!
20200926 222456.107 INFO             PET2 !!!     THIS MAY CAUSE SLOWDOWN IN PERFORMANCE     !!!
20200926 222456.107 INFO             PET2 !!! FOR PRODUCTION RUNS, USE:                      !!!
20200926 222456.107 INFO             PET2 !!!                   ESMF_LOGKIND_Multi_On_Error  !!!
20200926 222456.107 INFO             PET2 !!!!!!!!!!!!!!!!!!!!!!!!!!!!!!!!!!!!!!!!!!!!!!!!!!!!!!
20200926 222456.107 INFO             PET2 Running with ESMF Version   : ESMF_8_1_0_beta_snapshot_30-2-g92e0a54ab6
20200926 222456.107 INFO             PET2 ESMF library build date/time: "Sep 26 2020" "22:13:55"
20200926 222456.107 INFO             PET2 ESMF library build location : /glade/scratch/himanshu/scripts_dir/daily/intel_cheyenne/esmf
20200926 222456.107 INFO             PET2 ESMF_COMM                   : mpt
20200926 222456.108 INFO             PET2 ESMF_NETCDF                 : disabled
20200926 222456.108 INFO             PET2 ESMF_PNETCDF                : disabled
20200926 222456.108 INFO             PET2 ESMF_PIO                    : enabled
20200926 222456.108 INFO             PET2 ESMF_YAMLCPP                : enabled
20200926 222456.108 INFO             PET2 ESMF_MOAB                   : enabled
20200926 222456.108 INFO             PET2 Finalizing ESMF
20200926 222456.187 INFO             PET2 !!!!!!!!!!!!!!!!!!!!!!!!!!!!!!!!!!!!!!!!!!!!!!!!!!!!!!
20200926 222456.187 INFO             PET2 !!! THE ESMF_LOG IS SET TO OUTPUT ALL LOG MESSAGES !!!
20200926 222456.187 INFO             PET2 !!!     THIS MAY CAUSE SLOWDOWN IN PERFORMANCE     !!!
20200926 222456.187 INFO             PET2 !!! FOR PRODUCTION RUNS, USE:                      !!!
20200926 222456.187 INFO             PET2 !!!                   ESMF_LOGKIND_Multi_On_Error  !!!
20200926 222456.187 INFO             PET2 !!!!!!!!!!!!!!!!!!!!!!!!!!!!!!!!!!!!!!!!!!!!!!!!!!!!!!
20200926 222456.187 INFO             PET2 Running with ESMF Version   : ESMF_8_1_0_beta_snapshot_30-2-g92e0a54ab6
20200926 222456.187 INFO             PET2 ESMF library build date/time: "Sep 26 2020" "22:13:55"
20200926 222456.187 INFO             PET2 ESMF library build location : /glade/scratch/himanshu/scripts_dir/daily/intel_cheyenne/esmf
20200926 222456.187 INFO             PET2 ESMF_COMM                   : mpt
20200926 222456.187 INFO             PET2 ESMF_NETCDF                 : disabled
20200926 222456.187 INFO             PET2 ESMF_PNETCDF                : disabled
20200926 222456.187 INFO             PET2 ESMF_PIO                    : enabled
20200926 222456.187 INFO             PET2 ESMF_YAMLCPP                : enabled
20200926 222456.187 INFO             PET2 ESMF_MOAB                   : enabled
20200926 222456.188 INFO             PET2 Finalizing ESMF
20200926 222456.270 INFO             PET2 !!!!!!!!!!!!!!!!!!!!!!!!!!!!!!!!!!!!!!!!!!!!!!!!!!!!!!
20200926 222456.270 INFO             PET2 !!! THE ESMF_LOG IS SET TO OUTPUT ALL LOG MESSAGES !!!
20200926 222456.270 INFO             PET2 !!!     THIS MAY CAUSE SLOWDOWN IN PERFORMANCE     !!!
20200926 222456.270 INFO             PET2 !!! FOR PRODUCTION RUNS, USE:                      !!!
20200926 222456.270 INFO             PET2 !!!                   ESMF_LOGKIND_Multi_On_Error  !!!
20200926 222456.270 INFO             PET2 !!!!!!!!!!!!!!!!!!!!!!!!!!!!!!!!!!!!!!!!!!!!!!!!!!!!!!
20200926 222456.270 INFO             PET2 Running with ESMF Version   : ESMF_8_1_0_beta_snapshot_30-2-g92e0a54ab6
20200926 222456.270 INFO             PET2 ESMF library build date/time: "Sep 26 2020" "22:13:55"
20200926 222456.270 INFO             PET2 ESMF library build location : /glade/scratch/himanshu/scripts_dir/daily/intel_cheyenne/esmf
20200926 222456.270 INFO             PET2 ESMF_COMM                   : mpt
20200926 222456.270 INFO             PET2 ESMF_NETCDF                 : disabled
20200926 222456.270 INFO             PET2 ESMF_PNETCDF                : disabled
20200926 222456.270 INFO             PET2 ESMF_PIO                    : enabled
20200926 222456.270 INFO             PET2 ESMF_YAMLCPP                : enabled
20200926 222456.270 INFO             PET2 ESMF_MOAB                   : enabled
20200926 222456.273 INFO             PET2 Finalizing ESMF
