20200929 004059.167 INFO             PET3 !!!!!!!!!!!!!!!!!!!!!!!!!!!!!!!!!!!!!!!!!!!!!!!!!!!!!!
20200929 004059.167 INFO             PET3 !!! THE ESMF_LOG IS SET TO OUTPUT ALL LOG MESSAGES !!!
20200929 004059.167 INFO             PET3 !!!     THIS MAY CAUSE SLOWDOWN IN PERFORMANCE     !!!
20200929 004059.167 INFO             PET3 !!! FOR PRODUCTION RUNS, USE:                      !!!
20200929 004059.167 INFO             PET3 !!!                   ESMF_LOGKIND_Multi_On_Error  !!!
20200929 004059.167 INFO             PET3 !!!!!!!!!!!!!!!!!!!!!!!!!!!!!!!!!!!!!!!!!!!!!!!!!!!!!!
20200929 004059.167 INFO             PET3 Running with ESMF Version   : ESMF_8_1_0_beta_snapshot_31
20200929 004059.167 INFO             PET3 ESMF library build date/time: "Sep 29 2020" "00:30:36"
20200929 004059.167 INFO             PET3 ESMF library build location : /glade/scratch/himanshu/scripts_dir/daily/intel_cheyenne/esmf
20200929 004059.167 INFO             PET3 ESMF_COMM                   : mpt
20200929 004059.168 INFO             PET3 ESMF_NETCDF                 : disabled
20200929 004059.168 INFO             PET3 ESMF_PNETCDF                : disabled
20200929 004059.168 INFO             PET3 ESMF_PIO                    : enabled
20200929 004059.168 INFO             PET3 ESMF_YAMLCPP                : enabled
20200929 004059.168 INFO             PET3 ESMF_MOAB                   : enabled
20200929 004059.169 INFO             PET3 Finalizing ESMF
20200929 004059.252 INFO             PET3 !!!!!!!!!!!!!!!!!!!!!!!!!!!!!!!!!!!!!!!!!!!!!!!!!!!!!!
20200929 004059.252 INFO             PET3 !!! THE ESMF_LOG IS SET TO OUTPUT ALL LOG MESSAGES !!!
20200929 004059.252 INFO             PET3 !!!     THIS MAY CAUSE SLOWDOWN IN PERFORMANCE     !!!
20200929 004059.252 INFO             PET3 !!! FOR PRODUCTION RUNS, USE:                      !!!
20200929 004059.252 INFO             PET3 !!!                   ESMF_LOGKIND_Multi_On_Error  !!!
20200929 004059.252 INFO             PET3 !!!!!!!!!!!!!!!!!!!!!!!!!!!!!!!!!!!!!!!!!!!!!!!!!!!!!!
20200929 004059.252 INFO             PET3 Running with ESMF Version   : ESMF_8_1_0_beta_snapshot_31
20200929 004059.252 INFO             PET3 ESMF library build date/time: "Sep 29 2020" "00:30:36"
20200929 004059.252 INFO             PET3 ESMF library build location : /glade/scratch/himanshu/scripts_dir/daily/intel_cheyenne/esmf
20200929 004059.252 INFO             PET3 ESMF_COMM                   : mpt
20200929 004059.252 INFO             PET3 ESMF_NETCDF                 : disabled
20200929 004059.252 INFO             PET3 ESMF_PNETCDF                : disabled
20200929 004059.252 INFO             PET3 ESMF_PIO                    : enabled
20200929 004059.252 INFO             PET3 ESMF_YAMLCPP                : enabled
20200929 004059.252 INFO             PET3 ESMF_MOAB                   : enabled
20200929 004059.253 INFO             PET3 Finalizing ESMF
20200929 004059.332 INFO             PET3 !!!!!!!!!!!!!!!!!!!!!!!!!!!!!!!!!!!!!!!!!!!!!!!!!!!!!!
20200929 004059.332 INFO             PET3 !!! THE ESMF_LOG IS SET TO OUTPUT ALL LOG MESSAGES !!!
20200929 004059.332 INFO             PET3 !!!     THIS MAY CAUSE SLOWDOWN IN PERFORMANCE     !!!
20200929 004059.332 INFO             PET3 !!! FOR PRODUCTION RUNS, USE:                      !!!
20200929 004059.332 INFO             PET3 !!!                   ESMF_LOGKIND_Multi_On_Error  !!!
20200929 004059.332 INFO             PET3 !!!!!!!!!!!!!!!!!!!!!!!!!!!!!!!!!!!!!!!!!!!!!!!!!!!!!!
20200929 004059.332 INFO             PET3 Running with ESMF Version   : ESMF_8_1_0_beta_snapshot_31
20200929 004059.332 INFO             PET3 ESMF library build date/time: "Sep 29 2020" "00:30:36"
20200929 004059.332 INFO             PET3 ESMF library build location : /glade/scratch/himanshu/scripts_dir/daily/intel_cheyenne/esmf
20200929 004059.332 INFO             PET3 ESMF_COMM                   : mpt
20200929 004059.332 INFO             PET3 ESMF_NETCDF                 : disabled
20200929 004059.332 INFO             PET3 ESMF_PNETCDF                : disabled
20200929 004059.332 INFO             PET3 ESMF_PIO                    : enabled
20200929 004059.332 INFO             PET3 ESMF_YAMLCPP                : enabled
20200929 004059.332 INFO             PET3 ESMF_MOAB                   : enabled
20200929 004059.336 INFO             PET3 Finalizing ESMF
