20210207 132050.613 INFO             PET2 !!!!!!!!!!!!!!!!!!!!!!!!!!!!!!!!!!!!!!!!!!!!!!!!!!!!!!
20210207 132050.613 INFO             PET2 !!! THE ESMF_LOG IS SET TO OUTPUT ALL LOG MESSAGES !!!
20210207 132050.613 INFO             PET2 !!!     THIS MAY CAUSE SLOWDOWN IN PERFORMANCE     !!!
20210207 132050.613 INFO             PET2 !!! FOR PRODUCTION RUNS, USE:                      !!!
20210207 132050.613 INFO             PET2 !!!                   ESMF_LOGKIND_Multi_On_Error  !!!
20210207 132050.613 INFO             PET2 !!!!!!!!!!!!!!!!!!!!!!!!!!!!!!!!!!!!!!!!!!!!!!!!!!!!!!
20210207 132050.613 INFO             PET2 Running with ESMF Version   : ESMF_8_1_0_beta_snapshot_43-58-g2869d4f82f
20210207 132050.613 INFO             PET2 ESMF library build date/time: "Feb  7 2021" "13:18:36"
20210207 132050.613 INFO             PET2 ESMF library build location : /scratch/esmf/esmf_test/cronjobs/trunk/gfortran/esmf
20210207 132050.613 INFO             PET2 ESMF_COMM                   : openmpi
20210207 132050.613 INFO             PET2 ESMF_MOAB                   : enabled
20210207 132050.613 INFO             PET2 ESMF_LAPACK                 : enabled
20210207 132050.613 INFO             PET2 ESMF_NETCDF                 : disabled
20210207 132050.613 INFO             PET2 ESMF_PNETCDF                : disabled
20210207 132050.613 INFO             PET2 ESMF_PIO                    : enabled
20210207 132050.613 INFO             PET2 ESMF_YAMLCPP                : enabled
20210207 132050.614 INFO             PET2 Finalizing ESMF
20210207 132050.799 INFO             PET2 !!!!!!!!!!!!!!!!!!!!!!!!!!!!!!!!!!!!!!!!!!!!!!!!!!!!!!
20210207 132050.800 INFO             PET2 !!! THE ESMF_LOG IS SET TO OUTPUT ALL LOG MESSAGES !!!
20210207 132050.800 INFO             PET2 !!!     THIS MAY CAUSE SLOWDOWN IN PERFORMANCE     !!!
20210207 132050.800 INFO             PET2 !!! FOR PRODUCTION RUNS, USE:                      !!!
20210207 132050.800 INFO             PET2 !!!                   ESMF_LOGKIND_Multi_On_Error  !!!
20210207 132050.800 INFO             PET2 !!!!!!!!!!!!!!!!!!!!!!!!!!!!!!!!!!!!!!!!!!!!!!!!!!!!!!
20210207 132050.800 INFO             PET2 Running with ESMF Version   : ESMF_8_1_0_beta_snapshot_43-58-g2869d4f82f
20210207 132050.800 INFO             PET2 ESMF library build date/time: "Feb  7 2021" "13:18:36"
20210207 132050.800 INFO             PET2 ESMF library build location : /scratch/esmf/esmf_test/cronjobs/trunk/gfortran/esmf
20210207 132050.800 INFO             PET2 ESMF_COMM                   : openmpi
20210207 132050.800 INFO             PET2 ESMF_MOAB                   : enabled
20210207 132050.800 INFO             PET2 ESMF_LAPACK                 : enabled
20210207 132050.800 INFO             PET2 ESMF_NETCDF                 : disabled
20210207 132050.800 INFO             PET2 ESMF_PNETCDF                : disabled
20210207 132050.800 INFO             PET2 ESMF_PIO                    : enabled
20210207 132050.800 INFO             PET2 ESMF_YAMLCPP                : enabled
20210207 132050.800 INFO             PET2 Finalizing ESMF
20210207 132050.989 INFO             PET2 !!!!!!!!!!!!!!!!!!!!!!!!!!!!!!!!!!!!!!!!!!!!!!!!!!!!!!
20210207 132050.989 INFO             PET2 !!! THE ESMF_LOG IS SET TO OUTPUT ALL LOG MESSAGES !!!
20210207 132050.989 INFO             PET2 !!!     THIS MAY CAUSE SLOWDOWN IN PERFORMANCE     !!!
20210207 132050.989 INFO             PET2 !!! FOR PRODUCTION RUNS, USE:                      !!!
20210207 132050.989 INFO             PET2 !!!                   ESMF_LOGKIND_Multi_On_Error  !!!
20210207 132050.989 INFO             PET2 !!!!!!!!!!!!!!!!!!!!!!!!!!!!!!!!!!!!!!!!!!!!!!!!!!!!!!
20210207 132050.989 INFO             PET2 Running with ESMF Version   : ESMF_8_1_0_beta_snapshot_43-58-g2869d4f82f
20210207 132050.989 INFO             PET2 ESMF library build date/time: "Feb  7 2021" "13:18:36"
20210207 132050.989 INFO             PET2 ESMF library build location : /scratch/esmf/esmf_test/cronjobs/trunk/gfortran/esmf
20210207 132050.989 INFO             PET2 ESMF_COMM                   : openmpi
20210207 132050.989 INFO             PET2 ESMF_MOAB                   : enabled
20210207 132050.989 INFO             PET2 ESMF_LAPACK                 : enabled
20210207 132050.989 INFO             PET2 ESMF_NETCDF                 : disabled
20210207 132050.989 INFO             PET2 ESMF_PNETCDF                : disabled
20210207 132050.989 INFO             PET2 ESMF_PIO                    : enabled
20210207 132050.989 INFO             PET2 ESMF_YAMLCPP                : enabled
20210207 132050.989 INFO             PET2 Finalizing ESMF
Sun Feb  7 13:43:42 MST 2021
