20201228 133433.789 INFO             PET3 !!!!!!!!!!!!!!!!!!!!!!!!!!!!!!!!!!!!!!!!!!!!!!!!!!!!!!
20201228 133433.790 INFO             PET3 !!! THE ESMF_LOG IS SET TO OUTPUT ALL LOG MESSAGES !!!
20201228 133433.790 INFO             PET3 !!!     THIS MAY CAUSE SLOWDOWN IN PERFORMANCE     !!!
20201228 133433.790 INFO             PET3 !!! FOR PRODUCTION RUNS, USE:                      !!!
20201228 133433.790 INFO             PET3 !!!                   ESMF_LOGKIND_Multi_On_Error  !!!
20201228 133433.790 INFO             PET3 !!!!!!!!!!!!!!!!!!!!!!!!!!!!!!!!!!!!!!!!!!!!!!!!!!!!!!
20201228 133433.790 INFO             PET3 Running with ESMF Version   : ESMF_8_1_0_beta_snapshot_40-4-ga072c96c19
20201228 133433.790 INFO             PET3 ESMF library build date/time: "Dec 28 2020" "13:32:24"
20201228 133433.790 INFO             PET3 ESMF library build location : /scratch/esmf/esmf_test/cronjobs/trunk/gfortran/esmf
20201228 133433.790 INFO             PET3 ESMF_COMM                   : openmpi
20201228 133433.790 INFO             PET3 ESMF_NETCDF                 : disabled
20201228 133433.790 INFO             PET3 ESMF_PNETCDF                : disabled
20201228 133433.790 INFO             PET3 ESMF_PIO                    : enabled
20201228 133433.790 INFO             PET3 ESMF_YAMLCPP                : enabled
20201228 133433.790 INFO             PET3 ESMF_MOAB                   : enabled
20201228 133433.791 INFO             PET3 Finalizing ESMF
20201228 133433.993 INFO             PET3 !!!!!!!!!!!!!!!!!!!!!!!!!!!!!!!!!!!!!!!!!!!!!!!!!!!!!!
20201228 133433.993 INFO             PET3 !!! THE ESMF_LOG IS SET TO OUTPUT ALL LOG MESSAGES !!!
20201228 133433.993 INFO             PET3 !!!     THIS MAY CAUSE SLOWDOWN IN PERFORMANCE     !!!
20201228 133433.993 INFO             PET3 !!! FOR PRODUCTION RUNS, USE:                      !!!
20201228 133433.993 INFO             PET3 !!!                   ESMF_LOGKIND_Multi_On_Error  !!!
20201228 133433.993 INFO             PET3 !!!!!!!!!!!!!!!!!!!!!!!!!!!!!!!!!!!!!!!!!!!!!!!!!!!!!!
20201228 133433.993 INFO             PET3 Running with ESMF Version   : ESMF_8_1_0_beta_snapshot_40-4-ga072c96c19
20201228 133433.993 INFO             PET3 ESMF library build date/time: "Dec 28 2020" "13:32:24"
20201228 133433.993 INFO             PET3 ESMF library build location : /scratch/esmf/esmf_test/cronjobs/trunk/gfortran/esmf
20201228 133433.993 INFO             PET3 ESMF_COMM                   : openmpi
20201228 133433.993 INFO             PET3 ESMF_NETCDF                 : disabled
20201228 133433.993 INFO             PET3 ESMF_PNETCDF                : disabled
20201228 133433.994 INFO             PET3 ESMF_PIO                    : enabled
20201228 133433.994 INFO             PET3 ESMF_YAMLCPP                : enabled
20201228 133433.994 INFO             PET3 ESMF_MOAB                   : enabled
20201228 133433.994 INFO             PET3 Finalizing ESMF
20201228 133434.220 INFO             PET3 !!!!!!!!!!!!!!!!!!!!!!!!!!!!!!!!!!!!!!!!!!!!!!!!!!!!!!
20201228 133434.220 INFO             PET3 !!! THE ESMF_LOG IS SET TO OUTPUT ALL LOG MESSAGES !!!
20201228 133434.220 INFO             PET3 !!!     THIS MAY CAUSE SLOWDOWN IN PERFORMANCE     !!!
20201228 133434.220 INFO             PET3 !!! FOR PRODUCTION RUNS, USE:                      !!!
20201228 133434.220 INFO             PET3 !!!                   ESMF_LOGKIND_Multi_On_Error  !!!
20201228 133434.220 INFO             PET3 !!!!!!!!!!!!!!!!!!!!!!!!!!!!!!!!!!!!!!!!!!!!!!!!!!!!!!
20201228 133434.220 INFO             PET3 Running with ESMF Version   : ESMF_8_1_0_beta_snapshot_40-4-ga072c96c19
20201228 133434.220 INFO             PET3 ESMF library build date/time: "Dec 28 2020" "13:32:24"
20201228 133434.220 INFO             PET3 ESMF library build location : /scratch/esmf/esmf_test/cronjobs/trunk/gfortran/esmf
20201228 133434.220 INFO             PET3 ESMF_COMM                   : openmpi
20201228 133434.221 INFO             PET3 ESMF_NETCDF                 : disabled
20201228 133434.221 INFO             PET3 ESMF_PNETCDF                : disabled
20201228 133434.221 INFO             PET3 ESMF_PIO                    : enabled
20201228 133434.221 INFO             PET3 ESMF_YAMLCPP                : enabled
20201228 133434.221 INFO             PET3 ESMF_MOAB                   : enabled
20201228 133434.221 INFO             PET3 Finalizing ESMF
Mon Dec 28 13:57:20 MST 2020
