20201123 043041.606 INFO             PET3 !!!!!!!!!!!!!!!!!!!!!!!!!!!!!!!!!!!!!!!!!!!!!!!!!!!!!!
20201123 043041.606 INFO             PET3 !!! THE ESMF_LOG IS SET TO OUTPUT ALL LOG MESSAGES !!!
20201123 043041.606 INFO             PET3 !!!     THIS MAY CAUSE SLOWDOWN IN PERFORMANCE     !!!
20201123 043041.606 INFO             PET3 !!! FOR PRODUCTION RUNS, USE:                      !!!
20201123 043041.606 INFO             PET3 !!!                   ESMF_LOGKIND_Multi_On_Error  !!!
20201123 043041.606 INFO             PET3 !!!!!!!!!!!!!!!!!!!!!!!!!!!!!!!!!!!!!!!!!!!!!!!!!!!!!!
20201123 043041.606 INFO             PET3 Running with ESMF Version   : ESMF_8_1_0_beta_snapshot_38
20201123 043041.606 INFO             PET3 ESMF library build date/time: "Nov 23 2020" "04:28:38"
20201123 043041.606 INFO             PET3 ESMF library build location : /scratch/esmf/esmf_test/cronjobs/trunk/gfortran/esmf
20201123 043041.606 INFO             PET3 ESMF_COMM                   : openmpi
20201123 043041.606 INFO             PET3 ESMF_NETCDF                 : disabled
20201123 043041.606 INFO             PET3 ESMF_PNETCDF                : disabled
20201123 043041.606 INFO             PET3 ESMF_PIO                    : enabled
20201123 043041.606 INFO             PET3 ESMF_YAMLCPP                : enabled
20201123 043041.606 INFO             PET3 ESMF_MOAB                   : enabled
20201123 043041.607 INFO             PET3 Finalizing ESMF
20201123 043041.813 INFO             PET3 !!!!!!!!!!!!!!!!!!!!!!!!!!!!!!!!!!!!!!!!!!!!!!!!!!!!!!
20201123 043041.813 INFO             PET3 !!! THE ESMF_LOG IS SET TO OUTPUT ALL LOG MESSAGES !!!
20201123 043041.813 INFO             PET3 !!!     THIS MAY CAUSE SLOWDOWN IN PERFORMANCE     !!!
20201123 043041.813 INFO             PET3 !!! FOR PRODUCTION RUNS, USE:                      !!!
20201123 043041.813 INFO             PET3 !!!                   ESMF_LOGKIND_Multi_On_Error  !!!
20201123 043041.813 INFO             PET3 !!!!!!!!!!!!!!!!!!!!!!!!!!!!!!!!!!!!!!!!!!!!!!!!!!!!!!
20201123 043041.813 INFO             PET3 Running with ESMF Version   : ESMF_8_1_0_beta_snapshot_38
20201123 043041.813 INFO             PET3 ESMF library build date/time: "Nov 23 2020" "04:28:38"
20201123 043041.813 INFO             PET3 ESMF library build location : /scratch/esmf/esmf_test/cronjobs/trunk/gfortran/esmf
20201123 043041.813 INFO             PET3 ESMF_COMM                   : openmpi
20201123 043041.814 INFO             PET3 ESMF_NETCDF                 : disabled
20201123 043041.814 INFO             PET3 ESMF_PNETCDF                : disabled
20201123 043041.814 INFO             PET3 ESMF_PIO                    : enabled
20201123 043041.814 INFO             PET3 ESMF_YAMLCPP                : enabled
20201123 043041.814 INFO             PET3 ESMF_MOAB                   : enabled
20201123 043041.814 INFO             PET3 Finalizing ESMF
20201123 043042.027 INFO             PET3 !!!!!!!!!!!!!!!!!!!!!!!!!!!!!!!!!!!!!!!!!!!!!!!!!!!!!!
20201123 043042.027 INFO             PET3 !!! THE ESMF_LOG IS SET TO OUTPUT ALL LOG MESSAGES !!!
20201123 043042.027 INFO             PET3 !!!     THIS MAY CAUSE SLOWDOWN IN PERFORMANCE     !!!
20201123 043042.027 INFO             PET3 !!! FOR PRODUCTION RUNS, USE:                      !!!
20201123 043042.027 INFO             PET3 !!!                   ESMF_LOGKIND_Multi_On_Error  !!!
20201123 043042.027 INFO             PET3 !!!!!!!!!!!!!!!!!!!!!!!!!!!!!!!!!!!!!!!!!!!!!!!!!!!!!!
20201123 043042.027 INFO             PET3 Running with ESMF Version   : ESMF_8_1_0_beta_snapshot_38
20201123 043042.027 INFO             PET3 ESMF library build date/time: "Nov 23 2020" "04:28:38"
20201123 043042.027 INFO             PET3 ESMF library build location : /scratch/esmf/esmf_test/cronjobs/trunk/gfortran/esmf
20201123 043042.027 INFO             PET3 ESMF_COMM                   : openmpi
20201123 043042.028 INFO             PET3 ESMF_NETCDF                 : disabled
20201123 043042.028 INFO             PET3 ESMF_PNETCDF                : disabled
20201123 043042.028 INFO             PET3 ESMF_PIO                    : enabled
20201123 043042.028 INFO             PET3 ESMF_YAMLCPP                : enabled
20201123 043042.028 INFO             PET3 ESMF_MOAB                   : enabled
20201123 043042.028 INFO             PET3 Finalizing ESMF
Mon Nov 23 04:53:34 MST 2020
