20210214 142412.220 INFO             PET0 !!!!!!!!!!!!!!!!!!!!!!!!!!!!!!!!!!!!!!!!!!!!!!!!!!!!!!
20210214 142412.220 INFO             PET0 !!! THE ESMF_LOG IS SET TO OUTPUT ALL LOG MESSAGES !!!
20210214 142412.220 INFO             PET0 !!!     THIS MAY CAUSE SLOWDOWN IN PERFORMANCE     !!!
20210214 142412.220 INFO             PET0 !!! FOR PRODUCTION RUNS, USE:                      !!!
20210214 142412.220 INFO             PET0 !!!                   ESMF_LOGKIND_Multi_On_Error  !!!
20210214 142412.220 INFO             PET0 !!!!!!!!!!!!!!!!!!!!!!!!!!!!!!!!!!!!!!!!!!!!!!!!!!!!!!
20210214 142412.220 INFO             PET0 Running with ESMF Version   : ESMF_8_1_0_beta_snapshot_44-80-g014a1253fa
20210214 142412.220 INFO             PET0 ESMF library build date/time: "Feb 14 2021" "14:12:48"
20210214 142412.220 INFO             PET0 ESMF library build location : /glade/scratch/himanshu/scripts_dir/daily/gfortran_cheyenne/esmf
20210214 142412.220 INFO             PET0 ESMF_COMM                   : openmpi
20210214 142412.220 INFO             PET0 ESMF_MOAB                   : enabled
20210214 142412.220 INFO             PET0 ESMF_LAPACK                 : enabled
20210214 142412.220 INFO             PET0 ESMF_NETCDF                 : disabled
20210214 142412.220 INFO             PET0 ESMF_PNETCDF                : disabled
20210214 142412.220 INFO             PET0 ESMF_PIO                    : enabled
20210214 142412.220 INFO             PET0 ESMF_YAMLCPP                : enabled
20210214 142412.221 INFO             PET0  NUMBER_OF_PROCESSORS           1
20210214 142412.221 INFO             PET0  PASS  Example ESMF_ClockEx, ESMF_ClockEx.F90, line 220
20210214 142412.221 INFO             PET0 Finalizing ESMF
Sun Feb 14 15:48:22 MST 2021
