commit 840f8356b11801c9e05f01917a83d5e15e0bac39
Author: Himanshu Pillai <himanshu@izumi.unified.ucar.edu>
Date:   Sat Feb 27 19:13:04 2021 -0700

     Release 8.1.0 Izumi Intel commit log pushed at Sat Feb 27 19:13:04 MST 2021 [ci skip]

commit 5a2536aac86ba4dd2b2265b7899993c319324060
Author: Himanshu Pillai <himanshu@izumi.unified.ucar.edu>
Date:   Fri Feb 26 13:51:14 2021 -0700

     Release 8.1.0 Izumi Intel commit log pushed at Fri Feb 26 13:51:13 MST 2021 [ci skip]

commit 8c384732841aa1e9ea5a3eb5c284410b0e1057fd
Author: Himanshu Pillai <himanshu@izumi.unified.ucar.edu>
Date:   Thu Feb 25 04:14:27 2021 -0700

     Release 8.1.0 Izumi Intel commit log pushed at Thu Feb 25 04:14:27 MST 2021 [ci skip]

commit 8ad93a3fca58b545a445538ad79bc6ff712b823d
Author: Himanshu Pillai <himanshu@izumi.unified.ucar.edu>
Date:   Wed Feb 24 11:03:05 2021 -0700

     Release 8.1.0 Izumi Intel commit log pushed at Wed Feb 24 11:03:05 MST 2021 [ci skip]

commit 0a64c39c6e433befe6594236b2d95afed2ae7dda
Author: Himanshu Pillai <himanshu@izumi.unified.ucar.edu>
Date:   Tue Feb 23 14:03:33 2021 -0700

     Release 8.1.0 Izumi Intel commit log pushed at Tue Feb 23 14:03:33 MST 2021 [ci skip]
