20200826 235337.480 INFO             PET0 !!!!!!!!!!!!!!!!!!!!!!!!!!!!!!!!!!!!!!!!!!!!!!!!!!!!!!
20200826 235337.480 INFO             PET0 !!! THE ESMF_LOG IS SET TO OUTPUT ALL LOG MESSAGES !!!
20200826 235337.480 INFO             PET0 !!!     THIS MAY CAUSE SLOWDOWN IN PERFORMANCE     !!!
20200826 235337.480 INFO             PET0 !!! FOR PRODUCTION RUNS, USE:                      !!!
20200826 235337.480 INFO             PET0 !!!                   ESMF_LOGKIND_Multi_On_Error  !!!
20200826 235337.480 INFO             PET0 !!!!!!!!!!!!!!!!!!!!!!!!!!!!!!!!!!!!!!!!!!!!!!!!!!!!!!
20200826 235337.480 INFO             PET0 Running with ESMF Version   : ESMF_8_1_0_beta_snapshot_26-41-g94befe01fa
20200826 235337.480 INFO             PET0 ESMF library build date/time: "Aug 26 2020" "23:39:56"
20200826 235337.480 INFO             PET0 ESMF library build location : /glade/scratch/himanshu/scripts_dir/daily/intel_cheyenne/esmf
20200826 235337.480 INFO             PET0 ESMF_COMM                   : mpt
20200826 235337.481 INFO             PET0 ESMF_NETCDF                 : disabled
20200826 235337.481 INFO             PET0 ESMF_PNETCDF                : disabled
20200826 235337.481 INFO             PET0 ESMF_PIO                    : enabled
20200826 235337.481 INFO             PET0 ESMF_YAMLCPP                : enabled
20200826 235337.481 INFO             PET0 ESMF_MOAB                   : enabled
20200826 235337.481 INFO             PET0 Finalizing ESMF
20200826 235337.598 INFO             PET0 !!!!!!!!!!!!!!!!!!!!!!!!!!!!!!!!!!!!!!!!!!!!!!!!!!!!!!
20200826 235337.598 INFO             PET0 !!! THE ESMF_LOG IS SET TO OUTPUT ALL LOG MESSAGES !!!
20200826 235337.599 INFO             PET0 !!!     THIS MAY CAUSE SLOWDOWN IN PERFORMANCE     !!!
20200826 235337.599 INFO             PET0 !!! FOR PRODUCTION RUNS, USE:                      !!!
20200826 235337.599 INFO             PET0 !!!                   ESMF_LOGKIND_Multi_On_Error  !!!
20200826 235337.599 INFO             PET0 !!!!!!!!!!!!!!!!!!!!!!!!!!!!!!!!!!!!!!!!!!!!!!!!!!!!!!
20200826 235337.599 INFO             PET0 Running with ESMF Version   : ESMF_8_1_0_beta_snapshot_26-41-g94befe01fa
20200826 235337.599 INFO             PET0 ESMF library build date/time: "Aug 26 2020" "23:39:56"
20200826 235337.599 INFO             PET0 ESMF library build location : /glade/scratch/himanshu/scripts_dir/daily/intel_cheyenne/esmf
20200826 235337.599 INFO             PET0 ESMF_COMM                   : mpt
20200826 235337.599 INFO             PET0 ESMF_NETCDF                 : disabled
20200826 235337.599 INFO             PET0 ESMF_PNETCDF                : disabled
20200826 235337.599 INFO             PET0 ESMF_PIO                    : enabled
20200826 235337.599 INFO             PET0 ESMF_YAMLCPP                : enabled
20200826 235337.599 INFO             PET0 ESMF_MOAB                   : enabled
20200826 235337.599 INFO             PET0 Finalizing ESMF
20200826 235337.713 INFO             PET0 !!!!!!!!!!!!!!!!!!!!!!!!!!!!!!!!!!!!!!!!!!!!!!!!!!!!!!
20200826 235337.713 INFO             PET0 !!! THE ESMF_LOG IS SET TO OUTPUT ALL LOG MESSAGES !!!
20200826 235337.713 INFO             PET0 !!!     THIS MAY CAUSE SLOWDOWN IN PERFORMANCE     !!!
20200826 235337.713 INFO             PET0 !!! FOR PRODUCTION RUNS, USE:                      !!!
20200826 235337.713 INFO             PET0 !!!                   ESMF_LOGKIND_Multi_On_Error  !!!
20200826 235337.713 INFO             PET0 !!!!!!!!!!!!!!!!!!!!!!!!!!!!!!!!!!!!!!!!!!!!!!!!!!!!!!
20200826 235337.713 INFO             PET0 Running with ESMF Version   : ESMF_8_1_0_beta_snapshot_26-41-g94befe01fa
20200826 235337.713 INFO             PET0 ESMF library build date/time: "Aug 26 2020" "23:39:56"
20200826 235337.713 INFO             PET0 ESMF library build location : /glade/scratch/himanshu/scripts_dir/daily/intel_cheyenne/esmf
20200826 235337.713 INFO             PET0 ESMF_COMM                   : mpt
20200826 235337.713 INFO             PET0 ESMF_NETCDF                 : disabled
20200826 235337.713 INFO             PET0 ESMF_PNETCDF                : disabled
20200826 235337.713 INFO             PET0 ESMF_PIO                    : enabled
20200826 235337.713 INFO             PET0 ESMF_YAMLCPP                : enabled
20200826 235337.713 INFO             PET0 ESMF_MOAB                   : enabled
20200826 235337.716 INFO             PET0 Finalizing ESMF
