20210212 122248.927 INFO             PET0 !!!!!!!!!!!!!!!!!!!!!!!!!!!!!!!!!!!!!!!!!!!!!!!!!!!!!!
20210212 122248.927 INFO             PET0 !!! THE ESMF_LOG IS SET TO OUTPUT ALL LOG MESSAGES !!!
20210212 122248.927 INFO             PET0 !!!     THIS MAY CAUSE SLOWDOWN IN PERFORMANCE     !!!
20210212 122248.927 INFO             PET0 !!! FOR PRODUCTION RUNS, USE:                      !!!
20210212 122248.927 INFO             PET0 !!!                   ESMF_LOGKIND_Multi_On_Error  !!!
20210212 122248.927 INFO             PET0 !!!!!!!!!!!!!!!!!!!!!!!!!!!!!!!!!!!!!!!!!!!!!!!!!!!!!!
20210212 122248.927 INFO             PET0 Running with ESMF Version   : ESMF_8_1_0_beta_snapshot_44-71-g5a2c3f2e38
20210212 122248.927 INFO             PET0 ESMF library build date/time: "Feb 12 2021" "12:20:07"
20210212 122248.927 INFO             PET0 ESMF library build location : /glade/scratch/himanshu/scripts_dir/daily/gfortran_cheyenne/esmf
20210212 122248.927 INFO             PET0 ESMF_COMM                   : openmpi
20210212 122248.927 INFO             PET0 ESMF_MOAB                   : enabled
20210212 122248.927 INFO             PET0 ESMF_LAPACK                 : enabled
20210212 122248.927 INFO             PET0 ESMF_NETCDF                 : disabled
20210212 122248.927 INFO             PET0 ESMF_PNETCDF                : disabled
20210212 122248.927 INFO             PET0 ESMF_PIO                    : enabled
20210212 122248.927 INFO             PET0 ESMF_YAMLCPP                : enabled
20210212 122248.928 INFO             PET0 Finalizing ESMF
20210212 122249.334 INFO             PET0 !!!!!!!!!!!!!!!!!!!!!!!!!!!!!!!!!!!!!!!!!!!!!!!!!!!!!!
20210212 122249.334 INFO             PET0 !!! THE ESMF_LOG IS SET TO OUTPUT ALL LOG MESSAGES !!!
20210212 122249.334 INFO             PET0 !!!     THIS MAY CAUSE SLOWDOWN IN PERFORMANCE     !!!
20210212 122249.334 INFO             PET0 !!! FOR PRODUCTION RUNS, USE:                      !!!
20210212 122249.334 INFO             PET0 !!!                   ESMF_LOGKIND_Multi_On_Error  !!!
20210212 122249.334 INFO             PET0 !!!!!!!!!!!!!!!!!!!!!!!!!!!!!!!!!!!!!!!!!!!!!!!!!!!!!!
20210212 122249.334 INFO             PET0 Running with ESMF Version   : ESMF_8_1_0_beta_snapshot_44-71-g5a2c3f2e38
20210212 122249.334 INFO             PET0 ESMF library build date/time: "Feb 12 2021" "12:20:07"
20210212 122249.334 INFO             PET0 ESMF library build location : /glade/scratch/himanshu/scripts_dir/daily/gfortran_cheyenne/esmf
20210212 122249.334 INFO             PET0 ESMF_COMM                   : openmpi
20210212 122249.334 INFO             PET0 ESMF_MOAB                   : enabled
20210212 122249.334 INFO             PET0 ESMF_LAPACK                 : enabled
20210212 122249.334 INFO             PET0 ESMF_NETCDF                 : disabled
20210212 122249.334 INFO             PET0 ESMF_PNETCDF                : disabled
20210212 122249.334 INFO             PET0 ESMF_PIO                    : enabled
20210212 122249.334 INFO             PET0 ESMF_YAMLCPP                : enabled
20210212 122249.334 INFO             PET0 Finalizing ESMF
20210212 122249.727 INFO             PET0 !!!!!!!!!!!!!!!!!!!!!!!!!!!!!!!!!!!!!!!!!!!!!!!!!!!!!!
20210212 122249.727 INFO             PET0 !!! THE ESMF_LOG IS SET TO OUTPUT ALL LOG MESSAGES !!!
20210212 122249.727 INFO             PET0 !!!     THIS MAY CAUSE SLOWDOWN IN PERFORMANCE     !!!
20210212 122249.727 INFO             PET0 !!! FOR PRODUCTION RUNS, USE:                      !!!
20210212 122249.727 INFO             PET0 !!!                   ESMF_LOGKIND_Multi_On_Error  !!!
20210212 122249.727 INFO             PET0 !!!!!!!!!!!!!!!!!!!!!!!!!!!!!!!!!!!!!!!!!!!!!!!!!!!!!!
20210212 122249.727 INFO             PET0 Running with ESMF Version   : ESMF_8_1_0_beta_snapshot_44-71-g5a2c3f2e38
20210212 122249.727 INFO             PET0 ESMF library build date/time: "Feb 12 2021" "12:20:07"
20210212 122249.727 INFO             PET0 ESMF library build location : /glade/scratch/himanshu/scripts_dir/daily/gfortran_cheyenne/esmf
20210212 122249.727 INFO             PET0 ESMF_COMM                   : openmpi
20210212 122249.731 INFO             PET0 ESMF_MOAB                   : enabled
20210212 122249.731 INFO             PET0 ESMF_LAPACK                 : enabled
20210212 122249.731 INFO             PET0 ESMF_NETCDF                 : disabled
20210212 122249.731 INFO             PET0 ESMF_PNETCDF                : disabled
20210212 122249.731 INFO             PET0 ESMF_PIO                    : enabled
20210212 122249.731 INFO             PET0 ESMF_YAMLCPP                : enabled
20210212 122249.731 INFO             PET0 Finalizing ESMF
Fri Feb 12 14:29:18 MST 2021
