20210220 155431.556 INFO             PET0 !!!!!!!!!!!!!!!!!!!!!!!!!!!!!!!!!!!!!!!!!!!!!!!!!!!!!!
20210220 155431.556 INFO             PET0 !!! THE ESMF_LOG IS SET TO OUTPUT ALL LOG MESSAGES !!!
20210220 155431.556 INFO             PET0 !!!     THIS MAY CAUSE SLOWDOWN IN PERFORMANCE     !!!
20210220 155431.556 INFO             PET0 !!! FOR PRODUCTION RUNS, USE:                      !!!
20210220 155431.556 INFO             PET0 !!!                   ESMF_LOGKIND_Multi_On_Error  !!!
20210220 155431.556 INFO             PET0 !!!!!!!!!!!!!!!!!!!!!!!!!!!!!!!!!!!!!!!!!!!!!!!!!!!!!!
20210220 155431.556 INFO             PET0 Running with ESMF Version   : ESMF_8_2_0_beta_snapshot_00
20210220 155431.556 INFO             PET0 ESMF library build date/time: "Feb 20 2021" "15:51:47"
20210220 155431.556 INFO             PET0 ESMF library build location : /glade/scratch/himanshu/scripts_dir/daily/gfortran_cheyenne/esmf
20210220 155431.556 INFO             PET0 ESMF_COMM                   : openmpi
20210220 155431.556 INFO             PET0 ESMF_MOAB                   : enabled
20210220 155431.556 INFO             PET0 ESMF_LAPACK                 : enabled
20210220 155431.556 INFO             PET0 ESMF_NETCDF                 : disabled
20210220 155431.556 INFO             PET0 ESMF_PNETCDF                : disabled
20210220 155431.556 INFO             PET0 ESMF_PIO                    : enabled
20210220 155431.556 INFO             PET0 ESMF_YAMLCPP                : enabled
20210220 155431.557 INFO             PET0 Finalizing ESMF
20210220 155431.950 INFO             PET0 !!!!!!!!!!!!!!!!!!!!!!!!!!!!!!!!!!!!!!!!!!!!!!!!!!!!!!
20210220 155431.950 INFO             PET0 !!! THE ESMF_LOG IS SET TO OUTPUT ALL LOG MESSAGES !!!
20210220 155431.950 INFO             PET0 !!!     THIS MAY CAUSE SLOWDOWN IN PERFORMANCE     !!!
20210220 155431.950 INFO             PET0 !!! FOR PRODUCTION RUNS, USE:                      !!!
20210220 155431.950 INFO             PET0 !!!                   ESMF_LOGKIND_Multi_On_Error  !!!
20210220 155431.950 INFO             PET0 !!!!!!!!!!!!!!!!!!!!!!!!!!!!!!!!!!!!!!!!!!!!!!!!!!!!!!
20210220 155431.950 INFO             PET0 Running with ESMF Version   : ESMF_8_2_0_beta_snapshot_00
20210220 155431.950 INFO             PET0 ESMF library build date/time: "Feb 20 2021" "15:51:47"
20210220 155431.950 INFO             PET0 ESMF library build location : /glade/scratch/himanshu/scripts_dir/daily/gfortran_cheyenne/esmf
20210220 155431.950 INFO             PET0 ESMF_COMM                   : openmpi
20210220 155431.950 INFO             PET0 ESMF_MOAB                   : enabled
20210220 155431.950 INFO             PET0 ESMF_LAPACK                 : enabled
20210220 155431.950 INFO             PET0 ESMF_NETCDF                 : disabled
20210220 155431.950 INFO             PET0 ESMF_PNETCDF                : disabled
20210220 155431.950 INFO             PET0 ESMF_PIO                    : enabled
20210220 155431.950 INFO             PET0 ESMF_YAMLCPP                : enabled
20210220 155431.950 INFO             PET0 Finalizing ESMF
20210220 155432.338 INFO             PET0 !!!!!!!!!!!!!!!!!!!!!!!!!!!!!!!!!!!!!!!!!!!!!!!!!!!!!!
20210220 155432.338 INFO             PET0 !!! THE ESMF_LOG IS SET TO OUTPUT ALL LOG MESSAGES !!!
20210220 155432.338 INFO             PET0 !!!     THIS MAY CAUSE SLOWDOWN IN PERFORMANCE     !!!
20210220 155432.338 INFO             PET0 !!! FOR PRODUCTION RUNS, USE:                      !!!
20210220 155432.338 INFO             PET0 !!!                   ESMF_LOGKIND_Multi_On_Error  !!!
20210220 155432.338 INFO             PET0 !!!!!!!!!!!!!!!!!!!!!!!!!!!!!!!!!!!!!!!!!!!!!!!!!!!!!!
20210220 155432.338 INFO             PET0 Running with ESMF Version   : ESMF_8_2_0_beta_snapshot_00
20210220 155432.338 INFO             PET0 ESMF library build date/time: "Feb 20 2021" "15:51:47"
20210220 155432.338 INFO             PET0 ESMF library build location : /glade/scratch/himanshu/scripts_dir/daily/gfortran_cheyenne/esmf
20210220 155432.338 INFO             PET0 ESMF_COMM                   : openmpi
20210220 155432.341 INFO             PET0 ESMF_MOAB                   : enabled
20210220 155432.341 INFO             PET0 ESMF_LAPACK                 : enabled
20210220 155432.341 INFO             PET0 ESMF_NETCDF                 : disabled
20210220 155432.341 INFO             PET0 ESMF_PNETCDF                : disabled
20210220 155432.341 INFO             PET0 ESMF_PIO                    : enabled
20210220 155432.341 INFO             PET0 ESMF_YAMLCPP                : enabled
20210220 155432.341 INFO             PET0 Finalizing ESMF
Sat Feb 20 18:00:00 MST 2021
