 --------------------------------------- 
 Start of ESMF_SCompEx Example
 --------------------------------------- 

Program received signal SIGABRT: Process abort signal.

Backtrace for this error:

Program received signal SIGABRT: Process abort signal.

Backtrace for this error:

Program received signal SIGABRT: Process abort signal.

Backtrace for this error:

Program received signal SIGABRT: Process abort signal.

Backtrace for this error:
#0  0x10ba0148d
#1  0x10ba008c3
#2  0x7fff7db8fb5c
#0  0x110c0348d
#1  0x110c028c3
#2  0x7fff7db8fb5c
#0  0x10c1a548d
#1  0x10c1a48c3
#2  0x7fff7db8fb5c
#0  0x11196a48d
#1  0x1119698c3
#2  0x7fff7db8fb5c

===================================================================================
=   BAD TERMINATION OF ONE OF YOUR APPLICATION PROCESSES
=   PID 46605 RUNNING AT cgdm-catania
=   EXIT CODE: 6
=   CLEANING UP REMAINING PROCESSES
=   YOU CAN IGNORE THE BELOW CLEANUP MESSAGES
===================================================================================
YOUR APPLICATION TERMINATED WITH THE EXIT STRING: Abort trap: 6 (signal 6)
This typically refers to a problem with your application.
Please see the FAQ page for debugging suggestions
