 --------------------------------------- 
 Start of ESMF_Trace Example
 --------------------------------------- 

Program received signal SIGABRT: Process abort signal.

Backtrace for this error:

Program received signal SIGABRT: Process abort signal.

Backtrace for this error:

Program received signal SIGABRT: Process abort signal.

Backtrace for this error:

Program received signal SIGABRT: Process abort signal.

Backtrace for this error:
#0  0x10bbfb48d
#1  0x10bbfa8c3
#2  0x7fff7db8fb5c
#0  0x103cb248d
#1  0x103cb18c3
#2  0x7fff7db8fb5c
#0  0x10c02948d
#1  0x10c0288c3
#2  0x7fff7db8fb5c
#0  0x1033b648d
#1  0x1033b58c3
#2  0x7fff7db8fb5c

===================================================================================
=   BAD TERMINATION OF ONE OF YOUR APPLICATION PROCESSES
=   PID 22474 RUNNING AT cgdm-catania
=   EXIT CODE: 6
=   CLEANING UP REMAINING PROCESSES
=   YOU CAN IGNORE THE BELOW CLEANUP MESSAGES
===================================================================================
YOUR APPLICATION TERMINATED WITH THE EXIT STRING: Abort trap: 6 (signal 6)
This typically refers to a problem with your application.
Please see the FAQ page for debugging suggestions
