20210220 214339.801 INFO             PET0 !!!!!!!!!!!!!!!!!!!!!!!!!!!!!!!!!!!!!!!!!!!!!!!!!!!!!!
20210220 214339.802 INFO             PET0 !!! THE ESMF_LOG IS SET TO OUTPUT ALL LOG MESSAGES !!!
20210220 214339.802 INFO             PET0 !!!     THIS MAY CAUSE SLOWDOWN IN PERFORMANCE     !!!
20210220 214339.802 INFO             PET0 !!! FOR PRODUCTION RUNS, USE:                      !!!
20210220 214339.802 INFO             PET0 !!!                   ESMF_LOGKIND_Multi_On_Error  !!!
20210220 214339.802 INFO             PET0 !!!!!!!!!!!!!!!!!!!!!!!!!!!!!!!!!!!!!!!!!!!!!!!!!!!!!!
20210220 214339.802 INFO             PET0 Running with ESMF Version   : ESMF_8_1_0_beta_snapshot_47
20210220 214339.802 INFO             PET0 ESMF library build date/time: "Feb 20 2021" "21:39:16"
20210220 214339.802 INFO             PET0 ESMF library build location : /project/esmf/himanshu/esmf_test/cronjobs/release_8.1.0/gfortran/esmf
20210220 214339.802 INFO             PET0 ESMF_COMM                   : mpich3
20210220 214339.802 INFO             PET0 ESMF_MOAB                   : enabled
20210220 214339.802 INFO             PET0 ESMF_LAPACK                 : enabled
20210220 214339.802 INFO             PET0 ESMF_NETCDF                 : enabled
20210220 214339.802 INFO             PET0 ESMF_PNETCDF                : disabled
20210220 214339.802 INFO             PET0 ESMF_PIO                    : enabled
20210220 214339.802 INFO             PET0 ESMF_YAMLCPP                : enabled
20210220 214339.803 INFO             PET0 Finalizing ESMF
20210220 214339.808 INFO             PET0 !!!!!!!!!!!!!!!!!!!!!!!!!!!!!!!!!!!!!!!!!!!!!!!!!!!!!!
20210220 214339.808 INFO             PET0 !!! THE ESMF_LOG IS SET TO OUTPUT ALL LOG MESSAGES !!!
20210220 214339.808 INFO             PET0 !!!     THIS MAY CAUSE SLOWDOWN IN PERFORMANCE     !!!
20210220 214339.808 INFO             PET0 !!! FOR PRODUCTION RUNS, USE:                      !!!
20210220 214339.808 INFO             PET0 !!!                   ESMF_LOGKIND_Multi_On_Error  !!!
20210220 214339.808 INFO             PET0 !!!!!!!!!!!!!!!!!!!!!!!!!!!!!!!!!!!!!!!!!!!!!!!!!!!!!!
20210220 214339.808 INFO             PET0 Running with ESMF Version   : ESMF_8_1_0_beta_snapshot_47
20210220 214339.808 INFO             PET0 ESMF library build date/time: "Feb 20 2021" "21:39:16"
20210220 214339.808 INFO             PET0 ESMF library build location : /project/esmf/himanshu/esmf_test/cronjobs/release_8.1.0/gfortran/esmf
20210220 214339.808 INFO             PET0 ESMF_COMM                   : mpich3
20210220 214339.808 INFO             PET0 ESMF_MOAB                   : enabled
20210220 214339.808 INFO             PET0 ESMF_LAPACK                 : enabled
20210220 214339.808 INFO             PET0 ESMF_NETCDF                 : enabled
20210220 214339.808 INFO             PET0 ESMF_PNETCDF                : disabled
20210220 214339.808 INFO             PET0 ESMF_PIO                    : enabled
20210220 214339.808 INFO             PET0 ESMF_YAMLCPP                : enabled
20210220 214339.809 INFO             PET0 Finalizing ESMF
20210220 214339.831 INFO             PET0 !!!!!!!!!!!!!!!!!!!!!!!!!!!!!!!!!!!!!!!!!!!!!!!!!!!!!!
20210220 214339.831 INFO             PET0 !!! THE ESMF_LOG IS SET TO OUTPUT ALL LOG MESSAGES !!!
20210220 214339.831 INFO             PET0 !!!     THIS MAY CAUSE SLOWDOWN IN PERFORMANCE     !!!
20210220 214339.831 INFO             PET0 !!! FOR PRODUCTION RUNS, USE:                      !!!
20210220 214339.831 INFO             PET0 !!!                   ESMF_LOGKIND_Multi_On_Error  !!!
20210220 214339.831 INFO             PET0 !!!!!!!!!!!!!!!!!!!!!!!!!!!!!!!!!!!!!!!!!!!!!!!!!!!!!!
20210220 214339.831 INFO             PET0 Running with ESMF Version   : ESMF_8_1_0_beta_snapshot_47
20210220 214339.831 INFO             PET0 ESMF library build date/time: "Feb 20 2021" "21:39:16"
20210220 214339.831 INFO             PET0 ESMF library build location : /project/esmf/himanshu/esmf_test/cronjobs/release_8.1.0/gfortran/esmf
20210220 214339.831 INFO             PET0 ESMF_COMM                   : mpich3
20210220 214339.831 INFO             PET0 ESMF_MOAB                   : enabled
20210220 214339.831 INFO             PET0 ESMF_LAPACK                 : enabled
20210220 214339.831 INFO             PET0 ESMF_NETCDF                 : enabled
20210220 214339.831 INFO             PET0 ESMF_PNETCDF                : disabled
20210220 214339.831 INFO             PET0 ESMF_PIO                    : enabled
20210220 214339.831 INFO             PET0 ESMF_YAMLCPP                : enabled
20210220 214339.832 INFO             PET0 Finalizing ESMF
20210220 214339.833 INFO             PET0 !!!!!!!!!!!!!!!!!!!!!!!!!!!!!!!!!!!!!!!!!!!!!!!!!!!!!!
20210220 214339.833 INFO             PET0 !!! THE ESMF_LOG IS SET TO OUTPUT ALL LOG MESSAGES !!!
20210220 214339.833 INFO             PET0 !!!     THIS MAY CAUSE SLOWDOWN IN PERFORMANCE     !!!
20210220 214339.833 INFO             PET0 !!! FOR PRODUCTION RUNS, USE:                      !!!
20210220 214339.833 INFO             PET0 !!!                   ESMF_LOGKIND_Multi_On_Error  !!!
20210220 214339.833 INFO             PET0 !!!!!!!!!!!!!!!!!!!!!!!!!!!!!!!!!!!!!!!!!!!!!!!!!!!!!!
20210220 214339.833 INFO             PET0 Running with ESMF Version   : ESMF_8_1_0_beta_snapshot_47
20210220 214339.833 INFO             PET0 ESMF library build date/time: "Feb 20 2021" "21:39:16"
20210220 214339.833 INFO             PET0 ESMF library build location : /project/esmf/himanshu/esmf_test/cronjobs/release_8.1.0/gfortran/esmf
20210220 214339.833 INFO             PET0 ESMF_COMM                   : mpich3
20210220 214339.833 INFO             PET0 ESMF_MOAB                   : enabled
20210220 214339.833 INFO             PET0 ESMF_LAPACK                 : enabled
20210220 214339.833 INFO             PET0 ESMF_NETCDF                 : enabled
20210220 214339.833 INFO             PET0 ESMF_PNETCDF                : disabled
20210220 214339.833 INFO             PET0 ESMF_PIO                    : enabled
20210220 214339.833 INFO             PET0 ESMF_YAMLCPP                : enabled
20210220 214339.834 INFO             PET0 Finalizing ESMF
20210220 214340.012 INFO             PET0 !!!!!!!!!!!!!!!!!!!!!!!!!!!!!!!!!!!!!!!!!!!!!!!!!!!!!!
20210220 214340.012 INFO             PET0 !!! THE ESMF_LOG IS SET TO OUTPUT ALL LOG MESSAGES !!!
20210220 214340.012 INFO             PET0 !!!     THIS MAY CAUSE SLOWDOWN IN PERFORMANCE     !!!
20210220 214340.012 INFO             PET0 !!! FOR PRODUCTION RUNS, USE:                      !!!
20210220 214340.012 INFO             PET0 !!!                   ESMF_LOGKIND_Multi_On_Error  !!!
20210220 214340.012 INFO             PET0 !!!!!!!!!!!!!!!!!!!!!!!!!!!!!!!!!!!!!!!!!!!!!!!!!!!!!!
20210220 214340.012 INFO             PET0 Running with ESMF Version   : ESMF_8_1_0_beta_snapshot_47
20210220 214340.012 INFO             PET0 ESMF library build date/time: "Feb 20 2021" "21:39:16"
20210220 214340.012 INFO             PET0 ESMF library build location : /project/esmf/himanshu/esmf_test/cronjobs/release_8.1.0/gfortran/esmf
20210220 214340.012 INFO             PET0 ESMF_COMM                   : mpich3
20210220 214340.013 INFO             PET0 ESMF_MOAB                   : enabled
20210220 214340.013 INFO             PET0 ESMF_LAPACK                 : enabled
20210220 214340.013 INFO             PET0 ESMF_NETCDF                 : enabled
20210220 214340.013 INFO             PET0 ESMF_PNETCDF                : disabled
20210220 214340.013 INFO             PET0 ESMF_PIO                    : enabled
20210220 214340.013 INFO             PET0 ESMF_YAMLCPP                : enabled
20210220 214340.013 INFO             PET0 Finalizing ESMF
20210220 214340.018 INFO             PET0 !!!!!!!!!!!!!!!!!!!!!!!!!!!!!!!!!!!!!!!!!!!!!!!!!!!!!!
20210220 214340.018 INFO             PET0 !!! THE ESMF_LOG IS SET TO OUTPUT ALL LOG MESSAGES !!!
20210220 214340.018 INFO             PET0 !!!     THIS MAY CAUSE SLOWDOWN IN PERFORMANCE     !!!
20210220 214340.018 INFO             PET0 !!! FOR PRODUCTION RUNS, USE:                      !!!
20210220 214340.018 INFO             PET0 !!!                   ESMF_LOGKIND_Multi_On_Error  !!!
20210220 214340.018 INFO             PET0 !!!!!!!!!!!!!!!!!!!!!!!!!!!!!!!!!!!!!!!!!!!!!!!!!!!!!!
20210220 214340.018 INFO             PET0 Running with ESMF Version   : ESMF_8_1_0_beta_snapshot_47
20210220 214340.018 INFO             PET0 ESMF library build date/time: "Feb 20 2021" "21:39:16"
20210220 214340.018 INFO             PET0 ESMF library build location : /project/esmf/himanshu/esmf_test/cronjobs/release_8.1.0/gfortran/esmf
20210220 214340.018 INFO             PET0 ESMF_COMM                   : mpich3
20210220 214340.018 INFO             PET0 ESMF_MOAB                   : enabled
20210220 214340.018 INFO             PET0 ESMF_LAPACK                 : enabled
20210220 214340.018 INFO             PET0 ESMF_NETCDF                 : enabled
20210220 214340.018 INFO             PET0 ESMF_PNETCDF                : disabled
20210220 214340.018 INFO             PET0 ESMF_PIO                    : enabled
20210220 214340.018 INFO             PET0 ESMF_YAMLCPP                : enabled
20210220 214340.019 INFO             PET0 Finalizing ESMF
20210220 214340.199 INFO             PET0 !!!!!!!!!!!!!!!!!!!!!!!!!!!!!!!!!!!!!!!!!!!!!!!!!!!!!!
20210220 214340.200 INFO             PET0 !!! THE ESMF_LOG IS SET TO OUTPUT ALL LOG MESSAGES !!!
20210220 214340.200 INFO             PET0 !!!     THIS MAY CAUSE SLOWDOWN IN PERFORMANCE     !!!
20210220 214340.200 INFO             PET0 !!! FOR PRODUCTION RUNS, USE:                      !!!
20210220 214340.200 INFO             PET0 !!!                   ESMF_LOGKIND_Multi_On_Error  !!!
20210220 214340.200 INFO             PET0 !!!!!!!!!!!!!!!!!!!!!!!!!!!!!!!!!!!!!!!!!!!!!!!!!!!!!!
20210220 214340.200 INFO             PET0 Running with ESMF Version   : ESMF_8_1_0_beta_snapshot_47
20210220 214340.200 INFO             PET0 ESMF library build date/time: "Feb 20 2021" "21:39:16"
20210220 214340.200 INFO             PET0 ESMF library build location : /project/esmf/himanshu/esmf_test/cronjobs/release_8.1.0/gfortran/esmf
20210220 214340.200 INFO             PET0 ESMF_COMM                   : mpich3
20210220 214340.200 INFO             PET0 ESMF_MOAB                   : enabled
20210220 214340.200 INFO             PET0 ESMF_LAPACK                 : enabled
20210220 214340.200 INFO             PET0 ESMF_NETCDF                 : enabled
20210220 214340.200 INFO             PET0 ESMF_PNETCDF                : disabled
20210220 214340.200 INFO             PET0 ESMF_PIO                    : enabled
20210220 214340.200 INFO             PET0 ESMF_YAMLCPP                : enabled
20210220 214340.200 INFO             PET0 Finalizing ESMF
20210220 214340.206 INFO             PET0 !!!!!!!!!!!!!!!!!!!!!!!!!!!!!!!!!!!!!!!!!!!!!!!!!!!!!!
20210220 214340.207 INFO             PET0 !!! THE ESMF_LOG IS SET TO OUTPUT ALL LOG MESSAGES !!!
20210220 214340.207 INFO             PET0 !!!     THIS MAY CAUSE SLOWDOWN IN PERFORMANCE     !!!
20210220 214340.207 INFO             PET0 !!! FOR PRODUCTION RUNS, USE:                      !!!
20210220 214340.207 INFO             PET0 !!!                   ESMF_LOGKIND_Multi_On_Error  !!!
20210220 214340.207 INFO             PET0 !!!!!!!!!!!!!!!!!!!!!!!!!!!!!!!!!!!!!!!!!!!!!!!!!!!!!!
20210220 214340.207 INFO             PET0 Running with ESMF Version   : ESMF_8_1_0_beta_snapshot_47
20210220 214340.207 INFO             PET0 ESMF library build date/time: "Feb 20 2021" "21:39:16"
20210220 214340.207 INFO             PET0 ESMF library build location : /project/esmf/himanshu/esmf_test/cronjobs/release_8.1.0/gfortran/esmf
20210220 214340.207 INFO             PET0 ESMF_COMM                   : mpich3
20210220 214340.207 INFO             PET0 ESMF_MOAB                   : enabled
20210220 214340.207 INFO             PET0 ESMF_LAPACK                 : enabled
20210220 214340.207 INFO             PET0 ESMF_NETCDF                 : enabled
20210220 214340.207 INFO             PET0 ESMF_PNETCDF                : disabled
20210220 214340.207 INFO             PET0 ESMF_PIO                    : enabled
20210220 214340.207 INFO             PET0 ESMF_YAMLCPP                : enabled
20210220 214340.207 INFO             PET0 Finalizing ESMF
Sun Feb 21 01:46:46 MST 2021
