TACC:  Starting up job 7313233 
TACC:  Starting parallel tasks... 
 FieldBundle example 1 returned
 FieldBundle example 1 returned
 FieldBundle example 1 returned
 FieldBundle example 1 returned
 FieldBundle example 2 returned, fieldcount =           1
 FieldBundle example 3 returned, fieldcount =           3
 FieldBundle example 2 returned, fieldcount =           1
 FieldBundle example 3 returned, fieldcount =           3
 FieldBundle example 2 returned, fieldcount =           1
 FieldBundle example 3 returned, fieldcount =           3
 FieldBundle example 2 returned, fieldcount =           1
 FieldBundle example 3 returned, fieldcount =           3
 FieldBundle example 4 returned, field names = pressure, pressure
 FieldBundle name = atmosphere data
 FieldBundle example 4 returned, field names = pressure, pressure
 FieldBundle name = atmosphere data
 heat flux                                                                      
                                                                                
                                                                                
 FieldBundle example 4 returned, field names = pressure, pressure
 FieldBundle name = atmosphere data
 heat flux                                                                      
                                                                                
                                                                                
 FieldBundle example 4 returned, field names = pressure, pressure
 FieldBundle name = atmosphere data
 heat flux                                                                      
                                                                                
                                                                                
                    
 heat flux                                                                      
                                                                                
                                                                                
                    
 pressure                                                                       
                                                                                
                                                                                
                    
 temperature                                                                    
                                                                                
                                                                                
                    
 pressure                                                                       
                                                                                
                                                                                
                    
 temperature                                                                    
                                                                                
                                                                                
                    
                    
 pressure                                                                       
                                                                                
                                                                                
                    
 temperature                                                                    
                                                                                
                                                                                
                    
 pressure                                                                       
                                                                                
                                                                                
                    
 temperature                                                                    
                                                                                
                                                                                
                    
 temperature                                                                    
                    
 temperature                                                                    
                                                                                
                                                                                
                    
 pressure                                                                       
                                                                                
                                                                                
 temperature                                                                    
                                                                                
                                                                                
                    
 pressure                                                                       
                                                                                
                                                                                
                    
 heat flux                                                                      
 temperature                                                                    
                                                                                
                                                                                
                    
 pressure                                                                       
                                                                                
                                                                                
                    
 heat flux                                                                      
                                                                                
                                                                                
                    
 pressure                                                                       
                                                                                
                                                                                
                    
 heat flux                                                                      
                                                                                
                                                                                
                    
                    
 heat flux                                                                      
                                                                                
                                                                                
                    
                                                                                
                                                                                
                    
                                                                                
                                                                                
                    
  PASS  Example ESMF_FieldBundleCreateEx, ESMF_FieldBundleCreateEx.F90, line 561
 PASS: ESMF_FieldBundleCreateEx.F90
  PASS  Example ESMF_FieldBundleCreateEx, ESMF_FieldBundleCreateEx.F90, line 561
 PASS: ESMF_FieldBundleCreateEx.F90
  PASS  Example ESMF_FieldBundleCreateEx, ESMF_FieldBundleCreateEx.F90, line 561
 PASS: ESMF_FieldBundleCreateEx.F90
  PASS  Example ESMF_FieldBundleCreateEx, ESMF_FieldBundleCreateEx.F90, line 561
 PASS: ESMF_FieldBundleCreateEx.F90
TACC:  Shutdown complete. Exiting. 
Tue Feb 23 20:55:12 CST 2021
