20210223 192916.806 INFO             PET0 !!!!!!!!!!!!!!!!!!!!!!!!!!!!!!!!!!!!!!!!!!!!!!!!!!!!!!
20210223 192916.806 INFO             PET0 !!! THE ESMF_LOG IS SET TO OUTPUT ALL LOG MESSAGES !!!
20210223 192916.806 INFO             PET0 !!!     THIS MAY CAUSE SLOWDOWN IN PERFORMANCE     !!!
20210223 192916.806 INFO             PET0 !!! FOR PRODUCTION RUNS, USE:                      !!!
20210223 192916.806 INFO             PET0 !!!                   ESMF_LOGKIND_Multi_On_Error  !!!
20210223 192916.806 INFO             PET0 !!!!!!!!!!!!!!!!!!!!!!!!!!!!!!!!!!!!!!!!!!!!!!!!!!!!!!
20210223 192916.806 INFO             PET0 Running with ESMF Version   : ESMF_8_1_0_beta_snapshot_47
20210223 192916.806 INFO             PET0 ESMF library build date/time: "Feb 23 2021" "18:33:13"
20210223 192916.806 INFO             PET0 ESMF library build location : /work/07356/tg866552/stampede2/8.1.0/esmf
20210223 192916.806 INFO             PET0 ESMF_COMM                   : intelmpi
20210223 192916.811 INFO             PET0 ESMF_MOAB                   : enabled
20210223 192916.811 INFO             PET0 ESMF_LAPACK                 : enabled
20210223 192916.811 INFO             PET0 ESMF_NETCDF                 : enabled
20210223 192916.811 INFO             PET0 ESMF_PNETCDF                : disabled
20210223 192916.811 INFO             PET0 ESMF_PIO                    : enabled
20210223 192916.811 INFO             PET0 ESMF_YAMLCPP                : enabled
20210223 192916.825 INFO             PET0  NUMBER_OF_PROCESSORS           1
20210223 192916.825 INFO             PET0  PASS  Example ESMF_XGridSparseMatEx, ESMF_XGridSparseMatEx.F90, line 642
20210223 192916.825 INFO             PET0 Finalizing ESMF
Tue Feb 23 20:55:11 CST 2021
