20210228 152253.756 INFO             PET0 !!!!!!!!!!!!!!!!!!!!!!!!!!!!!!!!!!!!!!!!!!!!!!!!!!!!!!
20210228 152253.756 INFO             PET0 !!! THE ESMF_LOG IS SET TO OUTPUT ALL LOG MESSAGES !!!
20210228 152253.756 INFO             PET0 !!!     THIS MAY CAUSE SLOWDOWN IN PERFORMANCE     !!!
20210228 152253.756 INFO             PET0 !!! FOR PRODUCTION RUNS, USE:                      !!!
20210228 152253.756 INFO             PET0 !!!                   ESMF_LOGKIND_Multi_On_Error  !!!
20210228 152253.756 INFO             PET0 !!!!!!!!!!!!!!!!!!!!!!!!!!!!!!!!!!!!!!!!!!!!!!!!!!!!!!
20210228 152253.756 INFO             PET0 Running with ESMF Version   : ESMF_8_1_0_beta_snapshot_47-18-g3fd6502904
20210228 152253.756 INFO             PET0 ESMF library build date/time: "Feb 28 2021" "14:17:33"
20210228 152253.756 INFO             PET0 ESMF library build location : /work/07356/tg866552/stampede2/8.1.0/esmf
20210228 152253.756 INFO             PET0 ESMF_COMM                   : intelmpi
20210228 152253.761 INFO             PET0 ESMF_MOAB                   : enabled
20210228 152253.761 INFO             PET0 ESMF_LAPACK                 : enabled
20210228 152253.761 INFO             PET0 ESMF_NETCDF                 : enabled
20210228 152253.761 INFO             PET0 ESMF_PNETCDF                : disabled
20210228 152253.761 INFO             PET0 ESMF_PIO                    : enabled
20210228 152253.761 INFO             PET0 ESMF_YAMLCPP                : enabled
20210228 152253.765 ERROR            PET0 ESMF_StateAPI.cppF90:1189 ESMF_StateAddList Object being used before creation  - Bad Object
20210228 152253.773 INFO             PET0  NUMBER_OF_PROCESSORS           4
20210228 152253.773 INFO             PET0  PASS  Example ESMF_StateReconcileEx, ESMF_StateReconcileEx.F90, line 297
20210228 152253.773 INFO             PET0 Finalizing ESMF
20210228 152253.748 INFO             PET1 !!!!!!!!!!!!!!!!!!!!!!!!!!!!!!!!!!!!!!!!!!!!!!!!!!!!!!
20210228 152253.748 INFO             PET1 !!! THE ESMF_LOG IS SET TO OUTPUT ALL LOG MESSAGES !!!
20210228 152253.748 INFO             PET1 !!!     THIS MAY CAUSE SLOWDOWN IN PERFORMANCE     !!!
20210228 152253.748 INFO             PET1 !!! FOR PRODUCTION RUNS, USE:                      !!!
20210228 152253.748 INFO             PET1 !!!                   ESMF_LOGKIND_Multi_On_Error  !!!
20210228 152253.748 INFO             PET1 !!!!!!!!!!!!!!!!!!!!!!!!!!!!!!!!!!!!!!!!!!!!!!!!!!!!!!
20210228 152253.748 INFO             PET1 Running with ESMF Version   : ESMF_8_1_0_beta_snapshot_47-18-g3fd6502904
20210228 152253.749 INFO             PET1 ESMF library build date/time: "Feb 28 2021" "14:17:33"
20210228 152253.749 INFO             PET1 ESMF library build location : /work/07356/tg866552/stampede2/8.1.0/esmf
20210228 152253.749 INFO             PET1 ESMF_COMM                   : intelmpi
20210228 152253.754 INFO             PET1 ESMF_MOAB                   : enabled
20210228 152253.754 INFO             PET1 ESMF_LAPACK                 : enabled
20210228 152253.754 INFO             PET1 ESMF_NETCDF                 : enabled
20210228 152253.754 INFO             PET1 ESMF_PNETCDF                : disabled
20210228 152253.754 INFO             PET1 ESMF_PIO                    : enabled
20210228 152253.754 INFO             PET1 ESMF_YAMLCPP                : enabled
20210228 152253.765 ERROR            PET1 ESMF_StateAPI.cppF90:1189 ESMF_StateAddList Object being used before creation  - Bad Object
20210228 152253.773 INFO             PET1  NUMBER_OF_PROCESSORS           4
20210228 152253.773 INFO             PET1  PASS  Example ESMF_StateReconcileEx, ESMF_StateReconcileEx.F90, line 297
20210228 152253.773 INFO             PET1 Finalizing ESMF
20210228 152253.752 INFO             PET2 !!!!!!!!!!!!!!!!!!!!!!!!!!!!!!!!!!!!!!!!!!!!!!!!!!!!!!
20210228 152253.752 INFO             PET2 !!! THE ESMF_LOG IS SET TO OUTPUT ALL LOG MESSAGES !!!
20210228 152253.752 INFO             PET2 !!!     THIS MAY CAUSE SLOWDOWN IN PERFORMANCE     !!!
20210228 152253.752 INFO             PET2 !!! FOR PRODUCTION RUNS, USE:                      !!!
20210228 152253.752 INFO             PET2 !!!                   ESMF_LOGKIND_Multi_On_Error  !!!
20210228 152253.752 INFO             PET2 !!!!!!!!!!!!!!!!!!!!!!!!!!!!!!!!!!!!!!!!!!!!!!!!!!!!!!
20210228 152253.752 INFO             PET2 Running with ESMF Version   : ESMF_8_1_0_beta_snapshot_47-18-g3fd6502904
20210228 152253.752 INFO             PET2 ESMF library build date/time: "Feb 28 2021" "14:17:33"
20210228 152253.752 INFO             PET2 ESMF library build location : /work/07356/tg866552/stampede2/8.1.0/esmf
20210228 152253.752 INFO             PET2 ESMF_COMM                   : intelmpi
20210228 152253.757 INFO             PET2 ESMF_MOAB                   : enabled
20210228 152253.757 INFO             PET2 ESMF_LAPACK                 : enabled
20210228 152253.757 INFO             PET2 ESMF_NETCDF                 : enabled
20210228 152253.757 INFO             PET2 ESMF_PNETCDF                : disabled
20210228 152253.757 INFO             PET2 ESMF_PIO                    : enabled
20210228 152253.757 INFO             PET2 ESMF_YAMLCPP                : enabled
20210228 152253.765 ERROR            PET2 ESMF_StateAPI.cppF90:1189 ESMF_StateAddList Object being used before creation  - Bad Object
20210228 152253.773 INFO             PET2  NUMBER_OF_PROCESSORS           4
20210228 152253.773 INFO             PET2  PASS  Example ESMF_StateReconcileEx, ESMF_StateReconcileEx.F90, line 297
20210228 152253.773 INFO             PET2 Finalizing ESMF
20210228 152253.754 INFO             PET3 !!!!!!!!!!!!!!!!!!!!!!!!!!!!!!!!!!!!!!!!!!!!!!!!!!!!!!
20210228 152253.755 INFO             PET3 !!! THE ESMF_LOG IS SET TO OUTPUT ALL LOG MESSAGES !!!
20210228 152253.755 INFO             PET3 !!!     THIS MAY CAUSE SLOWDOWN IN PERFORMANCE     !!!
20210228 152253.755 INFO             PET3 !!! FOR PRODUCTION RUNS, USE:                      !!!
20210228 152253.755 INFO             PET3 !!!                   ESMF_LOGKIND_Multi_On_Error  !!!
20210228 152253.755 INFO             PET3 !!!!!!!!!!!!!!!!!!!!!!!!!!!!!!!!!!!!!!!!!!!!!!!!!!!!!!
20210228 152253.755 INFO             PET3 Running with ESMF Version   : ESMF_8_1_0_beta_snapshot_47-18-g3fd6502904
20210228 152253.755 INFO             PET3 ESMF library build date/time: "Feb 28 2021" "14:17:33"
20210228 152253.755 INFO             PET3 ESMF library build location : /work/07356/tg866552/stampede2/8.1.0/esmf
20210228 152253.755 INFO             PET3 ESMF_COMM                   : intelmpi
20210228 152253.760 INFO             PET3 ESMF_MOAB                   : enabled
20210228 152253.760 INFO             PET3 ESMF_LAPACK                 : enabled
20210228 152253.760 INFO             PET3 ESMF_NETCDF                 : enabled
20210228 152253.760 INFO             PET3 ESMF_PNETCDF                : disabled
20210228 152253.760 INFO             PET3 ESMF_PIO                    : enabled
20210228 152253.760 INFO             PET3 ESMF_YAMLCPP                : enabled
20210228 152253.765 ERROR            PET3 ESMF_StateAPI.cppF90:1189 ESMF_StateAddList Object being used before creation  - Bad Object
20210228 152253.773 INFO             PET3  NUMBER_OF_PROCESSORS           4
20210228 152253.773 INFO             PET3  PASS  Example ESMF_StateReconcileEx, ESMF_StateReconcileEx.F90, line 297
20210228 152253.773 INFO             PET3 Finalizing ESMF
Sun Feb 28 16:52:08 CST 2021
