20210226 145848.287 INFO             PET0 !!!!!!!!!!!!!!!!!!!!!!!!!!!!!!!!!!!!!!!!!!!!!!!!!!!!!!
20210226 145848.287 INFO             PET0 !!! THE ESMF_LOG IS SET TO OUTPUT ALL LOG MESSAGES !!!
20210226 145848.287 INFO             PET0 !!!     THIS MAY CAUSE SLOWDOWN IN PERFORMANCE     !!!
20210226 145848.287 INFO             PET0 !!! FOR PRODUCTION RUNS, USE:                      !!!
20210226 145848.287 INFO             PET0 !!!                   ESMF_LOGKIND_Multi_On_Error  !!!
20210226 145848.287 INFO             PET0 !!!!!!!!!!!!!!!!!!!!!!!!!!!!!!!!!!!!!!!!!!!!!!!!!!!!!!
20210226 145848.287 INFO             PET0 Running with ESMF Version   : ESMF_8_1_0_beta_snapshot_47-9-gfc33f2dce8
20210226 145848.287 INFO             PET0 ESMF library build date/time: "Feb 26 2021" "13:54:20"
20210226 145848.287 INFO             PET0 ESMF library build location : /work/07356/tg866552/stampede2/8.1.0/esmf
20210226 145848.287 INFO             PET0 ESMF_COMM                   : intelmpi
20210226 145848.292 INFO             PET0 ESMF_MOAB                   : enabled
20210226 145848.292 INFO             PET0 ESMF_LAPACK                 : enabled
20210226 145848.292 INFO             PET0 ESMF_NETCDF                 : enabled
20210226 145848.292 INFO             PET0 ESMF_PNETCDF                : disabled
20210226 145848.292 INFO             PET0 ESMF_PIO                    : enabled
20210226 145848.292 INFO             PET0 ESMF_YAMLCPP                : enabled
20210226 145848.303 INFO             PET0 ESMF_FieldRedistStoreNF(): Just entered routine.
20210226 145848.307 INFO             PET0 ESMF_FieldRedistStoreNF(): Leaving routine.
20210226 145848.315 INFO             PET0 ESMF_FieldRedistStoreNF(): Just entered routine.
20210226 145848.317 INFO             PET0 ESMF_FieldRedistStoreNF(): Leaving routine.
20210226 145848.318 INFO             PET0 ESMF_FieldRedistStoreNF(): Just entered routine.
20210226 145848.320 INFO             PET0 ESMF_FieldRedistStoreNF(): Leaving routine.
20210226 145848.321 INFO             PET0  NUMBER_OF_PROCESSORS           4
20210226 145848.321 INFO             PET0  PASS  Example ESMF_FieldRedistEx, ESMF_FieldRedistEx.F90, line 521
20210226 145848.321 INFO             PET0 Finalizing ESMF
20210226 145848.289 INFO             PET1 !!!!!!!!!!!!!!!!!!!!!!!!!!!!!!!!!!!!!!!!!!!!!!!!!!!!!!
20210226 145848.289 INFO             PET1 !!! THE ESMF_LOG IS SET TO OUTPUT ALL LOG MESSAGES !!!
20210226 145848.289 INFO             PET1 !!!     THIS MAY CAUSE SLOWDOWN IN PERFORMANCE     !!!
20210226 145848.289 INFO             PET1 !!! FOR PRODUCTION RUNS, USE:                      !!!
20210226 145848.289 INFO             PET1 !!!                   ESMF_LOGKIND_Multi_On_Error  !!!
20210226 145848.289 INFO             PET1 !!!!!!!!!!!!!!!!!!!!!!!!!!!!!!!!!!!!!!!!!!!!!!!!!!!!!!
20210226 145848.289 INFO             PET1 Running with ESMF Version   : ESMF_8_1_0_beta_snapshot_47-9-gfc33f2dce8
20210226 145848.290 INFO             PET1 ESMF library build date/time: "Feb 26 2021" "13:54:20"
20210226 145848.290 INFO             PET1 ESMF library build location : /work/07356/tg866552/stampede2/8.1.0/esmf
20210226 145848.290 INFO             PET1 ESMF_COMM                   : intelmpi
20210226 145848.294 INFO             PET1 ESMF_MOAB                   : enabled
20210226 145848.294 INFO             PET1 ESMF_LAPACK                 : enabled
20210226 145848.294 INFO             PET1 ESMF_NETCDF                 : enabled
20210226 145848.294 INFO             PET1 ESMF_PNETCDF                : disabled
20210226 145848.294 INFO             PET1 ESMF_PIO                    : enabled
20210226 145848.294 INFO             PET1 ESMF_YAMLCPP                : enabled
20210226 145848.303 INFO             PET1 ESMF_FieldRedistStoreNF(): Just entered routine.
20210226 145848.307 INFO             PET1 ESMF_FieldRedistStoreNF(): Leaving routine.
20210226 145848.315 INFO             PET1 ESMF_FieldRedistStoreNF(): Just entered routine.
20210226 145848.317 INFO             PET1 ESMF_FieldRedistStoreNF(): Leaving routine.
20210226 145848.318 INFO             PET1 ESMF_FieldRedistStoreNF(): Just entered routine.
20210226 145848.320 INFO             PET1 ESMF_FieldRedistStoreNF(): Leaving routine.
20210226 145848.321 INFO             PET1  NUMBER_OF_PROCESSORS           4
20210226 145848.321 INFO             PET1  PASS  Example ESMF_FieldRedistEx, ESMF_FieldRedistEx.F90, line 521
20210226 145848.321 INFO             PET1 Finalizing ESMF
20210226 145848.291 INFO             PET2 !!!!!!!!!!!!!!!!!!!!!!!!!!!!!!!!!!!!!!!!!!!!!!!!!!!!!!
20210226 145848.292 INFO             PET2 !!! THE ESMF_LOG IS SET TO OUTPUT ALL LOG MESSAGES !!!
20210226 145848.292 INFO             PET2 !!!     THIS MAY CAUSE SLOWDOWN IN PERFORMANCE     !!!
20210226 145848.292 INFO             PET2 !!! FOR PRODUCTION RUNS, USE:                      !!!
20210226 145848.292 INFO             PET2 !!!                   ESMF_LOGKIND_Multi_On_Error  !!!
20210226 145848.292 INFO             PET2 !!!!!!!!!!!!!!!!!!!!!!!!!!!!!!!!!!!!!!!!!!!!!!!!!!!!!!
20210226 145848.292 INFO             PET2 Running with ESMF Version   : ESMF_8_1_0_beta_snapshot_47-9-gfc33f2dce8
20210226 145848.292 INFO             PET2 ESMF library build date/time: "Feb 26 2021" "13:54:20"
20210226 145848.292 INFO             PET2 ESMF library build location : /work/07356/tg866552/stampede2/8.1.0/esmf
20210226 145848.292 INFO             PET2 ESMF_COMM                   : intelmpi
20210226 145848.296 INFO             PET2 ESMF_MOAB                   : enabled
20210226 145848.296 INFO             PET2 ESMF_LAPACK                 : enabled
20210226 145848.296 INFO             PET2 ESMF_NETCDF                 : enabled
20210226 145848.296 INFO             PET2 ESMF_PNETCDF                : disabled
20210226 145848.296 INFO             PET2 ESMF_PIO                    : enabled
20210226 145848.296 INFO             PET2 ESMF_YAMLCPP                : enabled
20210226 145848.303 INFO             PET2 ESMF_FieldRedistStoreNF(): Just entered routine.
20210226 145848.307 INFO             PET2 ESMF_FieldRedistStoreNF(): Leaving routine.
20210226 145848.315 INFO             PET2 ESMF_FieldRedistStoreNF(): Just entered routine.
20210226 145848.317 INFO             PET2 ESMF_FieldRedistStoreNF(): Leaving routine.
20210226 145848.318 INFO             PET2 ESMF_FieldRedistStoreNF(): Just entered routine.
20210226 145848.320 INFO             PET2 ESMF_FieldRedistStoreNF(): Leaving routine.
20210226 145848.321 INFO             PET2  NUMBER_OF_PROCESSORS           4
20210226 145848.321 INFO             PET2  PASS  Example ESMF_FieldRedistEx, ESMF_FieldRedistEx.F90, line 521
20210226 145848.321 INFO             PET2 Finalizing ESMF
20210226 145848.293 INFO             PET3 !!!!!!!!!!!!!!!!!!!!!!!!!!!!!!!!!!!!!!!!!!!!!!!!!!!!!!
20210226 145848.293 INFO             PET3 !!! THE ESMF_LOG IS SET TO OUTPUT ALL LOG MESSAGES !!!
20210226 145848.293 INFO             PET3 !!!     THIS MAY CAUSE SLOWDOWN IN PERFORMANCE     !!!
20210226 145848.293 INFO             PET3 !!! FOR PRODUCTION RUNS, USE:                      !!!
20210226 145848.293 INFO             PET3 !!!                   ESMF_LOGKIND_Multi_On_Error  !!!
20210226 145848.293 INFO             PET3 !!!!!!!!!!!!!!!!!!!!!!!!!!!!!!!!!!!!!!!!!!!!!!!!!!!!!!
20210226 145848.293 INFO             PET3 Running with ESMF Version   : ESMF_8_1_0_beta_snapshot_47-9-gfc33f2dce8
20210226 145848.293 INFO             PET3 ESMF library build date/time: "Feb 26 2021" "13:54:20"
20210226 145848.293 INFO             PET3 ESMF library build location : /work/07356/tg866552/stampede2/8.1.0/esmf
20210226 145848.293 INFO             PET3 ESMF_COMM                   : intelmpi
20210226 145848.298 INFO             PET3 ESMF_MOAB                   : enabled
20210226 145848.298 INFO             PET3 ESMF_LAPACK                 : enabled
20210226 145848.298 INFO             PET3 ESMF_NETCDF                 : enabled
20210226 145848.298 INFO             PET3 ESMF_PNETCDF                : disabled
20210226 145848.298 INFO             PET3 ESMF_PIO                    : enabled
20210226 145848.298 INFO             PET3 ESMF_YAMLCPP                : enabled
20210226 145848.303 INFO             PET3 ESMF_FieldRedistStoreNF(): Just entered routine.
20210226 145848.307 INFO             PET3 ESMF_FieldRedistStoreNF(): Leaving routine.
20210226 145848.315 INFO             PET3 ESMF_FieldRedistStoreNF(): Just entered routine.
20210226 145848.317 INFO             PET3 ESMF_FieldRedistStoreNF(): Leaving routine.
20210226 145848.318 INFO             PET3 ESMF_FieldRedistStoreNF(): Just entered routine.
20210226 145848.320 INFO             PET3 ESMF_FieldRedistStoreNF(): Leaving routine.
20210226 145848.321 INFO             PET3  NUMBER_OF_PROCESSORS           4
20210226 145848.321 INFO             PET3  PASS  Example ESMF_FieldRedistEx, ESMF_FieldRedistEx.F90, line 521
20210226 145848.321 INFO             PET3 Finalizing ESMF
Fri Feb 26 16:31:07 CST 2021
