20210226 145214.389 INFO             PET0 !!!!!!!!!!!!!!!!!!!!!!!!!!!!!!!!!!!!!!!!!!!!!!!!!!!!!!
20210226 145214.389 INFO             PET0 !!! THE ESMF_LOG IS SET TO OUTPUT ALL LOG MESSAGES !!!
20210226 145214.389 INFO             PET0 !!!     THIS MAY CAUSE SLOWDOWN IN PERFORMANCE     !!!
20210226 145214.389 INFO             PET0 !!! FOR PRODUCTION RUNS, USE:                      !!!
20210226 145214.389 INFO             PET0 !!!                   ESMF_LOGKIND_Multi_On_Error  !!!
20210226 145214.389 INFO             PET0 !!!!!!!!!!!!!!!!!!!!!!!!!!!!!!!!!!!!!!!!!!!!!!!!!!!!!!
20210226 145214.389 INFO             PET0 Running with ESMF Version   : ESMF_8_1_0_beta_snapshot_47-9-gfc33f2dce8
20210226 145214.390 INFO             PET0 ESMF library build date/time: "Feb 26 2021" "13:54:20"
20210226 145214.390 INFO             PET0 ESMF library build location : /work/07356/tg866552/stampede2/8.1.0/esmf
20210226 145214.390 INFO             PET0 ESMF_COMM                   : intelmpi
20210226 145214.396 INFO             PET0 ESMF_MOAB                   : enabled
20210226 145214.397 INFO             PET0 ESMF_LAPACK                 : enabled
20210226 145214.397 INFO             PET0 ESMF_NETCDF                 : enabled
20210226 145214.397 INFO             PET0 ESMF_PNETCDF                : disabled
20210226 145214.397 INFO             PET0 ESMF_PIO                    : enabled
20210226 145214.397 INFO             PET0 ESMF_YAMLCPP                : enabled
20210226 145214.399 INFO             PET0  NUMBER_OF_PROCESSORS           4
20210226 145214.400 INFO             PET0  PASS  Example ESMF_VMUserMpiCommMultiEx, ESMF_VMUserMpiCommMultiEx.F90, line 126
20210226 145214.400 INFO             PET0 Finalizing ESMF
20210226 145214.359 INFO             PET0 !!!!!!!!!!!!!!!!!!!!!!!!!!!!!!!!!!!!!!!!!!!!!!!!!!!!!!
20210226 145214.360 INFO             PET0 !!! THE ESMF_LOG IS SET TO OUTPUT ALL LOG MESSAGES !!!
20210226 145214.360 INFO             PET0 !!!     THIS MAY CAUSE SLOWDOWN IN PERFORMANCE     !!!
20210226 145214.360 INFO             PET0 !!! FOR PRODUCTION RUNS, USE:                      !!!
20210226 145214.360 INFO             PET0 !!!                   ESMF_LOGKIND_Multi_On_Error  !!!
20210226 145214.360 INFO             PET0 !!!!!!!!!!!!!!!!!!!!!!!!!!!!!!!!!!!!!!!!!!!!!!!!!!!!!!
20210226 145214.360 INFO             PET0 Running with ESMF Version   : ESMF_8_1_0_beta_snapshot_47-9-gfc33f2dce8
20210226 145214.360 INFO             PET0 ESMF library build date/time: "Feb 26 2021" "13:54:20"
20210226 145214.360 INFO             PET0 ESMF library build location : /work/07356/tg866552/stampede2/8.1.0/esmf
20210226 145214.360 INFO             PET0 ESMF_COMM                   : intelmpi
20210226 145214.365 INFO             PET0 ESMF_MOAB                   : enabled
20210226 145214.365 INFO             PET0 ESMF_LAPACK                 : enabled
20210226 145214.365 INFO             PET0 ESMF_NETCDF                 : enabled
20210226 145214.365 INFO             PET0 ESMF_PNETCDF                : disabled
20210226 145214.365 INFO             PET0 ESMF_PIO                    : enabled
20210226 145214.365 INFO             PET0 ESMF_YAMLCPP                : enabled
20210226 145214.394 INFO             PET0  NUMBER_OF_PROCESSORS           4
20210226 145214.394 INFO             PET0  PASS  Example ESMF_VMUserMpiCommMultiEx, ESMF_VMUserMpiCommMultiEx.F90, line 154
20210226 145214.394 INFO             PET0 Finalizing ESMF
20210226 145214.391 INFO             PET1 !!!!!!!!!!!!!!!!!!!!!!!!!!!!!!!!!!!!!!!!!!!!!!!!!!!!!!
20210226 145214.391 INFO             PET1 !!! THE ESMF_LOG IS SET TO OUTPUT ALL LOG MESSAGES !!!
20210226 145214.391 INFO             PET1 !!!     THIS MAY CAUSE SLOWDOWN IN PERFORMANCE     !!!
20210226 145214.391 INFO             PET1 !!! FOR PRODUCTION RUNS, USE:                      !!!
20210226 145214.391 INFO             PET1 !!!                   ESMF_LOGKIND_Multi_On_Error  !!!
20210226 145214.391 INFO             PET1 !!!!!!!!!!!!!!!!!!!!!!!!!!!!!!!!!!!!!!!!!!!!!!!!!!!!!!
20210226 145214.391 INFO             PET1 Running with ESMF Version   : ESMF_8_1_0_beta_snapshot_47-9-gfc33f2dce8
20210226 145214.392 INFO             PET1 ESMF library build date/time: "Feb 26 2021" "13:54:20"
20210226 145214.392 INFO             PET1 ESMF library build location : /work/07356/tg866552/stampede2/8.1.0/esmf
20210226 145214.392 INFO             PET1 ESMF_COMM                   : intelmpi
20210226 145214.397 INFO             PET1 ESMF_MOAB                   : enabled
20210226 145214.397 INFO             PET1 ESMF_LAPACK                 : enabled
20210226 145214.397 INFO             PET1 ESMF_NETCDF                 : enabled
20210226 145214.397 INFO             PET1 ESMF_PNETCDF                : disabled
20210226 145214.397 INFO             PET1 ESMF_PIO                    : enabled
20210226 145214.397 INFO             PET1 ESMF_YAMLCPP                : enabled
20210226 145214.399 INFO             PET1  NUMBER_OF_PROCESSORS           4
20210226 145214.399 INFO             PET1  PASS  Example ESMF_VMUserMpiCommMultiEx, ESMF_VMUserMpiCommMultiEx.F90, line 126
20210226 145214.399 INFO             PET1 Finalizing ESMF
20210226 145214.374 INFO             PET1 !!!!!!!!!!!!!!!!!!!!!!!!!!!!!!!!!!!!!!!!!!!!!!!!!!!!!!
20210226 145214.374 INFO             PET1 !!! THE ESMF_LOG IS SET TO OUTPUT ALL LOG MESSAGES !!!
20210226 145214.374 INFO             PET1 !!!     THIS MAY CAUSE SLOWDOWN IN PERFORMANCE     !!!
20210226 145214.374 INFO             PET1 !!! FOR PRODUCTION RUNS, USE:                      !!!
20210226 145214.374 INFO             PET1 !!!                   ESMF_LOGKIND_Multi_On_Error  !!!
20210226 145214.374 INFO             PET1 !!!!!!!!!!!!!!!!!!!!!!!!!!!!!!!!!!!!!!!!!!!!!!!!!!!!!!
20210226 145214.374 INFO             PET1 Running with ESMF Version   : ESMF_8_1_0_beta_snapshot_47-9-gfc33f2dce8
20210226 145214.374 INFO             PET1 ESMF library build date/time: "Feb 26 2021" "13:54:20"
20210226 145214.374 INFO             PET1 ESMF library build location : /work/07356/tg866552/stampede2/8.1.0/esmf
20210226 145214.374 INFO             PET1 ESMF_COMM                   : intelmpi
20210226 145214.380 INFO             PET1 ESMF_MOAB                   : enabled
20210226 145214.380 INFO             PET1 ESMF_LAPACK                 : enabled
20210226 145214.380 INFO             PET1 ESMF_NETCDF                 : enabled
20210226 145214.380 INFO             PET1 ESMF_PNETCDF                : disabled
20210226 145214.380 INFO             PET1 ESMF_PIO                    : enabled
20210226 145214.380 INFO             PET1 ESMF_YAMLCPP                : enabled
20210226 145214.394 INFO             PET1  NUMBER_OF_PROCESSORS           4
20210226 145214.394 INFO             PET1  PASS  Example ESMF_VMUserMpiCommMultiEx, ESMF_VMUserMpiCommMultiEx.F90, line 154
20210226 145214.395 INFO             PET1 Finalizing ESMF
Fri Feb 26 16:31:07 CST 2021
