20210220 195114.104 INFO             PET0 !!!!!!!!!!!!!!!!!!!!!!!!!!!!!!!!!!!!!!!!!!!!!!!!!!!!!!
20210220 195114.104 INFO             PET0 !!! THE ESMF_LOG IS SET TO OUTPUT ALL LOG MESSAGES !!!
20210220 195114.104 INFO             PET0 !!!     THIS MAY CAUSE SLOWDOWN IN PERFORMANCE     !!!
20210220 195114.104 INFO             PET0 !!! FOR PRODUCTION RUNS, USE:                      !!!
20210220 195114.104 INFO             PET0 !!!                   ESMF_LOGKIND_Multi_On_Error  !!!
20210220 195114.104 INFO             PET0 !!!!!!!!!!!!!!!!!!!!!!!!!!!!!!!!!!!!!!!!!!!!!!!!!!!!!!
20210220 195114.104 INFO             PET0 Running with ESMF Version   : ESMF_8_1_0_beta_snapshot_47
20210220 195114.104 INFO             PET0 ESMF library build date/time: "Feb 20 2021" "19:29:41"
20210220 195114.104 INFO             PET0 ESMF library build location : /project/esmf/himanshu/esmf_test/cronjobs/release_8.1.0/intel/esmf
20210220 195114.104 INFO             PET0 ESMF_COMM                   : mpiuni
20210220 195114.105 INFO             PET0 ESMF_MOAB                   : enabled
20210220 195114.105 INFO             PET0 ESMF_LAPACK                 : enabled
20210220 195114.105 INFO             PET0 ESMF_NETCDF                 : enabled
20210220 195114.105 INFO             PET0 ESMF_PNETCDF                : disabled
20210220 195114.105 INFO             PET0 ESMF_PIO                    : disabled
20210220 195114.105 INFO             PET0 ESMF_YAMLCPP                : enabled
20210220 195114.106 INFO             PET0  NUMBER_OF_PROCESSORS           1
20210220 195114.106 INFO             PET0  PASS  Example ESMF_AlarmEx, ESMF_AlarmEx.F90, line 244
20210220 195114.106 INFO             PET0 Finalizing ESMF
Sun Feb 21 00:06:53 MST 2021
