20210226 095722.589 INFO             PET0 !!!!!!!!!!!!!!!!!!!!!!!!!!!!!!!!!!!!!!!!!!!!!!!!!!!!!!
20210226 095722.589 INFO             PET0 !!! THE ESMF_LOG IS SET TO OUTPUT ALL LOG MESSAGES !!!
20210226 095722.589 INFO             PET0 !!!     THIS MAY CAUSE SLOWDOWN IN PERFORMANCE     !!!
20210226 095722.589 INFO             PET0 !!! FOR PRODUCTION RUNS, USE:                      !!!
20210226 095722.589 INFO             PET0 !!!                   ESMF_LOGKIND_Multi_On_Error  !!!
20210226 095722.589 INFO             PET0 !!!!!!!!!!!!!!!!!!!!!!!!!!!!!!!!!!!!!!!!!!!!!!!!!!!!!!
20210226 095722.590 INFO             PET0 Running with ESMF Version   : ESMF_8_1_0_beta_snapshot_47-9-gfc33f2dce8
20210226 095722.590 INFO             PET0 ESMF library build date/time: "Feb 26 2021" "09:36:28"
20210226 095722.590 INFO             PET0 ESMF library build location : /work/07356/tg866552/stampede2/8.1.0/esmf
20210226 095722.590 INFO             PET0 ESMF_COMM                   : intelmpi
20210226 095722.594 INFO             PET0 ESMF_MOAB                   : enabled
20210226 095722.594 INFO             PET0 ESMF_LAPACK                 : enabled
20210226 095722.594 INFO             PET0 ESMF_NETCDF                 : enabled
20210226 095722.594 INFO             PET0 ESMF_PNETCDF                : disabled
20210226 095722.594 INFO             PET0 ESMF_PIO                    : enabled
20210226 095722.595 INFO             PET0 ESMF_YAMLCPP                : enabled
20210226 095722.597 INFO             PET0 Finalizing ESMF
20210226 095725.009 INFO             PET0 !!!!!!!!!!!!!!!!!!!!!!!!!!!!!!!!!!!!!!!!!!!!!!!!!!!!!!
20210226 095725.009 INFO             PET0 !!! THE ESMF_LOG IS SET TO OUTPUT ALL LOG MESSAGES !!!
20210226 095725.009 INFO             PET0 !!!     THIS MAY CAUSE SLOWDOWN IN PERFORMANCE     !!!
20210226 095725.009 INFO             PET0 !!! FOR PRODUCTION RUNS, USE:                      !!!
20210226 095725.009 INFO             PET0 !!!                   ESMF_LOGKIND_Multi_On_Error  !!!
20210226 095725.009 INFO             PET0 !!!!!!!!!!!!!!!!!!!!!!!!!!!!!!!!!!!!!!!!!!!!!!!!!!!!!!
20210226 095725.009 INFO             PET0 Running with ESMF Version   : ESMF_8_1_0_beta_snapshot_47-9-gfc33f2dce8
20210226 095725.009 INFO             PET0 ESMF library build date/time: "Feb 26 2021" "09:36:28"
20210226 095725.009 INFO             PET0 ESMF library build location : /work/07356/tg866552/stampede2/8.1.0/esmf
20210226 095725.010 INFO             PET0 ESMF_COMM                   : intelmpi
20210226 095725.012 INFO             PET0 ESMF_MOAB                   : enabled
20210226 095725.012 INFO             PET0 ESMF_LAPACK                 : enabled
20210226 095725.012 INFO             PET0 ESMF_NETCDF                 : enabled
20210226 095725.012 INFO             PET0 ESMF_PNETCDF                : disabled
20210226 095725.012 INFO             PET0 ESMF_PIO                    : enabled
20210226 095725.012 INFO             PET0 ESMF_YAMLCPP                : enabled
20210226 095725.017 INFO             PET0 Finalizing ESMF
20210226 095727.417 INFO             PET0 !!!!!!!!!!!!!!!!!!!!!!!!!!!!!!!!!!!!!!!!!!!!!!!!!!!!!!
20210226 095727.417 INFO             PET0 !!! THE ESMF_LOG IS SET TO OUTPUT ALL LOG MESSAGES !!!
20210226 095727.417 INFO             PET0 !!!     THIS MAY CAUSE SLOWDOWN IN PERFORMANCE     !!!
20210226 095727.417 INFO             PET0 !!! FOR PRODUCTION RUNS, USE:                      !!!
20210226 095727.417 INFO             PET0 !!!                   ESMF_LOGKIND_Multi_On_Error  !!!
20210226 095727.417 INFO             PET0 !!!!!!!!!!!!!!!!!!!!!!!!!!!!!!!!!!!!!!!!!!!!!!!!!!!!!!
20210226 095727.417 INFO             PET0 Running with ESMF Version   : ESMF_8_1_0_beta_snapshot_47-9-gfc33f2dce8
20210226 095727.418 INFO             PET0 ESMF library build date/time: "Feb 26 2021" "09:36:28"
20210226 095727.418 INFO             PET0 ESMF library build location : /work/07356/tg866552/stampede2/8.1.0/esmf
20210226 095727.418 INFO             PET0 ESMF_COMM                   : intelmpi
20210226 095727.421 INFO             PET0 ESMF_MOAB                   : enabled
20210226 095727.421 INFO             PET0 ESMF_LAPACK                 : enabled
20210226 095727.421 INFO             PET0 ESMF_NETCDF                 : enabled
20210226 095727.421 INFO             PET0 ESMF_PNETCDF                : disabled
20210226 095727.421 INFO             PET0 ESMF_PIO                    : enabled
20210226 095727.421 INFO             PET0 ESMF_YAMLCPP                : enabled
20210226 095727.427 INFO             PET0 Finalizing ESMF
Fri Feb 26 16:30:16 CST 2021
