20210223 141506.538 INFO             PET1 !!!!!!!!!!!!!!!!!!!!!!!!!!!!!!!!!!!!!!!!!!!!!!!!!!!!!!
20210223 141506.539 INFO             PET1 !!! THE ESMF_LOG IS SET TO OUTPUT ALL LOG MESSAGES !!!
20210223 141506.539 INFO             PET1 !!!     THIS MAY CAUSE SLOWDOWN IN PERFORMANCE     !!!
20210223 141506.539 INFO             PET1 !!! FOR PRODUCTION RUNS, USE:                      !!!
20210223 141506.539 INFO             PET1 !!!                   ESMF_LOGKIND_Multi_On_Error  !!!
20210223 141506.539 INFO             PET1 !!!!!!!!!!!!!!!!!!!!!!!!!!!!!!!!!!!!!!!!!!!!!!!!!!!!!!
20210223 141506.539 INFO             PET1 Running with ESMF Version   : ESMF_8_1_0_beta_snapshot_47
20210223 141506.539 INFO             PET1 ESMF library build date/time: "Feb 23 2021" "13:53:36"
20210223 141506.539 INFO             PET1 ESMF library build location : /work/07356/tg866552/stampede2/8.1.0/esmf
20210223 141506.539 INFO             PET1 ESMF_COMM                   : intelmpi
20210223 141506.544 INFO             PET1 ESMF_MOAB                   : enabled
20210223 141506.544 INFO             PET1 ESMF_LAPACK                 : enabled
20210223 141506.544 INFO             PET1 ESMF_NETCDF                 : enabled
20210223 141506.544 INFO             PET1 ESMF_PNETCDF                : disabled
20210223 141506.544 INFO             PET1 ESMF_PIO                    : enabled
20210223 141506.544 INFO             PET1 ESMF_YAMLCPP                : enabled
20210223 141506.556 INFO             PET1 Finalizing ESMF
20210223 141508.977 INFO             PET1 !!!!!!!!!!!!!!!!!!!!!!!!!!!!!!!!!!!!!!!!!!!!!!!!!!!!!!
20210223 141508.977 INFO             PET1 !!! THE ESMF_LOG IS SET TO OUTPUT ALL LOG MESSAGES !!!
20210223 141508.977 INFO             PET1 !!!     THIS MAY CAUSE SLOWDOWN IN PERFORMANCE     !!!
20210223 141508.977 INFO             PET1 !!! FOR PRODUCTION RUNS, USE:                      !!!
20210223 141508.977 INFO             PET1 !!!                   ESMF_LOGKIND_Multi_On_Error  !!!
20210223 141508.977 INFO             PET1 !!!!!!!!!!!!!!!!!!!!!!!!!!!!!!!!!!!!!!!!!!!!!!!!!!!!!!
20210223 141508.977 INFO             PET1 Running with ESMF Version   : ESMF_8_1_0_beta_snapshot_47
20210223 141508.978 INFO             PET1 ESMF library build date/time: "Feb 23 2021" "13:53:36"
20210223 141508.978 INFO             PET1 ESMF library build location : /work/07356/tg866552/stampede2/8.1.0/esmf
20210223 141508.978 INFO             PET1 ESMF_COMM                   : intelmpi
20210223 141508.981 INFO             PET1 ESMF_MOAB                   : enabled
20210223 141508.981 INFO             PET1 ESMF_LAPACK                 : enabled
20210223 141508.981 INFO             PET1 ESMF_NETCDF                 : enabled
20210223 141508.981 INFO             PET1 ESMF_PNETCDF                : disabled
20210223 141508.981 INFO             PET1 ESMF_PIO                    : enabled
20210223 141508.981 INFO             PET1 ESMF_YAMLCPP                : enabled
20210223 141509.021 INFO             PET1 Finalizing ESMF
20210223 141511.442 INFO             PET1 !!!!!!!!!!!!!!!!!!!!!!!!!!!!!!!!!!!!!!!!!!!!!!!!!!!!!!
20210223 141511.442 INFO             PET1 !!! THE ESMF_LOG IS SET TO OUTPUT ALL LOG MESSAGES !!!
20210223 141511.442 INFO             PET1 !!!     THIS MAY CAUSE SLOWDOWN IN PERFORMANCE     !!!
20210223 141511.442 INFO             PET1 !!! FOR PRODUCTION RUNS, USE:                      !!!
20210223 141511.442 INFO             PET1 !!!                   ESMF_LOGKIND_Multi_On_Error  !!!
20210223 141511.442 INFO             PET1 !!!!!!!!!!!!!!!!!!!!!!!!!!!!!!!!!!!!!!!!!!!!!!!!!!!!!!
20210223 141511.442 INFO             PET1 Running with ESMF Version   : ESMF_8_1_0_beta_snapshot_47
20210223 141511.443 INFO             PET1 ESMF library build date/time: "Feb 23 2021" "13:53:36"
20210223 141511.443 INFO             PET1 ESMF library build location : /work/07356/tg866552/stampede2/8.1.0/esmf
20210223 141511.443 INFO             PET1 ESMF_COMM                   : intelmpi
20210223 141511.446 INFO             PET1 ESMF_MOAB                   : enabled
20210223 141511.446 INFO             PET1 ESMF_LAPACK                 : enabled
20210223 141511.446 INFO             PET1 ESMF_NETCDF                 : enabled
20210223 141511.446 INFO             PET1 ESMF_PNETCDF                : disabled
20210223 141511.446 INFO             PET1 ESMF_PIO                    : enabled
20210223 141511.446 INFO             PET1 ESMF_YAMLCPP                : enabled
20210223 141511.447 INFO             PET1 Finalizing ESMF
Tue Feb 23 20:54:37 CST 2021
