20210301 012436.384 INFO             PET1 !!!!!!!!!!!!!!!!!!!!!!!!!!!!!!!!!!!!!!!!!!!!!!!!!!!!!!
20210301 012436.384 INFO             PET1 !!! THE ESMF_LOG IS SET TO OUTPUT ALL LOG MESSAGES !!!
20210301 012436.384 INFO             PET1 !!!     THIS MAY CAUSE SLOWDOWN IN PERFORMANCE     !!!
20210301 012436.384 INFO             PET1 !!! FOR PRODUCTION RUNS, USE:                      !!!
20210301 012436.384 INFO             PET1 !!!                   ESMF_LOGKIND_Multi_On_Error  !!!
20210301 012436.384 INFO             PET1 !!!!!!!!!!!!!!!!!!!!!!!!!!!!!!!!!!!!!!!!!!!!!!!!!!!!!!
20210301 012436.384 INFO             PET1 Running with ESMF Version   : ESMF_8_1_0_beta_snapshot_47-18-g3fd6502904
20210301 012436.385 INFO             PET1 ESMF library build date/time: "Mar  1 2021" "01:03:09"
20210301 012436.385 INFO             PET1 ESMF library build location : /work/07356/tg866552/stampede2/8.1.0/esmf
20210301 012436.385 INFO             PET1 ESMF_COMM                   : intelmpi
20210301 012436.389 INFO             PET1 ESMF_MOAB                   : enabled
20210301 012436.389 INFO             PET1 ESMF_LAPACK                 : enabled
20210301 012436.389 INFO             PET1 ESMF_NETCDF                 : enabled
20210301 012436.389 INFO             PET1 ESMF_PNETCDF                : disabled
20210301 012436.389 INFO             PET1 ESMF_PIO                    : enabled
20210301 012436.389 INFO             PET1 ESMF_YAMLCPP                : enabled
20210301 012436.391 INFO             PET1 Finalizing ESMF
20210301 012438.814 INFO             PET1 !!!!!!!!!!!!!!!!!!!!!!!!!!!!!!!!!!!!!!!!!!!!!!!!!!!!!!
20210301 012438.814 INFO             PET1 !!! THE ESMF_LOG IS SET TO OUTPUT ALL LOG MESSAGES !!!
20210301 012438.814 INFO             PET1 !!!     THIS MAY CAUSE SLOWDOWN IN PERFORMANCE     !!!
20210301 012438.814 INFO             PET1 !!! FOR PRODUCTION RUNS, USE:                      !!!
20210301 012438.814 INFO             PET1 !!!                   ESMF_LOGKIND_Multi_On_Error  !!!
20210301 012438.814 INFO             PET1 !!!!!!!!!!!!!!!!!!!!!!!!!!!!!!!!!!!!!!!!!!!!!!!!!!!!!!
20210301 012438.815 INFO             PET1 Running with ESMF Version   : ESMF_8_1_0_beta_snapshot_47-18-g3fd6502904
20210301 012438.815 INFO             PET1 ESMF library build date/time: "Mar  1 2021" "01:03:09"
20210301 012438.815 INFO             PET1 ESMF library build location : /work/07356/tg866552/stampede2/8.1.0/esmf
20210301 012438.815 INFO             PET1 ESMF_COMM                   : intelmpi
20210301 012438.818 INFO             PET1 ESMF_MOAB                   : enabled
20210301 012438.818 INFO             PET1 ESMF_LAPACK                 : enabled
20210301 012438.818 INFO             PET1 ESMF_NETCDF                 : enabled
20210301 012438.818 INFO             PET1 ESMF_PNETCDF                : disabled
20210301 012438.818 INFO             PET1 ESMF_PIO                    : enabled
20210301 012438.818 INFO             PET1 ESMF_YAMLCPP                : enabled
20210301 012438.820 INFO             PET1 Finalizing ESMF
20210301 012441.226 INFO             PET1 !!!!!!!!!!!!!!!!!!!!!!!!!!!!!!!!!!!!!!!!!!!!!!!!!!!!!!
20210301 012441.226 INFO             PET1 !!! THE ESMF_LOG IS SET TO OUTPUT ALL LOG MESSAGES !!!
20210301 012441.226 INFO             PET1 !!!     THIS MAY CAUSE SLOWDOWN IN PERFORMANCE     !!!
20210301 012441.226 INFO             PET1 !!! FOR PRODUCTION RUNS, USE:                      !!!
20210301 012441.226 INFO             PET1 !!!                   ESMF_LOGKIND_Multi_On_Error  !!!
20210301 012441.226 INFO             PET1 !!!!!!!!!!!!!!!!!!!!!!!!!!!!!!!!!!!!!!!!!!!!!!!!!!!!!!
20210301 012441.226 INFO             PET1 Running with ESMF Version   : ESMF_8_1_0_beta_snapshot_47-18-g3fd6502904
20210301 012441.226 INFO             PET1 ESMF library build date/time: "Mar  1 2021" "01:03:09"
20210301 012441.226 INFO             PET1 ESMF library build location : /work/07356/tg866552/stampede2/8.1.0/esmf
20210301 012441.227 INFO             PET1 ESMF_COMM                   : intelmpi
20210301 012441.230 INFO             PET1 ESMF_MOAB                   : enabled
20210301 012441.230 INFO             PET1 ESMF_LAPACK                 : enabled
20210301 012441.230 INFO             PET1 ESMF_NETCDF                 : enabled
20210301 012441.230 INFO             PET1 ESMF_PNETCDF                : disabled
20210301 012441.230 INFO             PET1 ESMF_PIO                    : enabled
20210301 012441.230 INFO             PET1 ESMF_YAMLCPP                : enabled
20210301 012441.233 INFO             PET1 Finalizing ESMF
Mon Mar  1 13:17:42 CST 2021
