20210228 101535.757 INFO             PET2 !!!!!!!!!!!!!!!!!!!!!!!!!!!!!!!!!!!!!!!!!!!!!!!!!!!!!!
20210228 101535.758 INFO             PET2 !!! THE ESMF_LOG IS SET TO OUTPUT ALL LOG MESSAGES !!!
20210228 101535.758 INFO             PET2 !!!     THIS MAY CAUSE SLOWDOWN IN PERFORMANCE     !!!
20210228 101535.758 INFO             PET2 !!! FOR PRODUCTION RUNS, USE:                      !!!
20210228 101535.758 INFO             PET2 !!!                   ESMF_LOGKIND_Multi_On_Error  !!!
20210228 101535.758 INFO             PET2 !!!!!!!!!!!!!!!!!!!!!!!!!!!!!!!!!!!!!!!!!!!!!!!!!!!!!!
20210228 101535.758 INFO             PET2 Running with ESMF Version   : ESMF_8_1_0_beta_snapshot_47-18-g3fd6502904
20210228 101535.758 INFO             PET2 ESMF library build date/time: "Feb 28 2021" "09:54:16"
20210228 101535.758 INFO             PET2 ESMF library build location : /work/07356/tg866552/stampede2/8.1.0/esmf
20210228 101535.758 INFO             PET2 ESMF_COMM                   : intelmpi
20210228 101535.763 INFO             PET2 ESMF_MOAB                   : enabled
20210228 101535.763 INFO             PET2 ESMF_LAPACK                 : enabled
20210228 101535.763 INFO             PET2 ESMF_NETCDF                 : enabled
20210228 101535.763 INFO             PET2 ESMF_PNETCDF                : disabled
20210228 101535.763 INFO             PET2 ESMF_PIO                    : enabled
20210228 101535.763 INFO             PET2 ESMF_YAMLCPP                : enabled
20210228 101535.765 INFO             PET2 Finalizing ESMF
20210228 101538.170 INFO             PET2 !!!!!!!!!!!!!!!!!!!!!!!!!!!!!!!!!!!!!!!!!!!!!!!!!!!!!!
20210228 101538.171 INFO             PET2 !!! THE ESMF_LOG IS SET TO OUTPUT ALL LOG MESSAGES !!!
20210228 101538.171 INFO             PET2 !!!     THIS MAY CAUSE SLOWDOWN IN PERFORMANCE     !!!
20210228 101538.171 INFO             PET2 !!! FOR PRODUCTION RUNS, USE:                      !!!
20210228 101538.171 INFO             PET2 !!!                   ESMF_LOGKIND_Multi_On_Error  !!!
20210228 101538.171 INFO             PET2 !!!!!!!!!!!!!!!!!!!!!!!!!!!!!!!!!!!!!!!!!!!!!!!!!!!!!!
20210228 101538.171 INFO             PET2 Running with ESMF Version   : ESMF_8_1_0_beta_snapshot_47-18-g3fd6502904
20210228 101538.171 INFO             PET2 ESMF library build date/time: "Feb 28 2021" "09:54:16"
20210228 101538.171 INFO             PET2 ESMF library build location : /work/07356/tg866552/stampede2/8.1.0/esmf
20210228 101538.171 INFO             PET2 ESMF_COMM                   : intelmpi
20210228 101538.175 INFO             PET2 ESMF_MOAB                   : enabled
20210228 101538.175 INFO             PET2 ESMF_LAPACK                 : enabled
20210228 101538.175 INFO             PET2 ESMF_NETCDF                 : enabled
20210228 101538.175 INFO             PET2 ESMF_PNETCDF                : disabled
20210228 101538.175 INFO             PET2 ESMF_PIO                    : enabled
20210228 101538.175 INFO             PET2 ESMF_YAMLCPP                : enabled
20210228 101538.193 INFO             PET2 Finalizing ESMF
20210228 101540.572 INFO             PET2 !!!!!!!!!!!!!!!!!!!!!!!!!!!!!!!!!!!!!!!!!!!!!!!!!!!!!!
20210228 101540.572 INFO             PET2 !!! THE ESMF_LOG IS SET TO OUTPUT ALL LOG MESSAGES !!!
20210228 101540.572 INFO             PET2 !!!     THIS MAY CAUSE SLOWDOWN IN PERFORMANCE     !!!
20210228 101540.572 INFO             PET2 !!! FOR PRODUCTION RUNS, USE:                      !!!
20210228 101540.572 INFO             PET2 !!!                   ESMF_LOGKIND_Multi_On_Error  !!!
20210228 101540.572 INFO             PET2 !!!!!!!!!!!!!!!!!!!!!!!!!!!!!!!!!!!!!!!!!!!!!!!!!!!!!!
20210228 101540.572 INFO             PET2 Running with ESMF Version   : ESMF_8_1_0_beta_snapshot_47-18-g3fd6502904
20210228 101540.573 INFO             PET2 ESMF library build date/time: "Feb 28 2021" "09:54:16"
20210228 101540.573 INFO             PET2 ESMF library build location : /work/07356/tg866552/stampede2/8.1.0/esmf
20210228 101540.573 INFO             PET2 ESMF_COMM                   : intelmpi
20210228 101540.576 INFO             PET2 ESMF_MOAB                   : enabled
20210228 101540.576 INFO             PET2 ESMF_LAPACK                 : enabled
20210228 101540.576 INFO             PET2 ESMF_NETCDF                 : enabled
20210228 101540.576 INFO             PET2 ESMF_PNETCDF                : disabled
20210228 101540.576 INFO             PET2 ESMF_PIO                    : enabled
20210228 101540.576 INFO             PET2 ESMF_YAMLCPP                : enabled
20210228 101540.584 INFO             PET2 Finalizing ESMF
Sun Feb 28 16:50:41 CST 2021
