20210223 141506.542 INFO             PET3 !!!!!!!!!!!!!!!!!!!!!!!!!!!!!!!!!!!!!!!!!!!!!!!!!!!!!!
20210223 141506.542 INFO             PET3 !!! THE ESMF_LOG IS SET TO OUTPUT ALL LOG MESSAGES !!!
20210223 141506.542 INFO             PET3 !!!     THIS MAY CAUSE SLOWDOWN IN PERFORMANCE     !!!
20210223 141506.542 INFO             PET3 !!! FOR PRODUCTION RUNS, USE:                      !!!
20210223 141506.542 INFO             PET3 !!!                   ESMF_LOGKIND_Multi_On_Error  !!!
20210223 141506.542 INFO             PET3 !!!!!!!!!!!!!!!!!!!!!!!!!!!!!!!!!!!!!!!!!!!!!!!!!!!!!!
20210223 141506.542 INFO             PET3 Running with ESMF Version   : ESMF_8_1_0_beta_snapshot_47
20210223 141506.542 INFO             PET3 ESMF library build date/time: "Feb 23 2021" "13:53:36"
20210223 141506.542 INFO             PET3 ESMF library build location : /work/07356/tg866552/stampede2/8.1.0/esmf
20210223 141506.542 INFO             PET3 ESMF_COMM                   : intelmpi
20210223 141506.547 INFO             PET3 ESMF_MOAB                   : enabled
20210223 141506.547 INFO             PET3 ESMF_LAPACK                 : enabled
20210223 141506.547 INFO             PET3 ESMF_NETCDF                 : enabled
20210223 141506.547 INFO             PET3 ESMF_PNETCDF                : disabled
20210223 141506.547 INFO             PET3 ESMF_PIO                    : enabled
20210223 141506.547 INFO             PET3 ESMF_YAMLCPP                : enabled
20210223 141506.556 INFO             PET3 Finalizing ESMF
20210223 141508.984 INFO             PET3 !!!!!!!!!!!!!!!!!!!!!!!!!!!!!!!!!!!!!!!!!!!!!!!!!!!!!!
20210223 141508.984 INFO             PET3 !!! THE ESMF_LOG IS SET TO OUTPUT ALL LOG MESSAGES !!!
20210223 141508.984 INFO             PET3 !!!     THIS MAY CAUSE SLOWDOWN IN PERFORMANCE     !!!
20210223 141508.984 INFO             PET3 !!! FOR PRODUCTION RUNS, USE:                      !!!
20210223 141508.984 INFO             PET3 !!!                   ESMF_LOGKIND_Multi_On_Error  !!!
20210223 141508.984 INFO             PET3 !!!!!!!!!!!!!!!!!!!!!!!!!!!!!!!!!!!!!!!!!!!!!!!!!!!!!!
20210223 141508.984 INFO             PET3 Running with ESMF Version   : ESMF_8_1_0_beta_snapshot_47
20210223 141508.985 INFO             PET3 ESMF library build date/time: "Feb 23 2021" "13:53:36"
20210223 141508.985 INFO             PET3 ESMF library build location : /work/07356/tg866552/stampede2/8.1.0/esmf
20210223 141508.985 INFO             PET3 ESMF_COMM                   : intelmpi
20210223 141509.019 INFO             PET3 ESMF_MOAB                   : enabled
20210223 141509.019 INFO             PET3 ESMF_LAPACK                 : enabled
20210223 141509.019 INFO             PET3 ESMF_NETCDF                 : enabled
20210223 141509.019 INFO             PET3 ESMF_PNETCDF                : disabled
20210223 141509.019 INFO             PET3 ESMF_PIO                    : enabled
20210223 141509.019 INFO             PET3 ESMF_YAMLCPP                : enabled
20210223 141509.021 INFO             PET3 Finalizing ESMF
20210223 141511.432 INFO             PET3 !!!!!!!!!!!!!!!!!!!!!!!!!!!!!!!!!!!!!!!!!!!!!!!!!!!!!!
20210223 141511.432 INFO             PET3 !!! THE ESMF_LOG IS SET TO OUTPUT ALL LOG MESSAGES !!!
20210223 141511.432 INFO             PET3 !!!     THIS MAY CAUSE SLOWDOWN IN PERFORMANCE     !!!
20210223 141511.432 INFO             PET3 !!! FOR PRODUCTION RUNS, USE:                      !!!
20210223 141511.432 INFO             PET3 !!!                   ESMF_LOGKIND_Multi_On_Error  !!!
20210223 141511.432 INFO             PET3 !!!!!!!!!!!!!!!!!!!!!!!!!!!!!!!!!!!!!!!!!!!!!!!!!!!!!!
20210223 141511.432 INFO             PET3 Running with ESMF Version   : ESMF_8_1_0_beta_snapshot_47
20210223 141511.432 INFO             PET3 ESMF library build date/time: "Feb 23 2021" "13:53:36"
20210223 141511.432 INFO             PET3 ESMF library build location : /work/07356/tg866552/stampede2/8.1.0/esmf
20210223 141511.432 INFO             PET3 ESMF_COMM                   : intelmpi
20210223 141511.436 INFO             PET3 ESMF_MOAB                   : enabled
20210223 141511.436 INFO             PET3 ESMF_LAPACK                 : enabled
20210223 141511.436 INFO             PET3 ESMF_NETCDF                 : enabled
20210223 141511.436 INFO             PET3 ESMF_PNETCDF                : disabled
20210223 141511.436 INFO             PET3 ESMF_PIO                    : enabled
20210223 141511.436 INFO             PET3 ESMF_YAMLCPP                : enabled
20210223 141511.447 INFO             PET3 Finalizing ESMF
Tue Feb 23 20:54:37 CST 2021
