20210301 012436.383 INFO             PET3 !!!!!!!!!!!!!!!!!!!!!!!!!!!!!!!!!!!!!!!!!!!!!!!!!!!!!!
20210301 012436.383 INFO             PET3 !!! THE ESMF_LOG IS SET TO OUTPUT ALL LOG MESSAGES !!!
20210301 012436.383 INFO             PET3 !!!     THIS MAY CAUSE SLOWDOWN IN PERFORMANCE     !!!
20210301 012436.383 INFO             PET3 !!! FOR PRODUCTION RUNS, USE:                      !!!
20210301 012436.383 INFO             PET3 !!!                   ESMF_LOGKIND_Multi_On_Error  !!!
20210301 012436.383 INFO             PET3 !!!!!!!!!!!!!!!!!!!!!!!!!!!!!!!!!!!!!!!!!!!!!!!!!!!!!!
20210301 012436.383 INFO             PET3 Running with ESMF Version   : ESMF_8_1_0_beta_snapshot_47-18-g3fd6502904
20210301 012436.384 INFO             PET3 ESMF library build date/time: "Mar  1 2021" "01:03:09"
20210301 012436.384 INFO             PET3 ESMF library build location : /work/07356/tg866552/stampede2/8.1.0/esmf
20210301 012436.384 INFO             PET3 ESMF_COMM                   : intelmpi
20210301 012436.388 INFO             PET3 ESMF_MOAB                   : enabled
20210301 012436.388 INFO             PET3 ESMF_LAPACK                 : enabled
20210301 012436.388 INFO             PET3 ESMF_NETCDF                 : enabled
20210301 012436.388 INFO             PET3 ESMF_PNETCDF                : disabled
20210301 012436.388 INFO             PET3 ESMF_PIO                    : enabled
20210301 012436.388 INFO             PET3 ESMF_YAMLCPP                : enabled
20210301 012436.391 INFO             PET3 Finalizing ESMF
20210301 012438.806 INFO             PET3 !!!!!!!!!!!!!!!!!!!!!!!!!!!!!!!!!!!!!!!!!!!!!!!!!!!!!!
20210301 012438.807 INFO             PET3 !!! THE ESMF_LOG IS SET TO OUTPUT ALL LOG MESSAGES !!!
20210301 012438.807 INFO             PET3 !!!     THIS MAY CAUSE SLOWDOWN IN PERFORMANCE     !!!
20210301 012438.807 INFO             PET3 !!! FOR PRODUCTION RUNS, USE:                      !!!
20210301 012438.807 INFO             PET3 !!!                   ESMF_LOGKIND_Multi_On_Error  !!!
20210301 012438.807 INFO             PET3 !!!!!!!!!!!!!!!!!!!!!!!!!!!!!!!!!!!!!!!!!!!!!!!!!!!!!!
20210301 012438.807 INFO             PET3 Running with ESMF Version   : ESMF_8_1_0_beta_snapshot_47-18-g3fd6502904
20210301 012438.807 INFO             PET3 ESMF library build date/time: "Mar  1 2021" "01:03:09"
20210301 012438.807 INFO             PET3 ESMF library build location : /work/07356/tg866552/stampede2/8.1.0/esmf
20210301 012438.807 INFO             PET3 ESMF_COMM                   : intelmpi
20210301 012438.810 INFO             PET3 ESMF_MOAB                   : enabled
20210301 012438.810 INFO             PET3 ESMF_LAPACK                 : enabled
20210301 012438.811 INFO             PET3 ESMF_NETCDF                 : enabled
20210301 012438.811 INFO             PET3 ESMF_PNETCDF                : disabled
20210301 012438.811 INFO             PET3 ESMF_PIO                    : enabled
20210301 012438.811 INFO             PET3 ESMF_YAMLCPP                : enabled
20210301 012438.820 INFO             PET3 Finalizing ESMF
20210301 012441.216 INFO             PET3 !!!!!!!!!!!!!!!!!!!!!!!!!!!!!!!!!!!!!!!!!!!!!!!!!!!!!!
20210301 012441.217 INFO             PET3 !!! THE ESMF_LOG IS SET TO OUTPUT ALL LOG MESSAGES !!!
20210301 012441.217 INFO             PET3 !!!     THIS MAY CAUSE SLOWDOWN IN PERFORMANCE     !!!
20210301 012441.217 INFO             PET3 !!! FOR PRODUCTION RUNS, USE:                      !!!
20210301 012441.217 INFO             PET3 !!!                   ESMF_LOGKIND_Multi_On_Error  !!!
20210301 012441.217 INFO             PET3 !!!!!!!!!!!!!!!!!!!!!!!!!!!!!!!!!!!!!!!!!!!!!!!!!!!!!!
20210301 012441.217 INFO             PET3 Running with ESMF Version   : ESMF_8_1_0_beta_snapshot_47-18-g3fd6502904
20210301 012441.217 INFO             PET3 ESMF library build date/time: "Mar  1 2021" "01:03:09"
20210301 012441.217 INFO             PET3 ESMF library build location : /work/07356/tg866552/stampede2/8.1.0/esmf
20210301 012441.217 INFO             PET3 ESMF_COMM                   : intelmpi
20210301 012441.221 INFO             PET3 ESMF_MOAB                   : enabled
20210301 012441.221 INFO             PET3 ESMF_LAPACK                 : enabled
20210301 012441.221 INFO             PET3 ESMF_NETCDF                 : enabled
20210301 012441.221 INFO             PET3 ESMF_PNETCDF                : disabled
20210301 012441.221 INFO             PET3 ESMF_PIO                    : enabled
20210301 012441.221 INFO             PET3 ESMF_YAMLCPP                : enabled
20210301 012441.233 INFO             PET3 Finalizing ESMF
Mon Mar  1 13:17:42 CST 2021
