gmake[5]: Leaving directory '/glade/scratch/himanshu/scripts_dir/daily/gfortran_cheyenne/esmf/src/Superstructure/InfoAPI/interface'
tree_run_examples in: /glade/scratch/himanshu/scripts_dir/daily/gfortran_cheyenne/esmf/src/Superstructure/InfoAPI/tests
gmake[5]: Entering directory '/glade/scratch/himanshu/scripts_dir/daily/gfortran_cheyenne/esmf/src/Superstructure/InfoAPI/tests'
gmake[1]: Entering directory '/glade/scratch/himanshu/scripts_dir/daily/gfortran_cheyenne/esmf'
sed: can't read /glade/scratch/himanshu/scripts_dir/daily/gfortran_cheyenne/esmf/test/testO/Linux.gfortran.64.mpich3.default/unit_tests.config: No such file or directory
gmake[1]: Leaving directory '/glade/scratch/himanshu/scripts_dir/daily/gfortran_cheyenne/esmf'
gmake[5]: Leaving directory '/glade/scratch/himanshu/scripts_dir/daily/gfortran_cheyenne/esmf/src/Superstructure/InfoAPI/tests'
gmake[1]: Entering directory '/glade/scratch/himanshu/scripts_dir/daily/gfortran_cheyenne/esmf'
tree_run_examples in: /glade/scratch/himanshu/scripts_dir/daily/gfortran_cheyenne/esmf/src/Superstructure/InfoAPI/doc
gmake[5]: Entering directory '/glade/scratch/himanshu/scripts_dir/daily/gfortran_cheyenne/esmf/src/Superstructure/InfoAPI/doc'
rm -rf /glade/scratch/himanshu/scripts_dir/daily/gfortran_cheyenne/esmf/test/testO/Linux.gfortran.64.mpich3.default/test_harness.*
rm -rf /glade/scratch/himanshu/scripts_dir/daily/gfortran_cheyenne/esmf/test/testO/Linux.gfortran.64.mpich3.default/unit_tests_results
rm -rf /glade/scratch/himanshu/scripts_dir/daily/gfortran_cheyenne/esmf/test/testO/Linux.gfortran.64.mpich3.default/*UTest.Log
rm -rf /glade/scratch/himanshu/scripts_dir/daily/gfortran_cheyenne/esmf/test/testO/Linux.gfortran.64.mpich3.default/*UTest.stdout
gmake[5]: Leaving directory '/glade/scratch/himanshu/scripts_dir/daily/gfortran_cheyenne/esmf/src/Superstructure/InfoAPI/doc'
gmake[4]: Leaving directory '/glade/scratch/himanshu/scripts_dir/daily/gfortran_cheyenne/esmf/src/Superstructure/InfoAPI'
rm -rf /glade/scratch/himanshu/scripts_dir/daily/gfortran_cheyenne/esmf/test/testO/Linux.gfortran.64.mpich3.default/*.rc
tree_run_examples in: /glade/scratch/himanshu/scripts_dir/daily/gfortran_cheyenne/esmf/src/Superstructure/StateReconcile
rm -rf /glade/scratch/himanshu/scripts_dir/daily/gfortran_cheyenne/esmf/test/testO/Linux.gfortran.64.mpich3.default/*.nc
gmake[4]: Entering directory '/glade/scratch/himanshu/scripts_dir/daily/gfortran_cheyenne/esmf/src/Superstructure/StateReconcile'
rm -rf /glade/scratch/himanshu/scripts_dir/daily/gfortran_cheyenne/esmf/test/testO/Linux.gfortran.64.mpich3.default/data
gmake[1]: Leaving directory '/glade/scratch/himanshu/scripts_dir/daily/gfortran_cheyenne/esmf'
gmake ACTION=tree_run_unit_tests tree
gmake[1]: Entering directory '/glade/scratch/himanshu/scripts_dir/daily/gfortran_cheyenne/esmf'
tree_run_examples in: /glade/scratch/himanshu/scripts_dir/daily/gfortran_cheyenne/esmf/src/Superstructure/StateReconcile/src
gmake[5]: Entering directory '/glade/scratch/himanshu/scripts_dir/daily/gfortran_cheyenne/esmf/src/Superstructure/StateReconcile/src'
tree_run_unit_tests in: /glade/scratch/himanshu/scripts_dir/daily/gfortran_cheyenne/esmf/src
gmake[2]: Entering directory '/glade/scratch/himanshu/scripts_dir/daily/gfortran_cheyenne/esmf/src'
gmake[5]: Leaving directory '/glade/scratch/himanshu/scripts_dir/daily/gfortran_cheyenne/esmf/src/Superstructure/StateReconcile/src'
tree_run_examples in: /glade/scratch/himanshu/scripts_dir/daily/gfortran_cheyenne/esmf/src/Superstructure/StateReconcile/doc
gmake[5]: Entering directory '/glade/scratch/himanshu/scripts_dir/daily/gfortran_cheyenne/esmf/src/Superstructure/StateReconcile/doc'
tree_run_unit_tests in: /glade/scratch/himanshu/scripts_dir/daily/gfortran_cheyenne/esmf/src/prologue
gmake[3]: Entering directory '/glade/scratch/himanshu/scripts_dir/daily/gfortran_cheyenne/esmf/src/prologue'
gmake[5]: Leaving directory '/glade/scratch/himanshu/scripts_dir/daily/gfortran_cheyenne/esmf/src/Superstructure/StateReconcile/doc'
tree_run_examples in: /glade/scratch/himanshu/scripts_dir/daily/gfortran_cheyenne/esmf/src/Superstructure/StateReconcile/tests
gmake[5]: Entering directory '/glade/scratch/himanshu/scripts_dir/daily/gfortran_cheyenne/esmf/src/Superstructure/StateReconcile/tests'
tree_run_unit_tests in: /glade/scratch/himanshu/scripts_dir/daily/gfortran_cheyenne/esmf/src/prologue/tests
gmake[4]: Entering directory '/glade/scratch/himanshu/scripts_dir/daily/gfortran_cheyenne/esmf/src/prologue/tests'
gmake TNAME=String NP=2 ftest
gmake[5]: Entering directory '/glade/scratch/himanshu/scripts_dir/daily/gfortran_cheyenne/esmf/src/prologue/tests'
gmake[5]: Leaving directory '/glade/scratch/himanshu/scripts_dir/daily/gfortran_cheyenne/esmf/src/Superstructure/StateReconcile/tests'
tree_run_examples in: /glade/scratch/himanshu/scripts_dir/daily/gfortran_cheyenne/esmf/src/Superstructure/StateReconcile/examples
gmake[5]: Entering directory '/glade/scratch/himanshu/scripts_dir/daily/gfortran_cheyenne/esmf/src/Superstructure/StateReconcile/examples'
mpirun -np 2 ./ESMF_StringUTest 1> ./ESMF_StringUTest.stdout 2>&1
gmake EXNAME=StateReconcile NP=4 exfrun
gmake[6]: Entering directory '/glade/scratch/himanshu/scripts_dir/daily/gfortran_cheyenne/esmf/src/Superstructure/StateReconcile/examples'
cat: './PET*StringUTest.Log': No such file or directory
gmake[5]: Leaving directory '/glade/scratch/himanshu/scripts_dir/daily/gfortran_cheyenne/esmf/src/prologue/tests'
gmake TNAME=Wordsize NP=2 ftest
gmake[5]: Entering directory '/glade/scratch/himanshu/scripts_dir/daily/gfortran_cheyenne/esmf/src/prologue/tests'
mpirun -np 4 ./ESMF_StateReconcileEx > ./ESMF_StateReconcileEx.stdout 2>&1
mpirun -np 2 ./ESMF_WordsizeUTest 1> ./ESMF_WordsizeUTest.stdout 2>&1
cat: './PET*StateReconcileEx*.Log': No such file or directory
gmake[6]: Leaving directory '/glade/scratch/himanshu/scripts_dir/daily/gfortran_cheyenne/esmf/src/Superstructure/StateReconcile/examples'
cat: './PET*WordsizeUTest.Log': No such file or directory
gmake[5]: Leaving directory '/glade/scratch/himanshu/scripts_dir/daily/gfortran_cheyenne/esmf/src/prologue/tests'
gmake TNAME=F90ArrayPtr NP=4 ftest
gmake[5]: Leaving directory '/glade/scratch/himanshu/scripts_dir/daily/gfortran_cheyenne/esmf/src/Superstructure/StateReconcile/examples'
gmake[4]: Leaving directory '/glade/scratch/himanshu/scripts_dir/daily/gfortran_cheyenne/esmf/src/Superstructure/StateReconcile'
gmake[5]: Entering directory '/glade/scratch/himanshu/scripts_dir/daily/gfortran_cheyenne/esmf/src/prologue/tests'
tree_run_examples in: /glade/scratch/himanshu/scripts_dir/daily/gfortran_cheyenne/esmf/src/Superstructure/AttributeAPI
gmake[4]: Entering directory '/glade/scratch/himanshu/scripts_dir/daily/gfortran_cheyenne/esmf/src/Superstructure/AttributeAPI'
mpirun -np 4 ./ESMF_F90ArrayPtrUTest 1> ./ESMF_F90ArrayPtrUTest.stdout 2>&1
tree_run_examples in: /glade/scratch/himanshu/scripts_dir/daily/gfortran_cheyenne/esmf/src/Superstructure/AttributeAPI/interface
cat: gmake[5]: Entering directory '/glade/scratch/himanshu/scripts_dir/daily/gfortran_cheyenne/esmf/src/Superstructure/AttributeAPI/interface'
'./PET*F90ArrayPtrUTest.Log': No such file or directory
gmake[5]: Leaving directory '/glade/scratch/himanshu/scripts_dir/daily/gfortran_cheyenne/esmf/src/prologue/tests'
gmake TNAME=LAPACK NP=2 ftest
gmake[5]: Entering directory '/glade/scratch/himanshu/scripts_dir/daily/gfortran_cheyenne/esmf/src/prologue/tests'
gmake[5]: Leaving directory '/glade/scratch/himanshu/scripts_dir/daily/gfortran_cheyenne/esmf/src/Superstructure/AttributeAPI/interface'
tree_run_examples in: /glade/scratch/himanshu/scripts_dir/daily/gfortran_cheyenne/esmf/src/Superstructure/AttributeAPI/tests
mpirun -np 2 ./ESMF_LAPACKUTest 1> ./ESMF_LAPACKUTest.stdout 2>&1
gmake[5]: Entering directory '/glade/scratch/himanshu/scripts_dir/daily/gfortran_cheyenne/esmf/src/Superstructure/AttributeAPI/tests'
cat: './PET*LAPACKUTest.Log': No such file or directory
gmake[5]: Leaving directory '/glade/scratch/himanshu/scripts_dir/daily/gfortran_cheyenne/esmf/src/prologue/tests'
gmake TNAME=Feature NP=2 ftest
gmake[5]: Entering directory '/glade/scratch/himanshu/scripts_dir/daily/gfortran_cheyenne/esmf/src/prologue/tests'
gmake[5]: Leaving directory '/glade/scratch/himanshu/scripts_dir/daily/gfortran_cheyenne/esmf/src/Superstructure/AttributeAPI/tests'
tree_run_examples in: /glade/scratch/himanshu/scripts_dir/daily/gfortran_cheyenne/esmf/src/Superstructure/AttributeAPI/doc
gmake[5]: Entering directory '/glade/scratch/himanshu/scripts_dir/daily/gfortran_cheyenne/esmf/src/Superstructure/AttributeAPI/doc'
mpirun -np 2 ./ESMF_FeatureUTest 1> ./ESMF_FeatureUTest.stdout 2>&1
cat: './PET*FeatureUTest.Log': No such file or directory
gmake[5]: Leaving directory '/glade/scratch/himanshu/scripts_dir/daily/gfortran_cheyenne/esmf/src/prologue/tests'
gmake TNAME=Exceptions NP=4 citest
gmake[5]: Entering directory '/glade/scratch/himanshu/scripts_dir/daily/gfortran_cheyenne/esmf/src/prologue/tests'
gmake[5]: Leaving directory '/glade/scratch/himanshu/scripts_dir/daily/gfortran_cheyenne/esmf/src/Superstructure/AttributeAPI/doc'
gmake[4]: Leaving directory '/glade/scratch/himanshu/scripts_dir/daily/gfortran_cheyenne/esmf/src/Superstructure/AttributeAPI'
tree_run_examples in: /glade/scratch/himanshu/scripts_dir/daily/gfortran_cheyenne/esmf/src/Superstructure/TraceAPI
gmake[4]: Entering directory '/glade/scratch/himanshu/scripts_dir/daily/gfortran_cheyenne/esmf/src/Superstructure/TraceAPI'
mpirun -np 4 ./ESMCI_ExceptionsUTest 1> ./ESMCI_ExceptionsUTest.stdout 2>&1
cat: './PET*ExceptionsUTest.Log': No such file or directory
gmake[5]: Leaving directory '/glade/scratch/himanshu/scripts_dir/daily/gfortran_cheyenne/esmf/src/prologue/tests'
gmake TNAME=Feature NP=2 citest
gmake[5]: Entering directory '/glade/scratch/himanshu/scripts_dir/daily/gfortran_cheyenne/esmf/src/prologue/tests'
tree_run_examples in: /glade/scratch/himanshu/scripts_dir/daily/gfortran_cheyenne/esmf/src/Superstructure/TraceAPI/interface
gmake[5]: Entering directory '/glade/scratch/himanshu/scripts_dir/daily/gfortran_cheyenne/esmf/src/Superstructure/TraceAPI/interface'
mpirun -np 2 ./ESMCI_FeatureUTest 1> ./ESMCI_FeatureUTest.stdout 2>&1
cat: './PET*FeatureUTest.Log': No such file or directory
gmake[5]: Leaving directory '/glade/scratch/himanshu/scripts_dir/daily/gfortran_cheyenne/esmf/src/prologue/tests'
gmake[4]: Leaving directory '/glade/scratch/himanshu/scripts_dir/daily/gfortran_cheyenne/esmf/src/prologue/tests'
tree_run_unit_tests in: /glade/scratch/himanshu/scripts_dir/daily/gfortran_cheyenne/esmf/src/prologue/yaml-cpp
gmake[4]: Entering directory '/glade/scratch/himanshu/scripts_dir/daily/gfortran_cheyenne/esmf/src/prologue/yaml-cpp'
gmake[5]: Leaving directory '/glade/scratch/himanshu/scripts_dir/daily/gfortran_cheyenne/esmf/src/Superstructure/TraceAPI/interface'
gmake[4]: Leaving directory '/glade/scratch/himanshu/scripts_dir/daily/gfortran_cheyenne/esmf/src/Superstructure/TraceAPI'
tree_run_examples in: /glade/scratch/himanshu/scripts_dir/daily/gfortran_cheyenne/esmf/src/Superstructure/WebServices
gmake[4]: Entering directory '/glade/scratch/himanshu/scripts_dir/daily/gfortran_cheyenne/esmf/src/Superstructure/WebServices'
tree_run_unit_tests in: /glade/scratch/himanshu/scripts_dir/daily/gfortran_cheyenne/esmf/src/prologue/yaml-cpp/src
gmake[5]: Entering directory '/glade/scratch/himanshu/scripts_dir/daily/gfortran_cheyenne/esmf/src/prologue/yaml-cpp/src'
tree_run_examples in: /glade/scratch/himanshu/scripts_dir/daily/gfortran_cheyenne/esmf/src/Superstructure/WebServices/src
gmake[5]: Entering directory '/glade/scratch/himanshu/scripts_dir/daily/gfortran_cheyenne/esmf/src/Superstructure/WebServices/src'
gmake[5]: Leaving directory '/glade/scratch/himanshu/scripts_dir/daily/gfortran_cheyenne/esmf/src/prologue/yaml-cpp/src'
gmake[4]: Leaving directory '/glade/scratch/himanshu/scripts_dir/daily/gfortran_cheyenne/esmf/src/prologue/yaml-cpp'
gmake[3]: Leaving directory '/glade/scratch/himanshu/scripts_dir/daily/gfortran_cheyenne/esmf/src/prologue'
tree_run_unit_tests in: /glade/scratch/himanshu/scripts_dir/daily/gfortran_cheyenne/esmf/src/test_harness
gmake[3]: Entering directory '/glade/scratch/himanshu/scripts_dir/daily/gfortran_cheyenne/esmf/src/test_harness'
gmake[5]: Leaving directory '/glade/scratch/himanshu/scripts_dir/daily/gfortran_cheyenne/esmf/src/Superstructure/WebServices/src'
tree_run_examples in: /glade/scratch/himanshu/scripts_dir/daily/gfortran_cheyenne/esmf/src/Superstructure/WebServices/doc
gmake[5]: Entering directory '/glade/scratch/himanshu/scripts_dir/daily/gfortran_cheyenne/esmf/src/Superstructure/WebServices/doc'
tree_run_unit_tests in: /glade/scratch/himanshu/scripts_dir/daily/gfortran_cheyenne/esmf/src/test_harness/src
gmake[4]: Entering directory '/glade/scratch/himanshu/scripts_dir/daily/gfortran_cheyenne/esmf/src/test_harness/src'
gmake[5]: Leaving directory '/glade/scratch/himanshu/scripts_dir/daily/gfortran_cheyenne/esmf/src/Superstructure/WebServices/doc'
tree_run_examples in: /glade/scratch/himanshu/scripts_dir/daily/gfortran_cheyenne/esmf/src/Superstructure/WebServices/examples
gmake[5]: Entering directory '/glade/scratch/himanshu/scripts_dir/daily/gfortran_cheyenne/esmf/src/Superstructure/WebServices/examples'
gmake[4]: Leaving directory '/glade/scratch/himanshu/scripts_dir/daily/gfortran_cheyenne/esmf/src/test_harness/src'
gmake[3]: Leaving directory '/glade/scratch/himanshu/scripts_dir/daily/gfortran_cheyenne/esmf/src/test_harness'
tree_run_unit_tests in: /glade/scratch/himanshu/scripts_dir/daily/gfortran_cheyenne/esmf/src/Infrastructure
gmake[3]: Entering directory '/glade/scratch/himanshu/scripts_dir/daily/gfortran_cheyenne/esmf/src/Infrastructure'
gmake EXNAME=WebServices NP=4 exfrun
gmake[6]: Entering directory '/glade/scratch/himanshu/scripts_dir/daily/gfortran_cheyenne/esmf/src/Superstructure/WebServices/examples'
tree_run_unit_tests in: /glade/scratch/himanshu/scripts_dir/daily/gfortran_cheyenne/esmf/src/Infrastructure/stubs
gmake[4]: Entering directory '/glade/scratch/himanshu/scripts_dir/daily/gfortran_cheyenne/esmf/src/Infrastructure/stubs'
mpirun -np 4 ./ESMF_WebServicesEx > ./ESMF_WebServicesEx.stdout 2>&1
cat: './PET*WebServicesEx*.Log'tree_run_unit_tests in: /glade/scratch/himanshu/scripts_dir/daily/gfortran_cheyenne/esmf/src/Infrastructure/stubs/mpiuni
: No such file or directory
gmake[6]: Leaving directory '/glade/scratch/himanshu/scripts_dir/daily/gfortran_cheyenne/esmf/src/Superstructure/WebServices/examples'
gmake[5]: Entering directory '/glade/scratch/himanshu/scripts_dir/daily/gfortran_cheyenne/esmf/src/Infrastructure/stubs/mpiuni'
gmake[5]: Leaving directory '/glade/scratch/himanshu/scripts_dir/daily/gfortran_cheyenne/esmf/src/Superstructure/WebServices/examples'
tree_run_examples in: /glade/scratch/himanshu/scripts_dir/daily/gfortran_cheyenne/esmf/src/Superstructure/WebServices/tests
gmake[5]: Entering directory '/glade/scratch/himanshu/scripts_dir/daily/gfortran_cheyenne/esmf/src/Superstructure/WebServices/tests'
gmake[5]: Leaving directory '/glade/scratch/himanshu/scripts_dir/daily/gfortran_cheyenne/esmf/src/Infrastructure/stubs/mpiuni'
gmake[5]: Leaving directory '/glade/scratch/himanshu/scripts_dir/daily/gfortran_cheyenne/esmf/src/Superstructure/WebServices/tests'
gmake[4]: Leaving directory '/glade/scratch/himanshu/scripts_dir/daily/gfortran_cheyenne/esmf/src/Infrastructure/stubs'
gmake[4]: Leaving directory '/glade/scratch/himanshu/scripts_dir/daily/gfortran_cheyenne/esmf/src/Superstructure/WebServices'
tree_run_unit_tests in: /glade/scratch/himanshu/scripts_dir/daily/gfortran_cheyenne/esmf/src/Infrastructure/Util
tree_run_examples in: /glade/scratch/himanshu/scripts_dir/daily/gfortran_cheyenne/esmf/src/Superstructure/IOAPI
gmake[4]: Entering directory '/glade/scratch/himanshu/scripts_dir/daily/gfortran_cheyenne/esmf/src/Infrastructure/Util'
gmake[4]: Entering directory '/glade/scratch/himanshu/scripts_dir/daily/gfortran_cheyenne/esmf/src/Superstructure/IOAPI'
tree_run_examples in: /glade/scratch/himanshu/scripts_dir/daily/gfortran_cheyenne/esmf/src/Superstructure/IOAPI/interface
tree_run_unit_tests in: /glade/scratch/himanshu/scripts_dir/daily/gfortran_cheyenne/esmf/src/Infrastructure/Util/src
gmake[5]: Entering directory '/glade/scratch/himanshu/scripts_dir/daily/gfortran_cheyenne/esmf/src/Superstructure/IOAPI/interface'
gmake[5]: Entering directory '/glade/scratch/himanshu/scripts_dir/daily/gfortran_cheyenne/esmf/src/Infrastructure/Util/src'
gmake[5]: Leaving directory '/glade/scratch/himanshu/scripts_dir/daily/gfortran_cheyenne/esmf/src/Infrastructure/Util/src'
tree_run_unit_tests in: /glade/scratch/himanshu/scripts_dir/daily/gfortran_cheyenne/esmf/src/Infrastructure/Util/interface
gmake[5]: Entering directory '/glade/scratch/himanshu/scripts_dir/daily/gfortran_cheyenne/esmf/src/Infrastructure/Util/interface'
gmake[5]: Leaving directory '/glade/scratch/himanshu/scripts_dir/daily/gfortran_cheyenne/esmf/src/Superstructure/IOAPI/interface'
tree_run_examples in: /glade/scratch/himanshu/scripts_dir/daily/gfortran_cheyenne/esmf/src/Superstructure/IOAPI/tests
gmake[5]: Entering directory '/glade/scratch/himanshu/scripts_dir/daily/gfortran_cheyenne/esmf/src/Superstructure/IOAPI/tests'
gmake[5]: Leaving directory '/glade/scratch/himanshu/scripts_dir/daily/gfortran_cheyenne/esmf/src/Infrastructure/Util/interface'
gmake[5]: Leaving directory '/glade/scratch/himanshu/scripts_dir/daily/gfortran_cheyenne/esmf/src/Superstructure/IOAPI/tests'
tree_run_unit_tests in: /glade/scratch/himanshu/scripts_dir/daily/gfortran_cheyenne/esmf/src/Infrastructure/Util/tests
gmake[4]: Leaving directory '/glade/scratch/himanshu/scripts_dir/daily/gfortran_cheyenne/esmf/src/Superstructure/IOAPI'
gmake[5]: Entering directory '/glade/scratch/himanshu/scripts_dir/daily/gfortran_cheyenne/esmf/src/Infrastructure/Util/tests'
tree_run_examples in: /glade/scratch/himanshu/scripts_dir/daily/gfortran_cheyenne/esmf/src/Superstructure/PreESMFMod
gmake[4]: Entering directory '/glade/scratch/himanshu/scripts_dir/daily/gfortran_cheyenne/esmf/src/Superstructure/PreESMFMod'
gmake TNAME=Util NP=4 ftest
tree_run_examples in: /glade/scratch/himanshu/scripts_dir/daily/gfortran_cheyenne/esmf/src/Superstructure/PreESMFMod/src
gmake[5]: Entering directory '/glade/scratch/himanshu/scripts_dir/daily/gfortran_cheyenne/esmf/src/Superstructure/PreESMFMod/src'
gmake[6]: Entering directory '/glade/scratch/himanshu/scripts_dir/daily/gfortran_cheyenne/esmf/src/Infrastructure/Util/tests'
gmake[5]: Leaving directory '/glade/scratch/himanshu/scripts_dir/daily/gfortran_cheyenne/esmf/src/Superstructure/PreESMFMod/src'
tree_run_examples in: /glade/scratch/himanshu/scripts_dir/daily/gfortran_cheyenne/esmf/src/Superstructure/PreESMFMod/doc
mpirun -np 4 ./ESMF_UtilUTest 1> ./ESMF_UtilUTest.stdout 2>&1
gmake[5]: Entering directory '/glade/scratch/himanshu/scripts_dir/daily/gfortran_cheyenne/esmf/src/Superstructure/PreESMFMod/doc'
cat: './PET*UtilUTest.Log': No such file or directory
gmake[6]: Leaving directory '/glade/scratch/himanshu/scripts_dir/daily/gfortran_cheyenne/esmf/src/Infrastructure/Util/tests'
gmake TNAME=FortranWordsize NP=4 ftest
gmake[6]: Entering directory '/glade/scratch/himanshu/scripts_dir/daily/gfortran_cheyenne/esmf/src/Infrastructure/Util/tests'
gmake[5]: Leaving directory '/glade/scratch/himanshu/scripts_dir/daily/gfortran_cheyenne/esmf/src/Superstructure/PreESMFMod/doc'
mpirun -np 4 ./ESMF_FortranWordsizeUTest 1> ./ESMF_FortranWordsizeUTest.stdout 2>&1
tree_run_examples in: /glade/scratch/himanshu/scripts_dir/daily/gfortran_cheyenne/esmf/src/Superstructure/PreESMFMod/tests
gmake[5]: Entering directory '/glade/scratch/himanshu/scripts_dir/daily/gfortran_cheyenne/esmf/src/Superstructure/PreESMFMod/tests'
cat: './PET*FortranWordsizeUTest.Log': No such file or directory
gmake[6]: Leaving directory '/glade/scratch/himanshu/scripts_dir/daily/gfortran_cheyenne/esmf/src/Infrastructure/Util/tests'
gmake TNAME=TypeKindGet NP=4 ftest
gmake[6]: Entering directory '/glade/scratch/himanshu/scripts_dir/daily/gfortran_cheyenne/esmf/src/Infrastructure/Util/tests'
gmake[5]: Leaving directory '/glade/scratch/himanshu/scripts_dir/daily/gfortran_cheyenne/esmf/src/Superstructure/PreESMFMod/tests'
gmake[4]: Leaving directory '/glade/scratch/himanshu/scripts_dir/daily/gfortran_cheyenne/esmf/src/Superstructure/PreESMFMod'
tree_run_examples in: /glade/scratch/himanshu/scripts_dir/daily/gfortran_cheyenne/esmf/src/Superstructure/ESMFMod
gmake[4]: Entering directory '/glade/scratch/himanshu/scripts_dir/daily/gfortran_cheyenne/esmf/src/Superstructure/ESMFMod'
mpirun -np 4 ./ESMF_TypeKindGetUTest 1> ./ESMF_TypeKindGetUTest.stdout 2>&1
cat: './PET*TypeKindGetUTest.Log': No such file or directory
gmake[6]: Leaving directory '/glade/scratch/himanshu/scripts_dir/daily/gfortran_cheyenne/esmf/src/Infrastructure/Util/tests'
gmake TNAME=InitMacros NP=4 ftest
gmake[6]: Entering directory '/glade/scratch/himanshu/scripts_dir/daily/gfortran_cheyenne/esmf/src/Infrastructure/Util/tests'
tree_run_examples in: /glade/scratch/himanshu/scripts_dir/daily/gfortran_cheyenne/esmf/src/Superstructure/ESMFMod/src
gmake[5]: Entering directory '/glade/scratch/himanshu/scripts_dir/daily/gfortran_cheyenne/esmf/src/Superstructure/ESMFMod/src'
mpirun -np 4 ./ESMF_InitMacrosUTest 1> ./ESMF_InitMacrosUTest.stdout 2>&1
cat: './PET*InitMacrosUTest.Log': No such file or directory
gmake[6]: Leaving directory '/glade/scratch/himanshu/scripts_dir/daily/gfortran_cheyenne/esmf/src/Infrastructure/Util/tests'
gmake[5]: Leaving directory '/glade/scratch/himanshu/scripts_dir/daily/gfortran_cheyenne/esmf/src/Infrastructure/Util/tests'
tree_run_unit_tests in: /glade/scratch/himanshu/scripts_dir/daily/gfortran_cheyenne/esmf/src/Infrastructure/Util/examples
gmake[5]: Entering directory '/glade/scratch/himanshu/scripts_dir/daily/gfortran_cheyenne/esmf/src/Infrastructure/Util/examples'
gmake[5]: Leaving directory '/glade/scratch/himanshu/scripts_dir/daily/gfortran_cheyenne/esmf/src/Superstructure/ESMFMod/src'
tree_run_examples in: /glade/scratch/himanshu/scripts_dir/daily/gfortran_cheyenne/esmf/src/Superstructure/ESMFMod/interface
gmake[5]: Entering directory '/glade/scratch/himanshu/scripts_dir/daily/gfortran_cheyenne/esmf/src/Superstructure/ESMFMod/interface'
gmake[5]: Leaving directory '/glade/scratch/himanshu/scripts_dir/daily/gfortran_cheyenne/esmf/src/Infrastructure/Util/examples'
tree_run_unit_tests in: /glade/scratch/himanshu/scripts_dir/daily/gfortran_cheyenne/esmf/src/Infrastructure/Util/doc
gmake[5]: Entering directory '/glade/scratch/himanshu/scripts_dir/daily/gfortran_cheyenne/esmf/src/Infrastructure/Util/doc'
gmake[5]: Leaving directory '/glade/scratch/himanshu/scripts_dir/daily/gfortran_cheyenne/esmf/src/Superstructure/ESMFMod/interface'
tree_run_examples in: /glade/scratch/himanshu/scripts_dir/daily/gfortran_cheyenne/esmf/src/Superstructure/ESMFMod/tests
gmake[5]: Entering directory '/glade/scratch/himanshu/scripts_dir/daily/gfortran_cheyenne/esmf/src/Superstructure/ESMFMod/tests'
gmake[5]: Leaving directory '/glade/scratch/himanshu/scripts_dir/daily/gfortran_cheyenne/esmf/src/Infrastructure/Util/doc'
gmake[4]: Leaving directory '/glade/scratch/himanshu/scripts_dir/daily/gfortran_cheyenne/esmf/src/Infrastructure/Util'
tree_run_unit_tests in: /glade/scratch/himanshu/scripts_dir/daily/gfortran_cheyenne/esmf/src/Infrastructure/LogErr
gmake[4]: Entering directory '/glade/scratch/himanshu/scripts_dir/daily/gfortran_cheyenne/esmf/src/Infrastructure/LogErr'
gmake[5]: Leaving directory '/glade/scratch/himanshu/scripts_dir/daily/gfortran_cheyenne/esmf/src/Superstructure/ESMFMod/tests'
tree_run_examples in: /glade/scratch/himanshu/scripts_dir/daily/gfortran_cheyenne/esmf/src/Superstructure/ESMFMod/examples
gmake[5]: Entering directory '/glade/scratch/himanshu/scripts_dir/daily/gfortran_cheyenne/esmf/src/Superstructure/ESMFMod/examples'
tree_run_unit_tests in: /glade/scratch/himanshu/scripts_dir/daily/gfortran_cheyenne/esmf/src/Infrastructure/LogErr/src
gmake[5]: Entering directory '/glade/scratch/himanshu/scripts_dir/daily/gfortran_cheyenne/esmf/src/Infrastructure/LogErr/src'
gmake[5]: Leaving directory '/glade/scratch/himanshu/scripts_dir/daily/gfortran_cheyenne/esmf/src/Superstructure/ESMFMod/examples'
tree_run_examples in: /glade/scratch/himanshu/scripts_dir/daily/gfortran_cheyenne/esmf/src/Superstructure/ESMFMod/doc
gmake[5]: Entering directory '/glade/scratch/himanshu/scripts_dir/daily/gfortran_cheyenne/esmf/src/Superstructure/ESMFMod/doc'
gmake[5]: Leaving directory '/glade/scratch/himanshu/scripts_dir/daily/gfortran_cheyenne/esmf/src/Infrastructure/LogErr/src'
tree_run_unit_tests in: /glade/scratch/himanshu/scripts_dir/daily/gfortran_cheyenne/esmf/src/Infrastructure/LogErr/interface
gmake[5]: Entering directory '/glade/scratch/himanshu/scripts_dir/daily/gfortran_cheyenne/esmf/src/Infrastructure/LogErr/interface'
gmake[5]: Leaving directory '/glade/scratch/himanshu/scripts_dir/daily/gfortran_cheyenne/esmf/src/Superstructure/ESMFMod/doc'
gmake[4]: Leaving directory '/glade/scratch/himanshu/scripts_dir/daily/gfortran_cheyenne/esmf/src/Superstructure/ESMFMod'
tree_run_examples in: /glade/scratch/himanshu/scripts_dir/daily/gfortran_cheyenne/esmf/src/Superstructure/AppDriver
gmake[4]: Entering directory '/glade/scratch/himanshu/scripts_dir/daily/gfortran_cheyenne/esmf/src/Superstructure/AppDriver'
gmake[5]: Leaving directory '/glade/scratch/himanshu/scripts_dir/daily/gfortran_cheyenne/esmf/src/Infrastructure/LogErr/interface'
tree_run_unit_tests in: /glade/scratch/himanshu/scripts_dir/daily/gfortran_cheyenne/esmf/src/Infrastructure/LogErr/examples
gmake[5]: Entering directory '/glade/scratch/himanshu/scripts_dir/daily/gfortran_cheyenne/esmf/src/Infrastructure/LogErr/examples'
tree_run_examples in: /glade/scratch/himanshu/scripts_dir/daily/gfortran_cheyenne/esmf/src/Superstructure/AppDriver/doc
gmake[5]: Leaving directory '/glade/scratch/himanshu/scripts_dir/daily/gfortran_cheyenne/esmf/src/Infrastructure/LogErr/examples'
gmake[5]: Entering directory '/glade/scratch/himanshu/scripts_dir/daily/gfortran_cheyenne/esmf/src/Superstructure/AppDriver/doc'
tree_run_unit_tests in: /glade/scratch/himanshu/scripts_dir/daily/gfortran_cheyenne/esmf/src/Infrastructure/LogErr/doc
gmake[5]: Entering directory '/glade/scratch/himanshu/scripts_dir/daily/gfortran_cheyenne/esmf/src/Infrastructure/LogErr/doc'
gmake[5]: Leaving directory '/glade/scratch/himanshu/scripts_dir/daily/gfortran_cheyenne/esmf/src/Infrastructure/LogErr/doc'
gmake[5]: Leaving directory '/glade/scratch/himanshu/scripts_dir/daily/gfortran_cheyenne/esmf/src/Superstructure/AppDriver/doc'
tree_run_unit_tests in: /glade/scratch/himanshu/scripts_dir/daily/gfortran_cheyenne/esmf/src/Infrastructure/LogErr/tests
tree_run_examples in: /glade/scratch/himanshu/scripts_dir/daily/gfortran_cheyenne/esmf/src/Superstructure/AppDriver/seq_pairwise_fdriver_spmd
gmake[5]: Entering directory '/glade/scratch/himanshu/scripts_dir/daily/gfortran_cheyenne/esmf/src/Infrastructure/LogErr/tests'
gmake[5]: Entering directory '/glade/scratch/himanshu/scripts_dir/daily/gfortran_cheyenne/esmf/src/Superstructure/AppDriver/seq_pairwise_fdriver_spmd'
gmake TNAME=LogErr NP=4 ctest
gmake[6]: Entering directory '/glade/scratch/himanshu/scripts_dir/daily/gfortran_cheyenne/esmf/src/Infrastructure/LogErr/tests'
gmake[5]: Leaving directory '/glade/scratch/himanshu/scripts_dir/daily/gfortran_cheyenne/esmf/src/Superstructure/AppDriver/seq_pairwise_fdriver_spmd'
gmake[4]: Leaving directory '/glade/scratch/himanshu/scripts_dir/daily/gfortran_cheyenne/esmf/src/Superstructure/AppDriver'
gmake[3]: Leaving directory '/glade/scratch/himanshu/scripts_dir/daily/gfortran_cheyenne/esmf/src/Superstructure'
tree_run_examples in: /glade/scratch/himanshu/scripts_dir/daily/gfortran_cheyenne/esmf/src/epilogue
gmake[3]: Entering directory '/glade/scratch/himanshu/scripts_dir/daily/gfortran_cheyenne/esmf/src/epilogue'
mpirun -np 4 ./ESMC_LogErrUTest 1> ./ESMC_LogErrUTest.stdout 2>&1
cat: './PET*LogErrUTest.Log': No such file or directory
gmake[6]: Leaving directory '/glade/scratch/himanshu/scripts_dir/daily/gfortran_cheyenne/esmf/src/Infrastructure/LogErr/tests'
gmake TNAME=LogErrPerf NP=4 ctest
gmake[6]: Entering directory '/glade/scratch/himanshu/scripts_dir/daily/gfortran_cheyenne/esmf/src/Infrastructure/LogErr/tests'
tree_run_examples in: /glade/scratch/himanshu/scripts_dir/daily/gfortran_cheyenne/esmf/src/epilogue/src
gmake[4]: Entering directory '/glade/scratch/himanshu/scripts_dir/daily/gfortran_cheyenne/esmf/src/epilogue/src'
mpirun -np 4 ./ESMC_LogErrPerfUTest 1> ./ESMC_LogErrPerfUTest.stdout 2>&1
gmake[4]: Leaving directory '/glade/scratch/himanshu/scripts_dir/daily/gfortran_cheyenne/esmf/src/epilogue/src'
tree_run_examples in: /glade/scratch/himanshu/scripts_dir/daily/gfortran_cheyenne/esmf/src/epilogue/tests
gmake[4]: Entering directory '/glade/scratch/himanshu/scripts_dir/daily/gfortran_cheyenne/esmf/src/epilogue/tests'
cat: './PET*LogErrPerfUTest.Log': No such file or directory
gmake[6]: Leaving directory '/glade/scratch/himanshu/scripts_dir/daily/gfortran_cheyenne/esmf/src/Infrastructure/LogErr/tests'
# remove log files of previous test runs
rm -f /glade/scratch/himanshu/scripts_dir/daily/gfortran_cheyenne/esmf/test/testO/Linux.gfortran.64.mpich3.default/*Log_Test_File* /glade/scratch/himanshu/scripts_dir/daily/gfortran_cheyenne/esmf/test/testO/Linux.gfortran.64.mpich3.default/Single_Log_File
gmake TNAME=LogErr NP=4 ftest
gmake[6]: Entering directory '/glade/scratch/himanshu/scripts_dir/daily/gfortran_cheyenne/esmf/src/Infrastructure/LogErr/tests'
gmake[4]: Leaving directory '/glade/scratch/himanshu/scripts_dir/daily/gfortran_cheyenne/esmf/src/epilogue/tests'
gmake[3]: Leaving directory '/glade/scratch/himanshu/scripts_dir/daily/gfortran_cheyenne/esmf/src/epilogue'
tree_run_examples in: /glade/scratch/himanshu/scripts_dir/daily/gfortran_cheyenne/esmf/src/doc
mpirun -np 4 ./ESMF_LogErrUTest 1> ./ESMF_LogErrUTest.stdout 2>&1
gmake[3]: Entering directory '/glade/scratch/himanshu/scripts_dir/daily/gfortran_cheyenne/esmf/src/doc'
cat: './PET*LogErrUTest.Log': No such file or directory
gmake[6]: Leaving directory '/glade/scratch/himanshu/scripts_dir/daily/gfortran_cheyenne/esmf/src/Infrastructure/LogErr/tests'
gmake TNAME=LogErrPerf NP=4 ftest
gmake[6]: Entering directory '/glade/scratch/himanshu/scripts_dir/daily/gfortran_cheyenne/esmf/src/Infrastructure/LogErr/tests'
gmake[3]: Leaving directory '/glade/scratch/himanshu/scripts_dir/daily/gfortran_cheyenne/esmf/src/doc'
tree_run_examples in: /glade/scratch/himanshu/scripts_dir/daily/gfortran_cheyenne/esmf/src/system_tests
gmake[3]: Entering directory '/glade/scratch/himanshu/scripts_dir/daily/gfortran_cheyenne/esmf/src/system_tests'
mpirun -np 4 ./ESMF_LogErrPerfUTest 1> ./ESMF_LogErrPerfUTest.stdout 2>&1
cat: './PET*LogErrPerfUTest.Log': No such file or directory
gmake[6]: Leaving directory '/glade/scratch/himanshu/scripts_dir/daily/gfortran_cheyenne/esmf/src/Infrastructure/LogErr/tests'
gmake[5]: Leaving directory '/glade/scratch/himanshu/scripts_dir/daily/gfortran_cheyenne/esmf/src/Infrastructure/LogErr/tests'
gmake[4]: Leaving directory '/glade/scratch/himanshu/scripts_dir/daily/gfortran_cheyenne/esmf/src/Infrastructure/LogErr'
tree_run_unit_tests in: /glade/scratch/himanshu/scripts_dir/daily/gfortran_cheyenne/esmf/src/Infrastructure/VM
gmake[4]: Entering directory '/glade/scratch/himanshu/scripts_dir/daily/gfortran_cheyenne/esmf/src/Infrastructure/VM'
tree_run_examples in: /glade/scratch/himanshu/scripts_dir/daily/gfortran_cheyenne/esmf/src/system_tests/ESMF_CompCreate
gmake[4]: Entering directory '/glade/scratch/himanshu/scripts_dir/daily/gfortran_cheyenne/esmf/src/system_tests/ESMF_CompCreate'
tree_run_unit_tests in: /glade/scratch/himanshu/scripts_dir/daily/gfortran_cheyenne/esmf/src/Infrastructure/VM/src
gmake[5]: Entering directory '/glade/scratch/himanshu/scripts_dir/daily/gfortran_cheyenne/esmf/src/Infrastructure/VM/src'
gmake[4]: Leaving directory '/glade/scratch/himanshu/scripts_dir/daily/gfortran_cheyenne/esmf/src/system_tests/ESMF_CompCreate'
tree_run_examples in: /glade/scratch/himanshu/scripts_dir/daily/gfortran_cheyenne/esmf/src/system_tests/ESMF_CompFortranAndC
gmake[4]: Entering directory '/glade/scratch/himanshu/scripts_dir/daily/gfortran_cheyenne/esmf/src/system_tests/ESMF_CompFortranAndC'
tree_run_unit_tests in: /glade/scratch/himanshu/scripts_dir/daily/gfortran_cheyenne/esmf/src/Infrastructure/VM/src/acc
gmake[6]: Entering directory '/glade/scratch/himanshu/scripts_dir/daily/gfortran_cheyenne/esmf/src/Infrastructure/VM/src/acc'
gmake[4]: Leaving directory '/glade/scratch/himanshu/scripts_dir/daily/gfortran_cheyenne/esmf/src/system_tests/ESMF_CompFortranAndC'
tree_run_examples in: /glade/scratch/himanshu/scripts_dir/daily/gfortran_cheyenne/esmf/src/system_tests/ESMF_RecursiveComponent
gmake[4]: Entering directory '/glade/scratch/himanshu/scripts_dir/daily/gfortran_cheyenne/esmf/src/system_tests/ESMF_RecursiveComponent'
gmake[6]: Leaving directory '/glade/scratch/himanshu/scripts_dir/daily/gfortran_cheyenne/esmf/src/Infrastructure/VM/src/acc'
gmake[5]: Leaving directory '/glade/scratch/himanshu/scripts_dir/daily/gfortran_cheyenne/esmf/src/Infrastructure/VM/src'
tree_run_unit_tests in: /glade/scratch/himanshu/scripts_dir/daily/gfortran_cheyenne/esmf/src/Infrastructure/VM/interface
gmake[5]: Entering directory '/glade/scratch/himanshu/scripts_dir/daily/gfortran_cheyenne/esmf/src/Infrastructure/VM/interface'
gmake[4]: Leaving directory '/glade/scratch/himanshu/scripts_dir/daily/gfortran_cheyenne/esmf/src/system_tests/ESMF_RecursiveComponent'
tree_run_examples in: /glade/scratch/himanshu/scripts_dir/daily/gfortran_cheyenne/esmf/src/system_tests/ESMF_ArrayScatterGather
gmake[4]: Entering directory '/glade/scratch/himanshu/scripts_dir/daily/gfortran_cheyenne/esmf/src/system_tests/ESMF_ArrayScatterGather'
gmake[5]: Leaving directory '/glade/scratch/himanshu/scripts_dir/daily/gfortran_cheyenne/esmf/src/Infrastructure/VM/interface'
tree_run_unit_tests in: /glade/scratch/himanshu/scripts_dir/daily/gfortran_cheyenne/esmf/src/Infrastructure/VM/doc
gmake[5]: Entering directory '/glade/scratch/himanshu/scripts_dir/daily/gfortran_cheyenne/esmf/src/Infrastructure/VM/doc'
gmake[4]: Leaving directory '/glade/scratch/himanshu/scripts_dir/daily/gfortran_cheyenne/esmf/src/system_tests/ESMF_ArrayScatterGather'
tree_run_examples in: /glade/scratch/himanshu/scripts_dir/daily/gfortran_cheyenne/esmf/src/system_tests/ESMF_Attribute
gmake[4]: Entering directory '/glade/scratch/himanshu/scripts_dir/daily/gfortran_cheyenne/esmf/src/system_tests/ESMF_Attribute'
gmake[5]: Leaving directory '/glade/scratch/himanshu/scripts_dir/daily/gfortran_cheyenne/esmf/src/Infrastructure/VM/doc'
tree_run_unit_tests in: /glade/scratch/himanshu/scripts_dir/daily/gfortran_cheyenne/esmf/src/Infrastructure/VM/examples
gmake[5]: Entering directory '/glade/scratch/himanshu/scripts_dir/daily/gfortran_cheyenne/esmf/src/Infrastructure/VM/examples'
gmake[4]: Leaving directory '/glade/scratch/himanshu/scripts_dir/daily/gfortran_cheyenne/esmf/src/system_tests/ESMF_Attribute'
tree_run_examples in: /glade/scratch/himanshu/scripts_dir/daily/gfortran_cheyenne/esmf/src/system_tests/ESMF_ComplianceChecker
gmake[4]: Entering directory '/glade/scratch/himanshu/scripts_dir/daily/gfortran_cheyenne/esmf/src/system_tests/ESMF_ComplianceChecker'
gmake[5]: Leaving directory '/glade/scratch/himanshu/scripts_dir/daily/gfortran_cheyenne/esmf/src/Infrastructure/VM/examples'
tree_run_unit_tests in: /glade/scratch/himanshu/scripts_dir/daily/gfortran_cheyenne/esmf/src/Infrastructure/VM/tests
gmake[5]: Entering directory '/glade/scratch/himanshu/scripts_dir/daily/gfortran_cheyenne/esmf/src/Infrastructure/VM/tests'
gmake[4]: Leaving directory '/glade/scratch/himanshu/scripts_dir/daily/gfortran_cheyenne/esmf/src/system_tests/ESMF_ComplianceChecker'
gmake TNAME=VM NP=4 ctest
tree_run_examples in: /glade/scratch/himanshu/scripts_dir/daily/gfortran_cheyenne/esmf/src/system_tests/ESMF_ArraySparseMatMul
gmake[4]: Entering directory '/glade/scratch/himanshu/scripts_dir/daily/gfortran_cheyenne/esmf/src/system_tests/ESMF_ArraySparseMatMul'
gmake[6]: Entering directory '/glade/scratch/himanshu/scripts_dir/daily/gfortran_cheyenne/esmf/src/Infrastructure/VM/tests'
mpirun -np 4 ./ESMC_VMUTest 1> ./ESMC_VMUTest.stdout 2>&1
gmake[4]: Leaving directory '/glade/scratch/himanshu/scripts_dir/daily/gfortran_cheyenne/esmf/src/system_tests/ESMF_ArraySparseMatMul'
cat: './PET*VMUTest.Log': No such file or directory
tree_run_examples in: /glade/scratch/himanshu/scripts_dir/daily/gfortran_cheyenne/esmf/src/system_tests/ESMF_ArrayRedist
gmake[6]: Leaving directory '/glade/scratch/himanshu/scripts_dir/daily/gfortran_cheyenne/esmf/src/Infrastructure/VM/tests'
gmake TNAME=VM NP=4 ftest
gmake[4]: Entering directory '/glade/scratch/himanshu/scripts_dir/daily/gfortran_cheyenne/esmf/src/system_tests/ESMF_ArrayRedist'
gmake[6]: Entering directory '/glade/scratch/himanshu/scripts_dir/daily/gfortran_cheyenne/esmf/src/Infrastructure/VM/tests'
gmake[4]: Leaving directory '/glade/scratch/himanshu/scripts_dir/daily/gfortran_cheyenne/esmf/src/system_tests/ESMF_ArrayRedist'
tree_run_examples in: /glade/scratch/himanshu/scripts_dir/daily/gfortran_cheyenne/esmf/src/system_tests/ESMF_ArrayRedistMPMD
mpirun -np 4 ./ESMF_VMUTest 1> ./ESMF_VMUTest.stdout 2>&1
gmake[4]: Entering directory '/glade/scratch/himanshu/scripts_dir/daily/gfortran_cheyenne/esmf/src/system_tests/ESMF_ArrayRedistMPMD'
cat: './PET*VMUTest.Log': No such file or directory
gmake[6]: Leaving directory '/glade/scratch/himanshu/scripts_dir/daily/gfortran_cheyenne/esmf/src/Infrastructure/VM/tests'
gmake TNAME=VMAcc NP=4 ftest
gmake[6]: Entering directory '/glade/scratch/himanshu/scripts_dir/daily/gfortran_cheyenne/esmf/src/Infrastructure/VM/tests'
gmake[4]: Leaving directory '/glade/scratch/himanshu/scripts_dir/daily/gfortran_cheyenne/esmf/src/system_tests/ESMF_ArrayRedistMPMD'
tree_run_examples in: /glade/scratch/himanshu/scripts_dir/daily/gfortran_cheyenne/esmf/src/system_tests/ESMF_ArrayRedistSharedObj
gmake[4]: Entering directory '/glade/scratch/himanshu/scripts_dir/daily/gfortran_cheyenne/esmf/src/system_tests/ESMF_ArrayRedistSharedObj'
mpirun -np 4 ./ESMF_VMAccUTest 1> ./ESMF_VMAccUTest.stdout 2>&1
cat: './PET*VMAccUTest.Log': No such file or directory
gmake[6]: Leaving directory '/glade/scratch/himanshu/scripts_dir/daily/gfortran_cheyenne/esmf/src/Infrastructure/VM/tests'
gmake TNAME=VMOpenMP NP=4 ftest
gmake[6]: Entering directory '/glade/scratch/himanshu/scripts_dir/daily/gfortran_cheyenne/esmf/src/Infrastructure/VM/tests'
gmake[4]: Leaving directory '/glade/scratch/himanshu/scripts_dir/daily/gfortran_cheyenne/esmf/src/system_tests/ESMF_ArrayRedistSharedObj'
tree_run_examples in: /glade/scratch/himanshu/scripts_dir/daily/gfortran_cheyenne/esmf/src/system_tests/ESMF_ArrayRedist3D
gmake[4]: Entering directory '/glade/scratch/himanshu/scripts_dir/daily/gfortran_cheyenne/esmf/src/system_tests/ESMF_ArrayRedist3D'
mpirun -np 4 ./ESMF_VMOpenMPUTest 1> ./ESMF_VMOpenMPUTest.stdout 2>&1
cat: './PET*VMOpenMPUTest.Log': No such file or directory
gmake[6]: Leaving directory '/glade/scratch/himanshu/scripts_dir/daily/gfortran_cheyenne/esmf/src/Infrastructure/VM/tests'
gmake TNAME=VMUserMpiInit NP=4 ftest
gmake[6]: Entering directory '/glade/scratch/himanshu/scripts_dir/daily/gfortran_cheyenne/esmf/src/Infrastructure/VM/tests'
gmake[4]: Leaving directory '/glade/scratch/himanshu/scripts_dir/daily/gfortran_cheyenne/esmf/src/system_tests/ESMF_ArrayRedist3D'
tree_run_examples in: /glade/scratch/himanshu/scripts_dir/daily/gfortran_cheyenne/esmf/src/system_tests/ESMF_ArrayBundleSparseMatMul
gmake[4]: Entering directory '/glade/scratch/himanshu/scripts_dir/daily/gfortran_cheyenne/esmf/src/system_tests/ESMF_ArrayBundleSparseMatMul'
mpirun -np 4 ./ESMF_VMUserMpiInitUTest 1> ./ESMF_VMUserMpiInitUTest.stdout 2>&1
cat: './PET*VMUserMpiInitUTest.Log': No such file or directory
gmake[6]: Leaving directory '/glade/scratch/himanshu/scripts_dir/daily/gfortran_cheyenne/esmf/src/Infrastructure/VM/tests'
gmake TNAME=VMSendVMRecv NP=4 ftest
gmake[6]: Entering directory '/glade/scratch/himanshu/scripts_dir/daily/gfortran_cheyenne/esmf/src/Infrastructure/VM/tests'
gmake[4]: Leaving directory '/glade/scratch/himanshu/scripts_dir/daily/gfortran_cheyenne/esmf/src/system_tests/ESMF_ArrayBundleSparseMatMul'
tree_run_examples in: /glade/scratch/himanshu/scripts_dir/daily/gfortran_cheyenne/esmf/src/system_tests/ESMF_ArrayBundleRedist
gmake[4]: Entering directory '/glade/scratch/himanshu/scripts_dir/daily/gfortran_cheyenne/esmf/src/system_tests/ESMF_ArrayBundleRedist'
mpirun -np 4 ./ESMF_VMSendVMRecvUTest 1> ./ESMF_VMSendVMRecvUTest.stdout 2>&1
cat: './PET*VMSendVMRecvUTest.Log': No such file or directory
gmake[6]: Leaving directory '/glade/scratch/himanshu/scripts_dir/daily/gfortran_cheyenne/esmf/src/Infrastructure/VM/tests'
gmake TNAME=VMSendNbVMRecvNb NP=4 ftest
gmake[6]: Entering directory '/glade/scratch/himanshu/scripts_dir/daily/gfortran_cheyenne/esmf/src/Infrastructure/VM/tests'
gmake[4]: Leaving directory '/glade/scratch/himanshu/scripts_dir/daily/gfortran_cheyenne/esmf/src/system_tests/ESMF_ArrayBundleRedist'
tree_run_examples in: /glade/scratch/himanshu/scripts_dir/daily/gfortran_cheyenne/esmf/src/system_tests/ESMF_FieldSparseMatMul
gmake[4]: Entering directory '/glade/scratch/himanshu/scripts_dir/daily/gfortran_cheyenne/esmf/src/system_tests/ESMF_FieldSparseMatMul'
mpirun -np 4 ./ESMF_VMSendNbVMRecvNbUTest 1> ./ESMF_VMSendNbVMRecvNbUTest.stdout 2>&1
cat: './PET*VMSendNbVMRecvNbUTest.Log': No such file or directory
gmake[6]: Leaving directory '/glade/scratch/himanshu/scripts_dir/daily/gfortran_cheyenne/esmf/src/Infrastructure/VM/tests'
gmake TNAME=VMSendRecv NP=4 ftest
gmake[6]: Entering directory '/glade/scratch/himanshu/scripts_dir/daily/gfortran_cheyenne/esmf/src/Infrastructure/VM/tests'
gmake[4]: Leaving directory '/glade/scratch/himanshu/scripts_dir/daily/gfortran_cheyenne/esmf/src/system_tests/ESMF_FieldSparseMatMul'
tree_run_examples in: /glade/scratch/himanshu/scripts_dir/daily/gfortran_cheyenne/esmf/src/system_tests/ESMF_ConcurrentComponent
gmake[4]: Entering directory '/glade/scratch/himanshu/scripts_dir/daily/gfortran_cheyenne/esmf/src/system_tests/ESMF_ConcurrentComponent'
mpirun -np 4 ./ESMF_VMSendRecvUTest 1> ./ESMF_VMSendRecvUTest.stdout 2>&1
cat: './PET*VMSendRecvUTest.Log': No such file or directory
gmake[6]: Leaving directory '/glade/scratch/himanshu/scripts_dir/daily/gfortran_cheyenne/esmf/src/Infrastructure/VM/tests'
gmake TNAME=VMSendRecvNb NP=4 ftest
gmake[6]: Entering directory '/glade/scratch/himanshu/scripts_dir/daily/gfortran_cheyenne/esmf/src/Infrastructure/VM/tests'
gmake[4]: Leaving directory '/glade/scratch/himanshu/scripts_dir/daily/gfortran_cheyenne/esmf/src/system_tests/ESMF_ConcurrentComponent'
tree_run_examples in: /glade/scratch/himanshu/scripts_dir/daily/gfortran_cheyenne/esmf/src/system_tests/ESMF_FieldConcurrentComp
gmake[4]: Entering directory '/glade/scratch/himanshu/scripts_dir/daily/gfortran_cheyenne/esmf/src/system_tests/ESMF_FieldConcurrentComp'
mpirun -np 4 ./ESMF_VMSendRecvNbUTest 1> ./ESMF_VMSendRecvNbUTest.stdout 2>&1
cat: './PET*VMSendRecvNbUTest.Log': No such file or directory
gmake[6]: Leaving directory '/glade/scratch/himanshu/scripts_dir/daily/gfortran_cheyenne/esmf/src/Infrastructure/VM/tests'
gmake TNAME=VMScatter NP=4 ftest
gmake[6]: Entering directory '/glade/scratch/himanshu/scripts_dir/daily/gfortran_cheyenne/esmf/src/Infrastructure/VM/tests'
gmake[4]: Leaving directory '/glade/scratch/himanshu/scripts_dir/daily/gfortran_cheyenne/esmf/src/system_tests/ESMF_FieldConcurrentComp'
tree_run_examples in: /glade/scratch/himanshu/scripts_dir/daily/gfortran_cheyenne/esmf/src/system_tests/ESMF_FieldBundleSMM
gmake[4]: Entering directory '/glade/scratch/himanshu/scripts_dir/daily/gfortran_cheyenne/esmf/src/system_tests/ESMF_FieldBundleSMM'
mpirun -np 4 ./ESMF_VMScatterUTest 1> ./ESMF_VMScatterUTest.stdout 2>&1
cat: './PET*VMScatterUTest.Log': No such file or directory
gmake[6]: Leaving directory '/glade/scratch/himanshu/scripts_dir/daily/gfortran_cheyenne/esmf/src/Infrastructure/VM/tests'
gmake TNAME=VMGather NP=4 ftest
gmake[6]: Entering directory '/glade/scratch/himanshu/scripts_dir/daily/gfortran_cheyenne/esmf/src/Infrastructure/VM/tests'
gmake[4]: Leaving directory '/glade/scratch/himanshu/scripts_dir/daily/gfortran_cheyenne/esmf/src/system_tests/ESMF_FieldBundleSMM'
tree_run_examples in: /glade/scratch/himanshu/scripts_dir/daily/gfortran_cheyenne/esmf/src/system_tests/ESMF_FieldBundleSMMPacked
gmake[4]: Entering directory '/glade/scratch/himanshu/scripts_dir/daily/gfortran_cheyenne/esmf/src/system_tests/ESMF_FieldBundleSMMPacked'
mpirun -np 4 ./ESMF_VMGatherUTest 1> ./ESMF_VMGatherUTest.stdout 2>&1
cat: './PET*VMGatherUTest.Log': No such file or directory
gmake[6]: Leaving directory '/glade/scratch/himanshu/scripts_dir/daily/gfortran_cheyenne/esmf/src/Infrastructure/VM/tests'
gmake TNAME=VMAllGather NP=4 ftest
gmake[6]: Entering directory '/glade/scratch/himanshu/scripts_dir/daily/gfortran_cheyenne/esmf/src/Infrastructure/VM/tests'
gmake[4]: Leaving directory '/glade/scratch/himanshu/scripts_dir/daily/gfortran_cheyenne/esmf/src/system_tests/ESMF_FieldBundleSMMPacked'
tree_run_examples in: /glade/scratch/himanshu/scripts_dir/daily/gfortran_cheyenne/esmf/src/system_tests/ESMF_FieldBundleRedistPacked
gmake[4]: Entering directory '/glade/scratch/himanshu/scripts_dir/daily/gfortran_cheyenne/esmf/src/system_tests/ESMF_FieldBundleRedistPacked'
mpirun -np 4 ./ESMF_VMAllGatherUTest 1> ./ESMF_VMAllGatherUTest.stdout 2>&1
cat: './PET*VMAllGatherUTest.Log': No such file or directory
gmake[6]: Leaving directory '/glade/scratch/himanshu/scripts_dir/daily/gfortran_cheyenne/esmf/src/Infrastructure/VM/tests'
gmake TNAME=VMAllGatherV NP=4 ftest
gmake[6]: Entering directory '/glade/scratch/himanshu/scripts_dir/daily/gfortran_cheyenne/esmf/src/Infrastructure/VM/tests'
gmake[4]: Leaving directory '/glade/scratch/himanshu/scripts_dir/daily/gfortran_cheyenne/esmf/src/system_tests/ESMF_FieldBundleRedistPacked'
tree_run_examples in: /glade/scratch/himanshu/scripts_dir/daily/gfortran_cheyenne/esmf/src/system_tests/ESMF_FieldBundleRegridPacked
gmake[4]: Entering directory '/glade/scratch/himanshu/scripts_dir/daily/gfortran_cheyenne/esmf/src/system_tests/ESMF_FieldBundleRegridPacked'
mpirun -np 4 ./ESMF_VMAllGatherVUTest 1> ./ESMF_VMAllGatherVUTest.stdout 2>&1
cat: './PET*VMAllGatherVUTest.Log': No such file or directory
gmake[6]: Leaving directory '/glade/scratch/himanshu/scripts_dir/daily/gfortran_cheyenne/esmf/src/Infrastructure/VM/tests'
gmake TNAME=VMBroadcast NP=4 ftest
gmake[6]: Entering directory '/glade/scratch/himanshu/scripts_dir/daily/gfortran_cheyenne/esmf/src/Infrastructure/VM/tests'
gmake[4]: Leaving directory '/glade/scratch/himanshu/scripts_dir/daily/gfortran_cheyenne/esmf/src/system_tests/ESMF_FieldBundleRegridPacked'
tree_run_examples in: /glade/scratch/himanshu/scripts_dir/daily/gfortran_cheyenne/esmf/src/system_tests/ESMF_FieldRedist
gmake[4]: Entering directory '/glade/scratch/himanshu/scripts_dir/daily/gfortran_cheyenne/esmf/src/system_tests/ESMF_FieldRedist'
mpirun -np 4 ./ESMF_VMBroadcastUTest 1> ./ESMF_VMBroadcastUTest.stdout 2>&1
cat: './PET*VMBroadcastUTest.Log': No such file or directory
gmake[6]: Leaving directory '/glade/scratch/himanshu/scripts_dir/daily/gfortran_cheyenne/esmf/src/Infrastructure/VM/tests'
gmake TNAME=VMAllToAll NP=4 ftest
gmake[6]: Entering directory '/glade/scratch/himanshu/scripts_dir/daily/gfortran_cheyenne/esmf/src/Infrastructure/VM/tests'
gmake[4]: Leaving directory '/glade/scratch/himanshu/scripts_dir/daily/gfortran_cheyenne/esmf/src/system_tests/ESMF_FieldRedist'
tree_run_examples in: /glade/scratch/himanshu/scripts_dir/daily/gfortran_cheyenne/esmf/src/system_tests/ESMF_FieldRedistBlk2Blk
gmake[4]: Entering directory '/glade/scratch/himanshu/scripts_dir/daily/gfortran_cheyenne/esmf/src/system_tests/ESMF_FieldRedistBlk2Blk'
mpirun -np 4 ./ESMF_VMAllToAllUTest 1> ./ESMF_VMAllToAllUTest.stdout 2>&1
cat: './PET*VMAllToAllUTest.Log': No such file or directory
gmake[6]: Leaving directory '/glade/scratch/himanshu/scripts_dir/daily/gfortran_cheyenne/esmf/src/Infrastructure/VM/tests'
gmake TNAME=VMAllToAllV NP=4 ftest
gmake[6]: Entering directory '/glade/scratch/himanshu/scripts_dir/daily/gfortran_cheyenne/esmf/src/Infrastructure/VM/tests'
gmake[4]: Leaving directory '/glade/scratch/himanshu/scripts_dir/daily/gfortran_cheyenne/esmf/src/system_tests/ESMF_FieldRedistBlk2Blk'
tree_run_examples in: /glade/scratch/himanshu/scripts_dir/daily/gfortran_cheyenne/esmf/src/system_tests/ESMF_FieldRedistBlk2Arb
gmake[4]: Entering directory '/glade/scratch/himanshu/scripts_dir/daily/gfortran_cheyenne/esmf/src/system_tests/ESMF_FieldRedistBlk2Arb'
mpirun -np 4 ./ESMF_VMAllToAllVUTest 1> ./ESMF_VMAllToAllVUTest.stdout 2>&1
cat: './PET*VMAllToAllVUTest.Log': No such file or directory
gmake[6]: Leaving directory '/glade/scratch/himanshu/scripts_dir/daily/gfortran_cheyenne/esmf/src/Infrastructure/VM/tests'
gmake TNAME=VMBarrier NP=4 ftest
gmake[6]: Entering directory '/glade/scratch/himanshu/scripts_dir/daily/gfortran_cheyenne/esmf/src/Infrastructure/VM/tests'
gmake[4]: Leaving directory '/glade/scratch/himanshu/scripts_dir/daily/gfortran_cheyenne/esmf/src/system_tests/ESMF_FieldRedistBlk2Arb'
tree_run_examples in: /glade/scratch/himanshu/scripts_dir/daily/gfortran_cheyenne/esmf/src/system_tests/ESMF_FieldRedistArb2Arb
gmake[4]: Entering directory '/glade/scratch/himanshu/scripts_dir/daily/gfortran_cheyenne/esmf/src/system_tests/ESMF_FieldRedistArb2Arb'
mpirun -np 4 ./ESMF_VMBarrierUTest 1> ./ESMF_VMBarrierUTest.stdout 2>&1
cat: './PET*VMBarrierUTest.Log': No such file or directory
gmake[6]: Leaving directory '/glade/scratch/himanshu/scripts_dir/daily/gfortran_cheyenne/esmf/src/Infrastructure/VM/tests'
gmake TNAME=VMComponent NP=4 ftest
gmake[6]: Entering directory '/glade/scratch/himanshu/scripts_dir/daily/gfortran_cheyenne/esmf/src/Infrastructure/VM/tests'
gmake[4]: Leaving directory '/glade/scratch/himanshu/scripts_dir/daily/gfortran_cheyenne/esmf/src/system_tests/ESMF_FieldRedistArb2Arb'
tree_run_examples in: /glade/scratch/himanshu/scripts_dir/daily/gfortran_cheyenne/esmf/src/system_tests/ESMF_FieldBundleLSRedistArb2Arb
gmake[4]: Entering directory '/glade/scratch/himanshu/scripts_dir/daily/gfortran_cheyenne/esmf/src/system_tests/ESMF_FieldBundleLSRedistArb2Arb'
mpirun -np 4 ./ESMF_VMComponentUTest 1> ./ESMF_VMComponentUTest.stdout 2>&1
cat: './PET*VMComponentUTest.Log': No such file or directory
gmake[6]: Leaving directory '/glade/scratch/himanshu/scripts_dir/daily/gfortran_cheyenne/esmf/src/Infrastructure/VM/tests'
gmake[5]: Leaving directory '/glade/scratch/himanshu/scripts_dir/daily/gfortran_cheyenne/esmf/src/Infrastructure/VM/tests'
gmake[4]: Leaving directory '/glade/scratch/himanshu/scripts_dir/daily/gfortran_cheyenne/esmf/src/Infrastructure/VM'
tree_run_unit_tests in: /glade/scratch/himanshu/scripts_dir/daily/gfortran_cheyenne/esmf/src/Infrastructure/Trace
gmake[4]: Entering directory '/glade/scratch/himanshu/scripts_dir/daily/gfortran_cheyenne/esmf/src/Infrastructure/Trace'
gmake[4]: Leaving directory '/glade/scratch/himanshu/scripts_dir/daily/gfortran_cheyenne/esmf/src/system_tests/ESMF_FieldBundleLSRedistArb2Arb'
tree_run_examples in: /glade/scratch/himanshu/scripts_dir/daily/gfortran_cheyenne/esmf/src/system_tests/ESMF_FieldBundleLSRedistArb2ArbUngrdDim
gmake[4]: Entering directory '/glade/scratch/himanshu/scripts_dir/daily/gfortran_cheyenne/esmf/src/system_tests/ESMF_FieldBundleLSRedistArb2ArbUngrdDim'
tree_run_unit_tests in: /glade/scratch/himanshu/scripts_dir/daily/gfortran_cheyenne/esmf/src/Infrastructure/Trace/src
gmake[5]: Entering directory '/glade/scratch/himanshu/scripts_dir/daily/gfortran_cheyenne/esmf/src/Infrastructure/Trace/src'
gmake[4]: Leaving directory '/glade/scratch/himanshu/scripts_dir/daily/gfortran_cheyenne/esmf/src/system_tests/ESMF_FieldBundleLSRedistArb2ArbUngrdDim'
tree_run_examples in: /glade/scratch/himanshu/scripts_dir/daily/gfortran_cheyenne/esmf/src/system_tests/ESMF_FieldBundleRedistBlk2Blk
gmake[4]: Entering directory '/glade/scratch/himanshu/scripts_dir/daily/gfortran_cheyenne/esmf/src/system_tests/ESMF_FieldBundleRedistBlk2Blk'
gmake[5]: Leaving directory '/glade/scratch/himanshu/scripts_dir/daily/gfortran_cheyenne/esmf/src/Infrastructure/Trace/src'
tree_run_unit_tests in: /glade/scratch/himanshu/scripts_dir/daily/gfortran_cheyenne/esmf/src/Infrastructure/Trace/interface
gmake[5]: Entering directory '/glade/scratch/himanshu/scripts_dir/daily/gfortran_cheyenne/esmf/src/Infrastructure/Trace/interface'
gmake[4]: Leaving directory '/glade/scratch/himanshu/scripts_dir/daily/gfortran_cheyenne/esmf/src/system_tests/ESMF_FieldBundleRedistBlk2Blk'
tree_run_examples in: /glade/scratch/himanshu/scripts_dir/daily/gfortran_cheyenne/esmf/src/system_tests/ESMF_FieldBundleRedistBlk2Arb
gmake[4]: Entering directory '/glade/scratch/himanshu/scripts_dir/daily/gfortran_cheyenne/esmf/src/system_tests/ESMF_FieldBundleRedistBlk2Arb'
gmake[5]: Leaving directory '/glade/scratch/himanshu/scripts_dir/daily/gfortran_cheyenne/esmf/src/Infrastructure/Trace/interface'
tree_run_unit_tests in: /glade/scratch/himanshu/scripts_dir/daily/gfortran_cheyenne/esmf/src/Infrastructure/Trace/tests
gmake[5]: Entering directory '/glade/scratch/himanshu/scripts_dir/daily/gfortran_cheyenne/esmf/src/Infrastructure/Trace/tests'
gmake[4]: Leaving directory '/glade/scratch/himanshu/scripts_dir/daily/gfortran_cheyenne/esmf/src/system_tests/ESMF_FieldBundleRedistBlk2Arb'
tree_run_examples in: /glade/scratch/himanshu/scripts_dir/daily/gfortran_cheyenne/esmf/src/system_tests/ESMF_FieldBundleRedistArb2Arb
gmake[4]: Entering directory '/glade/scratch/himanshu/scripts_dir/daily/gfortran_cheyenne/esmf/src/system_tests/ESMF_FieldBundleRedistArb2Arb'
gmake TNAME=Trace NP=4 ftest_profile
gmake[6]: Entering directory '/glade/scratch/himanshu/scripts_dir/daily/gfortran_cheyenne/esmf/src/Infrastructure/Trace/tests'
gmake[4]: Leaving directory '/glade/scratch/himanshu/scripts_dir/daily/gfortran_cheyenne/esmf/src/system_tests/ESMF_FieldBundleRedistArb2Arb'
tree_run_examples in: /glade/scratch/himanshu/scripts_dir/daily/gfortran_cheyenne/esmf/src/system_tests/ESMF_FieldRegrid
gmake[4]: Entering directory '/glade/scratch/himanshu/scripts_dir/daily/gfortran_cheyenne/esmf/src/system_tests/ESMF_FieldRegrid'
env ESMF_RUNTIME_TRACE=ON mpirun -np 4 ./ESMF_TraceUTest 1> ./ESMF_TraceUTest.stdout 2>&1
cat: './PET*TraceUTest.Log': No such file or directory
mv: cannot stat './traceout': No such file or directory
gmake[6]: Leaving directory '/glade/scratch/himanshu/scripts_dir/daily/gfortran_cheyenne/esmf/src/Infrastructure/Trace/tests'
env ESMF_RUNTIME_TRACE_CLOCK=MONOTONIC gmake TNAME=TraceClkMono NP=4 ftest_profile
gmake[6]: Entering directory '/glade/scratch/himanshu/scripts_dir/daily/gfortran_cheyenne/esmf/src/Infrastructure/Trace/tests'
gmake[4]: Leaving directory '/glade/scratch/himanshu/scripts_dir/daily/gfortran_cheyenne/esmf/src/system_tests/ESMF_FieldRegrid'
tree_run_examples in: /glade/scratch/himanshu/scripts_dir/daily/gfortran_cheyenne/esmf/src/system_tests/ESMF_FieldRegridDisjoint
gmake[4]: Entering directory '/glade/scratch/himanshu/scripts_dir/daily/gfortran_cheyenne/esmf/src/system_tests/ESMF_FieldRegridDisjoint'
env ESMF_RUNTIME_TRACE=ON mpirun -np 4 ./ESMF_TraceClkMonoUTest 1> ./ESMF_TraceClkMonoUTest.stdout 2>&1
cat: './PET*TraceClkMonoUTest.Log': No such file or directory
mv: cannot stat './traceout': No such file or directory
gmake[6]: Leaving directory '/glade/scratch/himanshu/scripts_dir/daily/gfortran_cheyenne/esmf/src/Infrastructure/Trace/tests'
env ESMF_RUNTIME_TRACE_CLOCK=MONOTONIC_SYNC gmake TNAME=TraceClkMonoSync NP=4 ftest_profile
gmake[6]: Entering directory '/glade/scratch/himanshu/scripts_dir/daily/gfortran_cheyenne/esmf/src/Infrastructure/Trace/tests'
gmake[4]: Leaving directory '/glade/scratch/himanshu/scripts_dir/daily/gfortran_cheyenne/esmf/src/system_tests/ESMF_FieldRegridDisjoint'
tree_run_examples in: /glade/scratch/himanshu/scripts_dir/daily/gfortran_cheyenne/esmf/src/system_tests/ESMF_FieldRegridOverlap
gmake[4]: Entering directory '/glade/scratch/himanshu/scripts_dir/daily/gfortran_cheyenne/esmf/src/system_tests/ESMF_FieldRegridOverlap'
env ESMF_RUNTIME_TRACE=ON mpirun -np 4 ./ESMF_TraceClkMonoSyncUTest 1> ./ESMF_TraceClkMonoSyncUTest.stdout 2>&1
cat: './PET*TraceClkMonoSyncUTest.Log': No such file or directory
mv: cannot stat './traceout': No such file or directory
gmake[6]: Leaving directory '/glade/scratch/himanshu/scripts_dir/daily/gfortran_cheyenne/esmf/src/Infrastructure/Trace/tests'
gmake TNAME=TraceIO NP=4 ftest_profile_preload 
gmake[6]: Entering directory '/glade/scratch/himanshu/scripts_dir/daily/gfortran_cheyenne/esmf/src/Infrastructure/Trace/tests'
gmake[4]: Leaving directory '/glade/scratch/himanshu/scripts_dir/daily/gfortran_cheyenne/esmf/src/system_tests/ESMF_FieldRegridOverlap'
tree_run_examples in: /glade/scratch/himanshu/scripts_dir/daily/gfortran_cheyenne/esmf/src/system_tests/ESMF_FieldRegridMesh
gmake[4]: Entering directory '/glade/scratch/himanshu/scripts_dir/daily/gfortran_cheyenne/esmf/src/system_tests/ESMF_FieldRegridMesh'
env ESMF_RUNTIME_TRACE=ON mpirun -np 4 /glade/scratch/himanshu/scripts_dir/daily/gfortran_cheyenne/esmf/lib/libO/Linux.gfortran.64.mpich3.default/preload.sh ./ESMF_TraceIOUTest 1> ./ESMF_TraceIOUTest.stdout 2>&1
cat: './PET*TraceIOUTest.Log': No such file or directory
mv: cannot stat './traceout': No such file or directory
gmake[6]: Leaving directory '/glade/scratch/himanshu/scripts_dir/daily/gfortran_cheyenne/esmf/src/Infrastructure/Trace/tests'
env ESMF_RUNTIME_PROFILE=ON gmake TNAME=TraceMPI NP=4 ftest_profile_preload 
gmake[6]: Entering directory '/glade/scratch/himanshu/scripts_dir/daily/gfortran_cheyenne/esmf/src/Infrastructure/Trace/tests'
gmake[4]: Leaving directory '/glade/scratch/himanshu/scripts_dir/daily/gfortran_cheyenne/esmf/src/system_tests/ESMF_FieldRegridMesh'
tree_run_examples in: /glade/scratch/himanshu/scripts_dir/daily/gfortran_cheyenne/esmf/src/system_tests/ESMF_FieldRegridMeshToMesh
gmake[4]: Entering directory '/glade/scratch/himanshu/scripts_dir/daily/gfortran_cheyenne/esmf/src/system_tests/ESMF_FieldRegridMeshToMesh'
env ESMF_RUNTIME_TRACE=ON mpirun -np 4 /glade/scratch/himanshu/scripts_dir/daily/gfortran_cheyenne/esmf/lib/libO/Linux.gfortran.64.mpich3.default/preload.sh ./ESMF_TraceMPIUTest 1> ./ESMF_TraceMPIUTest.stdout 2>&1
cat: './PET*TraceMPIUTest.Log': No such file or directory
mv: cannot stat './traceout': No such file or directory
gmake[6]: Leaving directory '/glade/scratch/himanshu/scripts_dir/daily/gfortran_cheyenne/esmf/src/Infrastructure/Trace/tests'
gmake TNAME=TraceRegion NP=4 ctest
gmake[6]: Entering directory '/glade/scratch/himanshu/scripts_dir/daily/gfortran_cheyenne/esmf/src/Infrastructure/Trace/tests'
gmake[4]: Leaving directory '/glade/scratch/himanshu/scripts_dir/daily/gfortran_cheyenne/esmf/src/system_tests/ESMF_FieldRegridMeshToMesh'
tree_run_examples in: /glade/scratch/himanshu/scripts_dir/daily/gfortran_cheyenne/esmf/src/system_tests/ESMF_FieldLSRedistArb2Arb
gmake[4]: Entering directory '/glade/scratch/himanshu/scripts_dir/daily/gfortran_cheyenne/esmf/src/system_tests/ESMF_FieldLSRedistArb2Arb'
mpirun -np 4 ./ESMC_TraceRegionUTest 1> ./ESMC_TraceRegionUTest.stdout 2>&1
cat: './PET*TraceRegionUTest.Log': No such file or directory
gmake[6]: Leaving directory '/glade/scratch/himanshu/scripts_dir/daily/gfortran_cheyenne/esmf/src/Infrastructure/Trace/tests'
env ESMF_RUNTIME_PROFILE=ON ESMF_RUNTIME_PROFILE_OUTPUT="TEXT BINARY SUMMARY" gmake TNAME=Profile NP=8 ftest
gmake[6]: Entering directory '/glade/scratch/himanshu/scripts_dir/daily/gfortran_cheyenne/esmf/src/Infrastructure/Trace/tests'
gmake[4]: Leaving directory '/glade/scratch/himanshu/scripts_dir/daily/gfortran_cheyenne/esmf/src/system_tests/ESMF_FieldLSRedistArb2Arb'
tree_run_examples in: /glade/scratch/himanshu/scripts_dir/daily/gfortran_cheyenne/esmf/src/system_tests/ESMF_FieldLSRedistArb2ArbUngrdDim
gmake[4]: Entering directory '/glade/scratch/himanshu/scripts_dir/daily/gfortran_cheyenne/esmf/src/system_tests/ESMF_FieldLSRedistArb2ArbUngrdDim'
mpirun -np 8 ./ESMF_ProfileUTest 1> ./ESMF_ProfileUTest.stdout 2>&1
cat: './PET*ProfileUTest.Log': No such file or directory
gmake[6]: Leaving directory '/glade/scratch/himanshu/scripts_dir/daily/gfortran_cheyenne/esmf/src/Infrastructure/Trace/tests'
gmake[5]: Leaving directory '/glade/scratch/himanshu/scripts_dir/daily/gfortran_cheyenne/esmf/src/Infrastructure/Trace/tests'
tree_run_unit_tests in: /glade/scratch/himanshu/scripts_dir/daily/gfortran_cheyenne/esmf/src/Infrastructure/Trace/doc
gmake[5]: Entering directory '/glade/scratch/himanshu/scripts_dir/daily/gfortran_cheyenne/esmf/src/Infrastructure/Trace/doc'
gmake[4]: Leaving directory '/glade/scratch/himanshu/scripts_dir/daily/gfortran_cheyenne/esmf/src/system_tests/ESMF_FieldLSRedistArb2ArbUngrdDim'
tree_run_examples in: /glade/scratch/himanshu/scripts_dir/daily/gfortran_cheyenne/esmf/src/system_tests/ESMF_FieldLSSMM
gmake[4]: Entering directory '/glade/scratch/himanshu/scripts_dir/daily/gfortran_cheyenne/esmf/src/system_tests/ESMF_FieldLSSMM'
gmake[5]: Leaving directory '/glade/scratch/himanshu/scripts_dir/daily/gfortran_cheyenne/esmf/src/Infrastructure/Trace/doc'
tree_run_unit_tests in: /glade/scratch/himanshu/scripts_dir/daily/gfortran_cheyenne/esmf/src/Infrastructure/Trace/examples
gmake[5]: Entering directory '/glade/scratch/himanshu/scripts_dir/daily/gfortran_cheyenne/esmf/src/Infrastructure/Trace/examples'
gmake[4]: Leaving directory '/glade/scratch/himanshu/scripts_dir/daily/gfortran_cheyenne/esmf/src/system_tests/ESMF_FieldLSSMM'
tree_run_examples in: /glade/scratch/himanshu/scripts_dir/daily/gfortran_cheyenne/esmf/src/system_tests/ESMF_FieldMeshSMM
gmake[4]: Entering directory '/glade/scratch/himanshu/scripts_dir/daily/gfortran_cheyenne/esmf/src/system_tests/ESMF_FieldMeshSMM'
gmake[5]: Leaving directory '/glade/scratch/himanshu/scripts_dir/daily/gfortran_cheyenne/esmf/src/Infrastructure/Trace/examples'
gmake[4]: Leaving directory '/glade/scratch/himanshu/scripts_dir/daily/gfortran_cheyenne/esmf/src/Infrastructure/Trace'
tree_run_unit_tests in: /glade/scratch/himanshu/scripts_dir/daily/gfortran_cheyenne/esmf/src/Infrastructure/Base
gmake[4]: Entering directory '/glade/scratch/himanshu/scripts_dir/daily/gfortran_cheyenne/esmf/src/Infrastructure/Base'
gmake[4]: Leaving directory '/glade/scratch/himanshu/scripts_dir/daily/gfortran_cheyenne/esmf/src/system_tests/ESMF_FieldMeshSMM'
tree_run_examples in: /glade/scratch/himanshu/scripts_dir/daily/gfortran_cheyenne/esmf/src/system_tests/ESMF_TransferGrid
gmake[4]: Entering directory '/glade/scratch/himanshu/scripts_dir/daily/gfortran_cheyenne/esmf/src/system_tests/ESMF_TransferGrid'
tree_run_unit_tests in: /glade/scratch/himanshu/scripts_dir/daily/gfortran_cheyenne/esmf/src/Infrastructure/Base/src
gmake[5]: Entering directory '/glade/scratch/himanshu/scripts_dir/daily/gfortran_cheyenne/esmf/src/Infrastructure/Base/src'
gmake[4]: Leaving directory '/glade/scratch/himanshu/scripts_dir/daily/gfortran_cheyenne/esmf/src/system_tests/ESMF_TransferGrid'
tree_run_examples in: /glade/scratch/himanshu/scripts_dir/daily/gfortran_cheyenne/esmf/src/system_tests/ESMF_TransferMesh
gmake[4]: Entering directory '/glade/scratch/himanshu/scripts_dir/daily/gfortran_cheyenne/esmf/src/system_tests/ESMF_TransferMesh'
gmake[5]: Leaving directory '/glade/scratch/himanshu/scripts_dir/daily/gfortran_cheyenne/esmf/src/Infrastructure/Base/src'
tree_run_unit_tests in: /glade/scratch/himanshu/scripts_dir/daily/gfortran_cheyenne/esmf/src/Infrastructure/Base/interface
gmake[5]: Entering directory '/glade/scratch/himanshu/scripts_dir/daily/gfortran_cheyenne/esmf/src/Infrastructure/Base/interface'
gmake[4]: Leaving directory '/glade/scratch/himanshu/scripts_dir/daily/gfortran_cheyenne/esmf/src/system_tests/ESMF_TransferMesh'
tree_run_examples in: /glade/scratch/himanshu/scripts_dir/daily/gfortran_cheyenne/esmf/src/system_tests/ESMF_SequentialEnsemble
gmake[4]: Entering directory '/glade/scratch/himanshu/scripts_dir/daily/gfortran_cheyenne/esmf/src/system_tests/ESMF_SequentialEnsemble'
gmake[5]: Leaving directory '/glade/scratch/himanshu/scripts_dir/daily/gfortran_cheyenne/esmf/src/Infrastructure/Base/interface'
tree_run_unit_tests in: /glade/scratch/himanshu/scripts_dir/daily/gfortran_cheyenne/esmf/src/Infrastructure/Base/tests
gmake[5]: Entering directory '/glade/scratch/himanshu/scripts_dir/daily/gfortran_cheyenne/esmf/src/Infrastructure/Base/tests'
gmake[4]: Leaving directory '/glade/scratch/himanshu/scripts_dir/daily/gfortran_cheyenne/esmf/src/system_tests/ESMF_SequentialEnsemble'
tree_run_examples in: /glade/scratch/himanshu/scripts_dir/daily/gfortran_cheyenne/esmf/src/system_tests/ESMF_ConcurrentEnsemble
gmake[4]: Entering directory '/glade/scratch/himanshu/scripts_dir/daily/gfortran_cheyenne/esmf/src/system_tests/ESMF_ConcurrentEnsemble'
gmake TNAME=Base NP=4 ftest
gmake[6]: Entering directory '/glade/scratch/himanshu/scripts_dir/daily/gfortran_cheyenne/esmf/src/Infrastructure/Base/tests'
gmake[4]: Leaving directory '/glade/scratch/himanshu/scripts_dir/daily/gfortran_cheyenne/esmf/src/system_tests/ESMF_ConcurrentEnsemble'
tree_run_examples in: /glade/scratch/himanshu/scripts_dir/daily/gfortran_cheyenne/esmf/src/system_tests/ESMF_ArrayRedistOpenMP
gmake[4]: Entering directory '/glade/scratch/himanshu/scripts_dir/daily/gfortran_cheyenne/esmf/src/system_tests/ESMF_ArrayRedistOpenMP'
mpirun -np 4 ./ESMF_BaseUTest 1> ./ESMF_BaseUTest.stdout 2>&1
cat: './PET*BaseUTest.Log': No such file or directory
gmake[6]: Leaving directory '/glade/scratch/himanshu/scripts_dir/daily/gfortran_cheyenne/esmf/src/Infrastructure/Base/tests'
gmake TNAME=Base NP=4 ctest
gmake[6]: Entering directory '/glade/scratch/himanshu/scripts_dir/daily/gfortran_cheyenne/esmf/src/Infrastructure/Base/tests'
gmake[4]: Leaving directory '/glade/scratch/himanshu/scripts_dir/daily/gfortran_cheyenne/esmf/src/system_tests/ESMF_ArrayRedistOpenMP'
tree_run_examples in: /glade/scratch/himanshu/scripts_dir/daily/gfortran_cheyenne/esmf/src/system_tests/ESMF_ArrayRedistOpenACC
gmake[4]: Entering directory '/glade/scratch/himanshu/scripts_dir/daily/gfortran_cheyenne/esmf/src/system_tests/ESMF_ArrayRedistOpenACC'
mpirun -np 4 ./ESMC_BaseUTest 1> ./ESMC_BaseUTest.stdout 2>&1
cat: './PET*BaseUTest.Log': No such file or directory
gmake[6]: Leaving directory '/glade/scratch/himanshu/scripts_dir/daily/gfortran_cheyenne/esmf/src/Infrastructure/Base/tests'
gmake TNAME=NlohmannJSON NP=4 ctest
gmake[6]: Entering directory '/glade/scratch/himanshu/scripts_dir/daily/gfortran_cheyenne/esmf/src/Infrastructure/Base/tests'
gmake[4]: Leaving directory '/glade/scratch/himanshu/scripts_dir/daily/gfortran_cheyenne/esmf/src/system_tests/ESMF_ArrayRedistOpenACC'
tree_run_examples in: /glade/scratch/himanshu/scripts_dir/daily/gfortran_cheyenne/esmf/src/system_tests/ESMF_ArraySharedDeSSI
gmake[4]: Entering directory '/glade/scratch/himanshu/scripts_dir/daily/gfortran_cheyenne/esmf/src/system_tests/ESMF_ArraySharedDeSSI'
mpirun -np 4 ./ESMC_NlohmannJSONUTest 1> ./ESMC_NlohmannJSONUTest.stdout 2>&1
cat: './PET*NlohmannJSONUTest.Log': No such file or directory
gmake[6]: Leaving directory '/glade/scratch/himanshu/scripts_dir/daily/gfortran_cheyenne/esmf/src/Infrastructure/Base/tests'
gmake TNAME=Info NP=4 ctest
gmake[6]: Entering directory '/glade/scratch/himanshu/scripts_dir/daily/gfortran_cheyenne/esmf/src/Infrastructure/Base/tests'
gmake[4]: Leaving directory '/glade/scratch/himanshu/scripts_dir/daily/gfortran_cheyenne/esmf/src/system_tests/ESMF_ArraySharedDeSSI'
tree_run_examples in: /glade/scratch/himanshu/scripts_dir/daily/gfortran_cheyenne/esmf/src/system_tests/ESMF_DirectCoupling
gmake[4]: Entering directory '/glade/scratch/himanshu/scripts_dir/daily/gfortran_cheyenne/esmf/src/system_tests/ESMF_DirectCoupling'
mpirun -np 4 ./ESMC_InfoUTest 1> ./ESMC_InfoUTest.stdout 2>&1
cat: './PET*InfoUTest.Log': No such file or directory
gmake[6]: Leaving directory '/glade/scratch/himanshu/scripts_dir/daily/gfortran_cheyenne/esmf/src/Infrastructure/Base/tests'
rm -f test-esmf-info-write.json
gmake TNAME=Info NP=4 ftest
gmake[6]: Entering directory '/glade/scratch/himanshu/scripts_dir/daily/gfortran_cheyenne/esmf/src/Infrastructure/Base/tests'
gmake[4]: Leaving directory '/glade/scratch/himanshu/scripts_dir/daily/gfortran_cheyenne/esmf/src/system_tests/ESMF_DirectCoupling'
tree_run_examples in: /glade/scratch/himanshu/scripts_dir/daily/gfortran_cheyenne/esmf/src/system_tests/ESMF_XGridConcurrent
gmake[4]: Entering directory '/glade/scratch/himanshu/scripts_dir/daily/gfortran_cheyenne/esmf/src/system_tests/ESMF_XGridConcurrent'
mpirun -np 4 ./ESMF_InfoUTest 1> ./ESMF_InfoUTest.stdout 2>&1
cat: './PET*InfoUTest.Log': No such file or directory
gmake[6]: Leaving directory '/glade/scratch/himanshu/scripts_dir/daily/gfortran_cheyenne/esmf/src/Infrastructure/Base/tests'
gmake TNAME=InfoArray NP=4 ftest
gmake[6]: Entering directory '/glade/scratch/himanshu/scripts_dir/daily/gfortran_cheyenne/esmf/src/Infrastructure/Base/tests'
gmake[4]: Leaving directory '/glade/scratch/himanshu/scripts_dir/daily/gfortran_cheyenne/esmf/src/system_tests/ESMF_XGridConcurrent'
tree_run_examples in: /glade/scratch/himanshu/scripts_dir/daily/gfortran_cheyenne/esmf/src/system_tests/ESMF_XGridSerial
gmake[4]: Entering directory '/glade/scratch/himanshu/scripts_dir/daily/gfortran_cheyenne/esmf/src/system_tests/ESMF_XGridSerial'
mpirun -np 4 ./ESMF_InfoArrayUTest 1> ./ESMF_InfoArrayUTest.stdout 2>&1
cat: './PET*InfoArrayUTest.Log': No such file or directory
gmake[6]: Leaving directory '/glade/scratch/himanshu/scripts_dir/daily/gfortran_cheyenne/esmf/src/Infrastructure/Base/tests'
gmake[5]: Leaving directory '/glade/scratch/himanshu/scripts_dir/daily/gfortran_cheyenne/esmf/src/Infrastructure/Base/tests'
tree_run_unit_tests in: /glade/scratch/himanshu/scripts_dir/daily/gfortran_cheyenne/esmf/src/Infrastructure/Base/examples
gmake[5]: Entering directory '/glade/scratch/himanshu/scripts_dir/daily/gfortran_cheyenne/esmf/src/Infrastructure/Base/examples'
gmake[4]: Leaving directory '/glade/scratch/himanshu/scripts_dir/daily/gfortran_cheyenne/esmf/src/system_tests/ESMF_XGridSerial'
tree_run_examples in: /glade/scratch/himanshu/scripts_dir/daily/gfortran_cheyenne/esmf/src/system_tests/ESMF_Trace
gmake[4]: Entering directory '/glade/scratch/himanshu/scripts_dir/daily/gfortran_cheyenne/esmf/src/system_tests/ESMF_Trace'
gmake[5]: Leaving directory '/glade/scratch/himanshu/scripts_dir/daily/gfortran_cheyenne/esmf/src/Infrastructure/Base/examples'
tree_run_unit_tests in: /glade/scratch/himanshu/scripts_dir/daily/gfortran_cheyenne/esmf/src/Infrastructure/Base/doc
gmake[5]: Entering directory '/glade/scratch/himanshu/scripts_dir/daily/gfortran_cheyenne/esmf/src/Infrastructure/Base/doc'
gmake[4]: Leaving directory '/glade/scratch/himanshu/scripts_dir/daily/gfortran_cheyenne/esmf/src/system_tests/ESMF_Trace'
gmake[3]: Leaving directory '/glade/scratch/himanshu/scripts_dir/daily/gfortran_cheyenne/esmf/src/system_tests'
tree_run_examples in: /glade/scratch/himanshu/scripts_dir/daily/gfortran_cheyenne/esmf/src/apps
gmake[3]: Entering directory '/glade/scratch/himanshu/scripts_dir/daily/gfortran_cheyenne/esmf/src/apps'
gmake[5]: Leaving directory '/glade/scratch/himanshu/scripts_dir/daily/gfortran_cheyenne/esmf/src/Infrastructure/Base/doc'
gmake[4]: Leaving directory '/glade/scratch/himanshu/scripts_dir/daily/gfortran_cheyenne/esmf/src/Infrastructure/Base'
tree_run_unit_tests in: /glade/scratch/himanshu/scripts_dir/daily/gfortran_cheyenne/esmf/src/Infrastructure/TimeMgr
gmake[4]: Entering directory '/glade/scratch/himanshu/scripts_dir/daily/gfortran_cheyenne/esmf/src/Infrastructure/TimeMgr'
tree_run_examples in: /glade/scratch/himanshu/scripts_dir/daily/gfortran_cheyenne/esmf/src/apps/ESMF_Info
gmake[4]: Entering directory '/glade/scratch/himanshu/scripts_dir/daily/gfortran_cheyenne/esmf/src/apps/ESMF_Info'
tree_run_unit_tests in: /glade/scratch/himanshu/scripts_dir/daily/gfortran_cheyenne/esmf/src/Infrastructure/TimeMgr/src
gmake[5]: Entering directory '/glade/scratch/himanshu/scripts_dir/daily/gfortran_cheyenne/esmf/src/Infrastructure/TimeMgr/src'
gmake[4]: Leaving directory '/glade/scratch/himanshu/scripts_dir/daily/gfortran_cheyenne/esmf/src/apps/ESMF_Info'
tree_run_examples in: /glade/scratch/himanshu/scripts_dir/daily/gfortran_cheyenne/esmf/src/apps/ESMF_InfoC
gmake[4]: Entering directory '/glade/scratch/himanshu/scripts_dir/daily/gfortran_cheyenne/esmf/src/apps/ESMF_InfoC'
gmake[5]: Leaving directory '/glade/scratch/himanshu/scripts_dir/daily/gfortran_cheyenne/esmf/src/Infrastructure/TimeMgr/src'
tree_run_unit_tests in: /glade/scratch/himanshu/scripts_dir/daily/gfortran_cheyenne/esmf/src/Infrastructure/TimeMgr/interface
gmake[5]: Entering directory '/glade/scratch/himanshu/scripts_dir/daily/gfortran_cheyenne/esmf/src/Infrastructure/TimeMgr/interface'
gmake[4]: Leaving directory '/glade/scratch/himanshu/scripts_dir/daily/gfortran_cheyenne/esmf/src/apps/ESMF_InfoC'
tree_run_examples in: /glade/scratch/himanshu/scripts_dir/daily/gfortran_cheyenne/esmf/src/apps/ESMF_RegridWeightGen
gmake[4]: Entering directory '/glade/scratch/himanshu/scripts_dir/daily/gfortran_cheyenne/esmf/src/apps/ESMF_RegridWeightGen'
gmake[5]: Leaving directory '/glade/scratch/himanshu/scripts_dir/daily/gfortran_cheyenne/esmf/src/Infrastructure/TimeMgr/interface'
tree_run_unit_tests in: /glade/scratch/himanshu/scripts_dir/daily/gfortran_cheyenne/esmf/src/Infrastructure/TimeMgr/examples
gmake[5]: Entering directory '/glade/scratch/himanshu/scripts_dir/daily/gfortran_cheyenne/esmf/src/Infrastructure/TimeMgr/examples'
gmake[4]: Leaving directory '/glade/scratch/himanshu/scripts_dir/daily/gfortran_cheyenne/esmf/src/apps/ESMF_RegridWeightGen'
tree_run_examples in: /glade/scratch/himanshu/scripts_dir/daily/gfortran_cheyenne/esmf/src/apps/ESMF_WebServController
gmake[4]: Entering directory '/glade/scratch/himanshu/scripts_dir/daily/gfortran_cheyenne/esmf/src/apps/ESMF_WebServController'
gmake[5]: Leaving directory '/glade/scratch/himanshu/scripts_dir/daily/gfortran_cheyenne/esmf/src/Infrastructure/TimeMgr/examples'
tree_run_unit_tests in: /glade/scratch/himanshu/scripts_dir/daily/gfortran_cheyenne/esmf/src/Infrastructure/TimeMgr/tests
gmake[5]: Entering directory '/glade/scratch/himanshu/scripts_dir/daily/gfortran_cheyenne/esmf/src/Infrastructure/TimeMgr/tests'
gmake[4]: Leaving directory '/glade/scratch/himanshu/scripts_dir/daily/gfortran_cheyenne/esmf/src/apps/ESMF_WebServController'
tree_run_examples in: /glade/scratch/himanshu/scripts_dir/daily/gfortran_cheyenne/esmf/src/apps/ESMF_Scrip2Unstruct
gmake[4]: Entering directory '/glade/scratch/himanshu/scripts_dir/daily/gfortran_cheyenne/esmf/src/apps/ESMF_Scrip2Unstruct'
gmake TNAME=Clock NP=4 ctest
gmake[6]: Entering directory '/glade/scratch/himanshu/scripts_dir/daily/gfortran_cheyenne/esmf/src/Infrastructure/TimeMgr/tests'
gmake[4]: Leaving directory '/glade/scratch/himanshu/scripts_dir/daily/gfortran_cheyenne/esmf/src/apps/ESMF_Scrip2Unstruct'
tree_run_examples in: /glade/scratch/himanshu/scripts_dir/daily/gfortran_cheyenne/esmf/src/apps/ESMF_Regrid
gmake[4]: Entering directory '/glade/scratch/himanshu/scripts_dir/daily/gfortran_cheyenne/esmf/src/apps/ESMF_Regrid'
mpirun -np 4 ./ESMC_ClockUTest 1> ./ESMC_ClockUTest.stdout 2>&1
cat: './PET*ClockUTest.Log': No such file or directory
gmake[6]: Leaving directory '/glade/scratch/himanshu/scripts_dir/daily/gfortran_cheyenne/esmf/src/Infrastructure/TimeMgr/tests'
gmake TNAME=TimeInterval NP=4 ctest
gmake[6]: Entering directory '/glade/scratch/himanshu/scripts_dir/daily/gfortran_cheyenne/esmf/src/Infrastructure/TimeMgr/tests'
gmake[4]: Leaving directory '/glade/scratch/himanshu/scripts_dir/daily/gfortran_cheyenne/esmf/src/apps/ESMF_Regrid'
gmake[3]: Leaving directory '/glade/scratch/himanshu/scripts_dir/daily/gfortran_cheyenne/esmf/src/apps'
tree_run_examples in: /glade/scratch/himanshu/scripts_dir/daily/gfortran_cheyenne/esmf/src/addon
gmake[3]: Entering directory '/glade/scratch/himanshu/scripts_dir/daily/gfortran_cheyenne/esmf/src/addon'
mpirun -np 4 ./ESMC_TimeIntervalUTest 1> ./ESMC_TimeIntervalUTest.stdout 2>&1
cat: './PET*TimeIntervalUTest.Log': No such file or directory
gmake[6]: Leaving directory '/glade/scratch/himanshu/scripts_dir/daily/gfortran_cheyenne/esmf/src/Infrastructure/TimeMgr/tests'
gmake TNAME=Time NP=4 ctest
gmake[6]: Entering directory '/glade/scratch/himanshu/scripts_dir/daily/gfortran_cheyenne/esmf/src/Infrastructure/TimeMgr/tests'
tree_run_examples in: /glade/scratch/himanshu/scripts_dir/daily/gfortran_cheyenne/esmf/src/addon/NUOPC
gmake[4]: Entering directory '/glade/scratch/himanshu/scripts_dir/daily/gfortran_cheyenne/esmf/src/addon/NUOPC'
mpirun -np 4 ./ESMC_TimeUTest 1> ./ESMC_TimeUTest.stdout 2>&1
tree_run_examples in: /glade/scratch/himanshu/scripts_dir/daily/gfortran_cheyenne/esmf/src/addon/NUOPC/src
cat: './PET*TimeUTest.Log': No such file or directory
gmake[6]: Leaving directory '/glade/scratch/himanshu/scripts_dir/daily/gfortran_cheyenne/esmf/src/Infrastructure/TimeMgr/tests'
gmake[5]: Entering directory '/glade/scratch/himanshu/scripts_dir/daily/gfortran_cheyenne/esmf/src/addon/NUOPC/src'
gmake TNAME=Calendar NP=4 ctest
gmake[6]: Entering directory '/glade/scratch/himanshu/scripts_dir/daily/gfortran_cheyenne/esmf/src/Infrastructure/TimeMgr/tests'
gmake[5]: Leaving directory '/glade/scratch/himanshu/scripts_dir/daily/gfortran_cheyenne/esmf/src/addon/NUOPC/src'
mpirun -np 4 ./ESMC_CalendarUTest 1> ./ESMC_CalendarUTest.stdout 2>&1
tree_run_examples in: /glade/scratch/himanshu/scripts_dir/daily/gfortran_cheyenne/esmf/src/addon/NUOPC/tests
gmake[5]: Entering directory '/glade/scratch/himanshu/scripts_dir/daily/gfortran_cheyenne/esmf/src/addon/NUOPC/tests'
cat: './PET*CalendarUTest.Log': No such file or directory
gmake[6]: Leaving directory '/glade/scratch/himanshu/scripts_dir/daily/gfortran_cheyenne/esmf/src/Infrastructure/TimeMgr/tests'
gmake TNAME=Alarm NP=4 ftest
gmake[6]: Entering directory '/glade/scratch/himanshu/scripts_dir/daily/gfortran_cheyenne/esmf/src/Infrastructure/TimeMgr/tests'
gmake[5]: Leaving directory '/glade/scratch/himanshu/scripts_dir/daily/gfortran_cheyenne/esmf/src/addon/NUOPC/tests'
tree_run_examples in: /glade/scratch/himanshu/scripts_dir/daily/gfortran_cheyenne/esmf/src/addon/NUOPC/doc
gmake[5]: Entering directory '/glade/scratch/himanshu/scripts_dir/daily/gfortran_cheyenne/esmf/src/addon/NUOPC/doc'
mpirun -np 4 ./ESMF_AlarmUTest 1> ./ESMF_AlarmUTest.stdout 2>&1
cat: './PET*AlarmUTest.Log': No such file or directory
gmake[6]: Leaving directory '/glade/scratch/himanshu/scripts_dir/daily/gfortran_cheyenne/esmf/src/Infrastructure/TimeMgr/tests'
gmake TNAME=Calendar NP=4 ftest
gmake[6]: Entering directory '/glade/scratch/himanshu/scripts_dir/daily/gfortran_cheyenne/esmf/src/Infrastructure/TimeMgr/tests'
gmake[5]: Leaving directory '/glade/scratch/himanshu/scripts_dir/daily/gfortran_cheyenne/esmf/src/addon/NUOPC/doc'
tree_run_examples in: /glade/scratch/himanshu/scripts_dir/daily/gfortran_cheyenne/esmf/src/addon/NUOPC/examples
gmake[5]: Entering directory '/glade/scratch/himanshu/scripts_dir/daily/gfortran_cheyenne/esmf/src/addon/NUOPC/examples'
mpirun -np 4 ./ESMF_CalendarUTest 1> ./ESMF_CalendarUTest.stdout 2>&1
cat: './PET*CalendarUTest.Log': No such file or directory
gmake[6]: Leaving directory '/glade/scratch/himanshu/scripts_dir/daily/gfortran_cheyenne/esmf/src/Infrastructure/TimeMgr/tests'
gmake TNAME=Clock NP=4 ftest
gmake[6]: Entering directory '/glade/scratch/himanshu/scripts_dir/daily/gfortran_cheyenne/esmf/src/Infrastructure/TimeMgr/tests'
gmake EXNAME=NUOPCBasicModel NP=4 exfrun
gmake[6]: Entering directory '/glade/scratch/himanshu/scripts_dir/daily/gfortran_cheyenne/esmf/src/addon/NUOPC/examples'
mpirun -np 4 ./ESMF_ClockUTest 1> ./ESMF_ClockUTest.stdout 2>&1
cat: './PET*ClockUTest.Log': No such file or directory
gmake[6]: Leaving directory '/glade/scratch/himanshu/scripts_dir/daily/gfortran_cheyenne/esmf/src/Infrastructure/TimeMgr/tests'
gmake TNAME=CalRange NP=4 ftest
gmake[6]: Entering directory '/glade/scratch/himanshu/scripts_dir/daily/gfortran_cheyenne/esmf/src/Infrastructure/TimeMgr/tests'
mpirun -np 4 ./ESMF_NUOPCBasicModelEx > ./ESMF_NUOPCBasicModelEx.stdout 2>&1
cat: './PET*NUOPCBasicModelEx*.Log': No such file or directory
gmake[6]: Leaving directory '/glade/scratch/himanshu/scripts_dir/daily/gfortran_cheyenne/esmf/src/addon/NUOPC/examples'
gmake EXNAME=NUOPCAtmModel NP=4 exfrun
gmake[6]: Entering directory '/glade/scratch/himanshu/scripts_dir/daily/gfortran_cheyenne/esmf/src/addon/NUOPC/examples'
mpirun -np 4 ./ESMF_CalRangeUTest 1> ./ESMF_CalRangeUTest.stdout 2>&1
cat: './PET*CalRangeUTest.Log': No such file or directory
gmake[6]: Leaving directory '/glade/scratch/himanshu/scripts_dir/daily/gfortran_cheyenne/esmf/src/Infrastructure/TimeMgr/tests'
gmake TNAME=TimeInterval NP=4 ftest
gmake[6]: Entering directory '/glade/scratch/himanshu/scripts_dir/daily/gfortran_cheyenne/esmf/src/Infrastructure/TimeMgr/tests'
mpirun -np 4 ./ESMF_NUOPCAtmModelEx > ./ESMF_NUOPCAtmModelEx.stdout 2>&1
cat: './PET*NUOPCAtmModelEx*.Log': No such file or directory
gmake[6]: Leaving directory '/glade/scratch/himanshu/scripts_dir/daily/gfortran_cheyenne/esmf/src/addon/NUOPC/examples'
gmake[5]: Leaving directory '/glade/scratch/himanshu/scripts_dir/daily/gfortran_cheyenne/esmf/src/addon/NUOPC/examples'
gmake[4]: Leaving directory '/glade/scratch/himanshu/scripts_dir/daily/gfortran_cheyenne/esmf/src/addon/NUOPC'
gmake[3]: Leaving directory '/glade/scratch/himanshu/scripts_dir/daily/gfortran_cheyenne/esmf/src/addon'
gmake[2]: Leaving directory '/glade/scratch/himanshu/scripts_dir/daily/gfortran_cheyenne/esmf/src'
gmake[1]: Leaving directory '/glade/scratch/himanshu/scripts_dir/daily/gfortran_cheyenne/esmf'
gmake check_examples
mpirun -np 4 ./ESMF_TimeIntervalUTest 1> ./ESMF_TimeIntervalUTest.stdout 2>&1
gmake[1]: Entering directory '/glade/scratch/himanshu/scripts_dir/daily/gfortran_cheyenne/esmf'
cat: './PET*TimeIntervalUTest.Log': No such file or directory
gmake[6]: Leaving directory '/glade/scratch/himanshu/scripts_dir/daily/gfortran_cheyenne/esmf/src/Infrastructure/TimeMgr/tests'
gmake TNAME=Time NP=4 ftest
gmake[6]: Entering directory '/glade/scratch/himanshu/scripts_dir/daily/gfortran_cheyenne/esmf/src/Infrastructure/TimeMgr/tests'


NOTE: Unable to open /glade/scratch/himanshu/scripts_dir/daily/gfortran_cheyenne/esmf/examples/examplesO/Linux.gfortran.64.mpich3.default/examples.config file.
Either the 'gmake ESMF_BOPT=O build_examples_tests' has not been run or the 'gmake ESMF_BOPT=O' did not build successfully. 

gmake[1]: Leaving directory '/glade/scratch/himanshu/scripts_dir/daily/gfortran_cheyenne/esmf'
mpirun -np 4 ./ESMF_TimeUTest 1> ./ESMF_TimeUTest.stdout 2>&1
Fri Dec 25 15:17:33 MST 2020
