20200909 102321.119 INFO             PET3 !!!!!!!!!!!!!!!!!!!!!!!!!!!!!!!!!!!!!!!!!!!!!!!!!!!!!!
20200909 102321.119 INFO             PET3 !!! THE ESMF_LOG IS SET TO OUTPUT ALL LOG MESSAGES !!!
20200909 102321.119 INFO             PET3 !!!     THIS MAY CAUSE SLOWDOWN IN PERFORMANCE     !!!
20200909 102321.119 INFO             PET3 !!! FOR PRODUCTION RUNS, USE:                      !!!
20200909 102321.119 INFO             PET3 !!!                   ESMF_LOGKIND_Multi_On_Error  !!!
20200909 102321.119 INFO             PET3 !!!!!!!!!!!!!!!!!!!!!!!!!!!!!!!!!!!!!!!!!!!!!!!!!!!!!!
20200909 102321.119 INFO             PET3 Running with ESMF Version   : ESMF_8_1_0_beta_snapshot_27-60-g1b38836031
20200909 102321.119 INFO             PET3 ESMF library build date/time: "Sep  9 2020" "10:20:41"
20200909 102321.119 INFO             PET3 ESMF library build location : /project/esmf/himanshu/esmf_test/cronjobs/daily/gfortran/esmf
20200909 102321.119 INFO             PET3 ESMF_COMM                   : mpich3
20200909 102321.120 INFO             PET3 ESMF_NETCDF                 : enabled
20200909 102321.120 INFO             PET3 ESMF_PNETCDF                : disabled
20200909 102321.120 INFO             PET3 ESMF_PIO                    : enabled
20200909 102321.120 INFO             PET3 ESMF_YAMLCPP                : enabled
20200909 102321.120 INFO             PET3 ESMF_MOAB                   : enabled
20200909 102321.120 INFO             PET3 Finalizing ESMF
20200909 102321.184 INFO             PET3 !!!!!!!!!!!!!!!!!!!!!!!!!!!!!!!!!!!!!!!!!!!!!!!!!!!!!!
20200909 102321.184 INFO             PET3 !!! THE ESMF_LOG IS SET TO OUTPUT ALL LOG MESSAGES !!!
20200909 102321.184 INFO             PET3 !!!     THIS MAY CAUSE SLOWDOWN IN PERFORMANCE     !!!
20200909 102321.184 INFO             PET3 !!! FOR PRODUCTION RUNS, USE:                      !!!
20200909 102321.184 INFO             PET3 !!!                   ESMF_LOGKIND_Multi_On_Error  !!!
20200909 102321.184 INFO             PET3 !!!!!!!!!!!!!!!!!!!!!!!!!!!!!!!!!!!!!!!!!!!!!!!!!!!!!!
20200909 102321.184 INFO             PET3 Running with ESMF Version   : ESMF_8_1_0_beta_snapshot_27-60-g1b38836031
20200909 102321.184 INFO             PET3 ESMF library build date/time: "Sep  9 2020" "10:20:41"
20200909 102321.184 INFO             PET3 ESMF library build location : /project/esmf/himanshu/esmf_test/cronjobs/daily/gfortran/esmf
20200909 102321.184 INFO             PET3 ESMF_COMM                   : mpich3
20200909 102321.184 INFO             PET3 ESMF_NETCDF                 : enabled
20200909 102321.184 INFO             PET3 ESMF_PNETCDF                : disabled
20200909 102321.184 INFO             PET3 ESMF_PIO                    : enabled
20200909 102321.184 INFO             PET3 ESMF_YAMLCPP                : enabled
20200909 102321.184 INFO             PET3 ESMF_MOAB                   : enabled
20200909 102321.184 INFO             PET3 Finalizing ESMF
20200909 102321.248 INFO             PET3 !!!!!!!!!!!!!!!!!!!!!!!!!!!!!!!!!!!!!!!!!!!!!!!!!!!!!!
20200909 102321.248 INFO             PET3 !!! THE ESMF_LOG IS SET TO OUTPUT ALL LOG MESSAGES !!!
20200909 102321.248 INFO             PET3 !!!     THIS MAY CAUSE SLOWDOWN IN PERFORMANCE     !!!
20200909 102321.248 INFO             PET3 !!! FOR PRODUCTION RUNS, USE:                      !!!
20200909 102321.248 INFO             PET3 !!!                   ESMF_LOGKIND_Multi_On_Error  !!!
20200909 102321.248 INFO             PET3 !!!!!!!!!!!!!!!!!!!!!!!!!!!!!!!!!!!!!!!!!!!!!!!!!!!!!!
20200909 102321.248 INFO             PET3 Running with ESMF Version   : ESMF_8_1_0_beta_snapshot_27-60-g1b38836031
20200909 102321.248 INFO             PET3 ESMF library build date/time: "Sep  9 2020" "10:20:41"
20200909 102321.248 INFO             PET3 ESMF library build location : /project/esmf/himanshu/esmf_test/cronjobs/daily/gfortran/esmf
20200909 102321.248 INFO             PET3 ESMF_COMM                   : mpich3
20200909 102321.249 INFO             PET3 ESMF_NETCDF                 : enabled
20200909 102321.249 INFO             PET3 ESMF_PNETCDF                : disabled
20200909 102321.249 INFO             PET3 ESMF_PIO                    : enabled
20200909 102321.249 INFO             PET3 ESMF_YAMLCPP                : enabled
20200909 102321.249 INFO             PET3 ESMF_MOAB                   : enabled
20200909 102321.249 INFO             PET3 Finalizing ESMF
