20210215 115112.207 INFO             PET0 !!!!!!!!!!!!!!!!!!!!!!!!!!!!!!!!!!!!!!!!!!!!!!!!!!!!!!
20210215 115112.208 INFO             PET0 !!! THE ESMF_LOG IS SET TO OUTPUT ALL LOG MESSAGES !!!
20210215 115112.208 INFO             PET0 !!!     THIS MAY CAUSE SLOWDOWN IN PERFORMANCE     !!!
20210215 115112.208 INFO             PET0 !!! FOR PRODUCTION RUNS, USE:                      !!!
20210215 115112.208 INFO             PET0 !!!                   ESMF_LOGKIND_Multi_On_Error  !!!
20210215 115112.208 INFO             PET0 !!!!!!!!!!!!!!!!!!!!!!!!!!!!!!!!!!!!!!!!!!!!!!!!!!!!!!
20210215 115112.208 INFO             PET0 Running with ESMF Version   : ESMF_8_1_0_beta_snapshot_45-5-g214b775dc9
20210215 115112.208 INFO             PET0 ESMF library build date/time: "Feb 15 2021" "11:36:16"
20210215 115112.208 INFO             PET0 ESMF library build location : /project/esmf/himanshu/esmf_test/cronjobs/daily/intel/esmf
20210215 115112.208 INFO             PET0 ESMF_COMM                   : mpiuni
20210215 115112.208 INFO             PET0 ESMF_MOAB                   : enabled
20210215 115112.208 INFO             PET0 ESMF_LAPACK                 : enabled
20210215 115112.208 INFO             PET0 ESMF_NETCDF                 : enabled
20210215 115112.208 INFO             PET0 ESMF_PNETCDF                : disabled
20210215 115112.208 INFO             PET0 ESMF_PIO                    : disabled
20210215 115112.208 INFO             PET0 ESMF_YAMLCPP                : enabled
20210215 115112.209 INFO             PET0  NUMBER_OF_PROCESSORS           1
20210215 115112.209 INFO             PET0  PASS  Example ESMF_FieldArbGridEx, ESMF_FieldArbGridEx.F90, line 243
20210215 115112.209 INFO             PET0 Finalizing ESMF
Mon Feb 15 14:56:01 MST 2021
