20201126 025128.784 INFO             PET0 !!!!!!!!!!!!!!!!!!!!!!!!!!!!!!!!!!!!!!!!!!!!!!!!!!!!!!
20201126 025128.784 INFO             PET0 !!! THE ESMF_LOG IS SET TO OUTPUT ALL LOG MESSAGES !!!
20201126 025128.784 INFO             PET0 !!!     THIS MAY CAUSE SLOWDOWN IN PERFORMANCE     !!!
20201126 025128.784 INFO             PET0 !!! FOR PRODUCTION RUNS, USE:                      !!!
20201126 025128.784 INFO             PET0 !!!                   ESMF_LOGKIND_Multi_On_Error  !!!
20201126 025128.784 INFO             PET0 !!!!!!!!!!!!!!!!!!!!!!!!!!!!!!!!!!!!!!!!!!!!!!!!!!!!!!
20201126 025128.784 INFO             PET0 Running with ESMF Version   : ESMF_8_1_0_beta_snapshot_38
20201126 025128.784 INFO             PET0 ESMF library build date/time: "Nov 26 2020" "02:39:25"
20201126 025128.784 INFO             PET0 ESMF library build location : /project/esmf/himanshu/esmf_test/cronjobs/daily/intel/esmf
20201126 025128.784 INFO             PET0 ESMF_COMM                   : mpiuni
20201126 025128.784 INFO             PET0 ESMF_NETCDF                 : enabled
20201126 025128.784 INFO             PET0 ESMF_PNETCDF                : disabled
20201126 025128.784 INFO             PET0 ESMF_PIO                    : disabled
20201126 025128.784 INFO             PET0 ESMF_YAMLCPP                : enabled
20201126 025128.784 INFO             PET0 ESMF_MOAB                   : enabled
20201126 025128.785 DEBUG            PET0 service: 0  PTHREAD_STACK_MIN: 8192 bytes  stack_size: 20971520 bytes
20201126 025128.785 INFO             PET0  NUMBER_OF_PROCESSORS           1
20201126 025128.785 INFO             PET0  PASS  Example ESMF_GCompEx, ESMF_GCompEx.F90, line 465
20201126 025128.785 INFO             PET0 Finalizing ESMF
Thu Nov 26 05:38:42 MST 2020
