20210220 174329.594 INFO             PET1 !!!!!!!!!!!!!!!!!!!!!!!!!!!!!!!!!!!!!!!!!!!!!!!!!!!!!!
20210220 174329.594 INFO             PET1 !!! THE ESMF_LOG IS SET TO OUTPUT ALL LOG MESSAGES !!!
20210220 174329.594 INFO             PET1 !!!     THIS MAY CAUSE SLOWDOWN IN PERFORMANCE     !!!
20210220 174329.594 INFO             PET1 !!! FOR PRODUCTION RUNS, USE:                      !!!
20210220 174329.594 INFO             PET1 !!!                   ESMF_LOGKIND_Multi_On_Error  !!!
20210220 174329.594 INFO             PET1 !!!!!!!!!!!!!!!!!!!!!!!!!!!!!!!!!!!!!!!!!!!!!!!!!!!!!!
20210220 174329.594 INFO             PET1 Running with ESMF Version   : ESMF_8_1_0_beta_snapshot_47
20210220 174329.594 INFO             PET1 ESMF library build date/time: "Feb 20 2021" "17:39:18"
20210220 174329.594 INFO             PET1 ESMF library build location : /project/esmf/bighorn_8.1.0/gfortran/esmf
20210220 174329.594 INFO             PET1 ESMF_COMM                   : mpich3
20210220 174329.594 INFO             PET1 ESMF_MOAB                   : enabled
20210220 174329.594 INFO             PET1 ESMF_LAPACK                 : enabled
20210220 174329.594 INFO             PET1 ESMF_NETCDF                 : disabled
20210220 174329.594 INFO             PET1 ESMF_PNETCDF                : disabled
20210220 174329.594 INFO             PET1 ESMF_PIO                    : enabled
20210220 174329.594 INFO             PET1 ESMF_YAMLCPP                : enabled
20210220 174329.640 INFO             PET1 Finalizing ESMF
20210220 174329.815 INFO             PET1 !!!!!!!!!!!!!!!!!!!!!!!!!!!!!!!!!!!!!!!!!!!!!!!!!!!!!!
20210220 174329.815 INFO             PET1 !!! THE ESMF_LOG IS SET TO OUTPUT ALL LOG MESSAGES !!!
20210220 174329.815 INFO             PET1 !!!     THIS MAY CAUSE SLOWDOWN IN PERFORMANCE     !!!
20210220 174329.815 INFO             PET1 !!! FOR PRODUCTION RUNS, USE:                      !!!
20210220 174329.815 INFO             PET1 !!!                   ESMF_LOGKIND_Multi_On_Error  !!!
20210220 174329.815 INFO             PET1 !!!!!!!!!!!!!!!!!!!!!!!!!!!!!!!!!!!!!!!!!!!!!!!!!!!!!!
20210220 174329.815 INFO             PET1 Running with ESMF Version   : ESMF_8_1_0_beta_snapshot_47
20210220 174329.815 INFO             PET1 ESMF library build date/time: "Feb 20 2021" "17:39:18"
20210220 174329.815 INFO             PET1 ESMF library build location : /project/esmf/bighorn_8.1.0/gfortran/esmf
20210220 174329.815 INFO             PET1 ESMF_COMM                   : mpich3
20210220 174329.815 INFO             PET1 ESMF_MOAB                   : enabled
20210220 174329.815 INFO             PET1 ESMF_LAPACK                 : enabled
20210220 174329.815 INFO             PET1 ESMF_NETCDF                 : disabled
20210220 174329.815 INFO             PET1 ESMF_PNETCDF                : disabled
20210220 174329.815 INFO             PET1 ESMF_PIO                    : enabled
20210220 174329.815 INFO             PET1 ESMF_YAMLCPP                : enabled
20210220 174329.835 INFO             PET1 Finalizing ESMF
20210220 174330.001 INFO             PET1 !!!!!!!!!!!!!!!!!!!!!!!!!!!!!!!!!!!!!!!!!!!!!!!!!!!!!!
20210220 174330.001 INFO             PET1 !!! THE ESMF_LOG IS SET TO OUTPUT ALL LOG MESSAGES !!!
20210220 174330.001 INFO             PET1 !!!     THIS MAY CAUSE SLOWDOWN IN PERFORMANCE     !!!
20210220 174330.001 INFO             PET1 !!! FOR PRODUCTION RUNS, USE:                      !!!
20210220 174330.001 INFO             PET1 !!!                   ESMF_LOGKIND_Multi_On_Error  !!!
20210220 174330.001 INFO             PET1 !!!!!!!!!!!!!!!!!!!!!!!!!!!!!!!!!!!!!!!!!!!!!!!!!!!!!!
20210220 174330.001 INFO             PET1 Running with ESMF Version   : ESMF_8_1_0_beta_snapshot_47
20210220 174330.001 INFO             PET1 ESMF library build date/time: "Feb 20 2021" "17:39:18"
20210220 174330.001 INFO             PET1 ESMF library build location : /project/esmf/bighorn_8.1.0/gfortran/esmf
20210220 174330.001 INFO             PET1 ESMF_COMM                   : mpich3
20210220 174330.001 INFO             PET1 ESMF_MOAB                   : enabled
20210220 174330.001 INFO             PET1 ESMF_LAPACK                 : enabled
20210220 174330.001 INFO             PET1 ESMF_NETCDF                 : disabled
20210220 174330.001 INFO             PET1 ESMF_PNETCDF                : disabled
20210220 174330.001 INFO             PET1 ESMF_PIO                    : enabled
20210220 174330.001 INFO             PET1 ESMF_YAMLCPP                : enabled
20210220 174330.036 INFO             PET1 Finalizing ESMF
Sun Feb 21 15:14:55 MST 2021
