20210221 203803.093 INFO             PET3 !!!!!!!!!!!!!!!!!!!!!!!!!!!!!!!!!!!!!!!!!!!!!!!!!!!!!!
20210221 203803.093 INFO             PET3 !!! THE ESMF_LOG IS SET TO OUTPUT ALL LOG MESSAGES !!!
20210221 203803.093 INFO             PET3 !!!     THIS MAY CAUSE SLOWDOWN IN PERFORMANCE     !!!
20210221 203803.093 INFO             PET3 !!! FOR PRODUCTION RUNS, USE:                      !!!
20210221 203803.093 INFO             PET3 !!!                   ESMF_LOGKIND_Multi_On_Error  !!!
20210221 203803.094 INFO             PET3 !!!!!!!!!!!!!!!!!!!!!!!!!!!!!!!!!!!!!!!!!!!!!!!!!!!!!!
20210221 203803.094 INFO             PET3 Running with ESMF Version   : ESMF_8_1_0_beta_snapshot_47
20210221 203803.094 INFO             PET3 ESMF library build date/time: "Feb 21 2021" "20:35:30"
20210221 203803.094 INFO             PET3 ESMF library build location : /project/esmf/bighorn_8.1.0/gfortran/esmf
20210221 203803.094 INFO             PET3 ESMF_COMM                   : mpich3
20210221 203803.094 INFO             PET3 ESMF_MOAB                   : enabled
20210221 203803.094 INFO             PET3 ESMF_LAPACK                 : enabled
20210221 203803.094 INFO             PET3 ESMF_NETCDF                 : disabled
20210221 203803.094 INFO             PET3 ESMF_PNETCDF                : disabled
20210221 203803.094 INFO             PET3 ESMF_PIO                    : enabled
20210221 203803.094 INFO             PET3 ESMF_YAMLCPP                : enabled
20210221 203803.094 INFO             PET3 Finalizing ESMF
20210221 203803.141 INFO             PET3 !!!!!!!!!!!!!!!!!!!!!!!!!!!!!!!!!!!!!!!!!!!!!!!!!!!!!!
20210221 203803.142 INFO             PET3 !!! THE ESMF_LOG IS SET TO OUTPUT ALL LOG MESSAGES !!!
20210221 203803.142 INFO             PET3 !!!     THIS MAY CAUSE SLOWDOWN IN PERFORMANCE     !!!
20210221 203803.142 INFO             PET3 !!! FOR PRODUCTION RUNS, USE:                      !!!
20210221 203803.142 INFO             PET3 !!!                   ESMF_LOGKIND_Multi_On_Error  !!!
20210221 203803.142 INFO             PET3 !!!!!!!!!!!!!!!!!!!!!!!!!!!!!!!!!!!!!!!!!!!!!!!!!!!!!!
20210221 203803.142 INFO             PET3 Running with ESMF Version   : ESMF_8_1_0_beta_snapshot_47
20210221 203803.142 INFO             PET3 ESMF library build date/time: "Feb 21 2021" "20:35:30"
20210221 203803.142 INFO             PET3 ESMF library build location : /project/esmf/bighorn_8.1.0/gfortran/esmf
20210221 203803.142 INFO             PET3 ESMF_COMM                   : mpich3
20210221 203803.142 INFO             PET3 ESMF_MOAB                   : enabled
20210221 203803.142 INFO             PET3 ESMF_LAPACK                 : enabled
20210221 203803.142 INFO             PET3 ESMF_NETCDF                 : disabled
20210221 203803.142 INFO             PET3 ESMF_PNETCDF                : disabled
20210221 203803.142 INFO             PET3 ESMF_PIO                    : enabled
20210221 203803.142 INFO             PET3 ESMF_YAMLCPP                : enabled
20210221 203803.142 INFO             PET3 Finalizing ESMF
20210221 203803.187 INFO             PET3 !!!!!!!!!!!!!!!!!!!!!!!!!!!!!!!!!!!!!!!!!!!!!!!!!!!!!!
20210221 203803.187 INFO             PET3 !!! THE ESMF_LOG IS SET TO OUTPUT ALL LOG MESSAGES !!!
20210221 203803.187 INFO             PET3 !!!     THIS MAY CAUSE SLOWDOWN IN PERFORMANCE     !!!
20210221 203803.187 INFO             PET3 !!! FOR PRODUCTION RUNS, USE:                      !!!
20210221 203803.187 INFO             PET3 !!!                   ESMF_LOGKIND_Multi_On_Error  !!!
20210221 203803.187 INFO             PET3 !!!!!!!!!!!!!!!!!!!!!!!!!!!!!!!!!!!!!!!!!!!!!!!!!!!!!!
20210221 203803.187 INFO             PET3 Running with ESMF Version   : ESMF_8_1_0_beta_snapshot_47
20210221 203803.187 INFO             PET3 ESMF library build date/time: "Feb 21 2021" "20:35:30"
20210221 203803.187 INFO             PET3 ESMF library build location : /project/esmf/bighorn_8.1.0/gfortran/esmf
20210221 203803.187 INFO             PET3 ESMF_COMM                   : mpich3
20210221 203803.188 INFO             PET3 ESMF_MOAB                   : enabled
20210221 203803.188 INFO             PET3 ESMF_LAPACK                 : enabled
20210221 203803.188 INFO             PET3 ESMF_NETCDF                 : disabled
20210221 203803.188 INFO             PET3 ESMF_PNETCDF                : disabled
20210221 203803.188 INFO             PET3 ESMF_PIO                    : enabled
20210221 203803.188 INFO             PET3 ESMF_YAMLCPP                : enabled
20210221 203803.188 INFO             PET3 Finalizing ESMF
Mon Feb 22 04:24:43 MST 2021
