20200917 211224.794 INFO             PET1 !!!!!!!!!!!!!!!!!!!!!!!!!!!!!!!!!!!!!!!!!!!!!!!!!!!!!!
20200917 211224.794 INFO             PET1 !!! THE ESMF_LOG IS SET TO OUTPUT ALL LOG MESSAGES !!!
20200917 211224.794 INFO             PET1 !!!     THIS MAY CAUSE SLOWDOWN IN PERFORMANCE     !!!
20200917 211224.794 INFO             PET1 !!! FOR PRODUCTION RUNS, USE:                      !!!
20200917 211224.794 INFO             PET1 !!!                   ESMF_LOGKIND_Multi_On_Error  !!!
20200917 211224.794 INFO             PET1 !!!!!!!!!!!!!!!!!!!!!!!!!!!!!!!!!!!!!!!!!!!!!!!!!!!!!!
20200917 211224.794 INFO             PET1 Running with ESMF Version   : ESMF_8_1_0_beta_snapshot_27-68-gf8cae5665f
20200917 211224.794 INFO             PET1 ESMF library build date/time: "Sep 17 2020" "21:01:25"
20200917 211224.794 INFO             PET1 ESMF library build location : /glade/scratch/himanshu/scripts_dir/daily/intel_cheyenne/esmf
20200917 211224.794 INFO             PET1 ESMF_COMM                   : openmpi
20200917 211224.794 INFO             PET1 ESMF_NETCDF                 : disabled
20200917 211224.794 INFO             PET1 ESMF_PNETCDF                : disabled
20200917 211224.794 INFO             PET1 ESMF_PIO                    : enabled
20200917 211224.794 INFO             PET1 ESMF_YAMLCPP                : enabled
20200917 211224.794 INFO             PET1 ESMF_MOAB                   : enabled
20200917 211224.795 INFO             PET1 Finalizing ESMF
20200917 211225.180 INFO             PET1 !!!!!!!!!!!!!!!!!!!!!!!!!!!!!!!!!!!!!!!!!!!!!!!!!!!!!!
20200917 211225.180 INFO             PET1 !!! THE ESMF_LOG IS SET TO OUTPUT ALL LOG MESSAGES !!!
20200917 211225.180 INFO             PET1 !!!     THIS MAY CAUSE SLOWDOWN IN PERFORMANCE     !!!
20200917 211225.180 INFO             PET1 !!! FOR PRODUCTION RUNS, USE:                      !!!
20200917 211225.180 INFO             PET1 !!!                   ESMF_LOGKIND_Multi_On_Error  !!!
20200917 211225.180 INFO             PET1 !!!!!!!!!!!!!!!!!!!!!!!!!!!!!!!!!!!!!!!!!!!!!!!!!!!!!!
20200917 211225.180 INFO             PET1 Running with ESMF Version   : ESMF_8_1_0_beta_snapshot_27-68-gf8cae5665f
20200917 211225.180 INFO             PET1 ESMF library build date/time: "Sep 17 2020" "21:01:25"
20200917 211225.180 INFO             PET1 ESMF library build location : /glade/scratch/himanshu/scripts_dir/daily/intel_cheyenne/esmf
20200917 211225.180 INFO             PET1 ESMF_COMM                   : openmpi
20200917 211225.181 INFO             PET1 ESMF_NETCDF                 : disabled
20200917 211225.181 INFO             PET1 ESMF_PNETCDF                : disabled
20200917 211225.181 INFO             PET1 ESMF_PIO                    : enabled
20200917 211225.181 INFO             PET1 ESMF_YAMLCPP                : enabled
20200917 211225.181 INFO             PET1 ESMF_MOAB                   : enabled
20200917 211225.181 INFO             PET1 Finalizing ESMF
20200917 211225.562 INFO             PET1 !!!!!!!!!!!!!!!!!!!!!!!!!!!!!!!!!!!!!!!!!!!!!!!!!!!!!!
20200917 211225.562 INFO             PET1 !!! THE ESMF_LOG IS SET TO OUTPUT ALL LOG MESSAGES !!!
20200917 211225.562 INFO             PET1 !!!     THIS MAY CAUSE SLOWDOWN IN PERFORMANCE     !!!
20200917 211225.562 INFO             PET1 !!! FOR PRODUCTION RUNS, USE:                      !!!
20200917 211225.562 INFO             PET1 !!!                   ESMF_LOGKIND_Multi_On_Error  !!!
20200917 211225.562 INFO             PET1 !!!!!!!!!!!!!!!!!!!!!!!!!!!!!!!!!!!!!!!!!!!!!!!!!!!!!!
20200917 211225.562 INFO             PET1 Running with ESMF Version   : ESMF_8_1_0_beta_snapshot_27-68-gf8cae5665f
20200917 211225.562 INFO             PET1 ESMF library build date/time: "Sep 17 2020" "21:01:25"
20200917 211225.562 INFO             PET1 ESMF library build location : /glade/scratch/himanshu/scripts_dir/daily/intel_cheyenne/esmf
20200917 211225.562 INFO             PET1 ESMF_COMM                   : openmpi
20200917 211225.562 INFO             PET1 ESMF_NETCDF                 : disabled
20200917 211225.562 INFO             PET1 ESMF_PNETCDF                : disabled
20200917 211225.562 INFO             PET1 ESMF_PIO                    : enabled
20200917 211225.563 INFO             PET1 ESMF_YAMLCPP                : enabled
20200917 211225.563 INFO             PET1 ESMF_MOAB                   : enabled
20200917 211225.565 INFO             PET1 Finalizing ESMF
