20200923 010949.199 INFO             PET1 !!!!!!!!!!!!!!!!!!!!!!!!!!!!!!!!!!!!!!!!!!!!!!!!!!!!!!
20200923 010949.200 INFO             PET1 !!! THE ESMF_LOG IS SET TO OUTPUT ALL LOG MESSAGES !!!
20200923 010949.200 INFO             PET1 !!!     THIS MAY CAUSE SLOWDOWN IN PERFORMANCE     !!!
20200923 010949.200 INFO             PET1 !!! FOR PRODUCTION RUNS, USE:                      !!!
20200923 010949.200 INFO             PET1 !!!                   ESMF_LOGKIND_Multi_On_Error  !!!
20200923 010949.200 INFO             PET1 !!!!!!!!!!!!!!!!!!!!!!!!!!!!!!!!!!!!!!!!!!!!!!!!!!!!!!
20200923 010949.200 INFO             PET1 Running with ESMF Version   : ESMF_8_1_0_beta_snapshot_28-5-ge39bc55bea
20200923 010949.200 INFO             PET1 ESMF library build date/time: "Sep 23 2020" "00:55:46"
20200923 010949.200 INFO             PET1 ESMF library build location : /glade/scratch/himanshu/scripts_dir/daily/PGI/esmf
20200923 010949.200 INFO             PET1 ESMF_COMM                   : openmpi
20200923 010949.200 INFO             PET1 ESMF_NETCDF                 : disabled
20200923 010949.200 INFO             PET1 ESMF_PNETCDF                : disabled
20200923 010949.200 INFO             PET1 ESMF_PIO                    : enabled
20200923 010949.200 INFO             PET1 ESMF_YAMLCPP                : enabled
20200923 010949.200 INFO             PET1 ESMF_MOAB                   : enabled
20200923 010949.201 INFO             PET1 Finalizing ESMF
20200923 010949.534 INFO             PET1 !!!!!!!!!!!!!!!!!!!!!!!!!!!!!!!!!!!!!!!!!!!!!!!!!!!!!!
20200923 010949.535 INFO             PET1 !!! THE ESMF_LOG IS SET TO OUTPUT ALL LOG MESSAGES !!!
20200923 010949.535 INFO             PET1 !!!     THIS MAY CAUSE SLOWDOWN IN PERFORMANCE     !!!
20200923 010949.535 INFO             PET1 !!! FOR PRODUCTION RUNS, USE:                      !!!
20200923 010949.535 INFO             PET1 !!!                   ESMF_LOGKIND_Multi_On_Error  !!!
20200923 010949.535 INFO             PET1 !!!!!!!!!!!!!!!!!!!!!!!!!!!!!!!!!!!!!!!!!!!!!!!!!!!!!!
20200923 010949.535 INFO             PET1 Running with ESMF Version   : ESMF_8_1_0_beta_snapshot_28-5-ge39bc55bea
20200923 010949.535 INFO             PET1 ESMF library build date/time: "Sep 23 2020" "00:55:46"
20200923 010949.535 INFO             PET1 ESMF library build location : /glade/scratch/himanshu/scripts_dir/daily/PGI/esmf
20200923 010949.535 INFO             PET1 ESMF_COMM                   : openmpi
20200923 010949.535 INFO             PET1 ESMF_NETCDF                 : disabled
20200923 010949.535 INFO             PET1 ESMF_PNETCDF                : disabled
20200923 010949.535 INFO             PET1 ESMF_PIO                    : enabled
20200923 010949.535 INFO             PET1 ESMF_YAMLCPP                : enabled
20200923 010949.535 INFO             PET1 ESMF_MOAB                   : enabled
20200923 010949.536 INFO             PET1 Finalizing ESMF
20200923 010949.846 INFO             PET1 !!!!!!!!!!!!!!!!!!!!!!!!!!!!!!!!!!!!!!!!!!!!!!!!!!!!!!
20200923 010949.846 INFO             PET1 !!! THE ESMF_LOG IS SET TO OUTPUT ALL LOG MESSAGES !!!
20200923 010949.846 INFO             PET1 !!!     THIS MAY CAUSE SLOWDOWN IN PERFORMANCE     !!!
20200923 010949.846 INFO             PET1 !!! FOR PRODUCTION RUNS, USE:                      !!!
20200923 010949.846 INFO             PET1 !!!                   ESMF_LOGKIND_Multi_On_Error  !!!
20200923 010949.846 INFO             PET1 !!!!!!!!!!!!!!!!!!!!!!!!!!!!!!!!!!!!!!!!!!!!!!!!!!!!!!
20200923 010949.846 INFO             PET1 Running with ESMF Version   : ESMF_8_1_0_beta_snapshot_28-5-ge39bc55bea
20200923 010949.846 INFO             PET1 ESMF library build date/time: "Sep 23 2020" "00:55:46"
20200923 010949.846 INFO             PET1 ESMF library build location : /glade/scratch/himanshu/scripts_dir/daily/PGI/esmf
20200923 010949.846 INFO             PET1 ESMF_COMM                   : openmpi
20200923 010949.846 INFO             PET1 ESMF_NETCDF                 : disabled
20200923 010949.846 INFO             PET1 ESMF_PNETCDF                : disabled
20200923 010949.846 INFO             PET1 ESMF_PIO                    : enabled
20200923 010949.846 INFO             PET1 ESMF_YAMLCPP                : enabled
20200923 010949.846 INFO             PET1 ESMF_MOAB                   : enabled
20200923 010949.849 INFO             PET1 Finalizing ESMF
