20210223 033436.381 INFO             PET1 !!!!!!!!!!!!!!!!!!!!!!!!!!!!!!!!!!!!!!!!!!!!!!!!!!!!!!
20210223 033436.381 INFO             PET1 !!! THE ESMF_LOG IS SET TO OUTPUT ALL LOG MESSAGES !!!
20210223 033436.381 INFO             PET1 !!!     THIS MAY CAUSE SLOWDOWN IN PERFORMANCE     !!!
20210223 033436.381 INFO             PET1 !!! FOR PRODUCTION RUNS, USE:                      !!!
20210223 033436.381 INFO             PET1 !!!                   ESMF_LOGKIND_Multi_On_Error  !!!
20210223 033436.381 INFO             PET1 !!!!!!!!!!!!!!!!!!!!!!!!!!!!!!!!!!!!!!!!!!!!!!!!!!!!!!
20210223 033436.381 INFO             PET1 Running with ESMF Version   : ESMF_8_1_0_beta_snapshot_47
20210223 033436.381 INFO             PET1 ESMF library build date/time: "Feb 23 2021" "03:20:53"
20210223 033436.381 INFO             PET1 ESMF library build location : /glade/scratch/himanshu/relese_8.1.0/dir/intel_cheyenne/esmf
20210223 033436.381 INFO             PET1 ESMF_COMM                   : mpt
20210223 033436.381 INFO             PET1 ESMF_MOAB                   : enabled
20210223 033436.381 INFO             PET1 ESMF_LAPACK                 : enabled
20210223 033436.381 INFO             PET1 ESMF_NETCDF                 : disabled
20210223 033436.381 INFO             PET1 ESMF_PNETCDF                : disabled
20210223 033436.381 INFO             PET1 ESMF_PIO                    : enabled
20210223 033436.381 INFO             PET1 ESMF_YAMLCPP                : enabled
20210223 033436.382 INFO             PET1 Finalizing ESMF
20210223 033436.501 INFO             PET1 !!!!!!!!!!!!!!!!!!!!!!!!!!!!!!!!!!!!!!!!!!!!!!!!!!!!!!
20210223 033436.501 INFO             PET1 !!! THE ESMF_LOG IS SET TO OUTPUT ALL LOG MESSAGES !!!
20210223 033436.501 INFO             PET1 !!!     THIS MAY CAUSE SLOWDOWN IN PERFORMANCE     !!!
20210223 033436.501 INFO             PET1 !!! FOR PRODUCTION RUNS, USE:                      !!!
20210223 033436.501 INFO             PET1 !!!                   ESMF_LOGKIND_Multi_On_Error  !!!
20210223 033436.501 INFO             PET1 !!!!!!!!!!!!!!!!!!!!!!!!!!!!!!!!!!!!!!!!!!!!!!!!!!!!!!
20210223 033436.501 INFO             PET1 Running with ESMF Version   : ESMF_8_1_0_beta_snapshot_47
20210223 033436.501 INFO             PET1 ESMF library build date/time: "Feb 23 2021" "03:20:53"
20210223 033436.502 INFO             PET1 ESMF library build location : /glade/scratch/himanshu/relese_8.1.0/dir/intel_cheyenne/esmf
20210223 033436.502 INFO             PET1 ESMF_COMM                   : mpt
20210223 033436.502 INFO             PET1 ESMF_MOAB                   : enabled
20210223 033436.502 INFO             PET1 ESMF_LAPACK                 : enabled
20210223 033436.502 INFO             PET1 ESMF_NETCDF                 : disabled
20210223 033436.502 INFO             PET1 ESMF_PNETCDF                : disabled
20210223 033436.502 INFO             PET1 ESMF_PIO                    : enabled
20210223 033436.502 INFO             PET1 ESMF_YAMLCPP                : enabled
20210223 033436.502 INFO             PET1 Finalizing ESMF
20210223 033436.614 INFO             PET1 !!!!!!!!!!!!!!!!!!!!!!!!!!!!!!!!!!!!!!!!!!!!!!!!!!!!!!
20210223 033436.614 INFO             PET1 !!! THE ESMF_LOG IS SET TO OUTPUT ALL LOG MESSAGES !!!
20210223 033436.614 INFO             PET1 !!!     THIS MAY CAUSE SLOWDOWN IN PERFORMANCE     !!!
20210223 033436.614 INFO             PET1 !!! FOR PRODUCTION RUNS, USE:                      !!!
20210223 033436.614 INFO             PET1 !!!                   ESMF_LOGKIND_Multi_On_Error  !!!
20210223 033436.614 INFO             PET1 !!!!!!!!!!!!!!!!!!!!!!!!!!!!!!!!!!!!!!!!!!!!!!!!!!!!!!
20210223 033436.614 INFO             PET1 Running with ESMF Version   : ESMF_8_1_0_beta_snapshot_47
20210223 033436.614 INFO             PET1 ESMF library build date/time: "Feb 23 2021" "03:20:53"
20210223 033436.614 INFO             PET1 ESMF library build location : /glade/scratch/himanshu/relese_8.1.0/dir/intel_cheyenne/esmf
20210223 033436.614 INFO             PET1 ESMF_COMM                   : mpt
20210223 033436.617 INFO             PET1 ESMF_MOAB                   : enabled
20210223 033436.617 INFO             PET1 ESMF_LAPACK                 : enabled
20210223 033436.617 INFO             PET1 ESMF_NETCDF                 : disabled
20210223 033436.617 INFO             PET1 ESMF_PNETCDF                : disabled
20210223 033436.617 INFO             PET1 ESMF_PIO                    : enabled
20210223 033436.617 INFO             PET1 ESMF_YAMLCPP                : enabled
20210223 033436.617 INFO             PET1 Finalizing ESMF
Tue Feb 23 13:31:54 MST 2021
