20210222 050923.414 INFO             PET2 !!!!!!!!!!!!!!!!!!!!!!!!!!!!!!!!!!!!!!!!!!!!!!!!!!!!!!
20210222 050923.414 INFO             PET2 !!! THE ESMF_LOG IS SET TO OUTPUT ALL LOG MESSAGES !!!
20210222 050923.414 INFO             PET2 !!!     THIS MAY CAUSE SLOWDOWN IN PERFORMANCE     !!!
20210222 050923.414 INFO             PET2 !!! FOR PRODUCTION RUNS, USE:                      !!!
20210222 050923.414 INFO             PET2 !!!                   ESMF_LOGKIND_Multi_On_Error  !!!
20210222 050923.414 INFO             PET2 !!!!!!!!!!!!!!!!!!!!!!!!!!!!!!!!!!!!!!!!!!!!!!!!!!!!!!
20210222 050923.414 INFO             PET2 Running with ESMF Version   : ESMF_8_1_0_beta_snapshot_47
20210222 050923.414 INFO             PET2 ESMF library build date/time: "Feb 22 2021" "04:56:09"
20210222 050923.414 INFO             PET2 ESMF library build location : /glade/scratch/himanshu/relese_8.1.0/dir/intel_cheyenne/esmf
20210222 050923.414 INFO             PET2 ESMF_COMM                   : mpt
20210222 050923.414 INFO             PET2 ESMF_MOAB                   : enabled
20210222 050923.414 INFO             PET2 ESMF_LAPACK                 : enabled
20210222 050923.414 INFO             PET2 ESMF_NETCDF                 : disabled
20210222 050923.414 INFO             PET2 ESMF_PNETCDF                : disabled
20210222 050923.414 INFO             PET2 ESMF_PIO                    : enabled
20210222 050923.414 INFO             PET2 ESMF_YAMLCPP                : enabled
20210222 050923.415 INFO             PET2 Finalizing ESMF
20210222 050923.533 INFO             PET2 !!!!!!!!!!!!!!!!!!!!!!!!!!!!!!!!!!!!!!!!!!!!!!!!!!!!!!
20210222 050923.533 INFO             PET2 !!! THE ESMF_LOG IS SET TO OUTPUT ALL LOG MESSAGES !!!
20210222 050923.533 INFO             PET2 !!!     THIS MAY CAUSE SLOWDOWN IN PERFORMANCE     !!!
20210222 050923.533 INFO             PET2 !!! FOR PRODUCTION RUNS, USE:                      !!!
20210222 050923.533 INFO             PET2 !!!                   ESMF_LOGKIND_Multi_On_Error  !!!
20210222 050923.533 INFO             PET2 !!!!!!!!!!!!!!!!!!!!!!!!!!!!!!!!!!!!!!!!!!!!!!!!!!!!!!
20210222 050923.533 INFO             PET2 Running with ESMF Version   : ESMF_8_1_0_beta_snapshot_47
20210222 050923.533 INFO             PET2 ESMF library build date/time: "Feb 22 2021" "04:56:09"
20210222 050923.533 INFO             PET2 ESMF library build location : /glade/scratch/himanshu/relese_8.1.0/dir/intel_cheyenne/esmf
20210222 050923.533 INFO             PET2 ESMF_COMM                   : mpt
20210222 050923.533 INFO             PET2 ESMF_MOAB                   : enabled
20210222 050923.533 INFO             PET2 ESMF_LAPACK                 : enabled
20210222 050923.533 INFO             PET2 ESMF_NETCDF                 : disabled
20210222 050923.533 INFO             PET2 ESMF_PNETCDF                : disabled
20210222 050923.533 INFO             PET2 ESMF_PIO                    : enabled
20210222 050923.533 INFO             PET2 ESMF_YAMLCPP                : enabled
20210222 050923.534 INFO             PET2 Finalizing ESMF
20210222 050923.650 INFO             PET2 !!!!!!!!!!!!!!!!!!!!!!!!!!!!!!!!!!!!!!!!!!!!!!!!!!!!!!
20210222 050923.650 INFO             PET2 !!! THE ESMF_LOG IS SET TO OUTPUT ALL LOG MESSAGES !!!
20210222 050923.650 INFO             PET2 !!!     THIS MAY CAUSE SLOWDOWN IN PERFORMANCE     !!!
20210222 050923.650 INFO             PET2 !!! FOR PRODUCTION RUNS, USE:                      !!!
20210222 050923.650 INFO             PET2 !!!                   ESMF_LOGKIND_Multi_On_Error  !!!
20210222 050923.650 INFO             PET2 !!!!!!!!!!!!!!!!!!!!!!!!!!!!!!!!!!!!!!!!!!!!!!!!!!!!!!
20210222 050923.650 INFO             PET2 Running with ESMF Version   : ESMF_8_1_0_beta_snapshot_47
20210222 050923.650 INFO             PET2 ESMF library build date/time: "Feb 22 2021" "04:56:09"
20210222 050923.650 INFO             PET2 ESMF library build location : /glade/scratch/himanshu/relese_8.1.0/dir/intel_cheyenne/esmf
20210222 050923.650 INFO             PET2 ESMF_COMM                   : mpt
20210222 050923.652 INFO             PET2 ESMF_MOAB                   : enabled
20210222 050923.652 INFO             PET2 ESMF_LAPACK                 : enabled
20210222 050923.652 INFO             PET2 ESMF_NETCDF                 : disabled
20210222 050923.652 INFO             PET2 ESMF_PNETCDF                : disabled
20210222 050923.652 INFO             PET2 ESMF_PIO                    : enabled
20210222 050923.652 INFO             PET2 ESMF_YAMLCPP                : enabled
20210222 050923.653 INFO             PET2 Finalizing ESMF
Mon Feb 22 15:25:54 MST 2021
