   12.4500000000000        12.4500000000000        12.4500000000000     
   12.4500000000000        12.4500000000000        12.4500000000000     
   12.4500000000000        12.4500000000000        12.4500000000000     
   12.4500000000000        12.4500000000000        12.4500000000000     
   12.4500000000000        12.4500000000000        12.4500000000000     
   12.4500000000000        12.4500000000000        12.4500000000000     
   12.4500000000000        12.4500000000000        12.4500000000000     
   12.4500000000000        12.4500000000000        12.4500000000000     
   12.4500000000000        12.4500000000000        12.4500000000000     
   12.4500000000000        12.4500000000000        12.4500000000000     
   12.4500000000000        12.4500000000000        12.4500000000000     
   12.4500000000000        12.4500000000000        12.4500000000000     
   12.4500000000000        12.4500000000000        12.4500000000000     
   12.4500000000000        12.4500000000000        12.4500000000000     
   12.4500000000000        12.4500000000000        12.4500000000000     
   12.4500000000000        12.4500000000000        12.4500000000000     
   12.4500000000000        12.4500000000000        12.4500000000000     
   12.4500000000000        12.4500000000000        12.4500000000000     
   12.4500000000000        12.4500000000000        12.4500000000000     
   12.4500000000000        12.4500000000000        12.4500000000000     
   12.4500000000000        12.4500000000000        12.4500000000000     
   12.4500000000000        12.4500000000000        12.4500000000000     
   12.4500000000000        12.4500000000000        12.4500000000000     
   12.4500000000000        12.4500000000000        12.4500000000000     
   12.4500000000000        12.4500000000000        12.4500000000000     
   12.4500000000000        12.4500000000000        12.4500000000000     
   12.4500000000000        12.4500000000000        12.4500000000000     
   12.4500000000000        12.4500000000000        12.4500000000000     
   12.4500000000000        12.4500000000000        12.4500000000000     
   12.4500000000000        12.4500000000000        12.4500000000000     
   12.4500000000000        12.4500000000000        12.4500000000000     
   12.4500000000000        12.4500000000000        12.4500000000000     
   12.4500000000000        12.4500000000000        12.4500000000000     
   12.4500000000000        12.4500000000000        12.4500000000000     
   12.4500000000000        12.4500000000000        12.4500000000000     
   12.4500000000000        12.4500000000000        12.4500000000000     
   12.4500000000000        12.4500000000000        12.4500000000000     
   12.4500000000000        12.4500000000000        12.4500000000000     
   12.4500000000000        12.4500000000000        12.4500000000000     
   12.4500000000000        12.4500000000000        12.4500000000000     
   12.4500000000000        12.4500000000000        12.4500000000000     
   12.4500000000000        12.4500000000000        12.4500000000000     
   12.4500000000000        12.4500000000000        12.4500000000000     
   12.4500000000000        12.4500000000000        12.4500000000000     
   12.4500000000000        12.4500000000000        12.4500000000000     
   12.4500000000000        12.4500000000000        12.4500000000000     
   12.4500000000000        12.4500000000000        12.4500000000000     
   12.4500000000000        12.4500000000000        12.4500000000000     
   12.4500000000000        12.4500000000000        12.4500000000000     
   12.4500000000000        12.4500000000000        12.4500000000000     
   12.4500000000000        12.4500000000000        12.4500000000000     
   12.4500000000000        12.4500000000000        12.4500000000000     
   12.4500000000000        12.4500000000000        12.4500000000000     
   12.4500000000000        12.4500000000000        12.4500000000000     
   12.4500000000000        12.4500000000000        12.4500000000000     
   12.4500000000000        12.4500000000000        12.4500000000000     
   12.4500000000000        12.4500000000000        12.4500000000000     
   12.4500000000000        12.4500000000000        12.4500000000000     
   12.4500000000000        12.4500000000000        12.4500000000000     
   12.4500000000000        12.4500000000000        12.4500000000000     
   12.4500000000000        12.4500000000000        12.4500000000000     
   12.4500000000000        12.4500000000000        12.4500000000000     
   12.4500000000000        12.4500000000000        12.4500000000000     
   12.4500000000000        12.4500000000000        12.4500000000000     
   12.4500000000000        12.4500000000000        12.4500000000000     
   12.4500000000000        12.4500000000000        12.4500000000000     
   12.4500000000000        12.4500000000000        12.4500000000000     
   12.4500000000000        12.4500000000000        12.4500000000000     
   12.4500000000000        12.4500000000000        12.4500000000000     
   12.4500000000000        12.4500000000000        12.4500000000000     
   12.4500000000000        12.4500000000000        12.4500000000000     
   12.4500000000000        12.4500000000000        12.4500000000000     
   12.4500000000000        12.4500000000000        12.4500000000000     
   12.4500000000000        12.4500000000000        12.4500000000000     
   12.4500000000000        12.4500000000000        12.4500000000000     
   12.4500000000000        12.4500000000000        12.4500000000000     
   12.4500000000000        12.4500000000000        12.4500000000000     
   12.4500000000000        12.4500000000000        12.4500000000000     
   12.4500000000000        12.4500000000000        12.4500000000000     
   12.4500000000000        12.4500000000000        12.4500000000000     
   12.4500000000000        12.4500000000000        12.4500000000000     
   12.4500000000000        12.4500000000000        12.4500000000000     
   12.4500000000000        12.4500000000000        12.4500000000000     
   12.4500000000000        12.4500000000000        12.4500000000000     
   12.4500000000000        12.4500000000000        12.4500000000000     
   12.4500000000000        12.4500000000000        12.4500000000000     
   12.4500000000000        12.4500000000000        12.4500000000000     
   12.4500000000000        12.4500000000000        12.4500000000000     
   12.4500000000000        12.4500000000000        12.4500000000000     
   12.4500000000000        12.4500000000000        12.4500000000000     
   12.4500000000000        12.4500000000000        12.4500000000000     
   12.4500000000000        12.4500000000000        12.4500000000000     
   12.4500000000000        12.4500000000000        12.4500000000000     
   12.4500000000000        12.4500000000000        12.4500000000000     
   12.4500000000000        12.4500000000000        12.4500000000000     
   12.4500000000000        12.4500000000000        12.4500000000000     
   12.4500000000000        12.4500000000000        12.4500000000000     
   12.4500000000000        12.4500000000000        12.4500000000000     
   12.4500000000000        12.4500000000000        12.4500000000000     
   12.4500000000000        12.4500000000000        12.4500000000000     
   12.4500000000000        12.4500000000000        12.4500000000000     
   12.4500000000000        12.4500000000000        12.4500000000000     
   12.4500000000000        12.4500000000000        12.4500000000000     
   12.4500000000000        12.4500000000000        12.4500000000000     
   12.4500000000000        12.4500000000000        12.4500000000000     
   12.4500000000000        12.4500000000000        12.4500000000000     
   12.4500000000000        12.4500000000000        12.4500000000000     
   12.4500000000000        12.4500000000000        12.4500000000000     
   12.4500000000000        12.4500000000000        12.4500000000000     
   12.4500000000000        12.4500000000000        12.4500000000000     
   12.4500000000000        12.4500000000000        12.4500000000000     
   12.4500000000000        12.4500000000000        12.4500000000000     
   12.4500000000000        12.4500000000000        12.4500000000000     
   12.4500000000000        12.4500000000000        12.4500000000000     
   12.4500000000000        12.4500000000000        12.4500000000000     
   12.4500000000000        12.4500000000000        12.4500000000000     
   12.4500000000000     
   12.4500000000000        12.4500000000000        12.4500000000000     
   12.4500000000000        12.4500000000000        12.4500000000000     
   12.4500000000000        12.4500000000000        12.4500000000000     
   12.4500000000000     
   12.4500000000000        12.4500000000000        12.4500000000000     
   12.4500000000000     
   12.4500000000000        12.4500000000000        12.4500000000000     
   12.4500000000000        12.4500000000000        12.4500000000000     
   12.4500000000000        12.4500000000000        12.4500000000000     
   12.4500000000000        12.4500000000000        12.4500000000000     
   12.4500000000000        12.4500000000000        12.4500000000000     
   12.4500000000000        12.4500000000000        12.4500000000000     
   12.4500000000000        12.4500000000000        12.4500000000000     
   12.4500000000000        12.4500000000000        12.4500000000000     
   12.4500000000000        12.4500000000000        12.4500000000000     
   12.4500000000000        12.4500000000000        12.4500000000000     
   12.4500000000000        12.4500000000000        12.4500000000000     
   12.4500000000000        12.4500000000000        12.4500000000000     
   12.4500000000000        12.4500000000000        12.4500000000000     
   12.4500000000000        12.4500000000000        12.4500000000000     
   12.4500000000000        12.4500000000000        12.4500000000000     
   12.4500000000000        12.4500000000000        12.4500000000000     
   12.4500000000000        12.4500000000000        12.4500000000000     
   12.4500000000000        12.4500000000000        12.4500000000000     
   12.4500000000000        12.4500000000000        12.4500000000000     
   12.4500000000000        12.4500000000000        12.4500000000000     
   12.4500000000000        12.4500000000000        12.4500000000000     
   12.4500000000000        12.4500000000000        12.4500000000000     
   12.4500000000000        12.4500000000000        12.4500000000000     
   12.4500000000000        12.4500000000000        12.4500000000000     
   12.4500000000000        12.4500000000000        12.4500000000000     
   12.4500000000000        12.4500000000000        12.4500000000000     
   12.4500000000000        12.4500000000000        12.4500000000000     
   12.4500000000000        12.4500000000000        12.4500000000000     
   12.4500000000000        12.4500000000000        12.4500000000000     
   12.4500000000000        12.4500000000000        12.4500000000000     
   12.4500000000000        12.4500000000000        12.4500000000000     
   12.4500000000000        12.4500000000000        12.4500000000000     
   12.4500000000000        12.4500000000000        12.4500000000000     
   12.4500000000000     
   23.6700000000000        23.6700000000000        23.6700000000000     
   23.6700000000000        23.6700000000000        23.6700000000000     
   23.6700000000000        23.6700000000000        23.6700000000000     
   23.6700000000000        23.6700000000000        23.6700000000000     
   23.6700000000000        23.6700000000000        23.6700000000000     
   23.6700000000000        23.6700000000000        23.6700000000000     
   23.6700000000000        23.6700000000000        23.6700000000000     
   23.6700000000000        23.6700000000000        23.6700000000000     
   23.6700000000000        23.6700000000000        23.6700000000000     
   23.6700000000000        23.6700000000000        23.6700000000000     
   23.6700000000000        23.6700000000000        23.6700000000000     
   23.6700000000000        23.6700000000000        23.6700000000000     
   23.6700000000000        23.6700000000000        23.6700000000000     
   23.6700000000000        23.6700000000000        23.6700000000000     
   23.6700000000000        23.6700000000000        23.6700000000000     
   23.6700000000000        23.6700000000000        23.6700000000000     
   23.6700000000000        23.6700000000000        23.6700000000000     
   23.6700000000000        23.6700000000000        23.6700000000000     
   23.6700000000000        23.6700000000000        23.6700000000000     
   23.6700000000000        23.6700000000000        23.6700000000000     
   23.6700000000000        23.6700000000000        23.6700000000000     
   23.6700000000000        23.6700000000000        23.6700000000000     
   23.6700000000000        23.6700000000000        23.6   12.4500000000000        12.4500000000000        12.4500000000000     
   12.4500000000000        12.4500000000000        12.4500000000000     
   12.4500000000000        12.4500000000000        12.4500000000000     
   12.4500000000000        12.4500000000000        12.4500000000000     
   12.4500000000000        12.4500000000000        12.4500000000000     
   12.4500000000000        12.4500000000000        12.4500000000000     
   12.4500000000000        12.4500000000000        12.4500000000000     
   12.4500000000000        12.4500000000000        12.4500000000000     
   12.4500000000000        12.4500000000000        12.4500000000000     
   12.4500000000000        12.4500000000000        12.4500000000000     
   12.4500000000000        12.4500000000000        12.4500000000000     
   12.4500000000000        12.4500000000000        12.4500000000000     
   12.4500000000000     
   12.4500000000000        12.4500000000000        12.4500000000000     
   12.4500000000000        12.4500000000000        12.4500000000000     
   12.4500000000000        12.4500000000000        12.4500000000000     
   12.4500000000000        12.4500000000000        12.4500000000000     
   12.4500000000000        12.4500000000000        12.4500000000000     
   12.4500000000000        12.4500000000000        12.4500000000000     
   12.4500000000000        12.4500000000000        12.4500000000000     
   12.4500000000000        12.4500000000000        12.4500000000000     
   12.4500000000000        12.4500000000000        12.4500000000000     
   12.4500000000000        12.4500000000000        12.4500000000000     
   12.4500000000000        12.4500000000000        12.4500000000000     
   12.4500000000000        12.4500000000000        12.4500000000000     
   12.4500000000000        12.4500000000000        12.4500000000000     
   12.4500000000000        12.4500000000000        12.4500000000000     
   12.4500000000000        12.4500000000000        12.4500000000000     
   12.4500000000000        12.4500000000000        12.4500000000000     
   12.4500000000000        12.4500000000000        12.4500000000000     
   12.4500000000000        12.4500000000000        12.4500000000000     
   12.4500000000000        12.4500000000000        12.4500000000000     
   12.4500000000000        12.4500000000000        12.4500000000000     
   12.4500000000000        12.4500000000000        12.4500000000000     
   12.4500000000000        12.4500000000000        12.4500000000000     
   12.4500000000000        12.4500000000000        12.4500000000000     
   12.4500000000000        12.4500000000000        12.4500000000000     
   12.4500000000000        12.4500000000000        12.4500000000000     
   12.4500000000000        12.4500000000000        12.4500000000000     
   12.4500000000000        12.4500000000000        12.4500000000000     
   12.4500000000000        12.4500000000000        12.4500000000000     
   12.4500000000000        12.4500000000000        12.4500000000000     
   12.4500000000000        12.4500000000000        12.4500000000000     
   12.4500000000000        12.4500000000000        12.4500000000000     
   12.4500000000000        12.4500000000000        12.4500000000000     
   12.4500000000000        12.4500000000000        12.4500000000000     
   12.4500000000000     
   23.6700000000000        23.6700000000000        23.6700000000000     
   23.6700000000000        23.6700000000000        23.6700000000000     
   23.6700000000000        23.6700000000000        23.6700000000000     
   23.6700000000000        23.6700000000000        23.6700000000000     
   23.6700000000000        23.6700000000000        23.6700000000000     
   23.6700000000000        23.6700000000000        23.6700000000000     
   23.6700000000000        23.6700000000000        23.6700000000000     
   23.6700000000000        23.6700000000000        23.6700000000000     
   23.6700000000000        23.6700000000000        23.6700000000000     
   23.6700000000000        23.6700000000000        23.6700000000000     
   23.6700000000000        23.   12.4500000000000        12.4500000000000        12.4500000000000     
   12.4500000000000        12.4500000000000        12.4500000000000     
   12.4500000000000        12.4500000000000        12.4500000000000     
   12.4500000000000        12.4500000000000        12.4500000000000     
   12.4500000000000        12.4500000000000        12.4500000000000     
   12.4500000000000        12.4500000000000        12.4500000000000     
   12.4500000000000        12.4500000000000        12.4500000000000     
   12.4500000000000        12.4500000000000        12.4500000000000     
   12.4500000000000        12.4500000000000        12.4500000000000     
   12.4500000000000        12.4500000000000        12.4500000000000     
   12.4500000000000        12.4500000000000        12.4500000000000     
   12.4500000000000        12.4500000000000        12.4500000000000     
   12.4500000000000        12.4500000000000        12.4500000000000     
   12.4500000000000        12.4500000000000        12.4500000000000     
   12.4500000000000        12.4500000000000        12.4500000000000     
   12.4500000000000        12.4500000000000        12.4500000000000     
   12.4500000000000        12.4500000000000        12.4500000000000     
   12.4500000000000        12.4500000000000        12.4500000000000     
   12.4500000000000        12.4500000000000        12.4500000000000     
   12.4500000000000        12.4500000000000        12.4500000000000     
   12.4500000000000        12.4500000000000        12.4500000000000     
   12.4500000000000        12.4500000000000        12.4500000000000     
   12.4500000000000        12.4500000000000        12.4500000000000     
   12.4500000000000        12.4500000000000        12.4500000000000     
   12.4500000000000        12.4500000000000        12.4500000000000     
   12.4500000000000        12.4500000000000        12.4500000000000     
   12.4500000000000        12.4500000000000        12.4500000000000     
   12.4500000000000        12.4500000000000        12.4500000000000     
   12.4500000000000        12.4500000000000        12.4500000000000     
   12.4500000000000        12.4500000000000        12.4500000000000     
   12.4500000000000        12.4500000000000        12.4500000000000     
   12.4500000000000        12.4500000000000        12.4500000000000     
   12.4500000000000        12.4500000000000        12.4500000000000     
   12.4500000000000     
   23.6700000000000        23.6700000000000        23.6700000000000     
   23.6700000000000        23.6700000000000        23.6700000000000     
   23.6700000000000        23.6700000000000        23.6700000000000     
   23.6700000000000        23.6700000000000        23.6700000000000     
   23.6700000000000        23.6700000000000        23.6700000000000     
   23.6700000000000        23.6700000000000        23.6700000000000     
   23.6700000000000        23.6700000000000        23.6700000000000     
   23.6700000000000        23.6700000000000        23.6700000000000     
   23.6700000000000        23.6700000000000        23.6700000000000     
   23.6700000000000        23.6700000000000        23.6700000000000     
   23.6700000000000        23.6700000000000        23.6700000000000     
   23.6700000000000        23.6700000000000        23.6700000000000     
   23.6700000000000        23.6700000000000        23.6700000000000     
   23.6700000000000        23.6700000000000        23.6700000000000     
   23.6700000000000        23.6700000000000        23.6700000000000     
   23.6700000000000        23.6700000000000        23.6700000000000     
   23.6700000000000        23.6700000000000        23.6700000000000     
   23.6700000000000        23.6700000000000        23.6700000000000     
   23.6700000000000        23.6700000000000        23.6700000000000     
   23.6700000000000        23.6700000000000        23.6700000000000     
   23.6700000000000        23.6700000000000        23.6700000000000     
   23.6700000000000        23.6700000000000        23.6700000000000     
   23.6700000000000        23.6700000000000        23.6   12.4500000000000        12.4500000000000        12.4500000000000     
   12.4500000000000        12.4500000000000        12.4500000000000     
   12.4500000000000        12.4500000000000        12.4500000000000     
   12.4500000000000        12.4500000000000        12.4500000000000     
   12.4500000000000        12.4500000000000        12.4500000000000     
   12.4500000000000        12.4500000000000        12.4500000000000     
   12.4500000000000        12.4500000000000        12.4500000000000     
   12.4500000000000        12.4500000000000        12.4500000000000     
   12.4500000000000        12.4500000000000        12.4500000000000     
   12.4500000000000        12.4500000000000        12.4500000000000     
   12.4500000000000        12.4500000000000        12.4500000000000     
   12.4500000000000        12.4500000000000        12.4500000000000     
   12.4500000000000        12.4500000000000        12.4500000000000     
   12.4500000000000        12.4500000000000        12.4500000000000     
   12.4500000000000        12.4500000000000        12.4500000000000     
   12.4500000000000        12.4500000000000        12.4500000000000     
   12.4500000000000        12.4500000000000        12.4500000000000     
   12.4500000000000        12.4500000000000        12.4500000000000     
   12.4500000000000        12.4500000000000        12.4500000000000     
   12.4500000000000        12.4500000000000        12.4500000000000     
   12.4500000000000        12.4500000000000        12.4500000000000     
   12.4500000000000        12.4500000000000        12.4500000000000     
   12.4500000000000        12.4500000000000        12.4500000000000     
   12.4500000000000        12.4500000000000        12.4500000000000     
   12.4500000000000        12.4500000000000        12.4500000000000     
   12.4500000000000        12.4500000000000        12.4500000000000     
   12.4500000000000        12.4500000000000        12.4500000000000     
   12.4500000000000        12.4500000000000        12.4500000000000     
   12.4500000000000        12.4500000000000        12.4500000000000     
   12.4500000000000        12.4500000000000        12.4500000000000     
   12.4500000000000        12.4500000000000        12.4500000000000     
   12.4500000000000        12.4500000000000        12.4500000000000     
   12.4500000000000        12.4500000000000        12.4500000000000     
   12.4500000000000     
   23.6700000000000        23.6700000000000        23.6700000000000     
   23.6700000000000        23.6700000000000        23.6700000000000     
   23.6700000000000        23.6700000000000        23.6700000000000     
   23.6700000000000        23.6700000000000        23.6700000000000     
   23.6700000000000        23.6700000000000        23.6700000000000     
   23.6700000000000        23.6700000000000        23.6700000000000     
   23.6700000000000        23.6700000000000        23.6700000000000     
   23.6700000000000        23.6700000000000        23.6700000000000     
   23.6700000000000        23.6700000000000        23.6700000000000     
   23.6700000000000        23.6700000000000        23.6700000000000     
   23.6700000000000        23.6700000000000        23.6700000000000     
   23.6700000000000        23.6700000000000        23.6700000000000     
   23.6700000000000        23.6700000000000        23.6700000000000     
   23.6700000000000        23.6700000000000        23.6700000000000     
   23.6700000000000        23.6700000000000        23.6700000000000     
   23.6700000000000        23.6700000000000        23.6700000000000     
   23.6700000000000        23.6700000000000        23.6700000000000     
   23.6700000000000        23.6700000000000        23.6700000000000     
   23.6700000000000        23.6700000000000        23.6700000000000     
   23.6700000000000        23.6700000000000        23.6700000000000     
   23.6700000000000        23.6700000000000        23.6700000000000     
   23.6700000000000        23.6700000000000        23.6700000000000     
   23.6700000000000        23.6700000000000        23.6700000000000     
   23.6700000000000        23.6700000000000        23.6700000000000     
   23.6700000000000        23.6700000000000        23.6700000000000     
   23.6700000000000        23.6700000000000        23.6700000000000     
   23.6700000000000        23.6700000000000        23.6700000000000     
   23.6700000000000        23.6700000000000        23.6700000000000     
   23.6700000000000        23.6700000000000        23.6700000000000     
   23.6700000000000        23.6700000000000        23.6700000000000     
   23.6700000000000        23.6700000000000        23.6700000000000     
   23.6700000000000        23.6700000000000        23.6700000000000     
   23.6700000000000        23.6700000000000        23.6700000000000     
   23.6700000000000     
   23.6700000000000        23.6700000000000        23.6700000000000     
   23.6700000000000        23.6700000000000        23.6700000000000     
   23.6700000000000        23.6700000000000        23.6700000000000     
   23.6700000000000        23.6700000000000        23.6700000000000     
   23.6700000000000        23.6700000000000        23.6700000000000     
   23.6700000000000        23.6700000000000        23.6700000000000     
   23.6700000000000        23.6700000000000        23.6700000000000     
   23.6700000000000        23.6700000000000        23.6700000000000     
   23.6700000000000        23.6700000000000        23.6700000000000     
   23.6700000000000        23.6700000000000        23.6700000000000     
   23.6700000000000        23.6700000000000        23.6700000000000     
   23.6700000000000        23.6700000000000        23.6700000000000     
   23.6700000000000        23.6700000000000        23.6700000000000     
   23.6700000000000        23.6700000000000        23.6700000000000     
   23.6700000000000        23.6700000000000        23.6700000000000     
   23.6700000000000        23.6700000000000        23.6700000000000     
   23.6700000000000        23.6700000000000        23.6700000000000     
   23.6700000000000        23.6700000000000        23.6700000000000     
   23.6700000000000        23.6700000000000        23.6700000000000     
   23.6700000000000        23.6700000000000        23.6700000000000     
   23.6700000000000        23.6700000000000        23.6700000000000     
   23.6700000000000        23.6700000000000        23.6700000000000     
   23.6700000000000        23.6700000000000        23.6700000000000     
   23.6700000000000        23.6700000000000        23.6700000000000     
   23.6700000000000        23.6700000000000        23.6700000000000     
   23.6700000000000        23.6700000000000        23.6700000000000     
   23.6700000000000        23.6700000000000        23.6700000000000     
   23.6700000000000        23.6700000000000        23.6700000000000     
   23.6700000000000        23.6700000000000        23.6700000000000     
   23.6700000000000        23.6700000000000        23.6700000000000     
   23.6700000000000        23.6700000000000        23.6700000000000     
   23.6700000000000        23.6700000000000        23.6700000000000     
   23.6700000000000        23.6700000000000        23.6700000000000     
   23.6700000000000     
   56.8100000000000        56.8100000000000        56.8100000000000     
   56.8100000000000        56.8100000000000        56.8100000000000     
   56.8100000000000        56.8100000000000        56.8100000000000     
   56.8100000000000        56.8100000000000        56.8100000000000     
   56.8100000000000        56.8100000000000        56.8100000000000     
   56.8100000000000        56.8100000000000        56.8100000000000     
   56.8100000000000        56.8100000000000        56.8100000000000     
   56.8100000000000        56.8100000000000        56.8100000000000     
   56.8100000000000        56.8100000000000        56.8100000000000     
   56.8100000000000        56.8100000000000        56.8100000000000     
   56.8100000000000        56.8100000000000        56.8100000000000     
   56.8100000000000        56.8100000000000        56.8100000000000     
   56.810000700000000000     
   23.6700000000000        23.6700000000000        23.6700000000000     
   23.6700000000000        23.6700000000000        23.6700000000000     
   23.6700000000000        23.6700000000000        23.6700000000000     
   23.6700000000000        23.6700000000000        23.6700000000000     
   23.6700000000000        23.6700000000000        23.6700000000000     
   23.6700000000000        23.6700000000000        23.6700000000000     
   23.6700000000000        23.6700000000000        23.6700000000000     
   23.6700000000000        23.6700000000000        23.6700000000000     
   23.6700000000000        23.6700000000000        23.6700000000000     
   23.6700000000000        23.6700000000000        23.6700000000000     
   23.6700000000000     
   23.6700000000000        23.6700000000000        23.6700000000000     
   23.6700000000000        23.6700000000000        23.6700000000000     
   23.6700000000000        23.6700000000000        23.6700000000000     
   23.6700000000000        23.6700000000000        23.6700000000000     
   23.6700000000000        23.6700000000000        23.6700000000000     
   23.6700000000000        23.6700000000000        23.6700000000000     
   23.6700000000000        23.6700000000000        23.6700000000000     
   23.6700000000000        23.6700000000000        23.6700000000000     
   23.6700000000000        23.6700000000000        23.6700000000000     
   23.6700000000000        23.6700000000000        23.6700000000000     
   23.6700000000000        23.6700000000000        23.6700000000000     
   23.6700000000000        23.6700000000000        23.6700000000000     
   23.6700000000000        23.6700000000000        23.6700000000000     
   23.6700000000000        23.6700000000000        23.6700000000000     
   23.6700000000000        23.6700000000000        23.6700000000000     
   23.6700000000000        23.6700000000000        23.6700000000000     
   23.6700000000000        23.6700000000000        23.6700000000000     
   23.6700000000000        23.6700000000000        23.6700000000000     
   23.6700000000000        23.6700000000000        23.6700000000000     
   23.6700000000000        23.6700000000000        23.6700000000000     
   23.6700000000000        23.6700000000000        23.6700000000000     
   23.6700000000000        23.6700000000000        23.6700000000000     
   23.6700000000000        23.6700000000000        23.6700000000000     
   23.6700000000000        23.6700000000000        23.6700000000000     
   23.6700000000000        23.6700000000000        23.6700000000000     
   23.6700000000000        23.6700000000000        23.6700000000000     
   23.6700000000000        23.6700000000000        23.6700000000000     
   23.6700000000000        23.6700000000000        23.6700000000000     
   23.6700000000000        23.6700000000000        23.6700000000000     
   23.6700000000000        23.6700000000000        23.6700000000000     
   23.6700000000000        23.6700000000000        23.6700000000000     
   23.6700000000000        23.6700000000000        23.6700000000000     
   23.6700000000000        23.6700000000000        23.6700000000000     
   23.6700000000000     
   56.8100000000000        56.8100000000000        56.8100000000000     
   56.8100000000000        56.8100000000000        56.8100000000000     
   56.8100000000000        56.8100000000000        56.8100000000000     
   56.8100000000000        56.8100000000000        56.8100000000000     
   56.8100000000000        56.8100000000000        56.8100000000000     
   56.8100000000000        56.8100000000000        56.8100000000000     
   56.8100000000000        56.8100000000000        56.8100000000000     
   56.8100000000000        56.8100000000000        56.8100000000000     
   56.8100000000000        56.8100000000000        56.8100000000000     
   56.8100000000000        56.8100000000000        56.8100000000000     
   56.8100000000000        56.8100000000000        56.8100000000000     
   56.8100000000000        56.8100000000000        56.8100000000000     
   56.8100006700000000000        23.6700000000000     
   23.6700000000000        23.6700000000000        23.6700000000000     
   23.6700000000000        23.6700000000000        23.6700000000000     
   23.6700000000000        23.6700000000000        23.6700000000000     
   23.6700000000000        23.6700000000000        23.6700000000000     
   23.6700000000000        23.6700000000000        23.6700000000000     
   23.6700000000000        23.6700000000000        23.6700000000000     
   23.6700000000000        23.6700000000000        23.6700000000000     
   23.6700000000000        23.6700000000000        23.6700000000000     
   23.6700000000000        23.6700000000000        23.6700000000000     
   23.6700000000000        23.6700000000000        23.6700000000000     
   23.6700000000000        23.6700000000000        23.6700000000000     
   23.6700000000000        23.6700000000000        23.6700000000000     
   23.6700000000000        23.6700000000000        23.6700000000000     
   23.6700000000000        23.6700000000000        23.6700000000000     
   23.6700000000000        23.6700000000000        23.6700000000000     
   23.6700000000000        23.6700000000000        23.6700000000000     
   23.6700000000000        23.6700000000000        23.6700000000000     
   23.6700000000000        23.6700000000000        23.6700000000000     
   23.6700000000000        23.6700000000000        23.6700000000000     
   23.6700000000000        23.6700000000000        23.6700000000000     
   23.6700000000000        23.6700000000000        23.6700000000000     
   23.6700000000000        23.6700000000000        23.6700000000000     
   23.6700000000000     
   23.6700000000000        23.6700000000000        23.6700000000000     
   23.6700000000000        23.6700000000000        23.6700000000000     
   23.6700000000000        23.6700000000000        23.6700000000000     
   23.6700000000000        23.6700000000000        23.6700000000000     
   23.6700000000000        23.6700000000000        23.6700000000000     
   23.6700000000000        23.6700000000000        23.6700000000000     
   23.6700000000000        23.6700000000000        23.6700000000000     
   23.6700000000000        23.6700000000000        23.6700000000000     
   23.6700000000000        23.6700000000000        23.6700000000000     
   23.6700000000000        23.6700000000000        23.6700000000000     
   23.6700000000000        23.6700000000000        23.6700000000000     
   23.6700000000000        23.6700000000000        23.6700000000000     
   23.6700000000000        23.6700000000000        23.6700000000000     
   23.6700000000000        23.6700000000000        23.6700000000000     
   23.6700000000000        23.6700000000000        23.6700000000000     
   23.6700000000000        23.6700000000000        23.6700000000000     
   23.6700000000000        23.6700000000000        23.6700000000000     
   23.6700000000000        23.6700000000000        23.6700000000000     
   23.6700000000000        23.6700000000000        23.6700000000000     
   23.6700000000000        23.6700000000000        23.6700000000000     
   23.6700000000000        23.6700000000000        23.6700000000000     
   23.6700000000000        23.6700000000000        23.6700000000000     
   23.6700000000000        23.6700000000000        23.6700000000000     
   23.6700000000000        23.6700000000000        23.6700000000000     
   23.6700000000000        23.6700000000000        23.6700000000000     
   23.6700000000000        23.6700000000000        23.6700000000000     
   23.6700000000000        23.6700000000000        23.6700000000000     
   23.6700000000000        23.6700000000000        23.6700000000000     
   23.6700000000000        23.6700000000000        23.6700000000000     
   23.6700000000000        23.6700000000000        23.6700000000000     
   23.6700000000000        23.6700000000000        23.6700000000000     
   23.6700000000000        23.6700000000000        23.6700000000000     
   23.6700000000000        23.6700000000000        23.6700000000000     
   23.670000700000000000     
   23.6700000000000        23.6700000000000        23.6700000000000     
   23.6700000000000        23.6700000000000        23.6700000000000     
   23.6700000000000        23.6700000000000        23.6700000000000     
   23.6700000000000        23.6700000000000        23.6700000000000     
   23.6700000000000        23.6700000000000        23.6700000000000     
   23.6700000000000        23.6700000000000        23.6700000000000     
   23.6700000000000        23.6700000000000        23.6700000000000     
   23.6700000000000        23.6700000000000        23.6700000000000     
   23.6700000000000        23.6700000000000        23.6700000000000     
   23.6700000000000        23.6700000000000        23.6700000000000     
   23.6700000000000     
   23.6700000000000        23.6700000000000        23.6700000000000     
   23.6700000000000        23.6700000000000        23.6700000000000     
   23.6700000000000        23.6700000000000        23.6700000000000     
   23.6700000000000        23.6700000000000        23.6700000000000     
   23.6700000000000        23.6700000000000        23.6700000000000     
   23.6700000000000        23.6700000000000        23.6700000000000     
   23.6700000000000        23.6700000000000        23.6700000000000     
   23.6700000000000        23.6700000000000        23.6700000000000     
   23.6700000000000        23.6700000000000        23.6700000000000     
   23.6700000000000        23.6700000000000        23.6700000000000     
   23.6700000000000        23.6700000000000        23.6700000000000     
   23.6700000000000        23.6700000000000        23.6700000000000     
   23.6700000000000        23.6700000000000        23.6700000000000     
   23.6700000000000        23.6700000000000        23.6700000000000     
   23.6700000000000        23.6700000000000        23.6700000000000     
   23.6700000000000        23.6700000000000        23.6700000000000     
   23.6700000000000        23.6700000000000        23.6700000000000     
   23.6700000000000        23.6700000000000        23.6700000000000     
   23.6700000000000        23.6700000000000        23.6700000000000     
   23.6700000000000        23.6700000000000        23.6700000000000     
   23.6700000000000        23.6700000000000        23.6700000000000     
   23.6700000000000        23.6700000000000        23.6700000000000     
   23.6700000000000        23.6700000000000        23.6700000000000     
   23.6700000000000        23.6700000000000        23.6700000000000     
   23.6700000000000        23.6700000000000        23.6700000000000     
   23.6700000000000        23.6700000000000        23.6700000000000     
   23.6700000000000        23.6700000000000        23.6700000000000     
   23.6700000000000        23.6700000000000        23.6700000000000     
   23.6700000000000        23.6700000000000        23.6700000000000     
   23.6700000000000        23.6700000000000        23.6700000000000     
   23.6700000000000        23.6700000000000        23.6700000000000     
   23.6700000000000        23.6700000000000        23.6700000000000     
   23.6700000000000        23.6700000000000        23.6700000000000     
   23.6700000000000     
   56.8100000000000        56.8100000000000        56.8100000000000     
   56.8100000000000        56.8100000000000        56.8100000000000     
   56.8100000000000        56.8100000000000        56.8100000000000     
   56.8100000000000        56.8100000000000        56.8100000000000     
   56.8100000000000        56.8100000000000        56.8100000000000     
   56.8100000000000        56.8100000000000        56.8100000000000     
   56.8100000000000        56.8100000000000        56.8100000000000     
   56.8100000000000        56.8100000000000        56.8100000000000     
   56.8100000000000        56.8100000000000        56.8100000000000     
   56.8100000000000        56.8100000000000        56.8100000000000     
   56.8100000000000        56.8100000000000        56.8100000000000     
   56.8100000000000        56.8100000000000        56.8100000000000     
   56.8100000000000     
   56.8100000000000        56.8100000000000        56.8100000000000     
   56.8100000000000        56.8100000000000        56.8100000000000     
   56.8100000000000        56.8100000000000        56.8100000000000     
   56.8100000000000        56.8100000000000        56.8100000000000     
   56.8100000000000        56.8100000000000        56.8100000000000     
   56.8100000000000        56.8100000000000        56.8100000000000     
   56.8100000000000        56.8100000000000        56.8100000000000     
   56.8100000000000        56.8100000000000        56.8100000000000     
   56.8100000000000        56.8100000000000        56.8100000000000     
   56.8100000000000        56.8100000000000        56.8100000000000     
   56.8100000000000        56.8100000000000        56.8100000000000     
   56.8100000000000        56.8100000000000        56.8100000000000     
   56.8100000000000        56.8100000000000        56.8100000000000     
   56.8100000000000        56.8100000000000        56.8100000000000     
   56.8100000000000        56.8100000000000        56.8100000000000     
   56.8100000000000        56.8100000000000        56.8100000000000     
   56.8100000000000        56.8100000000000        56.8100000000000     
   56.8100000000000        56.8100000000000        56.8100000000000     
   56.8100000000000        56.8100000000000        56.8100000000000     
   56.8100000000000        56.8100000000000        56.8100000000000     
   56.8100000000000        56.8100000000000        56.8100000000000     
   56.8100000000000        56.8100000000000        56.8100000000000     
   56.8100000000000        56.8100000000000        56.8100000000000     
   56.8100000000000        56.8100000000000        56.8100000000000     
   56.8100000000000        56.8100000000000        56.8100000000000     
   56.8100000000000        56.8100000000000        56.8100000000000     
   56.8100000000000        56.8100000000000        56.8100000000000     
   56.8100000000000        56.8100000000000        56.8100000000000     
   56.8100000000000        56.8100000000000        56.8100000000000     
   56.8100000000000        56.8100000000000        56.8100000000000     
   56.8100000000000        56.8100000000000        56.8100000000000     
   56.8100000000000        56.8100000000000        56.8100000000000     
   56.8100000000000        56.8100000000000        56.8100000000000     
   56.8100000000000     
   56.8100000000000        56.8100000000000        56.8100000000000     
   56.8100000000000        56.8100000000000        56.8100000000000     
   56.8100000000000        56.8100000000000        56.8100000000000     
   56.8100000000000        56.8100000000000        56.8100000000000     
   56.8100000000000        56.8100000000000        56.8100000000000     
   56.8100000000000        56.8100000000000        56.8100000000000     
   56.8100000000000        56.8100000000000        56.8100000000000     
   56.8100000000000        56.8100000000000        56.8100000000000     
   56.8100000000000        56.8100000000000        56.8100000000000     
   56.8100000000000        56.8100000000000        56.8100000000000     
   56.8100000000000        56.8100000000000        56.8100000000000     
   56.8100000000000        56.8100000000000        56.8100000000000     
   56.8100000000000        56.8100000000000        56.8100000000000     
   56.8100000000000        56.8100000000000        56.8100000000000     
   56.8100000000000        56.8100000000000        56.8100000000000     
   56.8100000000000        56.8100000000000        56.8100000000000     
   56.8100000000000        56.8100000000000        56.8100000000000     
   56.8100000000000        56.8100000000000        56.8100000000000     
   56.8100000000000        56.8100000000000        56.8100000000000     
   56.8100000000000        56.8100000000000        56.8100000000000     
   56.8100000000000        56.8100000000000        56.8100000000000     
   56.8100000000000        56.8100000000000        56.8100000000000     
   56.8100000000000        56.8100000000000000000        56.8100000000000        56.8100000000000     
   56.8100000000000        56.8100000000000        56.8100000000000     
   56.8100000000000        56.8100000000000        56.8100000000000     
   56.8100000000000        56.8100000000000        56.8100000000000     
   56.8100000000000        56.8100000000000        56.8100000000000     
   56.8100000000000        56.8100000000000        56.8100000000000     
   56.8100000000000        56.8100000000000        56.8100000000000     
   56.8100000000000        56.8100000000000        56.8100000000000     
   56.8100000000000        56.8100000000000        56.8100000000000     
   56.8100000000000        56.8100000000000        56.8100000000000     
   56.8100000000000        56.8100000000000        56.8100000000000     
   56.8100000000000        56.8100000000000        56.8100000000000     
   56.8100000000000        56.8100000000000        56.8100000000000     
   56.8100000000000        56.8100000000000        56.8100000000000     
   56.8100000000000        56.8100000000000        56.8100000000000     
   56.8100000000000        56.8100000000000        56.8100000000000     
   56.8100000000000        56.8100000000000        56.8100000000000     
   56.8100000000000        56.8100000000000        56.8100000000000     
   56.8100000000000        56.8100000000000        56.8100000000000     
   56.8100000000000        56.8100000000000        56.8100000000000     
   56.8100000000000        56.8100000000000        56.8100000000000     
   56.8100000000000     
   56.8100000000000        56.8100000000000        56.8100000000000     
   56.8100000000000        56.8100000000000        56.8100000000000     
   56.8100000000000        56.8100000000000        56.8100000000000     
   56.8100000000000        56.8100000000000        56.8100000000000     
   56.8100000000000        56.8100000000000        56.8100000000000     
   56.8100000000000        56.8100000000000        56.8100000000000     
   56.8100000000000        56.8100000000000        56.8100000000000     
   56.8100000000000        56.8100000000000        56.8100000000000     
   56.8100000000000        56.8100000000000        56.8100000000000     
   56.8100000000000        56.8100000000000        56.8100000000000     
   56.8100000000000        56.8100000000000        56.8100000000000     
   56.8100000000000        56.8100000000000        56.8100000000000     
   56.8100000000000        56.8100000000000        56.8100000000000     
   56.8100000000000        56.8100000000000        56.8100000000000     
   56.8100000000000        56.8100000000000        56.8100000000000     
   56.8100000000000        56.8100000000000        56.8100000000000     
   56.8100000000000        56.8100000000000        56.8100000000000     
   56.8100000000000        56.8100000000000        56.8100000000000     
   56.8100000000000        56.8100000000000        56.8100000000000     
   56.8100000000000        56.8100000000000        56.8100000000000     
   56.8100000000000        56.8100000000000        56.8100000000000     
   56.8100000000000        56.8100000000000        56.8100000000000     
   56.8100000000000        56.8100000000000        56.8100000000000     
   56.8100000000000        56.8100000000000        56.8100000000000     
   56.8100000000000        56.8100000000000        56.8100000000000     
   56.8100000000000        56.8100000000000        56.8100000000000     
   56.8100000000000        56.8100000000000        56.8100000000000     
   56.8100000000000        56.8100000000000        56.8100000000000     
   56.8100000000000        56.8100000000000        56.8100000000000     
   56.8100000000000        56.8100000000000        56.8100000000000     
   56.8100000000000        56.8100000000000        56.8100000000000     
   56.8100000000000        56.8100000000000        56.8100000000000     
   56.8100000000000        56.8100000000000        56.8100000000000     
   56.8100000000000     
  PASS  Example ESMF_ArrayFarrayEx, ESMF_ArrayFarrayEx.F90, line 287
0000000        56.8100000000000        56.8100000000000     
   56.8100000000000        56.8100000000000        56.8100000000000     
   56.8100000000000        56.8100000000000        56.8100000000000     
   56.8100000000000        56.8100000000000        56.8100000000000     
   56.8100000000000        56.8100000000000        56.8100000000000     
   56.8100000000000        56.8100000000000        56.8100000000000     
   56.8100000000000        56.8100000000000        56.8100000000000     
   56.8100000000000        56.8100000000000        56.8100000000000     
   56.8100000000000        56.8100000000000        56.8100000000000     
   56.8100000000000        56.8100000000000        56.8100000000000     
   56.8100000000000        56.8100000000000        56.8100000000000     
   56.8100000000000        56.8100000000000        56.8100000000000     
   56.8100000000000        56.8100000000000        56.8100000000000     
   56.8100000000000        56.8100000000000        56.8100000000000     
   56.8100000000000        56.8100000000000        56.8100000000000     
   56.8100000000000        56.8100000000000        56.8100000000000     
   56.8100000000000        56.8100000000000        56.8100000000000     
   56.8100000000000        56.8100000000000        56.8100000000000     
   56.8100000000000        56.8100000000000        56.8100000000000     
   56.8100000000000        56.8100000000000        56.8100000000000     
   56.8100000000000        56.8100000000000        56.8100000000000     
   56.8100000000000     
   56.8100000000000        56.8100000000000        56.8100000000000     
   56.8100000000000        56.8100000000000        56.8100000000000     
   56.8100000000000        56.8100000000000        56.8100000000000     
   56.8100000000000        56.8100000000000        56.8100000000000     
   56.8100000000000        56.8100000000000        56.8100000000000     
   56.8100000000000        56.8100000000000        56.8100000000000     
   56.8100000000000        56.8100000000000        56.8100000000000     
   56.8100000000000        56.8100000000000        56.8100000000000     
   56.8100000000000        56.8100000000000        56.8100000000000     
   56.8100000000000        56.8100000000000        56.8100000000000     
   56.8100000000000        56.8100000000000        56.8100000000000     
   56.8100000000000        56.8100000000000        56.8100000000000     
   56.8100000000000        56.8100000000000        56.8100000000000     
   56.8100000000000        56.8100000000000        56.8100000000000     
   56.8100000000000        56.8100000000000        56.8100000000000     
   56.8100000000000        56.8100000000000        56.8100000000000     
   56.8100000000000        56.8100000000000        56.8100000000000     
   56.8100000000000        56.8100000000000        56.8100000000000     
   56.8100000000000        56.8100000000000        56.8100000000000     
   56.8100000000000        56.8100000000000        56.8100000000000     
   56.8100000000000        56.8100000000000        56.8100000000000     
   56.8100000000000        56.8100000000000        56.8100000000000     
   56.8100000000000        56.8100000000000        56.8100000000000     
   56.8100000000000        56.8100000000000        56.8100000000000     
   56.8100000000000        56.8100000000000        56.8100000000000     
   56.8100000000000        56.8100000000000        56.8100000000000     
   56.8100000000000        56.8100000000000        56.8100000000000     
   56.8100000000000        56.8100000000000        56.8100000000000     
   56.8100000000000        56.8100000000000        56.8100000000000     
   56.8100000000000        56.8100000000000        56.8100000000000     
   56.8100000000000        56.8100000000000        56.8100000000000     
   56.8100000000000        56.8100000000000        56.8100000000000     
   56.8100000000000        56.8100000000000        56.8100000000000     
   56.8100000000000     
  PASS  Example ESMF_ArrayFarrayEx, ESMF_ArrayFarrayEx.F90, line 287
0000000        56.8100000000000        56.8100000000000     
   56.8100000000000        56.8100000000000        56.8100000000000     
   56.8100000000000        56.8100000000000        56.8100000000000     
   56.8100000000000        56.8100000000000        56.8100000000000     
   56.8100000000000        56.8100000000000        56.8100000000000     
   56.8100000000000        56.8100000000000        56.8100000000000     
   56.8100000000000        56.8100000000000        56.8100000000000     
   56.8100000000000        56.8100000000000        56.8100000000000     
   56.8100000000000        56.8100000000000        56.8100000000000     
   56.8100000000000        56.8100000000000        56.8100000000000     
   56.8100000000000        56.8100000000000        56.8100000000000     
   56.8100000000000        56.8100000000000        56.8100000000000     
   56.8100000000000        56.8100000000000        56.8100000000000     
   56.8100000000000        56.8100000000000        56.8100000000000     
   56.8100000000000        56.8100000000000        56.8100000000000     
   56.8100000000000        56.8100000000000        56.8100000000000     
   56.8100000000000        56.8100000000000        56.8100000000000     
   56.8100000000000        56.8100000000000        56.8100000000000     
   56.8100000000000        56.8100000000000        56.8100000000000     
   56.8100000000000        56.8100000000000        56.8100000000000     
   56.8100000000000        56.8100000000000        56.8100000000000     
   56.8100000000000     
   56.8100000000000        56.8100000000000        56.8100000000000     
   56.8100000000000        56.8100000000000        56.8100000000000     
   56.8100000000000        56.8100000000000        56.8100000000000     
   56.8100000000000        56.8100000000000        56.8100000000000     
   56.8100000000000        56.8100000000000        56.8100000000000     
   56.8100000000000        56.8100000000000        56.8100000000000     
   56.8100000000000        56.8100000000000        56.8100000000000     
   56.8100000000000        56.8100000000000        56.8100000000000     
   56.8100000000000        56.8100000000000        56.8100000000000     
   56.8100000000000        56.8100000000000        56.8100000000000     
   56.8100000000000        56.8100000000000        56.8100000000000     
   56.8100000000000        56.8100000000000        56.8100000000000     
   56.8100000000000        56.8100000000000        56.8100000000000     
   56.8100000000000        56.8100000000000        56.8100000000000     
   56.8100000000000        56.8100000000000        56.8100000000000     
   56.8100000000000        56.8100000000000        56.8100000000000     
   56.8100000000000        56.8100000000000        56.8100000000000     
   56.8100000000000        56.8100000000000        56.8100000000000     
   56.8100000000000        56.8100000000000        56.8100000000000     
   56.8100000000000        56.8100000000000        56.8100000000000     
   56.8100000000000        56.8100000000000        56.8100000000000     
   56.8100000000000        56.8100000000000        56.8100000000000     
   56.8100000000000        56.8100000000000        56.8100000000000     
   56.8100000000000        56.8100000000000        56.8100000000000     
   56.8100000000000        56.8100000000000        56.8100000000000     
   56.8100000000000        56.8100000000000        56.8100000000000     
   56.8100000000000        56.8100000000000        56.8100000000000     
   56.8100000000000        56.8100000000000        56.8100000000000     
   56.8100000000000        56.8100000000000        56.8100000000000     
   56.8100000000000        56.8100000000000        56.8100000000000     
   56.8100000000000        56.8100000000000        56.8100000000000     
   56.8100000000000        56.8100000000000        56.8100000000000     
   56.8100000000000        56.8100000000000        56.8100000000000     
   56.8100000000000     
  PASS  Example ESMF_ArrayFarrayEx, ESMF_ArrayFarrayEx.F90, line 287
0        56.8100000000000     
   56.8100000000000        56.8100000000000        56.8100000000000     
   56.8100000000000        56.8100000000000        56.8100000000000     
   56.8100000000000        56.8100000000000        56.8100000000000     
   56.8100000000000        56.8100000000000        56.8100000000000     
   56.8100000000000        56.8100000000000        56.8100000000000     
   56.8100000000000        56.8100000000000        56.8100000000000     
   56.8100000000000        56.8100000000000        56.8100000000000     
   56.8100000000000        56.8100000000000        56.8100000000000     
   56.8100000000000        56.8100000000000        56.8100000000000     
   56.8100000000000        56.8100000000000        56.8100000000000     
   56.8100000000000     
  PASS  Example ESMF_ArrayFarrayEx, ESMF_ArrayFarrayEx.F90, line 287
 PASS: ESMF_ArrayFarrayEx.F90
 PASS: ESMF_ArrayFarrayEx.F90
 PASS: ESMF_ArrayFarrayEx.F90
 PASS: ESMF_ArrayFarrayEx.F90
Thu Feb  4 23:06:18 MST 2021
