20210208 043152.132 INFO             PET0 !!!!!!!!!!!!!!!!!!!!!!!!!!!!!!!!!!!!!!!!!!!!!!!!!!!!!!
20210208 043152.133 INFO             PET0 !!! THE ESMF_LOG IS SET TO OUTPUT ALL LOG MESSAGES !!!
20210208 043152.133 INFO             PET0 !!!     THIS MAY CAUSE SLOWDOWN IN PERFORMANCE     !!!
20210208 043152.133 INFO             PET0 !!! FOR PRODUCTION RUNS, USE:                      !!!
20210208 043152.133 INFO             PET0 !!!                   ESMF_LOGKIND_Multi_On_Error  !!!
20210208 043152.133 INFO             PET0 !!!!!!!!!!!!!!!!!!!!!!!!!!!!!!!!!!!!!!!!!!!!!!!!!!!!!!
20210208 043152.133 INFO             PET0 Running with ESMF Version   : ESMF_8_1_0_beta_snapshot_43-58-g2869d4f82f
20210208 043152.133 INFO             PET0 ESMF library build date/time: "Feb  8 2021" "04:03:24"
20210208 043152.133 INFO             PET0 ESMF library build location : /glade/scratch/himanshu/scripts_dir/daily/intel_cheyenne/esmf
20210208 043152.133 INFO             PET0 ESMF_COMM                   : openmpi
20210208 043152.133 INFO             PET0 ESMF_MOAB                   : enabled
20210208 043152.133 INFO             PET0 ESMF_LAPACK                 : enabled
20210208 043152.133 INFO             PET0 ESMF_NETCDF                 : disabled
20210208 043152.133 INFO             PET0 ESMF_PNETCDF                : disabled
20210208 043152.133 INFO             PET0 ESMF_PIO                    : enabled
20210208 043152.133 INFO             PET0 ESMF_YAMLCPP                : enabled
20210208 043152.137 INFO             PET0  NUMBER_OF_PROCESSORS           4
20210208 043152.137 INFO             PET0  PASS  Example ESMF_SCompEx, ESMF_SCompEx.F90, line 385
20210208 043152.137 INFO             PET0 Finalizing ESMF
20210208 043152.132 INFO             PET1 !!!!!!!!!!!!!!!!!!!!!!!!!!!!!!!!!!!!!!!!!!!!!!!!!!!!!!
20210208 043152.133 INFO             PET1 !!! THE ESMF_LOG IS SET TO OUTPUT ALL LOG MESSAGES !!!
20210208 043152.133 INFO             PET1 !!!     THIS MAY CAUSE SLOWDOWN IN PERFORMANCE     !!!
20210208 043152.133 INFO             PET1 !!! FOR PRODUCTION RUNS, USE:                      !!!
20210208 043152.133 INFO             PET1 !!!                   ESMF_LOGKIND_Multi_On_Error  !!!
20210208 043152.133 INFO             PET1 !!!!!!!!!!!!!!!!!!!!!!!!!!!!!!!!!!!!!!!!!!!!!!!!!!!!!!
20210208 043152.133 INFO             PET1 Running with ESMF Version   : ESMF_8_1_0_beta_snapshot_43-58-g2869d4f82f
20210208 043152.133 INFO             PET1 ESMF library build date/time: "Feb  8 2021" "04:03:24"
20210208 043152.133 INFO             PET1 ESMF library build location : /glade/scratch/himanshu/scripts_dir/daily/intel_cheyenne/esmf
20210208 043152.133 INFO             PET1 ESMF_COMM                   : openmpi
20210208 043152.133 INFO             PET1 ESMF_MOAB                   : enabled
20210208 043152.133 INFO             PET1 ESMF_LAPACK                 : enabled
20210208 043152.133 INFO             PET1 ESMF_NETCDF                 : disabled
20210208 043152.133 INFO             PET1 ESMF_PNETCDF                : disabled
20210208 043152.133 INFO             PET1 ESMF_PIO                    : enabled
20210208 043152.133 INFO             PET1 ESMF_YAMLCPP                : enabled
20210208 043152.137 INFO             PET1  NUMBER_OF_PROCESSORS           4
20210208 043152.137 INFO             PET1  PASS  Example ESMF_SCompEx, ESMF_SCompEx.F90, line 385
20210208 043152.137 INFO             PET1 Finalizing ESMF
20210208 043152.133 INFO             PET2 !!!!!!!!!!!!!!!!!!!!!!!!!!!!!!!!!!!!!!!!!!!!!!!!!!!!!!
20210208 043152.133 INFO             PET2 !!! THE ESMF_LOG IS SET TO OUTPUT ALL LOG MESSAGES !!!
20210208 043152.133 INFO             PET2 !!!     THIS MAY CAUSE SLOWDOWN IN PERFORMANCE     !!!
20210208 043152.133 INFO             PET2 !!! FOR PRODUCTION RUNS, USE:                      !!!
20210208 043152.133 INFO             PET2 !!!                   ESMF_LOGKIND_Multi_On_Error  !!!
20210208 043152.133 INFO             PET2 !!!!!!!!!!!!!!!!!!!!!!!!!!!!!!!!!!!!!!!!!!!!!!!!!!!!!!
20210208 043152.133 INFO             PET2 Running with ESMF Version   : ESMF_8_1_0_beta_snapshot_43-58-g2869d4f82f
20210208 043152.133 INFO             PET2 ESMF library build date/time: "Feb  8 2021" "04:03:24"
20210208 043152.133 INFO             PET2 ESMF library build location : /glade/scratch/himanshu/scripts_dir/daily/intel_cheyenne/esmf
20210208 043152.133 INFO             PET2 ESMF_COMM                   : openmpi
20210208 043152.133 INFO             PET2 ESMF_MOAB                   : enabled
20210208 043152.133 INFO             PET2 ESMF_LAPACK                 : enabled
20210208 043152.133 INFO             PET2 ESMF_NETCDF                 : disabled
20210208 043152.133 INFO             PET2 ESMF_PNETCDF                : disabled
20210208 043152.133 INFO             PET2 ESMF_PIO                    : enabled
20210208 043152.133 INFO             PET2 ESMF_YAMLCPP                : enabled
20210208 043152.137 INFO             PET2  NUMBER_OF_PROCESSORS           4
20210208 043152.137 INFO             PET2  PASS  Example ESMF_SCompEx, ESMF_SCompEx.F90, line 385
20210208 043152.137 INFO             PET2 Finalizing ESMF
20210208 043152.133 INFO             PET3 !!!!!!!!!!!!!!!!!!!!!!!!!!!!!!!!!!!!!!!!!!!!!!!!!!!!!!
20210208 043152.133 INFO             PET3 !!! THE ESMF_LOG IS SET TO OUTPUT ALL LOG MESSAGES !!!
20210208 043152.133 INFO             PET3 !!!     THIS MAY CAUSE SLOWDOWN IN PERFORMANCE     !!!
20210208 043152.133 INFO             PET3 !!! FOR PRODUCTION RUNS, USE:                      !!!
20210208 043152.133 INFO             PET3 !!!                   ESMF_LOGKIND_Multi_On_Error  !!!
20210208 043152.133 INFO             PET3 !!!!!!!!!!!!!!!!!!!!!!!!!!!!!!!!!!!!!!!!!!!!!!!!!!!!!!
20210208 043152.133 INFO             PET3 Running with ESMF Version   : ESMF_8_1_0_beta_snapshot_43-58-g2869d4f82f
20210208 043152.133 INFO             PET3 ESMF library build date/time: "Feb  8 2021" "04:03:24"
20210208 043152.133 INFO             PET3 ESMF library build location : /glade/scratch/himanshu/scripts_dir/daily/intel_cheyenne/esmf
20210208 043152.133 INFO             PET3 ESMF_COMM                   : openmpi
20210208 043152.133 INFO             PET3 ESMF_MOAB                   : enabled
20210208 043152.133 INFO             PET3 ESMF_LAPACK                 : enabled
20210208 043152.133 INFO             PET3 ESMF_NETCDF                 : disabled
20210208 043152.133 INFO             PET3 ESMF_PNETCDF                : disabled
20210208 043152.133 INFO             PET3 ESMF_PIO                    : enabled
20210208 043152.133 INFO             PET3 ESMF_YAMLCPP                : enabled
20210208 043152.137 INFO             PET3  NUMBER_OF_PROCESSORS           4
20210208 043152.137 INFO             PET3  PASS  Example ESMF_SCompEx, ESMF_SCompEx.F90, line 385
20210208 043152.137 INFO             PET3 Finalizing ESMF
Mon Feb  8 09:54:53 MST 2021
