20210215 132921.509 INFO             PET0 !!!!!!!!!!!!!!!!!!!!!!!!!!!!!!!!!!!!!!!!!!!!!!!!!!!!!!
20210215 132921.510 INFO             PET0 !!! THE ESMF_LOG IS SET TO OUTPUT ALL LOG MESSAGES !!!
20210215 132921.510 INFO             PET0 !!!     THIS MAY CAUSE SLOWDOWN IN PERFORMANCE     !!!
20210215 132921.510 INFO             PET0 !!! FOR PRODUCTION RUNS, USE:                      !!!
20210215 132921.510 INFO             PET0 !!!                   ESMF_LOGKIND_Multi_On_Error  !!!
20210215 132921.510 INFO             PET0 !!!!!!!!!!!!!!!!!!!!!!!!!!!!!!!!!!!!!!!!!!!!!!!!!!!!!!
20210215 132921.510 INFO             PET0 Running with ESMF Version   : ESMF_8_1_0_beta_snapshot_45-5-g214b775dc9
20210215 132921.510 INFO             PET0 ESMF library build date/time: "Feb 15 2021" "13:04:23"
20210215 132921.510 INFO             PET0 ESMF library build location : /glade/scratch/himanshu/scripts_dir/daily/intel_cheyenne/esmf
20210215 132921.510 INFO             PET0 ESMF_COMM                   : openmpi
20210215 132921.510 INFO             PET0 ESMF_MOAB                   : enabled
20210215 132921.510 INFO             PET0 ESMF_LAPACK                 : enabled
20210215 132921.510 INFO             PET0 ESMF_NETCDF                 : disabled
20210215 132921.510 INFO             PET0 ESMF_PNETCDF                : disabled
20210215 132921.510 INFO             PET0 ESMF_PIO                    : enabled
20210215 132921.510 INFO             PET0 ESMF_YAMLCPP                : enabled
20210215 132921.510 INFO             PET0  NUMBER_OF_PROCESSORS           1
20210215 132921.510 INFO             PET0  PASS  Example ESMF_TimeEx, ESMF_TimeEx.F90, line 141
20210215 132921.510 INFO             PET0 Finalizing ESMF
Mon Feb 15 22:30:07 MST 2021
