20201219 195930.178 INFO             PET0 !!!!!!!!!!!!!!!!!!!!!!!!!!!!!!!!!!!!!!!!!!!!!!!!!!!!!!
20201219 195930.178 INFO             PET0 !!! THE ESMF_LOG IS SET TO OUTPUT ALL LOG MESSAGES !!!
20201219 195930.178 INFO             PET0 !!!     THIS MAY CAUSE SLOWDOWN IN PERFORMANCE     !!!
20201219 195930.178 INFO             PET0 !!! FOR PRODUCTION RUNS, USE:                      !!!
20201219 195930.178 INFO             PET0 !!!                   ESMF_LOGKIND_Multi_On_Error  !!!
20201219 195930.178 INFO             PET0 !!!!!!!!!!!!!!!!!!!!!!!!!!!!!!!!!!!!!!!!!!!!!!!!!!!!!!
20201219 195930.178 INFO             PET0 Running with ESMF Version   : ESMF_8_1_0_beta_snapshot_39-24-gc0c902f0ea
20201219 195930.178 INFO             PET0 ESMF library build date/time: "Dec 19 2020" "19:32:16"
20201219 195930.178 INFO             PET0 ESMF library build location : /glade/scratch/himanshu/scripts_dir/daily/intel_cheyenne/esmf
20201219 195930.178 INFO             PET0 ESMF_COMM                   : openmpi
20201219 195930.179 INFO             PET0 ESMF_NETCDF                 : disabled
20201219 195930.179 INFO             PET0 ESMF_PNETCDF                : disabled
20201219 195930.179 INFO             PET0 ESMF_PIO                    : enabled
20201219 195930.179 INFO             PET0 ESMF_YAMLCPP                : enabled
20201219 195930.179 INFO             PET0 ESMF_MOAB                   : enabled
20201219 195930.180 DEBUG            PET0 service: 0  PTHREAD_STACK_MIN: 16384 bytes  stack_size: 20971520 bytes
20201219 195930.181 INFO             PET0  NUMBER_OF_PROCESSORS           4
20201219 195930.181 INFO             PET0  PASS  Example ESMF_GCompEx, ESMF_GCompEx.F90, line 465
20201219 195930.181 INFO             PET0 Finalizing ESMF
20201219 195930.178 INFO             PET1 !!!!!!!!!!!!!!!!!!!!!!!!!!!!!!!!!!!!!!!!!!!!!!!!!!!!!!
20201219 195930.178 INFO             PET1 !!! THE ESMF_LOG IS SET TO OUTPUT ALL LOG MESSAGES !!!
20201219 195930.178 INFO             PET1 !!!     THIS MAY CAUSE SLOWDOWN IN PERFORMANCE     !!!
20201219 195930.178 INFO             PET1 !!! FOR PRODUCTION RUNS, USE:                      !!!
20201219 195930.178 INFO             PET1 !!!                   ESMF_LOGKIND_Multi_On_Error  !!!
20201219 195930.178 INFO             PET1 !!!!!!!!!!!!!!!!!!!!!!!!!!!!!!!!!!!!!!!!!!!!!!!!!!!!!!
20201219 195930.178 INFO             PET1 Running with ESMF Version   : ESMF_8_1_0_beta_snapshot_39-24-gc0c902f0ea
20201219 195930.178 INFO             PET1 ESMF library build date/time: "Dec 19 2020" "19:32:16"
20201219 195930.178 INFO             PET1 ESMF library build location : /glade/scratch/himanshu/scripts_dir/daily/intel_cheyenne/esmf
20201219 195930.178 INFO             PET1 ESMF_COMM                   : openmpi
20201219 195930.179 INFO             PET1 ESMF_NETCDF                 : disabled
20201219 195930.179 INFO             PET1 ESMF_PNETCDF                : disabled
20201219 195930.179 INFO             PET1 ESMF_PIO                    : enabled
20201219 195930.179 INFO             PET1 ESMF_YAMLCPP                : enabled
20201219 195930.179 INFO             PET1 ESMF_MOAB                   : enabled
20201219 195930.180 DEBUG            PET1 service: 0  PTHREAD_STACK_MIN: 16384 bytes  stack_size: 20971520 bytes
20201219 195930.181 INFO             PET1  NUMBER_OF_PROCESSORS           4
20201219 195930.181 INFO             PET1  PASS  Example ESMF_GCompEx, ESMF_GCompEx.F90, line 465
20201219 195930.181 INFO             PET1 Finalizing ESMF
20201219 195930.178 INFO             PET2 !!!!!!!!!!!!!!!!!!!!!!!!!!!!!!!!!!!!!!!!!!!!!!!!!!!!!!
20201219 195930.178 INFO             PET2 !!! THE ESMF_LOG IS SET TO OUTPUT ALL LOG MESSAGES !!!
20201219 195930.178 INFO             PET2 !!!     THIS MAY CAUSE SLOWDOWN IN PERFORMANCE     !!!
20201219 195930.178 INFO             PET2 !!! FOR PRODUCTION RUNS, USE:                      !!!
20201219 195930.178 INFO             PET2 !!!                   ESMF_LOGKIND_Multi_On_Error  !!!
20201219 195930.178 INFO             PET2 !!!!!!!!!!!!!!!!!!!!!!!!!!!!!!!!!!!!!!!!!!!!!!!!!!!!!!
20201219 195930.178 INFO             PET2 Running with ESMF Version   : ESMF_8_1_0_beta_snapshot_39-24-gc0c902f0ea
20201219 195930.178 INFO             PET2 ESMF library build date/time: "Dec 19 2020" "19:32:16"
20201219 195930.178 INFO             PET2 ESMF library build location : /glade/scratch/himanshu/scripts_dir/daily/intel_cheyenne/esmf
20201219 195930.178 INFO             PET2 ESMF_COMM                   : openmpi
20201219 195930.179 INFO             PET2 ESMF_NETCDF                 : disabled
20201219 195930.179 INFO             PET2 ESMF_PNETCDF                : disabled
20201219 195930.179 INFO             PET2 ESMF_PIO                    : enabled
20201219 195930.179 INFO             PET2 ESMF_YAMLCPP                : enabled
20201219 195930.179 INFO             PET2 ESMF_MOAB                   : enabled
20201219 195930.180 DEBUG            PET2 service: 0  PTHREAD_STACK_MIN: 16384 bytes  stack_size: 20971520 bytes
20201219 195930.181 INFO             PET2  NUMBER_OF_PROCESSORS           4
20201219 195930.181 INFO             PET2  PASS  Example ESMF_GCompEx, ESMF_GCompEx.F90, line 465
20201219 195930.181 INFO             PET2 Finalizing ESMF
20201219 195930.178 INFO             PET3 !!!!!!!!!!!!!!!!!!!!!!!!!!!!!!!!!!!!!!!!!!!!!!!!!!!!!!
20201219 195930.178 INFO             PET3 !!! THE ESMF_LOG IS SET TO OUTPUT ALL LOG MESSAGES !!!
20201219 195930.178 INFO             PET3 !!!     THIS MAY CAUSE SLOWDOWN IN PERFORMANCE     !!!
20201219 195930.178 INFO             PET3 !!! FOR PRODUCTION RUNS, USE:                      !!!
20201219 195930.178 INFO             PET3 !!!                   ESMF_LOGKIND_Multi_On_Error  !!!
20201219 195930.178 INFO             PET3 !!!!!!!!!!!!!!!!!!!!!!!!!!!!!!!!!!!!!!!!!!!!!!!!!!!!!!
20201219 195930.178 INFO             PET3 Running with ESMF Version   : ESMF_8_1_0_beta_snapshot_39-24-gc0c902f0ea
20201219 195930.178 INFO             PET3 ESMF library build date/time: "Dec 19 2020" "19:32:16"
20201219 195930.178 INFO             PET3 ESMF library build location : /glade/scratch/himanshu/scripts_dir/daily/intel_cheyenne/esmf
20201219 195930.178 INFO             PET3 ESMF_COMM                   : openmpi
20201219 195930.179 INFO             PET3 ESMF_NETCDF                 : disabled
20201219 195930.179 INFO             PET3 ESMF_PNETCDF                : disabled
20201219 195930.179 INFO             PET3 ESMF_PIO                    : enabled
20201219 195930.179 INFO             PET3 ESMF_YAMLCPP                : enabled
20201219 195930.179 INFO             PET3 ESMF_MOAB                   : enabled
20201219 195930.180 DEBUG            PET3 service: 0  PTHREAD_STACK_MIN: 16384 bytes  stack_size: 20971520 bytes
20201219 195930.181 INFO             PET3  NUMBER_OF_PROCESSORS           4
20201219 195930.181 INFO             PET3  PASS  Example ESMF_GCompEx, ESMF_GCompEx.F90, line 465
20201219 195930.181 INFO             PET3 Finalizing ESMF
Sun Dec 20 00:57:58 MST 2020
