20200921 140630.922 INFO             PET3 !!!!!!!!!!!!!!!!!!!!!!!!!!!!!!!!!!!!!!!!!!!!!!!!!!!!!!
20200921 140630.922 INFO             PET3 !!! THE ESMF_LOG IS SET TO OUTPUT ALL LOG MESSAGES !!!
20200921 140630.922 INFO             PET3 !!!     THIS MAY CAUSE SLOWDOWN IN PERFORMANCE     !!!
20200921 140630.922 INFO             PET3 !!! FOR PRODUCTION RUNS, USE:                      !!!
20200921 140630.922 INFO             PET3 !!!                   ESMF_LOGKIND_Multi_On_Error  !!!
20200921 140630.922 INFO             PET3 !!!!!!!!!!!!!!!!!!!!!!!!!!!!!!!!!!!!!!!!!!!!!!!!!!!!!!
20200921 140630.922 INFO             PET3 Running with ESMF Version   : ESMF_8_1_0_beta_snapshot_28
20200921 140630.922 INFO             PET3 ESMF library build date/time: "Sep 21 2020" "14:02:40"
20200921 140630.922 INFO             PET3 ESMF library build location : /glade/scratch/himanshu/scripts_dir/daily/gfortran_more/esmf
20200921 140630.922 INFO             PET3 ESMF_COMM                   : mpt
20200921 140630.922 INFO             PET3 ESMF_NETCDF                 : disabled
20200921 140630.922 INFO             PET3 ESMF_PNETCDF                : disabled
20200921 140630.922 INFO             PET3 ESMF_PIO                    : enabled
20200921 140630.922 INFO             PET3 ESMF_YAMLCPP                : enabled
20200921 140630.922 INFO             PET3 ESMF_MOAB                   : enabled
20200921 140630.922 INFO             PET3 Finalizing ESMF
20200921 140631.059 INFO             PET3 !!!!!!!!!!!!!!!!!!!!!!!!!!!!!!!!!!!!!!!!!!!!!!!!!!!!!!
20200921 140631.059 INFO             PET3 !!! THE ESMF_LOG IS SET TO OUTPUT ALL LOG MESSAGES !!!
20200921 140631.059 INFO             PET3 !!!     THIS MAY CAUSE SLOWDOWN IN PERFORMANCE     !!!
20200921 140631.059 INFO             PET3 !!! FOR PRODUCTION RUNS, USE:                      !!!
20200921 140631.059 INFO             PET3 !!!                   ESMF_LOGKIND_Multi_On_Error  !!!
20200921 140631.059 INFO             PET3 !!!!!!!!!!!!!!!!!!!!!!!!!!!!!!!!!!!!!!!!!!!!!!!!!!!!!!
20200921 140631.059 INFO             PET3 Running with ESMF Version   : ESMF_8_1_0_beta_snapshot_28
20200921 140631.059 INFO             PET3 ESMF library build date/time: "Sep 21 2020" "14:02:40"
20200921 140631.059 INFO             PET3 ESMF library build location : /glade/scratch/himanshu/scripts_dir/daily/gfortran_more/esmf
20200921 140631.059 INFO             PET3 ESMF_COMM                   : mpt
20200921 140631.059 INFO             PET3 ESMF_NETCDF                 : disabled
20200921 140631.059 INFO             PET3 ESMF_PNETCDF                : disabled
20200921 140631.059 INFO             PET3 ESMF_PIO                    : enabled
20200921 140631.059 INFO             PET3 ESMF_YAMLCPP                : enabled
20200921 140631.059 INFO             PET3 ESMF_MOAB                   : enabled
20200921 140631.059 INFO             PET3 Finalizing ESMF
20200921 140631.135 INFO             PET3 !!!!!!!!!!!!!!!!!!!!!!!!!!!!!!!!!!!!!!!!!!!!!!!!!!!!!!
20200921 140631.135 INFO             PET3 !!! THE ESMF_LOG IS SET TO OUTPUT ALL LOG MESSAGES !!!
20200921 140631.135 INFO             PET3 !!!     THIS MAY CAUSE SLOWDOWN IN PERFORMANCE     !!!
20200921 140631.135 INFO             PET3 !!! FOR PRODUCTION RUNS, USE:                      !!!
20200921 140631.135 INFO             PET3 !!!                   ESMF_LOGKIND_Multi_On_Error  !!!
20200921 140631.135 INFO             PET3 !!!!!!!!!!!!!!!!!!!!!!!!!!!!!!!!!!!!!!!!!!!!!!!!!!!!!!
20200921 140631.135 INFO             PET3 Running with ESMF Version   : ESMF_8_1_0_beta_snapshot_28
20200921 140631.135 INFO             PET3 ESMF library build date/time: "Sep 21 2020" "14:02:40"
20200921 140631.135 INFO             PET3 ESMF library build location : /glade/scratch/himanshu/scripts_dir/daily/gfortran_more/esmf
20200921 140631.135 INFO             PET3 ESMF_COMM                   : mpt
20200921 140631.135 INFO             PET3 ESMF_NETCDF                 : disabled
20200921 140631.135 INFO             PET3 ESMF_PNETCDF                : disabled
20200921 140631.135 INFO             PET3 ESMF_PIO                    : enabled
20200921 140631.136 INFO             PET3 ESMF_YAMLCPP                : enabled
20200921 140631.136 INFO             PET3 ESMF_MOAB                   : enabled
20200921 140631.138 INFO             PET3 Finalizing ESMF
