20210207 165559.825 INFO             PET0 !!!!!!!!!!!!!!!!!!!!!!!!!!!!!!!!!!!!!!!!!!!!!!!!!!!!!!
20210207 165559.825 INFO             PET0 !!! THE ESMF_LOG IS SET TO OUTPUT ALL LOG MESSAGES !!!
20210207 165559.825 INFO             PET0 !!!     THIS MAY CAUSE SLOWDOWN IN PERFORMANCE     !!!
20210207 165559.825 INFO             PET0 !!! FOR PRODUCTION RUNS, USE:                      !!!
20210207 165559.825 INFO             PET0 !!!                   ESMF_LOGKIND_Multi_On_Error  !!!
20210207 165559.825 INFO             PET0 !!!!!!!!!!!!!!!!!!!!!!!!!!!!!!!!!!!!!!!!!!!!!!!!!!!!!!
20210207 165559.825 INFO             PET0 Running with ESMF Version   : ESMF_8_1_0_beta_snapshot_43-58-g2869d4f82f
20210207 165559.825 INFO             PET0 ESMF library build date/time: "Feb  7 2021" "16:46:57"
20210207 165559.825 INFO             PET0 ESMF library build location : /project/esmf/himanshu/esmf_test/cronjobs/daily/gfortran/esmf
20210207 165559.825 INFO             PET0 ESMF_COMM                   : mpich3
20210207 165559.825 INFO             PET0 ESMF_MOAB                   : enabled
20210207 165559.825 INFO             PET0 ESMF_LAPACK                 : enabled
20210207 165559.825 INFO             PET0 ESMF_NETCDF                 : enabled
20210207 165559.825 INFO             PET0 ESMF_PNETCDF                : disabled
20210207 165559.825 INFO             PET0 ESMF_PIO                    : enabled
20210207 165559.825 INFO             PET0 ESMF_YAMLCPP                : enabled
20210207 165559.825 INFO             PET0  NUMBER_OF_PROCESSORS           1
20210207 165559.825 INFO             PET0  PASS  Example ESMF_ClockEx, ESMF_ClockEx.F90, line 220
20210207 165559.825 INFO             PET0 Finalizing ESMF
Sun Feb  7 17:12:12 MST 2021
