 --------------------------------------- 
 Start of ESMF_Trace Example
 --------------------------------------- 

Program received signal SIGABRT: Process abort signal.

Backtrace for this error:

Program received signal SIGABRT: Process abort signal.

Backtrace for this error:

Program received signal SIGABRT: Process abort signal.

Backtrace for this error:

Program received signal SIGABRT: Process abort signal.

Backtrace for this error:
#0  0x10ea09b6d
#1  0x10ea08f9d
#2  0x7fff5dcf7b5c
#0  0x10ba50b6d
#1  0x10ba4ff9d
#2  0x7fff5dcf7b5c
#0  0x111012b6d
#1  0x111011f9d
#2  0x7fff5dcf7b5c
#0  0x10330bb6d
#1  0x10330af9d
#2  0x7fff5dcf7b5c

===================================================================================
=   BAD TERMINATION OF ONE OF YOUR APPLICATION PROCESSES
=   PID 47058 RUNNING AT cgdm-catania
=   EXIT CODE: 6
=   CLEANING UP REMAINING PROCESSES
=   YOU CAN IGNORE THE BELOW CLEANUP MESSAGES
===================================================================================
YOUR APPLICATION TERMINATED WITH THE EXIT STRING: Abort trap: 6 (signal 6)
This typically refers to a problem with your application.
Please see the FAQ page for debugging suggestions
Thu Feb 11 02:28:16 MST 2021
