20201204 210439.055 INFO             PET0 !!!!!!!!!!!!!!!!!!!!!!!!!!!!!!!!!!!!!!!!!!!!!!!!!!!!!!
20201204 210439.055 INFO             PET0 !!! THE ESMF_LOG IS SET TO OUTPUT ALL LOG MESSAGES !!!
20201204 210439.055 INFO             PET0 !!!     THIS MAY CAUSE SLOWDOWN IN PERFORMANCE     !!!
20201204 210439.055 INFO             PET0 !!! FOR PRODUCTION RUNS, USE:                      !!!
20201204 210439.055 INFO             PET0 !!!                   ESMF_LOGKIND_Multi_On_Error  !!!
20201204 210439.055 INFO             PET0 !!!!!!!!!!!!!!!!!!!!!!!!!!!!!!!!!!!!!!!!!!!!!!!!!!!!!!
20201204 210439.055 INFO             PET0 Running with ESMF Version   : ESMF_8_1_0_beta_snapshot_38-25-gf3be8c9cb8
20201204 210439.055 INFO             PET0 ESMF library build date/time: "Dec  4 2020" "20:55:13"
20201204 210439.055 INFO             PET0 ESMF library build location : /project/esmf/himanshu/esmf_test/cronjobs/daily/gfortran/esmf
20201204 210439.055 INFO             PET0 ESMF_COMM                   : mpich3
20201204 210439.055 INFO             PET0 ESMF_NETCDF                 : enabled
20201204 210439.055 INFO             PET0 ESMF_PNETCDF                : disabled
20201204 210439.055 INFO             PET0 ESMF_PIO                    : enabled
20201204 210439.055 INFO             PET0 ESMF_YAMLCPP                : enabled
20201204 210439.055 INFO             PET0 ESMF_MOAB                   : enabled
20201204 210439.165 INFO             PET0  NUMBER_OF_PROCESSORS           4
20201204 210439.165 INFO             PET0  PASS  Example ESMF_XGridEx, ESMF_XGridEx.F90, line 525
20201204 210439.165 INFO             PET0 Finalizing ESMF
20201204 210439.055 INFO             PET1 !!!!!!!!!!!!!!!!!!!!!!!!!!!!!!!!!!!!!!!!!!!!!!!!!!!!!!
20201204 210439.055 INFO             PET1 !!! THE ESMF_LOG IS SET TO OUTPUT ALL LOG MESSAGES !!!
20201204 210439.055 INFO             PET1 !!!     THIS MAY CAUSE SLOWDOWN IN PERFORMANCE     !!!
20201204 210439.055 INFO             PET1 !!! FOR PRODUCTION RUNS, USE:                      !!!
20201204 210439.055 INFO             PET1 !!!                   ESMF_LOGKIND_Multi_On_Error  !!!
20201204 210439.055 INFO             PET1 !!!!!!!!!!!!!!!!!!!!!!!!!!!!!!!!!!!!!!!!!!!!!!!!!!!!!!
20201204 210439.055 INFO             PET1 Running with ESMF Version   : ESMF_8_1_0_beta_snapshot_38-25-gf3be8c9cb8
20201204 210439.055 INFO             PET1 ESMF library build date/time: "Dec  4 2020" "20:55:13"
20201204 210439.055 INFO             PET1 ESMF library build location : /project/esmf/himanshu/esmf_test/cronjobs/daily/gfortran/esmf
20201204 210439.055 INFO             PET1 ESMF_COMM                   : mpich3
20201204 210439.055 INFO             PET1 ESMF_NETCDF                 : enabled
20201204 210439.055 INFO             PET1 ESMF_PNETCDF                : disabled
20201204 210439.055 INFO             PET1 ESMF_PIO                    : enabled
20201204 210439.055 INFO             PET1 ESMF_YAMLCPP                : enabled
20201204 210439.055 INFO             PET1 ESMF_MOAB                   : enabled
20201204 210439.165 INFO             PET1  NUMBER_OF_PROCESSORS           4
20201204 210439.165 INFO             PET1  PASS  Example ESMF_XGridEx, ESMF_XGridEx.F90, line 525
20201204 210439.165 INFO             PET1 Finalizing ESMF
20201204 210439.055 INFO             PET2 !!!!!!!!!!!!!!!!!!!!!!!!!!!!!!!!!!!!!!!!!!!!!!!!!!!!!!
20201204 210439.055 INFO             PET2 !!! THE ESMF_LOG IS SET TO OUTPUT ALL LOG MESSAGES !!!
20201204 210439.055 INFO             PET2 !!!     THIS MAY CAUSE SLOWDOWN IN PERFORMANCE     !!!
20201204 210439.055 INFO             PET2 !!! FOR PRODUCTION RUNS, USE:                      !!!
20201204 210439.055 INFO             PET2 !!!                   ESMF_LOGKIND_Multi_On_Error  !!!
20201204 210439.055 INFO             PET2 !!!!!!!!!!!!!!!!!!!!!!!!!!!!!!!!!!!!!!!!!!!!!!!!!!!!!!
20201204 210439.055 INFO             PET2 Running with ESMF Version   : ESMF_8_1_0_beta_snapshot_38-25-gf3be8c9cb8
20201204 210439.055 INFO             PET2 ESMF library build date/time: "Dec  4 2020" "20:55:13"
20201204 210439.055 INFO             PET2 ESMF library build location : /project/esmf/himanshu/esmf_test/cronjobs/daily/gfortran/esmf
20201204 210439.055 INFO             PET2 ESMF_COMM                   : mpich3
20201204 210439.055 INFO             PET2 ESMF_NETCDF                 : enabled
20201204 210439.055 INFO             PET2 ESMF_PNETCDF                : disabled
20201204 210439.055 INFO             PET2 ESMF_PIO                    : enabled
20201204 210439.055 INFO             PET2 ESMF_YAMLCPP                : enabled
20201204 210439.055 INFO             PET2 ESMF_MOAB                   : enabled
20201204 210439.165 INFO             PET2  NUMBER_OF_PROCESSORS           4
20201204 210439.165 INFO             PET2  PASS  Example ESMF_XGridEx, ESMF_XGridEx.F90, line 525
20201204 210439.165 INFO             PET2 Finalizing ESMF
20201204 210439.055 INFO             PET3 !!!!!!!!!!!!!!!!!!!!!!!!!!!!!!!!!!!!!!!!!!!!!!!!!!!!!!
20201204 210439.055 INFO             PET3 !!! THE ESMF_LOG IS SET TO OUTPUT ALL LOG MESSAGES !!!
20201204 210439.055 INFO             PET3 !!!     THIS MAY CAUSE SLOWDOWN IN PERFORMANCE     !!!
20201204 210439.055 INFO             PET3 !!! FOR PRODUCTION RUNS, USE:                      !!!
20201204 210439.055 INFO             PET3 !!!                   ESMF_LOGKIND_Multi_On_Error  !!!
20201204 210439.055 INFO             PET3 !!!!!!!!!!!!!!!!!!!!!!!!!!!!!!!!!!!!!!!!!!!!!!!!!!!!!!
20201204 210439.055 INFO             PET3 Running with ESMF Version   : ESMF_8_1_0_beta_snapshot_38-25-gf3be8c9cb8
20201204 210439.055 INFO             PET3 ESMF library build date/time: "Dec  4 2020" "20:55:13"
20201204 210439.055 INFO             PET3 ESMF library build location : /project/esmf/himanshu/esmf_test/cronjobs/daily/gfortran/esmf
20201204 210439.055 INFO             PET3 ESMF_COMM                   : mpich3
20201204 210439.055 INFO             PET3 ESMF_NETCDF                 : enabled
20201204 210439.055 INFO             PET3 ESMF_PNETCDF                : disabled
20201204 210439.055 INFO             PET3 ESMF_PIO                    : enabled
20201204 210439.055 INFO             PET3 ESMF_YAMLCPP                : enabled
20201204 210439.055 INFO             PET3 ESMF_MOAB                   : enabled
20201204 210439.165 INFO             PET3  NUMBER_OF_PROCESSORS           4
20201204 210439.165 INFO             PET3  PASS  Example ESMF_XGridEx, ESMF_XGridEx.F90, line 525
20201204 210439.165 INFO             PET3 Finalizing ESMF
Sun Dec  6 00:41:32 MST 2020
