20201023 014249.878 INFO             PET0 !!!!!!!!!!!!!!!!!!!!!!!!!!!!!!!!!!!!!!!!!!!!!!!!!!!!!!
20201023 014249.879 INFO             PET0 !!! THE ESMF_LOG IS SET TO OUTPUT ALL LOG MESSAGES !!!
20201023 014249.879 INFO             PET0 !!!     THIS MAY CAUSE SLOWDOWN IN PERFORMANCE     !!!
20201023 014249.879 INFO             PET0 !!! FOR PRODUCTION RUNS, USE:                      !!!
20201023 014249.879 INFO             PET0 !!!                   ESMF_LOGKIND_Multi_On_Error  !!!
20201023 014249.879 INFO             PET0 !!!!!!!!!!!!!!!!!!!!!!!!!!!!!!!!!!!!!!!!!!!!!!!!!!!!!!
20201023 014249.879 INFO             PET0 Running with ESMF Version   : ESMF_8_1_0_beta_snapshot_36
20201023 014249.879 INFO             PET0 ESMF library build date/time: "Oct 23 2020" "01:33:35"
20201023 014249.879 INFO             PET0 ESMF library build location : /project/esmf/himanshu/esmf_test/cronjobs/daily/gfortran/esmf
20201023 014249.879 INFO             PET0 ESMF_COMM                   : mpich3
20201023 014249.879 INFO             PET0 ESMF_NETCDF                 : enabled
20201023 014249.879 INFO             PET0 ESMF_PNETCDF                : disabled
20201023 014249.879 INFO             PET0 ESMF_PIO                    : enabled
20201023 014249.879 INFO             PET0 ESMF_YAMLCPP                : enabled
20201023 014249.879 INFO             PET0 ESMF_MOAB                   : enabled
20201023 014249.880 INFO             PET0  NUMBER_OF_PROCESSORS           4
20201023 014249.880 INFO             PET0  PASS  Example ESMF_FieldBundleCreateEx, ESMF_FieldBundleCreateEx.F90, line 561
20201023 014249.880 INFO             PET0 Finalizing ESMF
20201023 014249.878 INFO             PET1 !!!!!!!!!!!!!!!!!!!!!!!!!!!!!!!!!!!!!!!!!!!!!!!!!!!!!!
20201023 014249.878 INFO             PET1 !!! THE ESMF_LOG IS SET TO OUTPUT ALL LOG MESSAGES !!!
20201023 014249.878 INFO             PET1 !!!     THIS MAY CAUSE SLOWDOWN IN PERFORMANCE     !!!
20201023 014249.878 INFO             PET1 !!! FOR PRODUCTION RUNS, USE:                      !!!
20201023 014249.878 INFO             PET1 !!!                   ESMF_LOGKIND_Multi_On_Error  !!!
20201023 014249.878 INFO             PET1 !!!!!!!!!!!!!!!!!!!!!!!!!!!!!!!!!!!!!!!!!!!!!!!!!!!!!!
20201023 014249.878 INFO             PET1 Running with ESMF Version   : ESMF_8_1_0_beta_snapshot_36
20201023 014249.878 INFO             PET1 ESMF library build date/time: "Oct 23 2020" "01:33:35"
20201023 014249.878 INFO             PET1 ESMF library build location : /project/esmf/himanshu/esmf_test/cronjobs/daily/gfortran/esmf
20201023 014249.878 INFO             PET1 ESMF_COMM                   : mpich3
20201023 014249.878 INFO             PET1 ESMF_NETCDF                 : enabled
20201023 014249.878 INFO             PET1 ESMF_PNETCDF                : disabled
20201023 014249.878 INFO             PET1 ESMF_PIO                    : enabled
20201023 014249.878 INFO             PET1 ESMF_YAMLCPP                : enabled
20201023 014249.878 INFO             PET1 ESMF_MOAB                   : enabled
20201023 014249.880 INFO             PET1  NUMBER_OF_PROCESSORS           4
20201023 014249.880 INFO             PET1  PASS  Example ESMF_FieldBundleCreateEx, ESMF_FieldBundleCreateEx.F90, line 561
20201023 014249.880 INFO             PET1 Finalizing ESMF
20201023 014249.878 INFO             PET2 !!!!!!!!!!!!!!!!!!!!!!!!!!!!!!!!!!!!!!!!!!!!!!!!!!!!!!
20201023 014249.878 INFO             PET2 !!! THE ESMF_LOG IS SET TO OUTPUT ALL LOG MESSAGES !!!
20201023 014249.878 INFO             PET2 !!!     THIS MAY CAUSE SLOWDOWN IN PERFORMANCE     !!!
20201023 014249.878 INFO             PET2 !!! FOR PRODUCTION RUNS, USE:                      !!!
20201023 014249.878 INFO             PET2 !!!                   ESMF_LOGKIND_Multi_On_Error  !!!
20201023 014249.878 INFO             PET2 !!!!!!!!!!!!!!!!!!!!!!!!!!!!!!!!!!!!!!!!!!!!!!!!!!!!!!
20201023 014249.878 INFO             PET2 Running with ESMF Version   : ESMF_8_1_0_beta_snapshot_36
20201023 014249.878 INFO             PET2 ESMF library build date/time: "Oct 23 2020" "01:33:35"
20201023 014249.878 INFO             PET2 ESMF library build location : /project/esmf/himanshu/esmf_test/cronjobs/daily/gfortran/esmf
20201023 014249.878 INFO             PET2 ESMF_COMM                   : mpich3
20201023 014249.878 INFO             PET2 ESMF_NETCDF                 : enabled
20201023 014249.878 INFO             PET2 ESMF_PNETCDF                : disabled
20201023 014249.878 INFO             PET2 ESMF_PIO                    : enabled
20201023 014249.878 INFO             PET2 ESMF_YAMLCPP                : enabled
20201023 014249.878 INFO             PET2 ESMF_MOAB                   : enabled
20201023 014249.880 INFO             PET2  NUMBER_OF_PROCESSORS           4
20201023 014249.880 INFO             PET2  PASS  Example ESMF_FieldBundleCreateEx, ESMF_FieldBundleCreateEx.F90, line 561
20201023 014249.880 INFO             PET2 Finalizing ESMF
20201023 014249.878 INFO             PET3 !!!!!!!!!!!!!!!!!!!!!!!!!!!!!!!!!!!!!!!!!!!!!!!!!!!!!!
20201023 014249.879 INFO             PET3 !!! THE ESMF_LOG IS SET TO OUTPUT ALL LOG MESSAGES !!!
20201023 014249.879 INFO             PET3 !!!     THIS MAY CAUSE SLOWDOWN IN PERFORMANCE     !!!
20201023 014249.879 INFO             PET3 !!! FOR PRODUCTION RUNS, USE:                      !!!
20201023 014249.879 INFO             PET3 !!!                   ESMF_LOGKIND_Multi_On_Error  !!!
20201023 014249.879 INFO             PET3 !!!!!!!!!!!!!!!!!!!!!!!!!!!!!!!!!!!!!!!!!!!!!!!!!!!!!!
20201023 014249.879 INFO             PET3 Running with ESMF Version   : ESMF_8_1_0_beta_snapshot_36
20201023 014249.879 INFO             PET3 ESMF library build date/time: "Oct 23 2020" "01:33:35"
20201023 014249.879 INFO             PET3 ESMF library build location : /project/esmf/himanshu/esmf_test/cronjobs/daily/gfortran/esmf
20201023 014249.879 INFO             PET3 ESMF_COMM                   : mpich3
20201023 014249.879 INFO             PET3 ESMF_NETCDF                 : enabled
20201023 014249.879 INFO             PET3 ESMF_PNETCDF                : disabled
20201023 014249.879 INFO             PET3 ESMF_PIO                    : enabled
20201023 014249.879 INFO             PET3 ESMF_YAMLCPP                : enabled
20201023 014249.879 INFO             PET3 ESMF_MOAB                   : enabled
20201023 014249.880 INFO             PET3  NUMBER_OF_PROCESSORS           4
20201023 014249.880 INFO             PET3  PASS  Example ESMF_FieldBundleCreateEx, ESMF_FieldBundleCreateEx.F90, line 561
20201023 014249.880 INFO             PET3 Finalizing ESMF
