 localPET=           0  localDE=           0 : array(           1 ,           1 )=  -2.0000000000000000     
 localPET=           0  localDE=           0 : array(           1 ,           2 )=  -2.0000000000000000     
 localPET=           0  localDE=           0 : array(           2 ,           1 )=  -2.0000000000000000     
 localPET=           0  localDE=           0 : array(           2 ,           2 )=  -2.0000000000000022     
 localPET=           0  localDE=           0 : array(           3 ,           1 )=  -2.0000000000000027     
 localPET=           0  localDE=           0 : array(           3 ,           2 )=  -2.0000000000000000     
 localPET=           0  localDE=           1 : array(           1 ,           1 )=  -2.0000000000000000     
 localPET=           0  localDE=           1 : array(           2 ,           1 )=  -2.0000000000000000     
 localPET=           0  localDE=           1 : array(           3 ,           1 )=  -2.0000000000000013     
 localPET=           1  localDE=           0 : array(           1 ,           1 )=   2.0000000000000000     
 localPET=           1  localDE=           0 : array(           1 ,           2 )=   2.0000000000000022     
 localPET=           1  localDE=           0 : array(           2 ,           1 )=   2.0000000000000000     
 localPET=           1  localDE=           0 : array(           2 ,           2 )=   2.0000000000000000     
 localPET=           1  localDE=           1 : array(           1 ,           1 )=   2.0000000000000000     
 localPET=           1  localDE=           1 : array(           2 ,           1 )=   2.0000000000000000     
 localPET=           2  localDE=           0 : array(           1 ,           1 )=   0.0000000000000000     
 localPET=           2  localDE=           0 : array(           1 ,           2 )=   0.0000000000000000     
 localPET=           2  localDE=           0 : array(           2 ,           1 )=   0.0000000000000000     
 localPET=           2  localDE=           0 : array(           2 ,           2 )=   2.9643938750474793E-323
 localPET=           2  localDE=           0 : array(           3 ,           1 )=   3.4584595208887258E-323
 localPET=           2  localDE=           0 : array(           3 ,           2 )=   0.0000000000000000     
 localPET=           3  localDE=           0 : array(           1 ,           1 )=  -1.7272337110188889E-077
 localPET=           3  localDE=           0 : array(           1 ,           2 )=  -1.7272337110188901E-077
 localPET=           3  localDE=           0 : array(           2 ,           1 )=  -1.7272337110188889E-077
 localPET=           3  localDE=           0 : array(           2 ,           2 )=   4.1720134847010026E-309
 localPet:            3 DE            3  [           1           2 ]
 localPet:            0 DE            0  [           1           3 ]
 localPet:            0 DE            4  [           1           3 ]
 localPet:            1 DE            1  [           1           2 ]
 localPet:            1 DE            5  [           1           2 ]
 localPet:            2 DE            2  [           1           3 ]
  PASS  Example ESMF_ArrayEx, ESMF_ArrayEx.F90, line 1892
 PASS: ESMF_ArrayEx.F90
  PASS  Example ESMF_ArrayEx, ESMF_ArrayEx.F90, line 1892
 PASS: ESMF_ArrayEx.F90
  PASS  Example ESMF_ArrayEx, ESMF_ArrayEx.F90, line 1892
 PASS: ESMF_ArrayEx.F90
  PASS  Example ESMF_ArrayEx, ESMF_ArrayEx.F90, line 1892
 PASS: ESMF_ArrayEx.F90
Thu Feb 11 02:28:16 MST 2021
