20200909 095749.225 INFO             PET0 !!!!!!!!!!!!!!!!!!!!!!!!!!!!!!!!!!!!!!!!!!!!!!!!!!!!!!
20200909 095749.226 INFO             PET0 !!! THE ESMF_LOG IS SET TO OUTPUT ALL LOG MESSAGES !!!
20200909 095749.226 INFO             PET0 !!!     THIS MAY CAUSE SLOWDOWN IN PERFORMANCE     !!!
20200909 095749.226 INFO             PET0 !!! FOR PRODUCTION RUNS, USE:                      !!!
20200909 095749.226 INFO             PET0 !!!                   ESMF_LOGKIND_Multi_On_Error  !!!
20200909 095749.226 INFO             PET0 !!!!!!!!!!!!!!!!!!!!!!!!!!!!!!!!!!!!!!!!!!!!!!!!!!!!!!
20200909 095749.226 INFO             PET0 Running with ESMF Version   : ESMF_8_1_0_beta_snapshot_27-60-g1b38836031
20200909 095749.226 INFO             PET0 ESMF library build date/time: "Sep  9 2020" "09:48:14"
20200909 095749.226 INFO             PET0 ESMF library build location : /project/esmf/himanshu/esmf_test/cronjobs/daily/gfortran/esmf
20200909 095749.226 INFO             PET0 ESMF_COMM                   : mpich3
20200909 095749.226 INFO             PET0 ESMF_NETCDF                 : enabled
20200909 095749.226 INFO             PET0 ESMF_PNETCDF                : disabled
20200909 095749.226 INFO             PET0 ESMF_PIO                    : enabled
20200909 095749.226 INFO             PET0 ESMF_YAMLCPP                : enabled
20200909 095749.226 INFO             PET0 ESMF_MOAB                   : enabled
20200909 095749.225 INFO             PET1 !!!!!!!!!!!!!!!!!!!!!!!!!!!!!!!!!!!!!!!!!!!!!!!!!!!!!!
20200909 095749.226 INFO             PET1 !!! THE ESMF_LOG IS SET TO OUTPUT ALL LOG MESSAGES !!!
20200909 095749.226 INFO             PET1 !!!     THIS MAY CAUSE SLOWDOWN IN PERFORMANCE     !!!
20200909 095749.226 INFO             PET1 !!! FOR PRODUCTION RUNS, USE:                      !!!
20200909 095749.226 INFO             PET1 !!!                   ESMF_LOGKIND_Multi_On_Error  !!!
20200909 095749.226 INFO             PET1 !!!!!!!!!!!!!!!!!!!!!!!!!!!!!!!!!!!!!!!!!!!!!!!!!!!!!!
20200909 095749.226 INFO             PET1 Running with ESMF Version   : ESMF_8_1_0_beta_snapshot_27-60-g1b38836031
20200909 095749.226 INFO             PET1 ESMF library build date/time: "Sep  9 2020" "09:48:14"
20200909 095749.226 INFO             PET1 ESMF library build location : /project/esmf/himanshu/esmf_test/cronjobs/daily/gfortran/esmf
20200909 095749.226 INFO             PET1 ESMF_COMM                   : mpich3
20200909 095749.226 INFO             PET1 ESMF_NETCDF                 : enabled
20200909 095749.226 INFO             PET1 ESMF_PNETCDF                : disabled
20200909 095749.226 INFO             PET1 ESMF_PIO                    : enabled
20200909 095749.226 INFO             PET1 ESMF_YAMLCPP                : enabled
20200909 095749.226 INFO             PET1 ESMF_MOAB                   : enabled
20200909 095749.225 INFO             PET2 !!!!!!!!!!!!!!!!!!!!!!!!!!!!!!!!!!!!!!!!!!!!!!!!!!!!!!
20200909 095749.226 INFO             PET2 !!! THE ESMF_LOG IS SET TO OUTPUT ALL LOG MESSAGES !!!
20200909 095749.226 INFO             PET2 !!!     THIS MAY CAUSE SLOWDOWN IN PERFORMANCE     !!!
20200909 095749.226 INFO             PET2 !!! FOR PRODUCTION RUNS, USE:                      !!!
20200909 095749.226 INFO             PET2 !!!                   ESMF_LOGKIND_Multi_On_Error  !!!
20200909 095749.226 INFO             PET2 !!!!!!!!!!!!!!!!!!!!!!!!!!!!!!!!!!!!!!!!!!!!!!!!!!!!!!
20200909 095749.226 INFO             PET2 Running with ESMF Version   : ESMF_8_1_0_beta_snapshot_27-60-g1b38836031
20200909 095749.226 INFO             PET2 ESMF library build date/time: "Sep  9 2020" "09:48:14"
20200909 095749.226 INFO             PET2 ESMF library build location : /project/esmf/himanshu/esmf_test/cronjobs/daily/gfortran/esmf
20200909 095749.226 INFO             PET2 ESMF_COMM                   : mpich3
20200909 095749.226 INFO             PET2 ESMF_NETCDF                 : enabled
20200909 095749.226 INFO             PET2 ESMF_PNETCDF                : disabled
20200909 095749.226 INFO             PET2 ESMF_PIO                    : enabled
20200909 095749.226 INFO             PET2 ESMF_YAMLCPP                : enabled
20200909 095749.226 INFO             PET2 ESMF_MOAB                   : enabled
20200909 095749.225 INFO             PET3 !!!!!!!!!!!!!!!!!!!!!!!!!!!!!!!!!!!!!!!!!!!!!!!!!!!!!!
20200909 095749.226 INFO             PET3 !!! THE ESMF_LOG IS SET TO OUTPUT ALL LOG MESSAGES !!!
20200909 095749.226 INFO             PET3 !!!     THIS MAY CAUSE SLOWDOWN IN PERFORMANCE     !!!
20200909 095749.226 INFO             PET3 !!! FOR PRODUCTION RUNS, USE:                      !!!
20200909 095749.226 INFO             PET3 !!!                   ESMF_LOGKIND_Multi_On_Error  !!!
20200909 095749.226 INFO             PET3 !!!!!!!!!!!!!!!!!!!!!!!!!!!!!!!!!!!!!!!!!!!!!!!!!!!!!!
20200909 095749.226 INFO             PET3 Running with ESMF Version   : ESMF_8_1_0_beta_snapshot_27-60-g1b38836031
20200909 095749.226 INFO             PET3 ESMF library build date/time: "Sep  9 2020" "09:48:14"
20200909 095749.226 INFO             PET3 ESMF library build location : /project/esmf/himanshu/esmf_test/cronjobs/daily/gfortran/esmf
20200909 095749.226 INFO             PET3 ESMF_COMM                   : mpich3
20200909 095749.226 INFO             PET3 ESMF_NETCDF                 : enabled
20200909 095749.226 INFO             PET3 ESMF_PNETCDF                : disabled
20200909 095749.226 INFO             PET3 ESMF_PIO                    : enabled
20200909 095749.226 INFO             PET3 ESMF_YAMLCPP                : enabled
20200909 095749.226 INFO             PET3 ESMF_MOAB                   : enabled
