20210221 182407.129 INFO             PET3 !!!!!!!!!!!!!!!!!!!!!!!!!!!!!!!!!!!!!!!!!!!!!!!!!!!!!!
20210221 182407.129 INFO             PET3 !!! THE ESMF_LOG IS SET TO OUTPUT ALL LOG MESSAGES !!!
20210221 182407.129 INFO             PET3 !!!     THIS MAY CAUSE SLOWDOWN IN PERFORMANCE     !!!
20210221 182407.129 INFO             PET3 !!! FOR PRODUCTION RUNS, USE:                      !!!
20210221 182407.129 INFO             PET3 !!!                   ESMF_LOGKIND_Multi_On_Error  !!!
20210221 182407.129 INFO             PET3 !!!!!!!!!!!!!!!!!!!!!!!!!!!!!!!!!!!!!!!!!!!!!!!!!!!!!!
20210221 182407.129 INFO             PET3 Running with ESMF Version   : ESMF_8_1_0_beta_snapshot_47
20210221 182407.129 INFO             PET3 ESMF library build date/time: "Feb 21 2021" "18:21:05"
20210221 182407.129 INFO             PET3 ESMF library build location : /project/esmf/bighorn_8.1.0/gfortran/esmf
20210221 182407.129 INFO             PET3 ESMF_COMM                   : mpich3
20210221 182407.129 INFO             PET3 ESMF_MOAB                   : enabled
20210221 182407.129 INFO             PET3 ESMF_LAPACK                 : enabled
20210221 182407.129 INFO             PET3 ESMF_NETCDF                 : disabled
20210221 182407.129 INFO             PET3 ESMF_PNETCDF                : disabled
20210221 182407.129 INFO             PET3 ESMF_PIO                    : enabled
20210221 182407.129 INFO             PET3 ESMF_YAMLCPP                : enabled
20210221 182407.129 INFO             PET3 Finalizing ESMF
20210221 182407.181 INFO             PET3 !!!!!!!!!!!!!!!!!!!!!!!!!!!!!!!!!!!!!!!!!!!!!!!!!!!!!!
20210221 182407.181 INFO             PET3 !!! THE ESMF_LOG IS SET TO OUTPUT ALL LOG MESSAGES !!!
20210221 182407.181 INFO             PET3 !!!     THIS MAY CAUSE SLOWDOWN IN PERFORMANCE     !!!
20210221 182407.181 INFO             PET3 !!! FOR PRODUCTION RUNS, USE:                      !!!
20210221 182407.181 INFO             PET3 !!!                   ESMF_LOGKIND_Multi_On_Error  !!!
20210221 182407.181 INFO             PET3 !!!!!!!!!!!!!!!!!!!!!!!!!!!!!!!!!!!!!!!!!!!!!!!!!!!!!!
20210221 182407.181 INFO             PET3 Running with ESMF Version   : ESMF_8_1_0_beta_snapshot_47
20210221 182407.181 INFO             PET3 ESMF library build date/time: "Feb 21 2021" "18:21:05"
20210221 182407.181 INFO             PET3 ESMF library build location : /project/esmf/bighorn_8.1.0/gfortran/esmf
20210221 182407.181 INFO             PET3 ESMF_COMM                   : mpich3
20210221 182407.181 INFO             PET3 ESMF_MOAB                   : enabled
20210221 182407.181 INFO             PET3 ESMF_LAPACK                 : enabled
20210221 182407.181 INFO             PET3 ESMF_NETCDF                 : disabled
20210221 182407.181 INFO             PET3 ESMF_PNETCDF                : disabled
20210221 182407.181 INFO             PET3 ESMF_PIO                    : enabled
20210221 182407.181 INFO             PET3 ESMF_YAMLCPP                : enabled
20210221 182407.182 INFO             PET3 Finalizing ESMF
20210221 182407.233 INFO             PET3 !!!!!!!!!!!!!!!!!!!!!!!!!!!!!!!!!!!!!!!!!!!!!!!!!!!!!!
20210221 182407.233 INFO             PET3 !!! THE ESMF_LOG IS SET TO OUTPUT ALL LOG MESSAGES !!!
20210221 182407.233 INFO             PET3 !!!     THIS MAY CAUSE SLOWDOWN IN PERFORMANCE     !!!
20210221 182407.233 INFO             PET3 !!! FOR PRODUCTION RUNS, USE:                      !!!
20210221 182407.233 INFO             PET3 !!!                   ESMF_LOGKIND_Multi_On_Error  !!!
20210221 182407.233 INFO             PET3 !!!!!!!!!!!!!!!!!!!!!!!!!!!!!!!!!!!!!!!!!!!!!!!!!!!!!!
20210221 182407.233 INFO             PET3 Running with ESMF Version   : ESMF_8_1_0_beta_snapshot_47
20210221 182407.233 INFO             PET3 ESMF library build date/time: "Feb 21 2021" "18:21:05"
20210221 182407.233 INFO             PET3 ESMF library build location : /project/esmf/bighorn_8.1.0/gfortran/esmf
20210221 182407.233 INFO             PET3 ESMF_COMM                   : mpich3
20210221 182407.233 INFO             PET3 ESMF_MOAB                   : enabled
20210221 182407.233 INFO             PET3 ESMF_LAPACK                 : enabled
20210221 182407.233 INFO             PET3 ESMF_NETCDF                 : disabled
20210221 182407.233 INFO             PET3 ESMF_PNETCDF                : disabled
20210221 182407.233 INFO             PET3 ESMF_PIO                    : enabled
20210221 182407.233 INFO             PET3 ESMF_YAMLCPP                : enabled
20210221 182407.233 INFO             PET3 Finalizing ESMF
Mon Feb 22 04:21:32 MST 2021
