20210223 110829.881 INFO             PET0 !!!!!!!!!!!!!!!!!!!!!!!!!!!!!!!!!!!!!!!!!!!!!!!!!!!!!!
20210223 110829.881 INFO             PET0 !!! THE ESMF_LOG IS SET TO OUTPUT ALL LOG MESSAGES !!!
20210223 110829.881 INFO             PET0 !!!     THIS MAY CAUSE SLOWDOWN IN PERFORMANCE     !!!
20210223 110829.881 INFO             PET0 !!! FOR PRODUCTION RUNS, USE:                      !!!
20210223 110829.881 INFO             PET0 !!!                   ESMF_LOGKIND_Multi_On_Error  !!!
20210223 110829.881 INFO             PET0 !!!!!!!!!!!!!!!!!!!!!!!!!!!!!!!!!!!!!!!!!!!!!!!!!!!!!!
20210223 110829.881 INFO             PET0 Running with ESMF Version   : ESMF_8_1_0_beta_snapshot_47
20210223 110829.881 INFO             PET0 ESMF library build date/time: "Feb 23 2021" "10:59:13"
20210223 110829.881 INFO             PET0 ESMF library build location : /glade/scratch/himanshu/relese_8.1.0/dir/intel_cheyenne/esmf
20210223 110829.881 INFO             PET0 ESMF_COMM                   : intelmpi
20210223 110829.881 INFO             PET0 ESMF_MOAB                   : enabled
20210223 110829.881 INFO             PET0 ESMF_LAPACK                 : enabled
20210223 110829.881 INFO             PET0 ESMF_NETCDF                 : disabled
20210223 110829.881 INFO             PET0 ESMF_PNETCDF                : disabled
20210223 110829.881 INFO             PET0 ESMF_PIO                    : enabled
20210223 110829.881 INFO             PET0 ESMF_YAMLCPP                : enabled
20210223 110829.881 INFO             PET0 Finalizing ESMF
20210223 110829.935 INFO             PET0 !!!!!!!!!!!!!!!!!!!!!!!!!!!!!!!!!!!!!!!!!!!!!!!!!!!!!!
20210223 110829.935 INFO             PET0 !!! THE ESMF_LOG IS SET TO OUTPUT ALL LOG MESSAGES !!!
20210223 110829.935 INFO             PET0 !!!     THIS MAY CAUSE SLOWDOWN IN PERFORMANCE     !!!
20210223 110829.935 INFO             PET0 !!! FOR PRODUCTION RUNS, USE:                      !!!
20210223 110829.935 INFO             PET0 !!!                   ESMF_LOGKIND_Multi_On_Error  !!!
20210223 110829.935 INFO             PET0 !!!!!!!!!!!!!!!!!!!!!!!!!!!!!!!!!!!!!!!!!!!!!!!!!!!!!!
20210223 110829.935 INFO             PET0 Running with ESMF Version   : ESMF_8_1_0_beta_snapshot_47
20210223 110829.935 INFO             PET0 ESMF library build date/time: "Feb 23 2021" "10:59:13"
20210223 110829.935 INFO             PET0 ESMF library build location : /glade/scratch/himanshu/relese_8.1.0/dir/intel_cheyenne/esmf
20210223 110829.935 INFO             PET0 ESMF_COMM                   : intelmpi
20210223 110829.935 INFO             PET0 ESMF_MOAB                   : enabled
20210223 110829.935 INFO             PET0 ESMF_LAPACK                 : enabled
20210223 110829.935 INFO             PET0 ESMF_NETCDF                 : disabled
20210223 110829.935 INFO             PET0 ESMF_PNETCDF                : disabled
20210223 110829.935 INFO             PET0 ESMF_PIO                    : enabled
20210223 110829.935 INFO             PET0 ESMF_YAMLCPP                : enabled
20210223 110829.935 INFO             PET0 Finalizing ESMF
20210223 110829.986 INFO             PET0 !!!!!!!!!!!!!!!!!!!!!!!!!!!!!!!!!!!!!!!!!!!!!!!!!!!!!!
20210223 110829.986 INFO             PET0 !!! THE ESMF_LOG IS SET TO OUTPUT ALL LOG MESSAGES !!!
20210223 110829.986 INFO             PET0 !!!     THIS MAY CAUSE SLOWDOWN IN PERFORMANCE     !!!
20210223 110829.986 INFO             PET0 !!! FOR PRODUCTION RUNS, USE:                      !!!
20210223 110829.986 INFO             PET0 !!!                   ESMF_LOGKIND_Multi_On_Error  !!!
20210223 110829.986 INFO             PET0 !!!!!!!!!!!!!!!!!!!!!!!!!!!!!!!!!!!!!!!!!!!!!!!!!!!!!!
20210223 110829.986 INFO             PET0 Running with ESMF Version   : ESMF_8_1_0_beta_snapshot_47
20210223 110829.986 INFO             PET0 ESMF library build date/time: "Feb 23 2021" "10:59:13"
20210223 110829.986 INFO             PET0 ESMF library build location : /glade/scratch/himanshu/relese_8.1.0/dir/intel_cheyenne/esmf
20210223 110829.986 INFO             PET0 ESMF_COMM                   : intelmpi
20210223 110829.989 INFO             PET0 ESMF_MOAB                   : enabled
20210223 110829.989 INFO             PET0 ESMF_LAPACK                 : enabled
20210223 110829.989 INFO             PET0 ESMF_NETCDF                 : disabled
20210223 110829.989 INFO             PET0 ESMF_PNETCDF                : disabled
20210223 110829.989 INFO             PET0 ESMF_PIO                    : enabled
20210223 110829.989 INFO             PET0 ESMF_YAMLCPP                : enabled
20210223 110829.989 INFO             PET0 Finalizing ESMF
Tue Feb 23 13:31:55 MST 2021
