20210205 100018.123 INFO             PET0 !!!!!!!!!!!!!!!!!!!!!!!!!!!!!!!!!!!!!!!!!!!!!!!!!!!!!!
20210205 100018.124 INFO             PET0 !!! THE ESMF_LOG IS SET TO OUTPUT ALL LOG MESSAGES !!!
20210205 100018.124 INFO             PET0 !!!     THIS MAY CAUSE SLOWDOWN IN PERFORMANCE     !!!
20210205 100018.124 INFO             PET0 !!! FOR PRODUCTION RUNS, USE:                      !!!
20210205 100018.124 INFO             PET0 !!!                   ESMF_LOGKIND_Multi_On_Error  !!!
20210205 100018.124 INFO             PET0 !!!!!!!!!!!!!!!!!!!!!!!!!!!!!!!!!!!!!!!!!!!!!!!!!!!!!!
20210205 100018.124 INFO             PET0 Running with ESMF Version   : ESMF_8_1_0_beta_snapshot_43-54-ga47a4b0b2b
20210205 100018.124 INFO             PET0 ESMF library build date/time: "Feb  5 2021" "09:40:56"
20210205 100018.124 INFO             PET0 ESMF library build location : /project/esmf/himanshu/esmf_test/cronjobs/daily/intelclang/esmf
20210205 100018.124 INFO             PET0 ESMF_COMM                   : mpiuni
20210205 100018.124 INFO             PET0 ESMF_MOAB                   : enabled
20210205 100018.124 INFO             PET0 ESMF_LAPACK                 : enabled
20210205 100018.124 INFO             PET0 ESMF_NETCDF                 : enabled
20210205 100018.124 INFO             PET0 ESMF_PNETCDF                : disabled
20210205 100018.124 INFO             PET0 ESMF_PIO                    : disabled
20210205 100018.124 INFO             PET0 ESMF_YAMLCPP                : enabled
20210205 100018.124 INFO             PET0  NUMBER_OF_PROCESSORS           1
20210205 100018.124 INFO             PET0  PASS  Example ESMF_VMSendVMRecvEx, ESMF_VMSendVMRecvEx.F90, line 120
20210205 100018.124 INFO             PET0 Finalizing ESMF
Fri Feb  5 11:22:19 MST 2021
