20200930 210324.655 INFO             PET0 !!!!!!!!!!!!!!!!!!!!!!!!!!!!!!!!!!!!!!!!!!!!!!!!!!!!!!
20200930 210324.655 INFO             PET0 !!! THE ESMF_LOG IS SET TO OUTPUT ALL LOG MESSAGES !!!
20200930 210324.655 INFO             PET0 !!!     THIS MAY CAUSE SLOWDOWN IN PERFORMANCE     !!!
20200930 210324.655 INFO             PET0 !!! FOR PRODUCTION RUNS, USE:                      !!!
20200930 210324.655 INFO             PET0 !!!                   ESMF_LOGKIND_Multi_On_Error  !!!
20200930 210324.655 INFO             PET0 !!!!!!!!!!!!!!!!!!!!!!!!!!!!!!!!!!!!!!!!!!!!!!!!!!!!!!
20200930 210324.655 INFO             PET0 Running with ESMF Version   : ESMF_8_1_0_beta_snapshot_31
20200930 210324.655 INFO             PET0 ESMF library build date/time: "Sep 30 2020" "21:00:31"
20200930 210324.655 INFO             PET0 ESMF library build location : /glade/scratch/himanshu/scripts_dir/daily/gfortran_cheyenne/esmf
20200930 210324.655 INFO             PET0 ESMF_COMM                   : mpich3
20200930 210324.655 INFO             PET0 ESMF_NETCDF                 : disabled
20200930 210324.655 INFO             PET0 ESMF_PNETCDF                : disabled
20200930 210324.655 INFO             PET0 ESMF_PIO                    : enabled
20200930 210324.655 INFO             PET0 ESMF_YAMLCPP                : enabled
20200930 210324.655 INFO             PET0 ESMF_MOAB                   : enabled
20200930 210324.655 INFO             PET0 Finalizing ESMF
20200930 210324.681 INFO             PET0 !!!!!!!!!!!!!!!!!!!!!!!!!!!!!!!!!!!!!!!!!!!!!!!!!!!!!!
20200930 210324.681 INFO             PET0 !!! THE ESMF_LOG IS SET TO OUTPUT ALL LOG MESSAGES !!!
20200930 210324.681 INFO             PET0 !!!     THIS MAY CAUSE SLOWDOWN IN PERFORMANCE     !!!
20200930 210324.681 INFO             PET0 !!! FOR PRODUCTION RUNS, USE:                      !!!
20200930 210324.681 INFO             PET0 !!!                   ESMF_LOGKIND_Multi_On_Error  !!!
20200930 210324.681 INFO             PET0 !!!!!!!!!!!!!!!!!!!!!!!!!!!!!!!!!!!!!!!!!!!!!!!!!!!!!!
20200930 210324.681 INFO             PET0 Running with ESMF Version   : ESMF_8_1_0_beta_snapshot_31
20200930 210324.681 INFO             PET0 ESMF library build date/time: "Sep 30 2020" "21:00:31"
20200930 210324.681 INFO             PET0 ESMF library build location : /glade/scratch/himanshu/scripts_dir/daily/gfortran_cheyenne/esmf
20200930 210324.681 INFO             PET0 ESMF_COMM                   : mpich3
20200930 210324.681 INFO             PET0 ESMF_NETCDF                 : disabled
20200930 210324.681 INFO             PET0 ESMF_PNETCDF                : disabled
20200930 210324.681 INFO             PET0 ESMF_PIO                    : enabled
20200930 210324.681 INFO             PET0 ESMF_YAMLCPP                : enabled
20200930 210324.681 INFO             PET0 ESMF_MOAB                   : enabled
20200930 210324.681 INFO             PET0 Finalizing ESMF
20200930 210324.706 INFO             PET0 !!!!!!!!!!!!!!!!!!!!!!!!!!!!!!!!!!!!!!!!!!!!!!!!!!!!!!
20200930 210324.707 INFO             PET0 !!! THE ESMF_LOG IS SET TO OUTPUT ALL LOG MESSAGES !!!
20200930 210324.707 INFO             PET0 !!!     THIS MAY CAUSE SLOWDOWN IN PERFORMANCE     !!!
20200930 210324.707 INFO             PET0 !!! FOR PRODUCTION RUNS, USE:                      !!!
20200930 210324.707 INFO             PET0 !!!                   ESMF_LOGKIND_Multi_On_Error  !!!
20200930 210324.707 INFO             PET0 !!!!!!!!!!!!!!!!!!!!!!!!!!!!!!!!!!!!!!!!!!!!!!!!!!!!!!
20200930 210324.707 INFO             PET0 Running with ESMF Version   : ESMF_8_1_0_beta_snapshot_31
20200930 210324.707 INFO             PET0 ESMF library build date/time: "Sep 30 2020" "21:00:31"
20200930 210324.707 INFO             PET0 ESMF library build location : /glade/scratch/himanshu/scripts_dir/daily/gfortran_cheyenne/esmf
20200930 210324.707 INFO             PET0 ESMF_COMM                   : mpich3
20200930 210324.707 INFO             PET0 ESMF_NETCDF                 : disabled
20200930 210324.707 INFO             PET0 ESMF_PNETCDF                : disabled
20200930 210324.707 INFO             PET0 ESMF_PIO                    : enabled
20200930 210324.707 INFO             PET0 ESMF_YAMLCPP                : enabled
20200930 210324.707 INFO             PET0 ESMF_MOAB                   : enabled
20200930 210324.710 INFO             PET0 Finalizing ESMF
