20200919 003242.412 INFO             PET3 !!!!!!!!!!!!!!!!!!!!!!!!!!!!!!!!!!!!!!!!!!!!!!!!!!!!!!
20200919 003242.412 INFO             PET3 !!! THE ESMF_LOG IS SET TO OUTPUT ALL LOG MESSAGES !!!
20200919 003242.412 INFO             PET3 !!!     THIS MAY CAUSE SLOWDOWN IN PERFORMANCE     !!!
20200919 003242.412 INFO             PET3 !!! FOR PRODUCTION RUNS, USE:                      !!!
20200919 003242.412 INFO             PET3 !!!                   ESMF_LOGKIND_Multi_On_Error  !!!
20200919 003242.412 INFO             PET3 !!!!!!!!!!!!!!!!!!!!!!!!!!!!!!!!!!!!!!!!!!!!!!!!!!!!!!
20200919 003242.412 INFO             PET3 Running with ESMF Version   : ESMF_8_1_0_beta_snapshot_28
20200919 003242.412 INFO             PET3 ESMF library build date/time: "Sep 19 2020" "00:29:46"
20200919 003242.412 INFO             PET3 ESMF library build location : /glade/scratch/himanshu/scripts_dir/daily/gfortran_cheyenne/esmf
20200919 003242.412 INFO             PET3 ESMF_COMM                   : mpich3
20200919 003242.412 INFO             PET3 ESMF_NETCDF                 : disabled
20200919 003242.412 INFO             PET3 ESMF_PNETCDF                : disabled
20200919 003242.412 INFO             PET3 ESMF_PIO                    : enabled
20200919 003242.412 INFO             PET3 ESMF_YAMLCPP                : enabled
20200919 003242.412 INFO             PET3 ESMF_MOAB                   : enabled
20200919 003242.413 INFO             PET3 Finalizing ESMF
20200919 003242.436 INFO             PET3 !!!!!!!!!!!!!!!!!!!!!!!!!!!!!!!!!!!!!!!!!!!!!!!!!!!!!!
20200919 003242.436 INFO             PET3 !!! THE ESMF_LOG IS SET TO OUTPUT ALL LOG MESSAGES !!!
20200919 003242.436 INFO             PET3 !!!     THIS MAY CAUSE SLOWDOWN IN PERFORMANCE     !!!
20200919 003242.436 INFO             PET3 !!! FOR PRODUCTION RUNS, USE:                      !!!
20200919 003242.436 INFO             PET3 !!!                   ESMF_LOGKIND_Multi_On_Error  !!!
20200919 003242.436 INFO             PET3 !!!!!!!!!!!!!!!!!!!!!!!!!!!!!!!!!!!!!!!!!!!!!!!!!!!!!!
20200919 003242.436 INFO             PET3 Running with ESMF Version   : ESMF_8_1_0_beta_snapshot_28
20200919 003242.436 INFO             PET3 ESMF library build date/time: "Sep 19 2020" "00:29:46"
20200919 003242.436 INFO             PET3 ESMF library build location : /glade/scratch/himanshu/scripts_dir/daily/gfortran_cheyenne/esmf
20200919 003242.436 INFO             PET3 ESMF_COMM                   : mpich3
20200919 003242.436 INFO             PET3 ESMF_NETCDF                 : disabled
20200919 003242.436 INFO             PET3 ESMF_PNETCDF                : disabled
20200919 003242.436 INFO             PET3 ESMF_PIO                    : enabled
20200919 003242.436 INFO             PET3 ESMF_YAMLCPP                : enabled
20200919 003242.436 INFO             PET3 ESMF_MOAB                   : enabled
20200919 003242.436 INFO             PET3 Finalizing ESMF
20200919 003242.459 INFO             PET3 !!!!!!!!!!!!!!!!!!!!!!!!!!!!!!!!!!!!!!!!!!!!!!!!!!!!!!
20200919 003242.459 INFO             PET3 !!! THE ESMF_LOG IS SET TO OUTPUT ALL LOG MESSAGES !!!
20200919 003242.459 INFO             PET3 !!!     THIS MAY CAUSE SLOWDOWN IN PERFORMANCE     !!!
20200919 003242.459 INFO             PET3 !!! FOR PRODUCTION RUNS, USE:                      !!!
20200919 003242.459 INFO             PET3 !!!                   ESMF_LOGKIND_Multi_On_Error  !!!
20200919 003242.459 INFO             PET3 !!!!!!!!!!!!!!!!!!!!!!!!!!!!!!!!!!!!!!!!!!!!!!!!!!!!!!
20200919 003242.459 INFO             PET3 Running with ESMF Version   : ESMF_8_1_0_beta_snapshot_28
20200919 003242.459 INFO             PET3 ESMF library build date/time: "Sep 19 2020" "00:29:46"
20200919 003242.459 INFO             PET3 ESMF library build location : /glade/scratch/himanshu/scripts_dir/daily/gfortran_cheyenne/esmf
20200919 003242.459 INFO             PET3 ESMF_COMM                   : mpich3
20200919 003242.459 INFO             PET3 ESMF_NETCDF                 : disabled
20200919 003242.459 INFO             PET3 ESMF_PNETCDF                : disabled
20200919 003242.459 INFO             PET3 ESMF_PIO                    : enabled
20200919 003242.459 INFO             PET3 ESMF_YAMLCPP                : enabled
20200919 003242.459 INFO             PET3 ESMF_MOAB                   : enabled
20200919 003242.462 INFO             PET3 Finalizing ESMF
