 
Installing ESMF:
 
mkdir -p /project/esmf/bighorn_8.1.0/gfortran/install_dir/include
cp -f /project/esmf/bighorn_8.1.0/gfortran/esmf/src/include/ESMC.h /project/esmf/bighorn_8.1.0/gfortran/install_dir/include
cp -f /project/esmf/bighorn_8.1.0/gfortran/esmf/src/include/ESMC_*.h /project/esmf/bighorn_8.1.0/gfortran/install_dir/include
cp -f /project/esmf/bighorn_8.1.0/gfortran/esmf/build_config/Linux.gfortran.default/ESMC_Conf.h /project/esmf/bighorn_8.1.0/gfortran/install_dir/include
mkdir -p /project/esmf/bighorn_8.1.0/gfortran/install_dir/mod/modO/Linux.gfortran.64.mpich3.default
cp -f /project/esmf/bighorn_8.1.0/gfortran/esmf/mod/modO/Linux.gfortran.64.mpich3.default/*.mod /project/esmf/bighorn_8.1.0/gfortran/install_dir/mod/modO/Linux.gfortran.64.mpich3.default
mkdir -p /project/esmf/bighorn_8.1.0/gfortran/install_dir/lib/libO/Linux.gfortran.64.mpich3.default
cp -f /project/esmf/bighorn_8.1.0/gfortran/esmf/lib/libO/Linux.gfortran.64.mpich3.default/libesmf*.* /project/esmf/bighorn_8.1.0/gfortran/install_dir/lib/libO/Linux.gfortran.64.mpich3.default
gmake ESMF_PRELOADDIR=/project/esmf/bighorn_8.1.0/gfortran/install_dir/lib/libO/Linux.gfortran.64.mpich3.default build_preload_script
gmake[1]: Entering directory `/project/esmf/bighorn_8.1.0/gfortran/esmf'
chmod 755 /project/esmf/bighorn_8.1.0/gfortran/install_dir/lib/libO/Linux.gfortran.64.mpich3.default/preload.sh
gmake[1]: Leaving directory `/project/esmf/bighorn_8.1.0/gfortran/esmf'
ranlib /project/esmf/bighorn_8.1.0/gfortran/install_dir/lib/libO/Linux.gfortran.64.mpich3.default/libesmf*.a
gmake install_apps
gmake[1]: Entering directory `/project/esmf/bighorn_8.1.0/gfortran/esmf'
mkdir -p /project/esmf/bighorn_8.1.0/gfortran/install_dir/bin/binO/Linux.gfortran.64.mpich3.default
gmake build_apps ESMF_APPSDIR=/project/esmf/bighorn_8.1.0/gfortran/install_dir/bin/binO/Linux.gfortran.64.mpich3.default ESMF_LDIR=/project/esmf/bighorn_8.1.0/gfortran/install_dir/lib/libO/Linux.gfortran.64.mpich3.default ESMF_LIBDIR=/project/esmf/bighorn_8.1.0/gfortran/install_dir/lib/libO/Linux.gfortran.64.mpich3.default ESMF_MODDIR=/project/esmf/bighorn_8.1.0/gfortran/install_dir/mod/modO/Linux.gfortran.64.mpich3.default
gmake[2]: Entering directory `/project/esmf/bighorn_8.1.0/gfortran/esmf'
cd /project/esmf/bighorn_8.1.0/gfortran/esmf/src/apps; gmake ACTION=tree_build_apps tree
gmake[3]: Entering directory `/project/esmf/bighorn_8.1.0/gfortran/esmf/src/apps'
tree_build_apps in: /project/esmf/bighorn_8.1.0/gfortran/esmf/src/apps/ESMF_PrintInfo
gmake[4]: Entering directory `/project/esmf/bighorn_8.1.0/gfortran/esmf/src/apps/ESMF_PrintInfo'
gmake chkdir_locobj
gmake[5]: Entering directory `/project/esmf/bighorn_8.1.0/gfortran/esmf/src/apps/ESMF_PrintInfo'
Making directory /project/esmf/bighorn_8.1.0/gfortran/esmf/obj/objO/Linux.gfortran.64.mpich3.default/src/apps/ESMF_PrintInfo for apps output
gmake[5]: Leaving directory `/project/esmf/bighorn_8.1.0/gfortran/esmf/src/apps/ESMF_PrintInfo'
mpif90 -c -O -fPIC  -m64 -mcmodel=small -pthread -ffree-line-length-none  -fopenmp -I/project/esmf/bighorn_8.1.0/gfortran/esmf/src/apps/ESMF_PrintInfo -I/project/esmf/bighorn_8.1.0/gfortran/esmf/build_config/Linux.gfortran.default -I/project/esmf/bighorn_8.1.0/gfortran/esmf/src/Infrastructure -I/project/esmf/bighorn_8.1.0/gfortran/esmf/src/Superstructure -I/project/esmf/bighorn_8.1.0/gfortran/install_dir/mod/modO/Linux.gfortran.64.mpich3.default -I/project/esmf/bighorn_8.1.0/gfortran/esmf/src/include   -DESMF_NO_INTEGER_1_BYTE -DESMF_NO_INTEGER_2_BYTE -DESMFVERSIONGIT='"ESMF_8_1_0_beta_snapshot_47"' -DESMF_MOAB=1 -DESMF_LAPACK=1 -DESMF_LAPACK_INTERNAL=1 -DESMF_NO_ACC_SOFTWARE_STACK=1 -DESMF_YAMLCPP=1 -DESMF_YAML=1 -DESMF_PIO=1 -DESMF_MPIIO -DESMF_NO_OPENACC -DESMF_TESTEXHAUSTIVE -DESMF_BOPT_O -DESMF_TESTCOMPTUNNEL -DSx86_64_small=1 -DESMF_OS_Linux=1 -DESMF_COMM=mpich3 -DESMF_DIR=/project/esmf/bighorn_8.1.0/gfortran/esmf ESMF_PrintInfo.F90 -o /project/esmf/bighorn_8.1.0/gfortran/esmf/obj/objO/Linux.gfortran.64.mpich3.default/src/apps/ESMF_PrintInfo/ESMF_PrintInfo.o
gmake chkdir_apps
gmake[5]: Entering directory `/project/esmf/bighorn_8.1.0/gfortran/esmf/src/apps/ESMF_PrintInfo'
gmake[5]: Leaving directory `/project/esmf/bighorn_8.1.0/gfortran/esmf/src/apps/ESMF_PrintInfo'
mpif90     -m64 -mcmodel=small -pthread -Wl,--no-as-needed  -fopenmp -L/project/esmf/bighorn_8.1.0/gfortran/install_dir/lib/libO/Linux.gfortran.64.mpich3.default  -L/usr/local/gcc-g++-gfortran-8.1.0/lib/gcc/x86_64-pc-linux-gnu/8.1.0/../../../../lib64/ -Wl,-rpath,/project/esmf/bighorn_8.1.0/gfortran/install_dir/lib/libO/Linux.gfortran.64.mpich3.default  -Wl,-rpath,/usr/local/gcc-g++-gfortran-8.1.0/lib/gcc/x86_64-pc-linux-gnu/8.1.0/../../../../lib64/ -o /project/esmf/bighorn_8.1.0/gfortran/install_dir/bin/binO/Linux.gfortran.64.mpich3.default/ESMF_PrintInfo /project/esmf/bighorn_8.1.0/gfortran/esmf/obj/objO/Linux.gfortran.64.mpich3.default/src/apps/ESMF_PrintInfo/ESMF_PrintInfo.o -lesmf  -lrt -lstdc++ -ldl
gmake[4]: Leaving directory `/project/esmf/bighorn_8.1.0/gfortran/esmf/src/apps/ESMF_PrintInfo'
tree_build_apps in: /project/esmf/bighorn_8.1.0/gfortran/esmf/src/apps/ESMF_PrintInfoC
gmake[4]: Entering directory `/project/esmf/bighorn_8.1.0/gfortran/esmf/src/apps/ESMF_PrintInfoC'
gmake chkdir_locobj
gmake[5]: Entering directory `/project/esmf/bighorn_8.1.0/gfortran/esmf/src/apps/ESMF_PrintInfoC'
Making directory /project/esmf/bighorn_8.1.0/gfortran/esmf/obj/objO/Linux.gfortran.64.mpich3.default/src/apps/ESMF_PrintInfoC for apps output
gmake[5]: Leaving directory `/project/esmf/bighorn_8.1.0/gfortran/esmf/src/apps/ESMF_PrintInfoC'
mpicxx -c -std=c++11 -O -DNDEBUG -fPIC -DESMF_LOWERCASE_SINGLEUNDERSCORE -m64 -mcmodel=small -pthread  -fopenmp -I/project/esmf/bighorn_8.1.0/gfortran/esmf/src/apps/ESMF_PrintInfoC -I/project/esmf/bighorn_8.1.0/gfortran/esmf/src/apps/ESMF_PrintInfoC/../include -I/project/esmf/bighorn_8.1.0/gfortran/esmf/build_config/Linux.gfortran.default -I/project/esmf/bighorn_8.1.0/gfortran/esmf/src/Infrastructure -I/project/esmf/bighorn_8.1.0/gfortran/esmf/src/Superstructure -I/project/esmf/bighorn_8.1.0/gfortran/esmf/src/Infrastructure/stubs/pthread  -I/project/esmf/bighorn_8.1.0/gfortran/esmf/src/include   -I/project/esmf/bighorn_8.1.0/gfortran/esmf/src/prologue/yaml-cpp/include -DESMF_NO_INTEGER_1_BYTE -DESMF_NO_INTEGER_2_BYTE -DESMFVERSIONGIT='"ESMF_8_1_0_beta_snapshot_47"' -DESMF_MOAB=1 -DESMF_LAPACK=1 -DESMF_LAPACK_INTERNAL=1 -DESMF_NO_ACC_SOFTWARE_STACK=1 -DESMF_YAMLCPP=1 -DESMF_YAML=1 -DESMF_PIO=1 -DESMF_MPIIO -DESMF_NO_OPENACC -DESMF_TESTEXHAUSTIVE -DESMF_BOPT_O -DESMF_TESTCOMPTUNNEL -DSx86_64_small=1 -DESMF_OS_Linux=1 -DESMF_COMM=mpich3 -DESMF_DIR=/project/esmf/bighorn_8.1.0/gfortran/esmf -D__SDIR__='"src/apps/ESMF_PrintInfoC"' -DESMF_CXXSTD=11 ESMF_PrintInfoC.c -o /project/esmf/bighorn_8.1.0/gfortran/esmf/obj/objO/Linux.gfortran.64.mpich3.default/src/apps/ESMF_PrintInfoC/ESMF_PrintInfoC.o
gmake chkdir_apps
gmake[5]: Entering directory `/project/esmf/bighorn_8.1.0/gfortran/esmf/src/apps/ESMF_PrintInfoC'
gmake[5]: Leaving directory `/project/esmf/bighorn_8.1.0/gfortran/esmf/src/apps/ESMF_PrintInfoC'
mpicxx    -m64 -mcmodel=small -pthread -Wl,--no-as-needed  -fopenmp -L/project/esmf/bighorn_8.1.0/gfortran/install_dir/lib/libO/Linux.gfortran.64.mpich3.default  -L/usr/local/gcc-g++-gfortran-8.1.0/lib/gcc/x86_64-pc-linux-gnu/8.1.0/../../../../lib64/ -Wl,-rpath,/project/esmf/bighorn_8.1.0/gfortran/install_dir/lib/libO/Linux.gfortran.64.mpich3.default  -Wl,-rpath,/usr/local/gcc-g++-gfortran-8.1.0/lib/gcc/x86_64-pc-linux-gnu/8.1.0/../../../../lib64/ -o /project/esmf/bighorn_8.1.0/gfortran/install_dir/bin/binO/Linux.gfortran.64.mpich3.default/ESMF_PrintInfoC /project/esmf/bighorn_8.1.0/gfortran/esmf/obj/objO/Linux.gfortran.64.mpich3.default/src/apps/ESMF_PrintInfoC/ESMF_PrintInfoC.o -lesmf  -lmpifort -lrt -lgfortran -ldl
gmake[4]: Leaving directory `/project/esmf/bighorn_8.1.0/gfortran/esmf/src/apps/ESMF_PrintInfoC'
tree_build_apps in: /project/esmf/bighorn_8.1.0/gfortran/esmf/src/apps/ESMF_RegridWeightGen
gmake[4]: Entering directory `/project/esmf/bighorn_8.1.0/gfortran/esmf/src/apps/ESMF_RegridWeightGen'
gmake chkdir_locobj
gmake[5]: Entering directory `/project/esmf/bighorn_8.1.0/gfortran/esmf/src/apps/ESMF_RegridWeightGen'
Making directory /project/esmf/bighorn_8.1.0/gfortran/esmf/obj/objO/Linux.gfortran.64.mpich3.default/src/apps/ESMF_RegridWeightGen for apps output
gmake[5]: Leaving directory `/project/esmf/bighorn_8.1.0/gfortran/esmf/src/apps/ESMF_RegridWeightGen'
mpif90 -c -O -fPIC  -m64 -mcmodel=small -pthread -ffree-line-length-none  -fopenmp -I/project/esmf/bighorn_8.1.0/gfortran/esmf/src/apps/ESMF_RegridWeightGen -I/project/esmf/bighorn_8.1.0/gfortran/esmf/build_config/Linux.gfortran.default -I/project/esmf/bighorn_8.1.0/gfortran/esmf/src/Infrastructure -I/project/esmf/bighorn_8.1.0/gfortran/esmf/src/Superstructure -I/project/esmf/bighorn_8.1.0/gfortran/install_dir/mod/modO/Linux.gfortran.64.mpich3.default -I/project/esmf/bighorn_8.1.0/gfortran/esmf/src/include   -DESMF_NO_INTEGER_1_BYTE -DESMF_NO_INTEGER_2_BYTE -DESMFVERSIONGIT='"ESMF_8_1_0_beta_snapshot_47"' -DESMF_MOAB=1 -DESMF_LAPACK=1 -DESMF_LAPACK_INTERNAL=1 -DESMF_NO_ACC_SOFTWARE_STACK=1 -DESMF_YAMLCPP=1 -DESMF_YAML=1 -DESMF_PIO=1 -DESMF_MPIIO -DESMF_NO_OPENACC -DESMF_TESTEXHAUSTIVE -DESMF_BOPT_O -DESMF_TESTCOMPTUNNEL -DSx86_64_small=1 -DESMF_OS_Linux=1 -DESMF_COMM=mpich3 -DESMF_DIR=/project/esmf/bighorn_8.1.0/gfortran/esmf ESMF_RegridWeightGen.F90 -o /project/esmf/bighorn_8.1.0/gfortran/esmf/obj/objO/Linux.gfortran.64.mpich3.default/src/apps/ESMF_RegridWeightGen/ESMF_RegridWeightGen.o
gmake chkdir_apps
gmake[5]: Entering directory `/project/esmf/bighorn_8.1.0/gfortran/esmf/src/apps/ESMF_RegridWeightGen'
gmake[5]: Leaving directory `/project/esmf/bighorn_8.1.0/gfortran/esmf/src/apps/ESMF_RegridWeightGen'
mpif90     -m64 -mcmodel=small -pthread -Wl,--no-as-needed  -fopenmp -L/project/esmf/bighorn_8.1.0/gfortran/install_dir/lib/libO/Linux.gfortran.64.mpich3.default  -L/usr/local/gcc-g++-gfortran-8.1.0/lib/gcc/x86_64-pc-linux-gnu/8.1.0/../../../../lib64/ -Wl,-rpath,/project/esmf/bighorn_8.1.0/gfortran/install_dir/lib/libO/Linux.gfortran.64.mpich3.default  -Wl,-rpath,/usr/local/gcc-g++-gfortran-8.1.0/lib/gcc/x86_64-pc-linux-gnu/8.1.0/../../../../lib64/ -o /project/esmf/bighorn_8.1.0/gfortran/install_dir/bin/binO/Linux.gfortran.64.mpich3.default/ESMF_RegridWeightGen /project/esmf/bighorn_8.1.0/gfortran/esmf/obj/objO/Linux.gfortran.64.mpich3.default/src/apps/ESMF_RegridWeightGen/ESMF_RegridWeightGen.o -lesmf  -lrt -lstdc++ -ldl
gmake[4]: Leaving directory `/project/esmf/bighorn_8.1.0/gfortran/esmf/src/apps/ESMF_RegridWeightGen'
tree_build_apps in: /project/esmf/bighorn_8.1.0/gfortran/esmf/src/apps/ESMF_WebServController
gmake[4]: Entering directory `/project/esmf/bighorn_8.1.0/gfortran/esmf/src/apps/ESMF_WebServController'
gmake chkdir_locobj
gmake[5]: Entering directory `/project/esmf/bighorn_8.1.0/gfortran/esmf/src/apps/ESMF_WebServController'
Making directory /project/esmf/bighorn_8.1.0/gfortran/esmf/obj/objO/Linux.gfortran.64.mpich3.default/src/apps/ESMF_WebServController for apps output
gmake[5]: Leaving directory `/project/esmf/bighorn_8.1.0/gfortran/esmf/src/apps/ESMF_WebServController'
mpicxx -c -std=c++11 -O -DNDEBUG -fPIC -DESMF_LOWERCASE_SINGLEUNDERSCORE -m64 -mcmodel=small -pthread  -fopenmp -I/project/esmf/bighorn_8.1.0/gfortran/esmf/src/apps/ESMF_WebServController -I/project/esmf/bighorn_8.1.0/gfortran/esmf/src/apps/ESMF_WebServController/../include -I/project/esmf/bighorn_8.1.0/gfortran/esmf/build_config/Linux.gfortran.default -I/project/esmf/bighorn_8.1.0/gfortran/esmf/src/Infrastructure -I/project/esmf/bighorn_8.1.0/gfortran/esmf/src/Superstructure -I/project/esmf/bighorn_8.1.0/gfortran/esmf/src/Infrastructure/stubs/pthread  -I/project/esmf/bighorn_8.1.0/gfortran/esmf/src/include   -I/project/esmf/bighorn_8.1.0/gfortran/esmf/src/prologue/yaml-cpp/include -DESMF_NO_INTEGER_1_BYTE -DESMF_NO_INTEGER_2_BYTE -DESMFVERSIONGIT='"ESMF_8_1_0_beta_snapshot_47"' -DESMF_MOAB=1 -DESMF_LAPACK=1 -DESMF_LAPACK_INTERNAL=1 -DESMF_NO_ACC_SOFTWARE_STACK=1 -DESMF_YAMLCPP=1 -DESMF_YAML=1 -DESMF_PIO=1 -DESMF_MPIIO -DESMF_NO_OPENACC -DESMF_TESTEXHAUSTIVE -DESMF_BOPT_O -DESMF_TESTCOMPTUNNEL -DSx86_64_small=1 -DESMF_OS_Linux=1 -DESMF_COMM=mpich3 -DESMF_DIR=/project/esmf/bighorn_8.1.0/gfortran/esmf -D__SDIR__='"src/apps/ESMF_WebServController"' -DESMF_CXXSTD=11 ESMF_WebServController.C -o /project/esmf/bighorn_8.1.0/gfortran/esmf/obj/objO/Linux.gfortran.64.mpich3.default/src/apps/ESMF_WebServController/ESMF_WebServController.o
gmake chkdir_apps
gmake[5]: Entering directory `/project/esmf/bighorn_8.1.0/gfortran/esmf/src/apps/ESMF_WebServController'
gmake[5]: Leaving directory `/project/esmf/bighorn_8.1.0/gfortran/esmf/src/apps/ESMF_WebServController'
mpicxx    -m64 -mcmodel=small -pthread -Wl,--no-as-needed  -fopenmp -L/project/esmf/bighorn_8.1.0/gfortran/install_dir/lib/libO/Linux.gfortran.64.mpich3.default  -L/usr/local/gcc-g++-gfortran-8.1.0/lib/gcc/x86_64-pc-linux-gnu/8.1.0/../../../../lib64/ -Wl,-rpath,/project/esmf/bighorn_8.1.0/gfortran/install_dir/lib/libO/Linux.gfortran.64.mpich3.default  -Wl,-rpath,/usr/local/gcc-g++-gfortran-8.1.0/lib/gcc/x86_64-pc-linux-gnu/8.1.0/../../../../lib64/ -o /project/esmf/bighorn_8.1.0/gfortran/install_dir/bin/binO/Linux.gfortran.64.mpich3.default/ESMF_WebServController /project/esmf/bighorn_8.1.0/gfortran/esmf/obj/objO/Linux.gfortran.64.mpich3.default/src/apps/ESMF_WebServController/ESMF_WebServController.o -lesmf  -lmpifort -lrt -lgfortran -ldl
gmake[4]: Leaving directory `/project/esmf/bighorn_8.1.0/gfortran/esmf/src/apps/ESMF_WebServController'
tree_build_apps in: /project/esmf/bighorn_8.1.0/gfortran/esmf/src/apps/ESMF_Scrip2Unstruct
gmake[4]: Entering directory `/project/esmf/bighorn_8.1.0/gfortran/esmf/src/apps/ESMF_Scrip2Unstruct'
gmake chkdir_locobj
gmake[5]: Entering directory `/project/esmf/bighorn_8.1.0/gfortran/esmf/src/apps/ESMF_Scrip2Unstruct'
Making directory /project/esmf/bighorn_8.1.0/gfortran/esmf/obj/objO/Linux.gfortran.64.mpich3.default/src/apps/ESMF_Scrip2Unstruct for apps output
gmake[5]: Leaving directory `/project/esmf/bighorn_8.1.0/gfortran/esmf/src/apps/ESMF_Scrip2Unstruct'
mpicxx -c -std=c++11 -O -DNDEBUG -fPIC -DESMF_LOWERCASE_SINGLEUNDERSCORE -m64 -mcmodel=small -pthread  -fopenmp -I/project/esmf/bighorn_8.1.0/gfortran/esmf/src/apps/ESMF_Scrip2Unstruct -I/project/esmf/bighorn_8.1.0/gfortran/esmf/src/apps/ESMF_Scrip2Unstruct/../include -I/project/esmf/bighorn_8.1.0/gfortran/esmf/build_config/Linux.gfortran.default -I/project/esmf/bighorn_8.1.0/gfortran/esmf/src/Infrastructure -I/project/esmf/bighorn_8.1.0/gfortran/esmf/src/Superstructure -I/project/esmf/bighorn_8.1.0/gfortran/esmf/src/Infrastructure/stubs/pthread  -I/project/esmf/bighorn_8.1.0/gfortran/esmf/src/include   -I/project/esmf/bighorn_8.1.0/gfortran/esmf/src/prologue/yaml-cpp/include -DESMF_NO_INTEGER_1_BYTE -DESMF_NO_INTEGER_2_BYTE -DESMFVERSIONGIT='"ESMF_8_1_0_beta_snapshot_47"' -DESMF_MOAB=1 -DESMF_LAPACK=1 -DESMF_LAPACK_INTERNAL=1 -DESMF_NO_ACC_SOFTWARE_STACK=1 -DESMF_YAMLCPP=1 -DESMF_YAML=1 -DESMF_PIO=1 -DESMF_MPIIO -DESMF_NO_OPENACC -DESMF_TESTEXHAUSTIVE -DESMF_BOPT_O -DESMF_TESTCOMPTUNNEL -DSx86_64_small=1 -DESMF_OS_Linux=1 -DESMF_COMM=mpich3 -DESMF_DIR=/project/esmf/bighorn_8.1.0/gfortran/esmf -D__SDIR__='"src/apps/ESMF_Scrip2Unstruct"' -DESMF_CXXSTD=11 ESMF_Scrip2Unstruct.C -o /project/esmf/bighorn_8.1.0/gfortran/esmf/obj/objO/Linux.gfortran.64.mpich3.default/src/apps/ESMF_Scrip2Unstruct/ESMF_Scrip2Unstruct.o
gmake chkdir_apps
gmake[5]: Entering directory `/project/esmf/bighorn_8.1.0/gfortran/esmf/src/apps/ESMF_Scrip2Unstruct'
gmake[5]: Leaving directory `/project/esmf/bighorn_8.1.0/gfortran/esmf/src/apps/ESMF_Scrip2Unstruct'
mpicxx    -m64 -mcmodel=small -pthread -Wl,--no-as-needed  -fopenmp -L/project/esmf/bighorn_8.1.0/gfortran/install_dir/lib/libO/Linux.gfortran.64.mpich3.default  -L/usr/local/gcc-g++-gfortran-8.1.0/lib/gcc/x86_64-pc-linux-gnu/8.1.0/../../../../lib64/ -Wl,-rpath,/project/esmf/bighorn_8.1.0/gfortran/install_dir/lib/libO/Linux.gfortran.64.mpich3.default  -Wl,-rpath,/usr/local/gcc-g++-gfortran-8.1.0/lib/gcc/x86_64-pc-linux-gnu/8.1.0/../../../../lib64/ -o /project/esmf/bighorn_8.1.0/gfortran/install_dir/bin/binO/Linux.gfortran.64.mpich3.default/ESMF_Scrip2Unstruct /project/esmf/bighorn_8.1.0/gfortran/esmf/obj/objO/Linux.gfortran.64.mpich3.default/src/apps/ESMF_Scrip2Unstruct/ESMF_Scrip2Unstruct.o -lesmf  -lmpifort -lrt -lgfortran -ldl
gmake[4]: Leaving directory `/project/esmf/bighorn_8.1.0/gfortran/esmf/src/apps/ESMF_Scrip2Unstruct'
tree_build_apps in: /project/esmf/bighorn_8.1.0/gfortran/esmf/src/apps/ESMF_Regrid
gmake[4]: Entering directory `/project/esmf/bighorn_8.1.0/gfortran/esmf/src/apps/ESMF_Regrid'
gmake chkdir_locobj
gmake[5]: Entering directory `/project/esmf/bighorn_8.1.0/gfortran/esmf/src/apps/ESMF_Regrid'
Making directory /project/esmf/bighorn_8.1.0/gfortran/esmf/obj/objO/Linux.gfortran.64.mpich3.default/src/apps/ESMF_Regrid for apps output
gmake[5]: Leaving directory `/project/esmf/bighorn_8.1.0/gfortran/esmf/src/apps/ESMF_Regrid'
mpif90 -c -O -fPIC  -m64 -mcmodel=small -pthread -ffree-line-length-none  -fopenmp -I/project/esmf/bighorn_8.1.0/gfortran/esmf/src/apps/ESMF_Regrid -I/project/esmf/bighorn_8.1.0/gfortran/esmf/build_config/Linux.gfortran.default -I/project/esmf/bighorn_8.1.0/gfortran/esmf/src/Infrastructure -I/project/esmf/bighorn_8.1.0/gfortran/esmf/src/Superstructure -I/project/esmf/bighorn_8.1.0/gfortran/install_dir/mod/modO/Linux.gfortran.64.mpich3.default -I/project/esmf/bighorn_8.1.0/gfortran/esmf/src/include   -DESMF_NO_INTEGER_1_BYTE -DESMF_NO_INTEGER_2_BYTE -DESMFVERSIONGIT='"ESMF_8_1_0_beta_snapshot_47"' -DESMF_MOAB=1 -DESMF_LAPACK=1 -DESMF_LAPACK_INTERNAL=1 -DESMF_NO_ACC_SOFTWARE_STACK=1 -DESMF_YAMLCPP=1 -DESMF_YAML=1 -DESMF_PIO=1 -DESMF_MPIIO -DESMF_NO_OPENACC -DESMF_TESTEXHAUSTIVE -DESMF_BOPT_O -DESMF_TESTCOMPTUNNEL -DSx86_64_small=1 -DESMF_OS_Linux=1 -DESMF_COMM=mpich3 -DESMF_DIR=/project/esmf/bighorn_8.1.0/gfortran/esmf ESMF_Regrid.F90 -o /project/esmf/bighorn_8.1.0/gfortran/esmf/obj/objO/Linux.gfortran.64.mpich3.default/src/apps/ESMF_Regrid/ESMF_Regrid.o
gmake chkdir_apps
gmake[5]: Entering directory `/project/esmf/bighorn_8.1.0/gfortran/esmf/src/apps/ESMF_Regrid'
gmake[5]: Leaving directory `/project/esmf/bighorn_8.1.0/gfortran/esmf/src/apps/ESMF_Regrid'
mpif90     -m64 -mcmodel=small -pthread -Wl,--no-as-needed  -fopenmp -L/project/esmf/bighorn_8.1.0/gfortran/install_dir/lib/libO/Linux.gfortran.64.mpich3.default  -L/usr/local/gcc-g++-gfortran-8.1.0/lib/gcc/x86_64-pc-linux-gnu/8.1.0/../../../../lib64/ -Wl,-rpath,/project/esmf/bighorn_8.1.0/gfortran/install_dir/lib/libO/Linux.gfortran.64.mpich3.default  -Wl,-rpath,/usr/local/gcc-g++-gfortran-8.1.0/lib/gcc/x86_64-pc-linux-gnu/8.1.0/../../../../lib64/ -o /project/esmf/bighorn_8.1.0/gfortran/install_dir/bin/binO/Linux.gfortran.64.mpich3.default/ESMF_Regrid /project/esmf/bighorn_8.1.0/gfortran/esmf/obj/objO/Linux.gfortran.64.mpich3.default/src/apps/ESMF_Regrid/ESMF_Regrid.o -lesmf  -lrt -lstdc++ -ldl
gmake[4]: Leaving directory `/project/esmf/bighorn_8.1.0/gfortran/esmf/src/apps/ESMF_Regrid'
gmake[3]: Leaving directory `/project/esmf/bighorn_8.1.0/gfortran/esmf/src/apps'
ESMF apps built successfully.
gmake[2]: Leaving directory `/project/esmf/bighorn_8.1.0/gfortran/esmf'
gmake[1]: Leaving directory `/project/esmf/bighorn_8.1.0/gfortran/esmf'
mkdir -p /project/esmf/bighorn_8.1.0/gfortran/install_dir/doc
gmake install_info_mk
gmake[1]: Entering directory `/project/esmf/bighorn_8.1.0/gfortran/esmf'
gmake info_mk ESMF_APPSDIR=/project/esmf/bighorn_8.1.0/gfortran/install_dir/bin/binO/Linux.gfortran.64.mpich3.default ESMF_LDIR=/project/esmf/bighorn_8.1.0/gfortran/install_dir/lib/libO/Linux.gfortran.64.mpich3.default ESMF_LIBDIR=/project/esmf/bighorn_8.1.0/gfortran/install_dir/lib/libO/Linux.gfortran.64.mpich3.default ESMF_MODDIR=/project/esmf/bighorn_8.1.0/gfortran/install_dir/mod/modO/Linux.gfortran.64.mpich3.default ESMF_INCDIR=/project/esmf/bighorn_8.1.0/gfortran/install_dir/include
gmake[2]: Entering directory `/project/esmf/bighorn_8.1.0/gfortran/esmf'
gmake[2]: Leaving directory `/project/esmf/bighorn_8.1.0/gfortran/esmf'
gmake[1]: Leaving directory `/project/esmf/bighorn_8.1.0/gfortran/esmf'
 
ESMF installation complete.
 
Mon Feb 22 04:22:50 MST 2021
