/Library/Developer/CommandLineTools/usr/bin/make ACTION=tree_build_quick_start tree
tree_build_quick_start in: /project/esmf/himanshu/esmf_test/cronjobs/daily/intelclang/esmf/src
tree_build_quick_start in: /project/esmf/himanshu/esmf_test/cronjobs/daily/intelclang/esmf/src/prologue
tree_build_quick_start in: /project/esmf/himanshu/esmf_test/cronjobs/daily/intelclang/esmf/src/prologue/tests
tree_build_quick_start in: /project/esmf/himanshu/esmf_test/cronjobs/daily/intelclang/esmf/src/prologue/yaml-cpp
tree_build_quick_start in: /project/esmf/himanshu/esmf_test/cronjobs/daily/intelclang/esmf/src/prologue/yaml-cpp/src
tree_build_quick_start in: /project/esmf/himanshu/esmf_test/cronjobs/daily/intelclang/esmf/src/test_harness
tree_build_quick_start in: /project/esmf/himanshu/esmf_test/cronjobs/daily/intelclang/esmf/src/test_harness/src
tree_build_quick_start in: /project/esmf/himanshu/esmf_test/cronjobs/daily/intelclang/esmf/src/Infrastructure
tree_build_quick_start in: /project/esmf/himanshu/esmf_test/cronjobs/daily/intelclang/esmf/src/Infrastructure/stubs
tree_build_quick_start in: /project/esmf/himanshu/esmf_test/cronjobs/daily/intelclang/esmf/src/Infrastructure/stubs/mpiuni
tree_build_quick_start in: /project/esmf/himanshu/esmf_test/cronjobs/daily/intelclang/esmf/src/Infrastructure/Util
tree_build_quick_start in: /project/esmf/himanshu/esmf_test/cronjobs/daily/intelclang/esmf/src/Infrastructure/Util/src
tree_build_quick_start in: /project/esmf/himanshu/esmf_test/cronjobs/daily/intelclang/esmf/src/Infrastructure/Util/interface
tree_build_quick_start in: /project/esmf/himanshu/esmf_test/cronjobs/daily/intelclang/esmf/src/Infrastructure/Util/tests
tree_build_quick_start in: /project/esmf/himanshu/esmf_test/cronjobs/daily/intelclang/esmf/src/Infrastructure/Util/examples
tree_build_quick_start in: /project/esmf/himanshu/esmf_test/cronjobs/daily/intelclang/esmf/src/Infrastructure/Util/doc
tree_build_quick_start in: /project/esmf/himanshu/esmf_test/cronjobs/daily/intelclang/esmf/src/Infrastructure/LogErr
tree_build_quick_start in: /project/esmf/himanshu/esmf_test/cronjobs/daily/intelclang/esmf/src/Infrastructure/LogErr/src
tree_build_quick_start in: /project/esmf/himanshu/esmf_test/cronjobs/daily/intelclang/esmf/src/Infrastructure/LogErr/interface
tree_build_quick_start in: /project/esmf/himanshu/esmf_test/cronjobs/daily/intelclang/esmf/src/Infrastructure/LogErr/examples
tree_build_quick_start in: /project/esmf/himanshu/esmf_test/cronjobs/daily/intelclang/esmf/src/Infrastructure/LogErr/doc
tree_build_quick_start in: /project/esmf/himanshu/esmf_test/cronjobs/daily/intelclang/esmf/src/Infrastructure/LogErr/tests
tree_build_quick_start in: /project/esmf/himanshu/esmf_test/cronjobs/daily/intelclang/esmf/src/Infrastructure/VM
tree_build_quick_start in: /project/esmf/himanshu/esmf_test/cronjobs/daily/intelclang/esmf/src/Infrastructure/VM/src
tree_build_quick_start in: /project/esmf/himanshu/esmf_test/cronjobs/daily/intelclang/esmf/src/Infrastructure/VM/src/acc
tree_build_quick_start in: /project/esmf/himanshu/esmf_test/cronjobs/daily/intelclang/esmf/src/Infrastructure/VM/interface
tree_build_quick_start in: /project/esmf/himanshu/esmf_test/cronjobs/daily/intelclang/esmf/src/Infrastructure/VM/doc
tree_build_quick_start in: /project/esmf/himanshu/esmf_test/cronjobs/daily/intelclang/esmf/src/Infrastructure/VM/examples
tree_build_quick_start in: /project/esmf/himanshu/esmf_test/cronjobs/daily/intelclang/esmf/src/Infrastructure/VM/tests
tree_build_quick_start in: /project/esmf/himanshu/esmf_test/cronjobs/daily/intelclang/esmf/src/Infrastructure/Trace
tree_build_quick_start in: /project/esmf/himanshu/esmf_test/cronjobs/daily/intelclang/esmf/src/Infrastructure/Trace/src
tree_build_quick_start in: /project/esmf/himanshu/esmf_test/cronjobs/daily/intelclang/esmf/src/Infrastructure/Trace/interface
tree_build_quick_start in: /project/esmf/himanshu/esmf_test/cronjobs/daily/intelclang/esmf/src/Infrastructure/Trace/tests
tree_build_quick_start in: /project/esmf/himanshu/esmf_test/cronjobs/daily/intelclang/esmf/src/Infrastructure/Trace/doc
tree_build_quick_start in: /project/esmf/himantree_build_quick_start in: /project/esmf/himanshu/esmf_test/cronjobs/daily/intetree_build_quick_start in: /project/esmf/himanshu/esmf_test/cronjobs/daily/intelclang/esmf/stree_build_quick_start tree_build_quick_start in: /project/esmf/himanshu/esmf_test/cronjobs/daily/intelclang/esmf/src/Infrastructure/Base/src
tree_build_quick_start in: /project/esmf/himanshu/esmf_test/cronjobs/daily/intelclang/esmf/stree_build_quick_start in: /projetree_build_quick_start in: /project/esmf/himanshu/esmf_test/cronjobs/daily/intelclang/esmf/stree_build_quick_start in: /ptree_build_quick_start in: /project/esmf/himanshu/esmf_test/cronjobs/daily/intelclang/esmf/src/Infrastructure/Base/examples
tree_build_quick_start in: /project/esmf/himanshu/esmf_test/cronjobs/daily/intelclang/esmf/src/Infrastructure/Base/doc
tree_build_quick_start in: /project/esmf/himanshu/esmf_test/cronjobs/daily/intelclang/esmf/src/Infrastructure/TimeMgr
tree_build_quick_start in: /project/esmf/himanshu/esmf_test/cronjobs/daily/intelclang/esmf/stree_build_quick_start in: /prtree_build_quick_start in: /project/esmf/himanshu/esmf_test/cronjobs/daily/intelclang/esmf/src/Infrastructure/TimeMgr/interface
/project/esmf/himanshu/esmf_test/cronjobs/daily/intelclang/esmf/obj/objO/Darwin.intelclang.64.mpiuni.default/src_Infrastructure_TimeMgr_interface_depend.mk:17: *** multiple target patterns.  Stop.
make[4]: *** [tree] Error 1
make[3]: *** [tree] Error 1
make[2]: *** [tree] Error 1
make[1]: *** [tree] Error 1
make: *** [build_quick_start] Error 2
ke[2]: *** [tree] Error 1
make[1]: *** [tree] Error 1
make: *** [build_quick_start] Error 2
Sat Dec 26 15:29:09 MST 2020
Sat Dec 26 15:29:09 MST 2020
