20200914 104804.741 INFO             PET0 !!!!!!!!!!!!!!!!!!!!!!!!!!!!!!!!!!!!!!!!!!!!!!!!!!!!!!
20200914 104804.741 INFO             PET0 !!! THE ESMF_LOG IS SET TO OUTPUT ALL LOG MESSAGES !!!
20200914 104804.741 INFO             PET0 !!!     THIS MAY CAUSE SLOWDOWN IN PERFORMANCE     !!!
20200914 104804.741 INFO             PET0 !!! FOR PRODUCTION RUNS, USE:                      !!!
20200914 104804.741 INFO             PET0 !!!                   ESMF_LOGKIND_Multi_On_Error  !!!
20200914 104804.741 INFO             PET0 !!!!!!!!!!!!!!!!!!!!!!!!!!!!!!!!!!!!!!!!!!!!!!!!!!!!!!
20200914 104804.741 INFO             PET0 Running with ESMF Version   : ESMF_8_1_0_beta_snapshot_27-63-g072423fd9f
20200914 104804.741 INFO             PET0 ESMF library build date/time: "Sep 14 2020" "10:28:45"
20200914 104804.741 INFO             PET0 ESMF library build location : /home1/07356/tg866552/himanshu/esmf
20200914 104804.742 INFO             PET0 ESMF_COMM                   : intelmpi
20200914 104804.747 INFO             PET0 ESMF_NETCDF                 : enabled
20200914 104804.747 INFO             PET0 ESMF_PNETCDF                : disabled
20200914 104804.747 INFO             PET0 ESMF_PIO                    : enabled
20200914 104804.747 INFO             PET0 ESMF_YAMLCPP                : enabled
20200914 104804.747 INFO             PET0 ESMF_MOAB                   : enabled
20200914 104804.752 INFO             PET0 Finalizing ESMF
20200914 104807.099 INFO             PET0 !!!!!!!!!!!!!!!!!!!!!!!!!!!!!!!!!!!!!!!!!!!!!!!!!!!!!!
20200914 104807.099 INFO             PET0 !!! THE ESMF_LOG IS SET TO OUTPUT ALL LOG MESSAGES !!!
20200914 104807.099 INFO             PET0 !!!     THIS MAY CAUSE SLOWDOWN IN PERFORMANCE     !!!
20200914 104807.099 INFO             PET0 !!! FOR PRODUCTION RUNS, USE:                      !!!
20200914 104807.099 INFO             PET0 !!!                   ESMF_LOGKIND_Multi_On_Error  !!!
20200914 104807.099 INFO             PET0 !!!!!!!!!!!!!!!!!!!!!!!!!!!!!!!!!!!!!!!!!!!!!!!!!!!!!!
20200914 104807.099 INFO             PET0 Running with ESMF Version   : ESMF_8_1_0_beta_snapshot_27-63-g072423fd9f
20200914 104807.100 INFO             PET0 ESMF library build date/time: "Sep 14 2020" "10:28:45"
20200914 104807.100 INFO             PET0 ESMF library build location : /home1/07356/tg866552/himanshu/esmf
20200914 104807.100 INFO             PET0 ESMF_COMM                   : intelmpi
20200914 104807.104 INFO             PET0 ESMF_NETCDF                 : enabled
20200914 104807.104 INFO             PET0 ESMF_PNETCDF                : disabled
20200914 104807.104 INFO             PET0 ESMF_PIO                    : enabled
20200914 104807.104 INFO             PET0 ESMF_YAMLCPP                : enabled
20200914 104807.104 INFO             PET0 ESMF_MOAB                   : enabled
20200914 104807.107 INFO             PET0 Finalizing ESMF
20200914 104809.471 INFO             PET0 !!!!!!!!!!!!!!!!!!!!!!!!!!!!!!!!!!!!!!!!!!!!!!!!!!!!!!
20200914 104809.471 INFO             PET0 !!! THE ESMF_LOG IS SET TO OUTPUT ALL LOG MESSAGES !!!
20200914 104809.471 INFO             PET0 !!!     THIS MAY CAUSE SLOWDOWN IN PERFORMANCE     !!!
20200914 104809.471 INFO             PET0 !!! FOR PRODUCTION RUNS, USE:                      !!!
20200914 104809.471 INFO             PET0 !!!                   ESMF_LOGKIND_Multi_On_Error  !!!
20200914 104809.471 INFO             PET0 !!!!!!!!!!!!!!!!!!!!!!!!!!!!!!!!!!!!!!!!!!!!!!!!!!!!!!
20200914 104809.471 INFO             PET0 Running with ESMF Version   : ESMF_8_1_0_beta_snapshot_27-63-g072423fd9f
20200914 104809.471 INFO             PET0 ESMF library build date/time: "Sep 14 2020" "10:28:45"
20200914 104809.471 INFO             PET0 ESMF library build location : /home1/07356/tg866552/himanshu/esmf
20200914 104809.471 INFO             PET0 ESMF_COMM                   : intelmpi
20200914 104809.480 INFO             PET0 ESMF_NETCDF                 : enabled
20200914 104809.480 INFO             PET0 ESMF_PNETCDF                : disabled
20200914 104809.480 INFO             PET0 ESMF_PIO                    : enabled
20200914 104809.480 INFO             PET0 ESMF_YAMLCPP                : enabled
20200914 104809.480 INFO             PET0 ESMF_MOAB                   : enabled
20200914 104809.487 INFO             PET0 Finalizing ESMF
