20200911 165649.170 INFO             PET2 !!!!!!!!!!!!!!!!!!!!!!!!!!!!!!!!!!!!!!!!!!!!!!!!!!!!!!
20200911 165649.170 INFO             PET2 !!! THE ESMF_LOG IS SET TO OUTPUT ALL LOG MESSAGES !!!
20200911 165649.170 INFO             PET2 !!!     THIS MAY CAUSE SLOWDOWN IN PERFORMANCE     !!!
20200911 165649.170 INFO             PET2 !!! FOR PRODUCTION RUNS, USE:                      !!!
20200911 165649.170 INFO             PET2 !!!                   ESMF_LOGKIND_Multi_On_Error  !!!
20200911 165649.171 INFO             PET2 !!!!!!!!!!!!!!!!!!!!!!!!!!!!!!!!!!!!!!!!!!!!!!!!!!!!!!
20200911 165649.171 INFO             PET2 Running with ESMF Version   : ESMF_8_1_0_beta_snapshot_27-63-g072423fd9f
20200911 165649.171 INFO             PET2 ESMF library build date/time: "Sep 11 2020" "16:38:01"
20200911 165649.171 INFO             PET2 ESMF library build location : /home1/07356/tg866552/himanshu/esmf
20200911 165649.171 INFO             PET2 ESMF_COMM                   : intelmpi
20200911 165649.175 INFO             PET2 ESMF_NETCDF                 : enabled
20200911 165649.175 INFO             PET2 ESMF_PNETCDF                : disabled
20200911 165649.175 INFO             PET2 ESMF_PIO                    : enabled
20200911 165649.175 INFO             PET2 ESMF_YAMLCPP                : enabled
20200911 165649.175 INFO             PET2 ESMF_MOAB                   : enabled
20200911 165649.177 INFO             PET2 Finalizing ESMF
20200911 165651.545 INFO             PET2 !!!!!!!!!!!!!!!!!!!!!!!!!!!!!!!!!!!!!!!!!!!!!!!!!!!!!!
20200911 165651.546 INFO             PET2 !!! THE ESMF_LOG IS SET TO OUTPUT ALL LOG MESSAGES !!!
20200911 165651.546 INFO             PET2 !!!     THIS MAY CAUSE SLOWDOWN IN PERFORMANCE     !!!
20200911 165651.546 INFO             PET2 !!! FOR PRODUCTION RUNS, USE:                      !!!
20200911 165651.546 INFO             PET2 !!!                   ESMF_LOGKIND_Multi_On_Error  !!!
20200911 165651.546 INFO             PET2 !!!!!!!!!!!!!!!!!!!!!!!!!!!!!!!!!!!!!!!!!!!!!!!!!!!!!!
20200911 165651.546 INFO             PET2 Running with ESMF Version   : ESMF_8_1_0_beta_snapshot_27-63-g072423fd9f
20200911 165651.546 INFO             PET2 ESMF library build date/time: "Sep 11 2020" "16:38:01"
20200911 165651.546 INFO             PET2 ESMF library build location : /home1/07356/tg866552/himanshu/esmf
20200911 165651.546 INFO             PET2 ESMF_COMM                   : intelmpi
20200911 165651.549 INFO             PET2 ESMF_NETCDF                 : enabled
20200911 165651.549 INFO             PET2 ESMF_PNETCDF                : disabled
20200911 165651.549 INFO             PET2 ESMF_PIO                    : enabled
20200911 165651.549 INFO             PET2 ESMF_YAMLCPP                : enabled
20200911 165651.549 INFO             PET2 ESMF_MOAB                   : enabled
20200911 165651.551 INFO             PET2 Finalizing ESMF
20200911 165653.904 INFO             PET2 !!!!!!!!!!!!!!!!!!!!!!!!!!!!!!!!!!!!!!!!!!!!!!!!!!!!!!
20200911 165653.905 INFO             PET2 !!! THE ESMF_LOG IS SET TO OUTPUT ALL LOG MESSAGES !!!
20200911 165653.905 INFO             PET2 !!!     THIS MAY CAUSE SLOWDOWN IN PERFORMANCE     !!!
20200911 165653.905 INFO             PET2 !!! FOR PRODUCTION RUNS, USE:                      !!!
20200911 165653.905 INFO             PET2 !!!                   ESMF_LOGKIND_Multi_On_Error  !!!
20200911 165653.905 INFO             PET2 !!!!!!!!!!!!!!!!!!!!!!!!!!!!!!!!!!!!!!!!!!!!!!!!!!!!!!
20200911 165653.905 INFO             PET2 Running with ESMF Version   : ESMF_8_1_0_beta_snapshot_27-63-g072423fd9f
20200911 165653.905 INFO             PET2 ESMF library build date/time: "Sep 11 2020" "16:38:01"
20200911 165653.905 INFO             PET2 ESMF library build location : /home1/07356/tg866552/himanshu/esmf
20200911 165653.905 INFO             PET2 ESMF_COMM                   : intelmpi
20200911 165653.908 INFO             PET2 ESMF_NETCDF                 : enabled
20200911 165653.908 INFO             PET2 ESMF_PNETCDF                : disabled
20200911 165653.908 INFO             PET2 ESMF_PIO                    : enabled
20200911 165653.908 INFO             PET2 ESMF_YAMLCPP                : enabled
20200911 165653.908 INFO             PET2 ESMF_MOAB                   : enabled
20200911 165653.914 INFO             PET2 Finalizing ESMF
