20200914 104804.743 INFO             PET3 !!!!!!!!!!!!!!!!!!!!!!!!!!!!!!!!!!!!!!!!!!!!!!!!!!!!!!
20200914 104804.743 INFO             PET3 !!! THE ESMF_LOG IS SET TO OUTPUT ALL LOG MESSAGES !!!
20200914 104804.743 INFO             PET3 !!!     THIS MAY CAUSE SLOWDOWN IN PERFORMANCE     !!!
20200914 104804.743 INFO             PET3 !!! FOR PRODUCTION RUNS, USE:                      !!!
20200914 104804.744 INFO             PET3 !!!                   ESMF_LOGKIND_Multi_On_Error  !!!
20200914 104804.744 INFO             PET3 !!!!!!!!!!!!!!!!!!!!!!!!!!!!!!!!!!!!!!!!!!!!!!!!!!!!!!
20200914 104804.744 INFO             PET3 Running with ESMF Version   : ESMF_8_1_0_beta_snapshot_27-63-g072423fd9f
20200914 104804.744 INFO             PET3 ESMF library build date/time: "Sep 14 2020" "10:28:45"
20200914 104804.744 INFO             PET3 ESMF library build location : /home1/07356/tg866552/himanshu/esmf
20200914 104804.744 INFO             PET3 ESMF_COMM                   : intelmpi
20200914 104804.749 INFO             PET3 ESMF_NETCDF                 : enabled
20200914 104804.749 INFO             PET3 ESMF_PNETCDF                : disabled
20200914 104804.749 INFO             PET3 ESMF_PIO                    : enabled
20200914 104804.749 INFO             PET3 ESMF_YAMLCPP                : enabled
20200914 104804.749 INFO             PET3 ESMF_MOAB                   : enabled
20200914 104804.752 INFO             PET3 Finalizing ESMF
20200914 104807.101 INFO             PET3 !!!!!!!!!!!!!!!!!!!!!!!!!!!!!!!!!!!!!!!!!!!!!!!!!!!!!!
20200914 104807.102 INFO             PET3 !!! THE ESMF_LOG IS SET TO OUTPUT ALL LOG MESSAGES !!!
20200914 104807.102 INFO             PET3 !!!     THIS MAY CAUSE SLOWDOWN IN PERFORMANCE     !!!
20200914 104807.102 INFO             PET3 !!! FOR PRODUCTION RUNS, USE:                      !!!
20200914 104807.102 INFO             PET3 !!!                   ESMF_LOGKIND_Multi_On_Error  !!!
20200914 104807.102 INFO             PET3 !!!!!!!!!!!!!!!!!!!!!!!!!!!!!!!!!!!!!!!!!!!!!!!!!!!!!!
20200914 104807.102 INFO             PET3 Running with ESMF Version   : ESMF_8_1_0_beta_snapshot_27-63-g072423fd9f
20200914 104807.102 INFO             PET3 ESMF library build date/time: "Sep 14 2020" "10:28:45"
20200914 104807.102 INFO             PET3 ESMF library build location : /home1/07356/tg866552/himanshu/esmf
20200914 104807.102 INFO             PET3 ESMF_COMM                   : intelmpi
20200914 104807.105 INFO             PET3 ESMF_NETCDF                 : enabled
20200914 104807.105 INFO             PET3 ESMF_PNETCDF                : disabled
20200914 104807.105 INFO             PET3 ESMF_PIO                    : enabled
20200914 104807.105 INFO             PET3 ESMF_YAMLCPP                : enabled
20200914 104807.105 INFO             PET3 ESMF_MOAB                   : enabled
20200914 104807.107 INFO             PET3 Finalizing ESMF
20200914 104809.476 INFO             PET3 !!!!!!!!!!!!!!!!!!!!!!!!!!!!!!!!!!!!!!!!!!!!!!!!!!!!!!
20200914 104809.476 INFO             PET3 !!! THE ESMF_LOG IS SET TO OUTPUT ALL LOG MESSAGES !!!
20200914 104809.476 INFO             PET3 !!!     THIS MAY CAUSE SLOWDOWN IN PERFORMANCE     !!!
20200914 104809.476 INFO             PET3 !!! FOR PRODUCTION RUNS, USE:                      !!!
20200914 104809.476 INFO             PET3 !!!                   ESMF_LOGKIND_Multi_On_Error  !!!
20200914 104809.476 INFO             PET3 !!!!!!!!!!!!!!!!!!!!!!!!!!!!!!!!!!!!!!!!!!!!!!!!!!!!!!
20200914 104809.476 INFO             PET3 Running with ESMF Version   : ESMF_8_1_0_beta_snapshot_27-63-g072423fd9f
20200914 104809.476 INFO             PET3 ESMF library build date/time: "Sep 14 2020" "10:28:45"
20200914 104809.477 INFO             PET3 ESMF library build location : /home1/07356/tg866552/himanshu/esmf
20200914 104809.477 INFO             PET3 ESMF_COMM                   : intelmpi
20200914 104809.480 INFO             PET3 ESMF_NETCDF                 : enabled
20200914 104809.480 INFO             PET3 ESMF_PNETCDF                : disabled
20200914 104809.480 INFO             PET3 ESMF_PIO                    : enabled
20200914 104809.480 INFO             PET3 ESMF_YAMLCPP                : enabled
20200914 104809.480 INFO             PET3 ESMF_MOAB                   : enabled
20200914 104809.487 INFO             PET3 Finalizing ESMF
