20210225 075007.013 INFO             PET0 !!!!!!!!!!!!!!!!!!!!!!!!!!!!!!!!!!!!!!!!!!!!!!!!!!!!!!
20210225 075007.013 INFO             PET0 !!! THE ESMF_LOG IS SET TO OUTPUT ALL LOG MESSAGES !!!
20210225 075007.013 INFO             PET0 !!!     THIS MAY CAUSE SLOWDOWN IN PERFORMANCE     !!!
20210225 075007.013 INFO             PET0 !!! FOR PRODUCTION RUNS, USE:                      !!!
20210225 075007.013 INFO             PET0 !!!                   ESMF_LOGKIND_Multi_On_Error  !!!
20210225 075007.013 INFO             PET0 !!!!!!!!!!!!!!!!!!!!!!!!!!!!!!!!!!!!!!!!!!!!!!!!!!!!!!
20210225 075007.013 INFO             PET0 Running with ESMF Version   : ESMF_8_1_0_beta_snapshot_47-4-g0d177ef04f
20210225 075007.013 INFO             PET0 ESMF library build date/time: "Feb 25 2021" "07:46:14"
20210225 075007.013 INFO             PET0 ESMF library build location : /glade/scratch/himanshu/relese_8.1.0/dir/gfortran_cheyenne/esmf
20210225 075007.013 INFO             PET0 ESMF_COMM                   : openmpi
20210225 075007.013 INFO             PET0 ESMF_MOAB                   : enabled
20210225 075007.013 INFO             PET0 ESMF_LAPACK                 : enabled
20210225 075007.013 INFO             PET0 ESMF_NETCDF                 : disabled
20210225 075007.013 INFO             PET0 ESMF_PNETCDF                : disabled
20210225 075007.013 INFO             PET0 ESMF_PIO                    : enabled
20210225 075007.013 INFO             PET0 ESMF_YAMLCPP                : enabled
20210225 075007.014 INFO             PET0 Finalizing ESMF
20210225 075007.393 INFO             PET0 !!!!!!!!!!!!!!!!!!!!!!!!!!!!!!!!!!!!!!!!!!!!!!!!!!!!!!
20210225 075007.394 INFO             PET0 !!! THE ESMF_LOG IS SET TO OUTPUT ALL LOG MESSAGES !!!
20210225 075007.394 INFO             PET0 !!!     THIS MAY CAUSE SLOWDOWN IN PERFORMANCE     !!!
20210225 075007.394 INFO             PET0 !!! FOR PRODUCTION RUNS, USE:                      !!!
20210225 075007.394 INFO             PET0 !!!                   ESMF_LOGKIND_Multi_On_Error  !!!
20210225 075007.394 INFO             PET0 !!!!!!!!!!!!!!!!!!!!!!!!!!!!!!!!!!!!!!!!!!!!!!!!!!!!!!
20210225 075007.394 INFO             PET0 Running with ESMF Version   : ESMF_8_1_0_beta_snapshot_47-4-g0d177ef04f
20210225 075007.394 INFO             PET0 ESMF library build date/time: "Feb 25 2021" "07:46:14"
20210225 075007.394 INFO             PET0 ESMF library build location : /glade/scratch/himanshu/relese_8.1.0/dir/gfortran_cheyenne/esmf
20210225 075007.394 INFO             PET0 ESMF_COMM                   : openmpi
20210225 075007.394 INFO             PET0 ESMF_MOAB                   : enabled
20210225 075007.394 INFO             PET0 ESMF_LAPACK                 : enabled
20210225 075007.394 INFO             PET0 ESMF_NETCDF                 : disabled
20210225 075007.394 INFO             PET0 ESMF_PNETCDF                : disabled
20210225 075007.394 INFO             PET0 ESMF_PIO                    : enabled
20210225 075007.394 INFO             PET0 ESMF_YAMLCPP                : enabled
20210225 075007.394 INFO             PET0 Finalizing ESMF
20210225 075007.778 INFO             PET0 !!!!!!!!!!!!!!!!!!!!!!!!!!!!!!!!!!!!!!!!!!!!!!!!!!!!!!
20210225 075007.778 INFO             PET0 !!! THE ESMF_LOG IS SET TO OUTPUT ALL LOG MESSAGES !!!
20210225 075007.778 INFO             PET0 !!!     THIS MAY CAUSE SLOWDOWN IN PERFORMANCE     !!!
20210225 075007.778 INFO             PET0 !!! FOR PRODUCTION RUNS, USE:                      !!!
20210225 075007.778 INFO             PET0 !!!                   ESMF_LOGKIND_Multi_On_Error  !!!
20210225 075007.778 INFO             PET0 !!!!!!!!!!!!!!!!!!!!!!!!!!!!!!!!!!!!!!!!!!!!!!!!!!!!!!
20210225 075007.778 INFO             PET0 Running with ESMF Version   : ESMF_8_1_0_beta_snapshot_47-4-g0d177ef04f
20210225 075007.778 INFO             PET0 ESMF library build date/time: "Feb 25 2021" "07:46:14"
20210225 075007.778 INFO             PET0 ESMF library build location : /glade/scratch/himanshu/relese_8.1.0/dir/gfortran_cheyenne/esmf
20210225 075007.778 INFO             PET0 ESMF_COMM                   : openmpi
20210225 075007.781 INFO             PET0 ESMF_MOAB                   : enabled
20210225 075007.781 INFO             PET0 ESMF_LAPACK                 : enabled
20210225 075007.781 INFO             PET0 ESMF_NETCDF                 : disabled
20210225 075007.781 INFO             PET0 ESMF_PNETCDF                : disabled
20210225 075007.781 INFO             PET0 ESMF_PIO                    : enabled
20210225 075007.781 INFO             PET0 ESMF_YAMLCPP                : enabled
20210225 075007.782 INFO             PET0 Finalizing ESMF
Fri Feb 26 08:04:41 MST 2021
