20210220 175436.811 INFO             PET2 !!!!!!!!!!!!!!!!!!!!!!!!!!!!!!!!!!!!!!!!!!!!!!!!!!!!!!
20210220 175436.811 INFO             PET2 !!! THE ESMF_LOG IS SET TO OUTPUT ALL LOG MESSAGES !!!
20210220 175436.811 INFO             PET2 !!!     THIS MAY CAUSE SLOWDOWN IN PERFORMANCE     !!!
20210220 175436.811 INFO             PET2 !!! FOR PRODUCTION RUNS, USE:                      !!!
20210220 175436.811 INFO             PET2 !!!                   ESMF_LOGKIND_Multi_On_Error  !!!
20210220 175436.811 INFO             PET2 !!!!!!!!!!!!!!!!!!!!!!!!!!!!!!!!!!!!!!!!!!!!!!!!!!!!!!
20210220 175436.811 INFO             PET2 Running with ESMF Version   : ESMF_8_2_0_beta_snapshot_00
20210220 175436.811 INFO             PET2 ESMF library build date/time: "Feb 20 2021" "17:52:15"
20210220 175436.811 INFO             PET2 ESMF library build location : /scratch/esmf/esmf_test/cronjobs/trunk/gfortran/esmf
20210220 175436.811 INFO             PET2 ESMF_COMM                   : mpich3
20210220 175436.811 INFO             PET2 ESMF_MOAB                   : enabled
20210220 175436.811 INFO             PET2 ESMF_LAPACK                 : enabled
20210220 175436.811 INFO             PET2 ESMF_NETCDF                 : disabled
20210220 175436.811 INFO             PET2 ESMF_PNETCDF                : disabled
20210220 175436.811 INFO             PET2 ESMF_PIO                    : enabled
20210220 175436.811 INFO             PET2 ESMF_YAMLCPP                : enabled
20210220 175436.841 INFO             PET2 Finalizing ESMF
20210220 175437.097 INFO             PET2 !!!!!!!!!!!!!!!!!!!!!!!!!!!!!!!!!!!!!!!!!!!!!!!!!!!!!!
20210220 175437.097 INFO             PET2 !!! THE ESMF_LOG IS SET TO OUTPUT ALL LOG MESSAGES !!!
20210220 175437.097 INFO             PET2 !!!     THIS MAY CAUSE SLOWDOWN IN PERFORMANCE     !!!
20210220 175437.097 INFO             PET2 !!! FOR PRODUCTION RUNS, USE:                      !!!
20210220 175437.097 INFO             PET2 !!!                   ESMF_LOGKIND_Multi_On_Error  !!!
20210220 175437.097 INFO             PET2 !!!!!!!!!!!!!!!!!!!!!!!!!!!!!!!!!!!!!!!!!!!!!!!!!!!!!!
20210220 175437.097 INFO             PET2 Running with ESMF Version   : ESMF_8_2_0_beta_snapshot_00
20210220 175437.097 INFO             PET2 ESMF library build date/time: "Feb 20 2021" "17:52:15"
20210220 175437.097 INFO             PET2 ESMF library build location : /scratch/esmf/esmf_test/cronjobs/trunk/gfortran/esmf
20210220 175437.097 INFO             PET2 ESMF_COMM                   : mpich3
20210220 175437.097 INFO             PET2 ESMF_MOAB                   : enabled
20210220 175437.097 INFO             PET2 ESMF_LAPACK                 : enabled
20210220 175437.097 INFO             PET2 ESMF_NETCDF                 : disabled
20210220 175437.097 INFO             PET2 ESMF_PNETCDF                : disabled
20210220 175437.097 INFO             PET2 ESMF_PIO                    : enabled
20210220 175437.097 INFO             PET2 ESMF_YAMLCPP                : enabled
20210220 175437.147 INFO             PET2 Finalizing ESMF
20210220 175437.236 INFO             PET2 !!!!!!!!!!!!!!!!!!!!!!!!!!!!!!!!!!!!!!!!!!!!!!!!!!!!!!
20210220 175437.236 INFO             PET2 !!! THE ESMF_LOG IS SET TO OUTPUT ALL LOG MESSAGES !!!
20210220 175437.236 INFO             PET2 !!!     THIS MAY CAUSE SLOWDOWN IN PERFORMANCE     !!!
20210220 175437.236 INFO             PET2 !!! FOR PRODUCTION RUNS, USE:                      !!!
20210220 175437.236 INFO             PET2 !!!                   ESMF_LOGKIND_Multi_On_Error  !!!
20210220 175437.236 INFO             PET2 !!!!!!!!!!!!!!!!!!!!!!!!!!!!!!!!!!!!!!!!!!!!!!!!!!!!!!
20210220 175437.236 INFO             PET2 Running with ESMF Version   : ESMF_8_2_0_beta_snapshot_00
20210220 175437.236 INFO             PET2 ESMF library build date/time: "Feb 20 2021" "17:52:15"
20210220 175437.236 INFO             PET2 ESMF library build location : /scratch/esmf/esmf_test/cronjobs/trunk/gfortran/esmf
20210220 175437.236 INFO             PET2 ESMF_COMM                   : mpich3
20210220 175437.236 INFO             PET2 ESMF_MOAB                   : enabled
20210220 175437.236 INFO             PET2 ESMF_LAPACK                 : enabled
20210220 175437.236 INFO             PET2 ESMF_NETCDF                 : disabled
20210220 175437.236 INFO             PET2 ESMF_PNETCDF                : disabled
20210220 175437.236 INFO             PET2 ESMF_PIO                    : enabled
20210220 175437.236 INFO             PET2 ESMF_YAMLCPP                : enabled
20210220 175437.240 INFO             PET2 Finalizing ESMF
Sun Feb 21 14:43:56 MST 2021
