20210220 175436.834 INFO             PET3 !!!!!!!!!!!!!!!!!!!!!!!!!!!!!!!!!!!!!!!!!!!!!!!!!!!!!!
20210220 175436.834 INFO             PET3 !!! THE ESMF_LOG IS SET TO OUTPUT ALL LOG MESSAGES !!!
20210220 175436.834 INFO             PET3 !!!     THIS MAY CAUSE SLOWDOWN IN PERFORMANCE     !!!
20210220 175436.834 INFO             PET3 !!! FOR PRODUCTION RUNS, USE:                      !!!
20210220 175436.834 INFO             PET3 !!!                   ESMF_LOGKIND_Multi_On_Error  !!!
20210220 175436.834 INFO             PET3 !!!!!!!!!!!!!!!!!!!!!!!!!!!!!!!!!!!!!!!!!!!!!!!!!!!!!!
20210220 175436.834 INFO             PET3 Running with ESMF Version   : ESMF_8_2_0_beta_snapshot_00
20210220 175436.834 INFO             PET3 ESMF library build date/time: "Feb 20 2021" "17:52:15"
20210220 175436.834 INFO             PET3 ESMF library build location : /scratch/esmf/esmf_test/cronjobs/trunk/gfortran/esmf
20210220 175436.834 INFO             PET3 ESMF_COMM                   : mpich3
20210220 175436.834 INFO             PET3 ESMF_MOAB                   : enabled
20210220 175436.834 INFO             PET3 ESMF_LAPACK                 : enabled
20210220 175436.834 INFO             PET3 ESMF_NETCDF                 : disabled
20210220 175436.834 INFO             PET3 ESMF_PNETCDF                : disabled
20210220 175436.834 INFO             PET3 ESMF_PIO                    : enabled
20210220 175436.834 INFO             PET3 ESMF_YAMLCPP                : enabled
20210220 175436.859 INFO             PET3 Finalizing ESMF
20210220 175437.101 INFO             PET3 !!!!!!!!!!!!!!!!!!!!!!!!!!!!!!!!!!!!!!!!!!!!!!!!!!!!!!
20210220 175437.101 INFO             PET3 !!! THE ESMF_LOG IS SET TO OUTPUT ALL LOG MESSAGES !!!
20210220 175437.101 INFO             PET3 !!!     THIS MAY CAUSE SLOWDOWN IN PERFORMANCE     !!!
20210220 175437.101 INFO             PET3 !!! FOR PRODUCTION RUNS, USE:                      !!!
20210220 175437.101 INFO             PET3 !!!                   ESMF_LOGKIND_Multi_On_Error  !!!
20210220 175437.101 INFO             PET3 !!!!!!!!!!!!!!!!!!!!!!!!!!!!!!!!!!!!!!!!!!!!!!!!!!!!!!
20210220 175437.101 INFO             PET3 Running with ESMF Version   : ESMF_8_2_0_beta_snapshot_00
20210220 175437.101 INFO             PET3 ESMF library build date/time: "Feb 20 2021" "17:52:15"
20210220 175437.101 INFO             PET3 ESMF library build location : /scratch/esmf/esmf_test/cronjobs/trunk/gfortran/esmf
20210220 175437.101 INFO             PET3 ESMF_COMM                   : mpich3
20210220 175437.101 INFO             PET3 ESMF_MOAB                   : enabled
20210220 175437.101 INFO             PET3 ESMF_LAPACK                 : enabled
20210220 175437.101 INFO             PET3 ESMF_NETCDF                 : disabled
20210220 175437.101 INFO             PET3 ESMF_PNETCDF                : disabled
20210220 175437.101 INFO             PET3 ESMF_PIO                    : enabled
20210220 175437.101 INFO             PET3 ESMF_YAMLCPP                : enabled
20210220 175437.148 INFO             PET3 Finalizing ESMF
20210220 175437.240 INFO             PET3 !!!!!!!!!!!!!!!!!!!!!!!!!!!!!!!!!!!!!!!!!!!!!!!!!!!!!!
20210220 175437.240 INFO             PET3 !!! THE ESMF_LOG IS SET TO OUTPUT ALL LOG MESSAGES !!!
20210220 175437.240 INFO             PET3 !!!     THIS MAY CAUSE SLOWDOWN IN PERFORMANCE     !!!
20210220 175437.240 INFO             PET3 !!! FOR PRODUCTION RUNS, USE:                      !!!
20210220 175437.240 INFO             PET3 !!!                   ESMF_LOGKIND_Multi_On_Error  !!!
20210220 175437.240 INFO             PET3 !!!!!!!!!!!!!!!!!!!!!!!!!!!!!!!!!!!!!!!!!!!!!!!!!!!!!!
20210220 175437.240 INFO             PET3 Running with ESMF Version   : ESMF_8_2_0_beta_snapshot_00
20210220 175437.240 INFO             PET3 ESMF library build date/time: "Feb 20 2021" "17:52:15"
20210220 175437.240 INFO             PET3 ESMF library build location : /scratch/esmf/esmf_test/cronjobs/trunk/gfortran/esmf
20210220 175437.240 INFO             PET3 ESMF_COMM                   : mpich3
20210220 175437.240 INFO             PET3 ESMF_MOAB                   : enabled
20210220 175437.240 INFO             PET3 ESMF_LAPACK                 : enabled
20210220 175437.240 INFO             PET3 ESMF_NETCDF                 : disabled
20210220 175437.240 INFO             PET3 ESMF_PNETCDF                : disabled
20210220 175437.240 INFO             PET3 ESMF_PIO                    : enabled
20210220 175437.240 INFO             PET3 ESMF_YAMLCPP                : enabled
20210220 175437.240 INFO             PET3 Finalizing ESMF
Sun Feb 21 14:43:56 MST 2021
