20201127 020123.966 INFO             PET3 !!!!!!!!!!!!!!!!!!!!!!!!!!!!!!!!!!!!!!!!!!!!!!!!!!!!!!
20201127 020123.966 INFO             PET3 !!! THE ESMF_LOG IS SET TO OUTPUT ALL LOG MESSAGES !!!
20201127 020123.966 INFO             PET3 !!!     THIS MAY CAUSE SLOWDOWN IN PERFORMANCE     !!!
20201127 020123.966 INFO             PET3 !!! FOR PRODUCTION RUNS, USE:                      !!!
20201127 020123.966 INFO             PET3 !!!                   ESMF_LOGKIND_Multi_On_Error  !!!
20201127 020123.966 INFO             PET3 !!!!!!!!!!!!!!!!!!!!!!!!!!!!!!!!!!!!!!!!!!!!!!!!!!!!!!
20201127 020123.966 INFO             PET3 Running with ESMF Version   : ESMF_8_1_0_beta_snapshot_38
20201127 020123.966 INFO             PET3 ESMF library build date/time: "Nov 27 2020" "01:59:58"
20201127 020123.966 INFO             PET3 ESMF library build location : /scratch/esmf/esmf_test/cronjobs/trunk/gfortran/esmf
20201127 020123.966 INFO             PET3 ESMF_COMM                   : mpich3
20201127 020123.966 INFO             PET3 ESMF_NETCDF                 : disabled
20201127 020123.966 INFO             PET3 ESMF_PNETCDF                : disabled
20201127 020123.966 INFO             PET3 ESMF_PIO                    : enabled
20201127 020123.966 INFO             PET3 ESMF_YAMLCPP                : enabled
20201127 020123.966 INFO             PET3 ESMF_MOAB                   : enabled
20201127 020123.967 INFO             PET3 Finalizing ESMF
20201127 020123.999 INFO             PET3 !!!!!!!!!!!!!!!!!!!!!!!!!!!!!!!!!!!!!!!!!!!!!!!!!!!!!!
20201127 020123.999 INFO             PET3 !!! THE ESMF_LOG IS SET TO OUTPUT ALL LOG MESSAGES !!!
20201127 020123.999 INFO             PET3 !!!     THIS MAY CAUSE SLOWDOWN IN PERFORMANCE     !!!
20201127 020123.999 INFO             PET3 !!! FOR PRODUCTION RUNS, USE:                      !!!
20201127 020123.999 INFO             PET3 !!!                   ESMF_LOGKIND_Multi_On_Error  !!!
20201127 020123.999 INFO             PET3 !!!!!!!!!!!!!!!!!!!!!!!!!!!!!!!!!!!!!!!!!!!!!!!!!!!!!!
20201127 020123.999 INFO             PET3 Running with ESMF Version   : ESMF_8_1_0_beta_snapshot_38
20201127 020123.999 INFO             PET3 ESMF library build date/time: "Nov 27 2020" "01:59:58"
20201127 020123.999 INFO             PET3 ESMF library build location : /scratch/esmf/esmf_test/cronjobs/trunk/gfortran/esmf
20201127 020123.999 INFO             PET3 ESMF_COMM                   : mpich3
20201127 020123.999 INFO             PET3 ESMF_NETCDF                 : disabled
20201127 020123.999 INFO             PET3 ESMF_PNETCDF                : disabled
20201127 020123.999 INFO             PET3 ESMF_PIO                    : enabled
20201127 020123.999 INFO             PET3 ESMF_YAMLCPP                : enabled
20201127 020123.999 INFO             PET3 ESMF_MOAB                   : enabled
20201127 020123.999 INFO             PET3 Finalizing ESMF
20201127 020124.035 INFO             PET3 !!!!!!!!!!!!!!!!!!!!!!!!!!!!!!!!!!!!!!!!!!!!!!!!!!!!!!
20201127 020124.035 INFO             PET3 !!! THE ESMF_LOG IS SET TO OUTPUT ALL LOG MESSAGES !!!
20201127 020124.035 INFO             PET3 !!!     THIS MAY CAUSE SLOWDOWN IN PERFORMANCE     !!!
20201127 020124.035 INFO             PET3 !!! FOR PRODUCTION RUNS, USE:                      !!!
20201127 020124.035 INFO             PET3 !!!                   ESMF_LOGKIND_Multi_On_Error  !!!
20201127 020124.035 INFO             PET3 !!!!!!!!!!!!!!!!!!!!!!!!!!!!!!!!!!!!!!!!!!!!!!!!!!!!!!
20201127 020124.035 INFO             PET3 Running with ESMF Version   : ESMF_8_1_0_beta_snapshot_38
20201127 020124.035 INFO             PET3 ESMF library build date/time: "Nov 27 2020" "01:59:58"
20201127 020124.035 INFO             PET3 ESMF library build location : /scratch/esmf/esmf_test/cronjobs/trunk/gfortran/esmf
20201127 020124.035 INFO             PET3 ESMF_COMM                   : mpich3
20201127 020124.035 INFO             PET3 ESMF_NETCDF                 : disabled
20201127 020124.035 INFO             PET3 ESMF_PNETCDF                : disabled
20201127 020124.035 INFO             PET3 ESMF_PIO                    : enabled
20201127 020124.035 INFO             PET3 ESMF_YAMLCPP                : enabled
20201127 020124.035 INFO             PET3 ESMF_MOAB                   : enabled
20201127 020124.036 INFO             PET3 Finalizing ESMF
Fri Nov 27 05:09:28 MST 2020
