20210212 105146.720 INFO             PET0 !!!!!!!!!!!!!!!!!!!!!!!!!!!!!!!!!!!!!!!!!!!!!!!!!!!!!!
20210212 105146.720 INFO             PET0 !!! THE ESMF_LOG IS SET TO OUTPUT ALL LOG MESSAGES !!!
20210212 105146.720 INFO             PET0 !!!     THIS MAY CAUSE SLOWDOWN IN PERFORMANCE     !!!
20210212 105146.720 INFO             PET0 !!! FOR PRODUCTION RUNS, USE:                      !!!
20210212 105146.720 INFO             PET0 !!!                   ESMF_LOGKIND_Multi_On_Error  !!!
20210212 105146.720 INFO             PET0 !!!!!!!!!!!!!!!!!!!!!!!!!!!!!!!!!!!!!!!!!!!!!!!!!!!!!!
20210212 105146.720 INFO             PET0 Running with ESMF Version   : ESMF_8_1_0_beta_snapshot_44-71-g5a2c3f2e38
20210212 105146.720 INFO             PET0 ESMF library build date/time: "Feb 12 2021" "10:49:26"
20210212 105146.720 INFO             PET0 ESMF library build location : /project/esmf/himanshu/esmf_test/cronjobs/daily/intelclang/esmf
20210212 105146.720 INFO             PET0 ESMF_COMM                   : mpiuni
20210212 105146.720 INFO             PET0 ESMF_MOAB                   : enabled
20210212 105146.720 INFO             PET0 ESMF_LAPACK                 : enabled
20210212 105146.720 INFO             PET0 ESMF_NETCDF                 : enabled
20210212 105146.720 INFO             PET0 ESMF_PNETCDF                : disabled
20210212 105146.720 INFO             PET0 ESMF_PIO                    : disabled
20210212 105146.720 INFO             PET0 ESMF_YAMLCPP                : enabled
20210212 105146.721 INFO             PET0 Finalizing ESMF
20210212 105146.755 INFO             PET0 !!!!!!!!!!!!!!!!!!!!!!!!!!!!!!!!!!!!!!!!!!!!!!!!!!!!!!
20210212 105146.755 INFO             PET0 !!! THE ESMF_LOG IS SET TO OUTPUT ALL LOG MESSAGES !!!
20210212 105146.755 INFO             PET0 !!!     THIS MAY CAUSE SLOWDOWN IN PERFORMANCE     !!!
20210212 105146.755 INFO             PET0 !!! FOR PRODUCTION RUNS, USE:                      !!!
20210212 105146.755 INFO             PET0 !!!                   ESMF_LOGKIND_Multi_On_Error  !!!
20210212 105146.755 INFO             PET0 !!!!!!!!!!!!!!!!!!!!!!!!!!!!!!!!!!!!!!!!!!!!!!!!!!!!!!
20210212 105146.755 INFO             PET0 Running with ESMF Version   : ESMF_8_1_0_beta_snapshot_44-71-g5a2c3f2e38
20210212 105146.755 INFO             PET0 ESMF library build date/time: "Feb 12 2021" "10:49:26"
20210212 105146.755 INFO             PET0 ESMF library build location : /project/esmf/himanshu/esmf_test/cronjobs/daily/intelclang/esmf
20210212 105146.755 INFO             PET0 ESMF_COMM                   : mpiuni
20210212 105146.756 INFO             PET0 ESMF_MOAB                   : enabled
20210212 105146.756 INFO             PET0 ESMF_LAPACK                 : enabled
20210212 105146.756 INFO             PET0 ESMF_NETCDF                 : enabled
20210212 105146.756 INFO             PET0 ESMF_PNETCDF                : disabled
20210212 105146.756 INFO             PET0 ESMF_PIO                    : disabled
20210212 105146.756 INFO             PET0 ESMF_YAMLCPP                : enabled
20210212 105146.756 INFO             PET0 Finalizing ESMF
20210212 105146.771 INFO             PET0 !!!!!!!!!!!!!!!!!!!!!!!!!!!!!!!!!!!!!!!!!!!!!!!!!!!!!!
20210212 105146.771 INFO             PET0 !!! THE ESMF_LOG IS SET TO OUTPUT ALL LOG MESSAGES !!!
20210212 105146.771 INFO             PET0 !!!     THIS MAY CAUSE SLOWDOWN IN PERFORMANCE     !!!
20210212 105146.771 INFO             PET0 !!! FOR PRODUCTION RUNS, USE:                      !!!
20210212 105146.771 INFO             PET0 !!!                   ESMF_LOGKIND_Multi_On_Error  !!!
20210212 105146.771 INFO             PET0 !!!!!!!!!!!!!!!!!!!!!!!!!!!!!!!!!!!!!!!!!!!!!!!!!!!!!!
20210212 105146.771 INFO             PET0 Running with ESMF Version   : ESMF_8_1_0_beta_snapshot_44-71-g5a2c3f2e38
20210212 105146.771 INFO             PET0 ESMF library build date/time: "Feb 12 2021" "10:49:26"
20210212 105146.771 INFO             PET0 ESMF library build location : /project/esmf/himanshu/esmf_test/cronjobs/daily/intelclang/esmf
20210212 105146.771 INFO             PET0 ESMF_COMM                   : mpiuni
20210212 105146.771 INFO             PET0 ESMF_MOAB                   : enabled
20210212 105146.771 INFO             PET0 ESMF_LAPACK                 : enabled
20210212 105146.771 INFO             PET0 ESMF_NETCDF                 : enabled
20210212 105146.771 INFO             PET0 ESMF_PNETCDF                : disabled
20210212 105146.771 INFO             PET0 ESMF_PIO                    : disabled
20210212 105146.771 INFO             PET0 ESMF_YAMLCPP                : enabled
20210212 105146.771 INFO             PET0 Finalizing ESMF
Fri Feb 12 11:16:45 MST 2021
