20210220 192309.976 INFO             PET0 !!!!!!!!!!!!!!!!!!!!!!!!!!!!!!!!!!!!!!!!!!!!!!!!!!!!!!
20210220 192309.976 INFO             PET0 !!! THE ESMF_LOG IS SET TO OUTPUT ALL LOG MESSAGES !!!
20210220 192309.976 INFO             PET0 !!!     THIS MAY CAUSE SLOWDOWN IN PERFORMANCE     !!!
20210220 192309.976 INFO             PET0 !!! FOR PRODUCTION RUNS, USE:                      !!!
20210220 192309.976 INFO             PET0 !!!                   ESMF_LOGKIND_Multi_On_Error  !!!
20210220 192309.976 INFO             PET0 !!!!!!!!!!!!!!!!!!!!!!!!!!!!!!!!!!!!!!!!!!!!!!!!!!!!!!
20210220 192309.976 INFO             PET0 Running with ESMF Version   : ESMF_8_2_0_beta_snapshot_00
20210220 192309.976 INFO             PET0 ESMF library build date/time: "Feb 20 2021" "19:18:02"
20210220 192309.976 INFO             PET0 ESMF library build location : /project/esmf/himanshu/esmf_test/cronjobs/daily/intelclang/esmf
20210220 192309.976 INFO             PET0 ESMF_COMM                   : mpiuni
20210220 192309.976 INFO             PET0 ESMF_MOAB                   : enabled
20210220 192309.976 INFO             PET0 ESMF_LAPACK                 : enabled
20210220 192309.976 INFO             PET0 ESMF_NETCDF                 : enabled
20210220 192309.976 INFO             PET0 ESMF_PNETCDF                : disabled
20210220 192309.976 INFO             PET0 ESMF_PIO                    : disabled
20210220 192309.976 INFO             PET0 ESMF_YAMLCPP                : enabled
20210220 192309.977 INFO             PET0 Finalizing ESMF
20210220 192310.015 INFO             PET0 !!!!!!!!!!!!!!!!!!!!!!!!!!!!!!!!!!!!!!!!!!!!!!!!!!!!!!
20210220 192310.015 INFO             PET0 !!! THE ESMF_LOG IS SET TO OUTPUT ALL LOG MESSAGES !!!
20210220 192310.015 INFO             PET0 !!!     THIS MAY CAUSE SLOWDOWN IN PERFORMANCE     !!!
20210220 192310.015 INFO             PET0 !!! FOR PRODUCTION RUNS, USE:                      !!!
20210220 192310.015 INFO             PET0 !!!                   ESMF_LOGKIND_Multi_On_Error  !!!
20210220 192310.015 INFO             PET0 !!!!!!!!!!!!!!!!!!!!!!!!!!!!!!!!!!!!!!!!!!!!!!!!!!!!!!
20210220 192310.015 INFO             PET0 Running with ESMF Version   : ESMF_8_2_0_beta_snapshot_00
20210220 192310.015 INFO             PET0 ESMF library build date/time: "Feb 20 2021" "19:18:02"
20210220 192310.015 INFO             PET0 ESMF library build location : /project/esmf/himanshu/esmf_test/cronjobs/daily/intelclang/esmf
20210220 192310.015 INFO             PET0 ESMF_COMM                   : mpiuni
20210220 192310.016 INFO             PET0 ESMF_MOAB                   : enabled
20210220 192310.016 INFO             PET0 ESMF_LAPACK                 : enabled
20210220 192310.016 INFO             PET0 ESMF_NETCDF                 : enabled
20210220 192310.016 INFO             PET0 ESMF_PNETCDF                : disabled
20210220 192310.016 INFO             PET0 ESMF_PIO                    : disabled
20210220 192310.016 INFO             PET0 ESMF_YAMLCPP                : enabled
20210220 192310.016 INFO             PET0 Finalizing ESMF
20210220 192310.045 INFO             PET0 !!!!!!!!!!!!!!!!!!!!!!!!!!!!!!!!!!!!!!!!!!!!!!!!!!!!!!
20210220 192310.045 INFO             PET0 !!! THE ESMF_LOG IS SET TO OUTPUT ALL LOG MESSAGES !!!
20210220 192310.045 INFO             PET0 !!!     THIS MAY CAUSE SLOWDOWN IN PERFORMANCE     !!!
20210220 192310.045 INFO             PET0 !!! FOR PRODUCTION RUNS, USE:                      !!!
20210220 192310.045 INFO             PET0 !!!                   ESMF_LOGKIND_Multi_On_Error  !!!
20210220 192310.045 INFO             PET0 !!!!!!!!!!!!!!!!!!!!!!!!!!!!!!!!!!!!!!!!!!!!!!!!!!!!!!
20210220 192310.045 INFO             PET0 Running with ESMF Version   : ESMF_8_2_0_beta_snapshot_00
20210220 192310.045 INFO             PET0 ESMF library build date/time: "Feb 20 2021" "19:18:02"
20210220 192310.045 INFO             PET0 ESMF library build location : /project/esmf/himanshu/esmf_test/cronjobs/daily/intelclang/esmf
20210220 192310.045 INFO             PET0 ESMF_COMM                   : mpiuni
20210220 192310.045 INFO             PET0 ESMF_MOAB                   : enabled
20210220 192310.045 INFO             PET0 ESMF_LAPACK                 : enabled
20210220 192310.045 INFO             PET0 ESMF_NETCDF                 : enabled
20210220 192310.045 INFO             PET0 ESMF_PNETCDF                : disabled
20210220 192310.045 INFO             PET0 ESMF_PIO                    : disabled
20210220 192310.045 INFO             PET0 ESMF_YAMLCPP                : enabled
20210220 192310.046 INFO             PET0 Finalizing ESMF
Sat Feb 20 20:03:58 MST 2021
