20210227 043024.696 INFO             PET0 !!!!!!!!!!!!!!!!!!!!!!!!!!!!!!!!!!!!!!!!!!!!!!!!!!!!!!
20210227 043024.696 INFO             PET0 !!! THE ESMF_LOG IS SET TO OUTPUT ALL LOG MESSAGES !!!
20210227 043024.696 INFO             PET0 !!!     THIS MAY CAUSE SLOWDOWN IN PERFORMANCE     !!!
20210227 043024.696 INFO             PET0 !!! FOR PRODUCTION RUNS, USE:                      !!!
20210227 043024.696 INFO             PET0 !!!                   ESMF_LOGKIND_Multi_On_Error  !!!
20210227 043024.696 INFO             PET0 !!!!!!!!!!!!!!!!!!!!!!!!!!!!!!!!!!!!!!!!!!!!!!!!!!!!!!
20210227 043024.696 INFO             PET0 Running with ESMF Version   : ESMF_8_1_0_beta_snapshot_47-18-g3fd6502904
20210227 043024.696 INFO             PET0 ESMF library build date/time: "Feb 27 2021" "04:00:08"
20210227 043024.696 INFO             PET0 ESMF library build location : /scratch1/NCEPDEV/da/Mark.Potts/sandbox/intel_18.0.4_intelmpi_O
20210227 043024.696 INFO             PET0 ESMF_COMM                   : intelmpi
20210227 043024.696 INFO             PET0 ESMF_MOAB                   : enabled
20210227 043024.696 INFO             PET0 ESMF_LAPACK                 : enabled
20210227 043024.696 INFO             PET0 ESMF_NETCDF                 : enabled
20210227 043024.696 INFO             PET0 ESMF_PNETCDF                : disabled
20210227 043024.696 INFO             PET0 ESMF_PIO                    : enabled
20210227 043024.696 INFO             PET0 ESMF_YAMLCPP                : enabled
20210227 043024.721 WARNING          PET0 ESMF_IOScrip.F90:4699 ESMF_EsmfGetElement Variable centerCoords in data/ne4np4-esmf.nc does not exist
20210227 043024.752 INFO             PET0  NUMBER_OF_PROCESSORS           4
20210227 043024.752 INFO             PET0  PASS  Example ESMF_MeshEx, ESMF_MeshEx.F90, line 1795
20210227 043024.752 INFO             PET0 Finalizing ESMF
20210227 043024.695 INFO             PET1 !!!!!!!!!!!!!!!!!!!!!!!!!!!!!!!!!!!!!!!!!!!!!!!!!!!!!!
20210227 043024.695 INFO             PET1 !!! THE ESMF_LOG IS SET TO OUTPUT ALL LOG MESSAGES !!!
20210227 043024.695 INFO             PET1 !!!     THIS MAY CAUSE SLOWDOWN IN PERFORMANCE     !!!
20210227 043024.695 INFO             PET1 !!! FOR PRODUCTION RUNS, USE:                      !!!
20210227 043024.695 INFO             PET1 !!!                   ESMF_LOGKIND_Multi_On_Error  !!!
20210227 043024.695 INFO             PET1 !!!!!!!!!!!!!!!!!!!!!!!!!!!!!!!!!!!!!!!!!!!!!!!!!!!!!!
20210227 043024.695 INFO             PET1 Running with ESMF Version   : ESMF_8_1_0_beta_snapshot_47-18-g3fd6502904
20210227 043024.695 INFO             PET1 ESMF library build date/time: "Feb 27 2021" "04:00:08"
20210227 043024.695 INFO             PET1 ESMF library build location : /scratch1/NCEPDEV/da/Mark.Potts/sandbox/intel_18.0.4_intelmpi_O
20210227 043024.695 INFO             PET1 ESMF_COMM                   : intelmpi
20210227 043024.696 INFO             PET1 ESMF_MOAB                   : enabled
20210227 043024.696 INFO             PET1 ESMF_LAPACK                 : enabled
20210227 043024.696 INFO             PET1 ESMF_NETCDF                 : enabled
20210227 043024.696 INFO             PET1 ESMF_PNETCDF                : disabled
20210227 043024.696 INFO             PET1 ESMF_PIO                    : enabled
20210227 043024.696 INFO             PET1 ESMF_YAMLCPP                : enabled
20210227 043024.723 WARNING          PET1 ESMF_IOScrip.F90:4699 ESMF_EsmfGetElement Variable centerCoords in data/ne4np4-esmf.nc does not exist
20210227 043024.752 INFO             PET1  NUMBER_OF_PROCESSORS           4
20210227 043024.752 INFO             PET1  PASS  Example ESMF_MeshEx, ESMF_MeshEx.F90, line 1795
20210227 043024.752 INFO             PET1 Finalizing ESMF
20210227 043024.695 INFO             PET2 !!!!!!!!!!!!!!!!!!!!!!!!!!!!!!!!!!!!!!!!!!!!!!!!!!!!!!
20210227 043024.695 INFO             PET2 !!! THE ESMF_LOG IS SET TO OUTPUT ALL LOG MESSAGES !!!
20210227 043024.695 INFO             PET2 !!!     THIS MAY CAUSE SLOWDOWN IN PERFORMANCE     !!!
20210227 043024.695 INFO             PET2 !!! FOR PRODUCTION RUNS, USE:                      !!!
20210227 043024.695 INFO             PET2 !!!                   ESMF_LOGKIND_Multi_On_Error  !!!
20210227 043024.695 INFO             PET2 !!!!!!!!!!!!!!!!!!!!!!!!!!!!!!!!!!!!!!!!!!!!!!!!!!!!!!
20210227 043024.695 INFO             PET2 Running with ESMF Version   : ESMF_8_1_0_beta_snapshot_47-18-g3fd6502904
20210227 043024.695 INFO             PET2 ESMF library build date/time: "Feb 27 2021" "04:00:08"
20210227 043024.695 INFO             PET2 ESMF library build location : /scratch1/NCEPDEV/da/Mark.Potts/sandbox/intel_18.0.4_intelmpi_O
20210227 043024.695 INFO             PET2 ESMF_COMM                   : intelmpi
20210227 043024.696 INFO             PET2 ESMF_MOAB                   : enabled
20210227 043024.696 INFO             PET2 ESMF_LAPACK                 : enabled
20210227 043024.696 INFO             PET2 ESMF_NETCDF                 : enabled
20210227 043024.696 INFO             PET2 ESMF_PNETCDF                : disabled
20210227 043024.696 INFO             PET2 ESMF_PIO                    : enabled
20210227 043024.696 INFO             PET2 ESMF_YAMLCPP                : enabled
20210227 043024.723 WARNING          PET2 ESMF_IOScrip.F90:4699 ESMF_EsmfGetElement Variable centerCoords in data/ne4np4-esmf.nc does not exist
20210227 043024.752 INFO             PET2  NUMBER_OF_PROCESSORS           4
20210227 043024.752 INFO             PET2  PASS  Example ESMF_MeshEx, ESMF_MeshEx.F90, line 1795
20210227 043024.752 INFO             PET2 Finalizing ESMF
20210227 043024.696 INFO             PET3 !!!!!!!!!!!!!!!!!!!!!!!!!!!!!!!!!!!!!!!!!!!!!!!!!!!!!!
20210227 043024.696 INFO             PET3 !!! THE ESMF_LOG IS SET TO OUTPUT ALL LOG MESSAGES !!!
20210227 043024.696 INFO             PET3 !!!     THIS MAY CAUSE SLOWDOWN IN PERFORMANCE     !!!
20210227 043024.696 INFO             PET3 !!! FOR PRODUCTION RUNS, USE:                      !!!
20210227 043024.696 INFO             PET3 !!!                   ESMF_LOGKIND_Multi_On_Error  !!!
20210227 043024.696 INFO             PET3 !!!!!!!!!!!!!!!!!!!!!!!!!!!!!!!!!!!!!!!!!!!!!!!!!!!!!!
20210227 043024.696 INFO             PET3 Running with ESMF Version   : ESMF_8_1_0_beta_snapshot_47-18-g3fd6502904
20210227 043024.696 INFO             PET3 ESMF library build date/time: "Feb 27 2021" "04:00:08"
20210227 043024.696 INFO             PET3 ESMF library build location : /scratch1/NCEPDEV/da/Mark.Potts/sandbox/intel_18.0.4_intelmpi_O
20210227 043024.696 INFO             PET3 ESMF_COMM                   : intelmpi
20210227 043024.697 INFO             PET3 ESMF_MOAB                   : enabled
20210227 043024.697 INFO             PET3 ESMF_LAPACK                 : enabled
20210227 043024.697 INFO             PET3 ESMF_NETCDF                 : enabled
20210227 043024.697 INFO             PET3 ESMF_PNETCDF                : disabled
20210227 043024.697 INFO             PET3 ESMF_PIO                    : enabled
20210227 043024.697 INFO             PET3 ESMF_YAMLCPP                : enabled
20210227 043024.722 WARNING          PET3 ESMF_IOScrip.F90:4699 ESMF_EsmfGetElement Variable centerCoords in data/ne4np4-esmf.nc does not exist
20210227 043024.752 INFO             PET3  NUMBER_OF_PROCESSORS           4
20210227 043024.752 INFO             PET3  PASS  Example ESMF_MeshEx, ESMF_MeshEx.F90, line 1795
20210227 043024.752 INFO             PET3 Finalizing ESMF
