20210223 140253.577 INFO             PET0 !!!!!!!!!!!!!!!!!!!!!!!!!!!!!!!!!!!!!!!!!!!!!!!!!!!!!!
20210223 140253.577 INFO             PET0 !!! THE ESMF_LOG IS SET TO OUTPUT ALL LOG MESSAGES !!!
20210223 140253.577 INFO             PET0 !!!     THIS MAY CAUSE SLOWDOWN IN PERFORMANCE     !!!
20210223 140253.577 INFO             PET0 !!! FOR PRODUCTION RUNS, USE:                      !!!
20210223 140253.577 INFO             PET0 !!!                   ESMF_LOGKIND_Multi_On_Error  !!!
20210223 140253.577 INFO             PET0 !!!!!!!!!!!!!!!!!!!!!!!!!!!!!!!!!!!!!!!!!!!!!!!!!!!!!!
20210223 140253.577 INFO             PET0 Running with ESMF Version   : ESMF_8_2_0_beta_snapshot_00
20210223 140253.577 INFO             PET0 ESMF library build date/time: "Feb 23 2021" "13:11:41"
20210223 140253.577 INFO             PET0 ESMF library build location : /glade/scratch/himanshu/manual/pgi_mpiuni/esmf
20210223 140253.577 INFO             PET0 ESMF_COMM                   : mpiuni
20210223 140253.577 INFO             PET0 ESMF_MOAB                   : enabled
20210223 140253.577 INFO             PET0 ESMF_LAPACK                 : enabled
20210223 140253.577 INFO             PET0 ESMF_NETCDF                 : enabled
20210223 140253.577 INFO             PET0 ESMF_PNETCDF                : disabled
20210223 140253.577 INFO             PET0 ESMF_PIO                    : disabled
20210223 140253.577 INFO             PET0 ESMF_YAMLCPP                : enabled
20210223 140253.578 INFO             PET0  NUMBER_OF_PROCESSORS            1
20210223 140253.578 INFO             PET0  PASS  Example ESMF_StateEx, ESMF_StateEx.F90, line 237
20210223 140253.578 INFO             PET0 Finalizing ESMF
Tue Feb 23 15:16:56 MST 2021
