20210212 204906.005 INFO             PET1 !!!!!!!!!!!!!!!!!!!!!!!!!!!!!!!!!!!!!!!!!!!!!!!!!!!!!!
20210212 204906.005 INFO             PET1 !!! THE ESMF_LOG IS SET TO OUTPUT ALL LOG MESSAGES !!!
20210212 204906.005 INFO             PET1 !!!     THIS MAY CAUSE SLOWDOWN IN PERFORMANCE     !!!
20210212 204906.005 INFO             PET1 !!! FOR PRODUCTION RUNS, USE:                      !!!
20210212 204906.005 INFO             PET1 !!!                   ESMF_LOGKIND_Multi_On_Error  !!!
20210212 204906.005 INFO             PET1 !!!!!!!!!!!!!!!!!!!!!!!!!!!!!!!!!!!!!!!!!!!!!!!!!!!!!!
20210212 204906.005 INFO             PET1 Running with ESMF Version   : ESMF_8_1_0_beta_snapshot_44-78-ged48c699cb
20210212 204906.005 INFO             PET1 ESMF library build date/time: "Feb 12 2021" "20:44:59"
20210212 204906.005 INFO             PET1 ESMF library build location : /scratch/esmf/esmf_test/cronjobs/trunk/gfortran/esmf
20210212 204906.005 INFO             PET1 ESMF_COMM                   : openmpi
20210212 204906.005 INFO             PET1 ESMF_MOAB                   : enabled
20210212 204906.005 INFO             PET1 ESMF_LAPACK                 : enabled
20210212 204906.005 INFO             PET1 ESMF_NETCDF                 : disabled
20210212 204906.005 INFO             PET1 ESMF_PNETCDF                : disabled
20210212 204906.005 INFO             PET1 ESMF_PIO                    : enabled
20210212 204906.005 INFO             PET1 ESMF_YAMLCPP                : enabled
20210212 204906.006 INFO             PET1 Finalizing ESMF
20210212 204906.321 INFO             PET1 !!!!!!!!!!!!!!!!!!!!!!!!!!!!!!!!!!!!!!!!!!!!!!!!!!!!!!
20210212 204906.321 INFO             PET1 !!! THE ESMF_LOG IS SET TO OUTPUT ALL LOG MESSAGES !!!
20210212 204906.321 INFO             PET1 !!!     THIS MAY CAUSE SLOWDOWN IN PERFORMANCE     !!!
20210212 204906.321 INFO             PET1 !!! FOR PRODUCTION RUNS, USE:                      !!!
20210212 204906.321 INFO             PET1 !!!                   ESMF_LOGKIND_Multi_On_Error  !!!
20210212 204906.321 INFO             PET1 !!!!!!!!!!!!!!!!!!!!!!!!!!!!!!!!!!!!!!!!!!!!!!!!!!!!!!
20210212 204906.321 INFO             PET1 Running with ESMF Version   : ESMF_8_1_0_beta_snapshot_44-78-ged48c699cb
20210212 204906.321 INFO             PET1 ESMF library build date/time: "Feb 12 2021" "20:44:59"
20210212 204906.321 INFO             PET1 ESMF library build location : /scratch/esmf/esmf_test/cronjobs/trunk/gfortran/esmf
20210212 204906.321 INFO             PET1 ESMF_COMM                   : openmpi
20210212 204906.321 INFO             PET1 ESMF_MOAB                   : enabled
20210212 204906.321 INFO             PET1 ESMF_LAPACK                 : enabled
20210212 204906.321 INFO             PET1 ESMF_NETCDF                 : disabled
20210212 204906.321 INFO             PET1 ESMF_PNETCDF                : disabled
20210212 204906.321 INFO             PET1 ESMF_PIO                    : enabled
20210212 204906.321 INFO             PET1 ESMF_YAMLCPP                : enabled
20210212 204906.322 INFO             PET1 Finalizing ESMF
20210212 204906.957 INFO             PET1 !!!!!!!!!!!!!!!!!!!!!!!!!!!!!!!!!!!!!!!!!!!!!!!!!!!!!!
20210212 204906.958 INFO             PET1 !!! THE ESMF_LOG IS SET TO OUTPUT ALL LOG MESSAGES !!!
20210212 204906.958 INFO             PET1 !!!     THIS MAY CAUSE SLOWDOWN IN PERFORMANCE     !!!
20210212 204906.958 INFO             PET1 !!! FOR PRODUCTION RUNS, USE:                      !!!
20210212 204906.958 INFO             PET1 !!!                   ESMF_LOGKIND_Multi_On_Error  !!!
20210212 204906.958 INFO             PET1 !!!!!!!!!!!!!!!!!!!!!!!!!!!!!!!!!!!!!!!!!!!!!!!!!!!!!!
20210212 204906.958 INFO             PET1 Running with ESMF Version   : ESMF_8_1_0_beta_snapshot_44-78-ged48c699cb
20210212 204906.958 INFO             PET1 ESMF library build date/time: "Feb 12 2021" "20:44:59"
20210212 204906.958 INFO             PET1 ESMF library build location : /scratch/esmf/esmf_test/cronjobs/trunk/gfortran/esmf
20210212 204906.958 INFO             PET1 ESMF_COMM                   : openmpi
20210212 204906.958 INFO             PET1 ESMF_MOAB                   : enabled
20210212 204906.958 INFO             PET1 ESMF_LAPACK                 : enabled
20210212 204906.958 INFO             PET1 ESMF_NETCDF                 : disabled
20210212 204906.958 INFO             PET1 ESMF_PNETCDF                : disabled
20210212 204906.958 INFO             PET1 ESMF_PIO                    : enabled
20210212 204906.958 INFO             PET1 ESMF_YAMLCPP                : enabled
20210212 204906.958 INFO             PET1 Finalizing ESMF
Sat Feb 13 01:11:11 MST 2021
