20210211 001159.965 INFO             PET2 !!!!!!!!!!!!!!!!!!!!!!!!!!!!!!!!!!!!!!!!!!!!!!!!!!!!!!
20210211 001159.965 INFO             PET2 !!! THE ESMF_LOG IS SET TO OUTPUT ALL LOG MESSAGES !!!
20210211 001159.965 INFO             PET2 !!!     THIS MAY CAUSE SLOWDOWN IN PERFORMANCE     !!!
20210211 001159.965 INFO             PET2 !!! FOR PRODUCTION RUNS, USE:                      !!!
20210211 001159.965 INFO             PET2 !!!                   ESMF_LOGKIND_Multi_On_Error  !!!
20210211 001159.965 INFO             PET2 !!!!!!!!!!!!!!!!!!!!!!!!!!!!!!!!!!!!!!!!!!!!!!!!!!!!!!
20210211 001159.965 INFO             PET2 Running with ESMF Version   : ESMF_8_1_0_beta_snapshot_44-53-gdb2e74ae37
20210211 001159.965 INFO             PET2 ESMF library build date/time: "Feb 11 2021" "00:09:10"
20210211 001159.965 INFO             PET2 ESMF library build location : /scratch/esmf/esmf_test/cronjobs/trunk/gfortran/esmf
20210211 001159.965 INFO             PET2 ESMF_COMM                   : openmpi
20210211 001159.965 INFO             PET2 ESMF_MOAB                   : enabled
20210211 001159.965 INFO             PET2 ESMF_LAPACK                 : enabled
20210211 001159.965 INFO             PET2 ESMF_NETCDF                 : disabled
20210211 001159.965 INFO             PET2 ESMF_PNETCDF                : disabled
20210211 001159.965 INFO             PET2 ESMF_PIO                    : enabled
20210211 001159.965 INFO             PET2 ESMF_YAMLCPP                : enabled
20210211 001159.966 INFO             PET2 Finalizing ESMF
20210211 001200.162 INFO             PET2 !!!!!!!!!!!!!!!!!!!!!!!!!!!!!!!!!!!!!!!!!!!!!!!!!!!!!!
20210211 001200.162 INFO             PET2 !!! THE ESMF_LOG IS SET TO OUTPUT ALL LOG MESSAGES !!!
20210211 001200.162 INFO             PET2 !!!     THIS MAY CAUSE SLOWDOWN IN PERFORMANCE     !!!
20210211 001200.162 INFO             PET2 !!! FOR PRODUCTION RUNS, USE:                      !!!
20210211 001200.162 INFO             PET2 !!!                   ESMF_LOGKIND_Multi_On_Error  !!!
20210211 001200.162 INFO             PET2 !!!!!!!!!!!!!!!!!!!!!!!!!!!!!!!!!!!!!!!!!!!!!!!!!!!!!!
20210211 001200.162 INFO             PET2 Running with ESMF Version   : ESMF_8_1_0_beta_snapshot_44-53-gdb2e74ae37
20210211 001200.162 INFO             PET2 ESMF library build date/time: "Feb 11 2021" "00:09:10"
20210211 001200.162 INFO             PET2 ESMF library build location : /scratch/esmf/esmf_test/cronjobs/trunk/gfortran/esmf
20210211 001200.162 INFO             PET2 ESMF_COMM                   : openmpi
20210211 001200.162 INFO             PET2 ESMF_MOAB                   : enabled
20210211 001200.162 INFO             PET2 ESMF_LAPACK                 : enabled
20210211 001200.162 INFO             PET2 ESMF_NETCDF                 : disabled
20210211 001200.162 INFO             PET2 ESMF_PNETCDF                : disabled
20210211 001200.162 INFO             PET2 ESMF_PIO                    : enabled
20210211 001200.162 INFO             PET2 ESMF_YAMLCPP                : enabled
20210211 001200.163 INFO             PET2 Finalizing ESMF
20210211 001200.358 INFO             PET2 !!!!!!!!!!!!!!!!!!!!!!!!!!!!!!!!!!!!!!!!!!!!!!!!!!!!!!
20210211 001200.358 INFO             PET2 !!! THE ESMF_LOG IS SET TO OUTPUT ALL LOG MESSAGES !!!
20210211 001200.358 INFO             PET2 !!!     THIS MAY CAUSE SLOWDOWN IN PERFORMANCE     !!!
20210211 001200.358 INFO             PET2 !!! FOR PRODUCTION RUNS, USE:                      !!!
20210211 001200.358 INFO             PET2 !!!                   ESMF_LOGKIND_Multi_On_Error  !!!
20210211 001200.358 INFO             PET2 !!!!!!!!!!!!!!!!!!!!!!!!!!!!!!!!!!!!!!!!!!!!!!!!!!!!!!
20210211 001200.358 INFO             PET2 Running with ESMF Version   : ESMF_8_1_0_beta_snapshot_44-53-gdb2e74ae37
20210211 001200.358 INFO             PET2 ESMF library build date/time: "Feb 11 2021" "00:09:10"
20210211 001200.358 INFO             PET2 ESMF library build location : /scratch/esmf/esmf_test/cronjobs/trunk/gfortran/esmf
20210211 001200.358 INFO             PET2 ESMF_COMM                   : openmpi
20210211 001200.359 INFO             PET2 ESMF_MOAB                   : enabled
20210211 001200.359 INFO             PET2 ESMF_LAPACK                 : enabled
20210211 001200.359 INFO             PET2 ESMF_NETCDF                 : disabled
20210211 001200.359 INFO             PET2 ESMF_PNETCDF                : disabled
20210211 001200.359 INFO             PET2 ESMF_PIO                    : enabled
20210211 001200.359 INFO             PET2 ESMF_YAMLCPP                : enabled
20210211 001200.359 INFO             PET2 Finalizing ESMF
Thu Feb 11 02:34:09 MST 2021
