20201027 043103.532 INFO             PET2 !!!!!!!!!!!!!!!!!!!!!!!!!!!!!!!!!!!!!!!!!!!!!!!!!!!!!!
20201027 043103.532 INFO             PET2 !!! THE ESMF_LOG IS SET TO OUTPUT ALL LOG MESSAGES !!!
20201027 043103.532 INFO             PET2 !!!     THIS MAY CAUSE SLOWDOWN IN PERFORMANCE     !!!
20201027 043103.532 INFO             PET2 !!! FOR PRODUCTION RUNS, USE:                      !!!
20201027 043103.532 INFO             PET2 !!!                   ESMF_LOGKIND_Multi_On_Error  !!!
20201027 043103.532 INFO             PET2 !!!!!!!!!!!!!!!!!!!!!!!!!!!!!!!!!!!!!!!!!!!!!!!!!!!!!!
20201027 043103.532 INFO             PET2 Running with ESMF Version   : ESMF_8_1_0_beta_snapshot_36-3-g26ac82d49b
20201027 043103.532 INFO             PET2 ESMF library build date/time: "Oct 27 2020" "04:28:14"
20201027 043103.532 INFO             PET2 ESMF library build location : /scratch/esmf/esmf_test/cronjobs/trunk/gfortran/esmf
20201027 043103.532 INFO             PET2 ESMF_COMM                   : openmpi
20201027 043103.532 INFO             PET2 ESMF_NETCDF                 : disabled
20201027 043103.532 INFO             PET2 ESMF_PNETCDF                : disabled
20201027 043103.532 INFO             PET2 ESMF_PIO                    : enabled
20201027 043103.532 INFO             PET2 ESMF_YAMLCPP                : enabled
20201027 043103.532 INFO             PET2 ESMF_MOAB                   : enabled
20201027 043103.533 INFO             PET2 Finalizing ESMF
20201027 043103.787 INFO             PET2 !!!!!!!!!!!!!!!!!!!!!!!!!!!!!!!!!!!!!!!!!!!!!!!!!!!!!!
20201027 043103.787 INFO             PET2 !!! THE ESMF_LOG IS SET TO OUTPUT ALL LOG MESSAGES !!!
20201027 043103.787 INFO             PET2 !!!     THIS MAY CAUSE SLOWDOWN IN PERFORMANCE     !!!
20201027 043103.787 INFO             PET2 !!! FOR PRODUCTION RUNS, USE:                      !!!
20201027 043103.787 INFO             PET2 !!!                   ESMF_LOGKIND_Multi_On_Error  !!!
20201027 043103.787 INFO             PET2 !!!!!!!!!!!!!!!!!!!!!!!!!!!!!!!!!!!!!!!!!!!!!!!!!!!!!!
20201027 043103.787 INFO             PET2 Running with ESMF Version   : ESMF_8_1_0_beta_snapshot_36-3-g26ac82d49b
20201027 043103.787 INFO             PET2 ESMF library build date/time: "Oct 27 2020" "04:28:14"
20201027 043103.787 INFO             PET2 ESMF library build location : /scratch/esmf/esmf_test/cronjobs/trunk/gfortran/esmf
20201027 043103.787 INFO             PET2 ESMF_COMM                   : openmpi
20201027 043103.787 INFO             PET2 ESMF_NETCDF                 : disabled
20201027 043103.787 INFO             PET2 ESMF_PNETCDF                : disabled
20201027 043103.787 INFO             PET2 ESMF_PIO                    : enabled
20201027 043103.787 INFO             PET2 ESMF_YAMLCPP                : enabled
20201027 043103.787 INFO             PET2 ESMF_MOAB                   : enabled
20201027 043103.788 INFO             PET2 Finalizing ESMF
20201027 043104.029 INFO             PET2 !!!!!!!!!!!!!!!!!!!!!!!!!!!!!!!!!!!!!!!!!!!!!!!!!!!!!!
20201027 043104.029 INFO             PET2 !!! THE ESMF_LOG IS SET TO OUTPUT ALL LOG MESSAGES !!!
20201027 043104.029 INFO             PET2 !!!     THIS MAY CAUSE SLOWDOWN IN PERFORMANCE     !!!
20201027 043104.029 INFO             PET2 !!! FOR PRODUCTION RUNS, USE:                      !!!
20201027 043104.029 INFO             PET2 !!!                   ESMF_LOGKIND_Multi_On_Error  !!!
20201027 043104.029 INFO             PET2 !!!!!!!!!!!!!!!!!!!!!!!!!!!!!!!!!!!!!!!!!!!!!!!!!!!!!!
20201027 043104.029 INFO             PET2 Running with ESMF Version   : ESMF_8_1_0_beta_snapshot_36-3-g26ac82d49b
20201027 043104.029 INFO             PET2 ESMF library build date/time: "Oct 27 2020" "04:28:14"
20201027 043104.029 INFO             PET2 ESMF library build location : /scratch/esmf/esmf_test/cronjobs/trunk/gfortran/esmf
20201027 043104.029 INFO             PET2 ESMF_COMM                   : openmpi
20201027 043104.029 INFO             PET2 ESMF_NETCDF                 : disabled
20201027 043104.029 INFO             PET2 ESMF_PNETCDF                : disabled
20201027 043104.029 INFO             PET2 ESMF_PIO                    : enabled
20201027 043104.029 INFO             PET2 ESMF_YAMLCPP                : enabled
20201027 043104.029 INFO             PET2 ESMF_MOAB                   : enabled
20201027 043104.030 INFO             PET2 Finalizing ESMF
