20201206 044719.637 INFO             PET3 !!!!!!!!!!!!!!!!!!!!!!!!!!!!!!!!!!!!!!!!!!!!!!!!!!!!!!
20201206 044719.637 INFO             PET3 !!! THE ESMF_LOG IS SET TO OUTPUT ALL LOG MESSAGES !!!
20201206 044719.637 INFO             PET3 !!!     THIS MAY CAUSE SLOWDOWN IN PERFORMANCE     !!!
20201206 044719.637 INFO             PET3 !!! FOR PRODUCTION RUNS, USE:                      !!!
20201206 044719.637 INFO             PET3 !!!                   ESMF_LOGKIND_Multi_On_Error  !!!
20201206 044719.637 INFO             PET3 !!!!!!!!!!!!!!!!!!!!!!!!!!!!!!!!!!!!!!!!!!!!!!!!!!!!!!
20201206 044719.637 INFO             PET3 Running with ESMF Version   : ESMF_8_1_0_beta_snapshot_38-40-gdfefa6d24c
20201206 044719.637 INFO             PET3 ESMF library build date/time: "Dec  6 2020" "04:44:49"
20201206 044719.637 INFO             PET3 ESMF library build location : /scratch/esmf/esmf_test/cronjobs/trunk/gfortran/esmf
20201206 044719.637 INFO             PET3 ESMF_COMM                   : openmpi
20201206 044719.637 INFO             PET3 ESMF_NETCDF                 : disabled
20201206 044719.637 INFO             PET3 ESMF_PNETCDF                : disabled
20201206 044719.637 INFO             PET3 ESMF_PIO                    : enabled
20201206 044719.637 INFO             PET3 ESMF_YAMLCPP                : enabled
20201206 044719.637 INFO             PET3 ESMF_MOAB                   : enabled
20201206 044719.638 INFO             PET3 Finalizing ESMF
20201206 044719.863 INFO             PET3 !!!!!!!!!!!!!!!!!!!!!!!!!!!!!!!!!!!!!!!!!!!!!!!!!!!!!!
20201206 044719.863 INFO             PET3 !!! THE ESMF_LOG IS SET TO OUTPUT ALL LOG MESSAGES !!!
20201206 044719.863 INFO             PET3 !!!     THIS MAY CAUSE SLOWDOWN IN PERFORMANCE     !!!
20201206 044719.863 INFO             PET3 !!! FOR PRODUCTION RUNS, USE:                      !!!
20201206 044719.863 INFO             PET3 !!!                   ESMF_LOGKIND_Multi_On_Error  !!!
20201206 044719.863 INFO             PET3 !!!!!!!!!!!!!!!!!!!!!!!!!!!!!!!!!!!!!!!!!!!!!!!!!!!!!!
20201206 044719.863 INFO             PET3 Running with ESMF Version   : ESMF_8_1_0_beta_snapshot_38-40-gdfefa6d24c
20201206 044719.863 INFO             PET3 ESMF library build date/time: "Dec  6 2020" "04:44:49"
20201206 044719.863 INFO             PET3 ESMF library build location : /scratch/esmf/esmf_test/cronjobs/trunk/gfortran/esmf
20201206 044719.863 INFO             PET3 ESMF_COMM                   : openmpi
20201206 044719.863 INFO             PET3 ESMF_NETCDF                 : disabled
20201206 044719.863 INFO             PET3 ESMF_PNETCDF                : disabled
20201206 044719.863 INFO             PET3 ESMF_PIO                    : enabled
20201206 044719.863 INFO             PET3 ESMF_YAMLCPP                : enabled
20201206 044719.863 INFO             PET3 ESMF_MOAB                   : enabled
20201206 044719.864 INFO             PET3 Finalizing ESMF
20201206 044720.089 INFO             PET3 !!!!!!!!!!!!!!!!!!!!!!!!!!!!!!!!!!!!!!!!!!!!!!!!!!!!!!
20201206 044720.089 INFO             PET3 !!! THE ESMF_LOG IS SET TO OUTPUT ALL LOG MESSAGES !!!
20201206 044720.089 INFO             PET3 !!!     THIS MAY CAUSE SLOWDOWN IN PERFORMANCE     !!!
20201206 044720.089 INFO             PET3 !!! FOR PRODUCTION RUNS, USE:                      !!!
20201206 044720.089 INFO             PET3 !!!                   ESMF_LOGKIND_Multi_On_Error  !!!
20201206 044720.089 INFO             PET3 !!!!!!!!!!!!!!!!!!!!!!!!!!!!!!!!!!!!!!!!!!!!!!!!!!!!!!
20201206 044720.089 INFO             PET3 Running with ESMF Version   : ESMF_8_1_0_beta_snapshot_38-40-gdfefa6d24c
20201206 044720.089 INFO             PET3 ESMF library build date/time: "Dec  6 2020" "04:44:49"
20201206 044720.089 INFO             PET3 ESMF library build location : /scratch/esmf/esmf_test/cronjobs/trunk/gfortran/esmf
20201206 044720.089 INFO             PET3 ESMF_COMM                   : openmpi
20201206 044720.089 INFO             PET3 ESMF_NETCDF                 : disabled
20201206 044720.089 INFO             PET3 ESMF_PNETCDF                : disabled
20201206 044720.089 INFO             PET3 ESMF_PIO                    : enabled
20201206 044720.089 INFO             PET3 ESMF_YAMLCPP                : enabled
20201206 044720.089 INFO             PET3 ESMF_MOAB                   : enabled
20201206 044720.090 INFO             PET3 Finalizing ESMF
Sun Dec  6 05:55:58 MST 2020
