cd /scratch/esmf/esmf_test/cronjobs/trunk/gfortran/esmf/src/apps; gmake ACTION=tree_build_apps tree
gmake[1]: Entering directory `/scratch/esmf/esmf_test/cronjobs/trunk/gfortran/esmf/src/apps'
tree_build_apps in: /scratch/esmf/esmf_test/cronjobs/trunk/gfortran/esmf/src/apps/ESMF_RegridWeightGen
gmake[2]: Entering directory `/scratch/esmf/esmf_test/cronjobs/trunk/gfortran/esmf/src/apps/ESMF_RegridWeightGen'
gmake chkdir_apps
gmake[3]: Entering directory `/scratch/esmf/esmf_test/cronjobs/trunk/gfortran/esmf/src/apps/ESMF_RegridWeightGen'
Making directory /scratch/esmf/esmf_test/cronjobs/trunk/gfortran/esmf/apps/appsO/Linux.gfortran.64.mpich3.default for apps output
gmake[3]: Leaving directory `/scratch/esmf/esmf_test/cronjobs/trunk/gfortran/esmf/src/apps/ESMF_RegridWeightGen'
mpif90     -m64 -mcmodel=small -pthread -Wl,--no-as-needed  -fopenmp -L/scratch/esmf/esmf_test/cronjobs/trunk/gfortran/esmf/lib/libO/Linux.gfortran.64.mpich3.default  -L/usr/local/gcc-g++-gfortran-8.1.0/lib/gcc/x86_64-pc-linux-gnu/8.1.0/../../../../lib64/ -Wl,-rpath,/scratch/esmf/esmf_test/cronjobs/trunk/gfortran/esmf/lib/libO/Linux.gfortran.64.mpich3.default  -Wl,-rpath,/usr/local/gcc-g++-gfortran-8.1.0/lib/gcc/x86_64-pc-linux-gnu/8.1.0/../../../../lib64/ -o /scratch/esmf/esmf_test/cronjobs/trunk/gfortran/esmf/apps/appsO/Linux.gfortran.64.mpich3.default/ESMF_RegridWeightGen /scratch/esmf/esmf_test/cronjobs/trunk/gfortran/esmf/obj/objO/Linux.gfortran.64.mpich3.default/src/apps/ESMF_RegridWeightGen/ESMF_RegridWeightGen.o -lesmf  -lrt -lstdc++ -ldl
gmake[2]: Leaving directory `/scratch/esmf/esmf_test/cronjobs/trunk/gfortran/esmf/src/apps/ESMF_RegridWeightGen'
tree_build_apps in: /scratch/esmf/esmf_test/cronjobs/trunk/gfortran/esmf/src/apps/ESMF_WebServController
gmake[2]: Entering directory `/scratch/esmf/esmf_test/cronjobs/trunk/gfortran/esmf/src/apps/ESMF_WebServController'
gmake chkdir_apps
gmake[3]: Entering directory `/scratch/esmf/esmf_test/cronjobs/trunk/gfortran/esmf/src/apps/ESMF_WebServController'
gmake[3]: Leaving directory `/scratch/esmf/esmf_test/cronjobs/trunk/gfortran/esmf/src/apps/ESMF_WebServController'
mpicxx    -m64 -mcmodel=small -pthread -Wl,--no-as-needed  -fopenmp -L/scratch/esmf/esmf_test/cronjobs/trunk/gfortran/esmf/lib/libO/Linux.gfortran.64.mpich3.default  -L/usr/local/gcc-g++-gfortran-8.1.0/lib/gcc/x86_64-pc-linux-gnu/8.1.0/../../../../lib64/ -Wl,-rpath,/scratch/esmf/esmf_test/cronjobs/trunk/gfortran/esmf/lib/libO/Linux.gfortran.64.mpich3.default  -Wl,-rpath,/usr/local/gcc-g++-gfortran-8.1.0/lib/gcc/x86_64-pc-linux-gnu/8.1.0/../../../../lib64/ -o /scratch/esmf/esmf_test/cronjobs/trunk/gfortran/esmf/apps/appsO/Linux.gfortran.64.mpich3.default/ESMF_WebServController /scratch/esmf/esmf_test/cronjobs/trunk/gfortran/esmf/obj/objO/Linux.gfortran.64.mpich3.default/src/apps/ESMF_WebServController/ESMF_WebServController.o -lesmf  -lmpifort -lrt -lgfortran -ldl
gmake[2]: Leaving directory `/scratch/esmf/esmf_test/cronjobs/trunk/gfortran/esmf/src/apps/ESMF_WebServController'
tree_build_apps in: /scratch/esmf/esmf_test/cronjobs/trunk/gfortran/esmf/src/apps/ESMF_Scrip2Unstruct
gmake[2]: Entering directory `/scratch/esmf/esmf_test/cronjobs/trunk/gfortran/esmf/src/apps/ESMF_Scrip2Unstruct'
gmake chkdir_apps
gmake[3]: Entering directory `/scratch/esmf/esmf_test/cronjobs/trunk/gfortran/esmf/src/apps/ESMF_Scrip2Unstruct'
gmake[3]: Leaving directory `/scratch/esmf/esmf_test/cronjobs/trunk/gfortran/esmf/src/apps/ESMF_Scrip2Unstruct'
mpicxx    -m64 -mcmodel=small -pthread -Wl,--no-as-needed  -fopenmp -L/scratch/esmf/esmf_test/cronjobs/trunk/gfortran/esmf/lib/libO/Linux.gfortran.64.mpich3.default  -L/usr/local/gcc-g++-gfortran-8.1.0/lib/gcc/x86_64-pc-linux-gnu/8.1.0/../../../../lib64/ -Wl,-rpath,/scratch/esmf/esmf_test/cronjobs/trunk/gfortran/esmf/lib/libO/Linux.gfortran.64.mpich3.default  -Wl,-rpath,/usr/local/gcc-g++-gfortran-8.1.0/lib/gcc/x86_64-pc-linux-gnu/8.1.0/../../../../lib64/ -o /scratch/esmf/esmf_test/cronjobs/trunk/gfortran/esmf/apps/appsO/Linux.gfortran.64.mpich3.default/ESMF_Scrip2Unstruct /scratch/esmf/esmf_test/cronjobs/trunk/gfortran/esmf/obj/objO/Linux.gfortran.64.mpich3.default/src/apps/ESMF_Scrip2Unstruct/ESMF_Scrip2Unstruct.o -lesmf  -lmpifort -lrt -lgfortran -ldl
gmake[2]: Leaving directory `/scratch/esmf/esmf_test/cronjobs/trunk/gfortran/esmf/src/apps/ESMF_Scrip2Unstruct'
tree_build_apps in: /scratch/esmf/esmf_test/cronjobs/trunk/gfortran/esmf/src/apps/ESMF_Regrid
gmake[2]: Entering directory `/scratch/esmf/esmf_test/cronjobs/trunk/gfortran/esmf/src/apps/ESMF_Regrid'
gmake chkdir_apps
gmake[3]: Entering directory `/scratch/esmf/esmf_test/cronjobs/trunk/gfortran/esmf/src/apps/ESMF_Regrid'
gmake[3]: Leaving directory `/scratch/esmf/esmf_test/cronjobs/trunk/gfortran/esmf/src/apps/ESMF_Regrid'
mpif90     -m64 -mcmodel=small -pthread -Wl,--no-as-needed  -fopenmp -L/scratch/esmf/esmf_test/cronjobs/trunk/gfortran/esmf/lib/libO/Linux.gfortran.64.mpich3.default  -L/usr/local/gcc-g++-gfortran-8.1.0/lib/gcc/x86_64-pc-linux-gnu/8.1.0/../../../../lib64/ -Wl,-rpath,/scratch/esmf/esmf_test/cronjobs/trunk/gfortran/esmf/lib/libO/Linux.gfortran.64.mpich3.default  -Wl,-rpath,/usr/local/gcc-g++-gfortran-8.1.0/lib/gcc/x86_64-pc-linux-gnu/8.1.0/../../../../lib64/ -o /scratch/esmf/esmf_test/cronjobs/trunk/gfortran/esmf/apps/appsO/Linux.gfortran.64.mpich3.default/ESMF_Regrid /scratch/esmf/esmf_test/cronjobs/trunk/gfortran/esmf/obj/objO/Linux.gfortran.64.mpich3.default/src/apps/ESMF_Regrid/ESMF_Regrid.o -lesmf  -lrt -lstdc++ -ldl
gmake[2]: Leaving directory `/scratch/esmf/esmf_test/cronjobs/trunk/gfortran/esmf/src/apps/ESMF_Regrid'
gmake[1]: Leaving directory `/scratch/esmf/esmf_test/cronjobs/trunk/gfortran/esmf/src/apps'
ESMF apps built successfully.
Mon Feb 15 13:29:27 MST 2021
