20210212 132432.922 INFO             PET00 !!!!!!!!!!!!!!!!!!!!!!!!!!!!!!!!!!!!!!!!!!!!!!!!!!!!!!
20210212 132432.922 INFO             PET00 !!! THE ESMF_LOG IS SET TO OUTPUT ALL LOG MESSAGES !!!
20210212 132432.922 INFO             PET00 !!!     THIS MAY CAUSE SLOWDOWN IN PERFORMANCE     !!!
20210212 132432.922 INFO             PET00 !!! FOR PRODUCTION RUNS, USE:                      !!!
20210212 132432.922 INFO             PET00 !!!                   ESMF_LOGKIND_Multi_On_Error  !!!
20210212 132432.922 INFO             PET00 !!!!!!!!!!!!!!!!!!!!!!!!!!!!!!!!!!!!!!!!!!!!!!!!!!!!!!
20210212 132432.922 INFO             PET00 Running with ESMF Version   : ESMF_8_1_0_beta_snapshot_44-77-g67a4f84
20210212 132432.922 INFO             PET00 ESMF library build date/time: "Feb 12 2021" "13:20:28"
20210212 132432.922 INFO             PET00 ESMF library build location : /home/hpillai/esmf_test/intel/esmf
20210212 132432.922 INFO             PET00 ESMF_COMM                   : intelmpi
20210212 132432.925 INFO             PET00 ESMF_MOAB                   : enabled
20210212 132432.925 INFO             PET00 ESMF_LAPACK                 : enabled
20210212 132432.925 INFO             PET00 ESMF_NETCDF                 : enabled
20210212 132432.925 INFO             PET00 ESMF_PNETCDF                : disabled
20210212 132432.925 INFO             PET00 ESMF_PIO                    : enabled
20210212 132432.925 INFO             PET00 ESMF_YAMLCPP                : enabled
20210212 132432.927 INFO             PET00 Finalizing ESMF
20210212 132433.994 INFO             PET00 !!!!!!!!!!!!!!!!!!!!!!!!!!!!!!!!!!!!!!!!!!!!!!!!!!!!!!
20210212 132433.994 INFO             PET00 !!! THE ESMF_LOG IS SET TO OUTPUT ALL LOG MESSAGES !!!
20210212 132433.994 INFO             PET00 !!!     THIS MAY CAUSE SLOWDOWN IN PERFORMANCE     !!!
20210212 132433.994 INFO             PET00 !!! FOR PRODUCTION RUNS, USE:                      !!!
20210212 132433.994 INFO             PET00 !!!                   ESMF_LOGKIND_Multi_On_Error  !!!
20210212 132433.994 INFO             PET00 !!!!!!!!!!!!!!!!!!!!!!!!!!!!!!!!!!!!!!!!!!!!!!!!!!!!!!
20210212 132433.994 INFO             PET00 Running with ESMF Version   : ESMF_8_1_0_beta_snapshot_44-77-g67a4f84
20210212 132433.994 INFO             PET00 ESMF library build date/time: "Feb 12 2021" "13:20:28"
20210212 132433.994 INFO             PET00 ESMF library build location : /home/hpillai/esmf_test/intel/esmf
20210212 132433.994 INFO             PET00 ESMF_COMM                   : intelmpi
20210212 132433.995 INFO             PET00 ESMF_MOAB                   : enabled
20210212 132433.995 INFO             PET00 ESMF_LAPACK                 : enabled
20210212 132433.995 INFO             PET00 ESMF_NETCDF                 : enabled
20210212 132433.995 INFO             PET00 ESMF_PNETCDF                : disabled
20210212 132433.995 INFO             PET00 ESMF_PIO                    : enabled
20210212 132433.995 INFO             PET00 ESMF_YAMLCPP                : enabled
20210212 132433.997 INFO             PET00 Finalizing ESMF
20210212 132435.079 INFO             PET00 !!!!!!!!!!!!!!!!!!!!!!!!!!!!!!!!!!!!!!!!!!!!!!!!!!!!!!
20210212 132435.079 INFO             PET00 !!! THE ESMF_LOG IS SET TO OUTPUT ALL LOG MESSAGES !!!
20210212 132435.079 INFO             PET00 !!!     THIS MAY CAUSE SLOWDOWN IN PERFORMANCE     !!!
20210212 132435.079 INFO             PET00 !!! FOR PRODUCTION RUNS, USE:                      !!!
20210212 132435.079 INFO             PET00 !!!                   ESMF_LOGKIND_Multi_On_Error  !!!
20210212 132435.079 INFO             PET00 !!!!!!!!!!!!!!!!!!!!!!!!!!!!!!!!!!!!!!!!!!!!!!!!!!!!!!
20210212 132435.079 INFO             PET00 Running with ESMF Version   : ESMF_8_1_0_beta_snapshot_44-77-g67a4f84
20210212 132435.079 INFO             PET00 ESMF library build date/time: "Feb 12 2021" "13:20:28"
20210212 132435.079 INFO             PET00 ESMF library build location : /home/hpillai/esmf_test/intel/esmf
20210212 132435.079 INFO             PET00 ESMF_COMM                   : intelmpi
20210212 132435.080 INFO             PET00 ESMF_MOAB                   : enabled
20210212 132435.080 INFO             PET00 ESMF_LAPACK                 : enabled
20210212 132435.080 INFO             PET00 ESMF_NETCDF                 : enabled
20210212 132435.080 INFO             PET00 ESMF_PNETCDF                : disabled
20210212 132435.080 INFO             PET00 ESMF_PIO                    : enabled
20210212 132435.080 INFO             PET00 ESMF_YAMLCPP                : enabled
20210212 132435.081 INFO             PET00 Finalizing ESMF
Fri Feb 12 21:51:26 CST 2021
