20210213 195710.916 INFO             PET01 !!!!!!!!!!!!!!!!!!!!!!!!!!!!!!!!!!!!!!!!!!!!!!!!!!!!!!
20210213 195710.916 INFO             PET01 !!! THE ESMF_LOG IS SET TO OUTPUT ALL LOG MESSAGES !!!
20210213 195710.916 INFO             PET01 !!!     THIS MAY CAUSE SLOWDOWN IN PERFORMANCE     !!!
20210213 195710.916 INFO             PET01 !!! FOR PRODUCTION RUNS, USE:                      !!!
20210213 195710.916 INFO             PET01 !!!                   ESMF_LOGKIND_Multi_On_Error  !!!
20210213 195710.916 INFO             PET01 !!!!!!!!!!!!!!!!!!!!!!!!!!!!!!!!!!!!!!!!!!!!!!!!!!!!!!
20210213 195710.916 INFO             PET01 Running with ESMF Version   : ESMF_8_1_0_beta_snapshot_44-80-g014a125
20210213 195710.916 INFO             PET01 ESMF library build date/time: "Feb 13 2021" "19:53:14"
20210213 195710.916 INFO             PET01 ESMF library build location : /home/hpillai/esmf_test/intel/esmf
20210213 195710.916 INFO             PET01 ESMF_COMM                   : intelmpi
20210213 195710.917 INFO             PET01 ESMF_MOAB                   : enabled
20210213 195710.917 INFO             PET01 ESMF_LAPACK                 : enabled
20210213 195710.917 INFO             PET01 ESMF_NETCDF                 : enabled
20210213 195710.917 INFO             PET01 ESMF_PNETCDF                : disabled
20210213 195710.917 INFO             PET01 ESMF_PIO                    : enabled
20210213 195710.917 INFO             PET01 ESMF_YAMLCPP                : enabled
20210213 195710.918 INFO             PET01 Finalizing ESMF
20210213 195711.988 INFO             PET01 !!!!!!!!!!!!!!!!!!!!!!!!!!!!!!!!!!!!!!!!!!!!!!!!!!!!!!
20210213 195711.988 INFO             PET01 !!! THE ESMF_LOG IS SET TO OUTPUT ALL LOG MESSAGES !!!
20210213 195711.988 INFO             PET01 !!!     THIS MAY CAUSE SLOWDOWN IN PERFORMANCE     !!!
20210213 195711.988 INFO             PET01 !!! FOR PRODUCTION RUNS, USE:                      !!!
20210213 195711.988 INFO             PET01 !!!                   ESMF_LOGKIND_Multi_On_Error  !!!
20210213 195711.988 INFO             PET01 !!!!!!!!!!!!!!!!!!!!!!!!!!!!!!!!!!!!!!!!!!!!!!!!!!!!!!
20210213 195711.988 INFO             PET01 Running with ESMF Version   : ESMF_8_1_0_beta_snapshot_44-80-g014a125
20210213 195711.988 INFO             PET01 ESMF library build date/time: "Feb 13 2021" "19:53:14"
20210213 195711.988 INFO             PET01 ESMF library build location : /home/hpillai/esmf_test/intel/esmf
20210213 195711.988 INFO             PET01 ESMF_COMM                   : intelmpi
20210213 195711.989 INFO             PET01 ESMF_MOAB                   : enabled
20210213 195711.989 INFO             PET01 ESMF_LAPACK                 : enabled
20210213 195711.989 INFO             PET01 ESMF_NETCDF                 : enabled
20210213 195711.989 INFO             PET01 ESMF_PNETCDF                : disabled
20210213 195711.989 INFO             PET01 ESMF_PIO                    : enabled
20210213 195711.989 INFO             PET01 ESMF_YAMLCPP                : enabled
20210213 195711.990 INFO             PET01 Finalizing ESMF
20210213 195713.063 INFO             PET01 !!!!!!!!!!!!!!!!!!!!!!!!!!!!!!!!!!!!!!!!!!!!!!!!!!!!!!
20210213 195713.064 INFO             PET01 !!! THE ESMF_LOG IS SET TO OUTPUT ALL LOG MESSAGES !!!
20210213 195713.064 INFO             PET01 !!!     THIS MAY CAUSE SLOWDOWN IN PERFORMANCE     !!!
20210213 195713.064 INFO             PET01 !!! FOR PRODUCTION RUNS, USE:                      !!!
20210213 195713.064 INFO             PET01 !!!                   ESMF_LOGKIND_Multi_On_Error  !!!
20210213 195713.064 INFO             PET01 !!!!!!!!!!!!!!!!!!!!!!!!!!!!!!!!!!!!!!!!!!!!!!!!!!!!!!
20210213 195713.064 INFO             PET01 Running with ESMF Version   : ESMF_8_1_0_beta_snapshot_44-80-g014a125
20210213 195713.064 INFO             PET01 ESMF library build date/time: "Feb 13 2021" "19:53:14"
20210213 195713.064 INFO             PET01 ESMF library build location : /home/hpillai/esmf_test/intel/esmf
20210213 195713.064 INFO             PET01 ESMF_COMM                   : intelmpi
20210213 195713.065 INFO             PET01 ESMF_MOAB                   : enabled
20210213 195713.065 INFO             PET01 ESMF_LAPACK                 : enabled
20210213 195713.065 INFO             PET01 ESMF_NETCDF                 : enabled
20210213 195713.065 INFO             PET01 ESMF_PNETCDF                : disabled
20210213 195713.065 INFO             PET01 ESMF_PIO                    : enabled
20210213 195713.065 INFO             PET01 ESMF_YAMLCPP                : enabled
20210213 195713.066 INFO             PET01 Finalizing ESMF
Sat Feb 13 22:03:19 CST 2021
