20210211 101807.440 INFO             PET06 !!!!!!!!!!!!!!!!!!!!!!!!!!!!!!!!!!!!!!!!!!!!!!!!!!!!!!
20210211 101807.440 INFO             PET06 !!! THE ESMF_LOG IS SET TO OUTPUT ALL LOG MESSAGES !!!
20210211 101807.440 INFO             PET06 !!!     THIS MAY CAUSE SLOWDOWN IN PERFORMANCE     !!!
20210211 101807.440 INFO             PET06 !!! FOR PRODUCTION RUNS, USE:                      !!!
20210211 101807.440 INFO             PET06 !!!                   ESMF_LOGKIND_Multi_On_Error  !!!
20210211 101807.440 INFO             PET06 !!!!!!!!!!!!!!!!!!!!!!!!!!!!!!!!!!!!!!!!!!!!!!!!!!!!!!
20210211 101807.440 INFO             PET06 Running with ESMF Version   : ESMF_8_1_0_beta_snapshot_44-53-gdb2e74a
20210211 101807.440 INFO             PET06 ESMF library build date/time: "Feb 11 2021" "10:13:51"
20210211 101807.440 INFO             PET06 ESMF library build location : /home/hpillai/esmf_test/intel/esmf
20210211 101807.440 INFO             PET06 ESMF_COMM                   : intelmpi
20210211 101807.441 INFO             PET06 ESMF_MOAB                   : enabled
20210211 101807.441 INFO             PET06 ESMF_LAPACK                 : enabled
20210211 101807.441 INFO             PET06 ESMF_NETCDF                 : enabled
20210211 101807.441 INFO             PET06 ESMF_PNETCDF                : disabled
20210211 101807.441 INFO             PET06 ESMF_PIO                    : enabled
20210211 101807.441 INFO             PET06 ESMF_YAMLCPP                : enabled
20210211 101807.445 INFO             PET06 Finalizing ESMF
20210211 101808.504 INFO             PET06 !!!!!!!!!!!!!!!!!!!!!!!!!!!!!!!!!!!!!!!!!!!!!!!!!!!!!!
20210211 101808.504 INFO             PET06 !!! THE ESMF_LOG IS SET TO OUTPUT ALL LOG MESSAGES !!!
20210211 101808.504 INFO             PET06 !!!     THIS MAY CAUSE SLOWDOWN IN PERFORMANCE     !!!
20210211 101808.504 INFO             PET06 !!! FOR PRODUCTION RUNS, USE:                      !!!
20210211 101808.504 INFO             PET06 !!!                   ESMF_LOGKIND_Multi_On_Error  !!!
20210211 101808.504 INFO             PET06 !!!!!!!!!!!!!!!!!!!!!!!!!!!!!!!!!!!!!!!!!!!!!!!!!!!!!!
20210211 101808.504 INFO             PET06 Running with ESMF Version   : ESMF_8_1_0_beta_snapshot_44-53-gdb2e74a
20210211 101808.504 INFO             PET06 ESMF library build date/time: "Feb 11 2021" "10:13:51"
20210211 101808.504 INFO             PET06 ESMF library build location : /home/hpillai/esmf_test/intel/esmf
20210211 101808.504 INFO             PET06 ESMF_COMM                   : intelmpi
20210211 101808.505 INFO             PET06 ESMF_MOAB                   : enabled
20210211 101808.505 INFO             PET06 ESMF_LAPACK                 : enabled
20210211 101808.505 INFO             PET06 ESMF_NETCDF                 : enabled
20210211 101808.505 INFO             PET06 ESMF_PNETCDF                : disabled
20210211 101808.505 INFO             PET06 ESMF_PIO                    : enabled
20210211 101808.505 INFO             PET06 ESMF_YAMLCPP                : enabled
20210211 101808.505 INFO             PET06 Finalizing ESMF
20210211 101809.567 INFO             PET06 !!!!!!!!!!!!!!!!!!!!!!!!!!!!!!!!!!!!!!!!!!!!!!!!!!!!!!
20210211 101809.567 INFO             PET06 !!! THE ESMF_LOG IS SET TO OUTPUT ALL LOG MESSAGES !!!
20210211 101809.567 INFO             PET06 !!!     THIS MAY CAUSE SLOWDOWN IN PERFORMANCE     !!!
20210211 101809.567 INFO             PET06 !!! FOR PRODUCTION RUNS, USE:                      !!!
20210211 101809.567 INFO             PET06 !!!                   ESMF_LOGKIND_Multi_On_Error  !!!
20210211 101809.567 INFO             PET06 !!!!!!!!!!!!!!!!!!!!!!!!!!!!!!!!!!!!!!!!!!!!!!!!!!!!!!
20210211 101809.567 INFO             PET06 Running with ESMF Version   : ESMF_8_1_0_beta_snapshot_44-53-gdb2e74a
20210211 101809.567 INFO             PET06 ESMF library build date/time: "Feb 11 2021" "10:13:51"
20210211 101809.567 INFO             PET06 ESMF library build location : /home/hpillai/esmf_test/intel/esmf
20210211 101809.567 INFO             PET06 ESMF_COMM                   : intelmpi
20210211 101809.567 INFO             PET06 ESMF_MOAB                   : enabled
20210211 101809.567 INFO             PET06 ESMF_LAPACK                 : enabled
20210211 101809.567 INFO             PET06 ESMF_NETCDF                 : enabled
20210211 101809.567 INFO             PET06 ESMF_PNETCDF                : disabled
20210211 101809.567 INFO             PET06 ESMF_PIO                    : enabled
20210211 101809.567 INFO             PET06 ESMF_YAMLCPP                : enabled
20210211 101809.568 INFO             PET06 Finalizing ESMF
Thu Feb 11 11:35:14 CST 2021
