20210211 101757.551 INFO             PET05 !!!!!!!!!!!!!!!!!!!!!!!!!!!!!!!!!!!!!!!!!!!!!!!!!!!!!!
20210211 101757.551 INFO             PET05 !!! THE ESMF_LOG IS SET TO OUTPUT ALL LOG MESSAGES !!!
20210211 101757.551 INFO             PET05 !!!     THIS MAY CAUSE SLOWDOWN IN PERFORMANCE     !!!
20210211 101757.551 INFO             PET05 !!! FOR PRODUCTION RUNS, USE:                      !!!
20210211 101757.551 INFO             PET05 !!!                   ESMF_LOGKIND_Multi_On_Error  !!!
20210211 101757.551 INFO             PET05 !!!!!!!!!!!!!!!!!!!!!!!!!!!!!!!!!!!!!!!!!!!!!!!!!!!!!!
20210211 101757.551 INFO             PET05 Running with ESMF Version   : ESMF_8_1_0_beta_snapshot_44-53-gdb2e74a
20210211 101757.551 INFO             PET05 ESMF library build date/time: "Feb 11 2021" "10:13:51"
20210211 101757.551 INFO             PET05 ESMF library build location : /home/hpillai/esmf_test/intel/esmf
20210211 101757.551 INFO             PET05 ESMF_COMM                   : intelmpi
20210211 101757.552 INFO             PET05 ESMF_MOAB                   : enabled
20210211 101757.552 INFO             PET05 ESMF_LAPACK                 : enabled
20210211 101757.552 INFO             PET05 ESMF_NETCDF                 : enabled
20210211 101757.552 INFO             PET05 ESMF_PNETCDF                : disabled
20210211 101757.552 INFO             PET05 ESMF_PIO                    : enabled
20210211 101757.552 INFO             PET05 ESMF_YAMLCPP                : enabled
20210211 101757.554 INFO             PET05 Finalizing ESMF
20210211 101758.631 INFO             PET05 !!!!!!!!!!!!!!!!!!!!!!!!!!!!!!!!!!!!!!!!!!!!!!!!!!!!!!
20210211 101758.631 INFO             PET05 !!! THE ESMF_LOG IS SET TO OUTPUT ALL LOG MESSAGES !!!
20210211 101758.631 INFO             PET05 !!!     THIS MAY CAUSE SLOWDOWN IN PERFORMANCE     !!!
20210211 101758.631 INFO             PET05 !!! FOR PRODUCTION RUNS, USE:                      !!!
20210211 101758.631 INFO             PET05 !!!                   ESMF_LOGKIND_Multi_On_Error  !!!
20210211 101758.631 INFO             PET05 !!!!!!!!!!!!!!!!!!!!!!!!!!!!!!!!!!!!!!!!!!!!!!!!!!!!!!
20210211 101758.631 INFO             PET05 Running with ESMF Version   : ESMF_8_1_0_beta_snapshot_44-53-gdb2e74a
20210211 101758.631 INFO             PET05 ESMF library build date/time: "Feb 11 2021" "10:13:51"
20210211 101758.631 INFO             PET05 ESMF library build location : /home/hpillai/esmf_test/intel/esmf
20210211 101758.631 INFO             PET05 ESMF_COMM                   : intelmpi
20210211 101758.632 INFO             PET05 ESMF_MOAB                   : enabled
20210211 101758.632 INFO             PET05 ESMF_LAPACK                 : enabled
20210211 101758.632 INFO             PET05 ESMF_NETCDF                 : enabled
20210211 101758.632 INFO             PET05 ESMF_PNETCDF                : disabled
20210211 101758.632 INFO             PET05 ESMF_PIO                    : enabled
20210211 101758.632 INFO             PET05 ESMF_YAMLCPP                : enabled
20210211 101758.633 INFO             PET05 Finalizing ESMF
20210211 101759.701 INFO             PET05 !!!!!!!!!!!!!!!!!!!!!!!!!!!!!!!!!!!!!!!!!!!!!!!!!!!!!!
20210211 101759.701 INFO             PET05 !!! THE ESMF_LOG IS SET TO OUTPUT ALL LOG MESSAGES !!!
20210211 101759.701 INFO             PET05 !!!     THIS MAY CAUSE SLOWDOWN IN PERFORMANCE     !!!
20210211 101759.701 INFO             PET05 !!! FOR PRODUCTION RUNS, USE:                      !!!
20210211 101759.701 INFO             PET05 !!!                   ESMF_LOGKIND_Multi_On_Error  !!!
20210211 101759.701 INFO             PET05 !!!!!!!!!!!!!!!!!!!!!!!!!!!!!!!!!!!!!!!!!!!!!!!!!!!!!!
20210211 101759.701 INFO             PET05 Running with ESMF Version   : ESMF_8_1_0_beta_snapshot_44-53-gdb2e74a
20210211 101759.701 INFO             PET05 ESMF library build date/time: "Feb 11 2021" "10:13:51"
20210211 101759.701 INFO             PET05 ESMF library build location : /home/hpillai/esmf_test/intel/esmf
20210211 101759.701 INFO             PET05 ESMF_COMM                   : intelmpi
20210211 101759.702 INFO             PET05 ESMF_MOAB                   : enabled
20210211 101759.702 INFO             PET05 ESMF_LAPACK                 : enabled
20210211 101759.702 INFO             PET05 ESMF_NETCDF                 : enabled
20210211 101759.702 INFO             PET05 ESMF_PNETCDF                : disabled
20210211 101759.702 INFO             PET05 ESMF_PIO                    : enabled
20210211 101759.702 INFO             PET05 ESMF_YAMLCPP                : enabled
20210211 101759.703 INFO             PET05 Finalizing ESMF
Thu Feb 11 11:35:14 CST 2021
