20210123 104851.080 INFO             PET03 !!!!!!!!!!!!!!!!!!!!!!!!!!!!!!!!!!!!!!!!!!!!!!!!!!!!!!
20210123 104851.080 INFO             PET03 !!! THE ESMF_LOG IS SET TO OUTPUT ALL LOG MESSAGES !!!
20210123 104851.080 INFO             PET03 !!!     THIS MAY CAUSE SLOWDOWN IN PERFORMANCE     !!!
20210123 104851.080 INFO             PET03 !!! FOR PRODUCTION RUNS, USE:                      !!!
20210123 104851.080 INFO             PET03 !!!                   ESMF_LOGKIND_Multi_On_Error  !!!
20210123 104851.080 INFO             PET03 !!!!!!!!!!!!!!!!!!!!!!!!!!!!!!!!!!!!!!!!!!!!!!!!!!!!!!
20210123 104851.080 INFO             PET03 Running with ESMF Version   : ESMF_8_1_0_beta_snapshot_42-7-g9d66bb5
20210123 104851.080 INFO             PET03 ESMF library build date/time: "Jan 23 2021" "10:44:33"
20210123 104851.080 INFO             PET03 ESMF library build location : /home/hpillai/esmf_test/intel/esmf
20210123 104851.080 INFO             PET03 ESMF_COMM                   : intelmpi
20210123 104851.081 INFO             PET03 ESMF_NETCDF                 : enabled
20210123 104851.081 INFO             PET03 ESMF_PNETCDF                : disabled
20210123 104851.081 INFO             PET03 ESMF_PIO                    : enabled
20210123 104851.081 INFO             PET03 ESMF_YAMLCPP                : enabled
20210123 104851.081 INFO             PET03 ESMF_MOAB                   : enabled
20210123 104851.081 INFO             PET03 Finalizing ESMF
20210123 104852.152 INFO             PET03 !!!!!!!!!!!!!!!!!!!!!!!!!!!!!!!!!!!!!!!!!!!!!!!!!!!!!!
20210123 104852.152 INFO             PET03 !!! THE ESMF_LOG IS SET TO OUTPUT ALL LOG MESSAGES !!!
20210123 104852.152 INFO             PET03 !!!     THIS MAY CAUSE SLOWDOWN IN PERFORMANCE     !!!
20210123 104852.152 INFO             PET03 !!! FOR PRODUCTION RUNS, USE:                      !!!
20210123 104852.152 INFO             PET03 !!!                   ESMF_LOGKIND_Multi_On_Error  !!!
20210123 104852.152 INFO             PET03 !!!!!!!!!!!!!!!!!!!!!!!!!!!!!!!!!!!!!!!!!!!!!!!!!!!!!!
20210123 104852.152 INFO             PET03 Running with ESMF Version   : ESMF_8_1_0_beta_snapshot_42-7-g9d66bb5
20210123 104852.152 INFO             PET03 ESMF library build date/time: "Jan 23 2021" "10:44:33"
20210123 104852.152 INFO             PET03 ESMF library build location : /home/hpillai/esmf_test/intel/esmf
20210123 104852.152 INFO             PET03 ESMF_COMM                   : intelmpi
20210123 104852.153 INFO             PET03 ESMF_NETCDF                 : enabled
20210123 104852.153 INFO             PET03 ESMF_PNETCDF                : disabled
20210123 104852.153 INFO             PET03 ESMF_PIO                    : enabled
20210123 104852.153 INFO             PET03 ESMF_YAMLCPP                : enabled
20210123 104852.153 INFO             PET03 ESMF_MOAB                   : enabled
20210123 104852.153 INFO             PET03 Finalizing ESMF
20210123 104853.222 INFO             PET03 !!!!!!!!!!!!!!!!!!!!!!!!!!!!!!!!!!!!!!!!!!!!!!!!!!!!!!
20210123 104853.222 INFO             PET03 !!! THE ESMF_LOG IS SET TO OUTPUT ALL LOG MESSAGES !!!
20210123 104853.222 INFO             PET03 !!!     THIS MAY CAUSE SLOWDOWN IN PERFORMANCE     !!!
20210123 104853.222 INFO             PET03 !!! FOR PRODUCTION RUNS, USE:                      !!!
20210123 104853.222 INFO             PET03 !!!                   ESMF_LOGKIND_Multi_On_Error  !!!
20210123 104853.222 INFO             PET03 !!!!!!!!!!!!!!!!!!!!!!!!!!!!!!!!!!!!!!!!!!!!!!!!!!!!!!
20210123 104853.222 INFO             PET03 Running with ESMF Version   : ESMF_8_1_0_beta_snapshot_42-7-g9d66bb5
20210123 104853.222 INFO             PET03 ESMF library build date/time: "Jan 23 2021" "10:44:33"
20210123 104853.222 INFO             PET03 ESMF library build location : /home/hpillai/esmf_test/intel/esmf
20210123 104853.222 INFO             PET03 ESMF_COMM                   : intelmpi
20210123 104853.223 INFO             PET03 ESMF_NETCDF                 : enabled
20210123 104853.223 INFO             PET03 ESMF_PNETCDF                : disabled
20210123 104853.223 INFO             PET03 ESMF_PIO                    : enabled
20210123 104853.223 INFO             PET03 ESMF_YAMLCPP                : enabled
20210123 104853.223 INFO             PET03 ESMF_MOAB                   : enabled
20210123 104853.223 INFO             PET03 Finalizing ESMF
Sat Jan 23 12:19:36 CST 2021
