20210213 195710.914 INFO             PET02 !!!!!!!!!!!!!!!!!!!!!!!!!!!!!!!!!!!!!!!!!!!!!!!!!!!!!!
20210213 195710.914 INFO             PET02 !!! THE ESMF_LOG IS SET TO OUTPUT ALL LOG MESSAGES !!!
20210213 195710.914 INFO             PET02 !!!     THIS MAY CAUSE SLOWDOWN IN PERFORMANCE     !!!
20210213 195710.914 INFO             PET02 !!! FOR PRODUCTION RUNS, USE:                      !!!
20210213 195710.914 INFO             PET02 !!!                   ESMF_LOGKIND_Multi_On_Error  !!!
20210213 195710.914 INFO             PET02 !!!!!!!!!!!!!!!!!!!!!!!!!!!!!!!!!!!!!!!!!!!!!!!!!!!!!!
20210213 195710.914 INFO             PET02 Running with ESMF Version   : ESMF_8_1_0_beta_snapshot_44-80-g014a125
20210213 195710.914 INFO             PET02 ESMF library build date/time: "Feb 13 2021" "19:53:14"
20210213 195710.914 INFO             PET02 ESMF library build location : /home/hpillai/esmf_test/intel/esmf
20210213 195710.914 INFO             PET02 ESMF_COMM                   : intelmpi
20210213 195710.915 INFO             PET02 ESMF_MOAB                   : enabled
20210213 195710.915 INFO             PET02 ESMF_LAPACK                 : enabled
20210213 195710.915 INFO             PET02 ESMF_NETCDF                 : enabled
20210213 195710.915 INFO             PET02 ESMF_PNETCDF                : disabled
20210213 195710.915 INFO             PET02 ESMF_PIO                    : enabled
20210213 195710.915 INFO             PET02 ESMF_YAMLCPP                : enabled
20210213 195710.917 INFO             PET02 Finalizing ESMF
20210213 195711.989 INFO             PET02 !!!!!!!!!!!!!!!!!!!!!!!!!!!!!!!!!!!!!!!!!!!!!!!!!!!!!!
20210213 195711.989 INFO             PET02 !!! THE ESMF_LOG IS SET TO OUTPUT ALL LOG MESSAGES !!!
20210213 195711.989 INFO             PET02 !!!     THIS MAY CAUSE SLOWDOWN IN PERFORMANCE     !!!
20210213 195711.989 INFO             PET02 !!! FOR PRODUCTION RUNS, USE:                      !!!
20210213 195711.989 INFO             PET02 !!!                   ESMF_LOGKIND_Multi_On_Error  !!!
20210213 195711.989 INFO             PET02 !!!!!!!!!!!!!!!!!!!!!!!!!!!!!!!!!!!!!!!!!!!!!!!!!!!!!!
20210213 195711.989 INFO             PET02 Running with ESMF Version   : ESMF_8_1_0_beta_snapshot_44-80-g014a125
20210213 195711.989 INFO             PET02 ESMF library build date/time: "Feb 13 2021" "19:53:14"
20210213 195711.989 INFO             PET02 ESMF library build location : /home/hpillai/esmf_test/intel/esmf
20210213 195711.989 INFO             PET02 ESMF_COMM                   : intelmpi
20210213 195711.990 INFO             PET02 ESMF_MOAB                   : enabled
20210213 195711.990 INFO             PET02 ESMF_LAPACK                 : enabled
20210213 195711.990 INFO             PET02 ESMF_NETCDF                 : enabled
20210213 195711.990 INFO             PET02 ESMF_PNETCDF                : disabled
20210213 195711.990 INFO             PET02 ESMF_PIO                    : enabled
20210213 195711.990 INFO             PET02 ESMF_YAMLCPP                : enabled
20210213 195711.990 INFO             PET02 Finalizing ESMF
20210213 195713.063 INFO             PET02 !!!!!!!!!!!!!!!!!!!!!!!!!!!!!!!!!!!!!!!!!!!!!!!!!!!!!!
20210213 195713.063 INFO             PET02 !!! THE ESMF_LOG IS SET TO OUTPUT ALL LOG MESSAGES !!!
20210213 195713.063 INFO             PET02 !!!     THIS MAY CAUSE SLOWDOWN IN PERFORMANCE     !!!
20210213 195713.063 INFO             PET02 !!! FOR PRODUCTION RUNS, USE:                      !!!
20210213 195713.063 INFO             PET02 !!!                   ESMF_LOGKIND_Multi_On_Error  !!!
20210213 195713.063 INFO             PET02 !!!!!!!!!!!!!!!!!!!!!!!!!!!!!!!!!!!!!!!!!!!!!!!!!!!!!!
20210213 195713.063 INFO             PET02 Running with ESMF Version   : ESMF_8_1_0_beta_snapshot_44-80-g014a125
20210213 195713.063 INFO             PET02 ESMF library build date/time: "Feb 13 2021" "19:53:14"
20210213 195713.063 INFO             PET02 ESMF library build location : /home/hpillai/esmf_test/intel/esmf
20210213 195713.063 INFO             PET02 ESMF_COMM                   : intelmpi
20210213 195713.064 INFO             PET02 ESMF_MOAB                   : enabled
20210213 195713.064 INFO             PET02 ESMF_LAPACK                 : enabled
20210213 195713.064 INFO             PET02 ESMF_NETCDF                 : enabled
20210213 195713.064 INFO             PET02 ESMF_PNETCDF                : disabled
20210213 195713.064 INFO             PET02 ESMF_PIO                    : enabled
20210213 195713.064 INFO             PET02 ESMF_YAMLCPP                : enabled
20210213 195713.066 INFO             PET02 Finalizing ESMF
Sat Feb 13 22:03:19 CST 2021
