20210210 215613.563 INFO             PET07 !!!!!!!!!!!!!!!!!!!!!!!!!!!!!!!!!!!!!!!!!!!!!!!!!!!!!!
20210210 215613.564 INFO             PET07 !!! THE ESMF_LOG IS SET TO OUTPUT ALL LOG MESSAGES !!!
20210210 215613.564 INFO             PET07 !!!     THIS MAY CAUSE SLOWDOWN IN PERFORMANCE     !!!
20210210 215613.564 INFO             PET07 !!! FOR PRODUCTION RUNS, USE:                      !!!
20210210 215613.564 INFO             PET07 !!!                   ESMF_LOGKIND_Multi_On_Error  !!!
20210210 215613.564 INFO             PET07 !!!!!!!!!!!!!!!!!!!!!!!!!!!!!!!!!!!!!!!!!!!!!!!!!!!!!!
20210210 215613.564 INFO             PET07 Running with ESMF Version   : ESMF_8_1_0_beta_snapshot_44-53-gdb2e74a
20210210 215613.564 INFO             PET07 ESMF library build date/time: "Feb 10 2021" "21:51:56"
20210210 215613.564 INFO             PET07 ESMF library build location : /home/hpillai/esmf_test/intel/esmf
20210210 215613.564 INFO             PET07 ESMF_COMM                   : intelmpi
20210210 215613.564 INFO             PET07 ESMF_MOAB                   : enabled
20210210 215613.564 INFO             PET07 ESMF_LAPACK                 : enabled
20210210 215613.564 INFO             PET07 ESMF_NETCDF                 : enabled
20210210 215613.564 INFO             PET07 ESMF_PNETCDF                : disabled
20210210 215613.564 INFO             PET07 ESMF_PIO                    : enabled
20210210 215613.564 INFO             PET07 ESMF_YAMLCPP                : enabled
20210210 215613.567 INFO             PET07 Finalizing ESMF
20210210 215614.691 INFO             PET07 !!!!!!!!!!!!!!!!!!!!!!!!!!!!!!!!!!!!!!!!!!!!!!!!!!!!!!
20210210 215614.691 INFO             PET07 !!! THE ESMF_LOG IS SET TO OUTPUT ALL LOG MESSAGES !!!
20210210 215614.691 INFO             PET07 !!!     THIS MAY CAUSE SLOWDOWN IN PERFORMANCE     !!!
20210210 215614.691 INFO             PET07 !!! FOR PRODUCTION RUNS, USE:                      !!!
20210210 215614.691 INFO             PET07 !!!                   ESMF_LOGKIND_Multi_On_Error  !!!
20210210 215614.691 INFO             PET07 !!!!!!!!!!!!!!!!!!!!!!!!!!!!!!!!!!!!!!!!!!!!!!!!!!!!!!
20210210 215614.691 INFO             PET07 Running with ESMF Version   : ESMF_8_1_0_beta_snapshot_44-53-gdb2e74a
20210210 215614.691 INFO             PET07 ESMF library build date/time: "Feb 10 2021" "21:51:56"
20210210 215614.691 INFO             PET07 ESMF library build location : /home/hpillai/esmf_test/intel/esmf
20210210 215614.691 INFO             PET07 ESMF_COMM                   : intelmpi
20210210 215614.691 INFO             PET07 ESMF_MOAB                   : enabled
20210210 215614.691 INFO             PET07 ESMF_LAPACK                 : enabled
20210210 215614.691 INFO             PET07 ESMF_NETCDF                 : enabled
20210210 215614.691 INFO             PET07 ESMF_PNETCDF                : disabled
20210210 215614.691 INFO             PET07 ESMF_PIO                    : enabled
20210210 215614.691 INFO             PET07 ESMF_YAMLCPP                : enabled
20210210 215614.693 INFO             PET07 Finalizing ESMF
20210210 215615.814 INFO             PET07 !!!!!!!!!!!!!!!!!!!!!!!!!!!!!!!!!!!!!!!!!!!!!!!!!!!!!!
20210210 215615.814 INFO             PET07 !!! THE ESMF_LOG IS SET TO OUTPUT ALL LOG MESSAGES !!!
20210210 215615.814 INFO             PET07 !!!     THIS MAY CAUSE SLOWDOWN IN PERFORMANCE     !!!
20210210 215615.814 INFO             PET07 !!! FOR PRODUCTION RUNS, USE:                      !!!
20210210 215615.814 INFO             PET07 !!!                   ESMF_LOGKIND_Multi_On_Error  !!!
20210210 215615.814 INFO             PET07 !!!!!!!!!!!!!!!!!!!!!!!!!!!!!!!!!!!!!!!!!!!!!!!!!!!!!!
20210210 215615.814 INFO             PET07 Running with ESMF Version   : ESMF_8_1_0_beta_snapshot_44-53-gdb2e74a
20210210 215615.814 INFO             PET07 ESMF library build date/time: "Feb 10 2021" "21:51:56"
20210210 215615.814 INFO             PET07 ESMF library build location : /home/hpillai/esmf_test/intel/esmf
20210210 215615.814 INFO             PET07 ESMF_COMM                   : intelmpi
20210210 215615.815 INFO             PET07 ESMF_MOAB                   : enabled
20210210 215615.815 INFO             PET07 ESMF_LAPACK                 : enabled
20210210 215615.815 INFO             PET07 ESMF_NETCDF                 : enabled
20210210 215615.815 INFO             PET07 ESMF_PNETCDF                : disabled
20210210 215615.815 INFO             PET07 ESMF_PIO                    : enabled
20210210 215615.815 INFO             PET07 ESMF_YAMLCPP                : enabled
20210210 215615.816 INFO             PET07 Finalizing ESMF
Wed Feb 10 23:17:39 CST 2021
