20210208 184358.699 INFO             PET11 !!!!!!!!!!!!!!!!!!!!!!!!!!!!!!!!!!!!!!!!!!!!!!!!!!!!!!
20210208 184358.699 INFO             PET11 !!! THE ESMF_LOG IS SET TO OUTPUT ALL LOG MESSAGES !!!
20210208 184358.699 INFO             PET11 !!!     THIS MAY CAUSE SLOWDOWN IN PERFORMANCE     !!!
20210208 184358.699 INFO             PET11 !!! FOR PRODUCTION RUNS, USE:                      !!!
20210208 184358.699 INFO             PET11 !!!                   ESMF_LOGKIND_Multi_On_Error  !!!
20210208 184358.699 INFO             PET11 !!!!!!!!!!!!!!!!!!!!!!!!!!!!!!!!!!!!!!!!!!!!!!!!!!!!!!
20210208 184358.699 INFO             PET11 Running with ESMF Version   : ESMF_8_1_0_beta_snapshot_44
20210208 184358.699 INFO             PET11 ESMF library build date/time: "Feb  8 2021" "18:39:58"
20210208 184358.699 INFO             PET11 ESMF library build location : /home/hpillai/esmf_test/intel/esmf
20210208 184358.699 INFO             PET11 ESMF_COMM                   : intelmpi
20210208 184358.790 INFO             PET11 ESMF_MOAB                   : enabled
20210208 184358.790 INFO             PET11 ESMF_LAPACK                 : enabled
20210208 184358.790 INFO             PET11 ESMF_NETCDF                 : enabled
20210208 184358.790 INFO             PET11 ESMF_PNETCDF                : disabled
20210208 184358.790 INFO             PET11 ESMF_PIO                    : enabled
20210208 184358.790 INFO             PET11 ESMF_YAMLCPP                : enabled
20210208 184358.791 INFO             PET11 Finalizing ESMF
20210208 184359.918 INFO             PET11 !!!!!!!!!!!!!!!!!!!!!!!!!!!!!!!!!!!!!!!!!!!!!!!!!!!!!!
20210208 184359.918 INFO             PET11 !!! THE ESMF_LOG IS SET TO OUTPUT ALL LOG MESSAGES !!!
20210208 184359.918 INFO             PET11 !!!     THIS MAY CAUSE SLOWDOWN IN PERFORMANCE     !!!
20210208 184359.918 INFO             PET11 !!! FOR PRODUCTION RUNS, USE:                      !!!
20210208 184359.918 INFO             PET11 !!!                   ESMF_LOGKIND_Multi_On_Error  !!!
20210208 184359.918 INFO             PET11 !!!!!!!!!!!!!!!!!!!!!!!!!!!!!!!!!!!!!!!!!!!!!!!!!!!!!!
20210208 184359.918 INFO             PET11 Running with ESMF Version   : ESMF_8_1_0_beta_snapshot_44
20210208 184359.918 INFO             PET11 ESMF library build date/time: "Feb  8 2021" "18:39:58"
20210208 184359.918 INFO             PET11 ESMF library build location : /home/hpillai/esmf_test/intel/esmf
20210208 184359.918 INFO             PET11 ESMF_COMM                   : intelmpi
20210208 184359.919 INFO             PET11 ESMF_MOAB                   : enabled
20210208 184359.919 INFO             PET11 ESMF_LAPACK                 : enabled
20210208 184359.919 INFO             PET11 ESMF_NETCDF                 : enabled
20210208 184359.919 INFO             PET11 ESMF_PNETCDF                : disabled
20210208 184359.919 INFO             PET11 ESMF_PIO                    : enabled
20210208 184359.919 INFO             PET11 ESMF_YAMLCPP                : enabled
20210208 184359.919 INFO             PET11 Finalizing ESMF
20210208 184400.979 INFO             PET11 !!!!!!!!!!!!!!!!!!!!!!!!!!!!!!!!!!!!!!!!!!!!!!!!!!!!!!
20210208 184400.979 INFO             PET11 !!! THE ESMF_LOG IS SET TO OUTPUT ALL LOG MESSAGES !!!
20210208 184400.979 INFO             PET11 !!!     THIS MAY CAUSE SLOWDOWN IN PERFORMANCE     !!!
20210208 184400.979 INFO             PET11 !!! FOR PRODUCTION RUNS, USE:                      !!!
20210208 184400.979 INFO             PET11 !!!                   ESMF_LOGKIND_Multi_On_Error  !!!
20210208 184400.979 INFO             PET11 !!!!!!!!!!!!!!!!!!!!!!!!!!!!!!!!!!!!!!!!!!!!!!!!!!!!!!
20210208 184400.979 INFO             PET11 Running with ESMF Version   : ESMF_8_1_0_beta_snapshot_44
20210208 184400.979 INFO             PET11 ESMF library build date/time: "Feb  8 2021" "18:39:58"
20210208 184400.979 INFO             PET11 ESMF library build location : /home/hpillai/esmf_test/intel/esmf
20210208 184400.979 INFO             PET11 ESMF_COMM                   : intelmpi
20210208 184400.980 INFO             PET11 ESMF_MOAB                   : enabled
20210208 184400.980 INFO             PET11 ESMF_LAPACK                 : enabled
20210208 184400.980 INFO             PET11 ESMF_NETCDF                 : enabled
20210208 184400.980 INFO             PET11 ESMF_PNETCDF                : disabled
20210208 184400.980 INFO             PET11 ESMF_PIO                    : enabled
20210208 184400.980 INFO             PET11 ESMF_YAMLCPP                : enabled
20210208 184400.980 INFO             PET11 Finalizing ESMF
Mon Feb  8 22:03:58 CST 2021
