cd /work/07356/tg866552/stampede2/8.1.0/esmf/src/apps; gmake ACTION=tree_build_apps tree
gmake[1]: Entering directory `/work/07356/tg866552/stampede2/8.1.0/esmf/src/apps'
tree_build_apps in: /work/07356/tg866552/stampede2/8.1.0/esmf/src/apps/ESMF_PrintInfo
gmake[2]: Entering directory `/work/07356/tg866552/stampede2/8.1.0/esmf/src/apps/ESMF_PrintInfo'
gmake chkdir_apps
gmake[3]: Entering directory `/work/07356/tg866552/stampede2/8.1.0/esmf/src/apps/ESMF_PrintInfo'
Making directory /work/07356/tg866552/stampede2/8.1.0/esmf/apps/appsg/Linux.intel.64.intelmpi.default for apps output
gmake[3]: Leaving directory `/work/07356/tg866552/stampede2/8.1.0/esmf/src/apps/ESMF_PrintInfo'
mpiifort    -m64 -mcmodel=small -pthread -threads -Wl,--no-as-needed  -qopenmp -L/work/07356/tg866552/stampede2/8.1.0/esmf/lib/libg/Linux.intel.64.intelmpi.default -L/opt/apps/intel18/netcdf/4.6.2/x86_64/lib -L/opt/apps/intel18/netcdf/4.6.2/x86_64/lib -L/opt/apps/intel18/netcdf/4.6.2/x86_64/lib -L/opt/apps/intel18/hdf5/1.10.4/x86_64/lib  -Wl,-rpath,/work/07356/tg866552/stampede2/8.1.0/esmf/lib/libg/Linux.intel.64.intelmpi.default -Wl,-rpath,/opt/apps/intel18/netcdf/4.6.2/x86_64/lib -Wl,-rpath,/opt/apps/intel18/netcdf/4.6.2/x86_64/lib -Wl,-rpath,/opt/apps/intel18/netcdf/4.6.2/x86_64/lib -Wl,-rpath,/opt/apps/intel18/hdf5/1.10.4/x86_64/lib -o /work/07356/tg866552/stampede2/8.1.0/esmf/apps/appsg/Linux.intel.64.intelmpi.default/ESMF_PrintInfo /work/07356/tg866552/stampede2/8.1.0/esmf/obj/objg/Linux.intel.64.intelmpi.default/src/apps/ESMF_PrintInfo/ESMF_PrintInfo.o -lesmf  -cxxlib -lrt -ldl -lnetcdf -lnetcdff -lnetcdf -lnetcdf
gmake[2]: Leaving directory `/work/07356/tg866552/stampede2/8.1.0/esmf/src/apps/ESMF_PrintInfo'
tree_build_apps in: /work/07356/tg866552/stampede2/8.1.0/esmf/src/apps/ESMF_PrintInfoC
gmake[2]: Entering directory `/work/07356/tg866552/stampede2/8.1.0/esmf/src/apps/ESMF_PrintInfoC'
gmake chkdir_apps
gmake[3]: Entering directory `/work/07356/tg866552/stampede2/8.1.0/esmf/src/apps/ESMF_PrintInfoC'
gmake[3]: Leaving directory `/work/07356/tg866552/stampede2/8.1.0/esmf/src/apps/ESMF_PrintInfoC'
mpiicpc    -m64 -mcmodel=small -pthread -Wl,--no-as-needed  -qopenmp -L/work/07356/tg866552/stampede2/8.1.0/esmf/lib/libg/Linux.intel.64.intelmpi.default -L/opt/apps/intel18/netcdf/4.6.2/x86_64/lib -L/opt/apps/intel18/netcdf/4.6.2/x86_64/lib -L/opt/apps/intel18/netcdf/4.6.2/x86_64/lib -L/opt/apps/intel18/hdf5/1.10.4/x86_64/lib -L/opt/intel/compilers_and_libraries_2018.2.199/linux/compiler/lib/intel64_lin/ -Wl,-rpath,/work/07356/tg866552/stampede2/8.1.0/esmf/lib/libg/Linux.intel.64.intelmpi.default -Wl,-rpath,/opt/apps/intel18/netcdf/4.6.2/x86_64/lib -Wl,-rpath,/opt/apps/intel18/netcdf/4.6.2/x86_64/lib -Wl,-rpath,/opt/apps/intel18/netcdf/4.6.2/x86_64/lib -Wl,-rpath,/opt/apps/intel18/hdf5/1.10.4/x86_64/lib -Wl,-rpath,/opt/intel/compilers_and_libraries_2018.2.199/linux/compiler/lib/intel64_lin/ -o /work/07356/tg866552/stampede2/8.1.0/esmf/apps/appsg/Linux.intel.64.intelmpi.default/ESMF_PrintInfoC /work/07356/tg866552/stampede2/8.1.0/esmf/obj/objg/Linux.intel.64.intelmpi.default/src/apps/ESMF_PrintInfoC/ESMF_PrintInfoC.o -lesmf  -ldl -lrt -lpthread -lifport -lifcoremt -limf -lsvml -lm -lipgo -liomp5 -lintlc -lpthread -lsvml -ldl -lgcc -lgcc_s -lirc_s -ldl -lrt -ldl -lnetcdf -lnetcdff -lnetcdf -lnetcdf
gmake[2]: Leaving directory `/work/07356/tg866552/stampede2/8.1.0/esmf/src/apps/ESMF_PrintInfoC'
tree_build_apps in: /work/07356/tg866552/stampede2/8.1.0/esmf/src/apps/ESMF_RegridWeightGen
gmake[2]: Entering directory `/work/07356/tg866552/stampede2/8.1.0/esmf/src/apps/ESMF_RegridWeightGen'
gmake chkdir_apps
gmake[3]: Entering directory `/work/07356/tg866552/stampede2/8.1.0/esmf/src/apps/ESMF_RegridWeightGen'
gmake[3]: Leaving directory `/work/07356/tg866552/stampede2/8.1.0/esmf/src/apps/ESMF_RegridWeightGen'
mpiifort    -m64 -mcmodel=small -pthread -threads -Wl,--no-as-needed  -qopenmp -L/work/07356/tg866552/stampede2/8.1.0/esmf/lib/libg/Linux.intel.64.intelmpi.default -L/opt/apps/intel18/netcdf/4.6.2/x86_64/lib -L/opt/apps/intel18/netcdf/4.6.2/x86_64/lib -L/opt/apps/intel18/netcdf/4.6.2/x86_64/lib -L/opt/apps/intel18/hdf5/1.10.4/x86_64/lib  -Wl,-rpath,/work/07356/tg866552/stampede2/8.1.0/esmf/lib/libg/Linux.intel.64.intelmpi.default -Wl,-rpath,/opt/apps/intel18/netcdf/4.6.2/x86_64/lib -Wl,-rpath,/opt/apps/intel18/netcdf/4.6.2/x86_64/lib -Wl,-rpath,/opt/apps/intel18/netcdf/4.6.2/x86_64/lib -Wl,-rpath,/opt/apps/intel18/hdf5/1.10.4/x86_64/lib -o /work/07356/tg866552/stampede2/8.1.0/esmf/apps/appsg/Linux.intel.64.intelmpi.default/ESMF_RegridWeightGen /work/07356/tg866552/stampede2/8.1.0/esmf/obj/objg/Linux.intel.64.intelmpi.default/src/apps/ESMF_RegridWeightGen/ESMF_RegridWeightGen.o -lesmf  -cxxlib -lrt -ldl -lnetcdf -lnetcdff -lnetcdf -lnetcdf
gmake[2]: Leaving directory `/work/07356/tg866552/stampede2/8.1.0/esmf/src/apps/ESMF_RegridWeightGen'
tree_build_apps in: /work/07356/tg866552/stampede2/8.1.0/esmf/src/apps/ESMF_WebServController
gmake[2]: Entering directory `/work/07356/tg866552/stampede2/8.1.0/esmf/src/apps/ESMF_WebServController'
gmake chkdir_apps
gmake[3]: Entering directory `/work/07356/tg866552/stampede2/8.1.0/esmf/src/apps/ESMF_WebServController'
gmake[3]: Leaving directory `/work/07356/tg866552/stampede2/8.1.0/esmf/src/apps/ESMF_WebServController'
mpiicpc    -m64 -mcmodel=small -pthread -Wl,--no-as-needed  -qopenmp -L/work/07356/tg866552/stampede2/8.1.0/esmf/lib/libg/Linux.intel.64.intelmpi.default -L/opt/apps/intel18/netcdf/4.6.2/x86_64/lib -L/opt/apps/intel18/netcdf/4.6.2/x86_64/lib -L/opt/apps/intel18/netcdf/4.6.2/x86_64/lib -L/opt/apps/intel18/hdf5/1.10.4/x86_64/lib -L/opt/intel/compilers_and_libraries_2018.2.199/linux/compiler/lib/intel64_lin/ -Wl,-rpath,/work/07356/tg866552/stampede2/8.1.0/esmf/lib/libg/Linux.intel.64.intelmpi.default -Wl,-rpath,/opt/apps/intel18/netcdf/4.6.2/x86_64/lib -Wl,-rpath,/opt/apps/intel18/netcdf/4.6.2/x86_64/lib -Wl,-rpath,/opt/apps/intel18/netcdf/4.6.2/x86_64/lib -Wl,-rpath,/opt/apps/intel18/hdf5/1.10.4/x86_64/lib -Wl,-rpath,/opt/intel/compilers_and_libraries_2018.2.199/linux/compiler/lib/intel64_lin/ -o /work/07356/tg866552/stampede2/8.1.0/esmf/apps/appsg/Linux.intel.64.intelmpi.default/ESMF_WebServController /work/07356/tg866552/stampede2/8.1.0/esmf/obj/objg/Linux.intel.64.intelmpi.default/src/apps/ESMF_WebServController/ESMF_WebServController.o -lesmf  -ldl -lrt -lpthread -lifport -lifcoremt -limf -lsvml -lm -lipgo -liomp5 -lintlc -lpthread -lsvml -ldl -lgcc -lgcc_s -lirc_s -ldl -lrt -ldl -lnetcdf -lnetcdff -lnetcdf -lnetcdf
gmake[2]: Leaving directory `/work/07356/tg866552/stampede2/8.1.0/esmf/src/apps/ESMF_WebServController'
tree_build_apps in: /work/07356/tg866552/stampede2/8.1.0/esmf/src/apps/ESMF_Scrip2Unstruct
gmake[2]: Entering directory `/work/07356/tg866552/stampede2/8.1.0/esmf/src/apps/ESMF_Scrip2Unstruct'
gmake chkdir_apps
gmake[3]: Entering directory `/work/07356/tg866552/stampede2/8.1.0/esmf/src/apps/ESMF_Scrip2Unstruct'
gmake[3]: Leaving directory `/work/07356/tg866552/stampede2/8.1.0/esmf/src/apps/ESMF_Scrip2Unstruct'
mpiicpc    -m64 -mcmodel=small -pthread -Wl,--no-as-needed  -qopenmp -L/work/07356/tg866552/stampede2/8.1.0/esmf/lib/libg/Linux.intel.64.intelmpi.default -L/opt/apps/intel18/netcdf/4.6.2/x86_64/lib -L/opt/apps/intel18/netcdf/4.6.2/x86_64/lib -L/opt/apps/intel18/netcdf/4.6.2/x86_64/lib -L/opt/apps/intel18/hdf5/1.10.4/x86_64/lib -L/opt/intel/compilers_and_libraries_2018.2.199/linux/compiler/lib/intel64_lin/ -Wl,-rpath,/work/07356/tg866552/stampede2/8.1.0/esmf/lib/libg/Linux.intel.64.intelmpi.default -Wl,-rpath,/opt/apps/intel18/netcdf/4.6.2/x86_64/lib -Wl,-rpath,/opt/apps/intel18/netcdf/4.6.2/x86_64/lib -Wl,-rpath,/opt/apps/intel18/netcdf/4.6.2/x86_64/lib -Wl,-rpath,/opt/apps/intel18/hdf5/1.10.4/x86_64/lib -Wl,-rpath,/opt/intel/compilers_and_libraries_2018.2.199/linux/compiler/lib/intel64_lin/ -o /work/07356/tg866552/stampede2/8.1.0/esmf/apps/appsg/Linux.intel.64.intelmpi.default/ESMF_Scrip2Unstruct /work/07356/tg866552/stampede2/8.1.0/esmf/obj/objg/Linux.intel.64.intelmpi.default/src/apps/ESMF_Scrip2Unstruct/ESMF_Scrip2Unstruct.o -lesmf  -ldl -lrt -lpthread -lifport -lifcoremt -limf -lsvml -lm -lipgo -liomp5 -lintlc -lpthread -lsvml -ldl -lgcc -lgcc_s -lirc_s -ldl -lrt -ldl -lnetcdf -lnetcdff -lnetcdf -lnetcdf
gmake[2]: Leaving directory `/work/07356/tg866552/stampede2/8.1.0/esmf/src/apps/ESMF_Scrip2Unstruct'
tree_build_apps in: /work/07356/tg866552/stampede2/8.1.0/esmf/src/apps/ESMF_Regrid
gmake[2]: Entering directory `/work/07356/tg866552/stampede2/8.1.0/esmf/src/apps/ESMF_Regrid'
gmake chkdir_apps
gmake[3]: Entering directory `/work/07356/tg866552/stampede2/8.1.0/esmf/src/apps/ESMF_Regrid'
gmake[3]: Leaving directory `/work/07356/tg866552/stampede2/8.1.0/esmf/src/apps/ESMF_Regrid'
mpiifort    -m64 -mcmodel=small -pthread -threads -Wl,--no-as-needed  -qopenmp -L/work/07356/tg866552/stampede2/8.1.0/esmf/lib/libg/Linux.intel.64.intelmpi.default -L/opt/apps/intel18/netcdf/4.6.2/x86_64/lib -L/opt/apps/intel18/netcdf/4.6.2/x86_64/lib -L/opt/apps/intel18/netcdf/4.6.2/x86_64/lib -L/opt/apps/intel18/hdf5/1.10.4/x86_64/lib  -Wl,-rpath,/work/07356/tg866552/stampede2/8.1.0/esmf/lib/libg/Linux.intel.64.intelmpi.default -Wl,-rpath,/opt/apps/intel18/netcdf/4.6.2/x86_64/lib -Wl,-rpath,/opt/apps/intel18/netcdf/4.6.2/x86_64/lib -Wl,-rpath,/opt/apps/intel18/netcdf/4.6.2/x86_64/lib -Wl,-rpath,/opt/apps/intel18/hdf5/1.10.4/x86_64/lib -o /work/07356/tg866552/stampede2/8.1.0/esmf/apps/appsg/Linux.intel.64.intelmpi.default/ESMF_Regrid /work/07356/tg866552/stampede2/8.1.0/esmf/obj/objg/Linux.intel.64.intelmpi.default/src/apps/ESMF_Regrid/ESMF_Regrid.o -lesmf  -cxxlib -lrt -ldl -lnetcdf -lnetcdff -lnetcdf -lnetcdf
gmake[2]: Leaving directory `/work/07356/tg866552/stampede2/8.1.0/esmf/src/apps/ESMF_Regrid'
gmake[1]: Leaving directory `/work/07356/tg866552/stampede2/8.1.0/esmf/src/apps'
ESMF apps built successfully.
Sun Feb 28 16:52:14 CST 2021
