20210207 171013.495 INFO             PET0 !!!!!!!!!!!!!!!!!!!!!!!!!!!!!!!!!!!!!!!!!!!!!!!!!!!!!!
20210207 171013.495 INFO             PET0 !!! THE ESMF_LOG IS SET TO OUTPUT ALL LOG MESSAGES !!!
20210207 171013.495 INFO             PET0 !!!     THIS MAY CAUSE SLOWDOWN IN PERFORMANCE     !!!
20210207 171013.495 INFO             PET0 !!! FOR PRODUCTION RUNS, USE:                      !!!
20210207 171013.495 INFO             PET0 !!!                   ESMF_LOGKIND_Multi_On_Error  !!!
20210207 171013.495 INFO             PET0 !!!!!!!!!!!!!!!!!!!!!!!!!!!!!!!!!!!!!!!!!!!!!!!!!!!!!!
20210207 171013.495 INFO             PET0 Running with ESMF Version   : ESMF_8_1_0_beta_snapshot_43-58-g2869d4f
20210207 171013.495 INFO             PET0 ESMF library build date/time: "Feb  7 2021" "17:01:36"
20210207 171013.495 INFO             PET0 ESMF library build location : /home/hpillai/esmf_test/gfortran/esmf
20210207 171013.495 INFO             PET0 ESMF_COMM                   : openmpi
20210207 171013.495 INFO             PET0 ESMF_MOAB                   : enabled
20210207 171013.495 INFO             PET0 ESMF_LAPACK                 : enabled
20210207 171013.495 INFO             PET0 ESMF_NETCDF                 : enabled
20210207 171013.495 INFO             PET0 ESMF_PNETCDF                : disabled
20210207 171013.495 INFO             PET0 ESMF_PIO                    : enabled
20210207 171013.495 INFO             PET0 ESMF_YAMLCPP                : enabled
20210207 171013.495 INFO             PET0  NUMBER_OF_PROCESSORS           1
20210207 171013.495 INFO             PET0  PASS  Example ESMF_TimeEx, ESMF_TimeEx.F90, line 141
20210207 171013.495 INFO             PET0 Finalizing ESMF
Sun Feb  7 19:09:38 CST 2021
