20201023 050901.093 INFO             PET0 !!!!!!!!!!!!!!!!!!!!!!!!!!!!!!!!!!!!!!!!!!!!!!!!!!!!!!
20201023 050901.093 INFO             PET0 !!! THE ESMF_LOG IS SET TO OUTPUT ALL LOG MESSAGES !!!
20201023 050901.093 INFO             PET0 !!!     THIS MAY CAUSE SLOWDOWN IN PERFORMANCE     !!!
20201023 050901.093 INFO             PET0 !!! FOR PRODUCTION RUNS, USE:                      !!!
20201023 050901.093 INFO             PET0 !!!                   ESMF_LOGKIND_Multi_On_Error  !!!
20201023 050901.093 INFO             PET0 !!!!!!!!!!!!!!!!!!!!!!!!!!!!!!!!!!!!!!!!!!!!!!!!!!!!!!
20201023 050901.093 INFO             PET0 Running with ESMF Version   : ESMF_8_1_0_beta_snapshot_36
20201023 050901.093 INFO             PET0 ESMF library build date/time: "Oct 23 2020" "05:01:09"
20201023 050901.093 INFO             PET0 ESMF library build location : /scratch/esmf/esmf_test/cronjobs/trunk/gfortran/esmf
20201023 050901.093 INFO             PET0 ESMF_COMM                   : openmpi
20201023 050901.093 INFO             PET0 ESMF_NETCDF                 : disabled
20201023 050901.094 INFO             PET0 ESMF_PNETCDF                : disabled
20201023 050901.094 INFO             PET0 ESMF_PIO                    : enabled
20201023 050901.094 INFO             PET0 ESMF_YAMLCPP                : enabled
20201023 050901.094 INFO             PET0 ESMF_MOAB                   : enabled
20201023 050901.094 INFO             PET0  NUMBER_OF_PROCESSORS           2
20201023 050901.094 INFO             PET0  PASS  Example ESMF_VMUserMpiCommEx, ESMF_VMUserMpiCommEx.F90, line 113
20201023 050901.094 INFO             PET0 Finalizing ESMF
20201023 050901.093 INFO             PET1 !!!!!!!!!!!!!!!!!!!!!!!!!!!!!!!!!!!!!!!!!!!!!!!!!!!!!!
20201023 050901.093 INFO             PET1 !!! THE ESMF_LOG IS SET TO OUTPUT ALL LOG MESSAGES !!!
20201023 050901.093 INFO             PET1 !!!     THIS MAY CAUSE SLOWDOWN IN PERFORMANCE     !!!
20201023 050901.093 INFO             PET1 !!! FOR PRODUCTION RUNS, USE:                      !!!
20201023 050901.093 INFO             PET1 !!!                   ESMF_LOGKIND_Multi_On_Error  !!!
20201023 050901.093 INFO             PET1 !!!!!!!!!!!!!!!!!!!!!!!!!!!!!!!!!!!!!!!!!!!!!!!!!!!!!!
20201023 050901.093 INFO             PET1 Running with ESMF Version   : ESMF_8_1_0_beta_snapshot_36
20201023 050901.093 INFO             PET1 ESMF library build date/time: "Oct 23 2020" "05:01:09"
20201023 050901.093 INFO             PET1 ESMF library build location : /scratch/esmf/esmf_test/cronjobs/trunk/gfortran/esmf
20201023 050901.093 INFO             PET1 ESMF_COMM                   : openmpi
20201023 050901.094 INFO             PET1 ESMF_NETCDF                 : disabled
20201023 050901.094 INFO             PET1 ESMF_PNETCDF                : disabled
20201023 050901.094 INFO             PET1 ESMF_PIO                    : enabled
20201023 050901.094 INFO             PET1 ESMF_YAMLCPP                : enabled
20201023 050901.094 INFO             PET1 ESMF_MOAB                   : enabled
20201023 050901.094 INFO             PET1  NUMBER_OF_PROCESSORS           2
20201023 050901.094 INFO             PET1  PASS  Example ESMF_VMUserMpiCommEx, ESMF_VMUserMpiCommEx.F90, line 113
20201023 050901.094 INFO             PET1 Finalizing ESMF
