20201219 081236.151 INFO             PET0 !!!!!!!!!!!!!!!!!!!!!!!!!!!!!!!!!!!!!!!!!!!!!!!!!!!!!!
20201219 081236.152 INFO             PET0 !!! THE ESMF_LOG IS SET TO OUTPUT ALL LOG MESSAGES !!!
20201219 081236.152 INFO             PET0 !!!     THIS MAY CAUSE SLOWDOWN IN PERFORMANCE     !!!
20201219 081236.152 INFO             PET0 !!! FOR PRODUCTION RUNS, USE:                      !!!
20201219 081236.152 INFO             PET0 !!!                   ESMF_LOGKIND_Multi_On_Error  !!!
20201219 081236.152 INFO             PET0 !!!!!!!!!!!!!!!!!!!!!!!!!!!!!!!!!!!!!!!!!!!!!!!!!!!!!!
20201219 081236.152 INFO             PET0 Running with ESMF Version   : ESMF_8_1_0_beta_snapshot_39-24-gc0c902f0ea
20201219 081236.152 INFO             PET0 ESMF library build date/time: "Dec 19 2020" "08:04:13"
20201219 081236.152 INFO             PET0 ESMF library build location : /scratch/esmf/esmf_test/cronjobs/trunk/gfortran/esmf
20201219 081236.152 INFO             PET0 ESMF_COMM                   : openmpi
20201219 081236.152 INFO             PET0 ESMF_NETCDF                 : disabled
20201219 081236.152 INFO             PET0 ESMF_PNETCDF                : disabled
20201219 081236.152 INFO             PET0 ESMF_PIO                    : enabled
20201219 081236.152 INFO             PET0 ESMF_YAMLCPP                : enabled
20201219 081236.152 INFO             PET0 ESMF_MOAB                   : enabled
20201219 081236.152 INFO             PET0  NUMBER_OF_PROCESSORS           4
20201219 081236.152 INFO             PET0  PASS  Example ESMF_VMUserMpiCommMultiEx, ESMF_VMUserMpiCommMultiEx.F90, line 126
20201219 081236.152 INFO             PET0 Finalizing ESMF
20201219 081236.151 INFO             PET0 !!!!!!!!!!!!!!!!!!!!!!!!!!!!!!!!!!!!!!!!!!!!!!!!!!!!!!
20201219 081236.151 INFO             PET0 !!! THE ESMF_LOG IS SET TO OUTPUT ALL LOG MESSAGES !!!
20201219 081236.151 INFO             PET0 !!!     THIS MAY CAUSE SLOWDOWN IN PERFORMANCE     !!!
20201219 081236.151 INFO             PET0 !!! FOR PRODUCTION RUNS, USE:                      !!!
20201219 081236.151 INFO             PET0 !!!                   ESMF_LOGKIND_Multi_On_Error  !!!
20201219 081236.151 INFO             PET0 !!!!!!!!!!!!!!!!!!!!!!!!!!!!!!!!!!!!!!!!!!!!!!!!!!!!!!
20201219 081236.151 INFO             PET0 Running with ESMF Version   : ESMF_8_1_0_beta_snapshot_39-24-gc0c902f0ea
20201219 081236.151 INFO             PET0 ESMF library build date/time: "Dec 19 2020" "08:04:13"
20201219 081236.151 INFO             PET0 ESMF library build location : /scratch/esmf/esmf_test/cronjobs/trunk/gfortran/esmf
20201219 081236.151 INFO             PET0 ESMF_COMM                   : openmpi
20201219 081236.151 INFO             PET0 ESMF_NETCDF                 : disabled
20201219 081236.151 INFO             PET0 ESMF_PNETCDF                : disabled
20201219 081236.151 INFO             PET0 ESMF_PIO                    : enabled
20201219 081236.151 INFO             PET0 ESMF_YAMLCPP                : enabled
20201219 081236.151 INFO             PET0 ESMF_MOAB                   : enabled
20201219 081236.151 INFO             PET0  NUMBER_OF_PROCESSORS           4
20201219 081236.151 INFO             PET0  PASS  Example ESMF_VMUserMpiCommMultiEx, ESMF_VMUserMpiCommMultiEx.F90, line 154
20201219 081236.151 INFO             PET0 Finalizing ESMF
20201219 081236.151 INFO             PET1 !!!!!!!!!!!!!!!!!!!!!!!!!!!!!!!!!!!!!!!!!!!!!!!!!!!!!!
20201219 081236.151 INFO             PET1 !!! THE ESMF_LOG IS SET TO OUTPUT ALL LOG MESSAGES !!!
20201219 081236.151 INFO             PET1 !!!     THIS MAY CAUSE SLOWDOWN IN PERFORMANCE     !!!
20201219 081236.151 INFO             PET1 !!! FOR PRODUCTION RUNS, USE:                      !!!
20201219 081236.151 INFO             PET1 !!!                   ESMF_LOGKIND_Multi_On_Error  !!!
20201219 081236.151 INFO             PET1 !!!!!!!!!!!!!!!!!!!!!!!!!!!!!!!!!!!!!!!!!!!!!!!!!!!!!!
20201219 081236.151 INFO             PET1 Running with ESMF Version   : ESMF_8_1_0_beta_snapshot_39-24-gc0c902f0ea
20201219 081236.151 INFO             PET1 ESMF library build date/time: "Dec 19 2020" "08:04:13"
20201219 081236.151 INFO             PET1 ESMF library build location : /scratch/esmf/esmf_test/cronjobs/trunk/gfortran/esmf
20201219 081236.151 INFO             PET1 ESMF_COMM                   : openmpi
20201219 081236.151 INFO             PET1 ESMF_NETCDF                 : disabled
20201219 081236.151 INFO             PET1 ESMF_PNETCDF                : disabled
20201219 081236.151 INFO             PET1 ESMF_PIO                    : enabled
20201219 081236.151 INFO             PET1 ESMF_YAMLCPP                : enabled
20201219 081236.151 INFO             PET1 ESMF_MOAB                   : enabled
20201219 081236.152 INFO             PET1  NUMBER_OF_PROCESSORS           4
20201219 081236.152 INFO             PET1  PASS  Example ESMF_VMUserMpiCommMultiEx, ESMF_VMUserMpiCommMultiEx.F90, line 126
20201219 081236.152 INFO             PET1 Finalizing ESMF
20201219 081236.151 INFO             PET1 !!!!!!!!!!!!!!!!!!!!!!!!!!!!!!!!!!!!!!!!!!!!!!!!!!!!!!
20201219 081236.151 INFO             PET1 !!! THE ESMF_LOG IS SET TO OUTPUT ALL LOG MESSAGES !!!
20201219 081236.151 INFO             PET1 !!!     THIS MAY CAUSE SLOWDOWN IN PERFORMANCE     !!!
20201219 081236.151 INFO             PET1 !!! FOR PRODUCTION RUNS, USE:                      !!!
20201219 081236.151 INFO             PET1 !!!                   ESMF_LOGKIND_Multi_On_Error  !!!
20201219 081236.151 INFO             PET1 !!!!!!!!!!!!!!!!!!!!!!!!!!!!!!!!!!!!!!!!!!!!!!!!!!!!!!
20201219 081236.151 INFO             PET1 Running with ESMF Version   : ESMF_8_1_0_beta_snapshot_39-24-gc0c902f0ea
20201219 081236.151 INFO             PET1 ESMF library build date/time: "Dec 19 2020" "08:04:13"
20201219 081236.151 INFO             PET1 ESMF library build location : /scratch/esmf/esmf_test/cronjobs/trunk/gfortran/esmf
20201219 081236.151 INFO             PET1 ESMF_COMM                   : openmpi
20201219 081236.151 INFO             PET1 ESMF_NETCDF                 : disabled
20201219 081236.151 INFO             PET1 ESMF_PNETCDF                : disabled
20201219 081236.151 INFO             PET1 ESMF_PIO                    : enabled
20201219 081236.151 INFO             PET1 ESMF_YAMLCPP                : enabled
20201219 081236.151 INFO             PET1 ESMF_MOAB                   : enabled
20201219 081236.152 INFO             PET1  NUMBER_OF_PROCESSORS           4
20201219 081236.152 INFO             PET1  PASS  Example ESMF_VMUserMpiCommMultiEx, ESMF_VMUserMpiCommMultiEx.F90, line 154
20201219 081236.152 INFO             PET1 Finalizing ESMF
Sat Dec 19 08:29:36 MST 2020
