20210205 111554.538 INFO             PET0 !!!!!!!!!!!!!!!!!!!!!!!!!!!!!!!!!!!!!!!!!!!!!!!!!!!!!!
20210205 111554.538 INFO             PET0 !!! THE ESMF_LOG IS SET TO OUTPUT ALL LOG MESSAGES !!!
20210205 111554.538 INFO             PET0 !!!     THIS MAY CAUSE SLOWDOWN IN PERFORMANCE     !!!
20210205 111554.538 INFO             PET0 !!! FOR PRODUCTION RUNS, USE:                      !!!
20210205 111554.538 INFO             PET0 !!!                   ESMF_LOGKIND_Multi_On_Error  !!!
20210205 111554.538 INFO             PET0 !!!!!!!!!!!!!!!!!!!!!!!!!!!!!!!!!!!!!!!!!!!!!!!!!!!!!!
20210205 111554.538 INFO             PET0 Running with ESMF Version   : ESMF_8_0_2_beta_snapshot_01
20210205 111554.538 INFO             PET0 ESMF library build date/time: "Feb  5 2021" "11:03:38"
20210205 111554.538 INFO             PET0 ESMF library build location : /work/noaa/da/mpotts/gfortran_8.3.0_mpiuni_O
20210205 111554.538 INFO             PET0 ESMF_COMM                   : mpiuni
20210205 111554.539 INFO             PET0 ESMF_NETCDF                 : disabled
20210205 111554.539 INFO             PET0 ESMF_PNETCDF                : disabled
20210205 111554.539 INFO             PET0 ESMF_PIO                    : disabled
20210205 111554.539 INFO             PET0 ESMF_YAMLCPP                : enabled
20210205 111554.539 INFO             PET0 ESMF_MOAB                   : enabled
20210205 111554.539 ERROR            PET0 ESMCI_AttributeWrite.C:85 AttributeRead Library needed by ESMF not present  - Internal subroutine call returned Error
20210205 111554.539 ERROR            PET0 ESMF_Attribute.F90:24534 ESMF_AttRead Library needed by ESMF not present  - Internal subroutine call returned Error
20210205 111554.539 ERROR            PET0 ESMF_Attribute.F90:17042 ESMF_AttGetAttPack Not found  - attpack cannot be found and ispresent not supplied
20210205 111554.539 ERROR            PET0 ESMF_Attribute.F90:22528 ESMF_AttGetChar Not found  - Internal subroutine call returned Error
20210205 111554.539 ERROR            PET0 ESMF_Attribute.F90:17042 ESMF_AttGetAttPack Not found  - attpack cannot be found and ispresent not supplied
20210205 111554.539 ERROR            PET0 ESMF_Attribute.F90:22528 ESMF_AttGetChar Not found  - Internal subroutine call returned Error
20210205 111554.539 ERROR            PET0 ESMF_Attribute.F90:17042 ESMF_AttGetAttPack Not found  - attpack cannot be found and ispresent not supplied
20210205 111554.539 ERROR            PET0 ESMF_Attribute.F90:22528 ESMF_AttGetChar Not found  - Internal subroutine call returned Error
20210205 111554.539 ERROR            PET0 ESMF_Attribute.F90:17042 ESMF_AttGetAttPack Not found  - attpack cannot be found and ispresent not supplied
20210205 111554.539 ERROR            PET0 ESMF_Attribute.F90:22528 ESMF_AttGetChar Not found  - Internal subroutine call returned Error
20210205 111554.539 ERROR            PET0 ESMF_Attribute.F90:17042 ESMF_AttGetAttPack Not found  - attpack cannot be found and ispresent not supplied
20210205 111554.539 ERROR            PET0 ESMF_Attribute.F90:22528 ESMF_AttGetChar Not found  - Internal subroutine call returned Error
20210205 111554.539 ERROR            PET0 ESMF_Attribute.F90:17042 ESMF_AttGetAttPack Not found  - attpack cannot be found and ispresent not supplied
20210205 111554.539 ERROR            PET0 ESMF_Attribute.F90:22528 ESMF_AttGetChar Not found  - Internal subroutine call returned Error
20210205 111554.539 ERROR            PET0 ESMF_Attribute.F90:17042 ESMF_AttGetAttPack Not found  - attpack cannot be found and ispresent not supplied
20210205 111554.539 ERROR            PET0 ESMF_Attribute.F90:22528 ESMF_AttGetChar Not found  - Internal subroutine call returned Error
20210205 111554.539 ERROR            PET0 ESMF_Attribute.F90:17042 ESMF_AttGetAttPack Not found  - attpack cannot be found and ispresent not supplied
20210205 111554.539 ERROR            PET0 ESMF_Attribute.F90:22528 ESMF_AttGetChar Not found  - Internal subroutine call returned Error
20210205 111554.539 ERROR            PET0 ESMF_Attribute.F90:17042 ESMF_AttGetAttPack Not found  - attpack cannot be found and ispresent not supplied
20210205 111554.540 ERROR            PET0 ESMF_Attribute.F90:22528 ESMF_AttGetChar Not found  - Internal subroutine call returned Error
20210205 111554.540 ERROR            PET0 ESMF_Attribute.F90:17042 ESMF_AttGetAttPack Not found  - attpack cannot be found and ispresent not supplied
20210205 111554.540 ERROR            PET0 ESMF_Attribute.F90:22528 ESMF_AttGetChar Not found  - Internal subroutine call returned Error
20210205 111554.540 INFO             PET0  NUMBER_OF_PROCESSORS           1
20210205 111554.540 INFO             PET0  PASS  Example ESMF_AttReadGridCompEx, ESMF_AttReadGridCompEx.F90, line 258
20210205 111554.540 INFO             PET0 Finalizing ESMF
