20201001 041942.697 INFO             PET1 !!!!!!!!!!!!!!!!!!!!!!!!!!!!!!!!!!!!!!!!!!!!!!!!!!!!!!
20201001 041942.697 INFO             PET1 !!! THE ESMF_LOG IS SET TO OUTPUT ALL LOG MESSAGES !!!
20201001 041942.697 INFO             PET1 !!!     THIS MAY CAUSE SLOWDOWN IN PERFORMANCE     !!!
20201001 041942.697 INFO             PET1 !!! FOR PRODUCTION RUNS, USE:                      !!!
20201001 041942.697 INFO             PET1 !!!                   ESMF_LOGKIND_Multi_On_Error  !!!
20201001 041942.697 INFO             PET1 !!!!!!!!!!!!!!!!!!!!!!!!!!!!!!!!!!!!!!!!!!!!!!!!!!!!!!
20201001 041942.697 INFO             PET1 Running with ESMF Version   : ESMF_8_1_0_beta_snapshot_31
20201001 041942.697 INFO             PET1 ESMF library build date/time: "Oct  1 2020" "04:11:08"
20201001 041942.697 INFO             PET1 ESMF library build location : /glade/scratch/himanshu/scripts_dir/daily/intel_cheyenne/esmf
20201001 041942.697 INFO             PET1 ESMF_COMM                   : intelmpi
20201001 041942.697 INFO             PET1 ESMF_NETCDF                 : disabled
20201001 041942.697 INFO             PET1 ESMF_PNETCDF                : disabled
20201001 041942.697 INFO             PET1 ESMF_PIO                    : enabled
20201001 041942.697 INFO             PET1 ESMF_YAMLCPP                : enabled
20201001 041942.697 INFO             PET1 ESMF_MOAB                   : enabled
20201001 041942.698 INFO             PET1 Finalizing ESMF
20201001 041942.753 INFO             PET1 !!!!!!!!!!!!!!!!!!!!!!!!!!!!!!!!!!!!!!!!!!!!!!!!!!!!!!
20201001 041942.753 INFO             PET1 !!! THE ESMF_LOG IS SET TO OUTPUT ALL LOG MESSAGES !!!
20201001 041942.753 INFO             PET1 !!!     THIS MAY CAUSE SLOWDOWN IN PERFORMANCE     !!!
20201001 041942.753 INFO             PET1 !!! FOR PRODUCTION RUNS, USE:                      !!!
20201001 041942.753 INFO             PET1 !!!                   ESMF_LOGKIND_Multi_On_Error  !!!
20201001 041942.753 INFO             PET1 !!!!!!!!!!!!!!!!!!!!!!!!!!!!!!!!!!!!!!!!!!!!!!!!!!!!!!
20201001 041942.753 INFO             PET1 Running with ESMF Version   : ESMF_8_1_0_beta_snapshot_31
20201001 041942.753 INFO             PET1 ESMF library build date/time: "Oct  1 2020" "04:11:08"
20201001 041942.753 INFO             PET1 ESMF library build location : /glade/scratch/himanshu/scripts_dir/daily/intel_cheyenne/esmf
20201001 041942.753 INFO             PET1 ESMF_COMM                   : intelmpi
20201001 041942.753 INFO             PET1 ESMF_NETCDF                 : disabled
20201001 041942.753 INFO             PET1 ESMF_PNETCDF                : disabled
20201001 041942.753 INFO             PET1 ESMF_PIO                    : enabled
20201001 041942.753 INFO             PET1 ESMF_YAMLCPP                : enabled
20201001 041942.753 INFO             PET1 ESMF_MOAB                   : enabled
20201001 041942.753 INFO             PET1 Finalizing ESMF
20201001 041942.803 INFO             PET1 !!!!!!!!!!!!!!!!!!!!!!!!!!!!!!!!!!!!!!!!!!!!!!!!!!!!!!
20201001 041942.803 INFO             PET1 !!! THE ESMF_LOG IS SET TO OUTPUT ALL LOG MESSAGES !!!
20201001 041942.803 INFO             PET1 !!!     THIS MAY CAUSE SLOWDOWN IN PERFORMANCE     !!!
20201001 041942.803 INFO             PET1 !!! FOR PRODUCTION RUNS, USE:                      !!!
20201001 041942.803 INFO             PET1 !!!                   ESMF_LOGKIND_Multi_On_Error  !!!
20201001 041942.803 INFO             PET1 !!!!!!!!!!!!!!!!!!!!!!!!!!!!!!!!!!!!!!!!!!!!!!!!!!!!!!
20201001 041942.803 INFO             PET1 Running with ESMF Version   : ESMF_8_1_0_beta_snapshot_31
20201001 041942.803 INFO             PET1 ESMF library build date/time: "Oct  1 2020" "04:11:08"
20201001 041942.803 INFO             PET1 ESMF library build location : /glade/scratch/himanshu/scripts_dir/daily/intel_cheyenne/esmf
20201001 041942.803 INFO             PET1 ESMF_COMM                   : intelmpi
20201001 041942.803 INFO             PET1 ESMF_NETCDF                 : disabled
20201001 041942.803 INFO             PET1 ESMF_PNETCDF                : disabled
20201001 041942.803 INFO             PET1 ESMF_PIO                    : enabled
20201001 041942.803 INFO             PET1 ESMF_YAMLCPP                : enabled
20201001 041942.803 INFO             PET1 ESMF_MOAB                   : enabled
20201001 041942.806 INFO             PET1 Finalizing ESMF
