20200921 043014.509 INFO             PET3 !!!!!!!!!!!!!!!!!!!!!!!!!!!!!!!!!!!!!!!!!!!!!!!!!!!!!!
20200921 043014.509 INFO             PET3 !!! THE ESMF_LOG IS SET TO OUTPUT ALL LOG MESSAGES !!!
20200921 043014.509 INFO             PET3 !!!     THIS MAY CAUSE SLOWDOWN IN PERFORMANCE     !!!
20200921 043014.509 INFO             PET3 !!! FOR PRODUCTION RUNS, USE:                      !!!
20200921 043014.509 INFO             PET3 !!!                   ESMF_LOGKIND_Multi_On_Error  !!!
20200921 043014.509 INFO             PET3 !!!!!!!!!!!!!!!!!!!!!!!!!!!!!!!!!!!!!!!!!!!!!!!!!!!!!!
20200921 043014.509 INFO             PET3 Running with ESMF Version   : ESMF_8_1_0_beta_snapshot_28
20200921 043014.509 INFO             PET3 ESMF library build date/time: "Sep 21 2020" "04:21:12"
20200921 043014.509 INFO             PET3 ESMF library build location : /glade/scratch/himanshu/scripts_dir/daily/intel_cheyenne/esmf
20200921 043014.509 INFO             PET3 ESMF_COMM                   : intelmpi
20200921 043014.510 INFO             PET3 ESMF_NETCDF                 : disabled
20200921 043014.510 INFO             PET3 ESMF_PNETCDF                : disabled
20200921 043014.510 INFO             PET3 ESMF_PIO                    : enabled
20200921 043014.510 INFO             PET3 ESMF_YAMLCPP                : enabled
20200921 043014.510 INFO             PET3 ESMF_MOAB                   : enabled
20200921 043014.510 INFO             PET3 Finalizing ESMF
20200921 043014.565 INFO             PET3 !!!!!!!!!!!!!!!!!!!!!!!!!!!!!!!!!!!!!!!!!!!!!!!!!!!!!!
20200921 043014.565 INFO             PET3 !!! THE ESMF_LOG IS SET TO OUTPUT ALL LOG MESSAGES !!!
20200921 043014.565 INFO             PET3 !!!     THIS MAY CAUSE SLOWDOWN IN PERFORMANCE     !!!
20200921 043014.565 INFO             PET3 !!! FOR PRODUCTION RUNS, USE:                      !!!
20200921 043014.565 INFO             PET3 !!!                   ESMF_LOGKIND_Multi_On_Error  !!!
20200921 043014.565 INFO             PET3 !!!!!!!!!!!!!!!!!!!!!!!!!!!!!!!!!!!!!!!!!!!!!!!!!!!!!!
20200921 043014.565 INFO             PET3 Running with ESMF Version   : ESMF_8_1_0_beta_snapshot_28
20200921 043014.565 INFO             PET3 ESMF library build date/time: "Sep 21 2020" "04:21:12"
20200921 043014.565 INFO             PET3 ESMF library build location : /glade/scratch/himanshu/scripts_dir/daily/intel_cheyenne/esmf
20200921 043014.565 INFO             PET3 ESMF_COMM                   : intelmpi
20200921 043014.565 INFO             PET3 ESMF_NETCDF                 : disabled
20200921 043014.565 INFO             PET3 ESMF_PNETCDF                : disabled
20200921 043014.565 INFO             PET3 ESMF_PIO                    : enabled
20200921 043014.565 INFO             PET3 ESMF_YAMLCPP                : enabled
20200921 043014.565 INFO             PET3 ESMF_MOAB                   : enabled
20200921 043014.565 INFO             PET3 Finalizing ESMF
20200921 043014.616 INFO             PET3 !!!!!!!!!!!!!!!!!!!!!!!!!!!!!!!!!!!!!!!!!!!!!!!!!!!!!!
20200921 043014.616 INFO             PET3 !!! THE ESMF_LOG IS SET TO OUTPUT ALL LOG MESSAGES !!!
20200921 043014.616 INFO             PET3 !!!     THIS MAY CAUSE SLOWDOWN IN PERFORMANCE     !!!
20200921 043014.616 INFO             PET3 !!! FOR PRODUCTION RUNS, USE:                      !!!
20200921 043014.616 INFO             PET3 !!!                   ESMF_LOGKIND_Multi_On_Error  !!!
20200921 043014.616 INFO             PET3 !!!!!!!!!!!!!!!!!!!!!!!!!!!!!!!!!!!!!!!!!!!!!!!!!!!!!!
20200921 043014.616 INFO             PET3 Running with ESMF Version   : ESMF_8_1_0_beta_snapshot_28
20200921 043014.616 INFO             PET3 ESMF library build date/time: "Sep 21 2020" "04:21:12"
20200921 043014.616 INFO             PET3 ESMF library build location : /glade/scratch/himanshu/scripts_dir/daily/intel_cheyenne/esmf
20200921 043014.616 INFO             PET3 ESMF_COMM                   : intelmpi
20200921 043014.616 INFO             PET3 ESMF_NETCDF                 : disabled
20200921 043014.616 INFO             PET3 ESMF_PNETCDF                : disabled
20200921 043014.616 INFO             PET3 ESMF_PIO                    : enabled
20200921 043014.616 INFO             PET3 ESMF_YAMLCPP                : enabled
20200921 043014.616 INFO             PET3 ESMF_MOAB                   : enabled
20200921 043014.619 INFO             PET3 Finalizing ESMF
