20200928 222633.509 INFO             PET1 !!!!!!!!!!!!!!!!!!!!!!!!!!!!!!!!!!!!!!!!!!!!!!!!!!!!!!
20200928 222633.509 INFO             PET1 !!! THE ESMF_LOG IS SET TO OUTPUT ALL LOG MESSAGES !!!
20200928 222633.509 INFO             PET1 !!!     THIS MAY CAUSE SLOWDOWN IN PERFORMANCE     !!!
20200928 222633.509 INFO             PET1 !!! FOR PRODUCTION RUNS, USE:                      !!!
20200928 222633.509 INFO             PET1 !!!                   ESMF_LOGKIND_Multi_On_Error  !!!
20200928 222633.509 INFO             PET1 !!!!!!!!!!!!!!!!!!!!!!!!!!!!!!!!!!!!!!!!!!!!!!!!!!!!!!
20200928 222633.509 INFO             PET1 Running with ESMF Version   : ESMF_8_1_0_beta_snapshot_31
20200928 222633.509 INFO             PET1 ESMF library build date/time: "Sep 28 2020" "22:22:26"
20200928 222633.509 INFO             PET1 ESMF library build location : /glade/scratch/himanshu/scripts_dir/daily/gfortran_cheyenne/esmf
20200928 222633.509 INFO             PET1 ESMF_COMM                   : mpich3
20200928 222633.509 INFO             PET1 ESMF_NETCDF                 : disabled
20200928 222633.509 INFO             PET1 ESMF_PNETCDF                : disabled
20200928 222633.509 INFO             PET1 ESMF_PIO                    : enabled
20200928 222633.509 INFO             PET1 ESMF_YAMLCPP                : enabled
20200928 222633.509 INFO             PET1 ESMF_MOAB                   : enabled
20200928 222633.510 INFO             PET1 Finalizing ESMF
20200928 222633.539 INFO             PET1 !!!!!!!!!!!!!!!!!!!!!!!!!!!!!!!!!!!!!!!!!!!!!!!!!!!!!!
20200928 222633.539 INFO             PET1 !!! THE ESMF_LOG IS SET TO OUTPUT ALL LOG MESSAGES !!!
20200928 222633.539 INFO             PET1 !!!     THIS MAY CAUSE SLOWDOWN IN PERFORMANCE     !!!
20200928 222633.539 INFO             PET1 !!! FOR PRODUCTION RUNS, USE:                      !!!
20200928 222633.539 INFO             PET1 !!!                   ESMF_LOGKIND_Multi_On_Error  !!!
20200928 222633.539 INFO             PET1 !!!!!!!!!!!!!!!!!!!!!!!!!!!!!!!!!!!!!!!!!!!!!!!!!!!!!!
20200928 222633.539 INFO             PET1 Running with ESMF Version   : ESMF_8_1_0_beta_snapshot_31
20200928 222633.539 INFO             PET1 ESMF library build date/time: "Sep 28 2020" "22:22:26"
20200928 222633.539 INFO             PET1 ESMF library build location : /glade/scratch/himanshu/scripts_dir/daily/gfortran_cheyenne/esmf
20200928 222633.539 INFO             PET1 ESMF_COMM                   : mpich3
20200928 222633.539 INFO             PET1 ESMF_NETCDF                 : disabled
20200928 222633.539 INFO             PET1 ESMF_PNETCDF                : disabled
20200928 222633.539 INFO             PET1 ESMF_PIO                    : enabled
20200928 222633.539 INFO             PET1 ESMF_YAMLCPP                : enabled
20200928 222633.539 INFO             PET1 ESMF_MOAB                   : enabled
20200928 222633.539 INFO             PET1 Finalizing ESMF
20200928 222633.568 INFO             PET1 !!!!!!!!!!!!!!!!!!!!!!!!!!!!!!!!!!!!!!!!!!!!!!!!!!!!!!
20200928 222633.568 INFO             PET1 !!! THE ESMF_LOG IS SET TO OUTPUT ALL LOG MESSAGES !!!
20200928 222633.568 INFO             PET1 !!!     THIS MAY CAUSE SLOWDOWN IN PERFORMANCE     !!!
20200928 222633.568 INFO             PET1 !!! FOR PRODUCTION RUNS, USE:                      !!!
20200928 222633.568 INFO             PET1 !!!                   ESMF_LOGKIND_Multi_On_Error  !!!
20200928 222633.568 INFO             PET1 !!!!!!!!!!!!!!!!!!!!!!!!!!!!!!!!!!!!!!!!!!!!!!!!!!!!!!
20200928 222633.568 INFO             PET1 Running with ESMF Version   : ESMF_8_1_0_beta_snapshot_31
20200928 222633.568 INFO             PET1 ESMF library build date/time: "Sep 28 2020" "22:22:26"
20200928 222633.568 INFO             PET1 ESMF library build location : /glade/scratch/himanshu/scripts_dir/daily/gfortran_cheyenne/esmf
20200928 222633.568 INFO             PET1 ESMF_COMM                   : mpich3
20200928 222633.568 INFO             PET1 ESMF_NETCDF                 : disabled
20200928 222633.568 INFO             PET1 ESMF_PNETCDF                : disabled
20200928 222633.568 INFO             PET1 ESMF_PIO                    : enabled
20200928 222633.568 INFO             PET1 ESMF_YAMLCPP                : enabled
20200928 222633.568 INFO             PET1 ESMF_MOAB                   : enabled
20200928 222633.572 INFO             PET1 Finalizing ESMF
