20210214 141722.640 INFO             PET0 !!!!!!!!!!!!!!!!!!!!!!!!!!!!!!!!!!!!!!!!!!!!!!!!!!!!!!
20210214 141722.640 INFO             PET0 !!! THE ESMF_LOG IS SET TO OUTPUT ALL LOG MESSAGES !!!
20210214 141722.640 INFO             PET0 !!!     THIS MAY CAUSE SLOWDOWN IN PERFORMANCE     !!!
20210214 141722.640 INFO             PET0 !!! FOR PRODUCTION RUNS, USE:                      !!!
20210214 141722.640 INFO             PET0 !!!                   ESMF_LOGKIND_Multi_On_Error  !!!
20210214 141722.640 INFO             PET0 !!!!!!!!!!!!!!!!!!!!!!!!!!!!!!!!!!!!!!!!!!!!!!!!!!!!!!
20210214 141722.640 INFO             PET0 Running with ESMF Version   : ESMF_8_1_0_beta_snapshot_44-80-g014a1253fa
20210214 141722.640 INFO             PET0 ESMF library build date/time: "Feb 14 2021" "14:06:10"
20210214 141722.640 INFO             PET0 ESMF library build location : /glade/scratch/himanshu/manual/pgi_mpiuni/esmf
20210214 141722.640 INFO             PET0 ESMF_COMM                   : mpiuni
20210214 141722.640 INFO             PET0 ESMF_MOAB                   : enabled
20210214 141722.640 INFO             PET0 ESMF_LAPACK                 : enabled
20210214 141722.640 INFO             PET0 ESMF_NETCDF                 : enabled
20210214 141722.640 INFO             PET0 ESMF_PNETCDF                : disabled
20210214 141722.640 INFO             PET0 ESMF_PIO                    : disabled
20210214 141722.640 INFO             PET0 ESMF_YAMLCPP                : enabled
20210214 141722.640 INFO             PET0 Finalizing ESMF
20210214 141722.655 INFO             PET0 !!!!!!!!!!!!!!!!!!!!!!!!!!!!!!!!!!!!!!!!!!!!!!!!!!!!!!
20210214 141722.656 INFO             PET0 !!! THE ESMF_LOG IS SET TO OUTPUT ALL LOG MESSAGES !!!
20210214 141722.656 INFO             PET0 !!!     THIS MAY CAUSE SLOWDOWN IN PERFORMANCE     !!!
20210214 141722.656 INFO             PET0 !!! FOR PRODUCTION RUNS, USE:                      !!!
20210214 141722.656 INFO             PET0 !!!                   ESMF_LOGKIND_Multi_On_Error  !!!
20210214 141722.656 INFO             PET0 !!!!!!!!!!!!!!!!!!!!!!!!!!!!!!!!!!!!!!!!!!!!!!!!!!!!!!
20210214 141722.656 INFO             PET0 Running with ESMF Version   : ESMF_8_1_0_beta_snapshot_44-80-g014a1253fa
20210214 141722.656 INFO             PET0 ESMF library build date/time: "Feb 14 2021" "14:06:10"
20210214 141722.656 INFO             PET0 ESMF library build location : /glade/scratch/himanshu/manual/pgi_mpiuni/esmf
20210214 141722.656 INFO             PET0 ESMF_COMM                   : mpiuni
20210214 141722.656 INFO             PET0 ESMF_MOAB                   : enabled
20210214 141722.656 INFO             PET0 ESMF_LAPACK                 : enabled
20210214 141722.656 INFO             PET0 ESMF_NETCDF                 : enabled
20210214 141722.656 INFO             PET0 ESMF_PNETCDF                : disabled
20210214 141722.656 INFO             PET0 ESMF_PIO                    : disabled
20210214 141722.656 INFO             PET0 ESMF_YAMLCPP                : enabled
20210214 141722.656 INFO             PET0 Finalizing ESMF
20210214 141722.671 INFO             PET0 !!!!!!!!!!!!!!!!!!!!!!!!!!!!!!!!!!!!!!!!!!!!!!!!!!!!!!
20210214 141722.671 INFO             PET0 !!! THE ESMF_LOG IS SET TO OUTPUT ALL LOG MESSAGES !!!
20210214 141722.671 INFO             PET0 !!!     THIS MAY CAUSE SLOWDOWN IN PERFORMANCE     !!!
20210214 141722.671 INFO             PET0 !!! FOR PRODUCTION RUNS, USE:                      !!!
20210214 141722.671 INFO             PET0 !!!                   ESMF_LOGKIND_Multi_On_Error  !!!
20210214 141722.671 INFO             PET0 !!!!!!!!!!!!!!!!!!!!!!!!!!!!!!!!!!!!!!!!!!!!!!!!!!!!!!
20210214 141722.671 INFO             PET0 Running with ESMF Version   : ESMF_8_1_0_beta_snapshot_44-80-g014a1253fa
20210214 141722.671 INFO             PET0 ESMF library build date/time: "Feb 14 2021" "14:06:10"
20210214 141722.671 INFO             PET0 ESMF library build location : /glade/scratch/himanshu/manual/pgi_mpiuni/esmf
20210214 141722.671 INFO             PET0 ESMF_COMM                   : mpiuni
20210214 141722.673 INFO             PET0 ESMF_MOAB                   : enabled
20210214 141722.673 INFO             PET0 ESMF_LAPACK                 : enabled
20210214 141722.673 INFO             PET0 ESMF_NETCDF                 : enabled
20210214 141722.673 INFO             PET0 ESMF_PNETCDF                : disabled
20210214 141722.673 INFO             PET0 ESMF_PIO                    : disabled
20210214 141722.673 INFO             PET0 ESMF_YAMLCPP                : enabled
20210214 141722.673 INFO             PET0 Finalizing ESMF
Sun Feb 14 22:42:24 MST 2021
