20200927 234802.791 INFO             PET2 !!!!!!!!!!!!!!!!!!!!!!!!!!!!!!!!!!!!!!!!!!!!!!!!!!!!!!
20200927 234802.791 INFO             PET2 !!! THE ESMF_LOG IS SET TO OUTPUT ALL LOG MESSAGES !!!
20200927 234802.791 INFO             PET2 !!!     THIS MAY CAUSE SLOWDOWN IN PERFORMANCE     !!!
20200927 234802.791 INFO             PET2 !!! FOR PRODUCTION RUNS, USE:                      !!!
20200927 234802.791 INFO             PET2 !!!                   ESMF_LOGKIND_Multi_On_Error  !!!
20200927 234802.791 INFO             PET2 !!!!!!!!!!!!!!!!!!!!!!!!!!!!!!!!!!!!!!!!!!!!!!!!!!!!!!
20200927 234802.791 INFO             PET2 Running with ESMF Version   : ESMF_8_1_0_beta_snapshot_30-2-g92e0a54ab6
20200927 234802.791 INFO             PET2 ESMF library build date/time: "Sep 27 2020" "23:45:48"
20200927 234802.791 INFO             PET2 ESMF library build location : /scratch/esmf/esmf_test/cronjobs/trunk/gfortran/esmf
20200927 234802.791 INFO             PET2 ESMF_COMM                   : mpich3
20200927 234802.791 INFO             PET2 ESMF_NETCDF                 : disabled
20200927 234802.791 INFO             PET2 ESMF_PNETCDF                : disabled
20200927 234802.791 INFO             PET2 ESMF_PIO                    : enabled
20200927 234802.791 INFO             PET2 ESMF_YAMLCPP                : enabled
20200927 234802.791 INFO             PET2 ESMF_MOAB                   : enabled
20200927 234802.792 INFO             PET2 Finalizing ESMF
20200927 234802.820 INFO             PET2 !!!!!!!!!!!!!!!!!!!!!!!!!!!!!!!!!!!!!!!!!!!!!!!!!!!!!!
20200927 234802.820 INFO             PET2 !!! THE ESMF_LOG IS SET TO OUTPUT ALL LOG MESSAGES !!!
20200927 234802.820 INFO             PET2 !!!     THIS MAY CAUSE SLOWDOWN IN PERFORMANCE     !!!
20200927 234802.820 INFO             PET2 !!! FOR PRODUCTION RUNS, USE:                      !!!
20200927 234802.820 INFO             PET2 !!!                   ESMF_LOGKIND_Multi_On_Error  !!!
20200927 234802.820 INFO             PET2 !!!!!!!!!!!!!!!!!!!!!!!!!!!!!!!!!!!!!!!!!!!!!!!!!!!!!!
20200927 234802.820 INFO             PET2 Running with ESMF Version   : ESMF_8_1_0_beta_snapshot_30-2-g92e0a54ab6
20200927 234802.820 INFO             PET2 ESMF library build date/time: "Sep 27 2020" "23:45:48"
20200927 234802.820 INFO             PET2 ESMF library build location : /scratch/esmf/esmf_test/cronjobs/trunk/gfortran/esmf
20200927 234802.820 INFO             PET2 ESMF_COMM                   : mpich3
20200927 234802.820 INFO             PET2 ESMF_NETCDF                 : disabled
20200927 234802.820 INFO             PET2 ESMF_PNETCDF                : disabled
20200927 234802.820 INFO             PET2 ESMF_PIO                    : enabled
20200927 234802.820 INFO             PET2 ESMF_YAMLCPP                : enabled
20200927 234802.820 INFO             PET2 ESMF_MOAB                   : enabled
20200927 234802.821 INFO             PET2 Finalizing ESMF
20200927 234802.851 INFO             PET2 !!!!!!!!!!!!!!!!!!!!!!!!!!!!!!!!!!!!!!!!!!!!!!!!!!!!!!
20200927 234802.851 INFO             PET2 !!! THE ESMF_LOG IS SET TO OUTPUT ALL LOG MESSAGES !!!
20200927 234802.851 INFO             PET2 !!!     THIS MAY CAUSE SLOWDOWN IN PERFORMANCE     !!!
20200927 234802.851 INFO             PET2 !!! FOR PRODUCTION RUNS, USE:                      !!!
20200927 234802.851 INFO             PET2 !!!                   ESMF_LOGKIND_Multi_On_Error  !!!
20200927 234802.851 INFO             PET2 !!!!!!!!!!!!!!!!!!!!!!!!!!!!!!!!!!!!!!!!!!!!!!!!!!!!!!
20200927 234802.851 INFO             PET2 Running with ESMF Version   : ESMF_8_1_0_beta_snapshot_30-2-g92e0a54ab6
20200927 234802.851 INFO             PET2 ESMF library build date/time: "Sep 27 2020" "23:45:48"
20200927 234802.851 INFO             PET2 ESMF library build location : /scratch/esmf/esmf_test/cronjobs/trunk/gfortran/esmf
20200927 234802.851 INFO             PET2 ESMF_COMM                   : mpich3
20200927 234802.851 INFO             PET2 ESMF_NETCDF                 : disabled
20200927 234802.851 INFO             PET2 ESMF_PNETCDF                : disabled
20200927 234802.851 INFO             PET2 ESMF_PIO                    : enabled
20200927 234802.851 INFO             PET2 ESMF_YAMLCPP                : enabled
20200927 234802.851 INFO             PET2 ESMF_MOAB                   : enabled
20200927 234802.851 INFO             PET2 Finalizing ESMF
