20200929 015615.687 INFO             PET2 !!!!!!!!!!!!!!!!!!!!!!!!!!!!!!!!!!!!!!!!!!!!!!!!!!!!!!
20200929 015615.687 INFO             PET2 !!! THE ESMF_LOG IS SET TO OUTPUT ALL LOG MESSAGES !!!
20200929 015615.687 INFO             PET2 !!!     THIS MAY CAUSE SLOWDOWN IN PERFORMANCE     !!!
20200929 015615.687 INFO             PET2 !!! FOR PRODUCTION RUNS, USE:                      !!!
20200929 015615.687 INFO             PET2 !!!                   ESMF_LOGKIND_Multi_On_Error  !!!
20200929 015615.687 INFO             PET2 !!!!!!!!!!!!!!!!!!!!!!!!!!!!!!!!!!!!!!!!!!!!!!!!!!!!!!
20200929 015615.687 INFO             PET2 Running with ESMF Version   : ESMF_8_1_0_beta_snapshot_31
20200929 015615.687 INFO             PET2 ESMF library build date/time: "Sep 29 2020" "01:54:16"
20200929 015615.687 INFO             PET2 ESMF library build location : /scratch/esmf/esmf_test/cronjobs/trunk/gfortran/esmf
20200929 015615.687 INFO             PET2 ESMF_COMM                   : openmpi
20200929 015615.687 INFO             PET2 ESMF_NETCDF                 : disabled
20200929 015615.687 INFO             PET2 ESMF_PNETCDF                : disabled
20200929 015615.687 INFO             PET2 ESMF_PIO                    : enabled
20200929 015615.687 INFO             PET2 ESMF_YAMLCPP                : enabled
20200929 015615.687 INFO             PET2 ESMF_MOAB                   : enabled
20200929 015615.688 INFO             PET2 Finalizing ESMF
20200929 015615.902 INFO             PET2 !!!!!!!!!!!!!!!!!!!!!!!!!!!!!!!!!!!!!!!!!!!!!!!!!!!!!!
20200929 015615.902 INFO             PET2 !!! THE ESMF_LOG IS SET TO OUTPUT ALL LOG MESSAGES !!!
20200929 015615.902 INFO             PET2 !!!     THIS MAY CAUSE SLOWDOWN IN PERFORMANCE     !!!
20200929 015615.902 INFO             PET2 !!! FOR PRODUCTION RUNS, USE:                      !!!
20200929 015615.902 INFO             PET2 !!!                   ESMF_LOGKIND_Multi_On_Error  !!!
20200929 015615.902 INFO             PET2 !!!!!!!!!!!!!!!!!!!!!!!!!!!!!!!!!!!!!!!!!!!!!!!!!!!!!!
20200929 015615.902 INFO             PET2 Running with ESMF Version   : ESMF_8_1_0_beta_snapshot_31
20200929 015615.902 INFO             PET2 ESMF library build date/time: "Sep 29 2020" "01:54:16"
20200929 015615.902 INFO             PET2 ESMF library build location : /scratch/esmf/esmf_test/cronjobs/trunk/gfortran/esmf
20200929 015615.902 INFO             PET2 ESMF_COMM                   : openmpi
20200929 015615.902 INFO             PET2 ESMF_NETCDF                 : disabled
20200929 015615.902 INFO             PET2 ESMF_PNETCDF                : disabled
20200929 015615.902 INFO             PET2 ESMF_PIO                    : enabled
20200929 015615.902 INFO             PET2 ESMF_YAMLCPP                : enabled
20200929 015615.902 INFO             PET2 ESMF_MOAB                   : enabled
20200929 015615.902 INFO             PET2 Finalizing ESMF
20200929 015616.115 INFO             PET2 !!!!!!!!!!!!!!!!!!!!!!!!!!!!!!!!!!!!!!!!!!!!!!!!!!!!!!
20200929 015616.115 INFO             PET2 !!! THE ESMF_LOG IS SET TO OUTPUT ALL LOG MESSAGES !!!
20200929 015616.115 INFO             PET2 !!!     THIS MAY CAUSE SLOWDOWN IN PERFORMANCE     !!!
20200929 015616.115 INFO             PET2 !!! FOR PRODUCTION RUNS, USE:                      !!!
20200929 015616.115 INFO             PET2 !!!                   ESMF_LOGKIND_Multi_On_Error  !!!
20200929 015616.115 INFO             PET2 !!!!!!!!!!!!!!!!!!!!!!!!!!!!!!!!!!!!!!!!!!!!!!!!!!!!!!
20200929 015616.115 INFO             PET2 Running with ESMF Version   : ESMF_8_1_0_beta_snapshot_31
20200929 015616.115 INFO             PET2 ESMF library build date/time: "Sep 29 2020" "01:54:16"
20200929 015616.115 INFO             PET2 ESMF library build location : /scratch/esmf/esmf_test/cronjobs/trunk/gfortran/esmf
20200929 015616.115 INFO             PET2 ESMF_COMM                   : openmpi
20200929 015616.115 INFO             PET2 ESMF_NETCDF                 : disabled
20200929 015616.115 INFO             PET2 ESMF_PNETCDF                : disabled
20200929 015616.115 INFO             PET2 ESMF_PIO                    : enabled
20200929 015616.115 INFO             PET2 ESMF_YAMLCPP                : enabled
20200929 015616.115 INFO             PET2 ESMF_MOAB                   : enabled
20200929 015616.115 INFO             PET2 Finalizing ESMF
