20200925 044838.734 INFO             PET3 !!!!!!!!!!!!!!!!!!!!!!!!!!!!!!!!!!!!!!!!!!!!!!!!!!!!!!
20200925 044838.734 INFO             PET3 !!! THE ESMF_LOG IS SET TO OUTPUT ALL LOG MESSAGES !!!
20200925 044838.734 INFO             PET3 !!!     THIS MAY CAUSE SLOWDOWN IN PERFORMANCE     !!!
20200925 044838.734 INFO             PET3 !!! FOR PRODUCTION RUNS, USE:                      !!!
20200925 044838.734 INFO             PET3 !!!                   ESMF_LOGKIND_Multi_On_Error  !!!
20200925 044838.734 INFO             PET3 !!!!!!!!!!!!!!!!!!!!!!!!!!!!!!!!!!!!!!!!!!!!!!!!!!!!!!
20200925 044838.734 INFO             PET3 Running with ESMF Version   : ESMF_8_1_0_beta_snapshot_30
20200925 044838.734 INFO             PET3 ESMF library build date/time: "Sep 25 2020" "04:46:41"
20200925 044838.734 INFO             PET3 ESMF library build location : /scratch/esmf/esmf_test/cronjobs/trunk/gfortran/esmf
20200925 044838.734 INFO             PET3 ESMF_COMM                   : openmpi
20200925 044838.734 INFO             PET3 ESMF_NETCDF                 : disabled
20200925 044838.734 INFO             PET3 ESMF_PNETCDF                : disabled
20200925 044838.734 INFO             PET3 ESMF_PIO                    : enabled
20200925 044838.734 INFO             PET3 ESMF_YAMLCPP                : enabled
20200925 044838.734 INFO             PET3 ESMF_MOAB                   : enabled
20200925 044838.735 INFO             PET3 Finalizing ESMF
20200925 044838.963 INFO             PET3 !!!!!!!!!!!!!!!!!!!!!!!!!!!!!!!!!!!!!!!!!!!!!!!!!!!!!!
20200925 044838.963 INFO             PET3 !!! THE ESMF_LOG IS SET TO OUTPUT ALL LOG MESSAGES !!!
20200925 044838.963 INFO             PET3 !!!     THIS MAY CAUSE SLOWDOWN IN PERFORMANCE     !!!
20200925 044838.963 INFO             PET3 !!! FOR PRODUCTION RUNS, USE:                      !!!
20200925 044838.963 INFO             PET3 !!!                   ESMF_LOGKIND_Multi_On_Error  !!!
20200925 044838.963 INFO             PET3 !!!!!!!!!!!!!!!!!!!!!!!!!!!!!!!!!!!!!!!!!!!!!!!!!!!!!!
20200925 044838.963 INFO             PET3 Running with ESMF Version   : ESMF_8_1_0_beta_snapshot_30
20200925 044838.963 INFO             PET3 ESMF library build date/time: "Sep 25 2020" "04:46:41"
20200925 044838.963 INFO             PET3 ESMF library build location : /scratch/esmf/esmf_test/cronjobs/trunk/gfortran/esmf
20200925 044838.963 INFO             PET3 ESMF_COMM                   : openmpi
20200925 044838.963 INFO             PET3 ESMF_NETCDF                 : disabled
20200925 044838.963 INFO             PET3 ESMF_PNETCDF                : disabled
20200925 044838.963 INFO             PET3 ESMF_PIO                    : enabled
20200925 044838.963 INFO             PET3 ESMF_YAMLCPP                : enabled
20200925 044838.963 INFO             PET3 ESMF_MOAB                   : enabled
20200925 044838.964 INFO             PET3 Finalizing ESMF
20200925 044839.191 INFO             PET3 !!!!!!!!!!!!!!!!!!!!!!!!!!!!!!!!!!!!!!!!!!!!!!!!!!!!!!
20200925 044839.191 INFO             PET3 !!! THE ESMF_LOG IS SET TO OUTPUT ALL LOG MESSAGES !!!
20200925 044839.191 INFO             PET3 !!!     THIS MAY CAUSE SLOWDOWN IN PERFORMANCE     !!!
20200925 044839.191 INFO             PET3 !!! FOR PRODUCTION RUNS, USE:                      !!!
20200925 044839.191 INFO             PET3 !!!                   ESMF_LOGKIND_Multi_On_Error  !!!
20200925 044839.191 INFO             PET3 !!!!!!!!!!!!!!!!!!!!!!!!!!!!!!!!!!!!!!!!!!!!!!!!!!!!!!
20200925 044839.191 INFO             PET3 Running with ESMF Version   : ESMF_8_1_0_beta_snapshot_30
20200925 044839.191 INFO             PET3 ESMF library build date/time: "Sep 25 2020" "04:46:41"
20200925 044839.191 INFO             PET3 ESMF library build location : /scratch/esmf/esmf_test/cronjobs/trunk/gfortran/esmf
20200925 044839.191 INFO             PET3 ESMF_COMM                   : openmpi
20200925 044839.191 INFO             PET3 ESMF_NETCDF                 : disabled
20200925 044839.192 INFO             PET3 ESMF_PNETCDF                : disabled
20200925 044839.192 INFO             PET3 ESMF_PIO                    : enabled
20200925 044839.192 INFO             PET3 ESMF_YAMLCPP                : enabled
20200925 044839.192 INFO             PET3 ESMF_MOAB                   : enabled
20200925 044839.192 INFO             PET3 Finalizing ESMF
