20200928 022910.356 INFO             PET3 !!!!!!!!!!!!!!!!!!!!!!!!!!!!!!!!!!!!!!!!!!!!!!!!!!!!!!
20200928 022910.356 INFO             PET3 !!! THE ESMF_LOG IS SET TO OUTPUT ALL LOG MESSAGES !!!
20200928 022910.356 INFO             PET3 !!!     THIS MAY CAUSE SLOWDOWN IN PERFORMANCE     !!!
20200928 022910.356 INFO             PET3 !!! FOR PRODUCTION RUNS, USE:                      !!!
20200928 022910.356 INFO             PET3 !!!                   ESMF_LOGKIND_Multi_On_Error  !!!
20200928 022910.356 INFO             PET3 !!!!!!!!!!!!!!!!!!!!!!!!!!!!!!!!!!!!!!!!!!!!!!!!!!!!!!
20200928 022910.356 INFO             PET3 Running with ESMF Version   : ESMF_8_1_0_beta_snapshot_30-2-g92e0a54ab6
20200928 022910.356 INFO             PET3 ESMF library build date/time: "Sep 28 2020" "02:26:57"
20200928 022910.356 INFO             PET3 ESMF library build location : /scratch/esmf/esmf_test/cronjobs/trunk/gfortran/esmf
20200928 022910.356 INFO             PET3 ESMF_COMM                   : openmpi
20200928 022910.356 INFO             PET3 ESMF_NETCDF                 : disabled
20200928 022910.356 INFO             PET3 ESMF_PNETCDF                : disabled
20200928 022910.356 INFO             PET3 ESMF_PIO                    : enabled
20200928 022910.356 INFO             PET3 ESMF_YAMLCPP                : enabled
20200928 022910.356 INFO             PET3 ESMF_MOAB                   : enabled
20200928 022910.357 INFO             PET3 Finalizing ESMF
20200928 022910.557 INFO             PET3 !!!!!!!!!!!!!!!!!!!!!!!!!!!!!!!!!!!!!!!!!!!!!!!!!!!!!!
20200928 022910.557 INFO             PET3 !!! THE ESMF_LOG IS SET TO OUTPUT ALL LOG MESSAGES !!!
20200928 022910.557 INFO             PET3 !!!     THIS MAY CAUSE SLOWDOWN IN PERFORMANCE     !!!
20200928 022910.557 INFO             PET3 !!! FOR PRODUCTION RUNS, USE:                      !!!
20200928 022910.557 INFO             PET3 !!!                   ESMF_LOGKIND_Multi_On_Error  !!!
20200928 022910.557 INFO             PET3 !!!!!!!!!!!!!!!!!!!!!!!!!!!!!!!!!!!!!!!!!!!!!!!!!!!!!!
20200928 022910.557 INFO             PET3 Running with ESMF Version   : ESMF_8_1_0_beta_snapshot_30-2-g92e0a54ab6
20200928 022910.557 INFO             PET3 ESMF library build date/time: "Sep 28 2020" "02:26:57"
20200928 022910.557 INFO             PET3 ESMF library build location : /scratch/esmf/esmf_test/cronjobs/trunk/gfortran/esmf
20200928 022910.557 INFO             PET3 ESMF_COMM                   : openmpi
20200928 022910.557 INFO             PET3 ESMF_NETCDF                 : disabled
20200928 022910.557 INFO             PET3 ESMF_PNETCDF                : disabled
20200928 022910.557 INFO             PET3 ESMF_PIO                    : enabled
20200928 022910.557 INFO             PET3 ESMF_YAMLCPP                : enabled
20200928 022910.557 INFO             PET3 ESMF_MOAB                   : enabled
20200928 022910.558 INFO             PET3 Finalizing ESMF
20200928 022910.750 INFO             PET3 !!!!!!!!!!!!!!!!!!!!!!!!!!!!!!!!!!!!!!!!!!!!!!!!!!!!!!
20200928 022910.750 INFO             PET3 !!! THE ESMF_LOG IS SET TO OUTPUT ALL LOG MESSAGES !!!
20200928 022910.750 INFO             PET3 !!!     THIS MAY CAUSE SLOWDOWN IN PERFORMANCE     !!!
20200928 022910.750 INFO             PET3 !!! FOR PRODUCTION RUNS, USE:                      !!!
20200928 022910.750 INFO             PET3 !!!                   ESMF_LOGKIND_Multi_On_Error  !!!
20200928 022910.750 INFO             PET3 !!!!!!!!!!!!!!!!!!!!!!!!!!!!!!!!!!!!!!!!!!!!!!!!!!!!!!
20200928 022910.750 INFO             PET3 Running with ESMF Version   : ESMF_8_1_0_beta_snapshot_30-2-g92e0a54ab6
20200928 022910.750 INFO             PET3 ESMF library build date/time: "Sep 28 2020" "02:26:57"
20200928 022910.750 INFO             PET3 ESMF library build location : /scratch/esmf/esmf_test/cronjobs/trunk/gfortran/esmf
20200928 022910.750 INFO             PET3 ESMF_COMM                   : openmpi
20200928 022910.750 INFO             PET3 ESMF_NETCDF                 : disabled
20200928 022910.750 INFO             PET3 ESMF_PNETCDF                : disabled
20200928 022910.750 INFO             PET3 ESMF_PIO                    : enabled
20200928 022910.750 INFO             PET3 ESMF_YAMLCPP                : enabled
20200928 022910.750 INFO             PET3 ESMF_MOAB                   : enabled
20200928 022910.751 INFO             PET3 Finalizing ESMF
