20200928 225459.393 INFO             PET0 !!!!!!!!!!!!!!!!!!!!!!!!!!!!!!!!!!!!!!!!!!!!!!!!!!!!!!
20200928 225459.393 INFO             PET0 !!! THE ESMF_LOG IS SET TO OUTPUT ALL LOG MESSAGES !!!
20200928 225459.393 INFO             PET0 !!!     THIS MAY CAUSE SLOWDOWN IN PERFORMANCE     !!!
20200928 225459.393 INFO             PET0 !!! FOR PRODUCTION RUNS, USE:                      !!!
20200928 225459.393 INFO             PET0 !!!                   ESMF_LOGKIND_Multi_On_Error  !!!
20200928 225459.393 INFO             PET0 !!!!!!!!!!!!!!!!!!!!!!!!!!!!!!!!!!!!!!!!!!!!!!!!!!!!!!
20200928 225459.393 INFO             PET0 Running with ESMF Version   : ESMF_8_1_0_beta_snapshot_31
20200928 225459.393 INFO             PET0 ESMF library build date/time: "Sep 28 2020" "22:42:06"
20200928 225459.393 INFO             PET0 ESMF library build location : /glade/scratch/himanshu/scripts_dir/daily/intel_cheyenne/esmf
20200928 225459.393 INFO             PET0 ESMF_COMM                   : mpt
20200928 225459.393 INFO             PET0 ESMF_NETCDF                 : disabled
20200928 225459.393 INFO             PET0 ESMF_PNETCDF                : disabled
20200928 225459.393 INFO             PET0 ESMF_PIO                    : enabled
20200928 225459.393 INFO             PET0 ESMF_YAMLCPP                : enabled
20200928 225459.393 INFO             PET0 ESMF_MOAB                   : enabled
20200928 225459.393 INFO             PET0 Finalizing ESMF
20200928 225459.510 INFO             PET0 !!!!!!!!!!!!!!!!!!!!!!!!!!!!!!!!!!!!!!!!!!!!!!!!!!!!!!
20200928 225459.510 INFO             PET0 !!! THE ESMF_LOG IS SET TO OUTPUT ALL LOG MESSAGES !!!
20200928 225459.510 INFO             PET0 !!!     THIS MAY CAUSE SLOWDOWN IN PERFORMANCE     !!!
20200928 225459.510 INFO             PET0 !!! FOR PRODUCTION RUNS, USE:                      !!!
20200928 225459.510 INFO             PET0 !!!                   ESMF_LOGKIND_Multi_On_Error  !!!
20200928 225459.510 INFO             PET0 !!!!!!!!!!!!!!!!!!!!!!!!!!!!!!!!!!!!!!!!!!!!!!!!!!!!!!
20200928 225459.510 INFO             PET0 Running with ESMF Version   : ESMF_8_1_0_beta_snapshot_31
20200928 225459.510 INFO             PET0 ESMF library build date/time: "Sep 28 2020" "22:42:06"
20200928 225459.510 INFO             PET0 ESMF library build location : /glade/scratch/himanshu/scripts_dir/daily/intel_cheyenne/esmf
20200928 225459.510 INFO             PET0 ESMF_COMM                   : mpt
20200928 225459.510 INFO             PET0 ESMF_NETCDF                 : disabled
20200928 225459.510 INFO             PET0 ESMF_PNETCDF                : disabled
20200928 225459.510 INFO             PET0 ESMF_PIO                    : enabled
20200928 225459.510 INFO             PET0 ESMF_YAMLCPP                : enabled
20200928 225459.510 INFO             PET0 ESMF_MOAB                   : enabled
20200928 225459.510 INFO             PET0 Finalizing ESMF
20200928 225459.619 INFO             PET0 !!!!!!!!!!!!!!!!!!!!!!!!!!!!!!!!!!!!!!!!!!!!!!!!!!!!!!
20200928 225459.619 INFO             PET0 !!! THE ESMF_LOG IS SET TO OUTPUT ALL LOG MESSAGES !!!
20200928 225459.619 INFO             PET0 !!!     THIS MAY CAUSE SLOWDOWN IN PERFORMANCE     !!!
20200928 225459.619 INFO             PET0 !!! FOR PRODUCTION RUNS, USE:                      !!!
20200928 225459.619 INFO             PET0 !!!                   ESMF_LOGKIND_Multi_On_Error  !!!
20200928 225459.619 INFO             PET0 !!!!!!!!!!!!!!!!!!!!!!!!!!!!!!!!!!!!!!!!!!!!!!!!!!!!!!
20200928 225459.619 INFO             PET0 Running with ESMF Version   : ESMF_8_1_0_beta_snapshot_31
20200928 225459.619 INFO             PET0 ESMF library build date/time: "Sep 28 2020" "22:42:06"
20200928 225459.619 INFO             PET0 ESMF library build location : /glade/scratch/himanshu/scripts_dir/daily/intel_cheyenne/esmf
20200928 225459.619 INFO             PET0 ESMF_COMM                   : mpt
20200928 225459.619 INFO             PET0 ESMF_NETCDF                 : disabled
20200928 225459.619 INFO             PET0 ESMF_PNETCDF                : disabled
20200928 225459.619 INFO             PET0 ESMF_PIO                    : enabled
20200928 225459.619 INFO             PET0 ESMF_YAMLCPP                : enabled
20200928 225459.619 INFO             PET0 ESMF_MOAB                   : enabled
20200928 225459.622 INFO             PET0 Finalizing ESMF
