20200930 205142.933 INFO             PET2 !!!!!!!!!!!!!!!!!!!!!!!!!!!!!!!!!!!!!!!!!!!!!!!!!!!!!!
20200930 205142.933 INFO             PET2 !!! THE ESMF_LOG IS SET TO OUTPUT ALL LOG MESSAGES !!!
20200930 205142.933 INFO             PET2 !!!     THIS MAY CAUSE SLOWDOWN IN PERFORMANCE     !!!
20200930 205142.933 INFO             PET2 !!! FOR PRODUCTION RUNS, USE:                      !!!
20200930 205142.933 INFO             PET2 !!!                   ESMF_LOGKIND_Multi_On_Error  !!!
20200930 205142.933 INFO             PET2 !!!!!!!!!!!!!!!!!!!!!!!!!!!!!!!!!!!!!!!!!!!!!!!!!!!!!!
20200930 205142.933 INFO             PET2 Running with ESMF Version   : ESMF_8_1_0_beta_snapshot_31
20200930 205142.933 INFO             PET2 ESMF library build date/time: "Sep 30 2020" "20:38:56"
20200930 205142.933 INFO             PET2 ESMF library build location : /glade/scratch/himanshu/scripts_dir/daily/intel_cheyenne/esmf
20200930 205142.933 INFO             PET2 ESMF_COMM                   : mpt
20200930 205142.933 INFO             PET2 ESMF_NETCDF                 : disabled
20200930 205142.933 INFO             PET2 ESMF_PNETCDF                : disabled
20200930 205142.933 INFO             PET2 ESMF_PIO                    : enabled
20200930 205142.933 INFO             PET2 ESMF_YAMLCPP                : enabled
20200930 205142.933 INFO             PET2 ESMF_MOAB                   : enabled
20200930 205142.934 INFO             PET2 Finalizing ESMF
20200930 205143.043 INFO             PET2 !!!!!!!!!!!!!!!!!!!!!!!!!!!!!!!!!!!!!!!!!!!!!!!!!!!!!!
20200930 205143.043 INFO             PET2 !!! THE ESMF_LOG IS SET TO OUTPUT ALL LOG MESSAGES !!!
20200930 205143.043 INFO             PET2 !!!     THIS MAY CAUSE SLOWDOWN IN PERFORMANCE     !!!
20200930 205143.043 INFO             PET2 !!! FOR PRODUCTION RUNS, USE:                      !!!
20200930 205143.043 INFO             PET2 !!!                   ESMF_LOGKIND_Multi_On_Error  !!!
20200930 205143.043 INFO             PET2 !!!!!!!!!!!!!!!!!!!!!!!!!!!!!!!!!!!!!!!!!!!!!!!!!!!!!!
20200930 205143.043 INFO             PET2 Running with ESMF Version   : ESMF_8_1_0_beta_snapshot_31
20200930 205143.043 INFO             PET2 ESMF library build date/time: "Sep 30 2020" "20:38:56"
20200930 205143.043 INFO             PET2 ESMF library build location : /glade/scratch/himanshu/scripts_dir/daily/intel_cheyenne/esmf
20200930 205143.043 INFO             PET2 ESMF_COMM                   : mpt
20200930 205143.043 INFO             PET2 ESMF_NETCDF                 : disabled
20200930 205143.043 INFO             PET2 ESMF_PNETCDF                : disabled
20200930 205143.043 INFO             PET2 ESMF_PIO                    : enabled
20200930 205143.043 INFO             PET2 ESMF_YAMLCPP                : enabled
20200930 205143.043 INFO             PET2 ESMF_MOAB                   : enabled
20200930 205143.044 INFO             PET2 Finalizing ESMF
20200930 205143.160 INFO             PET2 !!!!!!!!!!!!!!!!!!!!!!!!!!!!!!!!!!!!!!!!!!!!!!!!!!!!!!
20200930 205143.160 INFO             PET2 !!! THE ESMF_LOG IS SET TO OUTPUT ALL LOG MESSAGES !!!
20200930 205143.160 INFO             PET2 !!!     THIS MAY CAUSE SLOWDOWN IN PERFORMANCE     !!!
20200930 205143.160 INFO             PET2 !!! FOR PRODUCTION RUNS, USE:                      !!!
20200930 205143.160 INFO             PET2 !!!                   ESMF_LOGKIND_Multi_On_Error  !!!
20200930 205143.160 INFO             PET2 !!!!!!!!!!!!!!!!!!!!!!!!!!!!!!!!!!!!!!!!!!!!!!!!!!!!!!
20200930 205143.160 INFO             PET2 Running with ESMF Version   : ESMF_8_1_0_beta_snapshot_31
20200930 205143.160 INFO             PET2 ESMF library build date/time: "Sep 30 2020" "20:38:56"
20200930 205143.160 INFO             PET2 ESMF library build location : /glade/scratch/himanshu/scripts_dir/daily/intel_cheyenne/esmf
20200930 205143.160 INFO             PET2 ESMF_COMM                   : mpt
20200930 205143.160 INFO             PET2 ESMF_NETCDF                 : disabled
20200930 205143.160 INFO             PET2 ESMF_PNETCDF                : disabled
20200930 205143.160 INFO             PET2 ESMF_PIO                    : enabled
20200930 205143.160 INFO             PET2 ESMF_YAMLCPP                : enabled
20200930 205143.160 INFO             PET2 ESMF_MOAB                   : enabled
20200930 205143.163 INFO             PET2 Finalizing ESMF
