20200929 222143.966 INFO             PET3 !!!!!!!!!!!!!!!!!!!!!!!!!!!!!!!!!!!!!!!!!!!!!!!!!!!!!!
20200929 222143.966 INFO             PET3 !!! THE ESMF_LOG IS SET TO OUTPUT ALL LOG MESSAGES !!!
20200929 222143.966 INFO             PET3 !!!     THIS MAY CAUSE SLOWDOWN IN PERFORMANCE     !!!
20200929 222143.966 INFO             PET3 !!! FOR PRODUCTION RUNS, USE:                      !!!
20200929 222143.966 INFO             PET3 !!!                   ESMF_LOGKIND_Multi_On_Error  !!!
20200929 222143.966 INFO             PET3 !!!!!!!!!!!!!!!!!!!!!!!!!!!!!!!!!!!!!!!!!!!!!!!!!!!!!!
20200929 222143.966 INFO             PET3 Running with ESMF Version   : ESMF_8_1_0_beta_snapshot_31
20200929 222143.966 INFO             PET3 ESMF library build date/time: "Sep 29 2020" "22:08:40"
20200929 222143.966 INFO             PET3 ESMF library build location : /glade/scratch/himanshu/scripts_dir/daily/intel_cheyenne/esmf
20200929 222143.966 INFO             PET3 ESMF_COMM                   : mpt
20200929 222143.966 INFO             PET3 ESMF_NETCDF                 : disabled
20200929 222143.966 INFO             PET3 ESMF_PNETCDF                : disabled
20200929 222143.966 INFO             PET3 ESMF_PIO                    : enabled
20200929 222143.966 INFO             PET3 ESMF_YAMLCPP                : enabled
20200929 222143.966 INFO             PET3 ESMF_MOAB                   : enabled
20200929 222143.967 INFO             PET3 Finalizing ESMF
20200929 222144.087 INFO             PET3 !!!!!!!!!!!!!!!!!!!!!!!!!!!!!!!!!!!!!!!!!!!!!!!!!!!!!!
20200929 222144.087 INFO             PET3 !!! THE ESMF_LOG IS SET TO OUTPUT ALL LOG MESSAGES !!!
20200929 222144.087 INFO             PET3 !!!     THIS MAY CAUSE SLOWDOWN IN PERFORMANCE     !!!
20200929 222144.087 INFO             PET3 !!! FOR PRODUCTION RUNS, USE:                      !!!
20200929 222144.087 INFO             PET3 !!!                   ESMF_LOGKIND_Multi_On_Error  !!!
20200929 222144.087 INFO             PET3 !!!!!!!!!!!!!!!!!!!!!!!!!!!!!!!!!!!!!!!!!!!!!!!!!!!!!!
20200929 222144.087 INFO             PET3 Running with ESMF Version   : ESMF_8_1_0_beta_snapshot_31
20200929 222144.087 INFO             PET3 ESMF library build date/time: "Sep 29 2020" "22:08:40"
20200929 222144.087 INFO             PET3 ESMF library build location : /glade/scratch/himanshu/scripts_dir/daily/intel_cheyenne/esmf
20200929 222144.087 INFO             PET3 ESMF_COMM                   : mpt
20200929 222144.087 INFO             PET3 ESMF_NETCDF                 : disabled
20200929 222144.087 INFO             PET3 ESMF_PNETCDF                : disabled
20200929 222144.087 INFO             PET3 ESMF_PIO                    : enabled
20200929 222144.087 INFO             PET3 ESMF_YAMLCPP                : enabled
20200929 222144.087 INFO             PET3 ESMF_MOAB                   : enabled
20200929 222144.088 INFO             PET3 Finalizing ESMF
20200929 222144.200 INFO             PET3 !!!!!!!!!!!!!!!!!!!!!!!!!!!!!!!!!!!!!!!!!!!!!!!!!!!!!!
20200929 222144.200 INFO             PET3 !!! THE ESMF_LOG IS SET TO OUTPUT ALL LOG MESSAGES !!!
20200929 222144.200 INFO             PET3 !!!     THIS MAY CAUSE SLOWDOWN IN PERFORMANCE     !!!
20200929 222144.200 INFO             PET3 !!! FOR PRODUCTION RUNS, USE:                      !!!
20200929 222144.200 INFO             PET3 !!!                   ESMF_LOGKIND_Multi_On_Error  !!!
20200929 222144.200 INFO             PET3 !!!!!!!!!!!!!!!!!!!!!!!!!!!!!!!!!!!!!!!!!!!!!!!!!!!!!!
20200929 222144.200 INFO             PET3 Running with ESMF Version   : ESMF_8_1_0_beta_snapshot_31
20200929 222144.200 INFO             PET3 ESMF library build date/time: "Sep 29 2020" "22:08:40"
20200929 222144.200 INFO             PET3 ESMF library build location : /glade/scratch/himanshu/scripts_dir/daily/intel_cheyenne/esmf
20200929 222144.200 INFO             PET3 ESMF_COMM                   : mpt
20200929 222144.200 INFO             PET3 ESMF_NETCDF                 : disabled
20200929 222144.200 INFO             PET3 ESMF_PNETCDF                : disabled
20200929 222144.200 INFO             PET3 ESMF_PIO                    : enabled
20200929 222144.200 INFO             PET3 ESMF_YAMLCPP                : enabled
20200929 222144.200 INFO             PET3 ESMF_MOAB                   : enabled
20200929 222144.203 INFO             PET3 Finalizing ESMF
