20200926 201457.196 INFO             PET1 !!!!!!!!!!!!!!!!!!!!!!!!!!!!!!!!!!!!!!!!!!!!!!!!!!!!!!
20200926 201457.196 INFO             PET1 !!! THE ESMF_LOG IS SET TO OUTPUT ALL LOG MESSAGES !!!
20200926 201457.196 INFO             PET1 !!!     THIS MAY CAUSE SLOWDOWN IN PERFORMANCE     !!!
20200926 201457.196 INFO             PET1 !!! FOR PRODUCTION RUNS, USE:                      !!!
20200926 201457.196 INFO             PET1 !!!                   ESMF_LOGKIND_Multi_On_Error  !!!
20200926 201457.196 INFO             PET1 !!!!!!!!!!!!!!!!!!!!!!!!!!!!!!!!!!!!!!!!!!!!!!!!!!!!!!
20200926 201457.196 INFO             PET1 Running with ESMF Version   : ESMF_8_1_0_beta_snapshot_30-2-g92e0a54ab6
20200926 201457.196 INFO             PET1 ESMF library build date/time: "Sep 26 2020" "20:11:51"
20200926 201457.196 INFO             PET1 ESMF library build location : /scratch/esmf/esmf_test/cronjobs/trunk/gfortran/esmf
20200926 201457.196 INFO             PET1 ESMF_COMM                   : mpich3
20200926 201457.196 INFO             PET1 ESMF_NETCDF                 : disabled
20200926 201457.196 INFO             PET1 ESMF_PNETCDF                : disabled
20200926 201457.196 INFO             PET1 ESMF_PIO                    : enabled
20200926 201457.196 INFO             PET1 ESMF_YAMLCPP                : enabled
20200926 201457.196 INFO             PET1 ESMF_MOAB                   : enabled
20200926 201457.197 INFO             PET1 Finalizing ESMF
20200926 201457.232 INFO             PET1 !!!!!!!!!!!!!!!!!!!!!!!!!!!!!!!!!!!!!!!!!!!!!!!!!!!!!!
20200926 201457.232 INFO             PET1 !!! THE ESMF_LOG IS SET TO OUTPUT ALL LOG MESSAGES !!!
20200926 201457.232 INFO             PET1 !!!     THIS MAY CAUSE SLOWDOWN IN PERFORMANCE     !!!
20200926 201457.232 INFO             PET1 !!! FOR PRODUCTION RUNS, USE:                      !!!
20200926 201457.232 INFO             PET1 !!!                   ESMF_LOGKIND_Multi_On_Error  !!!
20200926 201457.232 INFO             PET1 !!!!!!!!!!!!!!!!!!!!!!!!!!!!!!!!!!!!!!!!!!!!!!!!!!!!!!
20200926 201457.232 INFO             PET1 Running with ESMF Version   : ESMF_8_1_0_beta_snapshot_30-2-g92e0a54ab6
20200926 201457.232 INFO             PET1 ESMF library build date/time: "Sep 26 2020" "20:11:51"
20200926 201457.232 INFO             PET1 ESMF library build location : /scratch/esmf/esmf_test/cronjobs/trunk/gfortran/esmf
20200926 201457.232 INFO             PET1 ESMF_COMM                   : mpich3
20200926 201457.232 INFO             PET1 ESMF_NETCDF                 : disabled
20200926 201457.232 INFO             PET1 ESMF_PNETCDF                : disabled
20200926 201457.232 INFO             PET1 ESMF_PIO                    : enabled
20200926 201457.232 INFO             PET1 ESMF_YAMLCPP                : enabled
20200926 201457.232 INFO             PET1 ESMF_MOAB                   : enabled
20200926 201457.233 INFO             PET1 Finalizing ESMF
20200926 201457.268 INFO             PET1 !!!!!!!!!!!!!!!!!!!!!!!!!!!!!!!!!!!!!!!!!!!!!!!!!!!!!!
20200926 201457.268 INFO             PET1 !!! THE ESMF_LOG IS SET TO OUTPUT ALL LOG MESSAGES !!!
20200926 201457.268 INFO             PET1 !!!     THIS MAY CAUSE SLOWDOWN IN PERFORMANCE     !!!
20200926 201457.268 INFO             PET1 !!! FOR PRODUCTION RUNS, USE:                      !!!
20200926 201457.268 INFO             PET1 !!!                   ESMF_LOGKIND_Multi_On_Error  !!!
20200926 201457.268 INFO             PET1 !!!!!!!!!!!!!!!!!!!!!!!!!!!!!!!!!!!!!!!!!!!!!!!!!!!!!!
20200926 201457.268 INFO             PET1 Running with ESMF Version   : ESMF_8_1_0_beta_snapshot_30-2-g92e0a54ab6
20200926 201457.268 INFO             PET1 ESMF library build date/time: "Sep 26 2020" "20:11:51"
20200926 201457.268 INFO             PET1 ESMF library build location : /scratch/esmf/esmf_test/cronjobs/trunk/gfortran/esmf
20200926 201457.268 INFO             PET1 ESMF_COMM                   : mpich3
20200926 201457.268 INFO             PET1 ESMF_NETCDF                 : disabled
20200926 201457.268 INFO             PET1 ESMF_PNETCDF                : disabled
20200926 201457.268 INFO             PET1 ESMF_PIO                    : enabled
20200926 201457.268 INFO             PET1 ESMF_YAMLCPP                : enabled
20200926 201457.268 INFO             PET1 ESMF_MOAB                   : enabled
20200926 201457.268 INFO             PET1 Finalizing ESMF
