 Field Get Data Pointer example returned
 Field Get Grid and Array example returned
 Field Get Data Pointer example returned
 Field Get Grid and Array example returned
 Field Get Data Pointer example returned
 Field Get Grid and Array example returned
 Field Get Data Pointer example returned
 Field Get Grid and Array example returned
 Field creation from Grid, typekind, and rank returned
 Field creation from Grid, typekind, and rank returned
 Field creation from Grid, typekind, and rank returned
 Field creation from Grid, typekind, and rank returned
 Field creation from Grid and Arrayspec returned
 Field creation from Grid and Arrayspec returned
 Field creation from Grid and Arrayspec returned
 Field Create from a Grid and an Array returned
 Field Create from a Grid and an Array returned
 Field creation from Grid and Arrayspec returned
 Field Create from a Grid and an Array returned
 Complete a Field created by ESMF_FieldEmptyCreate returned
 Complete a Field created by ESMF_FieldEmptyCreate returned
 Field Create from a Grid and an Array returned
 Complete a Field created by ESMF_FieldEmptyCreate returned
 Complete a Field created by ESMF_FieldEmptyCreate returned
 Complete a Field created by ESMF_FieldEmptyCreate returned
 Complete a Field created by ESMF_FieldEmptyCreate returned
 Complete a Field created by ESMF_FieldEmptyCreate returned
 Complete a Field created by ESMF_FieldEmptyCreate returned
 Field Create from a Grid and a Fortran data pointer returned
  PASS  Example ESMF_FieldEx, ESMF_FieldEx.F90, line 696
 Field Create from a Grid and a Fortran data pointer returned
  PASS  Example ESMF_FieldEx, ESMF_FieldEx.F90, line 696
 Field Create from a Grid and a Fortran data pointer returned
  PASS  Example ESMF_FieldEx, ESMF_FieldEx.F90, line 696
 Field Create from a Grid and a Fortran data pointer returned
  PASS  Example ESMF_FieldEx, ESMF_FieldEx.F90, line 696
[cgdm-catania:38967] PMIX ERROR: ERROR in file gds_ds12_lock_pthread.c at line 206
[cgdm-catania:38968] PMIX ERROR: ERROR in file gds_ds12_lock_pthread.c at line 206
[cgdm-catania:38969] PMIX ERROR: ERROR in file gds_ds12_lock_pthread.c at line 206
 PASS: ESMF_FieldEx.F90
 PASS: ESMF_FieldEx.F90
 PASS: ESMF_FieldEx.F90
 PASS: ESMF_FieldEx.F90
[cgdm-catania:38966] PMIX ERROR: ERROR in file gds_ds12_lock_pthread.c at line 206
Fri Nov 13 10:18:11 MST 2020
