20210213 211725.620 INFO             PET0 !!!!!!!!!!!!!!!!!!!!!!!!!!!!!!!!!!!!!!!!!!!!!!!!!!!!!!
20210213 211725.620 INFO             PET0 !!! THE ESMF_LOG IS SET TO OUTPUT ALL LOG MESSAGES !!!
20210213 211725.620 INFO             PET0 !!!     THIS MAY CAUSE SLOWDOWN IN PERFORMANCE     !!!
20210213 211725.620 INFO             PET0 !!! FOR PRODUCTION RUNS, USE:                      !!!
20210213 211725.620 INFO             PET0 !!!                   ESMF_LOGKIND_Multi_On_Error  !!!
20210213 211725.620 INFO             PET0 !!!!!!!!!!!!!!!!!!!!!!!!!!!!!!!!!!!!!!!!!!!!!!!!!!!!!!
20210213 211725.620 INFO             PET0 Running with ESMF Version   : ESMF_8_1_0_beta_snapshot_44-80-g014a1253fa
20210213 211725.620 INFO             PET0 ESMF library build date/time: "Feb 13 2021" "21:01:13"
20210213 211725.620 INFO             PET0 ESMF library build location : /home1/07356/tg866552/himanshu/esmf
20210213 211725.620 INFO             PET0 ESMF_COMM                   : intelmpi
20210213 211725.625 INFO             PET0 ESMF_MOAB                   : enabled
20210213 211725.625 INFO             PET0 ESMF_LAPACK                 : enabled
20210213 211725.625 INFO             PET0 ESMF_NETCDF                 : enabled
20210213 211725.625 INFO             PET0 ESMF_PNETCDF                : disabled
20210213 211725.625 INFO             PET0 ESMF_PIO                    : enabled
20210213 211725.625 INFO             PET0 ESMF_YAMLCPP                : enabled
20210213 211725.631 INFO             PET0 Finalizing ESMF
20210213 211727.826 INFO             PET0 !!!!!!!!!!!!!!!!!!!!!!!!!!!!!!!!!!!!!!!!!!!!!!!!!!!!!!
20210213 211727.826 INFO             PET0 !!! THE ESMF_LOG IS SET TO OUTPUT ALL LOG MESSAGES !!!
20210213 211727.826 INFO             PET0 !!!     THIS MAY CAUSE SLOWDOWN IN PERFORMANCE     !!!
20210213 211727.826 INFO             PET0 !!! FOR PRODUCTION RUNS, USE:                      !!!
20210213 211727.826 INFO             PET0 !!!                   ESMF_LOGKIND_Multi_On_Error  !!!
20210213 211727.826 INFO             PET0 !!!!!!!!!!!!!!!!!!!!!!!!!!!!!!!!!!!!!!!!!!!!!!!!!!!!!!
20210213 211727.826 INFO             PET0 Running with ESMF Version   : ESMF_8_1_0_beta_snapshot_44-80-g014a1253fa
20210213 211727.826 INFO             PET0 ESMF library build date/time: "Feb 13 2021" "21:01:13"
20210213 211727.826 INFO             PET0 ESMF library build location : /home1/07356/tg866552/himanshu/esmf
20210213 211727.826 INFO             PET0 ESMF_COMM                   : intelmpi
20210213 211727.837 INFO             PET0 ESMF_MOAB                   : enabled
20210213 211727.837 INFO             PET0 ESMF_LAPACK                 : enabled
20210213 211727.837 INFO             PET0 ESMF_NETCDF                 : enabled
20210213 211727.838 INFO             PET0 ESMF_PNETCDF                : disabled
20210213 211727.838 INFO             PET0 ESMF_PIO                    : enabled
20210213 211727.838 INFO             PET0 ESMF_YAMLCPP                : enabled
20210213 211727.844 INFO             PET0 Finalizing ESMF
20210213 211730.053 INFO             PET0 !!!!!!!!!!!!!!!!!!!!!!!!!!!!!!!!!!!!!!!!!!!!!!!!!!!!!!
20210213 211730.053 INFO             PET0 !!! THE ESMF_LOG IS SET TO OUTPUT ALL LOG MESSAGES !!!
20210213 211730.053 INFO             PET0 !!!     THIS MAY CAUSE SLOWDOWN IN PERFORMANCE     !!!
20210213 211730.053 INFO             PET0 !!! FOR PRODUCTION RUNS, USE:                      !!!
20210213 211730.053 INFO             PET0 !!!                   ESMF_LOGKIND_Multi_On_Error  !!!
20210213 211730.053 INFO             PET0 !!!!!!!!!!!!!!!!!!!!!!!!!!!!!!!!!!!!!!!!!!!!!!!!!!!!!!
20210213 211730.053 INFO             PET0 Running with ESMF Version   : ESMF_8_1_0_beta_snapshot_44-80-g014a1253fa
20210213 211730.053 INFO             PET0 ESMF library build date/time: "Feb 13 2021" "21:01:13"
20210213 211730.053 INFO             PET0 ESMF library build location : /home1/07356/tg866552/himanshu/esmf
20210213 211730.054 INFO             PET0 ESMF_COMM                   : intelmpi
20210213 211730.080 INFO             PET0 ESMF_MOAB                   : enabled
20210213 211730.081 INFO             PET0 ESMF_LAPACK                 : enabled
20210213 211730.081 INFO             PET0 ESMF_NETCDF                 : enabled
20210213 211730.081 INFO             PET0 ESMF_PNETCDF                : disabled
20210213 211730.081 INFO             PET0 ESMF_PIO                    : enabled
20210213 211730.081 INFO             PET0 ESMF_YAMLCPP                : enabled
20210213 211730.082 INFO             PET0 Finalizing ESMF
Sat Feb 13 23:32:43 CST 2021
