20210207 162808.995 INFO             PET1 !!!!!!!!!!!!!!!!!!!!!!!!!!!!!!!!!!!!!!!!!!!!!!!!!!!!!!
20210207 162808.995 INFO             PET1 !!! THE ESMF_LOG IS SET TO OUTPUT ALL LOG MESSAGES !!!
20210207 162808.995 INFO             PET1 !!!     THIS MAY CAUSE SLOWDOWN IN PERFORMANCE     !!!
20210207 162808.995 INFO             PET1 !!! FOR PRODUCTION RUNS, USE:                      !!!
20210207 162808.995 INFO             PET1 !!!                   ESMF_LOGKIND_Multi_On_Error  !!!
20210207 162808.995 INFO             PET1 !!!!!!!!!!!!!!!!!!!!!!!!!!!!!!!!!!!!!!!!!!!!!!!!!!!!!!
20210207 162808.995 INFO             PET1 Running with ESMF Version   : ESMF_8_1_0_beta_snapshot_43-58-g2869d4f82f
20210207 162808.995 INFO             PET1 ESMF library build date/time: "Feb  7 2021" "16:11:32"
20210207 162808.995 INFO             PET1 ESMF library build location : /home1/07356/tg866552/himanshu/esmf
20210207 162808.995 INFO             PET1 ESMF_COMM                   : intelmpi
20210207 162809.001 INFO             PET1 ESMF_MOAB                   : enabled
20210207 162809.001 INFO             PET1 ESMF_LAPACK                 : enabled
20210207 162809.001 INFO             PET1 ESMF_NETCDF                 : enabled
20210207 162809.001 INFO             PET1 ESMF_PNETCDF                : disabled
20210207 162809.001 INFO             PET1 ESMF_PIO                    : enabled
20210207 162809.001 INFO             PET1 ESMF_YAMLCPP                : enabled
20210207 162809.008 INFO             PET1 Finalizing ESMF
20210207 162811.201 INFO             PET1 !!!!!!!!!!!!!!!!!!!!!!!!!!!!!!!!!!!!!!!!!!!!!!!!!!!!!!
20210207 162811.201 INFO             PET1 !!! THE ESMF_LOG IS SET TO OUTPUT ALL LOG MESSAGES !!!
20210207 162811.201 INFO             PET1 !!!     THIS MAY CAUSE SLOWDOWN IN PERFORMANCE     !!!
20210207 162811.201 INFO             PET1 !!! FOR PRODUCTION RUNS, USE:                      !!!
20210207 162811.201 INFO             PET1 !!!                   ESMF_LOGKIND_Multi_On_Error  !!!
20210207 162811.201 INFO             PET1 !!!!!!!!!!!!!!!!!!!!!!!!!!!!!!!!!!!!!!!!!!!!!!!!!!!!!!
20210207 162811.201 INFO             PET1 Running with ESMF Version   : ESMF_8_1_0_beta_snapshot_43-58-g2869d4f82f
20210207 162811.201 INFO             PET1 ESMF library build date/time: "Feb  7 2021" "16:11:32"
20210207 162811.201 INFO             PET1 ESMF library build location : /home1/07356/tg866552/himanshu/esmf
20210207 162811.201 INFO             PET1 ESMF_COMM                   : intelmpi
20210207 162811.220 INFO             PET1 ESMF_MOAB                   : enabled
20210207 162811.220 INFO             PET1 ESMF_LAPACK                 : enabled
20210207 162811.220 INFO             PET1 ESMF_NETCDF                 : enabled
20210207 162811.220 INFO             PET1 ESMF_PNETCDF                : disabled
20210207 162811.220 INFO             PET1 ESMF_PIO                    : enabled
20210207 162811.220 INFO             PET1 ESMF_YAMLCPP                : enabled
20210207 162811.227 INFO             PET1 Finalizing ESMF
20210207 162813.432 INFO             PET1 !!!!!!!!!!!!!!!!!!!!!!!!!!!!!!!!!!!!!!!!!!!!!!!!!!!!!!
20210207 162813.433 INFO             PET1 !!! THE ESMF_LOG IS SET TO OUTPUT ALL LOG MESSAGES !!!
20210207 162813.433 INFO             PET1 !!!     THIS MAY CAUSE SLOWDOWN IN PERFORMANCE     !!!
20210207 162813.433 INFO             PET1 !!! FOR PRODUCTION RUNS, USE:                      !!!
20210207 162813.433 INFO             PET1 !!!                   ESMF_LOGKIND_Multi_On_Error  !!!
20210207 162813.433 INFO             PET1 !!!!!!!!!!!!!!!!!!!!!!!!!!!!!!!!!!!!!!!!!!!!!!!!!!!!!!
20210207 162813.433 INFO             PET1 Running with ESMF Version   : ESMF_8_1_0_beta_snapshot_43-58-g2869d4f82f
20210207 162813.433 INFO             PET1 ESMF library build date/time: "Feb  7 2021" "16:11:32"
20210207 162813.433 INFO             PET1 ESMF library build location : /home1/07356/tg866552/himanshu/esmf
20210207 162813.433 INFO             PET1 ESMF_COMM                   : intelmpi
20210207 162813.456 INFO             PET1 ESMF_MOAB                   : enabled
20210207 162813.456 INFO             PET1 ESMF_LAPACK                 : enabled
20210207 162813.456 INFO             PET1 ESMF_NETCDF                 : enabled
20210207 162813.456 INFO             PET1 ESMF_PNETCDF                : disabled
20210207 162813.456 INFO             PET1 ESMF_PIO                    : enabled
20210207 162813.456 INFO             PET1 ESMF_YAMLCPP                : enabled
20210207 162813.457 INFO             PET1 Finalizing ESMF
Sun Feb  7 18:42:32 CST 2021
