20210213 211742.736 INFO             PET2 !!!!!!!!!!!!!!!!!!!!!!!!!!!!!!!!!!!!!!!!!!!!!!!!!!!!!!
20210213 211742.737 INFO             PET2 !!! THE ESMF_LOG IS SET TO OUTPUT ALL LOG MESSAGES !!!
20210213 211742.737 INFO             PET2 !!!     THIS MAY CAUSE SLOWDOWN IN PERFORMANCE     !!!
20210213 211742.737 INFO             PET2 !!! FOR PRODUCTION RUNS, USE:                      !!!
20210213 211742.737 INFO             PET2 !!!                   ESMF_LOGKIND_Multi_On_Error  !!!
20210213 211742.737 INFO             PET2 !!!!!!!!!!!!!!!!!!!!!!!!!!!!!!!!!!!!!!!!!!!!!!!!!!!!!!
20210213 211742.737 INFO             PET2 Running with ESMF Version   : ESMF_8_1_0_beta_snapshot_44-80-g014a1253fa
20210213 211742.737 INFO             PET2 ESMF library build date/time: "Feb 13 2021" "21:01:13"
20210213 211742.737 INFO             PET2 ESMF library build location : /home1/07356/tg866552/himanshu/esmf
20210213 211742.737 INFO             PET2 ESMF_COMM                   : intelmpi
20210213 211742.741 INFO             PET2 ESMF_MOAB                   : enabled
20210213 211742.741 INFO             PET2 ESMF_LAPACK                 : enabled
20210213 211742.741 INFO             PET2 ESMF_NETCDF                 : enabled
20210213 211742.741 INFO             PET2 ESMF_PNETCDF                : disabled
20210213 211742.741 INFO             PET2 ESMF_PIO                    : enabled
20210213 211742.741 INFO             PET2 ESMF_YAMLCPP                : enabled
20210213 211742.748 INFO             PET2 Finalizing ESMF
20210213 211744.959 INFO             PET2 !!!!!!!!!!!!!!!!!!!!!!!!!!!!!!!!!!!!!!!!!!!!!!!!!!!!!!
20210213 211744.959 INFO             PET2 !!! THE ESMF_LOG IS SET TO OUTPUT ALL LOG MESSAGES !!!
20210213 211744.959 INFO             PET2 !!!     THIS MAY CAUSE SLOWDOWN IN PERFORMANCE     !!!
20210213 211744.959 INFO             PET2 !!! FOR PRODUCTION RUNS, USE:                      !!!
20210213 211744.959 INFO             PET2 !!!                   ESMF_LOGKIND_Multi_On_Error  !!!
20210213 211744.959 INFO             PET2 !!!!!!!!!!!!!!!!!!!!!!!!!!!!!!!!!!!!!!!!!!!!!!!!!!!!!!
20210213 211744.959 INFO             PET2 Running with ESMF Version   : ESMF_8_1_0_beta_snapshot_44-80-g014a1253fa
20210213 211744.960 INFO             PET2 ESMF library build date/time: "Feb 13 2021" "21:01:13"
20210213 211744.960 INFO             PET2 ESMF library build location : /home1/07356/tg866552/himanshu/esmf
20210213 211744.960 INFO             PET2 ESMF_COMM                   : intelmpi
20210213 211744.971 INFO             PET2 ESMF_MOAB                   : enabled
20210213 211744.971 INFO             PET2 ESMF_LAPACK                 : enabled
20210213 211744.971 INFO             PET2 ESMF_NETCDF                 : enabled
20210213 211744.971 INFO             PET2 ESMF_PNETCDF                : disabled
20210213 211744.971 INFO             PET2 ESMF_PIO                    : enabled
20210213 211744.971 INFO             PET2 ESMF_YAMLCPP                : enabled
20210213 211744.997 INFO             PET2 Finalizing ESMF
20210213 211747.219 INFO             PET2 !!!!!!!!!!!!!!!!!!!!!!!!!!!!!!!!!!!!!!!!!!!!!!!!!!!!!!
20210213 211747.220 INFO             PET2 !!! THE ESMF_LOG IS SET TO OUTPUT ALL LOG MESSAGES !!!
20210213 211747.220 INFO             PET2 !!!     THIS MAY CAUSE SLOWDOWN IN PERFORMANCE     !!!
20210213 211747.220 INFO             PET2 !!! FOR PRODUCTION RUNS, USE:                      !!!
20210213 211747.220 INFO             PET2 !!!                   ESMF_LOGKIND_Multi_On_Error  !!!
20210213 211747.220 INFO             PET2 !!!!!!!!!!!!!!!!!!!!!!!!!!!!!!!!!!!!!!!!!!!!!!!!!!!!!!
20210213 211747.220 INFO             PET2 Running with ESMF Version   : ESMF_8_1_0_beta_snapshot_44-80-g014a1253fa
20210213 211747.220 INFO             PET2 ESMF library build date/time: "Feb 13 2021" "21:01:13"
20210213 211747.220 INFO             PET2 ESMF library build location : /home1/07356/tg866552/himanshu/esmf
20210213 211747.220 INFO             PET2 ESMF_COMM                   : intelmpi
20210213 211747.229 INFO             PET2 ESMF_MOAB                   : enabled
20210213 211747.229 INFO             PET2 ESMF_LAPACK                 : enabled
20210213 211747.229 INFO             PET2 ESMF_NETCDF                 : enabled
20210213 211747.229 INFO             PET2 ESMF_PNETCDF                : disabled
20210213 211747.229 INFO             PET2 ESMF_PIO                    : enabled
20210213 211747.229 INFO             PET2 ESMF_YAMLCPP                : enabled
20210213 211747.245 INFO             PET2 Finalizing ESMF
Sat Feb 13 23:32:43 CST 2021
