20210223 093552.441 INFO             PET2 !!!!!!!!!!!!!!!!!!!!!!!!!!!!!!!!!!!!!!!!!!!!!!!!!!!!!!
20210223 093552.441 INFO             PET2 !!! THE ESMF_LOG IS SET TO OUTPUT ALL LOG MESSAGES !!!
20210223 093552.441 INFO             PET2 !!!     THIS MAY CAUSE SLOWDOWN IN PERFORMANCE     !!!
20210223 093552.441 INFO             PET2 !!! FOR PRODUCTION RUNS, USE:                      !!!
20210223 093552.441 INFO             PET2 !!!                   ESMF_LOGKIND_Multi_On_Error  !!!
20210223 093552.441 INFO             PET2 !!!!!!!!!!!!!!!!!!!!!!!!!!!!!!!!!!!!!!!!!!!!!!!!!!!!!!
20210223 093552.441 INFO             PET2 Running with ESMF Version   : ESMF_8_1_0_beta_snapshot_47
20210223 093552.441 INFO             PET2 ESMF library build date/time: "Feb 23 2021" "09:24:54"
20210223 093552.441 INFO             PET2 ESMF library build location : /glade/scratch/himanshu/relese_8.1.0/dir/intel_cheyenne/esmf
20210223 093552.441 INFO             PET2 ESMF_COMM                   : intelmpi
20210223 093552.441 INFO             PET2 ESMF_MOAB                   : enabled
20210223 093552.441 INFO             PET2 ESMF_LAPACK                 : enabled
20210223 093552.441 INFO             PET2 ESMF_NETCDF                 : disabled
20210223 093552.441 INFO             PET2 ESMF_PNETCDF                : disabled
20210223 093552.441 INFO             PET2 ESMF_PIO                    : enabled
20210223 093552.441 INFO             PET2 ESMF_YAMLCPP                : enabled
20210223 093552.442 INFO             PET2 Finalizing ESMF
20210223 093552.531 INFO             PET2 !!!!!!!!!!!!!!!!!!!!!!!!!!!!!!!!!!!!!!!!!!!!!!!!!!!!!!
20210223 093552.531 INFO             PET2 !!! THE ESMF_LOG IS SET TO OUTPUT ALL LOG MESSAGES !!!
20210223 093552.531 INFO             PET2 !!!     THIS MAY CAUSE SLOWDOWN IN PERFORMANCE     !!!
20210223 093552.531 INFO             PET2 !!! FOR PRODUCTION RUNS, USE:                      !!!
20210223 093552.532 INFO             PET2 !!!                   ESMF_LOGKIND_Multi_On_Error  !!!
20210223 093552.532 INFO             PET2 !!!!!!!!!!!!!!!!!!!!!!!!!!!!!!!!!!!!!!!!!!!!!!!!!!!!!!
20210223 093552.532 INFO             PET2 Running with ESMF Version   : ESMF_8_1_0_beta_snapshot_47
20210223 093552.532 INFO             PET2 ESMF library build date/time: "Feb 23 2021" "09:24:54"
20210223 093552.532 INFO             PET2 ESMF library build location : /glade/scratch/himanshu/relese_8.1.0/dir/intel_cheyenne/esmf
20210223 093552.532 INFO             PET2 ESMF_COMM                   : intelmpi
20210223 093552.532 INFO             PET2 ESMF_MOAB                   : enabled
20210223 093552.532 INFO             PET2 ESMF_LAPACK                 : enabled
20210223 093552.532 INFO             PET2 ESMF_NETCDF                 : disabled
20210223 093552.532 INFO             PET2 ESMF_PNETCDF                : disabled
20210223 093552.532 INFO             PET2 ESMF_PIO                    : enabled
20210223 093552.532 INFO             PET2 ESMF_YAMLCPP                : enabled
20210223 093552.532 INFO             PET2 Finalizing ESMF
20210223 093552.624 INFO             PET2 !!!!!!!!!!!!!!!!!!!!!!!!!!!!!!!!!!!!!!!!!!!!!!!!!!!!!!
20210223 093552.624 INFO             PET2 !!! THE ESMF_LOG IS SET TO OUTPUT ALL LOG MESSAGES !!!
20210223 093552.624 INFO             PET2 !!!     THIS MAY CAUSE SLOWDOWN IN PERFORMANCE     !!!
20210223 093552.624 INFO             PET2 !!! FOR PRODUCTION RUNS, USE:                      !!!
20210223 093552.624 INFO             PET2 !!!                   ESMF_LOGKIND_Multi_On_Error  !!!
20210223 093552.624 INFO             PET2 !!!!!!!!!!!!!!!!!!!!!!!!!!!!!!!!!!!!!!!!!!!!!!!!!!!!!!
20210223 093552.624 INFO             PET2 Running with ESMF Version   : ESMF_8_1_0_beta_snapshot_47
20210223 093552.624 INFO             PET2 ESMF library build date/time: "Feb 23 2021" "09:24:54"
20210223 093552.624 INFO             PET2 ESMF library build location : /glade/scratch/himanshu/relese_8.1.0/dir/intel_cheyenne/esmf
20210223 093552.624 INFO             PET2 ESMF_COMM                   : intelmpi
20210223 093552.626 INFO             PET2 ESMF_MOAB                   : enabled
20210223 093552.626 INFO             PET2 ESMF_LAPACK                 : enabled
20210223 093552.626 INFO             PET2 ESMF_NETCDF                 : disabled
20210223 093552.626 INFO             PET2 ESMF_PNETCDF                : disabled
20210223 093552.626 INFO             PET2 ESMF_PIO                    : enabled
20210223 093552.626 INFO             PET2 ESMF_YAMLCPP                : enabled
20210223 093552.629 INFO             PET2 Finalizing ESMF
Tue Feb 23 13:31:54 MST 2021
