20210223 081451.812 INFO             PET1 !!!!!!!!!!!!!!!!!!!!!!!!!!!!!!!!!!!!!!!!!!!!!!!!!!!!!!
20210223 081451.813 INFO             PET1 !!! THE ESMF_LOG IS SET TO OUTPUT ALL LOG MESSAGES !!!
20210223 081451.813 INFO             PET1 !!!     THIS MAY CAUSE SLOWDOWN IN PERFORMANCE     !!!
20210223 081451.813 INFO             PET1 !!! FOR PRODUCTION RUNS, USE:                      !!!
20210223 081451.813 INFO             PET1 !!!                   ESMF_LOGKIND_Multi_On_Error  !!!
20210223 081451.813 INFO             PET1 !!!!!!!!!!!!!!!!!!!!!!!!!!!!!!!!!!!!!!!!!!!!!!!!!!!!!!
20210223 081451.813 INFO             PET1 Running with ESMF Version   : ESMF_8_1_0_beta_snapshot_47
20210223 081451.813 INFO             PET1 ESMF library build date/time: "Feb 23 2021" "08:05:48"
20210223 081451.813 INFO             PET1 ESMF library build location : /glade/scratch/himanshu/relese_8.1.0/dir/intel_cheyenne/esmf
20210223 081451.813 INFO             PET1 ESMF_COMM                   : openmpi
20210223 081451.813 INFO             PET1 ESMF_MOAB                   : enabled
20210223 081451.813 INFO             PET1 ESMF_LAPACK                 : enabled
20210223 081451.813 INFO             PET1 ESMF_NETCDF                 : disabled
20210223 081451.813 INFO             PET1 ESMF_PNETCDF                : disabled
20210223 081451.813 INFO             PET1 ESMF_PIO                    : enabled
20210223 081451.813 INFO             PET1 ESMF_YAMLCPP                : enabled
20210223 081451.814 INFO             PET1 Finalizing ESMF
20210223 081452.121 INFO             PET1 !!!!!!!!!!!!!!!!!!!!!!!!!!!!!!!!!!!!!!!!!!!!!!!!!!!!!!
20210223 081452.121 INFO             PET1 !!! THE ESMF_LOG IS SET TO OUTPUT ALL LOG MESSAGES !!!
20210223 081452.121 INFO             PET1 !!!     THIS MAY CAUSE SLOWDOWN IN PERFORMANCE     !!!
20210223 081452.121 INFO             PET1 !!! FOR PRODUCTION RUNS, USE:                      !!!
20210223 081452.121 INFO             PET1 !!!                   ESMF_LOGKIND_Multi_On_Error  !!!
20210223 081452.121 INFO             PET1 !!!!!!!!!!!!!!!!!!!!!!!!!!!!!!!!!!!!!!!!!!!!!!!!!!!!!!
20210223 081452.121 INFO             PET1 Running with ESMF Version   : ESMF_8_1_0_beta_snapshot_47
20210223 081452.121 INFO             PET1 ESMF library build date/time: "Feb 23 2021" "08:05:48"
20210223 081452.121 INFO             PET1 ESMF library build location : /glade/scratch/himanshu/relese_8.1.0/dir/intel_cheyenne/esmf
20210223 081452.121 INFO             PET1 ESMF_COMM                   : openmpi
20210223 081452.121 INFO             PET1 ESMF_MOAB                   : enabled
20210223 081452.121 INFO             PET1 ESMF_LAPACK                 : enabled
20210223 081452.121 INFO             PET1 ESMF_NETCDF                 : disabled
20210223 081452.121 INFO             PET1 ESMF_PNETCDF                : disabled
20210223 081452.121 INFO             PET1 ESMF_PIO                    : enabled
20210223 081452.121 INFO             PET1 ESMF_YAMLCPP                : enabled
20210223 081452.122 INFO             PET1 Finalizing ESMF
20210223 081452.435 INFO             PET1 !!!!!!!!!!!!!!!!!!!!!!!!!!!!!!!!!!!!!!!!!!!!!!!!!!!!!!
20210223 081452.435 INFO             PET1 !!! THE ESMF_LOG IS SET TO OUTPUT ALL LOG MESSAGES !!!
20210223 081452.435 INFO             PET1 !!!     THIS MAY CAUSE SLOWDOWN IN PERFORMANCE     !!!
20210223 081452.435 INFO             PET1 !!! FOR PRODUCTION RUNS, USE:                      !!!
20210223 081452.435 INFO             PET1 !!!                   ESMF_LOGKIND_Multi_On_Error  !!!
20210223 081452.435 INFO             PET1 !!!!!!!!!!!!!!!!!!!!!!!!!!!!!!!!!!!!!!!!!!!!!!!!!!!!!!
20210223 081452.435 INFO             PET1 Running with ESMF Version   : ESMF_8_1_0_beta_snapshot_47
20210223 081452.435 INFO             PET1 ESMF library build date/time: "Feb 23 2021" "08:05:48"
20210223 081452.435 INFO             PET1 ESMF library build location : /glade/scratch/himanshu/relese_8.1.0/dir/intel_cheyenne/esmf
20210223 081452.435 INFO             PET1 ESMF_COMM                   : openmpi
20210223 081452.438 INFO             PET1 ESMF_MOAB                   : enabled
20210223 081452.438 INFO             PET1 ESMF_LAPACK                 : enabled
20210223 081452.438 INFO             PET1 ESMF_NETCDF                 : disabled
20210223 081452.438 INFO             PET1 ESMF_PNETCDF                : disabled
20210223 081452.438 INFO             PET1 ESMF_PIO                    : enabled
20210223 081452.438 INFO             PET1 ESMF_YAMLCPP                : enabled
20210223 081452.438 INFO             PET1 Finalizing ESMF
Tue Feb 23 13:31:55 MST 2021
