20200921 041253.143 INFO             PET1 !!!!!!!!!!!!!!!!!!!!!!!!!!!!!!!!!!!!!!!!!!!!!!!!!!!!!!
20200921 041253.143 INFO             PET1 !!! THE ESMF_LOG IS SET TO OUTPUT ALL LOG MESSAGES !!!
20200921 041253.143 INFO             PET1 !!!     THIS MAY CAUSE SLOWDOWN IN PERFORMANCE     !!!
20200921 041253.143 INFO             PET1 !!! FOR PRODUCTION RUNS, USE:                      !!!
20200921 041253.143 INFO             PET1 !!!                   ESMF_LOGKIND_Multi_On_Error  !!!
20200921 041253.143 INFO             PET1 !!!!!!!!!!!!!!!!!!!!!!!!!!!!!!!!!!!!!!!!!!!!!!!!!!!!!!
20200921 041253.143 INFO             PET1 Running with ESMF Version   : ESMF_8_1_0_beta_snapshot_28
20200921 041253.143 INFO             PET1 ESMF library build date/time: "Sep 21 2020" "04:09:06"
20200921 041253.143 INFO             PET1 ESMF library build location : /glade/scratch/himanshu/scripts_dir/daily/gfortran_cheyenne/esmf
20200921 041253.143 INFO             PET1 ESMF_COMM                   : openmpi
20200921 041253.143 INFO             PET1 ESMF_NETCDF                 : disabled
20200921 041253.143 INFO             PET1 ESMF_PNETCDF                : disabled
20200921 041253.143 INFO             PET1 ESMF_PIO                    : enabled
20200921 041253.143 INFO             PET1 ESMF_YAMLCPP                : enabled
20200921 041253.143 INFO             PET1 ESMF_MOAB                   : enabled
20200921 041253.144 INFO             PET1 Finalizing ESMF
20200921 041253.526 INFO             PET1 !!!!!!!!!!!!!!!!!!!!!!!!!!!!!!!!!!!!!!!!!!!!!!!!!!!!!!
20200921 041253.526 INFO             PET1 !!! THE ESMF_LOG IS SET TO OUTPUT ALL LOG MESSAGES !!!
20200921 041253.526 INFO             PET1 !!!     THIS MAY CAUSE SLOWDOWN IN PERFORMANCE     !!!
20200921 041253.526 INFO             PET1 !!! FOR PRODUCTION RUNS, USE:                      !!!
20200921 041253.526 INFO             PET1 !!!                   ESMF_LOGKIND_Multi_On_Error  !!!
20200921 041253.526 INFO             PET1 !!!!!!!!!!!!!!!!!!!!!!!!!!!!!!!!!!!!!!!!!!!!!!!!!!!!!!
20200921 041253.526 INFO             PET1 Running with ESMF Version   : ESMF_8_1_0_beta_snapshot_28
20200921 041253.526 INFO             PET1 ESMF library build date/time: "Sep 21 2020" "04:09:06"
20200921 041253.526 INFO             PET1 ESMF library build location : /glade/scratch/himanshu/scripts_dir/daily/gfortran_cheyenne/esmf
20200921 041253.526 INFO             PET1 ESMF_COMM                   : openmpi
20200921 041253.526 INFO             PET1 ESMF_NETCDF                 : disabled
20200921 041253.526 INFO             PET1 ESMF_PNETCDF                : disabled
20200921 041253.526 INFO             PET1 ESMF_PIO                    : enabled
20200921 041253.526 INFO             PET1 ESMF_YAMLCPP                : enabled
20200921 041253.526 INFO             PET1 ESMF_MOAB                   : enabled
20200921 041253.526 INFO             PET1 Finalizing ESMF
20200921 041253.906 INFO             PET1 !!!!!!!!!!!!!!!!!!!!!!!!!!!!!!!!!!!!!!!!!!!!!!!!!!!!!!
20200921 041253.906 INFO             PET1 !!! THE ESMF_LOG IS SET TO OUTPUT ALL LOG MESSAGES !!!
20200921 041253.906 INFO             PET1 !!!     THIS MAY CAUSE SLOWDOWN IN PERFORMANCE     !!!
20200921 041253.906 INFO             PET1 !!! FOR PRODUCTION RUNS, USE:                      !!!
20200921 041253.906 INFO             PET1 !!!                   ESMF_LOGKIND_Multi_On_Error  !!!
20200921 041253.906 INFO             PET1 !!!!!!!!!!!!!!!!!!!!!!!!!!!!!!!!!!!!!!!!!!!!!!!!!!!!!!
20200921 041253.906 INFO             PET1 Running with ESMF Version   : ESMF_8_1_0_beta_snapshot_28
20200921 041253.906 INFO             PET1 ESMF library build date/time: "Sep 21 2020" "04:09:06"
20200921 041253.906 INFO             PET1 ESMF library build location : /glade/scratch/himanshu/scripts_dir/daily/gfortran_cheyenne/esmf
20200921 041253.906 INFO             PET1 ESMF_COMM                   : openmpi
20200921 041253.906 INFO             PET1 ESMF_NETCDF                 : disabled
20200921 041253.906 INFO             PET1 ESMF_PNETCDF                : disabled
20200921 041253.906 INFO             PET1 ESMF_PIO                    : enabled
20200921 041253.906 INFO             PET1 ESMF_YAMLCPP                : enabled
20200921 041253.906 INFO             PET1 ESMF_MOAB                   : enabled
20200921 041253.909 INFO             PET1 Finalizing ESMF
