 
Installing ESMF:
 
mkdir -p /home/hpillai/release_8.1.0/pgi/esmf/DEFAULTINSTALLDIR/include
cp -f /home/hpillai/release_8.1.0/pgi/esmf/src/include/ESMC.h /home/hpillai/release_8.1.0/pgi/esmf/DEFAULTINSTALLDIR/include
cp -f /home/hpillai/release_8.1.0/pgi/esmf/src/include/ESMC_*.h /home/hpillai/release_8.1.0/pgi/esmf/DEFAULTINSTALLDIR/include
cp -f /home/hpillai/release_8.1.0/pgi/esmf/build_config/Linux.pgi.default/ESMC_Conf.h /home/hpillai/release_8.1.0/pgi/esmf/DEFAULTINSTALLDIR/include
mkdir -p /home/hpillai/release_8.1.0/pgi/esmf/DEFAULTINSTALLDIR/mod/modO/Linux.pgi.64.mpiuni.default
cp -f /home/hpillai/release_8.1.0/pgi/esmf/mod/modO/Linux.pgi.64.mpiuni.default/*.mod /home/hpillai/release_8.1.0/pgi/esmf/DEFAULTINSTALLDIR/mod/modO/Linux.pgi.64.mpiuni.default
mkdir -p /home/hpillai/release_8.1.0/pgi/esmf/DEFAULTINSTALLDIR/lib/libO/Linux.pgi.64.mpiuni.default
cp -f /home/hpillai/release_8.1.0/pgi/esmf/lib/libO/Linux.pgi.64.mpiuni.default/libesmf*.* /home/hpillai/release_8.1.0/pgi/esmf/DEFAULTINSTALLDIR/lib/libO/Linux.pgi.64.mpiuni.default
gmake ESMF_PRELOADDIR=/home/hpillai/release_8.1.0/pgi/esmf/DEFAULTINSTALLDIR/lib/libO/Linux.pgi.64.mpiuni.default build_preload_script
gmake[1]: Entering directory `/home/hpillai/release_8.1.0/pgi/esmf'
chmod 755 /home/hpillai/release_8.1.0/pgi/esmf/DEFAULTINSTALLDIR/lib/libO/Linux.pgi.64.mpiuni.default/preload.sh
gmake[1]: Leaving directory `/home/hpillai/release_8.1.0/pgi/esmf'
ranlib /home/hpillai/release_8.1.0/pgi/esmf/DEFAULTINSTALLDIR/lib/libO/Linux.pgi.64.mpiuni.default/libesmf*.a
gmake install_apps
gmake[1]: Entering directory `/home/hpillai/release_8.1.0/pgi/esmf'
mkdir -p /home/hpillai/release_8.1.0/pgi/esmf/DEFAULTINSTALLDIR/bin/binO/Linux.pgi.64.mpiuni.default
gmake build_apps ESMF_APPSDIR=/home/hpillai/release_8.1.0/pgi/esmf/DEFAULTINSTALLDIR/bin/binO/Linux.pgi.64.mpiuni.default ESMF_LDIR=/home/hpillai/release_8.1.0/pgi/esmf/DEFAULTINSTALLDIR/lib/libO/Linux.pgi.64.mpiuni.default ESMF_LIBDIR=/home/hpillai/release_8.1.0/pgi/esmf/DEFAULTINSTALLDIR/lib/libO/Linux.pgi.64.mpiuni.default ESMF_MODDIR=/home/hpillai/release_8.1.0/pgi/esmf/DEFAULTINSTALLDIR/mod/modO/Linux.pgi.64.mpiuni.default
gmake[2]: Entering directory `/home/hpillai/release_8.1.0/pgi/esmf'
cd /home/hpillai/release_8.1.0/pgi/esmf/src/apps; gmake ACTION=tree_build_apps tree
gmake[3]: Entering directory `/home/hpillai/release_8.1.0/pgi/esmf/src/apps'
tree_build_apps in: /home/hpillai/release_8.1.0/pgi/esmf/src/apps/ESMF_PrintInfo
gmake[4]: Entering directory `/home/hpillai/release_8.1.0/pgi/esmf/src/apps/ESMF_PrintInfo'
gmake chkdir_locobj
gmake[5]: Entering directory `/home/hpillai/release_8.1.0/pgi/esmf/src/apps/ESMF_PrintInfo'
Making directory /home/hpillai/release_8.1.0/pgi/esmf/obj/objO/Linux.pgi.64.mpiuni.default/src/apps/ESMF_PrintInfo for apps output
gmake[5]: Leaving directory `/home/hpillai/release_8.1.0/pgi/esmf/src/apps/ESMF_PrintInfo'
pgf90 -c -O -fpic -Mallocatable=03 -lpthread -I/home/hpillai/release_8.1.0/pgi/esmf/src/apps/ESMF_PrintInfo -I/home/hpillai/release_8.1.0/pgi/esmf/build_config/Linux.pgi.default -I/home/hpillai/release_8.1.0/pgi/esmf/src/Infrastructure -I/home/hpillai/release_8.1.0/pgi/esmf/src/Superstructure -I/home/hpillai/release_8.1.0/pgi/esmf/DEFAULTINSTALLDIR/mod/modO/Linux.pgi.64.mpiuni.default -I/home/hpillai/release_8.1.0/pgi/esmf/src/include -I/apps/pgi-2019/netcdf-4.7.4/include -I/apps/pgi-2019/netcdf-4.7.4/include  -DESMF_NO_INTEGER_1_BYTE -DESMF_NO_INTEGER_2_BYTE -DESMFVERSIONGIT='"ESMF_8_1_0_beta_snapshot_47"' -DESMF_MOAB=1 -DESMF_LAPACK=1 -DESMF_LAPACK_INTERNAL=1 -DESMF_NO_ACC_SOFTWARE_STACK=1 -DESMF_NETCDF=1 -DESMF_YAMLCPP=1 -DESMF_YAML=1 -DESMF_NO_OPENMP -DESMF_NO_OPENACC -DESMF_TESTEXHAUSTIVE -DESMF_BOPT_O -DESMF_TESTCOMPTUNNEL -DESMF_TESTWITHTHREADS -DSx86_64_small=1 -DESMF_OS_Linux=1 -DESMF_COMM=mpiuni -DESMF_DIR=/home/hpillai/release_8.1.0/pgi/esmf -DESMF_MPIUNI -DESMF_PGIVERSION_MAJOR=19 -DESMF_PGIVERSION_MINOR=9 -DESMF_PGIVERSION_PATCH=0 -DESMF_NO_F2018ASSUMEDTYPE ESMF_PrintInfo.F90 -o /home/hpillai/release_8.1.0/pgi/esmf/obj/objO/Linux.pgi.64.mpiuni.default/src/apps/ESMF_PrintInfo/ESMF_PrintInfo.o
gmake chkdir_apps
gmake[5]: Entering directory `/home/hpillai/release_8.1.0/pgi/esmf/src/apps/ESMF_PrintInfo'
gmake[5]: Leaving directory `/home/hpillai/release_8.1.0/pgi/esmf/src/apps/ESMF_PrintInfo'
pgf90    -lpthread -Wl,--no-as-needed -L/home/hpillai/release_8.1.0/pgi/esmf/DEFAULTINSTALLDIR/lib/libO/Linux.pgi.64.mpiuni.default -L/apps/pgi-2019/netcdf-4.7.4/lib -L/apps/pgi-2019/netcdf-4.7.4/lib -L/apps/pgi-2019/pgi-2019-19.9/linux86-64-llvm/19.9/libso -Wl,-rpath,/home/hpillai/release_8.1.0/pgi/esmf/DEFAULTINSTALLDIR/lib/libO/Linux.pgi.64.mpiuni.default -Wl,-rpath,/apps/pgi-2019/netcdf-4.7.4/lib -Wl,-rpath,/apps/pgi-2019/netcdf-4.7.4/lib -Wl,-rpath,/apps/pgi-2019/pgi-2019-19.9/linux86-64-llvm/19.9/libso -o /home/hpillai/release_8.1.0/pgi/esmf/DEFAULTINSTALLDIR/bin/binO/Linux.pgi.64.mpiuni.default/ESMF_PrintInfo /home/hpillai/release_8.1.0/pgi/esmf/obj/objO/Linux.pgi.64.mpiuni.default/src/apps/ESMF_PrintInfo/ESMF_PrintInfo.o -lesmf  -pgc++libs -ldl -lnetcdf -lnetcdff
gmake[4]: Leaving directory `/home/hpillai/release_8.1.0/pgi/esmf/src/apps/ESMF_PrintInfo'
tree_build_apps in: /home/hpillai/release_8.1.0/pgi/esmf/src/apps/ESMF_PrintInfoC
gmake[4]: Entering directory `/home/hpillai/release_8.1.0/pgi/esmf/src/apps/ESMF_PrintInfoC'
gmake chkdir_locobj
gmake[5]: Entering directory `/home/hpillai/release_8.1.0/pgi/esmf/src/apps/ESMF_PrintInfoC'
Making directory /home/hpillai/release_8.1.0/pgi/esmf/obj/objO/Linux.pgi.64.mpiuni.default/src/apps/ESMF_PrintInfoC for apps output
gmake[5]: Leaving directory `/home/hpillai/release_8.1.0/pgi/esmf/src/apps/ESMF_PrintInfoC'
pgc++ -c -std=c++11 -O -DNDEBUG -fpic -lpthread -I/home/hpillai/release_8.1.0/pgi/esmf/src/apps/ESMF_PrintInfoC -I/home/hpillai/release_8.1.0/pgi/esmf/src/apps/ESMF_PrintInfoC/../include -I/home/hpillai/release_8.1.0/pgi/esmf/build_config/Linux.pgi.default -I/home/hpillai/release_8.1.0/pgi/esmf/src/Infrastructure -I/home/hpillai/release_8.1.0/pgi/esmf/src/Superstructure -I/home/hpillai/release_8.1.0/pgi/esmf/src/Infrastructure/stubs/pthread  -I/home/hpillai/release_8.1.0/pgi/esmf/src/include  -I/apps/pgi-2019/netcdf-4.7.4/include -I/home/hpillai/release_8.1.0/pgi/esmf/src/Infrastructure/stubs/mpiuni -I/home/hpillai/release_8.1.0/pgi/esmf/src/prologue/yaml-cpp/include -DESMF_NO_INTEGER_1_BYTE -DESMF_NO_INTEGER_2_BYTE -DESMFVERSIONGIT='"ESMF_8_1_0_beta_snapshot_47"' -DESMF_MOAB=1 -DESMF_LAPACK=1 -DESMF_LAPACK_INTERNAL=1 -DESMF_NO_ACC_SOFTWARE_STACK=1 -DESMF_NETCDF=1 -DESMF_YAMLCPP=1 -DESMF_YAML=1 -DESMF_NO_OPENMP -DESMF_NO_OPENACC -DESMF_TESTEXHAUSTIVE -DESMF_BOPT_O -DESMF_TESTCOMPTUNNEL -DESMF_TESTWITHTHREADS -DSx86_64_small=1 -DESMF_OS_Linux=1 -DESMF_COMM=mpiuni -DESMF_DIR=/home/hpillai/release_8.1.0/pgi/esmf -D__SDIR__='"src/apps/ESMF_PrintInfoC"' -DESMF_CXXSTD=11 -DESMF_MPIUNI -DESMF_PGIVERSION_MAJOR=19 -DESMF_PGIVERSION_MINOR=9 -DESMF_PGIVERSION_PATCH=0 -DESMF_NO_F2018ASSUMEDTYPE ESMF_PrintInfoC.c -o /home/hpillai/release_8.1.0/pgi/esmf/obj/objO/Linux.pgi.64.mpiuni.default/src/apps/ESMF_PrintInfoC/ESMF_PrintInfoC.o
gmake chkdir_apps
gmake[5]: Entering directory `/home/hpillai/release_8.1.0/pgi/esmf/src/apps/ESMF_PrintInfoC'
gmake[5]: Leaving directory `/home/hpillai/release_8.1.0/pgi/esmf/src/apps/ESMF_PrintInfoC'
pgc++    -lpthread -Wl,--no-as-needed -L/home/hpillai/release_8.1.0/pgi/esmf/DEFAULTINSTALLDIR/lib/libO/Linux.pgi.64.mpiuni.default -L/apps/pgi-2019/netcdf-4.7.4/lib -L/apps/pgi-2019/netcdf-4.7.4/lib -L/apps/pgi-2019/pgi-2019-19.9/linux86-64-llvm/19.9/libso -Wl,-rpath,/home/hpillai/release_8.1.0/pgi/esmf/DEFAULTINSTALLDIR/lib/libO/Linux.pgi.64.mpiuni.default -Wl,-rpath,/apps/pgi-2019/netcdf-4.7.4/lib -Wl,-rpath,/apps/pgi-2019/netcdf-4.7.4/lib -Wl,-rpath,/apps/pgi-2019/pgi-2019-19.9/linux86-64-llvm/19.9/libso -o /home/hpillai/release_8.1.0/pgi/esmf/DEFAULTINSTALLDIR/bin/binO/Linux.pgi.64.mpiuni.default/ESMF_PrintInfoC /home/hpillai/release_8.1.0/pgi/esmf/obj/objO/Linux.pgi.64.mpiuni.default/src/apps/ESMF_PrintInfoC/ESMF_PrintInfoC.o -lesmf  -pgf90libs -ldl -lnetcdf -lnetcdff
gmake[4]: Leaving directory `/home/hpillai/release_8.1.0/pgi/esmf/src/apps/ESMF_PrintInfoC'
tree_build_apps in: /home/hpillai/release_8.1.0/pgi/esmf/src/apps/ESMF_RegridWeightGen
gmake[4]: Entering directory `/home/hpillai/release_8.1.0/pgi/esmf/src/apps/ESMF_RegridWeightGen'
gmake chkdir_locobj
gmake[5]: Entering directory `/home/hpillai/release_8.1.0/pgi/esmf/src/apps/ESMF_RegridWeightGen'
Making directory /home/hpillai/release_8.1.0/pgi/esmf/obj/objO/Linux.pgi.64.mpiuni.default/src/apps/ESMF_RegridWeightGen for apps output
gmake[5]: Leaving directory `/home/hpillai/release_8.1.0/pgi/esmf/src/apps/ESMF_RegridWeightGen'
pgf90 -c -O -fpic -Mallocatable=03 -lpthread -I/home/hpillai/release_8.1.0/pgi/esmf/src/apps/ESMF_RegridWeightGen -I/home/hpillai/release_8.1.0/pgi/esmf/build_config/Linux.pgi.default -I/home/hpillai/release_8.1.0/pgi/esmf/src/Infrastructure -I/home/hpillai/release_8.1.0/pgi/esmf/src/Superstructure -I/home/hpillai/release_8.1.0/pgi/esmf/DEFAULTINSTALLDIR/mod/modO/Linux.pgi.64.mpiuni.default -I/home/hpillai/release_8.1.0/pgi/esmf/src/include -I/apps/pgi-2019/netcdf-4.7.4/include -I/apps/pgi-2019/netcdf-4.7.4/include  -DESMF_NO_INTEGER_1_BYTE -DESMF_NO_INTEGER_2_BYTE -DESMFVERSIONGIT='"ESMF_8_1_0_beta_snapshot_47"' -DESMF_MOAB=1 -DESMF_LAPACK=1 -DESMF_LAPACK_INTERNAL=1 -DESMF_NO_ACC_SOFTWARE_STACK=1 -DESMF_NETCDF=1 -DESMF_YAMLCPP=1 -DESMF_YAML=1 -DESMF_NO_OPENMP -DESMF_NO_OPENACC -DESMF_TESTEXHAUSTIVE -DESMF_BOPT_O -DESMF_TESTCOMPTUNNEL -DESMF_TESTWITHTHREADS -DSx86_64_small=1 -DESMF_OS_Linux=1 -DESMF_COMM=mpiuni -DESMF_DIR=/home/hpillai/release_8.1.0/pgi/esmf -DESMF_MPIUNI -DESMF_PGIVERSION_MAJOR=19 -DESMF_PGIVERSION_MINOR=9 -DESMF_PGIVERSION_PATCH=0 -DESMF_NO_F2018ASSUMEDTYPE ESMF_RegridWeightGen.F90 -o /home/hpillai/release_8.1.0/pgi/esmf/obj/objO/Linux.pgi.64.mpiuni.default/src/apps/ESMF_RegridWeightGen/ESMF_RegridWeightGen.o
gmake chkdir_apps
gmake[5]: Entering directory `/home/hpillai/release_8.1.0/pgi/esmf/src/apps/ESMF_RegridWeightGen'
gmake[5]: Leaving directory `/home/hpillai/release_8.1.0/pgi/esmf/src/apps/ESMF_RegridWeightGen'
pgf90    -lpthread -Wl,--no-as-needed -L/home/hpillai/release_8.1.0/pgi/esmf/DEFAULTINSTALLDIR/lib/libO/Linux.pgi.64.mpiuni.default -L/apps/pgi-2019/netcdf-4.7.4/lib -L/apps/pgi-2019/netcdf-4.7.4/lib -L/apps/pgi-2019/pgi-2019-19.9/linux86-64-llvm/19.9/libso -Wl,-rpath,/home/hpillai/release_8.1.0/pgi/esmf/DEFAULTINSTALLDIR/lib/libO/Linux.pgi.64.mpiuni.default -Wl,-rpath,/apps/pgi-2019/netcdf-4.7.4/lib -Wl,-rpath,/apps/pgi-2019/netcdf-4.7.4/lib -Wl,-rpath,/apps/pgi-2019/pgi-2019-19.9/linux86-64-llvm/19.9/libso -o /home/hpillai/release_8.1.0/pgi/esmf/DEFAULTINSTALLDIR/bin/binO/Linux.pgi.64.mpiuni.default/ESMF_RegridWeightGen /home/hpillai/release_8.1.0/pgi/esmf/obj/objO/Linux.pgi.64.mpiuni.default/src/apps/ESMF_RegridWeightGen/ESMF_RegridWeightGen.o -lesmf  -pgc++libs -ldl -lnetcdf -lnetcdff
gmake[4]: Leaving directory `/home/hpillai/release_8.1.0/pgi/esmf/src/apps/ESMF_RegridWeightGen'
tree_build_apps in: /home/hpillai/release_8.1.0/pgi/esmf/src/apps/ESMF_WebServController
gmake[4]: Entering directory `/home/hpillai/release_8.1.0/pgi/esmf/src/apps/ESMF_WebServController'
gmake chkdir_locobj
gmake[5]: Entering directory `/home/hpillai/release_8.1.0/pgi/esmf/src/apps/ESMF_WebServController'
Making directory /home/hpillai/release_8.1.0/pgi/esmf/obj/objO/Linux.pgi.64.mpiuni.default/src/apps/ESMF_WebServController for apps output
gmake[5]: Leaving directory `/home/hpillai/release_8.1.0/pgi/esmf/src/apps/ESMF_WebServController'
pgc++ -c -std=c++11 -O -DNDEBUG -fpic -lpthread -I/home/hpillai/release_8.1.0/pgi/esmf/src/apps/ESMF_WebServController -I/home/hpillai/release_8.1.0/pgi/esmf/src/apps/ESMF_WebServController/../include -I/home/hpillai/release_8.1.0/pgi/esmf/build_config/Linux.pgi.default -I/home/hpillai/release_8.1.0/pgi/esmf/src/Infrastructure -I/home/hpillai/release_8.1.0/pgi/esmf/src/Superstructure -I/home/hpillai/release_8.1.0/pgi/esmf/src/Infrastructure/stubs/pthread  -I/home/hpillai/release_8.1.0/pgi/esmf/src/include  -I/apps/pgi-2019/netcdf-4.7.4/include -I/home/hpillai/release_8.1.0/pgi/esmf/src/Infrastructure/stubs/mpiuni -I/home/hpillai/release_8.1.0/pgi/esmf/src/prologue/yaml-cpp/include -DESMF_NO_INTEGER_1_BYTE -DESMF_NO_INTEGER_2_BYTE -DESMFVERSIONGIT='"ESMF_8_1_0_beta_snapshot_47"' -DESMF_MOAB=1 -DESMF_LAPACK=1 -DESMF_LAPACK_INTERNAL=1 -DESMF_NO_ACC_SOFTWARE_STACK=1 -DESMF_NETCDF=1 -DESMF_YAMLCPP=1 -DESMF_YAML=1 -DESMF_NO_OPENMP -DESMF_NO_OPENACC -DESMF_TESTEXHAUSTIVE -DESMF_BOPT_O -DESMF_TESTCOMPTUNNEL -DESMF_TESTWITHTHREADS -DSx86_64_small=1 -DESMF_OS_Linux=1 -DESMF_COMM=mpiuni -DESMF_DIR=/home/hpillai/release_8.1.0/pgi/esmf -D__SDIR__='"src/apps/ESMF_WebServController"' -DESMF_CXXSTD=11 -DESMF_MPIUNI -DESMF_PGIVERSION_MAJOR=19 -DESMF_PGIVERSION_MINOR=9 -DESMF_PGIVERSION_PATCH=0 -DESMF_NO_F2018ASSUMEDTYPE ESMF_WebServController.C -o /home/hpillai/release_8.1.0/pgi/esmf/obj/objO/Linux.pgi.64.mpiuni.default/src/apps/ESMF_WebServController/ESMF_WebServController.o
gmake chkdir_apps
gmake[5]: Entering directory `/home/hpillai/release_8.1.0/pgi/esmf/src/apps/ESMF_WebServController'
gmake[5]: Leaving directory `/home/hpillai/release_8.1.0/pgi/esmf/src/apps/ESMF_WebServController'
pgc++    -lpthread -Wl,--no-as-needed -L/home/hpillai/release_8.1.0/pgi/esmf/DEFAULTINSTALLDIR/lib/libO/Linux.pgi.64.mpiuni.default -L/apps/pgi-2019/netcdf-4.7.4/lib -L/apps/pgi-2019/netcdf-4.7.4/lib -L/apps/pgi-2019/pgi-2019-19.9/linux86-64-llvm/19.9/libso -Wl,-rpath,/home/hpillai/release_8.1.0/pgi/esmf/DEFAULTINSTALLDIR/lib/libO/Linux.pgi.64.mpiuni.default -Wl,-rpath,/apps/pgi-2019/netcdf-4.7.4/lib -Wl,-rpath,/apps/pgi-2019/netcdf-4.7.4/lib -Wl,-rpath,/apps/pgi-2019/pgi-2019-19.9/linux86-64-llvm/19.9/libso -o /home/hpillai/release_8.1.0/pgi/esmf/DEFAULTINSTALLDIR/bin/binO/Linux.pgi.64.mpiuni.default/ESMF_WebServController /home/hpillai/release_8.1.0/pgi/esmf/obj/objO/Linux.pgi.64.mpiuni.default/src/apps/ESMF_WebServController/ESMF_WebServController.o -lesmf  -pgf90libs -ldl -lnetcdf -lnetcdff
gmake[4]: Leaving directory `/home/hpillai/release_8.1.0/pgi/esmf/src/apps/ESMF_WebServController'
tree_build_apps in: /home/hpillai/release_8.1.0/pgi/esmf/src/apps/ESMF_Scrip2Unstruct
gmake[4]: Entering directory `/home/hpillai/release_8.1.0/pgi/esmf/src/apps/ESMF_Scrip2Unstruct'
gmake chkdir_locobj
gmake[5]: Entering directory `/home/hpillai/release_8.1.0/pgi/esmf/src/apps/ESMF_Scrip2Unstruct'
Making directory /home/hpillai/release_8.1.0/pgi/esmf/obj/objO/Linux.pgi.64.mpiuni.default/src/apps/ESMF_Scrip2Unstruct for apps output
gmake[5]: Leaving directory `/home/hpillai/release_8.1.0/pgi/esmf/src/apps/ESMF_Scrip2Unstruct'
pgc++ -c -std=c++11 -O -DNDEBUG -fpic -lpthread -I/home/hpillai/release_8.1.0/pgi/esmf/src/apps/ESMF_Scrip2Unstruct -I/home/hpillai/release_8.1.0/pgi/esmf/src/apps/ESMF_Scrip2Unstruct/../include -I/home/hpillai/release_8.1.0/pgi/esmf/build_config/Linux.pgi.default -I/home/hpillai/release_8.1.0/pgi/esmf/src/Infrastructure -I/home/hpillai/release_8.1.0/pgi/esmf/src/Superstructure -I/home/hpillai/release_8.1.0/pgi/esmf/src/Infrastructure/stubs/pthread  -I/home/hpillai/release_8.1.0/pgi/esmf/src/include  -I/apps/pgi-2019/netcdf-4.7.4/include -I/home/hpillai/release_8.1.0/pgi/esmf/src/Infrastructure/stubs/mpiuni -I/home/hpillai/release_8.1.0/pgi/esmf/src/prologue/yaml-cpp/include -DESMF_NO_INTEGER_1_BYTE -DESMF_NO_INTEGER_2_BYTE -DESMFVERSIONGIT='"ESMF_8_1_0_beta_snapshot_47"' -DESMF_MOAB=1 -DESMF_LAPACK=1 -DESMF_LAPACK_INTERNAL=1 -DESMF_NO_ACC_SOFTWARE_STACK=1 -DESMF_NETCDF=1 -DESMF_YAMLCPP=1 -DESMF_YAML=1 -DESMF_NO_OPENMP -DESMF_NO_OPENACC -DESMF_TESTEXHAUSTIVE -DESMF_BOPT_O -DESMF_TESTCOMPTUNNEL -DESMF_TESTWITHTHREADS -DSx86_64_small=1 -DESMF_OS_Linux=1 -DESMF_COMM=mpiuni -DESMF_DIR=/home/hpillai/release_8.1.0/pgi/esmf -D__SDIR__='"src/apps/ESMF_Scrip2Unstruct"' -DESMF_CXXSTD=11 -DESMF_MPIUNI -DESMF_PGIVERSION_MAJOR=19 -DESMF_PGIVERSION_MINOR=9 -DESMF_PGIVERSION_PATCH=0 -DESMF_NO_F2018ASSUMEDTYPE ESMF_Scrip2Unstruct.C -o /home/hpillai/release_8.1.0/pgi/esmf/obj/objO/Linux.pgi.64.mpiuni.default/src/apps/ESMF_Scrip2Unstruct/ESMF_Scrip2Unstruct.o
"ESMF_Scrip2Unstruct.C", line 403: warning: variable "startind" was set but
          never used
    int ind, startind;
             ^

"ESMF_Scrip2Unstruct.C", line 407: warning: variable "offset" was declared but
          never referenced
    int alltotal, mypart, left, offset, mystart, mystartelement;
                                ^

"ESMF_Scrip2Unstruct.C", line 420: warning: variable "ogr_dimid" was declared
          but never referenced
    int ogr_dimid, ogd_id;  
        ^

"ESMF_Scrip2Unstruct.C", line 692: warning: variable "mycount" was declared but
          never referenced
    int mycount = 0;
        ^

gmake chkdir_apps
gmake[5]: Entering directory `/home/hpillai/release_8.1.0/pgi/esmf/src/apps/ESMF_Scrip2Unstruct'
gmake[5]: Leaving directory `/home/hpillai/release_8.1.0/pgi/esmf/src/apps/ESMF_Scrip2Unstruct'
pgc++    -lpthread -Wl,--no-as-needed -L/home/hpillai/release_8.1.0/pgi/esmf/DEFAULTINSTALLDIR/lib/libO/Linux.pgi.64.mpiuni.default -L/apps/pgi-2019/netcdf-4.7.4/lib -L/apps/pgi-2019/netcdf-4.7.4/lib -L/apps/pgi-2019/pgi-2019-19.9/linux86-64-llvm/19.9/libso -Wl,-rpath,/home/hpillai/release_8.1.0/pgi/esmf/DEFAULTINSTALLDIR/lib/libO/Linux.pgi.64.mpiuni.default -Wl,-rpath,/apps/pgi-2019/netcdf-4.7.4/lib -Wl,-rpath,/apps/pgi-2019/netcdf-4.7.4/lib -Wl,-rpath,/apps/pgi-2019/pgi-2019-19.9/linux86-64-llvm/19.9/libso -o /home/hpillai/release_8.1.0/pgi/esmf/DEFAULTINSTALLDIR/bin/binO/Linux.pgi.64.mpiuni.default/ESMF_Scrip2Unstruct /home/hpillai/release_8.1.0/pgi/esmf/obj/objO/Linux.pgi.64.mpiuni.default/src/apps/ESMF_Scrip2Unstruct/ESMF_Scrip2Unstruct.o -lesmf  -pgf90libs -ldl -lnetcdf -lnetcdff
gmake[4]: Leaving directory `/home/hpillai/release_8.1.0/pgi/esmf/src/apps/ESMF_Scrip2Unstruct'
tree_build_apps in: /home/hpillai/release_8.1.0/pgi/esmf/src/apps/ESMF_Regrid
gmake[4]: Entering directory `/home/hpillai/release_8.1.0/pgi/esmf/src/apps/ESMF_Regrid'
gmake chkdir_locobj
gmake[5]: Entering directory `/home/hpillai/release_8.1.0/pgi/esmf/src/apps/ESMF_Regrid'
Making directory /home/hpillai/release_8.1.0/pgi/esmf/obj/objO/Linux.pgi.64.mpiuni.default/src/apps/ESMF_Regrid for apps output
gmake[5]: Leaving directory `/home/hpillai/release_8.1.0/pgi/esmf/src/apps/ESMF_Regrid'
pgf90 -c -O -fpic -Mallocatable=03 -lpthread -I/home/hpillai/release_8.1.0/pgi/esmf/src/apps/ESMF_Regrid -I/home/hpillai/release_8.1.0/pgi/esmf/build_config/Linux.pgi.default -I/home/hpillai/release_8.1.0/pgi/esmf/src/Infrastructure -I/home/hpillai/release_8.1.0/pgi/esmf/src/Superstructure -I/home/hpillai/release_8.1.0/pgi/esmf/DEFAULTINSTALLDIR/mod/modO/Linux.pgi.64.mpiuni.default -I/home/hpillai/release_8.1.0/pgi/esmf/src/include -I/apps/pgi-2019/netcdf-4.7.4/include -I/apps/pgi-2019/netcdf-4.7.4/include  -DESMF_NO_INTEGER_1_BYTE -DESMF_NO_INTEGER_2_BYTE -DESMFVERSIONGIT='"ESMF_8_1_0_beta_snapshot_47"' -DESMF_MOAB=1 -DESMF_LAPACK=1 -DESMF_LAPACK_INTERNAL=1 -DESMF_NO_ACC_SOFTWARE_STACK=1 -DESMF_NETCDF=1 -DESMF_YAMLCPP=1 -DESMF_YAML=1 -DESMF_NO_OPENMP -DESMF_NO_OPENACC -DESMF_TESTEXHAUSTIVE -DESMF_BOPT_O -DESMF_TESTCOMPTUNNEL -DESMF_TESTWITHTHREADS -DSx86_64_small=1 -DESMF_OS_Linux=1 -DESMF_COMM=mpiuni -DESMF_DIR=/home/hpillai/release_8.1.0/pgi/esmf -DESMF_MPIUNI -DESMF_PGIVERSION_MAJOR=19 -DESMF_PGIVERSION_MINOR=9 -DESMF_PGIVERSION_PATCH=0 -DESMF_NO_F2018ASSUMEDTYPE ESMF_Regrid.F90 -o /home/hpillai/release_8.1.0/pgi/esmf/obj/objO/Linux.pgi.64.mpiuni.default/src/apps/ESMF_Regrid/ESMF_Regrid.o
gmake chkdir_apps
gmake[5]: Entering directory `/home/hpillai/release_8.1.0/pgi/esmf/src/apps/ESMF_Regrid'
gmake[5]: Leaving directory `/home/hpillai/release_8.1.0/pgi/esmf/src/apps/ESMF_Regrid'
pgf90    -lpthread -Wl,--no-as-needed -L/home/hpillai/release_8.1.0/pgi/esmf/DEFAULTINSTALLDIR/lib/libO/Linux.pgi.64.mpiuni.default -L/apps/pgi-2019/netcdf-4.7.4/lib -L/apps/pgi-2019/netcdf-4.7.4/lib -L/apps/pgi-2019/pgi-2019-19.9/linux86-64-llvm/19.9/libso -Wl,-rpath,/home/hpillai/release_8.1.0/pgi/esmf/DEFAULTINSTALLDIR/lib/libO/Linux.pgi.64.mpiuni.default -Wl,-rpath,/apps/pgi-2019/netcdf-4.7.4/lib -Wl,-rpath,/apps/pgi-2019/netcdf-4.7.4/lib -Wl,-rpath,/apps/pgi-2019/pgi-2019-19.9/linux86-64-llvm/19.9/libso -o /home/hpillai/release_8.1.0/pgi/esmf/DEFAULTINSTALLDIR/bin/binO/Linux.pgi.64.mpiuni.default/ESMF_Regrid /home/hpillai/release_8.1.0/pgi/esmf/obj/objO/Linux.pgi.64.mpiuni.default/src/apps/ESMF_Regrid/ESMF_Regrid.o -lesmf  -pgc++libs -ldl -lnetcdf -lnetcdff
gmake[4]: Leaving directory `/home/hpillai/release_8.1.0/pgi/esmf/src/apps/ESMF_Regrid'
gmake[3]: Leaving directory `/home/hpillai/release_8.1.0/pgi/esmf/src/apps'
ESMF apps built successfully.
gmake[2]: Leaving directory `/home/hpillai/release_8.1.0/pgi/esmf'
gmake[1]: Leaving directory `/home/hpillai/release_8.1.0/pgi/esmf'
mkdir -p /home/hpillai/release_8.1.0/pgi/esmf/DEFAULTINSTALLDIR/doc
gmake install_info_mk
gmake[1]: Entering directory `/home/hpillai/release_8.1.0/pgi/esmf'
gmake info_mk ESMF_APPSDIR=/home/hpillai/release_8.1.0/pgi/esmf/DEFAULTINSTALLDIR/bin/binO/Linux.pgi.64.mpiuni.default ESMF_LDIR=/home/hpillai/release_8.1.0/pgi/esmf/DEFAULTINSTALLDIR/lib/libO/Linux.pgi.64.mpiuni.default ESMF_LIBDIR=/home/hpillai/release_8.1.0/pgi/esmf/DEFAULTINSTALLDIR/lib/libO/Linux.pgi.64.mpiuni.default ESMF_MODDIR=/home/hpillai/release_8.1.0/pgi/esmf/DEFAULTINSTALLDIR/mod/modO/Linux.pgi.64.mpiuni.default ESMF_INCDIR=/home/hpillai/release_8.1.0/pgi/esmf/DEFAULTINSTALLDIR/include
gmake[2]: Entering directory `/home/hpillai/release_8.1.0/pgi/esmf'
gmake[2]: Leaving directory `/home/hpillai/release_8.1.0/pgi/esmf'
gmake[1]: Leaving directory `/home/hpillai/release_8.1.0/pgi/esmf'
 
ESMF installation complete.
 
Fri Feb 19 03:07:13 CST 2021
