 --------------------------------------- 
 Start of ESMF_SCompEx Example
 --------------------------------------- 

Program received signal SIGABRT: Process abort signal.

Backtrace for this error:

Program received signal SIGABRT: Process abort signal.

Backtrace for this error:

Program received signal SIGABRT: Process abort signal.

Backtrace for this error:

Program received signal SIGABRT: Process abort signal.

Backtrace for this error:
#0  0x110bc948d
#1  0x110bc88c3
#2  0x7fff5dcf7b5c
#0  0x107cd548d
#1  0x107cd48c3
#2  0x7fff5dcf7b5c
#0  0x10794d48d
#1  0x10794c8c3
#2  0x7fff5dcf7b5c
#0  0x10c73948d
#1  0x10c7388c3
#2  0x7fff5dcf7b5c

===================================================================================
=   BAD TERMINATION OF ONE OF YOUR APPLICATION PROCESSES
=   PID 5365 RUNNING AT cgdm-catania
=   EXIT CODE: 6
=   CLEANING UP REMAINING PROCESSES
=   YOU CAN IGNORE THE BELOW CLEANUP MESSAGES
===================================================================================
YOUR APPLICATION TERMINATED WITH THE EXIT STRING: Abort trap: 6 (signal 6)
This typically refers to a problem with your application.
Please see the FAQ page for debugging suggestions
Thu Feb 11 02:28:04 MST 2021
