20210128 114212.305 INFO             PET0 !!!!!!!!!!!!!!!!!!!!!!!!!!!!!!!!!!!!!!!!!!!!!!!!!!!!!!
20210128 114212.306 INFO             PET0 !!! THE ESMF_LOG IS SET TO OUTPUT ALL LOG MESSAGES !!!
20210128 114212.306 INFO             PET0 !!!     THIS MAY CAUSE SLOWDOWN IN PERFORMANCE     !!!
20210128 114212.306 INFO             PET0 !!! FOR PRODUCTION RUNS, USE:                      !!!
20210128 114212.306 INFO             PET0 !!!                   ESMF_LOGKIND_Multi_On_Error  !!!
20210128 114212.306 INFO             PET0 !!!!!!!!!!!!!!!!!!!!!!!!!!!!!!!!!!!!!!!!!!!!!!!!!!!!!!
20210128 114212.306 INFO             PET0 Running with ESMF Version   : ESMF_8_1_0_beta_snapshot_42-11-g7c262dc1c7
20210128 114212.306 INFO             PET0 ESMF library build date/time: "Jan 28 2021" "11:26:57"
20210128 114212.306 INFO             PET0 ESMF library build location : /project/esmf/himanshu/esmf_test/cronjobs/daily/gfortran/esmf
20210128 114212.306 INFO             PET0 ESMF_COMM                   : mpich3
20210128 114212.306 INFO             PET0 ESMF_NETCDF                 : enabled
20210128 114212.306 INFO             PET0 ESMF_PNETCDF                : disabled
20210128 114212.306 INFO             PET0 ESMF_PIO                    : enabled
20210128 114212.306 INFO             PET0 ESMF_YAMLCPP                : enabled
20210128 114212.306 INFO             PET0 ESMF_MOAB                   : enabled
20210128 114212.307 INFO             PET0  NUMBER_OF_PROCESSORS           4
20210128 114212.307 INFO             PET0  PASS  Example ESMF_GridCreateRegFromDGEx, ESMF_GridCreateRegFromDGEx.F90, line 112
20210128 114212.307 INFO             PET0 Finalizing ESMF
20210128 114212.305 INFO             PET1 !!!!!!!!!!!!!!!!!!!!!!!!!!!!!!!!!!!!!!!!!!!!!!!!!!!!!!
20210128 114212.306 INFO             PET1 !!! THE ESMF_LOG IS SET TO OUTPUT ALL LOG MESSAGES !!!
20210128 114212.306 INFO             PET1 !!!     THIS MAY CAUSE SLOWDOWN IN PERFORMANCE     !!!
20210128 114212.306 INFO             PET1 !!! FOR PRODUCTION RUNS, USE:                      !!!
20210128 114212.306 INFO             PET1 !!!                   ESMF_LOGKIND_Multi_On_Error  !!!
20210128 114212.306 INFO             PET1 !!!!!!!!!!!!!!!!!!!!!!!!!!!!!!!!!!!!!!!!!!!!!!!!!!!!!!
20210128 114212.306 INFO             PET1 Running with ESMF Version   : ESMF_8_1_0_beta_snapshot_42-11-g7c262dc1c7
20210128 114212.306 INFO             PET1 ESMF library build date/time: "Jan 28 2021" "11:26:57"
20210128 114212.306 INFO             PET1 ESMF library build location : /project/esmf/himanshu/esmf_test/cronjobs/daily/gfortran/esmf
20210128 114212.306 INFO             PET1 ESMF_COMM                   : mpich3
20210128 114212.307 INFO             PET1 ESMF_NETCDF                 : enabled
20210128 114212.307 INFO             PET1 ESMF_PNETCDF                : disabled
20210128 114212.307 INFO             PET1 ESMF_PIO                    : enabled
20210128 114212.307 INFO             PET1 ESMF_YAMLCPP                : enabled
20210128 114212.307 INFO             PET1 ESMF_MOAB                   : enabled
20210128 114212.307 INFO             PET1  NUMBER_OF_PROCESSORS           4
20210128 114212.307 INFO             PET1  PASS  Example ESMF_GridCreateRegFromDGEx, ESMF_GridCreateRegFromDGEx.F90, line 112
20210128 114212.307 INFO             PET1 Finalizing ESMF
20210128 114212.305 INFO             PET2 !!!!!!!!!!!!!!!!!!!!!!!!!!!!!!!!!!!!!!!!!!!!!!!!!!!!!!
20210128 114212.306 INFO             PET2 !!! THE ESMF_LOG IS SET TO OUTPUT ALL LOG MESSAGES !!!
20210128 114212.306 INFO             PET2 !!!     THIS MAY CAUSE SLOWDOWN IN PERFORMANCE     !!!
20210128 114212.306 INFO             PET2 !!! FOR PRODUCTION RUNS, USE:                      !!!
20210128 114212.306 INFO             PET2 !!!                   ESMF_LOGKIND_Multi_On_Error  !!!
20210128 114212.306 INFO             PET2 !!!!!!!!!!!!!!!!!!!!!!!!!!!!!!!!!!!!!!!!!!!!!!!!!!!!!!
20210128 114212.306 INFO             PET2 Running with ESMF Version   : ESMF_8_1_0_beta_snapshot_42-11-g7c262dc1c7
20210128 114212.306 INFO             PET2 ESMF library build date/time: "Jan 28 2021" "11:26:57"
20210128 114212.306 INFO             PET2 ESMF library build location : /project/esmf/himanshu/esmf_test/cronjobs/daily/gfortran/esmf
20210128 114212.306 INFO             PET2 ESMF_COMM                   : mpich3
20210128 114212.306 INFO             PET2 ESMF_NETCDF                 : enabled
20210128 114212.306 INFO             PET2 ESMF_PNETCDF                : disabled
20210128 114212.306 INFO             PET2 ESMF_PIO                    : enabled
20210128 114212.306 INFO             PET2 ESMF_YAMLCPP                : enabled
20210128 114212.306 INFO             PET2 ESMF_MOAB                   : enabled
20210128 114212.307 INFO             PET2  NUMBER_OF_PROCESSORS           4
20210128 114212.307 INFO             PET2  PASS  Example ESMF_GridCreateRegFromDGEx, ESMF_GridCreateRegFromDGEx.F90, line 112
20210128 114212.307 INFO             PET2 Finalizing ESMF
20210128 114212.305 INFO             PET3 !!!!!!!!!!!!!!!!!!!!!!!!!!!!!!!!!!!!!!!!!!!!!!!!!!!!!!
20210128 114212.306 INFO             PET3 !!! THE ESMF_LOG IS SET TO OUTPUT ALL LOG MESSAGES !!!
20210128 114212.306 INFO             PET3 !!!     THIS MAY CAUSE SLOWDOWN IN PERFORMANCE     !!!
20210128 114212.306 INFO             PET3 !!! FOR PRODUCTION RUNS, USE:                      !!!
20210128 114212.306 INFO             PET3 !!!                   ESMF_LOGKIND_Multi_On_Error  !!!
20210128 114212.306 INFO             PET3 !!!!!!!!!!!!!!!!!!!!!!!!!!!!!!!!!!!!!!!!!!!!!!!!!!!!!!
20210128 114212.306 INFO             PET3 Running with ESMF Version   : ESMF_8_1_0_beta_snapshot_42-11-g7c262dc1c7
20210128 114212.306 INFO             PET3 ESMF library build date/time: "Jan 28 2021" "11:26:57"
20210128 114212.306 INFO             PET3 ESMF library build location : /project/esmf/himanshu/esmf_test/cronjobs/daily/gfortran/esmf
20210128 114212.306 INFO             PET3 ESMF_COMM                   : mpich3
20210128 114212.306 INFO             PET3 ESMF_NETCDF                 : enabled
20210128 114212.306 INFO             PET3 ESMF_PNETCDF                : disabled
20210128 114212.306 INFO             PET3 ESMF_PIO                    : enabled
20210128 114212.306 INFO             PET3 ESMF_YAMLCPP                : enabled
20210128 114212.306 INFO             PET3 ESMF_MOAB                   : enabled
20210128 114212.307 INFO             PET3  NUMBER_OF_PROCESSORS           4
20210128 114212.307 INFO             PET3  PASS  Example ESMF_GridCreateRegFromDGEx, ESMF_GridCreateRegFromDGEx.F90, line 112
20210128 114212.307 INFO             PET3 Finalizing ESMF
Thu Jan 28 15:44:00 MST 2021
