20210217 110608.185 INFO             PET0 !!!!!!!!!!!!!!!!!!!!!!!!!!!!!!!!!!!!!!!!!!!!!!!!!!!!!!
20210217 110608.186 INFO             PET0 !!! THE ESMF_LOG IS SET TO OUTPUT ALL LOG MESSAGES !!!
20210217 110608.186 INFO             PET0 !!!     THIS MAY CAUSE SLOWDOWN IN PERFORMANCE     !!!
20210217 110608.186 INFO             PET0 !!! FOR PRODUCTION RUNS, USE:                      !!!
20210217 110608.186 INFO             PET0 !!!                   ESMF_LOGKIND_Multi_On_Error  !!!
20210217 110608.186 INFO             PET0 !!!!!!!!!!!!!!!!!!!!!!!!!!!!!!!!!!!!!!!!!!!!!!!!!!!!!!
20210217 110608.186 INFO             PET0 Running with ESMF Version   : ESMF_8_1_0_beta_snapshot_46-2-g1ccee674c3
20210217 110608.186 INFO             PET0 ESMF library build date/time: "Feb 17 2021" "10:49:51"
20210217 110608.186 INFO             PET0 ESMF library build location : /project/esmf/himanshu/esmf_test/cronjobs/daily/gfortran/esmf
20210217 110608.186 INFO             PET0 ESMF_COMM                   : mpich3
20210217 110608.186 INFO             PET0 ESMF_MOAB                   : enabled
20210217 110608.186 INFO             PET0 ESMF_LAPACK                 : enabled
20210217 110608.186 INFO             PET0 ESMF_NETCDF                 : enabled
20210217 110608.186 INFO             PET0 ESMF_PNETCDF                : disabled
20210217 110608.186 INFO             PET0 ESMF_PIO                    : enabled
20210217 110608.186 INFO             PET0 ESMF_YAMLCPP                : enabled
20210217 110608.217 WARNING          PET0 ESMF_IOScrip.F90:4699 ESMF_EsmfGetElement Variable centerCoords in data/ne4np4-esmf.nc does not exist
20210217 110608.309 INFO             PET0  NUMBER_OF_PROCESSORS           4
20210217 110608.309 INFO             PET0  PASS  Example ESMF_MeshEx, ESMF_MeshEx.F90, line 1795
20210217 110608.309 INFO             PET0 Finalizing ESMF
20210217 110608.185 INFO             PET1 !!!!!!!!!!!!!!!!!!!!!!!!!!!!!!!!!!!!!!!!!!!!!!!!!!!!!!
20210217 110608.185 INFO             PET1 !!! THE ESMF_LOG IS SET TO OUTPUT ALL LOG MESSAGES !!!
20210217 110608.185 INFO             PET1 !!!     THIS MAY CAUSE SLOWDOWN IN PERFORMANCE     !!!
20210217 110608.185 INFO             PET1 !!! FOR PRODUCTION RUNS, USE:                      !!!
20210217 110608.185 INFO             PET1 !!!                   ESMF_LOGKIND_Multi_On_Error  !!!
20210217 110608.185 INFO             PET1 !!!!!!!!!!!!!!!!!!!!!!!!!!!!!!!!!!!!!!!!!!!!!!!!!!!!!!
20210217 110608.185 INFO             PET1 Running with ESMF Version   : ESMF_8_1_0_beta_snapshot_46-2-g1ccee674c3
20210217 110608.185 INFO             PET1 ESMF library build date/time: "Feb 17 2021" "10:49:51"
20210217 110608.185 INFO             PET1 ESMF library build location : /project/esmf/himanshu/esmf_test/cronjobs/daily/gfortran/esmf
20210217 110608.185 INFO             PET1 ESMF_COMM                   : mpich3
20210217 110608.186 INFO             PET1 ESMF_MOAB                   : enabled
20210217 110608.186 INFO             PET1 ESMF_LAPACK                 : enabled
20210217 110608.186 INFO             PET1 ESMF_NETCDF                 : enabled
20210217 110608.186 INFO             PET1 ESMF_PNETCDF                : disabled
20210217 110608.186 INFO             PET1 ESMF_PIO                    : enabled
20210217 110608.186 INFO             PET1 ESMF_YAMLCPP                : enabled
20210217 110608.217 WARNING          PET1 ESMF_IOScrip.F90:4699 ESMF_EsmfGetElement Variable centerCoords in data/ne4np4-esmf.nc does not exist
20210217 110608.309 INFO             PET1  NUMBER_OF_PROCESSORS           4
20210217 110608.309 INFO             PET1  PASS  Example ESMF_MeshEx, ESMF_MeshEx.F90, line 1795
20210217 110608.309 INFO             PET1 Finalizing ESMF
20210217 110608.185 INFO             PET2 !!!!!!!!!!!!!!!!!!!!!!!!!!!!!!!!!!!!!!!!!!!!!!!!!!!!!!
20210217 110608.186 INFO             PET2 !!! THE ESMF_LOG IS SET TO OUTPUT ALL LOG MESSAGES !!!
20210217 110608.186 INFO             PET2 !!!     THIS MAY CAUSE SLOWDOWN IN PERFORMANCE     !!!
20210217 110608.186 INFO             PET2 !!! FOR PRODUCTION RUNS, USE:                      !!!
20210217 110608.186 INFO             PET2 !!!                   ESMF_LOGKIND_Multi_On_Error  !!!
20210217 110608.186 INFO             PET2 !!!!!!!!!!!!!!!!!!!!!!!!!!!!!!!!!!!!!!!!!!!!!!!!!!!!!!
20210217 110608.186 INFO             PET2 Running with ESMF Version   : ESMF_8_1_0_beta_snapshot_46-2-g1ccee674c3
20210217 110608.186 INFO             PET2 ESMF library build date/time: "Feb 17 2021" "10:49:51"
20210217 110608.186 INFO             PET2 ESMF library build location : /project/esmf/himanshu/esmf_test/cronjobs/daily/gfortran/esmf
20210217 110608.186 INFO             PET2 ESMF_COMM                   : mpich3
20210217 110608.186 INFO             PET2 ESMF_MOAB                   : enabled
20210217 110608.186 INFO             PET2 ESMF_LAPACK                 : enabled
20210217 110608.186 INFO             PET2 ESMF_NETCDF                 : enabled
20210217 110608.186 INFO             PET2 ESMF_PNETCDF                : disabled
20210217 110608.186 INFO             PET2 ESMF_PIO                    : enabled
20210217 110608.186 INFO             PET2 ESMF_YAMLCPP                : enabled
20210217 110608.217 WARNING          PET2 ESMF_IOScrip.F90:4699 ESMF_EsmfGetElement Variable centerCoords in data/ne4np4-esmf.nc does not exist
20210217 110608.309 INFO             PET2  NUMBER_OF_PROCESSORS           4
20210217 110608.309 INFO             PET2  PASS  Example ESMF_MeshEx, ESMF_MeshEx.F90, line 1795
20210217 110608.309 INFO             PET2 Finalizing ESMF
20210217 110608.185 INFO             PET3 !!!!!!!!!!!!!!!!!!!!!!!!!!!!!!!!!!!!!!!!!!!!!!!!!!!!!!
20210217 110608.185 INFO             PET3 !!! THE ESMF_LOG IS SET TO OUTPUT ALL LOG MESSAGES !!!
20210217 110608.185 INFO             PET3 !!!     THIS MAY CAUSE SLOWDOWN IN PERFORMANCE     !!!
20210217 110608.185 INFO             PET3 !!! FOR PRODUCTION RUNS, USE:                      !!!
20210217 110608.185 INFO             PET3 !!!                   ESMF_LOGKIND_Multi_On_Error  !!!
20210217 110608.185 INFO             PET3 !!!!!!!!!!!!!!!!!!!!!!!!!!!!!!!!!!!!!!!!!!!!!!!!!!!!!!
20210217 110608.185 INFO             PET3 Running with ESMF Version   : ESMF_8_1_0_beta_snapshot_46-2-g1ccee674c3
20210217 110608.185 INFO             PET3 ESMF library build date/time: "Feb 17 2021" "10:49:51"
20210217 110608.185 INFO             PET3 ESMF library build location : /project/esmf/himanshu/esmf_test/cronjobs/daily/gfortran/esmf
20210217 110608.185 INFO             PET3 ESMF_COMM                   : mpich3
20210217 110608.186 INFO             PET3 ESMF_MOAB                   : enabled
20210217 110608.186 INFO             PET3 ESMF_LAPACK                 : enabled
20210217 110608.186 INFO             PET3 ESMF_NETCDF                 : enabled
20210217 110608.186 INFO             PET3 ESMF_PNETCDF                : disabled
20210217 110608.186 INFO             PET3 ESMF_PIO                    : enabled
20210217 110608.186 INFO             PET3 ESMF_YAMLCPP                : enabled
20210217 110608.217 WARNING          PET3 ESMF_IOScrip.F90:4699 ESMF_EsmfGetElement Variable centerCoords in data/ne4np4-esmf.nc does not exist
20210217 110608.309 INFO             PET3  NUMBER_OF_PROCESSORS           4
20210217 110608.309 INFO             PET3  PASS  Example ESMF_MeshEx, ESMF_MeshEx.F90, line 1795
20210217 110608.309 INFO             PET3 Finalizing ESMF
Wed Feb 17 15:06:10 MST 2021
