
Program received signal SIGABRT: Process abort signal.

Backtrace for this error:
#0  0x10dc4748d
#1  0x10dc468c3
#2  0x7fff5dcf7b5c

Program received signal SIGABRT: Process abort signal.

Backtrace for this error:
#0  0x10f11848d
#1  0x10f1178c3
#2  0x7fff5dcf7b5c

Program received signal SIGABRT: Process abort signal.

Backtrace for this error:

Program received signal SIGABRT: Process abort signal.

Backtrace for this error:
#0  0x10db2248d
#1  0x10db218c3
#2  0x7fff5dcf7b5c
#0  0x11248248d
#1  0x1124818c3
#2  0x7fff5dcf7b5c

===================================================================================
=   BAD TERMINATION OF ONE OF YOUR APPLICATION PROCESSES
=   PID 83747 RUNNING AT cgdm-catania
=   EXIT CODE: 6
=   CLEANING UP REMAINING PROCESSES
=   YOU CAN IGNORE THE BELOW CLEANUP MESSAGES
===================================================================================
YOUR APPLICATION TERMINATED WITH THE EXIT STRING: Abort trap: 6 (signal 6)
This typically refers to a problem with your application.
Please see the FAQ page for debugging suggestions
Thu Feb 11 02:28:04 MST 2021
