20200901 100855.034 INFO             PET0 !!!!!!!!!!!!!!!!!!!!!!!!!!!!!!!!!!!!!!!!!!!!!!!!!!!!!!
20200901 100855.034 INFO             PET0 !!! THE ESMF_LOG IS SET TO OUTPUT ALL LOG MESSAGES !!!
20200901 100855.034 INFO             PET0 !!!     THIS MAY CAUSE SLOWDOWN IN PERFORMANCE     !!!
20200901 100855.034 INFO             PET0 !!! FOR PRODUCTION RUNS, USE:                      !!!
20200901 100855.034 INFO             PET0 !!!                   ESMF_LOGKIND_Multi_On_Error  !!!
20200901 100855.034 INFO             PET0 !!!!!!!!!!!!!!!!!!!!!!!!!!!!!!!!!!!!!!!!!!!!!!!!!!!!!!
20200901 100855.034 INFO             PET0 Running with ESMF Version   : ESMF_8_1_0_beta_snapshot_26-47-g38b4282252
20200901 100855.034 INFO             PET0 ESMF library build date/time: "Sep  1 2020" "09:39:13"
20200901 100855.034 INFO             PET0 ESMF library build location : /glade/scratch/himanshu/scripts_dir/daily/intel_cheyenne/esmf
20200901 100855.034 INFO             PET0 ESMF_COMM                   : mpt
20200901 100855.034 INFO             PET0 ESMF_NETCDF                 : disabled
20200901 100855.034 INFO             PET0 ESMF_PNETCDF                : disabled
20200901 100855.034 INFO             PET0 ESMF_PIO                    : enabled
20200901 100855.034 INFO             PET0 ESMF_YAMLCPP                : enabled
20200901 100855.034 INFO             PET0 ESMF_MOAB                   : enabled
20200901 100855.035 INFO             PET0  NUMBER_OF_PROCESSORS           4
20200901 100855.035 INFO             PET0  PASS  Example ESMF_VMGetMPICommunicatorEx, ESMF_VMGetMPICommunicatorEx.F90, line 95
20200901 100855.035 INFO             PET0 Finalizing ESMF
20200901 100855.034 INFO             PET1 !!!!!!!!!!!!!!!!!!!!!!!!!!!!!!!!!!!!!!!!!!!!!!!!!!!!!!
20200901 100855.034 INFO             PET1 !!! THE ESMF_LOG IS SET TO OUTPUT ALL LOG MESSAGES !!!
20200901 100855.034 INFO             PET1 !!!     THIS MAY CAUSE SLOWDOWN IN PERFORMANCE     !!!
20200901 100855.034 INFO             PET1 !!! FOR PRODUCTION RUNS, USE:                      !!!
20200901 100855.034 INFO             PET1 !!!                   ESMF_LOGKIND_Multi_On_Error  !!!
20200901 100855.034 INFO             PET1 !!!!!!!!!!!!!!!!!!!!!!!!!!!!!!!!!!!!!!!!!!!!!!!!!!!!!!
20200901 100855.034 INFO             PET1 Running with ESMF Version   : ESMF_8_1_0_beta_snapshot_26-47-g38b4282252
20200901 100855.034 INFO             PET1 ESMF library build date/time: "Sep  1 2020" "09:39:13"
20200901 100855.034 INFO             PET1 ESMF library build location : /glade/scratch/himanshu/scripts_dir/daily/intel_cheyenne/esmf
20200901 100855.034 INFO             PET1 ESMF_COMM                   : mpt
20200901 100855.034 INFO             PET1 ESMF_NETCDF                 : disabled
20200901 100855.034 INFO             PET1 ESMF_PNETCDF                : disabled
20200901 100855.034 INFO             PET1 ESMF_PIO                    : enabled
20200901 100855.034 INFO             PET1 ESMF_YAMLCPP                : enabled
20200901 100855.034 INFO             PET1 ESMF_MOAB                   : enabled
20200901 100855.035 INFO             PET1  NUMBER_OF_PROCESSORS           4
20200901 100855.035 INFO             PET1  PASS  Example ESMF_VMGetMPICommunicatorEx, ESMF_VMGetMPICommunicatorEx.F90, line 95
20200901 100855.035 INFO             PET1 Finalizing ESMF
20200901 100855.034 INFO             PET2 !!!!!!!!!!!!!!!!!!!!!!!!!!!!!!!!!!!!!!!!!!!!!!!!!!!!!!
20200901 100855.034 INFO             PET2 !!! THE ESMF_LOG IS SET TO OUTPUT ALL LOG MESSAGES !!!
20200901 100855.034 INFO             PET2 !!!     THIS MAY CAUSE SLOWDOWN IN PERFORMANCE     !!!
20200901 100855.034 INFO             PET2 !!! FOR PRODUCTION RUNS, USE:                      !!!
20200901 100855.034 INFO             PET2 !!!                   ESMF_LOGKIND_Multi_On_Error  !!!
20200901 100855.034 INFO             PET2 !!!!!!!!!!!!!!!!!!!!!!!!!!!!!!!!!!!!!!!!!!!!!!!!!!!!!!
20200901 100855.034 INFO             PET2 Running with ESMF Version   : ESMF_8_1_0_beta_snapshot_26-47-g38b4282252
20200901 100855.034 INFO             PET2 ESMF library build date/time: "Sep  1 2020" "09:39:13"
20200901 100855.034 INFO             PET2 ESMF library build location : /glade/scratch/himanshu/scripts_dir/daily/intel_cheyenne/esmf
20200901 100855.034 INFO             PET2 ESMF_COMM                   : mpt
20200901 100855.034 INFO             PET2 ESMF_NETCDF                 : disabled
20200901 100855.034 INFO             PET2 ESMF_PNETCDF                : disabled
20200901 100855.034 INFO             PET2 ESMF_PIO                    : enabled
20200901 100855.034 INFO             PET2 ESMF_YAMLCPP                : enabled
20200901 100855.034 INFO             PET2 ESMF_MOAB                   : enabled
20200901 100855.035 INFO             PET2  NUMBER_OF_PROCESSORS           4
20200901 100855.035 INFO             PET2  PASS  Example ESMF_VMGetMPICommunicatorEx, ESMF_VMGetMPICommunicatorEx.F90, line 95
20200901 100855.035 INFO             PET2 Finalizing ESMF
20200901 100855.033 INFO             PET3 !!!!!!!!!!!!!!!!!!!!!!!!!!!!!!!!!!!!!!!!!!!!!!!!!!!!!!
20200901 100855.033 INFO             PET3 !!! THE ESMF_LOG IS SET TO OUTPUT ALL LOG MESSAGES !!!
20200901 100855.033 INFO             PET3 !!!     THIS MAY CAUSE SLOWDOWN IN PERFORMANCE     !!!
20200901 100855.033 INFO             PET3 !!! FOR PRODUCTION RUNS, USE:                      !!!
20200901 100855.033 INFO             PET3 !!!                   ESMF_LOGKIND_Multi_On_Error  !!!
20200901 100855.033 INFO             PET3 !!!!!!!!!!!!!!!!!!!!!!!!!!!!!!!!!!!!!!!!!!!!!!!!!!!!!!
20200901 100855.033 INFO             PET3 Running with ESMF Version   : ESMF_8_1_0_beta_snapshot_26-47-g38b4282252
20200901 100855.033 INFO             PET3 ESMF library build date/time: "Sep  1 2020" "09:39:13"
20200901 100855.033 INFO             PET3 ESMF library build location : /glade/scratch/himanshu/scripts_dir/daily/intel_cheyenne/esmf
20200901 100855.033 INFO             PET3 ESMF_COMM                   : mpt
20200901 100855.034 INFO             PET3 ESMF_NETCDF                 : disabled
20200901 100855.034 INFO             PET3 ESMF_PNETCDF                : disabled
20200901 100855.034 INFO             PET3 ESMF_PIO                    : enabled
20200901 100855.034 INFO             PET3 ESMF_YAMLCPP                : enabled
20200901 100855.034 INFO             PET3 ESMF_MOAB                   : enabled
20200901 100855.035 INFO             PET3  NUMBER_OF_PROCESSORS           4
20200901 100855.035 INFO             PET3  PASS  Example ESMF_VMGetMPICommunicatorEx, ESMF_VMGetMPICommunicatorEx.F90, line 95
20200901 100855.035 INFO             PET3 Finalizing ESMF
