
Program received signal SIGABRT: Process abort signal.

Backtrace for this error:

Program received signal SIGABRT: Process abort signal.

Backtrace for this error:
#0  0x108c91b6d
#1  0x108c90f9d
#2  0x7fff5dcf7b5c

Program received signal SIGABRT: Process abort signal.

Backtrace for this error:
#0  0x102c8ab6d
#1  0x102c89f9d
#2  0x7fff5dcf7b5c

Program received signal SIGABRT: Process abort signal.

Backtrace for this error:
#0  0x1040d5b6d
#1  0x1040d4f9d
#2  0x7fff5dcf7b5c
#0  0x1043f3b6d
#1  0x1043f2f9d
#2  0x7fff5dcf7b5c

===================================================================================
=   BAD TERMINATION OF ONE OF YOUR APPLICATION PROCESSES
=   PID 97290 RUNNING AT cgdm-catania
=   EXIT CODE: 6
=   CLEANING UP REMAINING PROCESSES
=   YOU CAN IGNORE THE BELOW CLEANUP MESSAGES
===================================================================================
YOUR APPLICATION TERMINATED WITH THE EXIT STRING: Abort trap: 6 (signal 6)
This typically refers to a problem with your application.
Please see the FAQ page for debugging suggestions
Sun Feb 21 01:46:58 MST 2021
