 NUOPC DRIVER + ATM Model example run
 NUOPC DRIVER + ATM Model example run
 NUOPC DRIVER + ATM Model example run
 NUOPC DRIVER + ATM Model example run

Program received signal SIGABRT: Process abort signal.

Backtrace for this error:

Program received signal SIGABRT: Process abort signal.

Backtrace for this error:

Program received signal SIGABRT: Process abort signal.

Backtrace for this error:
#0  0x111899b6d
#1  0x111898f9d
#2  0x7fff7c190b5c
#0  0x10bbceb6d
#1  0x10bbcdf9d
#2  0x7fff7c190b5c
#0  0x10f02db6d
#1  0x10f02cf9d
#2  0x7fff7c190b5c

Program received signal SIGABRT: Process abort signal.

Backtrace for this error:
#0  0x10d8c0b6d
#1  0x10d8bff9d
#2  0x7fff7c190b5c

===================================================================================
=   BAD TERMINATION OF ONE OF YOUR APPLICATION PROCESSES
=   PID 74649 RUNNING AT cgdm-catania
=   EXIT CODE: 6
=   CLEANING UP REMAINING PROCESSES
=   YOU CAN IGNORE THE BELOW CLEANUP MESSAGES
===================================================================================
YOUR APPLICATION TERMINATED WITH THE EXIT STRING: Abort trap: 6 (signal 6)
This typically refers to a problem with your application.
Please see the FAQ page for debugging suggestions
Mon Mar  1 02:00:33 MST 2021
