20210301 014504.218 INFO             PET0 !!!!!!!!!!!!!!!!!!!!!!!!!!!!!!!!!!!!!!!!!!!!!!!!!!!!!!
20210301 014504.218 INFO             PET0 !!! THE ESMF_LOG IS SET TO OUTPUT ALL LOG MESSAGES !!!
20210301 014504.218 INFO             PET0 !!!     THIS MAY CAUSE SLOWDOWN IN PERFORMANCE     !!!
20210301 014504.218 INFO             PET0 !!! FOR PRODUCTION RUNS, USE:                      !!!
20210301 014504.218 INFO             PET0 !!!                   ESMF_LOGKIND_Multi_On_Error  !!!
20210301 014504.218 INFO             PET0 !!!!!!!!!!!!!!!!!!!!!!!!!!!!!!!!!!!!!!!!!!!!!!!!!!!!!!
20210301 014504.218 INFO             PET0 Running with ESMF Version   : ESMF_8_1_0_beta_snapshot_47-18-g3fd6502904
20210301 014504.218 INFO             PET0 ESMF library build date/time: "Mar  1 2021" "01:34:07"
20210301 014504.218 INFO             PET0 ESMF library build location : /project/esmf/himanshu/esmf_test/cronjobs/release_8.1.0/gfortran/esmf
20210301 014504.218 INFO             PET0 ESMF_COMM                   : mpich3
20210301 014504.218 INFO             PET0 ESMF_MOAB                   : enabled
20210301 014504.218 INFO             PET0 ESMF_LAPACK                 : enabled
20210301 014504.218 INFO             PET0 ESMF_NETCDF                 : enabled
20210301 014504.218 INFO             PET0 ESMF_PNETCDF                : disabled
20210301 014504.218 INFO             PET0 ESMF_PIO                    : enabled
20210301 014504.218 INFO             PET0 ESMF_YAMLCPP                : enabled
20210301 014504.219 ERROR            PET0 ESMF_StateAPI.cppF90:1260 ESMF_StateAddList Object being used before creation  - Bad Object
20210301 014504.218 INFO             PET1 !!!!!!!!!!!!!!!!!!!!!!!!!!!!!!!!!!!!!!!!!!!!!!!!!!!!!!
20210301 014504.218 INFO             PET1 !!! THE ESMF_LOG IS SET TO OUTPUT ALL LOG MESSAGES !!!
20210301 014504.218 INFO             PET1 !!!     THIS MAY CAUSE SLOWDOWN IN PERFORMANCE     !!!
20210301 014504.218 INFO             PET1 !!! FOR PRODUCTION RUNS, USE:                      !!!
20210301 014504.218 INFO             PET1 !!!                   ESMF_LOGKIND_Multi_On_Error  !!!
20210301 014504.218 INFO             PET1 !!!!!!!!!!!!!!!!!!!!!!!!!!!!!!!!!!!!!!!!!!!!!!!!!!!!!!
20210301 014504.218 INFO             PET1 Running with ESMF Version   : ESMF_8_1_0_beta_snapshot_47-18-g3fd6502904
20210301 014504.218 INFO             PET1 ESMF library build date/time: "Mar  1 2021" "01:34:07"
20210301 014504.218 INFO             PET1 ESMF library build location : /project/esmf/himanshu/esmf_test/cronjobs/release_8.1.0/gfortran/esmf
20210301 014504.218 INFO             PET1 ESMF_COMM                   : mpich3
20210301 014504.218 INFO             PET1 ESMF_MOAB                   : enabled
20210301 014504.218 INFO             PET1 ESMF_LAPACK                 : enabled
20210301 014504.218 INFO             PET1 ESMF_NETCDF                 : enabled
20210301 014504.218 INFO             PET1 ESMF_PNETCDF                : disabled
20210301 014504.218 INFO             PET1 ESMF_PIO                    : enabled
20210301 014504.218 INFO             PET1 ESMF_YAMLCPP                : enabled
20210301 014504.219 ERROR            PET1 ESMF_StateAPI.cppF90:1260 ESMF_StateAddList Object being used before creation  - Bad Object
20210301 014504.218 INFO             PET2 !!!!!!!!!!!!!!!!!!!!!!!!!!!!!!!!!!!!!!!!!!!!!!!!!!!!!!
20210301 014504.218 INFO             PET2 !!! THE ESMF_LOG IS SET TO OUTPUT ALL LOG MESSAGES !!!
20210301 014504.218 INFO             PET2 !!!     THIS MAY CAUSE SLOWDOWN IN PERFORMANCE     !!!
20210301 014504.218 INFO             PET2 !!! FOR PRODUCTION RUNS, USE:                      !!!
20210301 014504.218 INFO             PET2 !!!                   ESMF_LOGKIND_Multi_On_Error  !!!
20210301 014504.218 INFO             PET2 !!!!!!!!!!!!!!!!!!!!!!!!!!!!!!!!!!!!!!!!!!!!!!!!!!!!!!
20210301 014504.218 INFO             PET2 Running with ESMF Version   : ESMF_8_1_0_beta_snapshot_47-18-g3fd6502904
20210301 014504.218 INFO             PET2 ESMF library build date/time: "Mar  1 2021" "01:34:07"
20210301 014504.218 INFO             PET2 ESMF library build location : /project/esmf/himanshu/esmf_test/cronjobs/release_8.1.0/gfortran/esmf
20210301 014504.218 INFO             PET2 ESMF_COMM                   : mpich3
20210301 014504.218 INFO             PET2 ESMF_MOAB                   : enabled
20210301 014504.218 INFO             PET2 ESMF_LAPACK                 : enabled
20210301 014504.218 INFO             PET2 ESMF_NETCDF                 : enabled
20210301 014504.218 INFO             PET2 ESMF_PNETCDF                : disabled
20210301 014504.218 INFO             PET2 ESMF_PIO                    : enabled
20210301 014504.218 INFO             PET2 ESMF_YAMLCPP                : enabled
20210301 014504.219 ERROR            PET2 ESMF_StateAPI.cppF90:1260 ESMF_StateAddList Object being used before creation  - Bad Object
20210301 014504.218 INFO             PET3 !!!!!!!!!!!!!!!!!!!!!!!!!!!!!!!!!!!!!!!!!!!!!!!!!!!!!!
20210301 014504.218 INFO             PET3 !!! THE ESMF_LOG IS SET TO OUTPUT ALL LOG MESSAGES !!!
20210301 014504.218 INFO             PET3 !!!     THIS MAY CAUSE SLOWDOWN IN PERFORMANCE     !!!
20210301 014504.218 INFO             PET3 !!! FOR PRODUCTION RUNS, USE:                      !!!
20210301 014504.218 INFO             PET3 !!!                   ESMF_LOGKIND_Multi_On_Error  !!!
20210301 014504.218 INFO             PET3 !!!!!!!!!!!!!!!!!!!!!!!!!!!!!!!!!!!!!!!!!!!!!!!!!!!!!!
20210301 014504.218 INFO             PET3 Running with ESMF Version   : ESMF_8_1_0_beta_snapshot_47-18-g3fd6502904
20210301 014504.218 INFO             PET3 ESMF library build date/time: "Mar  1 2021" "01:34:07"
20210301 014504.218 INFO             PET3 ESMF library build location : /project/esmf/himanshu/esmf_test/cronjobs/release_8.1.0/gfortran/esmf
20210301 014504.218 INFO             PET3 ESMF_COMM                   : mpich3
20210301 014504.218 INFO             PET3 ESMF_MOAB                   : enabled
20210301 014504.218 INFO             PET3 ESMF_LAPACK                 : enabled
20210301 014504.218 INFO             PET3 ESMF_NETCDF                 : enabled
20210301 014504.218 INFO             PET3 ESMF_PNETCDF                : disabled
20210301 014504.218 INFO             PET3 ESMF_PIO                    : enabled
20210301 014504.218 INFO             PET3 ESMF_YAMLCPP                : enabled
20210301 014504.219 ERROR            PET3 ESMF_StateAPI.cppF90:1260 ESMF_StateAddList Object being used before creation  - Bad Object
Mon Mar  1 02:00:33 MST 2021
