20210225 063507.095 INFO             PET2 !!!!!!!!!!!!!!!!!!!!!!!!!!!!!!!!!!!!!!!!!!!!!!!!!!!!!!
20210225 063507.095 INFO             PET2 !!! THE ESMF_LOG IS SET TO OUTPUT ALL LOG MESSAGES !!!
20210225 063507.095 INFO             PET2 !!!     THIS MAY CAUSE SLOWDOWN IN PERFORMANCE     !!!
20210225 063507.095 INFO             PET2 !!! FOR PRODUCTION RUNS, USE:                      !!!
20210225 063507.095 INFO             PET2 !!!                   ESMF_LOGKIND_Multi_On_Error  !!!
20210225 063507.095 INFO             PET2 !!!!!!!!!!!!!!!!!!!!!!!!!!!!!!!!!!!!!!!!!!!!!!!!!!!!!!
20210225 063507.095 INFO             PET2 Running with ESMF Version   : ESMF_8_1_0_beta_snapshot_47-4-g0d177ef04f
20210225 063507.095 INFO             PET2 ESMF library build date/time: "Feb 25 2021" "06:31:15"
20210225 063507.095 INFO             PET2 ESMF library build location : /glade/scratch/himanshu/relese_8.1.0/dir/gfortran_cheyenne/esmf
20210225 063507.095 INFO             PET2 ESMF_COMM                   : openmpi
20210225 063507.095 INFO             PET2 ESMF_MOAB                   : enabled
20210225 063507.095 INFO             PET2 ESMF_LAPACK                 : enabled
20210225 063507.095 INFO             PET2 ESMF_NETCDF                 : disabled
20210225 063507.095 INFO             PET2 ESMF_PNETCDF                : disabled
20210225 063507.095 INFO             PET2 ESMF_PIO                    : enabled
20210225 063507.095 INFO             PET2 ESMF_YAMLCPP                : enabled
20210225 063507.096 INFO             PET2 Finalizing ESMF
20210225 063507.499 INFO             PET2 !!!!!!!!!!!!!!!!!!!!!!!!!!!!!!!!!!!!!!!!!!!!!!!!!!!!!!
20210225 063507.499 INFO             PET2 !!! THE ESMF_LOG IS SET TO OUTPUT ALL LOG MESSAGES !!!
20210225 063507.499 INFO             PET2 !!!     THIS MAY CAUSE SLOWDOWN IN PERFORMANCE     !!!
20210225 063507.499 INFO             PET2 !!! FOR PRODUCTION RUNS, USE:                      !!!
20210225 063507.499 INFO             PET2 !!!                   ESMF_LOGKIND_Multi_On_Error  !!!
20210225 063507.499 INFO             PET2 !!!!!!!!!!!!!!!!!!!!!!!!!!!!!!!!!!!!!!!!!!!!!!!!!!!!!!
20210225 063507.499 INFO             PET2 Running with ESMF Version   : ESMF_8_1_0_beta_snapshot_47-4-g0d177ef04f
20210225 063507.499 INFO             PET2 ESMF library build date/time: "Feb 25 2021" "06:31:15"
20210225 063507.499 INFO             PET2 ESMF library build location : /glade/scratch/himanshu/relese_8.1.0/dir/gfortran_cheyenne/esmf
20210225 063507.499 INFO             PET2 ESMF_COMM                   : openmpi
20210225 063507.500 INFO             PET2 ESMF_MOAB                   : enabled
20210225 063507.500 INFO             PET2 ESMF_LAPACK                 : enabled
20210225 063507.500 INFO             PET2 ESMF_NETCDF                 : disabled
20210225 063507.500 INFO             PET2 ESMF_PNETCDF                : disabled
20210225 063507.500 INFO             PET2 ESMF_PIO                    : enabled
20210225 063507.500 INFO             PET2 ESMF_YAMLCPP                : enabled
20210225 063507.500 INFO             PET2 Finalizing ESMF
20210225 063507.902 INFO             PET2 !!!!!!!!!!!!!!!!!!!!!!!!!!!!!!!!!!!!!!!!!!!!!!!!!!!!!!
20210225 063507.902 INFO             PET2 !!! THE ESMF_LOG IS SET TO OUTPUT ALL LOG MESSAGES !!!
20210225 063507.902 INFO             PET2 !!!     THIS MAY CAUSE SLOWDOWN IN PERFORMANCE     !!!
20210225 063507.902 INFO             PET2 !!! FOR PRODUCTION RUNS, USE:                      !!!
20210225 063507.902 INFO             PET2 !!!                   ESMF_LOGKIND_Multi_On_Error  !!!
20210225 063507.902 INFO             PET2 !!!!!!!!!!!!!!!!!!!!!!!!!!!!!!!!!!!!!!!!!!!!!!!!!!!!!!
20210225 063507.902 INFO             PET2 Running with ESMF Version   : ESMF_8_1_0_beta_snapshot_47-4-g0d177ef04f
20210225 063507.902 INFO             PET2 ESMF library build date/time: "Feb 25 2021" "06:31:15"
20210225 063507.902 INFO             PET2 ESMF library build location : /glade/scratch/himanshu/relese_8.1.0/dir/gfortran_cheyenne/esmf
20210225 063507.902 INFO             PET2 ESMF_COMM                   : openmpi
20210225 063507.903 INFO             PET2 ESMF_MOAB                   : enabled
20210225 063507.903 INFO             PET2 ESMF_LAPACK                 : enabled
20210225 063507.903 INFO             PET2 ESMF_NETCDF                 : disabled
20210225 063507.903 INFO             PET2 ESMF_PNETCDF                : disabled
20210225 063507.903 INFO             PET2 ESMF_PIO                    : enabled
20210225 063507.903 INFO             PET2 ESMF_YAMLCPP                : enabled
20210225 063507.904 INFO             PET2 Finalizing ESMF
Fri Feb 26 08:04:40 MST 2021
