20210223 052838.132 INFO             PET3 !!!!!!!!!!!!!!!!!!!!!!!!!!!!!!!!!!!!!!!!!!!!!!!!!!!!!!
20210223 052838.132 INFO             PET3 !!! THE ESMF_LOG IS SET TO OUTPUT ALL LOG MESSAGES !!!
20210223 052838.132 INFO             PET3 !!!     THIS MAY CAUSE SLOWDOWN IN PERFORMANCE     !!!
20210223 052838.132 INFO             PET3 !!! FOR PRODUCTION RUNS, USE:                      !!!
20210223 052838.132 INFO             PET3 !!!                   ESMF_LOGKIND_Multi_On_Error  !!!
20210223 052838.132 INFO             PET3 !!!!!!!!!!!!!!!!!!!!!!!!!!!!!!!!!!!!!!!!!!!!!!!!!!!!!!
20210223 052838.132 INFO             PET3 Running with ESMF Version   : ESMF_8_1_0_beta_snapshot_47
20210223 052838.132 INFO             PET3 ESMF library build date/time: "Feb 23 2021" "05:24:56"
20210223 052838.132 INFO             PET3 ESMF library build location : /glade/scratch/himanshu/relese_8.1.0/dir/gfortran_cheyenne/esmf
20210223 052838.132 INFO             PET3 ESMF_COMM                   : openmpi
20210223 052838.132 INFO             PET3 ESMF_MOAB                   : enabled
20210223 052838.132 INFO             PET3 ESMF_LAPACK                 : enabled
20210223 052838.132 INFO             PET3 ESMF_NETCDF                 : disabled
20210223 052838.132 INFO             PET3 ESMF_PNETCDF                : disabled
20210223 052838.132 INFO             PET3 ESMF_PIO                    : enabled
20210223 052838.132 INFO             PET3 ESMF_YAMLCPP                : enabled
20210223 052838.132 INFO             PET3 Finalizing ESMF
20210223 052838.538 INFO             PET3 !!!!!!!!!!!!!!!!!!!!!!!!!!!!!!!!!!!!!!!!!!!!!!!!!!!!!!
20210223 052838.538 INFO             PET3 !!! THE ESMF_LOG IS SET TO OUTPUT ALL LOG MESSAGES !!!
20210223 052838.538 INFO             PET3 !!!     THIS MAY CAUSE SLOWDOWN IN PERFORMANCE     !!!
20210223 052838.538 INFO             PET3 !!! FOR PRODUCTION RUNS, USE:                      !!!
20210223 052838.538 INFO             PET3 !!!                   ESMF_LOGKIND_Multi_On_Error  !!!
20210223 052838.538 INFO             PET3 !!!!!!!!!!!!!!!!!!!!!!!!!!!!!!!!!!!!!!!!!!!!!!!!!!!!!!
20210223 052838.538 INFO             PET3 Running with ESMF Version   : ESMF_8_1_0_beta_snapshot_47
20210223 052838.538 INFO             PET3 ESMF library build date/time: "Feb 23 2021" "05:24:56"
20210223 052838.538 INFO             PET3 ESMF library build location : /glade/scratch/himanshu/relese_8.1.0/dir/gfortran_cheyenne/esmf
20210223 052838.538 INFO             PET3 ESMF_COMM                   : openmpi
20210223 052838.538 INFO             PET3 ESMF_MOAB                   : enabled
20210223 052838.538 INFO             PET3 ESMF_LAPACK                 : enabled
20210223 052838.538 INFO             PET3 ESMF_NETCDF                 : disabled
20210223 052838.538 INFO             PET3 ESMF_PNETCDF                : disabled
20210223 052838.538 INFO             PET3 ESMF_PIO                    : enabled
20210223 052838.538 INFO             PET3 ESMF_YAMLCPP                : enabled
20210223 052838.539 INFO             PET3 Finalizing ESMF
20210223 052838.937 INFO             PET3 !!!!!!!!!!!!!!!!!!!!!!!!!!!!!!!!!!!!!!!!!!!!!!!!!!!!!!
20210223 052838.937 INFO             PET3 !!! THE ESMF_LOG IS SET TO OUTPUT ALL LOG MESSAGES !!!
20210223 052838.937 INFO             PET3 !!!     THIS MAY CAUSE SLOWDOWN IN PERFORMANCE     !!!
20210223 052838.937 INFO             PET3 !!! FOR PRODUCTION RUNS, USE:                      !!!
20210223 052838.937 INFO             PET3 !!!                   ESMF_LOGKIND_Multi_On_Error  !!!
20210223 052838.937 INFO             PET3 !!!!!!!!!!!!!!!!!!!!!!!!!!!!!!!!!!!!!!!!!!!!!!!!!!!!!!
20210223 052838.937 INFO             PET3 Running with ESMF Version   : ESMF_8_1_0_beta_snapshot_47
20210223 052838.937 INFO             PET3 ESMF library build date/time: "Feb 23 2021" "05:24:56"
20210223 052838.937 INFO             PET3 ESMF library build location : /glade/scratch/himanshu/relese_8.1.0/dir/gfortran_cheyenne/esmf
20210223 052838.937 INFO             PET3 ESMF_COMM                   : openmpi
20210223 052838.939 INFO             PET3 ESMF_MOAB                   : enabled
20210223 052838.939 INFO             PET3 ESMF_LAPACK                 : enabled
20210223 052838.939 INFO             PET3 ESMF_NETCDF                 : disabled
20210223 052838.939 INFO             PET3 ESMF_PNETCDF                : disabled
20210223 052838.939 INFO             PET3 ESMF_PIO                    : enabled
20210223 052838.939 INFO             PET3 ESMF_YAMLCPP                : enabled
20210223 052838.940 INFO             PET3 Finalizing ESMF
Tue Feb 23 13:44:16 MST 2021
