 localPET=           1  localDE=           0 : array(           1 ,           1 
 )=  4.243991582918676E-314
 localPET=           2  localDE=           0 : array(           1 ,           1 
 )=  6.935794479436337E-310
 localPET=           2  localDE=           0 : array(           1 ,           2 
 )=  4.172013484701003E-309
 localPET=           2  localDE=           0 : array(           2 ,           1 
 )=  2.781342323134002E-309
 localPET=           2  localDE=           0 : array(           2 ,           2 
 )=  4.243991583412742E-314
 localPET=           0  localDE=           0 : array(           1 ,           1 
 )=  -2.00000000000000     
 localPET=           0  localDE=           0 : array(           1 ,           2 
 )=  -2.00000000000000     
 localPET=           0  localDE=           0 : array(           2 ,           1 
 )=  -2.00000000000000     
 localPET=           0  localDE=           0 : array(           2 ,           2 
 )=  -2.00000000000000     
 localPET=           0  localDE=           0 : array(           3 ,           1 
 )=  -2.00000000000000     
 localPET=           0  localDE=           0 : array(           3 ,           2 
 )=  -2.00000000000000     
 localPET=           0  localDE=           1 : array(           1 ,           1 
 )=  1.976262583364986E-323
 localPET=           0  localDE=           1 : array(           2 ,           1 
 )=  -2.00000000000000     
 localPET=           1  localDE=           0 : array(           1 ,           2 
 )=  2.121995791459338E-314
 localPET=           1  localDE=           0 : array(           2 ,           1 
 )=  8.344048189359925E-309
 localPET=           1  localDE=           0 : array(           2 ,           2 
 )=  9.734719350926921E-309
 localPET=           1  localDE=           1 : array(           1 ,           1 
 )=  4.446590812571219E-323
 localPET=           1  localDE=           1 : array(           2 ,           1 
 )=  1.068035452083457E-306
 localPET=           2  localDE=           0 : array(           3 ,           1 
 )=  2.121995791459338E-314
 localPET=           2  localDE=           0 : array(           3 ,           2 
 )=  5.562684646268003E-309
 localPET=           3  localDE=           0 : array(           1 ,           1 
 )=  4.243991582424610E-314
 localPET=           3  localDE=           0 : array(           1 ,           2 
 )=  4.243991582424610E-314
 localPET=           3  localDE=           0 : array(           2 ,           1 
 )=  1.223790622178961E-307
 localPET=           3  localDE=           0 : array(           2 ,           2 
 )=  1.279417468641641E-307
 localPET=           0  localDE=           1 : array(           3 ,           1 
 )=  -2.00000000000000     
 localPet:            3 DE            3  [           1           2 ]
 localPet:            2 DE            2  [           1           3 ]
 localPet:            1 DE            1  [           1           2 ]
 localPet:            1 DE            5  [           1           2 ]
 localPet:            0 DE            0  [           1           3 ]
 localPet:            0 DE            4  [           1           3 ]
  PASS  Example ESMF_ArrayEx, ESMF_ArrayEx.F90, line 1591
 PASS: ESMF_ArrayEx.F90
  PASS  Example ESMF_ArrayEx, ESMF_ArrayEx.F90, line 1591
 PASS: ESMF_ArrayEx.F90
  PASS  Example ESMF_ArrayEx, ESMF_ArrayEx.F90, line 1591
 PASS: ESMF_ArrayEx.F90
  PASS  Example ESMF_ArrayEx, ESMF_ArrayEx.F90, line 1591
 PASS: ESMF_ArrayEx.F90
