20210213 042616.121 INFO             PET3 !!!!!!!!!!!!!!!!!!!!!!!!!!!!!!!!!!!!!!!!!!!!!!!!!!!!!!
20210213 042616.121 INFO             PET3 !!! THE ESMF_LOG IS SET TO OUTPUT ALL LOG MESSAGES !!!
20210213 042616.121 INFO             PET3 !!!     THIS MAY CAUSE SLOWDOWN IN PERFORMANCE     !!!
20210213 042616.121 INFO             PET3 !!! FOR PRODUCTION RUNS, USE:                      !!!
20210213 042616.121 INFO             PET3 !!!                   ESMF_LOGKIND_Multi_On_Error  !!!
20210213 042616.121 INFO             PET3 !!!!!!!!!!!!!!!!!!!!!!!!!!!!!!!!!!!!!!!!!!!!!!!!!!!!!!
20210213 042616.121 INFO             PET3 Running with ESMF Version   : ESMF_8_1_0_beta_snapshot_44-80-g014a1253fa
20210213 042616.121 INFO             PET3 ESMF library build date/time: "Feb 13 2021" "04:13:36"
20210213 042616.121 INFO             PET3 ESMF library build location : /glade/scratch/himanshu/scripts_dir/daily/intel_cheyenne/esmf
20210213 042616.121 INFO             PET3 ESMF_COMM                   : mpt
20210213 042616.122 INFO             PET3 ESMF_MOAB                   : enabled
20210213 042616.122 INFO             PET3 ESMF_LAPACK                 : enabled
20210213 042616.122 INFO             PET3 ESMF_NETCDF                 : disabled
20210213 042616.122 INFO             PET3 ESMF_PNETCDF                : disabled
20210213 042616.122 INFO             PET3 ESMF_PIO                    : enabled
20210213 042616.122 INFO             PET3 ESMF_YAMLCPP                : enabled
20210213 042616.122 INFO             PET3 Finalizing ESMF
20210213 042616.245 INFO             PET3 !!!!!!!!!!!!!!!!!!!!!!!!!!!!!!!!!!!!!!!!!!!!!!!!!!!!!!
20210213 042616.245 INFO             PET3 !!! THE ESMF_LOG IS SET TO OUTPUT ALL LOG MESSAGES !!!
20210213 042616.245 INFO             PET3 !!!     THIS MAY CAUSE SLOWDOWN IN PERFORMANCE     !!!
20210213 042616.245 INFO             PET3 !!! FOR PRODUCTION RUNS, USE:                      !!!
20210213 042616.245 INFO             PET3 !!!                   ESMF_LOGKIND_Multi_On_Error  !!!
20210213 042616.245 INFO             PET3 !!!!!!!!!!!!!!!!!!!!!!!!!!!!!!!!!!!!!!!!!!!!!!!!!!!!!!
20210213 042616.245 INFO             PET3 Running with ESMF Version   : ESMF_8_1_0_beta_snapshot_44-80-g014a1253fa
20210213 042616.245 INFO             PET3 ESMF library build date/time: "Feb 13 2021" "04:13:36"
20210213 042616.245 INFO             PET3 ESMF library build location : /glade/scratch/himanshu/scripts_dir/daily/intel_cheyenne/esmf
20210213 042616.245 INFO             PET3 ESMF_COMM                   : mpt
20210213 042616.245 INFO             PET3 ESMF_MOAB                   : enabled
20210213 042616.245 INFO             PET3 ESMF_LAPACK                 : enabled
20210213 042616.245 INFO             PET3 ESMF_NETCDF                 : disabled
20210213 042616.245 INFO             PET3 ESMF_PNETCDF                : disabled
20210213 042616.245 INFO             PET3 ESMF_PIO                    : enabled
20210213 042616.245 INFO             PET3 ESMF_YAMLCPP                : enabled
20210213 042616.246 INFO             PET3 Finalizing ESMF
20210213 042616.359 INFO             PET3 !!!!!!!!!!!!!!!!!!!!!!!!!!!!!!!!!!!!!!!!!!!!!!!!!!!!!!
20210213 042616.359 INFO             PET3 !!! THE ESMF_LOG IS SET TO OUTPUT ALL LOG MESSAGES !!!
20210213 042616.359 INFO             PET3 !!!     THIS MAY CAUSE SLOWDOWN IN PERFORMANCE     !!!
20210213 042616.359 INFO             PET3 !!! FOR PRODUCTION RUNS, USE:                      !!!
20210213 042616.359 INFO             PET3 !!!                   ESMF_LOGKIND_Multi_On_Error  !!!
20210213 042616.359 INFO             PET3 !!!!!!!!!!!!!!!!!!!!!!!!!!!!!!!!!!!!!!!!!!!!!!!!!!!!!!
20210213 042616.359 INFO             PET3 Running with ESMF Version   : ESMF_8_1_0_beta_snapshot_44-80-g014a1253fa
20210213 042616.359 INFO             PET3 ESMF library build date/time: "Feb 13 2021" "04:13:36"
20210213 042616.359 INFO             PET3 ESMF library build location : /glade/scratch/himanshu/scripts_dir/daily/intel_cheyenne/esmf
20210213 042616.359 INFO             PET3 ESMF_COMM                   : mpt
20210213 042616.360 INFO             PET3 ESMF_MOAB                   : enabled
20210213 042616.360 INFO             PET3 ESMF_LAPACK                 : enabled
20210213 042616.360 INFO             PET3 ESMF_NETCDF                 : disabled
20210213 042616.360 INFO             PET3 ESMF_PNETCDF                : disabled
20210213 042616.360 INFO             PET3 ESMF_PIO                    : enabled
20210213 042616.360 INFO             PET3 ESMF_YAMLCPP                : enabled
20210213 042616.361 INFO             PET3 Finalizing ESMF
Sat Feb 13 13:11:07 MST 2021
