20200905 193635.586 INFO             PET2 !!!!!!!!!!!!!!!!!!!!!!!!!!!!!!!!!!!!!!!!!!!!!!!!!!!!!!
20200905 193635.586 INFO             PET2 !!! THE ESMF_LOG IS SET TO OUTPUT ALL LOG MESSAGES !!!
20200905 193635.586 INFO             PET2 !!!     THIS MAY CAUSE SLOWDOWN IN PERFORMANCE     !!!
20200905 193635.586 INFO             PET2 !!! FOR PRODUCTION RUNS, USE:                      !!!
20200905 193635.586 INFO             PET2 !!!                   ESMF_LOGKIND_Multi_On_Error  !!!
20200905 193635.586 INFO             PET2 !!!!!!!!!!!!!!!!!!!!!!!!!!!!!!!!!!!!!!!!!!!!!!!!!!!!!!
20200905 193635.586 INFO             PET2 Running with ESMF Version   : ESMF_8_1_0_beta_snapshot_27-50-gbd345323e0
20200905 193635.586 INFO             PET2 ESMF library build date/time: "Sep  5 2020" "19:34:05"
20200905 193635.586 INFO             PET2 ESMF library build location : /scratch/esmf/esmf_test/cronjobs/trunk/gfortran/esmf
20200905 193635.586 INFO             PET2 ESMF_COMM                   : openmpi
20200905 193635.586 INFO             PET2 ESMF_NETCDF                 : disabled
20200905 193635.586 INFO             PET2 ESMF_PNETCDF                : disabled
20200905 193635.586 INFO             PET2 ESMF_PIO                    : enabled
20200905 193635.586 INFO             PET2 ESMF_YAMLCPP                : enabled
20200905 193635.586 INFO             PET2 ESMF_MOAB                   : enabled
20200905 193635.587 INFO             PET2 Finalizing ESMF
20200905 193635.782 INFO             PET2 !!!!!!!!!!!!!!!!!!!!!!!!!!!!!!!!!!!!!!!!!!!!!!!!!!!!!!
20200905 193635.782 INFO             PET2 !!! THE ESMF_LOG IS SET TO OUTPUT ALL LOG MESSAGES !!!
20200905 193635.782 INFO             PET2 !!!     THIS MAY CAUSE SLOWDOWN IN PERFORMANCE     !!!
20200905 193635.782 INFO             PET2 !!! FOR PRODUCTION RUNS, USE:                      !!!
20200905 193635.782 INFO             PET2 !!!                   ESMF_LOGKIND_Multi_On_Error  !!!
20200905 193635.782 INFO             PET2 !!!!!!!!!!!!!!!!!!!!!!!!!!!!!!!!!!!!!!!!!!!!!!!!!!!!!!
20200905 193635.782 INFO             PET2 Running with ESMF Version   : ESMF_8_1_0_beta_snapshot_27-50-gbd345323e0
20200905 193635.782 INFO             PET2 ESMF library build date/time: "Sep  5 2020" "19:34:05"
20200905 193635.782 INFO             PET2 ESMF library build location : /scratch/esmf/esmf_test/cronjobs/trunk/gfortran/esmf
20200905 193635.782 INFO             PET2 ESMF_COMM                   : openmpi
20200905 193635.782 INFO             PET2 ESMF_NETCDF                 : disabled
20200905 193635.782 INFO             PET2 ESMF_PNETCDF                : disabled
20200905 193635.782 INFO             PET2 ESMF_PIO                    : enabled
20200905 193635.782 INFO             PET2 ESMF_YAMLCPP                : enabled
20200905 193635.782 INFO             PET2 ESMF_MOAB                   : enabled
20200905 193635.783 INFO             PET2 Finalizing ESMF
20200905 193635.981 INFO             PET2 !!!!!!!!!!!!!!!!!!!!!!!!!!!!!!!!!!!!!!!!!!!!!!!!!!!!!!
20200905 193635.982 INFO             PET2 !!! THE ESMF_LOG IS SET TO OUTPUT ALL LOG MESSAGES !!!
20200905 193635.982 INFO             PET2 !!!     THIS MAY CAUSE SLOWDOWN IN PERFORMANCE     !!!
20200905 193635.982 INFO             PET2 !!! FOR PRODUCTION RUNS, USE:                      !!!
20200905 193635.982 INFO             PET2 !!!                   ESMF_LOGKIND_Multi_On_Error  !!!
20200905 193635.982 INFO             PET2 !!!!!!!!!!!!!!!!!!!!!!!!!!!!!!!!!!!!!!!!!!!!!!!!!!!!!!
20200905 193635.982 INFO             PET2 Running with ESMF Version   : ESMF_8_1_0_beta_snapshot_27-50-gbd345323e0
20200905 193635.982 INFO             PET2 ESMF library build date/time: "Sep  5 2020" "19:34:05"
20200905 193635.982 INFO             PET2 ESMF library build location : /scratch/esmf/esmf_test/cronjobs/trunk/gfortran/esmf
20200905 193635.982 INFO             PET2 ESMF_COMM                   : openmpi
20200905 193635.982 INFO             PET2 ESMF_NETCDF                 : disabled
20200905 193635.982 INFO             PET2 ESMF_PNETCDF                : disabled
20200905 193635.982 INFO             PET2 ESMF_PIO                    : enabled
20200905 193635.982 INFO             PET2 ESMF_YAMLCPP                : enabled
20200905 193635.982 INFO             PET2 ESMF_MOAB                   : enabled
20200905 193635.982 INFO             PET2 Finalizing ESMF
