20200907 191638.110 INFO             PET2 !!!!!!!!!!!!!!!!!!!!!!!!!!!!!!!!!!!!!!!!!!!!!!!!!!!!!!
20200907 191638.110 INFO             PET2 !!! THE ESMF_LOG IS SET TO OUTPUT ALL LOG MESSAGES !!!
20200907 191638.110 INFO             PET2 !!!     THIS MAY CAUSE SLOWDOWN IN PERFORMANCE     !!!
20200907 191638.110 INFO             PET2 !!! FOR PRODUCTION RUNS, USE:                      !!!
20200907 191638.110 INFO             PET2 !!!                   ESMF_LOGKIND_Multi_On_Error  !!!
20200907 191638.110 INFO             PET2 !!!!!!!!!!!!!!!!!!!!!!!!!!!!!!!!!!!!!!!!!!!!!!!!!!!!!!
20200907 191638.110 INFO             PET2 Running with ESMF Version   : ESMF_8_1_0_beta_snapshot_27-51-gb26cf95dd1
20200907 191638.110 INFO             PET2 ESMF library build date/time: "Sep  7 2020" "19:14:03"
20200907 191638.110 INFO             PET2 ESMF library build location : /scratch/esmf/esmf_test/cronjobs/trunk/gfortran/esmf
20200907 191638.110 INFO             PET2 ESMF_COMM                   : openmpi
20200907 191638.110 INFO             PET2 ESMF_NETCDF                 : disabled
20200907 191638.110 INFO             PET2 ESMF_PNETCDF                : disabled
20200907 191638.110 INFO             PET2 ESMF_PIO                    : enabled
20200907 191638.110 INFO             PET2 ESMF_YAMLCPP                : enabled
20200907 191638.110 INFO             PET2 ESMF_MOAB                   : enabled
20200907 191638.111 INFO             PET2 Finalizing ESMF
20200907 191638.344 INFO             PET2 !!!!!!!!!!!!!!!!!!!!!!!!!!!!!!!!!!!!!!!!!!!!!!!!!!!!!!
20200907 191638.344 INFO             PET2 !!! THE ESMF_LOG IS SET TO OUTPUT ALL LOG MESSAGES !!!
20200907 191638.344 INFO             PET2 !!!     THIS MAY CAUSE SLOWDOWN IN PERFORMANCE     !!!
20200907 191638.344 INFO             PET2 !!! FOR PRODUCTION RUNS, USE:                      !!!
20200907 191638.344 INFO             PET2 !!!                   ESMF_LOGKIND_Multi_On_Error  !!!
20200907 191638.344 INFO             PET2 !!!!!!!!!!!!!!!!!!!!!!!!!!!!!!!!!!!!!!!!!!!!!!!!!!!!!!
20200907 191638.344 INFO             PET2 Running with ESMF Version   : ESMF_8_1_0_beta_snapshot_27-51-gb26cf95dd1
20200907 191638.344 INFO             PET2 ESMF library build date/time: "Sep  7 2020" "19:14:03"
20200907 191638.344 INFO             PET2 ESMF library build location : /scratch/esmf/esmf_test/cronjobs/trunk/gfortran/esmf
20200907 191638.344 INFO             PET2 ESMF_COMM                   : openmpi
20200907 191638.344 INFO             PET2 ESMF_NETCDF                 : disabled
20200907 191638.344 INFO             PET2 ESMF_PNETCDF                : disabled
20200907 191638.344 INFO             PET2 ESMF_PIO                    : enabled
20200907 191638.344 INFO             PET2 ESMF_YAMLCPP                : enabled
20200907 191638.344 INFO             PET2 ESMF_MOAB                   : enabled
20200907 191638.344 INFO             PET2 Finalizing ESMF
20200907 191638.567 INFO             PET2 !!!!!!!!!!!!!!!!!!!!!!!!!!!!!!!!!!!!!!!!!!!!!!!!!!!!!!
20200907 191638.567 INFO             PET2 !!! THE ESMF_LOG IS SET TO OUTPUT ALL LOG MESSAGES !!!
20200907 191638.567 INFO             PET2 !!!     THIS MAY CAUSE SLOWDOWN IN PERFORMANCE     !!!
20200907 191638.567 INFO             PET2 !!! FOR PRODUCTION RUNS, USE:                      !!!
20200907 191638.567 INFO             PET2 !!!                   ESMF_LOGKIND_Multi_On_Error  !!!
20200907 191638.567 INFO             PET2 !!!!!!!!!!!!!!!!!!!!!!!!!!!!!!!!!!!!!!!!!!!!!!!!!!!!!!
20200907 191638.567 INFO             PET2 Running with ESMF Version   : ESMF_8_1_0_beta_snapshot_27-51-gb26cf95dd1
20200907 191638.567 INFO             PET2 ESMF library build date/time: "Sep  7 2020" "19:14:03"
20200907 191638.567 INFO             PET2 ESMF library build location : /scratch/esmf/esmf_test/cronjobs/trunk/gfortran/esmf
20200907 191638.567 INFO             PET2 ESMF_COMM                   : openmpi
20200907 191638.568 INFO             PET2 ESMF_NETCDF                 : disabled
20200907 191638.568 INFO             PET2 ESMF_PNETCDF                : disabled
20200907 191638.568 INFO             PET2 ESMF_PIO                    : enabled
20200907 191638.568 INFO             PET2 ESMF_YAMLCPP                : enabled
20200907 191638.568 INFO             PET2 ESMF_MOAB                   : enabled
20200907 191638.568 INFO             PET2 Finalizing ESMF
