commit 2f00e5acf67621c4e379befbf2256f7d8e748809
Author: Himanshu Pillai <himanshu@cheyenne6.cheyenne.ucar.edu>
Date:   Thu Feb 18 22:59:00 2021 -0700

     Cheyenne BFB artifacts pushed at Thu Feb 18 22:59:00 MST 2021

commit 8891a3e05798a25a7daabe197b100f810910c42b
Author: Himanshu Pillai <himanshu@cheyenne2.cheyenne.ucar.edu>
Date:   Wed Feb 17 23:07:31 2021 -0700

     Cheyenne BFB artifacts pushed at Wed Feb 17 23:07:31 MST 2021

commit a8ea71754d159878a7584d7ab5ad2811f70ee92a
Author: Himanshu Pillai <himanshu@cheyenne2.cheyenne.ucar.edu>
Date:   Tue Feb 16 23:13:53 2021 -0700

     Cheyenne BFB artifacts pushed at Tue Feb 16 23:13:53 MST 2021

commit f79610ce9bb79c765a05b2abfc0643a2e7c3035e
Author: Himanshu Pillai <himanshu@cheyenne6.cheyenne.ucar.edu>
Date:   Mon Feb 15 22:34:43 2021 -0700

     Cheyenne BFB artifacts pushed at Mon Feb 15 22:34:42 MST 2021

commit 6e9987440ce6f88daf5354bcae76d3ff1fc68427
Author: Himanshu Pillai <himanshu@cheyenne6.cheyenne.ucar.edu>
Date:   Sun Feb 14 22:44:35 2021 -0700

     Cheyenne BFB artifacts pushed at Sun Feb 14 22:44:35 MST 2021

commit 7cd810b77149926cbe77c58314a58c447691207c
Author: Himanshu Pillai <himanshu@cheyenne6.cheyenne.ucar.edu>
Date:   Sat Feb 13 23:48:27 2021 -0700

     Cheyenne BFB artifacts pushed at Sat Feb 13 23:48:27 MST 2021
