commit 300017bfc35b4d36428c9a2aeae29eeba9dc750f
Author: Himanshu Pillai <himanshu@cheyenne3.cheyenne.ucar.edu>
Date:   Thu Feb 11 23:49:28 2021 -0700

     Cheyenne NUOPC artifacts pushed at Thu Feb 11 23:49:28 MST 2021

commit 06519a72df1c99347a0c1cec2cf6ac348b3d05d1
Author: Himanshu Pillai <himanshu@cheyenne3.cheyenne.ucar.edu>
Date:   Wed Feb 10 23:59:36 2021 -0700

     Cheyenne NUOPC artifacts pushed at Wed Feb 10 23:59:36 MST 2021

commit 3a745cf7d661fdf7387249aa7ed77787abb1661a
Author: Himanshu Pillai <himanshu@cheyenne4.cheyenne.ucar.edu>
Date:   Tue Feb 9 23:56:24 2021 -0700

     Cheyenne NUOPC artifacts pushed at Tue Feb  9 23:56:24 MST 2021

commit 8bd1f239c9ccd60dc4c329a6d19a38dcef6bdb64
Author: Himanshu Pillai <himanshu@cheyenne4.cheyenne.ucar.edu>
Date:   Tue Feb 9 02:19:20 2021 -0700

     Cheyenne NUOPC artifacts pushed at Tue Feb  9 02:19:20 MST 2021

commit dfe8a2ba022d217a1843e8c77418c0290b76f03c
Author: Himanshu Pillai <himanshu@cheyenne5.cheyenne.ucar.edu>
Date:   Sun Feb 7 22:06:55 2021 -0700

     Cheyenne NUOPC artifacts pushed at Sun Feb  7 22:06:55 MST 2021
