20201117 134332.134 INFO             PET0 !!!!!!!!!!!!!!!!!!!!!!!!!!!!!!!!!!!!!!!!!!!!!!!!!!!!!!
20201117 134332.135 INFO             PET0 !!! THE ESMF_LOG IS SET TO OUTPUT ALL LOG MESSAGES !!!
20201117 134332.135 INFO             PET0 !!!     THIS MAY CAUSE SLOWDOWN IN PERFORMANCE     !!!
20201117 134332.135 INFO             PET0 !!! FOR PRODUCTION RUNS, USE:                      !!!
20201117 134332.135 INFO             PET0 !!!                   ESMF_LOGKIND_Multi_On_Error  !!!
20201117 134332.135 INFO             PET0 !!!!!!!!!!!!!!!!!!!!!!!!!!!!!!!!!!!!!!!!!!!!!!!!!!!!!!
20201117 134332.135 INFO             PET0 Running with ESMF Version   : ESMF_8_1_0_beta_snapshot_37-1-g18a355632c
20201117 134332.135 INFO             PET0 ESMF library build date/time: "Nov 17 2020" "13:03:59"
20201117 134332.135 INFO             PET0 ESMF library build location : /glade/scratch/himanshu/manual/pgi_mpiuni/esmf
20201117 134332.135 INFO             PET0 ESMF_COMM                   : mpiuni
20201117 134332.135 INFO             PET0 ESMF_NETCDF                 : enabled
20201117 134332.135 INFO             PET0 ESMF_PNETCDF                : disabled
20201117 134332.135 INFO             PET0 ESMF_PIO                    : disabled
20201117 134332.135 INFO             PET0 ESMF_YAMLCPP                : enabled
20201117 134332.135 INFO             PET0 ESMF_MOAB                   : enabled
20201117 134332.135 INFO             PET0 ESMF Tracing Enabled
20201117 134332.135 INFO             PET0 ESMF Profiling Enabled
20201117 134332.135 INFO             PET0 ESMF Trace/Profile clock: REALTIME
20201117 134332.137 INFO             PET0  NUMBER_OF_PROCESSORS            1
20201117 134332.137 INFO             PET0  PASS  Example ESMF_TraceEx, ESMF_TraceEx.F90, line 178
20201117 134332.137 INFO             PET0 Finalizing ESMF
20201117 134332.137 INFO             PET0 **************** Region Timings *******************
20201117 134332.137 INFO             PET0 Region              Count  Total (s)   Self (s)    Mean (s)    Min (s)     Max (s)
20201117 134332.137 INFO             PET0   [test] Init 1     1      0.0000      0.0000      0.0000      0.0000      0.0000
20201117 134332.137 INFO             PET0   [test] Run 1      5      0.0000      0.0000      0.0000      0.0000      0.0000
20201117 134332.138 INFO             PET0   [test] Final 1    1      0.0000      0.0000      0.0000      0.0000      0.0000
Tue Nov 17 20:02:25 MST 2020
