 State Example 1: Import State
 State Example 1: Import State
 State Example 1: Import State
 State Example 1: Import State
 State Create returned, name = Atmosphere
 State Example 1 finished
 State Example 2: Export State
 State Create returned, name = Ocean
 State Create returned, name = Atmosphere
 State Example 1 finished
 State Example 2: Export State
 State Create returned, name = Ocean
 FieldBundle Create returned           0
 State Create returned, name = Atmosphere
 State Example 1 finished
 State Example 2: Export State
 State Create returned, name = Ocean
 FieldBundle Create returned           0
 State Create returned, name = Atmosphere
 State Example 1 finished
 State Example 2: Export State
 State Create returned, name = Ocean
 FieldBundle Create returned           0
 FieldBundle Create returned           0
 StateAdd returned           0
 StateAdd returned           0
 StateAdd returned           0
 State Destroy returned           0
 FieldBundle Destroy returned           0
 State Destroy returned           0
 FieldBundle Destroy returned           0
 State Example 2 finished
 State Example 3: Export State with Placeholder
 State Create returned           0  name = Ocean
 State Destroy returned           0
 FieldBundle Destroy returned           0
 State Example 2 finished
 State Example 3: Export State with Placeholder
 State Create returned           0  name = Ocean
 State Example 2 finished
 State Example 3: Export State with Placeholder
 State Create returned           0  name = Ocean
 StateAdd returned           0
 State Destroy returned           0
 FieldBundle Destroy returned           0
 State Example 2 finished
 State Example 3: Export State with Placeholder
 State Create returned           0  name = Ocean

Program received signal SIGABRT: Process abort signal.

Backtrace for this error:

Program received signal SIGABRT: Process abort signal.

Backtrace for this error:

Program received signal SIGABRT: Process abort signal.

Backtrace for this error:

Program received signal SIGABRT: Process abort signal.

Backtrace for this error:
#0  0x1055de48d
#1  0x1055dd8c3
#2  0x7fff71a71b5c
#0  0x107cda48d
#1  0x107cd98c3
#2  0x7fff71a71b5c
#0  0x102d4d48d
#1  0x102d4c8c3
#2  0x7fff71a71b5c
#0  0x10c9fa48d
#1  0x10c9f98c3
#2  0x7fff71a71b5c

===================================================================================
=   BAD TERMINATION OF ONE OF YOUR APPLICATION PROCESSES
=   PID 62198 RUNNING AT cgdm-catania
=   EXIT CODE: 6
=   CLEANING UP REMAINING PROCESSES
=   YOU CAN IGNORE THE BELOW CLEANUP MESSAGES
===================================================================================
YOUR APPLICATION TERMINATED WITH THE EXIT STRING: Abort trap: 6 (signal 6)
This typically refers to a problem with your application.
Please see the FAQ page for debugging suggestions
Sat Jan  9 15:58:13 MST 2021
