20201010 202601.249 INFO             PET0 !!!!!!!!!!!!!!!!!!!!!!!!!!!!!!!!!!!!!!!!!!!!!!!!!!!!!!
20201010 202601.249 INFO             PET0 !!! THE ESMF_LOG IS SET TO OUTPUT ALL LOG MESSAGES !!!
20201010 202601.249 INFO             PET0 !!!     THIS MAY CAUSE SLOWDOWN IN PERFORMANCE     !!!
20201010 202601.249 INFO             PET0 !!! FOR PRODUCTION RUNS, USE:                      !!!
20201010 202601.249 INFO             PET0 !!!                   ESMF_LOGKIND_Multi_On_Error  !!!
20201010 202601.249 INFO             PET0 !!!!!!!!!!!!!!!!!!!!!!!!!!!!!!!!!!!!!!!!!!!!!!!!!!!!!!
20201010 202601.249 INFO             PET0 Running with ESMF Version   : ESMF_8_1_0_beta_snapshot_33-12-g659f088597
20201010 202601.249 INFO             PET0 ESMF library build date/time: "Oct 10 2020" "20:16:55"
20201010 202601.249 INFO             PET0 ESMF library build location : /project/esmf/himanshu/esmf_test/cronjobs/daily/gfortran/esmf
20201010 202601.249 INFO             PET0 ESMF_COMM                   : mpich3
20201010 202601.249 INFO             PET0 ESMF_NETCDF                 : enabled
20201010 202601.249 INFO             PET0 ESMF_PNETCDF                : disabled
20201010 202601.249 INFO             PET0 ESMF_PIO                    : enabled
20201010 202601.249 INFO             PET0 ESMF_YAMLCPP                : enabled
20201010 202601.249 INFO             PET0 ESMF_MOAB                   : enabled
20201010 202601.249 INFO             PET0  NUMBER_OF_PROCESSORS           2
20201010 202601.249 INFO             PET0  PASS  Example ESMF_VMUserMpiCommEx, ESMF_VMUserMpiCommEx.F90, line 113
20201010 202601.249 INFO             PET0 Finalizing ESMF
20201010 202601.249 INFO             PET1 !!!!!!!!!!!!!!!!!!!!!!!!!!!!!!!!!!!!!!!!!!!!!!!!!!!!!!
20201010 202601.249 INFO             PET1 !!! THE ESMF_LOG IS SET TO OUTPUT ALL LOG MESSAGES !!!
20201010 202601.249 INFO             PET1 !!!     THIS MAY CAUSE SLOWDOWN IN PERFORMANCE     !!!
20201010 202601.249 INFO             PET1 !!! FOR PRODUCTION RUNS, USE:                      !!!
20201010 202601.249 INFO             PET1 !!!                   ESMF_LOGKIND_Multi_On_Error  !!!
20201010 202601.249 INFO             PET1 !!!!!!!!!!!!!!!!!!!!!!!!!!!!!!!!!!!!!!!!!!!!!!!!!!!!!!
20201010 202601.249 INFO             PET1 Running with ESMF Version   : ESMF_8_1_0_beta_snapshot_33-12-g659f088597
20201010 202601.249 INFO             PET1 ESMF library build date/time: "Oct 10 2020" "20:16:55"
20201010 202601.249 INFO             PET1 ESMF library build location : /project/esmf/himanshu/esmf_test/cronjobs/daily/gfortran/esmf
20201010 202601.249 INFO             PET1 ESMF_COMM                   : mpich3
20201010 202601.249 INFO             PET1 ESMF_NETCDF                 : enabled
20201010 202601.249 INFO             PET1 ESMF_PNETCDF                : disabled
20201010 202601.249 INFO             PET1 ESMF_PIO                    : enabled
20201010 202601.249 INFO             PET1 ESMF_YAMLCPP                : enabled
20201010 202601.249 INFO             PET1 ESMF_MOAB                   : enabled
20201010 202601.249 INFO             PET1  NUMBER_OF_PROCESSORS           2
20201010 202601.249 INFO             PET1  PASS  Example ESMF_VMUserMpiCommEx, ESMF_VMUserMpiCommEx.F90, line 113
20201010 202601.249 INFO             PET1 Finalizing ESMF
