--- ESMCI::ArrayBundle::print start ---
ArrayBundle: MyArrayBundle
arrayCount = 3
Container::print() multipmap:item=--- ESMCI::ArrayBundle::print start ---
ArrayBundle: MyArrayBundle
arrayCount = 3
Container::print() multipmap:item=0 key=AonFly value=0x7fc0f68090000 key=AonFly value=0x7fd095815800
Container::print() multipmap:item=1 key=Array002 value=0x7fd095814000
Container::print() multipmap:item=2 key=Array003 value=0x7fd095814600
Container::print()      list:item=0 key=Array002 value=0x7fd095814000
Container::print()      list:item=1 key=
Container::print() multipmap:item=1 key=Array002 value=0x7fc0f6807800
Container::print() multipmap:item=--- ESMCI::ArrayBundle::print start ---
2 key=Array003 value=0x7fc0f6807e00
Container::print()      list:item=0 key=Array002 value=0x7fc0f6807800
Container::print()      list:item=1 key=Array003 value=0x7fc0f6807e00
Container::print()      list:item=--- ESMCI::ArrayBundle::print start ---
ArrayBundle: MyArrayBundle
arrayCount = 3
Container::print() multipmap:item=Array003 value=0x7fd095814600
Container::print()      list:item=2 key=AonFly value=0x7fd095815800
--- ESMCI::ArrayBundle::print end ---
ArrayBundle: MyArrayBundle
arrayCount = 3
Container::print() multipmap:item=0 key=AonFly value=0x7fb60500fa00
Container::print() multipmap:item=12 key=AonFly value=0x7fc0f6809000
--- ESMCI::ArrayBundle::print end ---
0 key=AonFly value=0x7fbda0011c00
Container::print() multipmap:item=1 key=Array002 value=0x7fbda000fa00
Container::print() multipmap:item=2 key=Array003 value=0x7fbda0002a00
Container::print()      list:item=0 key=Array002 value=0x7fbda000fa00
--- ESMCI::Array::print start ---
 Base name    = AonFly
 Status: Base = Ready,  object = Ready key=Array002 value=0x7fb605004000
Container::print() multipmap:item=2 key=Array003 value=0x7fb605004600
Container::print()      list:item=0 key=Array002 value=0x7fb605004000
Container::print()      list:item=1 key=Array003 value=0x7fb605004600
Container::print()      list:item=2 key=AonFly value=0x7fb60500fa00
--- ESMCI::ArrayBundle::print end ---
--- ESMCI::Array::print start ---
 Base name    = AonFly
 Status: Base = Ready,  object = Ready
 Proxy        = no
 Root Info (Attributes):
Container::print()      list:item=1 key=Array003 value=0x7fbda0002a00
Container::print()      list:item=2 key=AonFly value=0x7fbda0011c00
--- ESMCI::ArrayBundle::print end ---
--- ESMCI::Array::print start ---

 Proxy        = no
 Root Info (Attributes):
--- ESMCI::Array::print start ---
 Base name    = AonFly
{}Array typekind/rank: Real*4 / 2 
~ lower class' values ~
DistGrid dimCount = 2
deCount = 6
localDeCount = 1
~ local data in LocalArray for DE 2 ~
LocalArrayPrint: Array at address 0x7fc0f5d04ec0:
            rank = 2, typekind = 5,  Base name    = AonFly
 Status: Base = Ready,  object = Ready
 Proxy        = no
 Root Info (Attributes):
{}Array typekind/rank: Real*4 / 2 
~ lower class' values ~
DistGrid dimCount = 2
deCount = 6
 Status: Base = Ready,  object = Ready
 Proxy        = no
 Root Info (Attributes):
base_addr = 0x7fc0f5d04850
            dim[0] = 3  dim[1] = 2  
  Real, *4, Dim 2, Data values:
( 1, 1) =  0
( 2, 1) =  -8.58993e+09
( 3, 1) =  0
( 1, 2) =  -8.58993e+09
( 2, 2) =  -5.27343e+32
( 3, 2) =  4.58281e-41
dim 1: [0]: [1 [1 [1, 3] 3] 3]
dim 2: [1]: [1 [1 [1, 2] 2] 2]
--- ESMCI::Array::print end ---
--- ESMCI::Array::print start ---
 Base name    = Array002
 Status: Base = Ready, localDeCount = 2
~ local data in LocalArray for DE 0 ~
LocalArrayPrint: Array at address 0x7fd095511200:
            rank = 2, typekind = 5, base_addr = 0x7fd095510830
            dim[0] = 3  dim[1] = 2  
  Real, *4, Dim 2, Data values:
( 1, 1) =  0
( 2, 1) =  -4.65661e-10
( 3, 1) =  0
( 1, 2) =  -4.65661e-10
( 2, 2) =  -4.22073e-26
( 3, 2) =  4.58505e-41
dim 1: [0]: [1 [1 [1, 3] 3] 3]
dim 2: [1]: [1 [1 [1, 2] 2] 2]
~ local data in LocalArray for DE 4 ~
LocalArrayPrint: Array at address 0x7fd095511530:
            rank = 2, typekind = 5, base_addr = 0x7fd0955111f0
 object = Ready
 Proxy        = no
 Root Info (Attributes):
{}Array typekind/rank: Real*8 / 2 
~ lower class' values ~
DistGrid dimCount = 2
deCount = 6
localDeCount = 1
~ local data in LocalArray for DE 2 ~
LocalArrayPrint: Array at address 0x7fc0f5d03380:
            rank = 2, typekind = 6, base_addr = 0x7fc0f5d03090
            dim[0] = 3  dim[1] = 2  
  Real, *8, Dim 2, Data values:
( 1, 1) =  -2.31584e+77
( 2, 1) =  -2.31584e+77
( 3, 1) =  -2.31584e+77
( 1, 2) =  -2.31584e+77
( 2, 2) =  4.24399e-314
( 3, 2) =  4.24399e-314
dim 1: [0]: [1 [1 [1, 3] 3] 3]
{}Array typekind/rank: Real*4 / 2 
~ lower class' values ~
DistGrid dimCount = 2
deCount = 6
localDeCount = 1
~ local data in LocalArray for DE 3 ~
LocalArrayPrint: Array at address 0x7fbd9770d050:
            rank = 2, typekind = 5, base_addr = 0x7fbd977096d0
            dim[0] = 2  dim[1] = 2  
  Real, *4, Dim 2, Data values:
( 1, 1) =  0
( 2, 1) =  -1.0842e-19
( 1, 2) =  0
( 2, 2) =  -1.0842e-19
dim 1: [0]: [1 [1 [1, 2] 2] 2]
            dim[0] = 3  dim[1] = 1  
  Real, *4, Dim 2, Data values:
( 1, 1) =  0
( 2, 1) =  -4.65661e-10
( 3, 1) =  0
dim 1: [0]: [1 [1 [1, 3] 3] 3]
dim 2: [1]: [1 [1 [1, 1] 1] 1]
--- ESMCI::Array::print end ---
--- ESMCI::Array::print start ---
 Base name    = Array002{}Array typekind/rank: Real*4 / 2 
~ lower class' values ~
DistGrid dimCount = 2
deCount = 6
localDeCount = 2
~ local data in LocalArray for DE 1 ~
LocalArrayPrint: Array at address 0x7fb603e07a00:
            rank = 2, typekind = 5, base_addr = 0x7fb603e07040
            dim[0] = 2  dim[1] = 2  
  Real, *4, Dim 2, Data values:
( 1, 1) =  0
( 2, 1) =  4.65661e-10
( 1, 2) =  0
( 2, 2) =  4.65661e-10
dim 1: [0]: [1 [1 [1, 2] 2] 2]
dim 2: [1]: [1 [1 [1, 2] 2] 2]
~ local data in LocalArray for DE 5 ~
LocalArrayPrint: Array at address 0x7fb603e07d30:
            rank = 2, typekind = 5, base_addr = 0x7fb603e07050
dim 2: [1]: [1 [1 [1, 2] 2] 2]
--- ESMCI::Array::print end ---
--- ESMCI::Array::print start ---
 Base name    = Array003
 Status: Base = Ready,  object = Ready
 Proxy        = no
 Root Info (Attributes):
{}Array typekind/rank: Real*8 / 2 
~ lower class' values ~
DistGrid dimCount = 2
deCount = 6
localDeCount = 1
~ local data in LocalArray for DE 2 ~
LocalArrayPrint: Array at address 0x7fc0f5d03860:
            rank = 2, typekind = 6, base_addr = 0x7fc0f5d023a0
            dim[0] = 3  dim[1] = 2  dim 2: [1]: [1 [1 [1, 2] 2] 2]
--- ESMCI::Array::print end ---
--- ESMCI::Array::print start ---
 Base name    = Array002
 Status: Base = Ready,  object = Ready
 Proxy        = no
 Root Info (Attributes):
{}Array typekind/rank: Real*8 / 2 
~ lower class' values ~
DistGrid dimCount = 2
deCount = 6

 Status: Base = Ready,  object = Ready
 Proxy        = no
 Root Info (Attributes):
{}Array typekind/rank: Real*8 / 2 
~ lower class' values ~
DistGrid dimCount = 2
deCount = 6
localDeCount = 2
~ local data in LocalArray for DE 0 ~
LocalArrayPrint: Array at address 0x7fd09550e350:
            rank = 2, typekind = 6, base_addr = 0x7fd09550d280
            dim[0] = 3              dim[0] = 2  dim[1] = 1  
  Real, *4, Dim 2, Data values:
( 1, 1) =  0
( 2, 1) =  4.65661e-10
dim 1: [0]: [1 [1 [1, 2] 2] 2]
dim 2: [1]: [1 [1 [1, 1] 1] 1]
--- ESMCI::Array::print end ---
--- ESMCI::Array::print start ---
 Base name    = Array002
 Status: Base = Ready,  object = Ready
 Proxy        = no

  Real, *8, Dim 2, Data values:
( 1, 1) =  -2.31584e+77
( 2, 1) =  -2.31584e+77
( 3, 1) =  -2.31584e+77
( 1, 2) =  -2.31584e+77
( 2, 2) =  -2.31584e+77
( 3, 2) =  -2.31584e+77
dim 1: [0]: [1 [1 [1, 3] 3] 3]
dim 2: [1]: [1 [1 [1, 2] 2] 2]
--- ESMCI::Array::print end ---
localDeCount = 1
~ local data in LocalArray for DE 3 ~
LocalArrayPrint: Array at address 0x7fbd9770bd10:
            rank = 2, typekind = 6, base_addr = 0x7fbd97709280
            dim[0] = 2  dim[1] = 2  
  Real, *8, Dim 2, Data values:
( 1, 1) =  -1.49167e-154
( 2, 1) =  -1.49167e-154
( 1, 2) =  2.122e-314
( 2, 2) =  2.122e-314
dim 1: [0]: [1 [1 [1, 2] 2] 2]
dim 2: [1]: [1 [1 [1, 2] 2] 2]
--- ESMCI::Array::print end ---
--- ESMCI::Array::print start ---
 Base name    = Array003
 Status: Base = Ready, dim[1] = 2  
  Real, *8, Dim 2, Data values:
( 1, 1) =  -1.72723e-77
( 2, 1) =  -1.72723e-77
( 3, 1) =  8.39912e-323
( 1, 2) =  0
( 2, 2) =  0
( 3, 2) =  4.43349e-309
dim 1: [0]: [1 [1 [1, 3] 3] 3]
dim 2: [1]: [1 [1 [1, 2] 2] 2]
~ local data in LocalArray for DE 4 ~
LocalArrayPrint: Array at address 0x7fd09550e680:
            rank = 2, typekind = 6, base_addr = 0x7fd09550e9b0
            dim[0] = 3  dim[1] = 1  
  Real, *8, Dim 2, Data values:
( 1, 1) =  -1.72723e-77
( 2, 1) =  -1.72723e-77
( 3, 1) =  3.45846e-323
dim 1: [0]: [1 [1 [1, 3] 3] 3]
dim 2: [1]: [1 [1 [1, 1] 1] 1]
--- ESMCI::Array::print end ---
--- ESMCI::Array::print start ---
 Base name    = Array003
 Status: Base =  Root Info (Attributes):
{}Array typekind/rank: Real*8 / 2 
~ lower class' values ~
DistGrid dimCount = 2
deCount = 6
localDeCount = 2
~ local data in LocalArray for DE 1 ~
LocalArrayPrint: Array at address 0x7fb603e051b0:
            rank = 2, typekind = 6, base_addr = 0x7fb603e04e60
            dim[0] = 2  dim[1] = 2  
  Real, *8, Dim 2, Data values:
( 1, 1) =  1.72723e-77
( 2, 1) =  1.72723e-77
( 1, 2) =  2.122e-314
( 2, 2) =  4.17203e-309
  PASS  Example ESMF_ArrayBundleEx, ESMF_ArrayBundleEx.F90, line 267
 object = Ready
 Proxy        = no
 Root Info (Attributes):
{}Array typekind/rank: Real*8 / 2 
~ lower class' values ~
DistGrid dimCount = 2
deCount = 6
localDeCount = 1
~ local data in LocalArray for DE 3 ~
LocalArrayPrint: Array at address 0x7fbd9770c040:
            rank = 2, typekind = 6, base_addr = 0x7fbd97709b00
            dim[0] = 2  dim[1] = 2  Ready,  object = Ready
 Proxy        = no
 Root Info (Attributes):
{}Array typekind/rank: Real*8 / 2 
~ lower class' values ~
DistGrid dimCount = 2
deCount = 6
localDeCount = 2
~ local data in LocalArray for DE 0 ~
LocalArrayPrint: Array at address 0x7fd09550f160:
            rank = 2, typekind = 6, base_addr = 0x7fd09550f120
            dim[0] = 3  dim[1] = 2  dim 1: [0]: [1 [1 [1, 2] 2] 2]
dim 2: [1]: [1 [1 [1, 2] 2] 2]
~ local data in LocalArray for DE 5 ~
LocalArrayPrint: Array at address 0x7fb603e054e0:
            rank = 2, typekind = 6, base_addr = 0x7fb603e04e80
            dim[0] = 2  dim[1] = 1  
  Real, *8, Dim 2, Data values:
( 1, 1) =  1.72723e-77
( 2, 1) =  1.72723e-77
dim 1: [0]: [1 [1 [1, 2] 2] 2]
dim 2: [1]: [1 [1 [1, 1] 1] 1]
--- ESMCI::Array::print end ---
--- ESMCI::Array::print start ---
 Base name    = Array003
 Status: Base = Ready,  object = Ready
 Proxy        = 
  Real, *8, Dim 2, Data values:
( 1, 1) =  -1.49167e-154
( 2, 1) =  -1.49167e-154
( 1, 2) =  3.45846e-323
( 2, 2) =  -1.49167e-154
dim 1: [0]: [1 [1 [1, 2] 2] 2]
dim 2: [1]: [1 [1 [1, 2] 2] 2]
--- ESMCI::Array::print end ---

  Real, *8, Dim 2, Data values:
( 1, 1) =  -1.72723e-77
( 2, 1) =  -1.72723e-77
( 3, 1) =  1.97626e-323
( 1, 2) =  -1.72723e-77
( 2, 2) =  -1.72723e-77
no
 Root Info (Attributes):
{}Array typekind/rank: Real*8 / 2 
~ lower class' values ~
DistGrid dimCount = 2
deCount = 6
localDeCount = 2
~ local data in LocalArray for DE 1 ~
LocalArrayPrint: Array at address 0x7fb603e059b0:
            rank = 2, typekind = 6, base_addr = 0x7fb603e04de0
            ( 3, 2) =  4.17201e-309
dim 1: [0]: [1 [1 [1, 3] 3] 3]
dim 2: [1]: [1 [1 [1, 2] 2] 2]
~ local data in LocalArray for DE 4 ~
LocalArrayPrint: Array at address 0x7fd09550f490:
            rank = 2, typekind = 6, base_addr = 0x7fd09550f7c0
            dim[0] = 3  dim[1] = 1  
  Real, *8, Dim 2, Data values:
( 1, 1) =  0
dim[0] = 2  dim[1] = 2  
  Real, *8, Dim 2, Data values:
( 1, 1) =  1.72723e-77
( 2, 1) =  1.72723e-77
( 1, 2) =  1.72723e-77
( 2, 2) =  1.72723e-77
dim 1: [0]: [1 [1 [1, 2] 2] 2]
dim 2: [1]: [1 [1 [1, 2] 2] 2]
~ local data in LocalArray for DE 5 ~
LocalArrayPrint: Array at address 0x7fb603e05ce0:
            rank = 2, typekind = 6, base_addr = 0x7fb603e04e00
            dim[0] = 2  dim[1] = 1  
  Real, *8, Dim 2, Data values:
( 1, 1) =  1.72723e-77
( 2, 1) =  1.72723e-77
dim 1: [0]: [1 [1 [1, 2] 2] 2]
  PASS  Example ESMF_ArrayBundleEx, ESMF_ArrayBundleEx.F90, line 267
( 2, 1) =  0
( 3, 1) =  0
dim 1: [0]: [1 [1 [1, 3] 3] 3]
dim 2: [1]: [1 [1 [1, 1] 1] 1]
--- ESMCI::Array::print end ---
dim 2: [1]: [1 [1 [1, 1] 1] 1]
--- ESMCI::Array::print end ---
  PASS  Example ESMF_ArrayBundleEx, ESMF_ArrayBundleEx.F90, line 267
  PASS  Example ESMF_ArrayBundleEx, ESMF_ArrayBundleEx.F90, line 267
 PASS: ESMF_ArrayBundleEx.F90
 PASS: ESMF_ArrayBundleEx.F90
 PASS: ESMF_ArrayBundleEx.F90
 PASS: ESMF_ArrayBundleEx.F90
Thu Feb 11 09:42:57 MST 2021
