20210220 221320.975 INFO             PET0 !!!!!!!!!!!!!!!!!!!!!!!!!!!!!!!!!!!!!!!!!!!!!!!!!!!!!!
20210220 221320.976 INFO             PET0 !!! THE ESMF_LOG IS SET TO OUTPUT ALL LOG MESSAGES !!!
20210220 221320.976 INFO             PET0 !!!     THIS MAY CAUSE SLOWDOWN IN PERFORMANCE     !!!
20210220 221320.976 INFO             PET0 !!! FOR PRODUCTION RUNS, USE:                      !!!
20210220 221320.976 INFO             PET0 !!!                   ESMF_LOGKIND_Multi_On_Error  !!!
20210220 221320.976 INFO             PET0 !!!!!!!!!!!!!!!!!!!!!!!!!!!!!!!!!!!!!!!!!!!!!!!!!!!!!!
20210220 221320.976 INFO             PET0 Running with ESMF Version   : ESMF_8_2_0_beta_snapshot_00
20210220 221320.976 INFO             PET0 ESMF library build date/time: "Feb 20 2021" "21:58:59"
20210220 221320.976 INFO             PET0 ESMF library build location : /project/esmf/himanshu/esmf_test/cronjobs/daily/gfortran/esmf
20210220 221320.976 INFO             PET0 ESMF_COMM                   : mpich3
20210220 221320.976 INFO             PET0 ESMF_MOAB                   : enabled
20210220 221320.976 INFO             PET0 ESMF_LAPACK                 : enabled
20210220 221320.976 INFO             PET0 ESMF_NETCDF                 : enabled
20210220 221320.976 INFO             PET0 ESMF_PNETCDF                : disabled
20210220 221320.976 INFO             PET0 ESMF_PIO                    : enabled
20210220 221320.976 INFO             PET0 ESMF_YAMLCPP                : enabled
20210220 221320.976 INFO             PET0  NUMBER_OF_PROCESSORS           4
20210220 221320.976 INFO             PET0  PASS  Example ESMF_VMUserMpiCommMultiEx, ESMF_VMUserMpiCommMultiEx.F90, line 126
20210220 221320.976 INFO             PET0 Finalizing ESMF
20210220 221320.975 INFO             PET0 !!!!!!!!!!!!!!!!!!!!!!!!!!!!!!!!!!!!!!!!!!!!!!!!!!!!!!
20210220 221320.976 INFO             PET0 !!! THE ESMF_LOG IS SET TO OUTPUT ALL LOG MESSAGES !!!
20210220 221320.976 INFO             PET0 !!!     THIS MAY CAUSE SLOWDOWN IN PERFORMANCE     !!!
20210220 221320.976 INFO             PET0 !!! FOR PRODUCTION RUNS, USE:                      !!!
20210220 221320.976 INFO             PET0 !!!                   ESMF_LOGKIND_Multi_On_Error  !!!
20210220 221320.976 INFO             PET0 !!!!!!!!!!!!!!!!!!!!!!!!!!!!!!!!!!!!!!!!!!!!!!!!!!!!!!
20210220 221320.976 INFO             PET0 Running with ESMF Version   : ESMF_8_2_0_beta_snapshot_00
20210220 221320.976 INFO             PET0 ESMF library build date/time: "Feb 20 2021" "21:58:59"
20210220 221320.976 INFO             PET0 ESMF library build location : /project/esmf/himanshu/esmf_test/cronjobs/daily/gfortran/esmf
20210220 221320.976 INFO             PET0 ESMF_COMM                   : mpich3
20210220 221320.976 INFO             PET0 ESMF_MOAB                   : enabled
20210220 221320.976 INFO             PET0 ESMF_LAPACK                 : enabled
20210220 221320.976 INFO             PET0 ESMF_NETCDF                 : enabled
20210220 221320.976 INFO             PET0 ESMF_PNETCDF                : disabled
20210220 221320.976 INFO             PET0 ESMF_PIO                    : enabled
20210220 221320.976 INFO             PET0 ESMF_YAMLCPP                : enabled
20210220 221320.976 INFO             PET0  NUMBER_OF_PROCESSORS           4
20210220 221320.976 INFO             PET0  PASS  Example ESMF_VMUserMpiCommMultiEx, ESMF_VMUserMpiCommMultiEx.F90, line 154
20210220 221320.976 INFO             PET0 Finalizing ESMF
20210220 221320.975 INFO             PET1 !!!!!!!!!!!!!!!!!!!!!!!!!!!!!!!!!!!!!!!!!!!!!!!!!!!!!!
20210220 221320.976 INFO             PET1 !!! THE ESMF_LOG IS SET TO OUTPUT ALL LOG MESSAGES !!!
20210220 221320.976 INFO             PET1 !!!     THIS MAY CAUSE SLOWDOWN IN PERFORMANCE     !!!
20210220 221320.976 INFO             PET1 !!! FOR PRODUCTION RUNS, USE:                      !!!
20210220 221320.976 INFO             PET1 !!!                   ESMF_LOGKIND_Multi_On_Error  !!!
20210220 221320.976 INFO             PET1 !!!!!!!!!!!!!!!!!!!!!!!!!!!!!!!!!!!!!!!!!!!!!!!!!!!!!!
20210220 221320.976 INFO             PET1 Running with ESMF Version   : ESMF_8_2_0_beta_snapshot_00
20210220 221320.976 INFO             PET1 ESMF library build date/time: "Feb 20 2021" "21:58:59"
20210220 221320.976 INFO             PET1 ESMF library build location : /project/esmf/himanshu/esmf_test/cronjobs/daily/gfortran/esmf
20210220 221320.976 INFO             PET1 ESMF_COMM                   : mpich3
20210220 221320.976 INFO             PET1 ESMF_MOAB                   : enabled
20210220 221320.976 INFO             PET1 ESMF_LAPACK                 : enabled
20210220 221320.976 INFO             PET1 ESMF_NETCDF                 : enabled
20210220 221320.976 INFO             PET1 ESMF_PNETCDF                : disabled
20210220 221320.976 INFO             PET1 ESMF_PIO                    : enabled
20210220 221320.976 INFO             PET1 ESMF_YAMLCPP                : enabled
20210220 221320.976 INFO             PET1  NUMBER_OF_PROCESSORS           4
20210220 221320.976 INFO             PET1  PASS  Example ESMF_VMUserMpiCommMultiEx, ESMF_VMUserMpiCommMultiEx.F90, line 126
20210220 221320.976 INFO             PET1 Finalizing ESMF
20210220 221320.975 INFO             PET1 !!!!!!!!!!!!!!!!!!!!!!!!!!!!!!!!!!!!!!!!!!!!!!!!!!!!!!
20210220 221320.976 INFO             PET1 !!! THE ESMF_LOG IS SET TO OUTPUT ALL LOG MESSAGES !!!
20210220 221320.976 INFO             PET1 !!!     THIS MAY CAUSE SLOWDOWN IN PERFORMANCE     !!!
20210220 221320.976 INFO             PET1 !!! FOR PRODUCTION RUNS, USE:                      !!!
20210220 221320.976 INFO             PET1 !!!                   ESMF_LOGKIND_Multi_On_Error  !!!
20210220 221320.976 INFO             PET1 !!!!!!!!!!!!!!!!!!!!!!!!!!!!!!!!!!!!!!!!!!!!!!!!!!!!!!
20210220 221320.976 INFO             PET1 Running with ESMF Version   : ESMF_8_2_0_beta_snapshot_00
20210220 221320.976 INFO             PET1 ESMF library build date/time: "Feb 20 2021" "21:58:59"
20210220 221320.976 INFO             PET1 ESMF library build location : /project/esmf/himanshu/esmf_test/cronjobs/daily/gfortran/esmf
20210220 221320.976 INFO             PET1 ESMF_COMM                   : mpich3
20210220 221320.976 INFO             PET1 ESMF_MOAB                   : enabled
20210220 221320.976 INFO             PET1 ESMF_LAPACK                 : enabled
20210220 221320.976 INFO             PET1 ESMF_NETCDF                 : enabled
20210220 221320.976 INFO             PET1 ESMF_PNETCDF                : disabled
20210220 221320.976 INFO             PET1 ESMF_PIO                    : enabled
20210220 221320.976 INFO             PET1 ESMF_YAMLCPP                : enabled
20210220 221320.976 INFO             PET1  NUMBER_OF_PROCESSORS           4
20210220 221320.976 INFO             PET1  PASS  Example ESMF_VMUserMpiCommMultiEx, ESMF_VMUserMpiCommMultiEx.F90, line 154
20210220 221320.976 INFO             PET1 Finalizing ESMF
Sun Feb 21 02:03:10 MST 2021
