 --------------------------------------- 
 Start of ESMF_SCompEx Example
 --------------------------------------- 

Program received signal SIGABRT: Process abort signal.

Backtrace for this error:

Program received signal SIGABRT: Process abort signal.

Backtrace for this error:

Program received signal SIGABRT: Process abort signal.

Backtrace for this error:

Program received signal SIGABRT: Process abort signal.

Backtrace for this error:
#0  0x10ace548d
#1  0x10ace48c3
#2  0x7fff5dcf7b5c
#0  0x10403948d
#1  0x1040388c3
#2  0x7fff5dcf7b5c
#0  0x10b51448d
#1  0x10b5138c3
#2  0x7fff5dcf7b5c
#0  0x11189448d
#1  0x1118938c3
#2  0x7fff5dcf7b5c

===================================================================================
=   BAD TERMINATION OF ONE OF YOUR APPLICATION PROCESSES
=   PID 10014 RUNNING AT cgdm-catania
=   EXIT CODE: 6
=   CLEANING UP REMAINING PROCESSES
=   YOU CAN IGNORE THE BELOW CLEANUP MESSAGES
===================================================================================
YOUR APPLICATION TERMINATED WITH THE EXIT STRING: Abort trap: 6 (signal 6)
This typically refers to a problem with your application.
Please see the FAQ page for debugging suggestions
Fri Feb 19 09:49:31 MST 2021
