20210209 030612.066 INFO             PET0 !!!!!!!!!!!!!!!!!!!!!!!!!!!!!!!!!!!!!!!!!!!!!!!!!!!!!!
20210209 030612.066 INFO             PET0 !!! THE ESMF_LOG IS SET TO OUTPUT ALL LOG MESSAGES !!!
20210209 030612.066 INFO             PET0 !!!     THIS MAY CAUSE SLOWDOWN IN PERFORMANCE     !!!
20210209 030612.066 INFO             PET0 !!! FOR PRODUCTION RUNS, USE:                      !!!
20210209 030612.066 INFO             PET0 !!!                   ESMF_LOGKIND_Multi_On_Error  !!!
20210209 030612.066 INFO             PET0 !!!!!!!!!!!!!!!!!!!!!!!!!!!!!!!!!!!!!!!!!!!!!!!!!!!!!!
20210209 030612.066 INFO             PET0 Running with ESMF Version   : ESMF_8_1_0_beta_snapshot_44-10-gd05f0618ff
20210209 030612.066 INFO             PET0 ESMF library build date/time: "Feb  9 2021" "02:54:40"
20210209 030612.066 INFO             PET0 ESMF library build location : /glade/scratch/himanshu/scripts_dir/daily/gfortran_cheyenne/esmf
20210209 030612.066 INFO             PET0 ESMF_COMM                   : mpich3
20210209 030612.066 INFO             PET0 ESMF_MOAB                   : enabled
20210209 030612.066 INFO             PET0 ESMF_LAPACK                 : enabled
20210209 030612.066 INFO             PET0 ESMF_NETCDF                 : disabled
20210209 030612.066 INFO             PET0 ESMF_PNETCDF                : disabled
20210209 030612.066 INFO             PET0 ESMF_PIO                    : enabled
20210209 030612.066 INFO             PET0 ESMF_YAMLCPP                : enabled
20210209 030612.095 INFO             PET0  NUMBER_OF_PROCESSORS           4
20210209 030612.095 INFO             PET0  PASS  Example ESMF_VMUserMpiCommMultiEx, ESMF_VMUserMpiCommMultiEx.F90, line 126
20210209 030612.095 INFO             PET0 Finalizing ESMF
20210209 030612.079 INFO             PET0 !!!!!!!!!!!!!!!!!!!!!!!!!!!!!!!!!!!!!!!!!!!!!!!!!!!!!!
20210209 030612.079 INFO             PET0 !!! THE ESMF_LOG IS SET TO OUTPUT ALL LOG MESSAGES !!!
20210209 030612.079 INFO             PET0 !!!     THIS MAY CAUSE SLOWDOWN IN PERFORMANCE     !!!
20210209 030612.079 INFO             PET0 !!! FOR PRODUCTION RUNS, USE:                      !!!
20210209 030612.079 INFO             PET0 !!!                   ESMF_LOGKIND_Multi_On_Error  !!!
20210209 030612.079 INFO             PET0 !!!!!!!!!!!!!!!!!!!!!!!!!!!!!!!!!!!!!!!!!!!!!!!!!!!!!!
20210209 030612.079 INFO             PET0 Running with ESMF Version   : ESMF_8_1_0_beta_snapshot_44-10-gd05f0618ff
20210209 030612.079 INFO             PET0 ESMF library build date/time: "Feb  9 2021" "02:54:40"
20210209 030612.079 INFO             PET0 ESMF library build location : /glade/scratch/himanshu/scripts_dir/daily/gfortran_cheyenne/esmf
20210209 030612.079 INFO             PET0 ESMF_COMM                   : mpich3
20210209 030612.079 INFO             PET0 ESMF_MOAB                   : enabled
20210209 030612.079 INFO             PET0 ESMF_LAPACK                 : enabled
20210209 030612.079 INFO             PET0 ESMF_NETCDF                 : disabled
20210209 030612.079 INFO             PET0 ESMF_PNETCDF                : disabled
20210209 030612.079 INFO             PET0 ESMF_PIO                    : enabled
20210209 030612.079 INFO             PET0 ESMF_YAMLCPP                : enabled
20210209 030612.080 INFO             PET0  NUMBER_OF_PROCESSORS           4
20210209 030612.080 INFO             PET0  PASS  Example ESMF_VMUserMpiCommMultiEx, ESMF_VMUserMpiCommMultiEx.F90, line 154
20210209 030612.080 INFO             PET0 Finalizing ESMF
20210209 030612.079 INFO             PET1 !!!!!!!!!!!!!!!!!!!!!!!!!!!!!!!!!!!!!!!!!!!!!!!!!!!!!!
20210209 030612.079 INFO             PET1 !!! THE ESMF_LOG IS SET TO OUTPUT ALL LOG MESSAGES !!!
20210209 030612.079 INFO             PET1 !!!     THIS MAY CAUSE SLOWDOWN IN PERFORMANCE     !!!
20210209 030612.079 INFO             PET1 !!! FOR PRODUCTION RUNS, USE:                      !!!
20210209 030612.079 INFO             PET1 !!!                   ESMF_LOGKIND_Multi_On_Error  !!!
20210209 030612.079 INFO             PET1 !!!!!!!!!!!!!!!!!!!!!!!!!!!!!!!!!!!!!!!!!!!!!!!!!!!!!!
20210209 030612.079 INFO             PET1 Running with ESMF Version   : ESMF_8_1_0_beta_snapshot_44-10-gd05f0618ff
20210209 030612.079 INFO             PET1 ESMF library build date/time: "Feb  9 2021" "02:54:40"
20210209 030612.079 INFO             PET1 ESMF library build location : /glade/scratch/himanshu/scripts_dir/daily/gfortran_cheyenne/esmf
20210209 030612.079 INFO             PET1 ESMF_COMM                   : mpich3
20210209 030612.079 INFO             PET1 ESMF_MOAB                   : enabled
20210209 030612.079 INFO             PET1 ESMF_LAPACK                 : enabled
20210209 030612.079 INFO             PET1 ESMF_NETCDF                 : disabled
20210209 030612.079 INFO             PET1 ESMF_PNETCDF                : disabled
20210209 030612.079 INFO             PET1 ESMF_PIO                    : enabled
20210209 030612.079 INFO             PET1 ESMF_YAMLCPP                : enabled
20210209 030612.095 INFO             PET1  NUMBER_OF_PROCESSORS           4
20210209 030612.095 INFO             PET1  PASS  Example ESMF_VMUserMpiCommMultiEx, ESMF_VMUserMpiCommMultiEx.F90, line 126
20210209 030612.095 INFO             PET1 Finalizing ESMF
20210209 030612.066 INFO             PET1 !!!!!!!!!!!!!!!!!!!!!!!!!!!!!!!!!!!!!!!!!!!!!!!!!!!!!!
20210209 030612.066 INFO             PET1 !!! THE ESMF_LOG IS SET TO OUTPUT ALL LOG MESSAGES !!!
20210209 030612.066 INFO             PET1 !!!     THIS MAY CAUSE SLOWDOWN IN PERFORMANCE     !!!
20210209 030612.066 INFO             PET1 !!! FOR PRODUCTION RUNS, USE:                      !!!
20210209 030612.066 INFO             PET1 !!!                   ESMF_LOGKIND_Multi_On_Error  !!!
20210209 030612.066 INFO             PET1 !!!!!!!!!!!!!!!!!!!!!!!!!!!!!!!!!!!!!!!!!!!!!!!!!!!!!!
20210209 030612.066 INFO             PET1 Running with ESMF Version   : ESMF_8_1_0_beta_snapshot_44-10-gd05f0618ff
20210209 030612.066 INFO             PET1 ESMF library build date/time: "Feb  9 2021" "02:54:40"
20210209 030612.066 INFO             PET1 ESMF library build location : /glade/scratch/himanshu/scripts_dir/daily/gfortran_cheyenne/esmf
20210209 030612.066 INFO             PET1 ESMF_COMM                   : mpich3
20210209 030612.067 INFO             PET1 ESMF_MOAB                   : enabled
20210209 030612.067 INFO             PET1 ESMF_LAPACK                 : enabled
20210209 030612.067 INFO             PET1 ESMF_NETCDF                 : disabled
20210209 030612.067 INFO             PET1 ESMF_PNETCDF                : disabled
20210209 030612.067 INFO             PET1 ESMF_PIO                    : enabled
20210209 030612.067 INFO             PET1 ESMF_YAMLCPP                : enabled
20210209 030612.095 INFO             PET1  NUMBER_OF_PROCESSORS           4
20210209 030612.095 INFO             PET1  PASS  Example ESMF_VMUserMpiCommMultiEx, ESMF_VMUserMpiCommMultiEx.F90, line 154
20210209 030612.095 INFO             PET1 Finalizing ESMF
Tue Feb  9 08:09:59 MST 2021
