20210131 012412.919 INFO             PET0 !!!!!!!!!!!!!!!!!!!!!!!!!!!!!!!!!!!!!!!!!!!!!!!!!!!!!!
20210131 012412.919 INFO             PET0 !!! THE ESMF_LOG IS SET TO OUTPUT ALL LOG MESSAGES !!!
20210131 012412.919 INFO             PET0 !!!     THIS MAY CAUSE SLOWDOWN IN PERFORMANCE     !!!
20210131 012412.919 INFO             PET0 !!! FOR PRODUCTION RUNS, USE:                      !!!
20210131 012412.919 INFO             PET0 !!!                   ESMF_LOGKIND_Multi_On_Error  !!!
20210131 012412.919 INFO             PET0 !!!!!!!!!!!!!!!!!!!!!!!!!!!!!!!!!!!!!!!!!!!!!!!!!!!!!!
20210131 012412.919 INFO             PET0 Running with ESMF Version   : ESMF_8_1_0_beta_snapshot_43-3-g4b8b9e7b91
20210131 012412.919 INFO             PET0 ESMF library build date/time: "Jan 31 2021" "01:12:12"
20210131 012412.919 INFO             PET0 ESMF library build location : /glade/scratch/himanshu/scripts_dir/daily/gfortran_cheyenne/esmf
20210131 012412.919 INFO             PET0 ESMF_COMM                   : mpich3
20210131 012412.919 INFO             PET0 ESMF_NETCDF                 : disabled
20210131 012412.919 INFO             PET0 ESMF_PNETCDF                : disabled
20210131 012412.919 INFO             PET0 ESMF_PIO                    : enabled
20210131 012412.919 INFO             PET0 ESMF_YAMLCPP                : enabled
20210131 012412.919 INFO             PET0 ESMF_MOAB                   : enabled
20210131 012412.925 INFO             PET0  NUMBER_OF_PROCESSORS           4
20210131 012412.925 INFO             PET0  PASS  Example ESMF_ArrayBundleHaloEx, ESMF_ArrayBundleHaloEx.F90, line 172
20210131 012412.925 INFO             PET0 Finalizing ESMF
20210131 012412.919 INFO             PET1 !!!!!!!!!!!!!!!!!!!!!!!!!!!!!!!!!!!!!!!!!!!!!!!!!!!!!!
20210131 012412.919 INFO             PET1 !!! THE ESMF_LOG IS SET TO OUTPUT ALL LOG MESSAGES !!!
20210131 012412.919 INFO             PET1 !!!     THIS MAY CAUSE SLOWDOWN IN PERFORMANCE     !!!
20210131 012412.919 INFO             PET1 !!! FOR PRODUCTION RUNS, USE:                      !!!
20210131 012412.919 INFO             PET1 !!!                   ESMF_LOGKIND_Multi_On_Error  !!!
20210131 012412.919 INFO             PET1 !!!!!!!!!!!!!!!!!!!!!!!!!!!!!!!!!!!!!!!!!!!!!!!!!!!!!!
20210131 012412.919 INFO             PET1 Running with ESMF Version   : ESMF_8_1_0_beta_snapshot_43-3-g4b8b9e7b91
20210131 012412.919 INFO             PET1 ESMF library build date/time: "Jan 31 2021" "01:12:12"
20210131 012412.919 INFO             PET1 ESMF library build location : /glade/scratch/himanshu/scripts_dir/daily/gfortran_cheyenne/esmf
20210131 012412.919 INFO             PET1 ESMF_COMM                   : mpich3
20210131 012412.919 INFO             PET1 ESMF_NETCDF                 : disabled
20210131 012412.919 INFO             PET1 ESMF_PNETCDF                : disabled
20210131 012412.919 INFO             PET1 ESMF_PIO                    : enabled
20210131 012412.919 INFO             PET1 ESMF_YAMLCPP                : enabled
20210131 012412.919 INFO             PET1 ESMF_MOAB                   : enabled
20210131 012412.925 INFO             PET1  NUMBER_OF_PROCESSORS           4
20210131 012412.925 INFO             PET1  PASS  Example ESMF_ArrayBundleHaloEx, ESMF_ArrayBundleHaloEx.F90, line 172
20210131 012412.925 INFO             PET1 Finalizing ESMF
20210131 012412.919 INFO             PET2 !!!!!!!!!!!!!!!!!!!!!!!!!!!!!!!!!!!!!!!!!!!!!!!!!!!!!!
20210131 012412.919 INFO             PET2 !!! THE ESMF_LOG IS SET TO OUTPUT ALL LOG MESSAGES !!!
20210131 012412.919 INFO             PET2 !!!     THIS MAY CAUSE SLOWDOWN IN PERFORMANCE     !!!
20210131 012412.919 INFO             PET2 !!! FOR PRODUCTION RUNS, USE:                      !!!
20210131 012412.919 INFO             PET2 !!!                   ESMF_LOGKIND_Multi_On_Error  !!!
20210131 012412.919 INFO             PET2 !!!!!!!!!!!!!!!!!!!!!!!!!!!!!!!!!!!!!!!!!!!!!!!!!!!!!!
20210131 012412.919 INFO             PET2 Running with ESMF Version   : ESMF_8_1_0_beta_snapshot_43-3-g4b8b9e7b91
20210131 012412.919 INFO             PET2 ESMF library build date/time: "Jan 31 2021" "01:12:12"
20210131 012412.919 INFO             PET2 ESMF library build location : /glade/scratch/himanshu/scripts_dir/daily/gfortran_cheyenne/esmf
20210131 012412.919 INFO             PET2 ESMF_COMM                   : mpich3
20210131 012412.919 INFO             PET2 ESMF_NETCDF                 : disabled
20210131 012412.919 INFO             PET2 ESMF_PNETCDF                : disabled
20210131 012412.919 INFO             PET2 ESMF_PIO                    : enabled
20210131 012412.919 INFO             PET2 ESMF_YAMLCPP                : enabled
20210131 012412.919 INFO             PET2 ESMF_MOAB                   : enabled
20210131 012412.925 INFO             PET2  NUMBER_OF_PROCESSORS           4
20210131 012412.925 INFO             PET2  PASS  Example ESMF_ArrayBundleHaloEx, ESMF_ArrayBundleHaloEx.F90, line 172
20210131 012412.925 INFO             PET2 Finalizing ESMF
20210131 012412.919 INFO             PET3 !!!!!!!!!!!!!!!!!!!!!!!!!!!!!!!!!!!!!!!!!!!!!!!!!!!!!!
20210131 012412.919 INFO             PET3 !!! THE ESMF_LOG IS SET TO OUTPUT ALL LOG MESSAGES !!!
20210131 012412.919 INFO             PET3 !!!     THIS MAY CAUSE SLOWDOWN IN PERFORMANCE     !!!
20210131 012412.919 INFO             PET3 !!! FOR PRODUCTION RUNS, USE:                      !!!
20210131 012412.919 INFO             PET3 !!!                   ESMF_LOGKIND_Multi_On_Error  !!!
20210131 012412.919 INFO             PET3 !!!!!!!!!!!!!!!!!!!!!!!!!!!!!!!!!!!!!!!!!!!!!!!!!!!!!!
20210131 012412.919 INFO             PET3 Running with ESMF Version   : ESMF_8_1_0_beta_snapshot_43-3-g4b8b9e7b91
20210131 012412.919 INFO             PET3 ESMF library build date/time: "Jan 31 2021" "01:12:12"
20210131 012412.919 INFO             PET3 ESMF library build location : /glade/scratch/himanshu/scripts_dir/daily/gfortran_cheyenne/esmf
20210131 012412.919 INFO             PET3 ESMF_COMM                   : mpich3
20210131 012412.919 INFO             PET3 ESMF_NETCDF                 : disabled
20210131 012412.919 INFO             PET3 ESMF_PNETCDF                : disabled
20210131 012412.919 INFO             PET3 ESMF_PIO                    : enabled
20210131 012412.919 INFO             PET3 ESMF_YAMLCPP                : enabled
20210131 012412.919 INFO             PET3 ESMF_MOAB                   : enabled
20210131 012412.925 INFO             PET3  NUMBER_OF_PROCESSORS           4
20210131 012412.925 INFO             PET3  PASS  Example ESMF_ArrayBundleHaloEx, ESMF_ArrayBundleHaloEx.F90, line 172
20210131 012412.925 INFO             PET3 Finalizing ESMF
Sun Jan 31 06:26:25 MST 2021
