 localPET=           0  localDE=           0 : array(           1 ,           1 )=   0.0000000000000000     
 localPET=           0  localDE=           0 : array(           1 ,           2 )=   4.2439915829186759E-314
 localPET=           0  localDE=           0 : array(           2 ,           1 )=   4.2439915829186759E-314
 localPET=           0  localDE=           0 : array(           2 ,           2 )=   2.1219957924474693E-314
 localPET=           0  localDE=           0 : array(           3 ,           1 )=   4.2439915834127416E-314
 localPET=           1  localDE=           0 : array(           1 ,           1 )=   1.6973123292179850E-316
 localPET=           1  localDE=           0 : array(           1 ,           2 )=   1.0609978956308559E-313
 localPET=           1  localDE=           0 : array(           2 ,           1 )=   2.1219957914593380E-314
 localPET=           1  localDE=           0 : array(           2 ,           2 )=   1.0609978957296690E-313
 localPET=           1  localDE=           1 : array(           1 ,           1 )=   1.6974791257800210E-316
 localPET=           1  localDE=           1 : array(           2 ,           1 )=   2.3381034339689687E-310
 localPET=           2  localDE=           0 : array(           1 ,           1 )=   0.0000000000000000     
 localPET=           2  localDE=           0 : array(           1 ,           2 )=   4.2439915829186759E-314
 localPET=           2  localDE=           0 : array(           2 ,           1 )=   4.2439915829186759E-314
 localPET=           2  localDE=           0 : array(           2 ,           2 )=   2.1219957924474693E-314
 localPET=           2  localDE=           0 : array(           3 ,           1 )=   4.2439915834127416E-314
 localPET=           2  localDE=           0 : array(           3 ,           2 )=   2.1219957919534036E-314
 localPET=           3  localDE=           0 : array(           1 ,           1 )=   1.8666875186727645E-316
 localPET=           3  localDE=           0 : array(           1 ,           2 )=   0.0000000000000000     
 localPET=           3  localDE=           0 : array(           2 ,           1 )=   2.3301072759707536E-310
 localPET=           3  localDE=           0 : array(           2 ,           2 )=   0.0000000000000000     
 localPET=           0  localDE=           0 : array(           3 ,           2 )=   2.1219957919534036E-314
 localPET=           0  localDE=           1 : array(           1 ,           1 )=   8.1440753403927731E-317
 localPET=           0  localDE=           1 : array(           2 ,           1 )=   0.0000000000000000     
 localPET=           0  localDE=           1 : array(           3 ,           1 )=   0.0000000000000000     
 localPet:            3 DE            3  [           1           2 ]
 localPet:            2 DE            2  [           1           3 ]
 localPet:            1 DE            1  [           1           2 ]
 localPet:            1 DE            5  [           1           2 ]
 localPet:            0 DE            0  [           1           3 ]
 localPet:            0 DE            4  [           1           3 ]
  PASS  Example ESMF_ArrayEx, ESMF_ArrayEx.F90, line 1591
 PASS: ESMF_ArrayEx.F90
  PASS  Example ESMF_ArrayEx, ESMF_ArrayEx.F90, line 1591
 PASS: ESMF_ArrayEx.F90
  PASS  Example ESMF_ArrayEx, ESMF_ArrayEx.F90, line 1591
 PASS: ESMF_ArrayEx.F90
  PASS  Example ESMF_ArrayEx, ESMF_ArrayEx.F90, line 1591
 PASS: ESMF_ArrayEx.F90
Sat Dec 12 06:12:11 MST 2020
