20210211 152350.766 INFO             PET0 !!!!!!!!!!!!!!!!!!!!!!!!!!!!!!!!!!!!!!!!!!!!!!!!!!!!!!
20210211 152350.766 INFO             PET0 !!! THE ESMF_LOG IS SET TO OUTPUT ALL LOG MESSAGES !!!
20210211 152350.766 INFO             PET0 !!!     THIS MAY CAUSE SLOWDOWN IN PERFORMANCE     !!!
20210211 152350.766 INFO             PET0 !!! FOR PRODUCTION RUNS, USE:                      !!!
20210211 152350.766 INFO             PET0 !!!                   ESMF_LOGKIND_Multi_On_Error  !!!
20210211 152350.766 INFO             PET0 !!!!!!!!!!!!!!!!!!!!!!!!!!!!!!!!!!!!!!!!!!!!!!!!!!!!!!
20210211 152350.766 INFO             PET0 Running with ESMF Version   : ESMF_8_0_2_beta_snapshot_01-1-gac23c50
20210211 152350.766 INFO             PET0 ESMF library build date/time: "Feb 11 2021" "14:37:14"
20210211 152350.766 INFO             PET0 ESMF library build location : /work/noaa/da/mpotts/intel_2020_intelmpi_O
20210211 152350.766 INFO             PET0 ESMF_COMM                   : intelmpi
20210211 152350.767 INFO             PET0 ESMF_NETCDF                 : disabled
20210211 152350.767 INFO             PET0 ESMF_PNETCDF                : disabled
20210211 152350.767 INFO             PET0 ESMF_PIO                    : enabled
20210211 152350.767 INFO             PET0 ESMF_YAMLCPP                : enabled
20210211 152350.767 INFO             PET0 ESMF_MOAB                   : enabled
20210211 152354.926 INFO             PET0 ABSMM exec:1406 count=5
20210211 152354.926 INFO             PET0 ABSMM exec: ESMC_ARRAYBUNDLEXXE branch taken
20210211 152354.926 INFO             PET0 ABSMM exec: TERMORDER_FREE -> TERMORDER_SRCPET
20210211 152354.955 INFO             PET0  NUMBER_OF_PROCESSORS           4
20210211 152354.955 INFO             PET0  PASS  Example ESMF_ArrayBundleHaloEx, ESMF_ArrayBundleHaloEx.F90, line 172
20210211 152354.955 INFO             PET0 Finalizing ESMF
20210211 152350.766 INFO             PET1 !!!!!!!!!!!!!!!!!!!!!!!!!!!!!!!!!!!!!!!!!!!!!!!!!!!!!!
20210211 152350.766 INFO             PET1 !!! THE ESMF_LOG IS SET TO OUTPUT ALL LOG MESSAGES !!!
20210211 152350.766 INFO             PET1 !!!     THIS MAY CAUSE SLOWDOWN IN PERFORMANCE     !!!
20210211 152350.766 INFO             PET1 !!! FOR PRODUCTION RUNS, USE:                      !!!
20210211 152350.766 INFO             PET1 !!!                   ESMF_LOGKIND_Multi_On_Error  !!!
20210211 152350.766 INFO             PET1 !!!!!!!!!!!!!!!!!!!!!!!!!!!!!!!!!!!!!!!!!!!!!!!!!!!!!!
20210211 152350.766 INFO             PET1 Running with ESMF Version   : ESMF_8_0_2_beta_snapshot_01-1-gac23c50
20210211 152350.766 INFO             PET1 ESMF library build date/time: "Feb 11 2021" "14:37:14"
20210211 152350.766 INFO             PET1 ESMF library build location : /work/noaa/da/mpotts/intel_2020_intelmpi_O
20210211 152350.766 INFO             PET1 ESMF_COMM                   : intelmpi
20210211 152350.767 INFO             PET1 ESMF_NETCDF                 : disabled
20210211 152350.767 INFO             PET1 ESMF_PNETCDF                : disabled
20210211 152350.767 INFO             PET1 ESMF_PIO                    : enabled
20210211 152350.767 INFO             PET1 ESMF_YAMLCPP                : enabled
20210211 152350.767 INFO             PET1 ESMF_MOAB                   : enabled
20210211 152354.926 INFO             PET1 ABSMM exec:1406 count=5
20210211 152354.926 INFO             PET1 ABSMM exec: ESMC_ARRAYBUNDLEXXE branch taken
20210211 152354.926 INFO             PET1 ABSMM exec: TERMORDER_FREE -> TERMORDER_SRCPET
20210211 152354.952 INFO             PET1  NUMBER_OF_PROCESSORS           4
20210211 152354.952 INFO             PET1  PASS  Example ESMF_ArrayBundleHaloEx, ESMF_ArrayBundleHaloEx.F90, line 172
20210211 152354.953 INFO             PET1 Finalizing ESMF
20210211 152350.780 INFO             PET2 !!!!!!!!!!!!!!!!!!!!!!!!!!!!!!!!!!!!!!!!!!!!!!!!!!!!!!
20210211 152350.780 INFO             PET2 !!! THE ESMF_LOG IS SET TO OUTPUT ALL LOG MESSAGES !!!
20210211 152350.780 INFO             PET2 !!!     THIS MAY CAUSE SLOWDOWN IN PERFORMANCE     !!!
20210211 152350.780 INFO             PET2 !!! FOR PRODUCTION RUNS, USE:                      !!!
20210211 152350.780 INFO             PET2 !!!                   ESMF_LOGKIND_Multi_On_Error  !!!
20210211 152350.780 INFO             PET2 !!!!!!!!!!!!!!!!!!!!!!!!!!!!!!!!!!!!!!!!!!!!!!!!!!!!!!
20210211 152350.780 INFO             PET2 Running with ESMF Version   : ESMF_8_0_2_beta_snapshot_01-1-gac23c50
20210211 152350.781 INFO             PET2 ESMF library build date/time: "Feb 11 2021" "14:37:14"
20210211 152350.781 INFO             PET2 ESMF library build location : /work/noaa/da/mpotts/intel_2020_intelmpi_O
20210211 152350.781 INFO             PET2 ESMF_COMM                   : intelmpi
20210211 152350.792 INFO             PET2 ESMF_NETCDF                 : disabled
20210211 152350.792 INFO             PET2 ESMF_PNETCDF                : disabled
20210211 152350.792 INFO             PET2 ESMF_PIO                    : enabled
20210211 152350.792 INFO             PET2 ESMF_YAMLCPP                : enabled
20210211 152350.792 INFO             PET2 ESMF_MOAB                   : enabled
20210211 152354.939 INFO             PET2 ABSMM exec:1406 count=5
20210211 152354.939 INFO             PET2 ABSMM exec: ESMC_ARRAYBUNDLEXXE branch taken
20210211 152354.939 INFO             PET2 ABSMM exec: TERMORDER_FREE -> TERMORDER_SRCPET
20210211 152354.968 INFO             PET2  NUMBER_OF_PROCESSORS           4
20210211 152354.968 INFO             PET2  PASS  Example ESMF_ArrayBundleHaloEx, ESMF_ArrayBundleHaloEx.F90, line 172
20210211 152354.968 INFO             PET2 Finalizing ESMF
20210211 152350.780 INFO             PET3 !!!!!!!!!!!!!!!!!!!!!!!!!!!!!!!!!!!!!!!!!!!!!!!!!!!!!!
20210211 152350.780 INFO             PET3 !!! THE ESMF_LOG IS SET TO OUTPUT ALL LOG MESSAGES !!!
20210211 152350.780 INFO             PET3 !!!     THIS MAY CAUSE SLOWDOWN IN PERFORMANCE     !!!
20210211 152350.780 INFO             PET3 !!! FOR PRODUCTION RUNS, USE:                      !!!
20210211 152350.780 INFO             PET3 !!!                   ESMF_LOGKIND_Multi_On_Error  !!!
20210211 152350.780 INFO             PET3 !!!!!!!!!!!!!!!!!!!!!!!!!!!!!!!!!!!!!!!!!!!!!!!!!!!!!!
20210211 152350.780 INFO             PET3 Running with ESMF Version   : ESMF_8_0_2_beta_snapshot_01-1-gac23c50
20210211 152350.780 INFO             PET3 ESMF library build date/time: "Feb 11 2021" "14:37:14"
20210211 152350.780 INFO             PET3 ESMF library build location : /work/noaa/da/mpotts/intel_2020_intelmpi_O
20210211 152350.780 INFO             PET3 ESMF_COMM                   : intelmpi
20210211 152350.783 INFO             PET3 ESMF_NETCDF                 : disabled
20210211 152350.783 INFO             PET3 ESMF_PNETCDF                : disabled
20210211 152350.783 INFO             PET3 ESMF_PIO                    : enabled
20210211 152350.783 INFO             PET3 ESMF_YAMLCPP                : enabled
20210211 152350.783 INFO             PET3 ESMF_MOAB                   : enabled
20210211 152354.939 INFO             PET3 ABSMM exec:1406 count=5
20210211 152354.939 INFO             PET3 ABSMM exec: ESMC_ARRAYBUNDLEXXE branch taken
20210211 152354.939 INFO             PET3 ABSMM exec: TERMORDER_FREE -> TERMORDER_SRCPET
20210211 152354.983 INFO             PET3  NUMBER_OF_PROCESSORS           4
20210211 152354.983 INFO             PET3  PASS  Example ESMF_ArrayBundleHaloEx, ESMF_ArrayBundleHaloEx.F90, line 172
20210211 152354.983 INFO             PET3 Finalizing ESMF
