20210211 152919.825 INFO             PET0 !!!!!!!!!!!!!!!!!!!!!!!!!!!!!!!!!!!!!!!!!!!!!!!!!!!!!!
20210211 152919.825 INFO             PET0 !!! THE ESMF_LOG IS SET TO OUTPUT ALL LOG MESSAGES !!!
20210211 152919.825 INFO             PET0 !!!     THIS MAY CAUSE SLOWDOWN IN PERFORMANCE     !!!
20210211 152919.825 INFO             PET0 !!! FOR PRODUCTION RUNS, USE:                      !!!
20210211 152919.825 INFO             PET0 !!!                   ESMF_LOGKIND_Multi_On_Error  !!!
20210211 152919.825 INFO             PET0 !!!!!!!!!!!!!!!!!!!!!!!!!!!!!!!!!!!!!!!!!!!!!!!!!!!!!!
20210211 152919.825 INFO             PET0 Running with ESMF Version   : ESMF_8_0_2_beta_snapshot_01-1-gac23c50
20210211 152919.825 INFO             PET0 ESMF library build date/time: "Feb 11 2021" "14:37:14"
20210211 152919.825 INFO             PET0 ESMF library build location : /work/noaa/da/mpotts/intel_2020_intelmpi_O
20210211 152919.825 INFO             PET0 ESMF_COMM                   : intelmpi
20210211 152919.826 INFO             PET0 ESMF_NETCDF                 : disabled
20210211 152919.826 INFO             PET0 ESMF_PNETCDF                : disabled
20210211 152919.826 INFO             PET0 ESMF_PIO                    : enabled
20210211 152919.826 INFO             PET0 ESMF_YAMLCPP                : enabled
20210211 152919.826 INFO             PET0 ESMF_MOAB                   : enabled
20210211 152920.157 INFO             PET0  NUMBER_OF_PROCESSORS           4
20210211 152920.157 INFO             PET0  PASS  Example ESMF_SCompEx, ESMF_SCompEx.F90, line 421
20210211 152920.157 INFO             PET0 Finalizing ESMF
20210211 152919.825 INFO             PET1 !!!!!!!!!!!!!!!!!!!!!!!!!!!!!!!!!!!!!!!!!!!!!!!!!!!!!!
20210211 152919.825 INFO             PET1 !!! THE ESMF_LOG IS SET TO OUTPUT ALL LOG MESSAGES !!!
20210211 152919.825 INFO             PET1 !!!     THIS MAY CAUSE SLOWDOWN IN PERFORMANCE     !!!
20210211 152919.825 INFO             PET1 !!! FOR PRODUCTION RUNS, USE:                      !!!
20210211 152919.825 INFO             PET1 !!!                   ESMF_LOGKIND_Multi_On_Error  !!!
20210211 152919.825 INFO             PET1 !!!!!!!!!!!!!!!!!!!!!!!!!!!!!!!!!!!!!!!!!!!!!!!!!!!!!!
20210211 152919.825 INFO             PET1 Running with ESMF Version   : ESMF_8_0_2_beta_snapshot_01-1-gac23c50
20210211 152919.825 INFO             PET1 ESMF library build date/time: "Feb 11 2021" "14:37:14"
20210211 152919.825 INFO             PET1 ESMF library build location : /work/noaa/da/mpotts/intel_2020_intelmpi_O
20210211 152919.825 INFO             PET1 ESMF_COMM                   : intelmpi
20210211 152919.827 INFO             PET1 ESMF_NETCDF                 : disabled
20210211 152919.827 INFO             PET1 ESMF_PNETCDF                : disabled
20210211 152919.827 INFO             PET1 ESMF_PIO                    : enabled
20210211 152919.827 INFO             PET1 ESMF_YAMLCPP                : enabled
20210211 152919.827 INFO             PET1 ESMF_MOAB                   : enabled
20210211 152920.166 INFO             PET1  NUMBER_OF_PROCESSORS           4
20210211 152920.167 INFO             PET1  PASS  Example ESMF_SCompEx, ESMF_SCompEx.F90, line 421
20210211 152920.167 INFO             PET1 Finalizing ESMF
20210211 152919.840 INFO             PET2 !!!!!!!!!!!!!!!!!!!!!!!!!!!!!!!!!!!!!!!!!!!!!!!!!!!!!!
20210211 152919.840 INFO             PET2 !!! THE ESMF_LOG IS SET TO OUTPUT ALL LOG MESSAGES !!!
20210211 152919.840 INFO             PET2 !!!     THIS MAY CAUSE SLOWDOWN IN PERFORMANCE     !!!
20210211 152919.840 INFO             PET2 !!! FOR PRODUCTION RUNS, USE:                      !!!
20210211 152919.840 INFO             PET2 !!!                   ESMF_LOGKIND_Multi_On_Error  !!!
20210211 152919.840 INFO             PET2 !!!!!!!!!!!!!!!!!!!!!!!!!!!!!!!!!!!!!!!!!!!!!!!!!!!!!!
20210211 152919.840 INFO             PET2 Running with ESMF Version   : ESMF_8_0_2_beta_snapshot_01-1-gac23c50
20210211 152919.840 INFO             PET2 ESMF library build date/time: "Feb 11 2021" "14:37:14"
20210211 152919.840 INFO             PET2 ESMF library build location : /work/noaa/da/mpotts/intel_2020_intelmpi_O
20210211 152919.840 INFO             PET2 ESMF_COMM                   : intelmpi
20210211 152919.850 INFO             PET2 ESMF_NETCDF                 : disabled
20210211 152919.850 INFO             PET2 ESMF_PNETCDF                : disabled
20210211 152919.850 INFO             PET2 ESMF_PIO                    : enabled
20210211 152919.850 INFO             PET2 ESMF_YAMLCPP                : enabled
20210211 152919.850 INFO             PET2 ESMF_MOAB                   : enabled
20210211 152920.172 INFO             PET2  NUMBER_OF_PROCESSORS           4
20210211 152920.181 INFO             PET2  PASS  Example ESMF_SCompEx, ESMF_SCompEx.F90, line 421
20210211 152920.181 INFO             PET2 Finalizing ESMF
20210211 152919.827 INFO             PET3 !!!!!!!!!!!!!!!!!!!!!!!!!!!!!!!!!!!!!!!!!!!!!!!!!!!!!!
20210211 152919.827 INFO             PET3 !!! THE ESMF_LOG IS SET TO OUTPUT ALL LOG MESSAGES !!!
20210211 152919.827 INFO             PET3 !!!     THIS MAY CAUSE SLOWDOWN IN PERFORMANCE     !!!
20210211 152919.827 INFO             PET3 !!! FOR PRODUCTION RUNS, USE:                      !!!
20210211 152919.827 INFO             PET3 !!!                   ESMF_LOGKIND_Multi_On_Error  !!!
20210211 152919.827 INFO             PET3 !!!!!!!!!!!!!!!!!!!!!!!!!!!!!!!!!!!!!!!!!!!!!!!!!!!!!!
20210211 152919.827 INFO             PET3 Running with ESMF Version   : ESMF_8_0_2_beta_snapshot_01-1-gac23c50
20210211 152919.827 INFO             PET3 ESMF library build date/time: "Feb 11 2021" "14:37:14"
20210211 152919.827 INFO             PET3 ESMF library build location : /work/noaa/da/mpotts/intel_2020_intelmpi_O
20210211 152919.827 INFO             PET3 ESMF_COMM                   : intelmpi
20210211 152919.840 INFO             PET3 ESMF_NETCDF                 : disabled
20210211 152919.840 INFO             PET3 ESMF_PNETCDF                : disabled
20210211 152919.840 INFO             PET3 ESMF_PIO                    : enabled
20210211 152919.840 INFO             PET3 ESMF_YAMLCPP                : enabled
20210211 152919.840 INFO             PET3 ESMF_MOAB                   : enabled
20210211 152920.166 INFO             PET3  NUMBER_OF_PROCESSORS           4
20210211 152920.179 INFO             PET3  PASS  Example ESMF_SCompEx, ESMF_SCompEx.F90, line 421
20210211 152920.179 INFO             PET3 Finalizing ESMF
