20210211 152855.744 INFO             PET0 !!!!!!!!!!!!!!!!!!!!!!!!!!!!!!!!!!!!!!!!!!!!!!!!!!!!!!
20210211 152855.744 INFO             PET0 !!! THE ESMF_LOG IS SET TO OUTPUT ALL LOG MESSAGES !!!
20210211 152855.744 INFO             PET0 !!!     THIS MAY CAUSE SLOWDOWN IN PERFORMANCE     !!!
20210211 152855.744 INFO             PET0 !!! FOR PRODUCTION RUNS, USE:                      !!!
20210211 152855.744 INFO             PET0 !!!                   ESMF_LOGKIND_Multi_On_Error  !!!
20210211 152855.744 INFO             PET0 !!!!!!!!!!!!!!!!!!!!!!!!!!!!!!!!!!!!!!!!!!!!!!!!!!!!!!
20210211 152855.744 INFO             PET0 Running with ESMF Version   : ESMF_8_0_2_beta_snapshot_01-1-gac23c50
20210211 152855.744 INFO             PET0 ESMF library build date/time: "Feb 11 2021" "14:37:14"
20210211 152855.744 INFO             PET0 ESMF library build location : /work/noaa/da/mpotts/intel_2020_intelmpi_O
20210211 152855.744 INFO             PET0 ESMF_COMM                   : intelmpi
20210211 152855.747 INFO             PET0 ESMF_NETCDF                 : disabled
20210211 152855.747 INFO             PET0 ESMF_PNETCDF                : disabled
20210211 152855.747 INFO             PET0 ESMF_PIO                    : enabled
20210211 152855.747 INFO             PET0 ESMF_YAMLCPP                : enabled
20210211 152855.747 INFO             PET0 ESMF_MOAB                   : enabled
20210211 152904.033 INFO             PET0 ABSMM exec:1406 count=4
20210211 152904.033 INFO             PET0 ABSMM exec: ESMC_ARRAYBUNDLEXXE branch taken
20210211 152904.033 INFO             PET0 ABSMM exec: TERMORDER_FREE -> TERMORDER_SRCPET
20210211 152904.081 INFO             PET0 ABSMM exec:1406 count=4
20210211 152904.081 INFO             PET0 ABSMM exec: ESMC_ARRAYBUNDLEXXE branch taken
20210211 152904.081 INFO             PET0 ABSMM exec: TERMORDER_FREE -> TERMORDER_SRCPET
20210211 152904.146 INFO             PET0 ABSMM exec:1406 count=4
20210211 152904.146 INFO             PET0 ABSMM exec: ESMC_ARRAYBUNDLEXXE branch taken
20210211 152904.146 INFO             PET0 ABSMM exec: TERMORDER_FREE -> TERMORDER_SRCPET
20210211 152904.174 INFO             PET0 ABSMM exec:1406 count=4
20210211 152904.174 INFO             PET0 ABSMM exec: ESMC_ARRAYBUNDLEXXE branch taken
20210211 152904.174 INFO             PET0 ABSMM exec: TERMORDER_FREE -> TERMORDER_SRCPET
20210211 152904.233 INFO             PET0 ABSMM exec:1406 count=4
20210211 152904.233 INFO             PET0 ABSMM exec: ESMC_ARRAYBUNDLEXXE branch taken
20210211 152904.233 INFO             PET0 ABSMM exec: TERMORDER_FREE -> TERMORDER_SRCPET
20210211 152904.261 INFO             PET0 ABSMM exec:1406 count=4
20210211 152904.261 INFO             PET0 ABSMM exec: ESMC_ARRAYBUNDLEXXE branch taken
20210211 152904.261 INFO             PET0 ABSMM exec: TERMORDER_FREE -> TERMORDER_SRCPET
20210211 152904.308 INFO             PET0 ABSMM exec:1406 count=4
20210211 152904.308 INFO             PET0 ABSMM exec: ESMC_ARRAYBUNDLEXXE branch taken
20210211 152904.308 INFO             PET0 ABSMM exec: TERMORDER_FREE -> TERMORDER_SRCPET
20210211 152904.359 INFO             PET0 ABSMM exec:1406 count=4
20210211 152904.359 INFO             PET0 ABSMM exec: ESMC_ARRAYBUNDLEXXE branch taken
20210211 152904.359 INFO             PET0 ABSMM exec: TERMORDER_FREE -> TERMORDER_SRCPET
20210211 152904.388 INFO             PET0 ABSMM exec:1406 count=4
20210211 152904.388 INFO             PET0 ABSMM exec: ESMC_ARRAYBUNDLEXXE branch taken
20210211 152904.388 INFO             PET0 ABSMM exec: TERMORDER_FREE -> TERMORDER_SRCPET
20210211 152904.446 INFO             PET0 ABSMM exec:1406 count=4
20210211 152904.446 INFO             PET0 ABSMM exec: ESMC_ARRAYBUNDLEXXE branch taken
20210211 152904.446 INFO             PET0 ABSMM exec: TERMORDER_FREE -> TERMORDER_SRCPET
20210211 152904.477 INFO             PET0  NUMBER_OF_PROCESSORS           4
20210211 152904.477 INFO             PET0  PASS  Example ESMF_FieldBundleHaloEx, ESMF_FieldBundleHaloEx.F90, line 319
20210211 152904.477 INFO             PET0 Finalizing ESMF
20210211 152855.744 INFO             PET1 !!!!!!!!!!!!!!!!!!!!!!!!!!!!!!!!!!!!!!!!!!!!!!!!!!!!!!
20210211 152855.744 INFO             PET1 !!! THE ESMF_LOG IS SET TO OUTPUT ALL LOG MESSAGES !!!
20210211 152855.744 INFO             PET1 !!!     THIS MAY CAUSE SLOWDOWN IN PERFORMANCE     !!!
20210211 152855.744 INFO             PET1 !!! FOR PRODUCTION RUNS, USE:                      !!!
20210211 152855.744 INFO             PET1 !!!                   ESMF_LOGKIND_Multi_On_Error  !!!
20210211 152855.744 INFO             PET1 !!!!!!!!!!!!!!!!!!!!!!!!!!!!!!!!!!!!!!!!!!!!!!!!!!!!!!
20210211 152855.744 INFO             PET1 Running with ESMF Version   : ESMF_8_0_2_beta_snapshot_01-1-gac23c50
20210211 152855.744 INFO             PET1 ESMF library build date/time: "Feb 11 2021" "14:37:14"
20210211 152855.744 INFO             PET1 ESMF library build location : /work/noaa/da/mpotts/intel_2020_intelmpi_O
20210211 152855.744 INFO             PET1 ESMF_COMM                   : intelmpi
20210211 152855.747 INFO             PET1 ESMF_NETCDF                 : disabled
20210211 152855.747 INFO             PET1 ESMF_PNETCDF                : disabled
20210211 152855.747 INFO             PET1 ESMF_PIO                    : enabled
20210211 152855.747 INFO             PET1 ESMF_YAMLCPP                : enabled
20210211 152855.747 INFO             PET1 ESMF_MOAB                   : enabled
20210211 152904.033 INFO             PET1 ABSMM exec:1406 count=4
20210211 152904.033 INFO             PET1 ABSMM exec: ESMC_ARRAYBUNDLEXXE branch taken
20210211 152904.033 INFO             PET1 ABSMM exec: TERMORDER_FREE -> TERMORDER_SRCPET
20210211 152904.081 INFO             PET1 ABSMM exec:1406 count=4
20210211 152904.081 INFO             PET1 ABSMM exec: ESMC_ARRAYBUNDLEXXE branch taken
20210211 152904.081 INFO             PET1 ABSMM exec: TERMORDER_FREE -> TERMORDER_SRCPET
20210211 152904.148 INFO             PET1 ABSMM exec:1406 count=4
20210211 152904.148 INFO             PET1 ABSMM exec: ESMC_ARRAYBUNDLEXXE branch taken
20210211 152904.148 INFO             PET1 ABSMM exec: TERMORDER_FREE -> TERMORDER_SRCPET
20210211 152904.174 INFO             PET1 ABSMM exec:1406 count=4
20210211 152904.174 INFO             PET1 ABSMM exec: ESMC_ARRAYBUNDLEXXE branch taken
20210211 152904.174 INFO             PET1 ABSMM exec: TERMORDER_FREE -> TERMORDER_SRCPET
20210211 152904.235 INFO             PET1 ABSMM exec:1406 count=4
20210211 152904.235 INFO             PET1 ABSMM exec: ESMC_ARRAYBUNDLEXXE branch taken
20210211 152904.235 INFO             PET1 ABSMM exec: TERMORDER_FREE -> TERMORDER_SRCPET
20210211 152904.261 INFO             PET1 ABSMM exec:1406 count=4
20210211 152904.261 INFO             PET1 ABSMM exec: ESMC_ARRAYBUNDLEXXE branch taken
20210211 152904.261 INFO             PET1 ABSMM exec: TERMORDER_FREE -> TERMORDER_SRCPET
20210211 152904.323 INFO             PET1 ABSMM exec:1406 count=4
20210211 152904.323 INFO             PET1 ABSMM exec: ESMC_ARRAYBUNDLEXXE branch taken
20210211 152904.323 INFO             PET1 ABSMM exec: TERMORDER_FREE -> TERMORDER_SRCPET
20210211 152904.359 INFO             PET1 ABSMM exec:1406 count=4
20210211 152904.359 INFO             PET1 ABSMM exec: ESMC_ARRAYBUNDLEXXE branch taken
20210211 152904.359 INFO             PET1 ABSMM exec: TERMORDER_FREE -> TERMORDER_SRCPET
20210211 152904.401 INFO             PET1 ABSMM exec:1406 count=4
20210211 152904.401 INFO             PET1 ABSMM exec: ESMC_ARRAYBUNDLEXXE branch taken
20210211 152904.401 INFO             PET1 ABSMM exec: TERMORDER_FREE -> TERMORDER_SRCPET
20210211 152904.446 INFO             PET1 ABSMM exec:1406 count=4
20210211 152904.446 INFO             PET1 ABSMM exec: ESMC_ARRAYBUNDLEXXE branch taken
20210211 152904.446 INFO             PET1 ABSMM exec: TERMORDER_FREE -> TERMORDER_SRCPET
20210211 152904.490 INFO             PET1  NUMBER_OF_PROCESSORS           4
20210211 152904.490 INFO             PET1  PASS  Example ESMF_FieldBundleHaloEx, ESMF_FieldBundleHaloEx.F90, line 319
20210211 152904.490 INFO             PET1 Finalizing ESMF
20210211 152855.746 INFO             PET2 !!!!!!!!!!!!!!!!!!!!!!!!!!!!!!!!!!!!!!!!!!!!!!!!!!!!!!
20210211 152855.746 INFO             PET2 !!! THE ESMF_LOG IS SET TO OUTPUT ALL LOG MESSAGES !!!
20210211 152855.746 INFO             PET2 !!!     THIS MAY CAUSE SLOWDOWN IN PERFORMANCE     !!!
20210211 152855.746 INFO             PET2 !!! FOR PRODUCTION RUNS, USE:                      !!!
20210211 152855.746 INFO             PET2 !!!                   ESMF_LOGKIND_Multi_On_Error  !!!
20210211 152855.746 INFO             PET2 !!!!!!!!!!!!!!!!!!!!!!!!!!!!!!!!!!!!!!!!!!!!!!!!!!!!!!
20210211 152855.746 INFO             PET2 Running with ESMF Version   : ESMF_8_0_2_beta_snapshot_01-1-gac23c50
20210211 152855.746 INFO             PET2 ESMF library build date/time: "Feb 11 2021" "14:37:14"
20210211 152855.746 INFO             PET2 ESMF library build location : /work/noaa/da/mpotts/intel_2020_intelmpi_O
20210211 152855.746 INFO             PET2 ESMF_COMM                   : intelmpi
20210211 152855.758 INFO             PET2 ESMF_NETCDF                 : disabled
20210211 152855.758 INFO             PET2 ESMF_PNETCDF                : disabled
20210211 152855.758 INFO             PET2 ESMF_PIO                    : enabled
20210211 152855.758 INFO             PET2 ESMF_YAMLCPP                : enabled
20210211 152855.758 INFO             PET2 ESMF_MOAB                   : enabled
20210211 152904.042 INFO             PET2 ABSMM exec:1406 count=4
20210211 152904.042 INFO             PET2 ABSMM exec: ESMC_ARRAYBUNDLEXXE branch taken
20210211 152904.042 INFO             PET2 ABSMM exec: TERMORDER_FREE -> TERMORDER_SRCPET
20210211 152904.094 INFO             PET2 ABSMM exec:1406 count=4
20210211 152904.094 INFO             PET2 ABSMM exec: ESMC_ARRAYBUNDLEXXE branch taken
20210211 152904.094 INFO             PET2 ABSMM exec: TERMORDER_FREE -> TERMORDER_SRCPET
20210211 152904.135 INFO             PET2 ABSMM exec:1406 count=4
20210211 152904.135 INFO             PET2 ABSMM exec: ESMC_ARRAYBUNDLEXXE branch taken
20210211 152904.135 INFO             PET2 ABSMM exec: TERMORDER_FREE -> TERMORDER_SRCPET
20210211 152904.185 INFO             PET2 ABSMM exec:1406 count=4
20210211 152904.185 INFO             PET2 ABSMM exec: ESMC_ARRAYBUNDLEXXE branch taken
20210211 152904.185 INFO             PET2 ABSMM exec: TERMORDER_FREE -> TERMORDER_SRCPET
20210211 152904.222 INFO             PET2 ABSMM exec:1406 count=4
20210211 152904.222 INFO             PET2 ABSMM exec: ESMC_ARRAYBUNDLEXXE branch taken
20210211 152904.222 INFO             PET2 ABSMM exec: TERMORDER_FREE -> TERMORDER_SRCPET
20210211 152904.272 INFO             PET2 ABSMM exec:1406 count=4
20210211 152904.272 INFO             PET2 ABSMM exec: ESMC_ARRAYBUNDLEXXE branch taken
20210211 152904.272 INFO             PET2 ABSMM exec: TERMORDER_FREE -> TERMORDER_SRCPET
20210211 152904.300 INFO             PET2 ABSMM exec:1406 count=4
20210211 152904.300 INFO             PET2 ABSMM exec: ESMC_ARRAYBUNDLEXXE branch taken
20210211 152904.300 INFO             PET2 ABSMM exec: TERMORDER_FREE -> TERMORDER_SRCPET
20210211 152904.349 INFO             PET2 ABSMM exec:1406 count=4
20210211 152904.349 INFO             PET2 ABSMM exec: ESMC_ARRAYBUNDLEXXE branch taken
20210211 152904.349 INFO             PET2 ABSMM exec: TERMORDER_FREE -> TERMORDER_SRCPET
20210211 152904.398 INFO             PET2 ABSMM exec:1406 count=4
20210211 152904.398 INFO             PET2 ABSMM exec: ESMC_ARRAYBUNDLEXXE branch taken
20210211 152904.398 INFO             PET2 ABSMM exec: TERMORDER_FREE -> TERMORDER_SRCPET
20210211 152904.438 INFO             PET2 ABSMM exec:1406 count=4
20210211 152904.438 INFO             PET2 ABSMM exec: ESMC_ARRAYBUNDLEXXE branch taken
20210211 152904.438 INFO             PET2 ABSMM exec: TERMORDER_FREE -> TERMORDER_SRCPET
20210211 152904.490 INFO             PET2  NUMBER_OF_PROCESSORS           4
20210211 152904.490 INFO             PET2  PASS  Example ESMF_FieldBundleHaloEx, ESMF_FieldBundleHaloEx.F90, line 319
20210211 152904.490 INFO             PET2 Finalizing ESMF
20210211 152855.746 INFO             PET3 !!!!!!!!!!!!!!!!!!!!!!!!!!!!!!!!!!!!!!!!!!!!!!!!!!!!!!
20210211 152855.746 INFO             PET3 !!! THE ESMF_LOG IS SET TO OUTPUT ALL LOG MESSAGES !!!
20210211 152855.746 INFO             PET3 !!!     THIS MAY CAUSE SLOWDOWN IN PERFORMANCE     !!!
20210211 152855.746 INFO             PET3 !!! FOR PRODUCTION RUNS, USE:                      !!!
20210211 152855.746 INFO             PET3 !!!                   ESMF_LOGKIND_Multi_On_Error  !!!
20210211 152855.746 INFO             PET3 !!!!!!!!!!!!!!!!!!!!!!!!!!!!!!!!!!!!!!!!!!!!!!!!!!!!!!
20210211 152855.746 INFO             PET3 Running with ESMF Version   : ESMF_8_0_2_beta_snapshot_01-1-gac23c50
20210211 152855.746 INFO             PET3 ESMF library build date/time: "Feb 11 2021" "14:37:14"
20210211 152855.746 INFO             PET3 ESMF library build location : /work/noaa/da/mpotts/intel_2020_intelmpi_O
20210211 152855.746 INFO             PET3 ESMF_COMM                   : intelmpi
20210211 152855.758 INFO             PET3 ESMF_NETCDF                 : disabled
20210211 152855.758 INFO             PET3 ESMF_PNETCDF                : disabled
20210211 152855.758 INFO             PET3 ESMF_PIO                    : enabled
20210211 152855.758 INFO             PET3 ESMF_YAMLCPP                : enabled
20210211 152855.758 INFO             PET3 ESMF_MOAB                   : enabled
20210211 152904.042 INFO             PET3 ABSMM exec:1406 count=4
20210211 152904.042 INFO             PET3 ABSMM exec: ESMC_ARRAYBUNDLEXXE branch taken
20210211 152904.042 INFO             PET3 ABSMM exec: TERMORDER_FREE -> TERMORDER_SRCPET
20210211 152904.094 INFO             PET3 ABSMM exec:1406 count=4
20210211 152904.094 INFO             PET3 ABSMM exec: ESMC_ARRAYBUNDLEXXE branch taken
20210211 152904.094 INFO             PET3 ABSMM exec: TERMORDER_FREE -> TERMORDER_SRCPET
20210211 152904.135 INFO             PET3 ABSMM exec:1406 count=4
20210211 152904.135 INFO             PET3 ABSMM exec: ESMC_ARRAYBUNDLEXXE branch taken
20210211 152904.135 INFO             PET3 ABSMM exec: TERMORDER_FREE -> TERMORDER_SRCPET
20210211 152904.187 INFO             PET3 ABSMM exec:1406 count=4
20210211 152904.187 INFO             PET3 ABSMM exec: ESMC_ARRAYBUNDLEXXE branch taken
20210211 152904.187 INFO             PET3 ABSMM exec: TERMORDER_FREE -> TERMORDER_SRCPET
20210211 152904.222 INFO             PET3 ABSMM exec:1406 count=4
20210211 152904.222 INFO             PET3 ABSMM exec: ESMC_ARRAYBUNDLEXXE branch taken
20210211 152904.222 INFO             PET3 ABSMM exec: TERMORDER_FREE -> TERMORDER_SRCPET
20210211 152904.274 INFO             PET3 ABSMM exec:1406 count=4
20210211 152904.274 INFO             PET3 ABSMM exec: ESMC_ARRAYBUNDLEXXE branch taken
20210211 152904.274 INFO             PET3 ABSMM exec: TERMORDER_FREE -> TERMORDER_SRCPET
20210211 152904.300 INFO             PET3 ABSMM exec:1406 count=4
20210211 152904.300 INFO             PET3 ABSMM exec: ESMC_ARRAYBUNDLEXXE branch taken
20210211 152904.300 INFO             PET3 ABSMM exec: TERMORDER_FREE -> TERMORDER_SRCPET
20210211 152904.362 INFO             PET3 ABSMM exec:1406 count=4
20210211 152904.362 INFO             PET3 ABSMM exec: ESMC_ARRAYBUNDLEXXE branch taken
20210211 152904.362 INFO             PET3 ABSMM exec: TERMORDER_FREE -> TERMORDER_SRCPET
20210211 152904.388 INFO             PET3 ABSMM exec:1406 count=4
20210211 152904.388 INFO             PET3 ABSMM exec: ESMC_ARRAYBUNDLEXXE branch taken
20210211 152904.388 INFO             PET3 ABSMM exec: TERMORDER_FREE -> TERMORDER_SRCPET
20210211 152904.451 INFO             PET3 ABSMM exec:1406 count=4
20210211 152904.451 INFO             PET3 ABSMM exec: ESMC_ARRAYBUNDLEXXE branch taken
20210211 152904.451 INFO             PET3 ABSMM exec: TERMORDER_FREE -> TERMORDER_SRCPET
20210211 152904.477 INFO             PET3  NUMBER_OF_PROCESSORS           4
20210211 152904.477 INFO             PET3  PASS  Example ESMF_FieldBundleHaloEx, ESMF_FieldBundleHaloEx.F90, line 319
20210211 152904.477 INFO             PET3 Finalizing ESMF
