20201201 151842.580 INFO             PET0 !!!!!!!!!!!!!!!!!!!!!!!!!!!!!!!!!!!!!!!!!!!!!!!!!!!!!!
20201201 151842.580 INFO             PET0 !!! THE ESMF_LOG IS SET TO OUTPUT ALL LOG MESSAGES !!!
20201201 151842.580 INFO             PET0 !!!     THIS MAY CAUSE SLOWDOWN IN PERFORMANCE     !!!
20201201 151842.580 INFO             PET0 !!! FOR PRODUCTION RUNS, USE:                      !!!
20201201 151842.580 INFO             PET0 !!!                   ESMF_LOGKIND_Multi_On_Error  !!!
20201201 151842.580 INFO             PET0 !!!!!!!!!!!!!!!!!!!!!!!!!!!!!!!!!!!!!!!!!!!!!!!!!!!!!!
20201201 151842.580 INFO             PET0 Running with ESMF Version   : ESMF_8_1_0_beta_snapshot_38
20201201 151842.580 INFO             PET0 ESMF library build date/time: "Dec  1 2020" "15:08:24"
20201201 151842.580 INFO             PET0 ESMF library build location : /project/esmf/himanshu/esmf_test/cronjobs/daily/gfortran/esmf
20201201 151842.580 INFO             PET0 ESMF_COMM                   : mpiuni
20201201 151842.580 INFO             PET0 ESMF_NETCDF                 : enabled
20201201 151842.580 INFO             PET0 ESMF_PNETCDF                : disabled
20201201 151842.580 INFO             PET0 ESMF_PIO                    : disabled
20201201 151842.580 INFO             PET0 ESMF_YAMLCPP                : enabled
20201201 151842.580 INFO             PET0 ESMF_MOAB                   : enabled
20201201 151842.580 INFO             PET0 ESMF Tracing Enabled
20201201 151842.580 INFO             PET0 ESMF Profiling Enabled
20201201 151842.580 INFO             PET0 ESMF Trace/Profile clock: REALTIME
20201201 151842.581 WARNING          PET0 ESMF Tracing/Profiling could not load dynamic instrumentation functions.
20201201 151842.584 INFO             PET0  NUMBER_OF_PROCESSORS           1
20201201 151842.584 INFO             PET0  PASS  Example ESMF_TraceEx, ESMF_TraceEx.F90, line 178
20201201 151842.584 INFO             PET0 Finalizing ESMF
20201201 151842.584 INFO             PET0 **************** Region Timings *******************
20201201 151842.584 INFO             PET0 Region              Count  Total (s)   Self (s)    Mean (s)    Min (s)     Max (s)
20201201 151842.584 INFO             PET0   [test] Run 1      5      0.0000      0.0000      0.0000      0.0000      0.0000
20201201 151842.584 INFO             PET0   [test] Init 1     1      0.0000      0.0000      0.0000      0.0000      0.0000
20201201 151842.584 INFO             PET0   [test] Final 1    1      0.0000      0.0000      0.0000      0.0000      0.0000
Wed Dec  2 23:36:05 MST 2020
