20200929 033802.929 INFO             PET3 !!!!!!!!!!!!!!!!!!!!!!!!!!!!!!!!!!!!!!!!!!!!!!!!!!!!!!
20200929 033802.929 INFO             PET3 !!! THE ESMF_LOG IS SET TO OUTPUT ALL LOG MESSAGES !!!
20200929 033802.929 INFO             PET3 !!!     THIS MAY CAUSE SLOWDOWN IN PERFORMANCE     !!!
20200929 033802.929 INFO             PET3 !!! FOR PRODUCTION RUNS, USE:                      !!!
20200929 033802.929 INFO             PET3 !!!                   ESMF_LOGKIND_Multi_On_Error  !!!
20200929 033802.929 INFO             PET3 !!!!!!!!!!!!!!!!!!!!!!!!!!!!!!!!!!!!!!!!!!!!!!!!!!!!!!
20200929 033802.929 INFO             PET3 Running with ESMF Version   : ESMF_8_1_0_beta_snapshot_31
20200929 033802.929 INFO             PET3 ESMF library build date/time: "Sep 29 2020" "03:29:15"
20200929 033802.929 INFO             PET3 ESMF library build location : /glade/scratch/himanshu/scripts_dir/daily/intel_cheyenne/esmf
20200929 033802.929 INFO             PET3 ESMF_COMM                   : openmpi
20200929 033802.929 INFO             PET3 ESMF_NETCDF                 : disabled
20200929 033802.929 INFO             PET3 ESMF_PNETCDF                : disabled
20200929 033802.929 INFO             PET3 ESMF_PIO                    : enabled
20200929 033802.929 INFO             PET3 ESMF_YAMLCPP                : enabled
20200929 033802.929 INFO             PET3 ESMF_MOAB                   : enabled
20200929 033802.930 INFO             PET3 Finalizing ESMF
20200929 033803.230 INFO             PET3 !!!!!!!!!!!!!!!!!!!!!!!!!!!!!!!!!!!!!!!!!!!!!!!!!!!!!!
20200929 033803.230 INFO             PET3 !!! THE ESMF_LOG IS SET TO OUTPUT ALL LOG MESSAGES !!!
20200929 033803.230 INFO             PET3 !!!     THIS MAY CAUSE SLOWDOWN IN PERFORMANCE     !!!
20200929 033803.230 INFO             PET3 !!! FOR PRODUCTION RUNS, USE:                      !!!
20200929 033803.230 INFO             PET3 !!!                   ESMF_LOGKIND_Multi_On_Error  !!!
20200929 033803.230 INFO             PET3 !!!!!!!!!!!!!!!!!!!!!!!!!!!!!!!!!!!!!!!!!!!!!!!!!!!!!!
20200929 033803.230 INFO             PET3 Running with ESMF Version   : ESMF_8_1_0_beta_snapshot_31
20200929 033803.230 INFO             PET3 ESMF library build date/time: "Sep 29 2020" "03:29:15"
20200929 033803.230 INFO             PET3 ESMF library build location : /glade/scratch/himanshu/scripts_dir/daily/intel_cheyenne/esmf
20200929 033803.230 INFO             PET3 ESMF_COMM                   : openmpi
20200929 033803.230 INFO             PET3 ESMF_NETCDF                 : disabled
20200929 033803.230 INFO             PET3 ESMF_PNETCDF                : disabled
20200929 033803.230 INFO             PET3 ESMF_PIO                    : enabled
20200929 033803.230 INFO             PET3 ESMF_YAMLCPP                : enabled
20200929 033803.230 INFO             PET3 ESMF_MOAB                   : enabled
20200929 033803.231 INFO             PET3 Finalizing ESMF
20200929 033803.539 INFO             PET3 !!!!!!!!!!!!!!!!!!!!!!!!!!!!!!!!!!!!!!!!!!!!!!!!!!!!!!
20200929 033803.539 INFO             PET3 !!! THE ESMF_LOG IS SET TO OUTPUT ALL LOG MESSAGES !!!
20200929 033803.539 INFO             PET3 !!!     THIS MAY CAUSE SLOWDOWN IN PERFORMANCE     !!!
20200929 033803.539 INFO             PET3 !!! FOR PRODUCTION RUNS, USE:                      !!!
20200929 033803.539 INFO             PET3 !!!                   ESMF_LOGKIND_Multi_On_Error  !!!
20200929 033803.539 INFO             PET3 !!!!!!!!!!!!!!!!!!!!!!!!!!!!!!!!!!!!!!!!!!!!!!!!!!!!!!
20200929 033803.539 INFO             PET3 Running with ESMF Version   : ESMF_8_1_0_beta_snapshot_31
20200929 033803.539 INFO             PET3 ESMF library build date/time: "Sep 29 2020" "03:29:15"
20200929 033803.539 INFO             PET3 ESMF library build location : /glade/scratch/himanshu/scripts_dir/daily/intel_cheyenne/esmf
20200929 033803.539 INFO             PET3 ESMF_COMM                   : openmpi
20200929 033803.539 INFO             PET3 ESMF_NETCDF                 : disabled
20200929 033803.539 INFO             PET3 ESMF_PNETCDF                : disabled
20200929 033803.539 INFO             PET3 ESMF_PIO                    : enabled
20200929 033803.539 INFO             PET3 ESMF_YAMLCPP                : enabled
20200929 033803.539 INFO             PET3 ESMF_MOAB                   : enabled
20200929 033803.542 INFO             PET3 Finalizing ESMF
