20201001 012959.049 INFO             PET3 !!!!!!!!!!!!!!!!!!!!!!!!!!!!!!!!!!!!!!!!!!!!!!!!!!!!!!
20201001 012959.049 INFO             PET3 !!! THE ESMF_LOG IS SET TO OUTPUT ALL LOG MESSAGES !!!
20201001 012959.049 INFO             PET3 !!!     THIS MAY CAUSE SLOWDOWN IN PERFORMANCE     !!!
20201001 012959.049 INFO             PET3 !!! FOR PRODUCTION RUNS, USE:                      !!!
20201001 012959.049 INFO             PET3 !!!                   ESMF_LOGKIND_Multi_On_Error  !!!
20201001 012959.049 INFO             PET3 !!!!!!!!!!!!!!!!!!!!!!!!!!!!!!!!!!!!!!!!!!!!!!!!!!!!!!
20201001 012959.049 INFO             PET3 Running with ESMF Version   : ESMF_8_1_0_beta_snapshot_31
20201001 012959.049 INFO             PET3 ESMF library build date/time: "Oct  1 2020" "01:21:05"
20201001 012959.049 INFO             PET3 ESMF library build location : /glade/scratch/himanshu/scripts_dir/daily/intel_cheyenne/esmf
20201001 012959.049 INFO             PET3 ESMF_COMM                   : openmpi
20201001 012959.049 INFO             PET3 ESMF_NETCDF                 : disabled
20201001 012959.049 INFO             PET3 ESMF_PNETCDF                : disabled
20201001 012959.049 INFO             PET3 ESMF_PIO                    : enabled
20201001 012959.049 INFO             PET3 ESMF_YAMLCPP                : enabled
20201001 012959.049 INFO             PET3 ESMF_MOAB                   : enabled
20201001 012959.050 INFO             PET3 Finalizing ESMF
20201001 012959.340 INFO             PET3 !!!!!!!!!!!!!!!!!!!!!!!!!!!!!!!!!!!!!!!!!!!!!!!!!!!!!!
20201001 012959.341 INFO             PET3 !!! THE ESMF_LOG IS SET TO OUTPUT ALL LOG MESSAGES !!!
20201001 012959.341 INFO             PET3 !!!     THIS MAY CAUSE SLOWDOWN IN PERFORMANCE     !!!
20201001 012959.341 INFO             PET3 !!! FOR PRODUCTION RUNS, USE:                      !!!
20201001 012959.341 INFO             PET3 !!!                   ESMF_LOGKIND_Multi_On_Error  !!!
20201001 012959.341 INFO             PET3 !!!!!!!!!!!!!!!!!!!!!!!!!!!!!!!!!!!!!!!!!!!!!!!!!!!!!!
20201001 012959.341 INFO             PET3 Running with ESMF Version   : ESMF_8_1_0_beta_snapshot_31
20201001 012959.341 INFO             PET3 ESMF library build date/time: "Oct  1 2020" "01:21:05"
20201001 012959.341 INFO             PET3 ESMF library build location : /glade/scratch/himanshu/scripts_dir/daily/intel_cheyenne/esmf
20201001 012959.341 INFO             PET3 ESMF_COMM                   : openmpi
20201001 012959.341 INFO             PET3 ESMF_NETCDF                 : disabled
20201001 012959.341 INFO             PET3 ESMF_PNETCDF                : disabled
20201001 012959.341 INFO             PET3 ESMF_PIO                    : enabled
20201001 012959.341 INFO             PET3 ESMF_YAMLCPP                : enabled
20201001 012959.341 INFO             PET3 ESMF_MOAB                   : enabled
20201001 012959.341 INFO             PET3 Finalizing ESMF
20201001 012959.648 INFO             PET3 !!!!!!!!!!!!!!!!!!!!!!!!!!!!!!!!!!!!!!!!!!!!!!!!!!!!!!
20201001 012959.648 INFO             PET3 !!! THE ESMF_LOG IS SET TO OUTPUT ALL LOG MESSAGES !!!
20201001 012959.648 INFO             PET3 !!!     THIS MAY CAUSE SLOWDOWN IN PERFORMANCE     !!!
20201001 012959.648 INFO             PET3 !!! FOR PRODUCTION RUNS, USE:                      !!!
20201001 012959.648 INFO             PET3 !!!                   ESMF_LOGKIND_Multi_On_Error  !!!
20201001 012959.648 INFO             PET3 !!!!!!!!!!!!!!!!!!!!!!!!!!!!!!!!!!!!!!!!!!!!!!!!!!!!!!
20201001 012959.648 INFO             PET3 Running with ESMF Version   : ESMF_8_1_0_beta_snapshot_31
20201001 012959.648 INFO             PET3 ESMF library build date/time: "Oct  1 2020" "01:21:05"
20201001 012959.648 INFO             PET3 ESMF library build location : /glade/scratch/himanshu/scripts_dir/daily/intel_cheyenne/esmf
20201001 012959.648 INFO             PET3 ESMF_COMM                   : openmpi
20201001 012959.649 INFO             PET3 ESMF_NETCDF                 : disabled
20201001 012959.649 INFO             PET3 ESMF_PNETCDF                : disabled
20201001 012959.649 INFO             PET3 ESMF_PIO                    : enabled
20201001 012959.649 INFO             PET3 ESMF_YAMLCPP                : enabled
20201001 012959.649 INFO             PET3 ESMF_MOAB                   : enabled
20201001 012959.651 INFO             PET3 Finalizing ESMF
