20201112 021137.317 INFO             PET1 !!!!!!!!!!!!!!!!!!!!!!!!!!!!!!!!!!!!!!!!!!!!!!!!!!!!!!
20201112 021137.317 INFO             PET1 !!! THE ESMF_LOG IS SET TO OUTPUT ALL LOG MESSAGES !!!
20201112 021137.317 INFO             PET1 !!!     THIS MAY CAUSE SLOWDOWN IN PERFORMANCE     !!!
20201112 021137.317 INFO             PET1 !!! FOR PRODUCTION RUNS, USE:                      !!!
20201112 021137.317 INFO             PET1 !!!                   ESMF_LOGKIND_Multi_On_Error  !!!
20201112 021137.317 INFO             PET1 !!!!!!!!!!!!!!!!!!!!!!!!!!!!!!!!!!!!!!!!!!!!!!!!!!!!!!
20201112 021137.317 INFO             PET1 Running with ESMF Version   : ESMF_8_1_0_beta_snapshot_36-35-g260dae2aea
20201112 021137.317 INFO             PET1 ESMF library build date/time: "Nov 12 2020" "02:01:47"
20201112 021137.317 INFO             PET1 ESMF library build location : /project/esmf/himanshu/intel/esmf
20201112 021137.317 INFO             PET1 ESMF_COMM                   : openmpi
20201112 021137.319 INFO             PET1 ESMF_NETCDF                 : disabled
20201112 021137.319 INFO             PET1 ESMF_PNETCDF                : disabled
20201112 021137.319 INFO             PET1 ESMF_PIO                    : enabled
20201112 021137.319 INFO             PET1 ESMF_YAMLCPP                : enabled
20201112 021137.319 INFO             PET1 ESMF_MOAB                   : enabled
20201112 021137.320 INFO             PET1 Finalizing ESMF
20201112 021138.107 INFO             PET1 !!!!!!!!!!!!!!!!!!!!!!!!!!!!!!!!!!!!!!!!!!!!!!!!!!!!!!
20201112 021138.107 INFO             PET1 !!! THE ESMF_LOG IS SET TO OUTPUT ALL LOG MESSAGES !!!
20201112 021138.107 INFO             PET1 !!!     THIS MAY CAUSE SLOWDOWN IN PERFORMANCE     !!!
20201112 021138.107 INFO             PET1 !!! FOR PRODUCTION RUNS, USE:                      !!!
20201112 021138.107 INFO             PET1 !!!                   ESMF_LOGKIND_Multi_On_Error  !!!
20201112 021138.107 INFO             PET1 !!!!!!!!!!!!!!!!!!!!!!!!!!!!!!!!!!!!!!!!!!!!!!!!!!!!!!
20201112 021138.107 INFO             PET1 Running with ESMF Version   : ESMF_8_1_0_beta_snapshot_36-35-g260dae2aea
20201112 021138.107 INFO             PET1 ESMF library build date/time: "Nov 12 2020" "02:01:47"
20201112 021138.107 INFO             PET1 ESMF library build location : /project/esmf/himanshu/intel/esmf
20201112 021138.107 INFO             PET1 ESMF_COMM                   : openmpi
20201112 021138.109 INFO             PET1 ESMF_NETCDF                 : disabled
20201112 021138.109 INFO             PET1 ESMF_PNETCDF                : disabled
20201112 021138.109 INFO             PET1 ESMF_PIO                    : enabled
20201112 021138.109 INFO             PET1 ESMF_YAMLCPP                : enabled
20201112 021138.109 INFO             PET1 ESMF_MOAB                   : enabled
20201112 021138.110 INFO             PET1 Finalizing ESMF
20201112 021138.764 INFO             PET1 !!!!!!!!!!!!!!!!!!!!!!!!!!!!!!!!!!!!!!!!!!!!!!!!!!!!!!
20201112 021138.764 INFO             PET1 !!! THE ESMF_LOG IS SET TO OUTPUT ALL LOG MESSAGES !!!
20201112 021138.764 INFO             PET1 !!!     THIS MAY CAUSE SLOWDOWN IN PERFORMANCE     !!!
20201112 021138.764 INFO             PET1 !!! FOR PRODUCTION RUNS, USE:                      !!!
20201112 021138.764 INFO             PET1 !!!                   ESMF_LOGKIND_Multi_On_Error  !!!
20201112 021138.764 INFO             PET1 !!!!!!!!!!!!!!!!!!!!!!!!!!!!!!!!!!!!!!!!!!!!!!!!!!!!!!
20201112 021138.764 INFO             PET1 Running with ESMF Version   : ESMF_8_1_0_beta_snapshot_36-35-g260dae2aea
20201112 021138.764 INFO             PET1 ESMF library build date/time: "Nov 12 2020" "02:01:47"
20201112 021138.764 INFO             PET1 ESMF library build location : /project/esmf/himanshu/intel/esmf
20201112 021138.764 INFO             PET1 ESMF_COMM                   : openmpi
20201112 021138.765 INFO             PET1 ESMF_NETCDF                 : disabled
20201112 021138.765 INFO             PET1 ESMF_PNETCDF                : disabled
20201112 021138.765 INFO             PET1 ESMF_PIO                    : enabled
20201112 021138.765 INFO             PET1 ESMF_YAMLCPP                : enabled
20201112 021138.765 INFO             PET1 ESMF_MOAB                   : enabled
20201112 021138.766 INFO             PET1 Finalizing ESMF
Thu Nov 12 05:17:43 MST 2020
