20200922 055701.086 INFO             PET0 !!!!!!!!!!!!!!!!!!!!!!!!!!!!!!!!!!!!!!!!!!!!!!!!!!!!!!
20200922 055701.086 INFO             PET0 !!! THE ESMF_LOG IS SET TO OUTPUT ALL LOG MESSAGES !!!
20200922 055701.086 INFO             PET0 !!!     THIS MAY CAUSE SLOWDOWN IN PERFORMANCE     !!!
20200922 055701.086 INFO             PET0 !!! FOR PRODUCTION RUNS, USE:                      !!!
20200922 055701.086 INFO             PET0 !!!                   ESMF_LOGKIND_Multi_On_Error  !!!
20200922 055701.086 INFO             PET0 !!!!!!!!!!!!!!!!!!!!!!!!!!!!!!!!!!!!!!!!!!!!!!!!!!!!!!
20200922 055701.086 INFO             PET0 Running with ESMF Version   : ESMF_8_1_0_beta_snapshot_28-5-ge39bc55bea
20200922 055701.086 INFO             PET0 ESMF library build date/time: "Sep 22 2020" "05:44:34"
20200922 055701.086 INFO             PET0 ESMF library build location : /glade/scratch/himanshu/scripts_dir/daily/intel_cheyenne/esmf
20200922 055701.086 INFO             PET0 ESMF_COMM                   : intelmpi
20200922 055701.086 INFO             PET0 ESMF_NETCDF                 : disabled
20200922 055701.086 INFO             PET0 ESMF_PNETCDF                : disabled
20200922 055701.086 INFO             PET0 ESMF_PIO                    : enabled
20200922 055701.086 INFO             PET0 ESMF_YAMLCPP                : enabled
20200922 055701.086 INFO             PET0 ESMF_MOAB                   : enabled
20200922 055701.086 INFO             PET0 Finalizing ESMF
20200922 055701.176 INFO             PET0 !!!!!!!!!!!!!!!!!!!!!!!!!!!!!!!!!!!!!!!!!!!!!!!!!!!!!!
20200922 055701.176 INFO             PET0 !!! THE ESMF_LOG IS SET TO OUTPUT ALL LOG MESSAGES !!!
20200922 055701.176 INFO             PET0 !!!     THIS MAY CAUSE SLOWDOWN IN PERFORMANCE     !!!
20200922 055701.176 INFO             PET0 !!! FOR PRODUCTION RUNS, USE:                      !!!
20200922 055701.176 INFO             PET0 !!!                   ESMF_LOGKIND_Multi_On_Error  !!!
20200922 055701.176 INFO             PET0 !!!!!!!!!!!!!!!!!!!!!!!!!!!!!!!!!!!!!!!!!!!!!!!!!!!!!!
20200922 055701.176 INFO             PET0 Running with ESMF Version   : ESMF_8_1_0_beta_snapshot_28-5-ge39bc55bea
20200922 055701.176 INFO             PET0 ESMF library build date/time: "Sep 22 2020" "05:44:34"
20200922 055701.176 INFO             PET0 ESMF library build location : /glade/scratch/himanshu/scripts_dir/daily/intel_cheyenne/esmf
20200922 055701.176 INFO             PET0 ESMF_COMM                   : intelmpi
20200922 055701.177 INFO             PET0 ESMF_NETCDF                 : disabled
20200922 055701.177 INFO             PET0 ESMF_PNETCDF                : disabled
20200922 055701.177 INFO             PET0 ESMF_PIO                    : enabled
20200922 055701.177 INFO             PET0 ESMF_YAMLCPP                : enabled
20200922 055701.177 INFO             PET0 ESMF_MOAB                   : enabled
20200922 055701.177 INFO             PET0 Finalizing ESMF
20200922 055701.265 INFO             PET0 !!!!!!!!!!!!!!!!!!!!!!!!!!!!!!!!!!!!!!!!!!!!!!!!!!!!!!
20200922 055701.265 INFO             PET0 !!! THE ESMF_LOG IS SET TO OUTPUT ALL LOG MESSAGES !!!
20200922 055701.265 INFO             PET0 !!!     THIS MAY CAUSE SLOWDOWN IN PERFORMANCE     !!!
20200922 055701.265 INFO             PET0 !!! FOR PRODUCTION RUNS, USE:                      !!!
20200922 055701.265 INFO             PET0 !!!                   ESMF_LOGKIND_Multi_On_Error  !!!
20200922 055701.265 INFO             PET0 !!!!!!!!!!!!!!!!!!!!!!!!!!!!!!!!!!!!!!!!!!!!!!!!!!!!!!
20200922 055701.265 INFO             PET0 Running with ESMF Version   : ESMF_8_1_0_beta_snapshot_28-5-ge39bc55bea
20200922 055701.265 INFO             PET0 ESMF library build date/time: "Sep 22 2020" "05:44:34"
20200922 055701.265 INFO             PET0 ESMF library build location : /glade/scratch/himanshu/scripts_dir/daily/intel_cheyenne/esmf
20200922 055701.265 INFO             PET0 ESMF_COMM                   : intelmpi
20200922 055701.265 INFO             PET0 ESMF_NETCDF                 : disabled
20200922 055701.265 INFO             PET0 ESMF_PNETCDF                : disabled
20200922 055701.265 INFO             PET0 ESMF_PIO                    : enabled
20200922 055701.265 INFO             PET0 ESMF_YAMLCPP                : enabled
20200922 055701.265 INFO             PET0 ESMF_MOAB                   : enabled
20200922 055701.268 INFO             PET0 Finalizing ESMF
