20200925 220509.267 INFO             PET1 !!!!!!!!!!!!!!!!!!!!!!!!!!!!!!!!!!!!!!!!!!!!!!!!!!!!!!
20200925 220509.267 INFO             PET1 !!! THE ESMF_LOG IS SET TO OUTPUT ALL LOG MESSAGES !!!
20200925 220509.267 INFO             PET1 !!!     THIS MAY CAUSE SLOWDOWN IN PERFORMANCE     !!!
20200925 220509.267 INFO             PET1 !!! FOR PRODUCTION RUNS, USE:                      !!!
20200925 220509.267 INFO             PET1 !!!                   ESMF_LOGKIND_Multi_On_Error  !!!
20200925 220509.267 INFO             PET1 !!!!!!!!!!!!!!!!!!!!!!!!!!!!!!!!!!!!!!!!!!!!!!!!!!!!!!
20200925 220509.267 INFO             PET1 Running with ESMF Version   : ESMF_8_1_0_beta_snapshot_30
20200925 220509.267 INFO             PET1 ESMF library build date/time: "Sep 25 2020" "21:53:46"
20200925 220509.267 INFO             PET1 ESMF library build location : /glade/scratch/himanshu/scripts_dir/daily/intel_cheyenne/esmf
20200925 220509.267 INFO             PET1 ESMF_COMM                   : intelmpi
20200925 220509.267 INFO             PET1 ESMF_NETCDF                 : disabled
20200925 220509.267 INFO             PET1 ESMF_PNETCDF                : disabled
20200925 220509.267 INFO             PET1 ESMF_PIO                    : enabled
20200925 220509.267 INFO             PET1 ESMF_YAMLCPP                : enabled
20200925 220509.267 INFO             PET1 ESMF_MOAB                   : enabled
20200925 220509.268 INFO             PET1 Finalizing ESMF
20200925 220509.372 INFO             PET1 !!!!!!!!!!!!!!!!!!!!!!!!!!!!!!!!!!!!!!!!!!!!!!!!!!!!!!
20200925 220509.372 INFO             PET1 !!! THE ESMF_LOG IS SET TO OUTPUT ALL LOG MESSAGES !!!
20200925 220509.372 INFO             PET1 !!!     THIS MAY CAUSE SLOWDOWN IN PERFORMANCE     !!!
20200925 220509.372 INFO             PET1 !!! FOR PRODUCTION RUNS, USE:                      !!!
20200925 220509.372 INFO             PET1 !!!                   ESMF_LOGKIND_Multi_On_Error  !!!
20200925 220509.372 INFO             PET1 !!!!!!!!!!!!!!!!!!!!!!!!!!!!!!!!!!!!!!!!!!!!!!!!!!!!!!
20200925 220509.372 INFO             PET1 Running with ESMF Version   : ESMF_8_1_0_beta_snapshot_30
20200925 220509.372 INFO             PET1 ESMF library build date/time: "Sep 25 2020" "21:53:46"
20200925 220509.372 INFO             PET1 ESMF library build location : /glade/scratch/himanshu/scripts_dir/daily/intel_cheyenne/esmf
20200925 220509.372 INFO             PET1 ESMF_COMM                   : intelmpi
20200925 220509.373 INFO             PET1 ESMF_NETCDF                 : disabled
20200925 220509.373 INFO             PET1 ESMF_PNETCDF                : disabled
20200925 220509.373 INFO             PET1 ESMF_PIO                    : enabled
20200925 220509.373 INFO             PET1 ESMF_YAMLCPP                : enabled
20200925 220509.373 INFO             PET1 ESMF_MOAB                   : enabled
20200925 220509.373 INFO             PET1 Finalizing ESMF
20200925 220509.461 INFO             PET1 !!!!!!!!!!!!!!!!!!!!!!!!!!!!!!!!!!!!!!!!!!!!!!!!!!!!!!
20200925 220509.461 INFO             PET1 !!! THE ESMF_LOG IS SET TO OUTPUT ALL LOG MESSAGES !!!
20200925 220509.461 INFO             PET1 !!!     THIS MAY CAUSE SLOWDOWN IN PERFORMANCE     !!!
20200925 220509.461 INFO             PET1 !!! FOR PRODUCTION RUNS, USE:                      !!!
20200925 220509.461 INFO             PET1 !!!                   ESMF_LOGKIND_Multi_On_Error  !!!
20200925 220509.461 INFO             PET1 !!!!!!!!!!!!!!!!!!!!!!!!!!!!!!!!!!!!!!!!!!!!!!!!!!!!!!
20200925 220509.461 INFO             PET1 Running with ESMF Version   : ESMF_8_1_0_beta_snapshot_30
20200925 220509.461 INFO             PET1 ESMF library build date/time: "Sep 25 2020" "21:53:46"
20200925 220509.461 INFO             PET1 ESMF library build location : /glade/scratch/himanshu/scripts_dir/daily/intel_cheyenne/esmf
20200925 220509.461 INFO             PET1 ESMF_COMM                   : intelmpi
20200925 220509.461 INFO             PET1 ESMF_NETCDF                 : disabled
20200925 220509.461 INFO             PET1 ESMF_PNETCDF                : disabled
20200925 220509.461 INFO             PET1 ESMF_PIO                    : enabled
20200925 220509.461 INFO             PET1 ESMF_YAMLCPP                : enabled
20200925 220509.461 INFO             PET1 ESMF_MOAB                   : enabled
20200925 220509.464 INFO             PET1 Finalizing ESMF
