20201002 123719.016 INFO             PET2 !!!!!!!!!!!!!!!!!!!!!!!!!!!!!!!!!!!!!!!!!!!!!!!!!!!!!!
20201002 123719.016 INFO             PET2 !!! THE ESMF_LOG IS SET TO OUTPUT ALL LOG MESSAGES !!!
20201002 123719.016 INFO             PET2 !!!     THIS MAY CAUSE SLOWDOWN IN PERFORMANCE     !!!
20201002 123719.016 INFO             PET2 !!! FOR PRODUCTION RUNS, USE:                      !!!
20201002 123719.016 INFO             PET2 !!!                   ESMF_LOGKIND_Multi_On_Error  !!!
20201002 123719.016 INFO             PET2 !!!!!!!!!!!!!!!!!!!!!!!!!!!!!!!!!!!!!!!!!!!!!!!!!!!!!!
20201002 123719.016 INFO             PET2 Running with ESMF Version   : ESMF_8_1_0_beta_snapshot_31-3-ge0979f1499
20201002 123719.016 INFO             PET2 ESMF library build date/time: "Oct  2 2020" "12:25:34"
20201002 123719.016 INFO             PET2 ESMF library build location : /glade/scratch/himanshu/scripts_dir/daily/intel_cheyenne/esmf
20201002 123719.016 INFO             PET2 ESMF_COMM                   : intelmpi
20201002 123719.017 INFO             PET2 ESMF_NETCDF                 : disabled
20201002 123719.017 INFO             PET2 ESMF_PNETCDF                : disabled
20201002 123719.017 INFO             PET2 ESMF_PIO                    : enabled
20201002 123719.017 INFO             PET2 ESMF_YAMLCPP                : enabled
20201002 123719.017 INFO             PET2 ESMF_MOAB                   : enabled
20201002 123719.017 INFO             PET2 Finalizing ESMF
20201002 123719.118 INFO             PET2 !!!!!!!!!!!!!!!!!!!!!!!!!!!!!!!!!!!!!!!!!!!!!!!!!!!!!!
20201002 123719.118 INFO             PET2 !!! THE ESMF_LOG IS SET TO OUTPUT ALL LOG MESSAGES !!!
20201002 123719.118 INFO             PET2 !!!     THIS MAY CAUSE SLOWDOWN IN PERFORMANCE     !!!
20201002 123719.118 INFO             PET2 !!! FOR PRODUCTION RUNS, USE:                      !!!
20201002 123719.118 INFO             PET2 !!!                   ESMF_LOGKIND_Multi_On_Error  !!!
20201002 123719.118 INFO             PET2 !!!!!!!!!!!!!!!!!!!!!!!!!!!!!!!!!!!!!!!!!!!!!!!!!!!!!!
20201002 123719.118 INFO             PET2 Running with ESMF Version   : ESMF_8_1_0_beta_snapshot_31-3-ge0979f1499
20201002 123719.118 INFO             PET2 ESMF library build date/time: "Oct  2 2020" "12:25:34"
20201002 123719.118 INFO             PET2 ESMF library build location : /glade/scratch/himanshu/scripts_dir/daily/intel_cheyenne/esmf
20201002 123719.118 INFO             PET2 ESMF_COMM                   : intelmpi
20201002 123719.118 INFO             PET2 ESMF_NETCDF                 : disabled
20201002 123719.118 INFO             PET2 ESMF_PNETCDF                : disabled
20201002 123719.118 INFO             PET2 ESMF_PIO                    : enabled
20201002 123719.118 INFO             PET2 ESMF_YAMLCPP                : enabled
20201002 123719.118 INFO             PET2 ESMF_MOAB                   : enabled
20201002 123719.118 INFO             PET2 Finalizing ESMF
20201002 123719.208 INFO             PET2 !!!!!!!!!!!!!!!!!!!!!!!!!!!!!!!!!!!!!!!!!!!!!!!!!!!!!!
20201002 123719.208 INFO             PET2 !!! THE ESMF_LOG IS SET TO OUTPUT ALL LOG MESSAGES !!!
20201002 123719.208 INFO             PET2 !!!     THIS MAY CAUSE SLOWDOWN IN PERFORMANCE     !!!
20201002 123719.208 INFO             PET2 !!! FOR PRODUCTION RUNS, USE:                      !!!
20201002 123719.208 INFO             PET2 !!!                   ESMF_LOGKIND_Multi_On_Error  !!!
20201002 123719.208 INFO             PET2 !!!!!!!!!!!!!!!!!!!!!!!!!!!!!!!!!!!!!!!!!!!!!!!!!!!!!!
20201002 123719.208 INFO             PET2 Running with ESMF Version   : ESMF_8_1_0_beta_snapshot_31-3-ge0979f1499
20201002 123719.208 INFO             PET2 ESMF library build date/time: "Oct  2 2020" "12:25:34"
20201002 123719.208 INFO             PET2 ESMF library build location : /glade/scratch/himanshu/scripts_dir/daily/intel_cheyenne/esmf
20201002 123719.208 INFO             PET2 ESMF_COMM                   : intelmpi
20201002 123719.208 INFO             PET2 ESMF_NETCDF                 : disabled
20201002 123719.208 INFO             PET2 ESMF_PNETCDF                : disabled
20201002 123719.208 INFO             PET2 ESMF_PIO                    : enabled
20201002 123719.208 INFO             PET2 ESMF_YAMLCPP                : enabled
20201002 123719.208 INFO             PET2 ESMF_MOAB                   : enabled
20201002 123719.211 INFO             PET2 Finalizing ESMF
