20200928 055502.905 INFO             PET3 !!!!!!!!!!!!!!!!!!!!!!!!!!!!!!!!!!!!!!!!!!!!!!!!!!!!!!
20200928 055502.905 INFO             PET3 !!! THE ESMF_LOG IS SET TO OUTPUT ALL LOG MESSAGES !!!
20200928 055502.905 INFO             PET3 !!!     THIS MAY CAUSE SLOWDOWN IN PERFORMANCE     !!!
20200928 055502.905 INFO             PET3 !!! FOR PRODUCTION RUNS, USE:                      !!!
20200928 055502.905 INFO             PET3 !!!                   ESMF_LOGKIND_Multi_On_Error  !!!
20200928 055502.905 INFO             PET3 !!!!!!!!!!!!!!!!!!!!!!!!!!!!!!!!!!!!!!!!!!!!!!!!!!!!!!
20200928 055502.905 INFO             PET3 Running with ESMF Version   : ESMF_8_1_0_beta_snapshot_30-2-g92e0a54ab6
20200928 055502.905 INFO             PET3 ESMF library build date/time: "Sep 28 2020" "05:44:13"
20200928 055502.905 INFO             PET3 ESMF library build location : /glade/scratch/himanshu/scripts_dir/daily/intel_cheyenne/esmf
20200928 055502.905 INFO             PET3 ESMF_COMM                   : intelmpi
20200928 055502.906 INFO             PET3 ESMF_NETCDF                 : disabled
20200928 055502.906 INFO             PET3 ESMF_PNETCDF                : disabled
20200928 055502.906 INFO             PET3 ESMF_PIO                    : enabled
20200928 055502.906 INFO             PET3 ESMF_YAMLCPP                : enabled
20200928 055502.906 INFO             PET3 ESMF_MOAB                   : enabled
20200928 055502.907 INFO             PET3 Finalizing ESMF
20200928 055503.010 INFO             PET3 !!!!!!!!!!!!!!!!!!!!!!!!!!!!!!!!!!!!!!!!!!!!!!!!!!!!!!
20200928 055503.011 INFO             PET3 !!! THE ESMF_LOG IS SET TO OUTPUT ALL LOG MESSAGES !!!
20200928 055503.011 INFO             PET3 !!!     THIS MAY CAUSE SLOWDOWN IN PERFORMANCE     !!!
20200928 055503.011 INFO             PET3 !!! FOR PRODUCTION RUNS, USE:                      !!!
20200928 055503.011 INFO             PET3 !!!                   ESMF_LOGKIND_Multi_On_Error  !!!
20200928 055503.011 INFO             PET3 !!!!!!!!!!!!!!!!!!!!!!!!!!!!!!!!!!!!!!!!!!!!!!!!!!!!!!
20200928 055503.011 INFO             PET3 Running with ESMF Version   : ESMF_8_1_0_beta_snapshot_30-2-g92e0a54ab6
20200928 055503.011 INFO             PET3 ESMF library build date/time: "Sep 28 2020" "05:44:13"
20200928 055503.011 INFO             PET3 ESMF library build location : /glade/scratch/himanshu/scripts_dir/daily/intel_cheyenne/esmf
20200928 055503.011 INFO             PET3 ESMF_COMM                   : intelmpi
20200928 055503.011 INFO             PET3 ESMF_NETCDF                 : disabled
20200928 055503.011 INFO             PET3 ESMF_PNETCDF                : disabled
20200928 055503.011 INFO             PET3 ESMF_PIO                    : enabled
20200928 055503.011 INFO             PET3 ESMF_YAMLCPP                : enabled
20200928 055503.011 INFO             PET3 ESMF_MOAB                   : enabled
20200928 055503.011 INFO             PET3 Finalizing ESMF
20200928 055503.099 INFO             PET3 !!!!!!!!!!!!!!!!!!!!!!!!!!!!!!!!!!!!!!!!!!!!!!!!!!!!!!
20200928 055503.099 INFO             PET3 !!! THE ESMF_LOG IS SET TO OUTPUT ALL LOG MESSAGES !!!
20200928 055503.099 INFO             PET3 !!!     THIS MAY CAUSE SLOWDOWN IN PERFORMANCE     !!!
20200928 055503.099 INFO             PET3 !!! FOR PRODUCTION RUNS, USE:                      !!!
20200928 055503.099 INFO             PET3 !!!                   ESMF_LOGKIND_Multi_On_Error  !!!
20200928 055503.099 INFO             PET3 !!!!!!!!!!!!!!!!!!!!!!!!!!!!!!!!!!!!!!!!!!!!!!!!!!!!!!
20200928 055503.099 INFO             PET3 Running with ESMF Version   : ESMF_8_1_0_beta_snapshot_30-2-g92e0a54ab6
20200928 055503.099 INFO             PET3 ESMF library build date/time: "Sep 28 2020" "05:44:13"
20200928 055503.100 INFO             PET3 ESMF library build location : /glade/scratch/himanshu/scripts_dir/daily/intel_cheyenne/esmf
20200928 055503.100 INFO             PET3 ESMF_COMM                   : intelmpi
20200928 055503.100 INFO             PET3 ESMF_NETCDF                 : disabled
20200928 055503.100 INFO             PET3 ESMF_PNETCDF                : disabled
20200928 055503.100 INFO             PET3 ESMF_PIO                    : enabled
20200928 055503.100 INFO             PET3 ESMF_YAMLCPP                : enabled
20200928 055503.100 INFO             PET3 ESMF_MOAB                   : enabled
20200928 055503.102 INFO             PET3 Finalizing ESMF
