20210208 054456.811 INFO             PET1 !!!!!!!!!!!!!!!!!!!!!!!!!!!!!!!!!!!!!!!!!!!!!!!!!!!!!!
20210208 054456.811 INFO             PET1 !!! THE ESMF_LOG IS SET TO OUTPUT ALL LOG MESSAGES !!!
20210208 054456.811 INFO             PET1 !!!     THIS MAY CAUSE SLOWDOWN IN PERFORMANCE     !!!
20210208 054456.811 INFO             PET1 !!! FOR PRODUCTION RUNS, USE:                      !!!
20210208 054456.811 INFO             PET1 !!!                   ESMF_LOGKIND_Multi_On_Error  !!!
20210208 054456.811 INFO             PET1 !!!!!!!!!!!!!!!!!!!!!!!!!!!!!!!!!!!!!!!!!!!!!!!!!!!!!!
20210208 054456.811 INFO             PET1 Running with ESMF Version   : ESMF_8_1_0_beta_snapshot_43-58-g2869d4f82f
20210208 054456.811 INFO             PET1 ESMF library build date/time: "Feb  8 2021" "05:35:55"
20210208 054456.811 INFO             PET1 ESMF library build location : /glade/scratch/himanshu/scripts_dir/daily/intel_cheyenne/esmf
20210208 054456.811 INFO             PET1 ESMF_COMM                   : openmpi
20210208 054456.811 INFO             PET1 ESMF_MOAB                   : enabled
20210208 054456.811 INFO             PET1 ESMF_LAPACK                 : enabled
20210208 054456.811 INFO             PET1 ESMF_NETCDF                 : disabled
20210208 054456.811 INFO             PET1 ESMF_PNETCDF                : disabled
20210208 054456.811 INFO             PET1 ESMF_PIO                    : enabled
20210208 054456.811 INFO             PET1 ESMF_YAMLCPP                : enabled
20210208 054456.812 INFO             PET1 Finalizing ESMF
20210208 054457.110 INFO             PET1 !!!!!!!!!!!!!!!!!!!!!!!!!!!!!!!!!!!!!!!!!!!!!!!!!!!!!!
20210208 054457.110 INFO             PET1 !!! THE ESMF_LOG IS SET TO OUTPUT ALL LOG MESSAGES !!!
20210208 054457.110 INFO             PET1 !!!     THIS MAY CAUSE SLOWDOWN IN PERFORMANCE     !!!
20210208 054457.110 INFO             PET1 !!! FOR PRODUCTION RUNS, USE:                      !!!
20210208 054457.110 INFO             PET1 !!!                   ESMF_LOGKIND_Multi_On_Error  !!!
20210208 054457.110 INFO             PET1 !!!!!!!!!!!!!!!!!!!!!!!!!!!!!!!!!!!!!!!!!!!!!!!!!!!!!!
20210208 054457.110 INFO             PET1 Running with ESMF Version   : ESMF_8_1_0_beta_snapshot_43-58-g2869d4f82f
20210208 054457.110 INFO             PET1 ESMF library build date/time: "Feb  8 2021" "05:35:55"
20210208 054457.110 INFO             PET1 ESMF library build location : /glade/scratch/himanshu/scripts_dir/daily/intel_cheyenne/esmf
20210208 054457.110 INFO             PET1 ESMF_COMM                   : openmpi
20210208 054457.110 INFO             PET1 ESMF_MOAB                   : enabled
20210208 054457.110 INFO             PET1 ESMF_LAPACK                 : enabled
20210208 054457.110 INFO             PET1 ESMF_NETCDF                 : disabled
20210208 054457.110 INFO             PET1 ESMF_PNETCDF                : disabled
20210208 054457.110 INFO             PET1 ESMF_PIO                    : enabled
20210208 054457.110 INFO             PET1 ESMF_YAMLCPP                : enabled
20210208 054457.110 INFO             PET1 Finalizing ESMF
20210208 054457.411 INFO             PET1 !!!!!!!!!!!!!!!!!!!!!!!!!!!!!!!!!!!!!!!!!!!!!!!!!!!!!!
20210208 054457.411 INFO             PET1 !!! THE ESMF_LOG IS SET TO OUTPUT ALL LOG MESSAGES !!!
20210208 054457.411 INFO             PET1 !!!     THIS MAY CAUSE SLOWDOWN IN PERFORMANCE     !!!
20210208 054457.411 INFO             PET1 !!! FOR PRODUCTION RUNS, USE:                      !!!
20210208 054457.411 INFO             PET1 !!!                   ESMF_LOGKIND_Multi_On_Error  !!!
20210208 054457.411 INFO             PET1 !!!!!!!!!!!!!!!!!!!!!!!!!!!!!!!!!!!!!!!!!!!!!!!!!!!!!!
20210208 054457.411 INFO             PET1 Running with ESMF Version   : ESMF_8_1_0_beta_snapshot_43-58-g2869d4f82f
20210208 054457.411 INFO             PET1 ESMF library build date/time: "Feb  8 2021" "05:35:55"
20210208 054457.411 INFO             PET1 ESMF library build location : /glade/scratch/himanshu/scripts_dir/daily/intel_cheyenne/esmf
20210208 054457.411 INFO             PET1 ESMF_COMM                   : openmpi
20210208 054457.414 INFO             PET1 ESMF_MOAB                   : enabled
20210208 054457.414 INFO             PET1 ESMF_LAPACK                 : enabled
20210208 054457.414 INFO             PET1 ESMF_NETCDF                 : disabled
20210208 054457.414 INFO             PET1 ESMF_PNETCDF                : disabled
20210208 054457.414 INFO             PET1 ESMF_PIO                    : enabled
20210208 054457.414 INFO             PET1 ESMF_YAMLCPP                : enabled
20210208 054457.414 INFO             PET1 Finalizing ESMF
Mon Feb  8 09:55:00 MST 2021
