20201220 111726.233 INFO             PET1 !!!!!!!!!!!!!!!!!!!!!!!!!!!!!!!!!!!!!!!!!!!!!!!!!!!!!!
20201220 111726.233 INFO             PET1 !!! THE ESMF_LOG IS SET TO OUTPUT ALL LOG MESSAGES !!!
20201220 111726.233 INFO             PET1 !!!     THIS MAY CAUSE SLOWDOWN IN PERFORMANCE     !!!
20201220 111726.233 INFO             PET1 !!! FOR PRODUCTION RUNS, USE:                      !!!
20201220 111726.233 INFO             PET1 !!!                   ESMF_LOGKIND_Multi_On_Error  !!!
20201220 111726.233 INFO             PET1 !!!!!!!!!!!!!!!!!!!!!!!!!!!!!!!!!!!!!!!!!!!!!!!!!!!!!!
20201220 111726.233 INFO             PET1 Running with ESMF Version   : ESMF_8_1_0_beta_snapshot_39-24-gc0c902f0ea
20201220 111726.233 INFO             PET1 ESMF library build date/time: "Dec 20 2020" "11:09:31"
20201220 111726.233 INFO             PET1 ESMF library build location : /glade/scratch/himanshu/scripts_dir/daily/intel_cheyenne/esmf
20201220 111726.233 INFO             PET1 ESMF_COMM                   : openmpi
20201220 111726.234 INFO             PET1 ESMF_NETCDF                 : disabled
20201220 111726.234 INFO             PET1 ESMF_PNETCDF                : disabled
20201220 111726.234 INFO             PET1 ESMF_PIO                    : enabled
20201220 111726.234 INFO             PET1 ESMF_YAMLCPP                : enabled
20201220 111726.234 INFO             PET1 ESMF_MOAB                   : enabled
20201220 111726.234 INFO             PET1 Finalizing ESMF
20201220 111726.529 INFO             PET1 !!!!!!!!!!!!!!!!!!!!!!!!!!!!!!!!!!!!!!!!!!!!!!!!!!!!!!
20201220 111726.529 INFO             PET1 !!! THE ESMF_LOG IS SET TO OUTPUT ALL LOG MESSAGES !!!
20201220 111726.529 INFO             PET1 !!!     THIS MAY CAUSE SLOWDOWN IN PERFORMANCE     !!!
20201220 111726.529 INFO             PET1 !!! FOR PRODUCTION RUNS, USE:                      !!!
20201220 111726.529 INFO             PET1 !!!                   ESMF_LOGKIND_Multi_On_Error  !!!
20201220 111726.529 INFO             PET1 !!!!!!!!!!!!!!!!!!!!!!!!!!!!!!!!!!!!!!!!!!!!!!!!!!!!!!
20201220 111726.529 INFO             PET1 Running with ESMF Version   : ESMF_8_1_0_beta_snapshot_39-24-gc0c902f0ea
20201220 111726.529 INFO             PET1 ESMF library build date/time: "Dec 20 2020" "11:09:31"
20201220 111726.529 INFO             PET1 ESMF library build location : /glade/scratch/himanshu/scripts_dir/daily/intel_cheyenne/esmf
20201220 111726.529 INFO             PET1 ESMF_COMM                   : openmpi
20201220 111726.529 INFO             PET1 ESMF_NETCDF                 : disabled
20201220 111726.529 INFO             PET1 ESMF_PNETCDF                : disabled
20201220 111726.529 INFO             PET1 ESMF_PIO                    : enabled
20201220 111726.529 INFO             PET1 ESMF_YAMLCPP                : enabled
20201220 111726.529 INFO             PET1 ESMF_MOAB                   : enabled
20201220 111726.529 INFO             PET1 Finalizing ESMF
20201220 111726.823 INFO             PET1 !!!!!!!!!!!!!!!!!!!!!!!!!!!!!!!!!!!!!!!!!!!!!!!!!!!!!!
20201220 111726.823 INFO             PET1 !!! THE ESMF_LOG IS SET TO OUTPUT ALL LOG MESSAGES !!!
20201220 111726.823 INFO             PET1 !!!     THIS MAY CAUSE SLOWDOWN IN PERFORMANCE     !!!
20201220 111726.823 INFO             PET1 !!! FOR PRODUCTION RUNS, USE:                      !!!
20201220 111726.823 INFO             PET1 !!!                   ESMF_LOGKIND_Multi_On_Error  !!!
20201220 111726.823 INFO             PET1 !!!!!!!!!!!!!!!!!!!!!!!!!!!!!!!!!!!!!!!!!!!!!!!!!!!!!!
20201220 111726.823 INFO             PET1 Running with ESMF Version   : ESMF_8_1_0_beta_snapshot_39-24-gc0c902f0ea
20201220 111726.823 INFO             PET1 ESMF library build date/time: "Dec 20 2020" "11:09:31"
20201220 111726.823 INFO             PET1 ESMF library build location : /glade/scratch/himanshu/scripts_dir/daily/intel_cheyenne/esmf
20201220 111726.823 INFO             PET1 ESMF_COMM                   : openmpi
20201220 111726.823 INFO             PET1 ESMF_NETCDF                 : disabled
20201220 111726.823 INFO             PET1 ESMF_PNETCDF                : disabled
20201220 111726.823 INFO             PET1 ESMF_PIO                    : enabled
20201220 111726.823 INFO             PET1 ESMF_YAMLCPP                : enabled
20201220 111726.823 INFO             PET1 ESMF_MOAB                   : enabled
20201220 111726.826 INFO             PET1 Finalizing ESMF
Sun Dec 20 15:07:49 MST 2020
