20210210 094634.661 INFO             PET2 !!!!!!!!!!!!!!!!!!!!!!!!!!!!!!!!!!!!!!!!!!!!!!!!!!!!!!
20210210 094634.661 INFO             PET2 !!! THE ESMF_LOG IS SET TO OUTPUT ALL LOG MESSAGES !!!
20210210 094634.661 INFO             PET2 !!!     THIS MAY CAUSE SLOWDOWN IN PERFORMANCE     !!!
20210210 094634.661 INFO             PET2 !!! FOR PRODUCTION RUNS, USE:                      !!!
20210210 094634.661 INFO             PET2 !!!                   ESMF_LOGKIND_Multi_On_Error  !!!
20210210 094634.661 INFO             PET2 !!!!!!!!!!!!!!!!!!!!!!!!!!!!!!!!!!!!!!!!!!!!!!!!!!!!!!
20210210 094634.661 INFO             PET2 Running with ESMF Version   : ESMF_8_1_0_beta_snapshot_44-51-g9479c81c39
20210210 094634.661 INFO             PET2 ESMF library build date/time: "Feb 10 2021" "09:37:26"
20210210 094634.661 INFO             PET2 ESMF library build location : /glade/scratch/himanshu/scripts_dir/daily/intel_cheyenne/esmf
20210210 094634.661 INFO             PET2 ESMF_COMM                   : openmpi
20210210 094634.661 INFO             PET2 ESMF_MOAB                   : enabled
20210210 094634.661 INFO             PET2 ESMF_LAPACK                 : enabled
20210210 094634.661 INFO             PET2 ESMF_NETCDF                 : disabled
20210210 094634.661 INFO             PET2 ESMF_PNETCDF                : disabled
20210210 094634.661 INFO             PET2 ESMF_PIO                    : enabled
20210210 094634.661 INFO             PET2 ESMF_YAMLCPP                : enabled
20210210 094634.662 INFO             PET2 Finalizing ESMF
20210210 094634.969 INFO             PET2 !!!!!!!!!!!!!!!!!!!!!!!!!!!!!!!!!!!!!!!!!!!!!!!!!!!!!!
20210210 094634.969 INFO             PET2 !!! THE ESMF_LOG IS SET TO OUTPUT ALL LOG MESSAGES !!!
20210210 094634.969 INFO             PET2 !!!     THIS MAY CAUSE SLOWDOWN IN PERFORMANCE     !!!
20210210 094634.969 INFO             PET2 !!! FOR PRODUCTION RUNS, USE:                      !!!
20210210 094634.969 INFO             PET2 !!!                   ESMF_LOGKIND_Multi_On_Error  !!!
20210210 094634.969 INFO             PET2 !!!!!!!!!!!!!!!!!!!!!!!!!!!!!!!!!!!!!!!!!!!!!!!!!!!!!!
20210210 094634.969 INFO             PET2 Running with ESMF Version   : ESMF_8_1_0_beta_snapshot_44-51-g9479c81c39
20210210 094634.969 INFO             PET2 ESMF library build date/time: "Feb 10 2021" "09:37:26"
20210210 094634.969 INFO             PET2 ESMF library build location : /glade/scratch/himanshu/scripts_dir/daily/intel_cheyenne/esmf
20210210 094634.969 INFO             PET2 ESMF_COMM                   : openmpi
20210210 094634.969 INFO             PET2 ESMF_MOAB                   : enabled
20210210 094634.969 INFO             PET2 ESMF_LAPACK                 : enabled
20210210 094634.969 INFO             PET2 ESMF_NETCDF                 : disabled
20210210 094634.969 INFO             PET2 ESMF_PNETCDF                : disabled
20210210 094634.969 INFO             PET2 ESMF_PIO                    : enabled
20210210 094634.969 INFO             PET2 ESMF_YAMLCPP                : enabled
20210210 094634.970 INFO             PET2 Finalizing ESMF
20210210 094635.262 INFO             PET2 !!!!!!!!!!!!!!!!!!!!!!!!!!!!!!!!!!!!!!!!!!!!!!!!!!!!!!
20210210 094635.262 INFO             PET2 !!! THE ESMF_LOG IS SET TO OUTPUT ALL LOG MESSAGES !!!
20210210 094635.262 INFO             PET2 !!!     THIS MAY CAUSE SLOWDOWN IN PERFORMANCE     !!!
20210210 094635.262 INFO             PET2 !!! FOR PRODUCTION RUNS, USE:                      !!!
20210210 094635.262 INFO             PET2 !!!                   ESMF_LOGKIND_Multi_On_Error  !!!
20210210 094635.262 INFO             PET2 !!!!!!!!!!!!!!!!!!!!!!!!!!!!!!!!!!!!!!!!!!!!!!!!!!!!!!
20210210 094635.262 INFO             PET2 Running with ESMF Version   : ESMF_8_1_0_beta_snapshot_44-51-g9479c81c39
20210210 094635.262 INFO             PET2 ESMF library build date/time: "Feb 10 2021" "09:37:26"
20210210 094635.262 INFO             PET2 ESMF library build location : /glade/scratch/himanshu/scripts_dir/daily/intel_cheyenne/esmf
20210210 094635.262 INFO             PET2 ESMF_COMM                   : openmpi
20210210 094635.264 INFO             PET2 ESMF_MOAB                   : enabled
20210210 094635.264 INFO             PET2 ESMF_LAPACK                 : enabled
20210210 094635.264 INFO             PET2 ESMF_NETCDF                 : disabled
20210210 094635.264 INFO             PET2 ESMF_PNETCDF                : disabled
20210210 094635.264 INFO             PET2 ESMF_PIO                    : enabled
20210210 094635.264 INFO             PET2 ESMF_YAMLCPP                : enabled
20210210 094635.275 INFO             PET2 Finalizing ESMF
Wed Feb 10 23:57:24 MST 2021
