20201228 093626.071 INFO             PET0 !!!!!!!!!!!!!!!!!!!!!!!!!!!!!!!!!!!!!!!!!!!!!!!!!!!!!!
20201228 093626.071 INFO             PET0 !!! THE ESMF_LOG IS SET TO OUTPUT ALL LOG MESSAGES !!!
20201228 093626.071 INFO             PET0 !!!     THIS MAY CAUSE SLOWDOWN IN PERFORMANCE     !!!
20201228 093626.071 INFO             PET0 !!! FOR PRODUCTION RUNS, USE:                      !!!
20201228 093626.071 INFO             PET0 !!!                   ESMF_LOGKIND_Multi_On_Error  !!!
20201228 093626.071 INFO             PET0 !!!!!!!!!!!!!!!!!!!!!!!!!!!!!!!!!!!!!!!!!!!!!!!!!!!!!!
20201228 093626.071 INFO             PET0 Running with ESMF Version   : ESMF_8_1_0_beta_snapshot_40-4-ga072c96c19
20201228 093626.071 INFO             PET0 ESMF library build date/time: "Dec 28 2020" "09:33:19"
20201228 093626.071 INFO             PET0 ESMF library build location : /scratch/esmf/esmf_test/cronjobs/trunk/gfortran/esmf
20201228 093626.071 INFO             PET0 ESMF_COMM                   : mpich3
20201228 093626.071 INFO             PET0 ESMF_NETCDF                 : disabled
20201228 093626.071 INFO             PET0 ESMF_PNETCDF                : disabled
20201228 093626.071 INFO             PET0 ESMF_PIO                    : enabled
20201228 093626.071 INFO             PET0 ESMF_YAMLCPP                : enabled
20201228 093626.071 INFO             PET0 ESMF_MOAB                   : enabled
20201228 093626.071 INFO             PET0 Finalizing ESMF
20201228 093626.106 INFO             PET0 !!!!!!!!!!!!!!!!!!!!!!!!!!!!!!!!!!!!!!!!!!!!!!!!!!!!!!
20201228 093626.106 INFO             PET0 !!! THE ESMF_LOG IS SET TO OUTPUT ALL LOG MESSAGES !!!
20201228 093626.106 INFO             PET0 !!!     THIS MAY CAUSE SLOWDOWN IN PERFORMANCE     !!!
20201228 093626.106 INFO             PET0 !!! FOR PRODUCTION RUNS, USE:                      !!!
20201228 093626.106 INFO             PET0 !!!                   ESMF_LOGKIND_Multi_On_Error  !!!
20201228 093626.106 INFO             PET0 !!!!!!!!!!!!!!!!!!!!!!!!!!!!!!!!!!!!!!!!!!!!!!!!!!!!!!
20201228 093626.106 INFO             PET0 Running with ESMF Version   : ESMF_8_1_0_beta_snapshot_40-4-ga072c96c19
20201228 093626.106 INFO             PET0 ESMF library build date/time: "Dec 28 2020" "09:33:19"
20201228 093626.106 INFO             PET0 ESMF library build location : /scratch/esmf/esmf_test/cronjobs/trunk/gfortran/esmf
20201228 093626.106 INFO             PET0 ESMF_COMM                   : mpich3
20201228 093626.107 INFO             PET0 ESMF_NETCDF                 : disabled
20201228 093626.107 INFO             PET0 ESMF_PNETCDF                : disabled
20201228 093626.107 INFO             PET0 ESMF_PIO                    : enabled
20201228 093626.107 INFO             PET0 ESMF_YAMLCPP                : enabled
20201228 093626.107 INFO             PET0 ESMF_MOAB                   : enabled
20201228 093626.107 INFO             PET0 Finalizing ESMF
20201228 093626.143 INFO             PET0 !!!!!!!!!!!!!!!!!!!!!!!!!!!!!!!!!!!!!!!!!!!!!!!!!!!!!!
20201228 093626.143 INFO             PET0 !!! THE ESMF_LOG IS SET TO OUTPUT ALL LOG MESSAGES !!!
20201228 093626.143 INFO             PET0 !!!     THIS MAY CAUSE SLOWDOWN IN PERFORMANCE     !!!
20201228 093626.143 INFO             PET0 !!! FOR PRODUCTION RUNS, USE:                      !!!
20201228 093626.143 INFO             PET0 !!!                   ESMF_LOGKIND_Multi_On_Error  !!!
20201228 093626.143 INFO             PET0 !!!!!!!!!!!!!!!!!!!!!!!!!!!!!!!!!!!!!!!!!!!!!!!!!!!!!!
20201228 093626.143 INFO             PET0 Running with ESMF Version   : ESMF_8_1_0_beta_snapshot_40-4-ga072c96c19
20201228 093626.143 INFO             PET0 ESMF library build date/time: "Dec 28 2020" "09:33:19"
20201228 093626.143 INFO             PET0 ESMF library build location : /scratch/esmf/esmf_test/cronjobs/trunk/gfortran/esmf
20201228 093626.143 INFO             PET0 ESMF_COMM                   : mpich3
20201228 093626.143 INFO             PET0 ESMF_NETCDF                 : disabled
20201228 093626.143 INFO             PET0 ESMF_PNETCDF                : disabled
20201228 093626.143 INFO             PET0 ESMF_PIO                    : enabled
20201228 093626.143 INFO             PET0 ESMF_YAMLCPP                : enabled
20201228 093626.143 INFO             PET0 ESMF_MOAB                   : enabled
20201228 093626.144 INFO             PET0 Finalizing ESMF
Mon Dec 28 13:57:18 MST 2020
