20201011 005750.082 INFO             PET0 !!!!!!!!!!!!!!!!!!!!!!!!!!!!!!!!!!!!!!!!!!!!!!!!!!!!!!
20201011 005750.082 INFO             PET0 !!! THE ESMF_LOG IS SET TO OUTPUT ALL LOG MESSAGES !!!
20201011 005750.082 INFO             PET0 !!!     THIS MAY CAUSE SLOWDOWN IN PERFORMANCE     !!!
20201011 005750.082 INFO             PET0 !!! FOR PRODUCTION RUNS, USE:                      !!!
20201011 005750.082 INFO             PET0 !!!                   ESMF_LOGKIND_Multi_On_Error  !!!
20201011 005750.082 INFO             PET0 !!!!!!!!!!!!!!!!!!!!!!!!!!!!!!!!!!!!!!!!!!!!!!!!!!!!!!
20201011 005750.082 INFO             PET0 Running with ESMF Version   : ESMF_8_1_0_beta_snapshot_33-12-g659f088597
20201011 005750.082 INFO             PET0 ESMF library build date/time: "Oct 11 2020" "00:54:47"
20201011 005750.082 INFO             PET0 ESMF library build location : /scratch/esmf/esmf_test/cronjobs/trunk/gfortran/esmf
20201011 005750.082 INFO             PET0 ESMF_COMM                   : mpich3
20201011 005750.082 INFO             PET0 ESMF_NETCDF                 : disabled
20201011 005750.082 INFO             PET0 ESMF_PNETCDF                : disabled
20201011 005750.082 INFO             PET0 ESMF_PIO                    : enabled
20201011 005750.082 INFO             PET0 ESMF_YAMLCPP                : enabled
20201011 005750.082 INFO             PET0 ESMF_MOAB                   : enabled
20201011 005750.083 INFO             PET0 Finalizing ESMF
20201011 005750.119 INFO             PET0 !!!!!!!!!!!!!!!!!!!!!!!!!!!!!!!!!!!!!!!!!!!!!!!!!!!!!!
20201011 005750.119 INFO             PET0 !!! THE ESMF_LOG IS SET TO OUTPUT ALL LOG MESSAGES !!!
20201011 005750.119 INFO             PET0 !!!     THIS MAY CAUSE SLOWDOWN IN PERFORMANCE     !!!
20201011 005750.119 INFO             PET0 !!! FOR PRODUCTION RUNS, USE:                      !!!
20201011 005750.119 INFO             PET0 !!!                   ESMF_LOGKIND_Multi_On_Error  !!!
20201011 005750.119 INFO             PET0 !!!!!!!!!!!!!!!!!!!!!!!!!!!!!!!!!!!!!!!!!!!!!!!!!!!!!!
20201011 005750.119 INFO             PET0 Running with ESMF Version   : ESMF_8_1_0_beta_snapshot_33-12-g659f088597
20201011 005750.119 INFO             PET0 ESMF library build date/time: "Oct 11 2020" "00:54:47"
20201011 005750.119 INFO             PET0 ESMF library build location : /scratch/esmf/esmf_test/cronjobs/trunk/gfortran/esmf
20201011 005750.119 INFO             PET0 ESMF_COMM                   : mpich3
20201011 005750.120 INFO             PET0 ESMF_NETCDF                 : disabled
20201011 005750.120 INFO             PET0 ESMF_PNETCDF                : disabled
20201011 005750.120 INFO             PET0 ESMF_PIO                    : enabled
20201011 005750.120 INFO             PET0 ESMF_YAMLCPP                : enabled
20201011 005750.120 INFO             PET0 ESMF_MOAB                   : enabled
20201011 005750.120 INFO             PET0 Finalizing ESMF
20201011 005750.155 INFO             PET0 !!!!!!!!!!!!!!!!!!!!!!!!!!!!!!!!!!!!!!!!!!!!!!!!!!!!!!
20201011 005750.155 INFO             PET0 !!! THE ESMF_LOG IS SET TO OUTPUT ALL LOG MESSAGES !!!
20201011 005750.155 INFO             PET0 !!!     THIS MAY CAUSE SLOWDOWN IN PERFORMANCE     !!!
20201011 005750.155 INFO             PET0 !!! FOR PRODUCTION RUNS, USE:                      !!!
20201011 005750.155 INFO             PET0 !!!                   ESMF_LOGKIND_Multi_On_Error  !!!
20201011 005750.155 INFO             PET0 !!!!!!!!!!!!!!!!!!!!!!!!!!!!!!!!!!!!!!!!!!!!!!!!!!!!!!
20201011 005750.155 INFO             PET0 Running with ESMF Version   : ESMF_8_1_0_beta_snapshot_33-12-g659f088597
20201011 005750.155 INFO             PET0 ESMF library build date/time: "Oct 11 2020" "00:54:47"
20201011 005750.155 INFO             PET0 ESMF library build location : /scratch/esmf/esmf_test/cronjobs/trunk/gfortran/esmf
20201011 005750.155 INFO             PET0 ESMF_COMM                   : mpich3
20201011 005750.156 INFO             PET0 ESMF_NETCDF                 : disabled
20201011 005750.156 INFO             PET0 ESMF_PNETCDF                : disabled
20201011 005750.156 INFO             PET0 ESMF_PIO                    : enabled
20201011 005750.156 INFO             PET0 ESMF_YAMLCPP                : enabled
20201011 005750.156 INFO             PET0 ESMF_MOAB                   : enabled
20201011 005750.156 INFO             PET0 Finalizing ESMF
