20201224 122514.290 INFO             PET1 !!!!!!!!!!!!!!!!!!!!!!!!!!!!!!!!!!!!!!!!!!!!!!!!!!!!!!
20201224 122514.290 INFO             PET1 !!! THE ESMF_LOG IS SET TO OUTPUT ALL LOG MESSAGES !!!
20201224 122514.290 INFO             PET1 !!!     THIS MAY CAUSE SLOWDOWN IN PERFORMANCE     !!!
20201224 122514.290 INFO             PET1 !!! FOR PRODUCTION RUNS, USE:                      !!!
20201224 122514.290 INFO             PET1 !!!                   ESMF_LOGKIND_Multi_On_Error  !!!
20201224 122514.290 INFO             PET1 !!!!!!!!!!!!!!!!!!!!!!!!!!!!!!!!!!!!!!!!!!!!!!!!!!!!!!
20201224 122514.290 INFO             PET1 Running with ESMF Version   : ESMF_8_1_0_beta_snapshot_40-4-ga072c96c19
20201224 122514.290 INFO             PET1 ESMF library build date/time: "Dec 24 2020" "12:22:09"
20201224 122514.290 INFO             PET1 ESMF library build location : /scratch/esmf/esmf_test/cronjobs/trunk/gfortran/esmf
20201224 122514.290 INFO             PET1 ESMF_COMM                   : mpich3
20201224 122514.290 INFO             PET1 ESMF_NETCDF                 : disabled
20201224 122514.290 INFO             PET1 ESMF_PNETCDF                : disabled
20201224 122514.290 INFO             PET1 ESMF_PIO                    : enabled
20201224 122514.290 INFO             PET1 ESMF_YAMLCPP                : enabled
20201224 122514.290 INFO             PET1 ESMF_MOAB                   : enabled
20201224 122514.291 INFO             PET1 Finalizing ESMF
20201224 122514.328 INFO             PET1 !!!!!!!!!!!!!!!!!!!!!!!!!!!!!!!!!!!!!!!!!!!!!!!!!!!!!!
20201224 122514.328 INFO             PET1 !!! THE ESMF_LOG IS SET TO OUTPUT ALL LOG MESSAGES !!!
20201224 122514.328 INFO             PET1 !!!     THIS MAY CAUSE SLOWDOWN IN PERFORMANCE     !!!
20201224 122514.328 INFO             PET1 !!! FOR PRODUCTION RUNS, USE:                      !!!
20201224 122514.328 INFO             PET1 !!!                   ESMF_LOGKIND_Multi_On_Error  !!!
20201224 122514.328 INFO             PET1 !!!!!!!!!!!!!!!!!!!!!!!!!!!!!!!!!!!!!!!!!!!!!!!!!!!!!!
20201224 122514.328 INFO             PET1 Running with ESMF Version   : ESMF_8_1_0_beta_snapshot_40-4-ga072c96c19
20201224 122514.328 INFO             PET1 ESMF library build date/time: "Dec 24 2020" "12:22:09"
20201224 122514.329 INFO             PET1 ESMF library build location : /scratch/esmf/esmf_test/cronjobs/trunk/gfortran/esmf
20201224 122514.329 INFO             PET1 ESMF_COMM                   : mpich3
20201224 122514.329 INFO             PET1 ESMF_NETCDF                 : disabled
20201224 122514.329 INFO             PET1 ESMF_PNETCDF                : disabled
20201224 122514.329 INFO             PET1 ESMF_PIO                    : enabled
20201224 122514.329 INFO             PET1 ESMF_YAMLCPP                : enabled
20201224 122514.329 INFO             PET1 ESMF_MOAB                   : enabled
20201224 122514.329 INFO             PET1 Finalizing ESMF
20201224 122514.366 INFO             PET1 !!!!!!!!!!!!!!!!!!!!!!!!!!!!!!!!!!!!!!!!!!!!!!!!!!!!!!
20201224 122514.367 INFO             PET1 !!! THE ESMF_LOG IS SET TO OUTPUT ALL LOG MESSAGES !!!
20201224 122514.367 INFO             PET1 !!!     THIS MAY CAUSE SLOWDOWN IN PERFORMANCE     !!!
20201224 122514.367 INFO             PET1 !!! FOR PRODUCTION RUNS, USE:                      !!!
20201224 122514.367 INFO             PET1 !!!                   ESMF_LOGKIND_Multi_On_Error  !!!
20201224 122514.367 INFO             PET1 !!!!!!!!!!!!!!!!!!!!!!!!!!!!!!!!!!!!!!!!!!!!!!!!!!!!!!
20201224 122514.367 INFO             PET1 Running with ESMF Version   : ESMF_8_1_0_beta_snapshot_40-4-ga072c96c19
20201224 122514.367 INFO             PET1 ESMF library build date/time: "Dec 24 2020" "12:22:09"
20201224 122514.367 INFO             PET1 ESMF library build location : /scratch/esmf/esmf_test/cronjobs/trunk/gfortran/esmf
20201224 122514.367 INFO             PET1 ESMF_COMM                   : mpich3
20201224 122514.367 INFO             PET1 ESMF_NETCDF                 : disabled
20201224 122514.367 INFO             PET1 ESMF_PNETCDF                : disabled
20201224 122514.367 INFO             PET1 ESMF_PIO                    : enabled
20201224 122514.367 INFO             PET1 ESMF_YAMLCPP                : enabled
20201224 122514.367 INFO             PET1 ESMF_MOAB                   : enabled
20201224 122514.367 INFO             PET1 Finalizing ESMF
Thu Dec 24 16:45:14 MST 2020
