20210103 094016.595 INFO             PET2 !!!!!!!!!!!!!!!!!!!!!!!!!!!!!!!!!!!!!!!!!!!!!!!!!!!!!!
20210103 094016.595 INFO             PET2 !!! THE ESMF_LOG IS SET TO OUTPUT ALL LOG MESSAGES !!!
20210103 094016.595 INFO             PET2 !!!     THIS MAY CAUSE SLOWDOWN IN PERFORMANCE     !!!
20210103 094016.595 INFO             PET2 !!! FOR PRODUCTION RUNS, USE:                      !!!
20210103 094016.595 INFO             PET2 !!!                   ESMF_LOGKIND_Multi_On_Error  !!!
20210103 094016.595 INFO             PET2 !!!!!!!!!!!!!!!!!!!!!!!!!!!!!!!!!!!!!!!!!!!!!!!!!!!!!!
20210103 094016.595 INFO             PET2 Running with ESMF Version   : ESMF_8_1_0_beta_snapshot_40-4-ga072c96c19
20210103 094016.595 INFO             PET2 ESMF library build date/time: "Jan  3 2021" "09:37:08"
20210103 094016.595 INFO             PET2 ESMF library build location : /scratch/esmf/esmf_test/cronjobs/trunk/gfortran/esmf
20210103 094016.595 INFO             PET2 ESMF_COMM                   : mpich3
20210103 094016.596 INFO             PET2 ESMF_NETCDF                 : disabled
20210103 094016.596 INFO             PET2 ESMF_PNETCDF                : disabled
20210103 094016.596 INFO             PET2 ESMF_PIO                    : enabled
20210103 094016.596 INFO             PET2 ESMF_YAMLCPP                : enabled
20210103 094016.596 INFO             PET2 ESMF_MOAB                   : enabled
20210103 094016.596 INFO             PET2 Finalizing ESMF
20210103 094016.633 INFO             PET2 !!!!!!!!!!!!!!!!!!!!!!!!!!!!!!!!!!!!!!!!!!!!!!!!!!!!!!
20210103 094016.633 INFO             PET2 !!! THE ESMF_LOG IS SET TO OUTPUT ALL LOG MESSAGES !!!
20210103 094016.633 INFO             PET2 !!!     THIS MAY CAUSE SLOWDOWN IN PERFORMANCE     !!!
20210103 094016.633 INFO             PET2 !!! FOR PRODUCTION RUNS, USE:                      !!!
20210103 094016.633 INFO             PET2 !!!                   ESMF_LOGKIND_Multi_On_Error  !!!
20210103 094016.633 INFO             PET2 !!!!!!!!!!!!!!!!!!!!!!!!!!!!!!!!!!!!!!!!!!!!!!!!!!!!!!
20210103 094016.633 INFO             PET2 Running with ESMF Version   : ESMF_8_1_0_beta_snapshot_40-4-ga072c96c19
20210103 094016.633 INFO             PET2 ESMF library build date/time: "Jan  3 2021" "09:37:08"
20210103 094016.633 INFO             PET2 ESMF library build location : /scratch/esmf/esmf_test/cronjobs/trunk/gfortran/esmf
20210103 094016.633 INFO             PET2 ESMF_COMM                   : mpich3
20210103 094016.633 INFO             PET2 ESMF_NETCDF                 : disabled
20210103 094016.633 INFO             PET2 ESMF_PNETCDF                : disabled
20210103 094016.633 INFO             PET2 ESMF_PIO                    : enabled
20210103 094016.633 INFO             PET2 ESMF_YAMLCPP                : enabled
20210103 094016.633 INFO             PET2 ESMF_MOAB                   : enabled
20210103 094016.634 INFO             PET2 Finalizing ESMF
20210103 094016.672 INFO             PET2 !!!!!!!!!!!!!!!!!!!!!!!!!!!!!!!!!!!!!!!!!!!!!!!!!!!!!!
20210103 094016.672 INFO             PET2 !!! THE ESMF_LOG IS SET TO OUTPUT ALL LOG MESSAGES !!!
20210103 094016.672 INFO             PET2 !!!     THIS MAY CAUSE SLOWDOWN IN PERFORMANCE     !!!
20210103 094016.672 INFO             PET2 !!! FOR PRODUCTION RUNS, USE:                      !!!
20210103 094016.672 INFO             PET2 !!!                   ESMF_LOGKIND_Multi_On_Error  !!!
20210103 094016.672 INFO             PET2 !!!!!!!!!!!!!!!!!!!!!!!!!!!!!!!!!!!!!!!!!!!!!!!!!!!!!!
20210103 094016.672 INFO             PET2 Running with ESMF Version   : ESMF_8_1_0_beta_snapshot_40-4-ga072c96c19
20210103 094016.672 INFO             PET2 ESMF library build date/time: "Jan  3 2021" "09:37:08"
20210103 094016.672 INFO             PET2 ESMF library build location : /scratch/esmf/esmf_test/cronjobs/trunk/gfortran/esmf
20210103 094016.672 INFO             PET2 ESMF_COMM                   : mpich3
20210103 094016.672 INFO             PET2 ESMF_NETCDF                 : disabled
20210103 094016.672 INFO             PET2 ESMF_PNETCDF                : disabled
20210103 094016.672 INFO             PET2 ESMF_PIO                    : enabled
20210103 094016.672 INFO             PET2 ESMF_YAMLCPP                : enabled
20210103 094016.672 INFO             PET2 ESMF_MOAB                   : enabled
20210103 094016.672 INFO             PET2 Finalizing ESMF
Sun Jan  3 14:01:06 MST 2021
