20210208 004608.764 INFO             PET3 !!!!!!!!!!!!!!!!!!!!!!!!!!!!!!!!!!!!!!!!!!!!!!!!!!!!!!
20210208 004608.764 INFO             PET3 !!! THE ESMF_LOG IS SET TO OUTPUT ALL LOG MESSAGES !!!
20210208 004608.764 INFO             PET3 !!!     THIS MAY CAUSE SLOWDOWN IN PERFORMANCE     !!!
20210208 004608.764 INFO             PET3 !!! FOR PRODUCTION RUNS, USE:                      !!!
20210208 004608.764 INFO             PET3 !!!                   ESMF_LOGKIND_Multi_On_Error  !!!
20210208 004608.764 INFO             PET3 !!!!!!!!!!!!!!!!!!!!!!!!!!!!!!!!!!!!!!!!!!!!!!!!!!!!!!
20210208 004608.764 INFO             PET3 Running with ESMF Version   : ESMF_8_1_0_beta_snapshot_43-58-g2869d4f82f
20210208 004608.764 INFO             PET3 ESMF library build date/time: "Feb  8 2021" "00:43:11"
20210208 004608.764 INFO             PET3 ESMF library build location : /scratch/esmf/esmf_test/cronjobs/trunk/gfortran/esmf
20210208 004608.764 INFO             PET3 ESMF_COMM                   : mpich3
20210208 004608.764 INFO             PET3 ESMF_MOAB                   : enabled
20210208 004608.764 INFO             PET3 ESMF_LAPACK                 : enabled
20210208 004608.764 INFO             PET3 ESMF_NETCDF                 : disabled
20210208 004608.764 INFO             PET3 ESMF_PNETCDF                : disabled
20210208 004608.764 INFO             PET3 ESMF_PIO                    : enabled
20210208 004608.764 INFO             PET3 ESMF_YAMLCPP                : enabled
20210208 004608.764 INFO             PET3 Finalizing ESMF
20210208 004608.800 INFO             PET3 !!!!!!!!!!!!!!!!!!!!!!!!!!!!!!!!!!!!!!!!!!!!!!!!!!!!!!
20210208 004608.801 INFO             PET3 !!! THE ESMF_LOG IS SET TO OUTPUT ALL LOG MESSAGES !!!
20210208 004608.801 INFO             PET3 !!!     THIS MAY CAUSE SLOWDOWN IN PERFORMANCE     !!!
20210208 004608.801 INFO             PET3 !!! FOR PRODUCTION RUNS, USE:                      !!!
20210208 004608.801 INFO             PET3 !!!                   ESMF_LOGKIND_Multi_On_Error  !!!
20210208 004608.801 INFO             PET3 !!!!!!!!!!!!!!!!!!!!!!!!!!!!!!!!!!!!!!!!!!!!!!!!!!!!!!
20210208 004608.801 INFO             PET3 Running with ESMF Version   : ESMF_8_1_0_beta_snapshot_43-58-g2869d4f82f
20210208 004608.801 INFO             PET3 ESMF library build date/time: "Feb  8 2021" "00:43:11"
20210208 004608.801 INFO             PET3 ESMF library build location : /scratch/esmf/esmf_test/cronjobs/trunk/gfortran/esmf
20210208 004608.801 INFO             PET3 ESMF_COMM                   : mpich3
20210208 004608.801 INFO             PET3 ESMF_MOAB                   : enabled
20210208 004608.801 INFO             PET3 ESMF_LAPACK                 : enabled
20210208 004608.801 INFO             PET3 ESMF_NETCDF                 : disabled
20210208 004608.801 INFO             PET3 ESMF_PNETCDF                : disabled
20210208 004608.801 INFO             PET3 ESMF_PIO                    : enabled
20210208 004608.801 INFO             PET3 ESMF_YAMLCPP                : enabled
20210208 004608.801 INFO             PET3 Finalizing ESMF
20210208 004608.836 INFO             PET3 !!!!!!!!!!!!!!!!!!!!!!!!!!!!!!!!!!!!!!!!!!!!!!!!!!!!!!
20210208 004608.836 INFO             PET3 !!! THE ESMF_LOG IS SET TO OUTPUT ALL LOG MESSAGES !!!
20210208 004608.836 INFO             PET3 !!!     THIS MAY CAUSE SLOWDOWN IN PERFORMANCE     !!!
20210208 004608.836 INFO             PET3 !!! FOR PRODUCTION RUNS, USE:                      !!!
20210208 004608.836 INFO             PET3 !!!                   ESMF_LOGKIND_Multi_On_Error  !!!
20210208 004608.836 INFO             PET3 !!!!!!!!!!!!!!!!!!!!!!!!!!!!!!!!!!!!!!!!!!!!!!!!!!!!!!
20210208 004608.836 INFO             PET3 Running with ESMF Version   : ESMF_8_1_0_beta_snapshot_43-58-g2869d4f82f
20210208 004608.836 INFO             PET3 ESMF library build date/time: "Feb  8 2021" "00:43:11"
20210208 004608.836 INFO             PET3 ESMF library build location : /scratch/esmf/esmf_test/cronjobs/trunk/gfortran/esmf
20210208 004608.836 INFO             PET3 ESMF_COMM                   : mpich3
20210208 004608.836 INFO             PET3 ESMF_MOAB                   : enabled
20210208 004608.836 INFO             PET3 ESMF_LAPACK                 : enabled
20210208 004608.836 INFO             PET3 ESMF_NETCDF                 : disabled
20210208 004608.836 INFO             PET3 ESMF_PNETCDF                : disabled
20210208 004608.836 INFO             PET3 ESMF_PIO                    : enabled
20210208 004608.836 INFO             PET3 ESMF_YAMLCPP                : enabled
20210208 004608.836 INFO             PET3 Finalizing ESMF
Mon Feb  8 05:03:28 MST 2021
