20210212 224439.357 INFO             PET0 !!!!!!!!!!!!!!!!!!!!!!!!!!!!!!!!!!!!!!!!!!!!!!!!!!!!!!
20210212 224439.357 INFO             PET0 !!! THE ESMF_LOG IS SET TO OUTPUT ALL LOG MESSAGES !!!
20210212 224439.357 INFO             PET0 !!!     THIS MAY CAUSE SLOWDOWN IN PERFORMANCE     !!!
20210212 224439.357 INFO             PET0 !!! FOR PRODUCTION RUNS, USE:                      !!!
20210212 224439.357 INFO             PET0 !!!                   ESMF_LOGKIND_Multi_On_Error  !!!
20210212 224439.357 INFO             PET0 !!!!!!!!!!!!!!!!!!!!!!!!!!!!!!!!!!!!!!!!!!!!!!!!!!!!!!
20210212 224439.357 INFO             PET0 Running with ESMF Version   : ESMF_8_1_0_beta_snapshot_44-80-g014a125
20210212 224439.357 INFO             PET0 ESMF library build date/time: "Feb 12 2021" "22:19:18"
20210212 224439.357 INFO             PET0 ESMF library build location : /home/hpillai/esmf_test/pgi/esmf
20210212 224439.357 INFO             PET0 ESMF_COMM                   : mpiuni
20210212 224439.358 INFO             PET0 ESMF_MOAB                   : enabled
20210212 224439.358 INFO             PET0 ESMF_LAPACK                 : enabled
20210212 224439.358 INFO             PET0 ESMF_NETCDF                 : enabled
20210212 224439.358 INFO             PET0 ESMF_PNETCDF                : disabled
20210212 224439.358 INFO             PET0 ESMF_PIO                    : disabled
20210212 224439.358 INFO             PET0 ESMF_YAMLCPP                : enabled
20210212 224439.358 INFO             PET0 ESMF Tracing Enabled
20210212 224439.358 INFO             PET0 ESMF Profiling Enabled
20210212 224439.358 INFO             PET0 ESMF Trace/Profile clock: REALTIME
20210212 224439.361 INFO             PET0  NUMBER_OF_PROCESSORS            1
20210212 224439.361 INFO             PET0  PASS  Example ESMF_TraceEx, ESMF_TraceEx.F90, line 178
20210212 224439.361 INFO             PET0 Finalizing ESMF
20210212 224439.361 INFO             PET0 **************** Region Timings *******************
20210212 224439.361 INFO             PET0 Region              Count  Total (s)   Self (s)    Mean (s)    Min (s)     Max (s)
20210212 224439.362 INFO             PET0   [test] Init 1     1      0.0000      0.0000      0.0000      0.0000      0.0000
20210212 224439.362 INFO             PET0   [test] Run 1      5      0.0000      0.0000      0.0000      0.0000      0.0000
20210212 224439.362 INFO             PET0   [test] Final 1    1      0.0000      0.0000      0.0000      0.0000      0.0000
Sat Feb 13 01:20:40 CST 2021
