20210220 212658.205 INFO             PET1 !!!!!!!!!!!!!!!!!!!!!!!!!!!!!!!!!!!!!!!!!!!!!!!!!!!!!!
20210220 212658.205 INFO             PET1 !!! THE ESMF_LOG IS SET TO OUTPUT ALL LOG MESSAGES !!!
20210220 212658.205 INFO             PET1 !!!     THIS MAY CAUSE SLOWDOWN IN PERFORMANCE     !!!
20210220 212658.205 INFO             PET1 !!! FOR PRODUCTION RUNS, USE:                      !!!
20210220 212658.205 INFO             PET1 !!!                   ESMF_LOGKIND_Multi_On_Error  !!!
20210220 212658.205 INFO             PET1 !!!!!!!!!!!!!!!!!!!!!!!!!!!!!!!!!!!!!!!!!!!!!!!!!!!!!!
20210220 212658.205 INFO             PET1 Running with ESMF Version   : ESMF_8_1_0_beta_snapshot_47
20210220 212658.205 INFO             PET1 ESMF library build date/time: "Feb 20 2021" "21:24:03"
20210220 212658.205 INFO             PET1 ESMF library build location : /project/esmf/bighorn_8.1.0/gfortran/esmf
20210220 212658.205 INFO             PET1 ESMF_COMM                   : openmpi
20210220 212658.205 INFO             PET1 ESMF_MOAB                   : enabled
20210220 212658.205 INFO             PET1 ESMF_LAPACK                 : enabled
20210220 212658.205 INFO             PET1 ESMF_NETCDF                 : disabled
20210220 212658.205 INFO             PET1 ESMF_PNETCDF                : disabled
20210220 212658.205 INFO             PET1 ESMF_PIO                    : enabled
20210220 212658.205 INFO             PET1 ESMF_YAMLCPP                : enabled
20210220 212658.208 INFO             PET1 Finalizing ESMF
20210220 212658.457 INFO             PET1 !!!!!!!!!!!!!!!!!!!!!!!!!!!!!!!!!!!!!!!!!!!!!!!!!!!!!!
20210220 212658.457 INFO             PET1 !!! THE ESMF_LOG IS SET TO OUTPUT ALL LOG MESSAGES !!!
20210220 212658.457 INFO             PET1 !!!     THIS MAY CAUSE SLOWDOWN IN PERFORMANCE     !!!
20210220 212658.457 INFO             PET1 !!! FOR PRODUCTION RUNS, USE:                      !!!
20210220 212658.457 INFO             PET1 !!!                   ESMF_LOGKIND_Multi_On_Error  !!!
20210220 212658.457 INFO             PET1 !!!!!!!!!!!!!!!!!!!!!!!!!!!!!!!!!!!!!!!!!!!!!!!!!!!!!!
20210220 212658.457 INFO             PET1 Running with ESMF Version   : ESMF_8_1_0_beta_snapshot_47
20210220 212658.457 INFO             PET1 ESMF library build date/time: "Feb 20 2021" "21:24:03"
20210220 212658.457 INFO             PET1 ESMF library build location : /project/esmf/bighorn_8.1.0/gfortran/esmf
20210220 212658.457 INFO             PET1 ESMF_COMM                   : openmpi
20210220 212658.458 INFO             PET1 ESMF_MOAB                   : enabled
20210220 212658.458 INFO             PET1 ESMF_LAPACK                 : enabled
20210220 212658.458 INFO             PET1 ESMF_NETCDF                 : disabled
20210220 212658.458 INFO             PET1 ESMF_PNETCDF                : disabled
20210220 212658.458 INFO             PET1 ESMF_PIO                    : enabled
20210220 212658.458 INFO             PET1 ESMF_YAMLCPP                : enabled
20210220 212658.459 INFO             PET1 Finalizing ESMF
20210220 212658.724 INFO             PET1 !!!!!!!!!!!!!!!!!!!!!!!!!!!!!!!!!!!!!!!!!!!!!!!!!!!!!!
20210220 212658.724 INFO             PET1 !!! THE ESMF_LOG IS SET TO OUTPUT ALL LOG MESSAGES !!!
20210220 212658.724 INFO             PET1 !!!     THIS MAY CAUSE SLOWDOWN IN PERFORMANCE     !!!
20210220 212658.724 INFO             PET1 !!! FOR PRODUCTION RUNS, USE:                      !!!
20210220 212658.724 INFO             PET1 !!!                   ESMF_LOGKIND_Multi_On_Error  !!!
20210220 212658.724 INFO             PET1 !!!!!!!!!!!!!!!!!!!!!!!!!!!!!!!!!!!!!!!!!!!!!!!!!!!!!!
20210220 212658.724 INFO             PET1 Running with ESMF Version   : ESMF_8_1_0_beta_snapshot_47
20210220 212658.724 INFO             PET1 ESMF library build date/time: "Feb 20 2021" "21:24:03"
20210220 212658.724 INFO             PET1 ESMF library build location : /project/esmf/bighorn_8.1.0/gfortran/esmf
20210220 212658.724 INFO             PET1 ESMF_COMM                   : openmpi
20210220 212658.724 INFO             PET1 ESMF_MOAB                   : enabled
20210220 212658.724 INFO             PET1 ESMF_LAPACK                 : enabled
20210220 212658.724 INFO             PET1 ESMF_NETCDF                 : disabled
20210220 212658.724 INFO             PET1 ESMF_PNETCDF                : disabled
20210220 212658.724 INFO             PET1 ESMF_PIO                    : enabled
20210220 212658.724 INFO             PET1 ESMF_YAMLCPP                : enabled
20210220 212658.725 INFO             PET1 Finalizing ESMF
Sun Feb 21 15:14:54 MST 2021
