 localPET=           0  localDE=           0 : array(           1 ,           1 )=   1.4916681462400413E-154
 localPET=           0  localDE=           0 : array(           1 ,           2 )=  -1.7305972091230755E-077
 localPET=           0  localDE=           0 : array(           2 ,           1 )=   1.4916681462400413E-154
 localPET=           0  localDE=           0 : array(           2 ,           2 )=   1.4916681462400437E-154
 localPET=           0  localDE=           0 : array(           3 ,           1 )=   1.4916681462400470E-154
 localPET=           0  localDE=           0 : array(           3 ,           2 )=   1.4916681462400413E-154
 localPET=           0  localDE=           1 : array(           1 ,           1 )=   1.4916681462400413E-154
 localPET=           0  localDE=           1 : array(           2 ,           1 )=   1.4916681462400413E-154
 localPET=           0  localDE=           1 : array(           3 ,           1 )=   2.1219957919534036E-314
 localPET=           1  localDE=           0 : array(           1 ,           1 )=  -1.4916681462400413E-154
 localPET=           1  localDE=           0 : array(           1 ,           2 )=  -1.4916681462400433E-154
 localPET=           1  localDE=           0 : array(           2 ,           1 )=  -1.4916681462400413E-154
 localPET=           1  localDE=           0 : array(           2 ,           2 )=  -1.4916681462400413E-154
 localPET=           1  localDE=           1 : array(           1 ,           1 )=  -1.4916681462400413E-154
 localPET=           1  localDE=           1 : array(           2 ,           1 )=  -1.4916681462400413E-154
 localPET=           2  localDE=           0 : array(           1 ,           1 )=   3.1050361846014179E+231
 localPET=           2  localDE=           0 : array(           1 ,           2 )=   3.1050361846014179E+231
 localPET=           2  localDE=           0 : array(           2 ,           1 )=   3.1050361846014179E+231
 localPET=           2  localDE=           0 : array(           2 ,           2 )=   3.1050361846014220E+231
 localPET=           2  localDE=           0 : array(           3 ,           1 )=   3.1050361846014227E+231
 localPET=           2  localDE=           0 : array(           3 ,           2 )=   3.1050361846014179E+231
 localPET=           3  localDE=           0 : array(           1 ,           1 )=  -1.7272337110188889E-077
 localPET=           3  localDE=           0 : array(           1 ,           2 )=  -1.7272337110188916E-077
 localPET=           3  localDE=           0 : array(           2 ,           1 )=  -1.7272337110188889E-077
 localPET=           3  localDE=           0 : array(           2 ,           2 )=  -1.7272337110188889E-077
 localPet:            2 DE            2  [           1           3 ]
 localPet:            3 DE            3  [           1           2 ]
 localPet:            1 DE            1  [           1           2 ]
 localPet:            1 DE            5  [           1           2 ]
 localPet:            0 DE            0  [           1           3 ]
 localPet:            0 DE            4  [           1           3 ]
  PASS  Example ESMF_ArrayEx, ESMF_ArrayEx.F90, line 1591
 PASS: ESMF_ArrayEx.F90
  PASS  Example ESMF_ArrayEx, ESMF_ArrayEx.F90, line 1591
 PASS: ESMF_ArrayEx.F90
  PASS  Example ESMF_ArrayEx, ESMF_ArrayEx.F90, line 1591
 PASS: ESMF_ArrayEx.F90
  PASS  Example ESMF_ArrayEx, ESMF_ArrayEx.F90, line 1591
 PASS: ESMF_ArrayEx.F90
[cgdm-catania:06779] PMIX ERROR: ERROR in file gds_ds12_lock_pthread.c at line 206
[cgdm-catania:06782] PMIX ERROR: ERROR in file gds_ds12_lock_pthread.c at line 206
[cgdm-catania:06781] PMIX ERROR: ERROR in file gds_ds12_lock_pthread.c at line 206
[cgdm-catania:06778] PMIX ERROR: ERROR in file gds_ds12_lock_pthread.c at line 206
