20201118 140851.152 INFO             PET0 !!!!!!!!!!!!!!!!!!!!!!!!!!!!!!!!!!!!!!!!!!!!!!!!!!!!!!
20201118 140851.153 INFO             PET0 !!! THE ESMF_LOG IS SET TO OUTPUT ALL LOG MESSAGES !!!
20201118 140851.153 INFO             PET0 !!!     THIS MAY CAUSE SLOWDOWN IN PERFORMANCE     !!!
20201118 140851.153 INFO             PET0 !!! FOR PRODUCTION RUNS, USE:                      !!!
20201118 140851.153 INFO             PET0 !!!                   ESMF_LOGKIND_Multi_On_Error  !!!
20201118 140851.153 INFO             PET0 !!!!!!!!!!!!!!!!!!!!!!!!!!!!!!!!!!!!!!!!!!!!!!!!!!!!!!
20201118 140851.153 INFO             PET0 Running with ESMF Version   : ESMF_8_1_0_beta_snapshot_37-1-g18a355632c
20201118 140851.153 INFO             PET0 ESMF library build date/time: "Nov 18 2020" "13:54:29"
20201118 140851.153 INFO             PET0 ESMF library build location : /project/esmf/himanshu/esmf_test/cronjobs/daily/gfortran/esmf
20201118 140851.153 INFO             PET0 ESMF_COMM                   : openmpi
20201118 140851.154 INFO             PET0 ESMF_NETCDF                 : enabled
20201118 140851.154 INFO             PET0 ESMF_PNETCDF                : disabled
20201118 140851.154 INFO             PET0 ESMF_PIO                    : enabled
20201118 140851.154 INFO             PET0 ESMF_YAMLCPP                : enabled
20201118 140851.154 INFO             PET0 ESMF_MOAB                   : enabled
20201118 140851.154 ERROR            PET0 ESMF_StateAPI.cppF90:1260 ESMF_StateAddList Object being used before creation  - Bad Object
20201118 140851.152 INFO             PET1 !!!!!!!!!!!!!!!!!!!!!!!!!!!!!!!!!!!!!!!!!!!!!!!!!!!!!!
20201118 140851.153 INFO             PET1 !!! THE ESMF_LOG IS SET TO OUTPUT ALL LOG MESSAGES !!!
20201118 140851.153 INFO             PET1 !!!     THIS MAY CAUSE SLOWDOWN IN PERFORMANCE     !!!
20201118 140851.153 INFO             PET1 !!! FOR PRODUCTION RUNS, USE:                      !!!
20201118 140851.153 INFO             PET1 !!!                   ESMF_LOGKIND_Multi_On_Error  !!!
20201118 140851.153 INFO             PET1 !!!!!!!!!!!!!!!!!!!!!!!!!!!!!!!!!!!!!!!!!!!!!!!!!!!!!!
20201118 140851.153 INFO             PET1 Running with ESMF Version   : ESMF_8_1_0_beta_snapshot_37-1-g18a355632c
20201118 140851.153 INFO             PET1 ESMF library build date/time: "Nov 18 2020" "13:54:29"
20201118 140851.153 INFO             PET1 ESMF library build location : /project/esmf/himanshu/esmf_test/cronjobs/daily/gfortran/esmf
20201118 140851.153 INFO             PET1 ESMF_COMM                   : openmpi
20201118 140851.153 INFO             PET1 ESMF_NETCDF                 : enabled
20201118 140851.153 INFO             PET1 ESMF_PNETCDF                : disabled
20201118 140851.153 INFO             PET1 ESMF_PIO                    : enabled
20201118 140851.153 INFO             PET1 ESMF_YAMLCPP                : enabled
20201118 140851.153 INFO             PET1 ESMF_MOAB                   : enabled
20201118 140851.154 ERROR            PET1 ESMF_StateAPI.cppF90:1260 ESMF_StateAddList Object being used before creation  - Bad Object
20201118 140851.152 INFO             PET2 !!!!!!!!!!!!!!!!!!!!!!!!!!!!!!!!!!!!!!!!!!!!!!!!!!!!!!
20201118 140851.153 INFO             PET2 !!! THE ESMF_LOG IS SET TO OUTPUT ALL LOG MESSAGES !!!
20201118 140851.153 INFO             PET2 !!!     THIS MAY CAUSE SLOWDOWN IN PERFORMANCE     !!!
20201118 140851.153 INFO             PET2 !!! FOR PRODUCTION RUNS, USE:                      !!!
20201118 140851.153 INFO             PET2 !!!                   ESMF_LOGKIND_Multi_On_Error  !!!
20201118 140851.153 INFO             PET2 !!!!!!!!!!!!!!!!!!!!!!!!!!!!!!!!!!!!!!!!!!!!!!!!!!!!!!
20201118 140851.153 INFO             PET2 Running with ESMF Version   : ESMF_8_1_0_beta_snapshot_37-1-g18a355632c
20201118 140851.153 INFO             PET2 ESMF library build date/time: "Nov 18 2020" "13:54:29"
20201118 140851.153 INFO             PET2 ESMF library build location : /project/esmf/himanshu/esmf_test/cronjobs/daily/gfortran/esmf
20201118 140851.153 INFO             PET2 ESMF_COMM                   : openmpi
20201118 140851.153 INFO             PET2 ESMF_NETCDF                 : enabled
20201118 140851.153 INFO             PET2 ESMF_PNETCDF                : disabled
20201118 140851.153 INFO             PET2 ESMF_PIO                    : enabled
20201118 140851.153 INFO             PET2 ESMF_YAMLCPP                : enabled
20201118 140851.153 INFO             PET2 ESMF_MOAB                   : enabled
20201118 140851.154 ERROR            PET2 ESMF_StateAPI.cppF90:1260 ESMF_StateAddList Object being used before creation  - Bad Object
20201118 140851.152 INFO             PET3 !!!!!!!!!!!!!!!!!!!!!!!!!!!!!!!!!!!!!!!!!!!!!!!!!!!!!!
20201118 140851.153 INFO             PET3 !!! THE ESMF_LOG IS SET TO OUTPUT ALL LOG MESSAGES !!!
20201118 140851.153 INFO             PET3 !!!     THIS MAY CAUSE SLOWDOWN IN PERFORMANCE     !!!
20201118 140851.153 INFO             PET3 !!! FOR PRODUCTION RUNS, USE:                      !!!
20201118 140851.153 INFO             PET3 !!!                   ESMF_LOGKIND_Multi_On_Error  !!!
20201118 140851.153 INFO             PET3 !!!!!!!!!!!!!!!!!!!!!!!!!!!!!!!!!!!!!!!!!!!!!!!!!!!!!!
20201118 140851.153 INFO             PET3 Running with ESMF Version   : ESMF_8_1_0_beta_snapshot_37-1-g18a355632c
20201118 140851.153 INFO             PET3 ESMF library build date/time: "Nov 18 2020" "13:54:29"
20201118 140851.153 INFO             PET3 ESMF library build location : /project/esmf/himanshu/esmf_test/cronjobs/daily/gfortran/esmf
20201118 140851.153 INFO             PET3 ESMF_COMM                   : openmpi
20201118 140851.153 INFO             PET3 ESMF_NETCDF                 : enabled
20201118 140851.153 INFO             PET3 ESMF_PNETCDF                : disabled
20201118 140851.153 INFO             PET3 ESMF_PIO                    : enabled
20201118 140851.153 INFO             PET3 ESMF_YAMLCPP                : enabled
20201118 140851.153 INFO             PET3 ESMF_MOAB                   : enabled
20201118 140851.154 ERROR            PET3 ESMF_StateAPI.cppF90:1260 ESMF_StateAddList Object being used before creation  - Bad Object
Thu Nov 19 12:50:18 MST 2020
