 Returned values from ArraySpec:
 rank =           2
  PASS  Example ESMF_ArraySpecEx, ESMF_ArraySpecEx.F90, line 96
 Returned values from ArraySpec:
 rank =           2
  PASS  Example ESMF_ArraySpecEx, ESMF_ArraySpecEx.F90, line 96
 Returned values from ArraySpec:
 rank =           2
  PASS  Example ESMF_ArraySpecEx, ESMF_ArraySpecEx.F90, line 96
 Returned values from ArraySpec:
 rank =           2
  PASS  Example ESMF_ArraySpecEx, ESMF_ArraySpecEx.F90, line 96
[cgdm-catania:70534] PMIX ERROR: ERROR in file gds_ds12_lock_pthread.c at line 206
[cgdm-catania:70531] PMIX ERROR: ERROR in file gds_ds12_lock_pthread.c at line 206
[cgdm-catania:70532] PMIX ERROR: ERROR in file gds_ds12_lock_pthread.c at line 206
 PASS: ESMF_ArraySpecEx.F90
 PASS: ESMF_ArraySpecEx.F90
 PASS: ESMF_ArraySpecEx.F90
 PASS: ESMF_ArraySpecEx.F90
[cgdm-catania:70530] PMIX ERROR: ERROR in file gds_ds12_lock_pthread.c at line 206
Mon Nov 16 12:16:05 MST 2020
