 --------------------------------------- 
 Start of ESMF_Trace Example
 --------------------------------------- 

Program received signal SIGABRT: Process abort signal.

Backtrace for this error:

Program received signal SIGABRT: Process abort signal.

Backtrace for this error:

Program received signal SIGABRT: Process abort signal.

Backtrace for this error:

Program received signal SIGABRT: Process abort signal.

Backtrace for this error:
#0  0x10ce9248d
#1  0x10ce918c3
#2  0x7fff688abb5c
#0  0x10875548d
#1  0x1087548c3
#2  0x7fff688abb5c
#0  0x11216948d
#1  0x1121688c3
#2  0x7fff688abb5c
#0  0x10eda648d
#1  0x10eda58c3
#2  0x7fff688abb5c
--------------------------------------------------------------------------
Primary job  terminated normally, but 1 process returned
a non-zero exit code. Per user-direction, the job has been aborted.
--------------------------------------------------------------------------
--------------------------------------------------------------------------
mpirun noticed that process rank 3 with PID 0 on node cgdm-catania exited on signal 6 (Abort trap: 6).
--------------------------------------------------------------------------
Sun Nov 29 06:39:15 MST 2020
