 Field Create from a Grid and a Fortran data array returned
 Field Create from a Grid and a Fortran data array returned
 Field Create from a Grid and a Fortran data array returned
 Field Create from a Grid and a Fortran data array returned
 Field Create from a Grid and a Fortran data array returned
 Field Create from a Grid and a Fortran data array returned
 Field Create from a Grid and a Fortran data array returned
 Field Create from a Grid and a Fortran data array returned
 Field Create from a Grid and a Fortran data array returned
 Field Create from a Grid and a Fortran data array returned
 Field Create from a Grid and a Fortran data array returned
 Field Create from a Grid and a Fortran data array returned
 Field Create from a Grid and a Fortran data array returned
 Field Create from a Grid and a Fortran data array returned
 Field Create from a Grid and a Fortran data array returned
 Field Create from a Grid and a Fortran data array returned
 Field Create from a Grid and a Fortran data array returned
 Field Create from a Grid and a Fortran data array returned
 Field Create from a Grid and a Fortran data array returned
 Field Create from a LocStream, typekind, and rank returned
 Field Create from a LocStream, typekind, and rank returned
 Field Create from a LocStream, typekind, and rank returned
 Field Create from a LocStream and an Arrayspec returned
 Field Create from a LocStream and an Arrayspec returned
 Field Create from a LocStream and an Arrayspec returned
 Field Create from a Grid and a Fortran data array returned
 Field Create from a LocStream, typekind, and rank returned
 Field Create from a LocStream and an Arrayspec returned
 Field Create from a Mesh and typekind/rank returned
 Field Create from a Mesh and typekind/rank returned
 Field Create from a Mesh and typekind/rank returned
 Field Create from a Mesh and typekind/rank returned
 Field Create from a Mesh and an Arrayspec returned
 Field Create from a Mesh and an Arrayspec returned
 Field Create from a Mesh and an Arrayspec returned
 Field Create from a Mesh and an Arrayspec returned
 Field Create from a Mesh and an Array returned
 Field Create from a Mesh and an Array returned
 Field Create from a Mesh and an Array returned
 Field Create from a Mesh and an Array returned
 Field Create from a Mesh and an ArraySpec with ungridded dimension returned
 Field Create from a Mesh and an ArraySpec with ungridded dimension returned
 Field Create from a Mesh and an ArraySpec with ungridded dimension returned
  PASS  Example ESMF_FieldCreateEx, ESMF_FieldCreateEx.F90, line 1058
  PASS  Example ESMF_FieldCreateEx, ESMF_FieldCreateEx.F90, line 1058
  PASS  Example ESMF_FieldCreateEx, ESMF_FieldCreateEx.F90, line 1058
 Field Create from a Mesh and an ArraySpec with ungridded dimension returned
  PASS  Example ESMF_FieldCreateEx, ESMF_FieldCreateEx.F90, line 1058
[cgdm-catania:95377] PMIX ERROR: ERROR in file gds_ds12_lock_pthread.c at line 206
[cgdm-catania:95375] PMIX ERROR: ERROR in file gds_ds12_lock_pthread.c at line 206
[cgdm-catania:95376] PMIX ERROR: ERROR in file gds_ds12_lock_pthread.c at line 206
 PASS: ESMF_FieldCreateEx.F90
 PASS: ESMF_FieldCreateEx.F90
 PASS: ESMF_FieldCreateEx.F90
 PASS: ESMF_FieldCreateEx.F90
[cgdm-catania:95373] PMIX ERROR: ERROR in file gds_ds12_lock_pthread.c at line 206
Wed Dec  2 23:36:09 MST 2020
