
Program received signal SIGABRT: Process abort signal.

Backtrace for this error:

Program received signal SIGABRT: Process abort signal.

Backtrace for this error:

Program received signal SIGABRT: Process abort signal.

Backtrace for this error:
#0  0x10964348d
#1  0x1096428c3
#2  0x7fff688abb5c
#0  0x10f42148d
#1  0x10f4208c3
#2  0x7fff688abb5c
#0  0x11088248d
#1  0x1108818c3
#2  0x7fff688abb5c

Program received signal SIGABRT: Process abort signal.

Backtrace for this error:
#0  0x10b38048d
#1  0x10b37f8c3
#2  0x7fff688abb5c
--------------------------------------------------------------------------
Primary job  terminated normally, but 1 process returned
a non-zero exit code. Per user-direction, the job has been aborted.
--------------------------------------------------------------------------
--------------------------------------------------------------------------
mpirun noticed that process rank 2 with PID 0 on node cgdm-catania exited on signal 6 (Abort trap: 6).
--------------------------------------------------------------------------
Sun Dec  6 00:41:26 MST 2020
