 NUOPC Basic Model template run
 NUOPC Basic Model template run
 NUOPC Basic Model template run
 NUOPC Basic Model template run

Program received signal SIGABRT: Process abort signal.

Backtrace for this error:
#0  0x106fc648d
#1  0x106fc58c3
#2  0x7fff688abb5c

Program received signal SIGABRT: Process abort signal.

Backtrace for this error:

Program received signal SIGABRT: Process abort signal.

Backtrace for this error:
#0  0x106b4a48d
#1  0x106b498c3
#2  0x7fff688abb5c
#0  0x10606c48d
#1  0x10606b8c3
#2  0x7fff688abb5c

Program received signal SIGABRT: Process abort signal.

Backtrace for this error:
#0  0x106c6e48d
#1  0x106c6d8c3
#2  0x7fff688abb5c
--------------------------------------------------------------------------
Primary job  terminated normally, but 1 process returned
a non-zero exit code. Per user-direction, the job has been aborted.
--------------------------------------------------------------------------
--------------------------------------------------------------------------
mpirun noticed that process rank 0 with PID 0 on node cgdm-catania exited on signal 6 (Abort trap: 6).
--------------------------------------------------------------------------
Thu Nov 19 12:50:18 MST 2020
