20201122 040251.009 INFO             PET1 !!!!!!!!!!!!!!!!!!!!!!!!!!!!!!!!!!!!!!!!!!!!!!!!!!!!!!
20201122 040251.009 INFO             PET1 !!! THE ESMF_LOG IS SET TO OUTPUT ALL LOG MESSAGES !!!
20201122 040251.009 INFO             PET1 !!!     THIS MAY CAUSE SLOWDOWN IN PERFORMANCE     !!!
20201122 040251.009 INFO             PET1 !!! FOR PRODUCTION RUNS, USE:                      !!!
20201122 040251.009 INFO             PET1 !!!                   ESMF_LOGKIND_Multi_On_Error  !!!
20201122 040251.009 INFO             PET1 !!!!!!!!!!!!!!!!!!!!!!!!!!!!!!!!!!!!!!!!!!!!!!!!!!!!!!
20201122 040251.009 INFO             PET1 Running with ESMF Version   : ESMF_8_1_0_beta_snapshot_38
20201122 040251.009 INFO             PET1 ESMF library build date/time: "Nov 22 2020" "04:00:59"
20201122 040251.009 INFO             PET1 ESMF library build location : /project/esmf/himanshu/esmf_test/cronjobs/daily/gfortran/esmf
20201122 040251.009 INFO             PET1 ESMF_COMM                   : openmpi
20201122 040251.009 INFO             PET1 ESMF_NETCDF                 : enabled
20201122 040251.009 INFO             PET1 ESMF_PNETCDF                : disabled
20201122 040251.009 INFO             PET1 ESMF_PIO                    : enabled
20201122 040251.009 INFO             PET1 ESMF_YAMLCPP                : enabled
20201122 040251.009 INFO             PET1 ESMF_MOAB                   : enabled
20201122 040251.010 INFO             PET1 Finalizing ESMF
20201122 040251.144 INFO             PET1 !!!!!!!!!!!!!!!!!!!!!!!!!!!!!!!!!!!!!!!!!!!!!!!!!!!!!!
20201122 040251.144 INFO             PET1 !!! THE ESMF_LOG IS SET TO OUTPUT ALL LOG MESSAGES !!!
20201122 040251.144 INFO             PET1 !!!     THIS MAY CAUSE SLOWDOWN IN PERFORMANCE     !!!
20201122 040251.144 INFO             PET1 !!! FOR PRODUCTION RUNS, USE:                      !!!
20201122 040251.144 INFO             PET1 !!!                   ESMF_LOGKIND_Multi_On_Error  !!!
20201122 040251.144 INFO             PET1 !!!!!!!!!!!!!!!!!!!!!!!!!!!!!!!!!!!!!!!!!!!!!!!!!!!!!!
20201122 040251.144 INFO             PET1 Running with ESMF Version   : ESMF_8_1_0_beta_snapshot_38
20201122 040251.144 INFO             PET1 ESMF library build date/time: "Nov 22 2020" "04:00:59"
20201122 040251.144 INFO             PET1 ESMF library build location : /project/esmf/himanshu/esmf_test/cronjobs/daily/gfortran/esmf
20201122 040251.144 INFO             PET1 ESMF_COMM                   : openmpi
20201122 040251.145 INFO             PET1 ESMF_NETCDF                 : enabled
20201122 040251.145 INFO             PET1 ESMF_PNETCDF                : disabled
20201122 040251.145 INFO             PET1 ESMF_PIO                    : enabled
20201122 040251.145 INFO             PET1 ESMF_YAMLCPP                : enabled
20201122 040251.145 INFO             PET1 ESMF_MOAB                   : enabled
20201122 040251.145 INFO             PET1 Finalizing ESMF
20201122 040251.271 INFO             PET1 !!!!!!!!!!!!!!!!!!!!!!!!!!!!!!!!!!!!!!!!!!!!!!!!!!!!!!
20201122 040251.272 INFO             PET1 !!! THE ESMF_LOG IS SET TO OUTPUT ALL LOG MESSAGES !!!
20201122 040251.272 INFO             PET1 !!!     THIS MAY CAUSE SLOWDOWN IN PERFORMANCE     !!!
20201122 040251.272 INFO             PET1 !!! FOR PRODUCTION RUNS, USE:                      !!!
20201122 040251.272 INFO             PET1 !!!                   ESMF_LOGKIND_Multi_On_Error  !!!
20201122 040251.272 INFO             PET1 !!!!!!!!!!!!!!!!!!!!!!!!!!!!!!!!!!!!!!!!!!!!!!!!!!!!!!
20201122 040251.272 INFO             PET1 Running with ESMF Version   : ESMF_8_1_0_beta_snapshot_38
20201122 040251.272 INFO             PET1 ESMF library build date/time: "Nov 22 2020" "04:00:59"
20201122 040251.272 INFO             PET1 ESMF library build location : /project/esmf/himanshu/esmf_test/cronjobs/daily/gfortran/esmf
20201122 040251.272 INFO             PET1 ESMF_COMM                   : openmpi
20201122 040251.272 INFO             PET1 ESMF_NETCDF                 : enabled
20201122 040251.272 INFO             PET1 ESMF_PNETCDF                : disabled
20201122 040251.272 INFO             PET1 ESMF_PIO                    : enabled
20201122 040251.272 INFO             PET1 ESMF_YAMLCPP                : enabled
20201122 040251.272 INFO             PET1 ESMF_MOAB                   : enabled
20201122 040251.272 INFO             PET1 Finalizing ESMF
Mon Nov 23 09:26:41 MST 2020
