20201204 182706.872 INFO             PET2 !!!!!!!!!!!!!!!!!!!!!!!!!!!!!!!!!!!!!!!!!!!!!!!!!!!!!!
20201204 182706.873 INFO             PET2 !!! THE ESMF_LOG IS SET TO OUTPUT ALL LOG MESSAGES !!!
20201204 182706.873 INFO             PET2 !!!     THIS MAY CAUSE SLOWDOWN IN PERFORMANCE     !!!
20201204 182706.873 INFO             PET2 !!! FOR PRODUCTION RUNS, USE:                      !!!
20201204 182706.873 INFO             PET2 !!!                   ESMF_LOGKIND_Multi_On_Error  !!!
20201204 182706.873 INFO             PET2 !!!!!!!!!!!!!!!!!!!!!!!!!!!!!!!!!!!!!!!!!!!!!!!!!!!!!!
20201204 182706.873 INFO             PET2 Running with ESMF Version   : ESMF_8_1_0_beta_snapshot_38-25-gf3be8c9cb8
20201204 182706.873 INFO             PET2 ESMF library build date/time: "Dec  4 2020" "18:25:15"
20201204 182706.873 INFO             PET2 ESMF library build location : /project/esmf/himanshu/esmf_test/cronjobs/daily/gfortran/esmf
20201204 182706.873 INFO             PET2 ESMF_COMM                   : openmpi
20201204 182706.873 INFO             PET2 ESMF_NETCDF                 : enabled
20201204 182706.873 INFO             PET2 ESMF_PNETCDF                : disabled
20201204 182706.873 INFO             PET2 ESMF_PIO                    : enabled
20201204 182706.873 INFO             PET2 ESMF_YAMLCPP                : enabled
20201204 182706.873 INFO             PET2 ESMF_MOAB                   : enabled
20201204 182706.873 INFO             PET2 Finalizing ESMF
20201204 182707.154 INFO             PET2 !!!!!!!!!!!!!!!!!!!!!!!!!!!!!!!!!!!!!!!!!!!!!!!!!!!!!!
20201204 182707.154 INFO             PET2 !!! THE ESMF_LOG IS SET TO OUTPUT ALL LOG MESSAGES !!!
20201204 182707.154 INFO             PET2 !!!     THIS MAY CAUSE SLOWDOWN IN PERFORMANCE     !!!
20201204 182707.154 INFO             PET2 !!! FOR PRODUCTION RUNS, USE:                      !!!
20201204 182707.154 INFO             PET2 !!!                   ESMF_LOGKIND_Multi_On_Error  !!!
20201204 182707.154 INFO             PET2 !!!!!!!!!!!!!!!!!!!!!!!!!!!!!!!!!!!!!!!!!!!!!!!!!!!!!!
20201204 182707.154 INFO             PET2 Running with ESMF Version   : ESMF_8_1_0_beta_snapshot_38-25-gf3be8c9cb8
20201204 182707.154 INFO             PET2 ESMF library build date/time: "Dec  4 2020" "18:25:15"
20201204 182707.154 INFO             PET2 ESMF library build location : /project/esmf/himanshu/esmf_test/cronjobs/daily/gfortran/esmf
20201204 182707.154 INFO             PET2 ESMF_COMM                   : openmpi
20201204 182707.154 INFO             PET2 ESMF_NETCDF                 : enabled
20201204 182707.154 INFO             PET2 ESMF_PNETCDF                : disabled
20201204 182707.154 INFO             PET2 ESMF_PIO                    : enabled
20201204 182707.154 INFO             PET2 ESMF_YAMLCPP                : enabled
20201204 182707.154 INFO             PET2 ESMF_MOAB                   : enabled
20201204 182707.155 INFO             PET2 Finalizing ESMF
20201204 182707.446 INFO             PET2 !!!!!!!!!!!!!!!!!!!!!!!!!!!!!!!!!!!!!!!!!!!!!!!!!!!!!!
20201204 182707.447 INFO             PET2 !!! THE ESMF_LOG IS SET TO OUTPUT ALL LOG MESSAGES !!!
20201204 182707.447 INFO             PET2 !!!     THIS MAY CAUSE SLOWDOWN IN PERFORMANCE     !!!
20201204 182707.447 INFO             PET2 !!! FOR PRODUCTION RUNS, USE:                      !!!
20201204 182707.447 INFO             PET2 !!!                   ESMF_LOGKIND_Multi_On_Error  !!!
20201204 182707.447 INFO             PET2 !!!!!!!!!!!!!!!!!!!!!!!!!!!!!!!!!!!!!!!!!!!!!!!!!!!!!!
20201204 182707.447 INFO             PET2 Running with ESMF Version   : ESMF_8_1_0_beta_snapshot_38-25-gf3be8c9cb8
20201204 182707.447 INFO             PET2 ESMF library build date/time: "Dec  4 2020" "18:25:15"
20201204 182707.447 INFO             PET2 ESMF library build location : /project/esmf/himanshu/esmf_test/cronjobs/daily/gfortran/esmf
20201204 182707.447 INFO             PET2 ESMF_COMM                   : openmpi
20201204 182707.447 INFO             PET2 ESMF_NETCDF                 : enabled
20201204 182707.447 INFO             PET2 ESMF_PNETCDF                : disabled
20201204 182707.447 INFO             PET2 ESMF_PIO                    : enabled
20201204 182707.447 INFO             PET2 ESMF_YAMLCPP                : enabled
20201204 182707.447 INFO             PET2 ESMF_MOAB                   : enabled
20201204 182707.447 INFO             PET2 Finalizing ESMF
Sun Dec  6 00:41:13 MST 2020
