20210202 153139.562 INFO             PET0 !!!!!!!!!!!!!!!!!!!!!!!!!!!!!!!!!!!!!!!!!!!!!!!!!!!!!!
20210202 153139.562 INFO             PET0 !!! THE ESMF_LOG IS SET TO OUTPUT ALL LOG MESSAGES !!!
20210202 153139.562 INFO             PET0 !!!     THIS MAY CAUSE SLOWDOWN IN PERFORMANCE     !!!
20210202 153139.562 INFO             PET0 !!! FOR PRODUCTION RUNS, USE:                      !!!
20210202 153139.562 INFO             PET0 !!!                   ESMF_LOGKIND_Multi_On_Error  !!!
20210202 153139.562 INFO             PET0 !!!!!!!!!!!!!!!!!!!!!!!!!!!!!!!!!!!!!!!!!!!!!!!!!!!!!!
20210202 153139.562 INFO             PET0 Running with ESMF Version   : 8.0.2 beta snapshot
20210202 153139.562 INFO             PET0 ESMF library build date/time: "Feb  2 2021" "15:14:24"
20210202 153139.562 INFO             PET0 ESMF library build location : /lustre/f2/dev/ncep/Mark.Potts/gfortran_9.2.0_mpiuni_O
20210202 153139.562 INFO             PET0 ESMF_COMM                   : mpiuni
20210202 153139.563 INFO             PET0 ESMF_NETCDF                 : disabled
20210202 153139.563 INFO             PET0 ESMF_PNETCDF                : disabled
20210202 153139.563 INFO             PET0 ESMF_PIO                    : disabled
20210202 153139.563 INFO             PET0 ESMF_YAMLCPP                : enabled
20210202 153139.563 INFO             PET0 ESMF_MOAB                   : enabled
20210202 153139.563 ERROR            PET0 ESMF_AttributeInternals.F90:687 extractInfo Value unrecognized or out of range  - The format of the input info is incorrect
20210202 153139.563 ERROR            PET0 ESMF_AttributeInternals.F90:738 extractInfo Value unrecognized or out of range  - The format of the input info is incorrect
20210202 153139.563 ERROR            PET0 ESMF_AttributeInternals.F90:738 extractInfo Value unrecognized or out of range  - The format of the input info is incorrect
20210202 153139.563 ERROR            PET0 ESMCI_Grid_F.C:1789 c_esmc_gridgetitembounds() Wrong argument specified  - - localDE outside range on this processor
20210202 153139.563 ERROR            PET0 ESMF_Grid.F90:24065 ESMF_GridGetItemBounds Wrong argument specified  - Internal subroutine call returned Error
20210202 153139.563 ERROR            PET0 ESMF_AttributeInternals.F90:424 ESMF_AttGetInfo Wrong argument specified  - Internal subroutine call returned Error
20210202 153139.563 ERROR            PET0 ESMF_Attribute.F90:107085 ESMF_AttGet1D Wrong argument specified  - Internal subroutine call returned Error
20210202 153139.563 INFO             PET0  NUMBER_OF_PROCESSORS           1
20210202 153139.563 INFO             PET0  PASS  Example ESMF_AttributeInternalInfoEx, ESMF_AttributeInternalInfoEx.F90, line 143
20210202 153139.563 INFO             PET0 Finalizing ESMF
