20210113 110445.751 INFO             PET0 !!!!!!!!!!!!!!!!!!!!!!!!!!!!!!!!!!!!!!!!!!!!!!!!!!!!!!
20210113 110445.751 INFO             PET0 !!! THE ESMF_LOG IS SET TO OUTPUT ALL LOG MESSAGES !!!
20210113 110445.751 INFO             PET0 !!!     THIS MAY CAUSE SLOWDOWN IN PERFORMANCE     !!!
20210113 110445.751 INFO             PET0 !!! FOR PRODUCTION RUNS, USE:                      !!!
20210113 110445.751 INFO             PET0 !!!                   ESMF_LOGKIND_Multi_On_Error  !!!
20210113 110445.751 INFO             PET0 !!!!!!!!!!!!!!!!!!!!!!!!!!!!!!!!!!!!!!!!!!!!!!!!!!!!!!
20210113 110445.751 INFO             PET0 Running with ESMF Version   : ESMF_8_1_0_beta_snapshot_41-14-g011b8a0905
20210113 110445.751 INFO             PET0 ESMF library build date/time: "Jan 13 2021" "10:51:26"
20210113 110445.751 INFO             PET0 ESMF library build location : /project/esmf/himanshu/ESMF-Testing-PGI/esmf
20210113 110445.751 INFO             PET0 ESMF_COMM                   : mpiuni
20210113 110445.752 INFO             PET0 ESMF_NETCDF                 : enabled
20210113 110445.752 INFO             PET0 ESMF_PNETCDF                : disabled
20210113 110445.752 INFO             PET0 ESMF_PIO                    : disabled
20210113 110445.752 INFO             PET0 ESMF_YAMLCPP                : enabled
20210113 110445.752 INFO             PET0 ESMF_MOAB                   : enabled
20210113 110445.753 INFO             PET0 Finalizing ESMF
20210113 110445.843 INFO             PET0 !!!!!!!!!!!!!!!!!!!!!!!!!!!!!!!!!!!!!!!!!!!!!!!!!!!!!!
20210113 110445.844 INFO             PET0 !!! THE ESMF_LOG IS SET TO OUTPUT ALL LOG MESSAGES !!!
20210113 110445.844 INFO             PET0 !!!     THIS MAY CAUSE SLOWDOWN IN PERFORMANCE     !!!
20210113 110445.844 INFO             PET0 !!! FOR PRODUCTION RUNS, USE:                      !!!
20210113 110445.844 INFO             PET0 !!!                   ESMF_LOGKIND_Multi_On_Error  !!!
20210113 110445.844 INFO             PET0 !!!!!!!!!!!!!!!!!!!!!!!!!!!!!!!!!!!!!!!!!!!!!!!!!!!!!!
20210113 110445.844 INFO             PET0 Running with ESMF Version   : ESMF_8_1_0_beta_snapshot_41-14-g011b8a0905
20210113 110445.844 INFO             PET0 ESMF library build date/time: "Jan 13 2021" "10:51:26"
20210113 110445.844 INFO             PET0 ESMF library build location : /project/esmf/himanshu/ESMF-Testing-PGI/esmf
20210113 110445.844 INFO             PET0 ESMF_COMM                   : mpiuni
20210113 110445.844 INFO             PET0 ESMF_NETCDF                 : enabled
20210113 110445.844 INFO             PET0 ESMF_PNETCDF                : disabled
20210113 110445.844 INFO             PET0 ESMF_PIO                    : disabled
20210113 110445.844 INFO             PET0 ESMF_YAMLCPP                : enabled
20210113 110445.844 INFO             PET0 ESMF_MOAB                   : enabled
20210113 110445.844 INFO             PET0 Finalizing ESMF
20210113 110445.894 INFO             PET0 !!!!!!!!!!!!!!!!!!!!!!!!!!!!!!!!!!!!!!!!!!!!!!!!!!!!!!
20210113 110445.894 INFO             PET0 !!! THE ESMF_LOG IS SET TO OUTPUT ALL LOG MESSAGES !!!
20210113 110445.894 INFO             PET0 !!!     THIS MAY CAUSE SLOWDOWN IN PERFORMANCE     !!!
20210113 110445.894 INFO             PET0 !!! FOR PRODUCTION RUNS, USE:                      !!!
20210113 110445.894 INFO             PET0 !!!                   ESMF_LOGKIND_Multi_On_Error  !!!
20210113 110445.894 INFO             PET0 !!!!!!!!!!!!!!!!!!!!!!!!!!!!!!!!!!!!!!!!!!!!!!!!!!!!!!
20210113 110445.894 INFO             PET0 Running with ESMF Version   : ESMF_8_1_0_beta_snapshot_41-14-g011b8a0905
20210113 110445.894 INFO             PET0 ESMF library build date/time: "Jan 13 2021" "10:51:26"
20210113 110445.894 INFO             PET0 ESMF library build location : /project/esmf/himanshu/ESMF-Testing-PGI/esmf
20210113 110445.894 INFO             PET0 ESMF_COMM                   : mpiuni
20210113 110445.894 INFO             PET0 ESMF_NETCDF                 : enabled
20210113 110445.894 INFO             PET0 ESMF_PNETCDF                : disabled
20210113 110445.894 INFO             PET0 ESMF_PIO                    : disabled
20210113 110445.894 INFO             PET0 ESMF_YAMLCPP                : enabled
20210113 110445.894 INFO             PET0 ESMF_MOAB                   : enabled
20210113 110445.896 INFO             PET0 Finalizing ESMF
Wed Jan 13 23:01:00 MST 2021
