20201001 001310.512 INFO             PET0 !!!!!!!!!!!!!!!!!!!!!!!!!!!!!!!!!!!!!!!!!!!!!!!!!!!!!!
20201001 001310.512 INFO             PET0 !!! THE ESMF_LOG IS SET TO OUTPUT ALL LOG MESSAGES !!!
20201001 001310.512 INFO             PET0 !!!     THIS MAY CAUSE SLOWDOWN IN PERFORMANCE     !!!
20201001 001310.512 INFO             PET0 !!! FOR PRODUCTION RUNS, USE:                      !!!
20201001 001310.512 INFO             PET0 !!!                   ESMF_LOGKIND_Multi_On_Error  !!!
20201001 001310.512 INFO             PET0 !!!!!!!!!!!!!!!!!!!!!!!!!!!!!!!!!!!!!!!!!!!!!!!!!!!!!!
20201001 001310.512 INFO             PET0 Running with ESMF Version   : ESMF_8_1_0_beta_snapshot_31
20201001 001310.512 INFO             PET0 ESMF library build date/time: "Sep 30 2020" "23:48:58"
20201001 001310.512 INFO             PET0 ESMF library build location : /glade/scratch/himanshu/scripts_dir/daily/intel_cheyenne/esmf
20201001 001310.512 INFO             PET0 ESMF_COMM                   : openmpi
20201001 001310.513 INFO             PET0 ESMF_NETCDF                 : disabled
20201001 001310.513 INFO             PET0 ESMF_PNETCDF                : disabled
20201001 001310.513 INFO             PET0 ESMF_PIO                    : enabled
20201001 001310.513 INFO             PET0 ESMF_YAMLCPP                : enabled
20201001 001310.513 INFO             PET0 ESMF_MOAB                   : enabled
20201001 001310.515 ERROR            PET0 ESMCI_Info.C:1231 Info::set(<json>) Cannot set value  - Error/Return Code 540 (ESMC_RC_CANNOT_SET) - Key '/myIntegerKey' already in map and force=false.
20201001 001310.515 ERROR            PET0 ESMCI_Info.C:1234 Info::set(<json>) Cannot set value  - Internal subroutine call returned Error
20201001 001310.515 ERROR            PET0 ESMCI_Info.C:1276 Info::set(<json>) Cannot set value  - Internal subroutine call returned Error
20201001 001310.515 ERROR            PET0 ESMCI_Info.C:1279 Info::set(<json>) Cannot set value  - Internal subroutine call returned Error
20201001 001310.515 ERROR            PET0 ESMCI_Info.C:1323 Info::set(<scalar>) Cannot set value  - Internal subroutine call returned Error
20201001 001310.515 ERROR            PET0 ESMC_InfoCDefGeneric.C:382 ESMC_InfoSetI4() Cannot set value  - Internal subroutine call returned Error
20201001 001310.515 ERROR            PET0 ESMF_Info.F90:664 ESMF_InfoSetI4() Cannot set value  - Internal subroutine call returned Error
20201001 001310.516 INFO             PET0  NUMBER_OF_PROCESSORS           4
20201001 001310.516 INFO             PET0  PASS  Example ESMF_InfoTutorialEx, ESMF_InfoTutorialEx.F90, line 335
20201001 001310.516 INFO             PET0 Finalizing ESMF
20201001 001310.512 INFO             PET1 !!!!!!!!!!!!!!!!!!!!!!!!!!!!!!!!!!!!!!!!!!!!!!!!!!!!!!
20201001 001310.512 INFO             PET1 !!! THE ESMF_LOG IS SET TO OUTPUT ALL LOG MESSAGES !!!
20201001 001310.512 INFO             PET1 !!!     THIS MAY CAUSE SLOWDOWN IN PERFORMANCE     !!!
20201001 001310.512 INFO             PET1 !!! FOR PRODUCTION RUNS, USE:                      !!!
20201001 001310.512 INFO             PET1 !!!                   ESMF_LOGKIND_Multi_On_Error  !!!
20201001 001310.512 INFO             PET1 !!!!!!!!!!!!!!!!!!!!!!!!!!!!!!!!!!!!!!!!!!!!!!!!!!!!!!
20201001 001310.512 INFO             PET1 Running with ESMF Version   : ESMF_8_1_0_beta_snapshot_31
20201001 001310.512 INFO             PET1 ESMF library build date/time: "Sep 30 2020" "23:48:58"
20201001 001310.512 INFO             PET1 ESMF library build location : /glade/scratch/himanshu/scripts_dir/daily/intel_cheyenne/esmf
20201001 001310.512 INFO             PET1 ESMF_COMM                   : openmpi
20201001 001310.513 INFO             PET1 ESMF_NETCDF                 : disabled
20201001 001310.513 INFO             PET1 ESMF_PNETCDF                : disabled
20201001 001310.513 INFO             PET1 ESMF_PIO                    : enabled
20201001 001310.513 INFO             PET1 ESMF_YAMLCPP                : enabled
20201001 001310.513 INFO             PET1 ESMF_MOAB                   : enabled
20201001 001310.515 ERROR            PET1 ESMCI_Info.C:1231 Info::set(<json>) Cannot set value  - Error/Return Code 540 (ESMC_RC_CANNOT_SET) - Key '/myIntegerKey' already in map and force=false.
20201001 001310.515 ERROR            PET1 ESMCI_Info.C:1234 Info::set(<json>) Cannot set value  - Internal subroutine call returned Error
20201001 001310.515 ERROR            PET1 ESMCI_Info.C:1276 Info::set(<json>) Cannot set value  - Internal subroutine call returned Error
20201001 001310.515 ERROR            PET1 ESMCI_Info.C:1279 Info::set(<json>) Cannot set value  - Internal subroutine call returned Error
20201001 001310.515 ERROR            PET1 ESMCI_Info.C:1323 Info::set(<scalar>) Cannot set value  - Internal subroutine call returned Error
20201001 001310.515 ERROR            PET1 ESMC_InfoCDefGeneric.C:382 ESMC_InfoSetI4() Cannot set value  - Internal subroutine call returned Error
20201001 001310.515 ERROR            PET1 ESMF_Info.F90:664 ESMF_InfoSetI4() Cannot set value  - Internal subroutine call returned Error
20201001 001310.516 INFO             PET1  NUMBER_OF_PROCESSORS           4
20201001 001310.516 INFO             PET1  PASS  Example ESMF_InfoTutorialEx, ESMF_InfoTutorialEx.F90, line 335
20201001 001310.516 INFO             PET1 Finalizing ESMF
20201001 001310.512 INFO             PET2 !!!!!!!!!!!!!!!!!!!!!!!!!!!!!!!!!!!!!!!!!!!!!!!!!!!!!!
20201001 001310.512 INFO             PET2 !!! THE ESMF_LOG IS SET TO OUTPUT ALL LOG MESSAGES !!!
20201001 001310.512 INFO             PET2 !!!     THIS MAY CAUSE SLOWDOWN IN PERFORMANCE     !!!
20201001 001310.512 INFO             PET2 !!! FOR PRODUCTION RUNS, USE:                      !!!
20201001 001310.512 INFO             PET2 !!!                   ESMF_LOGKIND_Multi_On_Error  !!!
20201001 001310.512 INFO             PET2 !!!!!!!!!!!!!!!!!!!!!!!!!!!!!!!!!!!!!!!!!!!!!!!!!!!!!!
20201001 001310.512 INFO             PET2 Running with ESMF Version   : ESMF_8_1_0_beta_snapshot_31
20201001 001310.512 INFO             PET2 ESMF library build date/time: "Sep 30 2020" "23:48:58"
20201001 001310.512 INFO             PET2 ESMF library build location : /glade/scratch/himanshu/scripts_dir/daily/intel_cheyenne/esmf
20201001 001310.512 INFO             PET2 ESMF_COMM                   : openmpi
20201001 001310.513 INFO             PET2 ESMF_NETCDF                 : disabled
20201001 001310.513 INFO             PET2 ESMF_PNETCDF                : disabled
20201001 001310.513 INFO             PET2 ESMF_PIO                    : enabled
20201001 001310.513 INFO             PET2 ESMF_YAMLCPP                : enabled
20201001 001310.513 INFO             PET2 ESMF_MOAB                   : enabled
20201001 001310.515 ERROR            PET2 ESMCI_Info.C:1231 Info::set(<json>) Cannot set value  - Error/Return Code 540 (ESMC_RC_CANNOT_SET) - Key '/myIntegerKey' already in map and force=false.
20201001 001310.515 ERROR            PET2 ESMCI_Info.C:1234 Info::set(<json>) Cannot set value  - Internal subroutine call returned Error
20201001 001310.515 ERROR            PET2 ESMCI_Info.C:1276 Info::set(<json>) Cannot set value  - Internal subroutine call returned Error
20201001 001310.515 ERROR            PET2 ESMCI_Info.C:1279 Info::set(<json>) Cannot set value  - Internal subroutine call returned Error
20201001 001310.515 ERROR            PET2 ESMCI_Info.C:1323 Info::set(<scalar>) Cannot set value  - Internal subroutine call returned Error
20201001 001310.515 ERROR            PET2 ESMC_InfoCDefGeneric.C:382 ESMC_InfoSetI4() Cannot set value  - Internal subroutine call returned Error
20201001 001310.515 ERROR            PET2 ESMF_Info.F90:664 ESMF_InfoSetI4() Cannot set value  - Internal subroutine call returned Error
20201001 001310.516 INFO             PET2  NUMBER_OF_PROCESSORS           4
20201001 001310.516 INFO             PET2  PASS  Example ESMF_InfoTutorialEx, ESMF_InfoTutorialEx.F90, line 335
20201001 001310.516 INFO             PET2 Finalizing ESMF
20201001 001310.512 INFO             PET3 !!!!!!!!!!!!!!!!!!!!!!!!!!!!!!!!!!!!!!!!!!!!!!!!!!!!!!
20201001 001310.512 INFO             PET3 !!! THE ESMF_LOG IS SET TO OUTPUT ALL LOG MESSAGES !!!
20201001 001310.512 INFO             PET3 !!!     THIS MAY CAUSE SLOWDOWN IN PERFORMANCE     !!!
20201001 001310.512 INFO             PET3 !!! FOR PRODUCTION RUNS, USE:                      !!!
20201001 001310.512 INFO             PET3 !!!                   ESMF_LOGKIND_Multi_On_Error  !!!
20201001 001310.512 INFO             PET3 !!!!!!!!!!!!!!!!!!!!!!!!!!!!!!!!!!!!!!!!!!!!!!!!!!!!!!
20201001 001310.512 INFO             PET3 Running with ESMF Version   : ESMF_8_1_0_beta_snapshot_31
20201001 001310.512 INFO             PET3 ESMF library build date/time: "Sep 30 2020" "23:48:58"
20201001 001310.512 INFO             PET3 ESMF library build location : /glade/scratch/himanshu/scripts_dir/daily/intel_cheyenne/esmf
20201001 001310.512 INFO             PET3 ESMF_COMM                   : openmpi
20201001 001310.513 INFO             PET3 ESMF_NETCDF                 : disabled
20201001 001310.513 INFO             PET3 ESMF_PNETCDF                : disabled
20201001 001310.513 INFO             PET3 ESMF_PIO                    : enabled
20201001 001310.513 INFO             PET3 ESMF_YAMLCPP                : enabled
20201001 001310.513 INFO             PET3 ESMF_MOAB                   : enabled
20201001 001310.515 ERROR            PET3 ESMCI_Info.C:1231 Info::set(<json>) Cannot set value  - Error/Return Code 540 (ESMC_RC_CANNOT_SET) - Key '/myIntegerKey' already in map and force=false.
20201001 001310.515 ERROR            PET3 ESMCI_Info.C:1234 Info::set(<json>) Cannot set value  - Internal subroutine call returned Error
20201001 001310.515 ERROR            PET3 ESMCI_Info.C:1276 Info::set(<json>) Cannot set value  - Internal subroutine call returned Error
20201001 001310.515 ERROR            PET3 ESMCI_Info.C:1279 Info::set(<json>) Cannot set value  - Internal subroutine call returned Error
20201001 001310.515 ERROR            PET3 ESMCI_Info.C:1323 Info::set(<scalar>) Cannot set value  - Internal subroutine call returned Error
20201001 001310.515 ERROR            PET3 ESMC_InfoCDefGeneric.C:382 ESMC_InfoSetI4() Cannot set value  - Internal subroutine call returned Error
20201001 001310.515 ERROR            PET3 ESMF_Info.F90:664 ESMF_InfoSetI4() Cannot set value  - Internal subroutine call returned Error
20201001 001310.516 INFO             PET3  NUMBER_OF_PROCESSORS           4
20201001 001310.516 INFO             PET3  PASS  Example ESMF_InfoTutorialEx, ESMF_InfoTutorialEx.F90, line 335
20201001 001310.516 INFO             PET3 Finalizing ESMF
