20201206 053057.553 INFO             PET0 !!!!!!!!!!!!!!!!!!!!!!!!!!!!!!!!!!!!!!!!!!!!!!!!!!!!!!
20201206 053057.553 INFO             PET0 !!! THE ESMF_LOG IS SET TO OUTPUT ALL LOG MESSAGES !!!
20201206 053057.553 INFO             PET0 !!!     THIS MAY CAUSE SLOWDOWN IN PERFORMANCE     !!!
20201206 053057.553 INFO             PET0 !!! FOR PRODUCTION RUNS, USE:                      !!!
20201206 053057.553 INFO             PET0 !!!                   ESMF_LOGKIND_Multi_On_Error  !!!
20201206 053057.553 INFO             PET0 !!!!!!!!!!!!!!!!!!!!!!!!!!!!!!!!!!!!!!!!!!!!!!!!!!!!!!
20201206 053057.553 INFO             PET0 Running with ESMF Version   : ESMF_8_1_0_beta_snapshot_38-40-gdfefa6d24c
20201206 053057.553 INFO             PET0 ESMF library build date/time: "Dec  6 2020" "05:21:45"
20201206 053057.553 INFO             PET0 ESMF library build location : /glade/scratch/himanshu/scripts_dir/daily/gfortran_cheyenne/esmf
20201206 053057.553 INFO             PET0 ESMF_COMM                   : openmpi
20201206 053057.553 INFO             PET0 ESMF_NETCDF                 : disabled
20201206 053057.553 INFO             PET0 ESMF_PNETCDF                : disabled
20201206 053057.553 INFO             PET0 ESMF_PIO                    : enabled
20201206 053057.553 INFO             PET0 ESMF_YAMLCPP                : enabled
20201206 053057.553 INFO             PET0 ESMF_MOAB                   : enabled
20201206 053057.580 INFO             PET0  NUMBER_OF_PROCESSORS           4
20201206 053057.580 INFO             PET0  PASS  Example ESMF_VMUserMpiCommMultiEx, ESMF_VMUserMpiCommMultiEx.F90, line 126
20201206 053057.580 INFO             PET0 Finalizing ESMF
20201206 053057.568 INFO             PET0 !!!!!!!!!!!!!!!!!!!!!!!!!!!!!!!!!!!!!!!!!!!!!!!!!!!!!!
20201206 053057.568 INFO             PET0 !!! THE ESMF_LOG IS SET TO OUTPUT ALL LOG MESSAGES !!!
20201206 053057.568 INFO             PET0 !!!     THIS MAY CAUSE SLOWDOWN IN PERFORMANCE     !!!
20201206 053057.568 INFO             PET0 !!! FOR PRODUCTION RUNS, USE:                      !!!
20201206 053057.568 INFO             PET0 !!!                   ESMF_LOGKIND_Multi_On_Error  !!!
20201206 053057.568 INFO             PET0 !!!!!!!!!!!!!!!!!!!!!!!!!!!!!!!!!!!!!!!!!!!!!!!!!!!!!!
20201206 053057.568 INFO             PET0 Running with ESMF Version   : ESMF_8_1_0_beta_snapshot_38-40-gdfefa6d24c
20201206 053057.568 INFO             PET0 ESMF library build date/time: "Dec  6 2020" "05:21:45"
20201206 053057.568 INFO             PET0 ESMF library build location : /glade/scratch/himanshu/scripts_dir/daily/gfortran_cheyenne/esmf
20201206 053057.568 INFO             PET0 ESMF_COMM                   : openmpi
20201206 053057.580 INFO             PET0 ESMF_NETCDF                 : disabled
20201206 053057.580 INFO             PET0 ESMF_PNETCDF                : disabled
20201206 053057.580 INFO             PET0 ESMF_PIO                    : enabled
20201206 053057.580 INFO             PET0 ESMF_YAMLCPP                : enabled
20201206 053057.580 INFO             PET0 ESMF_MOAB                   : enabled
20201206 053057.580 INFO             PET0  NUMBER_OF_PROCESSORS           4
20201206 053057.580 INFO             PET0  PASS  Example ESMF_VMUserMpiCommMultiEx, ESMF_VMUserMpiCommMultiEx.F90, line 154
20201206 053057.580 INFO             PET0 Finalizing ESMF
20201206 053057.580 INFO             PET1 !!!!!!!!!!!!!!!!!!!!!!!!!!!!!!!!!!!!!!!!!!!!!!!!!!!!!!
20201206 053057.580 INFO             PET1 !!! THE ESMF_LOG IS SET TO OUTPUT ALL LOG MESSAGES !!!
20201206 053057.580 INFO             PET1 !!!     THIS MAY CAUSE SLOWDOWN IN PERFORMANCE     !!!
20201206 053057.580 INFO             PET1 !!! FOR PRODUCTION RUNS, USE:                      !!!
20201206 053057.580 INFO             PET1 !!!                   ESMF_LOGKIND_Multi_On_Error  !!!
20201206 053057.580 INFO             PET1 !!!!!!!!!!!!!!!!!!!!!!!!!!!!!!!!!!!!!!!!!!!!!!!!!!!!!!
20201206 053057.580 INFO             PET1 Running with ESMF Version   : ESMF_8_1_0_beta_snapshot_38-40-gdfefa6d24c
20201206 053057.580 INFO             PET1 ESMF library build date/time: "Dec  6 2020" "05:21:45"
20201206 053057.580 INFO             PET1 ESMF library build location : /glade/scratch/himanshu/scripts_dir/daily/gfortran_cheyenne/esmf
20201206 053057.580 INFO             PET1 ESMF_COMM                   : openmpi
20201206 053057.580 INFO             PET1 ESMF_NETCDF                 : disabled
20201206 053057.580 INFO             PET1 ESMF_PNETCDF                : disabled
20201206 053057.580 INFO             PET1 ESMF_PIO                    : enabled
20201206 053057.580 INFO             PET1 ESMF_YAMLCPP                : enabled
20201206 053057.580 INFO             PET1 ESMF_MOAB                   : enabled
20201206 053057.580 INFO             PET1  NUMBER_OF_PROCESSORS           4
20201206 053057.580 INFO             PET1  PASS  Example ESMF_VMUserMpiCommMultiEx, ESMF_VMUserMpiCommMultiEx.F90, line 126
20201206 053057.580 INFO             PET1 Finalizing ESMF
20201206 053057.552 INFO             PET1 !!!!!!!!!!!!!!!!!!!!!!!!!!!!!!!!!!!!!!!!!!!!!!!!!!!!!!
20201206 053057.552 INFO             PET1 !!! THE ESMF_LOG IS SET TO OUTPUT ALL LOG MESSAGES !!!
20201206 053057.552 INFO             PET1 !!!     THIS MAY CAUSE SLOWDOWN IN PERFORMANCE     !!!
20201206 053057.552 INFO             PET1 !!! FOR PRODUCTION RUNS, USE:                      !!!
20201206 053057.552 INFO             PET1 !!!                   ESMF_LOGKIND_Multi_On_Error  !!!
20201206 053057.552 INFO             PET1 !!!!!!!!!!!!!!!!!!!!!!!!!!!!!!!!!!!!!!!!!!!!!!!!!!!!!!
20201206 053057.552 INFO             PET1 Running with ESMF Version   : ESMF_8_1_0_beta_snapshot_38-40-gdfefa6d24c
20201206 053057.552 INFO             PET1 ESMF library build date/time: "Dec  6 2020" "05:21:45"
20201206 053057.552 INFO             PET1 ESMF library build location : /glade/scratch/himanshu/scripts_dir/daily/gfortran_cheyenne/esmf
20201206 053057.552 INFO             PET1 ESMF_COMM                   : openmpi
20201206 053057.553 INFO             PET1 ESMF_NETCDF                 : disabled
20201206 053057.553 INFO             PET1 ESMF_PNETCDF                : disabled
20201206 053057.553 INFO             PET1 ESMF_PIO                    : enabled
20201206 053057.553 INFO             PET1 ESMF_YAMLCPP                : enabled
20201206 053057.553 INFO             PET1 ESMF_MOAB                   : enabled
20201206 053057.580 INFO             PET1  NUMBER_OF_PROCESSORS           4
20201206 053057.580 INFO             PET1  PASS  Example ESMF_VMUserMpiCommMultiEx, ESMF_VMUserMpiCommMultiEx.F90, line 154
20201206 053057.580 INFO             PET1 Finalizing ESMF
Sun Dec  6 22:51:39 MST 2020
