20210220 171508.523 INFO             PET0 !!!!!!!!!!!!!!!!!!!!!!!!!!!!!!!!!!!!!!!!!!!!!!!!!!!!!!
20210220 171508.523 INFO             PET0 !!! THE ESMF_LOG IS SET TO OUTPUT ALL LOG MESSAGES !!!
20210220 171508.523 INFO             PET0 !!!     THIS MAY CAUSE SLOWDOWN IN PERFORMANCE     !!!
20210220 171508.523 INFO             PET0 !!! FOR PRODUCTION RUNS, USE:                      !!!
20210220 171508.523 INFO             PET0 !!!                   ESMF_LOGKIND_Multi_On_Error  !!!
20210220 171508.523 INFO             PET0 !!!!!!!!!!!!!!!!!!!!!!!!!!!!!!!!!!!!!!!!!!!!!!!!!!!!!!
20210220 171508.523 INFO             PET0 Running with ESMF Version   : ESMF_8_2_0_beta_snapshot_00
20210220 171508.523 INFO             PET0 ESMF library build date/time: "Feb 20 2021" "17:05:38"
20210220 171508.523 INFO             PET0 ESMF library build location : /glade/scratch/himanshu/scripts_dir/daily/gfortran_cheyenne/esmf
20210220 171508.523 INFO             PET0 ESMF_COMM                   : openmpi
20210220 171508.523 INFO             PET0 ESMF_MOAB                   : enabled
20210220 171508.523 INFO             PET0 ESMF_LAPACK                 : enabled
20210220 171508.523 INFO             PET0 ESMF_NETCDF                 : disabled
20210220 171508.523 INFO             PET0 ESMF_PNETCDF                : disabled
20210220 171508.523 INFO             PET0 ESMF_PIO                    : enabled
20210220 171508.523 INFO             PET0 ESMF_YAMLCPP                : enabled
20210220 171508.523 INFO             PET0  NUMBER_OF_PROCESSORS           1
20210220 171508.523 INFO             PET0  PASS  Example CalendarEx, ESMF_CalendarEx.F90, line 217
20210220 171508.523 INFO             PET0 Finalizing ESMF
Sat Feb 20 17:59:59 MST 2021
