20201002 101946.059 INFO             PET1 !!!!!!!!!!!!!!!!!!!!!!!!!!!!!!!!!!!!!!!!!!!!!!!!!!!!!!
20201002 101946.059 INFO             PET1 !!! THE ESMF_LOG IS SET TO OUTPUT ALL LOG MESSAGES !!!
20201002 101946.059 INFO             PET1 !!!     THIS MAY CAUSE SLOWDOWN IN PERFORMANCE     !!!
20201002 101946.059 INFO             PET1 !!! FOR PRODUCTION RUNS, USE:                      !!!
20201002 101946.059 INFO             PET1 !!!                   ESMF_LOGKIND_Multi_On_Error  !!!
20201002 101946.059 INFO             PET1 !!!!!!!!!!!!!!!!!!!!!!!!!!!!!!!!!!!!!!!!!!!!!!!!!!!!!!
20201002 101946.059 INFO             PET1 Running with ESMF Version   : ESMF_8_1_0_beta_snapshot_31-3-ge0979f1499
20201002 101946.059 INFO             PET1 ESMF library build date/time: "Oct  2 2020" "10:16:54"
20201002 101946.059 INFO             PET1 ESMF library build location : /glade/scratch/himanshu/scripts_dir/daily/gfortran_cheyenne/esmf
20201002 101946.059 INFO             PET1 ESMF_COMM                   : openmpi
20201002 101946.059 INFO             PET1 ESMF_NETCDF                 : disabled
20201002 101946.059 INFO             PET1 ESMF_PNETCDF                : disabled
20201002 101946.059 INFO             PET1 ESMF_PIO                    : enabled
20201002 101946.059 INFO             PET1 ESMF_YAMLCPP                : enabled
20201002 101946.059 INFO             PET1 ESMF_MOAB                   : enabled
20201002 101946.060 INFO             PET1 Finalizing ESMF
20201002 101946.438 INFO             PET1 !!!!!!!!!!!!!!!!!!!!!!!!!!!!!!!!!!!!!!!!!!!!!!!!!!!!!!
20201002 101946.438 INFO             PET1 !!! THE ESMF_LOG IS SET TO OUTPUT ALL LOG MESSAGES !!!
20201002 101946.438 INFO             PET1 !!!     THIS MAY CAUSE SLOWDOWN IN PERFORMANCE     !!!
20201002 101946.438 INFO             PET1 !!! FOR PRODUCTION RUNS, USE:                      !!!
20201002 101946.438 INFO             PET1 !!!                   ESMF_LOGKIND_Multi_On_Error  !!!
20201002 101946.438 INFO             PET1 !!!!!!!!!!!!!!!!!!!!!!!!!!!!!!!!!!!!!!!!!!!!!!!!!!!!!!
20201002 101946.438 INFO             PET1 Running with ESMF Version   : ESMF_8_1_0_beta_snapshot_31-3-ge0979f1499
20201002 101946.438 INFO             PET1 ESMF library build date/time: "Oct  2 2020" "10:16:54"
20201002 101946.438 INFO             PET1 ESMF library build location : /glade/scratch/himanshu/scripts_dir/daily/gfortran_cheyenne/esmf
20201002 101946.438 INFO             PET1 ESMF_COMM                   : openmpi
20201002 101946.439 INFO             PET1 ESMF_NETCDF                 : disabled
20201002 101946.439 INFO             PET1 ESMF_PNETCDF                : disabled
20201002 101946.439 INFO             PET1 ESMF_PIO                    : enabled
20201002 101946.439 INFO             PET1 ESMF_YAMLCPP                : enabled
20201002 101946.439 INFO             PET1 ESMF_MOAB                   : enabled
20201002 101946.439 INFO             PET1 Finalizing ESMF
20201002 101946.816 INFO             PET1 !!!!!!!!!!!!!!!!!!!!!!!!!!!!!!!!!!!!!!!!!!!!!!!!!!!!!!
20201002 101946.816 INFO             PET1 !!! THE ESMF_LOG IS SET TO OUTPUT ALL LOG MESSAGES !!!
20201002 101946.816 INFO             PET1 !!!     THIS MAY CAUSE SLOWDOWN IN PERFORMANCE     !!!
20201002 101946.816 INFO             PET1 !!! FOR PRODUCTION RUNS, USE:                      !!!
20201002 101946.816 INFO             PET1 !!!                   ESMF_LOGKIND_Multi_On_Error  !!!
20201002 101946.816 INFO             PET1 !!!!!!!!!!!!!!!!!!!!!!!!!!!!!!!!!!!!!!!!!!!!!!!!!!!!!!
20201002 101946.816 INFO             PET1 Running with ESMF Version   : ESMF_8_1_0_beta_snapshot_31-3-ge0979f1499
20201002 101946.816 INFO             PET1 ESMF library build date/time: "Oct  2 2020" "10:16:54"
20201002 101946.816 INFO             PET1 ESMF library build location : /glade/scratch/himanshu/scripts_dir/daily/gfortran_cheyenne/esmf
20201002 101946.816 INFO             PET1 ESMF_COMM                   : openmpi
20201002 101946.816 INFO             PET1 ESMF_NETCDF                 : disabled
20201002 101946.816 INFO             PET1 ESMF_PNETCDF                : disabled
20201002 101946.816 INFO             PET1 ESMF_PIO                    : enabled
20201002 101946.816 INFO             PET1 ESMF_YAMLCPP                : enabled
20201002 101946.816 INFO             PET1 ESMF_MOAB                   : enabled
20201002 101946.819 INFO             PET1 Finalizing ESMF
