20200921 045152.934 INFO             PET3 !!!!!!!!!!!!!!!!!!!!!!!!!!!!!!!!!!!!!!!!!!!!!!!!!!!!!!
20200921 045152.934 INFO             PET3 !!! THE ESMF_LOG IS SET TO OUTPUT ALL LOG MESSAGES !!!
20200921 045152.934 INFO             PET3 !!!     THIS MAY CAUSE SLOWDOWN IN PERFORMANCE     !!!
20200921 045152.934 INFO             PET3 !!! FOR PRODUCTION RUNS, USE:                      !!!
20200921 045152.934 INFO             PET3 !!!                   ESMF_LOGKIND_Multi_On_Error  !!!
20200921 045152.934 INFO             PET3 !!!!!!!!!!!!!!!!!!!!!!!!!!!!!!!!!!!!!!!!!!!!!!!!!!!!!!
20200921 045152.934 INFO             PET3 Running with ESMF Version   : ESMF_8_1_0_beta_snapshot_28
20200921 045152.934 INFO             PET3 ESMF library build date/time: "Sep 21 2020" "04:49:13"
20200921 045152.934 INFO             PET3 ESMF library build location : /glade/scratch/himanshu/scripts_dir/daily/gfortran_cheyenne/esmf
20200921 045152.934 INFO             PET3 ESMF_COMM                   : openmpi
20200921 045152.934 INFO             PET3 ESMF_NETCDF                 : disabled
20200921 045152.934 INFO             PET3 ESMF_PNETCDF                : disabled
20200921 045152.934 INFO             PET3 ESMF_PIO                    : enabled
20200921 045152.934 INFO             PET3 ESMF_YAMLCPP                : enabled
20200921 045152.934 INFO             PET3 ESMF_MOAB                   : enabled
20200921 045152.934 INFO             PET3 Finalizing ESMF
20200921 045153.317 INFO             PET3 !!!!!!!!!!!!!!!!!!!!!!!!!!!!!!!!!!!!!!!!!!!!!!!!!!!!!!
20200921 045153.317 INFO             PET3 !!! THE ESMF_LOG IS SET TO OUTPUT ALL LOG MESSAGES !!!
20200921 045153.317 INFO             PET3 !!!     THIS MAY CAUSE SLOWDOWN IN PERFORMANCE     !!!
20200921 045153.317 INFO             PET3 !!! FOR PRODUCTION RUNS, USE:                      !!!
20200921 045153.317 INFO             PET3 !!!                   ESMF_LOGKIND_Multi_On_Error  !!!
20200921 045153.317 INFO             PET3 !!!!!!!!!!!!!!!!!!!!!!!!!!!!!!!!!!!!!!!!!!!!!!!!!!!!!!
20200921 045153.317 INFO             PET3 Running with ESMF Version   : ESMF_8_1_0_beta_snapshot_28
20200921 045153.317 INFO             PET3 ESMF library build date/time: "Sep 21 2020" "04:49:13"
20200921 045153.317 INFO             PET3 ESMF library build location : /glade/scratch/himanshu/scripts_dir/daily/gfortran_cheyenne/esmf
20200921 045153.317 INFO             PET3 ESMF_COMM                   : openmpi
20200921 045153.317 INFO             PET3 ESMF_NETCDF                 : disabled
20200921 045153.317 INFO             PET3 ESMF_PNETCDF                : disabled
20200921 045153.317 INFO             PET3 ESMF_PIO                    : enabled
20200921 045153.317 INFO             PET3 ESMF_YAMLCPP                : enabled
20200921 045153.317 INFO             PET3 ESMF_MOAB                   : enabled
20200921 045153.318 INFO             PET3 Finalizing ESMF
20200921 045153.690 INFO             PET3 !!!!!!!!!!!!!!!!!!!!!!!!!!!!!!!!!!!!!!!!!!!!!!!!!!!!!!
20200921 045153.690 INFO             PET3 !!! THE ESMF_LOG IS SET TO OUTPUT ALL LOG MESSAGES !!!
20200921 045153.690 INFO             PET3 !!!     THIS MAY CAUSE SLOWDOWN IN PERFORMANCE     !!!
20200921 045153.690 INFO             PET3 !!! FOR PRODUCTION RUNS, USE:                      !!!
20200921 045153.690 INFO             PET3 !!!                   ESMF_LOGKIND_Multi_On_Error  !!!
20200921 045153.690 INFO             PET3 !!!!!!!!!!!!!!!!!!!!!!!!!!!!!!!!!!!!!!!!!!!!!!!!!!!!!!
20200921 045153.690 INFO             PET3 Running with ESMF Version   : ESMF_8_1_0_beta_snapshot_28
20200921 045153.690 INFO             PET3 ESMF library build date/time: "Sep 21 2020" "04:49:13"
20200921 045153.690 INFO             PET3 ESMF library build location : /glade/scratch/himanshu/scripts_dir/daily/gfortran_cheyenne/esmf
20200921 045153.690 INFO             PET3 ESMF_COMM                   : openmpi
20200921 045153.690 INFO             PET3 ESMF_NETCDF                 : disabled
20200921 045153.690 INFO             PET3 ESMF_PNETCDF                : disabled
20200921 045153.690 INFO             PET3 ESMF_PIO                    : enabled
20200921 045153.690 INFO             PET3 ESMF_YAMLCPP                : enabled
20200921 045153.690 INFO             PET3 ESMF_MOAB                   : enabled
20200921 045153.692 INFO             PET3 Finalizing ESMF
