20210211 152533.149 INFO             PET0 !!!!!!!!!!!!!!!!!!!!!!!!!!!!!!!!!!!!!!!!!!!!!!!!!!!!!!
20210211 152533.149 INFO             PET0 !!! THE ESMF_LOG IS SET TO OUTPUT ALL LOG MESSAGES !!!
20210211 152533.149 INFO             PET0 !!!     THIS MAY CAUSE SLOWDOWN IN PERFORMANCE     !!!
20210211 152533.149 INFO             PET0 !!! FOR PRODUCTION RUNS, USE:                      !!!
20210211 152533.149 INFO             PET0 !!!                   ESMF_LOGKIND_Multi_On_Error  !!!
20210211 152533.149 INFO             PET0 !!!!!!!!!!!!!!!!!!!!!!!!!!!!!!!!!!!!!!!!!!!!!!!!!!!!!!
20210211 152533.149 INFO             PET0 Running with ESMF Version   : ESMF_8_0_2_beta_snapshot_01-1-g36df004
20210211 152533.149 INFO             PET0 ESMF library build date/time: "Feb 11 2021" "14:32:21"
20210211 152533.149 INFO             PET0 ESMF library build location : /work/noaa/da/mpotts/intel_2020_intelmpi_g
20210211 152533.149 INFO             PET0 ESMF_COMM                   : intelmpi
20210211 152533.152 INFO             PET0 ESMF_NETCDF                 : disabled
20210211 152533.152 INFO             PET0 ESMF_PNETCDF                : disabled
20210211 152533.152 INFO             PET0 ESMF_PIO                    : enabled
20210211 152533.152 INFO             PET0 ESMF_YAMLCPP                : enabled
20210211 152533.152 INFO             PET0 ESMF_MOAB                   : enabled
20210211 152533.203 ERROR            PET0 ESMCI_State.C:982 ESMCI::State::read() Library needed by ESMF not present  - Internal subroutine call returned Error
20210211 152533.203 ERROR            PET0 ESMF_StateAPI.cppF90:3697 ESMF_StateRead Library needed by ESMF not present  - Internal subroutine call returned Error
20210211 152533.204 INFO             PET0  NUMBER_OF_PROCESSORS           4
20210211 152533.215 INFO             PET0  PASS  Example ESMF_StateReadWriteEx, ESMF_StateReadWriteEx.F90, line 185
20210211 152533.215 INFO             PET0 Finalizing ESMF
20210211 152533.158 INFO             PET1 !!!!!!!!!!!!!!!!!!!!!!!!!!!!!!!!!!!!!!!!!!!!!!!!!!!!!!
20210211 152533.159 INFO             PET1 !!! THE ESMF_LOG IS SET TO OUTPUT ALL LOG MESSAGES !!!
20210211 152533.159 INFO             PET1 !!!     THIS MAY CAUSE SLOWDOWN IN PERFORMANCE     !!!
20210211 152533.159 INFO             PET1 !!! FOR PRODUCTION RUNS, USE:                      !!!
20210211 152533.159 INFO             PET1 !!!                   ESMF_LOGKIND_Multi_On_Error  !!!
20210211 152533.159 INFO             PET1 !!!!!!!!!!!!!!!!!!!!!!!!!!!!!!!!!!!!!!!!!!!!!!!!!!!!!!
20210211 152533.159 INFO             PET1 Running with ESMF Version   : ESMF_8_0_2_beta_snapshot_01-1-g36df004
20210211 152533.159 INFO             PET1 ESMF library build date/time: "Feb 11 2021" "14:32:21"
20210211 152533.159 INFO             PET1 ESMF library build location : /work/noaa/da/mpotts/intel_2020_intelmpi_g
20210211 152533.159 INFO             PET1 ESMF_COMM                   : intelmpi
20210211 152533.160 INFO             PET1 ESMF_NETCDF                 : disabled
20210211 152533.160 INFO             PET1 ESMF_PNETCDF                : disabled
20210211 152533.160 INFO             PET1 ESMF_PIO                    : enabled
20210211 152533.160 INFO             PET1 ESMF_YAMLCPP                : enabled
20210211 152533.160 INFO             PET1 ESMF_MOAB                   : enabled
20210211 152533.216 ERROR            PET1 ESMCI_State.C:982 ESMCI::State::read() Library needed by ESMF not present  - Internal subroutine call returned Error
20210211 152533.216 ERROR            PET1 ESMF_StateAPI.cppF90:3697 ESMF_StateRead Library needed by ESMF not present  - Internal subroutine call returned Error
20210211 152533.216 INFO             PET1  NUMBER_OF_PROCESSORS           4
20210211 152533.216 INFO             PET1  PASS  Example ESMF_StateReadWriteEx, ESMF_StateReadWriteEx.F90, line 185
20210211 152533.216 INFO             PET1 Finalizing ESMF
20210211 152533.150 INFO             PET2 !!!!!!!!!!!!!!!!!!!!!!!!!!!!!!!!!!!!!!!!!!!!!!!!!!!!!!
20210211 152533.151 INFO             PET2 !!! THE ESMF_LOG IS SET TO OUTPUT ALL LOG MESSAGES !!!
20210211 152533.151 INFO             PET2 !!!     THIS MAY CAUSE SLOWDOWN IN PERFORMANCE     !!!
20210211 152533.151 INFO             PET2 !!! FOR PRODUCTION RUNS, USE:                      !!!
20210211 152533.151 INFO             PET2 !!!                   ESMF_LOGKIND_Multi_On_Error  !!!
20210211 152533.151 INFO             PET2 !!!!!!!!!!!!!!!!!!!!!!!!!!!!!!!!!!!!!!!!!!!!!!!!!!!!!!
20210211 152533.151 INFO             PET2 Running with ESMF Version   : ESMF_8_0_2_beta_snapshot_01-1-g36df004
20210211 152533.151 INFO             PET2 ESMF library build date/time: "Feb 11 2021" "14:32:21"
20210211 152533.151 INFO             PET2 ESMF library build location : /work/noaa/da/mpotts/intel_2020_intelmpi_g
20210211 152533.151 INFO             PET2 ESMF_COMM                   : intelmpi
20210211 152533.164 INFO             PET2 ESMF_NETCDF                 : disabled
20210211 152533.164 INFO             PET2 ESMF_PNETCDF                : disabled
20210211 152533.164 INFO             PET2 ESMF_PIO                    : enabled
20210211 152533.164 INFO             PET2 ESMF_YAMLCPP                : enabled
20210211 152533.164 INFO             PET2 ESMF_MOAB                   : enabled
20210211 152533.203 ERROR            PET2 ESMCI_State.C:982 ESMCI::State::read() Library needed by ESMF not present  - Internal subroutine call returned Error
20210211 152533.203 ERROR            PET2 ESMF_StateAPI.cppF90:3697 ESMF_StateRead Library needed by ESMF not present  - Internal subroutine call returned Error
20210211 152533.203 INFO             PET2  NUMBER_OF_PROCESSORS           4
20210211 152533.204 INFO             PET2  PASS  Example ESMF_StateReadWriteEx, ESMF_StateReadWriteEx.F90, line 185
20210211 152533.204 INFO             PET2 Finalizing ESMF
20210211 152533.173 INFO             PET3 !!!!!!!!!!!!!!!!!!!!!!!!!!!!!!!!!!!!!!!!!!!!!!!!!!!!!!
20210211 152533.173 INFO             PET3 !!! THE ESMF_LOG IS SET TO OUTPUT ALL LOG MESSAGES !!!
20210211 152533.173 INFO             PET3 !!!     THIS MAY CAUSE SLOWDOWN IN PERFORMANCE     !!!
20210211 152533.173 INFO             PET3 !!! FOR PRODUCTION RUNS, USE:                      !!!
20210211 152533.173 INFO             PET3 !!!                   ESMF_LOGKIND_Multi_On_Error  !!!
20210211 152533.173 INFO             PET3 !!!!!!!!!!!!!!!!!!!!!!!!!!!!!!!!!!!!!!!!!!!!!!!!!!!!!!
20210211 152533.173 INFO             PET3 Running with ESMF Version   : ESMF_8_0_2_beta_snapshot_01-1-g36df004
20210211 152533.173 INFO             PET3 ESMF library build date/time: "Feb 11 2021" "14:32:21"
20210211 152533.173 INFO             PET3 ESMF library build location : /work/noaa/da/mpotts/intel_2020_intelmpi_g
20210211 152533.173 INFO             PET3 ESMF_COMM                   : intelmpi
20210211 152533.183 INFO             PET3 ESMF_NETCDF                 : disabled
20210211 152533.183 INFO             PET3 ESMF_PNETCDF                : disabled
20210211 152533.183 INFO             PET3 ESMF_PIO                    : enabled
20210211 152533.183 INFO             PET3 ESMF_YAMLCPP                : enabled
20210211 152533.183 INFO             PET3 ESMF_MOAB                   : enabled
20210211 152533.203 ERROR            PET3 ESMCI_State.C:982 ESMCI::State::read() Library needed by ESMF not present  - Internal subroutine call returned Error
20210211 152533.203 ERROR            PET3 ESMF_StateAPI.cppF90:3697 ESMF_StateRead Library needed by ESMF not present  - Internal subroutine call returned Error
20210211 152533.203 INFO             PET3  NUMBER_OF_PROCESSORS           4
20210211 152533.204 INFO             PET3  PASS  Example ESMF_StateReadWriteEx, ESMF_StateReadWriteEx.F90, line 185
20210211 152533.204 INFO             PET3 Finalizing ESMF
