20210211 151609.309 INFO             PET0 !!!!!!!!!!!!!!!!!!!!!!!!!!!!!!!!!!!!!!!!!!!!!!!!!!!!!!
20210211 151609.309 INFO             PET0 !!! THE ESMF_LOG IS SET TO OUTPUT ALL LOG MESSAGES !!!
20210211 151609.309 INFO             PET0 !!!     THIS MAY CAUSE SLOWDOWN IN PERFORMANCE     !!!
20210211 151609.309 INFO             PET0 !!! FOR PRODUCTION RUNS, USE:                      !!!
20210211 151609.309 INFO             PET0 !!!                   ESMF_LOGKIND_Multi_On_Error  !!!
20210211 151609.309 INFO             PET0 !!!!!!!!!!!!!!!!!!!!!!!!!!!!!!!!!!!!!!!!!!!!!!!!!!!!!!
20210211 151609.309 INFO             PET0 Running with ESMF Version   : ESMF_8_0_2_beta_snapshot_01-1-g36df004
20210211 151609.309 INFO             PET0 ESMF library build date/time: "Feb 11 2021" "14:32:21"
20210211 151609.309 INFO             PET0 ESMF library build location : /work/noaa/da/mpotts/intel_2020_intelmpi_g
20210211 151609.309 INFO             PET0 ESMF_COMM                   : intelmpi
20210211 151609.311 INFO             PET0 ESMF_NETCDF                 : disabled
20210211 151609.311 INFO             PET0 ESMF_PNETCDF                : disabled
20210211 151609.311 INFO             PET0 ESMF_PIO                    : enabled
20210211 151609.311 INFO             PET0 ESMF_YAMLCPP                : enabled
20210211 151609.311 INFO             PET0 ESMF_MOAB                   : enabled
20210211 151609.336 INFO             PET0  NUMBER_OF_PROCESSORS           4
20210211 151609.336 INFO             PET0  PASS  Example ESMF_VMUserMpiCommMultiEx, ESMF_VMUserMpiCommMultiEx.F90, line 126
20210211 151609.336 INFO             PET0 Finalizing ESMF
20210211 151609.383 INFO             PET0 !!!!!!!!!!!!!!!!!!!!!!!!!!!!!!!!!!!!!!!!!!!!!!!!!!!!!!
20210211 151609.383 INFO             PET0 !!! THE ESMF_LOG IS SET TO OUTPUT ALL LOG MESSAGES !!!
20210211 151609.383 INFO             PET0 !!!     THIS MAY CAUSE SLOWDOWN IN PERFORMANCE     !!!
20210211 151609.383 INFO             PET0 !!! FOR PRODUCTION RUNS, USE:                      !!!
20210211 151609.383 INFO             PET0 !!!                   ESMF_LOGKIND_Multi_On_Error  !!!
20210211 151609.383 INFO             PET0 !!!!!!!!!!!!!!!!!!!!!!!!!!!!!!!!!!!!!!!!!!!!!!!!!!!!!!
20210211 151609.383 INFO             PET0 Running with ESMF Version   : ESMF_8_0_2_beta_snapshot_01-1-g36df004
20210211 151609.384 INFO             PET0 ESMF library build date/time: "Feb 11 2021" "14:32:21"
20210211 151609.384 INFO             PET0 ESMF library build location : /work/noaa/da/mpotts/intel_2020_intelmpi_g
20210211 151609.384 INFO             PET0 ESMF_COMM                   : intelmpi
20210211 151609.385 INFO             PET0 ESMF_NETCDF                 : disabled
20210211 151609.385 INFO             PET0 ESMF_PNETCDF                : disabled
20210211 151609.385 INFO             PET0 ESMF_PIO                    : enabled
20210211 151609.385 INFO             PET0 ESMF_YAMLCPP                : enabled
20210211 151609.385 INFO             PET0 ESMF_MOAB                   : enabled
20210211 151609.385 INFO             PET0  NUMBER_OF_PROCESSORS           4
20210211 151609.385 INFO             PET0  PASS  Example ESMF_VMUserMpiCommMultiEx, ESMF_VMUserMpiCommMultiEx.F90, line 154
20210211 151609.385 INFO             PET0 Finalizing ESMF
20210211 151609.322 INFO             PET1 !!!!!!!!!!!!!!!!!!!!!!!!!!!!!!!!!!!!!!!!!!!!!!!!!!!!!!
20210211 151609.322 INFO             PET1 !!! THE ESMF_LOG IS SET TO OUTPUT ALL LOG MESSAGES !!!
20210211 151609.322 INFO             PET1 !!!     THIS MAY CAUSE SLOWDOWN IN PERFORMANCE     !!!
20210211 151609.322 INFO             PET1 !!! FOR PRODUCTION RUNS, USE:                      !!!
20210211 151609.322 INFO             PET1 !!!                   ESMF_LOGKIND_Multi_On_Error  !!!
20210211 151609.322 INFO             PET1 !!!!!!!!!!!!!!!!!!!!!!!!!!!!!!!!!!!!!!!!!!!!!!!!!!!!!!
20210211 151609.322 INFO             PET1 Running with ESMF Version   : ESMF_8_0_2_beta_snapshot_01-1-g36df004
20210211 151609.322 INFO             PET1 ESMF library build date/time: "Feb 11 2021" "14:32:21"
20210211 151609.322 INFO             PET1 ESMF library build location : /work/noaa/da/mpotts/intel_2020_intelmpi_g
20210211 151609.322 INFO             PET1 ESMF_COMM                   : intelmpi
20210211 151609.323 INFO             PET1 ESMF_NETCDF                 : disabled
20210211 151609.323 INFO             PET1 ESMF_PNETCDF                : disabled
20210211 151609.323 INFO             PET1 ESMF_PIO                    : enabled
20210211 151609.323 INFO             PET1 ESMF_YAMLCPP                : enabled
20210211 151609.323 INFO             PET1 ESMF_MOAB                   : enabled
20210211 151609.344 INFO             PET1  NUMBER_OF_PROCESSORS           4
20210211 151609.344 INFO             PET1  PASS  Example ESMF_VMUserMpiCommMultiEx, ESMF_VMUserMpiCommMultiEx.F90, line 126
20210211 151609.344 INFO             PET1 Finalizing ESMF
20210211 151609.383 INFO             PET1 !!!!!!!!!!!!!!!!!!!!!!!!!!!!!!!!!!!!!!!!!!!!!!!!!!!!!!
20210211 151609.383 INFO             PET1 !!! THE ESMF_LOG IS SET TO OUTPUT ALL LOG MESSAGES !!!
20210211 151609.383 INFO             PET1 !!!     THIS MAY CAUSE SLOWDOWN IN PERFORMANCE     !!!
20210211 151609.383 INFO             PET1 !!! FOR PRODUCTION RUNS, USE:                      !!!
20210211 151609.384 INFO             PET1 !!!                   ESMF_LOGKIND_Multi_On_Error  !!!
20210211 151609.384 INFO             PET1 !!!!!!!!!!!!!!!!!!!!!!!!!!!!!!!!!!!!!!!!!!!!!!!!!!!!!!
20210211 151609.384 INFO             PET1 Running with ESMF Version   : ESMF_8_0_2_beta_snapshot_01-1-g36df004
20210211 151609.384 INFO             PET1 ESMF library build date/time: "Feb 11 2021" "14:32:21"
20210211 151609.384 INFO             PET1 ESMF library build location : /work/noaa/da/mpotts/intel_2020_intelmpi_g
20210211 151609.384 INFO             PET1 ESMF_COMM                   : intelmpi
20210211 151609.385 INFO             PET1 ESMF_NETCDF                 : disabled
20210211 151609.385 INFO             PET1 ESMF_PNETCDF                : disabled
20210211 151609.385 INFO             PET1 ESMF_PIO                    : enabled
20210211 151609.385 INFO             PET1 ESMF_YAMLCPP                : enabled
20210211 151609.385 INFO             PET1 ESMF_MOAB                   : enabled
20210211 151609.385 INFO             PET1  NUMBER_OF_PROCESSORS           4
20210211 151609.385 INFO             PET1  PASS  Example ESMF_VMUserMpiCommMultiEx, ESMF_VMUserMpiCommMultiEx.F90, line 154
20210211 151609.385 INFO             PET1 Finalizing ESMF
