MPI startup(): Warning: I_MPI_PMI_LIBRARY will be ignored since the hydra process manager was found
MPI startup(): Warning: I_MPI_PMI_LIBRARY will be ignored since the hydra process manager was found
MPI startup(): Warning: I_MPI_PMI_LIBRARY will be ignored since the hydra process manager was found
MPI startup(): Warning: I_MPI_PMI_LIBRARY will be ignored since the hydra process manager was found
  PASS  Example ESMF_AttributeInternalInfoEx, ESMF_AttributeInternalInfoEx.F90, 
 line 143
  PASS  Example ESMF_AttributeInternalInfoEx, ESMF_AttributeInternalInfoEx.F90, 
 line 143
 --------------------------------------------- 
 Start of ESMF_Attribute Internal Info Example
 --------------------------------------------- 
  PASS  Example ESMF_AttributeInternalInfoEx, ESMF_AttributeInternalInfoEx.F90, 
 line 143
  PASS  Example ESMF_AttributeInternalInfoEx, ESMF_AttributeInternalInfoEx.F90, 
 line 143
 PASS: ESMF_AttributeInternalInfoEx.F90
 PASS: ESMF_AttributeInternalInfoEx.F90
 PASS: ESMF_AttributeInternalInfoEx.F90
 ------------------------------------------- 
 End of ESMF_Attribute Internal Info Example
 ------------------------------------------- 
 PASS: ESMF_AttributeInternalInfoEx.F90
