20201210 013547.183 INFO             PET0 !!!!!!!!!!!!!!!!!!!!!!!!!!!!!!!!!!!!!!!!!!!!!!!!!!!!!!
20201210 013547.184 INFO             PET0 !!! THE ESMF_LOG IS SET TO OUTPUT ALL LOG MESSAGES !!!
20201210 013547.184 INFO             PET0 !!!     THIS MAY CAUSE SLOWDOWN IN PERFORMANCE     !!!
20201210 013547.184 INFO             PET0 !!! FOR PRODUCTION RUNS, USE:                      !!!
20201210 013547.184 INFO             PET0 !!!                   ESMF_LOGKIND_Multi_On_Error  !!!
20201210 013547.184 INFO             PET0 !!!!!!!!!!!!!!!!!!!!!!!!!!!!!!!!!!!!!!!!!!!!!!!!!!!!!!
20201210 013547.184 INFO             PET0 Running with ESMF Version   : ESMF_8_1_0_beta_snapshot_38-47-ga956c0d52d
20201210 013547.184 INFO             PET0 ESMF library build date/time: "Dec 10 2020" "01:15:56"
20201210 013547.184 INFO             PET0 ESMF library build location : /scratch/esmf/esmf_test/cronjobs/trunk/gfortran/esmf
20201210 013547.184 INFO             PET0 ESMF_COMM                   : mpich3
20201210 013547.184 INFO             PET0 ESMF_NETCDF                 : disabled
20201210 013547.184 INFO             PET0 ESMF_PNETCDF                : disabled
20201210 013547.184 INFO             PET0 ESMF_PIO                    : enabled
20201210 013547.184 INFO             PET0 ESMF_YAMLCPP                : enabled
20201210 013547.184 INFO             PET0 ESMF_MOAB                   : enabled
20201210 013547.184 INFO             PET0 ESMF Tracing Enabled
20201210 013547.184 INFO             PET0 ESMF Profiling Enabled
20201210 013547.184 INFO             PET0 ESMF Trace/Profile clock: REALTIME
20201210 013547.367 INFO             PET0  NUMBER_OF_PROCESSORS           4
20201210 013547.367 INFO             PET0  PASS  Example ESMF_TraceEx, ESMF_TraceEx.F90, line 178
20201210 013547.367 INFO             PET0 Finalizing ESMF
20201210 013547.367 INFO             PET0 **************** Region Timings *******************
20201210 013547.367 INFO             PET0 Region              Count  Total (s)   Self (s)    Mean (s)    Min (s)     Max (s)
20201210 013547.367 INFO             PET0   [test] Run 1      5      0.0000      0.0000      0.0000      0.0000      0.0000
20201210 013547.367 INFO             PET0   [test] Init 1     1      0.0000      0.0000      0.0000      0.0000      0.0000
20201210 013547.367 INFO             PET0   [test] Final 1    1      0.0000      0.0000      0.0000      0.0000      0.0000
20201210 013547.187 INFO             PET1 !!!!!!!!!!!!!!!!!!!!!!!!!!!!!!!!!!!!!!!!!!!!!!!!!!!!!!
20201210 013547.187 INFO             PET1 !!! THE ESMF_LOG IS SET TO OUTPUT ALL LOG MESSAGES !!!
20201210 013547.187 INFO             PET1 !!!     THIS MAY CAUSE SLOWDOWN IN PERFORMANCE     !!!
20201210 013547.187 INFO             PET1 !!! FOR PRODUCTION RUNS, USE:                      !!!
20201210 013547.187 INFO             PET1 !!!                   ESMF_LOGKIND_Multi_On_Error  !!!
20201210 013547.187 INFO             PET1 !!!!!!!!!!!!!!!!!!!!!!!!!!!!!!!!!!!!!!!!!!!!!!!!!!!!!!
20201210 013547.187 INFO             PET1 Running with ESMF Version   : ESMF_8_1_0_beta_snapshot_38-47-ga956c0d52d
20201210 013547.187 INFO             PET1 ESMF library build date/time: "Dec 10 2020" "01:15:56"
20201210 013547.187 INFO             PET1 ESMF library build location : /scratch/esmf/esmf_test/cronjobs/trunk/gfortran/esmf
20201210 013547.187 INFO             PET1 ESMF_COMM                   : mpich3
20201210 013547.187 INFO             PET1 ESMF_NETCDF                 : disabled
20201210 013547.187 INFO             PET1 ESMF_PNETCDF                : disabled
20201210 013547.187 INFO             PET1 ESMF_PIO                    : enabled
20201210 013547.187 INFO             PET1 ESMF_YAMLCPP                : enabled
20201210 013547.187 INFO             PET1 ESMF_MOAB                   : enabled
20201210 013547.187 INFO             PET1 ESMF Tracing Enabled
20201210 013547.187 INFO             PET1 ESMF Profiling Enabled
20201210 013547.187 INFO             PET1 ESMF Trace/Profile clock: REALTIME
20201210 013547.358 INFO             PET1  NUMBER_OF_PROCESSORS           4
20201210 013547.358 INFO             PET1  PASS  Example ESMF_TraceEx, ESMF_TraceEx.F90, line 178
20201210 013547.358 INFO             PET1 Finalizing ESMF
20201210 013547.358 INFO             PET1 **************** Region Timings *******************
20201210 013547.358 INFO             PET1 Region              Count  Total (s)   Self (s)    Mean (s)    Min (s)     Max (s)
20201210 013547.358 INFO             PET1   [test] Run 1      5      0.0000      0.0000      0.0000      0.0000      0.0000
20201210 013547.358 INFO             PET1   [test] Init 1     1      0.0000      0.0000      0.0000      0.0000      0.0000
20201210 013547.358 INFO             PET1   [test] Final 1    1      0.0000      0.0000      0.0000      0.0000      0.0000
20201210 013547.178 INFO             PET2 !!!!!!!!!!!!!!!!!!!!!!!!!!!!!!!!!!!!!!!!!!!!!!!!!!!!!!
20201210 013547.178 INFO             PET2 !!! THE ESMF_LOG IS SET TO OUTPUT ALL LOG MESSAGES !!!
20201210 013547.178 INFO             PET2 !!!     THIS MAY CAUSE SLOWDOWN IN PERFORMANCE     !!!
20201210 013547.178 INFO             PET2 !!! FOR PRODUCTION RUNS, USE:                      !!!
20201210 013547.178 INFO             PET2 !!!                   ESMF_LOGKIND_Multi_On_Error  !!!
20201210 013547.178 INFO             PET2 !!!!!!!!!!!!!!!!!!!!!!!!!!!!!!!!!!!!!!!!!!!!!!!!!!!!!!
20201210 013547.178 INFO             PET2 Running with ESMF Version   : ESMF_8_1_0_beta_snapshot_38-47-ga956c0d52d
20201210 013547.178 INFO             PET2 ESMF library build date/time: "Dec 10 2020" "01:15:56"
20201210 013547.178 INFO             PET2 ESMF library build location : /scratch/esmf/esmf_test/cronjobs/trunk/gfortran/esmf
20201210 013547.178 INFO             PET2 ESMF_COMM                   : mpich3
20201210 013547.178 INFO             PET2 ESMF_NETCDF                 : disabled
20201210 013547.178 INFO             PET2 ESMF_PNETCDF                : disabled
20201210 013547.178 INFO             PET2 ESMF_PIO                    : enabled
20201210 013547.178 INFO             PET2 ESMF_YAMLCPP                : enabled
20201210 013547.178 INFO             PET2 ESMF_MOAB                   : enabled
20201210 013547.179 INFO             PET2 ESMF Tracing Enabled
20201210 013547.179 INFO             PET2 ESMF Profiling Enabled
20201210 013547.179 INFO             PET2 ESMF Trace/Profile clock: REALTIME
20201210 013547.357 INFO             PET2  NUMBER_OF_PROCESSORS           4
20201210 013547.357 INFO             PET2  PASS  Example ESMF_TraceEx, ESMF_TraceEx.F90, line 178
20201210 013547.357 INFO             PET2 Finalizing ESMF
20201210 013547.358 INFO             PET2 **************** Region Timings *******************
20201210 013547.358 INFO             PET2 Region              Count  Total (s)   Self (s)    Mean (s)    Min (s)     Max (s)
20201210 013547.358 INFO             PET2   [test] Run 1      5      0.0000      0.0000      0.0000      0.0000      0.0000
20201210 013547.358 INFO             PET2   [test] Init 1     1      0.0000      0.0000      0.0000      0.0000      0.0000
20201210 013547.358 INFO             PET2   [test] Final 1    1      0.0000      0.0000      0.0000      0.0000      0.0000
20201210 013547.186 INFO             PET3 !!!!!!!!!!!!!!!!!!!!!!!!!!!!!!!!!!!!!!!!!!!!!!!!!!!!!!
20201210 013547.186 INFO             PET3 !!! THE ESMF_LOG IS SET TO OUTPUT ALL LOG MESSAGES !!!
20201210 013547.186 INFO             PET3 !!!     THIS MAY CAUSE SLOWDOWN IN PERFORMANCE     !!!
20201210 013547.186 INFO             PET3 !!! FOR PRODUCTION RUNS, USE:                      !!!
20201210 013547.186 INFO             PET3 !!!                   ESMF_LOGKIND_Multi_On_Error  !!!
20201210 013547.186 INFO             PET3 !!!!!!!!!!!!!!!!!!!!!!!!!!!!!!!!!!!!!!!!!!!!!!!!!!!!!!
20201210 013547.186 INFO             PET3 Running with ESMF Version   : ESMF_8_1_0_beta_snapshot_38-47-ga956c0d52d
20201210 013547.186 INFO             PET3 ESMF library build date/time: "Dec 10 2020" "01:15:56"
20201210 013547.186 INFO             PET3 ESMF library build location : /scratch/esmf/esmf_test/cronjobs/trunk/gfortran/esmf
20201210 013547.186 INFO             PET3 ESMF_COMM                   : mpich3
20201210 013547.186 INFO             PET3 ESMF_NETCDF                 : disabled
20201210 013547.186 INFO             PET3 ESMF_PNETCDF                : disabled
20201210 013547.186 INFO             PET3 ESMF_PIO                    : enabled
20201210 013547.186 INFO             PET3 ESMF_YAMLCPP                : enabled
20201210 013547.186 INFO             PET3 ESMF_MOAB                   : enabled
20201210 013547.186 INFO             PET3 ESMF Tracing Enabled
20201210 013547.186 INFO             PET3 ESMF Profiling Enabled
20201210 013547.186 INFO             PET3 ESMF Trace/Profile clock: REALTIME
20201210 013547.349 INFO             PET3  NUMBER_OF_PROCESSORS           4
20201210 013547.349 INFO             PET3  PASS  Example ESMF_TraceEx, ESMF_TraceEx.F90, line 178
20201210 013547.349 INFO             PET3 Finalizing ESMF
20201210 013547.349 INFO             PET3 **************** Region Timings *******************
20201210 013547.349 INFO             PET3 Region              Count  Total (s)   Self (s)    Mean (s)    Min (s)     Max (s)
20201210 013547.349 INFO             PET3   [test] Init 1     1      0.0000      0.0000      0.0000      0.0000      0.0000
20201210 013547.349 INFO             PET3   [test] Run 1      5      0.0000      0.0000      0.0000      0.0000      0.0000
20201210 013547.350 INFO             PET3   [test] Final 1    1      0.0000      0.0000      0.0000      0.0000      0.0000
Thu Dec 10 05:38:42 MST 2020
