20210117 123715.003 INFO             PET0 !!!!!!!!!!!!!!!!!!!!!!!!!!!!!!!!!!!!!!!!!!!!!!!!!!!!!!
20210117 123715.003 INFO             PET0 !!! THE ESMF_LOG IS SET TO OUTPUT ALL LOG MESSAGES !!!
20210117 123715.003 INFO             PET0 !!!     THIS MAY CAUSE SLOWDOWN IN PERFORMANCE     !!!
20210117 123715.003 INFO             PET0 !!! FOR PRODUCTION RUNS, USE:                      !!!
20210117 123715.003 INFO             PET0 !!!                   ESMF_LOGKIND_Multi_On_Error  !!!
20210117 123715.003 INFO             PET0 !!!!!!!!!!!!!!!!!!!!!!!!!!!!!!!!!!!!!!!!!!!!!!!!!!!!!!
20210117 123715.003 INFO             PET0 Running with ESMF Version   : ESMF_8_1_0_beta_snapshot_42
20210117 123715.003 INFO             PET0 ESMF library build date/time: "Jan 17 2021" "12:13:08"
20210117 123715.003 INFO             PET0 ESMF library build location : /scratch/esmf/esmf_test/cronjobs/trunk/gfortran/esmf
20210117 123715.003 INFO             PET0 ESMF_COMM                   : mpich3
20210117 123715.003 INFO             PET0 ESMF_NETCDF                 : disabled
20210117 123715.003 INFO             PET0 ESMF_PNETCDF                : disabled
20210117 123715.003 INFO             PET0 ESMF_PIO                    : enabled
20210117 123715.003 INFO             PET0 ESMF_YAMLCPP                : enabled
20210117 123715.003 INFO             PET0 ESMF_MOAB                   : enabled
20210117 123715.164 ERROR            PET0 ESMF_StateAPI.cppF90:1189 ESMF_StateAddList Object being used before creation  - Bad Object
20210117 123715.506 INFO             PET0  NUMBER_OF_PROCESSORS           4
20210117 123715.506 INFO             PET0  PASS  Example ESMF_StateReconcileEx, ESMF_StateReconcileEx.F90, line 297
20210117 123715.506 INFO             PET0 Finalizing ESMF
20210117 123715.011 INFO             PET1 !!!!!!!!!!!!!!!!!!!!!!!!!!!!!!!!!!!!!!!!!!!!!!!!!!!!!!
20210117 123715.011 INFO             PET1 !!! THE ESMF_LOG IS SET TO OUTPUT ALL LOG MESSAGES !!!
20210117 123715.011 INFO             PET1 !!!     THIS MAY CAUSE SLOWDOWN IN PERFORMANCE     !!!
20210117 123715.011 INFO             PET1 !!! FOR PRODUCTION RUNS, USE:                      !!!
20210117 123715.011 INFO             PET1 !!!                   ESMF_LOGKIND_Multi_On_Error  !!!
20210117 123715.011 INFO             PET1 !!!!!!!!!!!!!!!!!!!!!!!!!!!!!!!!!!!!!!!!!!!!!!!!!!!!!!
20210117 123715.011 INFO             PET1 Running with ESMF Version   : ESMF_8_1_0_beta_snapshot_42
20210117 123715.011 INFO             PET1 ESMF library build date/time: "Jan 17 2021" "12:13:08"
20210117 123715.011 INFO             PET1 ESMF library build location : /scratch/esmf/esmf_test/cronjobs/trunk/gfortran/esmf
20210117 123715.011 INFO             PET1 ESMF_COMM                   : mpich3
20210117 123715.011 INFO             PET1 ESMF_NETCDF                 : disabled
20210117 123715.011 INFO             PET1 ESMF_PNETCDF                : disabled
20210117 123715.011 INFO             PET1 ESMF_PIO                    : enabled
20210117 123715.011 INFO             PET1 ESMF_YAMLCPP                : enabled
20210117 123715.011 INFO             PET1 ESMF_MOAB                   : enabled
20210117 123715.146 ERROR            PET1 ESMF_StateAPI.cppF90:1189 ESMF_StateAddList Object being used before creation  - Bad Object
20210117 123715.526 INFO             PET1  NUMBER_OF_PROCESSORS           4
20210117 123715.526 INFO             PET1  PASS  Example ESMF_StateReconcileEx, ESMF_StateReconcileEx.F90, line 297
20210117 123715.526 INFO             PET1 Finalizing ESMF
20210117 123714.994 INFO             PET2 !!!!!!!!!!!!!!!!!!!!!!!!!!!!!!!!!!!!!!!!!!!!!!!!!!!!!!
20210117 123714.994 INFO             PET2 !!! THE ESMF_LOG IS SET TO OUTPUT ALL LOG MESSAGES !!!
20210117 123714.994 INFO             PET2 !!!     THIS MAY CAUSE SLOWDOWN IN PERFORMANCE     !!!
20210117 123714.994 INFO             PET2 !!! FOR PRODUCTION RUNS, USE:                      !!!
20210117 123714.994 INFO             PET2 !!!                   ESMF_LOGKIND_Multi_On_Error  !!!
20210117 123714.994 INFO             PET2 !!!!!!!!!!!!!!!!!!!!!!!!!!!!!!!!!!!!!!!!!!!!!!!!!!!!!!
20210117 123714.994 INFO             PET2 Running with ESMF Version   : ESMF_8_1_0_beta_snapshot_42
20210117 123714.994 INFO             PET2 ESMF library build date/time: "Jan 17 2021" "12:13:08"
20210117 123714.994 INFO             PET2 ESMF library build location : /scratch/esmf/esmf_test/cronjobs/trunk/gfortran/esmf
20210117 123714.994 INFO             PET2 ESMF_COMM                   : mpich3
20210117 123714.994 INFO             PET2 ESMF_NETCDF                 : disabled
20210117 123714.994 INFO             PET2 ESMF_PNETCDF                : disabled
20210117 123714.994 INFO             PET2 ESMF_PIO                    : enabled
20210117 123714.994 INFO             PET2 ESMF_YAMLCPP                : enabled
20210117 123714.994 INFO             PET2 ESMF_MOAB                   : enabled
20210117 123715.205 ERROR            PET2 ESMF_StateAPI.cppF90:1189 ESMF_StateAddList Object being used before creation  - Bad Object
20210117 123715.522 INFO             PET2  NUMBER_OF_PROCESSORS           4
20210117 123715.522 INFO             PET2  PASS  Example ESMF_StateReconcileEx, ESMF_StateReconcileEx.F90, line 297
20210117 123715.522 INFO             PET2 Finalizing ESMF
20210117 123714.999 INFO             PET3 !!!!!!!!!!!!!!!!!!!!!!!!!!!!!!!!!!!!!!!!!!!!!!!!!!!!!!
20210117 123714.999 INFO             PET3 !!! THE ESMF_LOG IS SET TO OUTPUT ALL LOG MESSAGES !!!
20210117 123714.999 INFO             PET3 !!!     THIS MAY CAUSE SLOWDOWN IN PERFORMANCE     !!!
20210117 123714.999 INFO             PET3 !!! FOR PRODUCTION RUNS, USE:                      !!!
20210117 123714.999 INFO             PET3 !!!                   ESMF_LOGKIND_Multi_On_Error  !!!
20210117 123714.999 INFO             PET3 !!!!!!!!!!!!!!!!!!!!!!!!!!!!!!!!!!!!!!!!!!!!!!!!!!!!!!
20210117 123714.999 INFO             PET3 Running with ESMF Version   : ESMF_8_1_0_beta_snapshot_42
20210117 123714.999 INFO             PET3 ESMF library build date/time: "Jan 17 2021" "12:13:08"
20210117 123714.999 INFO             PET3 ESMF library build location : /scratch/esmf/esmf_test/cronjobs/trunk/gfortran/esmf
20210117 123714.999 INFO             PET3 ESMF_COMM                   : mpich3
20210117 123714.999 INFO             PET3 ESMF_NETCDF                 : disabled
20210117 123714.999 INFO             PET3 ESMF_PNETCDF                : disabled
20210117 123714.999 INFO             PET3 ESMF_PIO                    : enabled
20210117 123714.999 INFO             PET3 ESMF_YAMLCPP                : enabled
20210117 123714.999 INFO             PET3 ESMF_MOAB                   : enabled
20210117 123715.215 ERROR            PET3 ESMF_StateAPI.cppF90:1189 ESMF_StateAddList Object being used before creation  - Bad Object
20210117 123715.512 INFO             PET3  NUMBER_OF_PROCESSORS           4
20210117 123715.512 INFO             PET3  PASS  Example ESMF_StateReconcileEx, ESMF_StateReconcileEx.F90, line 297
20210117 123715.512 INFO             PET3 Finalizing ESMF
Sun Jan 17 16:37:20 MST 2021
