 localPET=           0  localDE=           0 : array(           1 ,           1 )=  -2.3158417847463239E+077
 localPET=           0  localDE=           0 : array(           1 ,           2 )=   1.4945734474754219E-154
 localPET=           0  localDE=           0 : array(           2 ,           1 )=  -2.3158417847463239E+077
 localPET=           0  localDE=           0 : array(           2 ,           2 )=  -2.3158417847463275E+077
 localPET=           0  localDE=           0 : array(           3 ,           1 )=  -2.3158417847463327E+077
 localPET=           1  localDE=           0 : array(           1 ,           1 )=   3.1050361846014179E+231
 localPET=           1  localDE=           0 : array(           1 ,           2 )=   3.1050361846014199E+231
 localPET=           1  localDE=           0 : array(           2 ,           1 )=   3.1050361846014179E+231
 localPET=           1  localDE=           0 : array(           2 ,           2 )=   3.1050361846014179E+231
 localPET=           1  localDE=           1 : array(           1 ,           1 )=   3.1050361846014179E+231
 localPET=           1  localDE=           1 : array(           2 ,           1 )=   3.1050361846014179E+231
 localPET=           2  localDE=           0 : array(           1 ,           1 )=  -1.2882297539194267E-231
 localPET=           2  localDE=           0 : array(           1 ,           2 )=  -1.2882297539194267E-231
 localPET=           2  localDE=           0 : array(           2 ,           1 )=  -1.2882297539194267E-231
 localPET=           2  localDE=           0 : array(           2 ,           2 )=  -1.2882297539194281E-231
 localPET=           2  localDE=           0 : array(           3 ,           1 )=  -1.2882297539194284E-231
 localPET=           2  localDE=           0 : array(           3 ,           2 )=  -1.2882297539194267E-231
 localPET=           3  localDE=           0 : array(           1 ,           1 )=  -3.1050361846014179E+231
 localPET=           3  localDE=           0 : array(           1 ,           2 )=   4.2439915829186759E-314
 localPET=           3  localDE=           0 : array(           2 ,           1 )=  -3.1050361846014179E+231
 localPET=           3  localDE=           0 : array(           2 ,           2 )=   2.7813423231340017E-309
 localPET=           0  localDE=           0 : array(           3 ,           2 )=  -2.3158417847463239E+077
 localPET=           0  localDE=           1 : array(           1 ,           1 )=  -2.3158417847463239E+077
 localPET=           0  localDE=           1 : array(           2 ,           1 )=  -2.3158417847463239E+077
 localPET=           0  localDE=           1 : array(           3 ,           1 )=   2.1219957919534036E-314
 localPet:            3 DE            3  [           1           2 ]
 localPet:            2 DE            2  [           1           3 ]
 localPet:            1 DE            1  [           1           2 ]
 localPet:            1 DE            5  [           1           2 ]
 localPet:            0 DE            0  [           1           3 ]
 localPet:            0 DE            4  [           1           3 ]
  PASS  Example ESMF_ArrayEx, ESMF_ArrayEx.F90, line 1899
 PASS: ESMF_ArrayEx.F90
  PASS  Example ESMF_ArrayEx, ESMF_ArrayEx.F90, line 1899
 PASS: ESMF_ArrayEx.F90
  PASS  Example ESMF_ArrayEx, ESMF_ArrayEx.F90, line 1899
 PASS: ESMF_ArrayEx.F90
  PASS  Example ESMF_ArrayEx, ESMF_ArrayEx.F90, line 1899
 PASS: ESMF_ArrayEx.F90
Mon Feb 22 12:21:57 MST 2021
