20201211 080331.987 INFO             PET0 !!!!!!!!!!!!!!!!!!!!!!!!!!!!!!!!!!!!!!!!!!!!!!!!!!!!!!
20201211 080331.987 INFO             PET0 !!! THE ESMF_LOG IS SET TO OUTPUT ALL LOG MESSAGES !!!
20201211 080331.987 INFO             PET0 !!!     THIS MAY CAUSE SLOWDOWN IN PERFORMANCE     !!!
20201211 080331.987 INFO             PET0 !!! FOR PRODUCTION RUNS, USE:                      !!!
20201211 080331.987 INFO             PET0 !!!                   ESMF_LOGKIND_Multi_On_Error  !!!
20201211 080331.987 INFO             PET0 !!!!!!!!!!!!!!!!!!!!!!!!!!!!!!!!!!!!!!!!!!!!!!!!!!!!!!
20201211 080331.987 INFO             PET0 Running with ESMF Version   : ESMF_8_1_0_beta_snapshot_38-50-g5964c0c955
20201211 080331.987 INFO             PET0 ESMF library build date/time: "Dec 11 2020" "07:51:32"
20201211 080331.987 INFO             PET0 ESMF library build location : /scratch/esmf/esmf_test/cronjobs/trunk/intel/esmf
20201211 080331.987 INFO             PET0 ESMF_COMM                   : mpiuni
20201211 080331.988 INFO             PET0 ESMF_NETCDF                 : disabled
20201211 080331.988 INFO             PET0 ESMF_PNETCDF                : disabled
20201211 080331.988 INFO             PET0 ESMF_PIO                    : disabled
20201211 080331.988 INFO             PET0 ESMF_YAMLCPP                : enabled
20201211 080331.988 INFO             PET0 ESMF_MOAB                   : enabled
20201211 080331.988 INFO             PET0 ESMF Tracing Enabled
20201211 080331.988 INFO             PET0 ESMF Profiling Enabled
20201211 080331.988 INFO             PET0 ESMF Trace/Profile clock: REALTIME
20201211 080331.989 INFO             PET0  NUMBER_OF_PROCESSORS           1
20201211 080331.989 INFO             PET0  PASS  Example ESMF_TraceUserEx, ESMF_TraceUserEx.F90, line 125
20201211 080331.989 INFO             PET0 Finalizing ESMF
20201211 080331.989 INFO             PET0 **************** Region Timings *******************
20201211 080331.989 INFO             PET0 Region              Count  Total (s)   Self (s)    Mean (s)    Min (s)     Max (s)
20201211 080331.989 INFO             PET0   outer_region      1      0.0006      0.0001      0.0006      0.0006      0.0006
20201211 080331.989 INFO             PET0     inner_region_1  10     0.0004      0.0004      0.0000      0.0000      0.0000
20201211 080331.990 INFO             PET0     inner_region_2  10     0.0002      0.0002      0.0000      0.0000      0.0000
Fri Dec 11 09:37:00 MST 2020
