20201208 020338.110 INFO             PET0 !!!!!!!!!!!!!!!!!!!!!!!!!!!!!!!!!!!!!!!!!!!!!!!!!!!!!!
20201208 020338.111 INFO             PET0 !!! THE ESMF_LOG IS SET TO OUTPUT ALL LOG MESSAGES !!!
20201208 020338.111 INFO             PET0 !!!     THIS MAY CAUSE SLOWDOWN IN PERFORMANCE     !!!
20201208 020338.111 INFO             PET0 !!! FOR PRODUCTION RUNS, USE:                      !!!
20201208 020338.111 INFO             PET0 !!!                   ESMF_LOGKIND_Multi_On_Error  !!!
20201208 020338.111 INFO             PET0 !!!!!!!!!!!!!!!!!!!!!!!!!!!!!!!!!!!!!!!!!!!!!!!!!!!!!!
20201208 020338.111 INFO             PET0 Running with ESMF Version   : ESMF_8_1_0_beta_snapshot_38-40-gdfefa6d24c
20201208 020338.111 INFO             PET0 ESMF library build date/time: "Dec  8 2020" "01:48:14"
20201208 020338.111 INFO             PET0 ESMF library build location : /scratch/esmf/esmf_test/cronjobs/trunk/intel/esmf
20201208 020338.111 INFO             PET0 ESMF_COMM                   : mpiuni
20201208 020338.111 INFO             PET0 ESMF_NETCDF                 : disabled
20201208 020338.111 INFO             PET0 ESMF_PNETCDF                : disabled
20201208 020338.111 INFO             PET0 ESMF_PIO                    : disabled
20201208 020338.111 INFO             PET0 ESMF_YAMLCPP                : enabled
20201208 020338.111 INFO             PET0 ESMF_MOAB                   : enabled
20201208 020338.113 DEBUG            PET0 service: 0  PTHREAD_STACK_MIN: 16384 bytes  stack_size: 20971520 bytes
20201208 020338.132 INFO             PET0  NUMBER_OF_PROCESSORS           1
20201208 020338.132 INFO             PET0  PASS  Example ESMF_GCompEx, ESMF_GCompEx.F90, line 465
20201208 020338.132 INFO             PET0 Finalizing ESMF
Tue Dec  8 03:43:18 MST 2020
