20201120 141438.323 INFO             PET0 !!!!!!!!!!!!!!!!!!!!!!!!!!!!!!!!!!!!!!!!!!!!!!!!!!!!!!
20201120 141438.323 INFO             PET0 !!! THE ESMF_LOG IS SET TO OUTPUT ALL LOG MESSAGES !!!
20201120 141438.323 INFO             PET0 !!!     THIS MAY CAUSE SLOWDOWN IN PERFORMANCE     !!!
20201120 141438.323 INFO             PET0 !!! FOR PRODUCTION RUNS, USE:                      !!!
20201120 141438.323 INFO             PET0 !!!                   ESMF_LOGKIND_Multi_On_Error  !!!
20201120 141438.323 INFO             PET0 !!!!!!!!!!!!!!!!!!!!!!!!!!!!!!!!!!!!!!!!!!!!!!!!!!!!!!
20201120 141438.323 INFO             PET0 Running with ESMF Version   : ESMF_8_1_0_beta_snapshot_37-9-g05cc36db80
20201120 141438.323 INFO             PET0 ESMF library build date/time: "Nov 20 2020" "14:07:58"
20201120 141438.323 INFO             PET0 ESMF library build location : /project/esmf/himanshu/esmf_test/cronjobs/daily/gfortran/esmf
20201120 141438.323 INFO             PET0 ESMF_COMM                   : mpiuni
20201120 141438.323 INFO             PET0 ESMF_NETCDF                 : enabled
20201120 141438.323 INFO             PET0 ESMF_PNETCDF                : disabled
20201120 141438.323 INFO             PET0 ESMF_PIO                    : disabled
20201120 141438.323 INFO             PET0 ESMF_YAMLCPP                : enabled
20201120 141438.323 INFO             PET0 ESMF_MOAB                   : enabled
20201120 141438.324 INFO             PET0 ESMF Tracing Enabled
20201120 141438.324 INFO             PET0 ESMF Profiling Enabled
20201120 141438.324 INFO             PET0 ESMF Trace/Profile clock: REALTIME
20201120 141438.324 WARNING          PET0 ESMF Tracing/Profiling could not load dynamic instrumentation functions.
20201120 141438.324 INFO             PET0  NUMBER_OF_PROCESSORS           1
20201120 141438.324 INFO             PET0  PASS  Example ESMF_TraceUserEx, ESMF_TraceUserEx.F90, line 125
20201120 141438.324 INFO             PET0 Finalizing ESMF
20201120 141438.324 INFO             PET0 **************** Region Timings *******************
20201120 141438.324 INFO             PET0 Region              Count  Total (s)   Self (s)    Mean (s)    Min (s)     Max (s)
20201120 141438.324 INFO             PET0   outer_region      1      0.0001      0.0000      0.0001      0.0001      0.0001
20201120 141438.324 INFO             PET0     inner_region_1  10     0.0000      0.0000      0.0000      0.0000      0.0000
20201120 141438.324 INFO             PET0     inner_region_2  10     0.0000      0.0000      0.0000      0.0000      0.0000
Fri Nov 20 17:14:27 MST 2020
