20200910 204651.295 INFO             PET0 !!!!!!!!!!!!!!!!!!!!!!!!!!!!!!!!!!!!!!!!!!!!!!!!!!!!!!
20200910 204651.295 INFO             PET0 !!! THE ESMF_LOG IS SET TO OUTPUT ALL LOG MESSAGES !!!
20200910 204651.295 INFO             PET0 !!!     THIS MAY CAUSE SLOWDOWN IN PERFORMANCE     !!!
20200910 204651.295 INFO             PET0 !!! FOR PRODUCTION RUNS, USE:                      !!!
20200910 204651.295 INFO             PET0 !!!                   ESMF_LOGKIND_Multi_On_Error  !!!
20200910 204651.295 INFO             PET0 !!!!!!!!!!!!!!!!!!!!!!!!!!!!!!!!!!!!!!!!!!!!!!!!!!!!!!
20200910 204651.295 INFO             PET0 Running with ESMF Version   : ESMF_8_1_0_beta_snapshot_27-62-g745c3c78f7
20200910 204651.295 INFO             PET0 ESMF library build date/time: "Sep 10 2020" "20:43:03"
20200910 204651.295 INFO             PET0 ESMF library build location : /project/esmf/himanshu/esmf_test/cronjobs/daily/gfortran/esmf
20200910 204651.295 INFO             PET0 ESMF_COMM                   : mpiuni
20200910 204651.295 INFO             PET0 ESMF_NETCDF                 : enabled
20200910 204651.295 INFO             PET0 ESMF_PNETCDF                : disabled
20200910 204651.295 INFO             PET0 ESMF_PIO                    : disabled
20200910 204651.295 INFO             PET0 ESMF_YAMLCPP                : enabled
20200910 204651.295 INFO             PET0 ESMF_MOAB                   : enabled
20200910 204651.300 ERROR            PET0 ESMCI_Info.C:1147 Info::set(<json>) Cannot set value  - Error/Return Code 540 (ESMC_RC_CANNOT_SET) - Key '/myIntegerKey' already in map and force=false.
20200910 204651.301 ERROR            PET0 ESMCI_Info.C:1150 Info::set(<json>) Cannot set value  - Internal subroutine call returned Error
20200910 204651.301 ERROR            PET0 ESMCI_Info.C:1192 Info::set(<json>) Cannot set value  - Internal subroutine call returned Error
20200910 204651.301 ERROR            PET0 ESMCI_Info.C:1194 Info::set(<json>) Cannot set value  - Internal subroutine call returned Error
20200910 204651.301 ERROR            PET0 ESMCI_Info.C:1238 Info::set(<scalar>) Cannot set value  - Internal subroutine call returned Error
20200910 204651.303 ERROR            PET0 ./src/Infrastructure/Base/src/ESMC_InfoCDefGeneric.C:380 ESMC_InfoSetI4() Cannot set value  - Internal subroutine call returned Error
20200910 204651.303 ERROR            PET0 ESMF_Info.F90:664 ESMF_InfoSetI4() Cannot set value  - Internal subroutine call returned Error
20200910 204651.303 INFO             PET0  NUMBER_OF_PROCESSORS           1
20200910 204651.303 INFO             PET0  PASS  Example ESMF_InfoTutorialEx, ESMF_InfoTutorialEx.F90, line 337
20200910 204651.303 INFO             PET0 Finalizing ESMF
