cd /project/esmf/himanshu/gfortran/esmf/src/apps; gmake ACTION=tree_build_apps tree
gmake[1]: Entering directory '/project/esmf/himanshu/gfortran/esmf/src/apps'
tree_build_apps in: /project/esmf/himanshu/gfortran/esmf/src/apps/ESMF_PrintInfo
gmake[2]: Entering directory '/project/esmf/himanshu/gfortran/esmf/src/apps/ESMF_PrintInfo'
gmake chkdir_apps
gmake[3]: Entering directory '/project/esmf/himanshu/gfortran/esmf/src/apps/ESMF_PrintInfo'
Making directory /project/esmf/himanshu/gfortran/esmf/apps/appsg/Linux.gfortran.64.mpiuni.default for apps output
gmake[3]: Leaving directory '/project/esmf/himanshu/gfortran/esmf/src/apps/ESMF_PrintInfo'
gfortran     -m64 -mcmodel=small -pthread -Wl,--no-as-needed  -fopenmp -L/project/esmf/himanshu/gfortran/esmf/lib/libg/Linux.gfortran.64.mpiuni.default  -L/usr/local/gcc-g++-gfortran-9.3.0/lib/gcc/x86_64-pc-linux-gnu/9.3.0/../../../../lib64/ -Wl,-rpath,/project/esmf/himanshu/gfortran/esmf/lib/libg/Linux.gfortran.64.mpiuni.default  -Wl,-rpath,/usr/local/gcc-g++-gfortran-9.3.0/lib/gcc/x86_64-pc-linux-gnu/9.3.0/../../../../lib64/ -o /project/esmf/himanshu/gfortran/esmf/apps/appsg/Linux.gfortran.64.mpiuni.default/ESMF_PrintInfo /project/esmf/himanshu/gfortran/esmf/obj/objg/Linux.gfortran.64.mpiuni.default/src/apps/ESMF_PrintInfo/ESMF_PrintInfo.o -lesmf  -lrt -lstdc++ -ldl
gmake[2]: Leaving directory '/project/esmf/himanshu/gfortran/esmf/src/apps/ESMF_PrintInfo'
tree_build_apps in: /project/esmf/himanshu/gfortran/esmf/src/apps/ESMF_PrintInfoC
gmake[2]: Entering directory '/project/esmf/himanshu/gfortran/esmf/src/apps/ESMF_PrintInfoC'
gmake chkdir_apps
gmake[3]: Entering directory '/project/esmf/himanshu/gfortran/esmf/src/apps/ESMF_PrintInfoC'
gmake[3]: Leaving directory '/project/esmf/himanshu/gfortran/esmf/src/apps/ESMF_PrintInfoC'
g++    -m64 -mcmodel=small -pthread -Wl,--no-as-needed  -fopenmp -L/project/esmf/himanshu/gfortran/esmf/lib/libg/Linux.gfortran.64.mpiuni.default  -L/usr/local/gcc-g++-gfortran-9.3.0/lib/gcc/x86_64-pc-linux-gnu/9.3.0/../../../../lib64/ -Wl,-rpath,/project/esmf/himanshu/gfortran/esmf/lib/libg/Linux.gfortran.64.mpiuni.default  -Wl,-rpath,/usr/local/gcc-g++-gfortran-9.3.0/lib/gcc/x86_64-pc-linux-gnu/9.3.0/../../../../lib64/ -o /project/esmf/himanshu/gfortran/esmf/apps/appsg/Linux.gfortran.64.mpiuni.default/ESMF_PrintInfoC /project/esmf/himanshu/gfortran/esmf/obj/objg/Linux.gfortran.64.mpiuni.default/src/apps/ESMF_PrintInfoC/ESMF_PrintInfoC.o -lesmf  -lrt -lgfortran -ldl
gmake[2]: Leaving directory '/project/esmf/himanshu/gfortran/esmf/src/apps/ESMF_PrintInfoC'
tree_build_apps in: /project/esmf/himanshu/gfortran/esmf/src/apps/ESMF_RegridWeightGen
gmake[2]: Entering directory '/project/esmf/himanshu/gfortran/esmf/src/apps/ESMF_RegridWeightGen'
gmake chkdir_apps
gmake[3]: Entering directory '/project/esmf/himanshu/gfortran/esmf/src/apps/ESMF_RegridWeightGen'
gmake[3]: Leaving directory '/project/esmf/himanshu/gfortran/esmf/src/apps/ESMF_RegridWeightGen'
gfortran     -m64 -mcmodel=small -pthread -Wl,--no-as-needed  -fopenmp -L/project/esmf/himanshu/gfortran/esmf/lib/libg/Linux.gfortran.64.mpiuni.default  -L/usr/local/gcc-g++-gfortran-9.3.0/lib/gcc/x86_64-pc-linux-gnu/9.3.0/../../../../lib64/ -Wl,-rpath,/project/esmf/himanshu/gfortran/esmf/lib/libg/Linux.gfortran.64.mpiuni.default  -Wl,-rpath,/usr/local/gcc-g++-gfortran-9.3.0/lib/gcc/x86_64-pc-linux-gnu/9.3.0/../../../../lib64/ -o /project/esmf/himanshu/gfortran/esmf/apps/appsg/Linux.gfortran.64.mpiuni.default/ESMF_RegridWeightGen /project/esmf/himanshu/gfortran/esmf/obj/objg/Linux.gfortran.64.mpiuni.default/src/apps/ESMF_RegridWeightGen/ESMF_RegridWeightGen.o -lesmf  -lrt -lstdc++ -ldl
gmake[2]: Leaving directory '/project/esmf/himanshu/gfortran/esmf/src/apps/ESMF_RegridWeightGen'
tree_build_apps in: /project/esmf/himanshu/gfortran/esmf/src/apps/ESMF_WebServController
gmake[2]: Entering directory '/project/esmf/himanshu/gfortran/esmf/src/apps/ESMF_WebServController'
gmake chkdir_apps
gmake[3]: Entering directory '/project/esmf/himanshu/gfortran/esmf/src/apps/ESMF_WebServController'
gmake[3]: Leaving directory '/project/esmf/himanshu/gfortran/esmf/src/apps/ESMF_WebServController'
g++    -m64 -mcmodel=small -pthread -Wl,--no-as-needed  -fopenmp -L/project/esmf/himanshu/gfortran/esmf/lib/libg/Linux.gfortran.64.mpiuni.default  -L/usr/local/gcc-g++-gfortran-9.3.0/lib/gcc/x86_64-pc-linux-gnu/9.3.0/../../../../lib64/ -Wl,-rpath,/project/esmf/himanshu/gfortran/esmf/lib/libg/Linux.gfortran.64.mpiuni.default  -Wl,-rpath,/usr/local/gcc-g++-gfortran-9.3.0/lib/gcc/x86_64-pc-linux-gnu/9.3.0/../../../../lib64/ -o /project/esmf/himanshu/gfortran/esmf/apps/appsg/Linux.gfortran.64.mpiuni.default/ESMF_WebServController /project/esmf/himanshu/gfortran/esmf/obj/objg/Linux.gfortran.64.mpiuni.default/src/apps/ESMF_WebServController/ESMF_WebServController.o -lesmf  -lrt -lgfortran -ldl
gmake[2]: Leaving directory '/project/esmf/himanshu/gfortran/esmf/src/apps/ESMF_WebServController'
tree_build_apps in: /project/esmf/himanshu/gfortran/esmf/src/apps/ESMF_Scrip2Unstruct
gmake[2]: Entering directory '/project/esmf/himanshu/gfortran/esmf/src/apps/ESMF_Scrip2Unstruct'
gmake chkdir_apps
gmake[3]: Entering directory '/project/esmf/himanshu/gfortran/esmf/src/apps/ESMF_Scrip2Unstruct'
gmake[3]: Leaving directory '/project/esmf/himanshu/gfortran/esmf/src/apps/ESMF_Scrip2Unstruct'
g++    -m64 -mcmodel=small -pthread -Wl,--no-as-needed  -fopenmp -L/project/esmf/himanshu/gfortran/esmf/lib/libg/Linux.gfortran.64.mpiuni.default  -L/usr/local/gcc-g++-gfortran-9.3.0/lib/gcc/x86_64-pc-linux-gnu/9.3.0/../../../../lib64/ -Wl,-rpath,/project/esmf/himanshu/gfortran/esmf/lib/libg/Linux.gfortran.64.mpiuni.default  -Wl,-rpath,/usr/local/gcc-g++-gfortran-9.3.0/lib/gcc/x86_64-pc-linux-gnu/9.3.0/../../../../lib64/ -o /project/esmf/himanshu/gfortran/esmf/apps/appsg/Linux.gfortran.64.mpiuni.default/ESMF_Scrip2Unstruct /project/esmf/himanshu/gfortran/esmf/obj/objg/Linux.gfortran.64.mpiuni.default/src/apps/ESMF_Scrip2Unstruct/ESMF_Scrip2Unstruct.o -lesmf  -lrt -lgfortran -ldl
gmake[2]: Leaving directory '/project/esmf/himanshu/gfortran/esmf/src/apps/ESMF_Scrip2Unstruct'
tree_build_apps in: /project/esmf/himanshu/gfortran/esmf/src/apps/ESMF_Regrid
gmake[2]: Entering directory '/project/esmf/himanshu/gfortran/esmf/src/apps/ESMF_Regrid'
gmake chkdir_apps
gmake[3]: Entering directory '/project/esmf/himanshu/gfortran/esmf/src/apps/ESMF_Regrid'
gmake[3]: Leaving directory '/project/esmf/himanshu/gfortran/esmf/src/apps/ESMF_Regrid'
gfortran     -m64 -mcmodel=small -pthread -Wl,--no-as-needed  -fopenmp -L/project/esmf/himanshu/gfortran/esmf/lib/libg/Linux.gfortran.64.mpiuni.default  -L/usr/local/gcc-g++-gfortran-9.3.0/lib/gcc/x86_64-pc-linux-gnu/9.3.0/../../../../lib64/ -Wl,-rpath,/project/esmf/himanshu/gfortran/esmf/lib/libg/Linux.gfortran.64.mpiuni.default  -Wl,-rpath,/usr/local/gcc-g++-gfortran-9.3.0/lib/gcc/x86_64-pc-linux-gnu/9.3.0/../../../../lib64/ -o /project/esmf/himanshu/gfortran/esmf/apps/appsg/Linux.gfortran.64.mpiuni.default/ESMF_Regrid /project/esmf/himanshu/gfortran/esmf/obj/objg/Linux.gfortran.64.mpiuni.default/src/apps/ESMF_Regrid/ESMF_Regrid.o -lesmf  -lrt -lstdc++ -ldl
gmake[2]: Leaving directory '/project/esmf/himanshu/gfortran/esmf/src/apps/ESMF_Regrid'
gmake[1]: Leaving directory '/project/esmf/himanshu/gfortran/esmf/src/apps'
ESMF apps built successfully.
Tue Mar  2 11:24:47 MST 2021
