 
Installing ESMF:
 
mkdir -p /project/esmf/himanshu/gfortran/install_dir/include
cp -f /project/esmf/himanshu/gfortran/esmf/src/include/ESMC.h /project/esmf/himanshu/gfortran/install_dir/include
cp -f /project/esmf/himanshu/gfortran/esmf/src/include/ESMC_*.h /project/esmf/himanshu/gfortran/install_dir/include
cp -f /project/esmf/himanshu/gfortran/esmf/build_config/Linux.gfortran.default/ESMC_Conf.h /project/esmf/himanshu/gfortran/install_dir/include
mkdir -p /project/esmf/himanshu/gfortran/install_dir/mod/modg/Linux.gfortran.64.mpiuni.default
cp -f /project/esmf/himanshu/gfortran/esmf/mod/modg/Linux.gfortran.64.mpiuni.default/*.mod /project/esmf/himanshu/gfortran/install_dir/mod/modg/Linux.gfortran.64.mpiuni.default
mkdir -p /project/esmf/himanshu/gfortran/install_dir/lib/libg/Linux.gfortran.64.mpiuni.default
cp -f /project/esmf/himanshu/gfortran/esmf/lib/libg/Linux.gfortran.64.mpiuni.default/libesmf*.* /project/esmf/himanshu/gfortran/install_dir/lib/libg/Linux.gfortran.64.mpiuni.default
gmake ESMF_PRELOADDIR=/project/esmf/himanshu/gfortran/install_dir/lib/libg/Linux.gfortran.64.mpiuni.default build_preload_script
gmake[1]: Entering directory '/project/esmf/himanshu/gfortran/esmf'
chmod 755 /project/esmf/himanshu/gfortran/install_dir/lib/libg/Linux.gfortran.64.mpiuni.default/preload.sh
gmake[1]: Leaving directory '/project/esmf/himanshu/gfortran/esmf'
ranlib /project/esmf/himanshu/gfortran/install_dir/lib/libg/Linux.gfortran.64.mpiuni.default/libesmf*.a
gmake install_apps
gmake[1]: Entering directory '/project/esmf/himanshu/gfortran/esmf'
mkdir -p /project/esmf/himanshu/gfortran/install_dir/bin/bing/Linux.gfortran.64.mpiuni.default
gmake build_apps ESMF_APPSDIR=/project/esmf/himanshu/gfortran/install_dir/bin/bing/Linux.gfortran.64.mpiuni.default ESMF_LDIR=/project/esmf/himanshu/gfortran/install_dir/lib/libg/Linux.gfortran.64.mpiuni.default ESMF_LIBDIR=/project/esmf/himanshu/gfortran/install_dir/lib/libg/Linux.gfortran.64.mpiuni.default ESMF_MODDIR=/project/esmf/himanshu/gfortran/install_dir/mod/modg/Linux.gfortran.64.mpiuni.default
gmake[2]: Entering directory '/project/esmf/himanshu/gfortran/esmf'
cd /project/esmf/himanshu/gfortran/esmf/src/apps; gmake ACTION=tree_build_apps tree
gmake[3]: Entering directory '/project/esmf/himanshu/gfortran/esmf/src/apps'
tree_build_apps in: /project/esmf/himanshu/gfortran/esmf/src/apps/ESMF_RegridWeightGen
gmake[4]: Entering directory '/project/esmf/himanshu/gfortran/esmf/src/apps/ESMF_RegridWeightGen'
gmake chkdir_locobj
gmake[5]: Entering directory '/project/esmf/himanshu/gfortran/esmf/src/apps/ESMF_RegridWeightGen'
Making directory /project/esmf/himanshu/gfortran/esmf/obj/objg/Linux.gfortran.64.mpiuni.default/src/apps/ESMF_RegridWeightGen for apps output
gmake[5]: Leaving directory '/project/esmf/himanshu/gfortran/esmf/src/apps/ESMF_RegridWeightGen'
gfortran -c -g -Wall -Wextra -Wconversion -Wno-unused -Wno-unused-dummy-argument -fbacktrace -fimplicit-none -fcheck=all,no-pointer -fPIC  -m64 -mcmodel=small -pthread -ffree-line-length-none  -fopenmp -I/project/esmf/himanshu/gfortran/esmf/src/apps/ESMF_RegridWeightGen -I/project/esmf/himanshu/gfortran/esmf/build_config/Linux.gfortran.default -I/project/esmf/himanshu/gfortran/esmf/src/Infrastructure -I/project/esmf/himanshu/gfortran/esmf/src/Superstructure -I/project/esmf/himanshu/gfortran/install_dir/mod/modg/Linux.gfortran.64.mpiuni.default -I/project/esmf/himanshu/gfortran/esmf/src/include   -DESMF_NO_INTEGER_1_BYTE -DESMF_NO_INTEGER_2_BYTE -DESMFVERSIONGIT='"ESMF_8_1_0_beta_snapshot_45-5-g214b775dc9"' -DESMF_MOAB=1 -DESMF_LAPACK=1 -DESMF_LAPACK_INTERNAL=1 -DESMF_NO_ACC_SOFTWARE_STACK=1 -DESMF_YAMLCPP=1 -DESMF_YAML=1 -DESMF_NO_OPENACC -DESMF_TESTEXHAUSTIVE -DESMF_BOPT_g -DESMF_TESTCOMPTUNNEL -DSx86_64_small=1 -DESMF_OS_Linux=1 -DESMF_COMM=mpiuni -DESMF_DIR=/project/esmf/himanshu/gfortran/esmf -DESMF_MPIUNI ESMF_RegridWeightGen.F90 -o /project/esmf/himanshu/gfortran/esmf/obj/objg/Linux.gfortran.64.mpiuni.default/src/apps/ESMF_RegridWeightGen/ESMF_RegridWeightGen.o
gmake chkdir_apps
gmake[5]: Entering directory '/project/esmf/himanshu/gfortran/esmf/src/apps/ESMF_RegridWeightGen'
gmake[5]: Leaving directory '/project/esmf/himanshu/gfortran/esmf/src/apps/ESMF_RegridWeightGen'
gfortran     -m64 -mcmodel=small -pthread -Wl,--no-as-needed  -fopenmp -L/project/esmf/himanshu/gfortran/install_dir/lib/libg/Linux.gfortran.64.mpiuni.default  -L/usr/local/gcc-g++-gfortran-9.3.0/lib/gcc/x86_64-pc-linux-gnu/9.3.0/../../../../lib64/ -Wl,-rpath,/project/esmf/himanshu/gfortran/install_dir/lib/libg/Linux.gfortran.64.mpiuni.default  -Wl,-rpath,/usr/local/gcc-g++-gfortran-9.3.0/lib/gcc/x86_64-pc-linux-gnu/9.3.0/../../../../lib64/ -o /project/esmf/himanshu/gfortran/install_dir/bin/bing/Linux.gfortran.64.mpiuni.default/ESMF_RegridWeightGen /project/esmf/himanshu/gfortran/esmf/obj/objg/Linux.gfortran.64.mpiuni.default/src/apps/ESMF_RegridWeightGen/ESMF_RegridWeightGen.o -lesmf  -lrt -lstdc++ -ldl
gmake[4]: Leaving directory '/project/esmf/himanshu/gfortran/esmf/src/apps/ESMF_RegridWeightGen'
tree_build_apps in: /project/esmf/himanshu/gfortran/esmf/src/apps/ESMF_WebServController
gmake[4]: Entering directory '/project/esmf/himanshu/gfortran/esmf/src/apps/ESMF_WebServController'
gmake chkdir_locobj
gmake[5]: Entering directory '/project/esmf/himanshu/gfortran/esmf/src/apps/ESMF_WebServController'
Making directory /project/esmf/himanshu/gfortran/esmf/obj/objg/Linux.gfortran.64.mpiuni.default/src/apps/ESMF_WebServController for apps output
gmake[5]: Leaving directory '/project/esmf/himanshu/gfortran/esmf/src/apps/ESMF_WebServController'
g++ -c -std=c++11 -g -Wall -Wextra -Wno-unused  -fPIC -DESMF_LOWERCASE_SINGLEUNDERSCORE -m64 -mcmodel=small -pthread  -fopenmp -I/project/esmf/himanshu/gfortran/esmf/src/apps/ESMF_WebServController -I/project/esmf/himanshu/gfortran/esmf/src/apps/ESMF_WebServController/../include -I/project/esmf/himanshu/gfortran/esmf/build_config/Linux.gfortran.default -I/project/esmf/himanshu/gfortran/esmf/src/Infrastructure -I/project/esmf/himanshu/gfortran/esmf/src/Superstructure -I/project/esmf/himanshu/gfortran/esmf/src/Infrastructure/stubs/pthread  -I/project/esmf/himanshu/gfortran/esmf/src/include   -I/project/esmf/himanshu/gfortran/esmf/src/Infrastructure/stubs/mpiuni -I/project/esmf/himanshu/gfortran/esmf/src/prologue/yaml-cpp/include -DESMF_NO_INTEGER_1_BYTE -DESMF_NO_INTEGER_2_BYTE -DESMFVERSIONGIT='"ESMF_8_1_0_beta_snapshot_45-5-g214b775dc9"' -DESMF_MOAB=1 -DESMF_LAPACK=1 -DESMF_LAPACK_INTERNAL=1 -DESMF_NO_ACC_SOFTWARE_STACK=1 -DESMF_YAMLCPP=1 -DESMF_YAML=1 -DESMF_NO_OPENACC -DESMF_TESTEXHAUSTIVE -DESMF_BOPT_g -DESMF_TESTCOMPTUNNEL -DSx86_64_small=1 -DESMF_OS_Linux=1 -DESMF_COMM=mpiuni -DESMF_DIR=/project/esmf/himanshu/gfortran/esmf -D__SDIR__='"src/apps/ESMF_WebServController"' -DESMF_CXXSTD=11 -DESMF_MPIUNI ESMF_WebServController.C -o /project/esmf/himanshu/gfortran/esmf/obj/objg/Linux.gfortran.64.mpiuni.default/src/apps/ESMF_WebServController/ESMF_WebServController.o
gmake chkdir_apps
gmake[5]: Entering directory '/project/esmf/himanshu/gfortran/esmf/src/apps/ESMF_WebServController'
gmake[5]: Leaving directory '/project/esmf/himanshu/gfortran/esmf/src/apps/ESMF_WebServController'
g++    -m64 -mcmodel=small -pthread -Wl,--no-as-needed  -fopenmp -L/project/esmf/himanshu/gfortran/install_dir/lib/libg/Linux.gfortran.64.mpiuni.default  -L/usr/local/gcc-g++-gfortran-9.3.0/lib/gcc/x86_64-pc-linux-gnu/9.3.0/../../../../lib64/ -Wl,-rpath,/project/esmf/himanshu/gfortran/install_dir/lib/libg/Linux.gfortran.64.mpiuni.default  -Wl,-rpath,/usr/local/gcc-g++-gfortran-9.3.0/lib/gcc/x86_64-pc-linux-gnu/9.3.0/../../../../lib64/ -o /project/esmf/himanshu/gfortran/install_dir/bin/bing/Linux.gfortran.64.mpiuni.default/ESMF_WebServController /project/esmf/himanshu/gfortran/esmf/obj/objg/Linux.gfortran.64.mpiuni.default/src/apps/ESMF_WebServController/ESMF_WebServController.o -lesmf  -lrt -lgfortran -ldl
gmake[4]: Leaving directory '/project/esmf/himanshu/gfortran/esmf/src/apps/ESMF_WebServController'
tree_build_apps in: /project/esmf/himanshu/gfortran/esmf/src/apps/ESMF_Scrip2Unstruct
gmake[4]: Entering directory '/project/esmf/himanshu/gfortran/esmf/src/apps/ESMF_Scrip2Unstruct'
gmake chkdir_locobj
gmake[5]: Entering directory '/project/esmf/himanshu/gfortran/esmf/src/apps/ESMF_Scrip2Unstruct'
Making directory /project/esmf/himanshu/gfortran/esmf/obj/objg/Linux.gfortran.64.mpiuni.default/src/apps/ESMF_Scrip2Unstruct for apps output
gmake[5]: Leaving directory '/project/esmf/himanshu/gfortran/esmf/src/apps/ESMF_Scrip2Unstruct'
g++ -c -std=c++11 -g -Wall -Wextra -Wno-unused  -fPIC -DESMF_LOWERCASE_SINGLEUNDERSCORE -m64 -mcmodel=small -pthread  -fopenmp -I/project/esmf/himanshu/gfortran/esmf/src/apps/ESMF_Scrip2Unstruct -I/project/esmf/himanshu/gfortran/esmf/src/apps/ESMF_Scrip2Unstruct/../include -I/project/esmf/himanshu/gfortran/esmf/build_config/Linux.gfortran.default -I/project/esmf/himanshu/gfortran/esmf/src/Infrastructure -I/project/esmf/himanshu/gfortran/esmf/src/Superstructure -I/project/esmf/himanshu/gfortran/esmf/src/Infrastructure/stubs/pthread  -I/project/esmf/himanshu/gfortran/esmf/src/include   -I/project/esmf/himanshu/gfortran/esmf/src/Infrastructure/stubs/mpiuni -I/project/esmf/himanshu/gfortran/esmf/src/prologue/yaml-cpp/include -DESMF_NO_INTEGER_1_BYTE -DESMF_NO_INTEGER_2_BYTE -DESMFVERSIONGIT='"ESMF_8_1_0_beta_snapshot_45-5-g214b775dc9"' -DESMF_MOAB=1 -DESMF_LAPACK=1 -DESMF_LAPACK_INTERNAL=1 -DESMF_NO_ACC_SOFTWARE_STACK=1 -DESMF_YAMLCPP=1 -DESMF_YAML=1 -DESMF_NO_OPENACC -DESMF_TESTEXHAUSTIVE -DESMF_BOPT_g -DESMF_TESTCOMPTUNNEL -DSx86_64_small=1 -DESMF_OS_Linux=1 -DESMF_COMM=mpiuni -DESMF_DIR=/project/esmf/himanshu/gfortran/esmf -D__SDIR__='"src/apps/ESMF_Scrip2Unstruct"' -DESMF_CXXSTD=11 -DESMF_MPIUNI ESMF_Scrip2Unstruct.C -o /project/esmf/himanshu/gfortran/esmf/obj/objg/Linux.gfortran.64.mpiuni.default/src/apps/ESMF_Scrip2Unstruct/ESMF_Scrip2Unstruct.o
gmake chkdir_apps
gmake[5]: Entering directory '/project/esmf/himanshu/gfortran/esmf/src/apps/ESMF_Scrip2Unstruct'
gmake[5]: Leaving directory '/project/esmf/himanshu/gfortran/esmf/src/apps/ESMF_Scrip2Unstruct'
g++    -m64 -mcmodel=small -pthread -Wl,--no-as-needed  -fopenmp -L/project/esmf/himanshu/gfortran/install_dir/lib/libg/Linux.gfortran.64.mpiuni.default  -L/usr/local/gcc-g++-gfortran-9.3.0/lib/gcc/x86_64-pc-linux-gnu/9.3.0/../../../../lib64/ -Wl,-rpath,/project/esmf/himanshu/gfortran/install_dir/lib/libg/Linux.gfortran.64.mpiuni.default  -Wl,-rpath,/usr/local/gcc-g++-gfortran-9.3.0/lib/gcc/x86_64-pc-linux-gnu/9.3.0/../../../../lib64/ -o /project/esmf/himanshu/gfortran/install_dir/bin/bing/Linux.gfortran.64.mpiuni.default/ESMF_Scrip2Unstruct /project/esmf/himanshu/gfortran/esmf/obj/objg/Linux.gfortran.64.mpiuni.default/src/apps/ESMF_Scrip2Unstruct/ESMF_Scrip2Unstruct.o -lesmf  -lrt -lgfortran -ldl
gmake[4]: Leaving directory '/project/esmf/himanshu/gfortran/esmf/src/apps/ESMF_Scrip2Unstruct'
tree_build_apps in: /project/esmf/himanshu/gfortran/esmf/src/apps/ESMF_Regrid
gmake[4]: Entering directory '/project/esmf/himanshu/gfortran/esmf/src/apps/ESMF_Regrid'
gmake chkdir_locobj
gmake[5]: Entering directory '/project/esmf/himanshu/gfortran/esmf/src/apps/ESMF_Regrid'
Making directory /project/esmf/himanshu/gfortran/esmf/obj/objg/Linux.gfortran.64.mpiuni.default/src/apps/ESMF_Regrid for apps output
gmake[5]: Leaving directory '/project/esmf/himanshu/gfortran/esmf/src/apps/ESMF_Regrid'
gfortran -c -g -Wall -Wextra -Wconversion -Wno-unused -Wno-unused-dummy-argument -fbacktrace -fimplicit-none -fcheck=all,no-pointer -fPIC  -m64 -mcmodel=small -pthread -ffree-line-length-none  -fopenmp -I/project/esmf/himanshu/gfortran/esmf/src/apps/ESMF_Regrid -I/project/esmf/himanshu/gfortran/esmf/build_config/Linux.gfortran.default -I/project/esmf/himanshu/gfortran/esmf/src/Infrastructure -I/project/esmf/himanshu/gfortran/esmf/src/Superstructure -I/project/esmf/himanshu/gfortran/install_dir/mod/modg/Linux.gfortran.64.mpiuni.default -I/project/esmf/himanshu/gfortran/esmf/src/include   -DESMF_NO_INTEGER_1_BYTE -DESMF_NO_INTEGER_2_BYTE -DESMFVERSIONGIT='"ESMF_8_1_0_beta_snapshot_45-5-g214b775dc9"' -DESMF_MOAB=1 -DESMF_LAPACK=1 -DESMF_LAPACK_INTERNAL=1 -DESMF_NO_ACC_SOFTWARE_STACK=1 -DESMF_YAMLCPP=1 -DESMF_YAML=1 -DESMF_NO_OPENACC -DESMF_TESTEXHAUSTIVE -DESMF_BOPT_g -DESMF_TESTCOMPTUNNEL -DSx86_64_small=1 -DESMF_OS_Linux=1 -DESMF_COMM=mpiuni -DESMF_DIR=/project/esmf/himanshu/gfortran/esmf -DESMF_MPIUNI ESMF_Regrid.F90 -o /project/esmf/himanshu/gfortran/esmf/obj/objg/Linux.gfortran.64.mpiuni.default/src/apps/ESMF_Regrid/ESMF_Regrid.o
gmake chkdir_apps
gmake[5]: Entering directory '/project/esmf/himanshu/gfortran/esmf/src/apps/ESMF_Regrid'
gmake[5]: Leaving directory '/project/esmf/himanshu/gfortran/esmf/src/apps/ESMF_Regrid'
gfortran     -m64 -mcmodel=small -pthread -Wl,--no-as-needed  -fopenmp -L/project/esmf/himanshu/gfortran/install_dir/lib/libg/Linux.gfortran.64.mpiuni.default  -L/usr/local/gcc-g++-gfortran-9.3.0/lib/gcc/x86_64-pc-linux-gnu/9.3.0/../../../../lib64/ -Wl,-rpath,/project/esmf/himanshu/gfortran/install_dir/lib/libg/Linux.gfortran.64.mpiuni.default  -Wl,-rpath,/usr/local/gcc-g++-gfortran-9.3.0/lib/gcc/x86_64-pc-linux-gnu/9.3.0/../../../../lib64/ -o /project/esmf/himanshu/gfortran/install_dir/bin/bing/Linux.gfortran.64.mpiuni.default/ESMF_Regrid /project/esmf/himanshu/gfortran/esmf/obj/objg/Linux.gfortran.64.mpiuni.default/src/apps/ESMF_Regrid/ESMF_Regrid.o -lesmf  -lrt -lstdc++ -ldl
gmake[4]: Leaving directory '/project/esmf/himanshu/gfortran/esmf/src/apps/ESMF_Regrid'
gmake[3]: Leaving directory '/project/esmf/himanshu/gfortran/esmf/src/apps'
ESMF apps built successfully.
gmake[2]: Leaving directory '/project/esmf/himanshu/gfortran/esmf'
gmake[1]: Leaving directory '/project/esmf/himanshu/gfortran/esmf'
mkdir -p /project/esmf/himanshu/gfortran/install_dir/doc
gmake install_info_mk
gmake[1]: Entering directory '/project/esmf/himanshu/gfortran/esmf'
gmake info_mk ESMF_APPSDIR=/project/esmf/himanshu/gfortran/install_dir/bin/bing/Linux.gfortran.64.mpiuni.default ESMF_LDIR=/project/esmf/himanshu/gfortran/install_dir/lib/libg/Linux.gfortran.64.mpiuni.default ESMF_LIBDIR=/project/esmf/himanshu/gfortran/install_dir/lib/libg/Linux.gfortran.64.mpiuni.default ESMF_MODDIR=/project/esmf/himanshu/gfortran/install_dir/mod/modg/Linux.gfortran.64.mpiuni.default ESMF_INCDIR=/project/esmf/himanshu/gfortran/install_dir/include
gmake[2]: Entering directory '/project/esmf/himanshu/gfortran/esmf'
gmake[2]: Leaving directory '/project/esmf/himanshu/gfortran/esmf'
gmake[1]: Leaving directory '/project/esmf/himanshu/gfortran/esmf'
 
ESMF installation complete.
 
Mon Feb 15 10:33:24 MST 2021
