commit ca5df017bed82a4da719c54f4b92c84bf58e89f3
Author: Himanshu Pillai <himanshu@bighorn.cgd.ucar.edu>
Date:   Fri Feb 26 07:29:27 2021 -0700

     Release 8.1.0 Bighorn Intel commit log pushed at Fri Feb 26 07:29:26 MST 2021 [ci skip]

commit 65567fc275639dfd73ca1dd52319779459f02af1
Author: Himanshu Pillai <himanshu@bighorn.cgd.ucar.edu>
Date:   Wed Feb 24 11:11:07 2021 -0700

     Release 8.1.0 Bighorn Intel commit log pushed at Wed Feb 24 11:11:06 MST 2021 [ci skip]

commit 90b841d8ec933dad8deadda33d84970bf48cc1b8
Author: Himanshu Pillai <himanshu@bighorn.cgd.ucar.edu>
Date:   Tue Feb 23 14:59:02 2021 -0700

     Release 8.1.0 Bighorn Intel commit log pushed at Tue Feb 23 14:59:02 MST 2021 [ci skip]

commit 26bdde36607195fcc292b60ca391ab8b9080468a
Author: Himanshu Pillai <himanshu@bighorn.cgd.ucar.edu>
Date:   Mon Feb 22 09:16:01 2021 -0700

     Release 8.1.0 Bighorn Intel commit log pushed at Mon Feb 22 09:16:00 MST 2021 [ci skip]

commit d670040b17ec4360ce89144c857262ff43431cbd
Author: Himanshu Pillai <himanshu@bighorn.cgd.ucar.edu>
Date:   Mon Feb 22 04:27:43 2021 -0700

     Release 8.1.0 Bighorn Intel commit log pushed at Mon Feb 22 04:27:43 MST 2021 [ci skip]
