 
Checking ESMF installation:
 
cd /glade/scratch/himanshu/relese_8.1.0/PGI/esmf/src/installcheck ;\
gmake clean
gmake[1]: Entering directory '/glade/scratch/himanshu/relese_8.1.0/PGI/esmf/src/installcheck'
rm -f esmf_application esmc_application *.o *.mod
gmake[1]: Leaving directory '/glade/scratch/himanshu/relese_8.1.0/PGI/esmf/src/installcheck'
cd /glade/scratch/himanshu/relese_8.1.0/PGI/esmf/src/installcheck ;\
gmake
gmake[1]: Entering directory '/glade/scratch/himanshu/relese_8.1.0/PGI/esmf/src/installcheck'
pgf90 -c -O -fpic -Mallocatable=03 -lpthread -I/glade/scratch/himanshu/relese_8.1.0/PGI/esmf/DEFAULTINSTALLDIR/mod/modO/Linux.pgi.64.mpiuni.default -I/glade/scratch/himanshu/relese_8.1.0/PGI/esmf/DEFAULTINSTALLDIR/include -I/glade/u/apps/ch/opt/netcdf/4.7.3/pgi/20.4/include -I/glade/u/apps/ch/opt/netcdf/4.7.3/pgi/20.4/include -Mfreeform esmf_application.f90
pgc++ -c -std=c++11 -O -DNDEBUG -fpic -lpthread  -I/glade/scratch/himanshu/relese_8.1.0/PGI/esmf/DEFAULTINSTALLDIR/include  -I/glade/u/apps/ch/opt/netcdf/4.7.3/pgi/20.4/include -I/glade/scratch/himanshu/relese_8.1.0/PGI/esmf/src/Infrastructure/stubs/mpiuni -I/glade/scratch/himanshu/relese_8.1.0/PGI/esmf/src/prologue/yaml-cpp/include -DESMF_NO_INTEGER_1_BYTE -DESMF_NO_INTEGER_2_BYTE -DESMFVERSIONGIT='ESMF_8_1_0_beta_snapshot_47-4-g0d177ef04f' -DESMF_MOAB=1 -DESMF_LAPACK=1 -DESMF_LAPACK_INTERNAL=1 -DESMF_NO_ACC_SOFTWARE_STACK=1 -DESMF_NETCDF=1 -DESMF_YAMLCPP=1 -DESMF_YAML=1 -DESMF_NO_OPENMP -DESMF_NO_OPENACC -DESMF_TESTEXHAUSTIVE -DESMF_BOPT_O -DESMF_TESTCOMPTUNNEL -DESMF_TESTWITHTHREADS -DSx86_64_small=1 -DESMF_OS_Linux=1 -DESMF_COMM=mpiuni -DESMF_DIR=/glade/scratch/himanshu/relese_8.1.0/PGI/esmf -D__SDIR__='' -DESMF_CXXSTD=11 -DESMF_MPIUNI -DESMF_PGIVERSION_MAJOR=20 -DESMF_PGIVERSION_MINOR=4 -DESMF_PGIVERSION_PATCH=0 -DESMF_NO_F2018ASSUMEDTYPE esmc_application.c
pgc++ -lpthread -Wl,--no-as-needed -L/glade/scratch/himanshu/relese_8.1.0/PGI/esmf/DEFAULTINSTALLDIR/lib/libO/Linux.pgi.64.mpiuni.default -L/glade/u/apps/ch/opt/netcdf/4.7.3/pgi/20.4/lib -L/glade/u/apps/ch/opt/netcdf/4.7.3/pgi/20.4/lib -L/glade/u/apps/ch/opt/netcdf/4.7.3/pgi/20.4//lib -L/glade/u/apps/opt/pgi/20.4/linux86-64-llvm/20.4/libso -Wl,-rpath,/glade/scratch/himanshu/relese_8.1.0/PGI/esmf/DEFAULTINSTALLDIR/lib/libO/Linux.pgi.64.mpiuni.default -Wl,-rpath,/glade/u/apps/ch/opt/netcdf/4.7.3/pgi/20.4/lib -Wl,-rpath,/glade/u/apps/ch/opt/netcdf/4.7.3/pgi/20.4/lib -Wl,-rpath,/glade/u/apps/ch/opt/netcdf/4.7.3/pgi/20.4//lib -Wl,-rpath,/glade/u/apps/opt/pgi/20.4/linux86-64-llvm/20.4/libso -o esmc_application esmc_application.o -lesmf  -pgf90libs -ldl -lnetcdf -lnetcdff -lnetcdf -lnetcdf
pgf90 -lpthread -Wl,--no-as-needed -L/glade/scratch/himanshu/relese_8.1.0/PGI/esmf/DEFAULTINSTALLDIR/lib/libO/Linux.pgi.64.mpiuni.default -L/glade/u/apps/ch/opt/netcdf/4.7.3/pgi/20.4/lib -L/glade/u/apps/ch/opt/netcdf/4.7.3/pgi/20.4/lib -L/glade/u/apps/ch/opt/netcdf/4.7.3/pgi/20.4//lib -L/glade/u/apps/opt/pgi/20.4/linux86-64-llvm/20.4/libso -Wl,-rpath,/glade/scratch/himanshu/relese_8.1.0/PGI/esmf/DEFAULTINSTALLDIR/lib/libO/Linux.pgi.64.mpiuni.default -Wl,-rpath,/glade/u/apps/ch/opt/netcdf/4.7.3/pgi/20.4/lib -Wl,-rpath,/glade/u/apps/ch/opt/netcdf/4.7.3/pgi/20.4/lib -Wl,-rpath,/glade/u/apps/ch/opt/netcdf/4.7.3/pgi/20.4//lib -Wl,-rpath,/glade/u/apps/opt/pgi/20.4/linux86-64-llvm/20.4/libso -o esmf_application esmf_application.o -lesmf  -pgc++libs -ldl -lnetcdf -lnetcdff -lnetcdf -lnetcdf        
gmake[1]: Leaving directory '/glade/scratch/himanshu/relese_8.1.0/PGI/esmf/src/installcheck'
cd /glade/scratch/himanshu/relese_8.1.0/PGI/esmf/src/installcheck ;\
        gmake check
gmake[1]: Entering directory '/glade/scratch/himanshu/relese_8.1.0/PGI/esmf/src/installcheck'
PASS: check
gmake[1]: Leaving directory '/glade/scratch/himanshu/relese_8.1.0/PGI/esmf/src/installcheck'
 
ESMF installation check complete.
 
Fri Feb 26 08:02:50 MST 2021
