20210224 153141.397 INFO             PET0 !!!!!!!!!!!!!!!!!!!!!!!!!!!!!!!!!!!!!!!!!!!!!!!!!!!!!!
20210224 153141.397 INFO             PET0 !!! THE ESMF_LOG IS SET TO OUTPUT ALL LOG MESSAGES !!!
20210224 153141.397 INFO             PET0 !!!     THIS MAY CAUSE SLOWDOWN IN PERFORMANCE     !!!
20210224 153141.397 INFO             PET0 !!! FOR PRODUCTION RUNS, USE:                      !!!
20210224 153141.397 INFO             PET0 !!!                   ESMF_LOGKIND_Multi_On_Error  !!!
20210224 153141.397 INFO             PET0 !!!!!!!!!!!!!!!!!!!!!!!!!!!!!!!!!!!!!!!!!!!!!!!!!!!!!!
20210224 153141.397 INFO             PET0 Running with ESMF Version   : ESMF_8_1_0_beta_snapshot_47
20210224 153141.397 INFO             PET0 ESMF library build date/time: "Feb 24 2021" "14:39:21"
20210224 153141.397 INFO             PET0 ESMF library build location : /glade/scratch/himanshu/relese_8.1.0/PGI/esmf
20210224 153141.397 INFO             PET0 ESMF_COMM                   : mpiuni
20210224 153141.398 INFO             PET0 ESMF_MOAB                   : enabled
20210224 153141.398 INFO             PET0 ESMF_LAPACK                 : enabled
20210224 153141.398 INFO             PET0 ESMF_NETCDF                 : enabled
20210224 153141.398 INFO             PET0 ESMF_PNETCDF                : disabled
20210224 153141.398 INFO             PET0 ESMF_PIO                    : disabled
20210224 153141.398 INFO             PET0 ESMF_YAMLCPP                : enabled
20210224 153141.398 DEBUG            PET0 service: 0  PTHREAD_STACK_MIN: 16384 bytes  stack_size: 20971520 bytes
20210224 153141.399 INFO             PET0  NUMBER_OF_PROCESSORS            1
20210224 153141.399 INFO             PET0  PASS  Example ESMF_GCompEx, ESMF_GCompEx.F90, line 465
20210224 153141.399 INFO             PET0 Finalizing ESMF
Thu Feb 25 03:27:01 MST 2021
