20210221 234625.131 INFO             PET0 !!!!!!!!!!!!!!!!!!!!!!!!!!!!!!!!!!!!!!!!!!!!!!!!!!!!!!
20210221 234625.131 INFO             PET0 !!! THE ESMF_LOG IS SET TO OUTPUT ALL LOG MESSAGES !!!
20210221 234625.131 INFO             PET0 !!!     THIS MAY CAUSE SLOWDOWN IN PERFORMANCE     !!!
20210221 234625.131 INFO             PET0 !!! FOR PRODUCTION RUNS, USE:                      !!!
20210221 234625.131 INFO             PET0 !!!                   ESMF_LOGKIND_Multi_On_Error  !!!
20210221 234625.131 INFO             PET0 !!!!!!!!!!!!!!!!!!!!!!!!!!!!!!!!!!!!!!!!!!!!!!!!!!!!!!
20210221 234625.131 INFO             PET0 Running with ESMF Version   : ESMF_8_1_0_beta_snapshot_47
20210221 234625.131 INFO             PET0 ESMF library build date/time: "Feb 21 2021" "23:21:32"
20210221 234625.131 INFO             PET0 ESMF library build location : /project/esmf/himanshu/esmf_test/cronjobs/release_8.1.0/intel/esmf
20210221 234625.131 INFO             PET0 ESMF_COMM                   : mpich3
20210221 234625.131 INFO             PET0 ESMF_MOAB                   : enabled
20210221 234625.131 INFO             PET0 ESMF_LAPACK                 : enabled
20210221 234625.131 INFO             PET0 ESMF_NETCDF                 : enabled
20210221 234625.131 INFO             PET0 ESMF_PNETCDF                : disabled
20210221 234625.131 INFO             PET0 ESMF_PIO                    : enabled
20210221 234625.131 INFO             PET0 ESMF_YAMLCPP                : enabled
20210221 234625.131 INFO             PET0 ESMF Tracing Enabled
20210221 234625.131 INFO             PET0 ESMF Profiling Enabled
20210221 234625.131 INFO             PET0 ESMF Trace/Profile clock: REALTIME
20210221 234625.132 WARNING          PET0 ESMF Tracing/Profiling could not load dynamic instrumentation functions.
20210221 234625.135 INFO             PET0  NUMBER_OF_PROCESSORS           4
20210221 234625.135 INFO             PET0  PASS  Example ESMF_TraceEx, ESMF_TraceEx.F90, line 178
20210221 234625.135 INFO             PET0 Finalizing ESMF
20210221 234625.135 INFO             PET0 **************** Region Timings *******************
20210221 234625.135 INFO             PET0 Region              Count  Total (s)   Self (s)    Mean (s)    Min (s)     Max (s)
20210221 234625.135 INFO             PET0   [test] Run 1      5      0.0000      0.0000      0.0000      0.0000      0.0000
20210221 234625.135 INFO             PET0   [test] Init 1     1      0.0000      0.0000      0.0000      0.0000      0.0000
20210221 234625.135 INFO             PET0   [test] Final 1    1      0.0000      0.0000      0.0000      0.0000      0.0000
20210221 234625.131 INFO             PET1 !!!!!!!!!!!!!!!!!!!!!!!!!!!!!!!!!!!!!!!!!!!!!!!!!!!!!!
20210221 234625.131 INFO             PET1 !!! THE ESMF_LOG IS SET TO OUTPUT ALL LOG MESSAGES !!!
20210221 234625.131 INFO             PET1 !!!     THIS MAY CAUSE SLOWDOWN IN PERFORMANCE     !!!
20210221 234625.131 INFO             PET1 !!! FOR PRODUCTION RUNS, USE:                      !!!
20210221 234625.131 INFO             PET1 !!!                   ESMF_LOGKIND_Multi_On_Error  !!!
20210221 234625.131 INFO             PET1 !!!!!!!!!!!!!!!!!!!!!!!!!!!!!!!!!!!!!!!!!!!!!!!!!!!!!!
20210221 234625.131 INFO             PET1 Running with ESMF Version   : ESMF_8_1_0_beta_snapshot_47
20210221 234625.131 INFO             PET1 ESMF library build date/time: "Feb 21 2021" "23:21:32"
20210221 234625.131 INFO             PET1 ESMF library build location : /project/esmf/himanshu/esmf_test/cronjobs/release_8.1.0/intel/esmf
20210221 234625.131 INFO             PET1 ESMF_COMM                   : mpich3
20210221 234625.131 INFO             PET1 ESMF_MOAB                   : enabled
20210221 234625.131 INFO             PET1 ESMF_LAPACK                 : enabled
20210221 234625.131 INFO             PET1 ESMF_NETCDF                 : enabled
20210221 234625.131 INFO             PET1 ESMF_PNETCDF                : disabled
20210221 234625.131 INFO             PET1 ESMF_PIO                    : enabled
20210221 234625.131 INFO             PET1 ESMF_YAMLCPP                : enabled
20210221 234625.131 INFO             PET1 ESMF Tracing Enabled
20210221 234625.131 INFO             PET1 ESMF Profiling Enabled
20210221 234625.131 INFO             PET1 ESMF Trace/Profile clock: REALTIME
20210221 234625.132 WARNING          PET1 ESMF Tracing/Profiling could not load dynamic instrumentation functions.
20210221 234625.135 INFO             PET1  NUMBER_OF_PROCESSORS           4
20210221 234625.135 INFO             PET1  PASS  Example ESMF_TraceEx, ESMF_TraceEx.F90, line 178
20210221 234625.135 INFO             PET1 Finalizing ESMF
20210221 234625.135 INFO             PET1 **************** Region Timings *******************
20210221 234625.135 INFO             PET1 Region              Count  Total (s)   Self (s)    Mean (s)    Min (s)     Max (s)
20210221 234625.135 INFO             PET1   [test] Init 1     1      0.0001      0.0001      0.0001      0.0001      0.0001
20210221 234625.135 INFO             PET1   [test] Run 1      5      0.0000      0.0000      0.0000      0.0000      0.0000
20210221 234625.135 INFO             PET1   [test] Final 1    1      0.0000      0.0000      0.0000      0.0000      0.0000
20210221 234625.131 INFO             PET2 !!!!!!!!!!!!!!!!!!!!!!!!!!!!!!!!!!!!!!!!!!!!!!!!!!!!!!
20210221 234625.131 INFO             PET2 !!! THE ESMF_LOG IS SET TO OUTPUT ALL LOG MESSAGES !!!
20210221 234625.131 INFO             PET2 !!!     THIS MAY CAUSE SLOWDOWN IN PERFORMANCE     !!!
20210221 234625.131 INFO             PET2 !!! FOR PRODUCTION RUNS, USE:                      !!!
20210221 234625.131 INFO             PET2 !!!                   ESMF_LOGKIND_Multi_On_Error  !!!
20210221 234625.131 INFO             PET2 !!!!!!!!!!!!!!!!!!!!!!!!!!!!!!!!!!!!!!!!!!!!!!!!!!!!!!
20210221 234625.131 INFO             PET2 Running with ESMF Version   : ESMF_8_1_0_beta_snapshot_47
20210221 234625.131 INFO             PET2 ESMF library build date/time: "Feb 21 2021" "23:21:32"
20210221 234625.131 INFO             PET2 ESMF library build location : /project/esmf/himanshu/esmf_test/cronjobs/release_8.1.0/intel/esmf
20210221 234625.131 INFO             PET2 ESMF_COMM                   : mpich3
20210221 234625.131 INFO             PET2 ESMF_MOAB                   : enabled
20210221 234625.131 INFO             PET2 ESMF_LAPACK                 : enabled
20210221 234625.131 INFO             PET2 ESMF_NETCDF                 : enabled
20210221 234625.131 INFO             PET2 ESMF_PNETCDF                : disabled
20210221 234625.131 INFO             PET2 ESMF_PIO                    : enabled
20210221 234625.131 INFO             PET2 ESMF_YAMLCPP                : enabled
20210221 234625.131 INFO             PET2 ESMF Tracing Enabled
20210221 234625.131 INFO             PET2 ESMF Profiling Enabled
20210221 234625.131 INFO             PET2 ESMF Trace/Profile clock: REALTIME
20210221 234625.132 WARNING          PET2 ESMF Tracing/Profiling could not load dynamic instrumentation functions.
20210221 234625.135 INFO             PET2  NUMBER_OF_PROCESSORS           4
20210221 234625.135 INFO             PET2  PASS  Example ESMF_TraceEx, ESMF_TraceEx.F90, line 178
20210221 234625.135 INFO             PET2 Finalizing ESMF
20210221 234625.135 INFO             PET2 **************** Region Timings *******************
20210221 234625.135 INFO             PET2 Region              Count  Total (s)   Self (s)    Mean (s)    Min (s)     Max (s)
20210221 234625.135 INFO             PET2   [test] Init 1     1      0.0000      0.0000      0.0000      0.0000      0.0000
20210221 234625.135 INFO             PET2   [test] Run 1      5      0.0000      0.0000      0.0000      0.0000      0.0000
20210221 234625.135 INFO             PET2   [test] Final 1    1      0.0000      0.0000      0.0000      0.0000      0.0000
20210221 234625.130 INFO             PET3 !!!!!!!!!!!!!!!!!!!!!!!!!!!!!!!!!!!!!!!!!!!!!!!!!!!!!!
20210221 234625.131 INFO             PET3 !!! THE ESMF_LOG IS SET TO OUTPUT ALL LOG MESSAGES !!!
20210221 234625.131 INFO             PET3 !!!     THIS MAY CAUSE SLOWDOWN IN PERFORMANCE     !!!
20210221 234625.131 INFO             PET3 !!! FOR PRODUCTION RUNS, USE:                      !!!
20210221 234625.131 INFO             PET3 !!!                   ESMF_LOGKIND_Multi_On_Error  !!!
20210221 234625.131 INFO             PET3 !!!!!!!!!!!!!!!!!!!!!!!!!!!!!!!!!!!!!!!!!!!!!!!!!!!!!!
20210221 234625.131 INFO             PET3 Running with ESMF Version   : ESMF_8_1_0_beta_snapshot_47
20210221 234625.131 INFO             PET3 ESMF library build date/time: "Feb 21 2021" "23:21:32"
20210221 234625.131 INFO             PET3 ESMF library build location : /project/esmf/himanshu/esmf_test/cronjobs/release_8.1.0/intel/esmf
20210221 234625.131 INFO             PET3 ESMF_COMM                   : mpich3
20210221 234625.131 INFO             PET3 ESMF_MOAB                   : enabled
20210221 234625.131 INFO             PET3 ESMF_LAPACK                 : enabled
20210221 234625.131 INFO             PET3 ESMF_NETCDF                 : enabled
20210221 234625.131 INFO             PET3 ESMF_PNETCDF                : disabled
20210221 234625.131 INFO             PET3 ESMF_PIO                    : enabled
20210221 234625.131 INFO             PET3 ESMF_YAMLCPP                : enabled
20210221 234625.131 INFO             PET3 ESMF Tracing Enabled
20210221 234625.131 INFO             PET3 ESMF Profiling Enabled
20210221 234625.131 INFO             PET3 ESMF Trace/Profile clock: REALTIME
20210221 234625.132 WARNING          PET3 ESMF Tracing/Profiling could not load dynamic instrumentation functions.
20210221 234625.135 INFO             PET3  NUMBER_OF_PROCESSORS           4
20210221 234625.135 INFO             PET3  PASS  Example ESMF_TraceEx, ESMF_TraceEx.F90, line 178
20210221 234625.135 INFO             PET3 Finalizing ESMF
20210221 234625.135 INFO             PET3 **************** Region Timings *******************
20210221 234625.135 INFO             PET3 Region              Count  Total (s)   Self (s)    Mean (s)    Min (s)     Max (s)
20210221 234625.135 INFO             PET3   [test] Init 1     1      0.0001      0.0001      0.0001      0.0001      0.0001
20210221 234625.135 INFO             PET3   [test] Run 1      5      0.0000      0.0000      0.0000      0.0000      0.0000
20210221 234625.135 INFO             PET3   [test] Final 1    1      0.0000      0.0000      0.0000      0.0000      0.0000
Mon Feb 22 01:54:02 MST 2021
