20200821 211503.584 INFO             PET0 !!!!!!!!!!!!!!!!!!!!!!!!!!!!!!!!!!!!!!!!!!!!!!!!!!!!!!
20200821 211503.584 INFO             PET0 !!! THE ESMF_LOG IS SET TO OUTPUT ALL LOG MESSAGES !!!
20200821 211503.584 INFO             PET0 !!!     THIS MAY CAUSE SLOWDOWN IN PERFORMANCE     !!!
20200821 211503.584 INFO             PET0 !!! FOR PRODUCTION RUNS, USE:                      !!!
20200821 211503.584 INFO             PET0 !!!                   ESMF_LOGKIND_Multi_On_Error  !!!
20200821 211503.584 INFO             PET0 !!!!!!!!!!!!!!!!!!!!!!!!!!!!!!!!!!!!!!!!!!!!!!!!!!!!!!
20200821 211503.584 INFO             PET0 Running with ESMF Version   : ESMF_8_1_0_beta_snapshot_26-20-gc467564eb1
20200821 211503.584 INFO             PET0 ESMF library build date/time: "Aug 21 2020" "21:12:46"
20200821 211503.584 INFO             PET0 ESMF library build location : /scratch/esmf/esmf_test/cronjobs/trunk/gfortran/esmf
20200821 211503.584 INFO             PET0 ESMF_COMM                   : mpich3
20200821 211503.584 INFO             PET0 ESMF_NETCDF                 : disabled
20200821 211503.584 INFO             PET0 ESMF_PNETCDF                : disabled
20200821 211503.584 INFO             PET0 ESMF_PIO                    : enabled
20200821 211503.584 INFO             PET0 ESMF_YAMLCPP                : enabled
20200821 211503.584 INFO             PET0 ESMF_MOAB                   : enabled
20200821 211503.584 INFO             PET0 Finalizing ESMF
20200821 211503.618 INFO             PET0 !!!!!!!!!!!!!!!!!!!!!!!!!!!!!!!!!!!!!!!!!!!!!!!!!!!!!!
20200821 211503.618 INFO             PET0 !!! THE ESMF_LOG IS SET TO OUTPUT ALL LOG MESSAGES !!!
20200821 211503.618 INFO             PET0 !!!     THIS MAY CAUSE SLOWDOWN IN PERFORMANCE     !!!
20200821 211503.618 INFO             PET0 !!! FOR PRODUCTION RUNS, USE:                      !!!
20200821 211503.618 INFO             PET0 !!!                   ESMF_LOGKIND_Multi_On_Error  !!!
20200821 211503.618 INFO             PET0 !!!!!!!!!!!!!!!!!!!!!!!!!!!!!!!!!!!!!!!!!!!!!!!!!!!!!!
20200821 211503.618 INFO             PET0 Running with ESMF Version   : ESMF_8_1_0_beta_snapshot_26-20-gc467564eb1
20200821 211503.618 INFO             PET0 ESMF library build date/time: "Aug 21 2020" "21:12:46"
20200821 211503.618 INFO             PET0 ESMF library build location : /scratch/esmf/esmf_test/cronjobs/trunk/gfortran/esmf
20200821 211503.618 INFO             PET0 ESMF_COMM                   : mpich3
20200821 211503.618 INFO             PET0 ESMF_NETCDF                 : disabled
20200821 211503.618 INFO             PET0 ESMF_PNETCDF                : disabled
20200821 211503.618 INFO             PET0 ESMF_PIO                    : enabled
20200821 211503.618 INFO             PET0 ESMF_YAMLCPP                : enabled
20200821 211503.618 INFO             PET0 ESMF_MOAB                   : enabled
20200821 211503.619 INFO             PET0 Finalizing ESMF
20200821 211503.652 INFO             PET0 !!!!!!!!!!!!!!!!!!!!!!!!!!!!!!!!!!!!!!!!!!!!!!!!!!!!!!
20200821 211503.652 INFO             PET0 !!! THE ESMF_LOG IS SET TO OUTPUT ALL LOG MESSAGES !!!
20200821 211503.652 INFO             PET0 !!!     THIS MAY CAUSE SLOWDOWN IN PERFORMANCE     !!!
20200821 211503.652 INFO             PET0 !!! FOR PRODUCTION RUNS, USE:                      !!!
20200821 211503.652 INFO             PET0 !!!                   ESMF_LOGKIND_Multi_On_Error  !!!
20200821 211503.652 INFO             PET0 !!!!!!!!!!!!!!!!!!!!!!!!!!!!!!!!!!!!!!!!!!!!!!!!!!!!!!
20200821 211503.652 INFO             PET0 Running with ESMF Version   : ESMF_8_1_0_beta_snapshot_26-20-gc467564eb1
20200821 211503.652 INFO             PET0 ESMF library build date/time: "Aug 21 2020" "21:12:46"
20200821 211503.652 INFO             PET0 ESMF library build location : /scratch/esmf/esmf_test/cronjobs/trunk/gfortran/esmf
20200821 211503.652 INFO             PET0 ESMF_COMM                   : mpich3
20200821 211503.653 INFO             PET0 ESMF_NETCDF                 : disabled
20200821 211503.653 INFO             PET0 ESMF_PNETCDF                : disabled
20200821 211503.653 INFO             PET0 ESMF_PIO                    : enabled
20200821 211503.653 INFO             PET0 ESMF_YAMLCPP                : enabled
20200821 211503.653 INFO             PET0 ESMF_MOAB                   : enabled
20200821 211503.653 INFO             PET0 Finalizing ESMF
