20200914 144207.362 INFO             PET1 !!!!!!!!!!!!!!!!!!!!!!!!!!!!!!!!!!!!!!!!!!!!!!!!!!!!!!
20200914 144207.362 INFO             PET1 !!! THE ESMF_LOG IS SET TO OUTPUT ALL LOG MESSAGES !!!
20200914 144207.362 INFO             PET1 !!!     THIS MAY CAUSE SLOWDOWN IN PERFORMANCE     !!!
20200914 144207.362 INFO             PET1 !!! FOR PRODUCTION RUNS, USE:                      !!!
20200914 144207.362 INFO             PET1 !!!                   ESMF_LOGKIND_Multi_On_Error  !!!
20200914 144207.362 INFO             PET1 !!!!!!!!!!!!!!!!!!!!!!!!!!!!!!!!!!!!!!!!!!!!!!!!!!!!!!
20200914 144207.362 INFO             PET1 Running with ESMF Version   : ESMF_8_1_0_beta_snapshot_27-63-g072423fd9f
20200914 144207.362 INFO             PET1 ESMF library build date/time: "Sep 14 2020" "14:39:45"
20200914 144207.362 INFO             PET1 ESMF library build location : /scratch/esmf/esmf_test/cronjobs/trunk/gfortran/esmf
20200914 144207.362 INFO             PET1 ESMF_COMM                   : mpich3
20200914 144207.362 INFO             PET1 ESMF_NETCDF                 : disabled
20200914 144207.362 INFO             PET1 ESMF_PNETCDF                : disabled
20200914 144207.362 INFO             PET1 ESMF_PIO                    : enabled
20200914 144207.362 INFO             PET1 ESMF_YAMLCPP                : enabled
20200914 144207.362 INFO             PET1 ESMF_MOAB                   : enabled
20200914 144207.362 INFO             PET1 Finalizing ESMF
20200914 144207.396 INFO             PET1 !!!!!!!!!!!!!!!!!!!!!!!!!!!!!!!!!!!!!!!!!!!!!!!!!!!!!!
20200914 144207.396 INFO             PET1 !!! THE ESMF_LOG IS SET TO OUTPUT ALL LOG MESSAGES !!!
20200914 144207.396 INFO             PET1 !!!     THIS MAY CAUSE SLOWDOWN IN PERFORMANCE     !!!
20200914 144207.396 INFO             PET1 !!! FOR PRODUCTION RUNS, USE:                      !!!
20200914 144207.396 INFO             PET1 !!!                   ESMF_LOGKIND_Multi_On_Error  !!!
20200914 144207.396 INFO             PET1 !!!!!!!!!!!!!!!!!!!!!!!!!!!!!!!!!!!!!!!!!!!!!!!!!!!!!!
20200914 144207.396 INFO             PET1 Running with ESMF Version   : ESMF_8_1_0_beta_snapshot_27-63-g072423fd9f
20200914 144207.396 INFO             PET1 ESMF library build date/time: "Sep 14 2020" "14:39:45"
20200914 144207.396 INFO             PET1 ESMF library build location : /scratch/esmf/esmf_test/cronjobs/trunk/gfortran/esmf
20200914 144207.396 INFO             PET1 ESMF_COMM                   : mpich3
20200914 144207.396 INFO             PET1 ESMF_NETCDF                 : disabled
20200914 144207.396 INFO             PET1 ESMF_PNETCDF                : disabled
20200914 144207.396 INFO             PET1 ESMF_PIO                    : enabled
20200914 144207.396 INFO             PET1 ESMF_YAMLCPP                : enabled
20200914 144207.396 INFO             PET1 ESMF_MOAB                   : enabled
20200914 144207.397 INFO             PET1 Finalizing ESMF
20200914 144207.430 INFO             PET1 !!!!!!!!!!!!!!!!!!!!!!!!!!!!!!!!!!!!!!!!!!!!!!!!!!!!!!
20200914 144207.430 INFO             PET1 !!! THE ESMF_LOG IS SET TO OUTPUT ALL LOG MESSAGES !!!
20200914 144207.430 INFO             PET1 !!!     THIS MAY CAUSE SLOWDOWN IN PERFORMANCE     !!!
20200914 144207.430 INFO             PET1 !!! FOR PRODUCTION RUNS, USE:                      !!!
20200914 144207.430 INFO             PET1 !!!                   ESMF_LOGKIND_Multi_On_Error  !!!
20200914 144207.430 INFO             PET1 !!!!!!!!!!!!!!!!!!!!!!!!!!!!!!!!!!!!!!!!!!!!!!!!!!!!!!
20200914 144207.430 INFO             PET1 Running with ESMF Version   : ESMF_8_1_0_beta_snapshot_27-63-g072423fd9f
20200914 144207.430 INFO             PET1 ESMF library build date/time: "Sep 14 2020" "14:39:45"
20200914 144207.430 INFO             PET1 ESMF library build location : /scratch/esmf/esmf_test/cronjobs/trunk/gfortran/esmf
20200914 144207.430 INFO             PET1 ESMF_COMM                   : mpich3
20200914 144207.430 INFO             PET1 ESMF_NETCDF                 : disabled
20200914 144207.430 INFO             PET1 ESMF_PNETCDF                : disabled
20200914 144207.430 INFO             PET1 ESMF_PIO                    : enabled
20200914 144207.430 INFO             PET1 ESMF_YAMLCPP                : enabled
20200914 144207.430 INFO             PET1 ESMF_MOAB                   : enabled
20200914 144207.430 INFO             PET1 Finalizing ESMF
