20200819 014312.578 INFO             PET0 !!!!!!!!!!!!!!!!!!!!!!!!!!!!!!!!!!!!!!!!!!!!!!!!!!!!!!
20200819 014312.578 INFO             PET0 !!! THE ESMF_LOG IS SET TO OUTPUT ALL LOG MESSAGES !!!
20200819 014312.578 INFO             PET0 !!!     THIS MAY CAUSE SLOWDOWN IN PERFORMANCE     !!!
20200819 014312.578 INFO             PET0 !!! FOR PRODUCTION RUNS, USE:                      !!!
20200819 014312.578 INFO             PET0 !!!                   ESMF_LOGKIND_Multi_On_Error  !!!
20200819 014312.578 INFO             PET0 !!!!!!!!!!!!!!!!!!!!!!!!!!!!!!!!!!!!!!!!!!!!!!!!!!!!!!
20200819 014312.578 INFO             PET0 Running with ESMF Version   : ESMF_8_1_0_beta_snapshot_26-15-g928c3b319f
20200819 014312.578 INFO             PET0 ESMF library build date/time: "Aug 19 2020" "01:33:55"
20200819 014312.578 INFO             PET0 ESMF library build location : /scratch/esmf/esmf_test/cronjobs/trunk/gfortran/esmf
20200819 014312.578 INFO             PET0 ESMF_COMM                   : openmpi
20200819 014312.578 INFO             PET0 ESMF_NETCDF                 : disabled
20200819 014312.578 INFO             PET0 ESMF_PNETCDF                : disabled
20200819 014312.578 INFO             PET0 ESMF_PIO                    : enabled
20200819 014312.578 INFO             PET0 ESMF_YAMLCPP                : enabled
20200819 014312.578 INFO             PET0 ESMF_MOAB                   : enabled
20200819 014312.578 INFO             PET0  NUMBER_OF_PROCESSORS           4
20200819 014312.578 INFO             PET0  PASS  Example ESMF_VMGetMPICommunicatorEx, ESMF_VMGetMPICommunicatorEx.F90, line 95
20200819 014312.578 INFO             PET0 Finalizing ESMF
20200819 014312.578 INFO             PET1 !!!!!!!!!!!!!!!!!!!!!!!!!!!!!!!!!!!!!!!!!!!!!!!!!!!!!!
20200819 014312.578 INFO             PET1 !!! THE ESMF_LOG IS SET TO OUTPUT ALL LOG MESSAGES !!!
20200819 014312.578 INFO             PET1 !!!     THIS MAY CAUSE SLOWDOWN IN PERFORMANCE     !!!
20200819 014312.578 INFO             PET1 !!! FOR PRODUCTION RUNS, USE:                      !!!
20200819 014312.578 INFO             PET1 !!!                   ESMF_LOGKIND_Multi_On_Error  !!!
20200819 014312.578 INFO             PET1 !!!!!!!!!!!!!!!!!!!!!!!!!!!!!!!!!!!!!!!!!!!!!!!!!!!!!!
20200819 014312.578 INFO             PET1 Running with ESMF Version   : ESMF_8_1_0_beta_snapshot_26-15-g928c3b319f
20200819 014312.578 INFO             PET1 ESMF library build date/time: "Aug 19 2020" "01:33:55"
20200819 014312.578 INFO             PET1 ESMF library build location : /scratch/esmf/esmf_test/cronjobs/trunk/gfortran/esmf
20200819 014312.578 INFO             PET1 ESMF_COMM                   : openmpi
20200819 014312.578 INFO             PET1 ESMF_NETCDF                 : disabled
20200819 014312.578 INFO             PET1 ESMF_PNETCDF                : disabled
20200819 014312.578 INFO             PET1 ESMF_PIO                    : enabled
20200819 014312.578 INFO             PET1 ESMF_YAMLCPP                : enabled
20200819 014312.578 INFO             PET1 ESMF_MOAB                   : enabled
20200819 014312.578 INFO             PET1  NUMBER_OF_PROCESSORS           4
20200819 014312.578 INFO             PET1  PASS  Example ESMF_VMGetMPICommunicatorEx, ESMF_VMGetMPICommunicatorEx.F90, line 95
20200819 014312.578 INFO             PET1 Finalizing ESMF
20200819 014312.578 INFO             PET2 !!!!!!!!!!!!!!!!!!!!!!!!!!!!!!!!!!!!!!!!!!!!!!!!!!!!!!
20200819 014312.578 INFO             PET2 !!! THE ESMF_LOG IS SET TO OUTPUT ALL LOG MESSAGES !!!
20200819 014312.578 INFO             PET2 !!!     THIS MAY CAUSE SLOWDOWN IN PERFORMANCE     !!!
20200819 014312.578 INFO             PET2 !!! FOR PRODUCTION RUNS, USE:                      !!!
20200819 014312.578 INFO             PET2 !!!                   ESMF_LOGKIND_Multi_On_Error  !!!
20200819 014312.578 INFO             PET2 !!!!!!!!!!!!!!!!!!!!!!!!!!!!!!!!!!!!!!!!!!!!!!!!!!!!!!
20200819 014312.578 INFO             PET2 Running with ESMF Version   : ESMF_8_1_0_beta_snapshot_26-15-g928c3b319f
20200819 014312.578 INFO             PET2 ESMF library build date/time: "Aug 19 2020" "01:33:55"
20200819 014312.578 INFO             PET2 ESMF library build location : /scratch/esmf/esmf_test/cronjobs/trunk/gfortran/esmf
20200819 014312.578 INFO             PET2 ESMF_COMM                   : openmpi
20200819 014312.578 INFO             PET2 ESMF_NETCDF                 : disabled
20200819 014312.578 INFO             PET2 ESMF_PNETCDF                : disabled
20200819 014312.578 INFO             PET2 ESMF_PIO                    : enabled
20200819 014312.578 INFO             PET2 ESMF_YAMLCPP                : enabled
20200819 014312.578 INFO             PET2 ESMF_MOAB                   : enabled
20200819 014312.578 INFO             PET2  NUMBER_OF_PROCESSORS           4
20200819 014312.578 INFO             PET2  PASS  Example ESMF_VMGetMPICommunicatorEx, ESMF_VMGetMPICommunicatorEx.F90, line 95
20200819 014312.578 INFO             PET2 Finalizing ESMF
20200819 014312.578 INFO             PET3 !!!!!!!!!!!!!!!!!!!!!!!!!!!!!!!!!!!!!!!!!!!!!!!!!!!!!!
20200819 014312.578 INFO             PET3 !!! THE ESMF_LOG IS SET TO OUTPUT ALL LOG MESSAGES !!!
20200819 014312.578 INFO             PET3 !!!     THIS MAY CAUSE SLOWDOWN IN PERFORMANCE     !!!
20200819 014312.578 INFO             PET3 !!! FOR PRODUCTION RUNS, USE:                      !!!
20200819 014312.578 INFO             PET3 !!!                   ESMF_LOGKIND_Multi_On_Error  !!!
20200819 014312.578 INFO             PET3 !!!!!!!!!!!!!!!!!!!!!!!!!!!!!!!!!!!!!!!!!!!!!!!!!!!!!!
20200819 014312.578 INFO             PET3 Running with ESMF Version   : ESMF_8_1_0_beta_snapshot_26-15-g928c3b319f
20200819 014312.578 INFO             PET3 ESMF library build date/time: "Aug 19 2020" "01:33:55"
20200819 014312.578 INFO             PET3 ESMF library build location : /scratch/esmf/esmf_test/cronjobs/trunk/gfortran/esmf
20200819 014312.578 INFO             PET3 ESMF_COMM                   : openmpi
20200819 014312.578 INFO             PET3 ESMF_NETCDF                 : disabled
20200819 014312.578 INFO             PET3 ESMF_PNETCDF                : disabled
20200819 014312.578 INFO             PET3 ESMF_PIO                    : enabled
20200819 014312.578 INFO             PET3 ESMF_YAMLCPP                : enabled
20200819 014312.578 INFO             PET3 ESMF_MOAB                   : enabled
20200819 014312.578 INFO             PET3  NUMBER_OF_PROCESSORS           4
20200819 014312.578 INFO             PET3  PASS  Example ESMF_VMGetMPICommunicatorEx, ESMF_VMGetMPICommunicatorEx.F90, line 95
20200819 014312.578 INFO             PET3 Finalizing ESMF
