20210301 001800.515 INFO             PET0 !!!!!!!!!!!!!!!!!!!!!!!!!!!!!!!!!!!!!!!!!!!!!!!!!!!!!!
20210301 001800.515 INFO             PET0 !!! THE ESMF_LOG IS SET TO OUTPUT ALL LOG MESSAGES !!!
20210301 001800.515 INFO             PET0 !!!     THIS MAY CAUSE SLOWDOWN IN PERFORMANCE     !!!
20210301 001800.515 INFO             PET0 !!! FOR PRODUCTION RUNS, USE:                      !!!
20210301 001800.515 INFO             PET0 !!!                   ESMF_LOGKIND_Multi_On_Error  !!!
20210301 001800.515 INFO             PET0 !!!!!!!!!!!!!!!!!!!!!!!!!!!!!!!!!!!!!!!!!!!!!!!!!!!!!!
20210301 001800.515 INFO             PET0 Running with ESMF Version   : ESMF_8_1_0_beta_snapshot_47-18-g3fd6502904
20210301 001800.515 INFO             PET0 ESMF library build date/time: "Mar  1 2021" "00:10:00"
20210301 001800.515 INFO             PET0 ESMF library build location : /project/esmf/himanshu/esmf_test/cronjobs/release_8.1.0/gfortran/esmf
20210301 001800.515 INFO             PET0 ESMF_COMM                   : mpiuni
20210301 001800.515 INFO             PET0 ESMF_MOAB                   : enabled
20210301 001800.515 INFO             PET0 ESMF_LAPACK                 : enabled
20210301 001800.515 INFO             PET0 ESMF_NETCDF                 : enabled
20210301 001800.515 INFO             PET0 ESMF_PNETCDF                : disabled
20210301 001800.515 INFO             PET0 ESMF_PIO                    : disabled
20210301 001800.515 INFO             PET0 ESMF_YAMLCPP                : enabled
20210301 001800.516 INFO             PET0  NUMBER_OF_PROCESSORS           1
20210301 001800.516 INFO             PET0  PASS  Example ESMF_FieldBundleCreateEx, ESMF_FieldBundleCreateEx.F90, line 561
20210301 001800.516 INFO             PET0 Finalizing ESMF
Mon Mar  1 02:00:40 MST 2021
