20210215 132350.349 INFO             PET0 !!!!!!!!!!!!!!!!!!!!!!!!!!!!!!!!!!!!!!!!!!!!!!!!!!!!!!
20210215 132350.349 INFO             PET0 !!! THE ESMF_LOG IS SET TO OUTPUT ALL LOG MESSAGES !!!
20210215 132350.349 INFO             PET0 !!!     THIS MAY CAUSE SLOWDOWN IN PERFORMANCE     !!!
20210215 132350.349 INFO             PET0 !!! FOR PRODUCTION RUNS, USE:                      !!!
20210215 132350.349 INFO             PET0 !!!                   ESMF_LOGKIND_Multi_On_Error  !!!
20210215 132350.349 INFO             PET0 !!!!!!!!!!!!!!!!!!!!!!!!!!!!!!!!!!!!!!!!!!!!!!!!!!!!!!
20210215 132350.349 INFO             PET0 Running with ESMF Version   : ESMF_8_1_0_beta_snapshot_45-5-g214b775dc9
20210215 132350.349 INFO             PET0 ESMF library build date/time: "Feb 15 2021" "13:21:11"
20210215 132350.349 INFO             PET0 ESMF library build location : /project/esmf/himanshu/esmf_test/cronjobs/daily/gfortran/esmf
20210215 132350.349 INFO             PET0 ESMF_COMM                   : mpiuni
20210215 132350.350 INFO             PET0 ESMF_MOAB                   : enabled
20210215 132350.350 INFO             PET0 ESMF_LAPACK                 : enabled
20210215 132350.350 INFO             PET0 ESMF_NETCDF                 : enabled
20210215 132350.350 INFO             PET0 ESMF_PNETCDF                : disabled
20210215 132350.350 INFO             PET0 ESMF_PIO                    : disabled
20210215 132350.350 INFO             PET0 ESMF_YAMLCPP                : enabled
20210215 132350.350 INFO             PET0 Finalizing ESMF
20210215 132350.369 INFO             PET0 !!!!!!!!!!!!!!!!!!!!!!!!!!!!!!!!!!!!!!!!!!!!!!!!!!!!!!
20210215 132350.370 INFO             PET0 !!! THE ESMF_LOG IS SET TO OUTPUT ALL LOG MESSAGES !!!
20210215 132350.370 INFO             PET0 !!!     THIS MAY CAUSE SLOWDOWN IN PERFORMANCE     !!!
20210215 132350.370 INFO             PET0 !!! FOR PRODUCTION RUNS, USE:                      !!!
20210215 132350.370 INFO             PET0 !!!                   ESMF_LOGKIND_Multi_On_Error  !!!
20210215 132350.370 INFO             PET0 !!!!!!!!!!!!!!!!!!!!!!!!!!!!!!!!!!!!!!!!!!!!!!!!!!!!!!
20210215 132350.370 INFO             PET0 Running with ESMF Version   : ESMF_8_1_0_beta_snapshot_45-5-g214b775dc9
20210215 132350.370 INFO             PET0 ESMF library build date/time: "Feb 15 2021" "13:21:11"
20210215 132350.370 INFO             PET0 ESMF library build location : /project/esmf/himanshu/esmf_test/cronjobs/daily/gfortran/esmf
20210215 132350.370 INFO             PET0 ESMF_COMM                   : mpiuni
20210215 132350.370 INFO             PET0 ESMF_MOAB                   : enabled
20210215 132350.370 INFO             PET0 ESMF_LAPACK                 : enabled
20210215 132350.370 INFO             PET0 ESMF_NETCDF                 : enabled
20210215 132350.370 INFO             PET0 ESMF_PNETCDF                : disabled
20210215 132350.370 INFO             PET0 ESMF_PIO                    : disabled
20210215 132350.370 INFO             PET0 ESMF_YAMLCPP                : enabled
20210215 132350.370 INFO             PET0 Finalizing ESMF
20210215 132350.396 INFO             PET0 !!!!!!!!!!!!!!!!!!!!!!!!!!!!!!!!!!!!!!!!!!!!!!!!!!!!!!
20210215 132350.396 INFO             PET0 !!! THE ESMF_LOG IS SET TO OUTPUT ALL LOG MESSAGES !!!
20210215 132350.396 INFO             PET0 !!!     THIS MAY CAUSE SLOWDOWN IN PERFORMANCE     !!!
20210215 132350.396 INFO             PET0 !!! FOR PRODUCTION RUNS, USE:                      !!!
20210215 132350.396 INFO             PET0 !!!                   ESMF_LOGKIND_Multi_On_Error  !!!
20210215 132350.396 INFO             PET0 !!!!!!!!!!!!!!!!!!!!!!!!!!!!!!!!!!!!!!!!!!!!!!!!!!!!!!
20210215 132350.396 INFO             PET0 Running with ESMF Version   : ESMF_8_1_0_beta_snapshot_45-5-g214b775dc9
20210215 132350.396 INFO             PET0 ESMF library build date/time: "Feb 15 2021" "13:21:11"
20210215 132350.396 INFO             PET0 ESMF library build location : /project/esmf/himanshu/esmf_test/cronjobs/daily/gfortran/esmf
20210215 132350.396 INFO             PET0 ESMF_COMM                   : mpiuni
20210215 132350.397 INFO             PET0 ESMF_MOAB                   : enabled
20210215 132350.397 INFO             PET0 ESMF_LAPACK                 : enabled
20210215 132350.397 INFO             PET0 ESMF_NETCDF                 : enabled
20210215 132350.397 INFO             PET0 ESMF_PNETCDF                : disabled
20210215 132350.397 INFO             PET0 ESMF_PIO                    : disabled
20210215 132350.397 INFO             PET0 ESMF_YAMLCPP                : enabled
20210215 132350.397 INFO             PET0 Finalizing ESMF
Mon Feb 15 16:05:17 MST 2021
