20201209 025707.257 INFO             PET0 !!!!!!!!!!!!!!!!!!!!!!!!!!!!!!!!!!!!!!!!!!!!!!!!!!!!!!
20201209 025707.257 INFO             PET0 !!! THE ESMF_LOG IS SET TO OUTPUT ALL LOG MESSAGES !!!
20201209 025707.257 INFO             PET0 !!!     THIS MAY CAUSE SLOWDOWN IN PERFORMANCE     !!!
20201209 025707.257 INFO             PET0 !!! FOR PRODUCTION RUNS, USE:                      !!!
20201209 025707.257 INFO             PET0 !!!                   ESMF_LOGKIND_Multi_On_Error  !!!
20201209 025707.257 INFO             PET0 !!!!!!!!!!!!!!!!!!!!!!!!!!!!!!!!!!!!!!!!!!!!!!!!!!!!!!
20201209 025707.257 INFO             PET0 Running with ESMF Version   : ESMF_8_1_0_beta_snapshot_38-42-gda33e1c038
20201209 025707.257 INFO             PET0 ESMF library build date/time: "Dec  9 2020" "02:54:06"
20201209 025707.257 INFO             PET0 ESMF library build location : /glade/scratch/himanshu/scripts_dir/daily/gfortran_cheyenne/esmf
20201209 025707.257 INFO             PET0 ESMF_COMM                   : mpich3
20201209 025707.257 INFO             PET0 ESMF_NETCDF                 : disabled
20201209 025707.257 INFO             PET0 ESMF_PNETCDF                : disabled
20201209 025707.257 INFO             PET0 ESMF_PIO                    : enabled
20201209 025707.257 INFO             PET0 ESMF_YAMLCPP                : enabled
20201209 025707.257 INFO             PET0 ESMF_MOAB                   : enabled
20201209 025707.258 INFO             PET0 Finalizing ESMF
20201209 025707.284 INFO             PET0 !!!!!!!!!!!!!!!!!!!!!!!!!!!!!!!!!!!!!!!!!!!!!!!!!!!!!!
20201209 025707.284 INFO             PET0 !!! THE ESMF_LOG IS SET TO OUTPUT ALL LOG MESSAGES !!!
20201209 025707.284 INFO             PET0 !!!     THIS MAY CAUSE SLOWDOWN IN PERFORMANCE     !!!
20201209 025707.284 INFO             PET0 !!! FOR PRODUCTION RUNS, USE:                      !!!
20201209 025707.284 INFO             PET0 !!!                   ESMF_LOGKIND_Multi_On_Error  !!!
20201209 025707.284 INFO             PET0 !!!!!!!!!!!!!!!!!!!!!!!!!!!!!!!!!!!!!!!!!!!!!!!!!!!!!!
20201209 025707.284 INFO             PET0 Running with ESMF Version   : ESMF_8_1_0_beta_snapshot_38-42-gda33e1c038
20201209 025707.284 INFO             PET0 ESMF library build date/time: "Dec  9 2020" "02:54:06"
20201209 025707.284 INFO             PET0 ESMF library build location : /glade/scratch/himanshu/scripts_dir/daily/gfortran_cheyenne/esmf
20201209 025707.284 INFO             PET0 ESMF_COMM                   : mpich3
20201209 025707.284 INFO             PET0 ESMF_NETCDF                 : disabled
20201209 025707.284 INFO             PET0 ESMF_PNETCDF                : disabled
20201209 025707.284 INFO             PET0 ESMF_PIO                    : enabled
20201209 025707.284 INFO             PET0 ESMF_YAMLCPP                : enabled
20201209 025707.284 INFO             PET0 ESMF_MOAB                   : enabled
20201209 025707.284 INFO             PET0 Finalizing ESMF
20201209 025707.309 INFO             PET0 !!!!!!!!!!!!!!!!!!!!!!!!!!!!!!!!!!!!!!!!!!!!!!!!!!!!!!
20201209 025707.309 INFO             PET0 !!! THE ESMF_LOG IS SET TO OUTPUT ALL LOG MESSAGES !!!
20201209 025707.309 INFO             PET0 !!!     THIS MAY CAUSE SLOWDOWN IN PERFORMANCE     !!!
20201209 025707.309 INFO             PET0 !!! FOR PRODUCTION RUNS, USE:                      !!!
20201209 025707.309 INFO             PET0 !!!                   ESMF_LOGKIND_Multi_On_Error  !!!
20201209 025707.309 INFO             PET0 !!!!!!!!!!!!!!!!!!!!!!!!!!!!!!!!!!!!!!!!!!!!!!!!!!!!!!
20201209 025707.309 INFO             PET0 Running with ESMF Version   : ESMF_8_1_0_beta_snapshot_38-42-gda33e1c038
20201209 025707.309 INFO             PET0 ESMF library build date/time: "Dec  9 2020" "02:54:06"
20201209 025707.309 INFO             PET0 ESMF library build location : /glade/scratch/himanshu/scripts_dir/daily/gfortran_cheyenne/esmf
20201209 025707.309 INFO             PET0 ESMF_COMM                   : mpich3
20201209 025707.309 INFO             PET0 ESMF_NETCDF                 : disabled
20201209 025707.309 INFO             PET0 ESMF_PNETCDF                : disabled
20201209 025707.309 INFO             PET0 ESMF_PIO                    : enabled
20201209 025707.309 INFO             PET0 ESMF_YAMLCPP                : enabled
20201209 025707.309 INFO             PET0 ESMF_MOAB                   : enabled
20201209 025707.312 INFO             PET0 Finalizing ESMF
Wed Dec  9 06:16:38 MST 2020
