20210213 055210.277 INFO             PET2 !!!!!!!!!!!!!!!!!!!!!!!!!!!!!!!!!!!!!!!!!!!!!!!!!!!!!!
20210213 055210.277 INFO             PET2 !!! THE ESMF_LOG IS SET TO OUTPUT ALL LOG MESSAGES !!!
20210213 055210.277 INFO             PET2 !!!     THIS MAY CAUSE SLOWDOWN IN PERFORMANCE     !!!
20210213 055210.277 INFO             PET2 !!! FOR PRODUCTION RUNS, USE:                      !!!
20210213 055210.277 INFO             PET2 !!!                   ESMF_LOGKIND_Multi_On_Error  !!!
20210213 055210.277 INFO             PET2 !!!!!!!!!!!!!!!!!!!!!!!!!!!!!!!!!!!!!!!!!!!!!!!!!!!!!!
20210213 055210.277 INFO             PET2 Running with ESMF Version   : ESMF_8_1_0_beta_snapshot_44-80-g014a1253fa
20210213 055210.277 INFO             PET2 ESMF library build date/time: "Feb 13 2021" "05:49:10"
20210213 055210.277 INFO             PET2 ESMF library build location : /glade/scratch/himanshu/scripts_dir/daily/gfortran_cheyenne/esmf
20210213 055210.277 INFO             PET2 ESMF_COMM                   : mpich3
20210213 055210.277 INFO             PET2 ESMF_MOAB                   : enabled
20210213 055210.277 INFO             PET2 ESMF_LAPACK                 : enabled
20210213 055210.277 INFO             PET2 ESMF_NETCDF                 : disabled
20210213 055210.277 INFO             PET2 ESMF_PNETCDF                : disabled
20210213 055210.277 INFO             PET2 ESMF_PIO                    : enabled
20210213 055210.277 INFO             PET2 ESMF_YAMLCPP                : enabled
20210213 055210.278 INFO             PET2 Finalizing ESMF
20210213 055210.305 INFO             PET2 !!!!!!!!!!!!!!!!!!!!!!!!!!!!!!!!!!!!!!!!!!!!!!!!!!!!!!
20210213 055210.305 INFO             PET2 !!! THE ESMF_LOG IS SET TO OUTPUT ALL LOG MESSAGES !!!
20210213 055210.305 INFO             PET2 !!!     THIS MAY CAUSE SLOWDOWN IN PERFORMANCE     !!!
20210213 055210.305 INFO             PET2 !!! FOR PRODUCTION RUNS, USE:                      !!!
20210213 055210.305 INFO             PET2 !!!                   ESMF_LOGKIND_Multi_On_Error  !!!
20210213 055210.305 INFO             PET2 !!!!!!!!!!!!!!!!!!!!!!!!!!!!!!!!!!!!!!!!!!!!!!!!!!!!!!
20210213 055210.305 INFO             PET2 Running with ESMF Version   : ESMF_8_1_0_beta_snapshot_44-80-g014a1253fa
20210213 055210.305 INFO             PET2 ESMF library build date/time: "Feb 13 2021" "05:49:10"
20210213 055210.305 INFO             PET2 ESMF library build location : /glade/scratch/himanshu/scripts_dir/daily/gfortran_cheyenne/esmf
20210213 055210.305 INFO             PET2 ESMF_COMM                   : mpich3
20210213 055210.305 INFO             PET2 ESMF_MOAB                   : enabled
20210213 055210.305 INFO             PET2 ESMF_LAPACK                 : enabled
20210213 055210.305 INFO             PET2 ESMF_NETCDF                 : disabled
20210213 055210.305 INFO             PET2 ESMF_PNETCDF                : disabled
20210213 055210.305 INFO             PET2 ESMF_PIO                    : enabled
20210213 055210.305 INFO             PET2 ESMF_YAMLCPP                : enabled
20210213 055210.306 INFO             PET2 Finalizing ESMF
20210213 055210.330 INFO             PET2 !!!!!!!!!!!!!!!!!!!!!!!!!!!!!!!!!!!!!!!!!!!!!!!!!!!!!!
20210213 055210.330 INFO             PET2 !!! THE ESMF_LOG IS SET TO OUTPUT ALL LOG MESSAGES !!!
20210213 055210.330 INFO             PET2 !!!     THIS MAY CAUSE SLOWDOWN IN PERFORMANCE     !!!
20210213 055210.330 INFO             PET2 !!! FOR PRODUCTION RUNS, USE:                      !!!
20210213 055210.330 INFO             PET2 !!!                   ESMF_LOGKIND_Multi_On_Error  !!!
20210213 055210.330 INFO             PET2 !!!!!!!!!!!!!!!!!!!!!!!!!!!!!!!!!!!!!!!!!!!!!!!!!!!!!!
20210213 055210.330 INFO             PET2 Running with ESMF Version   : ESMF_8_1_0_beta_snapshot_44-80-g014a1253fa
20210213 055210.330 INFO             PET2 ESMF library build date/time: "Feb 13 2021" "05:49:10"
20210213 055210.330 INFO             PET2 ESMF library build location : /glade/scratch/himanshu/scripts_dir/daily/gfortran_cheyenne/esmf
20210213 055210.330 INFO             PET2 ESMF_COMM                   : mpich3
20210213 055210.333 INFO             PET2 ESMF_MOAB                   : enabled
20210213 055210.333 INFO             PET2 ESMF_LAPACK                 : enabled
20210213 055210.333 INFO             PET2 ESMF_NETCDF                 : disabled
20210213 055210.333 INFO             PET2 ESMF_PNETCDF                : disabled
20210213 055210.333 INFO             PET2 ESMF_PIO                    : enabled
20210213 055210.333 INFO             PET2 ESMF_YAMLCPP                : enabled
20210213 055210.333 INFO             PET2 Finalizing ESMF
Sat Feb 13 09:10:31 MST 2021
