20210215 113303.888 INFO             PET3 !!!!!!!!!!!!!!!!!!!!!!!!!!!!!!!!!!!!!!!!!!!!!!!!!!!!!!
20210215 113303.888 INFO             PET3 !!! THE ESMF_LOG IS SET TO OUTPUT ALL LOG MESSAGES !!!
20210215 113303.888 INFO             PET3 !!!     THIS MAY CAUSE SLOWDOWN IN PERFORMANCE     !!!
20210215 113303.888 INFO             PET3 !!! FOR PRODUCTION RUNS, USE:                      !!!
20210215 113303.888 INFO             PET3 !!!                   ESMF_LOGKIND_Multi_On_Error  !!!
20210215 113303.888 INFO             PET3 !!!!!!!!!!!!!!!!!!!!!!!!!!!!!!!!!!!!!!!!!!!!!!!!!!!!!!
20210215 113303.888 INFO             PET3 Running with ESMF Version   : ESMF_8_1_0_beta_snapshot_45-5-g214b775dc9
20210215 113303.888 INFO             PET3 ESMF library build date/time: "Feb 15 2021" "11:30:04"
20210215 113303.888 INFO             PET3 ESMF library build location : /glade/scratch/himanshu/scripts_dir/daily/gfortran_cheyenne/esmf
20210215 113303.888 INFO             PET3 ESMF_COMM                   : mpich3
20210215 113303.888 INFO             PET3 ESMF_MOAB                   : enabled
20210215 113303.888 INFO             PET3 ESMF_LAPACK                 : enabled
20210215 113303.888 INFO             PET3 ESMF_NETCDF                 : disabled
20210215 113303.888 INFO             PET3 ESMF_PNETCDF                : disabled
20210215 113303.888 INFO             PET3 ESMF_PIO                    : enabled
20210215 113303.888 INFO             PET3 ESMF_YAMLCPP                : enabled
20210215 113303.889 INFO             PET3 Finalizing ESMF
20210215 113303.918 INFO             PET3 !!!!!!!!!!!!!!!!!!!!!!!!!!!!!!!!!!!!!!!!!!!!!!!!!!!!!!
20210215 113303.918 INFO             PET3 !!! THE ESMF_LOG IS SET TO OUTPUT ALL LOG MESSAGES !!!
20210215 113303.918 INFO             PET3 !!!     THIS MAY CAUSE SLOWDOWN IN PERFORMANCE     !!!
20210215 113303.918 INFO             PET3 !!! FOR PRODUCTION RUNS, USE:                      !!!
20210215 113303.918 INFO             PET3 !!!                   ESMF_LOGKIND_Multi_On_Error  !!!
20210215 113303.918 INFO             PET3 !!!!!!!!!!!!!!!!!!!!!!!!!!!!!!!!!!!!!!!!!!!!!!!!!!!!!!
20210215 113303.918 INFO             PET3 Running with ESMF Version   : ESMF_8_1_0_beta_snapshot_45-5-g214b775dc9
20210215 113303.918 INFO             PET3 ESMF library build date/time: "Feb 15 2021" "11:30:04"
20210215 113303.918 INFO             PET3 ESMF library build location : /glade/scratch/himanshu/scripts_dir/daily/gfortran_cheyenne/esmf
20210215 113303.918 INFO             PET3 ESMF_COMM                   : mpich3
20210215 113303.918 INFO             PET3 ESMF_MOAB                   : enabled
20210215 113303.918 INFO             PET3 ESMF_LAPACK                 : enabled
20210215 113303.918 INFO             PET3 ESMF_NETCDF                 : disabled
20210215 113303.918 INFO             PET3 ESMF_PNETCDF                : disabled
20210215 113303.918 INFO             PET3 ESMF_PIO                    : enabled
20210215 113303.918 INFO             PET3 ESMF_YAMLCPP                : enabled
20210215 113303.918 INFO             PET3 Finalizing ESMF
20210215 113303.941 INFO             PET3 !!!!!!!!!!!!!!!!!!!!!!!!!!!!!!!!!!!!!!!!!!!!!!!!!!!!!!
20210215 113303.942 INFO             PET3 !!! THE ESMF_LOG IS SET TO OUTPUT ALL LOG MESSAGES !!!
20210215 113303.942 INFO             PET3 !!!     THIS MAY CAUSE SLOWDOWN IN PERFORMANCE     !!!
20210215 113303.942 INFO             PET3 !!! FOR PRODUCTION RUNS, USE:                      !!!
20210215 113303.942 INFO             PET3 !!!                   ESMF_LOGKIND_Multi_On_Error  !!!
20210215 113303.942 INFO             PET3 !!!!!!!!!!!!!!!!!!!!!!!!!!!!!!!!!!!!!!!!!!!!!!!!!!!!!!
20210215 113303.942 INFO             PET3 Running with ESMF Version   : ESMF_8_1_0_beta_snapshot_45-5-g214b775dc9
20210215 113303.942 INFO             PET3 ESMF library build date/time: "Feb 15 2021" "11:30:04"
20210215 113303.942 INFO             PET3 ESMF library build location : /glade/scratch/himanshu/scripts_dir/daily/gfortran_cheyenne/esmf
20210215 113303.942 INFO             PET3 ESMF_COMM                   : mpich3
20210215 113303.944 INFO             PET3 ESMF_MOAB                   : enabled
20210215 113303.944 INFO             PET3 ESMF_LAPACK                 : enabled
20210215 113303.944 INFO             PET3 ESMF_NETCDF                 : disabled
20210215 113303.944 INFO             PET3 ESMF_PNETCDF                : disabled
20210215 113303.944 INFO             PET3 ESMF_PIO                    : enabled
20210215 113303.944 INFO             PET3 ESMF_YAMLCPP                : enabled
20210215 113303.945 INFO             PET3 Finalizing ESMF
Mon Feb 15 14:52:25 MST 2021
