20210106 032410.371 INFO             PET3 !!!!!!!!!!!!!!!!!!!!!!!!!!!!!!!!!!!!!!!!!!!!!!!!!!!!!!
20210106 032410.371 INFO             PET3 !!! THE ESMF_LOG IS SET TO OUTPUT ALL LOG MESSAGES !!!
20210106 032410.371 INFO             PET3 !!!     THIS MAY CAUSE SLOWDOWN IN PERFORMANCE     !!!
20210106 032410.371 INFO             PET3 !!! FOR PRODUCTION RUNS, USE:                      !!!
20210106 032410.371 INFO             PET3 !!!                   ESMF_LOGKIND_Multi_On_Error  !!!
20210106 032410.371 INFO             PET3 !!!!!!!!!!!!!!!!!!!!!!!!!!!!!!!!!!!!!!!!!!!!!!!!!!!!!!
20210106 032410.371 INFO             PET3 Running with ESMF Version   : ESMF_8_1_0_beta_snapshot_41
20210106 032410.371 INFO             PET3 ESMF library build date/time: "Jan  6 2021" "03:21:12"
20210106 032410.371 INFO             PET3 ESMF library build location : /glade/scratch/himanshu/scripts_dir/daily/gfortran_cheyenne/esmf
20210106 032410.371 INFO             PET3 ESMF_COMM                   : mpich3
20210106 032410.372 INFO             PET3 ESMF_NETCDF                 : disabled
20210106 032410.372 INFO             PET3 ESMF_PNETCDF                : disabled
20210106 032410.372 INFO             PET3 ESMF_PIO                    : enabled
20210106 032410.372 INFO             PET3 ESMF_YAMLCPP                : enabled
20210106 032410.372 INFO             PET3 ESMF_MOAB                   : enabled
20210106 032410.372 INFO             PET3 Finalizing ESMF
20210106 032410.397 INFO             PET3 !!!!!!!!!!!!!!!!!!!!!!!!!!!!!!!!!!!!!!!!!!!!!!!!!!!!!!
20210106 032410.397 INFO             PET3 !!! THE ESMF_LOG IS SET TO OUTPUT ALL LOG MESSAGES !!!
20210106 032410.397 INFO             PET3 !!!     THIS MAY CAUSE SLOWDOWN IN PERFORMANCE     !!!
20210106 032410.397 INFO             PET3 !!! FOR PRODUCTION RUNS, USE:                      !!!
20210106 032410.397 INFO             PET3 !!!                   ESMF_LOGKIND_Multi_On_Error  !!!
20210106 032410.397 INFO             PET3 !!!!!!!!!!!!!!!!!!!!!!!!!!!!!!!!!!!!!!!!!!!!!!!!!!!!!!
20210106 032410.397 INFO             PET3 Running with ESMF Version   : ESMF_8_1_0_beta_snapshot_41
20210106 032410.397 INFO             PET3 ESMF library build date/time: "Jan  6 2021" "03:21:12"
20210106 032410.397 INFO             PET3 ESMF library build location : /glade/scratch/himanshu/scripts_dir/daily/gfortran_cheyenne/esmf
20210106 032410.397 INFO             PET3 ESMF_COMM                   : mpich3
20210106 032410.397 INFO             PET3 ESMF_NETCDF                 : disabled
20210106 032410.397 INFO             PET3 ESMF_PNETCDF                : disabled
20210106 032410.397 INFO             PET3 ESMF_PIO                    : enabled
20210106 032410.397 INFO             PET3 ESMF_YAMLCPP                : enabled
20210106 032410.397 INFO             PET3 ESMF_MOAB                   : enabled
20210106 032410.398 INFO             PET3 Finalizing ESMF
20210106 032410.421 INFO             PET3 !!!!!!!!!!!!!!!!!!!!!!!!!!!!!!!!!!!!!!!!!!!!!!!!!!!!!!
20210106 032410.421 INFO             PET3 !!! THE ESMF_LOG IS SET TO OUTPUT ALL LOG MESSAGES !!!
20210106 032410.422 INFO             PET3 !!!     THIS MAY CAUSE SLOWDOWN IN PERFORMANCE     !!!
20210106 032410.422 INFO             PET3 !!! FOR PRODUCTION RUNS, USE:                      !!!
20210106 032410.422 INFO             PET3 !!!                   ESMF_LOGKIND_Multi_On_Error  !!!
20210106 032410.422 INFO             PET3 !!!!!!!!!!!!!!!!!!!!!!!!!!!!!!!!!!!!!!!!!!!!!!!!!!!!!!
20210106 032410.422 INFO             PET3 Running with ESMF Version   : ESMF_8_1_0_beta_snapshot_41
20210106 032410.422 INFO             PET3 ESMF library build date/time: "Jan  6 2021" "03:21:12"
20210106 032410.422 INFO             PET3 ESMF library build location : /glade/scratch/himanshu/scripts_dir/daily/gfortran_cheyenne/esmf
20210106 032410.422 INFO             PET3 ESMF_COMM                   : mpich3
20210106 032410.422 INFO             PET3 ESMF_NETCDF                 : disabled
20210106 032410.422 INFO             PET3 ESMF_PNETCDF                : disabled
20210106 032410.422 INFO             PET3 ESMF_PIO                    : enabled
20210106 032410.422 INFO             PET3 ESMF_YAMLCPP                : enabled
20210106 032410.422 INFO             PET3 ESMF_MOAB                   : enabled
20210106 032410.426 INFO             PET3 Finalizing ESMF
Wed Jan  6 06:38:42 MST 2021
