20201112 025715.918 INFO             PET0 !!!!!!!!!!!!!!!!!!!!!!!!!!!!!!!!!!!!!!!!!!!!!!!!!!!!!!
20201112 025715.918 INFO             PET0 !!! THE ESMF_LOG IS SET TO OUTPUT ALL LOG MESSAGES !!!
20201112 025715.918 INFO             PET0 !!!     THIS MAY CAUSE SLOWDOWN IN PERFORMANCE     !!!
20201112 025715.918 INFO             PET0 !!! FOR PRODUCTION RUNS, USE:                      !!!
20201112 025715.918 INFO             PET0 !!!                   ESMF_LOGKIND_Multi_On_Error  !!!
20201112 025715.918 INFO             PET0 !!!!!!!!!!!!!!!!!!!!!!!!!!!!!!!!!!!!!!!!!!!!!!!!!!!!!!
20201112 025715.918 INFO             PET0 Running with ESMF Version   : ESMF_8_1_0_beta_snapshot_36-35-g260dae2aea
20201112 025715.918 INFO             PET0 ESMF library build date/time: "Nov 12 2020" "02:30:01"
20201112 025715.918 INFO             PET0 ESMF library build location : /glade/scratch/himanshu/scripts_dir/daily/intel_cheyenne/esmf
20201112 025715.918 INFO             PET0 ESMF_COMM                   : mpt
20201112 025715.918 INFO             PET0 ESMF_NETCDF                 : disabled
20201112 025715.918 INFO             PET0 ESMF_PNETCDF                : disabled
20201112 025715.918 INFO             PET0 ESMF_PIO                    : enabled
20201112 025715.918 INFO             PET0 ESMF_YAMLCPP                : enabled
20201112 025715.918 INFO             PET0 ESMF_MOAB                   : enabled
20201112 025716.006 INFO             PET0  NUMBER_OF_PROCESSORS           4
20201112 025716.006 INFO             PET0  PASS  Example ESMF_GridUsageEx, ESMF_GridUsageEx.F90, line 3470
20201112 025716.006 INFO             PET0 Finalizing ESMF
20201112 025715.917 INFO             PET1 !!!!!!!!!!!!!!!!!!!!!!!!!!!!!!!!!!!!!!!!!!!!!!!!!!!!!!
20201112 025715.917 INFO             PET1 !!! THE ESMF_LOG IS SET TO OUTPUT ALL LOG MESSAGES !!!
20201112 025715.917 INFO             PET1 !!!     THIS MAY CAUSE SLOWDOWN IN PERFORMANCE     !!!
20201112 025715.917 INFO             PET1 !!! FOR PRODUCTION RUNS, USE:                      !!!
20201112 025715.917 INFO             PET1 !!!                   ESMF_LOGKIND_Multi_On_Error  !!!
20201112 025715.917 INFO             PET1 !!!!!!!!!!!!!!!!!!!!!!!!!!!!!!!!!!!!!!!!!!!!!!!!!!!!!!
20201112 025715.917 INFO             PET1 Running with ESMF Version   : ESMF_8_1_0_beta_snapshot_36-35-g260dae2aea
20201112 025715.917 INFO             PET1 ESMF library build date/time: "Nov 12 2020" "02:30:01"
20201112 025715.917 INFO             PET1 ESMF library build location : /glade/scratch/himanshu/scripts_dir/daily/intel_cheyenne/esmf
20201112 025715.917 INFO             PET1 ESMF_COMM                   : mpt
20201112 025715.917 INFO             PET1 ESMF_NETCDF                 : disabled
20201112 025715.917 INFO             PET1 ESMF_PNETCDF                : disabled
20201112 025715.917 INFO             PET1 ESMF_PIO                    : enabled
20201112 025715.917 INFO             PET1 ESMF_YAMLCPP                : enabled
20201112 025715.917 INFO             PET1 ESMF_MOAB                   : enabled
20201112 025716.006 INFO             PET1  NUMBER_OF_PROCESSORS           4
20201112 025716.006 INFO             PET1  PASS  Example ESMF_GridUsageEx, ESMF_GridUsageEx.F90, line 3470
20201112 025716.006 INFO             PET1 Finalizing ESMF
20201112 025715.917 INFO             PET2 !!!!!!!!!!!!!!!!!!!!!!!!!!!!!!!!!!!!!!!!!!!!!!!!!!!!!!
20201112 025715.917 INFO             PET2 !!! THE ESMF_LOG IS SET TO OUTPUT ALL LOG MESSAGES !!!
20201112 025715.917 INFO             PET2 !!!     THIS MAY CAUSE SLOWDOWN IN PERFORMANCE     !!!
20201112 025715.917 INFO             PET2 !!! FOR PRODUCTION RUNS, USE:                      !!!
20201112 025715.917 INFO             PET2 !!!                   ESMF_LOGKIND_Multi_On_Error  !!!
20201112 025715.917 INFO             PET2 !!!!!!!!!!!!!!!!!!!!!!!!!!!!!!!!!!!!!!!!!!!!!!!!!!!!!!
20201112 025715.917 INFO             PET2 Running with ESMF Version   : ESMF_8_1_0_beta_snapshot_36-35-g260dae2aea
20201112 025715.917 INFO             PET2 ESMF library build date/time: "Nov 12 2020" "02:30:01"
20201112 025715.917 INFO             PET2 ESMF library build location : /glade/scratch/himanshu/scripts_dir/daily/intel_cheyenne/esmf
20201112 025715.917 INFO             PET2 ESMF_COMM                   : mpt
20201112 025715.917 INFO             PET2 ESMF_NETCDF                 : disabled
20201112 025715.917 INFO             PET2 ESMF_PNETCDF                : disabled
20201112 025715.917 INFO             PET2 ESMF_PIO                    : enabled
20201112 025715.917 INFO             PET2 ESMF_YAMLCPP                : enabled
20201112 025715.917 INFO             PET2 ESMF_MOAB                   : enabled
20201112 025716.006 INFO             PET2  NUMBER_OF_PROCESSORS           4
20201112 025716.006 INFO             PET2  PASS  Example ESMF_GridUsageEx, ESMF_GridUsageEx.F90, line 3470
20201112 025716.006 INFO             PET2 Finalizing ESMF
20201112 025715.917 INFO             PET3 !!!!!!!!!!!!!!!!!!!!!!!!!!!!!!!!!!!!!!!!!!!!!!!!!!!!!!
20201112 025715.917 INFO             PET3 !!! THE ESMF_LOG IS SET TO OUTPUT ALL LOG MESSAGES !!!
20201112 025715.917 INFO             PET3 !!!     THIS MAY CAUSE SLOWDOWN IN PERFORMANCE     !!!
20201112 025715.917 INFO             PET3 !!! FOR PRODUCTION RUNS, USE:                      !!!
20201112 025715.917 INFO             PET3 !!!                   ESMF_LOGKIND_Multi_On_Error  !!!
20201112 025715.917 INFO             PET3 !!!!!!!!!!!!!!!!!!!!!!!!!!!!!!!!!!!!!!!!!!!!!!!!!!!!!!
20201112 025715.917 INFO             PET3 Running with ESMF Version   : ESMF_8_1_0_beta_snapshot_36-35-g260dae2aea
20201112 025715.917 INFO             PET3 ESMF library build date/time: "Nov 12 2020" "02:30:01"
20201112 025715.917 INFO             PET3 ESMF library build location : /glade/scratch/himanshu/scripts_dir/daily/intel_cheyenne/esmf
20201112 025715.917 INFO             PET3 ESMF_COMM                   : mpt
20201112 025715.917 INFO             PET3 ESMF_NETCDF                 : disabled
20201112 025715.917 INFO             PET3 ESMF_PNETCDF                : disabled
20201112 025715.917 INFO             PET3 ESMF_PIO                    : enabled
20201112 025715.917 INFO             PET3 ESMF_YAMLCPP                : enabled
20201112 025715.917 INFO             PET3 ESMF_MOAB                   : enabled
20201112 025716.006 INFO             PET3  NUMBER_OF_PROCESSORS           4
20201112 025716.006 INFO             PET3  PASS  Example ESMF_GridUsageEx, ESMF_GridUsageEx.F90, line 3470
20201112 025716.006 INFO             PET3 Finalizing ESMF
Thu Nov 12 09:50:20 MST 2020
