20201215 021642.979 INFO             PET0 !!!!!!!!!!!!!!!!!!!!!!!!!!!!!!!!!!!!!!!!!!!!!!!!!!!!!!
20201215 021642.979 INFO             PET0 !!! THE ESMF_LOG IS SET TO OUTPUT ALL LOG MESSAGES !!!
20201215 021642.979 INFO             PET0 !!!     THIS MAY CAUSE SLOWDOWN IN PERFORMANCE     !!!
20201215 021642.979 INFO             PET0 !!! FOR PRODUCTION RUNS, USE:                      !!!
20201215 021642.979 INFO             PET0 !!!                   ESMF_LOGKIND_Multi_On_Error  !!!
20201215 021642.979 INFO             PET0 !!!!!!!!!!!!!!!!!!!!!!!!!!!!!!!!!!!!!!!!!!!!!!!!!!!!!!
20201215 021642.979 INFO             PET0 Running with ESMF Version   : ESMF_8_1_0_beta_snapshot_38-56-g64c6beb142
20201215 021642.979 INFO             PET0 ESMF library build date/time: "Dec 15 2020" "02:07:08"
20201215 021642.979 INFO             PET0 ESMF library build location : /glade/scratch/himanshu/scripts_dir/daily/gfortran_cheyenne/esmf
20201215 021642.979 INFO             PET0 ESMF_COMM                   : mpich3
20201215 021642.979 INFO             PET0 ESMF_NETCDF                 : disabled
20201215 021642.979 INFO             PET0 ESMF_PNETCDF                : disabled
20201215 021642.979 INFO             PET0 ESMF_PIO                    : enabled
20201215 021642.979 INFO             PET0 ESMF_YAMLCPP                : enabled
20201215 021642.979 INFO             PET0 ESMF_MOAB                   : enabled
20201215 021642.979 INFO             PET0 ESMF Tracing Enabled
20201215 021642.979 INFO             PET0 ESMF Profiling Enabled
20201215 021642.979 INFO             PET0 ESMF Trace/Profile clock: REALTIME
20201215 021642.980 INFO             PET0  NUMBER_OF_PROCESSORS           4
20201215 021642.980 INFO             PET0  PASS  Example ESMF_TraceUserEx, ESMF_TraceUserEx.F90, line 125
20201215 021642.980 INFO             PET0 Finalizing ESMF
20201215 021642.980 INFO             PET0 **************** Region Timings *******************
20201215 021642.980 INFO             PET0 Region              Count  Total (s)   Self (s)    Mean (s)    Min (s)     Max (s)
20201215 021642.980 INFO             PET0   outer_region      1      0.0001      0.0000      0.0001      0.0001      0.0001
20201215 021642.980 INFO             PET0     inner_region_1  10     0.0000      0.0000      0.0000      0.0000      0.0000
20201215 021642.980 INFO             PET0     inner_region_2  10     0.0000      0.0000      0.0000      0.0000      0.0000
20201215 021642.979 INFO             PET1 !!!!!!!!!!!!!!!!!!!!!!!!!!!!!!!!!!!!!!!!!!!!!!!!!!!!!!
20201215 021642.979 INFO             PET1 !!! THE ESMF_LOG IS SET TO OUTPUT ALL LOG MESSAGES !!!
20201215 021642.979 INFO             PET1 !!!     THIS MAY CAUSE SLOWDOWN IN PERFORMANCE     !!!
20201215 021642.979 INFO             PET1 !!! FOR PRODUCTION RUNS, USE:                      !!!
20201215 021642.979 INFO             PET1 !!!                   ESMF_LOGKIND_Multi_On_Error  !!!
20201215 021642.979 INFO             PET1 !!!!!!!!!!!!!!!!!!!!!!!!!!!!!!!!!!!!!!!!!!!!!!!!!!!!!!
20201215 021642.979 INFO             PET1 Running with ESMF Version   : ESMF_8_1_0_beta_snapshot_38-56-g64c6beb142
20201215 021642.979 INFO             PET1 ESMF library build date/time: "Dec 15 2020" "02:07:08"
20201215 021642.979 INFO             PET1 ESMF library build location : /glade/scratch/himanshu/scripts_dir/daily/gfortran_cheyenne/esmf
20201215 021642.979 INFO             PET1 ESMF_COMM                   : mpich3
20201215 021642.979 INFO             PET1 ESMF_NETCDF                 : disabled
20201215 021642.979 INFO             PET1 ESMF_PNETCDF                : disabled
20201215 021642.979 INFO             PET1 ESMF_PIO                    : enabled
20201215 021642.979 INFO             PET1 ESMF_YAMLCPP                : enabled
20201215 021642.979 INFO             PET1 ESMF_MOAB                   : enabled
20201215 021642.979 INFO             PET1 ESMF Tracing Enabled
20201215 021642.979 INFO             PET1 ESMF Profiling Enabled
20201215 021642.979 INFO             PET1 ESMF Trace/Profile clock: REALTIME
20201215 021642.980 INFO             PET1  NUMBER_OF_PROCESSORS           4
20201215 021642.980 INFO             PET1  PASS  Example ESMF_TraceUserEx, ESMF_TraceUserEx.F90, line 125
20201215 021642.980 INFO             PET1 Finalizing ESMF
20201215 021642.980 INFO             PET1 **************** Region Timings *******************
20201215 021642.980 INFO             PET1 Region              Count  Total (s)   Self (s)    Mean (s)    Min (s)     Max (s)
20201215 021642.980 INFO             PET1   outer_region      1      0.0001      0.0000      0.0001      0.0001      0.0001
20201215 021642.980 INFO             PET1     inner_region_1  10     0.0000      0.0000      0.0000      0.0000      0.0000
20201215 021642.980 INFO             PET1     inner_region_2  10     0.0000      0.0000      0.0000      0.0000      0.0000
20201215 021642.979 INFO             PET2 !!!!!!!!!!!!!!!!!!!!!!!!!!!!!!!!!!!!!!!!!!!!!!!!!!!!!!
20201215 021642.979 INFO             PET2 !!! THE ESMF_LOG IS SET TO OUTPUT ALL LOG MESSAGES !!!
20201215 021642.979 INFO             PET2 !!!     THIS MAY CAUSE SLOWDOWN IN PERFORMANCE     !!!
20201215 021642.979 INFO             PET2 !!! FOR PRODUCTION RUNS, USE:                      !!!
20201215 021642.979 INFO             PET2 !!!                   ESMF_LOGKIND_Multi_On_Error  !!!
20201215 021642.979 INFO             PET2 !!!!!!!!!!!!!!!!!!!!!!!!!!!!!!!!!!!!!!!!!!!!!!!!!!!!!!
20201215 021642.979 INFO             PET2 Running with ESMF Version   : ESMF_8_1_0_beta_snapshot_38-56-g64c6beb142
20201215 021642.979 INFO             PET2 ESMF library build date/time: "Dec 15 2020" "02:07:08"
20201215 021642.979 INFO             PET2 ESMF library build location : /glade/scratch/himanshu/scripts_dir/daily/gfortran_cheyenne/esmf
20201215 021642.979 INFO             PET2 ESMF_COMM                   : mpich3
20201215 021642.979 INFO             PET2 ESMF_NETCDF                 : disabled
20201215 021642.979 INFO             PET2 ESMF_PNETCDF                : disabled
20201215 021642.979 INFO             PET2 ESMF_PIO                    : enabled
20201215 021642.979 INFO             PET2 ESMF_YAMLCPP                : enabled
20201215 021642.979 INFO             PET2 ESMF_MOAB                   : enabled
20201215 021642.979 INFO             PET2 ESMF Tracing Enabled
20201215 021642.979 INFO             PET2 ESMF Profiling Enabled
20201215 021642.979 INFO             PET2 ESMF Trace/Profile clock: REALTIME
20201215 021642.980 INFO             PET2  NUMBER_OF_PROCESSORS           4
20201215 021642.980 INFO             PET2  PASS  Example ESMF_TraceUserEx, ESMF_TraceUserEx.F90, line 125
20201215 021642.980 INFO             PET2 Finalizing ESMF
20201215 021642.980 INFO             PET2 **************** Region Timings *******************
20201215 021642.980 INFO             PET2 Region              Count  Total (s)   Self (s)    Mean (s)    Min (s)     Max (s)
20201215 021642.980 INFO             PET2   outer_region      1      0.0001      0.0000      0.0001      0.0001      0.0001
20201215 021642.980 INFO             PET2     inner_region_1  10     0.0000      0.0000      0.0000      0.0000      0.0000
20201215 021642.980 INFO             PET2     inner_region_2  10     0.0000      0.0000      0.0000      0.0000      0.0000
20201215 021642.979 INFO             PET3 !!!!!!!!!!!!!!!!!!!!!!!!!!!!!!!!!!!!!!!!!!!!!!!!!!!!!!
20201215 021642.979 INFO             PET3 !!! THE ESMF_LOG IS SET TO OUTPUT ALL LOG MESSAGES !!!
20201215 021642.979 INFO             PET3 !!!     THIS MAY CAUSE SLOWDOWN IN PERFORMANCE     !!!
20201215 021642.979 INFO             PET3 !!! FOR PRODUCTION RUNS, USE:                      !!!
20201215 021642.979 INFO             PET3 !!!                   ESMF_LOGKIND_Multi_On_Error  !!!
20201215 021642.979 INFO             PET3 !!!!!!!!!!!!!!!!!!!!!!!!!!!!!!!!!!!!!!!!!!!!!!!!!!!!!!
20201215 021642.979 INFO             PET3 Running with ESMF Version   : ESMF_8_1_0_beta_snapshot_38-56-g64c6beb142
20201215 021642.979 INFO             PET3 ESMF library build date/time: "Dec 15 2020" "02:07:08"
20201215 021642.979 INFO             PET3 ESMF library build location : /glade/scratch/himanshu/scripts_dir/daily/gfortran_cheyenne/esmf
20201215 021642.979 INFO             PET3 ESMF_COMM                   : mpich3
20201215 021642.979 INFO             PET3 ESMF_NETCDF                 : disabled
20201215 021642.979 INFO             PET3 ESMF_PNETCDF                : disabled
20201215 021642.979 INFO             PET3 ESMF_PIO                    : enabled
20201215 021642.979 INFO             PET3 ESMF_YAMLCPP                : enabled
20201215 021642.979 INFO             PET3 ESMF_MOAB                   : enabled
20201215 021642.979 INFO             PET3 ESMF Tracing Enabled
20201215 021642.979 INFO             PET3 ESMF Profiling Enabled
20201215 021642.979 INFO             PET3 ESMF Trace/Profile clock: REALTIME
20201215 021642.980 INFO             PET3  NUMBER_OF_PROCESSORS           4
20201215 021642.980 INFO             PET3  PASS  Example ESMF_TraceUserEx, ESMF_TraceUserEx.F90, line 125
20201215 021642.980 INFO             PET3 Finalizing ESMF
20201215 021642.980 INFO             PET3 **************** Region Timings *******************
20201215 021642.980 INFO             PET3 Region              Count  Total (s)   Self (s)    Mean (s)    Min (s)     Max (s)
20201215 021642.980 INFO             PET3   outer_region      1      0.0001      0.0000      0.0001      0.0001      0.0001
20201215 021642.980 INFO             PET3     inner_region_1  10     0.0000      0.0000      0.0000      0.0000      0.0000
20201215 021642.980 INFO             PET3     inner_region_2  10     0.0000      0.0000      0.0000      0.0000      0.0000
Tue Dec 15 06:44:23 MST 2020
