20210217 092349.999 INFO             PET0 !!!!!!!!!!!!!!!!!!!!!!!!!!!!!!!!!!!!!!!!!!!!!!!!!!!!!!
20210217 092349.999 INFO             PET0 !!! THE ESMF_LOG IS SET TO OUTPUT ALL LOG MESSAGES !!!
20210217 092349.999 INFO             PET0 !!!     THIS MAY CAUSE SLOWDOWN IN PERFORMANCE     !!!
20210217 092349.999 INFO             PET0 !!! FOR PRODUCTION RUNS, USE:                      !!!
20210217 092349.999 INFO             PET0 !!!                   ESMF_LOGKIND_Multi_On_Error  !!!
20210217 092349.999 INFO             PET0 !!!!!!!!!!!!!!!!!!!!!!!!!!!!!!!!!!!!!!!!!!!!!!!!!!!!!!
20210217 092349.999 INFO             PET0 Running with ESMF Version   : ESMF_8_1_0_beta_snapshot_46-2-g1ccee674c3
20210217 092349.999 INFO             PET0 ESMF library build date/time: "Feb 17 2021" "09:13:54"
20210217 092349.999 INFO             PET0 ESMF library build location : /glade/scratch/himanshu/scripts_dir/daily/gfortran_cheyenne/esmf
20210217 092349.999 INFO             PET0 ESMF_COMM                   : mpich3
20210217 092349.999 INFO             PET0 ESMF_MOAB                   : enabled
20210217 092349.999 INFO             PET0 ESMF_LAPACK                 : enabled
20210217 092349.999 INFO             PET0 ESMF_NETCDF                 : disabled
20210217 092349.999 INFO             PET0 ESMF_PNETCDF                : disabled
20210217 092349.999 INFO             PET0 ESMF_PIO                    : enabled
20210217 092349.999 INFO             PET0 ESMF_YAMLCPP                : enabled
20210217 092349.999 INFO             PET0  NUMBER_OF_PROCESSORS           2
20210217 092350.000 INFO             PET0  PASS  Example ESMF_VMUserMpiCommEx, ESMF_VMUserMpiCommEx.F90, line 113
20210217 092350.000 INFO             PET0 Finalizing ESMF
20210217 092349.999 INFO             PET1 !!!!!!!!!!!!!!!!!!!!!!!!!!!!!!!!!!!!!!!!!!!!!!!!!!!!!!
20210217 092349.999 INFO             PET1 !!! THE ESMF_LOG IS SET TO OUTPUT ALL LOG MESSAGES !!!
20210217 092349.999 INFO             PET1 !!!     THIS MAY CAUSE SLOWDOWN IN PERFORMANCE     !!!
20210217 092349.999 INFO             PET1 !!! FOR PRODUCTION RUNS, USE:                      !!!
20210217 092349.999 INFO             PET1 !!!                   ESMF_LOGKIND_Multi_On_Error  !!!
20210217 092349.999 INFO             PET1 !!!!!!!!!!!!!!!!!!!!!!!!!!!!!!!!!!!!!!!!!!!!!!!!!!!!!!
20210217 092349.999 INFO             PET1 Running with ESMF Version   : ESMF_8_1_0_beta_snapshot_46-2-g1ccee674c3
20210217 092349.999 INFO             PET1 ESMF library build date/time: "Feb 17 2021" "09:13:54"
20210217 092349.999 INFO             PET1 ESMF library build location : /glade/scratch/himanshu/scripts_dir/daily/gfortran_cheyenne/esmf
20210217 092349.999 INFO             PET1 ESMF_COMM                   : mpich3
20210217 092349.999 INFO             PET1 ESMF_MOAB                   : enabled
20210217 092349.999 INFO             PET1 ESMF_LAPACK                 : enabled
20210217 092349.999 INFO             PET1 ESMF_NETCDF                 : disabled
20210217 092349.999 INFO             PET1 ESMF_PNETCDF                : disabled
20210217 092349.999 INFO             PET1 ESMF_PIO                    : enabled
20210217 092349.999 INFO             PET1 ESMF_YAMLCPP                : enabled
20210217 092349.999 INFO             PET1  NUMBER_OF_PROCESSORS           2
20210217 092350.000 INFO             PET1  PASS  Example ESMF_VMUserMpiCommEx, ESMF_VMUserMpiCommEx.F90, line 113
20210217 092350.000 INFO             PET1 Finalizing ESMF
Wed Feb 17 13:53:06 MST 2021
