20201213 034457.324 INFO             PET0 !!!!!!!!!!!!!!!!!!!!!!!!!!!!!!!!!!!!!!!!!!!!!!!!!!!!!!
20201213 034457.324 INFO             PET0 !!! THE ESMF_LOG IS SET TO OUTPUT ALL LOG MESSAGES !!!
20201213 034457.324 INFO             PET0 !!!     THIS MAY CAUSE SLOWDOWN IN PERFORMANCE     !!!
20201213 034457.325 INFO             PET0 !!! FOR PRODUCTION RUNS, USE:                      !!!
20201213 034457.325 INFO             PET0 !!!                   ESMF_LOGKIND_Multi_On_Error  !!!
20201213 034457.325 INFO             PET0 !!!!!!!!!!!!!!!!!!!!!!!!!!!!!!!!!!!!!!!!!!!!!!!!!!!!!!
20201213 034457.325 INFO             PET0 Running with ESMF Version   : ESMF_8_1_0_beta_snapshot_38-50-g5964c0c955
20201213 034457.325 INFO             PET0 ESMF library build date/time: "Dec 13 2020" "02:40:06"
20201213 034457.325 INFO             PET0 ESMF library build location : /home1/07356/tg866552/himanshu/esmf
20201213 034457.325 INFO             PET0 ESMF_COMM                   : intelmpi
20201213 034457.329 INFO             PET0 ESMF_NETCDF                 : enabled
20201213 034457.329 INFO             PET0 ESMF_PNETCDF                : disabled
20201213 034457.329 INFO             PET0 ESMF_PIO                    : enabled
20201213 034457.329 INFO             PET0 ESMF_YAMLCPP                : enabled
20201213 034457.329 INFO             PET0 ESMF_MOAB                   : enabled
20201213 034457.975 INFO             PET0  NUMBER_OF_PROCESSORS           4
20201213 034457.975 INFO             PET0  PASS  Example ESMF_NUOPCAtmModelEx, ESMF_NUOPCAtmModelEx.F90, line 1015
20201213 034457.975 INFO             PET0 Finalizing ESMF
20201213 034457.324 INFO             PET1 !!!!!!!!!!!!!!!!!!!!!!!!!!!!!!!!!!!!!!!!!!!!!!!!!!!!!!
20201213 034457.325 INFO             PET1 !!! THE ESMF_LOG IS SET TO OUTPUT ALL LOG MESSAGES !!!
20201213 034457.325 INFO             PET1 !!!     THIS MAY CAUSE SLOWDOWN IN PERFORMANCE     !!!
20201213 034457.325 INFO             PET1 !!! FOR PRODUCTION RUNS, USE:                      !!!
20201213 034457.325 INFO             PET1 !!!                   ESMF_LOGKIND_Multi_On_Error  !!!
20201213 034457.325 INFO             PET1 !!!!!!!!!!!!!!!!!!!!!!!!!!!!!!!!!!!!!!!!!!!!!!!!!!!!!!
20201213 034457.325 INFO             PET1 Running with ESMF Version   : ESMF_8_1_0_beta_snapshot_38-50-g5964c0c955
20201213 034457.325 INFO             PET1 ESMF library build date/time: "Dec 13 2020" "02:40:06"
20201213 034457.325 INFO             PET1 ESMF library build location : /home1/07356/tg866552/himanshu/esmf
20201213 034457.325 INFO             PET1 ESMF_COMM                   : intelmpi
20201213 034457.329 INFO             PET1 ESMF_NETCDF                 : enabled
20201213 034457.329 INFO             PET1 ESMF_PNETCDF                : disabled
20201213 034457.329 INFO             PET1 ESMF_PIO                    : enabled
20201213 034457.329 INFO             PET1 ESMF_YAMLCPP                : enabled
20201213 034457.329 INFO             PET1 ESMF_MOAB                   : enabled
20201213 034457.975 INFO             PET1  NUMBER_OF_PROCESSORS           4
20201213 034457.975 INFO             PET1  PASS  Example ESMF_NUOPCAtmModelEx, ESMF_NUOPCAtmModelEx.F90, line 1015
20201213 034457.975 INFO             PET1 Finalizing ESMF
20201213 034457.321 INFO             PET2 !!!!!!!!!!!!!!!!!!!!!!!!!!!!!!!!!!!!!!!!!!!!!!!!!!!!!!
20201213 034457.321 INFO             PET2 !!! THE ESMF_LOG IS SET TO OUTPUT ALL LOG MESSAGES !!!
20201213 034457.322 INFO             PET2 !!!     THIS MAY CAUSE SLOWDOWN IN PERFORMANCE     !!!
20201213 034457.322 INFO             PET2 !!! FOR PRODUCTION RUNS, USE:                      !!!
20201213 034457.322 INFO             PET2 !!!                   ESMF_LOGKIND_Multi_On_Error  !!!
20201213 034457.322 INFO             PET2 !!!!!!!!!!!!!!!!!!!!!!!!!!!!!!!!!!!!!!!!!!!!!!!!!!!!!!
20201213 034457.322 INFO             PET2 Running with ESMF Version   : ESMF_8_1_0_beta_snapshot_38-50-g5964c0c955
20201213 034457.322 INFO             PET2 ESMF library build date/time: "Dec 13 2020" "02:40:06"
20201213 034457.322 INFO             PET2 ESMF library build location : /home1/07356/tg866552/himanshu/esmf
20201213 034457.322 INFO             PET2 ESMF_COMM                   : intelmpi
20201213 034457.326 INFO             PET2 ESMF_NETCDF                 : enabled
20201213 034457.327 INFO             PET2 ESMF_PNETCDF                : disabled
20201213 034457.327 INFO             PET2 ESMF_PIO                    : enabled
20201213 034457.327 INFO             PET2 ESMF_YAMLCPP                : enabled
20201213 034457.327 INFO             PET2 ESMF_MOAB                   : enabled
20201213 034457.975 INFO             PET2  NUMBER_OF_PROCESSORS           4
20201213 034457.975 INFO             PET2  PASS  Example ESMF_NUOPCAtmModelEx, ESMF_NUOPCAtmModelEx.F90, line 1015
20201213 034457.975 INFO             PET2 Finalizing ESMF
20201213 034457.323 INFO             PET3 !!!!!!!!!!!!!!!!!!!!!!!!!!!!!!!!!!!!!!!!!!!!!!!!!!!!!!
20201213 034457.324 INFO             PET3 !!! THE ESMF_LOG IS SET TO OUTPUT ALL LOG MESSAGES !!!
20201213 034457.324 INFO             PET3 !!!     THIS MAY CAUSE SLOWDOWN IN PERFORMANCE     !!!
20201213 034457.324 INFO             PET3 !!! FOR PRODUCTION RUNS, USE:                      !!!
20201213 034457.324 INFO             PET3 !!!                   ESMF_LOGKIND_Multi_On_Error  !!!
20201213 034457.324 INFO             PET3 !!!!!!!!!!!!!!!!!!!!!!!!!!!!!!!!!!!!!!!!!!!!!!!!!!!!!!
20201213 034457.324 INFO             PET3 Running with ESMF Version   : ESMF_8_1_0_beta_snapshot_38-50-g5964c0c955
20201213 034457.324 INFO             PET3 ESMF library build date/time: "Dec 13 2020" "02:40:06"
20201213 034457.324 INFO             PET3 ESMF library build location : /home1/07356/tg866552/himanshu/esmf
20201213 034457.324 INFO             PET3 ESMF_COMM                   : intelmpi
20201213 034457.328 INFO             PET3 ESMF_NETCDF                 : enabled
20201213 034457.328 INFO             PET3 ESMF_PNETCDF                : disabled
20201213 034457.328 INFO             PET3 ESMF_PIO                    : enabled
20201213 034457.328 INFO             PET3 ESMF_YAMLCPP                : enabled
20201213 034457.328 INFO             PET3 ESMF_MOAB                   : enabled
20201213 034457.975 INFO             PET3  NUMBER_OF_PROCESSORS           4
20201213 034457.975 INFO             PET3  PASS  Example ESMF_NUOPCAtmModelEx, ESMF_NUOPCAtmModelEx.F90, line 1015
20201213 034457.975 INFO             PET3 Finalizing ESMF
Sun Dec 13 09:14:38 CST 2020
