20200925 102121.217 INFO             PET0 !!!!!!!!!!!!!!!!!!!!!!!!!!!!!!!!!!!!!!!!!!!!!!!!!!!!!!
20200925 102121.218 INFO             PET0 !!! THE ESMF_LOG IS SET TO OUTPUT ALL LOG MESSAGES !!!
20200925 102121.218 INFO             PET0 !!!     THIS MAY CAUSE SLOWDOWN IN PERFORMANCE     !!!
20200925 102121.218 INFO             PET0 !!! FOR PRODUCTION RUNS, USE:                      !!!
20200925 102121.218 INFO             PET0 !!!                   ESMF_LOGKIND_Multi_On_Error  !!!
20200925 102121.218 INFO             PET0 !!!!!!!!!!!!!!!!!!!!!!!!!!!!!!!!!!!!!!!!!!!!!!!!!!!!!!
20200925 102121.218 INFO             PET0 Running with ESMF Version   : ESMF_8_1_0_beta_snapshot_30
20200925 102121.218 INFO             PET0 ESMF library build date/time: "Sep 25 2020" "09:22:00"
20200925 102121.218 INFO             PET0 ESMF library build location : /home1/07356/tg866552/himanshu/esmf
20200925 102121.218 INFO             PET0 ESMF_COMM                   : intelmpi
20200925 102121.222 INFO             PET0 ESMF_NETCDF                 : enabled
20200925 102121.222 INFO             PET0 ESMF_PNETCDF                : disabled
20200925 102121.222 INFO             PET0 ESMF_PIO                    : enabled
20200925 102121.222 INFO             PET0 ESMF_YAMLCPP                : enabled
20200925 102121.222 INFO             PET0 ESMF_MOAB                   : enabled
20200925 102121.241 INFO             PET0  NUMBER_OF_PROCESSORS           4
20200925 102121.242 INFO             PET0  PASS  Example ESMF_ArrayFarrayEx, ESMF_ArrayFarrayEx.F90, line 287
20200925 102121.242 INFO             PET0 Finalizing ESMF
20200925 102121.223 INFO             PET1 !!!!!!!!!!!!!!!!!!!!!!!!!!!!!!!!!!!!!!!!!!!!!!!!!!!!!!
20200925 102121.224 INFO             PET1 !!! THE ESMF_LOG IS SET TO OUTPUT ALL LOG MESSAGES !!!
20200925 102121.224 INFO             PET1 !!!     THIS MAY CAUSE SLOWDOWN IN PERFORMANCE     !!!
20200925 102121.224 INFO             PET1 !!! FOR PRODUCTION RUNS, USE:                      !!!
20200925 102121.224 INFO             PET1 !!!                   ESMF_LOGKIND_Multi_On_Error  !!!
20200925 102121.224 INFO             PET1 !!!!!!!!!!!!!!!!!!!!!!!!!!!!!!!!!!!!!!!!!!!!!!!!!!!!!!
20200925 102121.224 INFO             PET1 Running with ESMF Version   : ESMF_8_1_0_beta_snapshot_30
20200925 102121.224 INFO             PET1 ESMF library build date/time: "Sep 25 2020" "09:22:00"
20200925 102121.224 INFO             PET1 ESMF library build location : /home1/07356/tg866552/himanshu/esmf
20200925 102121.224 INFO             PET1 ESMF_COMM                   : intelmpi
20200925 102121.228 INFO             PET1 ESMF_NETCDF                 : enabled
20200925 102121.228 INFO             PET1 ESMF_PNETCDF                : disabled
20200925 102121.228 INFO             PET1 ESMF_PIO                    : enabled
20200925 102121.228 INFO             PET1 ESMF_YAMLCPP                : enabled
20200925 102121.229 INFO             PET1 ESMF_MOAB                   : enabled
20200925 102121.241 INFO             PET1  NUMBER_OF_PROCESSORS           4
20200925 102121.241 INFO             PET1  PASS  Example ESMF_ArrayFarrayEx, ESMF_ArrayFarrayEx.F90, line 287
20200925 102121.241 INFO             PET1 Finalizing ESMF
20200925 102121.228 INFO             PET2 !!!!!!!!!!!!!!!!!!!!!!!!!!!!!!!!!!!!!!!!!!!!!!!!!!!!!!
20200925 102121.228 INFO             PET2 !!! THE ESMF_LOG IS SET TO OUTPUT ALL LOG MESSAGES !!!
20200925 102121.228 INFO             PET2 !!!     THIS MAY CAUSE SLOWDOWN IN PERFORMANCE     !!!
20200925 102121.228 INFO             PET2 !!! FOR PRODUCTION RUNS, USE:                      !!!
20200925 102121.228 INFO             PET2 !!!                   ESMF_LOGKIND_Multi_On_Error  !!!
20200925 102121.228 INFO             PET2 !!!!!!!!!!!!!!!!!!!!!!!!!!!!!!!!!!!!!!!!!!!!!!!!!!!!!!
20200925 102121.228 INFO             PET2 Running with ESMF Version   : ESMF_8_1_0_beta_snapshot_30
20200925 102121.228 INFO             PET2 ESMF library build date/time: "Sep 25 2020" "09:22:00"
20200925 102121.228 INFO             PET2 ESMF library build location : /home1/07356/tg866552/himanshu/esmf
20200925 102121.228 INFO             PET2 ESMF_COMM                   : intelmpi
20200925 102121.232 INFO             PET2 ESMF_NETCDF                 : enabled
20200925 102121.232 INFO             PET2 ESMF_PNETCDF                : disabled
20200925 102121.232 INFO             PET2 ESMF_PIO                    : enabled
20200925 102121.232 INFO             PET2 ESMF_YAMLCPP                : enabled
20200925 102121.232 INFO             PET2 ESMF_MOAB                   : enabled
20200925 102121.241 INFO             PET2  NUMBER_OF_PROCESSORS           4
20200925 102121.241 INFO             PET2  PASS  Example ESMF_ArrayFarrayEx, ESMF_ArrayFarrayEx.F90, line 287
20200925 102121.241 INFO             PET2 Finalizing ESMF
20200925 102121.225 INFO             PET3 !!!!!!!!!!!!!!!!!!!!!!!!!!!!!!!!!!!!!!!!!!!!!!!!!!!!!!
20200925 102121.226 INFO             PET3 !!! THE ESMF_LOG IS SET TO OUTPUT ALL LOG MESSAGES !!!
20200925 102121.226 INFO             PET3 !!!     THIS MAY CAUSE SLOWDOWN IN PERFORMANCE     !!!
20200925 102121.226 INFO             PET3 !!! FOR PRODUCTION RUNS, USE:                      !!!
20200925 102121.226 INFO             PET3 !!!                   ESMF_LOGKIND_Multi_On_Error  !!!
20200925 102121.226 INFO             PET3 !!!!!!!!!!!!!!!!!!!!!!!!!!!!!!!!!!!!!!!!!!!!!!!!!!!!!!
20200925 102121.226 INFO             PET3 Running with ESMF Version   : ESMF_8_1_0_beta_snapshot_30
20200925 102121.226 INFO             PET3 ESMF library build date/time: "Sep 25 2020" "09:22:00"
20200925 102121.226 INFO             PET3 ESMF library build location : /home1/07356/tg866552/himanshu/esmf
20200925 102121.226 INFO             PET3 ESMF_COMM                   : intelmpi
20200925 102121.230 INFO             PET3 ESMF_NETCDF                 : enabled
20200925 102121.230 INFO             PET3 ESMF_PNETCDF                : disabled
20200925 102121.230 INFO             PET3 ESMF_PIO                    : enabled
20200925 102121.230 INFO             PET3 ESMF_YAMLCPP                : enabled
20200925 102121.230 INFO             PET3 ESMF_MOAB                   : enabled
20200925 102121.241 INFO             PET3  NUMBER_OF_PROCESSORS           4
20200925 102121.241 INFO             PET3  PASS  Example ESMF_ArrayFarrayEx, ESMF_ArrayFarrayEx.F90, line 287
20200925 102121.241 INFO             PET3 Finalizing ESMF
