20210103 224131.149 INFO             PET0 !!!!!!!!!!!!!!!!!!!!!!!!!!!!!!!!!!!!!!!!!!!!!!!!!!!!!!
20210103 224131.149 INFO             PET0 !!! THE ESMF_LOG IS SET TO OUTPUT ALL LOG MESSAGES !!!
20210103 224131.150 INFO             PET0 !!!     THIS MAY CAUSE SLOWDOWN IN PERFORMANCE     !!!
20210103 224131.150 INFO             PET0 !!! FOR PRODUCTION RUNS, USE:                      !!!
20210103 224131.150 INFO             PET0 !!!                   ESMF_LOGKIND_Multi_On_Error  !!!
20210103 224131.150 INFO             PET0 !!!!!!!!!!!!!!!!!!!!!!!!!!!!!!!!!!!!!!!!!!!!!!!!!!!!!!
20210103 224131.150 INFO             PET0 Running with ESMF Version   : ESMF_8_1_0_beta_snapshot_40-5-g9b832b5a2f
20210103 224131.150 INFO             PET0 ESMF library build date/time: "Jan  3 2021" "21:30:42"
20210103 224131.150 INFO             PET0 ESMF library build location : /home1/07356/tg866552/himanshu/esmf
20210103 224131.150 INFO             PET0 ESMF_COMM                   : intelmpi
20210103 224131.155 INFO             PET0 ESMF_NETCDF                 : enabled
20210103 224131.155 INFO             PET0 ESMF_PNETCDF                : disabled
20210103 224131.155 INFO             PET0 ESMF_PIO                    : enabled
20210103 224131.155 INFO             PET0 ESMF_YAMLCPP                : enabled
20210103 224131.155 INFO             PET0 ESMF_MOAB                   : enabled
20210103 224131.176 INFO             PET0  NUMBER_OF_PROCESSORS           4
20210103 224131.176 INFO             PET0  PASS  Example ESMF_CplEx, ESMF_CplEx.F90, line 457
20210103 224131.176 INFO             PET0 Finalizing ESMF
20210103 224131.154 INFO             PET1 !!!!!!!!!!!!!!!!!!!!!!!!!!!!!!!!!!!!!!!!!!!!!!!!!!!!!!
20210103 224131.155 INFO             PET1 !!! THE ESMF_LOG IS SET TO OUTPUT ALL LOG MESSAGES !!!
20210103 224131.155 INFO             PET1 !!!     THIS MAY CAUSE SLOWDOWN IN PERFORMANCE     !!!
20210103 224131.155 INFO             PET1 !!! FOR PRODUCTION RUNS, USE:                      !!!
20210103 224131.155 INFO             PET1 !!!                   ESMF_LOGKIND_Multi_On_Error  !!!
20210103 224131.155 INFO             PET1 !!!!!!!!!!!!!!!!!!!!!!!!!!!!!!!!!!!!!!!!!!!!!!!!!!!!!!
20210103 224131.155 INFO             PET1 Running with ESMF Version   : ESMF_8_1_0_beta_snapshot_40-5-g9b832b5a2f
20210103 224131.155 INFO             PET1 ESMF library build date/time: "Jan  3 2021" "21:30:42"
20210103 224131.155 INFO             PET1 ESMF library build location : /home1/07356/tg866552/himanshu/esmf
20210103 224131.155 INFO             PET1 ESMF_COMM                   : intelmpi
20210103 224131.160 INFO             PET1 ESMF_NETCDF                 : enabled
20210103 224131.160 INFO             PET1 ESMF_PNETCDF                : disabled
20210103 224131.160 INFO             PET1 ESMF_PIO                    : enabled
20210103 224131.160 INFO             PET1 ESMF_YAMLCPP                : enabled
20210103 224131.160 INFO             PET1 ESMF_MOAB                   : enabled
20210103 224131.176 INFO             PET1  NUMBER_OF_PROCESSORS           4
20210103 224131.176 INFO             PET1  PASS  Example ESMF_CplEx, ESMF_CplEx.F90, line 457
20210103 224131.176 INFO             PET1 Finalizing ESMF
20210103 224131.146 INFO             PET2 !!!!!!!!!!!!!!!!!!!!!!!!!!!!!!!!!!!!!!!!!!!!!!!!!!!!!!
20210103 224131.147 INFO             PET2 !!! THE ESMF_LOG IS SET TO OUTPUT ALL LOG MESSAGES !!!
20210103 224131.147 INFO             PET2 !!!     THIS MAY CAUSE SLOWDOWN IN PERFORMANCE     !!!
20210103 224131.147 INFO             PET2 !!! FOR PRODUCTION RUNS, USE:                      !!!
20210103 224131.147 INFO             PET2 !!!                   ESMF_LOGKIND_Multi_On_Error  !!!
20210103 224131.147 INFO             PET2 !!!!!!!!!!!!!!!!!!!!!!!!!!!!!!!!!!!!!!!!!!!!!!!!!!!!!!
20210103 224131.147 INFO             PET2 Running with ESMF Version   : ESMF_8_1_0_beta_snapshot_40-5-g9b832b5a2f
20210103 224131.147 INFO             PET2 ESMF library build date/time: "Jan  3 2021" "21:30:42"
20210103 224131.147 INFO             PET2 ESMF library build location : /home1/07356/tg866552/himanshu/esmf
20210103 224131.147 INFO             PET2 ESMF_COMM                   : intelmpi
20210103 224131.152 INFO             PET2 ESMF_NETCDF                 : enabled
20210103 224131.152 INFO             PET2 ESMF_PNETCDF                : disabled
20210103 224131.152 INFO             PET2 ESMF_PIO                    : enabled
20210103 224131.152 INFO             PET2 ESMF_YAMLCPP                : enabled
20210103 224131.152 INFO             PET2 ESMF_MOAB                   : enabled
20210103 224131.176 INFO             PET2  NUMBER_OF_PROCESSORS           4
20210103 224131.176 INFO             PET2  PASS  Example ESMF_CplEx, ESMF_CplEx.F90, line 457
20210103 224131.176 INFO             PET2 Finalizing ESMF
20210103 224131.153 INFO             PET3 !!!!!!!!!!!!!!!!!!!!!!!!!!!!!!!!!!!!!!!!!!!!!!!!!!!!!!
20210103 224131.153 INFO             PET3 !!! THE ESMF_LOG IS SET TO OUTPUT ALL LOG MESSAGES !!!
20210103 224131.153 INFO             PET3 !!!     THIS MAY CAUSE SLOWDOWN IN PERFORMANCE     !!!
20210103 224131.153 INFO             PET3 !!! FOR PRODUCTION RUNS, USE:                      !!!
20210103 224131.153 INFO             PET3 !!!                   ESMF_LOGKIND_Multi_On_Error  !!!
20210103 224131.153 INFO             PET3 !!!!!!!!!!!!!!!!!!!!!!!!!!!!!!!!!!!!!!!!!!!!!!!!!!!!!!
20210103 224131.153 INFO             PET3 Running with ESMF Version   : ESMF_8_1_0_beta_snapshot_40-5-g9b832b5a2f
20210103 224131.153 INFO             PET3 ESMF library build date/time: "Jan  3 2021" "21:30:42"
20210103 224131.153 INFO             PET3 ESMF library build location : /home1/07356/tg866552/himanshu/esmf
20210103 224131.153 INFO             PET3 ESMF_COMM                   : intelmpi
20210103 224131.158 INFO             PET3 ESMF_NETCDF                 : enabled
20210103 224131.158 INFO             PET3 ESMF_PNETCDF                : disabled
20210103 224131.158 INFO             PET3 ESMF_PIO                    : enabled
20210103 224131.158 INFO             PET3 ESMF_YAMLCPP                : enabled
20210103 224131.158 INFO             PET3 ESMF_MOAB                   : enabled
20210103 224131.176 INFO             PET3  NUMBER_OF_PROCESSORS           4
20210103 224131.176 INFO             PET3  PASS  Example ESMF_CplEx, ESMF_CplEx.F90, line 457
20210103 224131.176 INFO             PET3 Finalizing ESMF
Mon Jan  4 04:10:09 CST 2021
