20201127 200956.172 INFO             PET0 !!!!!!!!!!!!!!!!!!!!!!!!!!!!!!!!!!!!!!!!!!!!!!!!!!!!!!
20201127 200956.172 INFO             PET0 !!! THE ESMF_LOG IS SET TO OUTPUT ALL LOG MESSAGES !!!
20201127 200956.172 INFO             PET0 !!!     THIS MAY CAUSE SLOWDOWN IN PERFORMANCE     !!!
20201127 200956.172 INFO             PET0 !!! FOR PRODUCTION RUNS, USE:                      !!!
20201127 200956.172 INFO             PET0 !!!                   ESMF_LOGKIND_Multi_On_Error  !!!
20201127 200956.172 INFO             PET0 !!!!!!!!!!!!!!!!!!!!!!!!!!!!!!!!!!!!!!!!!!!!!!!!!!!!!!
20201127 200956.172 INFO             PET0 Running with ESMF Version   : ESMF_8_1_0_beta_snapshot_38
20201127 200956.172 INFO             PET0 ESMF library build date/time: "Nov 27 2020" "19:04:44"
20201127 200956.172 INFO             PET0 ESMF library build location : /home1/07356/tg866552/himanshu/esmf
20201127 200956.172 INFO             PET0 ESMF_COMM                   : intelmpi
20201127 200956.176 INFO             PET0 ESMF_NETCDF                 : enabled
20201127 200956.176 INFO             PET0 ESMF_PNETCDF                : disabled
20201127 200956.176 INFO             PET0 ESMF_PIO                    : enabled
20201127 200956.176 INFO             PET0 ESMF_YAMLCPP                : enabled
20201127 200956.176 INFO             PET0 ESMF_MOAB                   : enabled
20201127 200956.279 INFO             PET0  NUMBER_OF_PROCESSORS           4
20201127 200956.279 INFO             PET0  PASS  Example ESMF_FieldCreateEx, ESMF_FieldCreateEx.F90, line 1058
20201127 200956.279 INFO             PET0 Finalizing ESMF
20201127 200956.173 INFO             PET1 !!!!!!!!!!!!!!!!!!!!!!!!!!!!!!!!!!!!!!!!!!!!!!!!!!!!!!
20201127 200956.173 INFO             PET1 !!! THE ESMF_LOG IS SET TO OUTPUT ALL LOG MESSAGES !!!
20201127 200956.173 INFO             PET1 !!!     THIS MAY CAUSE SLOWDOWN IN PERFORMANCE     !!!
20201127 200956.173 INFO             PET1 !!! FOR PRODUCTION RUNS, USE:                      !!!
20201127 200956.173 INFO             PET1 !!!                   ESMF_LOGKIND_Multi_On_Error  !!!
20201127 200956.174 INFO             PET1 !!!!!!!!!!!!!!!!!!!!!!!!!!!!!!!!!!!!!!!!!!!!!!!!!!!!!!
20201127 200956.174 INFO             PET1 Running with ESMF Version   : ESMF_8_1_0_beta_snapshot_38
20201127 200956.174 INFO             PET1 ESMF library build date/time: "Nov 27 2020" "19:04:44"
20201127 200956.174 INFO             PET1 ESMF library build location : /home1/07356/tg866552/himanshu/esmf
20201127 200956.174 INFO             PET1 ESMF_COMM                   : intelmpi
20201127 200956.178 INFO             PET1 ESMF_NETCDF                 : enabled
20201127 200956.178 INFO             PET1 ESMF_PNETCDF                : disabled
20201127 200956.178 INFO             PET1 ESMF_PIO                    : enabled
20201127 200956.178 INFO             PET1 ESMF_YAMLCPP                : enabled
20201127 200956.178 INFO             PET1 ESMF_MOAB                   : enabled
20201127 200956.279 INFO             PET1  NUMBER_OF_PROCESSORS           4
20201127 200956.279 INFO             PET1  PASS  Example ESMF_FieldCreateEx, ESMF_FieldCreateEx.F90, line 1058
20201127 200956.279 INFO             PET1 Finalizing ESMF
20201127 200956.171 INFO             PET2 !!!!!!!!!!!!!!!!!!!!!!!!!!!!!!!!!!!!!!!!!!!!!!!!!!!!!!
20201127 200956.171 INFO             PET2 !!! THE ESMF_LOG IS SET TO OUTPUT ALL LOG MESSAGES !!!
20201127 200956.171 INFO             PET2 !!!     THIS MAY CAUSE SLOWDOWN IN PERFORMANCE     !!!
20201127 200956.171 INFO             PET2 !!! FOR PRODUCTION RUNS, USE:                      !!!
20201127 200956.171 INFO             PET2 !!!                   ESMF_LOGKIND_Multi_On_Error  !!!
20201127 200956.171 INFO             PET2 !!!!!!!!!!!!!!!!!!!!!!!!!!!!!!!!!!!!!!!!!!!!!!!!!!!!!!
20201127 200956.171 INFO             PET2 Running with ESMF Version   : ESMF_8_1_0_beta_snapshot_38
20201127 200956.171 INFO             PET2 ESMF library build date/time: "Nov 27 2020" "19:04:44"
20201127 200956.172 INFO             PET2 ESMF library build location : /home1/07356/tg866552/himanshu/esmf
20201127 200956.172 INFO             PET2 ESMF_COMM                   : intelmpi
20201127 200956.176 INFO             PET2 ESMF_NETCDF                 : enabled
20201127 200956.176 INFO             PET2 ESMF_PNETCDF                : disabled
20201127 200956.176 INFO             PET2 ESMF_PIO                    : enabled
20201127 200956.176 INFO             PET2 ESMF_YAMLCPP                : enabled
20201127 200956.176 INFO             PET2 ESMF_MOAB                   : enabled
20201127 200956.279 INFO             PET2  NUMBER_OF_PROCESSORS           4
20201127 200956.279 INFO             PET2  PASS  Example ESMF_FieldCreateEx, ESMF_FieldCreateEx.F90, line 1058
20201127 200956.279 INFO             PET2 Finalizing ESMF
20201127 200956.166 INFO             PET3 !!!!!!!!!!!!!!!!!!!!!!!!!!!!!!!!!!!!!!!!!!!!!!!!!!!!!!
20201127 200956.167 INFO             PET3 !!! THE ESMF_LOG IS SET TO OUTPUT ALL LOG MESSAGES !!!
20201127 200956.167 INFO             PET3 !!!     THIS MAY CAUSE SLOWDOWN IN PERFORMANCE     !!!
20201127 200956.167 INFO             PET3 !!! FOR PRODUCTION RUNS, USE:                      !!!
20201127 200956.167 INFO             PET3 !!!                   ESMF_LOGKIND_Multi_On_Error  !!!
20201127 200956.167 INFO             PET3 !!!!!!!!!!!!!!!!!!!!!!!!!!!!!!!!!!!!!!!!!!!!!!!!!!!!!!
20201127 200956.167 INFO             PET3 Running with ESMF Version   : ESMF_8_1_0_beta_snapshot_38
20201127 200956.167 INFO             PET3 ESMF library build date/time: "Nov 27 2020" "19:04:44"
20201127 200956.167 INFO             PET3 ESMF library build location : /home1/07356/tg866552/himanshu/esmf
20201127 200956.167 INFO             PET3 ESMF_COMM                   : intelmpi
20201127 200956.172 INFO             PET3 ESMF_NETCDF                 : enabled
20201127 200956.172 INFO             PET3 ESMF_PNETCDF                : disabled
20201127 200956.172 INFO             PET3 ESMF_PIO                    : enabled
20201127 200956.172 INFO             PET3 ESMF_YAMLCPP                : enabled
20201127 200956.172 INFO             PET3 ESMF_MOAB                   : enabled
20201127 200956.279 INFO             PET3  NUMBER_OF_PROCESSORS           4
20201127 200956.279 INFO             PET3  PASS  Example ESMF_FieldCreateEx, ESMF_FieldCreateEx.F90, line 1058
20201127 200956.279 INFO             PET3 Finalizing ESMF
Sat Nov 28 01:41:32 CST 2020
