20201030 015045.778 INFO             PET0 !!!!!!!!!!!!!!!!!!!!!!!!!!!!!!!!!!!!!!!!!!!!!!!!!!!!!!
20201030 015045.778 INFO             PET0 !!! THE ESMF_LOG IS SET TO OUTPUT ALL LOG MESSAGES !!!
20201030 015045.778 INFO             PET0 !!!     THIS MAY CAUSE SLOWDOWN IN PERFORMANCE     !!!
20201030 015045.778 INFO             PET0 !!! FOR PRODUCTION RUNS, USE:                      !!!
20201030 015045.778 INFO             PET0 !!!                   ESMF_LOGKIND_Multi_On_Error  !!!
20201030 015045.778 INFO             PET0 !!!!!!!!!!!!!!!!!!!!!!!!!!!!!!!!!!!!!!!!!!!!!!!!!!!!!!
20201030 015045.778 INFO             PET0 Running with ESMF Version   : ESMF_8_1_0_beta_snapshot_36-3-g26ac82d49b
20201030 015045.778 INFO             PET0 ESMF library build date/time: "Oct 30 2020" "00:44:12"
20201030 015045.778 INFO             PET0 ESMF library build location : /home1/07356/tg866552/himanshu/esmf
20201030 015045.778 INFO             PET0 ESMF_COMM                   : intelmpi
20201030 015045.782 INFO             PET0 ESMF_NETCDF                 : enabled
20201030 015045.782 INFO             PET0 ESMF_PNETCDF                : disabled
20201030 015045.782 INFO             PET0 ESMF_PIO                    : enabled
20201030 015045.782 INFO             PET0 ESMF_YAMLCPP                : enabled
20201030 015045.782 INFO             PET0 ESMF_MOAB                   : enabled
20201030 015116.653 INFO             PET0  NUMBER_OF_PROCESSORS           4
20201030 015116.653 INFO             PET0  PASS  Example ESMF_FieldEx, ESMF_FieldEx.F90, line 696
20201030 015116.653 INFO             PET0 Finalizing ESMF
20201030 015045.782 INFO             PET1 !!!!!!!!!!!!!!!!!!!!!!!!!!!!!!!!!!!!!!!!!!!!!!!!!!!!!!
20201030 015045.783 INFO             PET1 !!! THE ESMF_LOG IS SET TO OUTPUT ALL LOG MESSAGES !!!
20201030 015045.783 INFO             PET1 !!!     THIS MAY CAUSE SLOWDOWN IN PERFORMANCE     !!!
20201030 015045.783 INFO             PET1 !!! FOR PRODUCTION RUNS, USE:                      !!!
20201030 015045.783 INFO             PET1 !!!                   ESMF_LOGKIND_Multi_On_Error  !!!
20201030 015045.783 INFO             PET1 !!!!!!!!!!!!!!!!!!!!!!!!!!!!!!!!!!!!!!!!!!!!!!!!!!!!!!
20201030 015045.783 INFO             PET1 Running with ESMF Version   : ESMF_8_1_0_beta_snapshot_36-3-g26ac82d49b
20201030 015045.783 INFO             PET1 ESMF library build date/time: "Oct 30 2020" "00:44:12"
20201030 015045.783 INFO             PET1 ESMF library build location : /home1/07356/tg866552/himanshu/esmf
20201030 015045.783 INFO             PET1 ESMF_COMM                   : intelmpi
20201030 015045.787 INFO             PET1 ESMF_NETCDF                 : enabled
20201030 015045.787 INFO             PET1 ESMF_PNETCDF                : disabled
20201030 015045.787 INFO             PET1 ESMF_PIO                    : enabled
20201030 015045.787 INFO             PET1 ESMF_YAMLCPP                : enabled
20201030 015045.787 INFO             PET1 ESMF_MOAB                   : enabled
20201030 015115.884 INFO             PET1  NUMBER_OF_PROCESSORS           4
20201030 015115.884 INFO             PET1  PASS  Example ESMF_FieldEx, ESMF_FieldEx.F90, line 696
20201030 015115.885 INFO             PET1 Finalizing ESMF
20201030 015045.781 INFO             PET2 !!!!!!!!!!!!!!!!!!!!!!!!!!!!!!!!!!!!!!!!!!!!!!!!!!!!!!
20201030 015045.782 INFO             PET2 !!! THE ESMF_LOG IS SET TO OUTPUT ALL LOG MESSAGES !!!
20201030 015045.782 INFO             PET2 !!!     THIS MAY CAUSE SLOWDOWN IN PERFORMANCE     !!!
20201030 015045.782 INFO             PET2 !!! FOR PRODUCTION RUNS, USE:                      !!!
20201030 015045.782 INFO             PET2 !!!                   ESMF_LOGKIND_Multi_On_Error  !!!
20201030 015045.782 INFO             PET2 !!!!!!!!!!!!!!!!!!!!!!!!!!!!!!!!!!!!!!!!!!!!!!!!!!!!!!
20201030 015045.782 INFO             PET2 Running with ESMF Version   : ESMF_8_1_0_beta_snapshot_36-3-g26ac82d49b
20201030 015045.782 INFO             PET2 ESMF library build date/time: "Oct 30 2020" "00:44:12"
20201030 015045.782 INFO             PET2 ESMF library build location : /home1/07356/tg866552/himanshu/esmf
20201030 015045.782 INFO             PET2 ESMF_COMM                   : intelmpi
20201030 015045.786 INFO             PET2 ESMF_NETCDF                 : enabled
20201030 015045.786 INFO             PET2 ESMF_PNETCDF                : disabled
20201030 015045.786 INFO             PET2 ESMF_PIO                    : enabled
20201030 015045.786 INFO             PET2 ESMF_YAMLCPP                : enabled
20201030 015045.786 INFO             PET2 ESMF_MOAB                   : enabled
20201030 015115.687 INFO             PET2  NUMBER_OF_PROCESSORS           4
20201030 015115.687 INFO             PET2  PASS  Example ESMF_FieldEx, ESMF_FieldEx.F90, line 696
20201030 015115.687 INFO             PET2 Finalizing ESMF
20201030 015045.775 INFO             PET3 !!!!!!!!!!!!!!!!!!!!!!!!!!!!!!!!!!!!!!!!!!!!!!!!!!!!!!
20201030 015045.775 INFO             PET3 !!! THE ESMF_LOG IS SET TO OUTPUT ALL LOG MESSAGES !!!
20201030 015045.775 INFO             PET3 !!!     THIS MAY CAUSE SLOWDOWN IN PERFORMANCE     !!!
20201030 015045.775 INFO             PET3 !!! FOR PRODUCTION RUNS, USE:                      !!!
20201030 015045.775 INFO             PET3 !!!                   ESMF_LOGKIND_Multi_On_Error  !!!
20201030 015045.775 INFO             PET3 !!!!!!!!!!!!!!!!!!!!!!!!!!!!!!!!!!!!!!!!!!!!!!!!!!!!!!
20201030 015045.775 INFO             PET3 Running with ESMF Version   : ESMF_8_1_0_beta_snapshot_36-3-g26ac82d49b
20201030 015045.776 INFO             PET3 ESMF library build date/time: "Oct 30 2020" "00:44:12"
20201030 015045.776 INFO             PET3 ESMF library build location : /home1/07356/tg866552/himanshu/esmf
20201030 015045.776 INFO             PET3 ESMF_COMM                   : intelmpi
20201030 015045.780 INFO             PET3 ESMF_NETCDF                 : enabled
20201030 015045.780 INFO             PET3 ESMF_PNETCDF                : disabled
20201030 015045.780 INFO             PET3 ESMF_PIO                    : enabled
20201030 015045.780 INFO             PET3 ESMF_YAMLCPP                : enabled
20201030 015045.780 INFO             PET3 ESMF_MOAB                   : enabled
20201030 015115.133 INFO             PET3  NUMBER_OF_PROCESSORS           4
20201030 015115.134 INFO             PET3  PASS  Example ESMF_FieldEx, ESMF_FieldEx.F90, line 696
20201030 015115.134 INFO             PET3 Finalizing ESMF
Fri Oct 30 07:23:12 CDT 2020
