20210211 115451.765 INFO             PET0 !!!!!!!!!!!!!!!!!!!!!!!!!!!!!!!!!!!!!!!!!!!!!!!!!!!!!!
20210211 115451.765 INFO             PET0 !!! THE ESMF_LOG IS SET TO OUTPUT ALL LOG MESSAGES !!!
20210211 115451.765 INFO             PET0 !!!     THIS MAY CAUSE SLOWDOWN IN PERFORMANCE     !!!
20210211 115451.765 INFO             PET0 !!! FOR PRODUCTION RUNS, USE:                      !!!
20210211 115451.765 INFO             PET0 !!!                   ESMF_LOGKIND_Multi_On_Error  !!!
20210211 115451.766 INFO             PET0 !!!!!!!!!!!!!!!!!!!!!!!!!!!!!!!!!!!!!!!!!!!!!!!!!!!!!!
20210211 115451.766 INFO             PET0 Running with ESMF Version   : ESMF_8_1_0_beta_snapshot_44-53-gdb2e74ae37
20210211 115451.766 INFO             PET0 ESMF library build date/time: "Feb 11 2021" "10:52:42"
20210211 115451.766 INFO             PET0 ESMF library build location : /home1/07356/tg866552/himanshu/esmf
20210211 115451.766 INFO             PET0 ESMF_COMM                   : intelmpi
20210211 115451.770 INFO             PET0 ESMF_MOAB                   : enabled
20210211 115451.770 INFO             PET0 ESMF_LAPACK                 : enabled
20210211 115451.771 INFO             PET0 ESMF_NETCDF                 : enabled
20210211 115451.771 INFO             PET0 ESMF_PNETCDF                : disabled
20210211 115451.771 INFO             PET0 ESMF_PIO                    : enabled
20210211 115451.771 INFO             PET0 ESMF_YAMLCPP                : enabled
20210211 115451.772 INFO             PET0 ESMF Tracing Enabled
20210211 115451.772 INFO             PET0 ESMF Profiling Enabled
20210211 115451.772 INFO             PET0 ESMF Trace/Profile clock: REALTIME
20210211 115451.784 INFO             PET0  NUMBER_OF_PROCESSORS           4
20210211 115451.784 INFO             PET0  PASS  Example ESMF_TraceUserEx, ESMF_TraceUserEx.F90, line 125
20210211 115451.784 INFO             PET0 Finalizing ESMF
20210211 115451.784 INFO             PET0 **************** Region Timings *******************
20210211 115451.784 INFO             PET0 Region              Count  Total (s)   Self (s)    Mean (s)    Min (s)     Max (s)
20210211 115451.785 INFO             PET0   outer_region      1      0.0014      0.0003      0.0014      0.0014      0.0014
20210211 115451.785 INFO             PET0     inner_region_1  10     0.0007      0.0007      0.0001      0.0001      0.0001
20210211 115451.786 INFO             PET0     inner_region_2  10     0.0004      0.0004      0.0000      0.0000      0.0001
20210211 115451.767 INFO             PET1 !!!!!!!!!!!!!!!!!!!!!!!!!!!!!!!!!!!!!!!!!!!!!!!!!!!!!!
20210211 115451.768 INFO             PET1 !!! THE ESMF_LOG IS SET TO OUTPUT ALL LOG MESSAGES !!!
20210211 115451.768 INFO             PET1 !!!     THIS MAY CAUSE SLOWDOWN IN PERFORMANCE     !!!
20210211 115451.768 INFO             PET1 !!! FOR PRODUCTION RUNS, USE:                      !!!
20210211 115451.768 INFO             PET1 !!!                   ESMF_LOGKIND_Multi_On_Error  !!!
20210211 115451.768 INFO             PET1 !!!!!!!!!!!!!!!!!!!!!!!!!!!!!!!!!!!!!!!!!!!!!!!!!!!!!!
20210211 115451.768 INFO             PET1 Running with ESMF Version   : ESMF_8_1_0_beta_snapshot_44-53-gdb2e74ae37
20210211 115451.768 INFO             PET1 ESMF library build date/time: "Feb 11 2021" "10:52:42"
20210211 115451.768 INFO             PET1 ESMF library build location : /home1/07356/tg866552/himanshu/esmf
20210211 115451.768 INFO             PET1 ESMF_COMM                   : intelmpi
20210211 115451.773 INFO             PET1 ESMF_MOAB                   : enabled
20210211 115451.773 INFO             PET1 ESMF_LAPACK                 : enabled
20210211 115451.773 INFO             PET1 ESMF_NETCDF                 : enabled
20210211 115451.773 INFO             PET1 ESMF_PNETCDF                : disabled
20210211 115451.773 INFO             PET1 ESMF_PIO                    : enabled
20210211 115451.773 INFO             PET1 ESMF_YAMLCPP                : enabled
20210211 115451.774 INFO             PET1 ESMF Tracing Enabled
20210211 115451.774 INFO             PET1 ESMF Profiling Enabled
20210211 115451.774 INFO             PET1 ESMF Trace/Profile clock: REALTIME
20210211 115451.784 INFO             PET1  NUMBER_OF_PROCESSORS           4
20210211 115451.784 INFO             PET1  PASS  Example ESMF_TraceUserEx, ESMF_TraceUserEx.F90, line 125
20210211 115451.784 INFO             PET1 Finalizing ESMF
20210211 115451.784 INFO             PET1 **************** Region Timings *******************
20210211 115451.784 INFO             PET1 Region              Count  Total (s)   Self (s)    Mean (s)    Min (s)     Max (s)
20210211 115451.785 INFO             PET1   outer_region      1      0.0014      0.0003      0.0014      0.0014      0.0014
20210211 115451.785 INFO             PET1     inner_region_1  10     0.0007      0.0007      0.0001      0.0001      0.0001
20210211 115451.786 INFO             PET1     inner_region_2  10     0.0004      0.0004      0.0000      0.0000      0.0001
20210211 115451.769 INFO             PET2 !!!!!!!!!!!!!!!!!!!!!!!!!!!!!!!!!!!!!!!!!!!!!!!!!!!!!!
20210211 115451.770 INFO             PET2 !!! THE ESMF_LOG IS SET TO OUTPUT ALL LOG MESSAGES !!!
20210211 115451.770 INFO             PET2 !!!     THIS MAY CAUSE SLOWDOWN IN PERFORMANCE     !!!
20210211 115451.770 INFO             PET2 !!! FOR PRODUCTION RUNS, USE:                      !!!
20210211 115451.770 INFO             PET2 !!!                   ESMF_LOGKIND_Multi_On_Error  !!!
20210211 115451.770 INFO             PET2 !!!!!!!!!!!!!!!!!!!!!!!!!!!!!!!!!!!!!!!!!!!!!!!!!!!!!!
20210211 115451.770 INFO             PET2 Running with ESMF Version   : ESMF_8_1_0_beta_snapshot_44-53-gdb2e74ae37
20210211 115451.770 INFO             PET2 ESMF library build date/time: "Feb 11 2021" "10:52:42"
20210211 115451.770 INFO             PET2 ESMF library build location : /home1/07356/tg866552/himanshu/esmf
20210211 115451.770 INFO             PET2 ESMF_COMM                   : intelmpi
20210211 115451.774 INFO             PET2 ESMF_MOAB                   : enabled
20210211 115451.774 INFO             PET2 ESMF_LAPACK                 : enabled
20210211 115451.774 INFO             PET2 ESMF_NETCDF                 : enabled
20210211 115451.774 INFO             PET2 ESMF_PNETCDF                : disabled
20210211 115451.774 INFO             PET2 ESMF_PIO                    : enabled
20210211 115451.774 INFO             PET2 ESMF_YAMLCPP                : enabled
20210211 115451.775 INFO             PET2 ESMF Tracing Enabled
20210211 115451.775 INFO             PET2 ESMF Profiling Enabled
20210211 115451.776 INFO             PET2 ESMF Trace/Profile clock: REALTIME
20210211 115451.784 INFO             PET2  NUMBER_OF_PROCESSORS           4
20210211 115451.784 INFO             PET2  PASS  Example ESMF_TraceUserEx, ESMF_TraceUserEx.F90, line 125
20210211 115451.784 INFO             PET2 Finalizing ESMF
20210211 115451.785 INFO             PET2 **************** Region Timings *******************
20210211 115451.785 INFO             PET2 Region              Count  Total (s)   Self (s)    Mean (s)    Min (s)     Max (s)
20210211 115451.785 INFO             PET2   outer_region      1      0.0015      0.0004      0.0015      0.0015      0.0015
20210211 115451.785 INFO             PET2     inner_region_1  10     0.0007      0.0007      0.0001      0.0001      0.0001
20210211 115451.786 INFO             PET2     inner_region_2  10     0.0004      0.0004      0.0000      0.0000      0.0001
20210211 115451.762 INFO             PET3 !!!!!!!!!!!!!!!!!!!!!!!!!!!!!!!!!!!!!!!!!!!!!!!!!!!!!!
20210211 115451.762 INFO             PET3 !!! THE ESMF_LOG IS SET TO OUTPUT ALL LOG MESSAGES !!!
20210211 115451.762 INFO             PET3 !!!     THIS MAY CAUSE SLOWDOWN IN PERFORMANCE     !!!
20210211 115451.762 INFO             PET3 !!! FOR PRODUCTION RUNS, USE:                      !!!
20210211 115451.762 INFO             PET3 !!!                   ESMF_LOGKIND_Multi_On_Error  !!!
20210211 115451.762 INFO             PET3 !!!!!!!!!!!!!!!!!!!!!!!!!!!!!!!!!!!!!!!!!!!!!!!!!!!!!!
20210211 115451.762 INFO             PET3 Running with ESMF Version   : ESMF_8_1_0_beta_snapshot_44-53-gdb2e74ae37
20210211 115451.762 INFO             PET3 ESMF library build date/time: "Feb 11 2021" "10:52:42"
20210211 115451.762 INFO             PET3 ESMF library build location : /home1/07356/tg866552/himanshu/esmf
20210211 115451.762 INFO             PET3 ESMF_COMM                   : intelmpi
20210211 115451.767 INFO             PET3 ESMF_MOAB                   : enabled
20210211 115451.767 INFO             PET3 ESMF_LAPACK                 : enabled
20210211 115451.767 INFO             PET3 ESMF_NETCDF                 : enabled
20210211 115451.767 INFO             PET3 ESMF_PNETCDF                : disabled
20210211 115451.767 INFO             PET3 ESMF_PIO                    : enabled
20210211 115451.767 INFO             PET3 ESMF_YAMLCPP                : enabled
20210211 115451.768 INFO             PET3 ESMF Tracing Enabled
20210211 115451.768 INFO             PET3 ESMF Profiling Enabled
20210211 115451.769 INFO             PET3 ESMF Trace/Profile clock: REALTIME
20210211 115451.784 INFO             PET3  NUMBER_OF_PROCESSORS           4
20210211 115451.784 INFO             PET3  PASS  Example ESMF_TraceUserEx, ESMF_TraceUserEx.F90, line 125
20210211 115451.784 INFO             PET3 Finalizing ESMF
20210211 115451.785 INFO             PET3 **************** Region Timings *******************
20210211 115451.785 INFO             PET3 Region              Count  Total (s)   Self (s)    Mean (s)    Min (s)     Max (s)
20210211 115451.785 INFO             PET3   outer_region      1      0.0015      0.0004      0.0015      0.0015      0.0015
20210211 115451.785 INFO             PET3     inner_region_1  10     0.0007      0.0007      0.0001      0.0001      0.0001
20210211 115451.786 INFO             PET3     inner_region_2  10     0.0004      0.0004      0.0000      0.0000      0.0001
Thu Feb 11 17:33:29 CST 2021
