20210105 171637.651 INFO             PET0 !!!!!!!!!!!!!!!!!!!!!!!!!!!!!!!!!!!!!!!!!!!!!!!!!!!!!!
20210105 171637.651 INFO             PET0 !!! THE ESMF_LOG IS SET TO OUTPUT ALL LOG MESSAGES !!!
20210105 171637.651 INFO             PET0 !!!     THIS MAY CAUSE SLOWDOWN IN PERFORMANCE     !!!
20210105 171637.651 INFO             PET0 !!! FOR PRODUCTION RUNS, USE:                      !!!
20210105 171637.651 INFO             PET0 !!!                   ESMF_LOGKIND_Multi_On_Error  !!!
20210105 171637.651 INFO             PET0 !!!!!!!!!!!!!!!!!!!!!!!!!!!!!!!!!!!!!!!!!!!!!!!!!!!!!!
20210105 171637.651 INFO             PET0 Running with ESMF Version   : ESMF_8_1_0_beta_snapshot_40-9-g318fef55d6
20210105 171637.651 INFO             PET0 ESMF library build date/time: "Jan  5 2021" "16:14:56"
20210105 171637.652 INFO             PET0 ESMF library build location : /home1/07356/tg866552/himanshu/esmf
20210105 171637.652 INFO             PET0 ESMF_COMM                   : intelmpi
20210105 171637.656 INFO             PET0 ESMF_NETCDF                 : enabled
20210105 171637.656 INFO             PET0 ESMF_PNETCDF                : disabled
20210105 171637.656 INFO             PET0 ESMF_PIO                    : enabled
20210105 171637.656 INFO             PET0 ESMF_YAMLCPP                : enabled
20210105 171637.656 INFO             PET0 ESMF_MOAB                   : enabled
20210105 171637.657 INFO             PET0  NUMBER_OF_PROCESSORS           4
20210105 171637.658 INFO             PET0  PASS  Example ESMF_VMAllFullReduceEx, ESMF_VMAllFullReduceEx.F90, line 113
20210105 171637.658 INFO             PET0 Finalizing ESMF
20210105 171637.650 INFO             PET1 !!!!!!!!!!!!!!!!!!!!!!!!!!!!!!!!!!!!!!!!!!!!!!!!!!!!!!
20210105 171637.650 INFO             PET1 !!! THE ESMF_LOG IS SET TO OUTPUT ALL LOG MESSAGES !!!
20210105 171637.650 INFO             PET1 !!!     THIS MAY CAUSE SLOWDOWN IN PERFORMANCE     !!!
20210105 171637.650 INFO             PET1 !!! FOR PRODUCTION RUNS, USE:                      !!!
20210105 171637.650 INFO             PET1 !!!                   ESMF_LOGKIND_Multi_On_Error  !!!
20210105 171637.650 INFO             PET1 !!!!!!!!!!!!!!!!!!!!!!!!!!!!!!!!!!!!!!!!!!!!!!!!!!!!!!
20210105 171637.650 INFO             PET1 Running with ESMF Version   : ESMF_8_1_0_beta_snapshot_40-9-g318fef55d6
20210105 171637.650 INFO             PET1 ESMF library build date/time: "Jan  5 2021" "16:14:56"
20210105 171637.650 INFO             PET1 ESMF library build location : /home1/07356/tg866552/himanshu/esmf
20210105 171637.650 INFO             PET1 ESMF_COMM                   : intelmpi
20210105 171637.655 INFO             PET1 ESMF_NETCDF                 : enabled
20210105 171637.655 INFO             PET1 ESMF_PNETCDF                : disabled
20210105 171637.655 INFO             PET1 ESMF_PIO                    : enabled
20210105 171637.655 INFO             PET1 ESMF_YAMLCPP                : enabled
20210105 171637.655 INFO             PET1 ESMF_MOAB                   : enabled
20210105 171637.657 INFO             PET1  NUMBER_OF_PROCESSORS           4
20210105 171637.658 INFO             PET1  PASS  Example ESMF_VMAllFullReduceEx, ESMF_VMAllFullReduceEx.F90, line 113
20210105 171637.658 INFO             PET1 Finalizing ESMF
20210105 171637.642 INFO             PET2 !!!!!!!!!!!!!!!!!!!!!!!!!!!!!!!!!!!!!!!!!!!!!!!!!!!!!!
20210105 171637.642 INFO             PET2 !!! THE ESMF_LOG IS SET TO OUTPUT ALL LOG MESSAGES !!!
20210105 171637.642 INFO             PET2 !!!     THIS MAY CAUSE SLOWDOWN IN PERFORMANCE     !!!
20210105 171637.642 INFO             PET2 !!! FOR PRODUCTION RUNS, USE:                      !!!
20210105 171637.642 INFO             PET2 !!!                   ESMF_LOGKIND_Multi_On_Error  !!!
20210105 171637.642 INFO             PET2 !!!!!!!!!!!!!!!!!!!!!!!!!!!!!!!!!!!!!!!!!!!!!!!!!!!!!!
20210105 171637.642 INFO             PET2 Running with ESMF Version   : ESMF_8_1_0_beta_snapshot_40-9-g318fef55d6
20210105 171637.643 INFO             PET2 ESMF library build date/time: "Jan  5 2021" "16:14:56"
20210105 171637.643 INFO             PET2 ESMF library build location : /home1/07356/tg866552/himanshu/esmf
20210105 171637.643 INFO             PET2 ESMF_COMM                   : intelmpi
20210105 171637.647 INFO             PET2 ESMF_NETCDF                 : enabled
20210105 171637.647 INFO             PET2 ESMF_PNETCDF                : disabled
20210105 171637.647 INFO             PET2 ESMF_PIO                    : enabled
20210105 171637.647 INFO             PET2 ESMF_YAMLCPP                : enabled
20210105 171637.647 INFO             PET2 ESMF_MOAB                   : enabled
20210105 171637.657 INFO             PET2  NUMBER_OF_PROCESSORS           4
20210105 171637.658 INFO             PET2  PASS  Example ESMF_VMAllFullReduceEx, ESMF_VMAllFullReduceEx.F90, line 113
20210105 171637.658 INFO             PET2 Finalizing ESMF
20210105 171637.648 INFO             PET3 !!!!!!!!!!!!!!!!!!!!!!!!!!!!!!!!!!!!!!!!!!!!!!!!!!!!!!
20210105 171637.648 INFO             PET3 !!! THE ESMF_LOG IS SET TO OUTPUT ALL LOG MESSAGES !!!
20210105 171637.648 INFO             PET3 !!!     THIS MAY CAUSE SLOWDOWN IN PERFORMANCE     !!!
20210105 171637.648 INFO             PET3 !!! FOR PRODUCTION RUNS, USE:                      !!!
20210105 171637.648 INFO             PET3 !!!                   ESMF_LOGKIND_Multi_On_Error  !!!
20210105 171637.648 INFO             PET3 !!!!!!!!!!!!!!!!!!!!!!!!!!!!!!!!!!!!!!!!!!!!!!!!!!!!!!
20210105 171637.648 INFO             PET3 Running with ESMF Version   : ESMF_8_1_0_beta_snapshot_40-9-g318fef55d6
20210105 171637.649 INFO             PET3 ESMF library build date/time: "Jan  5 2021" "16:14:56"
20210105 171637.649 INFO             PET3 ESMF library build location : /home1/07356/tg866552/himanshu/esmf
20210105 171637.649 INFO             PET3 ESMF_COMM                   : intelmpi
20210105 171637.653 INFO             PET3 ESMF_NETCDF                 : enabled
20210105 171637.653 INFO             PET3 ESMF_PNETCDF                : disabled
20210105 171637.653 INFO             PET3 ESMF_PIO                    : enabled
20210105 171637.653 INFO             PET3 ESMF_YAMLCPP                : enabled
20210105 171637.654 INFO             PET3 ESMF_MOAB                   : enabled
20210105 171637.657 INFO             PET3  NUMBER_OF_PROCESSORS           4
20210105 171637.658 INFO             PET3  PASS  Example ESMF_VMAllFullReduceEx, ESMF_VMAllFullReduceEx.F90, line 113
20210105 171637.658 INFO             PET3 Finalizing ESMF
Tue Jan  5 22:54:01 CST 2021
