TACC:  Starting up job 7245096 
TACC:  Starting parallel tasks... 
 Application Example 1:
 Application Example 1:
 Application Example 1:
 Application Example 1:
 Comp Create returned, name = Atmosphere Model Gridded Component
 Comp Create returned, name = Atmosphere Model Gridded Component
 Comp Create returned, name = Atmosphere Model Gridded Component
 Comp Create returned, name = Atmosphere Model Gridded Component
 Gridded Comp Init starting
 Gridded Comp Init returning
 Gridded Comp Init starting
 Gridded Comp Init returning
 Gridded Comp Init starting
 Gridded Comp Init returning
 Gridded Comp Init starting
 Gridded Comp Init returning
 Comp Initialize complete
 Comp Initialize complete
 Comp Initialize complete
 Comp Initialize complete
 Gridded Comp Run starting
 Gridded Comp Run returning
 Gridded Comp Run starting
 Gridded Comp Run returning
 Gridded Comp Run starting
 Gridded Comp Run returning
 Gridded Comp Run starting
 Gridded Comp Run returning
 Gridded Comp Run starting
 Gridded Comp Run returning
 Gridded Comp Run starting
 Gridded Comp Run returning
 Gridded Comp Run starting
 Gridded Comp Run returning
 Gridded Comp Run starting
 Gridded Comp Run returning
 Gridded Comp Run starting
 Gridded Comp Run returning
 Gridded Comp Run starting
 Gridded Comp Run returning
 Gridded Comp Run starting
 Gridded Comp Run returning
 Gridded Comp Run starting
 Gridded Comp Run returning
 Gridded Comp Run starting
 Gridded Comp Run returning
 Gridded Comp Run starting
 Gridded Comp Run returning
 Gridded Comp Run starting
 Gridded Comp Run returning
 Gridded Comp Run starting
 Gridded Comp Run returning
 Comp Run complete
 Comp Run complete
 Comp Run complete
 Comp Run complete
 Gridded Comp Final starting
 Gridded Comp Final returning
 Gridded Comp Final starting
 Gridded Comp Final returning
 Gridded Comp Final starting
 Gridded Comp Final returning
 Gridded Comp Final starting
 Gridded Comp Final returning
 Comp Finalize complete
 Comp Finalize complete
 Comp Finalize complete
 Comp Finalize complete
 Destroy calls returned
 Application Example 1 finished
 Destroy calls returned
 Application Example 1 finished
 Destroy calls returned
 Application Example 1 finished
 Destroy calls returned
 Application Example 1 finished
  PASS  Example ESMF_GCompEx, ESMF_GCompEx.F90, line 465
  PASS  Example ESMF_GCompEx, ESMF_GCompEx.F90, line 465
  PASS  Example ESMF_GCompEx, ESMF_GCompEx.F90, line 465
  PASS  Example ESMF_GCompEx, ESMF_GCompEx.F90, line 465
 PASS: ESMF_GCompEx.F90
 PASS: ESMF_GCompEx.F90
 PASS: ESMF_GCompEx.F90
 PASS: ESMF_GCompEx.F90
TACC:  Shutdown complete. Exiting. 
Sat Feb  6 17:26:30 CST 2021
