20201215 235854.310 INFO             PET0 !!!!!!!!!!!!!!!!!!!!!!!!!!!!!!!!!!!!!!!!!!!!!!!!!!!!!!
20201215 235854.310 INFO             PET0 !!! THE ESMF_LOG IS SET TO OUTPUT ALL LOG MESSAGES !!!
20201215 235854.310 INFO             PET0 !!!     THIS MAY CAUSE SLOWDOWN IN PERFORMANCE     !!!
20201215 235854.310 INFO             PET0 !!! FOR PRODUCTION RUNS, USE:                      !!!
20201215 235854.310 INFO             PET0 !!!                   ESMF_LOGKIND_Multi_On_Error  !!!
20201215 235854.310 INFO             PET0 !!!!!!!!!!!!!!!!!!!!!!!!!!!!!!!!!!!!!!!!!!!!!!!!!!!!!!
20201215 235854.310 INFO             PET0 Running with ESMF Version   : ESMF_8_1_0_beta_snapshot_39-1-g8da6495848
20201215 235854.310 INFO             PET0 ESMF library build date/time: "Dec 15 2020" "22:47:52"
20201215 235854.310 INFO             PET0 ESMF library build location : /home1/07356/tg866552/himanshu/esmf
20201215 235854.310 INFO             PET0 ESMF_COMM                   : intelmpi
20201215 235854.315 INFO             PET0 ESMF_NETCDF                 : enabled
20201215 235854.315 INFO             PET0 ESMF_PNETCDF                : disabled
20201215 235854.315 INFO             PET0 ESMF_PIO                    : enabled
20201215 235854.315 INFO             PET0 ESMF_YAMLCPP                : enabled
20201215 235854.315 INFO             PET0 ESMF_MOAB                   : enabled
20201215 235854.323 INFO             PET0  NUMBER_OF_PROCESSORS           4
20201215 235854.324 INFO             PET0  PASS  Example ESMF_AttachMethodsEx, ESMF_AttachMethodsEx.F90, line 205
20201215 235854.324 INFO             PET0 Finalizing ESMF
20201215 235854.308 INFO             PET1 !!!!!!!!!!!!!!!!!!!!!!!!!!!!!!!!!!!!!!!!!!!!!!!!!!!!!!
20201215 235854.309 INFO             PET1 !!! THE ESMF_LOG IS SET TO OUTPUT ALL LOG MESSAGES !!!
20201215 235854.309 INFO             PET1 !!!     THIS MAY CAUSE SLOWDOWN IN PERFORMANCE     !!!
20201215 235854.309 INFO             PET1 !!! FOR PRODUCTION RUNS, USE:                      !!!
20201215 235854.309 INFO             PET1 !!!                   ESMF_LOGKIND_Multi_On_Error  !!!
20201215 235854.309 INFO             PET1 !!!!!!!!!!!!!!!!!!!!!!!!!!!!!!!!!!!!!!!!!!!!!!!!!!!!!!
20201215 235854.309 INFO             PET1 Running with ESMF Version   : ESMF_8_1_0_beta_snapshot_39-1-g8da6495848
20201215 235854.309 INFO             PET1 ESMF library build date/time: "Dec 15 2020" "22:47:52"
20201215 235854.309 INFO             PET1 ESMF library build location : /home1/07356/tg866552/himanshu/esmf
20201215 235854.309 INFO             PET1 ESMF_COMM                   : intelmpi
20201215 235854.313 INFO             PET1 ESMF_NETCDF                 : enabled
20201215 235854.313 INFO             PET1 ESMF_PNETCDF                : disabled
20201215 235854.313 INFO             PET1 ESMF_PIO                    : enabled
20201215 235854.313 INFO             PET1 ESMF_YAMLCPP                : enabled
20201215 235854.313 INFO             PET1 ESMF_MOAB                   : enabled
20201215 235854.323 INFO             PET1  NUMBER_OF_PROCESSORS           4
20201215 235854.324 INFO             PET1  PASS  Example ESMF_AttachMethodsEx, ESMF_AttachMethodsEx.F90, line 205
20201215 235854.324 INFO             PET1 Finalizing ESMF
20201215 235854.306 INFO             PET2 !!!!!!!!!!!!!!!!!!!!!!!!!!!!!!!!!!!!!!!!!!!!!!!!!!!!!!
20201215 235854.307 INFO             PET2 !!! THE ESMF_LOG IS SET TO OUTPUT ALL LOG MESSAGES !!!
20201215 235854.307 INFO             PET2 !!!     THIS MAY CAUSE SLOWDOWN IN PERFORMANCE     !!!
20201215 235854.307 INFO             PET2 !!! FOR PRODUCTION RUNS, USE:                      !!!
20201215 235854.307 INFO             PET2 !!!                   ESMF_LOGKIND_Multi_On_Error  !!!
20201215 235854.307 INFO             PET2 !!!!!!!!!!!!!!!!!!!!!!!!!!!!!!!!!!!!!!!!!!!!!!!!!!!!!!
20201215 235854.307 INFO             PET2 Running with ESMF Version   : ESMF_8_1_0_beta_snapshot_39-1-g8da6495848
20201215 235854.307 INFO             PET2 ESMF library build date/time: "Dec 15 2020" "22:47:52"
20201215 235854.307 INFO             PET2 ESMF library build location : /home1/07356/tg866552/himanshu/esmf
20201215 235854.307 INFO             PET2 ESMF_COMM                   : intelmpi
20201215 235854.312 INFO             PET2 ESMF_NETCDF                 : enabled
20201215 235854.312 INFO             PET2 ESMF_PNETCDF                : disabled
20201215 235854.312 INFO             PET2 ESMF_PIO                    : enabled
20201215 235854.312 INFO             PET2 ESMF_YAMLCPP                : enabled
20201215 235854.312 INFO             PET2 ESMF_MOAB                   : enabled
20201215 235854.323 INFO             PET2  NUMBER_OF_PROCESSORS           4
20201215 235854.324 INFO             PET2  PASS  Example ESMF_AttachMethodsEx, ESMF_AttachMethodsEx.F90, line 205
20201215 235854.324 INFO             PET2 Finalizing ESMF
20201215 235854.300 INFO             PET3 !!!!!!!!!!!!!!!!!!!!!!!!!!!!!!!!!!!!!!!!!!!!!!!!!!!!!!
20201215 235854.300 INFO             PET3 !!! THE ESMF_LOG IS SET TO OUTPUT ALL LOG MESSAGES !!!
20201215 235854.300 INFO             PET3 !!!     THIS MAY CAUSE SLOWDOWN IN PERFORMANCE     !!!
20201215 235854.300 INFO             PET3 !!! FOR PRODUCTION RUNS, USE:                      !!!
20201215 235854.300 INFO             PET3 !!!                   ESMF_LOGKIND_Multi_On_Error  !!!
20201215 235854.300 INFO             PET3 !!!!!!!!!!!!!!!!!!!!!!!!!!!!!!!!!!!!!!!!!!!!!!!!!!!!!!
20201215 235854.300 INFO             PET3 Running with ESMF Version   : ESMF_8_1_0_beta_snapshot_39-1-g8da6495848
20201215 235854.300 INFO             PET3 ESMF library build date/time: "Dec 15 2020" "22:47:52"
20201215 235854.300 INFO             PET3 ESMF library build location : /home1/07356/tg866552/himanshu/esmf
20201215 235854.300 INFO             PET3 ESMF_COMM                   : intelmpi
20201215 235854.305 INFO             PET3 ESMF_NETCDF                 : enabled
20201215 235854.305 INFO             PET3 ESMF_PNETCDF                : disabled
20201215 235854.305 INFO             PET3 ESMF_PIO                    : enabled
20201215 235854.305 INFO             PET3 ESMF_YAMLCPP                : enabled
20201215 235854.305 INFO             PET3 ESMF_MOAB                   : enabled
20201215 235854.323 INFO             PET3  NUMBER_OF_PROCESSORS           4
20201215 235854.324 INFO             PET3  PASS  Example ESMF_AttachMethodsEx, ESMF_AttachMethodsEx.F90, line 205
20201215 235854.324 INFO             PET3 Finalizing ESMF
Wed Dec 16 05:34:10 CST 2020
