20201029 011548.729 INFO             PET0 !!!!!!!!!!!!!!!!!!!!!!!!!!!!!!!!!!!!!!!!!!!!!!!!!!!!!!
20201029 011548.729 INFO             PET0 !!! THE ESMF_LOG IS SET TO OUTPUT ALL LOG MESSAGES !!!
20201029 011548.729 INFO             PET0 !!!     THIS MAY CAUSE SLOWDOWN IN PERFORMANCE     !!!
20201029 011548.729 INFO             PET0 !!! FOR PRODUCTION RUNS, USE:                      !!!
20201029 011548.729 INFO             PET0 !!!                   ESMF_LOGKIND_Multi_On_Error  !!!
20201029 011548.729 INFO             PET0 !!!!!!!!!!!!!!!!!!!!!!!!!!!!!!!!!!!!!!!!!!!!!!!!!!!!!!
20201029 011548.729 INFO             PET0 Running with ESMF Version   : ESMF_8_1_0_beta_snapshot_36-3-g26ac82d49b
20201029 011548.729 INFO             PET0 ESMF library build date/time: "Oct 29 2020" "00:11:56"
20201029 011548.729 INFO             PET0 ESMF library build location : /home1/07356/tg866552/himanshu/esmf
20201029 011548.729 INFO             PET0 ESMF_COMM                   : intelmpi
20201029 011548.733 INFO             PET0 ESMF_NETCDF                 : enabled
20201029 011548.733 INFO             PET0 ESMF_PNETCDF                : disabled
20201029 011548.733 INFO             PET0 ESMF_PIO                    : enabled
20201029 011548.734 INFO             PET0 ESMF_YAMLCPP                : enabled
20201029 011548.734 INFO             PET0 ESMF_MOAB                   : enabled
20201029 011610.164 INFO             PET0  NUMBER_OF_PROCESSORS           4
20201029 011610.164 INFO             PET0  PASS  Example ESMF_ArrayRedistEx, ESMF_ArrayRedistEx.F90, line 595
20201029 011610.164 INFO             PET0 Finalizing ESMF
20201029 011548.732 INFO             PET1 !!!!!!!!!!!!!!!!!!!!!!!!!!!!!!!!!!!!!!!!!!!!!!!!!!!!!!
20201029 011548.733 INFO             PET1 !!! THE ESMF_LOG IS SET TO OUTPUT ALL LOG MESSAGES !!!
20201029 011548.733 INFO             PET1 !!!     THIS MAY CAUSE SLOWDOWN IN PERFORMANCE     !!!
20201029 011548.733 INFO             PET1 !!! FOR PRODUCTION RUNS, USE:                      !!!
20201029 011548.733 INFO             PET1 !!!                   ESMF_LOGKIND_Multi_On_Error  !!!
20201029 011548.733 INFO             PET1 !!!!!!!!!!!!!!!!!!!!!!!!!!!!!!!!!!!!!!!!!!!!!!!!!!!!!!
20201029 011548.733 INFO             PET1 Running with ESMF Version   : ESMF_8_1_0_beta_snapshot_36-3-g26ac82d49b
20201029 011548.733 INFO             PET1 ESMF library build date/time: "Oct 29 2020" "00:11:56"
20201029 011548.733 INFO             PET1 ESMF library build location : /home1/07356/tg866552/himanshu/esmf
20201029 011548.733 INFO             PET1 ESMF_COMM                   : intelmpi
20201029 011548.737 INFO             PET1 ESMF_NETCDF                 : enabled
20201029 011548.737 INFO             PET1 ESMF_PNETCDF                : disabled
20201029 011548.737 INFO             PET1 ESMF_PIO                    : enabled
20201029 011548.737 INFO             PET1 ESMF_YAMLCPP                : enabled
20201029 011548.737 INFO             PET1 ESMF_MOAB                   : enabled
20201029 011610.164 INFO             PET1  NUMBER_OF_PROCESSORS           4
20201029 011610.164 INFO             PET1  PASS  Example ESMF_ArrayRedistEx, ESMF_ArrayRedistEx.F90, line 595
20201029 011610.164 INFO             PET1 Finalizing ESMF
20201029 011548.733 INFO             PET2 !!!!!!!!!!!!!!!!!!!!!!!!!!!!!!!!!!!!!!!!!!!!!!!!!!!!!!
20201029 011548.733 INFO             PET2 !!! THE ESMF_LOG IS SET TO OUTPUT ALL LOG MESSAGES !!!
20201029 011548.733 INFO             PET2 !!!     THIS MAY CAUSE SLOWDOWN IN PERFORMANCE     !!!
20201029 011548.733 INFO             PET2 !!! FOR PRODUCTION RUNS, USE:                      !!!
20201029 011548.733 INFO             PET2 !!!                   ESMF_LOGKIND_Multi_On_Error  !!!
20201029 011548.733 INFO             PET2 !!!!!!!!!!!!!!!!!!!!!!!!!!!!!!!!!!!!!!!!!!!!!!!!!!!!!!
20201029 011548.733 INFO             PET2 Running with ESMF Version   : ESMF_8_1_0_beta_snapshot_36-3-g26ac82d49b
20201029 011548.733 INFO             PET2 ESMF library build date/time: "Oct 29 2020" "00:11:56"
20201029 011548.733 INFO             PET2 ESMF library build location : /home1/07356/tg866552/himanshu/esmf
20201029 011548.733 INFO             PET2 ESMF_COMM                   : intelmpi
20201029 011548.738 INFO             PET2 ESMF_NETCDF                 : enabled
20201029 011548.738 INFO             PET2 ESMF_PNETCDF                : disabled
20201029 011548.738 INFO             PET2 ESMF_PIO                    : enabled
20201029 011548.738 INFO             PET2 ESMF_YAMLCPP                : enabled
20201029 011548.738 INFO             PET2 ESMF_MOAB                   : enabled
20201029 011610.164 INFO             PET2  NUMBER_OF_PROCESSORS           4
20201029 011610.164 INFO             PET2  PASS  Example ESMF_ArrayRedistEx, ESMF_ArrayRedistEx.F90, line 595
20201029 011610.164 INFO             PET2 Finalizing ESMF
20201029 011548.726 INFO             PET3 !!!!!!!!!!!!!!!!!!!!!!!!!!!!!!!!!!!!!!!!!!!!!!!!!!!!!!
20201029 011548.727 INFO             PET3 !!! THE ESMF_LOG IS SET TO OUTPUT ALL LOG MESSAGES !!!
20201029 011548.727 INFO             PET3 !!!     THIS MAY CAUSE SLOWDOWN IN PERFORMANCE     !!!
20201029 011548.727 INFO             PET3 !!! FOR PRODUCTION RUNS, USE:                      !!!
20201029 011548.727 INFO             PET3 !!!                   ESMF_LOGKIND_Multi_On_Error  !!!
20201029 011548.727 INFO             PET3 !!!!!!!!!!!!!!!!!!!!!!!!!!!!!!!!!!!!!!!!!!!!!!!!!!!!!!
20201029 011548.727 INFO             PET3 Running with ESMF Version   : ESMF_8_1_0_beta_snapshot_36-3-g26ac82d49b
20201029 011548.727 INFO             PET3 ESMF library build date/time: "Oct 29 2020" "00:11:56"
20201029 011548.727 INFO             PET3 ESMF library build location : /home1/07356/tg866552/himanshu/esmf
20201029 011548.727 INFO             PET3 ESMF_COMM                   : intelmpi
20201029 011548.732 INFO             PET3 ESMF_NETCDF                 : enabled
20201029 011548.732 INFO             PET3 ESMF_PNETCDF                : disabled
20201029 011548.732 INFO             PET3 ESMF_PIO                    : enabled
20201029 011548.732 INFO             PET3 ESMF_YAMLCPP                : enabled
20201029 011548.732 INFO             PET3 ESMF_MOAB                   : enabled
20201029 011610.164 INFO             PET3  NUMBER_OF_PROCESSORS           4
20201029 011610.164 INFO             PET3  PASS  Example ESMF_ArrayRedistEx, ESMF_ArrayRedistEx.F90, line 595
20201029 011610.164 INFO             PET3 Finalizing ESMF
Thu Oct 29 06:51:34 CDT 2020
