20201103 031440.270 INFO             PET0 !!!!!!!!!!!!!!!!!!!!!!!!!!!!!!!!!!!!!!!!!!!!!!!!!!!!!!
20201103 031440.270 INFO             PET0 !!! THE ESMF_LOG IS SET TO OUTPUT ALL LOG MESSAGES !!!
20201103 031440.270 INFO             PET0 !!!     THIS MAY CAUSE SLOWDOWN IN PERFORMANCE     !!!
20201103 031440.270 INFO             PET0 !!! FOR PRODUCTION RUNS, USE:                      !!!
20201103 031440.270 INFO             PET0 !!!                   ESMF_LOGKIND_Multi_On_Error  !!!
20201103 031440.270 INFO             PET0 !!!!!!!!!!!!!!!!!!!!!!!!!!!!!!!!!!!!!!!!!!!!!!!!!!!!!!
20201103 031440.270 INFO             PET0 Running with ESMF Version   : ESMF_8_1_0_beta_snapshot_36-3-g26ac82d49b
20201103 031440.270 INFO             PET0 ESMF library build date/time: "Nov  3 2020" "02:13:48"
20201103 031440.270 INFO             PET0 ESMF library build location : /home1/07356/tg866552/himanshu/esmf
20201103 031440.271 INFO             PET0 ESMF_COMM                   : intelmpi
20201103 031440.275 INFO             PET0 ESMF_NETCDF                 : enabled
20201103 031440.275 INFO             PET0 ESMF_PNETCDF                : disabled
20201103 031440.275 INFO             PET0 ESMF_PIO                    : enabled
20201103 031440.275 INFO             PET0 ESMF_YAMLCPP                : enabled
20201103 031440.275 INFO             PET0 ESMF_MOAB                   : enabled
20201103 031440.280 INFO             PET0  NUMBER_OF_PROCESSORS           4
20201103 031440.280 INFO             PET0  PASS  Example ESMF_VMSendVMRecvEx, ESMF_VMSendVMRecvEx.F90, line 120
20201103 031440.280 INFO             PET0 Finalizing ESMF
20201103 031440.273 INFO             PET1 !!!!!!!!!!!!!!!!!!!!!!!!!!!!!!!!!!!!!!!!!!!!!!!!!!!!!!
20201103 031440.273 INFO             PET1 !!! THE ESMF_LOG IS SET TO OUTPUT ALL LOG MESSAGES !!!
20201103 031440.273 INFO             PET1 !!!     THIS MAY CAUSE SLOWDOWN IN PERFORMANCE     !!!
20201103 031440.273 INFO             PET1 !!! FOR PRODUCTION RUNS, USE:                      !!!
20201103 031440.273 INFO             PET1 !!!                   ESMF_LOGKIND_Multi_On_Error  !!!
20201103 031440.273 INFO             PET1 !!!!!!!!!!!!!!!!!!!!!!!!!!!!!!!!!!!!!!!!!!!!!!!!!!!!!!
20201103 031440.273 INFO             PET1 Running with ESMF Version   : ESMF_8_1_0_beta_snapshot_36-3-g26ac82d49b
20201103 031440.273 INFO             PET1 ESMF library build date/time: "Nov  3 2020" "02:13:48"
20201103 031440.273 INFO             PET1 ESMF library build location : /home1/07356/tg866552/himanshu/esmf
20201103 031440.273 INFO             PET1 ESMF_COMM                   : intelmpi
20201103 031440.278 INFO             PET1 ESMF_NETCDF                 : enabled
20201103 031440.278 INFO             PET1 ESMF_PNETCDF                : disabled
20201103 031440.278 INFO             PET1 ESMF_PIO                    : enabled
20201103 031440.278 INFO             PET1 ESMF_YAMLCPP                : enabled
20201103 031440.278 INFO             PET1 ESMF_MOAB                   : enabled
20201103 031440.280 INFO             PET1  NUMBER_OF_PROCESSORS           4
20201103 031440.280 INFO             PET1  PASS  Example ESMF_VMSendVMRecvEx, ESMF_VMSendVMRecvEx.F90, line 120
20201103 031440.280 INFO             PET1 Finalizing ESMF
20201103 031440.265 INFO             PET2 !!!!!!!!!!!!!!!!!!!!!!!!!!!!!!!!!!!!!!!!!!!!!!!!!!!!!!
20201103 031440.266 INFO             PET2 !!! THE ESMF_LOG IS SET TO OUTPUT ALL LOG MESSAGES !!!
20201103 031440.266 INFO             PET2 !!!     THIS MAY CAUSE SLOWDOWN IN PERFORMANCE     !!!
20201103 031440.266 INFO             PET2 !!! FOR PRODUCTION RUNS, USE:                      !!!
20201103 031440.266 INFO             PET2 !!!                   ESMF_LOGKIND_Multi_On_Error  !!!
20201103 031440.266 INFO             PET2 !!!!!!!!!!!!!!!!!!!!!!!!!!!!!!!!!!!!!!!!!!!!!!!!!!!!!!
20201103 031440.266 INFO             PET2 Running with ESMF Version   : ESMF_8_1_0_beta_snapshot_36-3-g26ac82d49b
20201103 031440.266 INFO             PET2 ESMF library build date/time: "Nov  3 2020" "02:13:48"
20201103 031440.266 INFO             PET2 ESMF library build location : /home1/07356/tg866552/himanshu/esmf
20201103 031440.266 INFO             PET2 ESMF_COMM                   : intelmpi
20201103 031440.271 INFO             PET2 ESMF_NETCDF                 : enabled
20201103 031440.271 INFO             PET2 ESMF_PNETCDF                : disabled
20201103 031440.271 INFO             PET2 ESMF_PIO                    : enabled
20201103 031440.271 INFO             PET2 ESMF_YAMLCPP                : enabled
20201103 031440.271 INFO             PET2 ESMF_MOAB                   : enabled
20201103 031440.280 INFO             PET2  NUMBER_OF_PROCESSORS           4
20201103 031440.280 INFO             PET2  PASS  Example ESMF_VMSendVMRecvEx, ESMF_VMSendVMRecvEx.F90, line 120
20201103 031440.280 INFO             PET2 Finalizing ESMF
20201103 031440.268 INFO             PET3 !!!!!!!!!!!!!!!!!!!!!!!!!!!!!!!!!!!!!!!!!!!!!!!!!!!!!!
20201103 031440.268 INFO             PET3 !!! THE ESMF_LOG IS SET TO OUTPUT ALL LOG MESSAGES !!!
20201103 031440.268 INFO             PET3 !!!     THIS MAY CAUSE SLOWDOWN IN PERFORMANCE     !!!
20201103 031440.268 INFO             PET3 !!! FOR PRODUCTION RUNS, USE:                      !!!
20201103 031440.268 INFO             PET3 !!!                   ESMF_LOGKIND_Multi_On_Error  !!!
20201103 031440.268 INFO             PET3 !!!!!!!!!!!!!!!!!!!!!!!!!!!!!!!!!!!!!!!!!!!!!!!!!!!!!!
20201103 031440.268 INFO             PET3 Running with ESMF Version   : ESMF_8_1_0_beta_snapshot_36-3-g26ac82d49b
20201103 031440.268 INFO             PET3 ESMF library build date/time: "Nov  3 2020" "02:13:48"
20201103 031440.268 INFO             PET3 ESMF library build location : /home1/07356/tg866552/himanshu/esmf
20201103 031440.268 INFO             PET3 ESMF_COMM                   : intelmpi
20201103 031440.273 INFO             PET3 ESMF_NETCDF                 : enabled
20201103 031440.273 INFO             PET3 ESMF_PNETCDF                : disabled
20201103 031440.273 INFO             PET3 ESMF_PIO                    : enabled
20201103 031440.273 INFO             PET3 ESMF_YAMLCPP                : enabled
20201103 031440.273 INFO             PET3 ESMF_MOAB                   : enabled
20201103 031440.280 INFO             PET3  NUMBER_OF_PROCESSORS           4
20201103 031440.280 INFO             PET3  PASS  Example ESMF_VMSendVMRecvEx, ESMF_VMSendVMRecvEx.F90, line 120
20201103 031440.280 INFO             PET3 Finalizing ESMF
Tue Nov  3 08:51:49 CST 2020
