20201229 023012.120 INFO             PET0 !!!!!!!!!!!!!!!!!!!!!!!!!!!!!!!!!!!!!!!!!!!!!!!!!!!!!!
20201229 023012.120 INFO             PET0 !!! THE ESMF_LOG IS SET TO OUTPUT ALL LOG MESSAGES !!!
20201229 023012.120 INFO             PET0 !!!     THIS MAY CAUSE SLOWDOWN IN PERFORMANCE     !!!
20201229 023012.121 INFO             PET0 !!! FOR PRODUCTION RUNS, USE:                      !!!
20201229 023012.121 INFO             PET0 !!!                   ESMF_LOGKIND_Multi_On_Error  !!!
20201229 023012.121 INFO             PET0 !!!!!!!!!!!!!!!!!!!!!!!!!!!!!!!!!!!!!!!!!!!!!!!!!!!!!!
20201229 023012.121 INFO             PET0 Running with ESMF Version   : ESMF_8_1_0_beta_snapshot_40-4-ga072c96c19
20201229 023012.121 INFO             PET0 ESMF library build date/time: "Dec 29 2020" "01:28:04"
20201229 023012.121 INFO             PET0 ESMF library build location : /home1/07356/tg866552/himanshu/esmf
20201229 023012.121 INFO             PET0 ESMF_COMM                   : intelmpi
20201229 023012.125 INFO             PET0 ESMF_NETCDF                 : enabled
20201229 023012.125 INFO             PET0 ESMF_PNETCDF                : disabled
20201229 023012.125 INFO             PET0 ESMF_PIO                    : enabled
20201229 023012.125 INFO             PET0 ESMF_YAMLCPP                : enabled
20201229 023012.125 INFO             PET0 ESMF_MOAB                   : enabled
20201229 023012.134 INFO             PET0  NUMBER_OF_PROCESSORS           4
20201229 023012.134 INFO             PET0  PASS  Example ESMF_DELayoutEx, ESMF_DELayoutEx.F90, line 394
20201229 023012.134 INFO             PET0 Finalizing ESMF
20201229 023012.122 INFO             PET1 !!!!!!!!!!!!!!!!!!!!!!!!!!!!!!!!!!!!!!!!!!!!!!!!!!!!!!
20201229 023012.122 INFO             PET1 !!! THE ESMF_LOG IS SET TO OUTPUT ALL LOG MESSAGES !!!
20201229 023012.123 INFO             PET1 !!!     THIS MAY CAUSE SLOWDOWN IN PERFORMANCE     !!!
20201229 023012.123 INFO             PET1 !!! FOR PRODUCTION RUNS, USE:                      !!!
20201229 023012.123 INFO             PET1 !!!                   ESMF_LOGKIND_Multi_On_Error  !!!
20201229 023012.123 INFO             PET1 !!!!!!!!!!!!!!!!!!!!!!!!!!!!!!!!!!!!!!!!!!!!!!!!!!!!!!
20201229 023012.123 INFO             PET1 Running with ESMF Version   : ESMF_8_1_0_beta_snapshot_40-4-ga072c96c19
20201229 023012.123 INFO             PET1 ESMF library build date/time: "Dec 29 2020" "01:28:04"
20201229 023012.123 INFO             PET1 ESMF library build location : /home1/07356/tg866552/himanshu/esmf
20201229 023012.123 INFO             PET1 ESMF_COMM                   : intelmpi
20201229 023012.127 INFO             PET1 ESMF_NETCDF                 : enabled
20201229 023012.127 INFO             PET1 ESMF_PNETCDF                : disabled
20201229 023012.127 INFO             PET1 ESMF_PIO                    : enabled
20201229 023012.127 INFO             PET1 ESMF_YAMLCPP                : enabled
20201229 023012.127 INFO             PET1 ESMF_MOAB                   : enabled
20201229 023012.134 INFO             PET1  NUMBER_OF_PROCESSORS           4
20201229 023012.134 INFO             PET1  PASS  Example ESMF_DELayoutEx, ESMF_DELayoutEx.F90, line 394
20201229 023012.134 INFO             PET1 Finalizing ESMF
20201229 023012.124 INFO             PET2 !!!!!!!!!!!!!!!!!!!!!!!!!!!!!!!!!!!!!!!!!!!!!!!!!!!!!!
20201229 023012.124 INFO             PET2 !!! THE ESMF_LOG IS SET TO OUTPUT ALL LOG MESSAGES !!!
20201229 023012.124 INFO             PET2 !!!     THIS MAY CAUSE SLOWDOWN IN PERFORMANCE     !!!
20201229 023012.124 INFO             PET2 !!! FOR PRODUCTION RUNS, USE:                      !!!
20201229 023012.124 INFO             PET2 !!!                   ESMF_LOGKIND_Multi_On_Error  !!!
20201229 023012.124 INFO             PET2 !!!!!!!!!!!!!!!!!!!!!!!!!!!!!!!!!!!!!!!!!!!!!!!!!!!!!!
20201229 023012.125 INFO             PET2 Running with ESMF Version   : ESMF_8_1_0_beta_snapshot_40-4-ga072c96c19
20201229 023012.125 INFO             PET2 ESMF library build date/time: "Dec 29 2020" "01:28:04"
20201229 023012.125 INFO             PET2 ESMF library build location : /home1/07356/tg866552/himanshu/esmf
20201229 023012.125 INFO             PET2 ESMF_COMM                   : intelmpi
20201229 023012.129 INFO             PET2 ESMF_NETCDF                 : enabled
20201229 023012.129 INFO             PET2 ESMF_PNETCDF                : disabled
20201229 023012.129 INFO             PET2 ESMF_PIO                    : enabled
20201229 023012.129 INFO             PET2 ESMF_YAMLCPP                : enabled
20201229 023012.129 INFO             PET2 ESMF_MOAB                   : enabled
20201229 023012.134 INFO             PET2  NUMBER_OF_PROCESSORS           4
20201229 023012.134 INFO             PET2  PASS  Example ESMF_DELayoutEx, ESMF_DELayoutEx.F90, line 394
20201229 023012.134 INFO             PET2 Finalizing ESMF
20201229 023012.117 INFO             PET3 !!!!!!!!!!!!!!!!!!!!!!!!!!!!!!!!!!!!!!!!!!!!!!!!!!!!!!
20201229 023012.118 INFO             PET3 !!! THE ESMF_LOG IS SET TO OUTPUT ALL LOG MESSAGES !!!
20201229 023012.118 INFO             PET3 !!!     THIS MAY CAUSE SLOWDOWN IN PERFORMANCE     !!!
20201229 023012.118 INFO             PET3 !!! FOR PRODUCTION RUNS, USE:                      !!!
20201229 023012.118 INFO             PET3 !!!                   ESMF_LOGKIND_Multi_On_Error  !!!
20201229 023012.118 INFO             PET3 !!!!!!!!!!!!!!!!!!!!!!!!!!!!!!!!!!!!!!!!!!!!!!!!!!!!!!
20201229 023012.118 INFO             PET3 Running with ESMF Version   : ESMF_8_1_0_beta_snapshot_40-4-ga072c96c19
20201229 023012.118 INFO             PET3 ESMF library build date/time: "Dec 29 2020" "01:28:04"
20201229 023012.118 INFO             PET3 ESMF library build location : /home1/07356/tg866552/himanshu/esmf
20201229 023012.118 INFO             PET3 ESMF_COMM                   : intelmpi
20201229 023012.122 INFO             PET3 ESMF_NETCDF                 : enabled
20201229 023012.123 INFO             PET3 ESMF_PNETCDF                : disabled
20201229 023012.123 INFO             PET3 ESMF_PIO                    : enabled
20201229 023012.123 INFO             PET3 ESMF_YAMLCPP                : enabled
20201229 023012.123 INFO             PET3 ESMF_MOAB                   : enabled
20201229 023012.134 INFO             PET3  NUMBER_OF_PROCESSORS           4
20201229 023012.134 INFO             PET3  PASS  Example ESMF_DELayoutEx, ESMF_DELayoutEx.F90, line 394
20201229 023012.134 INFO             PET3 Finalizing ESMF
Tue Dec 29 08:04:19 CST 2020
