20200923 051856.394 INFO             PET0 !!!!!!!!!!!!!!!!!!!!!!!!!!!!!!!!!!!!!!!!!!!!!!!!!!!!!!
20200923 051856.394 INFO             PET0 !!! THE ESMF_LOG IS SET TO OUTPUT ALL LOG MESSAGES !!!
20200923 051856.394 INFO             PET0 !!!     THIS MAY CAUSE SLOWDOWN IN PERFORMANCE     !!!
20200923 051856.394 INFO             PET0 !!! FOR PRODUCTION RUNS, USE:                      !!!
20200923 051856.394 INFO             PET0 !!!                   ESMF_LOGKIND_Multi_On_Error  !!!
20200923 051856.394 INFO             PET0 !!!!!!!!!!!!!!!!!!!!!!!!!!!!!!!!!!!!!!!!!!!!!!!!!!!!!!
20200923 051856.394 INFO             PET0 Running with ESMF Version   : ESMF_8_1_0_beta_snapshot_28-5-ge39bc55bea
20200923 051856.394 INFO             PET0 ESMF library build date/time: "Sep 23 2020" "04:10:57"
20200923 051856.395 INFO             PET0 ESMF library build location : /home1/07356/tg866552/himanshu/esmf
20200923 051856.395 INFO             PET0 ESMF_COMM                   : intelmpi
20200923 051856.399 INFO             PET0 ESMF_NETCDF                 : enabled
20200923 051856.399 INFO             PET0 ESMF_PNETCDF                : disabled
20200923 051856.399 INFO             PET0 ESMF_PIO                    : enabled
20200923 051856.399 INFO             PET0 ESMF_YAMLCPP                : enabled
20200923 051856.399 INFO             PET0 ESMF_MOAB                   : enabled
20200923 051856.418 INFO             PET0  NUMBER_OF_PROCESSORS           4
20200923 051856.418 INFO             PET0  PASS  Example ESMF_SCompEx, ESMF_SCompEx.F90, line 385
20200923 051856.418 INFO             PET0 Finalizing ESMF
20200923 051856.390 INFO             PET1 !!!!!!!!!!!!!!!!!!!!!!!!!!!!!!!!!!!!!!!!!!!!!!!!!!!!!!
20200923 051856.390 INFO             PET1 !!! THE ESMF_LOG IS SET TO OUTPUT ALL LOG MESSAGES !!!
20200923 051856.390 INFO             PET1 !!!     THIS MAY CAUSE SLOWDOWN IN PERFORMANCE     !!!
20200923 051856.390 INFO             PET1 !!! FOR PRODUCTION RUNS, USE:                      !!!
20200923 051856.390 INFO             PET1 !!!                   ESMF_LOGKIND_Multi_On_Error  !!!
20200923 051856.390 INFO             PET1 !!!!!!!!!!!!!!!!!!!!!!!!!!!!!!!!!!!!!!!!!!!!!!!!!!!!!!
20200923 051856.390 INFO             PET1 Running with ESMF Version   : ESMF_8_1_0_beta_snapshot_28-5-ge39bc55bea
20200923 051856.390 INFO             PET1 ESMF library build date/time: "Sep 23 2020" "04:10:57"
20200923 051856.390 INFO             PET1 ESMF library build location : /home1/07356/tg866552/himanshu/esmf
20200923 051856.391 INFO             PET1 ESMF_COMM                   : intelmpi
20200923 051856.395 INFO             PET1 ESMF_NETCDF                 : enabled
20200923 051856.395 INFO             PET1 ESMF_PNETCDF                : disabled
20200923 051856.395 INFO             PET1 ESMF_PIO                    : enabled
20200923 051856.395 INFO             PET1 ESMF_YAMLCPP                : enabled
20200923 051856.395 INFO             PET1 ESMF_MOAB                   : enabled
20200923 051856.417 INFO             PET1  NUMBER_OF_PROCESSORS           4
20200923 051856.418 INFO             PET1  PASS  Example ESMF_SCompEx, ESMF_SCompEx.F90, line 385
20200923 051856.418 INFO             PET1 Finalizing ESMF
20200923 051856.392 INFO             PET2 !!!!!!!!!!!!!!!!!!!!!!!!!!!!!!!!!!!!!!!!!!!!!!!!!!!!!!
20200923 051856.392 INFO             PET2 !!! THE ESMF_LOG IS SET TO OUTPUT ALL LOG MESSAGES !!!
20200923 051856.392 INFO             PET2 !!!     THIS MAY CAUSE SLOWDOWN IN PERFORMANCE     !!!
20200923 051856.392 INFO             PET2 !!! FOR PRODUCTION RUNS, USE:                      !!!
20200923 051856.392 INFO             PET2 !!!                   ESMF_LOGKIND_Multi_On_Error  !!!
20200923 051856.392 INFO             PET2 !!!!!!!!!!!!!!!!!!!!!!!!!!!!!!!!!!!!!!!!!!!!!!!!!!!!!!
20200923 051856.392 INFO             PET2 Running with ESMF Version   : ESMF_8_1_0_beta_snapshot_28-5-ge39bc55bea
20200923 051856.392 INFO             PET2 ESMF library build date/time: "Sep 23 2020" "04:10:57"
20200923 051856.392 INFO             PET2 ESMF library build location : /home1/07356/tg866552/himanshu/esmf
20200923 051856.393 INFO             PET2 ESMF_COMM                   : intelmpi
20200923 051856.397 INFO             PET2 ESMF_NETCDF                 : enabled
20200923 051856.397 INFO             PET2 ESMF_PNETCDF                : disabled
20200923 051856.397 INFO             PET2 ESMF_PIO                    : enabled
20200923 051856.397 INFO             PET2 ESMF_YAMLCPP                : enabled
20200923 051856.397 INFO             PET2 ESMF_MOAB                   : enabled
20200923 051856.417 INFO             PET2  NUMBER_OF_PROCESSORS           4
20200923 051856.418 INFO             PET2  PASS  Example ESMF_SCompEx, ESMF_SCompEx.F90, line 385
20200923 051856.418 INFO             PET2 Finalizing ESMF
20200923 051856.382 INFO             PET3 !!!!!!!!!!!!!!!!!!!!!!!!!!!!!!!!!!!!!!!!!!!!!!!!!!!!!!
20200923 051856.382 INFO             PET3 !!! THE ESMF_LOG IS SET TO OUTPUT ALL LOG MESSAGES !!!
20200923 051856.382 INFO             PET3 !!!     THIS MAY CAUSE SLOWDOWN IN PERFORMANCE     !!!
20200923 051856.382 INFO             PET3 !!! FOR PRODUCTION RUNS, USE:                      !!!
20200923 051856.382 INFO             PET3 !!!                   ESMF_LOGKIND_Multi_On_Error  !!!
20200923 051856.382 INFO             PET3 !!!!!!!!!!!!!!!!!!!!!!!!!!!!!!!!!!!!!!!!!!!!!!!!!!!!!!
20200923 051856.382 INFO             PET3 Running with ESMF Version   : ESMF_8_1_0_beta_snapshot_28-5-ge39bc55bea
20200923 051856.382 INFO             PET3 ESMF library build date/time: "Sep 23 2020" "04:10:57"
20200923 051856.382 INFO             PET3 ESMF library build location : /home1/07356/tg866552/himanshu/esmf
20200923 051856.383 INFO             PET3 ESMF_COMM                   : intelmpi
20200923 051856.387 INFO             PET3 ESMF_NETCDF                 : enabled
20200923 051856.387 INFO             PET3 ESMF_PNETCDF                : disabled
20200923 051856.387 INFO             PET3 ESMF_PIO                    : enabled
20200923 051856.387 INFO             PET3 ESMF_YAMLCPP                : enabled
20200923 051856.387 INFO             PET3 ESMF_MOAB                   : enabled
20200923 051856.417 INFO             PET3  NUMBER_OF_PROCESSORS           4
20200923 051856.418 INFO             PET3  PASS  Example ESMF_SCompEx, ESMF_SCompEx.F90, line 385
20200923 051856.418 INFO             PET3 Finalizing ESMF
