20210101 212107.932 INFO             PET0 !!!!!!!!!!!!!!!!!!!!!!!!!!!!!!!!!!!!!!!!!!!!!!!!!!!!!!
20210101 212107.932 INFO             PET0 !!! THE ESMF_LOG IS SET TO OUTPUT ALL LOG MESSAGES !!!
20210101 212107.932 INFO             PET0 !!!     THIS MAY CAUSE SLOWDOWN IN PERFORMANCE     !!!
20210101 212107.932 INFO             PET0 !!! FOR PRODUCTION RUNS, USE:                      !!!
20210101 212107.932 INFO             PET0 !!!                   ESMF_LOGKIND_Multi_On_Error  !!!
20210101 212107.932 INFO             PET0 !!!!!!!!!!!!!!!!!!!!!!!!!!!!!!!!!!!!!!!!!!!!!!!!!!!!!!
20210101 212107.932 INFO             PET0 Running with ESMF Version   : ESMF_8_1_0_beta_snapshot_40-4-ga072c96c19
20210101 212107.933 INFO             PET0 ESMF library build date/time: "Jan  1 2021" "20:19:47"
20210101 212107.933 INFO             PET0 ESMF library build location : /home1/07356/tg866552/himanshu/esmf
20210101 212107.933 INFO             PET0 ESMF_COMM                   : intelmpi
20210101 212107.937 INFO             PET0 ESMF_NETCDF                 : enabled
20210101 212107.938 INFO             PET0 ESMF_PNETCDF                : disabled
20210101 212107.938 INFO             PET0 ESMF_PIO                    : enabled
20210101 212107.938 INFO             PET0 ESMF_YAMLCPP                : enabled
20210101 212107.938 INFO             PET0 ESMF_MOAB                   : enabled
20210101 212107.942 INFO             PET0  NUMBER_OF_PROCESSORS           4
20210101 212107.942 INFO             PET0  PASS  Example ESMF_VMHigherRankDataEx, ESMF_VMHigherRankDataEx.F90, line 140
20210101 212107.942 INFO             PET0 Finalizing ESMF
20210101 212107.934 INFO             PET1 !!!!!!!!!!!!!!!!!!!!!!!!!!!!!!!!!!!!!!!!!!!!!!!!!!!!!!
20210101 212107.934 INFO             PET1 !!! THE ESMF_LOG IS SET TO OUTPUT ALL LOG MESSAGES !!!
20210101 212107.934 INFO             PET1 !!!     THIS MAY CAUSE SLOWDOWN IN PERFORMANCE     !!!
20210101 212107.934 INFO             PET1 !!! FOR PRODUCTION RUNS, USE:                      !!!
20210101 212107.934 INFO             PET1 !!!                   ESMF_LOGKIND_Multi_On_Error  !!!
20210101 212107.934 INFO             PET1 !!!!!!!!!!!!!!!!!!!!!!!!!!!!!!!!!!!!!!!!!!!!!!!!!!!!!!
20210101 212107.934 INFO             PET1 Running with ESMF Version   : ESMF_8_1_0_beta_snapshot_40-4-ga072c96c19
20210101 212107.935 INFO             PET1 ESMF library build date/time: "Jan  1 2021" "20:19:47"
20210101 212107.935 INFO             PET1 ESMF library build location : /home1/07356/tg866552/himanshu/esmf
20210101 212107.935 INFO             PET1 ESMF_COMM                   : intelmpi
20210101 212107.939 INFO             PET1 ESMF_NETCDF                 : enabled
20210101 212107.940 INFO             PET1 ESMF_PNETCDF                : disabled
20210101 212107.940 INFO             PET1 ESMF_PIO                    : enabled
20210101 212107.940 INFO             PET1 ESMF_YAMLCPP                : enabled
20210101 212107.940 INFO             PET1 ESMF_MOAB                   : enabled
20210101 212107.941 INFO             PET1  NUMBER_OF_PROCESSORS           4
20210101 212107.942 INFO             PET1  PASS  Example ESMF_VMHigherRankDataEx, ESMF_VMHigherRankDataEx.F90, line 140
20210101 212107.942 INFO             PET1 Finalizing ESMF
20210101 212107.930 INFO             PET2 !!!!!!!!!!!!!!!!!!!!!!!!!!!!!!!!!!!!!!!!!!!!!!!!!!!!!!
20210101 212107.931 INFO             PET2 !!! THE ESMF_LOG IS SET TO OUTPUT ALL LOG MESSAGES !!!
20210101 212107.931 INFO             PET2 !!!     THIS MAY CAUSE SLOWDOWN IN PERFORMANCE     !!!
20210101 212107.931 INFO             PET2 !!! FOR PRODUCTION RUNS, USE:                      !!!
20210101 212107.931 INFO             PET2 !!!                   ESMF_LOGKIND_Multi_On_Error  !!!
20210101 212107.931 INFO             PET2 !!!!!!!!!!!!!!!!!!!!!!!!!!!!!!!!!!!!!!!!!!!!!!!!!!!!!!
20210101 212107.931 INFO             PET2 Running with ESMF Version   : ESMF_8_1_0_beta_snapshot_40-4-ga072c96c19
20210101 212107.931 INFO             PET2 ESMF library build date/time: "Jan  1 2021" "20:19:47"
20210101 212107.931 INFO             PET2 ESMF library build location : /home1/07356/tg866552/himanshu/esmf
20210101 212107.931 INFO             PET2 ESMF_COMM                   : intelmpi
20210101 212107.936 INFO             PET2 ESMF_NETCDF                 : enabled
20210101 212107.936 INFO             PET2 ESMF_PNETCDF                : disabled
20210101 212107.936 INFO             PET2 ESMF_PIO                    : enabled
20210101 212107.936 INFO             PET2 ESMF_YAMLCPP                : enabled
20210101 212107.936 INFO             PET2 ESMF_MOAB                   : enabled
20210101 212107.941 INFO             PET2  NUMBER_OF_PROCESSORS           4
20210101 212107.942 INFO             PET2  PASS  Example ESMF_VMHigherRankDataEx, ESMF_VMHigherRankDataEx.F90, line 140
20210101 212107.942 INFO             PET2 Finalizing ESMF
20210101 212107.925 INFO             PET3 !!!!!!!!!!!!!!!!!!!!!!!!!!!!!!!!!!!!!!!!!!!!!!!!!!!!!!
20210101 212107.926 INFO             PET3 !!! THE ESMF_LOG IS SET TO OUTPUT ALL LOG MESSAGES !!!
20210101 212107.926 INFO             PET3 !!!     THIS MAY CAUSE SLOWDOWN IN PERFORMANCE     !!!
20210101 212107.926 INFO             PET3 !!! FOR PRODUCTION RUNS, USE:                      !!!
20210101 212107.926 INFO             PET3 !!!                   ESMF_LOGKIND_Multi_On_Error  !!!
20210101 212107.926 INFO             PET3 !!!!!!!!!!!!!!!!!!!!!!!!!!!!!!!!!!!!!!!!!!!!!!!!!!!!!!
20210101 212107.926 INFO             PET3 Running with ESMF Version   : ESMF_8_1_0_beta_snapshot_40-4-ga072c96c19
20210101 212107.926 INFO             PET3 ESMF library build date/time: "Jan  1 2021" "20:19:47"
20210101 212107.926 INFO             PET3 ESMF library build location : /home1/07356/tg866552/himanshu/esmf
20210101 212107.926 INFO             PET3 ESMF_COMM                   : intelmpi
20210101 212107.931 INFO             PET3 ESMF_NETCDF                 : enabled
20210101 212107.931 INFO             PET3 ESMF_PNETCDF                : disabled
20210101 212107.931 INFO             PET3 ESMF_PIO                    : enabled
20210101 212107.931 INFO             PET3 ESMF_YAMLCPP                : enabled
20210101 212107.931 INFO             PET3 ESMF_MOAB                   : enabled
20210101 212107.942 INFO             PET3  NUMBER_OF_PROCESSORS           4
20210101 212107.942 INFO             PET3  PASS  Example ESMF_VMHigherRankDataEx, ESMF_VMHigherRankDataEx.F90, line 140
20210101 212107.942 INFO             PET3 Finalizing ESMF
Sat Jan  2 02:54:58 CST 2021
