TACC:  Starting up job 7258258 
TACC:  Starting parallel tasks... 
 User Comp1 Register starting
 User Comp1 Register starting
 User Comp1 Register starting
 User Comp1 Register starting
 Registered Initialize, Run, and Finalize routines
 Registered Initialize, Run, and Finalize routines
 User Comp1 Register returning
 Registered Initialize, Run, and Finalize routines
 User Comp1 Register returning
 Registered Initialize, Run, and Finalize routines
 User Comp1 Register returning
 User Comp1 Register returning
  PASS  Example ESMF_WebServicesEx, ESMF_WebServicesEx.F90, line 227
  PASS  Example ESMF_WebServicesEx, ESMF_WebServicesEx.F90, line 227
  PASS  Example ESMF_WebServicesEx, ESMF_WebServicesEx.F90, line 227
  PASS  Example ESMF_WebServicesEx, ESMF_WebServicesEx.F90, line 227
 PASS: ESMF_WebServicesEx.F90
 PASS: ESMF_WebServicesEx.F90
 PASS: ESMF_WebServicesEx.F90
 PASS: ESMF_WebServicesEx.F90
TACC:  Shutdown complete. Exiting. 
Wed Feb 10 11:31:38 CST 2021
