20200925 102135.318 INFO             PET0 !!!!!!!!!!!!!!!!!!!!!!!!!!!!!!!!!!!!!!!!!!!!!!!!!!!!!!
20200925 102135.318 INFO             PET0 !!! THE ESMF_LOG IS SET TO OUTPUT ALL LOG MESSAGES !!!
20200925 102135.318 INFO             PET0 !!!     THIS MAY CAUSE SLOWDOWN IN PERFORMANCE     !!!
20200925 102135.318 INFO             PET0 !!! FOR PRODUCTION RUNS, USE:                      !!!
20200925 102135.318 INFO             PET0 !!!                   ESMF_LOGKIND_Multi_On_Error  !!!
20200925 102135.318 INFO             PET0 !!!!!!!!!!!!!!!!!!!!!!!!!!!!!!!!!!!!!!!!!!!!!!!!!!!!!!
20200925 102135.318 INFO             PET0 Running with ESMF Version   : ESMF_8_1_0_beta_snapshot_30
20200925 102135.318 INFO             PET0 ESMF library build date/time: "Sep 25 2020" "09:22:00"
20200925 102135.318 INFO             PET0 ESMF library build location : /home1/07356/tg866552/himanshu/esmf
20200925 102135.318 INFO             PET0 ESMF_COMM                   : intelmpi
20200925 102135.323 INFO             PET0 ESMF_NETCDF                 : enabled
20200925 102135.323 INFO             PET0 ESMF_PNETCDF                : disabled
20200925 102135.323 INFO             PET0 ESMF_PIO                    : enabled
20200925 102135.323 INFO             PET0 ESMF_YAMLCPP                : enabled
20200925 102135.324 INFO             PET0 ESMF_MOAB                   : enabled
20200925 102135.353 INFO             PET0  NUMBER_OF_PROCESSORS           4
20200925 102135.353 INFO             PET0  PASS  Example ESMF_ArrayScatterGatherEx, ESMF_ArrayScatterGatherEx.F90, line 328
20200925 102135.353 INFO             PET0 Finalizing ESMF
20200925 102135.324 INFO             PET1 !!!!!!!!!!!!!!!!!!!!!!!!!!!!!!!!!!!!!!!!!!!!!!!!!!!!!!
20200925 102135.324 INFO             PET1 !!! THE ESMF_LOG IS SET TO OUTPUT ALL LOG MESSAGES !!!
20200925 102135.324 INFO             PET1 !!!     THIS MAY CAUSE SLOWDOWN IN PERFORMANCE     !!!
20200925 102135.324 INFO             PET1 !!! FOR PRODUCTION RUNS, USE:                      !!!
20200925 102135.324 INFO             PET1 !!!                   ESMF_LOGKIND_Multi_On_Error  !!!
20200925 102135.324 INFO             PET1 !!!!!!!!!!!!!!!!!!!!!!!!!!!!!!!!!!!!!!!!!!!!!!!!!!!!!!
20200925 102135.324 INFO             PET1 Running with ESMF Version   : ESMF_8_1_0_beta_snapshot_30
20200925 102135.324 INFO             PET1 ESMF library build date/time: "Sep 25 2020" "09:22:00"
20200925 102135.324 INFO             PET1 ESMF library build location : /home1/07356/tg866552/himanshu/esmf
20200925 102135.324 INFO             PET1 ESMF_COMM                   : intelmpi
20200925 102135.329 INFO             PET1 ESMF_NETCDF                 : enabled
20200925 102135.329 INFO             PET1 ESMF_PNETCDF                : disabled
20200925 102135.329 INFO             PET1 ESMF_PIO                    : enabled
20200925 102135.329 INFO             PET1 ESMF_YAMLCPP                : enabled
20200925 102135.329 INFO             PET1 ESMF_MOAB                   : enabled
20200925 102135.353 INFO             PET1  NUMBER_OF_PROCESSORS           4
20200925 102135.353 INFO             PET1  PASS  Example ESMF_ArrayScatterGatherEx, ESMF_ArrayScatterGatherEx.F90, line 328
20200925 102135.353 INFO             PET1 Finalizing ESMF
20200925 102135.328 INFO             PET2 !!!!!!!!!!!!!!!!!!!!!!!!!!!!!!!!!!!!!!!!!!!!!!!!!!!!!!
20200925 102135.328 INFO             PET2 !!! THE ESMF_LOG IS SET TO OUTPUT ALL LOG MESSAGES !!!
20200925 102135.328 INFO             PET2 !!!     THIS MAY CAUSE SLOWDOWN IN PERFORMANCE     !!!
20200925 102135.328 INFO             PET2 !!! FOR PRODUCTION RUNS, USE:                      !!!
20200925 102135.328 INFO             PET2 !!!                   ESMF_LOGKIND_Multi_On_Error  !!!
20200925 102135.328 INFO             PET2 !!!!!!!!!!!!!!!!!!!!!!!!!!!!!!!!!!!!!!!!!!!!!!!!!!!!!!
20200925 102135.328 INFO             PET2 Running with ESMF Version   : ESMF_8_1_0_beta_snapshot_30
20200925 102135.328 INFO             PET2 ESMF library build date/time: "Sep 25 2020" "09:22:00"
20200925 102135.328 INFO             PET2 ESMF library build location : /home1/07356/tg866552/himanshu/esmf
20200925 102135.328 INFO             PET2 ESMF_COMM                   : intelmpi
20200925 102135.333 INFO             PET2 ESMF_NETCDF                 : enabled
20200925 102135.333 INFO             PET2 ESMF_PNETCDF                : disabled
20200925 102135.334 INFO             PET2 ESMF_PIO                    : enabled
20200925 102135.334 INFO             PET2 ESMF_YAMLCPP                : enabled
20200925 102135.334 INFO             PET2 ESMF_MOAB                   : enabled
20200925 102135.353 INFO             PET2  NUMBER_OF_PROCESSORS           4
20200925 102135.353 INFO             PET2  PASS  Example ESMF_ArrayScatterGatherEx, ESMF_ArrayScatterGatherEx.F90, line 328
20200925 102135.353 INFO             PET2 Finalizing ESMF
20200925 102135.326 INFO             PET3 !!!!!!!!!!!!!!!!!!!!!!!!!!!!!!!!!!!!!!!!!!!!!!!!!!!!!!
20200925 102135.326 INFO             PET3 !!! THE ESMF_LOG IS SET TO OUTPUT ALL LOG MESSAGES !!!
20200925 102135.326 INFO             PET3 !!!     THIS MAY CAUSE SLOWDOWN IN PERFORMANCE     !!!
20200925 102135.326 INFO             PET3 !!! FOR PRODUCTION RUNS, USE:                      !!!
20200925 102135.326 INFO             PET3 !!!                   ESMF_LOGKIND_Multi_On_Error  !!!
20200925 102135.326 INFO             PET3 !!!!!!!!!!!!!!!!!!!!!!!!!!!!!!!!!!!!!!!!!!!!!!!!!!!!!!
20200925 102135.326 INFO             PET3 Running with ESMF Version   : ESMF_8_1_0_beta_snapshot_30
20200925 102135.326 INFO             PET3 ESMF library build date/time: "Sep 25 2020" "09:22:00"
20200925 102135.326 INFO             PET3 ESMF library build location : /home1/07356/tg866552/himanshu/esmf
20200925 102135.326 INFO             PET3 ESMF_COMM                   : intelmpi
20200925 102135.331 INFO             PET3 ESMF_NETCDF                 : enabled
20200925 102135.331 INFO             PET3 ESMF_PNETCDF                : disabled
20200925 102135.331 INFO             PET3 ESMF_PIO                    : enabled
20200925 102135.331 INFO             PET3 ESMF_YAMLCPP                : enabled
20200925 102135.331 INFO             PET3 ESMF_MOAB                   : enabled
20200925 102135.353 INFO             PET3  NUMBER_OF_PROCESSORS           4
20200925 102135.353 INFO             PET3  PASS  Example ESMF_ArrayScatterGatherEx, ESMF_ArrayScatterGatherEx.F90, line 328
20200925 102135.353 INFO             PET3 Finalizing ESMF
