20210210 010336.281 INFO             PET0 !!!!!!!!!!!!!!!!!!!!!!!!!!!!!!!!!!!!!!!!!!!!!!!!!!!!!!
20210210 010336.281 INFO             PET0 !!! THE ESMF_LOG IS SET TO OUTPUT ALL LOG MESSAGES !!!
20210210 010336.281 INFO             PET0 !!!     THIS MAY CAUSE SLOWDOWN IN PERFORMANCE     !!!
20210210 010336.281 INFO             PET0 !!! FOR PRODUCTION RUNS, USE:                      !!!
20210210 010336.281 INFO             PET0 !!!                   ESMF_LOGKIND_Multi_On_Error  !!!
20210210 010336.281 INFO             PET0 !!!!!!!!!!!!!!!!!!!!!!!!!!!!!!!!!!!!!!!!!!!!!!!!!!!!!!
20210210 010336.281 INFO             PET0 Running with ESMF Version   : ESMF_8_1_0_beta_snapshot_44-51-g9479c81c39
20210210 010336.282 INFO             PET0 ESMF library build date/time: "Feb  9 2021" "23:56:18"
20210210 010336.282 INFO             PET0 ESMF library build location : /home1/07356/tg866552/himanshu/esmf
20210210 010336.282 INFO             PET0 ESMF_COMM                   : intelmpi
20210210 010336.286 INFO             PET0 ESMF_MOAB                   : enabled
20210210 010336.286 INFO             PET0 ESMF_LAPACK                 : enabled
20210210 010336.286 INFO             PET0 ESMF_NETCDF                 : enabled
20210210 010336.286 INFO             PET0 ESMF_PNETCDF                : disabled
20210210 010336.286 INFO             PET0 ESMF_PIO                    : enabled
20210210 010336.286 INFO             PET0 ESMF_YAMLCPP                : enabled
20210210 010419.074 INFO             PET0  NUMBER_OF_PROCESSORS           4
20210210 010419.075 INFO             PET0  PASS  Example ESMF_FieldSphereRegridEx, ESMF_FieldSphereRegridEx.F90, line 407
20210210 010419.075 INFO             PET0 Finalizing ESMF
20210210 010336.282 INFO             PET1 !!!!!!!!!!!!!!!!!!!!!!!!!!!!!!!!!!!!!!!!!!!!!!!!!!!!!!
20210210 010336.283 INFO             PET1 !!! THE ESMF_LOG IS SET TO OUTPUT ALL LOG MESSAGES !!!
20210210 010336.283 INFO             PET1 !!!     THIS MAY CAUSE SLOWDOWN IN PERFORMANCE     !!!
20210210 010336.283 INFO             PET1 !!! FOR PRODUCTION RUNS, USE:                      !!!
20210210 010336.283 INFO             PET1 !!!                   ESMF_LOGKIND_Multi_On_Error  !!!
20210210 010336.283 INFO             PET1 !!!!!!!!!!!!!!!!!!!!!!!!!!!!!!!!!!!!!!!!!!!!!!!!!!!!!!
20210210 010336.283 INFO             PET1 Running with ESMF Version   : ESMF_8_1_0_beta_snapshot_44-51-g9479c81c39
20210210 010336.283 INFO             PET1 ESMF library build date/time: "Feb  9 2021" "23:56:18"
20210210 010336.283 INFO             PET1 ESMF library build location : /home1/07356/tg866552/himanshu/esmf
20210210 010336.283 INFO             PET1 ESMF_COMM                   : intelmpi
20210210 010336.287 INFO             PET1 ESMF_MOAB                   : enabled
20210210 010336.287 INFO             PET1 ESMF_LAPACK                 : enabled
20210210 010336.287 INFO             PET1 ESMF_NETCDF                 : enabled
20210210 010336.287 INFO             PET1 ESMF_PNETCDF                : disabled
20210210 010336.287 INFO             PET1 ESMF_PIO                    : enabled
20210210 010336.287 INFO             PET1 ESMF_YAMLCPP                : enabled
20210210 010419.072 INFO             PET1  NUMBER_OF_PROCESSORS           4
20210210 010419.073 INFO             PET1  PASS  Example ESMF_FieldSphereRegridEx, ESMF_FieldSphereRegridEx.F90, line 407
20210210 010419.073 INFO             PET1 Finalizing ESMF
20210210 010336.280 INFO             PET2 !!!!!!!!!!!!!!!!!!!!!!!!!!!!!!!!!!!!!!!!!!!!!!!!!!!!!!
20210210 010336.281 INFO             PET2 !!! THE ESMF_LOG IS SET TO OUTPUT ALL LOG MESSAGES !!!
20210210 010336.281 INFO             PET2 !!!     THIS MAY CAUSE SLOWDOWN IN PERFORMANCE     !!!
20210210 010336.281 INFO             PET2 !!! FOR PRODUCTION RUNS, USE:                      !!!
20210210 010336.281 INFO             PET2 !!!                   ESMF_LOGKIND_Multi_On_Error  !!!
20210210 010336.281 INFO             PET2 !!!!!!!!!!!!!!!!!!!!!!!!!!!!!!!!!!!!!!!!!!!!!!!!!!!!!!
20210210 010336.281 INFO             PET2 Running with ESMF Version   : ESMF_8_1_0_beta_snapshot_44-51-g9479c81c39
20210210 010336.281 INFO             PET2 ESMF library build date/time: "Feb  9 2021" "23:56:18"
20210210 010336.281 INFO             PET2 ESMF library build location : /home1/07356/tg866552/himanshu/esmf
20210210 010336.281 INFO             PET2 ESMF_COMM                   : intelmpi
20210210 010336.286 INFO             PET2 ESMF_MOAB                   : enabled
20210210 010336.286 INFO             PET2 ESMF_LAPACK                 : enabled
20210210 010336.286 INFO             PET2 ESMF_NETCDF                 : enabled
20210210 010336.286 INFO             PET2 ESMF_PNETCDF                : disabled
20210210 010336.286 INFO             PET2 ESMF_PIO                    : enabled
20210210 010336.286 INFO             PET2 ESMF_YAMLCPP                : enabled
20210210 010419.072 INFO             PET2  NUMBER_OF_PROCESSORS           4
20210210 010419.073 INFO             PET2  PASS  Example ESMF_FieldSphereRegridEx, ESMF_FieldSphereRegridEx.F90, line 407
20210210 010419.073 INFO             PET2 Finalizing ESMF
20210210 010336.277 INFO             PET3 !!!!!!!!!!!!!!!!!!!!!!!!!!!!!!!!!!!!!!!!!!!!!!!!!!!!!!
20210210 010336.278 INFO             PET3 !!! THE ESMF_LOG IS SET TO OUTPUT ALL LOG MESSAGES !!!
20210210 010336.278 INFO             PET3 !!!     THIS MAY CAUSE SLOWDOWN IN PERFORMANCE     !!!
20210210 010336.278 INFO             PET3 !!! FOR PRODUCTION RUNS, USE:                      !!!
20210210 010336.278 INFO             PET3 !!!                   ESMF_LOGKIND_Multi_On_Error  !!!
20210210 010336.278 INFO             PET3 !!!!!!!!!!!!!!!!!!!!!!!!!!!!!!!!!!!!!!!!!!!!!!!!!!!!!!
20210210 010336.278 INFO             PET3 Running with ESMF Version   : ESMF_8_1_0_beta_snapshot_44-51-g9479c81c39
20210210 010336.278 INFO             PET3 ESMF library build date/time: "Feb  9 2021" "23:56:18"
20210210 010336.278 INFO             PET3 ESMF library build location : /home1/07356/tg866552/himanshu/esmf
20210210 010336.278 INFO             PET3 ESMF_COMM                   : intelmpi
20210210 010336.282 INFO             PET3 ESMF_MOAB                   : enabled
20210210 010336.282 INFO             PET3 ESMF_LAPACK                 : enabled
20210210 010336.282 INFO             PET3 ESMF_NETCDF                 : enabled
20210210 010336.282 INFO             PET3 ESMF_PNETCDF                : disabled
20210210 010336.282 INFO             PET3 ESMF_PIO                    : enabled
20210210 010336.283 INFO             PET3 ESMF_YAMLCPP                : enabled
20210210 010419.072 INFO             PET3  NUMBER_OF_PROCESSORS           4
20210210 010419.072 INFO             PET3  PASS  Example ESMF_FieldSphereRegridEx, ESMF_FieldSphereRegridEx.F90, line 407
20210210 010419.072 INFO             PET3 Finalizing ESMF
Wed Feb 10 11:31:36 CST 2021
