20210211 115345.280 INFO             PET0 !!!!!!!!!!!!!!!!!!!!!!!!!!!!!!!!!!!!!!!!!!!!!!!!!!!!!!
20210211 115345.280 INFO             PET0 !!! THE ESMF_LOG IS SET TO OUTPUT ALL LOG MESSAGES !!!
20210211 115345.280 INFO             PET0 !!!     THIS MAY CAUSE SLOWDOWN IN PERFORMANCE     !!!
20210211 115345.280 INFO             PET0 !!! FOR PRODUCTION RUNS, USE:                      !!!
20210211 115345.280 INFO             PET0 !!!                   ESMF_LOGKIND_Multi_On_Error  !!!
20210211 115345.280 INFO             PET0 !!!!!!!!!!!!!!!!!!!!!!!!!!!!!!!!!!!!!!!!!!!!!!!!!!!!!!
20210211 115345.280 INFO             PET0 Running with ESMF Version   : ESMF_8_1_0_beta_snapshot_44-53-gdb2e74ae37
20210211 115345.280 INFO             PET0 ESMF library build date/time: "Feb 11 2021" "10:52:42"
20210211 115345.280 INFO             PET0 ESMF library build location : /home1/07356/tg866552/himanshu/esmf
20210211 115345.280 INFO             PET0 ESMF_COMM                   : intelmpi
20210211 115345.284 INFO             PET0 ESMF_MOAB                   : enabled
20210211 115345.284 INFO             PET0 ESMF_LAPACK                 : enabled
20210211 115345.284 INFO             PET0 ESMF_NETCDF                 : enabled
20210211 115345.284 INFO             PET0 ESMF_PNETCDF                : disabled
20210211 115345.284 INFO             PET0 ESMF_PIO                    : enabled
20210211 115345.284 INFO             PET0 ESMF_YAMLCPP                : enabled
20210211 115345.285 INFO             PET0 Log Write 2
20210211 115345.285 ERROR            PET0 Invalid object  - Convergence failure
20210211 115345.286 ERROR            PET0 ESMCI_Fraction.C:1444 ESMCI::Fraction::validate() must have non-zero denominator.
20210211 115345.286 ERROR            PET0 ESMCI_Time.C:838 ESMCI::Time::syncToRealTime() Wrong argument specified  - ; calkindflag is JULIANDAY, MODJULIANDAY or NOCALENDAR.
20210211 115345.286 ERROR            PET0 ESMF_Time.F90:1485 ESMF_TimeSyncToRealTime() Wrong argument specified  - Internal subroutine call returned Error
20210211 115345.287 ERROR            PET0 Wrong argument specified  - getting wall clock time
20210211 115345.293 INFO             PET0  NUMBER_OF_PROCESSORS           4
20210211 115345.294 INFO             PET0  PASS  Example ESMF_LogErrEx, ESMF_LogErrEx.F90, line 186
20210211 115345.294 INFO             PET0 Finalizing ESMF
20210211 115345.278 INFO             PET1 !!!!!!!!!!!!!!!!!!!!!!!!!!!!!!!!!!!!!!!!!!!!!!!!!!!!!!
20210211 115345.279 INFO             PET1 !!! THE ESMF_LOG IS SET TO OUTPUT ALL LOG MESSAGES !!!
20210211 115345.279 INFO             PET1 !!!     THIS MAY CAUSE SLOWDOWN IN PERFORMANCE     !!!
20210211 115345.279 INFO             PET1 !!! FOR PRODUCTION RUNS, USE:                      !!!
20210211 115345.279 INFO             PET1 !!!                   ESMF_LOGKIND_Multi_On_Error  !!!
20210211 115345.279 INFO             PET1 !!!!!!!!!!!!!!!!!!!!!!!!!!!!!!!!!!!!!!!!!!!!!!!!!!!!!!
20210211 115345.279 INFO             PET1 Running with ESMF Version   : ESMF_8_1_0_beta_snapshot_44-53-gdb2e74ae37
20210211 115345.279 INFO             PET1 ESMF library build date/time: "Feb 11 2021" "10:52:42"
20210211 115345.279 INFO             PET1 ESMF library build location : /home1/07356/tg866552/himanshu/esmf
20210211 115345.279 INFO             PET1 ESMF_COMM                   : intelmpi
20210211 115345.283 INFO             PET1 ESMF_MOAB                   : enabled
20210211 115345.283 INFO             PET1 ESMF_LAPACK                 : enabled
20210211 115345.283 INFO             PET1 ESMF_NETCDF                 : enabled
20210211 115345.283 INFO             PET1 ESMF_PNETCDF                : disabled
20210211 115345.283 INFO             PET1 ESMF_PIO                    : enabled
20210211 115345.283 INFO             PET1 ESMF_YAMLCPP                : enabled
20210211 115345.285 INFO             PET1 Log Write 2
20210211 115345.285 ERROR            PET1 Invalid object  - Convergence failure
20210211 115345.286 ERROR            PET1 ESMCI_Fraction.C:1444 ESMCI::Fraction::validate() must have non-zero denominator.
20210211 115345.286 ERROR            PET1 ESMCI_Time.C:838 ESMCI::Time::syncToRealTime() Wrong argument specified  - ; calkindflag is JULIANDAY, MODJULIANDAY or NOCALENDAR.
20210211 115345.286 ERROR            PET1 ESMF_Time.F90:1485 ESMF_TimeSyncToRealTime() Wrong argument specified  - Internal subroutine call returned Error
20210211 115345.287 ERROR            PET1 Wrong argument specified  - getting wall clock time
20210211 115345.294 INFO             PET1  NUMBER_OF_PROCESSORS           4
20210211 115345.295 INFO             PET1  PASS  Example ESMF_LogErrEx, ESMF_LogErrEx.F90, line 186
20210211 115345.295 INFO             PET1 Finalizing ESMF
20210211 115345.275 INFO             PET2 !!!!!!!!!!!!!!!!!!!!!!!!!!!!!!!!!!!!!!!!!!!!!!!!!!!!!!
20210211 115345.275 INFO             PET2 !!! THE ESMF_LOG IS SET TO OUTPUT ALL LOG MESSAGES !!!
20210211 115345.275 INFO             PET2 !!!     THIS MAY CAUSE SLOWDOWN IN PERFORMANCE     !!!
20210211 115345.275 INFO             PET2 !!! FOR PRODUCTION RUNS, USE:                      !!!
20210211 115345.275 INFO             PET2 !!!                   ESMF_LOGKIND_Multi_On_Error  !!!
20210211 115345.275 INFO             PET2 !!!!!!!!!!!!!!!!!!!!!!!!!!!!!!!!!!!!!!!!!!!!!!!!!!!!!!
20210211 115345.275 INFO             PET2 Running with ESMF Version   : ESMF_8_1_0_beta_snapshot_44-53-gdb2e74ae37
20210211 115345.275 INFO             PET2 ESMF library build date/time: "Feb 11 2021" "10:52:42"
20210211 115345.275 INFO             PET2 ESMF library build location : /home1/07356/tg866552/himanshu/esmf
20210211 115345.275 INFO             PET2 ESMF_COMM                   : intelmpi
20210211 115345.280 INFO             PET2 ESMF_MOAB                   : enabled
20210211 115345.280 INFO             PET2 ESMF_LAPACK                 : enabled
20210211 115345.280 INFO             PET2 ESMF_NETCDF                 : enabled
20210211 115345.280 INFO             PET2 ESMF_PNETCDF                : disabled
20210211 115345.280 INFO             PET2 ESMF_PIO                    : enabled
20210211 115345.280 INFO             PET2 ESMF_YAMLCPP                : enabled
20210211 115345.285 INFO             PET2 Log Write 2
20210211 115345.285 ERROR            PET2 Invalid object  - Convergence failure
20210211 115345.286 ERROR            PET2 ESMCI_Fraction.C:1444 ESMCI::Fraction::validate() must have non-zero denominator.
20210211 115345.286 ERROR            PET2 ESMCI_Time.C:838 ESMCI::Time::syncToRealTime() Wrong argument specified  - ; calkindflag is JULIANDAY, MODJULIANDAY or NOCALENDAR.
20210211 115345.286 ERROR            PET2 ESMF_Time.F90:1485 ESMF_TimeSyncToRealTime() Wrong argument specified  - Internal subroutine call returned Error
20210211 115345.287 ERROR            PET2 Wrong argument specified  - getting wall clock time
20210211 115345.295 INFO             PET2  NUMBER_OF_PROCESSORS           4
20210211 115345.295 INFO             PET2  PASS  Example ESMF_LogErrEx, ESMF_LogErrEx.F90, line 186
20210211 115345.295 INFO             PET2 Finalizing ESMF
20210211 115345.276 INFO             PET3 !!!!!!!!!!!!!!!!!!!!!!!!!!!!!!!!!!!!!!!!!!!!!!!!!!!!!!
20210211 115345.277 INFO             PET3 !!! THE ESMF_LOG IS SET TO OUTPUT ALL LOG MESSAGES !!!
20210211 115345.277 INFO             PET3 !!!     THIS MAY CAUSE SLOWDOWN IN PERFORMANCE     !!!
20210211 115345.277 INFO             PET3 !!! FOR PRODUCTION RUNS, USE:                      !!!
20210211 115345.277 INFO             PET3 !!!                   ESMF_LOGKIND_Multi_On_Error  !!!
20210211 115345.277 INFO             PET3 !!!!!!!!!!!!!!!!!!!!!!!!!!!!!!!!!!!!!!!!!!!!!!!!!!!!!!
20210211 115345.277 INFO             PET3 Running with ESMF Version   : ESMF_8_1_0_beta_snapshot_44-53-gdb2e74ae37
20210211 115345.277 INFO             PET3 ESMF library build date/time: "Feb 11 2021" "10:52:42"
20210211 115345.277 INFO             PET3 ESMF library build location : /home1/07356/tg866552/himanshu/esmf
20210211 115345.277 INFO             PET3 ESMF_COMM                   : intelmpi
20210211 115345.281 INFO             PET3 ESMF_MOAB                   : enabled
20210211 115345.281 INFO             PET3 ESMF_LAPACK                 : enabled
20210211 115345.281 INFO             PET3 ESMF_NETCDF                 : enabled
20210211 115345.281 INFO             PET3 ESMF_PNETCDF                : disabled
20210211 115345.281 INFO             PET3 ESMF_PIO                    : enabled
20210211 115345.281 INFO             PET3 ESMF_YAMLCPP                : enabled
20210211 115345.285 INFO             PET3 Log Write 2
20210211 115345.285 ERROR            PET3 Invalid object  - Convergence failure
20210211 115345.286 ERROR            PET3 ESMCI_Fraction.C:1444 ESMCI::Fraction::validate() must have non-zero denominator.
20210211 115345.286 ERROR            PET3 ESMCI_Time.C:838 ESMCI::Time::syncToRealTime() Wrong argument specified  - ; calkindflag is JULIANDAY, MODJULIANDAY or NOCALENDAR.
20210211 115345.286 ERROR            PET3 ESMF_Time.F90:1485 ESMF_TimeSyncToRealTime() Wrong argument specified  - Internal subroutine call returned Error
20210211 115345.287 ERROR            PET3 Wrong argument specified  - getting wall clock time
20210211 115345.293 INFO             PET3  NUMBER_OF_PROCESSORS           4
20210211 115345.293 INFO             PET3  PASS  Example ESMF_LogErrEx, ESMF_LogErrEx.F90, line 186
20210211 115345.294 INFO             PET3 Finalizing ESMF
Thu Feb 11 17:33:29 CST 2021
