20210102 053800.259 INFO             PET0 !!!!!!!!!!!!!!!!!!!!!!!!!!!!!!!!!!!!!!!!!!!!!!!!!!!!!!
20210102 053800.259 INFO             PET0 !!! THE ESMF_LOG IS SET TO OUTPUT ALL LOG MESSAGES !!!
20210102 053800.260 INFO             PET0 !!!     THIS MAY CAUSE SLOWDOWN IN PERFORMANCE     !!!
20210102 053800.260 INFO             PET0 !!! FOR PRODUCTION RUNS, USE:                      !!!
20210102 053800.260 INFO             PET0 !!!                   ESMF_LOGKIND_Multi_On_Error  !!!
20210102 053800.260 INFO             PET0 !!!!!!!!!!!!!!!!!!!!!!!!!!!!!!!!!!!!!!!!!!!!!!!!!!!!!!
20210102 053800.260 INFO             PET0 Running with ESMF Version   : ESMF_8_1_0_beta_snapshot_40-4-ga072c96c19
20210102 053800.260 INFO             PET0 ESMF library build date/time: "Jan  2 2021" "04:35:48"
20210102 053800.260 INFO             PET0 ESMF library build location : /home1/07356/tg866552/himanshu/esmf
20210102 053800.260 INFO             PET0 ESMF_COMM                   : intelmpi
20210102 053800.264 INFO             PET0 ESMF_NETCDF                 : enabled
20210102 053800.264 INFO             PET0 ESMF_PNETCDF                : disabled
20210102 053800.265 INFO             PET0 ESMF_PIO                    : enabled
20210102 053800.265 INFO             PET0 ESMF_YAMLCPP                : enabled
20210102 053800.265 INFO             PET0 ESMF_MOAB                   : enabled
20210102 053800.268 INFO             PET0  NUMBER_OF_PROCESSORS           4
20210102 053800.268 INFO             PET0  PASS  Example ESMF_VMNonBlockingEx, ESMF_VMNonBlockingEx.F90, line 280
20210102 053800.270 INFO             PET0 Finalizing ESMF
20210102 053800.261 INFO             PET1 !!!!!!!!!!!!!!!!!!!!!!!!!!!!!!!!!!!!!!!!!!!!!!!!!!!!!!
20210102 053800.261 INFO             PET1 !!! THE ESMF_LOG IS SET TO OUTPUT ALL LOG MESSAGES !!!
20210102 053800.262 INFO             PET1 !!!     THIS MAY CAUSE SLOWDOWN IN PERFORMANCE     !!!
20210102 053800.262 INFO             PET1 !!! FOR PRODUCTION RUNS, USE:                      !!!
20210102 053800.262 INFO             PET1 !!!                   ESMF_LOGKIND_Multi_On_Error  !!!
20210102 053800.262 INFO             PET1 !!!!!!!!!!!!!!!!!!!!!!!!!!!!!!!!!!!!!!!!!!!!!!!!!!!!!!
20210102 053800.262 INFO             PET1 Running with ESMF Version   : ESMF_8_1_0_beta_snapshot_40-4-ga072c96c19
20210102 053800.262 INFO             PET1 ESMF library build date/time: "Jan  2 2021" "04:35:48"
20210102 053800.262 INFO             PET1 ESMF library build location : /home1/07356/tg866552/himanshu/esmf
20210102 053800.262 INFO             PET1 ESMF_COMM                   : intelmpi
20210102 053800.266 INFO             PET1 ESMF_NETCDF                 : enabled
20210102 053800.266 INFO             PET1 ESMF_PNETCDF                : disabled
20210102 053800.267 INFO             PET1 ESMF_PIO                    : enabled
20210102 053800.267 INFO             PET1 ESMF_YAMLCPP                : enabled
20210102 053800.267 INFO             PET1 ESMF_MOAB                   : enabled
20210102 053800.268 INFO             PET1  NUMBER_OF_PROCESSORS           4
20210102 053800.268 INFO             PET1  PASS  Example ESMF_VMNonBlockingEx, ESMF_VMNonBlockingEx.F90, line 280
20210102 053800.269 INFO             PET1 Finalizing ESMF
20210102 053800.257 INFO             PET2 !!!!!!!!!!!!!!!!!!!!!!!!!!!!!!!!!!!!!!!!!!!!!!!!!!!!!!
20210102 053800.258 INFO             PET2 !!! THE ESMF_LOG IS SET TO OUTPUT ALL LOG MESSAGES !!!
20210102 053800.258 INFO             PET2 !!!     THIS MAY CAUSE SLOWDOWN IN PERFORMANCE     !!!
20210102 053800.258 INFO             PET2 !!! FOR PRODUCTION RUNS, USE:                      !!!
20210102 053800.258 INFO             PET2 !!!                   ESMF_LOGKIND_Multi_On_Error  !!!
20210102 053800.258 INFO             PET2 !!!!!!!!!!!!!!!!!!!!!!!!!!!!!!!!!!!!!!!!!!!!!!!!!!!!!!
20210102 053800.258 INFO             PET2 Running with ESMF Version   : ESMF_8_1_0_beta_snapshot_40-4-ga072c96c19
20210102 053800.258 INFO             PET2 ESMF library build date/time: "Jan  2 2021" "04:35:48"
20210102 053800.258 INFO             PET2 ESMF library build location : /home1/07356/tg866552/himanshu/esmf
20210102 053800.258 INFO             PET2 ESMF_COMM                   : intelmpi
20210102 053800.263 INFO             PET2 ESMF_NETCDF                 : enabled
20210102 053800.263 INFO             PET2 ESMF_PNETCDF                : disabled
20210102 053800.263 INFO             PET2 ESMF_PIO                    : enabled
20210102 053800.263 INFO             PET2 ESMF_YAMLCPP                : enabled
20210102 053800.263 INFO             PET2 ESMF_MOAB                   : enabled
20210102 053800.268 INFO             PET2  NUMBER_OF_PROCESSORS           4
20210102 053800.268 INFO             PET2  PASS  Example ESMF_VMNonBlockingEx, ESMF_VMNonBlockingEx.F90, line 280
20210102 053800.269 INFO             PET2 Finalizing ESMF
20210102 053800.250 INFO             PET3 !!!!!!!!!!!!!!!!!!!!!!!!!!!!!!!!!!!!!!!!!!!!!!!!!!!!!!
20210102 053800.251 INFO             PET3 !!! THE ESMF_LOG IS SET TO OUTPUT ALL LOG MESSAGES !!!
20210102 053800.251 INFO             PET3 !!!     THIS MAY CAUSE SLOWDOWN IN PERFORMANCE     !!!
20210102 053800.251 INFO             PET3 !!! FOR PRODUCTION RUNS, USE:                      !!!
20210102 053800.251 INFO             PET3 !!!                   ESMF_LOGKIND_Multi_On_Error  !!!
20210102 053800.251 INFO             PET3 !!!!!!!!!!!!!!!!!!!!!!!!!!!!!!!!!!!!!!!!!!!!!!!!!!!!!!
20210102 053800.251 INFO             PET3 Running with ESMF Version   : ESMF_8_1_0_beta_snapshot_40-4-ga072c96c19
20210102 053800.251 INFO             PET3 ESMF library build date/time: "Jan  2 2021" "04:35:48"
20210102 053800.251 INFO             PET3 ESMF library build location : /home1/07356/tg866552/himanshu/esmf
20210102 053800.251 INFO             PET3 ESMF_COMM                   : intelmpi
20210102 053800.255 INFO             PET3 ESMF_NETCDF                 : enabled
20210102 053800.255 INFO             PET3 ESMF_PNETCDF                : disabled
20210102 053800.255 INFO             PET3 ESMF_PIO                    : enabled
20210102 053800.255 INFO             PET3 ESMF_YAMLCPP                : enabled
20210102 053800.255 INFO             PET3 ESMF_MOAB                   : enabled
20210102 053800.268 INFO             PET3  NUMBER_OF_PROCESSORS           4
20210102 053800.268 INFO             PET3  PASS  Example ESMF_VMNonBlockingEx, ESMF_VMNonBlockingEx.F90, line 280
20210102 053800.269 INFO             PET3 Finalizing ESMF
Sat Jan  2 11:12:40 CST 2021
