 
Checking ESMF installation:
 
cd /glade/scratch/himanshu/scripts_dir/daily/intel_cheyenne/esmf/src/installcheck ;\
gmake clean
gmake[1]: Entering directory '/glade/scratch/himanshu/scripts_dir/daily/intel_cheyenne/esmf/src/installcheck'
rm -f esmf_application esmc_application *.o *.mod
gmake[1]: Leaving directory '/glade/scratch/himanshu/scripts_dir/daily/intel_cheyenne/esmf/src/installcheck'
cd /glade/scratch/himanshu/scripts_dir/daily/intel_cheyenne/esmf/src/installcheck ;\
gmake
gmake[1]: Entering directory '/glade/scratch/himanshu/scripts_dir/daily/intel_cheyenne/esmf/src/installcheck'
mpiifort -c -g -traceback -check arg_temp_created,bounds,format,output_conversion,stack,uninit -fPIC -assume realloc_lhs -m64 -mcmodel=small -pthread -threads  -qopenmp -I/glade/scratch/himanshu/scripts_dir/daily/intel_cheyenne/install_dir/mod/modg/Linux.intel.64.intelmpi.default -I/glade/scratch/himanshu/scripts_dir/daily/intel_cheyenne/install_dir/include   esmf_application.f90
mpiicpc -c -std=c++11 -g -traceback -Wcheck -fPIC -m64 -mcmodel=small -pthread  -qopenmp  -I/glade/scratch/himanshu/scripts_dir/daily/intel_cheyenne/install_dir/include   -I/glade/scratch/himanshu/scripts_dir/daily/intel_cheyenne/esmf/src/prologue/yaml-cpp/include -DESMF_NO_INTEGER_1_BYTE -DESMF_NO_INTEGER_2_BYTE -DESMFVERSIONGIT='ESMF_8_1_0_beta_snapshot_43-39-g8850bc577a' -DESMF_MOAB=1 -DESMF_LAPACK=1 -DESMF_LAPACK_INTERNAL=1 -DESMF_NO_ACC_SOFTWARE_STACK=1 -DESMF_YAMLCPP=1 -DESMF_YAML=1 -DESMF_PIO=1 -DESMF_MPIIO -DESMF_NO_OPENACC -DESMF_TESTEXHAUSTIVE -DESMF_BOPT_g -DESMF_TESTCOMPTUNNEL -DSx86_64_small=1 -DESMF_OS_Linux=1 -DESMF_COMM=intelmpi -DESMF_DIR=/glade/scratch/himanshu/scripts_dir/daily/intel_cheyenne/esmf -D__SDIR__='' -DESMF_CXXSTD=11 esmc_application.c
mpiicpc -m64 -mcmodel=small -pthread -Wl,--no-as-needed  -qopenmp -L/glade/scratch/himanshu/scripts_dir/daily/intel_cheyenne/install_dir/lib/libg/Linux.intel.64.intelmpi.default  -L/glade/u/apps/opt/intel/2018u4/compilers_and_libraries_2018.5.274/linux/compiler/lib/intel64_lin/ -Wl,-rpath,/glade/scratch/himanshu/scripts_dir/daily/intel_cheyenne/install_dir/lib/libg/Linux.intel.64.intelmpi.default  -Wl,-rpath,/glade/u/apps/opt/intel/2018u4/compilers_and_libraries_2018.5.274/linux/compiler/lib/intel64_lin/ -o esmc_application esmc_application.o -lesmf  -lsz -lz -limf -lm -ldl -ldl -lrt -lpthread -lifport -lifcoremt -limf -lsvml -lm -lipgo -liomp5 -lintlc -lpthread -lsvml -ldl -lgcc -lgcc_s -lirc_s -ldl -lrt -ldl
mpiifort -m64 -mcmodel=small -pthread -threads -Wl,--no-as-needed  -qopenmp -L/glade/scratch/himanshu/scripts_dir/daily/intel_cheyenne/install_dir/lib/libg/Linux.intel.64.intelmpi.default   -Wl,-rpath,/glade/scratch/himanshu/scripts_dir/daily/intel_cheyenne/install_dir/lib/libg/Linux.intel.64.intelmpi.default  -o esmf_application esmf_application.o -lesmf  -cxxlib -lrt -ldl        
gmake[1]: Leaving directory '/glade/scratch/himanshu/scripts_dir/daily/intel_cheyenne/esmf/src/installcheck'
cd /glade/scratch/himanshu/scripts_dir/daily/intel_cheyenne/esmf/src/installcheck ;\
        gmake check
gmake[1]: Entering directory '/glade/scratch/himanshu/scripts_dir/daily/intel_cheyenne/esmf/src/installcheck'
PASS: check
gmake[1]: Leaving directory '/glade/scratch/himanshu/scripts_dir/daily/intel_cheyenne/esmf/src/installcheck'
 
ESMF installation check complete.
 
Thu Feb  4 10:14:50 MST 2021
