--- ESMCI::ArrayBundle::print start ---
ArrayBundle: MyArrayBundle
arrayCount = 3
--- ESMCI::ArrayBundle::print start ---
ArrayBundle: MyArrayBundle
arrayCount = 3
Container::print() multipmap:item=Container::print() multipmap:item=0 key=0 key=AonFly value=--- ESMCI::ArrayBundle::print start ---
AonFly value=0x16a48a0
0xf0f5e0
Container::print() multipmap:item=ArrayBundle: MyArrayBundle
arrayCount = 3
Container::print() multipmap:item=1 key=Array002 value=0x16a0870
Container::print() multipmap:item=2 key=Array003 value=--- ESMCI::ArrayBundle::print start ---
ArrayBundle: MyArrayBundle
arrayCount = 3
1 key=Array002 value=0xf0c3d0
Container::print() multipmap:item=2 key=Array003 value=0xf0ce70
Container::print()      list:item=0x16a1680
Container::print()      list:item=0 key=0 key=Array002 value=0xf0c3d0
Container::print() multipmap:item=Array002 value=0x16a0870
Container::print()      list:item=1 key=Array003 value=0x16a1680
Container::print()      list:item=2Container::print() multipmap:item=0 key=AonFly value=Container::print()      list:item=1 key=Array003 value=0xf0ce70
Container::print()      list:item=2 key=AonFly value=0xf0f5e0
--- ESMCI::ArrayBundle::print end ---
0 key=AonFly value=0x1a9d5b0 key=AonFly value=0x16a48a0
--- ESMCI::ArrayBundle::print end ---
0x2362860
Container::print() multipmap:item=1 key=Array002 value=0x235e860
Container::print() multipmap:item=1 key=Array002 value=0x1a9a3d0
Container::print() multipmap:item=2 key=
Container::print() multipmap:item=2 key=Array003 value=0x235f640
Array003 value=0x1a9ae40
Container::print()      list:item=Container::print()      list:item=0 key=0 key=Array002 value=0x1a9a3d0Array002 value=0x235e860
Container::print()      list:item=1 key=Array003 value=
Container::print()      list:item=1 key=Array003 value=0x1a9ae40
Container::print()      list:item=0x235f640
Container::print()      list:item=2 key=AonFly value=0x2362860
2 key=AonFly value=0x1a9d5b0
--- ESMCI::ArrayBundle::print end ---
--- ESMCI::ArrayBundle::print end ---
--- ESMCI::Array::print start ---
 Base name    = --- ESMCI::Array::print start ---
 Base name    = AonFlyAonFly

 Status: Base =  Status: Base = Ready,  object = Ready
Ready,  object = Ready
 Proxy        = no
 Proxy        = no
 Root Info (Attributes):
 Root Info (Attributes):
--- ESMCI::Array::print start ------ ESMCI::Array::print start ---
 Base name    = AonFly
 Status: Base = Ready,  object = Ready
 Proxy        = no
 Root Info (Attributes):

 Base name    = AonFly
 Status: Base = Ready,  object = Ready
 Proxy        = no
 Root Info (Attributes):
{}{}Array typekind/rank: Real*4 / 2 
~ lower class' values ~
Array typekind/rank: Real*4 / 2 
~ lower class' values ~
DistGrid dimCount = 2
DistGrid dimCount = 2
deCount = 6
localDeCount = 2
~ local data in LocalArray for DE 0 ~
deCount = 6
localDeCount = 1
~ local data in LocalArray for DE 2 ~
LocalArrayPrint: Array at address 0xf0f2b0:
LocalArrayPrint: Array at address 0x16a4240:
            rank = 2, typekind = 5, base_addr = 0x16a41c0
            rank = 2, typekind = 5, base_addr = 0xf0f290
                        dim[0] = 3  dim[1] = 2  
dim[0] = 3  dim[1] = 2  
  Real, *4, Dim 2, Data values:
  Real, *4, Dim 2, Data values:
( 1, 1) =  4.30262e-38
( 2, 1) =  0
( 3, 1) =  0
( 1, 2) =  0
( 1, 1) =  2.21274e-38
( 2, 1) =  0
( 3, 1) =  0
( 1, 2) =  0
( 2, 2) =  0
( 3, 2) =  0
{}( 2, 2) =  0
( 3, 2) =  0
dim 1: [0]: [1 [1 [1, 3] 3] 3]
dim 2: [1]: [1 [1 [1, 2] 2] 2]
~ local data in LocalArray for DE 4 ~
LocalArrayPrint: Array at address 0x16a4570:
{}Array typekind/rank: Real*4 / 2 
~ lower class' values ~
dim 1: [0]: [1 [1 [1, 3] 3] 3]
dim 2: [1]: [1 [1 [1, 2] 2] 2]
--- ESMCI::Array::print end ---
--- ESMCI::Array::print start ---
 Base name    = Array002
 Status: Base =             rank = 2, typekind = 5, base_addr = 0x16a41e0
            dim[0] = 3  dim[1] = 1  
  Real, *4, Dim 2, Data values:
( 1, 1) =  4.30263e-38
DistGrid dimCount = 2
deCount = 6
localDeCount = 2
~ local data in LocalArray for DE 1 ~
LocalArrayPrint: Array at address 0x2362200:
            rank = 2, typekind = 5, base_addr = 0x2362180
            dim[0] = 2  Ready,  object = Ready
 Proxy        = no
 Root Info (Attributes):
( 2, 1) =  0
( 3, 1) =  0
dim 1: [0]: [1 [1 [1, 3] 3] 3]
dim 2: [1]: [1 [1 [1, 1] 1] 1]
--- ESMCI::Array::print end ---
--- ESMCI::Array::print start ---dim[1] = 2  
  Real, *4, Dim 2, Data values:

 Base name    = Array002
 Status: Base = Ready,  object = {}Array typekind/rank: Real*8 / 2 
~ lower class' values ~
DistGrid dimCount = 2
deCount = 6
Ready
 Proxy        = no
 Root Info (Attributes):
( 1, 1) =  1.33809e-37
( 2, 1) =  0
( 1, 2) =  0
( 2, 2) =  0
localDeCount = 1
~ local data in LocalArray for DE 2 ~
LocalArrayPrint: Array at address 0xf0c0a0:
            rank = 2, typekind = 6, base_addr = 0xf08f90
            dim[0] = 3  dim[1] = 2  
{}Array typekind/rank: Real*8 / 2 
~ lower class' values ~
dim 1: [0]: [1 [1 [1, 2] 2] 2]
dim 2: [1]: [1 [1 [1, 2] 2] 2]
~ local data in LocalArray for DE 5 ~
LocalArrayPrint: Array at address 0x2362530:
            rank = 2, typekind = 5, base_addr = 0x23621a0
            dim[0] = 2  dim[1] = 1    Real, *8, Dim 2, Data values:
( 1, 1) =  7.79475e-317
( 2, 1) =  4.24399e-314
( 3, 1) =  4.24399e-314
DistGrid dimCount = 2
deCount = 6
localDeCount = 2
~ local data in LocalArray for DE 0 ~
LocalArrayPrint: Array at address 0x16a01f0:
            rank = 2, typekind = 6, base_addr = 0x169fc10
            dim[0] = 3  
  Real, *4, Dim 2, Data values:
( 1, 1) =  1.33809e-37
( 2, 1) =  0
dim 1: [0]: [1 [1 [1, 2] 2] 2]
dim 2: [1]: [1 [1 [1, 1] 1] 1]
--- ESMCI::Array::print end ---
( 1, 2) =  4.24399e-314
( 2, 2) =  2.122e-314
( 3, 2) =  2.122e-314
dim 1: [0]: [1 [1 [1, 3] 3] 3]
dim 2: [1]: [1 [1 [1, 2] 2] 2]
--- ESMCI::Array::print end ---
dim[1] = 2  
  Real, *8, Dim 2, Data values:
( 1, 1) =  1.17208e-316
( 2, 1) =  4.24399e-314
( 3, 1) =  4.24399e-314
--- ESMCI::Array::print start ---
 Base name    = Array002
 Status: Base = Ready,  object = Ready
--- ESMCI::Array::print start ---
 Base name    = Array003
 Status: Base = Ready,  object = Ready
( 1, 2) =  4.24399e-314
( 2, 2) =  2.122e-314
( 3, 2) =  2.122e-314
dim 1: [0]: [1 [1 [1, 3] 3] 3]
dim 2: [1]: [1 [1 [1, 2] 2] 2]
 Proxy        = no
 Root Info (Attributes):
 Proxy        = no
 Root Info (Attributes):
~ local data in LocalArray for DE 4 ~
LocalArrayPrint: Array at address 0x16a0520:
            rank = 2, typekind = 6, base_addr = 0x16a0850
            dim[0] = 3  dim[1] = 1  
{}Array typekind/rank: Real*8 / 2 
~ lower class' values ~
DistGrid dimCount = 2
deCount = 6
localDeCount = 2
~ local data in LocalArray for DE 1 ~
{}Array typekind/rank: Real*8 / 2 
~ lower class' values ~
DistGrid dimCount = 2
deCount = 6
localDeCount = 1
  Real, *8, Dim 2, Data values:
( 1, 1) =  0
( 2, 1) =  0
( 3, 1) =  0
dim 1: [0]: [1 [1 [1, 3] 3] 3]
dim 2: [1]: [1 [1 [1, 1] 1] 1]
--- ESMCI::Array::print end ---LocalArrayPrint: Array at address 0x235e1e0:
            rank = 2, typekind = 6, base_addr = 0x235b000
            dim[0] = 2  dim[1] = 2  
  Real, *8, Dim 2, Data values:
( 1, 1) =  1.83164e-316
~ local data in LocalArray for DE 2 ~
LocalArrayPrint: Array at address 0xf0cb00:
            rank = 2, typekind = 6, base_addr = 0xf0ce30
            dim[0] = 3  dim[1] = 2  
  Real, *8, Dim 2, Data values:

--- ESMCI::Array::print start ---
 Base name    = Array003
 Status: Base = Ready,  object = Ready
( 2, 1) =  0
( 1, 2) =  0
( 2, 2) =  0
dim 1: [0]: [1 [1 [1, 2] 2] 2]
dim 2: [1]: [1 [1 [1, 2] 2] 2]
~ local data in LocalArray for DE 5 ~
LocalArrayPrint: Array at address 0x235e510:
( 1, 1) =  0
( 2, 1) =  0
( 3, 1) =  0
( 1, 2) =  0
( 2, 2) =  0
( 3, 2) =  0
 Proxy        = no
 Root Info (Attributes):
            rank = 2, typekind = 6, base_addr = 0x235e840
            dim[0] = 2  dim[1] = 1  
  Real, *8, Dim 2, Data values:
( 1, 1) =  0
( 2, 1) =  0
dim 1: [0]: [1 [1 [1, 3] 3] 3]
dim 2: [1]: [1 [1 [1, 2] 2] 2]
--- ESMCI::Array::print end ---
{}Array typekind/rank: Real*8 / 2 
~ lower class' values ~
DistGrid dimCount = 2
deCount = 6
localDeCount = 2
~ local data in LocalArray for DE 0 ~
LocalArrayPrint: Array at address 0x16a0fe0:
dim 1: [0]: [1 [1 [1, 2] 2] 2]
dim 2: [1]: [1 [1 [1, 1] 1] 1]
--- ESMCI::Array::print end ---
--- ESMCI::Array::print start ---
 Base name    = Array003
 Status: Base =             rank = 2, typekind = 6, base_addr = 0x16a1310
            dim[0] = 3  dim[1] = 2  
Ready,  object = Ready
 Proxy        = no
 Root Info (Attributes):
  Real, *8, Dim 2, Data values:
( 1, 1) =  0
( 2, 1) =  0
( 3, 1) =  0
( 1, 2) =  0
( 2, 2) =  0
{}Array typekind/rank: Real*8 / 2 
~ lower class' values ~
DistGrid dimCount = 2
deCount = 6
( 3, 2) =  0
dim 1: [0]: [1 [1 [1, 3] 3] 3]
dim 2: [1]: [1 [1 [1, 2] 2] 2]
~ local data in LocalArray for DE 4 ~
LocalArrayPrint: Array at address 0x16a1350:
localDeCount = 2
~ local data in LocalArray for DE 1 ~
LocalArrayPrint: Array at address 0x235efb0:
            rank = 2, typekind = 6, base_addr = 0x235f2e0
            dim[0] = 2              rank = 2, typekind = 6, base_addr = 0x16a0f60
            dim[0] = 3  dim[1] = 1  
dim[1] = 2  
  Real, *8, Dim 2, Data values:
( 1, 1) =  0
( 2, 1) =  0
  Real, *8, Dim 2, Data values:
( 1, 1) =  1.17232e-316
( 2, 1) =  0
( 3, 1) =  0
( 1, 2) =  0
( 2, 2) =  0
dim 1: [0]: [1 [1 [1, 2] 2] 2]
dim 2: [1]: [1 [1 [1, 2] 2] 2]
~ local data in LocalArray for DE 5 ~
LocalArrayPrint: Array at address 0x235f310:
dim 1: [0]: [1 [1 [1, 3] 3] 3]
dim 2: [1]: [1 [1 [1, 1] 1] 1]
--- ESMCI::Array::print end ---
            rank = 2, typekind = 6, base_addr = 0x235ef30
            dim[0] = 2  dim[1] = 1  
  Real, *8, Dim 2, Data values:
( 1, 1) =  1.83244e-316
( 2, 1) =  0
dim 1: [0]: [1 [1 [1, 2] 2] 2]
dim 2: [1]: [1 [1 [1, 1] 1] 1]
--- ESMCI::Array::print end ---
  PASS  Example ESMF_ArrayBundleEx, ESMF_ArrayBundleEx.F90, line 267
Array typekind/rank: Real*4 / 2 
  PASS  Example ESMF_ArrayBundleEx, ESMF_ArrayBundleEx.F90, line 267
~ lower class' values ~
DistGrid dimCount = 2
deCount = 6
localDeCount = 1
~ local data in LocalArray for DE 3 ~
LocalArrayPrint: Array at address 0x1a9d280:
            rank = 2, typekind = 5, base_addr = 0x1a9d260
            dim[0] = 2  dim[1] = 2  
  Real, *4, Dim 2, Data values:
  PASS  Example ESMF_ArrayBundleEx, ESMF_ArrayBundleEx.F90, line 267
( 1, 1) =  6.23822e-38
( 2, 1) =  0
( 1, 2) =  0
( 2, 2) =  0
dim 1: [0]: [1 [1 [1, 2] 2] 2]
dim 2: [1]: [1 [1 [1, 2] 2] 2]
--- ESMCI::Array::print end ---
--- ESMCI::Array::print start ---
 Base name    = Array002
 Status: Base = Ready,  object = Ready
 Proxy        = no
 Root Info (Attributes):
{}Array typekind/rank: Real*8 / 2 
~ lower class' values ~
DistGrid dimCount = 2
deCount = 6
localDeCount = 1
~ local data in LocalArray for DE 3 ~
LocalArrayPrint: Array at address 0x1a9a0a0:
            rank = 2, typekind = 6, base_addr = 0x1a96f10
            dim[0] = 2  dim[1] = 2  
  Real, *8, Dim 2, Data values:
( 1, 1) =  1.37751e-316
( 2, 1) =  0
( 1, 2) =  0
( 2, 2) =  0
dim 1: [0]: [1 [1 [1, 2] 2] 2]
dim 2: [1]: [1 [1 [1, 2] 2] 2]
--- ESMCI::Array::print end ---
--- ESMCI::Array::print start ---
 Base name    = Array003
 Status: Base = Ready,  object = Ready
 Proxy        = no
 Root Info (Attributes):
{}Array typekind/rank: Real*8 / 2 
~ lower class' values ~
DistGrid dimCount = 2
deCount = 6
localDeCount = 1
~ local data in LocalArray for DE 3 ~
LocalArrayPrint: Array at address 0x1a9aae0:
            rank = 2, typekind = 6, base_addr = 0x1a9ae10
            dim[0] = 2  dim[1] = 2  
  Real, *8, Dim 2, Data values:
( 1, 1) =  0
( 2, 1) =  0
( 1, 2) =  0
( 2, 2) =  0
dim 1: [0]: [1 [1 [1, 2] 2] 2]
dim 2: [1]: [1 [1 [1, 2] 2] 2]
--- ESMCI::Array::print end ---
  PASS  Example ESMF_ArrayBundleEx, ESMF_ArrayBundleEx.F90, line 267
 PASS: ESMF_ArrayBundleEx.F90
 PASS: ESMF_ArrayBundleEx.F90
 PASS: ESMF_ArrayBundleEx.F90
 PASS: ESMF_ArrayBundleEx.F90
