tree_build_quick_start in: /glade/scratch/himanshu/scripts_dir/daily/gfortran_cheyenne/esmf/src/Infrastructure/XGridGeomBase/src
gmake[5]: Entering directory '/glade/scratch/himanshu/scripts_dir/daily/gfortran_cheyenne/esmf/src/Infrastructure/XGridGeomBase/src'
gmake[1]: Entering directory '/glade/scratch/himanshu/scripts_dir/daily/gfortran_cheyenne/esmf'
gmake[5]: Leaving directory '/glade/scratch/himanshu/scripts_dir/daily/gfortran_cheyenne/esmf/src/Infrastructure/XGridGeomBase/src'
tree_build_quick_start in: /glade/scratch/himanshu/scripts_dir/daily/gfortran_cheyenne/esmf/src/Infrastructure/XGridGeomBase/interface
gmake[5]: Entering directory '/glade/scratch/himanshu/scripts_dir/daily/gfortran_cheyenne/esmf/src/Infrastructure/XGridGeomBase/interface'
rm -rf /glade/scratch/himanshu/scripts_dir/daily/gfortran_cheyenne/esmf/examples/examplesg/Linux.gfortran.64.openmpi.default/examples_results
rm -rf /glade/scratch/himanshu/scripts_dir/daily/gfortran_cheyenne/esmf/examples/examplesg/Linux.gfortran.64.openmpi.default/*Ex.Log
rm -rf /glade/scratch/himanshu/scripts_dir/daily/gfortran_cheyenne/esmf/examples/examplesg/Linux.gfortran.64.openmpi.default/*Ex.stdout
rm -rf /glade/scratch/himanshu/scripts_dir/daily/gfortran_cheyenne/esmf/examples/examplesg/Linux.gfortran.64.openmpi.default/*.rc
rm -rf /glade/scratch/himanshu/scripts_dir/daily/gfortran_cheyenne/esmf/examples/examplesg/Linux.gfortran.64.openmpi.default/*.nc
rm -rf /glade/scratch/himanshu/scripts_dir/daily/gfortran_cheyenne/esmf/examples/examplesg/Linux.gfortran.64.openmpi.default/data
gmake[1]: Leaving directory '/glade/scratch/himanshu/scripts_dir/daily/gfortran_cheyenne/esmf'
gmake ACTION=tree_run_examples tree
gmake[1]: Entering directory '/glade/scratch/himanshu/scripts_dir/daily/gfortran_cheyenne/esmf'
gmake[5]: Leaving directory '/glade/scratch/himanshu/scripts_dir/daily/gfortran_cheyenne/esmf/src/Infrastructure/XGridGeomBase/interface'
gmake[4]: Leaving directory '/glade/scratch/himanshu/scripts_dir/daily/gfortran_cheyenne/esmf/src/Infrastructure/XGridGeomBase'
tree_build_quick_start in: /glade/scratch/himanshu/scripts_dir/daily/gfortran_cheyenne/esmf/src/Infrastructure/GridUtil
gmake[4]: Entering directory '/glade/scratch/himanshu/scripts_dir/daily/gfortran_cheyenne/esmf/src/Infrastructure/GridUtil'
tree_run_examples in: /glade/scratch/himanshu/scripts_dir/daily/gfortran_cheyenne/esmf/src
gmake[2]: Entering directory '/glade/scratch/himanshu/scripts_dir/daily/gfortran_cheyenne/esmf/src'
tree_build_quick_start in: /glade/scratch/himanshu/scripts_dir/daily/gfortran_cheyenne/esmf/src/Infrastructure/GridUtil/src
gmake[5]: Entering directory '/glade/scratch/himanshu/scripts_dir/daily/gfortran_cheyenne/esmf/src/Infrastructure/GridUtil/src'
tree_run_examples in: /glade/scratch/himanshu/scripts_dir/daily/gfortran_cheyenne/esmf/src/prologue
gmake[3]: Entering directory '/glade/scratch/himanshu/scripts_dir/daily/gfortran_cheyenne/esmf/src/prologue'
gmake[5]: Leaving directory '/glade/scratch/himanshu/scripts_dir/daily/gfortran_cheyenne/esmf/src/Infrastructure/GridUtil/src'
tree_build_quick_start in: /glade/scratch/himanshu/scripts_dir/daily/gfortran_cheyenne/esmf/src/Infrastructure/GridUtil/interface
gmake[5]: Entering directory '/glade/scratch/himanshu/scripts_dir/daily/gfortran_cheyenne/esmf/src/Infrastructure/GridUtil/interface'
tree_run_examples in: /glade/scratch/himanshu/scripts_dir/daily/gfortran_cheyenne/esmf/src/prologue/tests
gmake[4]: Entering directory '/glade/scratch/himanshu/scripts_dir/daily/gfortran_cheyenne/esmf/src/prologue/tests'
gmake[5]: Leaving directory '/glade/scratch/himanshu/scripts_dir/daily/gfortran_cheyenne/esmf/src/Infrastructure/GridUtil/interface'
tree_build_quick_start in: /glade/scratch/himanshu/scripts_dir/daily/gfortran_cheyenne/esmf/src/Infrastructure/GridUtil/tests
gmake[5]: Entering directory '/glade/scratch/himanshu/scripts_dir/daily/gfortran_cheyenne/esmf/src/Infrastructure/GridUtil/tests'
gmake[4]: Leaving directory '/glade/scratch/himanshu/scripts_dir/daily/gfortran_cheyenne/esmf/src/prologue/tests'
tree_run_examples in: /glade/scratch/himanshu/scripts_dir/daily/gfortran_cheyenne/esmf/src/prologue/yaml-cpp
gmake[4]: Entering directory '/glade/scratch/himanshu/scripts_dir/daily/gfortran_cheyenne/esmf/src/prologue/yaml-cpp'
gmake[5]: Leaving directory '/glade/scratch/himanshu/scripts_dir/daily/gfortran_cheyenne/esmf/src/Infrastructure/GridUtil/tests'
gmake[4]: Leaving directory '/glade/scratch/himanshu/scripts_dir/daily/gfortran_cheyenne/esmf/src/Infrastructure/GridUtil'
tree_build_quick_start in: /glade/scratch/himanshu/scripts_dir/daily/gfortran_cheyenne/esmf/src/Infrastructure/LocStream
gmake[4]: Entering directory '/glade/scratch/himanshu/scripts_dir/daily/gfortran_cheyenne/esmf/src/Infrastructure/LocStream'
tree_run_examples in: /glade/scratch/himanshu/scripts_dir/daily/gfortran_cheyenne/esmf/src/prologue/yaml-cpp/src
gmake[5]: Entering directory '/glade/scratch/himanshu/scripts_dir/daily/gfortran_cheyenne/esmf/src/prologue/yaml-cpp/src'
tree_build_quick_start in: /glade/scratch/himanshu/scripts_dir/daily/gfortran_cheyenne/esmf/src/Infrastructure/LocStream/doc
gmake[5]: Entering directory '/glade/scratch/himanshu/scripts_dir/daily/gfortran_cheyenne/esmf/src/Infrastructure/LocStream/doc'
gmake[5]: Leaving directory '/glade/scratch/himanshu/scripts_dir/daily/gfortran_cheyenne/esmf/src/prologue/yaml-cpp/src'
gmake[4]: Leaving directory '/glade/scratch/himanshu/scripts_dir/daily/gfortran_cheyenne/esmf/src/prologue/yaml-cpp'
gmake[3]: Leaving directory '/glade/scratch/himanshu/scripts_dir/daily/gfortran_cheyenne/esmf/src/prologue'
tree_run_examples in: /glade/scratch/himanshu/scripts_dir/daily/gfortran_cheyenne/esmf/src/test_harness
gmake[3]: Entering directory '/glade/scratch/himanshu/scripts_dir/daily/gfortran_cheyenne/esmf/src/test_harness'
gmake[5]: Leaving directory '/glade/scratch/himanshu/scripts_dir/daily/gfortran_cheyenne/esmf/src/Infrastructure/LocStream/doc'
tree_build_quick_start in: /glade/scratch/himanshu/scripts_dir/daily/gfortran_cheyenne/esmf/src/Infrastructure/LocStream/src
gmake[5]: Entering directory '/glade/scratch/himanshu/scripts_dir/daily/gfortran_cheyenne/esmf/src/Infrastructure/LocStream/src'
tree_run_examples in: /glade/scratch/himanshu/scripts_dir/daily/gfortran_cheyenne/esmf/src/test_harness/src
gmake[4]: Entering directory '/glade/scratch/himanshu/scripts_dir/daily/gfortran_cheyenne/esmf/src/test_harness/src'
gmake[5]: Leaving directory '/glade/scratch/himanshu/scripts_dir/daily/gfortran_cheyenne/esmf/src/Infrastructure/LocStream/src'
tree_build_quick_start in: /glade/scratch/himanshu/scripts_dir/daily/gfortran_cheyenne/esmf/src/Infrastructure/LocStream/interface
gmake[5]: Entering directory '/glade/scratch/himanshu/scripts_dir/daily/gfortran_cheyenne/esmf/src/Infrastructure/LocStream/interface'
gmake[4]: Leaving directory '/glade/scratch/himanshu/scripts_dir/daily/gfortran_cheyenne/esmf/src/test_harness/src'
gmake[3]: Leaving directory '/glade/scratch/himanshu/scripts_dir/daily/gfortran_cheyenne/esmf/src/test_harness'
tree_run_examples in: /glade/scratch/himanshu/scripts_dir/daily/gfortran_cheyenne/esmf/src/Infrastructure
gmake[3]: Entering directory '/glade/scratch/himanshu/scripts_dir/daily/gfortran_cheyenne/esmf/src/Infrastructure'
gmake[5]: Leaving directory '/glade/scratch/himanshu/scripts_dir/daily/gfortran_cheyenne/esmf/src/Infrastructure/LocStream/interface'
tree_build_quick_start in: /glade/scratch/himanshu/scripts_dir/daily/gfortran_cheyenne/esmf/src/Infrastructure/LocStream/tests
gmake[5]: Entering directory '/glade/scratch/himanshu/scripts_dir/daily/gfortran_cheyenne/esmf/src/Infrastructure/LocStream/tests'
tree_run_examples in: /glade/scratch/himanshu/scripts_dir/daily/gfortran_cheyenne/esmf/src/Infrastructure/stubs
gmake[4]: Entering directory '/glade/scratch/himanshu/scripts_dir/daily/gfortran_cheyenne/esmf/src/Infrastructure/stubs'
gmake[5]: Leaving directory '/glade/scratch/himanshu/scripts_dir/daily/gfortran_cheyenne/esmf/src/Infrastructure/LocStream/tests'
tree_build_quick_start in: /glade/scratch/himanshu/scripts_dir/daily/gfortran_cheyenne/esmf/src/Infrastructure/LocStream/examples
gmake[5]: Entering directory '/glade/scratch/himanshu/scripts_dir/daily/gfortran_cheyenne/esmf/src/Infrastructure/LocStream/examples'
tree_run_examples in: /glade/scratch/himanshu/scripts_dir/daily/gfortran_cheyenne/esmf/src/Infrastructure/stubs/mpiuni
gmake[5]: Entering directory '/glade/scratch/himanshu/scripts_dir/daily/gfortran_cheyenne/esmf/src/Infrastructure/stubs/mpiuni'
gmake[5]: Leaving directory '/glade/scratch/himanshu/scripts_dir/daily/gfortran_cheyenne/esmf/src/Infrastructure/LocStream/examples'
gmake[4]: Leaving directory '/glade/scratch/himanshu/scripts_dir/daily/gfortran_cheyenne/esmf/src/Infrastructure/LocStream'
tree_build_quick_start in: /glade/scratch/himanshu/scripts_dir/daily/gfortran_cheyenne/esmf/src/Infrastructure/XGrid
gmake[4]: Entering directory '/glade/scratch/himanshu/scripts_dir/daily/gfortran_cheyenne/esmf/src/Infrastructure/XGrid'
gmake[5]: Leaving directory '/glade/scratch/himanshu/scripts_dir/daily/gfortran_cheyenne/esmf/src/Infrastructure/stubs/mpiuni'
gmake[4]: Leaving directory '/glade/scratch/himanshu/scripts_dir/daily/gfortran_cheyenne/esmf/src/Infrastructure/stubs'
tree_run_examples in: /glade/scratch/himanshu/scripts_dir/daily/gfortran_cheyenne/esmf/src/Infrastructure/Util
gmake[4]: Entering directory '/glade/scratch/himanshu/scripts_dir/daily/gfortran_cheyenne/esmf/src/Infrastructure/Util'
tree_build_quick_start in: /glade/scratch/himanshu/scripts_dir/daily/gfortran_cheyenne/esmf/src/Infrastructure/XGrid/src
gmake[5]: Entering directory '/glade/scratch/himanshu/scripts_dir/daily/gfortran_cheyenne/esmf/src/Infrastructure/XGrid/src'
tree_run_examples in: /glade/scratch/himanshu/scripts_dir/daily/gfortran_cheyenne/esmf/src/Infrastructure/Util/src
gmake[5]: Entering directory '/glade/scratch/himanshu/scripts_dir/daily/gfortran_cheyenne/esmf/src/Infrastructure/Util/src'
gmake[5]: Leaving directory '/glade/scratch/himanshu/scripts_dir/daily/gfortran_cheyenne/esmf/src/Infrastructure/XGrid/src'
tree_build_quick_start in: /glade/scratch/himanshu/scripts_dir/daily/gfortran_cheyenne/esmf/src/Infrastructure/XGrid/interface
gmake[5]: Entering directory '/glade/scratch/himanshu/scripts_dir/daily/gfortran_cheyenne/esmf/src/Infrastructure/XGrid/interface'
gmake[5]: Leaving directory '/glade/scratch/himanshu/scripts_dir/daily/gfortran_cheyenne/esmf/src/Infrastructure/Util/src'
tree_run_examples in: /glade/scratch/himanshu/scripts_dir/daily/gfortran_cheyenne/esmf/src/Infrastructure/Util/interface
gmake[5]: Entering directory '/glade/scratch/himanshu/scripts_dir/daily/gfortran_cheyenne/esmf/src/Infrastructure/Util/interface'
gmake[5]: Leaving directory '/glade/scratch/himanshu/scripts_dir/daily/gfortran_cheyenne/esmf/src/Infrastructure/XGrid/interface'
tree_build_quick_start in: /glade/scratch/himanshu/scripts_dir/daily/gfortran_cheyenne/esmf/src/Infrastructure/XGrid/doc
gmake[5]: Entering directory '/glade/scratch/himanshu/scripts_dir/daily/gfortran_cheyenne/esmf/src/Infrastructure/XGrid/doc'
gmake[5]: Leaving directory '/glade/scratch/himanshu/scripts_dir/daily/gfortran_cheyenne/esmf/src/Infrastructure/Util/interface'
tree_run_examples in: /glade/scratch/himanshu/scripts_dir/daily/gfortran_cheyenne/esmf/src/Infrastructure/Util/tests
gmake[5]: Entering directory '/glade/scratch/himanshu/scripts_dir/daily/gfortran_cheyenne/esmf/src/Infrastructure/Util/tests'
gmake[5]: Leaving directory '/glade/scratch/himanshu/scripts_dir/daily/gfortran_cheyenne/esmf/src/Infrastructure/XGrid/doc'
tree_build_quick_start in: /glade/scratch/himanshu/scripts_dir/daily/gfortran_cheyenne/esmf/src/Infrastructure/XGrid/tests
gmake[5]: Entering directory '/glade/scratch/himanshu/scripts_dir/daily/gfortran_cheyenne/esmf/src/Infrastructure/XGrid/tests'
gmake[5]: Leaving directory '/glade/scratch/himanshu/scripts_dir/daily/gfortran_cheyenne/esmf/src/Infrastructure/Util/tests'
tree_run_examples in: /glade/scratch/himanshu/scripts_dir/daily/gfortran_cheyenne/esmf/src/Infrastructure/Util/examples
gmake[5]: Entering directory '/glade/scratch/himanshu/scripts_dir/daily/gfortran_cheyenne/esmf/src/Infrastructure/Util/examples'
gmake[5]: Leaving directory '/glade/scratch/himanshu/scripts_dir/daily/gfortran_cheyenne/esmf/src/Infrastructure/XGrid/tests'
tree_build_quick_start in: /glade/scratch/himanshu/scripts_dir/daily/gfortran_cheyenne/esmf/src/Infrastructure/XGrid/examples
gmake[5]: Entering directory '/glade/scratch/himanshu/scripts_dir/daily/gfortran_cheyenne/esmf/src/Infrastructure/XGrid/examples'
gmake[5]: Leaving directory '/glade/scratch/himanshu/scripts_dir/daily/gfortran_cheyenne/esmf/src/Infrastructure/Util/examples'
tree_run_examples in: /glade/scratch/himanshu/scripts_dir/daily/gfortran_cheyenne/esmf/src/Infrastructure/Util/doc
gmake[5]: Entering directory '/glade/scratch/himanshu/scripts_dir/daily/gfortran_cheyenne/esmf/src/Infrastructure/Util/doc'
gmake[5]: Leaving directory '/glade/scratch/himanshu/scripts_dir/daily/gfortran_cheyenne/esmf/src/Infrastructure/XGrid/examples'
gmake[4]: Leaving directory '/glade/scratch/himanshu/scripts_dir/daily/gfortran_cheyenne/esmf/src/Infrastructure/XGrid'
tree_build_quick_start in: /glade/scratch/himanshu/scripts_dir/daily/gfortran_cheyenne/esmf/src/Infrastructure/GeomBase
gmake[4]: Entering directory '/glade/scratch/himanshu/scripts_dir/daily/gfortran_cheyenne/esmf/src/Infrastructure/GeomBase'
gmake[5]: Leaving directory '/glade/scratch/himanshu/scripts_dir/daily/gfortran_cheyenne/esmf/src/Infrastructure/Util/doc'
gmake[4]: Leaving directory '/glade/scratch/himanshu/scripts_dir/daily/gfortran_cheyenne/esmf/src/Infrastructure/Util'
tree_run_examples in: /glade/scratch/himanshu/scripts_dir/daily/gfortran_cheyenne/esmf/src/Infrastructure/LogErr
gmake[4]: Entering directory '/glade/scratch/himanshu/scripts_dir/daily/gfortran_cheyenne/esmf/src/Infrastructure/LogErr'
tree_build_quick_start in: /glade/scratch/himanshu/scripts_dir/daily/gfortran_cheyenne/esmf/src/Infrastructure/GeomBase/src
gmake[5]: Entering directory '/glade/scratch/himanshu/scripts_dir/daily/gfortran_cheyenne/esmf/src/Infrastructure/GeomBase/src'
tree_run_examples in: /glade/scratch/himanshu/scripts_dir/daily/gfortran_cheyenne/esmf/src/Infrastructure/LogErr/src
gmake[5]: Entering directory '/glade/scratch/himanshu/scripts_dir/daily/gfortran_cheyenne/esmf/src/Infrastructure/LogErr/src'
gmake[5]: Leaving directory '/glade/scratch/himanshu/scripts_dir/daily/gfortran_cheyenne/esmf/src/Infrastructure/GeomBase/src'
tree_build_quick_start in: /glade/scratch/himanshu/scripts_dir/daily/gfortran_cheyenne/esmf/src/Infrastructure/GeomBase/interface
gmake[5]: Entering directory '/glade/scratch/himanshu/scripts_dir/daily/gfortran_cheyenne/esmf/src/Infrastructure/GeomBase/interface'
gmake[5]: Leaving directory '/glade/scratch/himanshu/scripts_dir/daily/gfortran_cheyenne/esmf/src/Infrastructure/LogErr/src'
tree_run_examples in: /glade/scratch/himanshu/scripts_dir/daily/gfortran_cheyenne/esmf/src/Infrastructure/LogErr/interface
gmake[5]: Entering directory '/glade/scratch/himanshu/scripts_dir/daily/gfortran_cheyenne/esmf/src/Infrastructure/LogErr/interface'
gmake[5]: Leaving directory '/glade/scratch/himanshu/scripts_dir/daily/gfortran_cheyenne/esmf/src/Infrastructure/GeomBase/interface'
gmake[4]: Leaving directory '/glade/scratch/himanshu/scripts_dir/daily/gfortran_cheyenne/esmf/src/Infrastructure/GeomBase'
tree_build_quick_start in: /glade/scratch/himanshu/scripts_dir/daily/gfortran_cheyenne/esmf/src/Infrastructure/PointList
gmake[4]: Entering directory '/glade/scratch/himanshu/scripts_dir/daily/gfortran_cheyenne/esmf/src/Infrastructure/PointList'
gmake[5]: Leaving directory '/glade/scratch/himanshu/scripts_dir/daily/gfortran_cheyenne/esmf/src/Infrastructure/LogErr/interface'
tree_run_examples in: /glade/scratch/himanshu/scripts_dir/daily/gfortran_cheyenne/esmf/src/Infrastructure/LogErr/examples
gmake[5]: Entering directory '/glade/scratch/himanshu/scripts_dir/daily/gfortran_cheyenne/esmf/src/Infrastructure/LogErr/examples'
tree_build_quick_start in: /glade/scratch/himanshu/scripts_dir/daily/gfortran_cheyenne/esmf/src/Infrastructure/PointList/src
gmake[5]: Entering directory '/glade/scratch/himanshu/scripts_dir/daily/gfortran_cheyenne/esmf/src/Infrastructure/PointList/src'
gmake EXNAME=LogErr NP=4 exfrun
gmake[6]: Entering directory '/glade/scratch/himanshu/scripts_dir/daily/gfortran_cheyenne/esmf/src/Infrastructure/LogErr/examples'
gmake[5]: Leaving directory '/glade/scratch/himanshu/scripts_dir/daily/gfortran_cheyenne/esmf/src/Infrastructure/PointList/src'
tree_build_quick_start in: /glade/scratch/himanshu/scripts_dir/daily/gfortran_cheyenne/esmf/src/Infrastructure/PointList/interface
gmake[5]: Entering directory '/glade/scratch/himanshu/scripts_dir/daily/gfortran_cheyenne/esmf/src/Infrastructure/PointList/interface'
mpirun -np 4 ./ESMF_LogErrEx > ./ESMF_LogErrEx.stdout 2>&1
cat: './PET*LogErrEx*.Log': No such file or directory
gmake[6]: Leaving directory '/glade/scratch/himanshu/scripts_dir/daily/gfortran_cheyenne/esmf/src/Infrastructure/LogErr/examples'
gmake[5]: Leaving directory '/glade/scratch/himanshu/scripts_dir/daily/gfortran_cheyenne/esmf/src/Infrastructure/LogErr/examples'
tree_run_examples in: /glade/scratch/himanshu/scripts_dir/daily/gfortran_cheyenne/esmf/src/Infrastructure/LogErr/doc
gmake[5]: Entering directory '/glade/scratch/himanshu/scripts_dir/daily/gfortran_cheyenne/esmf/src/Infrastructure/LogErr/doc'
gmake[5]: Leaving directory '/glade/scratch/himanshu/scripts_dir/daily/gfortran_cheyenne/esmf/src/Infrastructure/PointList/interface'
tree_build_quick_start in: /glade/scratch/himanshu/scripts_dir/daily/gfortran_cheyenne/esmf/src/Infrastructure/PointList/tests
gmake[5]: Entering directory '/glade/scratch/himanshu/scripts_dir/daily/gfortran_cheyenne/esmf/src/Infrastructure/PointList/tests'
gmake[5]: Leaving directory '/glade/scratch/himanshu/scripts_dir/daily/gfortran_cheyenne/esmf/src/Infrastructure/LogErr/doc'
tree_run_examples in: /glade/scratch/himanshu/scripts_dir/daily/gfortran_cheyenne/esmf/src/Infrastructure/LogErr/tests
gmake[5]: Entering directory '/glade/scratch/himanshu/scripts_dir/daily/gfortran_cheyenne/esmf/src/Infrastructure/LogErr/tests'
gmake[5]: Leaving directory '/glade/scratch/himanshu/scripts_dir/daily/gfortran_cheyenne/esmf/src/Infrastructure/PointList/tests'
gmake[4]: Leaving directory '/glade/scratch/himanshu/scripts_dir/daily/gfortran_cheyenne/esmf/src/Infrastructure/PointList'
tree_build_quick_start in: /glade/scratch/himanshu/scripts_dir/daily/gfortran_cheyenne/esmf/src/Infrastructure/Regrid
gmake[4]: Entering directory '/glade/scratch/himanshu/scripts_dir/daily/gfortran_cheyenne/esmf/src/Infrastructure/Regrid'
gmake[5]: Leaving directory '/glade/scratch/himanshu/scripts_dir/daily/gfortran_cheyenne/esmf/src/Infrastructure/LogErr/tests'
gmake[4]: Leaving directory '/glade/scratch/himanshu/scripts_dir/daily/gfortran_cheyenne/esmf/src/Infrastructure/LogErr'
tree_run_examples in: /glade/scratch/himanshu/scripts_dir/daily/gfortran_cheyenne/esmf/src/Infrastructure/VM
gmake[4]: Entering directory '/glade/scratch/himanshu/scripts_dir/daily/gfortran_cheyenne/esmf/src/Infrastructure/VM'
tree_build_quick_start in: /glade/scratch/himanshu/scripts_dir/daily/gfortran_cheyenne/esmf/src/Infrastructure/Regrid/src
gmake[5]: Entering directory '/glade/scratch/himanshu/scripts_dir/daily/gfortran_cheyenne/esmf/src/Infrastructure/Regrid/src'
tree_run_examples in: /glade/scratch/himanshu/scripts_dir/daily/gfortran_cheyenne/esmf/src/Infrastructure/VM/src
gmake[5]: Entering directory '/glade/scratch/himanshu/scripts_dir/daily/gfortran_cheyenne/esmf/src/Infrastructure/VM/src'
gmake[5]: Leaving directory '/glade/scratch/himanshu/scripts_dir/daily/gfortran_cheyenne/esmf/src/Infrastructure/Regrid/src'
tree_build_quick_start in: /glade/scratch/himanshu/scripts_dir/daily/gfortran_cheyenne/esmf/src/Infrastructure/Regrid/interface
gmake[5]: Entering directory '/glade/scratch/himanshu/scripts_dir/daily/gfortran_cheyenne/esmf/src/Infrastructure/Regrid/interface'
tree_run_examples in: /glade/scratch/himanshu/scripts_dir/daily/gfortran_cheyenne/esmf/src/Infrastructure/VM/src/acc
gmake[6]: Entering directory '/glade/scratch/himanshu/scripts_dir/daily/gfortran_cheyenne/esmf/src/Infrastructure/VM/src/acc'
gmake[5]: Leaving directory '/glade/scratch/himanshu/scripts_dir/daily/gfortran_cheyenne/esmf/src/Infrastructure/Regrid/interface'
tree_build_quick_start in: /glade/scratch/himanshu/scripts_dir/daily/gfortran_cheyenne/esmf/src/Infrastructure/Regrid/doc
gmake[5]: Entering directory '/glade/scratch/himanshu/scripts_dir/daily/gfortran_cheyenne/esmf/src/Infrastructure/Regrid/doc'
gmake[6]: Leaving directory '/glade/scratch/himanshu/scripts_dir/daily/gfortran_cheyenne/esmf/src/Infrastructure/VM/src/acc'
gmake[5]: Leaving directory '/glade/scratch/himanshu/scripts_dir/daily/gfortran_cheyenne/esmf/src/Infrastructure/VM/src'
tree_run_examples in: /glade/scratch/himanshu/scripts_dir/daily/gfortran_cheyenne/esmf/src/Infrastructure/VM/interface
gmake[5]: Entering directory '/glade/scratch/himanshu/scripts_dir/daily/gfortran_cheyenne/esmf/src/Infrastructure/VM/interface'
gmake[5]: Leaving directory '/glade/scratch/himanshu/scripts_dir/daily/gfortran_cheyenne/esmf/src/Infrastructure/Regrid/doc'
tree_build_quick_start in: /glade/scratch/himanshu/scripts_dir/daily/gfortran_cheyenne/esmf/src/Infrastructure/Regrid/examples
gmake[5]: Entering directory '/glade/scratch/himanshu/scripts_dir/daily/gfortran_cheyenne/esmf/src/Infrastructure/Regrid/examples'
gmake[5]: Leaving directory '/glade/scratch/himanshu/scripts_dir/daily/gfortran_cheyenne/esmf/src/Infrastructure/VM/interface'
tree_run_examples in: /glade/scratch/himanshu/scripts_dir/daily/gfortran_cheyenne/esmf/src/Infrastructure/VM/doc
gmake[5]: Entering directory '/glade/scratch/himanshu/scripts_dir/daily/gfortran_cheyenne/esmf/src/Infrastructure/VM/doc'
gmake[5]: Leaving directory '/glade/scratch/himanshu/scripts_dir/daily/gfortran_cheyenne/esmf/src/Infrastructure/Regrid/examples'
gmake[4]: Leaving directory '/glade/scratch/himanshu/scripts_dir/daily/gfortran_cheyenne/esmf/src/Infrastructure/Regrid'
tree_build_quick_start in: /glade/scratch/himanshu/scripts_dir/daily/gfortran_cheyenne/esmf/src/Infrastructure/Field
gmake[4]: Entering directory '/glade/scratch/himanshu/scripts_dir/daily/gfortran_cheyenne/esmf/src/Infrastructure/Field'
gmake[5]: Leaving directory '/glade/scratch/himanshu/scripts_dir/daily/gfortran_cheyenne/esmf/src/Infrastructure/VM/doc'
tree_run_examples in: /glade/scratch/himanshu/scripts_dir/daily/gfortran_cheyenne/esmf/src/Infrastructure/VM/examples
gmake[5]: Entering directory '/glade/scratch/himanshu/scripts_dir/daily/gfortran_cheyenne/esmf/src/Infrastructure/VM/examples'
tree_build_quick_start in: /glade/scratch/himanshu/scripts_dir/daily/gfortran_cheyenne/esmf/src/Infrastructure/Field/src
gmake[5]: Entering directory '/glade/scratch/himanshu/scripts_dir/daily/gfortran_cheyenne/esmf/src/Infrastructure/Field/src'
gmake EXNAME=VMDefaultBasics NP=4 exfrun
gmake[6]: Entering directory '/glade/scratch/himanshu/scripts_dir/daily/gfortran_cheyenne/esmf/src/Infrastructure/VM/examples'
gmake[5]: Leaving directory '/glade/scratch/himanshu/scripts_dir/daily/gfortran_cheyenne/esmf/src/Infrastructure/Field/src'
tree_build_quick_start in: /glade/scratch/himanshu/scripts_dir/daily/gfortran_cheyenne/esmf/src/Infrastructure/Field/interface
gmake[5]: Entering directory '/glade/scratch/himanshu/scripts_dir/daily/gfortran_cheyenne/esmf/src/Infrastructure/Field/interface'
mpirun -np 4 ./ESMF_VMDefaultBasicsEx > ./ESMF_VMDefaultBasicsEx.stdout 2>&1
cat: './PET*VMDefaultBasicsEx*.Log': No such file or directory
gmake[6]: Leaving directory '/glade/scratch/himanshu/scripts_dir/daily/gfortran_cheyenne/esmf/src/Infrastructure/VM/examples'
gmake EXNAME=VMGetMPICommunicator NP=4 exfrun
gmake[6]: Entering directory '/glade/scratch/himanshu/scripts_dir/daily/gfortran_cheyenne/esmf/src/Infrastructure/VM/examples'
gmake[5]: Leaving directory '/glade/scratch/himanshu/scripts_dir/daily/gfortran_cheyenne/esmf/src/Infrastructure/Field/interface'
tree_build_quick_start in: /glade/scratch/himanshu/scripts_dir/daily/gfortran_cheyenne/esmf/src/Infrastructure/Field/doc
gmake[5]: Entering directory '/glade/scratch/himanshu/scripts_dir/daily/gfortran_cheyenne/esmf/src/Infrastructure/Field/doc'
mpirun -np 4 ./ESMF_VMGetMPICommunicatorEx > ./ESMF_VMGetMPICommunicatorEx.stdout 2>&1
gmake[5]: Leaving directory '/glade/scratch/himanshu/scripts_dir/daily/gfortran_cheyenne/esmf/src/Infrastructure/Field/doc'
tree_build_quick_start in: /glade/scratch/himanshu/scripts_dir/daily/gfortran_cheyenne/esmf/src/Infrastructure/Field/tests
gmake[5]: Entering directory '/glade/scratch/himanshu/scripts_dir/daily/gfortran_cheyenne/esmf/src/Infrastructure/Field/tests'
cat: './PET*VMGetMPICommunicatorEx*.Log': No such file or directory
gmake[6]: Leaving directory '/glade/scratch/himanshu/scripts_dir/daily/gfortran_cheyenne/esmf/src/Infrastructure/VM/examples'
gmake EXNAME=VMUserMpi NP=4 exfrun
gmake[6]: Entering directory '/glade/scratch/himanshu/scripts_dir/daily/gfortran_cheyenne/esmf/src/Infrastructure/VM/examples'
gmake[5]: Leaving directory '/glade/scratch/himanshu/scripts_dir/daily/gfortran_cheyenne/esmf/src/Infrastructure/Field/tests'
tree_build_quick_start in: /glade/scratch/himanshu/scripts_dir/daily/gfortran_cheyenne/esmf/src/Infrastructure/Field/examples
gmake[5]: Entering directory '/glade/scratch/himanshu/scripts_dir/daily/gfortran_cheyenne/esmf/src/Infrastructure/Field/examples'
mpirun -np 4 ./ESMF_VMUserMpiEx > ./ESMF_VMUserMpiEx.stdout 2>&1
cat: './PET*VMUserMpiEx*.Log': No such file or directory
gmake[6]: Leaving directory '/glade/scratch/himanshu/scripts_dir/daily/gfortran_cheyenne/esmf/src/Infrastructure/VM/examples'
gmake EXNAME=VMUserMpiComm NP=4 exfrun
gmake[6]: Entering directory '/glade/scratch/himanshu/scripts_dir/daily/gfortran_cheyenne/esmf/src/Infrastructure/VM/examples'
gmake[5]: Leaving directory '/glade/scratch/himanshu/scripts_dir/daily/gfortran_cheyenne/esmf/src/Infrastructure/Field/examples'
gmake[4]: Leaving directory '/glade/scratch/himanshu/scripts_dir/daily/gfortran_cheyenne/esmf/src/Infrastructure/Field'
tree_build_quick_start in: /glade/scratch/himanshu/scripts_dir/daily/gfortran_cheyenne/esmf/src/Infrastructure/Container
gmake[4]: Entering directory '/glade/scratch/himanshu/scripts_dir/daily/gfortran_cheyenne/esmf/src/Infrastructure/Container'
mpirun -np 4 ./ESMF_VMUserMpiCommEx > ./ESMF_VMUserMpiCommEx.stdout 2>&1
cat: './PET*VMUserMpiCommEx*.Log': No such file or directory
gmake[6]: Leaving directory '/glade/scratch/himanshu/scripts_dir/daily/gfortran_cheyenne/esmf/src/Infrastructure/VM/examples'
tree_build_quick_start in: /glade/scratch/himanshu/scripts_dir/daily/gfortran_cheyenne/esmf/src/Infrastructure/Container/interface
gmake EXNAME=VMUserMpiCommMulti NP=4 exfrun
gmake[5]: Entering directory '/glade/scratch/himanshu/scripts_dir/daily/gfortran_cheyenne/esmf/src/Infrastructure/Container/interface'
gmake[6]: Entering directory '/glade/scratch/himanshu/scripts_dir/daily/gfortran_cheyenne/esmf/src/Infrastructure/VM/examples'
mpirun -np 4 ./ESMF_VMUserMpiCommMultiEx > ./ESMF_VMUserMpiCommMultiEx.stdout 2>&1
gmake[5]: Leaving directory '/glade/scratch/himanshu/scripts_dir/daily/gfortran_cheyenne/esmf/src/Infrastructure/Container/interface'
tree_build_quick_start in: /glade/scratch/himanshu/scripts_dir/daily/gfortran_cheyenne/esmf/src/Infrastructure/Container/tests
gmake[5]: Entering directory '/glade/scratch/himanshu/scripts_dir/daily/gfortran_cheyenne/esmf/src/Infrastructure/Container/tests'
cat: './PET*VMUserMpiCommMultiEx*.Log': No such file or directory
gmake[6]: Leaving directory '/glade/scratch/himanshu/scripts_dir/daily/gfortran_cheyenne/esmf/src/Infrastructure/VM/examples'
gmake EXNAME=VMComponent NP=4 exfrun
gmake[6]: Entering directory '/glade/scratch/himanshu/scripts_dir/daily/gfortran_cheyenne/esmf/src/Infrastructure/VM/examples'
gmake[5]: Leaving directory '/glade/scratch/himanshu/scripts_dir/daily/gfortran_cheyenne/esmf/src/Infrastructure/Container/tests'
gmake[4]: Leaving directory '/glade/scratch/himanshu/scripts_dir/daily/gfortran_cheyenne/esmf/src/Infrastructure/Container'
tree_build_quick_start in: /glade/scratch/himanshu/scripts_dir/daily/gfortran_cheyenne/esmf/src/Infrastructure/FieldBundle
gmake[4]: Entering directory '/glade/scratch/himanshu/scripts_dir/daily/gfortran_cheyenne/esmf/src/Infrastructure/FieldBundle'
mpirun -np 4 ./ESMF_VMComponentEx > ./ESMF_VMComponentEx.stdout 2>&1
cat: './PET*VMComponentEx*.Log': No such file or directory
gmake[6]: Leaving directory '/glade/scratch/himanshu/scripts_dir/daily/gfortran_cheyenne/esmf/src/Infrastructure/VM/examples'
gmake EXNAME=VMSendVMRecv NP=4 exfrun
gmake[6]: Entering directory '/glade/scratch/himanshu/scripts_dir/daily/gfortran_cheyenne/esmf/src/Infrastructure/VM/examples'
tree_build_quick_start in: /glade/scratch/himanshu/scripts_dir/daily/gfortran_cheyenne/esmf/src/Infrastructure/FieldBundle/src
gmake[5]: Entering directory '/glade/scratch/himanshu/scripts_dir/daily/gfortran_cheyenne/esmf/src/Infrastructure/FieldBundle/src'
mpirun -np 4 ./ESMF_VMSendVMRecvEx > ./ESMF_VMSendVMRecvEx.stdout 2>&1
cat: './PET*VMSendVMRecvEx*.Log': No such file or directory
gmake[6]: Leaving directory '/glade/scratch/himanshu/scripts_dir/daily/gfortran_cheyenne/esmf/src/Infrastructure/VM/examples'
gmake EXNAME=VMNonBlocking NP=4 exfrun
gmake[6]: Entering directory '/glade/scratch/himanshu/scripts_dir/daily/gfortran_cheyenne/esmf/src/Infrastructure/VM/examples'
gmake[5]: Leaving directory '/glade/scratch/himanshu/scripts_dir/daily/gfortran_cheyenne/esmf/src/Infrastructure/FieldBundle/src'
tree_build_quick_start in: /glade/scratch/himanshu/scripts_dir/daily/gfortran_cheyenne/esmf/src/Infrastructure/FieldBundle/interface
gmake[5]: Entering directory '/glade/scratch/himanshu/scripts_dir/daily/gfortran_cheyenne/esmf/src/Infrastructure/FieldBundle/interface'
mpirun -np 4 ./ESMF_VMNonBlockingEx > ./ESMF_VMNonBlockingEx.stdout 2>&1
gmake[5]: Leaving directory '/glade/scratch/himanshu/scripts_dir/daily/gfortran_cheyenne/esmf/src/Infrastructure/FieldBundle/interface'
tree_build_quick_start in: /glade/scratch/himanshu/scripts_dir/daily/gfortran_cheyenne/esmf/src/Infrastructure/FieldBundle/doc
gmake[5]: Entering directory '/glade/scratch/himanshu/scripts_dir/daily/gfortran_cheyenne/esmf/src/Infrastructure/FieldBundle/doc'
cat: './PET*VMNonBlockingEx*.Log': No such file or directory
gmake[6]: Leaving directory '/glade/scratch/himanshu/scripts_dir/daily/gfortran_cheyenne/esmf/src/Infrastructure/VM/examples'
gmake EXNAME=VMScatterVMGather NP=4 exfrun
gmake[6]: Entering directory '/glade/scratch/himanshu/scripts_dir/daily/gfortran_cheyenne/esmf/src/Infrastructure/VM/examples'
gmake[5]: Leaving directory '/glade/scratch/himanshu/scripts_dir/daily/gfortran_cheyenne/esmf/src/Infrastructure/FieldBundle/doc'
tree_build_quick_start in: /glade/scratch/himanshu/scripts_dir/daily/gfortran_cheyenne/esmf/src/Infrastructure/FieldBundle/tests
gmake[5]: Entering directory '/glade/scratch/himanshu/scripts_dir/daily/gfortran_cheyenne/esmf/src/Infrastructure/FieldBundle/tests'
mpirun -np 4 ./ESMF_VMScatterVMGatherEx > ./ESMF_VMScatterVMGatherEx.stdout 2>&1
cat: './PET*VMScatterVMGatherEx*.Log': No such file or directory
gmake[6]: Leaving directory '/glade/scratch/himanshu/scripts_dir/daily/gfortran_cheyenne/esmf/src/Infrastructure/VM/examples'
gmake EXNAME=VMAllFullReduce NP=4 exfrun
gmake[6]: Entering directory '/glade/scratch/himanshu/scripts_dir/daily/gfortran_cheyenne/esmf/src/Infrastructure/VM/examples'
gmake[5]: Leaving directory '/glade/scratch/himanshu/scripts_dir/daily/gfortran_cheyenne/esmf/src/Infrastructure/FieldBundle/tests'
tree_build_quick_start in: /glade/scratch/himanshu/scripts_dir/daily/gfortran_cheyenne/esmf/src/Infrastructure/FieldBundle/examples
gmake[5]: Entering directory '/glade/scratch/himanshu/scripts_dir/daily/gfortran_cheyenne/esmf/src/Infrastructure/FieldBundle/examples'
mpirun -np 4 ./ESMF_VMAllFullReduceEx > ./ESMF_VMAllFullReduceEx.stdout 2>&1
gmake[5]: Leaving directory '/glade/scratch/himanshu/scripts_dir/daily/gfortran_cheyenne/esmf/src/Infrastructure/FieldBundle/examples'
gmake[4]: Leaving directory '/glade/scratch/himanshu/scripts_dir/daily/gfortran_cheyenne/esmf/src/Infrastructure/FieldBundle'
gmake[3]: Leaving directory '/glade/scratch/himanshu/scripts_dir/daily/gfortran_cheyenne/esmf/src/Infrastructure'
tree_build_quick_start in: /glade/scratch/himanshu/scripts_dir/daily/gfortran_cheyenne/esmf/src/Superstructure
gmake[3]: Entering directory '/glade/scratch/himanshu/scripts_dir/daily/gfortran_cheyenne/esmf/src/Superstructure'
cat: './PET*VMAllFullReduceEx*.Log': No such file or directory
gmake[6]: Leaving directory '/glade/scratch/himanshu/scripts_dir/daily/gfortran_cheyenne/esmf/src/Infrastructure/VM/examples'
gmake EXNAME=VMHigherRankData NP=4 exfrun
gmake[6]: Entering directory '/glade/scratch/himanshu/scripts_dir/daily/gfortran_cheyenne/esmf/src/Infrastructure/VM/examples'
tree_build_quick_start in: /glade/scratch/himanshu/scripts_dir/daily/gfortran_cheyenne/esmf/src/Superstructure/State
gmake[4]: Entering directory '/glade/scratch/himanshu/scripts_dir/daily/gfortran_cheyenne/esmf/src/Superstructure/State'
mpirun -np 4 ./ESMF_VMHigherRankDataEx > ./ESMF_VMHigherRankDataEx.stdout 2>&1
cat: './PET*VMHigherRankDataEx*.Log': No such file or directory
gmake[6]: Leaving directory '/glade/scratch/himanshu/scripts_dir/daily/gfortran_cheyenne/esmf/src/Infrastructure/VM/examples'
gmake[5]: Leaving directory '/glade/scratch/himanshu/scripts_dir/daily/gfortran_cheyenne/esmf/src/Infrastructure/VM/examples'
tree_run_examples in: /glade/scratch/himanshu/scripts_dir/daily/gfortran_cheyenne/esmf/src/Infrastructure/VM/tests
gmake[5]: Entering directory '/glade/scratch/himanshu/scripts_dir/daily/gfortran_cheyenne/esmf/src/Infrastructure/VM/tests'
tree_build_quick_start in: /glade/scratch/himanshu/scripts_dir/daily/gfortran_cheyenne/esmf/src/Superstructure/State/src
gmake[5]: Entering directory '/glade/scratch/himanshu/scripts_dir/daily/gfortran_cheyenne/esmf/src/Superstructure/State/src'
gmake[5]: Leaving directory '/glade/scratch/himanshu/scripts_dir/daily/gfortran_cheyenne/esmf/src/Infrastructure/VM/tests'
gmake[4]: Leaving directory '/glade/scratch/himanshu/scripts_dir/daily/gfortran_cheyenne/esmf/src/Infrastructure/VM'
tree_run_examples in: /glade/scratch/himanshu/scripts_dir/daily/gfortran_cheyenne/esmf/src/Infrastructure/Trace
gmake[4]: Entering directory '/glade/scratch/himanshu/scripts_dir/daily/gfortran_cheyenne/esmf/src/Infrastructure/Trace'
gmake[5]: Leaving directory '/glade/scratch/himanshu/scripts_dir/daily/gfortran_cheyenne/esmf/src/Superstructure/State/src'
tree_build_quick_start in: /glade/scratch/himanshu/scripts_dir/daily/gfortran_cheyenne/esmf/src/Superstructure/State/interface
gmake[5]: Entering directory '/glade/scratch/himanshu/scripts_dir/daily/gfortran_cheyenne/esmf/src/Superstructure/State/interface'
tree_run_examples in: /glade/scratch/himanshu/scripts_dir/daily/gfortran_cheyenne/esmf/src/Infrastructure/Trace/src
gmake[5]: Entering directory '/glade/scratch/himanshu/scripts_dir/daily/gfortran_cheyenne/esmf/src/Infrastructure/Trace/src'
gmake[5]: Leaving directory '/glade/scratch/himanshu/scripts_dir/daily/gfortran_cheyenne/esmf/src/Superstructure/State/interface'
tree_build_quick_start in: /glade/scratch/himanshu/scripts_dir/daily/gfortran_cheyenne/esmf/src/Superstructure/State/doc
gmake[5]: Entering directory '/glade/scratch/himanshu/scripts_dir/daily/gfortran_cheyenne/esmf/src/Superstructure/State/doc'
gmake[5]: Leaving directory '/glade/scratch/himanshu/scripts_dir/daily/gfortran_cheyenne/esmf/src/Infrastructure/Trace/src'
tree_run_examples in: /glade/scratch/himanshu/scripts_dir/daily/gfortran_cheyenne/esmf/src/Infrastructure/Trace/interface
gmake[5]: Entering directory '/glade/scratch/himanshu/scripts_dir/daily/gfortran_cheyenne/esmf/src/Infrastructure/Trace/interface'
gmake[5]: Leaving directory '/glade/scratch/himanshu/scripts_dir/daily/gfortran_cheyenne/esmf/src/Superstructure/State/doc'
tree_build_quick_start in: /glade/scratch/himanshu/scripts_dir/daily/gfortran_cheyenne/esmf/src/Superstructure/State/tests
gmake[5]: Entering directory '/glade/scratch/himanshu/scripts_dir/daily/gfortran_cheyenne/esmf/src/Superstructure/State/tests'
gmake[5]: Leaving directory '/glade/scratch/himanshu/scripts_dir/daily/gfortran_cheyenne/esmf/src/Infrastructure/Trace/interface'
tree_run_examples in: /glade/scratch/himanshu/scripts_dir/daily/gfortran_cheyenne/esmf/src/Infrastructure/Trace/tests
gmake[5]: Entering directory '/glade/scratch/himanshu/scripts_dir/daily/gfortran_cheyenne/esmf/src/Infrastructure/Trace/tests'
gmake[5]: Leaving directory '/glade/scratch/himanshu/scripts_dir/daily/gfortran_cheyenne/esmf/src/Superstructure/State/tests'
tree_build_quick_start in: /glade/scratch/himanshu/scripts_dir/daily/gfortran_cheyenne/esmf/src/Superstructure/State/examples
gmake[5]: Entering directory '/glade/scratch/himanshu/scripts_dir/daily/gfortran_cheyenne/esmf/src/Superstructure/State/examples'
gmake[5]: Leaving directory '/glade/scratch/himanshu/scripts_dir/daily/gfortran_cheyenne/esmf/src/Infrastructure/Trace/tests'
tree_run_examples in: /glade/scratch/himanshu/scripts_dir/daily/gfortran_cheyenne/esmf/src/Infrastructure/Trace/doc
gmake[5]: Entering directory '/glade/scratch/himanshu/scripts_dir/daily/gfortran_cheyenne/esmf/src/Infrastructure/Trace/doc'
gmake[5]: Leaving directory '/glade/scratch/himanshu/scripts_dir/daily/gfortran_cheyenne/esmf/src/Superstructure/State/examples'
gmake[4]: Leaving directory '/glade/scratch/himanshu/scripts_dir/daily/gfortran_cheyenne/esmf/src/Superstructure/State'
tree_build_quick_start in: /glade/scratch/himanshu/scripts_dir/daily/gfortran_cheyenne/esmf/src/Superstructure/Component
gmake[4]: Entering directory '/glade/scratch/himanshu/scripts_dir/daily/gfortran_cheyenne/esmf/src/Superstructure/Component'
gmake[5]: Leaving directory '/glade/scratch/himanshu/scripts_dir/daily/gfortran_cheyenne/esmf/src/Infrastructure/Trace/doc'
tree_run_examples in: /glade/scratch/himanshu/scripts_dir/daily/gfortran_cheyenne/esmf/src/Infrastructure/Trace/examples
gmake[5]: Entering directory '/glade/scratch/himanshu/scripts_dir/daily/gfortran_cheyenne/esmf/src/Infrastructure/Trace/examples'
tree_build_quick_start in: /glade/scratch/himanshu/scripts_dir/daily/gfortran_cheyenne/esmf/src/Superstructure/Component/src
env ESMF_RUNTIME_TRACE=ON gmake EXNAME=Trace NP=4 exfrun
gmake[5]: Entering directory '/glade/scratch/himanshu/scripts_dir/daily/gfortran_cheyenne/esmf/src/Superstructure/Component/src'
gmake[6]: Entering directory '/glade/scratch/himanshu/scripts_dir/daily/gfortran_cheyenne/esmf/src/Infrastructure/Trace/examples'
mpirun -np 4 ./ESMF_TraceEx > ./ESMF_TraceEx.stdout 2>&1
gmake[5]: Leaving directory '/glade/scratch/himanshu/scripts_dir/daily/gfortran_cheyenne/esmf/src/Superstructure/Component/src'
tree_build_quick_start in: /glade/scratch/himanshu/scripts_dir/daily/gfortran_cheyenne/esmf/src/Superstructure/Component/interface
gmake[5]: Entering directory '/glade/scratch/himanshu/scripts_dir/daily/gfortran_cheyenne/esmf/src/Superstructure/Component/interface'
cat: './PET*TraceEx*.Log': No such file or directory
gmake[6]: Leaving directory '/glade/scratch/himanshu/scripts_dir/daily/gfortran_cheyenne/esmf/src/Infrastructure/Trace/examples'
env ESMF_RUNTIME_TRACE=ON gmake EXNAME=TraceUser NP=4 exfrun
gmake[6]: Entering directory '/glade/scratch/himanshu/scripts_dir/daily/gfortran_cheyenne/esmf/src/Infrastructure/Trace/examples'
gmake[5]: Leaving directory '/glade/scratch/himanshu/scripts_dir/daily/gfortran_cheyenne/esmf/src/Superstructure/Component/interface'
tree_build_quick_start in: /glade/scratch/himanshu/scripts_dir/daily/gfortran_cheyenne/esmf/src/Superstructure/Component/examples
gmake[5]: Entering directory '/glade/scratch/himanshu/scripts_dir/daily/gfortran_cheyenne/esmf/src/Superstructure/Component/examples'
mpirun -np 4 ./ESMF_TraceUserEx > ./ESMF_TraceUserEx.stdout 2>&1
cat: './PET*TraceUserEx*.Log': No such file or directory
gmake[6]: Leaving directory '/glade/scratch/himanshu/scripts_dir/daily/gfortran_cheyenne/esmf/src/Infrastructure/Trace/examples'
gmake[5]: Leaving directory '/glade/scratch/himanshu/scripts_dir/daily/gfortran_cheyenne/esmf/src/Infrastructure/Trace/examples'
gmake[4]: Leaving directory '/glade/scratch/himanshu/scripts_dir/daily/gfortran_cheyenne/esmf/src/Infrastructure/Trace'
tree_run_examples in: /glade/scratch/himanshu/scripts_dir/daily/gfortran_cheyenne/esmf/src/Infrastructure/Base
gmake[4]: Entering directory '/glade/scratch/himanshu/scripts_dir/daily/gfortran_cheyenne/esmf/src/Infrastructure/Base'
gmake[5]: Leaving directory '/glade/scratch/himanshu/scripts_dir/daily/gfortran_cheyenne/esmf/src/Superstructure/Component/examples'
tree_build_quick_start in: /glade/scratch/himanshu/scripts_dir/daily/gfortran_cheyenne/esmf/src/Superstructure/Component/tests
gmake[5]: Entering directory '/glade/scratch/himanshu/scripts_dir/daily/gfortran_cheyenne/esmf/src/Superstructure/Component/tests'
tree_run_examples in: /glade/scratch/himanshu/scripts_dir/daily/gfortran_cheyenne/esmf/src/Infrastructure/Base/src
gmake[5]: Entering directory '/glade/scratch/himanshu/scripts_dir/daily/gfortran_cheyenne/esmf/src/Infrastructure/Base/src'
gmake[5]: Leaving directory '/glade/scratch/himanshu/scripts_dir/daily/gfortran_cheyenne/esmf/src/Superstructure/Component/tests'
tree_build_quick_start in: /glade/scratch/himanshu/scripts_dir/daily/gfortran_cheyenne/esmf/src/Superstructure/Component/doc
gmake[5]: Entering directory '/glade/scratch/himanshu/scripts_dir/daily/gfortran_cheyenne/esmf/src/Superstructure/Component/doc'
gmake[5]: Leaving directory '/glade/scratch/himanshu/scripts_dir/daily/gfortran_cheyenne/esmf/src/Infrastructure/Base/src'
tree_run_examples in: /glade/scratch/himanshu/scripts_dir/daily/gfortran_cheyenne/esmf/src/Infrastructure/Base/interface
gmake[5]: Entering directory '/glade/scratch/himanshu/scripts_dir/daily/gfortran_cheyenne/esmf/src/Infrastructure/Base/interface'
gmake[5]: Leaving directory '/glade/scratch/himanshu/scripts_dir/daily/gfortran_cheyenne/esmf/src/Superstructure/Component/doc'
gmake[4]: Leaving directory '/glade/scratch/himanshu/scripts_dir/daily/gfortran_cheyenne/esmf/src/Superstructure/Component'
tree_build_quick_start in: /glade/scratch/himanshu/scripts_dir/daily/gfortran_cheyenne/esmf/src/Superstructure/AttachMethods
gmake[4]: Entering directory '/glade/scratch/himanshu/scripts_dir/daily/gfortran_cheyenne/esmf/src/Superstructure/AttachMethods'
gmake[5]: Leaving directory '/glade/scratch/himanshu/scripts_dir/daily/gfortran_cheyenne/esmf/src/Infrastructure/Base/interface'
tree_run_examples in: /glade/scratch/himanshu/scripts_dir/daily/gfortran_cheyenne/esmf/src/Infrastructure/Base/tests
gmake[5]: Entering directory '/glade/scratch/himanshu/scripts_dir/daily/gfortran_cheyenne/esmf/src/Infrastructure/Base/tests'
tree_build_quick_start in: /glade/scratch/himanshu/scripts_dir/daily/gfortran_cheyenne/esmf/src/Superstructure/AttachMethods/src
gmake[5]: Entering directory '/glade/scratch/himanshu/scripts_dir/daily/gfortran_cheyenne/esmf/src/Superstructure/AttachMethods/src'
gmake[5]: Leaving directory '/glade/scratch/himanshu/scripts_dir/daily/gfortran_cheyenne/esmf/src/Infrastructure/Base/tests'
tree_run_examples in: /glade/scratch/himanshu/scripts_dir/daily/gfortran_cheyenne/esmf/src/Infrastructure/Base/examples
gmake[5]: Entering directory '/glade/scratch/himanshu/scripts_dir/daily/gfortran_cheyenne/esmf/src/Infrastructure/Base/examples'
gmake[5]: Leaving directory '/glade/scratch/himanshu/scripts_dir/daily/gfortran_cheyenne/esmf/src/Superstructure/AttachMethods/src'
tree_build_quick_start in: /glade/scratch/himanshu/scripts_dir/daily/gfortran_cheyenne/esmf/src/Superstructure/AttachMethods/doc
gmake[5]: Entering directory '/glade/scratch/himanshu/scripts_dir/daily/gfortran_cheyenne/esmf/src/Superstructure/AttachMethods/doc'
gmake EXNAME=InfoTutorial NP=4 exfrun
gmake[6]: Entering directory '/glade/scratch/himanshu/scripts_dir/daily/gfortran_cheyenne/esmf/src/Infrastructure/Base/examples'
gmake[5]: Leaving directory '/glade/scratch/himanshu/scripts_dir/daily/gfortran_cheyenne/esmf/src/Superstructure/AttachMethods/doc'
tree_build_quick_start in: /glade/scratch/himanshu/scripts_dir/daily/gfortran_cheyenne/esmf/src/Superstructure/AttachMethods/examples
gmake[5]: Entering directory '/glade/scratch/himanshu/scripts_dir/daily/gfortran_cheyenne/esmf/src/Superstructure/AttachMethods/examples'
mpirun -np 4 ./ESMF_InfoTutorialEx > ./ESMF_InfoTutorialEx.stdout 2>&1
gmake[5]: Leaving directory '/glade/scratch/himanshu/scripts_dir/daily/gfortran_cheyenne/esmf/src/Superstructure/AttachMethods/examples'
gmake[4]: Leaving directory '/glade/scratch/himanshu/scripts_dir/daily/gfortran_cheyenne/esmf/src/Superstructure/AttachMethods'
tree_build_quick_start in: /glade/scratch/himanshu/scripts_dir/daily/gfortran_cheyenne/esmf/src/Superstructure/InfoAPI
gmake[4]: Entering directory '/glade/scratch/himanshu/scripts_dir/daily/gfortran_cheyenne/esmf/src/Superstructure/InfoAPI'
cat: './PET*InfoTutorialEx*.Log': No such file or directory
gmake[6]: Leaving directory '/glade/scratch/himanshu/scripts_dir/daily/gfortran_cheyenne/esmf/src/Infrastructure/Base/examples'
gmake EXNAME=InfoGetFromHost NP=4 exfrun
gmake[6]: Entering directory '/glade/scratch/himanshu/scripts_dir/daily/gfortran_cheyenne/esmf/src/Infrastructure/Base/examples'
tree_build_quick_start in: /glade/scratch/himanshu/scripts_dir/daily/gfortran_cheyenne/esmf/src/Superstructure/InfoAPI/src
gmake[5]: Entering directory '/glade/scratch/himanshu/scripts_dir/daily/gfortran_cheyenne/esmf/src/Superstructure/InfoAPI/src'
mpirun -np 4 ./ESMF_InfoGetFromHostEx > ./ESMF_InfoGetFromHostEx.stdout 2>&1
cat: './PET*InfoGetFromHostEx*.Log': No such file or directory
gmake[6]: Leaving directory '/glade/scratch/himanshu/scripts_dir/daily/gfortran_cheyenne/esmf/src/Infrastructure/Base/examples'
gmake[5]: Leaving directory '/glade/scratch/himanshu/scripts_dir/daily/gfortran_cheyenne/esmf/src/Infrastructure/Base/examples'
tree_run_examples in: /glade/scratch/himanshu/scripts_dir/daily/gfortran_cheyenne/esmf/src/Infrastructure/Base/doc
gmake[5]: Entering directory '/glade/scratch/himanshu/scripts_dir/daily/gfortran_cheyenne/esmf/src/Infrastructure/Base/doc'
gmake[5]: Leaving directory '/glade/scratch/himanshu/scripts_dir/daily/gfortran_cheyenne/esmf/src/Superstructure/InfoAPI/src'
tree_build_quick_start in: /glade/scratch/himanshu/scripts_dir/daily/gfortran_cheyenne/esmf/src/Superstructure/InfoAPI/interface
gmake[5]: Entering directory '/glade/scratch/himanshu/scripts_dir/daily/gfortran_cheyenne/esmf/src/Superstructure/InfoAPI/interface'
gmake[5]: Leaving directory '/glade/scratch/himanshu/scripts_dir/daily/gfortran_cheyenne/esmf/src/Infrastructure/Base/doc'
gmake[4]: Leaving directory '/glade/scratch/himanshu/scripts_dir/daily/gfortran_cheyenne/esmf/src/Infrastructure/Base'
tree_run_examples in: /glade/scratch/himanshu/scripts_dir/daily/gfortran_cheyenne/esmf/src/Infrastructure/TimeMgr
gmake[4]: Entering directory '/glade/scratch/himanshu/scripts_dir/daily/gfortran_cheyenne/esmf/src/Infrastructure/TimeMgr'
gmake[5]: Leaving directory '/glade/scratch/himanshu/scripts_dir/daily/gfortran_cheyenne/esmf/src/Superstructure/InfoAPI/interface'
tree_build_quick_start in: /glade/scratch/himanshu/scripts_dir/daily/gfortran_cheyenne/esmf/src/Superstructure/InfoAPI/tests
gmake[5]: Entering directory '/glade/scratch/himanshu/scripts_dir/daily/gfortran_cheyenne/esmf/src/Superstructure/InfoAPI/tests'
tree_run_examples in: /glade/scratch/himanshu/scripts_dir/daily/gfortran_cheyenne/esmf/src/Infrastructure/TimeMgr/src
gmake[5]: Entering directory '/glade/scratch/himanshu/scripts_dir/daily/gfortran_cheyenne/esmf/src/Infrastructure/TimeMgr/src'
gmake[5]: Leaving directory '/glade/scratch/himanshu/scripts_dir/daily/gfortran_cheyenne/esmf/src/Superstructure/InfoAPI/tests'
tree_build_quick_start in: /glade/scratch/himanshu/scripts_dir/daily/gfortran_cheyenne/esmf/src/Superstructure/InfoAPI/doc
gmake[5]: Entering directory '/glade/scratch/himanshu/scripts_dir/daily/gfortran_cheyenne/esmf/src/Superstructure/InfoAPI/doc'
gmake[5]: Leaving directory '/glade/scratch/himanshu/scripts_dir/daily/gfortran_cheyenne/esmf/src/Infrastructure/TimeMgr/src'
tree_run_examples in: /glade/scratch/himanshu/scripts_dir/daily/gfortran_cheyenne/esmf/src/Infrastructure/TimeMgr/interface
gmake[5]: Entering directory '/glade/scratch/himanshu/scripts_dir/daily/gfortran_cheyenne/esmf/src/Infrastructure/TimeMgr/interface'
gmake[5]: Leaving directory '/glade/scratch/himanshu/scripts_dir/daily/gfortran_cheyenne/esmf/src/Superstructure/InfoAPI/doc'
gmake[4]: Leaving directory '/glade/scratch/himanshu/scripts_dir/daily/gfortran_cheyenne/esmf/src/Superstructure/InfoAPI'
tree_build_quick_start in: /glade/scratch/himanshu/scripts_dir/daily/gfortran_cheyenne/esmf/src/Superstructure/StateReconcile
gmake[4]: Entering directory '/glade/scratch/himanshu/scripts_dir/daily/gfortran_cheyenne/esmf/src/Superstructure/StateReconcile'
gmake[5]: Leaving directory '/glade/scratch/himanshu/scripts_dir/daily/gfortran_cheyenne/esmf/src/Infrastructure/TimeMgr/interface'
tree_run_examples in: /glade/scratch/himanshu/scripts_dir/daily/gfortran_cheyenne/esmf/src/Infrastructure/TimeMgr/examples
gmake[5]: Entering directory '/glade/scratch/himanshu/scripts_dir/daily/gfortran_cheyenne/esmf/src/Infrastructure/TimeMgr/examples'
gmake EXNAME=Time NP=1 exfrun
gmake[6]: Entering directory '/glade/scratch/himanshu/scripts_dir/daily/gfortran_cheyenne/esmf/src/Infrastructure/TimeMgr/examples'
tree_build_quick_start in: /glade/scratch/himanshu/scripts_dir/daily/gfortran_cheyenne/esmf/src/Superstructure/StateReconcile/src
gmake[5]: Entering directory '/glade/scratch/himanshu/scripts_dir/daily/gfortran_cheyenne/esmf/src/Superstructure/StateReconcile/src'
mpirun -np 1 ./ESMF_TimeEx > ./ESMF_TimeEx.stdout 2>&1
gmake[5]: Leaving directory '/glade/scratch/himanshu/scripts_dir/daily/gfortran_cheyenne/esmf/src/Superstructure/StateReconcile/src'
tree_build_quick_start in: /glade/scratch/himanshu/scripts_dir/daily/gfortran_cheyenne/esmf/src/Superstructure/StateReconcile/doc
gmake[5]: Entering directory '/glade/scratch/himanshu/scripts_dir/daily/gfortran_cheyenne/esmf/src/Superstructure/StateReconcile/doc'
cat: './PET*TimeEx*.Log': No such file or directory
gmake[6]: Leaving directory '/glade/scratch/himanshu/scripts_dir/daily/gfortran_cheyenne/esmf/src/Infrastructure/TimeMgr/examples'
gmake EXNAME=TimeInterval NP=1 exfrun
gmake[6]: Entering directory '/glade/scratch/himanshu/scripts_dir/daily/gfortran_cheyenne/esmf/src/Infrastructure/TimeMgr/examples'
gmake[5]: Leaving directory '/glade/scratch/himanshu/scripts_dir/daily/gfortran_cheyenne/esmf/src/Superstructure/StateReconcile/doc'
tree_build_quick_start in: /glade/scratch/himanshu/scripts_dir/daily/gfortran_cheyenne/esmf/src/Superstructure/StateReconcile/tests
gmake[5]: Entering directory '/glade/scratch/himanshu/scripts_dir/daily/gfortran_cheyenne/esmf/src/Superstructure/StateReconcile/tests'
mpirun -np 1 ./ESMF_TimeIntervalEx > ./ESMF_TimeIntervalEx.stdout 2>&1
cat: './PET*TimeIntervalEx*.Log': No such file or directory
gmake[6]: Leaving directory '/glade/scratch/himanshu/scripts_dir/daily/gfortran_cheyenne/esmf/src/Infrastructure/TimeMgr/examples'
gmake EXNAME=Calendar NP=1 exfrun
gmake[6]: Entering directory '/glade/scratch/himanshu/scripts_dir/daily/gfortran_cheyenne/esmf/src/Infrastructure/TimeMgr/examples'
gmake[5]: Leaving directory '/glade/scratch/himanshu/scripts_dir/daily/gfortran_cheyenne/esmf/src/Superstructure/StateReconcile/tests'
tree_build_quick_start in: /glade/scratch/himanshu/scripts_dir/daily/gfortran_cheyenne/esmf/src/Superstructure/StateReconcile/examples
gmake[5]: Entering directory '/glade/scratch/himanshu/scripts_dir/daily/gfortran_cheyenne/esmf/src/Superstructure/StateReconcile/examples'
mpirun -np 1 ./ESMF_CalendarEx > ./ESMF_CalendarEx.stdout 2>&1
gmake[5]: Leaving directory '/glade/scratch/himanshu/scripts_dir/daily/gfortran_cheyenne/esmf/src/Superstructure/StateReconcile/examples'
gmake[4]: Leaving directory '/glade/scratch/himanshu/scripts_dir/daily/gfortran_cheyenne/esmf/src/Superstructure/StateReconcile'
tree_build_quick_start in: /glade/scratch/himanshu/scripts_dir/daily/gfortran_cheyenne/esmf/src/Superstructure/AttributeAPI
gmake[4]: Entering directory '/glade/scratch/himanshu/scripts_dir/daily/gfortran_cheyenne/esmf/src/Superstructure/AttributeAPI'
cat: './PET*CalendarEx*.Log': No such file or directory
gmake[6]: Leaving directory '/glade/scratch/himanshu/scripts_dir/daily/gfortran_cheyenne/esmf/src/Infrastructure/TimeMgr/examples'
gmake EXNAME=Clock NP=1 exfrun
gmake[6]: Entering directory '/glade/scratch/himanshu/scripts_dir/daily/gfortran_cheyenne/esmf/src/Infrastructure/TimeMgr/examples'
tree_build_quick_start in: /glade/scratch/himanshu/scripts_dir/daily/gfortran_cheyenne/esmf/src/Superstructure/AttributeAPI/interface
gmake[5]: Entering directory '/glade/scratch/himanshu/scripts_dir/daily/gfortran_cheyenne/esmf/src/Superstructure/AttributeAPI/interface'
mpirun -np 1 ./ESMF_ClockEx > ./ESMF_ClockEx.stdout 2>&1
cat: './PET*ClockEx*.Log': No such file or directory
gmake[6]: Leaving directory '/glade/scratch/himanshu/scripts_dir/daily/gfortran_cheyenne/esmf/src/Infrastructure/TimeMgr/examples'
gmake EXNAME=Alarm NP=1 exfrun
gmake[6]: Entering directory '/glade/scratch/himanshu/scripts_dir/daily/gfortran_cheyenne/esmf/src/Infrastructure/TimeMgr/examples'
gmake[5]: Leaving directory '/glade/scratch/himanshu/scripts_dir/daily/gfortran_cheyenne/esmf/src/Superstructure/AttributeAPI/interface'
tree_build_quick_start in: /glade/scratch/himanshu/scripts_dir/daily/gfortran_cheyenne/esmf/src/Superstructure/AttributeAPI/tests
gmake[5]: Entering directory '/glade/scratch/himanshu/scripts_dir/daily/gfortran_cheyenne/esmf/src/Superstructure/AttributeAPI/tests'
mpirun -np 1 ./ESMF_AlarmEx > ./ESMF_AlarmEx.stdout 2>&1
gmake[5]: Leaving directory '/glade/scratch/himanshu/scripts_dir/daily/gfortran_cheyenne/esmf/src/Superstructure/AttributeAPI/tests'
tree_build_quick_start in: /glade/scratch/himanshu/scripts_dir/daily/gfortran_cheyenne/esmf/src/Superstructure/AttributeAPI/doc
gmake[5]: Entering directory '/glade/scratch/himanshu/scripts_dir/daily/gfortran_cheyenne/esmf/src/Superstructure/AttributeAPI/doc'
cat: './PET*AlarmEx*.Log': No such file or directory
gmake[6]: Leaving directory '/glade/scratch/himanshu/scripts_dir/daily/gfortran_cheyenne/esmf/src/Infrastructure/TimeMgr/examples'
gmake[5]: Leaving directory '/glade/scratch/himanshu/scripts_dir/daily/gfortran_cheyenne/esmf/src/Infrastructure/TimeMgr/examples'
tree_run_examples in: /glade/scratch/himanshu/scripts_dir/daily/gfortran_cheyenne/esmf/src/Infrastructure/TimeMgr/tests
gmake[5]: Entering directory '/glade/scratch/himanshu/scripts_dir/daily/gfortran_cheyenne/esmf/src/Infrastructure/TimeMgr/tests'
gmake[5]: Leaving directory '/glade/scratch/himanshu/scripts_dir/daily/gfortran_cheyenne/esmf/src/Superstructure/AttributeAPI/doc'
gmake[4]: Leaving directory '/glade/scratch/himanshu/scripts_dir/daily/gfortran_cheyenne/esmf/src/Superstructure/AttributeAPI'
tree_build_quick_start in: /glade/scratch/himanshu/scripts_dir/daily/gfortran_cheyenne/esmf/src/Superstructure/TraceAPI
gmake[4]: Entering directory '/glade/scratch/himanshu/scripts_dir/daily/gfortran_cheyenne/esmf/src/Superstructure/TraceAPI'
gmake[5]: Leaving directory '/glade/scratch/himanshu/scripts_dir/daily/gfortran_cheyenne/esmf/src/Infrastructure/TimeMgr/tests'
tree_run_examples in: /glade/scratch/himanshu/scripts_dir/daily/gfortran_cheyenne/esmf/src/Infrastructure/TimeMgr/doc
gmake[5]: Entering directory '/glade/scratch/himanshu/scripts_dir/daily/gfortran_cheyenne/esmf/src/Infrastructure/TimeMgr/doc'
tree_build_quick_start in: /glade/scratch/himanshu/scripts_dir/daily/gfortran_cheyenne/esmf/src/Superstructure/TraceAPI/interface
gmake[5]: Entering directory '/glade/scratch/himanshu/scripts_dir/daily/gfortran_cheyenne/esmf/src/Superstructure/TraceAPI/interface'
gmake[5]: Leaving directory '/glade/scratch/himanshu/scripts_dir/daily/gfortran_cheyenne/esmf/src/Infrastructure/TimeMgr/doc'
gmake[4]: Leaving directory '/glade/scratch/himanshu/scripts_dir/daily/gfortran_cheyenne/esmf/src/Infrastructure/TimeMgr'
tree_run_examples in: /glade/scratch/himanshu/scripts_dir/daily/gfortran_cheyenne/esmf/src/Infrastructure/DELayout
gmake[4]: Entering directory '/glade/scratch/himanshu/scripts_dir/daily/gfortran_cheyenne/esmf/src/Infrastructure/DELayout'
gmake[5]: Leaving directory '/glade/scratch/himanshu/scripts_dir/daily/gfortran_cheyenne/esmf/src/Superstructure/TraceAPI/interface'
gmake[4]: Leaving directory '/glade/scratch/himanshu/scripts_dir/daily/gfortran_cheyenne/esmf/src/Superstructure/TraceAPI'
tree_build_quick_start in: /glade/scratch/himanshu/scripts_dir/daily/gfortran_cheyenne/esmf/src/Superstructure/WebServices
gmake[4]: Entering directory '/glade/scratch/himanshu/scripts_dir/daily/gfortran_cheyenne/esmf/src/Superstructure/WebServices'
tree_run_examples in: /glade/scratch/himanshu/scripts_dir/daily/gfortran_cheyenne/esmf/src/Infrastructure/DELayout/src
gmake[5]: Entering directory '/glade/scratch/himanshu/scripts_dir/daily/gfortran_cheyenne/esmf/src/Infrastructure/DELayout/src'
gmake[5]: Leaving directory '/glade/scratch/himanshu/scripts_dir/daily/gfortran_cheyenne/esmf/src/Infrastructure/DELayout/src'
tree_run_examples in: /glade/scratch/himanshu/scripts_dir/daily/gfortran_cheyenne/esmf/src/Infrastructure/DELayout/interface
tree_build_quick_start in: /glade/scratch/himanshu/scripts_dir/daily/gfortran_cheyenne/esmf/src/Superstructure/WebServices/src
gmake[5]: Entering directory '/glade/scratch/himanshu/scripts_dir/daily/gfortran_cheyenne/esmf/src/Infrastructure/DELayout/interface'
gmake[5]: Entering directory '/glade/scratch/himanshu/scripts_dir/daily/gfortran_cheyenne/esmf/src/Superstructure/WebServices/src'
gmake[5]: Leaving directory '/glade/scratch/himanshu/scripts_dir/daily/gfortran_cheyenne/esmf/src/Infrastructure/DELayout/interface'
tree_run_examples in: /glade/scratch/himanshu/scripts_dir/daily/gfortran_cheyenne/esmf/src/Infrastructure/DELayout/tests
gmake[5]: Entering directory '/glade/scratch/himanshu/scripts_dir/daily/gfortran_cheyenne/esmf/src/Infrastructure/DELayout/tests'
gmake[5]: Leaving directory '/glade/scratch/himanshu/scripts_dir/daily/gfortran_cheyenne/esmf/src/Superstructure/WebServices/src'
tree_build_quick_start in: /glade/scratch/himanshu/scripts_dir/daily/gfortran_cheyenne/esmf/src/Superstructure/WebServices/doc
gmake[5]: Entering directory '/glade/scratch/himanshu/scripts_dir/daily/gfortran_cheyenne/esmf/src/Superstructure/WebServices/doc'
gmake[5]: Leaving directory '/glade/scratch/himanshu/scripts_dir/daily/gfortran_cheyenne/esmf/src/Infrastructure/DELayout/tests'
tree_run_examples in: /glade/scratch/himanshu/scripts_dir/daily/gfortran_cheyenne/esmf/src/Infrastructure/DELayout/examples
gmake[5]: Entering directory '/glade/scratch/himanshu/scripts_dir/daily/gfortran_cheyenne/esmf/src/Infrastructure/DELayout/examples'
gmake[5]: Leaving directory '/glade/scratch/himanshu/scripts_dir/daily/gfortran_cheyenne/esmf/src/Superstructure/WebServices/doc'
tree_build_quick_start in: /glade/scratch/himanshu/scripts_dir/daily/gfortran_cheyenne/esmf/src/Superstructure/WebServices/examples
gmake[5]: Entering directory '/glade/scratch/himanshu/scripts_dir/daily/gfortran_cheyenne/esmf/src/Superstructure/WebServices/examples'
gmake EXNAME=DELayout NP=4 exfrun
gmake[6]: Entering directory '/glade/scratch/himanshu/scripts_dir/daily/gfortran_cheyenne/esmf/src/Infrastructure/DELayout/examples'
gmake[5]: Leaving directory '/glade/scratch/himanshu/scripts_dir/daily/gfortran_cheyenne/esmf/src/Superstructure/WebServices/examples'
tree_build_quick_start in: /glade/scratch/himanshu/scripts_dir/daily/gfortran_cheyenne/esmf/src/Superstructure/WebServices/tests
gmake[5]: Entering directory '/glade/scratch/himanshu/scripts_dir/daily/gfortran_cheyenne/esmf/src/Superstructure/WebServices/tests'
mpirun -np 4 ./ESMF_DELayoutEx > ./ESMF_DELayoutEx.stdout 2>&1
gmake[5]: Leaving directory '/glade/scratch/himanshu/scripts_dir/daily/gfortran_cheyenne/esmf/src/Superstructure/WebServices/tests'
gmake[4]: Leaving directory '/glade/scratch/himanshu/scripts_dir/daily/gfortran_cheyenne/esmf/src/Superstructure/WebServices'
tree_build_quick_start in: /glade/scratch/himanshu/scripts_dir/daily/gfortran_cheyenne/esmf/src/Superstructure/IOAPI
gmake[4]: Entering directory '/glade/scratch/himanshu/scripts_dir/daily/gfortran_cheyenne/esmf/src/Superstructure/IOAPI'
cat: './PET*DELayoutEx*.Log': No such file or directory
gmake[6]: Leaving directory '/glade/scratch/himanshu/scripts_dir/daily/gfortran_cheyenne/esmf/src/Infrastructure/DELayout/examples'
gmake[5]: Leaving directory '/glade/scratch/himanshu/scripts_dir/daily/gfortran_cheyenne/esmf/src/Infrastructure/DELayout/examples'
tree_run_examples in: /glade/scratch/himanshu/scripts_dir/daily/gfortran_cheyenne/esmf/src/Infrastructure/DELayout/doc
gmake[5]: Entering directory '/glade/scratch/himanshu/scripts_dir/daily/gfortran_cheyenne/esmf/src/Infrastructure/DELayout/doc'
tree_build_quick_start in: /glade/scratch/himanshu/scripts_dir/daily/gfortran_cheyenne/esmf/src/Superstructure/IOAPI/interface
gmake[5]: Entering directory '/glade/scratch/himanshu/scripts_dir/daily/gfortran_cheyenne/esmf/src/Superstructure/IOAPI/interface'
gmake[5]: Leaving directory '/glade/scratch/himanshu/scripts_dir/daily/gfortran_cheyenne/esmf/src/Infrastructure/DELayout/doc'
gmake[4]: Leaving directory '/glade/scratch/himanshu/scripts_dir/daily/gfortran_cheyenne/esmf/src/Infrastructure/DELayout'
tree_run_examples in: /glade/scratch/himanshu/scripts_dir/daily/gfortran_cheyenne/esmf/src/Infrastructure/Config
gmake[4]: Entering directory '/glade/scratch/himanshu/scripts_dir/daily/gfortran_cheyenne/esmf/src/Infrastructure/Config'
gmake[5]: Leaving directory '/glade/scratch/himanshu/scripts_dir/daily/gfortran_cheyenne/esmf/src/Superstructure/IOAPI/interface'
tree_build_quick_start in: /glade/scratch/himanshu/scripts_dir/daily/gfortran_cheyenne/esmf/src/Superstructure/IOAPI/tests
gmake[5]: Entering directory '/glade/scratch/himanshu/scripts_dir/daily/gfortran_cheyenne/esmf/src/Superstructure/IOAPI/tests'
tree_run_examples in: /glade/scratch/himanshu/scripts_dir/daily/gfortran_cheyenne/esmf/src/Infrastructure/Config/src
gmake[5]: Entering directory '/glade/scratch/himanshu/scripts_dir/daily/gfortran_cheyenne/esmf/src/Infrastructure/Config/src'
gmake[5]: Leaving directory '/glade/scratch/himanshu/scripts_dir/daily/gfortran_cheyenne/esmf/src/Superstructure/IOAPI/tests'
gmake[4]: Leaving directory '/glade/scratch/himanshu/scripts_dir/daily/gfortran_cheyenne/esmf/src/Superstructure/IOAPI'
tree_build_quick_start in: /glade/scratch/himanshu/scripts_dir/daily/gfortran_cheyenne/esmf/src/Superstructure/PreESMFMod
gmake[4]: Entering directory '/glade/scratch/himanshu/scripts_dir/daily/gfortran_cheyenne/esmf/src/Superstructure/PreESMFMod'
gmake[5]: Leaving directory '/glade/scratch/himanshu/scripts_dir/daily/gfortran_cheyenne/esmf/src/Infrastructure/Config/src'
tree_run_examples in: /glade/scratch/himanshu/scripts_dir/daily/gfortran_cheyenne/esmf/src/Infrastructure/Config/interface
gmake[5]: Entering directory '/glade/scratch/himanshu/scripts_dir/daily/gfortran_cheyenne/esmf/src/Infrastructure/Config/interface'
tree_build_quick_start in: /glade/scratch/himanshu/scripts_dir/daily/gfortran_cheyenne/esmf/src/Superstructure/PreESMFMod/src
gmake[5]: Entering directory '/glade/scratch/himanshu/scripts_dir/daily/gfortran_cheyenne/esmf/src/Superstructure/PreESMFMod/src'
gmake[5]: Leaving directory '/glade/scratch/himanshu/scripts_dir/daily/gfortran_cheyenne/esmf/src/Infrastructure/Config/interface'
tree_run_examples in: /glade/scratch/himanshu/scripts_dir/daily/gfortran_cheyenne/esmf/src/Infrastructure/Config/examples
gmake[5]: Entering directory '/glade/scratch/himanshu/scripts_dir/daily/gfortran_cheyenne/esmf/src/Infrastructure/Config/examples'
gmake[5]: Leaving directory '/glade/scratch/himanshu/scripts_dir/daily/gfortran_cheyenne/esmf/src/Superstructure/PreESMFMod/src'
tree_build_quick_start in: /glade/scratch/himanshu/scripts_dir/daily/gfortran_cheyenne/esmf/src/Superstructure/PreESMFMod/doc
gmake[5]: Entering directory '/glade/scratch/himanshu/scripts_dir/daily/gfortran_cheyenne/esmf/src/Superstructure/PreESMFMod/doc'
cp  -f myResourceFile.rc /glade/scratch/himanshu/scripts_dir/daily/gfortran_cheyenne/esmf/examples/examplesg/Linux.gfortran.64.openmpi.default/myResourceFile.rc
gmake EXNAME=ConfigOverview NP=4 exfrun
gmake[6]: Entering directory '/glade/scratch/himanshu/scripts_dir/daily/gfortran_cheyenne/esmf/src/Infrastructure/Config/examples'
gmake[5]: Leaving directory '/glade/scratch/himanshu/scripts_dir/daily/gfortran_cheyenne/esmf/src/Superstructure/PreESMFMod/doc'
tree_build_quick_start in: /glade/scratch/himanshu/scripts_dir/daily/gfortran_cheyenne/esmf/src/Superstructure/PreESMFMod/tests
gmake[5]: Entering directory '/glade/scratch/himanshu/scripts_dir/daily/gfortran_cheyenne/esmf/src/Superstructure/PreESMFMod/tests'
mpirun -np 4 ./ESMF_ConfigOverviewEx > ./ESMF_ConfigOverviewEx.stdout 2>&1
gmake[5]: Leaving directory '/glade/scratch/himanshu/scripts_dir/daily/gfortran_cheyenne/esmf/src/Superstructure/PreESMFMod/tests'
gmake[4]: Leaving directory '/glade/scratch/himanshu/scripts_dir/daily/gfortran_cheyenne/esmf/src/Superstructure/PreESMFMod'
tree_build_quick_start in: /glade/scratch/himanshu/scripts_dir/daily/gfortran_cheyenne/esmf/src/Superstructure/ESMFMod
gmake[4]: Entering directory '/glade/scratch/himanshu/scripts_dir/daily/gfortran_cheyenne/esmf/src/Superstructure/ESMFMod'
cat: './PET*ConfigOverviewEx*.Log': No such file or directory
gmake[6]: Leaving directory '/glade/scratch/himanshu/scripts_dir/daily/gfortran_cheyenne/esmf/src/Infrastructure/Config/examples'
gmake[5]: Leaving directory '/glade/scratch/himanshu/scripts_dir/daily/gfortran_cheyenne/esmf/src/Infrastructure/Config/examples'
tree_run_examples in: /glade/scratch/himanshu/scripts_dir/daily/gfortran_cheyenne/esmf/src/Infrastructure/Config/doc
gmake[5]: Entering directory '/glade/scratch/himanshu/scripts_dir/daily/gfortran_cheyenne/esmf/src/Infrastructure/Config/doc'
tree_build_quick_start in: /glade/scratch/himanshu/scripts_dir/daily/gfortran_cheyenne/esmf/src/Superstructure/ESMFMod/src
gmake[5]: Leaving directory '/glade/scratch/himanshu/scripts_dir/daily/gfortran_cheyenne/esmf/src/Infrastructure/Config/doc'
gmake[5]: Entering directory '/glade/scratch/himanshu/scripts_dir/daily/gfortran_cheyenne/esmf/src/Superstructure/ESMFMod/src'
tree_run_examples in: /glade/scratch/himanshu/scripts_dir/daily/gfortran_cheyenne/esmf/src/Infrastructure/Config/tests
gmake[5]: Entering directory '/glade/scratch/himanshu/scripts_dir/daily/gfortran_cheyenne/esmf/src/Infrastructure/Config/tests'
gmake[5]: Leaving directory '/glade/scratch/himanshu/scripts_dir/daily/gfortran_cheyenne/esmf/src/Infrastructure/Config/tests'
gmake[4]: Leaving directory '/glade/scratch/himanshu/scripts_dir/daily/gfortran_cheyenne/esmf/src/Infrastructure/Config'
tree_run_examples in: /glade/scratch/himanshu/scripts_dir/daily/gfortran_cheyenne/esmf/src/Infrastructure/ArraySpec
gmake[4]: Entering directory '/glade/scratch/himanshu/scripts_dir/daily/gfortran_cheyenne/esmf/src/Infrastructure/ArraySpec'
gmake[5]: Leaving directory '/glade/scratch/himanshu/scripts_dir/daily/gfortran_cheyenne/esmf/src/Superstructure/ESMFMod/src'
tree_build_quick_start in: /glade/scratch/himanshu/scripts_dir/daily/gfortran_cheyenne/esmf/src/Superstructure/ESMFMod/interface
gmake[5]: Entering directory '/glade/scratch/himanshu/scripts_dir/daily/gfortran_cheyenne/esmf/src/Superstructure/ESMFMod/interface'
tree_run_examples in: /glade/scratch/himanshu/scripts_dir/daily/gfortran_cheyenne/esmf/src/Infrastructure/ArraySpec/src
gmake[5]: Leaving directory '/glade/scratch/himanshu/scripts_dir/daily/gfortran_cheyenne/esmf/src/Superstructure/ESMFMod/interface'
gmake[5]: Entering directory '/glade/scratch/himanshu/scripts_dir/daily/gfortran_cheyenne/esmf/src/Infrastructure/ArraySpec/src'
tree_build_quick_start in: /glade/scratch/himanshu/scripts_dir/daily/gfortran_cheyenne/esmf/src/Superstructure/ESMFMod/tests
gmake[5]: Entering directory '/glade/scratch/himanshu/scripts_dir/daily/gfortran_cheyenne/esmf/src/Superstructure/ESMFMod/tests'
gmake[5]: Leaving directory '/glade/scratch/himanshu/scripts_dir/daily/gfortran_cheyenne/esmf/src/Infrastructure/ArraySpec/src'
tree_run_examples in: /glade/scratch/himanshu/scripts_dir/daily/gfortran_cheyenne/esmf/src/Infrastructure/ArraySpec/interface
gmake[5]: Entering directory '/glade/scratch/himanshu/scripts_dir/daily/gfortran_cheyenne/esmf/src/Infrastructure/ArraySpec/interface'
gmake[5]: Leaving directory '/glade/scratch/himanshu/scripts_dir/daily/gfortran_cheyenne/esmf/src/Superstructure/ESMFMod/tests'
tree_build_quick_start in: /glade/scratch/himanshu/scripts_dir/daily/gfortran_cheyenne/esmf/src/Superstructure/ESMFMod/examples
gmake[5]: Entering directory '/glade/scratch/himanshu/scripts_dir/daily/gfortran_cheyenne/esmf/src/Superstructure/ESMFMod/examples'
gmake[5]: Leaving directory '/glade/scratch/himanshu/scripts_dir/daily/gfortran_cheyenne/esmf/src/Infrastructure/ArraySpec/interface'
tree_run_examples in: /glade/scratch/himanshu/scripts_dir/daily/gfortran_cheyenne/esmf/src/Infrastructure/ArraySpec/examples
gmake[5]: Entering directory '/glade/scratch/himanshu/scripts_dir/daily/gfortran_cheyenne/esmf/src/Infrastructure/ArraySpec/examples'
gmake[5]: Leaving directory '/glade/scratch/himanshu/scripts_dir/daily/gfortran_cheyenne/esmf/src/Superstructure/ESMFMod/examples'
tree_build_quick_start in: /glade/scratch/himanshu/scripts_dir/daily/gfortran_cheyenne/esmf/src/Superstructure/ESMFMod/doc
gmake[5]: Entering directory '/glade/scratch/himanshu/scripts_dir/daily/gfortran_cheyenne/esmf/src/Superstructure/ESMFMod/doc'
gmake EXNAME=ArraySpec NP=4 exfrun
gmake[6]: Entering directory '/glade/scratch/himanshu/scripts_dir/daily/gfortran_cheyenne/esmf/src/Infrastructure/ArraySpec/examples'
gmake[5]: Leaving directory '/glade/scratch/himanshu/scripts_dir/daily/gfortran_cheyenne/esmf/src/Superstructure/ESMFMod/doc'
gmake[4]: Leaving directory '/glade/scratch/himanshu/scripts_dir/daily/gfortran_cheyenne/esmf/src/Superstructure/ESMFMod'
tree_build_quick_start in: /glade/scratch/himanshu/scripts_dir/daily/gfortran_cheyenne/esmf/src/Superstructure/AppDriver
gmake[4]: Entering directory '/glade/scratch/himanshu/scripts_dir/daily/gfortran_cheyenne/esmf/src/Superstructure/AppDriver'
mpirun -np 4 ./ESMF_ArraySpecEx > ./ESMF_ArraySpecEx.stdout 2>&1
tree_build_quick_start in: /glade/scratch/himanshu/scripts_dir/daily/gfortran_cheyenne/esmf/src/Superstructure/AppDriver/doc
gmake[5]: Entering directory '/glade/scratch/himanshu/scripts_dir/daily/gfortran_cheyenne/esmf/src/Superstructure/AppDriver/doc'
cat: './PET*ArraySpecEx*.Log': No such file or directory
gmake[6]: Leaving directory '/glade/scratch/himanshu/scripts_dir/daily/gfortran_cheyenne/esmf/src/Infrastructure/ArraySpec/examples'
gmake[5]: Leaving directory '/glade/scratch/himanshu/scripts_dir/daily/gfortran_cheyenne/esmf/src/Infrastructure/ArraySpec/examples'
tree_run_examples in: /glade/scratch/himanshu/scripts_dir/daily/gfortran_cheyenne/esmf/src/Infrastructure/ArraySpec/tests
gmake[5]: Entering directory '/glade/scratch/himanshu/scripts_dir/daily/gfortran_cheyenne/esmf/src/Infrastructure/ArraySpec/tests'
gmake[5]: Leaving directory '/glade/scratch/himanshu/scripts_dir/daily/gfortran_cheyenne/esmf/src/Superstructure/AppDriver/doc'
tree_build_quick_start in: /glade/scratch/himanshu/scripts_dir/daily/gfortran_cheyenne/esmf/src/Superstructure/AppDriver/seq_pairwise_fdriver_spmd
gmake[5]: Entering directory '/glade/scratch/himanshu/scripts_dir/daily/gfortran_cheyenne/esmf/src/Superstructure/AppDriver/seq_pairwise_fdriver_spmd'
gmake[5]: Leaving directory '/glade/scratch/himanshu/scripts_dir/daily/gfortran_cheyenne/esmf/src/Infrastructure/ArraySpec/tests'
tree_run_examples in: /glade/scratch/himanshu/scripts_dir/daily/gfortran_cheyenne/esmf/src/Infrastructure/ArraySpec/doc
gmake[5]: Entering directory '/glade/scratch/himanshu/scripts_dir/daily/gfortran_cheyenne/esmf/src/Infrastructure/ArraySpec/doc'
gmake[6]: Entering directory '/glade/scratch/himanshu/scripts_dir/daily/gfortran_cheyenne/esmf/src/Superstructure/AppDriver/seq_pairwise_fdriver_spmd'
gmake[5]: Leaving directory '/glade/scratch/himanshu/scripts_dir/daily/gfortran_cheyenne/esmf/src/Infrastructure/ArraySpec/doc'
gmake[4]: Leaving directory '/glade/scratch/himanshu/scripts_dir/daily/gfortran_cheyenne/esmf/src/Infrastructure/ArraySpec'
tree_run_examples in: /glade/scratch/himanshu/scripts_dir/daily/gfortran_cheyenne/esmf/src/Infrastructure/LocalArray
gmake[4]: Entering directory '/glade/scratch/himanshu/scripts_dir/daily/gfortran_cheyenne/esmf/src/Infrastructure/LocalArray'
mpifort -c -g -Wall -Wextra -Wconversion -Wno-unused -Wno-unused-dummy-argument -fbacktrace -fimplicit-none -fcheck=array-temps,bounds,do,mem,recursion -fPIC  -m64 -mcmodel=small -pthread -ffree-line-length-none  -fopenmp  -I/glade/scratch/himanshu/scripts_dir/daily/gfortran_cheyenne/esmf/build_config/Linux.gfortran.default -I/glade/scratch/himanshu/scripts_dir/daily/gfortran_cheyenne/esmf/src/Infrastructure -I/glade/scratch/himanshu/scripts_dir/daily/gfortran_cheyenne/esmf/src/Superstructure -I/glade/scratch/himanshu/scripts_dir/daily/gfortran_cheyenne/esmf/mod/modg/Linux.gfortran.64.openmpi.default -I/glade/scratch/himanshu/scripts_dir/daily/gfortran_cheyenne/esmf/src/include   -DESMF_NO_INTEGER_1_BYTE -DESMF_NO_INTEGER_2_BYTE -DESMFVERSIONGIT='"ESMF_8_1_0_beta_snapshot_40-4-ga072c96c19"' -DESMF_MOAB=1 -DESMF_LAPACK=1 -DESMF_LAPACK_INTERNAL=1 -DESMF_NO_ACC_SOFTWARE_STACK=1 -DESMF_YAMLCPP=1 -DESMF_YAML=1 -DESMF_PIO=1 -DESMF_MPIIO -DESMF_NO_OPENACC -DESMF_TESTEXHAUSTIVE -DESMF_BOPT_g -DESMF_TESTCOMPTUNNEL -DSx86_64_small=1 -DESMF_OS_Linux=1 -DESMF_COMM=openmpi -DESMF_DIR=/glade/scratch/himanshu/scripts_dir/daily/gfortran_cheyenne/esmf CplCompTemplate.F90 -o CplCompTemplate.o
tree_run_examples in: /glade/scratch/himanshu/scripts_dir/daily/gfortran_cheyenne/esmf/src/Infrastructure/LocalArray/src
gmake[5]: Entering directory '/glade/scratch/himanshu/scripts_dir/daily/gfortran_cheyenne/esmf/src/Infrastructure/LocalArray/src'
f951: Fatal Error: /glade/scratch/himanshu/scripts_dir/daily/gfortran_cheyenne/esmf/src/include is not a directory
compilation terminated.
/glade/scratch/himanshu/scripts_dir/daily/gfortran_cheyenne/esmf/build/common.mk:3922: recipe for target 'CplCompTemplate.o' failed
gmake[6]: *** [CplCompTemplate.o] Error 1
gmake[6]: Leaving directory '/glade/scratch/himanshu/scripts_dir/daily/gfortran_cheyenne/esmf/src/Superstructure/AppDriver/seq_pairwise_fdriver_spmd'
/glade/scratch/himanshu/scripts_dir/daily/gfortran_cheyenne/esmf/build/common.mk:3698: recipe for target 'tree_build_quick_start' failed
gmake[5]: *** [tree_build_quick_start] Error 2
gmake[5]: Leaving directory '/glade/scratch/himanshu/scripts_dir/daily/gfortran_cheyenne/esmf/src/Superstructure/AppDriver/seq_pairwise_fdriver_spmd'
/glade/scratch/himanshu/scripts_dir/daily/gfortran_cheyenne/esmf/build/common.mk:3816: recipe for target 'tree' failed
gmake[4]: *** [tree] Error 1
gmake[4]: Leaving directory '/glade/scratch/himanshu/scripts_dir/daily/gfortran_cheyenne/esmf/src/Superstructure/AppDriver'
/glade/scratch/himanshu/scripts_dir/daily/gfortran_cheyenne/esmf/build/common.mk:3816: recipe for target 'tree' failed
gmake[3]: *** [tree] Error 1
gmake[3]: Leaving directory '/glade/scratch/himanshu/scripts_dir/daily/gfortran_cheyenne/esmf/src/Superstructure'
/glade/scratch/himanshu/scripts_dir/daily/gfortran_cheyenne/esmf/build/common.mk:3816: recipe for target 'tree' failed
gmake[2]: *** [tree] Error 1
gmake[2]: Leaving directory '/glade/scratch/himanshu/scripts_dir/daily/gfortran_cheyenne/esmf/src'
/glade/scratch/himanshu/scripts_dir/daily/gfortran_cheyenne/esmf/build/common.mk:3816: recipe for target 'tree' failed
gmake[1]: *** [tree] Error 1
gmake[1]: Leaving directory '/glade/scratch/himanshu/scripts_dir/daily/gfortran_cheyenne/esmf'
/glade/scratch/himanshu/scripts_dir/daily/gfortran_cheyenne/esmf/build/common.mk:3695: recipe for target 'build_quick_start' failed
gmake: *** [build_quick_start] Error 2
Fri Dec 25 15:13:45 MST 2020
