20201030 031141.901 INFO             PET0 !!!!!!!!!!!!!!!!!!!!!!!!!!!!!!!!!!!!!!!!!!!!!!!!!!!!!!
20201030 031141.901 INFO             PET0 !!! THE ESMF_LOG IS SET TO OUTPUT ALL LOG MESSAGES !!!
20201030 031141.901 INFO             PET0 !!!     THIS MAY CAUSE SLOWDOWN IN PERFORMANCE     !!!
20201030 031141.901 INFO             PET0 !!! FOR PRODUCTION RUNS, USE:                      !!!
20201030 031141.901 INFO             PET0 !!!                   ESMF_LOGKIND_Multi_On_Error  !!!
20201030 031141.901 INFO             PET0 !!!!!!!!!!!!!!!!!!!!!!!!!!!!!!!!!!!!!!!!!!!!!!!!!!!!!!
20201030 031141.901 INFO             PET0 Running with ESMF Version   : ESMF_8_1_0_beta_snapshot_36-3-g26ac82d49b
20201030 031141.901 INFO             PET0 ESMF library build date/time: "Oct 30 2020" "02:30:33"
20201030 031141.901 INFO             PET0 ESMF library build location : /project/esmf/himanshu/intel/esmf
20201030 031141.901 INFO             PET0 ESMF_COMM                   : openmpi
20201030 031141.902 INFO             PET0 ESMF_NETCDF                 : disabled
20201030 031141.902 INFO             PET0 ESMF_PNETCDF                : disabled
20201030 031141.902 INFO             PET0 ESMF_PIO                    : enabled
20201030 031141.902 INFO             PET0 ESMF_YAMLCPP                : enabled
20201030 031141.902 INFO             PET0 ESMF_MOAB                   : enabled
20201030 031142.542 INFO             PET0  NUMBER_OF_PROCESSORS           4
20201030 031142.542 INFO             PET0  PASS  Example ESMF_XGridEx, ESMF_XGridEx.F90, line 525
20201030 031142.542 INFO             PET0 Finalizing ESMF
20201030 031141.902 INFO             PET1 !!!!!!!!!!!!!!!!!!!!!!!!!!!!!!!!!!!!!!!!!!!!!!!!!!!!!!
20201030 031141.902 INFO             PET1 !!! THE ESMF_LOG IS SET TO OUTPUT ALL LOG MESSAGES !!!
20201030 031141.902 INFO             PET1 !!!     THIS MAY CAUSE SLOWDOWN IN PERFORMANCE     !!!
20201030 031141.902 INFO             PET1 !!! FOR PRODUCTION RUNS, USE:                      !!!
20201030 031141.902 INFO             PET1 !!!                   ESMF_LOGKIND_Multi_On_Error  !!!
20201030 031141.902 INFO             PET1 !!!!!!!!!!!!!!!!!!!!!!!!!!!!!!!!!!!!!!!!!!!!!!!!!!!!!!
20201030 031141.902 INFO             PET1 Running with ESMF Version   : ESMF_8_1_0_beta_snapshot_36-3-g26ac82d49b
20201030 031141.902 INFO             PET1 ESMF library build date/time: "Oct 30 2020" "02:30:33"
20201030 031141.902 INFO             PET1 ESMF library build location : /project/esmf/himanshu/intel/esmf
20201030 031141.902 INFO             PET1 ESMF_COMM                   : openmpi
20201030 031141.904 INFO             PET1 ESMF_NETCDF                 : disabled
20201030 031141.904 INFO             PET1 ESMF_PNETCDF                : disabled
20201030 031141.904 INFO             PET1 ESMF_PIO                    : enabled
20201030 031141.904 INFO             PET1 ESMF_YAMLCPP                : enabled
20201030 031141.904 INFO             PET1 ESMF_MOAB                   : enabled
20201030 031142.542 INFO             PET1  NUMBER_OF_PROCESSORS           4
20201030 031142.542 INFO             PET1  PASS  Example ESMF_XGridEx, ESMF_XGridEx.F90, line 525
20201030 031142.542 INFO             PET1 Finalizing ESMF
20201030 031141.901 INFO             PET2 !!!!!!!!!!!!!!!!!!!!!!!!!!!!!!!!!!!!!!!!!!!!!!!!!!!!!!
20201030 031141.901 INFO             PET2 !!! THE ESMF_LOG IS SET TO OUTPUT ALL LOG MESSAGES !!!
20201030 031141.901 INFO             PET2 !!!     THIS MAY CAUSE SLOWDOWN IN PERFORMANCE     !!!
20201030 031141.901 INFO             PET2 !!! FOR PRODUCTION RUNS, USE:                      !!!
20201030 031141.901 INFO             PET2 !!!                   ESMF_LOGKIND_Multi_On_Error  !!!
20201030 031141.901 INFO             PET2 !!!!!!!!!!!!!!!!!!!!!!!!!!!!!!!!!!!!!!!!!!!!!!!!!!!!!!
20201030 031141.901 INFO             PET2 Running with ESMF Version   : ESMF_8_1_0_beta_snapshot_36-3-g26ac82d49b
20201030 031141.901 INFO             PET2 ESMF library build date/time: "Oct 30 2020" "02:30:33"
20201030 031141.901 INFO             PET2 ESMF library build location : /project/esmf/himanshu/intel/esmf
20201030 031141.901 INFO             PET2 ESMF_COMM                   : openmpi
20201030 031141.903 INFO             PET2 ESMF_NETCDF                 : disabled
20201030 031141.903 INFO             PET2 ESMF_PNETCDF                : disabled
20201030 031141.903 INFO             PET2 ESMF_PIO                    : enabled
20201030 031141.903 INFO             PET2 ESMF_YAMLCPP                : enabled
20201030 031141.903 INFO             PET2 ESMF_MOAB                   : enabled
20201030 031142.543 INFO             PET2  NUMBER_OF_PROCESSORS           4
20201030 031142.543 INFO             PET2  PASS  Example ESMF_XGridEx, ESMF_XGridEx.F90, line 525
20201030 031142.543 INFO             PET2 Finalizing ESMF
20201030 031141.900 INFO             PET3 !!!!!!!!!!!!!!!!!!!!!!!!!!!!!!!!!!!!!!!!!!!!!!!!!!!!!!
20201030 031141.900 INFO             PET3 !!! THE ESMF_LOG IS SET TO OUTPUT ALL LOG MESSAGES !!!
20201030 031141.900 INFO             PET3 !!!     THIS MAY CAUSE SLOWDOWN IN PERFORMANCE     !!!
20201030 031141.900 INFO             PET3 !!! FOR PRODUCTION RUNS, USE:                      !!!
20201030 031141.900 INFO             PET3 !!!                   ESMF_LOGKIND_Multi_On_Error  !!!
20201030 031141.900 INFO             PET3 !!!!!!!!!!!!!!!!!!!!!!!!!!!!!!!!!!!!!!!!!!!!!!!!!!!!!!
20201030 031141.900 INFO             PET3 Running with ESMF Version   : ESMF_8_1_0_beta_snapshot_36-3-g26ac82d49b
20201030 031141.900 INFO             PET3 ESMF library build date/time: "Oct 30 2020" "02:30:33"
20201030 031141.900 INFO             PET3 ESMF library build location : /project/esmf/himanshu/intel/esmf
20201030 031141.900 INFO             PET3 ESMF_COMM                   : openmpi
20201030 031141.902 INFO             PET3 ESMF_NETCDF                 : disabled
20201030 031141.902 INFO             PET3 ESMF_PNETCDF                : disabled
20201030 031141.902 INFO             PET3 ESMF_PIO                    : enabled
20201030 031141.902 INFO             PET3 ESMF_YAMLCPP                : enabled
20201030 031141.902 INFO             PET3 ESMF_MOAB                   : enabled
20201030 031142.542 INFO             PET3  NUMBER_OF_PROCESSORS           4
20201030 031142.542 INFO             PET3  PASS  Example ESMF_XGridEx, ESMF_XGridEx.F90, line 525
20201030 031142.542 INFO             PET3 Finalizing ESMF
