--------------------------------------------------------------------------
By default, for Open MPI 4.0 and later, infiniband ports on a device
are not used by default.  The intent is to use UCX for these devices.
You can override this policy by setting the btl_openib_allow_ib MCA parameter
to true.

  Local host:              i041
  Local adapter:           hfi1_0
  Local port:              1

--------------------------------------------------------------------------
--------------------------------------------------------------------------
WARNING: There was an error initializing an OpenFabrics device.

  Local host:   i041
  Local device: hfi1_0
--------------------------------------------------------------------------
[i041.unified.ucar.edu:148989] [[33867,0],0] ORTE_ERROR_LOG: Out of resource in file util/show_help.c at line 507
  PASS  Example ESMF_RHandleFromRHandleEx, ESMF_RHandleFromRHandleEx.F90, line 6
 60
  PASS  Example ESMF_RHandleFromRHandleEx, ESMF_RHandleFromRHandleEx.F90, line 6
 60
  PASS  Example ESMF_RHandleFromRHandleEx, ESMF_RHandleFromRHandleEx.F90, line 6
 60
  PASS  Example ESMF_RHandleFromRHandleEx, ESMF_RHandleFromRHandleEx.F90, line 6
 60
 PASS: ESMF_RHandleFromRHandleEx.F90
 PASS: ESMF_RHandleFromRHandleEx.F90
 PASS: ESMF_RHandleFromRHandleEx.F90
 PASS: ESMF_RHandleFromRHandleEx.F90
[i041.unified.ucar.edu:148989] 2 more processes have sent help message help-mpi-btl-openib.txt / ib port not selected
[i041.unified.ucar.edu:148989] Set MCA parameter "orte_base_help_aggregate" to 0 to see all help / error messages
[i041.unified.ucar.edu:148989] 3 more processes have sent help message help-mpi-btl-openib.txt / error in device init
Sun Nov 29 05:26:52 MST 2020
