--------------------------------------------------------------------------
By default, for Open MPI 4.0 and later, infiniband ports on a device
are not used by default.  The intent is to use UCX for these devices.
You can override this policy by setting the btl_openib_allow_ib MCA parameter
to true.

  Local host:              i040
  Local adapter:           hfi1_0
  Local port:              1

--------------------------------------------------------------------------
--------------------------------------------------------------------------
WARNING: There was an error initializing an OpenFabrics device.

  Local host:   i040
  Local device: hfi1_0
--------------------------------------------------------------------------
 local DE            0  - DE            0  localIndexList along dim=           1
  ::            1           2           3
 local DE            0  - DE            0  localIndexList along dim=           2
  ::            1
 local DE            1  - DE            4  localIndexList along dim=           1
  ::            1           2           3
 local DE            1  - DE            4  localIndexList along dim=           2
  ::            3           4           5
 local DE            0  - DE            2  localIndexList along dim=           1
  ::            1           2           3
 local DE            0  - DE            2  localIndexList along dim=           2
  ::            2
 local DE            0  - DE            3  localIndexList along dim=           1
  ::            4           5
 local DE            0  - DE            1  localIndexList along dim=           1
  ::            4           5
 local DE            0  - DE            3  localIndexList along dim=           2
  ::            2
 local DE            0  - DE            1  localIndexList along dim=           2
  ::            1
 local DE            1  - DE            5  localIndexList along dim=           1
  ::            4           5
 local DE            1  - DE            5  localIndexList along dim=           2
  ::            3           4           5
  PASS  Example ESMF_DistGridEx, ESMF_DistGridEx.F90, line 1902
  PASS  Example ESMF_DistGridEx, ESMF_DistGridEx.F90, line 1902
  PASS  Example ESMF_DistGridEx, ESMF_DistGridEx.F90, line 1902
  PASS  Example ESMF_DistGridEx, ESMF_DistGridEx.F90, line 1902
 PASS: ESMF_DistGridEx.F90
 PASS: ESMF_DistGridEx.F90
 PASS: ESMF_DistGridEx.F90
 PASS: ESMF_DistGridEx.F90
[i040.unified.ucar.edu:108324] 3 more processes have sent help message help-mpi-btl-openib.txt / ib port not selected
[i040.unified.ucar.edu:108324] Set MCA parameter "orte_base_help_aggregate" to 0 to see all help / error messages
[i040.unified.ucar.edu:108324] 3 more processes have sent help message help-mpi-btl-openib.txt / error in device init
Sun Nov 15 05:29:36 MST 2020
