--------------------------------------------------------------------------
By default, for Open MPI 4.0 and later, infiniband ports on a device
are not used by default.  The intent is to use UCX for these devices.
You can override this policy by setting the btl_openib_allow_ib MCA parameter
to true.

  Local host:              i041
  Local adapter:           hfi1_0
  Local port:              1

--------------------------------------------------------------------------
--------------------------------------------------------------------------
WARNING: There was an error initializing an OpenFabrics device.

  Local host:   i041
  Local device: hfi1_0
--------------------------------------------------------------------------
Clock ----------------------------------
currTime = 
Time -----------------------------------
2003-04-01T02:24:00
end Time -------------------------------

end Clock ------------------------------

Clock ----------------------------------
currTime = 
Time -----------------------------------
2003-04-03T06:24:00
end Time -------------------------------

end Clock ------------------------------

Clock ----------------------------------
currTime = 
Time -----------------------------------
2003-04-05T10:24:00
end Time -------------------------------

end Clock ------------------------------

Clock ----------------------------------
currTime = 
Time -----------------------------------
2003-04-07T14:24:00
end Time -------------------------------

end Clock ------------------------------

Clock ----------------------------------
currTime = 
Time -----------------------------------
2003-04-09T18:24:00
end Time -------------------------------

end Clock ------------------------------

Clock ----------------------------------
currTime = 
Time -----------------------------------
2003-04-11T22:24:00
end Time -------------------------------

end Clock ------------------------------

 The clock's final current time is         2003 /           4 /          14  
           2 :          24 :           0
 The clock was advanced                      6  times.
Clock ----------------------------------
currTime = 
Time -----------------------------------
2003-04-14T02:24:00
end Time -------------------------------

end Clock ------------------------------

Clock ----------------------------------
currTime = 
Time -----------------------------------
2003-04-11T22:24:00
end Time -------------------------------

end Clock ------------------------------

Clock ----------------------------------
currTime = 
Time -----------------------------------
2003-04-09T18:24:00
end Time -------------------------------

end Clock ------------------------------

Clock ----------------------------------
currTime = 
Time -----------------------------------
2003-04-07T14:24:00
end Time -------------------------------

end Clock ------------------------------

Clock ----------------------------------
currTime = 
Time -----------------------------------
2003-04-05T10:24:00
end Time -------------------------------

end Clock ------------------------------

Clock ----------------------------------
currTime = 
Time -----------------------------------
2003-04-03T06:24:00
end Time -------------------------------

end Clock ------------------------------

  PASS  Example ESMF_ClockEx, ESMF_ClockEx.F90, line 220
 PASS: ESMF_ClockEx.F90
Fri Nov 20 05:24:22 MST 2020
