--------------------------------------------------------------------------
By default, for Open MPI 4.0 and later, infiniband ports on a device
are not used by default.  The intent is to use UCX for these devices.
You can override this policy by setting the btl_openib_allow_ib MCA parameter
to true.

  Local host:              i041
  Local adapter:           hfi1_0
  Local port:              1

--------------------------------------------------------------------------
--------------------------------------------------------------------------
WARNING: There was an error initializing an OpenFabrics device.

  Local host:   i041
  Local device: hfi1_0
--------------------------------------------------------------------------
 FieldBundle example 1 returned
 FieldBundle example 2 returned, fieldcount =           1
 FieldBundle example 3 returned, fieldcount =           3
 FieldBundle example 4 returned, field names = pressure, pressure
 FieldBundle name = atmosphere data
 heat flux                                                                      
                                                                                
                                                                                
                    
 pressure                                                                       
                                                                                
                                                                                
                    
 temperature                                                                    
                                                                                
                                                                                
                    
 temperature                                                                    
                                                                                
                                                                                
                    
 pressure                                                                       
                                                                                
                                                                                
                    
 heat flux                                                                      
                                                                                
                                                                                
                    
 FieldBundle example 1 returned
 FieldBundle example 1 returned
 FieldBundle example 1 returned
 FieldBundle example 2 returned, fieldcount =           1
 FieldBundle example 2 returned, fieldcount =           1
 FieldBundle example 3 returned, fieldcount =           3
 FieldBundle example 2 returned, fieldcount =           1
 FieldBundle example 4 returned, field names = pressure, pressure
 FieldBundle name = atmosphere data
 heat flux                                                                      
                                                                                
                                                                                
                    
 FieldBundle example 3 returned, fieldcount =           3
 pressure                                                                       
                                                                                
                                                                                
                    
 FieldBundle example 3 returned, fieldcount =           3
 FieldBundle example 4 returned, field names = pressure, pressure
 FieldBundle name = atmosphere data
 temperature                                                                    
                                                                                
                                                                                
                    
 heat flux                                                                      
                                                                                
 temperature                                                                    
                                                                                
                                                                                
                    
 FieldBundle example 4 returned, field names = pressure, pressure
 FieldBundle name = atmosphere data
                                                                                
                    
 pressure                                                                       
                                                                                
 pressure                                                                       
                                                                                
                                                                                
                    
 heat flux                                                                      
                                                                                
                                                                                
                    
 heat flux                                                                      
                                                                                
                                                                                
                    
 pressure                                                                       
                                                                                
                                                                                
                    
                                                                                
                    
 temperature                                                                    
                                                                                
                                                                                
                    
 temperature                                                                    
                                                                                
                                                                                
                    
 temperature                                                                    
                                                                                
                                                                                
                    
 temperature                                                                    
                                                                                
 pressure                                                                       
                                                                                
                                                                                
                    
                                                                                
                    
 heat flux                                                                      
                                                                                
                                                                                
 pressure                                                                       
                                                                                
                                                                                
                    
                    
 heat flux                                                                      
                                                                                
                                                                                
                    
  PASS  Example ESMF_FieldBundleCreateEx, ESMF_FieldBundleCreateEx.F90, line 561
 PASS: ESMF_FieldBundleCreateEx.F90
  PASS  Example ESMF_FieldBundleCreateEx, ESMF_FieldBundleCreateEx.F90, line 561
  PASS  Example ESMF_FieldBundleCreateEx, ESMF_FieldBundleCreateEx.F90, line 561
  PASS  Example ESMF_FieldBundleCreateEx, ESMF_FieldBundleCreateEx.F90, line 561
 PASS: ESMF_FieldBundleCreateEx.F90
 PASS: ESMF_FieldBundleCreateEx.F90
 PASS: ESMF_FieldBundleCreateEx.F90
[i041.unified.ucar.edu:126704] 3 more processes have sent help message help-mpi-btl-openib.txt / ib port not selected
[i041.unified.ucar.edu:126704] Set MCA parameter "orte_base_help_aggregate" to 0 to see all help / error messages
[i041.unified.ucar.edu:126704] 3 more processes have sent help message help-mpi-btl-openib.txt / error in device init
Sun Nov  8 05:26:37 MST 2020
