20201122 024615.248 INFO             PET0 !!!!!!!!!!!!!!!!!!!!!!!!!!!!!!!!!!!!!!!!!!!!!!!!!!!!!!
20201122 024615.248 INFO             PET0 !!! THE ESMF_LOG IS SET TO OUTPUT ALL LOG MESSAGES !!!
20201122 024615.248 INFO             PET0 !!!     THIS MAY CAUSE SLOWDOWN IN PERFORMANCE     !!!
20201122 024615.248 INFO             PET0 !!! FOR PRODUCTION RUNS, USE:                      !!!
20201122 024615.248 INFO             PET0 !!!                   ESMF_LOGKIND_Multi_On_Error  !!!
20201122 024615.248 INFO             PET0 !!!!!!!!!!!!!!!!!!!!!!!!!!!!!!!!!!!!!!!!!!!!!!!!!!!!!!
20201122 024615.248 INFO             PET0 Running with ESMF Version   : ESMF_8_1_0_beta_snapshot_38
20201122 024615.248 INFO             PET0 ESMF library build date/time: "Nov 22 2020" "02:07:05"
20201122 024615.248 INFO             PET0 ESMF library build location : /project/esmf/himanshu/intel/esmf
20201122 024615.248 INFO             PET0 ESMF_COMM                   : openmpi
20201122 024615.250 INFO             PET0 ESMF_NETCDF                 : disabled
20201122 024615.250 INFO             PET0 ESMF_PNETCDF                : disabled
20201122 024615.250 INFO             PET0 ESMF_PIO                    : enabled
20201122 024615.250 INFO             PET0 ESMF_YAMLCPP                : enabled
20201122 024615.250 INFO             PET0 ESMF_MOAB                   : enabled
20201122 024615.250 INFO             PET0 ESMF Tracing Enabled
20201122 024615.250 INFO             PET0 ESMF Profiling Enabled
20201122 024615.250 INFO             PET0 ESMF Trace/Profile clock: REALTIME
20201122 024615.255 WARNING          PET0 ESMF Tracing/Profiling could not load dynamic instrumentation functions.
20201122 024615.256 INFO             PET0  NUMBER_OF_PROCESSORS           4
20201122 024615.256 INFO             PET0  PASS  Example ESMF_TraceEx, ESMF_TraceEx.F90, line 178
20201122 024615.257 INFO             PET0 Finalizing ESMF
20201122 024615.257 INFO             PET0 **************** Region Timings *******************
20201122 024615.257 INFO             PET0 Region              Count  Total (s)   Self (s)    Mean (s)    Min (s)     Max (s)
20201122 024615.257 INFO             PET0   [test] Run 1      5      0.0001      0.0001      0.0000      0.0000      0.0000
20201122 024615.257 INFO             PET0   [test] Init 1     1      0.0000      0.0000      0.0000      0.0000      0.0000
20201122 024615.257 INFO             PET0   [test] Final 1    1      0.0000      0.0000      0.0000      0.0000      0.0000
20201122 024615.248 INFO             PET1 !!!!!!!!!!!!!!!!!!!!!!!!!!!!!!!!!!!!!!!!!!!!!!!!!!!!!!
20201122 024615.249 INFO             PET1 !!! THE ESMF_LOG IS SET TO OUTPUT ALL LOG MESSAGES !!!
20201122 024615.249 INFO             PET1 !!!     THIS MAY CAUSE SLOWDOWN IN PERFORMANCE     !!!
20201122 024615.249 INFO             PET1 !!! FOR PRODUCTION RUNS, USE:                      !!!
20201122 024615.249 INFO             PET1 !!!                   ESMF_LOGKIND_Multi_On_Error  !!!
20201122 024615.249 INFO             PET1 !!!!!!!!!!!!!!!!!!!!!!!!!!!!!!!!!!!!!!!!!!!!!!!!!!!!!!
20201122 024615.249 INFO             PET1 Running with ESMF Version   : ESMF_8_1_0_beta_snapshot_38
20201122 024615.249 INFO             PET1 ESMF library build date/time: "Nov 22 2020" "02:07:05"
20201122 024615.249 INFO             PET1 ESMF library build location : /project/esmf/himanshu/intel/esmf
20201122 024615.249 INFO             PET1 ESMF_COMM                   : openmpi
20201122 024615.250 INFO             PET1 ESMF_NETCDF                 : disabled
20201122 024615.250 INFO             PET1 ESMF_PNETCDF                : disabled
20201122 024615.250 INFO             PET1 ESMF_PIO                    : enabled
20201122 024615.250 INFO             PET1 ESMF_YAMLCPP                : enabled
20201122 024615.250 INFO             PET1 ESMF_MOAB                   : enabled
20201122 024615.250 INFO             PET1 ESMF Tracing Enabled
20201122 024615.250 INFO             PET1 ESMF Profiling Enabled
20201122 024615.251 INFO             PET1 ESMF Trace/Profile clock: REALTIME
20201122 024615.252 WARNING          PET1 ESMF Tracing/Profiling could not load dynamic instrumentation functions.
20201122 024615.257 INFO             PET1  NUMBER_OF_PROCESSORS           4
20201122 024615.257 INFO             PET1  PASS  Example ESMF_TraceEx, ESMF_TraceEx.F90, line 178
20201122 024615.257 INFO             PET1 Finalizing ESMF
20201122 024615.257 INFO             PET1 **************** Region Timings *******************
20201122 024615.257 INFO             PET1 Region              Count  Total (s)   Self (s)    Mean (s)    Min (s)     Max (s)
20201122 024615.257 INFO             PET1   [test] Init 1     1      0.0001      0.0001      0.0001      0.0001      0.0001
20201122 024615.257 INFO             PET1   [test] Run 1      5      0.0001      0.0001      0.0000      0.0000      0.0000
20201122 024615.257 INFO             PET1   [test] Final 1    1      0.0000      0.0000      0.0000      0.0000      0.0000
20201122 024615.249 INFO             PET2 !!!!!!!!!!!!!!!!!!!!!!!!!!!!!!!!!!!!!!!!!!!!!!!!!!!!!!
20201122 024615.249 INFO             PET2 !!! THE ESMF_LOG IS SET TO OUTPUT ALL LOG MESSAGES !!!
20201122 024615.249 INFO             PET2 !!!     THIS MAY CAUSE SLOWDOWN IN PERFORMANCE     !!!
20201122 024615.249 INFO             PET2 !!! FOR PRODUCTION RUNS, USE:                      !!!
20201122 024615.249 INFO             PET2 !!!                   ESMF_LOGKIND_Multi_On_Error  !!!
20201122 024615.249 INFO             PET2 !!!!!!!!!!!!!!!!!!!!!!!!!!!!!!!!!!!!!!!!!!!!!!!!!!!!!!
20201122 024615.249 INFO             PET2 Running with ESMF Version   : ESMF_8_1_0_beta_snapshot_38
20201122 024615.249 INFO             PET2 ESMF library build date/time: "Nov 22 2020" "02:07:05"
20201122 024615.249 INFO             PET2 ESMF library build location : /project/esmf/himanshu/intel/esmf
20201122 024615.249 INFO             PET2 ESMF_COMM                   : openmpi
20201122 024615.251 INFO             PET2 ESMF_NETCDF                 : disabled
20201122 024615.251 INFO             PET2 ESMF_PNETCDF                : disabled
20201122 024615.251 INFO             PET2 ESMF_PIO                    : enabled
20201122 024615.251 INFO             PET2 ESMF_YAMLCPP                : enabled
20201122 024615.251 INFO             PET2 ESMF_MOAB                   : enabled
20201122 024615.251 INFO             PET2 ESMF Tracing Enabled
20201122 024615.251 INFO             PET2 ESMF Profiling Enabled
20201122 024615.251 INFO             PET2 ESMF Trace/Profile clock: REALTIME
20201122 024615.252 WARNING          PET2 ESMF Tracing/Profiling could not load dynamic instrumentation functions.
20201122 024615.257 INFO             PET2  NUMBER_OF_PROCESSORS           4
20201122 024615.257 INFO             PET2  PASS  Example ESMF_TraceEx, ESMF_TraceEx.F90, line 178
20201122 024615.257 INFO             PET2 Finalizing ESMF
20201122 024615.257 INFO             PET2 **************** Region Timings *******************
20201122 024615.257 INFO             PET2 Region              Count  Total (s)   Self (s)    Mean (s)    Min (s)     Max (s)
20201122 024615.257 INFO             PET2   [test] Init 1     1      0.0001      0.0001      0.0001      0.0001      0.0001
20201122 024615.257 INFO             PET2   [test] Run 1      5      0.0001      0.0001      0.0000      0.0000      0.0000
20201122 024615.257 INFO             PET2   [test] Final 1    1      0.0000      0.0000      0.0000      0.0000      0.0000
20201122 024615.248 INFO             PET3 !!!!!!!!!!!!!!!!!!!!!!!!!!!!!!!!!!!!!!!!!!!!!!!!!!!!!!
20201122 024615.249 INFO             PET3 !!! THE ESMF_LOG IS SET TO OUTPUT ALL LOG MESSAGES !!!
20201122 024615.249 INFO             PET3 !!!     THIS MAY CAUSE SLOWDOWN IN PERFORMANCE     !!!
20201122 024615.249 INFO             PET3 !!! FOR PRODUCTION RUNS, USE:                      !!!
20201122 024615.249 INFO             PET3 !!!                   ESMF_LOGKIND_Multi_On_Error  !!!
20201122 024615.249 INFO             PET3 !!!!!!!!!!!!!!!!!!!!!!!!!!!!!!!!!!!!!!!!!!!!!!!!!!!!!!
20201122 024615.249 INFO             PET3 Running with ESMF Version   : ESMF_8_1_0_beta_snapshot_38
20201122 024615.249 INFO             PET3 ESMF library build date/time: "Nov 22 2020" "02:07:05"
20201122 024615.249 INFO             PET3 ESMF library build location : /project/esmf/himanshu/intel/esmf
20201122 024615.249 INFO             PET3 ESMF_COMM                   : openmpi
20201122 024615.251 INFO             PET3 ESMF_NETCDF                 : disabled
20201122 024615.251 INFO             PET3 ESMF_PNETCDF                : disabled
20201122 024615.251 INFO             PET3 ESMF_PIO                    : enabled
20201122 024615.251 INFO             PET3 ESMF_YAMLCPP                : enabled
20201122 024615.251 INFO             PET3 ESMF_MOAB                   : enabled
20201122 024615.251 INFO             PET3 ESMF Tracing Enabled
20201122 024615.251 INFO             PET3 ESMF Profiling Enabled
20201122 024615.251 INFO             PET3 ESMF Trace/Profile clock: REALTIME
20201122 024615.253 WARNING          PET3 ESMF Tracing/Profiling could not load dynamic instrumentation functions.
20201122 024615.257 INFO             PET3  NUMBER_OF_PROCESSORS           4
20201122 024615.257 INFO             PET3  PASS  Example ESMF_TraceEx, ESMF_TraceEx.F90, line 178
20201122 024615.257 INFO             PET3 Finalizing ESMF
20201122 024615.257 INFO             PET3 **************** Region Timings *******************
20201122 024615.257 INFO             PET3 Region              Count  Total (s)   Self (s)    Mean (s)    Min (s)     Max (s)
20201122 024615.257 INFO             PET3   [test] Init 1     1      0.0001      0.0001      0.0001      0.0001      0.0001
20201122 024615.257 INFO             PET3   [test] Run 1      5      0.0001      0.0001      0.0000      0.0000      0.0000
20201122 024615.257 INFO             PET3   [test] Final 1    1      0.0000      0.0000      0.0000      0.0000      0.0000
Sun Nov 22 05:19:34 MST 2020
