--------------------------------------------------------------------------
By default, for Open MPI 4.0 and later, infiniband ports on a device
are not used by default.  The intent is to use UCX for these devices.
You can override this policy by setting the btl_openib_allow_ib MCA parameter
to true.

  Local host:              i040
  Local adapter:           hfi1_0
  Local port:              1

--------------------------------------------------------------------------
--------------------------------------------------------------------------
WARNING: There was an error initializing an OpenFabrics device.

  Local host:   i040
  Local device: hfi1_0
--------------------------------------------------------------------------
Clock ----------------------------------
currTime = 
Time -----------------------------------
2003-09-02T00:00:00
end Time -------------------------------

end Clock ------------------------------

 number of ringing alarms =            1
 Alarm002 is ringing!
Clock ----------------------------------
currTime = 
Time -----------------------------------
2003-09-03T00:00:00
end Time -------------------------------

end Clock ------------------------------

Clock ----------------------------------
currTime = 
Time -----------------------------------
2003-09-04T00:00:00
end Time -------------------------------

end Clock ------------------------------

Clock ----------------------------------
currTime = 
Time -----------------------------------
2003-09-05T00:00:00
end Time -------------------------------

end Clock ------------------------------

Clock ----------------------------------
currTime = 
Time -----------------------------------
2003-09-06T00:00:00
end Time -------------------------------

end Clock ------------------------------

Clock ----------------------------------
currTime = 
Time -----------------------------------
2003-09-07T00:00:00
end Time -------------------------------

end Clock ------------------------------

Clock ----------------------------------
currTime = 
Time -----------------------------------
2003-09-08T00:00:00
end Time -------------------------------

end Clock ------------------------------

 number of ringing alarms =            1
 Alarm002 is ringing!
Clock ----------------------------------
currTime = 
Time -----------------------------------
2003-09-09T00:00:00
end Time -------------------------------

end Clock ------------------------------

Clock ----------------------------------
currTime = 
Time -----------------------------------
2003-09-10T00:00:00
end Time -------------------------------

end Clock ------------------------------

Clock ----------------------------------
currTime = 
Time -----------------------------------
2003-09-11T00:00:00
end Time -------------------------------

end Clock ------------------------------

Clock ----------------------------------
currTime = 
Time -----------------------------------
2003-09-12T00:00:00
end Time -------------------------------

end Clock ------------------------------

Clock ----------------------------------
currTime = 
Time -----------------------------------
2003-09-13T00:00:00
end Time -------------------------------

end Clock ------------------------------

Clock ----------------------------------
currTime = 
Time -----------------------------------
2003-09-14T00:00:00
end Time -------------------------------

end Clock ------------------------------

Clock ----------------------------------
currTime = 
Time -----------------------------------
2003-09-15T00:00:00
end Time -------------------------------

end Clock ------------------------------

 number of ringing alarms =            2
 Example alarm 1 is ringing!
 Alarm002 is ringing!
Clock ----------------------------------
currTime = 
Time -----------------------------------
2003-09-16T00:00:00
end Time -------------------------------

end Clock ------------------------------

Clock ----------------------------------
currTime = 
Time -----------------------------------
2003-09-17T00:00:00
end Time -------------------------------

end Clock ------------------------------

Clock ----------------------------------
currTime = 
Time -----------------------------------
2003-09-18T00:00:00
end Time -------------------------------

end Clock ------------------------------

Clock ----------------------------------
currTime = 
Time -----------------------------------
2003-09-19T00:00:00
end Time -------------------------------

end Clock ------------------------------

Clock ----------------------------------
currTime = 
Time -----------------------------------
2003-09-20T00:00:00
end Time -------------------------------

end Clock ------------------------------

Clock ----------------------------------
currTime = 
Time -----------------------------------
2003-09-21T00:00:00
end Time -------------------------------

end Clock ------------------------------

Clock ----------------------------------
currTime = 
Time -----------------------------------
2003-09-22T00:00:00
end Time -------------------------------

end Clock ------------------------------

 number of ringing alarms =            1
 Alarm002 is ringing!
Clock ----------------------------------
currTime = 
Time -----------------------------------
2003-09-23T00:00:00
end Time -------------------------------

end Clock ------------------------------

Clock ----------------------------------
currTime = 
Time -----------------------------------
2003-09-24T00:00:00
end Time -------------------------------

end Clock ------------------------------

Clock ----------------------------------
currTime = 
Time -----------------------------------
2003-09-25T00:00:00
end Time -------------------------------

end Clock ------------------------------

Clock ----------------------------------
currTime = 
Time -----------------------------------
2003-09-26T00:00:00
end Time -------------------------------

end Clock ------------------------------

Clock ----------------------------------
currTime = 
Time -----------------------------------
2003-09-27T00:00:00
end Time -------------------------------

end Clock ------------------------------

Clock ----------------------------------
currTime = 
Time -----------------------------------
2003-09-28T00:00:00
end Time -------------------------------

end Clock ------------------------------

Clock ----------------------------------
currTime = 
Time -----------------------------------
2003-09-29T00:00:00
end Time -------------------------------

end Clock ------------------------------

 number of ringing alarms =            1
 Alarm002 is ringing!
Clock ----------------------------------
currTime = 
Time -----------------------------------
2003-09-30T00:00:00
end Time -------------------------------

end Clock ------------------------------

  PASS  Example ESMF_AlarmEx, ESMF_AlarmEx.F90, line 244
 PASS: ESMF_AlarmEx.F90
Sun Nov 15 05:29:36 MST 2020
