20201111 025521.450 INFO             PET0 !!!!!!!!!!!!!!!!!!!!!!!!!!!!!!!!!!!!!!!!!!!!!!!!!!!!!!
20201111 025521.451 INFO             PET0 !!! THE ESMF_LOG IS SET TO OUTPUT ALL LOG MESSAGES !!!
20201111 025521.451 INFO             PET0 !!!     THIS MAY CAUSE SLOWDOWN IN PERFORMANCE     !!!
20201111 025521.451 INFO             PET0 !!! FOR PRODUCTION RUNS, USE:                      !!!
20201111 025521.451 INFO             PET0 !!!                   ESMF_LOGKIND_Multi_On_Error  !!!
20201111 025521.451 INFO             PET0 !!!!!!!!!!!!!!!!!!!!!!!!!!!!!!!!!!!!!!!!!!!!!!!!!!!!!!
20201111 025521.451 INFO             PET0 Running with ESMF Version   : ESMF_8_1_0_beta_snapshot_36-35-g260dae2aea
20201111 025521.451 INFO             PET0 ESMF library build date/time: "Nov 11 2020" "02:14:22"
20201111 025521.451 INFO             PET0 ESMF library build location : /project/esmf/himanshu/intel/esmf
20201111 025521.451 INFO             PET0 ESMF_COMM                   : openmpi
20201111 025521.452 INFO             PET0 ESMF_NETCDF                 : disabled
20201111 025521.452 INFO             PET0 ESMF_PNETCDF                : disabled
20201111 025521.452 INFO             PET0 ESMF_PIO                    : enabled
20201111 025521.452 INFO             PET0 ESMF_YAMLCPP                : enabled
20201111 025521.452 INFO             PET0 ESMF_MOAB                   : enabled
20201111 025521.455 INFO             PET0  NUMBER_OF_PROCESSORS           4
20201111 025521.455 INFO             PET0  PASS  Example ESMF_GridCreateRegFromDGEx, ESMF_GridCreateRegFromDGEx.F90, line 112
20201111 025521.455 INFO             PET0 Finalizing ESMF
20201111 025521.450 INFO             PET1 !!!!!!!!!!!!!!!!!!!!!!!!!!!!!!!!!!!!!!!!!!!!!!!!!!!!!!
20201111 025521.450 INFO             PET1 !!! THE ESMF_LOG IS SET TO OUTPUT ALL LOG MESSAGES !!!
20201111 025521.450 INFO             PET1 !!!     THIS MAY CAUSE SLOWDOWN IN PERFORMANCE     !!!
20201111 025521.450 INFO             PET1 !!! FOR PRODUCTION RUNS, USE:                      !!!
20201111 025521.450 INFO             PET1 !!!                   ESMF_LOGKIND_Multi_On_Error  !!!
20201111 025521.450 INFO             PET1 !!!!!!!!!!!!!!!!!!!!!!!!!!!!!!!!!!!!!!!!!!!!!!!!!!!!!!
20201111 025521.450 INFO             PET1 Running with ESMF Version   : ESMF_8_1_0_beta_snapshot_36-35-g260dae2aea
20201111 025521.450 INFO             PET1 ESMF library build date/time: "Nov 11 2020" "02:14:22"
20201111 025521.450 INFO             PET1 ESMF library build location : /project/esmf/himanshu/intel/esmf
20201111 025521.450 INFO             PET1 ESMF_COMM                   : openmpi
20201111 025521.452 INFO             PET1 ESMF_NETCDF                 : disabled
20201111 025521.452 INFO             PET1 ESMF_PNETCDF                : disabled
20201111 025521.452 INFO             PET1 ESMF_PIO                    : enabled
20201111 025521.452 INFO             PET1 ESMF_YAMLCPP                : enabled
20201111 025521.452 INFO             PET1 ESMF_MOAB                   : enabled
20201111 025521.455 INFO             PET1  NUMBER_OF_PROCESSORS           4
20201111 025521.455 INFO             PET1  PASS  Example ESMF_GridCreateRegFromDGEx, ESMF_GridCreateRegFromDGEx.F90, line 112
20201111 025521.455 INFO             PET1 Finalizing ESMF
20201111 025521.452 INFO             PET2 !!!!!!!!!!!!!!!!!!!!!!!!!!!!!!!!!!!!!!!!!!!!!!!!!!!!!!
20201111 025521.452 INFO             PET2 !!! THE ESMF_LOG IS SET TO OUTPUT ALL LOG MESSAGES !!!
20201111 025521.452 INFO             PET2 !!!     THIS MAY CAUSE SLOWDOWN IN PERFORMANCE     !!!
20201111 025521.452 INFO             PET2 !!! FOR PRODUCTION RUNS, USE:                      !!!
20201111 025521.452 INFO             PET2 !!!                   ESMF_LOGKIND_Multi_On_Error  !!!
20201111 025521.452 INFO             PET2 !!!!!!!!!!!!!!!!!!!!!!!!!!!!!!!!!!!!!!!!!!!!!!!!!!!!!!
20201111 025521.452 INFO             PET2 Running with ESMF Version   : ESMF_8_1_0_beta_snapshot_36-35-g260dae2aea
20201111 025521.453 INFO             PET2 ESMF library build date/time: "Nov 11 2020" "02:14:22"
20201111 025521.453 INFO             PET2 ESMF library build location : /project/esmf/himanshu/intel/esmf
20201111 025521.453 INFO             PET2 ESMF_COMM                   : openmpi
20201111 025521.454 INFO             PET2 ESMF_NETCDF                 : disabled
20201111 025521.454 INFO             PET2 ESMF_PNETCDF                : disabled
20201111 025521.454 INFO             PET2 ESMF_PIO                    : enabled
20201111 025521.454 INFO             PET2 ESMF_YAMLCPP                : enabled
20201111 025521.454 INFO             PET2 ESMF_MOAB                   : enabled
20201111 025521.456 INFO             PET2  NUMBER_OF_PROCESSORS           4
20201111 025521.456 INFO             PET2  PASS  Example ESMF_GridCreateRegFromDGEx, ESMF_GridCreateRegFromDGEx.F90, line 112
20201111 025521.456 INFO             PET2 Finalizing ESMF
20201111 025521.452 INFO             PET3 !!!!!!!!!!!!!!!!!!!!!!!!!!!!!!!!!!!!!!!!!!!!!!!!!!!!!!
20201111 025521.452 INFO             PET3 !!! THE ESMF_LOG IS SET TO OUTPUT ALL LOG MESSAGES !!!
20201111 025521.452 INFO             PET3 !!!     THIS MAY CAUSE SLOWDOWN IN PERFORMANCE     !!!
20201111 025521.452 INFO             PET3 !!! FOR PRODUCTION RUNS, USE:                      !!!
20201111 025521.452 INFO             PET3 !!!                   ESMF_LOGKIND_Multi_On_Error  !!!
20201111 025521.452 INFO             PET3 !!!!!!!!!!!!!!!!!!!!!!!!!!!!!!!!!!!!!!!!!!!!!!!!!!!!!!
20201111 025521.452 INFO             PET3 Running with ESMF Version   : ESMF_8_1_0_beta_snapshot_36-35-g260dae2aea
20201111 025521.452 INFO             PET3 ESMF library build date/time: "Nov 11 2020" "02:14:22"
20201111 025521.452 INFO             PET3 ESMF library build location : /project/esmf/himanshu/intel/esmf
20201111 025521.452 INFO             PET3 ESMF_COMM                   : openmpi
20201111 025521.454 INFO             PET3 ESMF_NETCDF                 : disabled
20201111 025521.454 INFO             PET3 ESMF_PNETCDF                : disabled
20201111 025521.454 INFO             PET3 ESMF_PIO                    : enabled
20201111 025521.454 INFO             PET3 ESMF_YAMLCPP                : enabled
20201111 025521.454 INFO             PET3 ESMF_MOAB                   : enabled
20201111 025521.456 INFO             PET3  NUMBER_OF_PROCESSORS           4
20201111 025521.456 INFO             PET3  PASS  Example ESMF_GridCreateRegFromDGEx, ESMF_GridCreateRegFromDGEx.F90, line 112
20201111 025521.456 INFO             PET3 Finalizing ESMF
Wed Nov 11 05:28:08 MST 2020
