--------------------------------------------------------------------------
By default, for Open MPI 4.0 and later, infiniband ports on a device
are not used by default.  The intent is to use UCX for these devices.
You can override this policy by setting the btl_openib_allow_ib MCA parameter
to true.

  Local host:              i040
  Local adapter:           hfi1_0
  Local port:              1

--------------------------------------------------------------------------
--------------------------------------------------------------------------
WARNING: There was an error initializing an OpenFabrics device.

  Local host:   i040
  Local device: hfi1_0
--------------------------------------------------------------------------
  PASS  Example ESMF_VMUserMpiEx, ESMF_VMUserMpiEx.F90, line 90
  PASS  Example ESMF_VMUserMpiEx, ESMF_VMUserMpiEx.F90, line 90
  PASS  Example ESMF_VMUserMpiEx, ESMF_VMUserMpiEx.F90, line 90
  PASS  Example ESMF_VMUserMpiEx, ESMF_VMUserMpiEx.F90, line 90
 PASS: ESMF_VMUserMpiEx.F90
 PASS: ESMF_VMUserMpiEx.F90
 PASS: ESMF_VMUserMpiEx.F90
 PASS: ESMF_VMUserMpiEx.F90
[i040.unified.ucar.edu:239943] 3 more processes have sent help message help-mpi-btl-openib.txt / ib port not selected
[i040.unified.ucar.edu:239943] Set MCA parameter "orte_base_help_aggregate" to 0 to see all help / error messages
[i040.unified.ucar.edu:239943] 3 more processes have sent help message help-mpi-btl-openib.txt / error in device init
Tue Nov 10 05:31:29 MST 2020
