20200926 231455.176 INFO             PET3 !!!!!!!!!!!!!!!!!!!!!!!!!!!!!!!!!!!!!!!!!!!!!!!!!!!!!!
20200926 231455.176 INFO             PET3 !!! THE ESMF_LOG IS SET TO OUTPUT ALL LOG MESSAGES !!!
20200926 231455.176 INFO             PET3 !!!     THIS MAY CAUSE SLOWDOWN IN PERFORMANCE     !!!
20200926 231455.176 INFO             PET3 !!! FOR PRODUCTION RUNS, USE:                      !!!
20200926 231455.176 INFO             PET3 !!!                   ESMF_LOGKIND_Multi_On_Error  !!!
20200926 231455.176 INFO             PET3 !!!!!!!!!!!!!!!!!!!!!!!!!!!!!!!!!!!!!!!!!!!!!!!!!!!!!!
20200926 231455.176 INFO             PET3 Running with ESMF Version   : ESMF_8_1_0_beta_snapshot_30-2-g92e0a54ab6
20200926 231455.176 INFO             PET3 ESMF library build date/time: "Sep 26 2020" "23:12:06"
20200926 231455.176 INFO             PET3 ESMF library build location : /glade/scratch/himanshu/scripts_dir/daily/gfortran_cheyenne/esmf
20200926 231455.176 INFO             PET3 ESMF_COMM                   : openmpi
20200926 231455.176 INFO             PET3 ESMF_NETCDF                 : disabled
20200926 231455.176 INFO             PET3 ESMF_PNETCDF                : disabled
20200926 231455.176 INFO             PET3 ESMF_PIO                    : enabled
20200926 231455.176 INFO             PET3 ESMF_YAMLCPP                : enabled
20200926 231455.176 INFO             PET3 ESMF_MOAB                   : enabled
20200926 231455.177 INFO             PET3 Finalizing ESMF
20200926 231455.571 INFO             PET3 !!!!!!!!!!!!!!!!!!!!!!!!!!!!!!!!!!!!!!!!!!!!!!!!!!!!!!
20200926 231455.571 INFO             PET3 !!! THE ESMF_LOG IS SET TO OUTPUT ALL LOG MESSAGES !!!
20200926 231455.571 INFO             PET3 !!!     THIS MAY CAUSE SLOWDOWN IN PERFORMANCE     !!!
20200926 231455.571 INFO             PET3 !!! FOR PRODUCTION RUNS, USE:                      !!!
20200926 231455.571 INFO             PET3 !!!                   ESMF_LOGKIND_Multi_On_Error  !!!
20200926 231455.571 INFO             PET3 !!!!!!!!!!!!!!!!!!!!!!!!!!!!!!!!!!!!!!!!!!!!!!!!!!!!!!
20200926 231455.571 INFO             PET3 Running with ESMF Version   : ESMF_8_1_0_beta_snapshot_30-2-g92e0a54ab6
20200926 231455.571 INFO             PET3 ESMF library build date/time: "Sep 26 2020" "23:12:06"
20200926 231455.571 INFO             PET3 ESMF library build location : /glade/scratch/himanshu/scripts_dir/daily/gfortran_cheyenne/esmf
20200926 231455.571 INFO             PET3 ESMF_COMM                   : openmpi
20200926 231455.571 INFO             PET3 ESMF_NETCDF                 : disabled
20200926 231455.571 INFO             PET3 ESMF_PNETCDF                : disabled
20200926 231455.571 INFO             PET3 ESMF_PIO                    : enabled
20200926 231455.571 INFO             PET3 ESMF_YAMLCPP                : enabled
20200926 231455.571 INFO             PET3 ESMF_MOAB                   : enabled
20200926 231455.571 INFO             PET3 Finalizing ESMF
20200926 231455.972 INFO             PET3 !!!!!!!!!!!!!!!!!!!!!!!!!!!!!!!!!!!!!!!!!!!!!!!!!!!!!!
20200926 231455.972 INFO             PET3 !!! THE ESMF_LOG IS SET TO OUTPUT ALL LOG MESSAGES !!!
20200926 231455.972 INFO             PET3 !!!     THIS MAY CAUSE SLOWDOWN IN PERFORMANCE     !!!
20200926 231455.972 INFO             PET3 !!! FOR PRODUCTION RUNS, USE:                      !!!
20200926 231455.972 INFO             PET3 !!!                   ESMF_LOGKIND_Multi_On_Error  !!!
20200926 231455.972 INFO             PET3 !!!!!!!!!!!!!!!!!!!!!!!!!!!!!!!!!!!!!!!!!!!!!!!!!!!!!!
20200926 231455.972 INFO             PET3 Running with ESMF Version   : ESMF_8_1_0_beta_snapshot_30-2-g92e0a54ab6
20200926 231455.972 INFO             PET3 ESMF library build date/time: "Sep 26 2020" "23:12:06"
20200926 231455.972 INFO             PET3 ESMF library build location : /glade/scratch/himanshu/scripts_dir/daily/gfortran_cheyenne/esmf
20200926 231455.972 INFO             PET3 ESMF_COMM                   : openmpi
20200926 231455.975 INFO             PET3 ESMF_NETCDF                 : disabled
20200926 231455.975 INFO             PET3 ESMF_PNETCDF                : disabled
20200926 231455.975 INFO             PET3 ESMF_PIO                    : enabled
20200926 231455.975 INFO             PET3 ESMF_YAMLCPP                : enabled
20200926 231455.975 INFO             PET3 ESMF_MOAB                   : enabled
20200926 231455.975 INFO             PET3 Finalizing ESMF
