20200827 074629.303 INFO             PET1 !!!!!!!!!!!!!!!!!!!!!!!!!!!!!!!!!!!!!!!!!!!!!!!!!!!!!!
20200827 074629.303 INFO             PET1 !!! THE ESMF_LOG IS SET TO OUTPUT ALL LOG MESSAGES !!!
20200827 074629.303 INFO             PET1 !!!     THIS MAY CAUSE SLOWDOWN IN PERFORMANCE     !!!
20200827 074629.303 INFO             PET1 !!! FOR PRODUCTION RUNS, USE:                      !!!
20200827 074629.303 INFO             PET1 !!!                   ESMF_LOGKIND_Multi_On_Error  !!!
20200827 074629.303 INFO             PET1 !!!!!!!!!!!!!!!!!!!!!!!!!!!!!!!!!!!!!!!!!!!!!!!!!!!!!!
20200827 074629.303 INFO             PET1 Running with ESMF Version   : ESMF_8_1_0_beta_snapshot_26-41-g94befe01fa
20200827 074629.303 INFO             PET1 ESMF library build date/time: "Aug 27 2020" "07:35:50"
20200827 074629.303 INFO             PET1 ESMF library build location : /glade/scratch/himanshu/scripts_dir/daily/intel_cheyenne/esmf
20200827 074629.303 INFO             PET1 ESMF_COMM                   : intelmpi
20200827 074629.303 INFO             PET1 ESMF_NETCDF                 : disabled
20200827 074629.303 INFO             PET1 ESMF_PNETCDF                : disabled
20200827 074629.303 INFO             PET1 ESMF_PIO                    : enabled
20200827 074629.303 INFO             PET1 ESMF_YAMLCPP                : enabled
20200827 074629.303 INFO             PET1 ESMF_MOAB                   : enabled
20200827 074629.303 INFO             PET1 Finalizing ESMF
20200827 074629.358 INFO             PET1 !!!!!!!!!!!!!!!!!!!!!!!!!!!!!!!!!!!!!!!!!!!!!!!!!!!!!!
20200827 074629.358 INFO             PET1 !!! THE ESMF_LOG IS SET TO OUTPUT ALL LOG MESSAGES !!!
20200827 074629.358 INFO             PET1 !!!     THIS MAY CAUSE SLOWDOWN IN PERFORMANCE     !!!
20200827 074629.358 INFO             PET1 !!! FOR PRODUCTION RUNS, USE:                      !!!
20200827 074629.358 INFO             PET1 !!!                   ESMF_LOGKIND_Multi_On_Error  !!!
20200827 074629.358 INFO             PET1 !!!!!!!!!!!!!!!!!!!!!!!!!!!!!!!!!!!!!!!!!!!!!!!!!!!!!!
20200827 074629.358 INFO             PET1 Running with ESMF Version   : ESMF_8_1_0_beta_snapshot_26-41-g94befe01fa
20200827 074629.358 INFO             PET1 ESMF library build date/time: "Aug 27 2020" "07:35:50"
20200827 074629.358 INFO             PET1 ESMF library build location : /glade/scratch/himanshu/scripts_dir/daily/intel_cheyenne/esmf
20200827 074629.358 INFO             PET1 ESMF_COMM                   : intelmpi
20200827 074629.358 INFO             PET1 ESMF_NETCDF                 : disabled
20200827 074629.358 INFO             PET1 ESMF_PNETCDF                : disabled
20200827 074629.358 INFO             PET1 ESMF_PIO                    : enabled
20200827 074629.358 INFO             PET1 ESMF_YAMLCPP                : enabled
20200827 074629.358 INFO             PET1 ESMF_MOAB                   : enabled
20200827 074629.359 INFO             PET1 Finalizing ESMF
20200827 074629.413 INFO             PET1 !!!!!!!!!!!!!!!!!!!!!!!!!!!!!!!!!!!!!!!!!!!!!!!!!!!!!!
20200827 074629.413 INFO             PET1 !!! THE ESMF_LOG IS SET TO OUTPUT ALL LOG MESSAGES !!!
20200827 074629.413 INFO             PET1 !!!     THIS MAY CAUSE SLOWDOWN IN PERFORMANCE     !!!
20200827 074629.413 INFO             PET1 !!! FOR PRODUCTION RUNS, USE:                      !!!
20200827 074629.413 INFO             PET1 !!!                   ESMF_LOGKIND_Multi_On_Error  !!!
20200827 074629.413 INFO             PET1 !!!!!!!!!!!!!!!!!!!!!!!!!!!!!!!!!!!!!!!!!!!!!!!!!!!!!!
20200827 074629.413 INFO             PET1 Running with ESMF Version   : ESMF_8_1_0_beta_snapshot_26-41-g94befe01fa
20200827 074629.413 INFO             PET1 ESMF library build date/time: "Aug 27 2020" "07:35:50"
20200827 074629.413 INFO             PET1 ESMF library build location : /glade/scratch/himanshu/scripts_dir/daily/intel_cheyenne/esmf
20200827 074629.413 INFO             PET1 ESMF_COMM                   : intelmpi
20200827 074629.413 INFO             PET1 ESMF_NETCDF                 : disabled
20200827 074629.413 INFO             PET1 ESMF_PNETCDF                : disabled
20200827 074629.413 INFO             PET1 ESMF_PIO                    : enabled
20200827 074629.413 INFO             PET1 ESMF_YAMLCPP                : enabled
20200827 074629.413 INFO             PET1 ESMF_MOAB                   : enabled
20200827 074629.418 INFO             PET1 Finalizing ESMF
