20200820 074114.519 INFO             PET3 !!!!!!!!!!!!!!!!!!!!!!!!!!!!!!!!!!!!!!!!!!!!!!!!!!!!!!
20200820 074114.519 INFO             PET3 !!! THE ESMF_LOG IS SET TO OUTPUT ALL LOG MESSAGES !!!
20200820 074114.519 INFO             PET3 !!!     THIS MAY CAUSE SLOWDOWN IN PERFORMANCE     !!!
20200820 074114.519 INFO             PET3 !!! FOR PRODUCTION RUNS, USE:                      !!!
20200820 074114.519 INFO             PET3 !!!                   ESMF_LOGKIND_Multi_On_Error  !!!
20200820 074114.519 INFO             PET3 !!!!!!!!!!!!!!!!!!!!!!!!!!!!!!!!!!!!!!!!!!!!!!!!!!!!!!
20200820 074114.519 INFO             PET3 Running with ESMF Version   : ESMF_8_1_0_beta_snapshot_26-18-g225f55709c
20200820 074114.519 INFO             PET3 ESMF library build date/time: "Aug 20 2020" "07:31:32"
20200820 074114.519 INFO             PET3 ESMF library build location : /glade/scratch/himanshu/scripts_dir/daily/intel_cheyenne/esmf
20200820 074114.519 INFO             PET3 ESMF_COMM                   : intelmpi
20200820 074114.519 INFO             PET3 ESMF_NETCDF                 : disabled
20200820 074114.519 INFO             PET3 ESMF_PNETCDF                : disabled
20200820 074114.519 INFO             PET3 ESMF_PIO                    : enabled
20200820 074114.519 INFO             PET3 ESMF_YAMLCPP                : enabled
20200820 074114.519 INFO             PET3 ESMF_MOAB                   : enabled
20200820 074114.520 INFO             PET3 Finalizing ESMF
20200820 074114.572 INFO             PET3 !!!!!!!!!!!!!!!!!!!!!!!!!!!!!!!!!!!!!!!!!!!!!!!!!!!!!!
20200820 074114.572 INFO             PET3 !!! THE ESMF_LOG IS SET TO OUTPUT ALL LOG MESSAGES !!!
20200820 074114.572 INFO             PET3 !!!     THIS MAY CAUSE SLOWDOWN IN PERFORMANCE     !!!
20200820 074114.572 INFO             PET3 !!! FOR PRODUCTION RUNS, USE:                      !!!
20200820 074114.572 INFO             PET3 !!!                   ESMF_LOGKIND_Multi_On_Error  !!!
20200820 074114.572 INFO             PET3 !!!!!!!!!!!!!!!!!!!!!!!!!!!!!!!!!!!!!!!!!!!!!!!!!!!!!!
20200820 074114.572 INFO             PET3 Running with ESMF Version   : ESMF_8_1_0_beta_snapshot_26-18-g225f55709c
20200820 074114.572 INFO             PET3 ESMF library build date/time: "Aug 20 2020" "07:31:32"
20200820 074114.572 INFO             PET3 ESMF library build location : /glade/scratch/himanshu/scripts_dir/daily/intel_cheyenne/esmf
20200820 074114.572 INFO             PET3 ESMF_COMM                   : intelmpi
20200820 074114.572 INFO             PET3 ESMF_NETCDF                 : disabled
20200820 074114.572 INFO             PET3 ESMF_PNETCDF                : disabled
20200820 074114.572 INFO             PET3 ESMF_PIO                    : enabled
20200820 074114.572 INFO             PET3 ESMF_YAMLCPP                : enabled
20200820 074114.572 INFO             PET3 ESMF_MOAB                   : enabled
20200820 074114.572 INFO             PET3 Finalizing ESMF
20200820 074114.626 INFO             PET3 !!!!!!!!!!!!!!!!!!!!!!!!!!!!!!!!!!!!!!!!!!!!!!!!!!!!!!
20200820 074114.626 INFO             PET3 !!! THE ESMF_LOG IS SET TO OUTPUT ALL LOG MESSAGES !!!
20200820 074114.626 INFO             PET3 !!!     THIS MAY CAUSE SLOWDOWN IN PERFORMANCE     !!!
20200820 074114.626 INFO             PET3 !!! FOR PRODUCTION RUNS, USE:                      !!!
20200820 074114.626 INFO             PET3 !!!                   ESMF_LOGKIND_Multi_On_Error  !!!
20200820 074114.626 INFO             PET3 !!!!!!!!!!!!!!!!!!!!!!!!!!!!!!!!!!!!!!!!!!!!!!!!!!!!!!
20200820 074114.626 INFO             PET3 Running with ESMF Version   : ESMF_8_1_0_beta_snapshot_26-18-g225f55709c
20200820 074114.626 INFO             PET3 ESMF library build date/time: "Aug 20 2020" "07:31:32"
20200820 074114.626 INFO             PET3 ESMF library build location : /glade/scratch/himanshu/scripts_dir/daily/intel_cheyenne/esmf
20200820 074114.626 INFO             PET3 ESMF_COMM                   : intelmpi
20200820 074114.626 INFO             PET3 ESMF_NETCDF                 : disabled
20200820 074114.626 INFO             PET3 ESMF_PNETCDF                : disabled
20200820 074114.626 INFO             PET3 ESMF_PIO                    : enabled
20200820 074114.626 INFO             PET3 ESMF_YAMLCPP                : enabled
20200820 074114.626 INFO             PET3 ESMF_MOAB                   : enabled
20200820 074114.629 INFO             PET3 Finalizing ESMF
