20200819 065215.857 INFO             PET3 !!!!!!!!!!!!!!!!!!!!!!!!!!!!!!!!!!!!!!!!!!!!!!!!!!!!!!
20200819 065215.857 INFO             PET3 !!! THE ESMF_LOG IS SET TO OUTPUT ALL LOG MESSAGES !!!
20200819 065215.857 INFO             PET3 !!!     THIS MAY CAUSE SLOWDOWN IN PERFORMANCE     !!!
20200819 065215.857 INFO             PET3 !!! FOR PRODUCTION RUNS, USE:                      !!!
20200819 065215.857 INFO             PET3 !!!                   ESMF_LOGKIND_Multi_On_Error  !!!
20200819 065215.857 INFO             PET3 !!!!!!!!!!!!!!!!!!!!!!!!!!!!!!!!!!!!!!!!!!!!!!!!!!!!!!
20200819 065215.857 INFO             PET3 Running with ESMF Version   : ESMF_8_1_0_beta_snapshot_26-15-g928c3b319f
20200819 065215.857 INFO             PET3 ESMF library build date/time: "Aug 19 2020" "06:42:29"
20200819 065215.857 INFO             PET3 ESMF library build location : /glade/scratch/himanshu/scripts_dir/daily/intel_cheyenne/esmf
20200819 065215.857 INFO             PET3 ESMF_COMM                   : intelmpi
20200819 065215.857 INFO             PET3 ESMF_NETCDF                 : disabled
20200819 065215.857 INFO             PET3 ESMF_PNETCDF                : disabled
20200819 065215.857 INFO             PET3 ESMF_PIO                    : enabled
20200819 065215.857 INFO             PET3 ESMF_YAMLCPP                : enabled
20200819 065215.857 INFO             PET3 ESMF_MOAB                   : enabled
20200819 065215.858 INFO             PET3 Finalizing ESMF
20200819 065215.913 INFO             PET3 !!!!!!!!!!!!!!!!!!!!!!!!!!!!!!!!!!!!!!!!!!!!!!!!!!!!!!
20200819 065215.913 INFO             PET3 !!! THE ESMF_LOG IS SET TO OUTPUT ALL LOG MESSAGES !!!
20200819 065215.913 INFO             PET3 !!!     THIS MAY CAUSE SLOWDOWN IN PERFORMANCE     !!!
20200819 065215.913 INFO             PET3 !!! FOR PRODUCTION RUNS, USE:                      !!!
20200819 065215.913 INFO             PET3 !!!                   ESMF_LOGKIND_Multi_On_Error  !!!
20200819 065215.913 INFO             PET3 !!!!!!!!!!!!!!!!!!!!!!!!!!!!!!!!!!!!!!!!!!!!!!!!!!!!!!
20200819 065215.913 INFO             PET3 Running with ESMF Version   : ESMF_8_1_0_beta_snapshot_26-15-g928c3b319f
20200819 065215.913 INFO             PET3 ESMF library build date/time: "Aug 19 2020" "06:42:29"
20200819 065215.913 INFO             PET3 ESMF library build location : /glade/scratch/himanshu/scripts_dir/daily/intel_cheyenne/esmf
20200819 065215.913 INFO             PET3 ESMF_COMM                   : intelmpi
20200819 065215.913 INFO             PET3 ESMF_NETCDF                 : disabled
20200819 065215.913 INFO             PET3 ESMF_PNETCDF                : disabled
20200819 065215.913 INFO             PET3 ESMF_PIO                    : enabled
20200819 065215.913 INFO             PET3 ESMF_YAMLCPP                : enabled
20200819 065215.913 INFO             PET3 ESMF_MOAB                   : enabled
20200819 065215.914 INFO             PET3 Finalizing ESMF
20200819 065215.964 INFO             PET3 !!!!!!!!!!!!!!!!!!!!!!!!!!!!!!!!!!!!!!!!!!!!!!!!!!!!!!
20200819 065215.964 INFO             PET3 !!! THE ESMF_LOG IS SET TO OUTPUT ALL LOG MESSAGES !!!
20200819 065215.964 INFO             PET3 !!!     THIS MAY CAUSE SLOWDOWN IN PERFORMANCE     !!!
20200819 065215.964 INFO             PET3 !!! FOR PRODUCTION RUNS, USE:                      !!!
20200819 065215.964 INFO             PET3 !!!                   ESMF_LOGKIND_Multi_On_Error  !!!
20200819 065215.964 INFO             PET3 !!!!!!!!!!!!!!!!!!!!!!!!!!!!!!!!!!!!!!!!!!!!!!!!!!!!!!
20200819 065215.964 INFO             PET3 Running with ESMF Version   : ESMF_8_1_0_beta_snapshot_26-15-g928c3b319f
20200819 065215.964 INFO             PET3 ESMF library build date/time: "Aug 19 2020" "06:42:29"
20200819 065215.964 INFO             PET3 ESMF library build location : /glade/scratch/himanshu/scripts_dir/daily/intel_cheyenne/esmf
20200819 065215.964 INFO             PET3 ESMF_COMM                   : intelmpi
20200819 065215.964 INFO             PET3 ESMF_NETCDF                 : disabled
20200819 065215.964 INFO             PET3 ESMF_PNETCDF                : disabled
20200819 065215.964 INFO             PET3 ESMF_PIO                    : enabled
20200819 065215.964 INFO             PET3 ESMF_YAMLCPP                : enabled
20200819 065215.964 INFO             PET3 ESMF_MOAB                   : enabled
20200819 065215.968 INFO             PET3 Finalizing ESMF
