20200917 224738.527 INFO             PET0 !!!!!!!!!!!!!!!!!!!!!!!!!!!!!!!!!!!!!!!!!!!!!!!!!!!!!!
20200917 224738.528 INFO             PET0 !!! THE ESMF_LOG IS SET TO OUTPUT ALL LOG MESSAGES !!!
20200917 224738.528 INFO             PET0 !!!     THIS MAY CAUSE SLOWDOWN IN PERFORMANCE     !!!
20200917 224738.528 INFO             PET0 !!! FOR PRODUCTION RUNS, USE:                      !!!
20200917 224738.528 INFO             PET0 !!!                   ESMF_LOGKIND_Multi_On_Error  !!!
20200917 224738.528 INFO             PET0 !!!!!!!!!!!!!!!!!!!!!!!!!!!!!!!!!!!!!!!!!!!!!!!!!!!!!!
20200917 224738.528 INFO             PET0 Running with ESMF Version   : ESMF_8_1_0_beta_snapshot_27-68-gf8cae5665f
20200917 224738.528 INFO             PET0 ESMF library build date/time: "Sep 17 2020" "22:38:26"
20200917 224738.528 INFO             PET0 ESMF library build location : /glade/scratch/himanshu/scripts_dir/daily/intel_cheyenne/esmf
20200917 224738.528 INFO             PET0 ESMF_COMM                   : openmpi
20200917 224738.528 INFO             PET0 ESMF_NETCDF                 : disabled
20200917 224738.528 INFO             PET0 ESMF_PNETCDF                : disabled
20200917 224738.528 INFO             PET0 ESMF_PIO                    : enabled
20200917 224738.528 INFO             PET0 ESMF_YAMLCPP                : enabled
20200917 224738.528 INFO             PET0 ESMF_MOAB                   : enabled
20200917 224738.528 INFO             PET0 Finalizing ESMF
20200917 224738.846 INFO             PET0 !!!!!!!!!!!!!!!!!!!!!!!!!!!!!!!!!!!!!!!!!!!!!!!!!!!!!!
20200917 224738.846 INFO             PET0 !!! THE ESMF_LOG IS SET TO OUTPUT ALL LOG MESSAGES !!!
20200917 224738.846 INFO             PET0 !!!     THIS MAY CAUSE SLOWDOWN IN PERFORMANCE     !!!
20200917 224738.846 INFO             PET0 !!! FOR PRODUCTION RUNS, USE:                      !!!
20200917 224738.846 INFO             PET0 !!!                   ESMF_LOGKIND_Multi_On_Error  !!!
20200917 224738.846 INFO             PET0 !!!!!!!!!!!!!!!!!!!!!!!!!!!!!!!!!!!!!!!!!!!!!!!!!!!!!!
20200917 224738.846 INFO             PET0 Running with ESMF Version   : ESMF_8_1_0_beta_snapshot_27-68-gf8cae5665f
20200917 224738.846 INFO             PET0 ESMF library build date/time: "Sep 17 2020" "22:38:26"
20200917 224738.846 INFO             PET0 ESMF library build location : /glade/scratch/himanshu/scripts_dir/daily/intel_cheyenne/esmf
20200917 224738.846 INFO             PET0 ESMF_COMM                   : openmpi
20200917 224738.846 INFO             PET0 ESMF_NETCDF                 : disabled
20200917 224738.846 INFO             PET0 ESMF_PNETCDF                : disabled
20200917 224738.846 INFO             PET0 ESMF_PIO                    : enabled
20200917 224738.846 INFO             PET0 ESMF_YAMLCPP                : enabled
20200917 224738.846 INFO             PET0 ESMF_MOAB                   : enabled
20200917 224738.846 INFO             PET0 Finalizing ESMF
20200917 224739.147 INFO             PET0 !!!!!!!!!!!!!!!!!!!!!!!!!!!!!!!!!!!!!!!!!!!!!!!!!!!!!!
20200917 224739.147 INFO             PET0 !!! THE ESMF_LOG IS SET TO OUTPUT ALL LOG MESSAGES !!!
20200917 224739.147 INFO             PET0 !!!     THIS MAY CAUSE SLOWDOWN IN PERFORMANCE     !!!
20200917 224739.147 INFO             PET0 !!! FOR PRODUCTION RUNS, USE:                      !!!
20200917 224739.147 INFO             PET0 !!!                   ESMF_LOGKIND_Multi_On_Error  !!!
20200917 224739.147 INFO             PET0 !!!!!!!!!!!!!!!!!!!!!!!!!!!!!!!!!!!!!!!!!!!!!!!!!!!!!!
20200917 224739.147 INFO             PET0 Running with ESMF Version   : ESMF_8_1_0_beta_snapshot_27-68-gf8cae5665f
20200917 224739.147 INFO             PET0 ESMF library build date/time: "Sep 17 2020" "22:38:26"
20200917 224739.147 INFO             PET0 ESMF library build location : /glade/scratch/himanshu/scripts_dir/daily/intel_cheyenne/esmf
20200917 224739.147 INFO             PET0 ESMF_COMM                   : openmpi
20200917 224739.148 INFO             PET0 ESMF_NETCDF                 : disabled
20200917 224739.148 INFO             PET0 ESMF_PNETCDF                : disabled
20200917 224739.148 INFO             PET0 ESMF_PIO                    : enabled
20200917 224739.148 INFO             PET0 ESMF_YAMLCPP                : enabled
20200917 224739.148 INFO             PET0 ESMF_MOAB                   : enabled
20200917 224739.150 INFO             PET0 Finalizing ESMF
