20200830 203842.693 INFO             PET3 !!!!!!!!!!!!!!!!!!!!!!!!!!!!!!!!!!!!!!!!!!!!!!!!!!!!!!
20200830 203842.693 INFO             PET3 !!! THE ESMF_LOG IS SET TO OUTPUT ALL LOG MESSAGES !!!
20200830 203842.693 INFO             PET3 !!!     THIS MAY CAUSE SLOWDOWN IN PERFORMANCE     !!!
20200830 203842.693 INFO             PET3 !!! FOR PRODUCTION RUNS, USE:                      !!!
20200830 203842.693 INFO             PET3 !!!                   ESMF_LOGKIND_Multi_On_Error  !!!
20200830 203842.693 INFO             PET3 !!!!!!!!!!!!!!!!!!!!!!!!!!!!!!!!!!!!!!!!!!!!!!!!!!!!!!
20200830 203842.693 INFO             PET3 Running with ESMF Version   : ESMF_8_1_0_beta_snapshot_26-46-ga9ff35efce
20200830 203842.693 INFO             PET3 ESMF library build date/time: "Aug 30 2020" "20:29:34"
20200830 203842.693 INFO             PET3 ESMF library build location : /glade/scratch/himanshu/scripts_dir/daily/intel_cheyenne/esmf
20200830 203842.693 INFO             PET3 ESMF_COMM                   : openmpi
20200830 203842.693 INFO             PET3 ESMF_NETCDF                 : disabled
20200830 203842.693 INFO             PET3 ESMF_PNETCDF                : disabled
20200830 203842.693 INFO             PET3 ESMF_PIO                    : enabled
20200830 203842.694 INFO             PET3 ESMF_YAMLCPP                : enabled
20200830 203842.694 INFO             PET3 ESMF_MOAB                   : enabled
20200830 203842.694 INFO             PET3 Finalizing ESMF
20200830 203842.994 INFO             PET3 !!!!!!!!!!!!!!!!!!!!!!!!!!!!!!!!!!!!!!!!!!!!!!!!!!!!!!
20200830 203842.994 INFO             PET3 !!! THE ESMF_LOG IS SET TO OUTPUT ALL LOG MESSAGES !!!
20200830 203842.994 INFO             PET3 !!!     THIS MAY CAUSE SLOWDOWN IN PERFORMANCE     !!!
20200830 203842.994 INFO             PET3 !!! FOR PRODUCTION RUNS, USE:                      !!!
20200830 203842.994 INFO             PET3 !!!                   ESMF_LOGKIND_Multi_On_Error  !!!
20200830 203842.994 INFO             PET3 !!!!!!!!!!!!!!!!!!!!!!!!!!!!!!!!!!!!!!!!!!!!!!!!!!!!!!
20200830 203842.994 INFO             PET3 Running with ESMF Version   : ESMF_8_1_0_beta_snapshot_26-46-ga9ff35efce
20200830 203842.994 INFO             PET3 ESMF library build date/time: "Aug 30 2020" "20:29:34"
20200830 203842.994 INFO             PET3 ESMF library build location : /glade/scratch/himanshu/scripts_dir/daily/intel_cheyenne/esmf
20200830 203842.994 INFO             PET3 ESMF_COMM                   : openmpi
20200830 203842.994 INFO             PET3 ESMF_NETCDF                 : disabled
20200830 203842.994 INFO             PET3 ESMF_PNETCDF                : disabled
20200830 203842.994 INFO             PET3 ESMF_PIO                    : enabled
20200830 203842.994 INFO             PET3 ESMF_YAMLCPP                : enabled
20200830 203842.994 INFO             PET3 ESMF_MOAB                   : enabled
20200830 203842.994 INFO             PET3 Finalizing ESMF
20200830 203843.295 INFO             PET3 !!!!!!!!!!!!!!!!!!!!!!!!!!!!!!!!!!!!!!!!!!!!!!!!!!!!!!
20200830 203843.295 INFO             PET3 !!! THE ESMF_LOG IS SET TO OUTPUT ALL LOG MESSAGES !!!
20200830 203843.295 INFO             PET3 !!!     THIS MAY CAUSE SLOWDOWN IN PERFORMANCE     !!!
20200830 203843.295 INFO             PET3 !!! FOR PRODUCTION RUNS, USE:                      !!!
20200830 203843.295 INFO             PET3 !!!                   ESMF_LOGKIND_Multi_On_Error  !!!
20200830 203843.295 INFO             PET3 !!!!!!!!!!!!!!!!!!!!!!!!!!!!!!!!!!!!!!!!!!!!!!!!!!!!!!
20200830 203843.295 INFO             PET3 Running with ESMF Version   : ESMF_8_1_0_beta_snapshot_26-46-ga9ff35efce
20200830 203843.295 INFO             PET3 ESMF library build date/time: "Aug 30 2020" "20:29:34"
20200830 203843.295 INFO             PET3 ESMF library build location : /glade/scratch/himanshu/scripts_dir/daily/intel_cheyenne/esmf
20200830 203843.295 INFO             PET3 ESMF_COMM                   : openmpi
20200830 203843.295 INFO             PET3 ESMF_NETCDF                 : disabled
20200830 203843.295 INFO             PET3 ESMF_PNETCDF                : disabled
20200830 203843.295 INFO             PET3 ESMF_PIO                    : enabled
20200830 203843.295 INFO             PET3 ESMF_YAMLCPP                : enabled
20200830 203843.295 INFO             PET3 ESMF_MOAB                   : enabled
20200830 203843.298 INFO             PET3 Finalizing ESMF
