20200907 213815.508 INFO             PET3 !!!!!!!!!!!!!!!!!!!!!!!!!!!!!!!!!!!!!!!!!!!!!!!!!!!!!!
20200907 213815.508 INFO             PET3 !!! THE ESMF_LOG IS SET TO OUTPUT ALL LOG MESSAGES !!!
20200907 213815.508 INFO             PET3 !!!     THIS MAY CAUSE SLOWDOWN IN PERFORMANCE     !!!
20200907 213815.508 INFO             PET3 !!! FOR PRODUCTION RUNS, USE:                      !!!
20200907 213815.508 INFO             PET3 !!!                   ESMF_LOGKIND_Multi_On_Error  !!!
20200907 213815.508 INFO             PET3 !!!!!!!!!!!!!!!!!!!!!!!!!!!!!!!!!!!!!!!!!!!!!!!!!!!!!!
20200907 213815.508 INFO             PET3 Running with ESMF Version   : ESMF_8_1_0_beta_snapshot_27-51-gb26cf95dd1
20200907 213815.508 INFO             PET3 ESMF library build date/time: "Sep  7 2020" "21:29:05"
20200907 213815.508 INFO             PET3 ESMF library build location : /glade/scratch/himanshu/scripts_dir/daily/intel_cheyenne/esmf
20200907 213815.508 INFO             PET3 ESMF_COMM                   : openmpi
20200907 213815.508 INFO             PET3 ESMF_NETCDF                 : disabled
20200907 213815.508 INFO             PET3 ESMF_PNETCDF                : disabled
20200907 213815.508 INFO             PET3 ESMF_PIO                    : enabled
20200907 213815.508 INFO             PET3 ESMF_YAMLCPP                : enabled
20200907 213815.508 INFO             PET3 ESMF_MOAB                   : enabled
20200907 213815.509 INFO             PET3 Finalizing ESMF
20200907 213815.827 INFO             PET3 !!!!!!!!!!!!!!!!!!!!!!!!!!!!!!!!!!!!!!!!!!!!!!!!!!!!!!
20200907 213815.827 INFO             PET3 !!! THE ESMF_LOG IS SET TO OUTPUT ALL LOG MESSAGES !!!
20200907 213815.827 INFO             PET3 !!!     THIS MAY CAUSE SLOWDOWN IN PERFORMANCE     !!!
20200907 213815.827 INFO             PET3 !!! FOR PRODUCTION RUNS, USE:                      !!!
20200907 213815.827 INFO             PET3 !!!                   ESMF_LOGKIND_Multi_On_Error  !!!
20200907 213815.827 INFO             PET3 !!!!!!!!!!!!!!!!!!!!!!!!!!!!!!!!!!!!!!!!!!!!!!!!!!!!!!
20200907 213815.827 INFO             PET3 Running with ESMF Version   : ESMF_8_1_0_beta_snapshot_27-51-gb26cf95dd1
20200907 213815.827 INFO             PET3 ESMF library build date/time: "Sep  7 2020" "21:29:05"
20200907 213815.827 INFO             PET3 ESMF library build location : /glade/scratch/himanshu/scripts_dir/daily/intel_cheyenne/esmf
20200907 213815.827 INFO             PET3 ESMF_COMM                   : openmpi
20200907 213815.827 INFO             PET3 ESMF_NETCDF                 : disabled
20200907 213815.827 INFO             PET3 ESMF_PNETCDF                : disabled
20200907 213815.827 INFO             PET3 ESMF_PIO                    : enabled
20200907 213815.827 INFO             PET3 ESMF_YAMLCPP                : enabled
20200907 213815.827 INFO             PET3 ESMF_MOAB                   : enabled
20200907 213815.828 INFO             PET3 Finalizing ESMF
20200907 213816.130 INFO             PET3 !!!!!!!!!!!!!!!!!!!!!!!!!!!!!!!!!!!!!!!!!!!!!!!!!!!!!!
20200907 213816.130 INFO             PET3 !!! THE ESMF_LOG IS SET TO OUTPUT ALL LOG MESSAGES !!!
20200907 213816.130 INFO             PET3 !!!     THIS MAY CAUSE SLOWDOWN IN PERFORMANCE     !!!
20200907 213816.130 INFO             PET3 !!! FOR PRODUCTION RUNS, USE:                      !!!
20200907 213816.130 INFO             PET3 !!!                   ESMF_LOGKIND_Multi_On_Error  !!!
20200907 213816.130 INFO             PET3 !!!!!!!!!!!!!!!!!!!!!!!!!!!!!!!!!!!!!!!!!!!!!!!!!!!!!!
20200907 213816.130 INFO             PET3 Running with ESMF Version   : ESMF_8_1_0_beta_snapshot_27-51-gb26cf95dd1
20200907 213816.130 INFO             PET3 ESMF library build date/time: "Sep  7 2020" "21:29:05"
20200907 213816.130 INFO             PET3 ESMF library build location : /glade/scratch/himanshu/scripts_dir/daily/intel_cheyenne/esmf
20200907 213816.130 INFO             PET3 ESMF_COMM                   : openmpi
20200907 213816.130 INFO             PET3 ESMF_NETCDF                 : disabled
20200907 213816.130 INFO             PET3 ESMF_PNETCDF                : disabled
20200907 213816.130 INFO             PET3 ESMF_PIO                    : enabled
20200907 213816.130 INFO             PET3 ESMF_YAMLCPP                : enabled
20200907 213816.130 INFO             PET3 ESMF_MOAB                   : enabled
20200907 213816.133 INFO             PET3 Finalizing ESMF
