 
Installing ESMF:
 
mkdir -p /project/esmf/himanshu/intel/install_dir/include
cp -f /project/esmf/himanshu/intel/esmf/src/include/ESMC.h /project/esmf/himanshu/intel/install_dir/include
cp -f /project/esmf/himanshu/intel/esmf/src/include/ESMC_*.h /project/esmf/himanshu/intel/install_dir/include
cp -f /project/esmf/himanshu/intel/esmf/build_config/Linux.intel.default/ESMC_Conf.h /project/esmf/himanshu/intel/install_dir/include
mkdir -p /project/esmf/himanshu/intel/install_dir/mod/modO/Linux.intel.64.mpiuni.default
cp -f /project/esmf/himanshu/intel/esmf/mod/modO/Linux.intel.64.mpiuni.default/*.mod /project/esmf/himanshu/intel/install_dir/mod/modO/Linux.intel.64.mpiuni.default
mkdir -p /project/esmf/himanshu/intel/install_dir/lib/libO/Linux.intel.64.mpiuni.default
cp -f /project/esmf/himanshu/intel/esmf/lib/libO/Linux.intel.64.mpiuni.default/libesmf*.* /project/esmf/himanshu/intel/install_dir/lib/libO/Linux.intel.64.mpiuni.default
gmake ESMF_PRELOADDIR=/project/esmf/himanshu/intel/install_dir/lib/libO/Linux.intel.64.mpiuni.default build_preload_script
gmake[1]: Entering directory '/project/esmf/himanshu/intel/esmf'
chmod 755 /project/esmf/himanshu/intel/install_dir/lib/libO/Linux.intel.64.mpiuni.default/preload.sh
gmake[1]: Leaving directory '/project/esmf/himanshu/intel/esmf'
ranlib /project/esmf/himanshu/intel/install_dir/lib/libO/Linux.intel.64.mpiuni.default/libesmf*.a
gmake install_apps
gmake[1]: Entering directory '/project/esmf/himanshu/intel/esmf'
mkdir -p /project/esmf/himanshu/intel/install_dir/bin/binO/Linux.intel.64.mpiuni.default
gmake build_apps ESMF_APPSDIR=/project/esmf/himanshu/intel/install_dir/bin/binO/Linux.intel.64.mpiuni.default ESMF_LDIR=/project/esmf/himanshu/intel/install_dir/lib/libO/Linux.intel.64.mpiuni.default ESMF_LIBDIR=/project/esmf/himanshu/intel/install_dir/lib/libO/Linux.intel.64.mpiuni.default ESMF_MODDIR=/project/esmf/himanshu/intel/install_dir/mod/modO/Linux.intel.64.mpiuni.default
gmake[2]: Entering directory '/project/esmf/himanshu/intel/esmf'
cd /project/esmf/himanshu/intel/esmf/src/apps; gmake ACTION=tree_build_apps tree
gmake[3]: Entering directory '/project/esmf/himanshu/intel/esmf/src/apps'
tree_build_apps in: /project/esmf/himanshu/intel/esmf/src/apps/ESMF_PrintInfo
gmake[4]: Entering directory '/project/esmf/himanshu/intel/esmf/src/apps/ESMF_PrintInfo'
gmake chkdir_locobj
gmake[5]: Entering directory '/project/esmf/himanshu/intel/esmf/src/apps/ESMF_PrintInfo'
Making directory /project/esmf/himanshu/intel/esmf/obj/objO/Linux.intel.64.mpiuni.default/src/apps/ESMF_PrintInfo for apps output
gmake[5]: Leaving directory '/project/esmf/himanshu/intel/esmf/src/apps/ESMF_PrintInfo'
ifort -c -O -fPIC -assume realloc_lhs -m64 -mcmodel=small -pthread -threads  -qopenmp -I/project/esmf/himanshu/intel/esmf/src/apps/ESMF_PrintInfo -I/project/esmf/himanshu/intel/esmf/build_config/Linux.intel.default -I/project/esmf/himanshu/intel/esmf/src/Infrastructure -I/project/esmf/himanshu/intel/esmf/src/Superstructure -I/project/esmf/himanshu/intel/install_dir/mod/modO/Linux.intel.64.mpiuni.default -I/project/esmf/himanshu/intel/esmf/src/include   -DESMF_NO_INTEGER_1_BYTE -DESMF_NO_INTEGER_2_BYTE -DESMFVERSIONGIT='"ESMF_8_2_0_beta_snapshot_00-6-gf8f29dec9e"' -DESMF_MOAB=1 -DESMF_LAPACK=1 -DESMF_LAPACK_INTERNAL=1 -DESMF_NO_ACC_SOFTWARE_STACK=1 -DESMF_YAMLCPP=1 -DESMF_YAML=1 -DESMF_NO_OPENACC -DESMF_TESTEXHAUSTIVE -DESMF_BOPT_O -DESMF_TESTCOMPTUNNEL -DSx86_64_small=1 -DESMF_OS_Linux=1 -DESMF_COMM=mpiuni -DESMF_DIR=/project/esmf/himanshu/intel/esmf -DESMF_MPIUNI ESMF_PrintInfo.F90 -o /project/esmf/himanshu/intel/esmf/obj/objO/Linux.intel.64.mpiuni.default/src/apps/ESMF_PrintInfo/ESMF_PrintInfo.o
gmake chkdir_apps
gmake[5]: Entering directory '/project/esmf/himanshu/intel/esmf/src/apps/ESMF_PrintInfo'
gmake[5]: Leaving directory '/project/esmf/himanshu/intel/esmf/src/apps/ESMF_PrintInfo'
ifort    -m64 -mcmodel=small -pthread -threads -Wl,--no-as-needed  -qopenmp -L/project/esmf/himanshu/intel/install_dir/lib/libO/Linux.intel.64.mpiuni.default   -Wl,-rpath,/project/esmf/himanshu/intel/install_dir/lib/libO/Linux.intel.64.mpiuni.default  -o /project/esmf/himanshu/intel/install_dir/bin/binO/Linux.intel.64.mpiuni.default/ESMF_PrintInfo /project/esmf/himanshu/intel/esmf/obj/objO/Linux.intel.64.mpiuni.default/src/apps/ESMF_PrintInfo/ESMF_PrintInfo.o -lesmf  -cxxlib -lrt -ldl
gmake[4]: Leaving directory '/project/esmf/himanshu/intel/esmf/src/apps/ESMF_PrintInfo'
tree_build_apps in: /project/esmf/himanshu/intel/esmf/src/apps/ESMF_PrintInfoC
gmake[4]: Entering directory '/project/esmf/himanshu/intel/esmf/src/apps/ESMF_PrintInfoC'
gmake chkdir_locobj
gmake[5]: Entering directory '/project/esmf/himanshu/intel/esmf/src/apps/ESMF_PrintInfoC'
Making directory /project/esmf/himanshu/intel/esmf/obj/objO/Linux.intel.64.mpiuni.default/src/apps/ESMF_PrintInfoC for apps output
gmake[5]: Leaving directory '/project/esmf/himanshu/intel/esmf/src/apps/ESMF_PrintInfoC'
icpc -c -std=c++11 -O -DNDEBUG -fPIC -m64 -mcmodel=small -pthread  -qopenmp -I/project/esmf/himanshu/intel/esmf/src/apps/ESMF_PrintInfoC -I/project/esmf/himanshu/intel/esmf/src/apps/ESMF_PrintInfoC/../include -I/project/esmf/himanshu/intel/esmf/build_config/Linux.intel.default -I/project/esmf/himanshu/intel/esmf/src/Infrastructure -I/project/esmf/himanshu/intel/esmf/src/Superstructure -I/project/esmf/himanshu/intel/esmf/src/Infrastructure/stubs/pthread  -I/project/esmf/himanshu/intel/esmf/src/include   -I/project/esmf/himanshu/intel/esmf/src/Infrastructure/stubs/mpiuni -I/project/esmf/himanshu/intel/esmf/src/prologue/yaml-cpp/include -DESMF_NO_INTEGER_1_BYTE -DESMF_NO_INTEGER_2_BYTE -DESMFVERSIONGIT='"ESMF_8_2_0_beta_snapshot_00-6-gf8f29dec9e"' -DESMF_MOAB=1 -DESMF_LAPACK=1 -DESMF_LAPACK_INTERNAL=1 -DESMF_NO_ACC_SOFTWARE_STACK=1 -DESMF_YAMLCPP=1 -DESMF_YAML=1 -DESMF_NO_OPENACC -DESMF_TESTEXHAUSTIVE -DESMF_BOPT_O -DESMF_TESTCOMPTUNNEL -DSx86_64_small=1 -DESMF_OS_Linux=1 -DESMF_COMM=mpiuni -DESMF_DIR=/project/esmf/himanshu/intel/esmf -D__SDIR__='"src/apps/ESMF_PrintInfoC"' -DESMF_CXXSTD=11 -DESMF_MPIUNI ESMF_PrintInfoC.c -o /project/esmf/himanshu/intel/esmf/obj/objO/Linux.intel.64.mpiuni.default/src/apps/ESMF_PrintInfoC/ESMF_PrintInfoC.o
gmake chkdir_apps
gmake[5]: Entering directory '/project/esmf/himanshu/intel/esmf/src/apps/ESMF_PrintInfoC'
gmake[5]: Leaving directory '/project/esmf/himanshu/intel/esmf/src/apps/ESMF_PrintInfoC'
icpc    -m64 -mcmodel=small -pthread -Wl,--no-as-needed  -qopenmp -L/project/esmf/himanshu/intel/install_dir/lib/libO/Linux.intel.64.mpiuni.default  -L/usr/local/intel-cluster-20.0.1/compilers_and_libraries_2020.0.166/linux/compiler/lib/intel64_lin/ -Wl,-rpath,/project/esmf/himanshu/intel/install_dir/lib/libO/Linux.intel.64.mpiuni.default  -Wl,-rpath,/usr/local/intel-cluster-20.0.1/compilers_and_libraries_2020.0.166/linux/compiler/lib/intel64_lin/ -o /project/esmf/himanshu/intel/install_dir/bin/binO/Linux.intel.64.mpiuni.default/ESMF_PrintInfoC /project/esmf/himanshu/intel/esmf/obj/objO/Linux.intel.64.mpiuni.default/src/apps/ESMF_PrintInfoC/ESMF_PrintInfoC.o -lesmf  -lifport -lifcoremt -limf -lsvml -lm -lipgo -liomp5 -lintlc -lpthread -lsvml -lgcc -lgcc_s -lirc_s -ldl -lrt -ldl
gmake[4]: Leaving directory '/project/esmf/himanshu/intel/esmf/src/apps/ESMF_PrintInfoC'
tree_build_apps in: /project/esmf/himanshu/intel/esmf/src/apps/ESMF_RegridWeightGen
gmake[4]: Entering directory '/project/esmf/himanshu/intel/esmf/src/apps/ESMF_RegridWeightGen'
gmake chkdir_locobj
gmake[5]: Entering directory '/project/esmf/himanshu/intel/esmf/src/apps/ESMF_RegridWeightGen'
Making directory /project/esmf/himanshu/intel/esmf/obj/objO/Linux.intel.64.mpiuni.default/src/apps/ESMF_RegridWeightGen for apps output
gmake[5]: Leaving directory '/project/esmf/himanshu/intel/esmf/src/apps/ESMF_RegridWeightGen'
ifort -c -O -fPIC -assume realloc_lhs -m64 -mcmodel=small -pthread -threads  -qopenmp -I/project/esmf/himanshu/intel/esmf/src/apps/ESMF_RegridWeightGen -I/project/esmf/himanshu/intel/esmf/build_config/Linux.intel.default -I/project/esmf/himanshu/intel/esmf/src/Infrastructure -I/project/esmf/himanshu/intel/esmf/src/Superstructure -I/project/esmf/himanshu/intel/install_dir/mod/modO/Linux.intel.64.mpiuni.default -I/project/esmf/himanshu/intel/esmf/src/include   -DESMF_NO_INTEGER_1_BYTE -DESMF_NO_INTEGER_2_BYTE -DESMFVERSIONGIT='"ESMF_8_2_0_beta_snapshot_00-6-gf8f29dec9e"' -DESMF_MOAB=1 -DESMF_LAPACK=1 -DESMF_LAPACK_INTERNAL=1 -DESMF_NO_ACC_SOFTWARE_STACK=1 -DESMF_YAMLCPP=1 -DESMF_YAML=1 -DESMF_NO_OPENACC -DESMF_TESTEXHAUSTIVE -DESMF_BOPT_O -DESMF_TESTCOMPTUNNEL -DSx86_64_small=1 -DESMF_OS_Linux=1 -DESMF_COMM=mpiuni -DESMF_DIR=/project/esmf/himanshu/intel/esmf -DESMF_MPIUNI ESMF_RegridWeightGen.F90 -o /project/esmf/himanshu/intel/esmf/obj/objO/Linux.intel.64.mpiuni.default/src/apps/ESMF_RegridWeightGen/ESMF_RegridWeightGen.o
gmake chkdir_apps
gmake[5]: Entering directory '/project/esmf/himanshu/intel/esmf/src/apps/ESMF_RegridWeightGen'
gmake[5]: Leaving directory '/project/esmf/himanshu/intel/esmf/src/apps/ESMF_RegridWeightGen'
ifort    -m64 -mcmodel=small -pthread -threads -Wl,--no-as-needed  -qopenmp -L/project/esmf/himanshu/intel/install_dir/lib/libO/Linux.intel.64.mpiuni.default   -Wl,-rpath,/project/esmf/himanshu/intel/install_dir/lib/libO/Linux.intel.64.mpiuni.default  -o /project/esmf/himanshu/intel/install_dir/bin/binO/Linux.intel.64.mpiuni.default/ESMF_RegridWeightGen /project/esmf/himanshu/intel/esmf/obj/objO/Linux.intel.64.mpiuni.default/src/apps/ESMF_RegridWeightGen/ESMF_RegridWeightGen.o -lesmf  -cxxlib -lrt -ldl
gmake[4]: Leaving directory '/project/esmf/himanshu/intel/esmf/src/apps/ESMF_RegridWeightGen'
tree_build_apps in: /project/esmf/himanshu/intel/esmf/src/apps/ESMF_WebServController
gmake[4]: Entering directory '/project/esmf/himanshu/intel/esmf/src/apps/ESMF_WebServController'
gmake chkdir_locobj
gmake[5]: Entering directory '/project/esmf/himanshu/intel/esmf/src/apps/ESMF_WebServController'
Making directory /project/esmf/himanshu/intel/esmf/obj/objO/Linux.intel.64.mpiuni.default/src/apps/ESMF_WebServController for apps output
gmake[5]: Leaving directory '/project/esmf/himanshu/intel/esmf/src/apps/ESMF_WebServController'
icpc -c -std=c++11 -O -DNDEBUG -fPIC -m64 -mcmodel=small -pthread  -qopenmp -I/project/esmf/himanshu/intel/esmf/src/apps/ESMF_WebServController -I/project/esmf/himanshu/intel/esmf/src/apps/ESMF_WebServController/../include -I/project/esmf/himanshu/intel/esmf/build_config/Linux.intel.default -I/project/esmf/himanshu/intel/esmf/src/Infrastructure -I/project/esmf/himanshu/intel/esmf/src/Superstructure -I/project/esmf/himanshu/intel/esmf/src/Infrastructure/stubs/pthread  -I/project/esmf/himanshu/intel/esmf/src/include   -I/project/esmf/himanshu/intel/esmf/src/Infrastructure/stubs/mpiuni -I/project/esmf/himanshu/intel/esmf/src/prologue/yaml-cpp/include -DESMF_NO_INTEGER_1_BYTE -DESMF_NO_INTEGER_2_BYTE -DESMFVERSIONGIT='"ESMF_8_2_0_beta_snapshot_00-6-gf8f29dec9e"' -DESMF_MOAB=1 -DESMF_LAPACK=1 -DESMF_LAPACK_INTERNAL=1 -DESMF_NO_ACC_SOFTWARE_STACK=1 -DESMF_YAMLCPP=1 -DESMF_YAML=1 -DESMF_NO_OPENACC -DESMF_TESTEXHAUSTIVE -DESMF_BOPT_O -DESMF_TESTCOMPTUNNEL -DSx86_64_small=1 -DESMF_OS_Linux=1 -DESMF_COMM=mpiuni -DESMF_DIR=/project/esmf/himanshu/intel/esmf -D__SDIR__='"src/apps/ESMF_WebServController"' -DESMF_CXXSTD=11 -DESMF_MPIUNI ESMF_WebServController.C -o /project/esmf/himanshu/intel/esmf/obj/objO/Linux.intel.64.mpiuni.default/src/apps/ESMF_WebServController/ESMF_WebServController.o
gmake chkdir_apps
gmake[5]: Entering directory '/project/esmf/himanshu/intel/esmf/src/apps/ESMF_WebServController'
gmake[5]: Leaving directory '/project/esmf/himanshu/intel/esmf/src/apps/ESMF_WebServController'
icpc    -m64 -mcmodel=small -pthread -Wl,--no-as-needed  -qopenmp -L/project/esmf/himanshu/intel/install_dir/lib/libO/Linux.intel.64.mpiuni.default  -L/usr/local/intel-cluster-20.0.1/compilers_and_libraries_2020.0.166/linux/compiler/lib/intel64_lin/ -Wl,-rpath,/project/esmf/himanshu/intel/install_dir/lib/libO/Linux.intel.64.mpiuni.default  -Wl,-rpath,/usr/local/intel-cluster-20.0.1/compilers_and_libraries_2020.0.166/linux/compiler/lib/intel64_lin/ -o /project/esmf/himanshu/intel/install_dir/bin/binO/Linux.intel.64.mpiuni.default/ESMF_WebServController /project/esmf/himanshu/intel/esmf/obj/objO/Linux.intel.64.mpiuni.default/src/apps/ESMF_WebServController/ESMF_WebServController.o -lesmf  -lifport -lifcoremt -limf -lsvml -lm -lipgo -liomp5 -lintlc -lpthread -lsvml -lgcc -lgcc_s -lirc_s -ldl -lrt -ldl
gmake[4]: Leaving directory '/project/esmf/himanshu/intel/esmf/src/apps/ESMF_WebServController'
tree_build_apps in: /project/esmf/himanshu/intel/esmf/src/apps/ESMF_Scrip2Unstruct
gmake[4]: Entering directory '/project/esmf/himanshu/intel/esmf/src/apps/ESMF_Scrip2Unstruct'
gmake chkdir_locobj
gmake[5]: Entering directory '/project/esmf/himanshu/intel/esmf/src/apps/ESMF_Scrip2Unstruct'
Making directory /project/esmf/himanshu/intel/esmf/obj/objO/Linux.intel.64.mpiuni.default/src/apps/ESMF_Scrip2Unstruct for apps output
gmake[5]: Leaving directory '/project/esmf/himanshu/intel/esmf/src/apps/ESMF_Scrip2Unstruct'
icpc -c -std=c++11 -O -DNDEBUG -fPIC -m64 -mcmodel=small -pthread  -qopenmp -I/project/esmf/himanshu/intel/esmf/src/apps/ESMF_Scrip2Unstruct -I/project/esmf/himanshu/intel/esmf/src/apps/ESMF_Scrip2Unstruct/../include -I/project/esmf/himanshu/intel/esmf/build_config/Linux.intel.default -I/project/esmf/himanshu/intel/esmf/src/Infrastructure -I/project/esmf/himanshu/intel/esmf/src/Superstructure -I/project/esmf/himanshu/intel/esmf/src/Infrastructure/stubs/pthread  -I/project/esmf/himanshu/intel/esmf/src/include   -I/project/esmf/himanshu/intel/esmf/src/Infrastructure/stubs/mpiuni -I/project/esmf/himanshu/intel/esmf/src/prologue/yaml-cpp/include -DESMF_NO_INTEGER_1_BYTE -DESMF_NO_INTEGER_2_BYTE -DESMFVERSIONGIT='"ESMF_8_2_0_beta_snapshot_00-6-gf8f29dec9e"' -DESMF_MOAB=1 -DESMF_LAPACK=1 -DESMF_LAPACK_INTERNAL=1 -DESMF_NO_ACC_SOFTWARE_STACK=1 -DESMF_YAMLCPP=1 -DESMF_YAML=1 -DESMF_NO_OPENACC -DESMF_TESTEXHAUSTIVE -DESMF_BOPT_O -DESMF_TESTCOMPTUNNEL -DSx86_64_small=1 -DESMF_OS_Linux=1 -DESMF_COMM=mpiuni -DESMF_DIR=/project/esmf/himanshu/intel/esmf -D__SDIR__='"src/apps/ESMF_Scrip2Unstruct"' -DESMF_CXXSTD=11 -DESMF_MPIUNI ESMF_Scrip2Unstruct.C -o /project/esmf/himanshu/intel/esmf/obj/objO/Linux.intel.64.mpiuni.default/src/apps/ESMF_Scrip2Unstruct/ESMF_Scrip2Unstruct.o
gmake chkdir_apps
gmake[5]: Entering directory '/project/esmf/himanshu/intel/esmf/src/apps/ESMF_Scrip2Unstruct'
gmake[5]: Leaving directory '/project/esmf/himanshu/intel/esmf/src/apps/ESMF_Scrip2Unstruct'
icpc    -m64 -mcmodel=small -pthread -Wl,--no-as-needed  -qopenmp -L/project/esmf/himanshu/intel/install_dir/lib/libO/Linux.intel.64.mpiuni.default  -L/usr/local/intel-cluster-20.0.1/compilers_and_libraries_2020.0.166/linux/compiler/lib/intel64_lin/ -Wl,-rpath,/project/esmf/himanshu/intel/install_dir/lib/libO/Linux.intel.64.mpiuni.default  -Wl,-rpath,/usr/local/intel-cluster-20.0.1/compilers_and_libraries_2020.0.166/linux/compiler/lib/intel64_lin/ -o /project/esmf/himanshu/intel/install_dir/bin/binO/Linux.intel.64.mpiuni.default/ESMF_Scrip2Unstruct /project/esmf/himanshu/intel/esmf/obj/objO/Linux.intel.64.mpiuni.default/src/apps/ESMF_Scrip2Unstruct/ESMF_Scrip2Unstruct.o -lesmf  -lifport -lifcoremt -limf -lsvml -lm -lipgo -liomp5 -lintlc -lpthread -lsvml -lgcc -lgcc_s -lirc_s -ldl -lrt -ldl
gmake[4]: Leaving directory '/project/esmf/himanshu/intel/esmf/src/apps/ESMF_Scrip2Unstruct'
tree_build_apps in: /project/esmf/himanshu/intel/esmf/src/apps/ESMF_Regrid
gmake[4]: Entering directory '/project/esmf/himanshu/intel/esmf/src/apps/ESMF_Regrid'
gmake chkdir_locobj
gmake[5]: Entering directory '/project/esmf/himanshu/intel/esmf/src/apps/ESMF_Regrid'
Making directory /project/esmf/himanshu/intel/esmf/obj/objO/Linux.intel.64.mpiuni.default/src/apps/ESMF_Regrid for apps output
gmake[5]: Leaving directory '/project/esmf/himanshu/intel/esmf/src/apps/ESMF_Regrid'
ifort -c -O -fPIC -assume realloc_lhs -m64 -mcmodel=small -pthread -threads  -qopenmp -I/project/esmf/himanshu/intel/esmf/src/apps/ESMF_Regrid -I/project/esmf/himanshu/intel/esmf/build_config/Linux.intel.default -I/project/esmf/himanshu/intel/esmf/src/Infrastructure -I/project/esmf/himanshu/intel/esmf/src/Superstructure -I/project/esmf/himanshu/intel/install_dir/mod/modO/Linux.intel.64.mpiuni.default -I/project/esmf/himanshu/intel/esmf/src/include   -DESMF_NO_INTEGER_1_BYTE -DESMF_NO_INTEGER_2_BYTE -DESMFVERSIONGIT='"ESMF_8_2_0_beta_snapshot_00-6-gf8f29dec9e"' -DESMF_MOAB=1 -DESMF_LAPACK=1 -DESMF_LAPACK_INTERNAL=1 -DESMF_NO_ACC_SOFTWARE_STACK=1 -DESMF_YAMLCPP=1 -DESMF_YAML=1 -DESMF_NO_OPENACC -DESMF_TESTEXHAUSTIVE -DESMF_BOPT_O -DESMF_TESTCOMPTUNNEL -DSx86_64_small=1 -DESMF_OS_Linux=1 -DESMF_COMM=mpiuni -DESMF_DIR=/project/esmf/himanshu/intel/esmf -DESMF_MPIUNI ESMF_Regrid.F90 -o /project/esmf/himanshu/intel/esmf/obj/objO/Linux.intel.64.mpiuni.default/src/apps/ESMF_Regrid/ESMF_Regrid.o
gmake chkdir_apps
gmake[5]: Entering directory '/project/esmf/himanshu/intel/esmf/src/apps/ESMF_Regrid'
gmake[5]: Leaving directory '/project/esmf/himanshu/intel/esmf/src/apps/ESMF_Regrid'
ifort    -m64 -mcmodel=small -pthread -threads -Wl,--no-as-needed  -qopenmp -L/project/esmf/himanshu/intel/install_dir/lib/libO/Linux.intel.64.mpiuni.default   -Wl,-rpath,/project/esmf/himanshu/intel/install_dir/lib/libO/Linux.intel.64.mpiuni.default  -o /project/esmf/himanshu/intel/install_dir/bin/binO/Linux.intel.64.mpiuni.default/ESMF_Regrid /project/esmf/himanshu/intel/esmf/obj/objO/Linux.intel.64.mpiuni.default/src/apps/ESMF_Regrid/ESMF_Regrid.o -lesmf  -cxxlib -lrt -ldl
gmake[4]: Leaving directory '/project/esmf/himanshu/intel/esmf/src/apps/ESMF_Regrid'
gmake[3]: Leaving directory '/project/esmf/himanshu/intel/esmf/src/apps'
ESMF apps built successfully.
gmake[2]: Leaving directory '/project/esmf/himanshu/intel/esmf'
gmake[1]: Leaving directory '/project/esmf/himanshu/intel/esmf'
mkdir -p /project/esmf/himanshu/intel/install_dir/doc
gmake install_info_mk
gmake[1]: Entering directory '/project/esmf/himanshu/intel/esmf'
gmake info_mk ESMF_APPSDIR=/project/esmf/himanshu/intel/install_dir/bin/binO/Linux.intel.64.mpiuni.default ESMF_LDIR=/project/esmf/himanshu/intel/install_dir/lib/libO/Linux.intel.64.mpiuni.default ESMF_LIBDIR=/project/esmf/himanshu/intel/install_dir/lib/libO/Linux.intel.64.mpiuni.default ESMF_MODDIR=/project/esmf/himanshu/intel/install_dir/mod/modO/Linux.intel.64.mpiuni.default ESMF_INCDIR=/project/esmf/himanshu/intel/install_dir/include
gmake[2]: Entering directory '/project/esmf/himanshu/intel/esmf'
gmake[2]: Leaving directory '/project/esmf/himanshu/intel/esmf'
gmake[1]: Leaving directory '/project/esmf/himanshu/intel/esmf'
 
ESMF installation complete.
 
Sat Feb 27 20:53:48 MST 2021
