20200821 151855.422 INFO             PET0 !!!!!!!!!!!!!!!!!!!!!!!!!!!!!!!!!!!!!!!!!!!!!!!!!!!!!!
20200821 151855.422 INFO             PET0 !!! THE ESMF_LOG IS SET TO OUTPUT ALL LOG MESSAGES !!!
20200821 151855.422 INFO             PET0 !!!     THIS MAY CAUSE SLOWDOWN IN PERFORMANCE     !!!
20200821 151855.422 INFO             PET0 !!! FOR PRODUCTION RUNS, USE:                      !!!
20200821 151855.422 INFO             PET0 !!!                   ESMF_LOGKIND_Multi_On_Error  !!!
20200821 151855.422 INFO             PET0 !!!!!!!!!!!!!!!!!!!!!!!!!!!!!!!!!!!!!!!!!!!!!!!!!!!!!!
20200821 151855.422 INFO             PET0 Running with ESMF Version   : ESMF_8_1_0_beta_snapshot_26-19-g4de1ef34b4
20200821 151855.422 INFO             PET0 ESMF library build date/time: "Aug 21 2020" "14:28:01"
20200821 151855.422 INFO             PET0 ESMF library build location : /home1/07356/tg866552/himanshu/esmf
20200821 151855.422 INFO             PET0 ESMF_COMM                   : intelmpi
20200821 151855.427 INFO             PET0 ESMF_NETCDF                 : enabled
20200821 151855.427 INFO             PET0 ESMF_PNETCDF                : disabled
20200821 151855.427 INFO             PET0 ESMF_PIO                    : enabled
20200821 151855.427 INFO             PET0 ESMF_YAMLCPP                : enabled
20200821 151855.427 INFO             PET0 ESMF_MOAB                   : enabled
20200821 151855.437 INFO             PET0  NUMBER_OF_PROCESSORS           4
20200821 151855.437 INFO             PET0  PASS  Example ESMF_VMNonBlockingEx, ESMF_VMNonBlockingEx.F90, line 280
20200821 151855.438 INFO             PET0 Finalizing ESMF
20200821 151855.426 INFO             PET1 !!!!!!!!!!!!!!!!!!!!!!!!!!!!!!!!!!!!!!!!!!!!!!!!!!!!!!
20200821 151855.426 INFO             PET1 !!! THE ESMF_LOG IS SET TO OUTPUT ALL LOG MESSAGES !!!
20200821 151855.426 INFO             PET1 !!!     THIS MAY CAUSE SLOWDOWN IN PERFORMANCE     !!!
20200821 151855.426 INFO             PET1 !!! FOR PRODUCTION RUNS, USE:                      !!!
20200821 151855.427 INFO             PET1 !!!                   ESMF_LOGKIND_Multi_On_Error  !!!
20200821 151855.427 INFO             PET1 !!!!!!!!!!!!!!!!!!!!!!!!!!!!!!!!!!!!!!!!!!!!!!!!!!!!!!
20200821 151855.427 INFO             PET1 Running with ESMF Version   : ESMF_8_1_0_beta_snapshot_26-19-g4de1ef34b4
20200821 151855.427 INFO             PET1 ESMF library build date/time: "Aug 21 2020" "14:28:01"
20200821 151855.427 INFO             PET1 ESMF library build location : /home1/07356/tg866552/himanshu/esmf
20200821 151855.427 INFO             PET1 ESMF_COMM                   : intelmpi
20200821 151855.431 INFO             PET1 ESMF_NETCDF                 : enabled
20200821 151855.431 INFO             PET1 ESMF_PNETCDF                : disabled
20200821 151855.431 INFO             PET1 ESMF_PIO                    : enabled
20200821 151855.431 INFO             PET1 ESMF_YAMLCPP                : enabled
20200821 151855.431 INFO             PET1 ESMF_MOAB                   : enabled
20200821 151855.437 INFO             PET1  NUMBER_OF_PROCESSORS           4
20200821 151855.437 INFO             PET1  PASS  Example ESMF_VMNonBlockingEx, ESMF_VMNonBlockingEx.F90, line 280
20200821 151855.438 INFO             PET1 Finalizing ESMF
20200821 151855.428 INFO             PET2 !!!!!!!!!!!!!!!!!!!!!!!!!!!!!!!!!!!!!!!!!!!!!!!!!!!!!!
20200821 151855.429 INFO             PET2 !!! THE ESMF_LOG IS SET TO OUTPUT ALL LOG MESSAGES !!!
20200821 151855.429 INFO             PET2 !!!     THIS MAY CAUSE SLOWDOWN IN PERFORMANCE     !!!
20200821 151855.429 INFO             PET2 !!! FOR PRODUCTION RUNS, USE:                      !!!
20200821 151855.429 INFO             PET2 !!!                   ESMF_LOGKIND_Multi_On_Error  !!!
20200821 151855.429 INFO             PET2 !!!!!!!!!!!!!!!!!!!!!!!!!!!!!!!!!!!!!!!!!!!!!!!!!!!!!!
20200821 151855.429 INFO             PET2 Running with ESMF Version   : ESMF_8_1_0_beta_snapshot_26-19-g4de1ef34b4
20200821 151855.429 INFO             PET2 ESMF library build date/time: "Aug 21 2020" "14:28:01"
20200821 151855.429 INFO             PET2 ESMF library build location : /home1/07356/tg866552/himanshu/esmf
20200821 151855.429 INFO             PET2 ESMF_COMM                   : intelmpi
20200821 151855.433 INFO             PET2 ESMF_NETCDF                 : enabled
20200821 151855.433 INFO             PET2 ESMF_PNETCDF                : disabled
20200821 151855.433 INFO             PET2 ESMF_PIO                    : enabled
20200821 151855.433 INFO             PET2 ESMF_YAMLCPP                : enabled
20200821 151855.434 INFO             PET2 ESMF_MOAB                   : enabled
20200821 151855.437 INFO             PET2  NUMBER_OF_PROCESSORS           4
20200821 151855.437 INFO             PET2  PASS  Example ESMF_VMNonBlockingEx, ESMF_VMNonBlockingEx.F90, line 280
20200821 151855.438 INFO             PET2 Finalizing ESMF
20200821 151855.431 INFO             PET3 !!!!!!!!!!!!!!!!!!!!!!!!!!!!!!!!!!!!!!!!!!!!!!!!!!!!!!
20200821 151855.431 INFO             PET3 !!! THE ESMF_LOG IS SET TO OUTPUT ALL LOG MESSAGES !!!
20200821 151855.431 INFO             PET3 !!!     THIS MAY CAUSE SLOWDOWN IN PERFORMANCE     !!!
20200821 151855.431 INFO             PET3 !!! FOR PRODUCTION RUNS, USE:                      !!!
20200821 151855.431 INFO             PET3 !!!                   ESMF_LOGKIND_Multi_On_Error  !!!
20200821 151855.431 INFO             PET3 !!!!!!!!!!!!!!!!!!!!!!!!!!!!!!!!!!!!!!!!!!!!!!!!!!!!!!
20200821 151855.431 INFO             PET3 Running with ESMF Version   : ESMF_8_1_0_beta_snapshot_26-19-g4de1ef34b4
20200821 151855.431 INFO             PET3 ESMF library build date/time: "Aug 21 2020" "14:28:01"
20200821 151855.431 INFO             PET3 ESMF library build location : /home1/07356/tg866552/himanshu/esmf
20200821 151855.431 INFO             PET3 ESMF_COMM                   : intelmpi
20200821 151855.436 INFO             PET3 ESMF_NETCDF                 : enabled
20200821 151855.436 INFO             PET3 ESMF_PNETCDF                : disabled
20200821 151855.436 INFO             PET3 ESMF_PIO                    : enabled
20200821 151855.436 INFO             PET3 ESMF_YAMLCPP                : enabled
20200821 151855.436 INFO             PET3 ESMF_MOAB                   : enabled
20200821 151855.437 INFO             PET3  NUMBER_OF_PROCESSORS           4
20200821 151855.437 INFO             PET3  PASS  Example ESMF_VMNonBlockingEx, ESMF_VMNonBlockingEx.F90, line 280
20200821 151855.438 INFO             PET3 Finalizing ESMF
20200821 151855.438 INFO             PET3 actually posting MPI_Wait()
