20200824 205816.760 INFO             PET0 !!!!!!!!!!!!!!!!!!!!!!!!!!!!!!!!!!!!!!!!!!!!!!!!!!!!!!
20200824 205816.760 INFO             PET0 !!! THE ESMF_LOG IS SET TO OUTPUT ALL LOG MESSAGES !!!
20200824 205816.760 INFO             PET0 !!!     THIS MAY CAUSE SLOWDOWN IN PERFORMANCE     !!!
20200824 205816.760 INFO             PET0 !!! FOR PRODUCTION RUNS, USE:                      !!!
20200824 205816.760 INFO             PET0 !!!                   ESMF_LOGKIND_Multi_On_Error  !!!
20200824 205816.760 INFO             PET0 !!!!!!!!!!!!!!!!!!!!!!!!!!!!!!!!!!!!!!!!!!!!!!!!!!!!!!
20200824 205816.760 INFO             PET0 Running with ESMF Version   : ESMF_8_1_0_beta_snapshot_26-28-ga01b299545
20200824 205816.760 INFO             PET0 ESMF library build date/time: "Aug 24 2020" "20:09:31"
20200824 205816.760 INFO             PET0 ESMF library build location : /home1/07356/tg866552/himanshu/esmf
20200824 205816.760 INFO             PET0 ESMF_COMM                   : intelmpi
20200824 205816.765 INFO             PET0 ESMF_NETCDF                 : enabled
20200824 205816.765 INFO             PET0 ESMF_PNETCDF                : disabled
20200824 205816.765 INFO             PET0 ESMF_PIO                    : enabled
20200824 205816.765 INFO             PET0 ESMF_YAMLCPP                : enabled
20200824 205816.765 INFO             PET0 ESMF_MOAB                   : enabled
20200824 205816.769 INFO             PET0  NUMBER_OF_PROCESSORS           4
20200824 205816.769 INFO             PET0  PASS  Example ESMF_VMScatterVMGatherEx, ESMF_VMScatterVMGatherEx.F90, line 120
20200824 205816.769 INFO             PET0 Finalizing ESMF
20200824 205816.763 INFO             PET1 !!!!!!!!!!!!!!!!!!!!!!!!!!!!!!!!!!!!!!!!!!!!!!!!!!!!!!
20200824 205816.764 INFO             PET1 !!! THE ESMF_LOG IS SET TO OUTPUT ALL LOG MESSAGES !!!
20200824 205816.764 INFO             PET1 !!!     THIS MAY CAUSE SLOWDOWN IN PERFORMANCE     !!!
20200824 205816.764 INFO             PET1 !!! FOR PRODUCTION RUNS, USE:                      !!!
20200824 205816.764 INFO             PET1 !!!                   ESMF_LOGKIND_Multi_On_Error  !!!
20200824 205816.764 INFO             PET1 !!!!!!!!!!!!!!!!!!!!!!!!!!!!!!!!!!!!!!!!!!!!!!!!!!!!!!
20200824 205816.764 INFO             PET1 Running with ESMF Version   : ESMF_8_1_0_beta_snapshot_26-28-ga01b299545
20200824 205816.764 INFO             PET1 ESMF library build date/time: "Aug 24 2020" "20:09:31"
20200824 205816.764 INFO             PET1 ESMF library build location : /home1/07356/tg866552/himanshu/esmf
20200824 205816.764 INFO             PET1 ESMF_COMM                   : intelmpi
20200824 205816.768 INFO             PET1 ESMF_NETCDF                 : enabled
20200824 205816.768 INFO             PET1 ESMF_PNETCDF                : disabled
20200824 205816.768 INFO             PET1 ESMF_PIO                    : enabled
20200824 205816.768 INFO             PET1 ESMF_YAMLCPP                : enabled
20200824 205816.768 INFO             PET1 ESMF_MOAB                   : enabled
20200824 205816.769 INFO             PET1  NUMBER_OF_PROCESSORS           4
20200824 205816.769 INFO             PET1  PASS  Example ESMF_VMScatterVMGatherEx, ESMF_VMScatterVMGatherEx.F90, line 120
20200824 205816.769 INFO             PET1 Finalizing ESMF
20200824 205816.761 INFO             PET2 !!!!!!!!!!!!!!!!!!!!!!!!!!!!!!!!!!!!!!!!!!!!!!!!!!!!!!
20200824 205816.762 INFO             PET2 !!! THE ESMF_LOG IS SET TO OUTPUT ALL LOG MESSAGES !!!
20200824 205816.762 INFO             PET2 !!!     THIS MAY CAUSE SLOWDOWN IN PERFORMANCE     !!!
20200824 205816.762 INFO             PET2 !!! FOR PRODUCTION RUNS, USE:                      !!!
20200824 205816.762 INFO             PET2 !!!                   ESMF_LOGKIND_Multi_On_Error  !!!
20200824 205816.762 INFO             PET2 !!!!!!!!!!!!!!!!!!!!!!!!!!!!!!!!!!!!!!!!!!!!!!!!!!!!!!
20200824 205816.762 INFO             PET2 Running with ESMF Version   : ESMF_8_1_0_beta_snapshot_26-28-ga01b299545
20200824 205816.762 INFO             PET2 ESMF library build date/time: "Aug 24 2020" "20:09:31"
20200824 205816.762 INFO             PET2 ESMF library build location : /home1/07356/tg866552/himanshu/esmf
20200824 205816.762 INFO             PET2 ESMF_COMM                   : intelmpi
20200824 205816.766 INFO             PET2 ESMF_NETCDF                 : enabled
20200824 205816.766 INFO             PET2 ESMF_PNETCDF                : disabled
20200824 205816.766 INFO             PET2 ESMF_PIO                    : enabled
20200824 205816.766 INFO             PET2 ESMF_YAMLCPP                : enabled
20200824 205816.766 INFO             PET2 ESMF_MOAB                   : enabled
20200824 205816.769 INFO             PET2  NUMBER_OF_PROCESSORS           4
20200824 205816.769 INFO             PET2  PASS  Example ESMF_VMScatterVMGatherEx, ESMF_VMScatterVMGatherEx.F90, line 120
20200824 205816.769 INFO             PET2 Finalizing ESMF
20200824 205816.763 INFO             PET3 !!!!!!!!!!!!!!!!!!!!!!!!!!!!!!!!!!!!!!!!!!!!!!!!!!!!!!
20200824 205816.764 INFO             PET3 !!! THE ESMF_LOG IS SET TO OUTPUT ALL LOG MESSAGES !!!
20200824 205816.764 INFO             PET3 !!!     THIS MAY CAUSE SLOWDOWN IN PERFORMANCE     !!!
20200824 205816.764 INFO             PET3 !!! FOR PRODUCTION RUNS, USE:                      !!!
20200824 205816.764 INFO             PET3 !!!                   ESMF_LOGKIND_Multi_On_Error  !!!
20200824 205816.764 INFO             PET3 !!!!!!!!!!!!!!!!!!!!!!!!!!!!!!!!!!!!!!!!!!!!!!!!!!!!!!
20200824 205816.764 INFO             PET3 Running with ESMF Version   : ESMF_8_1_0_beta_snapshot_26-28-ga01b299545
20200824 205816.764 INFO             PET3 ESMF library build date/time: "Aug 24 2020" "20:09:31"
20200824 205816.764 INFO             PET3 ESMF library build location : /home1/07356/tg866552/himanshu/esmf
20200824 205816.764 INFO             PET3 ESMF_COMM                   : intelmpi
20200824 205816.768 INFO             PET3 ESMF_NETCDF                 : enabled
20200824 205816.768 INFO             PET3 ESMF_PNETCDF                : disabled
20200824 205816.768 INFO             PET3 ESMF_PIO                    : enabled
20200824 205816.768 INFO             PET3 ESMF_YAMLCPP                : enabled
20200824 205816.768 INFO             PET3 ESMF_MOAB                   : enabled
20200824 205816.769 INFO             PET3  NUMBER_OF_PROCESSORS           4
20200824 205816.769 INFO             PET3  PASS  Example ESMF_VMScatterVMGatherEx, ESMF_VMScatterVMGatherEx.F90, line 120
20200824 205816.769 INFO             PET3 Finalizing ESMF
