20200819 180907.187 INFO             PET0 !!!!!!!!!!!!!!!!!!!!!!!!!!!!!!!!!!!!!!!!!!!!!!!!!!!!!!
20200819 180907.187 INFO             PET0 !!! THE ESMF_LOG IS SET TO OUTPUT ALL LOG MESSAGES !!!
20200819 180907.187 INFO             PET0 !!!     THIS MAY CAUSE SLOWDOWN IN PERFORMANCE     !!!
20200819 180907.187 INFO             PET0 !!! FOR PRODUCTION RUNS, USE:                      !!!
20200819 180907.187 INFO             PET0 !!!                   ESMF_LOGKIND_Multi_On_Error  !!!
20200819 180907.187 INFO             PET0 !!!!!!!!!!!!!!!!!!!!!!!!!!!!!!!!!!!!!!!!!!!!!!!!!!!!!!
20200819 180907.187 INFO             PET0 Running with ESMF Version   : ESMF_8_1_0_beta_snapshot_26-15-g928c3b319f
20200819 180907.187 INFO             PET0 ESMF library build date/time: "Aug 19 2020" "17:15:57"
20200819 180907.187 INFO             PET0 ESMF library build location : /home1/07356/tg866552/himanshu/esmf
20200819 180907.187 INFO             PET0 ESMF_COMM                   : intelmpi
20200819 180907.191 INFO             PET0 ESMF_NETCDF                 : enabled
20200819 180907.191 INFO             PET0 ESMF_PNETCDF                : disabled
20200819 180907.192 INFO             PET0 ESMF_PIO                    : enabled
20200819 180907.192 INFO             PET0 ESMF_YAMLCPP                : enabled
20200819 180907.192 INFO             PET0 ESMF_MOAB                   : enabled
20200819 180907.326 WARNING          PET0 ESMF_IOScrip.F90:4699 ESMF_EsmfGetElement Variable centerCoords in data/ne4np4-esmf.nc does not exist
20200819 180907.521 INFO             PET0  NUMBER_OF_PROCESSORS           4
20200819 180907.521 INFO             PET0  PASS  Example ESMF_MeshEx, ESMF_MeshEx.F90, line 1795
20200819 180907.522 INFO             PET0 Finalizing ESMF
20200819 180907.182 INFO             PET1 !!!!!!!!!!!!!!!!!!!!!!!!!!!!!!!!!!!!!!!!!!!!!!!!!!!!!!
20200819 180907.182 INFO             PET1 !!! THE ESMF_LOG IS SET TO OUTPUT ALL LOG MESSAGES !!!
20200819 180907.182 INFO             PET1 !!!     THIS MAY CAUSE SLOWDOWN IN PERFORMANCE     !!!
20200819 180907.182 INFO             PET1 !!! FOR PRODUCTION RUNS, USE:                      !!!
20200819 180907.182 INFO             PET1 !!!                   ESMF_LOGKIND_Multi_On_Error  !!!
20200819 180907.182 INFO             PET1 !!!!!!!!!!!!!!!!!!!!!!!!!!!!!!!!!!!!!!!!!!!!!!!!!!!!!!
20200819 180907.182 INFO             PET1 Running with ESMF Version   : ESMF_8_1_0_beta_snapshot_26-15-g928c3b319f
20200819 180907.182 INFO             PET1 ESMF library build date/time: "Aug 19 2020" "17:15:57"
20200819 180907.182 INFO             PET1 ESMF library build location : /home1/07356/tg866552/himanshu/esmf
20200819 180907.182 INFO             PET1 ESMF_COMM                   : intelmpi
20200819 180907.186 INFO             PET1 ESMF_NETCDF                 : enabled
20200819 180907.186 INFO             PET1 ESMF_PNETCDF                : disabled
20200819 180907.186 INFO             PET1 ESMF_PIO                    : enabled
20200819 180907.186 INFO             PET1 ESMF_YAMLCPP                : enabled
20200819 180907.186 INFO             PET1 ESMF_MOAB                   : enabled
20200819 180907.327 WARNING          PET1 ESMF_IOScrip.F90:4699 ESMF_EsmfGetElement Variable centerCoords in data/ne4np4-esmf.nc does not exist
20200819 180907.521 INFO             PET1  NUMBER_OF_PROCESSORS           4
20200819 180907.521 INFO             PET1  PASS  Example ESMF_MeshEx, ESMF_MeshEx.F90, line 1795
20200819 180907.522 INFO             PET1 Finalizing ESMF
20200819 180907.188 INFO             PET2 !!!!!!!!!!!!!!!!!!!!!!!!!!!!!!!!!!!!!!!!!!!!!!!!!!!!!!
20200819 180907.188 INFO             PET2 !!! THE ESMF_LOG IS SET TO OUTPUT ALL LOG MESSAGES !!!
20200819 180907.188 INFO             PET2 !!!     THIS MAY CAUSE SLOWDOWN IN PERFORMANCE     !!!
20200819 180907.188 INFO             PET2 !!! FOR PRODUCTION RUNS, USE:                      !!!
20200819 180907.188 INFO             PET2 !!!                   ESMF_LOGKIND_Multi_On_Error  !!!
20200819 180907.188 INFO             PET2 !!!!!!!!!!!!!!!!!!!!!!!!!!!!!!!!!!!!!!!!!!!!!!!!!!!!!!
20200819 180907.188 INFO             PET2 Running with ESMF Version   : ESMF_8_1_0_beta_snapshot_26-15-g928c3b319f
20200819 180907.188 INFO             PET2 ESMF library build date/time: "Aug 19 2020" "17:15:57"
20200819 180907.188 INFO             PET2 ESMF library build location : /home1/07356/tg866552/himanshu/esmf
20200819 180907.188 INFO             PET2 ESMF_COMM                   : intelmpi
20200819 180907.193 INFO             PET2 ESMF_NETCDF                 : enabled
20200819 180907.193 INFO             PET2 ESMF_PNETCDF                : disabled
20200819 180907.193 INFO             PET2 ESMF_PIO                    : enabled
20200819 180907.193 INFO             PET2 ESMF_YAMLCPP                : enabled
20200819 180907.193 INFO             PET2 ESMF_MOAB                   : enabled
20200819 180907.328 WARNING          PET2 ESMF_IOScrip.F90:4699 ESMF_EsmfGetElement Variable centerCoords in data/ne4np4-esmf.nc does not exist
20200819 180907.521 INFO             PET2  NUMBER_OF_PROCESSORS           4
20200819 180907.521 INFO             PET2  PASS  Example ESMF_MeshEx, ESMF_MeshEx.F90, line 1795
20200819 180907.522 INFO             PET2 Finalizing ESMF
20200819 180907.183 INFO             PET3 !!!!!!!!!!!!!!!!!!!!!!!!!!!!!!!!!!!!!!!!!!!!!!!!!!!!!!
20200819 180907.183 INFO             PET3 !!! THE ESMF_LOG IS SET TO OUTPUT ALL LOG MESSAGES !!!
20200819 180907.183 INFO             PET3 !!!     THIS MAY CAUSE SLOWDOWN IN PERFORMANCE     !!!
20200819 180907.183 INFO             PET3 !!! FOR PRODUCTION RUNS, USE:                      !!!
20200819 180907.183 INFO             PET3 !!!                   ESMF_LOGKIND_Multi_On_Error  !!!
20200819 180907.183 INFO             PET3 !!!!!!!!!!!!!!!!!!!!!!!!!!!!!!!!!!!!!!!!!!!!!!!!!!!!!!
20200819 180907.183 INFO             PET3 Running with ESMF Version   : ESMF_8_1_0_beta_snapshot_26-15-g928c3b319f
20200819 180907.183 INFO             PET3 ESMF library build date/time: "Aug 19 2020" "17:15:57"
20200819 180907.183 INFO             PET3 ESMF library build location : /home1/07356/tg866552/himanshu/esmf
20200819 180907.183 INFO             PET3 ESMF_COMM                   : intelmpi
20200819 180907.187 INFO             PET3 ESMF_NETCDF                 : enabled
20200819 180907.187 INFO             PET3 ESMF_PNETCDF                : disabled
20200819 180907.187 INFO             PET3 ESMF_PIO                    : enabled
20200819 180907.187 INFO             PET3 ESMF_YAMLCPP                : enabled
20200819 180907.187 INFO             PET3 ESMF_MOAB                   : enabled
20200819 180907.331 WARNING          PET3 ESMF_IOScrip.F90:4699 ESMF_EsmfGetElement Variable centerCoords in data/ne4np4-esmf.nc does not exist
20200819 180907.521 INFO             PET3  NUMBER_OF_PROCESSORS           4
20200819 180907.521 INFO             PET3  PASS  Example ESMF_MeshEx, ESMF_MeshEx.F90, line 1795
20200819 180907.522 INFO             PET3 Finalizing ESMF
