20200829 205717.226 INFO             PET0 !!!!!!!!!!!!!!!!!!!!!!!!!!!!!!!!!!!!!!!!!!!!!!!!!!!!!!
20200829 205717.227 INFO             PET0 !!! THE ESMF_LOG IS SET TO OUTPUT ALL LOG MESSAGES !!!
20200829 205717.227 INFO             PET0 !!!     THIS MAY CAUSE SLOWDOWN IN PERFORMANCE     !!!
20200829 205717.227 INFO             PET0 !!! FOR PRODUCTION RUNS, USE:                      !!!
20200829 205717.227 INFO             PET0 !!!                   ESMF_LOGKIND_Multi_On_Error  !!!
20200829 205717.227 INFO             PET0 !!!!!!!!!!!!!!!!!!!!!!!!!!!!!!!!!!!!!!!!!!!!!!!!!!!!!!
20200829 205717.227 INFO             PET0 Running with ESMF Version   : ESMF_8_1_0_beta_snapshot_26-45-g097755b7fd
20200829 205717.227 INFO             PET0 ESMF library build date/time: "Aug 29 2020" "20:09:04"
20200829 205717.227 INFO             PET0 ESMF library build location : /home1/07356/tg866552/himanshu/esmf
20200829 205717.227 INFO             PET0 ESMF_COMM                   : intelmpi
20200829 205717.231 INFO             PET0 ESMF_NETCDF                 : enabled
20200829 205717.231 INFO             PET0 ESMF_PNETCDF                : disabled
20200829 205717.231 INFO             PET0 ESMF_PIO                    : enabled
20200829 205717.231 INFO             PET0 ESMF_YAMLCPP                : enabled
20200829 205717.231 INFO             PET0 ESMF_MOAB                   : enabled
20200829 205717.236 INFO             PET0  NUMBER_OF_PROCESSORS           4
20200829 205717.236 INFO             PET0  PASS  Example ESMF_VMUserMpiCommMultiEx, ESMF_VMUserMpiCommMultiEx.F90, line 126
20200829 205717.236 INFO             PET0 Finalizing ESMF
20200829 205717.229 INFO             PET0 !!!!!!!!!!!!!!!!!!!!!!!!!!!!!!!!!!!!!!!!!!!!!!!!!!!!!!
20200829 205717.230 INFO             PET0 !!! THE ESMF_LOG IS SET TO OUTPUT ALL LOG MESSAGES !!!
20200829 205717.230 INFO             PET0 !!!     THIS MAY CAUSE SLOWDOWN IN PERFORMANCE     !!!
20200829 205717.230 INFO             PET0 !!! FOR PRODUCTION RUNS, USE:                      !!!
20200829 205717.230 INFO             PET0 !!!                   ESMF_LOGKIND_Multi_On_Error  !!!
20200829 205717.230 INFO             PET0 !!!!!!!!!!!!!!!!!!!!!!!!!!!!!!!!!!!!!!!!!!!!!!!!!!!!!!
20200829 205717.230 INFO             PET0 Running with ESMF Version   : ESMF_8_1_0_beta_snapshot_26-45-g097755b7fd
20200829 205717.230 INFO             PET0 ESMF library build date/time: "Aug 29 2020" "20:09:04"
20200829 205717.230 INFO             PET0 ESMF library build location : /home1/07356/tg866552/himanshu/esmf
20200829 205717.230 INFO             PET0 ESMF_COMM                   : intelmpi
20200829 205717.235 INFO             PET0 ESMF_NETCDF                 : enabled
20200829 205717.235 INFO             PET0 ESMF_PNETCDF                : disabled
20200829 205717.235 INFO             PET0 ESMF_PIO                    : enabled
20200829 205717.235 INFO             PET0 ESMF_YAMLCPP                : enabled
20200829 205717.235 INFO             PET0 ESMF_MOAB                   : enabled
20200829 205717.236 INFO             PET0  NUMBER_OF_PROCESSORS           4
20200829 205717.236 INFO             PET0  PASS  Example ESMF_VMUserMpiCommMultiEx, ESMF_VMUserMpiCommMultiEx.F90, line 154
20200829 205717.236 INFO             PET0 Finalizing ESMF
20200829 205717.230 INFO             PET1 !!!!!!!!!!!!!!!!!!!!!!!!!!!!!!!!!!!!!!!!!!!!!!!!!!!!!!
20200829 205717.231 INFO             PET1 !!! THE ESMF_LOG IS SET TO OUTPUT ALL LOG MESSAGES !!!
20200829 205717.231 INFO             PET1 !!!     THIS MAY CAUSE SLOWDOWN IN PERFORMANCE     !!!
20200829 205717.231 INFO             PET1 !!! FOR PRODUCTION RUNS, USE:                      !!!
20200829 205717.231 INFO             PET1 !!!                   ESMF_LOGKIND_Multi_On_Error  !!!
20200829 205717.231 INFO             PET1 !!!!!!!!!!!!!!!!!!!!!!!!!!!!!!!!!!!!!!!!!!!!!!!!!!!!!!
20200829 205717.231 INFO             PET1 Running with ESMF Version   : ESMF_8_1_0_beta_snapshot_26-45-g097755b7fd
20200829 205717.231 INFO             PET1 ESMF library build date/time: "Aug 29 2020" "20:09:04"
20200829 205717.231 INFO             PET1 ESMF library build location : /home1/07356/tg866552/himanshu/esmf
20200829 205717.231 INFO             PET1 ESMF_COMM                   : intelmpi
20200829 205717.235 INFO             PET1 ESMF_NETCDF                 : enabled
20200829 205717.235 INFO             PET1 ESMF_PNETCDF                : disabled
20200829 205717.235 INFO             PET1 ESMF_PIO                    : enabled
20200829 205717.235 INFO             PET1 ESMF_YAMLCPP                : enabled
20200829 205717.235 INFO             PET1 ESMF_MOAB                   : enabled
20200829 205717.236 INFO             PET1  NUMBER_OF_PROCESSORS           4
20200829 205717.236 INFO             PET1  PASS  Example ESMF_VMUserMpiCommMultiEx, ESMF_VMUserMpiCommMultiEx.F90, line 126
20200829 205717.236 INFO             PET1 Finalizing ESMF
20200829 205717.227 INFO             PET1 !!!!!!!!!!!!!!!!!!!!!!!!!!!!!!!!!!!!!!!!!!!!!!!!!!!!!!
20200829 205717.227 INFO             PET1 !!! THE ESMF_LOG IS SET TO OUTPUT ALL LOG MESSAGES !!!
20200829 205717.227 INFO             PET1 !!!     THIS MAY CAUSE SLOWDOWN IN PERFORMANCE     !!!
20200829 205717.227 INFO             PET1 !!! FOR PRODUCTION RUNS, USE:                      !!!
20200829 205717.227 INFO             PET1 !!!                   ESMF_LOGKIND_Multi_On_Error  !!!
20200829 205717.227 INFO             PET1 !!!!!!!!!!!!!!!!!!!!!!!!!!!!!!!!!!!!!!!!!!!!!!!!!!!!!!
20200829 205717.227 INFO             PET1 Running with ESMF Version   : ESMF_8_1_0_beta_snapshot_26-45-g097755b7fd
20200829 205717.228 INFO             PET1 ESMF library build date/time: "Aug 29 2020" "20:09:04"
20200829 205717.228 INFO             PET1 ESMF library build location : /home1/07356/tg866552/himanshu/esmf
20200829 205717.228 INFO             PET1 ESMF_COMM                   : intelmpi
20200829 205717.232 INFO             PET1 ESMF_NETCDF                 : enabled
20200829 205717.232 INFO             PET1 ESMF_PNETCDF                : disabled
20200829 205717.232 INFO             PET1 ESMF_PIO                    : enabled
20200829 205717.232 INFO             PET1 ESMF_YAMLCPP                : enabled
20200829 205717.232 INFO             PET1 ESMF_MOAB                   : enabled
20200829 205717.236 INFO             PET1  NUMBER_OF_PROCESSORS           4
20200829 205717.236 INFO             PET1  PASS  Example ESMF_VMUserMpiCommMultiEx, ESMF_VMUserMpiCommMultiEx.F90, line 154
20200829 205717.236 INFO             PET1 Finalizing ESMF
