20200827 052608.493 INFO             PET0 !!!!!!!!!!!!!!!!!!!!!!!!!!!!!!!!!!!!!!!!!!!!!!!!!!!!!!
20200827 052608.493 INFO             PET0 !!! THE ESMF_LOG IS SET TO OUTPUT ALL LOG MESSAGES !!!
20200827 052608.493 INFO             PET0 !!!     THIS MAY CAUSE SLOWDOWN IN PERFORMANCE     !!!
20200827 052608.493 INFO             PET0 !!! FOR PRODUCTION RUNS, USE:                      !!!
20200827 052608.493 INFO             PET0 !!!                   ESMF_LOGKIND_Multi_On_Error  !!!
20200827 052608.493 INFO             PET0 !!!!!!!!!!!!!!!!!!!!!!!!!!!!!!!!!!!!!!!!!!!!!!!!!!!!!!
20200827 052608.493 INFO             PET0 Running with ESMF Version   : ESMF_8_1_0_beta_snapshot_26-41-g94befe01fa
20200827 052608.493 INFO             PET0 ESMF library build date/time: "Aug 27 2020" "04:32:22"
20200827 052608.493 INFO             PET0 ESMF library build location : /home1/07356/tg866552/himanshu/esmf
20200827 052608.493 INFO             PET0 ESMF_COMM                   : intelmpi
20200827 052608.498 INFO             PET0 ESMF_NETCDF                 : enabled
20200827 052608.498 INFO             PET0 ESMF_PNETCDF                : disabled
20200827 052608.498 INFO             PET0 ESMF_PIO                    : enabled
20200827 052608.498 INFO             PET0 ESMF_YAMLCPP                : enabled
20200827 052608.498 INFO             PET0 ESMF_MOAB                   : enabled
20200827 052611.654 INFO             PET0  NUMBER_OF_PROCESSORS           4
20200827 052611.654 INFO             PET0  PASS  Example ESMF_FieldEx, ESMF_FieldEx.F90, line 696
20200827 052611.654 INFO             PET0 Finalizing ESMF
20200827 052608.491 INFO             PET1 !!!!!!!!!!!!!!!!!!!!!!!!!!!!!!!!!!!!!!!!!!!!!!!!!!!!!!
20200827 052608.491 INFO             PET1 !!! THE ESMF_LOG IS SET TO OUTPUT ALL LOG MESSAGES !!!
20200827 052608.491 INFO             PET1 !!!     THIS MAY CAUSE SLOWDOWN IN PERFORMANCE     !!!
20200827 052608.491 INFO             PET1 !!! FOR PRODUCTION RUNS, USE:                      !!!
20200827 052608.491 INFO             PET1 !!!                   ESMF_LOGKIND_Multi_On_Error  !!!
20200827 052608.491 INFO             PET1 !!!!!!!!!!!!!!!!!!!!!!!!!!!!!!!!!!!!!!!!!!!!!!!!!!!!!!
20200827 052608.491 INFO             PET1 Running with ESMF Version   : ESMF_8_1_0_beta_snapshot_26-41-g94befe01fa
20200827 052608.491 INFO             PET1 ESMF library build date/time: "Aug 27 2020" "04:32:22"
20200827 052608.491 INFO             PET1 ESMF library build location : /home1/07356/tg866552/himanshu/esmf
20200827 052608.491 INFO             PET1 ESMF_COMM                   : intelmpi
20200827 052608.496 INFO             PET1 ESMF_NETCDF                 : enabled
20200827 052608.496 INFO             PET1 ESMF_PNETCDF                : disabled
20200827 052608.496 INFO             PET1 ESMF_PIO                    : enabled
20200827 052608.496 INFO             PET1 ESMF_YAMLCPP                : enabled
20200827 052608.496 INFO             PET1 ESMF_MOAB                   : enabled
20200827 052611.581 INFO             PET1  NUMBER_OF_PROCESSORS           4
20200827 052611.581 INFO             PET1  PASS  Example ESMF_FieldEx, ESMF_FieldEx.F90, line 696
20200827 052611.582 INFO             PET1 Finalizing ESMF
20200827 052608.483 INFO             PET2 !!!!!!!!!!!!!!!!!!!!!!!!!!!!!!!!!!!!!!!!!!!!!!!!!!!!!!
20200827 052608.483 INFO             PET2 !!! THE ESMF_LOG IS SET TO OUTPUT ALL LOG MESSAGES !!!
20200827 052608.483 INFO             PET2 !!!     THIS MAY CAUSE SLOWDOWN IN PERFORMANCE     !!!
20200827 052608.483 INFO             PET2 !!! FOR PRODUCTION RUNS, USE:                      !!!
20200827 052608.483 INFO             PET2 !!!                   ESMF_LOGKIND_Multi_On_Error  !!!
20200827 052608.483 INFO             PET2 !!!!!!!!!!!!!!!!!!!!!!!!!!!!!!!!!!!!!!!!!!!!!!!!!!!!!!
20200827 052608.483 INFO             PET2 Running with ESMF Version   : ESMF_8_1_0_beta_snapshot_26-41-g94befe01fa
20200827 052608.483 INFO             PET2 ESMF library build date/time: "Aug 27 2020" "04:32:22"
20200827 052608.483 INFO             PET2 ESMF library build location : /home1/07356/tg866552/himanshu/esmf
20200827 052608.483 INFO             PET2 ESMF_COMM                   : intelmpi
20200827 052608.488 INFO             PET2 ESMF_NETCDF                 : enabled
20200827 052608.488 INFO             PET2 ESMF_PNETCDF                : disabled
20200827 052608.488 INFO             PET2 ESMF_PIO                    : enabled
20200827 052608.488 INFO             PET2 ESMF_YAMLCPP                : enabled
20200827 052608.488 INFO             PET2 ESMF_MOAB                   : enabled
20200827 052611.573 INFO             PET2  NUMBER_OF_PROCESSORS           4
20200827 052611.573 INFO             PET2  PASS  Example ESMF_FieldEx, ESMF_FieldEx.F90, line 696
20200827 052611.573 INFO             PET2 Finalizing ESMF
20200827 052608.489 INFO             PET3 !!!!!!!!!!!!!!!!!!!!!!!!!!!!!!!!!!!!!!!!!!!!!!!!!!!!!!
20200827 052608.489 INFO             PET3 !!! THE ESMF_LOG IS SET TO OUTPUT ALL LOG MESSAGES !!!
20200827 052608.489 INFO             PET3 !!!     THIS MAY CAUSE SLOWDOWN IN PERFORMANCE     !!!
20200827 052608.489 INFO             PET3 !!! FOR PRODUCTION RUNS, USE:                      !!!
20200827 052608.489 INFO             PET3 !!!                   ESMF_LOGKIND_Multi_On_Error  !!!
20200827 052608.489 INFO             PET3 !!!!!!!!!!!!!!!!!!!!!!!!!!!!!!!!!!!!!!!!!!!!!!!!!!!!!!
20200827 052608.489 INFO             PET3 Running with ESMF Version   : ESMF_8_1_0_beta_snapshot_26-41-g94befe01fa
20200827 052608.489 INFO             PET3 ESMF library build date/time: "Aug 27 2020" "04:32:22"
20200827 052608.489 INFO             PET3 ESMF library build location : /home1/07356/tg866552/himanshu/esmf
20200827 052608.489 INFO             PET3 ESMF_COMM                   : intelmpi
20200827 052608.494 INFO             PET3 ESMF_NETCDF                 : enabled
20200827 052608.495 INFO             PET3 ESMF_PNETCDF                : disabled
20200827 052608.495 INFO             PET3 ESMF_PIO                    : enabled
20200827 052608.495 INFO             PET3 ESMF_YAMLCPP                : enabled
20200827 052608.495 INFO             PET3 ESMF_MOAB                   : enabled
20200827 052611.522 INFO             PET3  NUMBER_OF_PROCESSORS           4
20200827 052611.522 INFO             PET3  PASS  Example ESMF_FieldEx, ESMF_FieldEx.F90, line 696
20200827 052611.522 INFO             PET3 Finalizing ESMF
