20200826 062723.131 INFO             PET0 !!!!!!!!!!!!!!!!!!!!!!!!!!!!!!!!!!!!!!!!!!!!!!!!!!!!!!
20200826 062723.131 INFO             PET0 !!! THE ESMF_LOG IS SET TO OUTPUT ALL LOG MESSAGES !!!
20200826 062723.131 INFO             PET0 !!!     THIS MAY CAUSE SLOWDOWN IN PERFORMANCE     !!!
20200826 062723.131 INFO             PET0 !!! FOR PRODUCTION RUNS, USE:                      !!!
20200826 062723.131 INFO             PET0 !!!                   ESMF_LOGKIND_Multi_On_Error  !!!
20200826 062723.131 INFO             PET0 !!!!!!!!!!!!!!!!!!!!!!!!!!!!!!!!!!!!!!!!!!!!!!!!!!!!!!
20200826 062723.131 INFO             PET0 Running with ESMF Version   : ESMF_8_1_0_beta_snapshot_26-33-g0079cf5b9e
20200826 062723.131 INFO             PET0 ESMF library build date/time: "Aug 26 2020" "05:32:06"
20200826 062723.131 INFO             PET0 ESMF library build location : /home1/07356/tg866552/himanshu/esmf
20200826 062723.131 INFO             PET0 ESMF_COMM                   : intelmpi
20200826 062723.136 INFO             PET0 ESMF_NETCDF                 : enabled
20200826 062723.136 INFO             PET0 ESMF_PNETCDF                : disabled
20200826 062723.136 INFO             PET0 ESMF_PIO                    : enabled
20200826 062723.136 INFO             PET0 ESMF_YAMLCPP                : enabled
20200826 062723.136 INFO             PET0 ESMF_MOAB                   : enabled
20200826 062723.178 INFO             PET0  NUMBER_OF_PROCESSORS           4
20200826 062723.178 INFO             PET0  PASS  Example ESMF_StateReadWriteEx, ESMF_StateReadWriteEx.F90, line 185
20200826 062723.178 INFO             PET0 Finalizing ESMF
20200826 062723.133 INFO             PET1 !!!!!!!!!!!!!!!!!!!!!!!!!!!!!!!!!!!!!!!!!!!!!!!!!!!!!!
20200826 062723.133 INFO             PET1 !!! THE ESMF_LOG IS SET TO OUTPUT ALL LOG MESSAGES !!!
20200826 062723.133 INFO             PET1 !!!     THIS MAY CAUSE SLOWDOWN IN PERFORMANCE     !!!
20200826 062723.133 INFO             PET1 !!! FOR PRODUCTION RUNS, USE:                      !!!
20200826 062723.133 INFO             PET1 !!!                   ESMF_LOGKIND_Multi_On_Error  !!!
20200826 062723.133 INFO             PET1 !!!!!!!!!!!!!!!!!!!!!!!!!!!!!!!!!!!!!!!!!!!!!!!!!!!!!!
20200826 062723.133 INFO             PET1 Running with ESMF Version   : ESMF_8_1_0_beta_snapshot_26-33-g0079cf5b9e
20200826 062723.133 INFO             PET1 ESMF library build date/time: "Aug 26 2020" "05:32:06"
20200826 062723.133 INFO             PET1 ESMF library build location : /home1/07356/tg866552/himanshu/esmf
20200826 062723.133 INFO             PET1 ESMF_COMM                   : intelmpi
20200826 062723.137 INFO             PET1 ESMF_NETCDF                 : enabled
20200826 062723.137 INFO             PET1 ESMF_PNETCDF                : disabled
20200826 062723.137 INFO             PET1 ESMF_PIO                    : enabled
20200826 062723.137 INFO             PET1 ESMF_YAMLCPP                : enabled
20200826 062723.137 INFO             PET1 ESMF_MOAB                   : enabled
20200826 062723.141 INFO             PET1  NUMBER_OF_PROCESSORS           4
20200826 062723.142 INFO             PET1  PASS  Example ESMF_StateReadWriteEx, ESMF_StateReadWriteEx.F90, line 185
20200826 062723.142 INFO             PET1 Finalizing ESMF
20200826 062723.125 INFO             PET2 !!!!!!!!!!!!!!!!!!!!!!!!!!!!!!!!!!!!!!!!!!!!!!!!!!!!!!
20200826 062723.125 INFO             PET2 !!! THE ESMF_LOG IS SET TO OUTPUT ALL LOG MESSAGES !!!
20200826 062723.125 INFO             PET2 !!!     THIS MAY CAUSE SLOWDOWN IN PERFORMANCE     !!!
20200826 062723.125 INFO             PET2 !!! FOR PRODUCTION RUNS, USE:                      !!!
20200826 062723.125 INFO             PET2 !!!                   ESMF_LOGKIND_Multi_On_Error  !!!
20200826 062723.125 INFO             PET2 !!!!!!!!!!!!!!!!!!!!!!!!!!!!!!!!!!!!!!!!!!!!!!!!!!!!!!
20200826 062723.125 INFO             PET2 Running with ESMF Version   : ESMF_8_1_0_beta_snapshot_26-33-g0079cf5b9e
20200826 062723.125 INFO             PET2 ESMF library build date/time: "Aug 26 2020" "05:32:06"
20200826 062723.125 INFO             PET2 ESMF library build location : /home1/07356/tg866552/himanshu/esmf
20200826 062723.125 INFO             PET2 ESMF_COMM                   : intelmpi
20200826 062723.129 INFO             PET2 ESMF_NETCDF                 : enabled
20200826 062723.129 INFO             PET2 ESMF_PNETCDF                : disabled
20200826 062723.129 INFO             PET2 ESMF_PIO                    : enabled
20200826 062723.129 INFO             PET2 ESMF_YAMLCPP                : enabled
20200826 062723.129 INFO             PET2 ESMF_MOAB                   : enabled
20200826 062723.141 INFO             PET2  NUMBER_OF_PROCESSORS           4
20200826 062723.142 INFO             PET2  PASS  Example ESMF_StateReadWriteEx, ESMF_StateReadWriteEx.F90, line 185
20200826 062723.142 INFO             PET2 Finalizing ESMF
20200826 062723.135 INFO             PET3 !!!!!!!!!!!!!!!!!!!!!!!!!!!!!!!!!!!!!!!!!!!!!!!!!!!!!!
20200826 062723.135 INFO             PET3 !!! THE ESMF_LOG IS SET TO OUTPUT ALL LOG MESSAGES !!!
20200826 062723.135 INFO             PET3 !!!     THIS MAY CAUSE SLOWDOWN IN PERFORMANCE     !!!
20200826 062723.135 INFO             PET3 !!! FOR PRODUCTION RUNS, USE:                      !!!
20200826 062723.135 INFO             PET3 !!!                   ESMF_LOGKIND_Multi_On_Error  !!!
20200826 062723.135 INFO             PET3 !!!!!!!!!!!!!!!!!!!!!!!!!!!!!!!!!!!!!!!!!!!!!!!!!!!!!!
20200826 062723.135 INFO             PET3 Running with ESMF Version   : ESMF_8_1_0_beta_snapshot_26-33-g0079cf5b9e
20200826 062723.135 INFO             PET3 ESMF library build date/time: "Aug 26 2020" "05:32:06"
20200826 062723.135 INFO             PET3 ESMF library build location : /home1/07356/tg866552/himanshu/esmf
20200826 062723.135 INFO             PET3 ESMF_COMM                   : intelmpi
20200826 062723.140 INFO             PET3 ESMF_NETCDF                 : enabled
20200826 062723.140 INFO             PET3 ESMF_PNETCDF                : disabled
20200826 062723.140 INFO             PET3 ESMF_PIO                    : enabled
20200826 062723.140 INFO             PET3 ESMF_YAMLCPP                : enabled
20200826 062723.140 INFO             PET3 ESMF_MOAB                   : enabled
20200826 062723.141 INFO             PET3  NUMBER_OF_PROCESSORS           4
20200826 062723.142 INFO             PET3  PASS  Example ESMF_StateReadWriteEx, ESMF_StateReadWriteEx.F90, line 185
20200826 062723.142 INFO             PET3 Finalizing ESMF
