20200829 210004.512 INFO             PET0 !!!!!!!!!!!!!!!!!!!!!!!!!!!!!!!!!!!!!!!!!!!!!!!!!!!!!!
20200829 210004.513 INFO             PET0 !!! THE ESMF_LOG IS SET TO OUTPUT ALL LOG MESSAGES !!!
20200829 210004.513 INFO             PET0 !!!     THIS MAY CAUSE SLOWDOWN IN PERFORMANCE     !!!
20200829 210004.513 INFO             PET0 !!! FOR PRODUCTION RUNS, USE:                      !!!
20200829 210004.513 INFO             PET0 !!!                   ESMF_LOGKIND_Multi_On_Error  !!!
20200829 210004.513 INFO             PET0 !!!!!!!!!!!!!!!!!!!!!!!!!!!!!!!!!!!!!!!!!!!!!!!!!!!!!!
20200829 210004.513 INFO             PET0 Running with ESMF Version   : ESMF_8_1_0_beta_snapshot_26-45-g097755b7fd
20200829 210004.513 INFO             PET0 ESMF library build date/time: "Aug 29 2020" "20:09:04"
20200829 210004.513 INFO             PET0 ESMF library build location : /home1/07356/tg866552/himanshu/esmf
20200829 210004.513 INFO             PET0 ESMF_COMM                   : intelmpi
20200829 210004.517 INFO             PET0 ESMF_NETCDF                 : enabled
20200829 210004.517 INFO             PET0 ESMF_PNETCDF                : disabled
20200829 210004.517 INFO             PET0 ESMF_PIO                    : enabled
20200829 210004.517 INFO             PET0 ESMF_YAMLCPP                : enabled
20200829 210004.517 INFO             PET0 ESMF_MOAB                   : enabled
20200829 210004.527 INFO             PET0  NUMBER_OF_PROCESSORS           4
20200829 210004.527 INFO             PET0  PASS  Example ESMF_ArrayScatterGatherEx, ESMF_ArrayScatterGatherEx.F90, line 328
20200829 210004.528 INFO             PET0 Finalizing ESMF
20200829 210004.515 INFO             PET1 !!!!!!!!!!!!!!!!!!!!!!!!!!!!!!!!!!!!!!!!!!!!!!!!!!!!!!
20200829 210004.516 INFO             PET1 !!! THE ESMF_LOG IS SET TO OUTPUT ALL LOG MESSAGES !!!
20200829 210004.516 INFO             PET1 !!!     THIS MAY CAUSE SLOWDOWN IN PERFORMANCE     !!!
20200829 210004.516 INFO             PET1 !!! FOR PRODUCTION RUNS, USE:                      !!!
20200829 210004.516 INFO             PET1 !!!                   ESMF_LOGKIND_Multi_On_Error  !!!
20200829 210004.516 INFO             PET1 !!!!!!!!!!!!!!!!!!!!!!!!!!!!!!!!!!!!!!!!!!!!!!!!!!!!!!
20200829 210004.516 INFO             PET1 Running with ESMF Version   : ESMF_8_1_0_beta_snapshot_26-45-g097755b7fd
20200829 210004.516 INFO             PET1 ESMF library build date/time: "Aug 29 2020" "20:09:04"
20200829 210004.516 INFO             PET1 ESMF library build location : /home1/07356/tg866552/himanshu/esmf
20200829 210004.516 INFO             PET1 ESMF_COMM                   : intelmpi
20200829 210004.520 INFO             PET1 ESMF_NETCDF                 : enabled
20200829 210004.520 INFO             PET1 ESMF_PNETCDF                : disabled
20200829 210004.520 INFO             PET1 ESMF_PIO                    : enabled
20200829 210004.520 INFO             PET1 ESMF_YAMLCPP                : enabled
20200829 210004.520 INFO             PET1 ESMF_MOAB                   : enabled
20200829 210004.527 INFO             PET1  NUMBER_OF_PROCESSORS           4
20200829 210004.527 INFO             PET1  PASS  Example ESMF_ArrayScatterGatherEx, ESMF_ArrayScatterGatherEx.F90, line 328
20200829 210004.527 INFO             PET1 Finalizing ESMF
20200829 210004.514 INFO             PET2 !!!!!!!!!!!!!!!!!!!!!!!!!!!!!!!!!!!!!!!!!!!!!!!!!!!!!!
20200829 210004.515 INFO             PET2 !!! THE ESMF_LOG IS SET TO OUTPUT ALL LOG MESSAGES !!!
20200829 210004.515 INFO             PET2 !!!     THIS MAY CAUSE SLOWDOWN IN PERFORMANCE     !!!
20200829 210004.515 INFO             PET2 !!! FOR PRODUCTION RUNS, USE:                      !!!
20200829 210004.515 INFO             PET2 !!!                   ESMF_LOGKIND_Multi_On_Error  !!!
20200829 210004.515 INFO             PET2 !!!!!!!!!!!!!!!!!!!!!!!!!!!!!!!!!!!!!!!!!!!!!!!!!!!!!!
20200829 210004.515 INFO             PET2 Running with ESMF Version   : ESMF_8_1_0_beta_snapshot_26-45-g097755b7fd
20200829 210004.515 INFO             PET2 ESMF library build date/time: "Aug 29 2020" "20:09:04"
20200829 210004.515 INFO             PET2 ESMF library build location : /home1/07356/tg866552/himanshu/esmf
20200829 210004.515 INFO             PET2 ESMF_COMM                   : intelmpi
20200829 210004.519 INFO             PET2 ESMF_NETCDF                 : enabled
20200829 210004.519 INFO             PET2 ESMF_PNETCDF                : disabled
20200829 210004.519 INFO             PET2 ESMF_PIO                    : enabled
20200829 210004.519 INFO             PET2 ESMF_YAMLCPP                : enabled
20200829 210004.519 INFO             PET2 ESMF_MOAB                   : enabled
20200829 210004.527 INFO             PET2  NUMBER_OF_PROCESSORS           4
20200829 210004.527 INFO             PET2  PASS  Example ESMF_ArrayScatterGatherEx, ESMF_ArrayScatterGatherEx.F90, line 328
20200829 210004.527 INFO             PET2 Finalizing ESMF
20200829 210004.510 INFO             PET3 !!!!!!!!!!!!!!!!!!!!!!!!!!!!!!!!!!!!!!!!!!!!!!!!!!!!!!
20200829 210004.511 INFO             PET3 !!! THE ESMF_LOG IS SET TO OUTPUT ALL LOG MESSAGES !!!
20200829 210004.511 INFO             PET3 !!!     THIS MAY CAUSE SLOWDOWN IN PERFORMANCE     !!!
20200829 210004.511 INFO             PET3 !!! FOR PRODUCTION RUNS, USE:                      !!!
20200829 210004.511 INFO             PET3 !!!                   ESMF_LOGKIND_Multi_On_Error  !!!
20200829 210004.511 INFO             PET3 !!!!!!!!!!!!!!!!!!!!!!!!!!!!!!!!!!!!!!!!!!!!!!!!!!!!!!
20200829 210004.511 INFO             PET3 Running with ESMF Version   : ESMF_8_1_0_beta_snapshot_26-45-g097755b7fd
20200829 210004.511 INFO             PET3 ESMF library build date/time: "Aug 29 2020" "20:09:04"
20200829 210004.511 INFO             PET3 ESMF library build location : /home1/07356/tg866552/himanshu/esmf
20200829 210004.511 INFO             PET3 ESMF_COMM                   : intelmpi
20200829 210004.515 INFO             PET3 ESMF_NETCDF                 : enabled
20200829 210004.515 INFO             PET3 ESMF_PNETCDF                : disabled
20200829 210004.515 INFO             PET3 ESMF_PIO                    : enabled
20200829 210004.515 INFO             PET3 ESMF_YAMLCPP                : enabled
20200829 210004.515 INFO             PET3 ESMF_MOAB                   : enabled
20200829 210004.527 INFO             PET3  NUMBER_OF_PROCESSORS           4
20200829 210004.527 INFO             PET3  PASS  Example ESMF_ArrayScatterGatherEx, ESMF_ArrayScatterGatherEx.F90, line 328
20200829 210004.527 INFO             PET3 Finalizing ESMF
