20200831 174833.036 INFO             PET0 !!!!!!!!!!!!!!!!!!!!!!!!!!!!!!!!!!!!!!!!!!!!!!!!!!!!!!
20200831 174833.037 INFO             PET0 !!! THE ESMF_LOG IS SET TO OUTPUT ALL LOG MESSAGES !!!
20200831 174833.037 INFO             PET0 !!!     THIS MAY CAUSE SLOWDOWN IN PERFORMANCE     !!!
20200831 174833.037 INFO             PET0 !!! FOR PRODUCTION RUNS, USE:                      !!!
20200831 174833.037 INFO             PET0 !!!                   ESMF_LOGKIND_Multi_On_Error  !!!
20200831 174833.037 INFO             PET0 !!!!!!!!!!!!!!!!!!!!!!!!!!!!!!!!!!!!!!!!!!!!!!!!!!!!!!
20200831 174833.037 INFO             PET0 Running with ESMF Version   : ESMF_8_1_0_beta_snapshot_26-46-ga9ff35efce
20200831 174833.037 INFO             PET0 ESMF library build date/time: "Aug 31 2020" "16:59:41"
20200831 174833.037 INFO             PET0 ESMF library build location : /home1/07356/tg866552/himanshu/esmf
20200831 174833.037 INFO             PET0 ESMF_COMM                   : intelmpi
20200831 174833.040 INFO             PET0 ESMF_NETCDF                 : enabled
20200831 174833.040 INFO             PET0 ESMF_PNETCDF                : disabled
20200831 174833.040 INFO             PET0 ESMF_PIO                    : enabled
20200831 174833.040 INFO             PET0 ESMF_YAMLCPP                : enabled
20200831 174833.040 INFO             PET0 ESMF_MOAB                   : enabled
20200831 174833.046 INFO             PET0  NUMBER_OF_PROCESSORS           4
20200831 174833.046 INFO             PET0  PASS  Example ESMF_InfoGetFromHostEx, ESMF_InfoGetFromHostEx.F90, line 112
20200831 174833.046 INFO             PET0 Finalizing ESMF
20200831 174833.035 INFO             PET1 !!!!!!!!!!!!!!!!!!!!!!!!!!!!!!!!!!!!!!!!!!!!!!!!!!!!!!
20200831 174833.035 INFO             PET1 !!! THE ESMF_LOG IS SET TO OUTPUT ALL LOG MESSAGES !!!
20200831 174833.035 INFO             PET1 !!!     THIS MAY CAUSE SLOWDOWN IN PERFORMANCE     !!!
20200831 174833.035 INFO             PET1 !!! FOR PRODUCTION RUNS, USE:                      !!!
20200831 174833.035 INFO             PET1 !!!                   ESMF_LOGKIND_Multi_On_Error  !!!
20200831 174833.035 INFO             PET1 !!!!!!!!!!!!!!!!!!!!!!!!!!!!!!!!!!!!!!!!!!!!!!!!!!!!!!
20200831 174833.035 INFO             PET1 Running with ESMF Version   : ESMF_8_1_0_beta_snapshot_26-46-ga9ff35efce
20200831 174833.035 INFO             PET1 ESMF library build date/time: "Aug 31 2020" "16:59:41"
20200831 174833.035 INFO             PET1 ESMF library build location : /home1/07356/tg866552/himanshu/esmf
20200831 174833.035 INFO             PET1 ESMF_COMM                   : intelmpi
20200831 174833.039 INFO             PET1 ESMF_NETCDF                 : enabled
20200831 174833.039 INFO             PET1 ESMF_PNETCDF                : disabled
20200831 174833.039 INFO             PET1 ESMF_PIO                    : enabled
20200831 174833.039 INFO             PET1 ESMF_YAMLCPP                : enabled
20200831 174833.039 INFO             PET1 ESMF_MOAB                   : enabled
20200831 174833.046 INFO             PET1  NUMBER_OF_PROCESSORS           4
20200831 174833.046 INFO             PET1  PASS  Example ESMF_InfoGetFromHostEx, ESMF_InfoGetFromHostEx.F90, line 112
20200831 174833.046 INFO             PET1 Finalizing ESMF
20200831 174833.038 INFO             PET2 !!!!!!!!!!!!!!!!!!!!!!!!!!!!!!!!!!!!!!!!!!!!!!!!!!!!!!
20200831 174833.039 INFO             PET2 !!! THE ESMF_LOG IS SET TO OUTPUT ALL LOG MESSAGES !!!
20200831 174833.039 INFO             PET2 !!!     THIS MAY CAUSE SLOWDOWN IN PERFORMANCE     !!!
20200831 174833.039 INFO             PET2 !!! FOR PRODUCTION RUNS, USE:                      !!!
20200831 174833.039 INFO             PET2 !!!                   ESMF_LOGKIND_Multi_On_Error  !!!
20200831 174833.039 INFO             PET2 !!!!!!!!!!!!!!!!!!!!!!!!!!!!!!!!!!!!!!!!!!!!!!!!!!!!!!
20200831 174833.039 INFO             PET2 Running with ESMF Version   : ESMF_8_1_0_beta_snapshot_26-46-ga9ff35efce
20200831 174833.039 INFO             PET2 ESMF library build date/time: "Aug 31 2020" "16:59:41"
20200831 174833.039 INFO             PET2 ESMF library build location : /home1/07356/tg866552/himanshu/esmf
20200831 174833.039 INFO             PET2 ESMF_COMM                   : intelmpi
20200831 174833.043 INFO             PET2 ESMF_NETCDF                 : enabled
20200831 174833.043 INFO             PET2 ESMF_PNETCDF                : disabled
20200831 174833.043 INFO             PET2 ESMF_PIO                    : enabled
20200831 174833.043 INFO             PET2 ESMF_YAMLCPP                : enabled
20200831 174833.043 INFO             PET2 ESMF_MOAB                   : enabled
20200831 174833.046 INFO             PET2  NUMBER_OF_PROCESSORS           4
20200831 174833.046 INFO             PET2  PASS  Example ESMF_InfoGetFromHostEx, ESMF_InfoGetFromHostEx.F90, line 112
20200831 174833.046 INFO             PET2 Finalizing ESMF
20200831 174833.032 INFO             PET3 !!!!!!!!!!!!!!!!!!!!!!!!!!!!!!!!!!!!!!!!!!!!!!!!!!!!!!
20200831 174833.033 INFO             PET3 !!! THE ESMF_LOG IS SET TO OUTPUT ALL LOG MESSAGES !!!
20200831 174833.033 INFO             PET3 !!!     THIS MAY CAUSE SLOWDOWN IN PERFORMANCE     !!!
20200831 174833.033 INFO             PET3 !!! FOR PRODUCTION RUNS, USE:                      !!!
20200831 174833.033 INFO             PET3 !!!                   ESMF_LOGKIND_Multi_On_Error  !!!
20200831 174833.033 INFO             PET3 !!!!!!!!!!!!!!!!!!!!!!!!!!!!!!!!!!!!!!!!!!!!!!!!!!!!!!
20200831 174833.033 INFO             PET3 Running with ESMF Version   : ESMF_8_1_0_beta_snapshot_26-46-ga9ff35efce
20200831 174833.033 INFO             PET3 ESMF library build date/time: "Aug 31 2020" "16:59:41"
20200831 174833.033 INFO             PET3 ESMF library build location : /home1/07356/tg866552/himanshu/esmf
20200831 174833.033 INFO             PET3 ESMF_COMM                   : intelmpi
20200831 174833.037 INFO             PET3 ESMF_NETCDF                 : enabled
20200831 174833.037 INFO             PET3 ESMF_PNETCDF                : disabled
20200831 174833.037 INFO             PET3 ESMF_PIO                    : enabled
20200831 174833.037 INFO             PET3 ESMF_YAMLCPP                : enabled
20200831 174833.037 INFO             PET3 ESMF_MOAB                   : enabled
20200831 174833.046 INFO             PET3  NUMBER_OF_PROCESSORS           4
20200831 174833.046 INFO             PET3  PASS  Example ESMF_InfoGetFromHostEx, ESMF_InfoGetFromHostEx.F90, line 112
20200831 174833.046 INFO             PET3 Finalizing ESMF
