20200912 231208.981 INFO             PET0 !!!!!!!!!!!!!!!!!!!!!!!!!!!!!!!!!!!!!!!!!!!!!!!!!!!!!!
20200912 231208.981 INFO             PET0 !!! THE ESMF_LOG IS SET TO OUTPUT ALL LOG MESSAGES !!!
20200912 231208.981 INFO             PET0 !!!     THIS MAY CAUSE SLOWDOWN IN PERFORMANCE     !!!
20200912 231208.981 INFO             PET0 !!! FOR PRODUCTION RUNS, USE:                      !!!
20200912 231208.981 INFO             PET0 !!!                   ESMF_LOGKIND_Multi_On_Error  !!!
20200912 231208.981 INFO             PET0 !!!!!!!!!!!!!!!!!!!!!!!!!!!!!!!!!!!!!!!!!!!!!!!!!!!!!!
20200912 231208.981 INFO             PET0 Running with ESMF Version   : ESMF_8_1_0_beta_snapshot_27-63-g072423fd9f
20200912 231208.981 INFO             PET0 ESMF library build date/time: "Sep 12 2020" "22:18:43"
20200912 231208.981 INFO             PET0 ESMF library build location : /home1/07356/tg866552/himanshu/esmf
20200912 231208.981 INFO             PET0 ESMF_COMM                   : intelmpi
20200912 231208.985 INFO             PET0 ESMF_NETCDF                 : enabled
20200912 231208.985 INFO             PET0 ESMF_PNETCDF                : disabled
20200912 231208.985 INFO             PET0 ESMF_PIO                    : enabled
20200912 231208.985 INFO             PET0 ESMF_YAMLCPP                : enabled
20200912 231208.985 INFO             PET0 ESMF_MOAB                   : enabled
20200912 231209.671 INFO             PET0  NUMBER_OF_PROCESSORS           4
20200912 231209.671 INFO             PET0  PASS  Example ESMF_XGridEx, ESMF_XGridEx.F90, line 525
20200912 231209.671 INFO             PET0 Finalizing ESMF
20200912 231208.980 INFO             PET1 !!!!!!!!!!!!!!!!!!!!!!!!!!!!!!!!!!!!!!!!!!!!!!!!!!!!!!
20200912 231208.980 INFO             PET1 !!! THE ESMF_LOG IS SET TO OUTPUT ALL LOG MESSAGES !!!
20200912 231208.980 INFO             PET1 !!!     THIS MAY CAUSE SLOWDOWN IN PERFORMANCE     !!!
20200912 231208.980 INFO             PET1 !!! FOR PRODUCTION RUNS, USE:                      !!!
20200912 231208.980 INFO             PET1 !!!                   ESMF_LOGKIND_Multi_On_Error  !!!
20200912 231208.980 INFO             PET1 !!!!!!!!!!!!!!!!!!!!!!!!!!!!!!!!!!!!!!!!!!!!!!!!!!!!!!
20200912 231208.980 INFO             PET1 Running with ESMF Version   : ESMF_8_1_0_beta_snapshot_27-63-g072423fd9f
20200912 231208.980 INFO             PET1 ESMF library build date/time: "Sep 12 2020" "22:18:43"
20200912 231208.980 INFO             PET1 ESMF library build location : /home1/07356/tg866552/himanshu/esmf
20200912 231208.980 INFO             PET1 ESMF_COMM                   : intelmpi
20200912 231208.985 INFO             PET1 ESMF_NETCDF                 : enabled
20200912 231208.985 INFO             PET1 ESMF_PNETCDF                : disabled
20200912 231208.985 INFO             PET1 ESMF_PIO                    : enabled
20200912 231208.985 INFO             PET1 ESMF_YAMLCPP                : enabled
20200912 231208.985 INFO             PET1 ESMF_MOAB                   : enabled
20200912 231209.670 INFO             PET1  NUMBER_OF_PROCESSORS           4
20200912 231209.670 INFO             PET1  PASS  Example ESMF_XGridEx, ESMF_XGridEx.F90, line 525
20200912 231209.670 INFO             PET1 Finalizing ESMF
20200912 231208.982 INFO             PET2 !!!!!!!!!!!!!!!!!!!!!!!!!!!!!!!!!!!!!!!!!!!!!!!!!!!!!!
20200912 231208.982 INFO             PET2 !!! THE ESMF_LOG IS SET TO OUTPUT ALL LOG MESSAGES !!!
20200912 231208.982 INFO             PET2 !!!     THIS MAY CAUSE SLOWDOWN IN PERFORMANCE     !!!
20200912 231208.982 INFO             PET2 !!! FOR PRODUCTION RUNS, USE:                      !!!
20200912 231208.982 INFO             PET2 !!!                   ESMF_LOGKIND_Multi_On_Error  !!!
20200912 231208.982 INFO             PET2 !!!!!!!!!!!!!!!!!!!!!!!!!!!!!!!!!!!!!!!!!!!!!!!!!!!!!!
20200912 231208.982 INFO             PET2 Running with ESMF Version   : ESMF_8_1_0_beta_snapshot_27-63-g072423fd9f
20200912 231208.983 INFO             PET2 ESMF library build date/time: "Sep 12 2020" "22:18:43"
20200912 231208.983 INFO             PET2 ESMF library build location : /home1/07356/tg866552/himanshu/esmf
20200912 231208.983 INFO             PET2 ESMF_COMM                   : intelmpi
20200912 231208.986 INFO             PET2 ESMF_NETCDF                 : enabled
20200912 231208.986 INFO             PET2 ESMF_PNETCDF                : disabled
20200912 231208.986 INFO             PET2 ESMF_PIO                    : enabled
20200912 231208.986 INFO             PET2 ESMF_YAMLCPP                : enabled
20200912 231208.986 INFO             PET2 ESMF_MOAB                   : enabled
20200912 231209.671 INFO             PET2  NUMBER_OF_PROCESSORS           4
20200912 231209.671 INFO             PET2  PASS  Example ESMF_XGridEx, ESMF_XGridEx.F90, line 525
20200912 231209.671 INFO             PET2 Finalizing ESMF
20200912 231208.982 INFO             PET3 !!!!!!!!!!!!!!!!!!!!!!!!!!!!!!!!!!!!!!!!!!!!!!!!!!!!!!
20200912 231208.983 INFO             PET3 !!! THE ESMF_LOG IS SET TO OUTPUT ALL LOG MESSAGES !!!
20200912 231208.983 INFO             PET3 !!!     THIS MAY CAUSE SLOWDOWN IN PERFORMANCE     !!!
20200912 231208.983 INFO             PET3 !!! FOR PRODUCTION RUNS, USE:                      !!!
20200912 231208.983 INFO             PET3 !!!                   ESMF_LOGKIND_Multi_On_Error  !!!
20200912 231208.983 INFO             PET3 !!!!!!!!!!!!!!!!!!!!!!!!!!!!!!!!!!!!!!!!!!!!!!!!!!!!!!
20200912 231208.983 INFO             PET3 Running with ESMF Version   : ESMF_8_1_0_beta_snapshot_27-63-g072423fd9f
20200912 231208.983 INFO             PET3 ESMF library build date/time: "Sep 12 2020" "22:18:43"
20200912 231208.983 INFO             PET3 ESMF library build location : /home1/07356/tg866552/himanshu/esmf
20200912 231208.983 INFO             PET3 ESMF_COMM                   : intelmpi
20200912 231208.987 INFO             PET3 ESMF_NETCDF                 : enabled
20200912 231208.987 INFO             PET3 ESMF_PNETCDF                : disabled
20200912 231208.987 INFO             PET3 ESMF_PIO                    : enabled
20200912 231208.987 INFO             PET3 ESMF_YAMLCPP                : enabled
20200912 231208.987 INFO             PET3 ESMF_MOAB                   : enabled
20200912 231209.670 INFO             PET3  NUMBER_OF_PROCESSORS           4
20200912 231209.670 INFO             PET3  PASS  Example ESMF_XGridEx, ESMF_XGridEx.F90, line 525
20200912 231209.670 INFO             PET3 Finalizing ESMF
