20200911 004143.037 INFO             PET0 !!!!!!!!!!!!!!!!!!!!!!!!!!!!!!!!!!!!!!!!!!!!!!!!!!!!!!
20200911 004143.037 INFO             PET0 !!! THE ESMF_LOG IS SET TO OUTPUT ALL LOG MESSAGES !!!
20200911 004143.037 INFO             PET0 !!!     THIS MAY CAUSE SLOWDOWN IN PERFORMANCE     !!!
20200911 004143.037 INFO             PET0 !!! FOR PRODUCTION RUNS, USE:                      !!!
20200911 004143.037 INFO             PET0 !!!                   ESMF_LOGKIND_Multi_On_Error  !!!
20200911 004143.037 INFO             PET0 !!!!!!!!!!!!!!!!!!!!!!!!!!!!!!!!!!!!!!!!!!!!!!!!!!!!!!
20200911 004143.037 INFO             PET0 Running with ESMF Version   : ESMF_8_1_0_beta_snapshot_27-62-g745c3c78f7
20200911 004143.037 INFO             PET0 ESMF library build date/time: "Sep 10 2020" "23:45:48"
20200911 004143.037 INFO             PET0 ESMF library build location : /home1/07356/tg866552/himanshu/esmf
20200911 004143.037 INFO             PET0 ESMF_COMM                   : intelmpi
20200911 004143.041 INFO             PET0 ESMF_NETCDF                 : enabled
20200911 004143.041 INFO             PET0 ESMF_PNETCDF                : disabled
20200911 004143.041 INFO             PET0 ESMF_PIO                    : enabled
20200911 004143.041 INFO             PET0 ESMF_YAMLCPP                : enabled
20200911 004143.041 INFO             PET0 ESMF_MOAB                   : enabled
20200911 004143.049 INFO             PET0 ESMCI_CompTunnel.C:1063 ESMCI::ServiceLoop() ServiceLoop: entering with port argument: 61010 and timeout: 20
20200911 004143.049 INFO             PET0 ESMCI_CompTunnel.C:345 ESMCI::CompTunnel::negotiate() negotiate socketBased actual: port=61010, timeout=20
20200911 004145.078 INFO             PET0 ESMCI_CompTunnel.C:476 ESMCI::CompTunnel::negotiate() finished socketBased negotiate() on actual component side
20200911 004145.078 INFO             PET0 ESMCI_CompTunnel.C:872 ESMCI::CompTunnel::dual2actual() dual2actual() socketBased (actual side)...
20200911 004145.078 INFO             PET0 ESMCI_CompTunnel.C:872 ESMCI::CompTunnel::dual2actual() dual2actual() socketBased (actual side)...
20200911 004145.118 INFO             PET0 ESMCI_CompTunnel.C:1122 ESMCI::ServiceLoop() ServiceLoop: received method: InitializeIC and phase: 1
20200911 004145.118 INFO             PET0 Actual Component Initialize
20200911 004145.118 INFO             PET0 ESMCI_CompTunnel.C:957 ESMCI::CompTunnel::actual2dual() actual2dual() socketBased (actual side)...
20200911 004145.119 INFO             PET0 ESMCI_CompTunnel.C:872 ESMCI::CompTunnel::dual2actual() dual2actual() socketBased (actual side)...
20200911 004145.119 INFO             PET0 ESMCI_CompTunnel.C:872 ESMCI::CompTunnel::dual2actual() dual2actual() socketBased (actual side)...
20200911 004145.159 INFO             PET0 ESMCI_CompTunnel.C:1122 ESMCI::ServiceLoop() ServiceLoop: received method: RunIC and phase: 1
20200911 004145.159 INFO             PET0 Actual Component Run
20200911 004145.159 INFO             PET0 ESMCI_CompTunnel.C:957 ESMCI::CompTunnel::actual2dual() actual2dual() socketBased (actual side)...
20200911 004145.161 INFO             PET0 ESMCI_CompTunnel.C:872 ESMCI::CompTunnel::dual2actual() dual2actual() socketBased (actual side)...
20200911 004145.161 INFO             PET0 ESMCI_CompTunnel.C:872 ESMCI::CompTunnel::dual2actual() dual2actual() socketBased (actual side)...
20200911 004145.200 INFO             PET0 ESMCI_CompTunnel.C:1122 ESMCI::ServiceLoop() ServiceLoop: received method: FinalizeIC and phase: 1
20200911 004145.200 INFO             PET0 Actual Component Finalize
20200911 004145.200 INFO             PET0 ESMCI_CompTunnel.C:957 ESMCI::CompTunnel::actual2dual() actual2dual() socketBased (actual side)...
20200911 004145.201 INFO             PET0 ESMCI_CompTunnel.C:872 ESMCI::CompTunnel::dual2actual() dual2actual() socketBased (actual side)...
20200911 004145.201 INFO             PET0 ESMCI_CompTunnel.C:872 ESMCI::CompTunnel::dual2actual() dual2actual() socketBased (actual side)...
20200911 004145.241 INFO             PET0 ESMCI_CompTunnel.C:1122 ESMCI::ServiceLoop() ServiceLoop: received method: InitializeIC and phase: 1
20200911 004145.241 INFO             PET0 Actual Component Initialize
20200911 004145.241 INFO             PET0 ESMCI_CompTunnel.C:957 ESMCI::CompTunnel::actual2dual() actual2dual() socketBased (actual side)...
20200911 004145.242 INFO             PET0 ESMCI_CompTunnel.C:872 ESMCI::CompTunnel::dual2actual() dual2actual() socketBased (actual side)...
20200911 004145.242 INFO             PET0 ESMCI_CompTunnel.C:872 ESMCI::CompTunnel::dual2actual() dual2actual() socketBased (actual side)...
20200911 004145.282 INFO             PET0 ESMCI_CompTunnel.C:1122 ESMCI::ServiceLoop() ServiceLoop: received method: InitializeIC and phase: 1
20200911 004145.282 INFO             PET0 Actual Component Initialize
20200911 004145.282 INFO             PET0 ESMCI_CompTunnel.C:957 ESMCI::CompTunnel::actual2dual() actual2dual() socketBased (actual side)...
20200911 004145.283 INFO             PET0 ESMCI_CompTunnel.C:872 ESMCI::CompTunnel::dual2actual() dual2actual() socketBased (actual side)...
20200911 004145.283 INFO             PET0 ESMCI_CompTunnel.C:872 ESMCI::CompTunnel::dual2actual() dual2actual() socketBased (actual side)...
20200911 004145.323 INFO             PET0 ESMCI_CompTunnel.C:1122 ESMCI::ServiceLoop() ServiceLoop: received method: RunIC and phase: 1
20200911 004145.323 INFO             PET0 Actual Component Run
20200911 004145.323 INFO             PET0 ESMCI_CompTunnel.C:957 ESMCI::CompTunnel::actual2dual() actual2dual() socketBased (actual side)...
20200911 004145.324 INFO             PET0 ESMCI_CompTunnel.C:872 ESMCI::CompTunnel::dual2actual() dual2actual() socketBased (actual side)...
20200911 004145.324 INFO             PET0 ESMCI_CompTunnel.C:872 ESMCI::CompTunnel::dual2actual() dual2actual() socketBased (actual side)...
20200911 004145.364 INFO             PET0 ESMCI_CompTunnel.C:1122 ESMCI::ServiceLoop() ServiceLoop: received method: None and phase: 1
20200911 004145.364 INFO             PET0 ESMCI_CompTunnel.C:957 ESMCI::CompTunnel::actual2dual() actual2dual() socketBased (actual side)...
20200911 004145.365 INFO             PET0 ESMCI_CompTunnel.C:1153 ESMCI::ServiceLoop() ServiceLoop: exiting
20200911 004145.365 INFO             PET0  NUMBER_OF_PROCESSORS           6
20200911 004145.366 INFO             PET0  PASS  Example ESMF_CompTunnelEx, ESMF_CompTunnelEx.F90, line 549
20200911 004145.367 INFO             PET0 Finalizing ESMF
20200911 004143.026 INFO             PET1 !!!!!!!!!!!!!!!!!!!!!!!!!!!!!!!!!!!!!!!!!!!!!!!!!!!!!!
20200911 004143.026 INFO             PET1 !!! THE ESMF_LOG IS SET TO OUTPUT ALL LOG MESSAGES !!!
20200911 004143.026 INFO             PET1 !!!     THIS MAY CAUSE SLOWDOWN IN PERFORMANCE     !!!
20200911 004143.026 INFO             PET1 !!! FOR PRODUCTION RUNS, USE:                      !!!
20200911 004143.026 INFO             PET1 !!!                   ESMF_LOGKIND_Multi_On_Error  !!!
20200911 004143.026 INFO             PET1 !!!!!!!!!!!!!!!!!!!!!!!!!!!!!!!!!!!!!!!!!!!!!!!!!!!!!!
20200911 004143.026 INFO             PET1 Running with ESMF Version   : ESMF_8_1_0_beta_snapshot_27-62-g745c3c78f7
20200911 004143.026 INFO             PET1 ESMF library build date/time: "Sep 10 2020" "23:45:48"
20200911 004143.026 INFO             PET1 ESMF library build location : /home1/07356/tg866552/himanshu/esmf
20200911 004143.027 INFO             PET1 ESMF_COMM                   : intelmpi
20200911 004143.031 INFO             PET1 ESMF_NETCDF                 : enabled
20200911 004143.031 INFO             PET1 ESMF_PNETCDF                : disabled
20200911 004143.031 INFO             PET1 ESMF_PIO                    : enabled
20200911 004143.031 INFO             PET1 ESMF_YAMLCPP                : enabled
20200911 004143.031 INFO             PET1 ESMF_MOAB                   : enabled
20200911 004143.049 INFO             PET1 ESMCI_CompTunnel.C:1063 ESMCI::ServiceLoop() ServiceLoop: entering with port argument: 61010 and timeout: 20
20200911 004145.078 INFO             PET1 ESMCI_CompTunnel.C:476 ESMCI::CompTunnel::negotiate() finished socketBased negotiate() on actual component side
20200911 004145.078 INFO             PET1 ESMCI_CompTunnel.C:872 ESMCI::CompTunnel::dual2actual() dual2actual() socketBased (actual side)...
20200911 004145.078 INFO             PET1 ESMCI_CompTunnel.C:872 ESMCI::CompTunnel::dual2actual() dual2actual() socketBased (actual side)...
20200911 004145.118 INFO             PET1 ESMCI_CompTunnel.C:1122 ESMCI::ServiceLoop() ServiceLoop: received method: InitializeIC and phase: 1
20200911 004145.118 INFO             PET1 Actual Component Initialize
20200911 004145.118 INFO             PET1 ESMCI_CompTunnel.C:957 ESMCI::CompTunnel::actual2dual() actual2dual() socketBased (actual side)...
20200911 004145.119 INFO             PET1 ESMCI_CompTunnel.C:872 ESMCI::CompTunnel::dual2actual() dual2actual() socketBased (actual side)...
20200911 004145.119 INFO             PET1 ESMCI_CompTunnel.C:872 ESMCI::CompTunnel::dual2actual() dual2actual() socketBased (actual side)...
20200911 004145.159 INFO             PET1 ESMCI_CompTunnel.C:1122 ESMCI::ServiceLoop() ServiceLoop: received method: RunIC and phase: 1
20200911 004145.160 INFO             PET1 Actual Component Run
20200911 004145.160 INFO             PET1 ESMCI_CompTunnel.C:957 ESMCI::CompTunnel::actual2dual() actual2dual() socketBased (actual side)...
20200911 004145.160 INFO             PET1 ESMCI_CompTunnel.C:872 ESMCI::CompTunnel::dual2actual() dual2actual() socketBased (actual side)...
20200911 004145.161 INFO             PET1 ESMCI_CompTunnel.C:872 ESMCI::CompTunnel::dual2actual() dual2actual() socketBased (actual side)...
20200911 004145.200 INFO             PET1 ESMCI_CompTunnel.C:1122 ESMCI::ServiceLoop() ServiceLoop: received method: FinalizeIC and phase: 1
20200911 004145.200 INFO             PET1 Actual Component Finalize
20200911 004145.200 INFO             PET1 ESMCI_CompTunnel.C:957 ESMCI::CompTunnel::actual2dual() actual2dual() socketBased (actual side)...
20200911 004145.201 INFO             PET1 ESMCI_CompTunnel.C:872 ESMCI::CompTunnel::dual2actual() dual2actual() socketBased (actual side)...
20200911 004145.201 INFO             PET1 ESMCI_CompTunnel.C:872 ESMCI::CompTunnel::dual2actual() dual2actual() socketBased (actual side)...
20200911 004145.241 INFO             PET1 ESMCI_CompTunnel.C:1122 ESMCI::ServiceLoop() ServiceLoop: received method: InitializeIC and phase: 1
20200911 004145.242 INFO             PET1 Actual Component Initialize
20200911 004145.242 INFO             PET1 ESMCI_CompTunnel.C:957 ESMCI::CompTunnel::actual2dual() actual2dual() socketBased (actual side)...
20200911 004145.242 INFO             PET1 ESMCI_CompTunnel.C:872 ESMCI::CompTunnel::dual2actual() dual2actual() socketBased (actual side)...
20200911 004145.242 INFO             PET1 ESMCI_CompTunnel.C:872 ESMCI::CompTunnel::dual2actual() dual2actual() socketBased (actual side)...
20200911 004145.282 INFO             PET1 ESMCI_CompTunnel.C:1122 ESMCI::ServiceLoop() ServiceLoop: received method: InitializeIC and phase: 1
20200911 004145.282 INFO             PET1 Actual Component Initialize
20200911 004145.282 INFO             PET1 ESMCI_CompTunnel.C:957 ESMCI::CompTunnel::actual2dual() actual2dual() socketBased (actual side)...
20200911 004145.283 INFO             PET1 ESMCI_CompTunnel.C:872 ESMCI::CompTunnel::dual2actual() dual2actual() socketBased (actual side)...
20200911 004145.283 INFO             PET1 ESMCI_CompTunnel.C:872 ESMCI::CompTunnel::dual2actual() dual2actual() socketBased (actual side)...
20200911 004145.323 INFO             PET1 ESMCI_CompTunnel.C:1122 ESMCI::ServiceLoop() ServiceLoop: received method: RunIC and phase: 1
20200911 004145.324 INFO             PET1 Actual Component Run
20200911 004145.324 INFO             PET1 ESMCI_CompTunnel.C:957 ESMCI::CompTunnel::actual2dual() actual2dual() socketBased (actual side)...
20200911 004145.324 INFO             PET1 ESMCI_CompTunnel.C:872 ESMCI::CompTunnel::dual2actual() dual2actual() socketBased (actual side)...
20200911 004145.324 INFO             PET1 ESMCI_CompTunnel.C:872 ESMCI::CompTunnel::dual2actual() dual2actual() socketBased (actual side)...
20200911 004145.364 INFO             PET1 ESMCI_CompTunnel.C:1122 ESMCI::ServiceLoop() ServiceLoop: received method: None and phase: 1
20200911 004145.364 INFO             PET1 ESMCI_CompTunnel.C:957 ESMCI::CompTunnel::actual2dual() actual2dual() socketBased (actual side)...
20200911 004145.365 INFO             PET1 ESMCI_CompTunnel.C:1153 ESMCI::ServiceLoop() ServiceLoop: exiting
20200911 004145.365 INFO             PET1  NUMBER_OF_PROCESSORS           6
20200911 004145.366 INFO             PET1  PASS  Example ESMF_CompTunnelEx, ESMF_CompTunnelEx.F90, line 549
20200911 004145.366 INFO             PET1 Finalizing ESMF
20200911 004143.030 INFO             PET2 !!!!!!!!!!!!!!!!!!!!!!!!!!!!!!!!!!!!!!!!!!!!!!!!!!!!!!
20200911 004143.030 INFO             PET2 !!! THE ESMF_LOG IS SET TO OUTPUT ALL LOG MESSAGES !!!
20200911 004143.030 INFO             PET2 !!!     THIS MAY CAUSE SLOWDOWN IN PERFORMANCE     !!!
20200911 004143.030 INFO             PET2 !!! FOR PRODUCTION RUNS, USE:                      !!!
20200911 004143.031 INFO             PET2 !!!                   ESMF_LOGKIND_Multi_On_Error  !!!
20200911 004143.031 INFO             PET2 !!!!!!!!!!!!!!!!!!!!!!!!!!!!!!!!!!!!!!!!!!!!!!!!!!!!!!
20200911 004143.031 INFO             PET2 Running with ESMF Version   : ESMF_8_1_0_beta_snapshot_27-62-g745c3c78f7
20200911 004143.031 INFO             PET2 ESMF library build date/time: "Sep 10 2020" "23:45:48"
20200911 004143.031 INFO             PET2 ESMF library build location : /home1/07356/tg866552/himanshu/esmf
20200911 004143.031 INFO             PET2 ESMF_COMM                   : intelmpi
20200911 004143.035 INFO             PET2 ESMF_NETCDF                 : enabled
20200911 004143.035 INFO             PET2 ESMF_PNETCDF                : disabled
20200911 004143.035 INFO             PET2 ESMF_PIO                    : enabled
20200911 004143.035 INFO             PET2 ESMF_YAMLCPP                : enabled
20200911 004143.035 INFO             PET2 ESMF_MOAB                   : enabled
20200911 004143.049 INFO             PET2 ESMCI_CompTunnel.C:1063 ESMCI::ServiceLoop() ServiceLoop: entering with port argument: 61010 and timeout: 20
20200911 004145.078 INFO             PET2 ESMCI_CompTunnel.C:476 ESMCI::CompTunnel::negotiate() finished socketBased negotiate() on actual component side
20200911 004145.078 INFO             PET2 ESMCI_CompTunnel.C:872 ESMCI::CompTunnel::dual2actual() dual2actual() socketBased (actual side)...
20200911 004145.078 INFO             PET2 ESMCI_CompTunnel.C:872 ESMCI::CompTunnel::dual2actual() dual2actual() socketBased (actual side)...
20200911 004145.118 INFO             PET2 ESMCI_CompTunnel.C:1122 ESMCI::ServiceLoop() ServiceLoop: received method: InitializeIC and phase: 1
20200911 004145.118 INFO             PET2 Actual Component Initialize
20200911 004145.118 INFO             PET2 ESMCI_CompTunnel.C:957 ESMCI::CompTunnel::actual2dual() actual2dual() socketBased (actual side)...
20200911 004145.119 INFO             PET2 ESMCI_CompTunnel.C:872 ESMCI::CompTunnel::dual2actual() dual2actual() socketBased (actual side)...
20200911 004145.119 INFO             PET2 ESMCI_CompTunnel.C:872 ESMCI::CompTunnel::dual2actual() dual2actual() socketBased (actual side)...
20200911 004145.159 INFO             PET2 ESMCI_CompTunnel.C:1122 ESMCI::ServiceLoop() ServiceLoop: received method: RunIC and phase: 1
20200911 004145.160 INFO             PET2 Actual Component Run
20200911 004145.160 INFO             PET2 ESMCI_CompTunnel.C:957 ESMCI::CompTunnel::actual2dual() actual2dual() socketBased (actual side)...
20200911 004145.160 INFO             PET2 ESMCI_CompTunnel.C:872 ESMCI::CompTunnel::dual2actual() dual2actual() socketBased (actual side)...
20200911 004145.161 INFO             PET2 ESMCI_CompTunnel.C:872 ESMCI::CompTunnel::dual2actual() dual2actual() socketBased (actual side)...
20200911 004145.200 INFO             PET2 ESMCI_CompTunnel.C:1122 ESMCI::ServiceLoop() ServiceLoop: received method: FinalizeIC and phase: 1
20200911 004145.200 INFO             PET2 Actual Component Finalize
20200911 004145.200 INFO             PET2 ESMCI_CompTunnel.C:957 ESMCI::CompTunnel::actual2dual() actual2dual() socketBased (actual side)...
20200911 004145.201 INFO             PET2 ESMCI_CompTunnel.C:872 ESMCI::CompTunnel::dual2actual() dual2actual() socketBased (actual side)...
20200911 004145.201 INFO             PET2 ESMCI_CompTunnel.C:872 ESMCI::CompTunnel::dual2actual() dual2actual() socketBased (actual side)...
20200911 004145.241 INFO             PET2 ESMCI_CompTunnel.C:1122 ESMCI::ServiceLoop() ServiceLoop: received method: InitializeIC and phase: 1
20200911 004145.242 INFO             PET2 Actual Component Initialize
20200911 004145.242 INFO             PET2 ESMCI_CompTunnel.C:957 ESMCI::CompTunnel::actual2dual() actual2dual() socketBased (actual side)...
20200911 004145.242 INFO             PET2 ESMCI_CompTunnel.C:872 ESMCI::CompTunnel::dual2actual() dual2actual() socketBased (actual side)...
20200911 004145.242 INFO             PET2 ESMCI_CompTunnel.C:872 ESMCI::CompTunnel::dual2actual() dual2actual() socketBased (actual side)...
20200911 004145.282 INFO             PET2 ESMCI_CompTunnel.C:1122 ESMCI::ServiceLoop() ServiceLoop: received method: InitializeIC and phase: 1
20200911 004145.282 INFO             PET2 Actual Component Initialize
20200911 004145.282 INFO             PET2 ESMCI_CompTunnel.C:957 ESMCI::CompTunnel::actual2dual() actual2dual() socketBased (actual side)...
20200911 004145.283 INFO             PET2 ESMCI_CompTunnel.C:872 ESMCI::CompTunnel::dual2actual() dual2actual() socketBased (actual side)...
20200911 004145.283 INFO             PET2 ESMCI_CompTunnel.C:872 ESMCI::CompTunnel::dual2actual() dual2actual() socketBased (actual side)...
20200911 004145.323 INFO             PET2 ESMCI_CompTunnel.C:1122 ESMCI::ServiceLoop() ServiceLoop: received method: RunIC and phase: 1
20200911 004145.324 INFO             PET2 Actual Component Run
20200911 004145.324 INFO             PET2 ESMCI_CompTunnel.C:957 ESMCI::CompTunnel::actual2dual() actual2dual() socketBased (actual side)...
20200911 004145.324 INFO             PET2 ESMCI_CompTunnel.C:872 ESMCI::CompTunnel::dual2actual() dual2actual() socketBased (actual side)...
20200911 004145.324 INFO             PET2 ESMCI_CompTunnel.C:872 ESMCI::CompTunnel::dual2actual() dual2actual() socketBased (actual side)...
20200911 004145.364 INFO             PET2 ESMCI_CompTunnel.C:1122 ESMCI::ServiceLoop() ServiceLoop: received method: None and phase: 1
20200911 004145.364 INFO             PET2 ESMCI_CompTunnel.C:957 ESMCI::CompTunnel::actual2dual() actual2dual() socketBased (actual side)...
20200911 004145.365 INFO             PET2 ESMCI_CompTunnel.C:1153 ESMCI::ServiceLoop() ServiceLoop: exiting
20200911 004145.365 INFO             PET2  NUMBER_OF_PROCESSORS           6
20200911 004145.365 INFO             PET2  PASS  Example ESMF_CompTunnelEx, ESMF_CompTunnelEx.F90, line 549
20200911 004145.366 INFO             PET2 Finalizing ESMF
20200911 004143.040 INFO             PET3 !!!!!!!!!!!!!!!!!!!!!!!!!!!!!!!!!!!!!!!!!!!!!!!!!!!!!!
20200911 004143.040 INFO             PET3 !!! THE ESMF_LOG IS SET TO OUTPUT ALL LOG MESSAGES !!!
20200911 004143.040 INFO             PET3 !!!     THIS MAY CAUSE SLOWDOWN IN PERFORMANCE     !!!
20200911 004143.040 INFO             PET3 !!! FOR PRODUCTION RUNS, USE:                      !!!
20200911 004143.040 INFO             PET3 !!!                   ESMF_LOGKIND_Multi_On_Error  !!!
20200911 004143.040 INFO             PET3 !!!!!!!!!!!!!!!!!!!!!!!!!!!!!!!!!!!!!!!!!!!!!!!!!!!!!!
20200911 004143.040 INFO             PET3 Running with ESMF Version   : ESMF_8_1_0_beta_snapshot_27-62-g745c3c78f7
20200911 004143.040 INFO             PET3 ESMF library build date/time: "Sep 10 2020" "23:45:48"
20200911 004143.040 INFO             PET3 ESMF library build location : /home1/07356/tg866552/himanshu/esmf
20200911 004143.040 INFO             PET3 ESMF_COMM                   : intelmpi
20200911 004143.045 INFO             PET3 ESMF_NETCDF                 : enabled
20200911 004143.045 INFO             PET3 ESMF_PNETCDF                : disabled
20200911 004143.045 INFO             PET3 ESMF_PIO                    : enabled
20200911 004143.045 INFO             PET3 ESMF_YAMLCPP                : enabled
20200911 004143.045 INFO             PET3 ESMF_MOAB                   : enabled
20200911 004143.049 INFO             PET3 ESMCI_CompTunnel.C:1063 ESMCI::ServiceLoop() ServiceLoop: entering with port argument: 61011 and timeout: 2
20200911 004143.049 INFO             PET3 ESMCI_CompTunnel.C:345 ESMCI::CompTunnel::negotiate() negotiate socketBased actual: port=61011, timeout=2
20200911 004145.050 ERROR            PET3 ESMCI_CompTunnel.C:354 ESMCI::CompTunnel::negotiate() Timeout reached  - - No client connected, time out!
20200911 004145.051 ERROR            PET3 ESMCI_CompTunnel.C:1099 ESMCI::ServiceLoop() Timeout reached  - Internal subroutine call returned Error
20200911 004145.078 INFO             PET3 ESMCI_CompTunnel.C:577 ESMCI::CompTunnel::negotiate() finished socketBased negotiate() on dual component side
20200911 004145.078 INFO             PET3 ESMCI_CompTunnel.C:841 ESMCI::CompTunnel::dual2actual() dual2actual() socketBased (dual side)...
20200911 004145.078 INFO             PET3 ESMCI_CompTunnel.C:841 ESMCI::CompTunnel::dual2actual() dual2actual() socketBased (dual side)...
20200911 004145.079 INFO             PET3 ESMCI_CompTunnel.C:988 ESMCI::CompTunnel::actual2dual() actual2dual() socketBased (dual side)...
20200911 004145.119 INFO             PET3 ESMCI_CompTunnel.C:841 ESMCI::CompTunnel::dual2actual() dual2actual() socketBased (dual side)...
20200911 004145.119 INFO             PET3 ESMCI_CompTunnel.C:841 ESMCI::CompTunnel::dual2actual() dual2actual() socketBased (dual side)...
20200911 004145.119 INFO             PET3 ESMCI_CompTunnel.C:988 ESMCI::CompTunnel::actual2dual() actual2dual() socketBased (dual side)...
20200911 004145.160 INFO             PET3 ESMCI_CompTunnel.C:841 ESMCI::CompTunnel::dual2actual() dual2actual() socketBased (dual side)...
20200911 004145.160 INFO             PET3 ESMCI_CompTunnel.C:841 ESMCI::CompTunnel::dual2actual() dual2actual() socketBased (dual side)...
20200911 004145.161 INFO             PET3 ESMCI_CompTunnel.C:988 ESMCI::CompTunnel::actual2dual() actual2dual() socketBased (dual side)...
20200911 004145.201 INFO             PET3 ESMCI_CompTunnel.C:841 ESMCI::CompTunnel::dual2actual() dual2actual() socketBased (dual side)...
20200911 004145.201 INFO             PET3 ESMCI_CompTunnel.C:841 ESMCI::CompTunnel::dual2actual() dual2actual() socketBased (dual side)...
20200911 004145.201 INFO             PET3 ESMCI_CompTunnel.C:988 ESMCI::CompTunnel::actual2dual() actual2dual() socketBased (dual side)...
20200911 004145.242 INFO             PET3 ESMCI_CompTunnel.C:841 ESMCI::CompTunnel::dual2actual() dual2actual() socketBased (dual side)...
20200911 004145.242 INFO             PET3 ESMCI_CompTunnel.C:841 ESMCI::CompTunnel::dual2actual() dual2actual() socketBased (dual side)...
20200911 004145.242 INFO             PET3 ESMCI_CompTunnel.C:988 ESMCI::CompTunnel::actual2dual() actual2dual() socketBased (dual side)...
20200911 004145.283 INFO             PET3 ESMCI_CompTunnel.C:841 ESMCI::CompTunnel::dual2actual() dual2actual() socketBased (dual side)...
20200911 004145.283 INFO             PET3 ESMCI_CompTunnel.C:841 ESMCI::CompTunnel::dual2actual() dual2actual() socketBased (dual side)...
20200911 004145.283 INFO             PET3 ESMCI_CompTunnel.C:988 ESMCI::CompTunnel::actual2dual() actual2dual() socketBased (dual side)...
20200911 004145.324 INFO             PET3 ESMCI_CompTunnel.C:841 ESMCI::CompTunnel::dual2actual() dual2actual() socketBased (dual side)...
20200911 004145.325 INFO             PET3 ESMCI_CompTunnel.C:841 ESMCI::CompTunnel::dual2actual() dual2actual() socketBased (dual side)...
20200911 004145.325 INFO             PET3 ESMCI_CompTunnel.C:988 ESMCI::CompTunnel::actual2dual() actual2dual() socketBased (dual side)...
20200911 004145.365 INFO             PET3  NUMBER_OF_PROCESSORS           6
20200911 004145.365 INFO             PET3  PASS  Example ESMF_CompTunnelEx, ESMF_CompTunnelEx.F90, line 549
20200911 004145.365 INFO             PET3 Finalizing ESMF
20200911 004143.038 INFO             PET4 !!!!!!!!!!!!!!!!!!!!!!!!!!!!!!!!!!!!!!!!!!!!!!!!!!!!!!
20200911 004143.039 INFO             PET4 !!! THE ESMF_LOG IS SET TO OUTPUT ALL LOG MESSAGES !!!
20200911 004143.039 INFO             PET4 !!!     THIS MAY CAUSE SLOWDOWN IN PERFORMANCE     !!!
20200911 004143.039 INFO             PET4 !!! FOR PRODUCTION RUNS, USE:                      !!!
20200911 004143.039 INFO             PET4 !!!                   ESMF_LOGKIND_Multi_On_Error  !!!
20200911 004143.039 INFO             PET4 !!!!!!!!!!!!!!!!!!!!!!!!!!!!!!!!!!!!!!!!!!!!!!!!!!!!!!
20200911 004143.039 INFO             PET4 Running with ESMF Version   : ESMF_8_1_0_beta_snapshot_27-62-g745c3c78f7
20200911 004143.039 INFO             PET4 ESMF library build date/time: "Sep 10 2020" "23:45:48"
20200911 004143.039 INFO             PET4 ESMF library build location : /home1/07356/tg866552/himanshu/esmf
20200911 004143.039 INFO             PET4 ESMF_COMM                   : intelmpi
20200911 004143.043 INFO             PET4 ESMF_NETCDF                 : enabled
20200911 004143.043 INFO             PET4 ESMF_PNETCDF                : disabled
20200911 004143.043 INFO             PET4 ESMF_PIO                    : enabled
20200911 004143.043 INFO             PET4 ESMF_YAMLCPP                : enabled
20200911 004143.043 INFO             PET4 ESMF_MOAB                   : enabled
20200911 004143.049 INFO             PET4 ESMCI_CompTunnel.C:1063 ESMCI::ServiceLoop() ServiceLoop: entering with port argument: 61011 and timeout: 2
20200911 004145.051 ERROR            PET4 ESMCI_CompTunnel.C:1099 ESMCI::ServiceLoop() Timeout reached  - Internal subroutine call returned Error
20200911 004145.051 INFO             PET4 ESMCI_CompTunnel.C:483 ESMCI::CompTunnel::negotiate() negotiate socketBased dual: port=61010, timeout=10
20200911 004145.078 INFO             PET4 ESMCI_CompTunnel.C:577 ESMCI::CompTunnel::negotiate() finished socketBased negotiate() on dual component side
20200911 004145.078 INFO             PET4 ESMCI_CompTunnel.C:841 ESMCI::CompTunnel::dual2actual() dual2actual() socketBased (dual side)...
20200911 004145.078 INFO             PET4 ESMCI_CompTunnel.C:841 ESMCI::CompTunnel::dual2actual() dual2actual() socketBased (dual side)...
20200911 004145.079 INFO             PET4 ESMCI_CompTunnel.C:988 ESMCI::CompTunnel::actual2dual() actual2dual() socketBased (dual side)...
20200911 004145.119 INFO             PET4 ESMCI_CompTunnel.C:841 ESMCI::CompTunnel::dual2actual() dual2actual() socketBased (dual side)...
20200911 004145.119 INFO             PET4 ESMCI_CompTunnel.C:841 ESMCI::CompTunnel::dual2actual() dual2actual() socketBased (dual side)...
20200911 004145.119 INFO             PET4 ESMCI_CompTunnel.C:988 ESMCI::CompTunnel::actual2dual() actual2dual() socketBased (dual side)...
20200911 004145.160 INFO             PET4 ESMCI_CompTunnel.C:841 ESMCI::CompTunnel::dual2actual() dual2actual() socketBased (dual side)...
20200911 004145.160 INFO             PET4 ESMCI_CompTunnel.C:841 ESMCI::CompTunnel::dual2actual() dual2actual() socketBased (dual side)...
20200911 004145.161 INFO             PET4 ESMCI_CompTunnel.C:988 ESMCI::CompTunnel::actual2dual() actual2dual() socketBased (dual side)...
20200911 004145.201 INFO             PET4 ESMCI_CompTunnel.C:841 ESMCI::CompTunnel::dual2actual() dual2actual() socketBased (dual side)...
20200911 004145.201 INFO             PET4 ESMCI_CompTunnel.C:841 ESMCI::CompTunnel::dual2actual() dual2actual() socketBased (dual side)...
20200911 004145.201 INFO             PET4 ESMCI_CompTunnel.C:988 ESMCI::CompTunnel::actual2dual() actual2dual() socketBased (dual side)...
20200911 004145.242 INFO             PET4 ESMCI_CompTunnel.C:841 ESMCI::CompTunnel::dual2actual() dual2actual() socketBased (dual side)...
20200911 004145.242 INFO             PET4 ESMCI_CompTunnel.C:841 ESMCI::CompTunnel::dual2actual() dual2actual() socketBased (dual side)...
20200911 004145.242 INFO             PET4 ESMCI_CompTunnel.C:988 ESMCI::CompTunnel::actual2dual() actual2dual() socketBased (dual side)...
20200911 004145.283 INFO             PET4 ESMCI_CompTunnel.C:841 ESMCI::CompTunnel::dual2actual() dual2actual() socketBased (dual side)...
20200911 004145.283 INFO             PET4 ESMCI_CompTunnel.C:841 ESMCI::CompTunnel::dual2actual() dual2actual() socketBased (dual side)...
20200911 004145.283 INFO             PET4 ESMCI_CompTunnel.C:988 ESMCI::CompTunnel::actual2dual() actual2dual() socketBased (dual side)...
20200911 004145.324 INFO             PET4 ESMCI_CompTunnel.C:841 ESMCI::CompTunnel::dual2actual() dual2actual() socketBased (dual side)...
20200911 004145.325 INFO             PET4 ESMCI_CompTunnel.C:841 ESMCI::CompTunnel::dual2actual() dual2actual() socketBased (dual side)...
20200911 004145.325 INFO             PET4 ESMCI_CompTunnel.C:988 ESMCI::CompTunnel::actual2dual() actual2dual() socketBased (dual side)...
20200911 004145.365 INFO             PET4  NUMBER_OF_PROCESSORS           6
20200911 004145.365 INFO             PET4  PASS  Example ESMF_CompTunnelEx, ESMF_CompTunnelEx.F90, line 549
20200911 004145.365 INFO             PET4 Finalizing ESMF
20200911 004143.041 INFO             PET5 !!!!!!!!!!!!!!!!!!!!!!!!!!!!!!!!!!!!!!!!!!!!!!!!!!!!!!
20200911 004143.041 INFO             PET5 !!! THE ESMF_LOG IS SET TO OUTPUT ALL LOG MESSAGES !!!
20200911 004143.041 INFO             PET5 !!!     THIS MAY CAUSE SLOWDOWN IN PERFORMANCE     !!!
20200911 004143.041 INFO             PET5 !!! FOR PRODUCTION RUNS, USE:                      !!!
20200911 004143.041 INFO             PET5 !!!                   ESMF_LOGKIND_Multi_On_Error  !!!
20200911 004143.041 INFO             PET5 !!!!!!!!!!!!!!!!!!!!!!!!!!!!!!!!!!!!!!!!!!!!!!!!!!!!!!
20200911 004143.041 INFO             PET5 Running with ESMF Version   : ESMF_8_1_0_beta_snapshot_27-62-g745c3c78f7
20200911 004143.042 INFO             PET5 ESMF library build date/time: "Sep 10 2020" "23:45:48"
20200911 004143.042 INFO             PET5 ESMF library build location : /home1/07356/tg866552/himanshu/esmf
20200911 004143.042 INFO             PET5 ESMF_COMM                   : intelmpi
20200911 004143.046 INFO             PET5 ESMF_NETCDF                 : enabled
20200911 004143.046 INFO             PET5 ESMF_PNETCDF                : disabled
20200911 004143.046 INFO             PET5 ESMF_PIO                    : enabled
20200911 004143.046 INFO             PET5 ESMF_YAMLCPP                : enabled
20200911 004143.046 INFO             PET5 ESMF_MOAB                   : enabled
20200911 004143.049 INFO             PET5 ESMCI_CompTunnel.C:1063 ESMCI::ServiceLoop() ServiceLoop: entering with port argument: 61011 and timeout: 2
20200911 004145.051 ERROR            PET5 ESMCI_CompTunnel.C:1099 ESMCI::ServiceLoop() Timeout reached  - Internal subroutine call returned Error
20200911 004145.078 INFO             PET5 ESMCI_CompTunnel.C:577 ESMCI::CompTunnel::negotiate() finished socketBased negotiate() on dual component side
20200911 004145.078 INFO             PET5 ESMCI_CompTunnel.C:841 ESMCI::CompTunnel::dual2actual() dual2actual() socketBased (dual side)...
20200911 004145.078 INFO             PET5 ESMCI_CompTunnel.C:841 ESMCI::CompTunnel::dual2actual() dual2actual() socketBased (dual side)...
20200911 004145.079 INFO             PET5 ESMCI_CompTunnel.C:988 ESMCI::CompTunnel::actual2dual() actual2dual() socketBased (dual side)...
20200911 004145.119 INFO             PET5 ESMCI_CompTunnel.C:841 ESMCI::CompTunnel::dual2actual() dual2actual() socketBased (dual side)...
20200911 004145.119 INFO             PET5 ESMCI_CompTunnel.C:841 ESMCI::CompTunnel::dual2actual() dual2actual() socketBased (dual side)...
20200911 004145.119 INFO             PET5 ESMCI_CompTunnel.C:988 ESMCI::CompTunnel::actual2dual() actual2dual() socketBased (dual side)...
20200911 004145.160 INFO             PET5 ESMCI_CompTunnel.C:841 ESMCI::CompTunnel::dual2actual() dual2actual() socketBased (dual side)...
20200911 004145.160 INFO             PET5 ESMCI_CompTunnel.C:841 ESMCI::CompTunnel::dual2actual() dual2actual() socketBased (dual side)...
20200911 004145.161 INFO             PET5 ESMCI_CompTunnel.C:988 ESMCI::CompTunnel::actual2dual() actual2dual() socketBased (dual side)...
20200911 004145.201 INFO             PET5 ESMCI_CompTunnel.C:841 ESMCI::CompTunnel::dual2actual() dual2actual() socketBased (dual side)...
20200911 004145.201 INFO             PET5 ESMCI_CompTunnel.C:841 ESMCI::CompTunnel::dual2actual() dual2actual() socketBased (dual side)...
20200911 004145.201 INFO             PET5 ESMCI_CompTunnel.C:988 ESMCI::CompTunnel::actual2dual() actual2dual() socketBased (dual side)...
20200911 004145.242 INFO             PET5 ESMCI_CompTunnel.C:841 ESMCI::CompTunnel::dual2actual() dual2actual() socketBased (dual side)...
20200911 004145.242 INFO             PET5 ESMCI_CompTunnel.C:841 ESMCI::CompTunnel::dual2actual() dual2actual() socketBased (dual side)...
20200911 004145.242 INFO             PET5 ESMCI_CompTunnel.C:988 ESMCI::CompTunnel::actual2dual() actual2dual() socketBased (dual side)...
20200911 004145.283 INFO             PET5 ESMCI_CompTunnel.C:841 ESMCI::CompTunnel::dual2actual() dual2actual() socketBased (dual side)...
20200911 004145.283 INFO             PET5 ESMCI_CompTunnel.C:841 ESMCI::CompTunnel::dual2actual() dual2actual() socketBased (dual side)...
20200911 004145.283 INFO             PET5 ESMCI_CompTunnel.C:988 ESMCI::CompTunnel::actual2dual() actual2dual() socketBased (dual side)...
20200911 004145.324 INFO             PET5 ESMCI_CompTunnel.C:841 ESMCI::CompTunnel::dual2actual() dual2actual() socketBased (dual side)...
20200911 004145.325 INFO             PET5 ESMCI_CompTunnel.C:841 ESMCI::CompTunnel::dual2actual() dual2actual() socketBased (dual side)...
20200911 004145.325 INFO             PET5 ESMCI_CompTunnel.C:988 ESMCI::CompTunnel::actual2dual() actual2dual() socketBased (dual side)...
20200911 004145.365 INFO             PET5  NUMBER_OF_PROCESSORS           6
20200911 004145.365 INFO             PET5  PASS  Example ESMF_CompTunnelEx, ESMF_CompTunnelEx.F90, line 549
20200911 004145.365 INFO             PET5 Finalizing ESMF
