20200913 181931.380 INFO             PET0 !!!!!!!!!!!!!!!!!!!!!!!!!!!!!!!!!!!!!!!!!!!!!!!!!!!!!!
20200913 181931.380 INFO             PET0 !!! THE ESMF_LOG IS SET TO OUTPUT ALL LOG MESSAGES !!!
20200913 181931.380 INFO             PET0 !!!     THIS MAY CAUSE SLOWDOWN IN PERFORMANCE     !!!
20200913 181931.380 INFO             PET0 !!! FOR PRODUCTION RUNS, USE:                      !!!
20200913 181931.380 INFO             PET0 !!!                   ESMF_LOGKIND_Multi_On_Error  !!!
20200913 181931.380 INFO             PET0 !!!!!!!!!!!!!!!!!!!!!!!!!!!!!!!!!!!!!!!!!!!!!!!!!!!!!!
20200913 181931.380 INFO             PET0 Running with ESMF Version   : ESMF_8_1_0_beta_snapshot_27-63-g072423fd9f
20200913 181931.380 INFO             PET0 ESMF library build date/time: "Sep 13 2020" "17:22:13"
20200913 181931.380 INFO             PET0 ESMF library build location : /home1/07356/tg866552/himanshu/esmf
20200913 181931.380 INFO             PET0 ESMF_COMM                   : intelmpi
20200913 181931.384 INFO             PET0 ESMF_NETCDF                 : enabled
20200913 181931.384 INFO             PET0 ESMF_PNETCDF                : disabled
20200913 181931.384 INFO             PET0 ESMF_PIO                    : enabled
20200913 181931.384 INFO             PET0 ESMF_YAMLCPP                : enabled
20200913 181931.384 INFO             PET0 ESMF_MOAB                   : enabled
20200913 181931.524 INFO             PET0  NUMBER_OF_PROCESSORS           4
20200913 181931.524 INFO             PET0  PASS  Example ESMF_NUOPCAtmModelEx, ESMF_NUOPCAtmModelEx.F90, line 1015
20200913 181931.525 INFO             PET0 Finalizing ESMF
20200913 181931.379 INFO             PET1 !!!!!!!!!!!!!!!!!!!!!!!!!!!!!!!!!!!!!!!!!!!!!!!!!!!!!!
20200913 181931.379 INFO             PET1 !!! THE ESMF_LOG IS SET TO OUTPUT ALL LOG MESSAGES !!!
20200913 181931.379 INFO             PET1 !!!     THIS MAY CAUSE SLOWDOWN IN PERFORMANCE     !!!
20200913 181931.379 INFO             PET1 !!! FOR PRODUCTION RUNS, USE:                      !!!
20200913 181931.379 INFO             PET1 !!!                   ESMF_LOGKIND_Multi_On_Error  !!!
20200913 181931.379 INFO             PET1 !!!!!!!!!!!!!!!!!!!!!!!!!!!!!!!!!!!!!!!!!!!!!!!!!!!!!!
20200913 181931.379 INFO             PET1 Running with ESMF Version   : ESMF_8_1_0_beta_snapshot_27-63-g072423fd9f
20200913 181931.379 INFO             PET1 ESMF library build date/time: "Sep 13 2020" "17:22:13"
20200913 181931.379 INFO             PET1 ESMF library build location : /home1/07356/tg866552/himanshu/esmf
20200913 181931.379 INFO             PET1 ESMF_COMM                   : intelmpi
20200913 181931.383 INFO             PET1 ESMF_NETCDF                 : enabled
20200913 181931.383 INFO             PET1 ESMF_PNETCDF                : disabled
20200913 181931.383 INFO             PET1 ESMF_PIO                    : enabled
20200913 181931.383 INFO             PET1 ESMF_YAMLCPP                : enabled
20200913 181931.383 INFO             PET1 ESMF_MOAB                   : enabled
20200913 181931.523 INFO             PET1  NUMBER_OF_PROCESSORS           4
20200913 181931.523 INFO             PET1  PASS  Example ESMF_NUOPCAtmModelEx, ESMF_NUOPCAtmModelEx.F90, line 1015
20200913 181931.523 INFO             PET1 Finalizing ESMF
20200913 181931.375 INFO             PET2 !!!!!!!!!!!!!!!!!!!!!!!!!!!!!!!!!!!!!!!!!!!!!!!!!!!!!!
20200913 181931.375 INFO             PET2 !!! THE ESMF_LOG IS SET TO OUTPUT ALL LOG MESSAGES !!!
20200913 181931.375 INFO             PET2 !!!     THIS MAY CAUSE SLOWDOWN IN PERFORMANCE     !!!
20200913 181931.375 INFO             PET2 !!! FOR PRODUCTION RUNS, USE:                      !!!
20200913 181931.375 INFO             PET2 !!!                   ESMF_LOGKIND_Multi_On_Error  !!!
20200913 181931.375 INFO             PET2 !!!!!!!!!!!!!!!!!!!!!!!!!!!!!!!!!!!!!!!!!!!!!!!!!!!!!!
20200913 181931.375 INFO             PET2 Running with ESMF Version   : ESMF_8_1_0_beta_snapshot_27-63-g072423fd9f
20200913 181931.375 INFO             PET2 ESMF library build date/time: "Sep 13 2020" "17:22:13"
20200913 181931.375 INFO             PET2 ESMF library build location : /home1/07356/tg866552/himanshu/esmf
20200913 181931.375 INFO             PET2 ESMF_COMM                   : intelmpi
20200913 181931.379 INFO             PET2 ESMF_NETCDF                 : enabled
20200913 181931.379 INFO             PET2 ESMF_PNETCDF                : disabled
20200913 181931.379 INFO             PET2 ESMF_PIO                    : enabled
20200913 181931.379 INFO             PET2 ESMF_YAMLCPP                : enabled
20200913 181931.379 INFO             PET2 ESMF_MOAB                   : enabled
20200913 181931.523 INFO             PET2  NUMBER_OF_PROCESSORS           4
20200913 181931.523 INFO             PET2  PASS  Example ESMF_NUOPCAtmModelEx, ESMF_NUOPCAtmModelEx.F90, line 1015
20200913 181931.523 INFO             PET2 Finalizing ESMF
20200913 181931.377 INFO             PET3 !!!!!!!!!!!!!!!!!!!!!!!!!!!!!!!!!!!!!!!!!!!!!!!!!!!!!!
20200913 181931.378 INFO             PET3 !!! THE ESMF_LOG IS SET TO OUTPUT ALL LOG MESSAGES !!!
20200913 181931.378 INFO             PET3 !!!     THIS MAY CAUSE SLOWDOWN IN PERFORMANCE     !!!
20200913 181931.378 INFO             PET3 !!! FOR PRODUCTION RUNS, USE:                      !!!
20200913 181931.378 INFO             PET3 !!!                   ESMF_LOGKIND_Multi_On_Error  !!!
20200913 181931.378 INFO             PET3 !!!!!!!!!!!!!!!!!!!!!!!!!!!!!!!!!!!!!!!!!!!!!!!!!!!!!!
20200913 181931.378 INFO             PET3 Running with ESMF Version   : ESMF_8_1_0_beta_snapshot_27-63-g072423fd9f
20200913 181931.378 INFO             PET3 ESMF library build date/time: "Sep 13 2020" "17:22:13"
20200913 181931.378 INFO             PET3 ESMF library build location : /home1/07356/tg866552/himanshu/esmf
20200913 181931.378 INFO             PET3 ESMF_COMM                   : intelmpi
20200913 181931.382 INFO             PET3 ESMF_NETCDF                 : enabled
20200913 181931.382 INFO             PET3 ESMF_PNETCDF                : disabled
20200913 181931.382 INFO             PET3 ESMF_PIO                    : enabled
20200913 181931.382 INFO             PET3 ESMF_YAMLCPP                : enabled
20200913 181931.382 INFO             PET3 ESMF_MOAB                   : enabled
20200913 181931.523 INFO             PET3  NUMBER_OF_PROCESSORS           4
20200913 181931.523 INFO             PET3  PASS  Example ESMF_NUOPCAtmModelEx, ESMF_NUOPCAtmModelEx.F90, line 1015
20200913 181931.523 INFO             PET3 Finalizing ESMF
