20200916 150629.643 INFO             PET0 !!!!!!!!!!!!!!!!!!!!!!!!!!!!!!!!!!!!!!!!!!!!!!!!!!!!!!
20200916 150629.643 INFO             PET0 !!! THE ESMF_LOG IS SET TO OUTPUT ALL LOG MESSAGES !!!
20200916 150629.643 INFO             PET0 !!!     THIS MAY CAUSE SLOWDOWN IN PERFORMANCE     !!!
20200916 150629.643 INFO             PET0 !!! FOR PRODUCTION RUNS, USE:                      !!!
20200916 150629.643 INFO             PET0 !!!                   ESMF_LOGKIND_Multi_On_Error  !!!
20200916 150629.643 INFO             PET0 !!!!!!!!!!!!!!!!!!!!!!!!!!!!!!!!!!!!!!!!!!!!!!!!!!!!!!
20200916 150629.643 INFO             PET0 Running with ESMF Version   : ESMF_8_1_0_beta_snapshot_27-65-g4e5dabbf11
20200916 150629.643 INFO             PET0 ESMF library build date/time: "Sep 16 2020" "14:17:43"
20200916 150629.643 INFO             PET0 ESMF library build location : /home1/07356/tg866552/himanshu/esmf
20200916 150629.643 INFO             PET0 ESMF_COMM                   : intelmpi
20200916 150629.648 INFO             PET0 ESMF_NETCDF                 : enabled
20200916 150629.648 INFO             PET0 ESMF_PNETCDF                : disabled
20200916 150629.648 INFO             PET0 ESMF_PIO                    : enabled
20200916 150629.648 INFO             PET0 ESMF_YAMLCPP                : enabled
20200916 150629.648 INFO             PET0 ESMF_MOAB                   : enabled
20200916 150629.649 INFO             PET0 ESMF Tracing Enabled
20200916 150629.649 INFO             PET0 ESMF Profiling Enabled
20200916 150629.649 INFO             PET0 ESMF Trace/Profile clock: REALTIME
20200916 150629.657 INFO             PET0  NUMBER_OF_PROCESSORS           4
20200916 150629.657 INFO             PET0  PASS  Example ESMF_TraceUserEx, ESMF_TraceUserEx.F90, line 125
20200916 150629.657 INFO             PET0 Finalizing ESMF
20200916 150629.657 INFO             PET0 **************** Region Timings *******************
20200916 150629.657 INFO             PET0 Region              Count  Total (s)   Self (s)    Mean (s)    Min (s)     Max (s)
20200916 150629.658 INFO             PET0   outer_region      1      0.0001      0.0000      0.0001      0.0001      0.0001
20200916 150629.658 INFO             PET0     inner_region_1  10     0.0000      0.0000      0.0000      0.0000      0.0000
20200916 150629.659 INFO             PET0     inner_region_2  10     0.0000      0.0000      0.0000      0.0000      0.0000
20200916 150629.636 INFO             PET1 !!!!!!!!!!!!!!!!!!!!!!!!!!!!!!!!!!!!!!!!!!!!!!!!!!!!!!
20200916 150629.636 INFO             PET1 !!! THE ESMF_LOG IS SET TO OUTPUT ALL LOG MESSAGES !!!
20200916 150629.636 INFO             PET1 !!!     THIS MAY CAUSE SLOWDOWN IN PERFORMANCE     !!!
20200916 150629.636 INFO             PET1 !!! FOR PRODUCTION RUNS, USE:                      !!!
20200916 150629.636 INFO             PET1 !!!                   ESMF_LOGKIND_Multi_On_Error  !!!
20200916 150629.636 INFO             PET1 !!!!!!!!!!!!!!!!!!!!!!!!!!!!!!!!!!!!!!!!!!!!!!!!!!!!!!
20200916 150629.636 INFO             PET1 Running with ESMF Version   : ESMF_8_1_0_beta_snapshot_27-65-g4e5dabbf11
20200916 150629.637 INFO             PET1 ESMF library build date/time: "Sep 16 2020" "14:17:43"
20200916 150629.637 INFO             PET1 ESMF library build location : /home1/07356/tg866552/himanshu/esmf
20200916 150629.637 INFO             PET1 ESMF_COMM                   : intelmpi
20200916 150629.641 INFO             PET1 ESMF_NETCDF                 : enabled
20200916 150629.641 INFO             PET1 ESMF_PNETCDF                : disabled
20200916 150629.641 INFO             PET1 ESMF_PIO                    : enabled
20200916 150629.641 INFO             PET1 ESMF_YAMLCPP                : enabled
20200916 150629.641 INFO             PET1 ESMF_MOAB                   : enabled
20200916 150629.642 INFO             PET1 ESMF Tracing Enabled
20200916 150629.642 INFO             PET1 ESMF Profiling Enabled
20200916 150629.642 INFO             PET1 ESMF Trace/Profile clock: REALTIME
20200916 150629.657 INFO             PET1  NUMBER_OF_PROCESSORS           4
20200916 150629.657 INFO             PET1  PASS  Example ESMF_TraceUserEx, ESMF_TraceUserEx.F90, line 125
20200916 150629.657 INFO             PET1 Finalizing ESMF
20200916 150629.658 INFO             PET1 **************** Region Timings *******************
20200916 150629.658 INFO             PET1 Region              Count  Total (s)   Self (s)    Mean (s)    Min (s)     Max (s)
20200916 150629.658 INFO             PET1   outer_region      1      0.0001      0.0001      0.0001      0.0001      0.0001
20200916 150629.658 INFO             PET1     inner_region_1  10     0.0000      0.0000      0.0000      0.0000      0.0000
20200916 150629.659 INFO             PET1     inner_region_2  10     0.0000      0.0000      0.0000      0.0000      0.0000
20200916 150629.642 INFO             PET2 !!!!!!!!!!!!!!!!!!!!!!!!!!!!!!!!!!!!!!!!!!!!!!!!!!!!!!
20200916 150629.642 INFO             PET2 !!! THE ESMF_LOG IS SET TO OUTPUT ALL LOG MESSAGES !!!
20200916 150629.642 INFO             PET2 !!!     THIS MAY CAUSE SLOWDOWN IN PERFORMANCE     !!!
20200916 150629.642 INFO             PET2 !!! FOR PRODUCTION RUNS, USE:                      !!!
20200916 150629.642 INFO             PET2 !!!                   ESMF_LOGKIND_Multi_On_Error  !!!
20200916 150629.642 INFO             PET2 !!!!!!!!!!!!!!!!!!!!!!!!!!!!!!!!!!!!!!!!!!!!!!!!!!!!!!
20200916 150629.642 INFO             PET2 Running with ESMF Version   : ESMF_8_1_0_beta_snapshot_27-65-g4e5dabbf11
20200916 150629.642 INFO             PET2 ESMF library build date/time: "Sep 16 2020" "14:17:43"
20200916 150629.642 INFO             PET2 ESMF library build location : /home1/07356/tg866552/himanshu/esmf
20200916 150629.642 INFO             PET2 ESMF_COMM                   : intelmpi
20200916 150629.647 INFO             PET2 ESMF_NETCDF                 : enabled
20200916 150629.647 INFO             PET2 ESMF_PNETCDF                : disabled
20200916 150629.647 INFO             PET2 ESMF_PIO                    : enabled
20200916 150629.647 INFO             PET2 ESMF_YAMLCPP                : enabled
20200916 150629.647 INFO             PET2 ESMF_MOAB                   : enabled
20200916 150629.648 INFO             PET2 ESMF Tracing Enabled
20200916 150629.648 INFO             PET2 ESMF Profiling Enabled
20200916 150629.648 INFO             PET2 ESMF Trace/Profile clock: REALTIME
20200916 150629.657 INFO             PET2  NUMBER_OF_PROCESSORS           4
20200916 150629.657 INFO             PET2  PASS  Example ESMF_TraceUserEx, ESMF_TraceUserEx.F90, line 125
20200916 150629.657 INFO             PET2 Finalizing ESMF
20200916 150629.657 INFO             PET2 **************** Region Timings *******************
20200916 150629.658 INFO             PET2 Region              Count  Total (s)   Self (s)    Mean (s)    Min (s)     Max (s)
20200916 150629.658 INFO             PET2   outer_region      1      0.0001      0.0001      0.0001      0.0001      0.0001
20200916 150629.658 INFO             PET2     inner_region_1  10     0.0000      0.0000      0.0000      0.0000      0.0000
20200916 150629.659 INFO             PET2     inner_region_2  10     0.0000      0.0000      0.0000      0.0000      0.0000
20200916 150629.645 INFO             PET3 !!!!!!!!!!!!!!!!!!!!!!!!!!!!!!!!!!!!!!!!!!!!!!!!!!!!!!
20200916 150629.645 INFO             PET3 !!! THE ESMF_LOG IS SET TO OUTPUT ALL LOG MESSAGES !!!
20200916 150629.645 INFO             PET3 !!!     THIS MAY CAUSE SLOWDOWN IN PERFORMANCE     !!!
20200916 150629.645 INFO             PET3 !!! FOR PRODUCTION RUNS, USE:                      !!!
20200916 150629.645 INFO             PET3 !!!                   ESMF_LOGKIND_Multi_On_Error  !!!
20200916 150629.645 INFO             PET3 !!!!!!!!!!!!!!!!!!!!!!!!!!!!!!!!!!!!!!!!!!!!!!!!!!!!!!
20200916 150629.645 INFO             PET3 Running with ESMF Version   : ESMF_8_1_0_beta_snapshot_27-65-g4e5dabbf11
20200916 150629.645 INFO             PET3 ESMF library build date/time: "Sep 16 2020" "14:17:43"
20200916 150629.645 INFO             PET3 ESMF library build location : /home1/07356/tg866552/himanshu/esmf
20200916 150629.645 INFO             PET3 ESMF_COMM                   : intelmpi
20200916 150629.650 INFO             PET3 ESMF_NETCDF                 : enabled
20200916 150629.650 INFO             PET3 ESMF_PNETCDF                : disabled
20200916 150629.650 INFO             PET3 ESMF_PIO                    : enabled
20200916 150629.650 INFO             PET3 ESMF_YAMLCPP                : enabled
20200916 150629.650 INFO             PET3 ESMF_MOAB                   : enabled
20200916 150629.651 INFO             PET3 ESMF Tracing Enabled
20200916 150629.651 INFO             PET3 ESMF Profiling Enabled
20200916 150629.651 INFO             PET3 ESMF Trace/Profile clock: REALTIME
20200916 150629.657 INFO             PET3  NUMBER_OF_PROCESSORS           4
20200916 150629.657 INFO             PET3  PASS  Example ESMF_TraceUserEx, ESMF_TraceUserEx.F90, line 125
20200916 150629.657 INFO             PET3 Finalizing ESMF
20200916 150629.658 INFO             PET3 **************** Region Timings *******************
20200916 150629.658 INFO             PET3 Region              Count  Total (s)   Self (s)    Mean (s)    Min (s)     Max (s)
20200916 150629.658 INFO             PET3   outer_region      1      0.0001      0.0001      0.0001      0.0001      0.0001
20200916 150629.658 INFO             PET3     inner_region_1  10     0.0000      0.0000      0.0000      0.0000      0.0000
20200916 150629.659 INFO             PET3     inner_region_2  10     0.0000      0.0000      0.0000      0.0000      0.0000
