20210214 170255.645 INFO             PET1 !!!!!!!!!!!!!!!!!!!!!!!!!!!!!!!!!!!!!!!!!!!!!!!!!!!!!!
20210214 170255.645 INFO             PET1 !!! THE ESMF_LOG IS SET TO OUTPUT ALL LOG MESSAGES !!!
20210214 170255.645 INFO             PET1 !!!     THIS MAY CAUSE SLOWDOWN IN PERFORMANCE     !!!
20210214 170255.645 INFO             PET1 !!! FOR PRODUCTION RUNS, USE:                      !!!
20210214 170255.645 INFO             PET1 !!!                   ESMF_LOGKIND_Multi_On_Error  !!!
20210214 170255.645 INFO             PET1 !!!!!!!!!!!!!!!!!!!!!!!!!!!!!!!!!!!!!!!!!!!!!!!!!!!!!!
20210214 170255.645 INFO             PET1 Running with ESMF Version   : ESMF_8_1_0_beta_snapshot_44-80-g014a1253fa
20210214 170255.645 INFO             PET1 ESMF library build date/time: "Feb 14 2021" "16:52:17"
20210214 170255.645 INFO             PET1 ESMF library build location : /glade/scratch/himanshu/scripts_dir/daily/intel_cheyenne/esmf
20210214 170255.645 INFO             PET1 ESMF_COMM                   : intelmpi
20210214 170255.645 INFO             PET1 ESMF_MOAB                   : enabled
20210214 170255.645 INFO             PET1 ESMF_LAPACK                 : enabled
20210214 170255.645 INFO             PET1 ESMF_NETCDF                 : disabled
20210214 170255.645 INFO             PET1 ESMF_PNETCDF                : disabled
20210214 170255.645 INFO             PET1 ESMF_PIO                    : enabled
20210214 170255.645 INFO             PET1 ESMF_YAMLCPP                : enabled
20210214 170255.646 INFO             PET1 Finalizing ESMF
20210214 170255.754 INFO             PET1 !!!!!!!!!!!!!!!!!!!!!!!!!!!!!!!!!!!!!!!!!!!!!!!!!!!!!!
20210214 170255.754 INFO             PET1 !!! THE ESMF_LOG IS SET TO OUTPUT ALL LOG MESSAGES !!!
20210214 170255.754 INFO             PET1 !!!     THIS MAY CAUSE SLOWDOWN IN PERFORMANCE     !!!
20210214 170255.754 INFO             PET1 !!! FOR PRODUCTION RUNS, USE:                      !!!
20210214 170255.754 INFO             PET1 !!!                   ESMF_LOGKIND_Multi_On_Error  !!!
20210214 170255.754 INFO             PET1 !!!!!!!!!!!!!!!!!!!!!!!!!!!!!!!!!!!!!!!!!!!!!!!!!!!!!!
20210214 170255.754 INFO             PET1 Running with ESMF Version   : ESMF_8_1_0_beta_snapshot_44-80-g014a1253fa
20210214 170255.754 INFO             PET1 ESMF library build date/time: "Feb 14 2021" "16:52:17"
20210214 170255.754 INFO             PET1 ESMF library build location : /glade/scratch/himanshu/scripts_dir/daily/intel_cheyenne/esmf
20210214 170255.754 INFO             PET1 ESMF_COMM                   : intelmpi
20210214 170255.754 INFO             PET1 ESMF_MOAB                   : enabled
20210214 170255.754 INFO             PET1 ESMF_LAPACK                 : enabled
20210214 170255.754 INFO             PET1 ESMF_NETCDF                 : disabled
20210214 170255.754 INFO             PET1 ESMF_PNETCDF                : disabled
20210214 170255.754 INFO             PET1 ESMF_PIO                    : enabled
20210214 170255.754 INFO             PET1 ESMF_YAMLCPP                : enabled
20210214 170255.755 INFO             PET1 Finalizing ESMF
20210214 170255.845 INFO             PET1 !!!!!!!!!!!!!!!!!!!!!!!!!!!!!!!!!!!!!!!!!!!!!!!!!!!!!!
20210214 170255.845 INFO             PET1 !!! THE ESMF_LOG IS SET TO OUTPUT ALL LOG MESSAGES !!!
20210214 170255.845 INFO             PET1 !!!     THIS MAY CAUSE SLOWDOWN IN PERFORMANCE     !!!
20210214 170255.845 INFO             PET1 !!! FOR PRODUCTION RUNS, USE:                      !!!
20210214 170255.845 INFO             PET1 !!!                   ESMF_LOGKIND_Multi_On_Error  !!!
20210214 170255.845 INFO             PET1 !!!!!!!!!!!!!!!!!!!!!!!!!!!!!!!!!!!!!!!!!!!!!!!!!!!!!!
20210214 170255.845 INFO             PET1 Running with ESMF Version   : ESMF_8_1_0_beta_snapshot_44-80-g014a1253fa
20210214 170255.845 INFO             PET1 ESMF library build date/time: "Feb 14 2021" "16:52:17"
20210214 170255.845 INFO             PET1 ESMF library build location : /glade/scratch/himanshu/scripts_dir/daily/intel_cheyenne/esmf
20210214 170255.845 INFO             PET1 ESMF_COMM                   : intelmpi
20210214 170255.847 INFO             PET1 ESMF_MOAB                   : enabled
20210214 170255.847 INFO             PET1 ESMF_LAPACK                 : enabled
20210214 170255.848 INFO             PET1 ESMF_NETCDF                 : disabled
20210214 170255.848 INFO             PET1 ESMF_PNETCDF                : disabled
20210214 170255.848 INFO             PET1 ESMF_PIO                    : enabled
20210214 170255.848 INFO             PET1 ESMF_YAMLCPP                : enabled
20210214 170255.848 INFO             PET1 Finalizing ESMF
Sun Feb 14 19:50:13 MST 2021
