20210212 140942.993 INFO             PET03 !!!!!!!!!!!!!!!!!!!!!!!!!!!!!!!!!!!!!!!!!!!!!!!!!!!!!!
20210212 140942.993 INFO             PET03 !!! THE ESMF_LOG IS SET TO OUTPUT ALL LOG MESSAGES !!!
20210212 140942.993 INFO             PET03 !!!     THIS MAY CAUSE SLOWDOWN IN PERFORMANCE     !!!
20210212 140942.993 INFO             PET03 !!! FOR PRODUCTION RUNS, USE:                      !!!
20210212 140942.993 INFO             PET03 !!!                   ESMF_LOGKIND_Multi_On_Error  !!!
20210212 140942.993 INFO             PET03 !!!!!!!!!!!!!!!!!!!!!!!!!!!!!!!!!!!!!!!!!!!!!!!!!!!!!!
20210212 140942.993 INFO             PET03 Running with ESMF Version   : ESMF_8_1_0_beta_snapshot_44-77-g67a4f84
20210212 140942.993 INFO             PET03 ESMF library build date/time: "Feb 12 2021" "14:05:36"
20210212 140942.993 INFO             PET03 ESMF library build location : /home/hpillai/esmf_test/intel/esmf
20210212 140942.993 INFO             PET03 ESMF_COMM                   : intelmpi
20210212 140942.994 INFO             PET03 ESMF_MOAB                   : enabled
20210212 140942.994 INFO             PET03 ESMF_LAPACK                 : enabled
20210212 140942.994 INFO             PET03 ESMF_NETCDF                 : enabled
20210212 140942.994 INFO             PET03 ESMF_PNETCDF                : disabled
20210212 140942.994 INFO             PET03 ESMF_PIO                    : enabled
20210212 140942.994 INFO             PET03 ESMF_YAMLCPP                : enabled
20210212 140942.994 INFO             PET03 Finalizing ESMF
20210212 140944.043 INFO             PET03 !!!!!!!!!!!!!!!!!!!!!!!!!!!!!!!!!!!!!!!!!!!!!!!!!!!!!!
20210212 140944.043 INFO             PET03 !!! THE ESMF_LOG IS SET TO OUTPUT ALL LOG MESSAGES !!!
20210212 140944.043 INFO             PET03 !!!     THIS MAY CAUSE SLOWDOWN IN PERFORMANCE     !!!
20210212 140944.043 INFO             PET03 !!! FOR PRODUCTION RUNS, USE:                      !!!
20210212 140944.043 INFO             PET03 !!!                   ESMF_LOGKIND_Multi_On_Error  !!!
20210212 140944.043 INFO             PET03 !!!!!!!!!!!!!!!!!!!!!!!!!!!!!!!!!!!!!!!!!!!!!!!!!!!!!!
20210212 140944.043 INFO             PET03 Running with ESMF Version   : ESMF_8_1_0_beta_snapshot_44-77-g67a4f84
20210212 140944.043 INFO             PET03 ESMF library build date/time: "Feb 12 2021" "14:05:36"
20210212 140944.043 INFO             PET03 ESMF library build location : /home/hpillai/esmf_test/intel/esmf
20210212 140944.043 INFO             PET03 ESMF_COMM                   : intelmpi
20210212 140944.044 INFO             PET03 ESMF_MOAB                   : enabled
20210212 140944.044 INFO             PET03 ESMF_LAPACK                 : enabled
20210212 140944.044 INFO             PET03 ESMF_NETCDF                 : enabled
20210212 140944.044 INFO             PET03 ESMF_PNETCDF                : disabled
20210212 140944.044 INFO             PET03 ESMF_PIO                    : enabled
20210212 140944.044 INFO             PET03 ESMF_YAMLCPP                : enabled
20210212 140944.045 INFO             PET03 Finalizing ESMF
20210212 140945.091 INFO             PET03 !!!!!!!!!!!!!!!!!!!!!!!!!!!!!!!!!!!!!!!!!!!!!!!!!!!!!!
20210212 140945.091 INFO             PET03 !!! THE ESMF_LOG IS SET TO OUTPUT ALL LOG MESSAGES !!!
20210212 140945.091 INFO             PET03 !!!     THIS MAY CAUSE SLOWDOWN IN PERFORMANCE     !!!
20210212 140945.091 INFO             PET03 !!! FOR PRODUCTION RUNS, USE:                      !!!
20210212 140945.091 INFO             PET03 !!!                   ESMF_LOGKIND_Multi_On_Error  !!!
20210212 140945.091 INFO             PET03 !!!!!!!!!!!!!!!!!!!!!!!!!!!!!!!!!!!!!!!!!!!!!!!!!!!!!!
20210212 140945.091 INFO             PET03 Running with ESMF Version   : ESMF_8_1_0_beta_snapshot_44-77-g67a4f84
20210212 140945.091 INFO             PET03 ESMF library build date/time: "Feb 12 2021" "14:05:36"
20210212 140945.091 INFO             PET03 ESMF library build location : /home/hpillai/esmf_test/intel/esmf
20210212 140945.091 INFO             PET03 ESMF_COMM                   : intelmpi
20210212 140945.095 INFO             PET03 ESMF_MOAB                   : enabled
20210212 140945.095 INFO             PET03 ESMF_LAPACK                 : enabled
20210212 140945.095 INFO             PET03 ESMF_NETCDF                 : enabled
20210212 140945.095 INFO             PET03 ESMF_PNETCDF                : disabled
20210212 140945.095 INFO             PET03 ESMF_PIO                    : enabled
20210212 140945.095 INFO             PET03 ESMF_YAMLCPP                : enabled
20210212 140945.095 INFO             PET03 Finalizing ESMF
Fri Feb 12 21:51:26 CST 2021
