20210210 224127.317 INFO             PET07 !!!!!!!!!!!!!!!!!!!!!!!!!!!!!!!!!!!!!!!!!!!!!!!!!!!!!!
20210210 224127.317 INFO             PET07 !!! THE ESMF_LOG IS SET TO OUTPUT ALL LOG MESSAGES !!!
20210210 224127.317 INFO             PET07 !!!     THIS MAY CAUSE SLOWDOWN IN PERFORMANCE     !!!
20210210 224127.317 INFO             PET07 !!! FOR PRODUCTION RUNS, USE:                      !!!
20210210 224127.317 INFO             PET07 !!!                   ESMF_LOGKIND_Multi_On_Error  !!!
20210210 224127.317 INFO             PET07 !!!!!!!!!!!!!!!!!!!!!!!!!!!!!!!!!!!!!!!!!!!!!!!!!!!!!!
20210210 224127.317 INFO             PET07 Running with ESMF Version   : ESMF_8_1_0_beta_snapshot_44-53-gdb2e74a
20210210 224127.317 INFO             PET07 ESMF library build date/time: "Feb 10 2021" "22:37:12"
20210210 224127.317 INFO             PET07 ESMF library build location : /home/hpillai/esmf_test/intel/esmf
20210210 224127.317 INFO             PET07 ESMF_COMM                   : intelmpi
20210210 224127.318 INFO             PET07 ESMF_MOAB                   : enabled
20210210 224127.318 INFO             PET07 ESMF_LAPACK                 : enabled
20210210 224127.318 INFO             PET07 ESMF_NETCDF                 : enabled
20210210 224127.318 INFO             PET07 ESMF_PNETCDF                : disabled
20210210 224127.318 INFO             PET07 ESMF_PIO                    : enabled
20210210 224127.318 INFO             PET07 ESMF_YAMLCPP                : enabled
20210210 224127.318 INFO             PET07 Finalizing ESMF
20210210 224128.376 INFO             PET07 !!!!!!!!!!!!!!!!!!!!!!!!!!!!!!!!!!!!!!!!!!!!!!!!!!!!!!
20210210 224128.376 INFO             PET07 !!! THE ESMF_LOG IS SET TO OUTPUT ALL LOG MESSAGES !!!
20210210 224128.376 INFO             PET07 !!!     THIS MAY CAUSE SLOWDOWN IN PERFORMANCE     !!!
20210210 224128.376 INFO             PET07 !!! FOR PRODUCTION RUNS, USE:                      !!!
20210210 224128.376 INFO             PET07 !!!                   ESMF_LOGKIND_Multi_On_Error  !!!
20210210 224128.376 INFO             PET07 !!!!!!!!!!!!!!!!!!!!!!!!!!!!!!!!!!!!!!!!!!!!!!!!!!!!!!
20210210 224128.376 INFO             PET07 Running with ESMF Version   : ESMF_8_1_0_beta_snapshot_44-53-gdb2e74a
20210210 224128.376 INFO             PET07 ESMF library build date/time: "Feb 10 2021" "22:37:12"
20210210 224128.376 INFO             PET07 ESMF library build location : /home/hpillai/esmf_test/intel/esmf
20210210 224128.376 INFO             PET07 ESMF_COMM                   : intelmpi
20210210 224128.376 INFO             PET07 ESMF_MOAB                   : enabled
20210210 224128.376 INFO             PET07 ESMF_LAPACK                 : enabled
20210210 224128.376 INFO             PET07 ESMF_NETCDF                 : enabled
20210210 224128.377 INFO             PET07 ESMF_PNETCDF                : disabled
20210210 224128.377 INFO             PET07 ESMF_PIO                    : enabled
20210210 224128.377 INFO             PET07 ESMF_YAMLCPP                : enabled
20210210 224128.377 INFO             PET07 Finalizing ESMF
20210210 224129.469 INFO             PET07 !!!!!!!!!!!!!!!!!!!!!!!!!!!!!!!!!!!!!!!!!!!!!!!!!!!!!!
20210210 224129.469 INFO             PET07 !!! THE ESMF_LOG IS SET TO OUTPUT ALL LOG MESSAGES !!!
20210210 224129.469 INFO             PET07 !!!     THIS MAY CAUSE SLOWDOWN IN PERFORMANCE     !!!
20210210 224129.469 INFO             PET07 !!! FOR PRODUCTION RUNS, USE:                      !!!
20210210 224129.469 INFO             PET07 !!!                   ESMF_LOGKIND_Multi_On_Error  !!!
20210210 224129.469 INFO             PET07 !!!!!!!!!!!!!!!!!!!!!!!!!!!!!!!!!!!!!!!!!!!!!!!!!!!!!!
20210210 224129.469 INFO             PET07 Running with ESMF Version   : ESMF_8_1_0_beta_snapshot_44-53-gdb2e74a
20210210 224129.469 INFO             PET07 ESMF library build date/time: "Feb 10 2021" "22:37:12"
20210210 224129.469 INFO             PET07 ESMF library build location : /home/hpillai/esmf_test/intel/esmf
20210210 224129.469 INFO             PET07 ESMF_COMM                   : intelmpi
20210210 224129.470 INFO             PET07 ESMF_MOAB                   : enabled
20210210 224129.470 INFO             PET07 ESMF_LAPACK                 : enabled
20210210 224129.470 INFO             PET07 ESMF_NETCDF                 : enabled
20210210 224129.470 INFO             PET07 ESMF_PNETCDF                : disabled
20210210 224129.470 INFO             PET07 ESMF_PIO                    : enabled
20210210 224129.470 INFO             PET07 ESMF_YAMLCPP                : enabled
20210210 224129.471 INFO             PET07 Finalizing ESMF
Wed Feb 10 23:17:39 CST 2021
