20210212 140936.859 INFO             PET10 !!!!!!!!!!!!!!!!!!!!!!!!!!!!!!!!!!!!!!!!!!!!!!!!!!!!!!
20210212 140936.859 INFO             PET10 !!! THE ESMF_LOG IS SET TO OUTPUT ALL LOG MESSAGES !!!
20210212 140936.859 INFO             PET10 !!!     THIS MAY CAUSE SLOWDOWN IN PERFORMANCE     !!!
20210212 140936.859 INFO             PET10 !!! FOR PRODUCTION RUNS, USE:                      !!!
20210212 140936.859 INFO             PET10 !!!                   ESMF_LOGKIND_Multi_On_Error  !!!
20210212 140936.859 INFO             PET10 !!!!!!!!!!!!!!!!!!!!!!!!!!!!!!!!!!!!!!!!!!!!!!!!!!!!!!
20210212 140936.859 INFO             PET10 Running with ESMF Version   : ESMF_8_1_0_beta_snapshot_44-77-g67a4f84
20210212 140936.859 INFO             PET10 ESMF library build date/time: "Feb 12 2021" "14:05:36"
20210212 140936.859 INFO             PET10 ESMF library build location : /home/hpillai/esmf_test/intel/esmf
20210212 140936.859 INFO             PET10 ESMF_COMM                   : intelmpi
20210212 140936.860 INFO             PET10 ESMF_MOAB                   : enabled
20210212 140936.860 INFO             PET10 ESMF_LAPACK                 : enabled
20210212 140936.860 INFO             PET10 ESMF_NETCDF                 : enabled
20210212 140936.860 INFO             PET10 ESMF_PNETCDF                : disabled
20210212 140936.860 INFO             PET10 ESMF_PIO                    : enabled
20210212 140936.860 INFO             PET10 ESMF_YAMLCPP                : enabled
20210212 140936.860 INFO             PET10 Finalizing ESMF
20210212 140937.953 INFO             PET10 !!!!!!!!!!!!!!!!!!!!!!!!!!!!!!!!!!!!!!!!!!!!!!!!!!!!!!
20210212 140937.953 INFO             PET10 !!! THE ESMF_LOG IS SET TO OUTPUT ALL LOG MESSAGES !!!
20210212 140937.953 INFO             PET10 !!!     THIS MAY CAUSE SLOWDOWN IN PERFORMANCE     !!!
20210212 140937.953 INFO             PET10 !!! FOR PRODUCTION RUNS, USE:                      !!!
20210212 140937.953 INFO             PET10 !!!                   ESMF_LOGKIND_Multi_On_Error  !!!
20210212 140937.953 INFO             PET10 !!!!!!!!!!!!!!!!!!!!!!!!!!!!!!!!!!!!!!!!!!!!!!!!!!!!!!
20210212 140937.953 INFO             PET10 Running with ESMF Version   : ESMF_8_1_0_beta_snapshot_44-77-g67a4f84
20210212 140937.953 INFO             PET10 ESMF library build date/time: "Feb 12 2021" "14:05:36"
20210212 140937.953 INFO             PET10 ESMF library build location : /home/hpillai/esmf_test/intel/esmf
20210212 140937.953 INFO             PET10 ESMF_COMM                   : intelmpi
20210212 140937.953 INFO             PET10 ESMF_MOAB                   : enabled
20210212 140937.954 INFO             PET10 ESMF_LAPACK                 : enabled
20210212 140937.954 INFO             PET10 ESMF_NETCDF                 : enabled
20210212 140937.954 INFO             PET10 ESMF_PNETCDF                : disabled
20210212 140937.954 INFO             PET10 ESMF_PIO                    : enabled
20210212 140937.954 INFO             PET10 ESMF_YAMLCPP                : enabled
20210212 140937.957 INFO             PET10 Finalizing ESMF
20210212 140939.000 INFO             PET10 !!!!!!!!!!!!!!!!!!!!!!!!!!!!!!!!!!!!!!!!!!!!!!!!!!!!!!
20210212 140939.000 INFO             PET10 !!! THE ESMF_LOG IS SET TO OUTPUT ALL LOG MESSAGES !!!
20210212 140939.000 INFO             PET10 !!!     THIS MAY CAUSE SLOWDOWN IN PERFORMANCE     !!!
20210212 140939.000 INFO             PET10 !!! FOR PRODUCTION RUNS, USE:                      !!!
20210212 140939.000 INFO             PET10 !!!                   ESMF_LOGKIND_Multi_On_Error  !!!
20210212 140939.000 INFO             PET10 !!!!!!!!!!!!!!!!!!!!!!!!!!!!!!!!!!!!!!!!!!!!!!!!!!!!!!
20210212 140939.000 INFO             PET10 Running with ESMF Version   : ESMF_8_1_0_beta_snapshot_44-77-g67a4f84
20210212 140939.000 INFO             PET10 ESMF library build date/time: "Feb 12 2021" "14:05:36"
20210212 140939.000 INFO             PET10 ESMF library build location : /home/hpillai/esmf_test/intel/esmf
20210212 140939.000 INFO             PET10 ESMF_COMM                   : intelmpi
20210212 140939.001 INFO             PET10 ESMF_MOAB                   : enabled
20210212 140939.001 INFO             PET10 ESMF_LAPACK                 : enabled
20210212 140939.001 INFO             PET10 ESMF_NETCDF                 : enabled
20210212 140939.001 INFO             PET10 ESMF_PNETCDF                : disabled
20210212 140939.001 INFO             PET10 ESMF_PIO                    : enabled
20210212 140939.001 INFO             PET10 ESMF_YAMLCPP                : enabled
20210212 140939.002 INFO             PET10 Finalizing ESMF
Fri Feb 12 21:51:26 CST 2021
