20200909 185851.252 INFO             PET0 !!!!!!!!!!!!!!!!!!!!!!!!!!!!!!!!!!!!!!!!!!!!!!!!!!!!!!
20200909 185851.252 INFO             PET0 !!! THE ESMF_LOG IS SET TO OUTPUT ALL LOG MESSAGES !!!
20200909 185851.252 INFO             PET0 !!!     THIS MAY CAUSE SLOWDOWN IN PERFORMANCE     !!!
20200909 185851.252 INFO             PET0 !!! FOR PRODUCTION RUNS, USE:                      !!!
20200909 185851.252 INFO             PET0 !!!                   ESMF_LOGKIND_Multi_On_Error  !!!
20200909 185851.252 INFO             PET0 !!!!!!!!!!!!!!!!!!!!!!!!!!!!!!!!!!!!!!!!!!!!!!!!!!!!!!
20200909 185851.252 INFO             PET0 Running with ESMF Version   : ESMF_8_1_0_beta_snapshot_27-60-g1b38836031
20200909 185851.252 INFO             PET0 ESMF library build date/time: "Sep  9 2020" "18:44:47"
20200909 185851.252 INFO             PET0 ESMF library build location : /project/esmf/himanshu/esmf_test/cronjobs/daily/intel/esmf
20200909 185851.252 INFO             PET0 ESMF_COMM                   : mpiuni
20200909 185851.252 INFO             PET0 ESMF_NETCDF                 : enabled
20200909 185851.252 INFO             PET0 ESMF_PNETCDF                : disabled
20200909 185851.252 INFO             PET0 ESMF_PIO                    : disabled
20200909 185851.252 INFO             PET0 ESMF_YAMLCPP                : enabled
20200909 185851.252 INFO             PET0 ESMF_MOAB                   : enabled
20200909 185851.252 INFO             PET0 ESMF Tracing Enabled
20200909 185851.252 INFO             PET0 ESMF Profiling Enabled
20200909 185851.252 INFO             PET0 ESMF Trace/Profile clock: REALTIME
20200909 185851.253 WARNING          PET0 ESMF Tracing/Profiling could not load dynamic instrumentation functions.
20200909 185851.255 INFO             PET0  NUMBER_OF_PROCESSORS           1
20200909 185851.255 INFO             PET0  PASS  Example ESMF_TraceEx, ESMF_TraceEx.F90, line 178
20200909 185851.255 INFO             PET0 Finalizing ESMF
20200909 185851.255 INFO             PET0 **************** Region Timings *******************
20200909 185851.255 INFO             PET0 Region              Count  Total (s)   Self (s)    Mean (s)    Min (s)     Max (s)
20200909 185851.255 INFO             PET0   [test] Run 1      5      0.0000      0.0000      0.0000      0.0000      0.0000
20200909 185851.255 INFO             PET0   [test] Init 1     1      0.0000      0.0000      0.0000      0.0000      0.0000
20200909 185851.255 INFO             PET0   [test] Final 1    1      0.0000      0.0000      0.0000      0.0000      0.0000
