20210212 133435.285 INFO             PET0 !!!!!!!!!!!!!!!!!!!!!!!!!!!!!!!!!!!!!!!!!!!!!!!!!!!!!!
20210212 133435.288 INFO             PET0 !!! THE ESMF_LOG IS SET TO OUTPUT ALL LOG MESSAGES !!!
20210212 133435.288 INFO             PET0 !!!     THIS MAY CAUSE SLOWDOWN IN PERFORMANCE     !!!
20210212 133435.288 INFO             PET0 !!! FOR PRODUCTION RUNS, USE:                      !!!
20210212 133435.288 INFO             PET0 !!!                   ESMF_LOGKIND_Multi_On_Error  !!!
20210212 133435.288 INFO             PET0 !!!!!!!!!!!!!!!!!!!!!!!!!!!!!!!!!!!!!!!!!!!!!!!!!!!!!!
20210212 133435.288 INFO             PET0 Running with ESMF Version   : ESMF_8_1_0_beta_snapshot_44-71-g5a2c3f2e38
20210212 133435.288 INFO             PET0 ESMF library build date/time: "Feb 12 2021" "13:29:27"
20210212 133435.288 INFO             PET0 ESMF library build location : /project/esmf/himanshu/esmf_test/cronjobs/daily/intel/esmf
20210212 133435.288 INFO             PET0 ESMF_COMM                   : mpich3
20210212 133435.289 INFO             PET0 ESMF_MOAB                   : enabled
20210212 133435.289 INFO             PET0 ESMF_LAPACK                 : enabled
20210212 133435.289 INFO             PET0 ESMF_NETCDF                 : enabled
20210212 133435.289 INFO             PET0 ESMF_PNETCDF                : disabled
20210212 133435.289 INFO             PET0 ESMF_PIO                    : enabled
20210212 133435.289 INFO             PET0 ESMF_YAMLCPP                : enabled
20210212 133435.306 INFO             PET0 Finalizing ESMF
20210212 133435.460 INFO             PET0 !!!!!!!!!!!!!!!!!!!!!!!!!!!!!!!!!!!!!!!!!!!!!!!!!!!!!!
20210212 133435.463 INFO             PET0 !!! THE ESMF_LOG IS SET TO OUTPUT ALL LOG MESSAGES !!!
20210212 133435.463 INFO             PET0 !!!     THIS MAY CAUSE SLOWDOWN IN PERFORMANCE     !!!
20210212 133435.463 INFO             PET0 !!! FOR PRODUCTION RUNS, USE:                      !!!
20210212 133435.463 INFO             PET0 !!!                   ESMF_LOGKIND_Multi_On_Error  !!!
20210212 133435.463 INFO             PET0 !!!!!!!!!!!!!!!!!!!!!!!!!!!!!!!!!!!!!!!!!!!!!!!!!!!!!!
20210212 133435.463 INFO             PET0 Running with ESMF Version   : ESMF_8_1_0_beta_snapshot_44-71-g5a2c3f2e38
20210212 133435.463 INFO             PET0 ESMF library build date/time: "Feb 12 2021" "13:29:27"
20210212 133435.463 INFO             PET0 ESMF library build location : /project/esmf/himanshu/esmf_test/cronjobs/daily/intel/esmf
20210212 133435.463 INFO             PET0 ESMF_COMM                   : mpich3
20210212 133435.464 INFO             PET0 ESMF_MOAB                   : enabled
20210212 133435.464 INFO             PET0 ESMF_LAPACK                 : enabled
20210212 133435.464 INFO             PET0 ESMF_NETCDF                 : enabled
20210212 133435.464 INFO             PET0 ESMF_PNETCDF                : disabled
20210212 133435.464 INFO             PET0 ESMF_PIO                    : enabled
20210212 133435.464 INFO             PET0 ESMF_YAMLCPP                : enabled
20210212 133435.481 INFO             PET0 Finalizing ESMF
20210212 133435.677 INFO             PET0 !!!!!!!!!!!!!!!!!!!!!!!!!!!!!!!!!!!!!!!!!!!!!!!!!!!!!!
20210212 133435.680 INFO             PET0 !!! THE ESMF_LOG IS SET TO OUTPUT ALL LOG MESSAGES !!!
20210212 133435.680 INFO             PET0 !!!     THIS MAY CAUSE SLOWDOWN IN PERFORMANCE     !!!
20210212 133435.680 INFO             PET0 !!! FOR PRODUCTION RUNS, USE:                      !!!
20210212 133435.680 INFO             PET0 !!!                   ESMF_LOGKIND_Multi_On_Error  !!!
20210212 133435.680 INFO             PET0 !!!!!!!!!!!!!!!!!!!!!!!!!!!!!!!!!!!!!!!!!!!!!!!!!!!!!!
20210212 133435.680 INFO             PET0 Running with ESMF Version   : ESMF_8_1_0_beta_snapshot_44-71-g5a2c3f2e38
20210212 133435.680 INFO             PET0 ESMF library build date/time: "Feb 12 2021" "13:29:27"
20210212 133435.680 INFO             PET0 ESMF library build location : /project/esmf/himanshu/esmf_test/cronjobs/daily/intel/esmf
20210212 133435.680 INFO             PET0 ESMF_COMM                   : mpich3
20210212 133435.681 INFO             PET0 ESMF_MOAB                   : enabled
20210212 133435.681 INFO             PET0 ESMF_LAPACK                 : enabled
20210212 133435.681 INFO             PET0 ESMF_NETCDF                 : enabled
20210212 133435.681 INFO             PET0 ESMF_PNETCDF                : disabled
20210212 133435.681 INFO             PET0 ESMF_PIO                    : enabled
20210212 133435.681 INFO             PET0 ESMF_YAMLCPP                : enabled
20210212 133435.701 INFO             PET0 Finalizing ESMF
Fri Feb 12 14:20:54 MST 2021
