20210207 131510.386 INFO             PET2 !!!!!!!!!!!!!!!!!!!!!!!!!!!!!!!!!!!!!!!!!!!!!!!!!!!!!!
20210207 131510.387 INFO             PET2 !!! THE ESMF_LOG IS SET TO OUTPUT ALL LOG MESSAGES !!!
20210207 131510.387 INFO             PET2 !!!     THIS MAY CAUSE SLOWDOWN IN PERFORMANCE     !!!
20210207 131510.387 INFO             PET2 !!! FOR PRODUCTION RUNS, USE:                      !!!
20210207 131510.387 INFO             PET2 !!!                   ESMF_LOGKIND_Multi_On_Error  !!!
20210207 131510.387 INFO             PET2 !!!!!!!!!!!!!!!!!!!!!!!!!!!!!!!!!!!!!!!!!!!!!!!!!!!!!!
20210207 131510.387 INFO             PET2 Running with ESMF Version   : ESMF_8_1_0_beta_snapshot_43-58-g2869d4f82f
20210207 131510.387 INFO             PET2 ESMF library build date/time: "Feb  7 2021" "13:09:45"
20210207 131510.387 INFO             PET2 ESMF library build location : /project/esmf/himanshu/esmf_test/cronjobs/daily/intel/esmf
20210207 131510.387 INFO             PET2 ESMF_COMM                   : mpich3
20210207 131510.387 INFO             PET2 ESMF_MOAB                   : enabled
20210207 131510.387 INFO             PET2 ESMF_LAPACK                 : enabled
20210207 131510.387 INFO             PET2 ESMF_NETCDF                 : enabled
20210207 131510.387 INFO             PET2 ESMF_PNETCDF                : disabled
20210207 131510.387 INFO             PET2 ESMF_PIO                    : enabled
20210207 131510.387 INFO             PET2 ESMF_YAMLCPP                : enabled
20210207 131510.387 INFO             PET2 Finalizing ESMF
20210207 131510.421 INFO             PET2 !!!!!!!!!!!!!!!!!!!!!!!!!!!!!!!!!!!!!!!!!!!!!!!!!!!!!!
20210207 131510.422 INFO             PET2 !!! THE ESMF_LOG IS SET TO OUTPUT ALL LOG MESSAGES !!!
20210207 131510.422 INFO             PET2 !!!     THIS MAY CAUSE SLOWDOWN IN PERFORMANCE     !!!
20210207 131510.422 INFO             PET2 !!! FOR PRODUCTION RUNS, USE:                      !!!
20210207 131510.422 INFO             PET2 !!!                   ESMF_LOGKIND_Multi_On_Error  !!!
20210207 131510.422 INFO             PET2 !!!!!!!!!!!!!!!!!!!!!!!!!!!!!!!!!!!!!!!!!!!!!!!!!!!!!!
20210207 131510.422 INFO             PET2 Running with ESMF Version   : ESMF_8_1_0_beta_snapshot_43-58-g2869d4f82f
20210207 131510.422 INFO             PET2 ESMF library build date/time: "Feb  7 2021" "13:09:45"
20210207 131510.422 INFO             PET2 ESMF library build location : /project/esmf/himanshu/esmf_test/cronjobs/daily/intel/esmf
20210207 131510.422 INFO             PET2 ESMF_COMM                   : mpich3
20210207 131510.422 INFO             PET2 ESMF_MOAB                   : enabled
20210207 131510.422 INFO             PET2 ESMF_LAPACK                 : enabled
20210207 131510.422 INFO             PET2 ESMF_NETCDF                 : enabled
20210207 131510.422 INFO             PET2 ESMF_PNETCDF                : disabled
20210207 131510.422 INFO             PET2 ESMF_PIO                    : enabled
20210207 131510.422 INFO             PET2 ESMF_YAMLCPP                : enabled
20210207 131510.422 INFO             PET2 Finalizing ESMF
20210207 131510.455 INFO             PET2 !!!!!!!!!!!!!!!!!!!!!!!!!!!!!!!!!!!!!!!!!!!!!!!!!!!!!!
20210207 131510.455 INFO             PET2 !!! THE ESMF_LOG IS SET TO OUTPUT ALL LOG MESSAGES !!!
20210207 131510.456 INFO             PET2 !!!     THIS MAY CAUSE SLOWDOWN IN PERFORMANCE     !!!
20210207 131510.456 INFO             PET2 !!! FOR PRODUCTION RUNS, USE:                      !!!
20210207 131510.456 INFO             PET2 !!!                   ESMF_LOGKIND_Multi_On_Error  !!!
20210207 131510.456 INFO             PET2 !!!!!!!!!!!!!!!!!!!!!!!!!!!!!!!!!!!!!!!!!!!!!!!!!!!!!!
20210207 131510.456 INFO             PET2 Running with ESMF Version   : ESMF_8_1_0_beta_snapshot_43-58-g2869d4f82f
20210207 131510.456 INFO             PET2 ESMF library build date/time: "Feb  7 2021" "13:09:45"
20210207 131510.456 INFO             PET2 ESMF library build location : /project/esmf/himanshu/esmf_test/cronjobs/daily/intel/esmf
20210207 131510.456 INFO             PET2 ESMF_COMM                   : mpich3
20210207 131510.456 INFO             PET2 ESMF_MOAB                   : enabled
20210207 131510.456 INFO             PET2 ESMF_LAPACK                 : enabled
20210207 131510.456 INFO             PET2 ESMF_NETCDF                 : enabled
20210207 131510.456 INFO             PET2 ESMF_PNETCDF                : disabled
20210207 131510.456 INFO             PET2 ESMF_PIO                    : enabled
20210207 131510.456 INFO             PET2 ESMF_YAMLCPP                : enabled
20210207 131510.456 INFO             PET2 Finalizing ESMF
Sun Feb  7 13:59:57 MST 2021
