
Program received signal SIGABRT: Process abort signal.

Backtrace for this error:
#0  0x106a2ab6d
#1  0x106a29f9d
#2  0x7fff5dcf7b5c

Program received signal SIGABRT: Process abort signal.

Backtrace for this error:
#0  0x110634b6d
#1  0x110633f9d
#2  0x7fff5dcf7b5c

Program received signal SIGABRT: Process abort signal.

Backtrace for this error:
#0  0x113163b6d
#1  0x113162f9d
#2  0x7fff5dcf7b5c

Program received signal SIGABRT: Process abort signal.

Backtrace for this error:
#0  0x1080d1b6d
#1  0x1080d0f9d
#2  0x7fff5dcf7b5c

===================================================================================
=   BAD TERMINATION OF ONE OF YOUR APPLICATION PROCESSES
=   PID 23665 RUNNING AT cgdm-catania
=   EXIT CODE: 6
=   CLEANING UP REMAINING PROCESSES
=   YOU CAN IGNORE THE BELOW CLEANUP MESSAGES
===================================================================================
YOUR APPLICATION TERMINATED WITH THE EXIT STRING: Abort trap: 6 (signal 6)
This typically refers to a problem with your application.
Please see the FAQ page for debugging suggestions
Thu Feb 11 02:28:15 MST 2021
