
Program received signal SIGABRT: Process abort signal.

Backtrace for this error:

Program received signal SIGABRT: Process abort signal.

Backtrace for this error:

Program received signal SIGABRT: Process abort signal.

Backtrace for this error:

Program received signal SIGABRT: Process abort signal.

Backtrace for this error:
#0  0x112fe8b6d
#1  0x112fe7f9d
#2  0x7fff5dcf7b5c
#0  0x10da95b6d
#1  0x10da94f9d
#2  0x7fff5dcf7b5c
#0  0x10dd4eb6d
#1  0x10dd4df9d
#2  0x7fff5dcf7b5c
#0  0x10c057b6d
#1  0x10c056f9d
#2  0x7fff5dcf7b5c

===================================================================================
=   BAD TERMINATION OF ONE OF YOUR APPLICATION PROCESSES
=   PID 2128 RUNNING AT cgdm-catania
=   EXIT CODE: 6
=   CLEANING UP REMAINING PROCESSES
=   YOU CAN IGNORE THE BELOW CLEANUP MESSAGES
===================================================================================
YOUR APPLICATION TERMINATED WITH THE EXIT STRING: Abort trap: 6 (signal 6)
This typically refers to a problem with your application.
Please see the FAQ page for debugging suggestions
Thu Feb 11 09:43:08 MST 2021
