 localPET=           0  localDE=           0 : array(           1 ,           1 )=  -1.2882297539194267E-231
 localPET=           0  localDE=           0 : array(           1 ,           2 )=  -2.6867794407207137E+154
 localPET=           0  localDE=           0 : array(           2 ,           1 )=  -1.2882297539194267E-231
 localPET=           0  localDE=           0 : array(           2 ,           2 )=  -1.2882297539194287E-231
 localPET=           0  localDE=           0 : array(           3 ,           1 )=  -1.2882297539194315E-231
 localPET=           0  localDE=           0 : array(           3 ,           2 )=  -1.2882297539194267E-231
 localPET=           1  localDE=           0 : array(           1 ,           1 )=  -2.0000000000000000     
 localPET=           1  localDE=           0 : array(           1 ,           2 )=   1.9762625833649862E-323
 localPET=           1  localDE=           0 : array(           2 ,           1 )=  -2.0000000000000000     
 localPET=           1  localDE=           0 : array(           2 ,           2 )=  -2.0000000000000000     
 localPET=           1  localDE=           1 : array(           1 ,           1 )=  -2.0000000000000000     
 localPET=           1  localDE=           1 : array(           2 ,           1 )=  -2.0000000000000000     
 localPET=           2  localDE=           0 : array(           1 ,           1 )=  -1.4916681462400413E-154
 localPET=           2  localDE=           0 : array(           1 ,           2 )=   1.1681637757162807E-307
 localPET=           2  localDE=           0 : array(           2 ,           1 )=  -1.4916681462400413E-154
 localPET=           2  localDE=           0 : array(           2 ,           2 )=   0.0000000000000000     
 localPET=           2  localDE=           0 : array(           3 ,           1 )=   4.2439915873652667E-314
 localPET=           2  localDE=           0 : array(           3 ,           2 )=   1.2237906221789608E-307
 localPET=           3  localDE=           0 : array(           1 ,           1 )=   1.4916681462400413E-154
 localPET=           3  localDE=           0 : array(           1 ,           2 )=   1.4916681462400423E-154
 localPET=           3  localDE=           0 : array(           2 ,           1 )=   1.4916681462400413E-154
 localPET=           3  localDE=           0 : array(           2 ,           2 )=   4.1720134847010026E-309
 localPET=           0  localDE=           1 : array(           1 ,           1 )=  -1.2882297539194267E-231
 localPET=           0  localDE=           1 : array(           2 ,           1 )=  -1.2882297539194267E-231
 localPET=           0  localDE=           1 : array(           3 ,           1 )=   2.1219957919534036E-314
 localPet:            3 DE            3  [           1           2 ]
 localPet:            1 DE            1  [           1           2 ]
 localPet:            1 DE            5  [           1           2 ]
 localPet:            2 DE            2  [           1           3 ]
 localPet:            0 DE            0  [           1           3 ]
 localPet:            0 DE            4  [           1           3 ]
  PASS  Example ESMF_ArrayEx, ESMF_ArrayEx.F90, line 1899
 PASS: ESMF_ArrayEx.F90
  PASS  Example ESMF_ArrayEx, ESMF_ArrayEx.F90, line 1899
 PASS: ESMF_ArrayEx.F90
  PASS  Example ESMF_ArrayEx, ESMF_ArrayEx.F90, line 1899
 PASS: ESMF_ArrayEx.F90
  PASS  Example ESMF_ArrayEx, ESMF_ArrayEx.F90, line 1899
 PASS: ESMF_ArrayEx.F90
Sun Feb 21 02:03:24 MST 2021
