20210131 131722.780 INFO             PET0 !!!!!!!!!!!!!!!!!!!!!!!!!!!!!!!!!!!!!!!!!!!!!!!!!!!!!!
20210131 131722.780 INFO             PET0 !!! THE ESMF_LOG IS SET TO OUTPUT ALL LOG MESSAGES !!!
20210131 131722.780 INFO             PET0 !!!     THIS MAY CAUSE SLOWDOWN IN PERFORMANCE     !!!
20210131 131722.780 INFO             PET0 !!! FOR PRODUCTION RUNS, USE:                      !!!
20210131 131722.780 INFO             PET0 !!!                   ESMF_LOGKIND_Multi_On_Error  !!!
20210131 131722.780 INFO             PET0 !!!!!!!!!!!!!!!!!!!!!!!!!!!!!!!!!!!!!!!!!!!!!!!!!!!!!!
20210131 131722.780 INFO             PET0 Running with ESMF Version   : ESMF_8_1_0_beta_snapshot_43-3-g4b8b9e7
20210131 131722.780 INFO             PET0 ESMF library build date/time: "Jan 31 2021" "13:08:54"
20210131 131722.780 INFO             PET0 ESMF library build location : /home/hpillai/esmf_test/gfortran/esmf
20210131 131722.780 INFO             PET0 ESMF_COMM                   : openmpi
20210131 131722.780 INFO             PET0 ESMF_NETCDF                 : enabled
20210131 131722.780 INFO             PET0 ESMF_PNETCDF                : disabled
20210131 131722.780 INFO             PET0 ESMF_PIO                    : enabled
20210131 131722.780 INFO             PET0 ESMF_YAMLCPP                : enabled
20210131 131722.780 INFO             PET0 ESMF_MOAB                   : enabled
20210131 131722.782 INFO             PET0  NUMBER_OF_PROCESSORS           4
20210131 131722.782 INFO             PET0  PASS  Example ESMF_AttachMethodsEx, ESMF_AttachMethodsEx.F90, line 205
20210131 131722.782 INFO             PET0 Finalizing ESMF
20210131 131722.781 INFO             PET1 !!!!!!!!!!!!!!!!!!!!!!!!!!!!!!!!!!!!!!!!!!!!!!!!!!!!!!
20210131 131722.781 INFO             PET1 !!! THE ESMF_LOG IS SET TO OUTPUT ALL LOG MESSAGES !!!
20210131 131722.781 INFO             PET1 !!!     THIS MAY CAUSE SLOWDOWN IN PERFORMANCE     !!!
20210131 131722.781 INFO             PET1 !!! FOR PRODUCTION RUNS, USE:                      !!!
20210131 131722.781 INFO             PET1 !!!                   ESMF_LOGKIND_Multi_On_Error  !!!
20210131 131722.781 INFO             PET1 !!!!!!!!!!!!!!!!!!!!!!!!!!!!!!!!!!!!!!!!!!!!!!!!!!!!!!
20210131 131722.781 INFO             PET1 Running with ESMF Version   : ESMF_8_1_0_beta_snapshot_43-3-g4b8b9e7
20210131 131722.781 INFO             PET1 ESMF library build date/time: "Jan 31 2021" "13:08:54"
20210131 131722.781 INFO             PET1 ESMF library build location : /home/hpillai/esmf_test/gfortran/esmf
20210131 131722.781 INFO             PET1 ESMF_COMM                   : openmpi
20210131 131722.781 INFO             PET1 ESMF_NETCDF                 : enabled
20210131 131722.781 INFO             PET1 ESMF_PNETCDF                : disabled
20210131 131722.781 INFO             PET1 ESMF_PIO                    : enabled
20210131 131722.781 INFO             PET1 ESMF_YAMLCPP                : enabled
20210131 131722.781 INFO             PET1 ESMF_MOAB                   : enabled
20210131 131722.782 INFO             PET1  NUMBER_OF_PROCESSORS           4
20210131 131722.782 INFO             PET1  PASS  Example ESMF_AttachMethodsEx, ESMF_AttachMethodsEx.F90, line 205
20210131 131722.782 INFO             PET1 Finalizing ESMF
20210131 131722.780 INFO             PET2 !!!!!!!!!!!!!!!!!!!!!!!!!!!!!!!!!!!!!!!!!!!!!!!!!!!!!!
20210131 131722.780 INFO             PET2 !!! THE ESMF_LOG IS SET TO OUTPUT ALL LOG MESSAGES !!!
20210131 131722.780 INFO             PET2 !!!     THIS MAY CAUSE SLOWDOWN IN PERFORMANCE     !!!
20210131 131722.780 INFO             PET2 !!! FOR PRODUCTION RUNS, USE:                      !!!
20210131 131722.780 INFO             PET2 !!!                   ESMF_LOGKIND_Multi_On_Error  !!!
20210131 131722.780 INFO             PET2 !!!!!!!!!!!!!!!!!!!!!!!!!!!!!!!!!!!!!!!!!!!!!!!!!!!!!!
20210131 131722.780 INFO             PET2 Running with ESMF Version   : ESMF_8_1_0_beta_snapshot_43-3-g4b8b9e7
20210131 131722.781 INFO             PET2 ESMF library build date/time: "Jan 31 2021" "13:08:54"
20210131 131722.781 INFO             PET2 ESMF library build location : /home/hpillai/esmf_test/gfortran/esmf
20210131 131722.781 INFO             PET2 ESMF_COMM                   : openmpi
20210131 131722.781 INFO             PET2 ESMF_NETCDF                 : enabled
20210131 131722.781 INFO             PET2 ESMF_PNETCDF                : disabled
20210131 131722.781 INFO             PET2 ESMF_PIO                    : enabled
20210131 131722.781 INFO             PET2 ESMF_YAMLCPP                : enabled
20210131 131722.781 INFO             PET2 ESMF_MOAB                   : enabled
20210131 131722.782 INFO             PET2  NUMBER_OF_PROCESSORS           4
20210131 131722.782 INFO             PET2  PASS  Example ESMF_AttachMethodsEx, ESMF_AttachMethodsEx.F90, line 205
20210131 131722.782 INFO             PET2 Finalizing ESMF
20210131 131722.781 INFO             PET3 !!!!!!!!!!!!!!!!!!!!!!!!!!!!!!!!!!!!!!!!!!!!!!!!!!!!!!
20210131 131722.781 INFO             PET3 !!! THE ESMF_LOG IS SET TO OUTPUT ALL LOG MESSAGES !!!
20210131 131722.781 INFO             PET3 !!!     THIS MAY CAUSE SLOWDOWN IN PERFORMANCE     !!!
20210131 131722.781 INFO             PET3 !!! FOR PRODUCTION RUNS, USE:                      !!!
20210131 131722.781 INFO             PET3 !!!                   ESMF_LOGKIND_Multi_On_Error  !!!
20210131 131722.781 INFO             PET3 !!!!!!!!!!!!!!!!!!!!!!!!!!!!!!!!!!!!!!!!!!!!!!!!!!!!!!
20210131 131722.781 INFO             PET3 Running with ESMF Version   : ESMF_8_1_0_beta_snapshot_43-3-g4b8b9e7
20210131 131722.781 INFO             PET3 ESMF library build date/time: "Jan 31 2021" "13:08:54"
20210131 131722.781 INFO             PET3 ESMF library build location : /home/hpillai/esmf_test/gfortran/esmf
20210131 131722.781 INFO             PET3 ESMF_COMM                   : openmpi
20210131 131722.781 INFO             PET3 ESMF_NETCDF                 : enabled
20210131 131722.781 INFO             PET3 ESMF_PNETCDF                : disabled
20210131 131722.781 INFO             PET3 ESMF_PIO                    : enabled
20210131 131722.781 INFO             PET3 ESMF_YAMLCPP                : enabled
20210131 131722.781 INFO             PET3 ESMF_MOAB                   : enabled
20210131 131722.782 INFO             PET3  NUMBER_OF_PROCESSORS           4
20210131 131722.782 INFO             PET3  PASS  Example ESMF_AttachMethodsEx, ESMF_AttachMethodsEx.F90, line 205
20210131 131722.782 INFO             PET3 Finalizing ESMF
Sun Jan 31 16:23:08 CST 2021
