20201225 203453.677 INFO             PET0 !!!!!!!!!!!!!!!!!!!!!!!!!!!!!!!!!!!!!!!!!!!!!!!!!!!!!!
20201225 203453.677 INFO             PET0 !!! THE ESMF_LOG IS SET TO OUTPUT ALL LOG MESSAGES !!!
20201225 203453.677 INFO             PET0 !!!     THIS MAY CAUSE SLOWDOWN IN PERFORMANCE     !!!
20201225 203453.677 INFO             PET0 !!! FOR PRODUCTION RUNS, USE:                      !!!
20201225 203453.677 INFO             PET0 !!!                   ESMF_LOGKIND_Multi_On_Error  !!!
20201225 203453.677 INFO             PET0 !!!!!!!!!!!!!!!!!!!!!!!!!!!!!!!!!!!!!!!!!!!!!!!!!!!!!!
20201225 203453.677 INFO             PET0 Running with ESMF Version   : ESMF_8_1_0_beta_snapshot_40-4-ga072c96
20201225 203453.677 INFO             PET0 ESMF library build date/time: "Dec 25 2020" "20:27:18"
20201225 203453.677 INFO             PET0 ESMF library build location : /home/hpillai/esmf_test/gfortran/esmf
20201225 203453.677 INFO             PET0 ESMF_COMM                   : openmpi
20201225 203453.677 INFO             PET0 ESMF_NETCDF                 : enabled
20201225 203453.677 INFO             PET0 ESMF_PNETCDF                : disabled
20201225 203453.677 INFO             PET0 ESMF_PIO                    : enabled
20201225 203453.677 INFO             PET0 ESMF_YAMLCPP                : enabled
20201225 203453.677 INFO             PET0 ESMF_MOAB                   : enabled
20201225 203453.679 INFO             PET0  NUMBER_OF_PROCESSORS           4
20201225 203453.679 INFO             PET0  PASS  Example ESMF_ArrayEx, ESMF_ArrayEx.F90, line 1591
20201225 203453.679 INFO             PET0 Finalizing ESMF
20201225 203453.678 INFO             PET1 !!!!!!!!!!!!!!!!!!!!!!!!!!!!!!!!!!!!!!!!!!!!!!!!!!!!!!
20201225 203453.678 INFO             PET1 !!! THE ESMF_LOG IS SET TO OUTPUT ALL LOG MESSAGES !!!
20201225 203453.678 INFO             PET1 !!!     THIS MAY CAUSE SLOWDOWN IN PERFORMANCE     !!!
20201225 203453.678 INFO             PET1 !!! FOR PRODUCTION RUNS, USE:                      !!!
20201225 203453.678 INFO             PET1 !!!                   ESMF_LOGKIND_Multi_On_Error  !!!
20201225 203453.678 INFO             PET1 !!!!!!!!!!!!!!!!!!!!!!!!!!!!!!!!!!!!!!!!!!!!!!!!!!!!!!
20201225 203453.678 INFO             PET1 Running with ESMF Version   : ESMF_8_1_0_beta_snapshot_40-4-ga072c96
20201225 203453.678 INFO             PET1 ESMF library build date/time: "Dec 25 2020" "20:27:18"
20201225 203453.678 INFO             PET1 ESMF library build location : /home/hpillai/esmf_test/gfortran/esmf
20201225 203453.678 INFO             PET1 ESMF_COMM                   : openmpi
20201225 203453.678 INFO             PET1 ESMF_NETCDF                 : enabled
20201225 203453.678 INFO             PET1 ESMF_PNETCDF                : disabled
20201225 203453.678 INFO             PET1 ESMF_PIO                    : enabled
20201225 203453.678 INFO             PET1 ESMF_YAMLCPP                : enabled
20201225 203453.678 INFO             PET1 ESMF_MOAB                   : enabled
20201225 203453.679 INFO             PET1  NUMBER_OF_PROCESSORS           4
20201225 203453.679 INFO             PET1  PASS  Example ESMF_ArrayEx, ESMF_ArrayEx.F90, line 1591
20201225 203453.679 INFO             PET1 Finalizing ESMF
20201225 203453.676 INFO             PET2 !!!!!!!!!!!!!!!!!!!!!!!!!!!!!!!!!!!!!!!!!!!!!!!!!!!!!!
20201225 203453.676 INFO             PET2 !!! THE ESMF_LOG IS SET TO OUTPUT ALL LOG MESSAGES !!!
20201225 203453.676 INFO             PET2 !!!     THIS MAY CAUSE SLOWDOWN IN PERFORMANCE     !!!
20201225 203453.676 INFO             PET2 !!! FOR PRODUCTION RUNS, USE:                      !!!
20201225 203453.676 INFO             PET2 !!!                   ESMF_LOGKIND_Multi_On_Error  !!!
20201225 203453.676 INFO             PET2 !!!!!!!!!!!!!!!!!!!!!!!!!!!!!!!!!!!!!!!!!!!!!!!!!!!!!!
20201225 203453.676 INFO             PET2 Running with ESMF Version   : ESMF_8_1_0_beta_snapshot_40-4-ga072c96
20201225 203453.676 INFO             PET2 ESMF library build date/time: "Dec 25 2020" "20:27:18"
20201225 203453.676 INFO             PET2 ESMF library build location : /home/hpillai/esmf_test/gfortran/esmf
20201225 203453.676 INFO             PET2 ESMF_COMM                   : openmpi
20201225 203453.676 INFO             PET2 ESMF_NETCDF                 : enabled
20201225 203453.676 INFO             PET2 ESMF_PNETCDF                : disabled
20201225 203453.676 INFO             PET2 ESMF_PIO                    : enabled
20201225 203453.676 INFO             PET2 ESMF_YAMLCPP                : enabled
20201225 203453.676 INFO             PET2 ESMF_MOAB                   : enabled
20201225 203453.679 INFO             PET2  NUMBER_OF_PROCESSORS           4
20201225 203453.679 INFO             PET2  PASS  Example ESMF_ArrayEx, ESMF_ArrayEx.F90, line 1591
20201225 203453.679 INFO             PET2 Finalizing ESMF
20201225 203453.677 INFO             PET3 !!!!!!!!!!!!!!!!!!!!!!!!!!!!!!!!!!!!!!!!!!!!!!!!!!!!!!
20201225 203453.677 INFO             PET3 !!! THE ESMF_LOG IS SET TO OUTPUT ALL LOG MESSAGES !!!
20201225 203453.677 INFO             PET3 !!!     THIS MAY CAUSE SLOWDOWN IN PERFORMANCE     !!!
20201225 203453.677 INFO             PET3 !!! FOR PRODUCTION RUNS, USE:                      !!!
20201225 203453.677 INFO             PET3 !!!                   ESMF_LOGKIND_Multi_On_Error  !!!
20201225 203453.677 INFO             PET3 !!!!!!!!!!!!!!!!!!!!!!!!!!!!!!!!!!!!!!!!!!!!!!!!!!!!!!
20201225 203453.677 INFO             PET3 Running with ESMF Version   : ESMF_8_1_0_beta_snapshot_40-4-ga072c96
20201225 203453.677 INFO             PET3 ESMF library build date/time: "Dec 25 2020" "20:27:18"
20201225 203453.677 INFO             PET3 ESMF library build location : /home/hpillai/esmf_test/gfortran/esmf
20201225 203453.677 INFO             PET3 ESMF_COMM                   : openmpi
20201225 203453.677 INFO             PET3 ESMF_NETCDF                 : enabled
20201225 203453.677 INFO             PET3 ESMF_PNETCDF                : disabled
20201225 203453.677 INFO             PET3 ESMF_PIO                    : enabled
20201225 203453.677 INFO             PET3 ESMF_YAMLCPP                : enabled
20201225 203453.677 INFO             PET3 ESMF_MOAB                   : enabled
20201225 203453.679 INFO             PET3  NUMBER_OF_PROCESSORS           4
20201225 203453.679 INFO             PET3  PASS  Example ESMF_ArrayEx, ESMF_ArrayEx.F90, line 1591
20201225 203453.679 INFO             PET3 Finalizing ESMF
Fri Dec 25 21:19:48 CST 2020
