20201230 163656.006 INFO             PET0 !!!!!!!!!!!!!!!!!!!!!!!!!!!!!!!!!!!!!!!!!!!!!!!!!!!!!!
20201230 163656.006 INFO             PET0 !!! THE ESMF_LOG IS SET TO OUTPUT ALL LOG MESSAGES !!!
20201230 163656.006 INFO             PET0 !!!     THIS MAY CAUSE SLOWDOWN IN PERFORMANCE     !!!
20201230 163656.006 INFO             PET0 !!! FOR PRODUCTION RUNS, USE:                      !!!
20201230 163656.006 INFO             PET0 !!!                   ESMF_LOGKIND_Multi_On_Error  !!!
20201230 163656.006 INFO             PET0 !!!!!!!!!!!!!!!!!!!!!!!!!!!!!!!!!!!!!!!!!!!!!!!!!!!!!!
20201230 163656.006 INFO             PET0 Running with ESMF Version   : ESMF_8_1_0_beta_snapshot_40-4-ga072c96
20201230 163656.006 INFO             PET0 ESMF library build date/time: "Dec 30 2020" "16:29:45"
20201230 163656.006 INFO             PET0 ESMF library build location : /home/hpillai/esmf_test/gfortran/esmf
20201230 163656.006 INFO             PET0 ESMF_COMM                   : openmpi
20201230 163656.006 INFO             PET0 ESMF_NETCDF                 : enabled
20201230 163656.006 INFO             PET0 ESMF_PNETCDF                : disabled
20201230 163656.006 INFO             PET0 ESMF_PIO                    : enabled
20201230 163656.006 INFO             PET0 ESMF_YAMLCPP                : enabled
20201230 163656.006 INFO             PET0 ESMF_MOAB                   : enabled
20201230 163656.007 INFO             PET0  NUMBER_OF_PROCESSORS           4
20201230 163656.007 INFO             PET0  PASS  Example ESMF_VMUserMpiCommMultiEx, ESMF_VMUserMpiCommMultiEx.F90, line 126
20201230 163656.007 INFO             PET0 Finalizing ESMF
20201230 163656.004 INFO             PET0 !!!!!!!!!!!!!!!!!!!!!!!!!!!!!!!!!!!!!!!!!!!!!!!!!!!!!!
20201230 163656.004 INFO             PET0 !!! THE ESMF_LOG IS SET TO OUTPUT ALL LOG MESSAGES !!!
20201230 163656.004 INFO             PET0 !!!     THIS MAY CAUSE SLOWDOWN IN PERFORMANCE     !!!
20201230 163656.004 INFO             PET0 !!! FOR PRODUCTION RUNS, USE:                      !!!
20201230 163656.004 INFO             PET0 !!!                   ESMF_LOGKIND_Multi_On_Error  !!!
20201230 163656.004 INFO             PET0 !!!!!!!!!!!!!!!!!!!!!!!!!!!!!!!!!!!!!!!!!!!!!!!!!!!!!!
20201230 163656.004 INFO             PET0 Running with ESMF Version   : ESMF_8_1_0_beta_snapshot_40-4-ga072c96
20201230 163656.004 INFO             PET0 ESMF library build date/time: "Dec 30 2020" "16:29:45"
20201230 163656.004 INFO             PET0 ESMF library build location : /home/hpillai/esmf_test/gfortran/esmf
20201230 163656.004 INFO             PET0 ESMF_COMM                   : openmpi
20201230 163656.005 INFO             PET0 ESMF_NETCDF                 : enabled
20201230 163656.005 INFO             PET0 ESMF_PNETCDF                : disabled
20201230 163656.005 INFO             PET0 ESMF_PIO                    : enabled
20201230 163656.005 INFO             PET0 ESMF_YAMLCPP                : enabled
20201230 163656.005 INFO             PET0 ESMF_MOAB                   : enabled
20201230 163656.005 INFO             PET0  NUMBER_OF_PROCESSORS           4
20201230 163656.005 INFO             PET0  PASS  Example ESMF_VMUserMpiCommMultiEx, ESMF_VMUserMpiCommMultiEx.F90, line 154
20201230 163656.005 INFO             PET0 Finalizing ESMF
20201230 163656.006 INFO             PET1 !!!!!!!!!!!!!!!!!!!!!!!!!!!!!!!!!!!!!!!!!!!!!!!!!!!!!!
20201230 163656.006 INFO             PET1 !!! THE ESMF_LOG IS SET TO OUTPUT ALL LOG MESSAGES !!!
20201230 163656.006 INFO             PET1 !!!     THIS MAY CAUSE SLOWDOWN IN PERFORMANCE     !!!
20201230 163656.006 INFO             PET1 !!! FOR PRODUCTION RUNS, USE:                      !!!
20201230 163656.006 INFO             PET1 !!!                   ESMF_LOGKIND_Multi_On_Error  !!!
20201230 163656.006 INFO             PET1 !!!!!!!!!!!!!!!!!!!!!!!!!!!!!!!!!!!!!!!!!!!!!!!!!!!!!!
20201230 163656.006 INFO             PET1 Running with ESMF Version   : ESMF_8_1_0_beta_snapshot_40-4-ga072c96
20201230 163656.006 INFO             PET1 ESMF library build date/time: "Dec 30 2020" "16:29:45"
20201230 163656.006 INFO             PET1 ESMF library build location : /home/hpillai/esmf_test/gfortran/esmf
20201230 163656.006 INFO             PET1 ESMF_COMM                   : openmpi
20201230 163656.007 INFO             PET1 ESMF_NETCDF                 : enabled
20201230 163656.007 INFO             PET1 ESMF_PNETCDF                : disabled
20201230 163656.007 INFO             PET1 ESMF_PIO                    : enabled
20201230 163656.007 INFO             PET1 ESMF_YAMLCPP                : enabled
20201230 163656.007 INFO             PET1 ESMF_MOAB                   : enabled
20201230 163656.007 INFO             PET1  NUMBER_OF_PROCESSORS           4
20201230 163656.007 INFO             PET1  PASS  Example ESMF_VMUserMpiCommMultiEx, ESMF_VMUserMpiCommMultiEx.F90, line 126
20201230 163656.007 INFO             PET1 Finalizing ESMF
20201230 163656.005 INFO             PET1 !!!!!!!!!!!!!!!!!!!!!!!!!!!!!!!!!!!!!!!!!!!!!!!!!!!!!!
20201230 163656.005 INFO             PET1 !!! THE ESMF_LOG IS SET TO OUTPUT ALL LOG MESSAGES !!!
20201230 163656.005 INFO             PET1 !!!     THIS MAY CAUSE SLOWDOWN IN PERFORMANCE     !!!
20201230 163656.005 INFO             PET1 !!! FOR PRODUCTION RUNS, USE:                      !!!
20201230 163656.005 INFO             PET1 !!!                   ESMF_LOGKIND_Multi_On_Error  !!!
20201230 163656.005 INFO             PET1 !!!!!!!!!!!!!!!!!!!!!!!!!!!!!!!!!!!!!!!!!!!!!!!!!!!!!!
20201230 163656.005 INFO             PET1 Running with ESMF Version   : ESMF_8_1_0_beta_snapshot_40-4-ga072c96
20201230 163656.005 INFO             PET1 ESMF library build date/time: "Dec 30 2020" "16:29:45"
20201230 163656.005 INFO             PET1 ESMF library build location : /home/hpillai/esmf_test/gfortran/esmf
20201230 163656.005 INFO             PET1 ESMF_COMM                   : openmpi
20201230 163656.005 INFO             PET1 ESMF_NETCDF                 : enabled
20201230 163656.005 INFO             PET1 ESMF_PNETCDF                : disabled
20201230 163656.005 INFO             PET1 ESMF_PIO                    : enabled
20201230 163656.005 INFO             PET1 ESMF_YAMLCPP                : enabled
20201230 163656.005 INFO             PET1 ESMF_MOAB                   : enabled
20201230 163656.005 INFO             PET1  NUMBER_OF_PROCESSORS           4
20201230 163656.005 INFO             PET1  PASS  Example ESMF_VMUserMpiCommMultiEx, ESMF_VMUserMpiCommMultiEx.F90, line 154
20201230 163656.005 INFO             PET1 Finalizing ESMF
Wed Dec 30 17:57:21 CST 2020
