20201009 063217.891 INFO             PET0 !!!!!!!!!!!!!!!!!!!!!!!!!!!!!!!!!!!!!!!!!!!!!!!!!!!!!!
20201009 063217.891 INFO             PET0 !!! THE ESMF_LOG IS SET TO OUTPUT ALL LOG MESSAGES !!!
20201009 063217.891 INFO             PET0 !!!     THIS MAY CAUSE SLOWDOWN IN PERFORMANCE     !!!
20201009 063217.891 INFO             PET0 !!! FOR PRODUCTION RUNS, USE:                      !!!
20201009 063217.891 INFO             PET0 !!!                   ESMF_LOGKIND_Multi_On_Error  !!!
20201009 063217.891 INFO             PET0 !!!!!!!!!!!!!!!!!!!!!!!!!!!!!!!!!!!!!!!!!!!!!!!!!!!!!!
20201009 063217.891 INFO             PET0 Running with ESMF Version   : ESMF_8_1_0_beta_snapshot_32-5-g0973dec516
20201009 063217.891 INFO             PET0 ESMF library build date/time: "Oct  9 2020" "06:25:02"
20201009 063217.891 INFO             PET0 ESMF library build location : /project/esmf/himanshu/esmf_test/cronjobs/daily/intelclang/esmf
20201009 063217.891 INFO             PET0 ESMF_COMM                   : mpiuni
20201009 063217.891 INFO             PET0 ESMF_NETCDF                 : enabled
20201009 063217.891 INFO             PET0 ESMF_PNETCDF                : disabled
20201009 063217.891 INFO             PET0 ESMF_PIO                    : disabled
20201009 063217.891 INFO             PET0 ESMF_YAMLCPP                : enabled
20201009 063217.891 INFO             PET0 ESMF_MOAB                   : enabled
20201009 063217.892 ERROR            PET0 ESMCI_Info.C:1268 Info::set(<json>) Cannot set value  - Error/Return Code 540 (ESMC_RC_CANNOT_SET) - Key '/myIntegerKey' already in map and force=false.
20201009 063217.892 ERROR            PET0 ESMCI_Info.C:1271 Info::set(<json>) Cannot set value  - Internal subroutine call returned Error
20201009 063217.892 ERROR            PET0 ESMCI_Info.C:1313 Info::set(<json>) Cannot set value  - Internal subroutine call returned Error
20201009 063217.892 ERROR            PET0 ESMCI_Info.C:1316 Info::set(<json>) Cannot set value  - Internal subroutine call returned Error
20201009 063217.892 ERROR            PET0 ESMCI_Info.C:1364 Info::set(<scalar>) Cannot set value  - Internal subroutine call returned Error
20201009 063217.892 ERROR            PET0 ESMC_InfoCDefGeneric.C:387 ESMC_InfoSetI4() Cannot set value  - Internal subroutine call returned Error
20201009 063217.892 ERROR            PET0 ESMF_Info.F90:666 ESMF_InfoSetI4() Cannot set value  - Internal subroutine call returned Error
20201009 063217.892 INFO             PET0  NUMBER_OF_PROCESSORS           1
20201009 063217.893 INFO             PET0  PASS  Example ESMF_InfoTutorialEx, ESMF_InfoTutorialEx.F90, line 335
20201009 063217.893 INFO             PET0 Finalizing ESMF
