20201123 155358.906 INFO             PET0 !!!!!!!!!!!!!!!!!!!!!!!!!!!!!!!!!!!!!!!!!!!!!!!!!!!!!!
20201123 155358.906 INFO             PET0 !!! THE ESMF_LOG IS SET TO OUTPUT ALL LOG MESSAGES !!!
20201123 155358.906 INFO             PET0 !!!     THIS MAY CAUSE SLOWDOWN IN PERFORMANCE     !!!
20201123 155358.906 INFO             PET0 !!! FOR PRODUCTION RUNS, USE:                      !!!
20201123 155358.906 INFO             PET0 !!!                   ESMF_LOGKIND_Multi_On_Error  !!!
20201123 155358.906 INFO             PET0 !!!!!!!!!!!!!!!!!!!!!!!!!!!!!!!!!!!!!!!!!!!!!!!!!!!!!!
20201123 155358.906 INFO             PET0 Running with ESMF Version   : ESMF_8_1_0_beta_snapshot_38
20201123 155358.906 INFO             PET0 ESMF library build date/time: "Nov 23 2020" "15:46:32"
20201123 155358.906 INFO             PET0 ESMF library build location : /project/esmf/himanshu/esmf_test/cronjobs/daily/intelclang/esmf
20201123 155358.906 INFO             PET0 ESMF_COMM                   : mpiuni
20201123 155358.906 INFO             PET0 ESMF_NETCDF                 : enabled
20201123 155358.906 INFO             PET0 ESMF_PNETCDF                : disabled
20201123 155358.906 INFO             PET0 ESMF_PIO                    : disabled
20201123 155358.906 INFO             PET0 ESMF_YAMLCPP                : enabled
20201123 155358.906 INFO             PET0 ESMF_MOAB                   : enabled
20201123 155358.907 INFO             PET0 ESMF Tracing Enabled
20201123 155358.907 INFO             PET0 ESMF Profiling Enabled
20201123 155358.907 INFO             PET0 ESMF Trace/Profile clock: REALTIME
20201123 155358.907 WARNING          PET0 ESMF Tracing/Profiling could not load dynamic instrumentation functions.
20201123 155358.908 INFO             PET0  NUMBER_OF_PROCESSORS           1
20201123 155358.908 INFO             PET0  PASS  Example ESMF_TraceEx, ESMF_TraceEx.F90, line 178
20201123 155358.908 INFO             PET0 Finalizing ESMF
20201123 155358.908 INFO             PET0 **************** Region Timings *******************
20201123 155358.908 INFO             PET0 Region              Count  Total (s)   Self (s)    Mean (s)    Min (s)     Max (s)
20201123 155358.908 INFO             PET0   [test] Run 1      5      0.0000      0.0000      0.0000      0.0000      0.0000
20201123 155358.908 INFO             PET0   [test] Init 1     1      0.0000      0.0000      0.0000      0.0000      0.0000
20201123 155358.908 INFO             PET0   [test] Final 1    1      0.0000      0.0000      0.0000      0.0000      0.0000
Mon Nov 23 16:08:52 MST 2020
