20200911 174313.709 INFO             PET0 !!!!!!!!!!!!!!!!!!!!!!!!!!!!!!!!!!!!!!!!!!!!!!!!!!!!!!
20200911 174313.709 INFO             PET0 !!! THE ESMF_LOG IS SET TO OUTPUT ALL LOG MESSAGES !!!
20200911 174313.709 INFO             PET0 !!!     THIS MAY CAUSE SLOWDOWN IN PERFORMANCE     !!!
20200911 174313.709 INFO             PET0 !!! FOR PRODUCTION RUNS, USE:                      !!!
20200911 174313.709 INFO             PET0 !!!                   ESMF_LOGKIND_Multi_On_Error  !!!
20200911 174313.709 INFO             PET0 !!!!!!!!!!!!!!!!!!!!!!!!!!!!!!!!!!!!!!!!!!!!!!!!!!!!!!
20200911 174313.709 INFO             PET0 Running with ESMF Version   : ESMF_8_1_0_beta_snapshot_27-63-g072423fd9f
20200911 174313.709 INFO             PET0 ESMF library build date/time: "Sep 11 2020" "16:38:01"
20200911 174313.709 INFO             PET0 ESMF library build location : /home1/07356/tg866552/himanshu/esmf
20200911 174313.709 INFO             PET0 ESMF_COMM                   : intelmpi
20200911 174313.714 INFO             PET0 ESMF_NETCDF                 : enabled
20200911 174313.714 INFO             PET0 ESMF_PNETCDF                : disabled
20200911 174313.714 INFO             PET0 ESMF_PIO                    : enabled
20200911 174313.714 INFO             PET0 ESMF_YAMLCPP                : enabled
20200911 174313.714 INFO             PET0 ESMF_MOAB                   : enabled
20200911 174355.948 INFO             PET0  NUMBER_OF_PROCESSORS           4
20200911 174355.948 INFO             PET0  PASS  Example ESMF_FieldSphereRegridEx, ESMF_FieldSphereRegridEx.F90, line 407
20200911 174355.949 INFO             PET0 Finalizing ESMF
20200911 174313.718 INFO             PET1 !!!!!!!!!!!!!!!!!!!!!!!!!!!!!!!!!!!!!!!!!!!!!!!!!!!!!!
20200911 174313.718 INFO             PET1 !!! THE ESMF_LOG IS SET TO OUTPUT ALL LOG MESSAGES !!!
20200911 174313.718 INFO             PET1 !!!     THIS MAY CAUSE SLOWDOWN IN PERFORMANCE     !!!
20200911 174313.718 INFO             PET1 !!! FOR PRODUCTION RUNS, USE:                      !!!
20200911 174313.718 INFO             PET1 !!!                   ESMF_LOGKIND_Multi_On_Error  !!!
20200911 174313.718 INFO             PET1 !!!!!!!!!!!!!!!!!!!!!!!!!!!!!!!!!!!!!!!!!!!!!!!!!!!!!!
20200911 174313.718 INFO             PET1 Running with ESMF Version   : ESMF_8_1_0_beta_snapshot_27-63-g072423fd9f
20200911 174313.718 INFO             PET1 ESMF library build date/time: "Sep 11 2020" "16:38:01"
20200911 174313.718 INFO             PET1 ESMF library build location : /home1/07356/tg866552/himanshu/esmf
20200911 174313.718 INFO             PET1 ESMF_COMM                   : intelmpi
20200911 174313.722 INFO             PET1 ESMF_NETCDF                 : enabled
20200911 174313.722 INFO             PET1 ESMF_PNETCDF                : disabled
20200911 174313.722 INFO             PET1 ESMF_PIO                    : enabled
20200911 174313.722 INFO             PET1 ESMF_YAMLCPP                : enabled
20200911 174313.722 INFO             PET1 ESMF_MOAB                   : enabled
20200911 174355.943 INFO             PET1  NUMBER_OF_PROCESSORS           4
20200911 174355.944 INFO             PET1  PASS  Example ESMF_FieldSphereRegridEx, ESMF_FieldSphereRegridEx.F90, line 407
20200911 174355.944 INFO             PET1 Finalizing ESMF
20200911 174313.715 INFO             PET2 !!!!!!!!!!!!!!!!!!!!!!!!!!!!!!!!!!!!!!!!!!!!!!!!!!!!!!
20200911 174313.716 INFO             PET2 !!! THE ESMF_LOG IS SET TO OUTPUT ALL LOG MESSAGES !!!
20200911 174313.716 INFO             PET2 !!!     THIS MAY CAUSE SLOWDOWN IN PERFORMANCE     !!!
20200911 174313.716 INFO             PET2 !!! FOR PRODUCTION RUNS, USE:                      !!!
20200911 174313.716 INFO             PET2 !!!                   ESMF_LOGKIND_Multi_On_Error  !!!
20200911 174313.716 INFO             PET2 !!!!!!!!!!!!!!!!!!!!!!!!!!!!!!!!!!!!!!!!!!!!!!!!!!!!!!
20200911 174313.716 INFO             PET2 Running with ESMF Version   : ESMF_8_1_0_beta_snapshot_27-63-g072423fd9f
20200911 174313.716 INFO             PET2 ESMF library build date/time: "Sep 11 2020" "16:38:01"
20200911 174313.716 INFO             PET2 ESMF library build location : /home1/07356/tg866552/himanshu/esmf
20200911 174313.716 INFO             PET2 ESMF_COMM                   : intelmpi
20200911 174313.720 INFO             PET2 ESMF_NETCDF                 : enabled
20200911 174313.721 INFO             PET2 ESMF_PNETCDF                : disabled
20200911 174313.721 INFO             PET2 ESMF_PIO                    : enabled
20200911 174313.721 INFO             PET2 ESMF_YAMLCPP                : enabled
20200911 174313.721 INFO             PET2 ESMF_MOAB                   : enabled
20200911 174355.945 INFO             PET2  NUMBER_OF_PROCESSORS           4
20200911 174355.946 INFO             PET2  PASS  Example ESMF_FieldSphereRegridEx, ESMF_FieldSphereRegridEx.F90, line 407
20200911 174355.946 INFO             PET2 Finalizing ESMF
20200911 174313.713 INFO             PET3 !!!!!!!!!!!!!!!!!!!!!!!!!!!!!!!!!!!!!!!!!!!!!!!!!!!!!!
20200911 174313.713 INFO             PET3 !!! THE ESMF_LOG IS SET TO OUTPUT ALL LOG MESSAGES !!!
20200911 174313.713 INFO             PET3 !!!     THIS MAY CAUSE SLOWDOWN IN PERFORMANCE     !!!
20200911 174313.713 INFO             PET3 !!! FOR PRODUCTION RUNS, USE:                      !!!
20200911 174313.713 INFO             PET3 !!!                   ESMF_LOGKIND_Multi_On_Error  !!!
20200911 174313.713 INFO             PET3 !!!!!!!!!!!!!!!!!!!!!!!!!!!!!!!!!!!!!!!!!!!!!!!!!!!!!!
20200911 174313.714 INFO             PET3 Running with ESMF Version   : ESMF_8_1_0_beta_snapshot_27-63-g072423fd9f
20200911 174313.714 INFO             PET3 ESMF library build date/time: "Sep 11 2020" "16:38:01"
20200911 174313.714 INFO             PET3 ESMF library build location : /home1/07356/tg866552/himanshu/esmf
20200911 174313.714 INFO             PET3 ESMF_COMM                   : intelmpi
20200911 174313.718 INFO             PET3 ESMF_NETCDF                 : enabled
20200911 174313.718 INFO             PET3 ESMF_PNETCDF                : disabled
20200911 174313.718 INFO             PET3 ESMF_PIO                    : enabled
20200911 174313.718 INFO             PET3 ESMF_YAMLCPP                : enabled
20200911 174313.718 INFO             PET3 ESMF_MOAB                   : enabled
20200911 174355.946 INFO             PET3  NUMBER_OF_PROCESSORS           4
20200911 174355.946 INFO             PET3  PASS  Example ESMF_FieldSphereRegridEx, ESMF_FieldSphereRegridEx.F90, line 407
20200911 174355.946 INFO             PET3 Finalizing ESMF
