20200915 132255.086 INFO             PET0 !!!!!!!!!!!!!!!!!!!!!!!!!!!!!!!!!!!!!!!!!!!!!!!!!!!!!!
20200915 132255.086 INFO             PET0 !!! THE ESMF_LOG IS SET TO OUTPUT ALL LOG MESSAGES !!!
20200915 132255.086 INFO             PET0 !!!     THIS MAY CAUSE SLOWDOWN IN PERFORMANCE     !!!
20200915 132255.086 INFO             PET0 !!! FOR PRODUCTION RUNS, USE:                      !!!
20200915 132255.086 INFO             PET0 !!!                   ESMF_LOGKIND_Multi_On_Error  !!!
20200915 132255.086 INFO             PET0 !!!!!!!!!!!!!!!!!!!!!!!!!!!!!!!!!!!!!!!!!!!!!!!!!!!!!!
20200915 132255.087 INFO             PET0 Running with ESMF Version   : ESMF_8_1_0_beta_snapshot_27-65-g4e5dabbf11
20200915 132255.087 INFO             PET0 ESMF library build date/time: "Sep 15 2020" "12:21:28"
20200915 132255.087 INFO             PET0 ESMF library build location : /home1/07356/tg866552/himanshu/esmf
20200915 132255.087 INFO             PET0 ESMF_COMM                   : intelmpi
20200915 132255.091 INFO             PET0 ESMF_NETCDF                 : enabled
20200915 132255.091 INFO             PET0 ESMF_PNETCDF                : disabled
20200915 132255.091 INFO             PET0 ESMF_PIO                    : enabled
20200915 132255.091 INFO             PET0 ESMF_YAMLCPP                : enabled
20200915 132255.091 INFO             PET0 ESMF_MOAB                   : enabled
20200915 132255.160 INFO             PET0  NUMBER_OF_PROCESSORS           4
20200915 132255.160 INFO             PET0  PASS  Example ESMF_ArrayHaloEx, ESMF_ArrayHaloEx.F90, line 460
20200915 132255.160 INFO             PET0 Finalizing ESMF
20200915 132255.088 INFO             PET1 !!!!!!!!!!!!!!!!!!!!!!!!!!!!!!!!!!!!!!!!!!!!!!!!!!!!!!
20200915 132255.088 INFO             PET1 !!! THE ESMF_LOG IS SET TO OUTPUT ALL LOG MESSAGES !!!
20200915 132255.088 INFO             PET1 !!!     THIS MAY CAUSE SLOWDOWN IN PERFORMANCE     !!!
20200915 132255.088 INFO             PET1 !!! FOR PRODUCTION RUNS, USE:                      !!!
20200915 132255.088 INFO             PET1 !!!                   ESMF_LOGKIND_Multi_On_Error  !!!
20200915 132255.088 INFO             PET1 !!!!!!!!!!!!!!!!!!!!!!!!!!!!!!!!!!!!!!!!!!!!!!!!!!!!!!
20200915 132255.089 INFO             PET1 Running with ESMF Version   : ESMF_8_1_0_beta_snapshot_27-65-g4e5dabbf11
20200915 132255.089 INFO             PET1 ESMF library build date/time: "Sep 15 2020" "12:21:28"
20200915 132255.089 INFO             PET1 ESMF library build location : /home1/07356/tg866552/himanshu/esmf
20200915 132255.089 INFO             PET1 ESMF_COMM                   : intelmpi
20200915 132255.093 INFO             PET1 ESMF_NETCDF                 : enabled
20200915 132255.093 INFO             PET1 ESMF_PNETCDF                : disabled
20200915 132255.093 INFO             PET1 ESMF_PIO                    : enabled
20200915 132255.093 INFO             PET1 ESMF_YAMLCPP                : enabled
20200915 132255.093 INFO             PET1 ESMF_MOAB                   : enabled
20200915 132255.156 INFO             PET1  NUMBER_OF_PROCESSORS           4
20200915 132255.156 INFO             PET1  PASS  Example ESMF_ArrayHaloEx, ESMF_ArrayHaloEx.F90, line 460
20200915 132255.156 INFO             PET1 Finalizing ESMF
20200915 132255.084 INFO             PET2 !!!!!!!!!!!!!!!!!!!!!!!!!!!!!!!!!!!!!!!!!!!!!!!!!!!!!!
20200915 132255.085 INFO             PET2 !!! THE ESMF_LOG IS SET TO OUTPUT ALL LOG MESSAGES !!!
20200915 132255.085 INFO             PET2 !!!     THIS MAY CAUSE SLOWDOWN IN PERFORMANCE     !!!
20200915 132255.085 INFO             PET2 !!! FOR PRODUCTION RUNS, USE:                      !!!
20200915 132255.085 INFO             PET2 !!!                   ESMF_LOGKIND_Multi_On_Error  !!!
20200915 132255.085 INFO             PET2 !!!!!!!!!!!!!!!!!!!!!!!!!!!!!!!!!!!!!!!!!!!!!!!!!!!!!!
20200915 132255.085 INFO             PET2 Running with ESMF Version   : ESMF_8_1_0_beta_snapshot_27-65-g4e5dabbf11
20200915 132255.085 INFO             PET2 ESMF library build date/time: "Sep 15 2020" "12:21:28"
20200915 132255.085 INFO             PET2 ESMF library build location : /home1/07356/tg866552/himanshu/esmf
20200915 132255.085 INFO             PET2 ESMF_COMM                   : intelmpi
20200915 132255.090 INFO             PET2 ESMF_NETCDF                 : enabled
20200915 132255.090 INFO             PET2 ESMF_PNETCDF                : disabled
20200915 132255.090 INFO             PET2 ESMF_PIO                    : enabled
20200915 132255.090 INFO             PET2 ESMF_YAMLCPP                : enabled
20200915 132255.090 INFO             PET2 ESMF_MOAB                   : enabled
20200915 132255.156 INFO             PET2  NUMBER_OF_PROCESSORS           4
20200915 132255.156 INFO             PET2  PASS  Example ESMF_ArrayHaloEx, ESMF_ArrayHaloEx.F90, line 460
20200915 132255.156 INFO             PET2 Finalizing ESMF
20200915 132255.081 INFO             PET3 !!!!!!!!!!!!!!!!!!!!!!!!!!!!!!!!!!!!!!!!!!!!!!!!!!!!!!
20200915 132255.082 INFO             PET3 !!! THE ESMF_LOG IS SET TO OUTPUT ALL LOG MESSAGES !!!
20200915 132255.082 INFO             PET3 !!!     THIS MAY CAUSE SLOWDOWN IN PERFORMANCE     !!!
20200915 132255.082 INFO             PET3 !!! FOR PRODUCTION RUNS, USE:                      !!!
20200915 132255.082 INFO             PET3 !!!                   ESMF_LOGKIND_Multi_On_Error  !!!
20200915 132255.082 INFO             PET3 !!!!!!!!!!!!!!!!!!!!!!!!!!!!!!!!!!!!!!!!!!!!!!!!!!!!!!
20200915 132255.082 INFO             PET3 Running with ESMF Version   : ESMF_8_1_0_beta_snapshot_27-65-g4e5dabbf11
20200915 132255.082 INFO             PET3 ESMF library build date/time: "Sep 15 2020" "12:21:28"
20200915 132255.082 INFO             PET3 ESMF library build location : /home1/07356/tg866552/himanshu/esmf
20200915 132255.082 INFO             PET3 ESMF_COMM                   : intelmpi
20200915 132255.087 INFO             PET3 ESMF_NETCDF                 : enabled
20200915 132255.087 INFO             PET3 ESMF_PNETCDF                : disabled
20200915 132255.087 INFO             PET3 ESMF_PIO                    : enabled
20200915 132255.087 INFO             PET3 ESMF_YAMLCPP                : enabled
20200915 132255.087 INFO             PET3 ESMF_MOAB                   : enabled
20200915 132255.156 INFO             PET3  NUMBER_OF_PROCESSORS           4
20200915 132255.156 INFO             PET3  PASS  Example ESMF_ArrayHaloEx, ESMF_ArrayHaloEx.F90, line 460
20200915 132255.156 INFO             PET3 Finalizing ESMF
