20200828 105500.903 INFO             PET0 !!!!!!!!!!!!!!!!!!!!!!!!!!!!!!!!!!!!!!!!!!!!!!!!!!!!!!
20200828 105500.903 INFO             PET0 !!! THE ESMF_LOG IS SET TO OUTPUT ALL LOG MESSAGES !!!
20200828 105500.903 INFO             PET0 !!!     THIS MAY CAUSE SLOWDOWN IN PERFORMANCE     !!!
20200828 105500.903 INFO             PET0 !!! FOR PRODUCTION RUNS, USE:                      !!!
20200828 105500.903 INFO             PET0 !!!                   ESMF_LOGKIND_Multi_On_Error  !!!
20200828 105500.903 INFO             PET0 !!!!!!!!!!!!!!!!!!!!!!!!!!!!!!!!!!!!!!!!!!!!!!!!!!!!!!
20200828 105500.903 INFO             PET0 Running with ESMF Version   : ESMF_8_1_0_beta_snapshot_26-41-g94befe01fa
20200828 105500.903 INFO             PET0 ESMF library build date/time: "Aug 28 2020" "09:56:56"
20200828 105500.904 INFO             PET0 ESMF library build location : /home1/07356/tg866552/himanshu/esmf
20200828 105500.904 INFO             PET0 ESMF_COMM                   : intelmpi
20200828 105500.909 INFO             PET0 ESMF_NETCDF                 : enabled
20200828 105500.909 INFO             PET0 ESMF_PNETCDF                : disabled
20200828 105500.909 INFO             PET0 ESMF_PIO                    : enabled
20200828 105500.909 INFO             PET0 ESMF_YAMLCPP                : enabled
20200828 105500.909 INFO             PET0 ESMF_MOAB                   : enabled
20200828 105500.911 INFO             PET0  NUMBER_OF_PROCESSORS           4
20200828 105500.911 INFO             PET0  PASS  Example ESMF_VMDefaultBasicsEx, ESMF_VMDefaultBasicsEx.F90, line 107
20200828 105500.911 INFO             PET0 Finalizing ESMF
20200828 105500.896 INFO             PET1 !!!!!!!!!!!!!!!!!!!!!!!!!!!!!!!!!!!!!!!!!!!!!!!!!!!!!!
20200828 105500.896 INFO             PET1 !!! THE ESMF_LOG IS SET TO OUTPUT ALL LOG MESSAGES !!!
20200828 105500.896 INFO             PET1 !!!     THIS MAY CAUSE SLOWDOWN IN PERFORMANCE     !!!
20200828 105500.896 INFO             PET1 !!! FOR PRODUCTION RUNS, USE:                      !!!
20200828 105500.896 INFO             PET1 !!!                   ESMF_LOGKIND_Multi_On_Error  !!!
20200828 105500.896 INFO             PET1 !!!!!!!!!!!!!!!!!!!!!!!!!!!!!!!!!!!!!!!!!!!!!!!!!!!!!!
20200828 105500.896 INFO             PET1 Running with ESMF Version   : ESMF_8_1_0_beta_snapshot_26-41-g94befe01fa
20200828 105500.896 INFO             PET1 ESMF library build date/time: "Aug 28 2020" "09:56:56"
20200828 105500.896 INFO             PET1 ESMF library build location : /home1/07356/tg866552/himanshu/esmf
20200828 105500.896 INFO             PET1 ESMF_COMM                   : intelmpi
20200828 105500.902 INFO             PET1 ESMF_NETCDF                 : enabled
20200828 105500.902 INFO             PET1 ESMF_PNETCDF                : disabled
20200828 105500.902 INFO             PET1 ESMF_PIO                    : enabled
20200828 105500.902 INFO             PET1 ESMF_YAMLCPP                : enabled
20200828 105500.902 INFO             PET1 ESMF_MOAB                   : enabled
20200828 105500.911 INFO             PET1  NUMBER_OF_PROCESSORS           4
20200828 105500.911 INFO             PET1  PASS  Example ESMF_VMDefaultBasicsEx, ESMF_VMDefaultBasicsEx.F90, line 107
20200828 105500.911 INFO             PET1 Finalizing ESMF
20200828 105500.891 INFO             PET2 !!!!!!!!!!!!!!!!!!!!!!!!!!!!!!!!!!!!!!!!!!!!!!!!!!!!!!
20200828 105500.892 INFO             PET2 !!! THE ESMF_LOG IS SET TO OUTPUT ALL LOG MESSAGES !!!
20200828 105500.892 INFO             PET2 !!!     THIS MAY CAUSE SLOWDOWN IN PERFORMANCE     !!!
20200828 105500.892 INFO             PET2 !!! FOR PRODUCTION RUNS, USE:                      !!!
20200828 105500.892 INFO             PET2 !!!                   ESMF_LOGKIND_Multi_On_Error  !!!
20200828 105500.892 INFO             PET2 !!!!!!!!!!!!!!!!!!!!!!!!!!!!!!!!!!!!!!!!!!!!!!!!!!!!!!
20200828 105500.892 INFO             PET2 Running with ESMF Version   : ESMF_8_1_0_beta_snapshot_26-41-g94befe01fa
20200828 105500.892 INFO             PET2 ESMF library build date/time: "Aug 28 2020" "09:56:56"
20200828 105500.892 INFO             PET2 ESMF library build location : /home1/07356/tg866552/himanshu/esmf
20200828 105500.892 INFO             PET2 ESMF_COMM                   : intelmpi
20200828 105500.897 INFO             PET2 ESMF_NETCDF                 : enabled
20200828 105500.897 INFO             PET2 ESMF_PNETCDF                : disabled
20200828 105500.897 INFO             PET2 ESMF_PIO                    : enabled
20200828 105500.897 INFO             PET2 ESMF_YAMLCPP                : enabled
20200828 105500.897 INFO             PET2 ESMF_MOAB                   : enabled
20200828 105500.911 INFO             PET2  NUMBER_OF_PROCESSORS           4
20200828 105500.911 INFO             PET2  PASS  Example ESMF_VMDefaultBasicsEx, ESMF_VMDefaultBasicsEx.F90, line 107
20200828 105500.911 INFO             PET2 Finalizing ESMF
20200828 105500.901 INFO             PET3 !!!!!!!!!!!!!!!!!!!!!!!!!!!!!!!!!!!!!!!!!!!!!!!!!!!!!!
20200828 105500.901 INFO             PET3 !!! THE ESMF_LOG IS SET TO OUTPUT ALL LOG MESSAGES !!!
20200828 105500.901 INFO             PET3 !!!     THIS MAY CAUSE SLOWDOWN IN PERFORMANCE     !!!
20200828 105500.901 INFO             PET3 !!! FOR PRODUCTION RUNS, USE:                      !!!
20200828 105500.901 INFO             PET3 !!!                   ESMF_LOGKIND_Multi_On_Error  !!!
20200828 105500.902 INFO             PET3 !!!!!!!!!!!!!!!!!!!!!!!!!!!!!!!!!!!!!!!!!!!!!!!!!!!!!!
20200828 105500.902 INFO             PET3 Running with ESMF Version   : ESMF_8_1_0_beta_snapshot_26-41-g94befe01fa
20200828 105500.902 INFO             PET3 ESMF library build date/time: "Aug 28 2020" "09:56:56"
20200828 105500.902 INFO             PET3 ESMF library build location : /home1/07356/tg866552/himanshu/esmf
20200828 105500.902 INFO             PET3 ESMF_COMM                   : intelmpi
20200828 105500.907 INFO             PET3 ESMF_NETCDF                 : enabled
20200828 105500.907 INFO             PET3 ESMF_PNETCDF                : disabled
20200828 105500.907 INFO             PET3 ESMF_PIO                    : enabled
20200828 105500.907 INFO             PET3 ESMF_YAMLCPP                : enabled
20200828 105500.907 INFO             PET3 ESMF_MOAB                   : enabled
20200828 105500.911 INFO             PET3  NUMBER_OF_PROCESSORS           4
20200828 105500.911 INFO             PET3  PASS  Example ESMF_VMDefaultBasicsEx, ESMF_VMDefaultBasicsEx.F90, line 107
20200828 105500.911 INFO             PET3 Finalizing ESMF
