20200825 022030.596 INFO             PET0 !!!!!!!!!!!!!!!!!!!!!!!!!!!!!!!!!!!!!!!!!!!!!!!!!!!!!!
20200825 022030.597 INFO             PET0 !!! THE ESMF_LOG IS SET TO OUTPUT ALL LOG MESSAGES !!!
20200825 022030.597 INFO             PET0 !!!     THIS MAY CAUSE SLOWDOWN IN PERFORMANCE     !!!
20200825 022030.597 INFO             PET0 !!! FOR PRODUCTION RUNS, USE:                      !!!
20200825 022030.597 INFO             PET0 !!!                   ESMF_LOGKIND_Multi_On_Error  !!!
20200825 022030.597 INFO             PET0 !!!!!!!!!!!!!!!!!!!!!!!!!!!!!!!!!!!!!!!!!!!!!!!!!!!!!!
20200825 022030.597 INFO             PET0 Running with ESMF Version   : ESMF_8_1_0_beta_snapshot_26-33-g0079cf5b9e
20200825 022030.597 INFO             PET0 ESMF library build date/time: "Aug 25 2020" "01:22:39"
20200825 022030.597 INFO             PET0 ESMF library build location : /home1/07356/tg866552/himanshu/esmf
20200825 022030.597 INFO             PET0 ESMF_COMM                   : intelmpi
20200825 022030.602 INFO             PET0 ESMF_NETCDF                 : enabled
20200825 022030.602 INFO             PET0 ESMF_PNETCDF                : disabled
20200825 022030.602 INFO             PET0 ESMF_PIO                    : enabled
20200825 022030.602 INFO             PET0 ESMF_YAMLCPP                : enabled
20200825 022030.602 INFO             PET0 ESMF_MOAB                   : enabled
20200825 022030.607 INFO             PET0  NUMBER_OF_PROCESSORS           2
20200825 022030.607 INFO             PET0  PASS  Example ESMF_VMUserMpiCommEx, ESMF_VMUserMpiCommEx.F90, line 113
20200825 022030.607 INFO             PET0 Finalizing ESMF
20200825 022030.600 INFO             PET1 !!!!!!!!!!!!!!!!!!!!!!!!!!!!!!!!!!!!!!!!!!!!!!!!!!!!!!
20200825 022030.601 INFO             PET1 !!! THE ESMF_LOG IS SET TO OUTPUT ALL LOG MESSAGES !!!
20200825 022030.601 INFO             PET1 !!!     THIS MAY CAUSE SLOWDOWN IN PERFORMANCE     !!!
20200825 022030.601 INFO             PET1 !!! FOR PRODUCTION RUNS, USE:                      !!!
20200825 022030.601 INFO             PET1 !!!                   ESMF_LOGKIND_Multi_On_Error  !!!
20200825 022030.601 INFO             PET1 !!!!!!!!!!!!!!!!!!!!!!!!!!!!!!!!!!!!!!!!!!!!!!!!!!!!!!
20200825 022030.601 INFO             PET1 Running with ESMF Version   : ESMF_8_1_0_beta_snapshot_26-33-g0079cf5b9e
20200825 022030.601 INFO             PET1 ESMF library build date/time: "Aug 25 2020" "01:22:39"
20200825 022030.601 INFO             PET1 ESMF library build location : /home1/07356/tg866552/himanshu/esmf
20200825 022030.601 INFO             PET1 ESMF_COMM                   : intelmpi
20200825 022030.606 INFO             PET1 ESMF_NETCDF                 : enabled
20200825 022030.606 INFO             PET1 ESMF_PNETCDF                : disabled
20200825 022030.606 INFO             PET1 ESMF_PIO                    : enabled
20200825 022030.606 INFO             PET1 ESMF_YAMLCPP                : enabled
20200825 022030.606 INFO             PET1 ESMF_MOAB                   : enabled
20200825 022030.607 INFO             PET1  NUMBER_OF_PROCESSORS           2
20200825 022030.607 INFO             PET1  PASS  Example ESMF_VMUserMpiCommEx, ESMF_VMUserMpiCommEx.F90, line 113
20200825 022030.607 INFO             PET1 Finalizing ESMF
