20200830 173539.626 INFO             PET0 !!!!!!!!!!!!!!!!!!!!!!!!!!!!!!!!!!!!!!!!!!!!!!!!!!!!!!
20200830 173539.626 INFO             PET0 !!! THE ESMF_LOG IS SET TO OUTPUT ALL LOG MESSAGES !!!
20200830 173539.626 INFO             PET0 !!!     THIS MAY CAUSE SLOWDOWN IN PERFORMANCE     !!!
20200830 173539.626 INFO             PET0 !!! FOR PRODUCTION RUNS, USE:                      !!!
20200830 173539.626 INFO             PET0 !!!                   ESMF_LOGKIND_Multi_On_Error  !!!
20200830 173539.626 INFO             PET0 !!!!!!!!!!!!!!!!!!!!!!!!!!!!!!!!!!!!!!!!!!!!!!!!!!!!!!
20200830 173539.626 INFO             PET0 Running with ESMF Version   : ESMF_8_1_0_beta_snapshot_26-46-ga9ff35efce
20200830 173539.626 INFO             PET0 ESMF library build date/time: "Aug 30 2020" "16:30:59"
20200830 173539.626 INFO             PET0 ESMF library build location : /home1/07356/tg866552/himanshu/esmf
20200830 173539.626 INFO             PET0 ESMF_COMM                   : intelmpi
20200830 173539.630 INFO             PET0 ESMF_NETCDF                 : enabled
20200830 173539.630 INFO             PET0 ESMF_PNETCDF                : disabled
20200830 173539.630 INFO             PET0 ESMF_PIO                    : enabled
20200830 173539.630 INFO             PET0 ESMF_YAMLCPP                : enabled
20200830 173539.630 INFO             PET0 ESMF_MOAB                   : enabled
20200830 173542.070 INFO             PET0  NUMBER_OF_PROCESSORS           4
20200830 173542.070 INFO             PET0  PASS  Example ESMF_FieldRegridEx, ESMF_FieldRegridEx.F90, line 352
20200830 173542.070 INFO             PET0 Finalizing ESMF
20200830 173539.630 INFO             PET1 !!!!!!!!!!!!!!!!!!!!!!!!!!!!!!!!!!!!!!!!!!!!!!!!!!!!!!
20200830 173539.631 INFO             PET1 !!! THE ESMF_LOG IS SET TO OUTPUT ALL LOG MESSAGES !!!
20200830 173539.631 INFO             PET1 !!!     THIS MAY CAUSE SLOWDOWN IN PERFORMANCE     !!!
20200830 173539.631 INFO             PET1 !!! FOR PRODUCTION RUNS, USE:                      !!!
20200830 173539.631 INFO             PET1 !!!                   ESMF_LOGKIND_Multi_On_Error  !!!
20200830 173539.631 INFO             PET1 !!!!!!!!!!!!!!!!!!!!!!!!!!!!!!!!!!!!!!!!!!!!!!!!!!!!!!
20200830 173539.631 INFO             PET1 Running with ESMF Version   : ESMF_8_1_0_beta_snapshot_26-46-ga9ff35efce
20200830 173539.631 INFO             PET1 ESMF library build date/time: "Aug 30 2020" "16:30:59"
20200830 173539.631 INFO             PET1 ESMF library build location : /home1/07356/tg866552/himanshu/esmf
20200830 173539.631 INFO             PET1 ESMF_COMM                   : intelmpi
20200830 173539.634 INFO             PET1 ESMF_NETCDF                 : enabled
20200830 173539.634 INFO             PET1 ESMF_PNETCDF                : disabled
20200830 173539.634 INFO             PET1 ESMF_PIO                    : enabled
20200830 173539.634 INFO             PET1 ESMF_YAMLCPP                : enabled
20200830 173539.634 INFO             PET1 ESMF_MOAB                   : enabled
20200830 173542.070 INFO             PET1  NUMBER_OF_PROCESSORS           4
20200830 173542.070 INFO             PET1  PASS  Example ESMF_FieldRegridEx, ESMF_FieldRegridEx.F90, line 352
20200830 173542.070 INFO             PET1 Finalizing ESMF
20200830 173539.628 INFO             PET2 !!!!!!!!!!!!!!!!!!!!!!!!!!!!!!!!!!!!!!!!!!!!!!!!!!!!!!
20200830 173539.628 INFO             PET2 !!! THE ESMF_LOG IS SET TO OUTPUT ALL LOG MESSAGES !!!
20200830 173539.628 INFO             PET2 !!!     THIS MAY CAUSE SLOWDOWN IN PERFORMANCE     !!!
20200830 173539.628 INFO             PET2 !!! FOR PRODUCTION RUNS, USE:                      !!!
20200830 173539.628 INFO             PET2 !!!                   ESMF_LOGKIND_Multi_On_Error  !!!
20200830 173539.628 INFO             PET2 !!!!!!!!!!!!!!!!!!!!!!!!!!!!!!!!!!!!!!!!!!!!!!!!!!!!!!
20200830 173539.628 INFO             PET2 Running with ESMF Version   : ESMF_8_1_0_beta_snapshot_26-46-ga9ff35efce
20200830 173539.629 INFO             PET2 ESMF library build date/time: "Aug 30 2020" "16:30:59"
20200830 173539.629 INFO             PET2 ESMF library build location : /home1/07356/tg866552/himanshu/esmf
20200830 173539.629 INFO             PET2 ESMF_COMM                   : intelmpi
20200830 173539.633 INFO             PET2 ESMF_NETCDF                 : enabled
20200830 173539.633 INFO             PET2 ESMF_PNETCDF                : disabled
20200830 173539.633 INFO             PET2 ESMF_PIO                    : enabled
20200830 173539.633 INFO             PET2 ESMF_YAMLCPP                : enabled
20200830 173539.633 INFO             PET2 ESMF_MOAB                   : enabled
20200830 173542.070 INFO             PET2  NUMBER_OF_PROCESSORS           4
20200830 173542.070 INFO             PET2  PASS  Example ESMF_FieldRegridEx, ESMF_FieldRegridEx.F90, line 352
20200830 173542.070 INFO             PET2 Finalizing ESMF
20200830 173539.620 INFO             PET3 !!!!!!!!!!!!!!!!!!!!!!!!!!!!!!!!!!!!!!!!!!!!!!!!!!!!!!
20200830 173539.620 INFO             PET3 !!! THE ESMF_LOG IS SET TO OUTPUT ALL LOG MESSAGES !!!
20200830 173539.620 INFO             PET3 !!!     THIS MAY CAUSE SLOWDOWN IN PERFORMANCE     !!!
20200830 173539.620 INFO             PET3 !!! FOR PRODUCTION RUNS, USE:                      !!!
20200830 173539.620 INFO             PET3 !!!                   ESMF_LOGKIND_Multi_On_Error  !!!
20200830 173539.620 INFO             PET3 !!!!!!!!!!!!!!!!!!!!!!!!!!!!!!!!!!!!!!!!!!!!!!!!!!!!!!
20200830 173539.620 INFO             PET3 Running with ESMF Version   : ESMF_8_1_0_beta_snapshot_26-46-ga9ff35efce
20200830 173539.621 INFO             PET3 ESMF library build date/time: "Aug 30 2020" "16:30:59"
20200830 173539.621 INFO             PET3 ESMF library build location : /home1/07356/tg866552/himanshu/esmf
20200830 173539.621 INFO             PET3 ESMF_COMM                   : intelmpi
20200830 173539.625 INFO             PET3 ESMF_NETCDF                 : enabled
20200830 173539.625 INFO             PET3 ESMF_PNETCDF                : disabled
20200830 173539.625 INFO             PET3 ESMF_PIO                    : enabled
20200830 173539.625 INFO             PET3 ESMF_YAMLCPP                : enabled
20200830 173539.625 INFO             PET3 ESMF_MOAB                   : enabled
20200830 173542.070 INFO             PET3  NUMBER_OF_PROCESSORS           4
20200830 173542.070 INFO             PET3  PASS  Example ESMF_FieldRegridEx, ESMF_FieldRegridEx.F90, line 352
20200830 173542.070 INFO             PET3 Finalizing ESMF
