20200910 204730.480 INFO             PET0 !!!!!!!!!!!!!!!!!!!!!!!!!!!!!!!!!!!!!!!!!!!!!!!!!!!!!!
20200910 204730.480 INFO             PET0 !!! THE ESMF_LOG IS SET TO OUTPUT ALL LOG MESSAGES !!!
20200910 204730.480 INFO             PET0 !!!     THIS MAY CAUSE SLOWDOWN IN PERFORMANCE     !!!
20200910 204730.480 INFO             PET0 !!! FOR PRODUCTION RUNS, USE:                      !!!
20200910 204730.480 INFO             PET0 !!!                   ESMF_LOGKIND_Multi_On_Error  !!!
20200910 204730.481 INFO             PET0 !!!!!!!!!!!!!!!!!!!!!!!!!!!!!!!!!!!!!!!!!!!!!!!!!!!!!!
20200910 204730.481 INFO             PET0 Running with ESMF Version   : ESMF_8_1_0_beta_snapshot_27-62-g745c3c78f7
20200910 204730.481 INFO             PET0 ESMF library build date/time: "Sep 10 2020" "19:39:57"
20200910 204730.481 INFO             PET0 ESMF library build location : /home1/07356/tg866552/himanshu/esmf
20200910 204730.481 INFO             PET0 ESMF_COMM                   : intelmpi
20200910 204730.486 INFO             PET0 ESMF_NETCDF                 : enabled
20200910 204730.486 INFO             PET0 ESMF_PNETCDF                : disabled
20200910 204730.486 INFO             PET0 ESMF_PIO                    : enabled
20200910 204730.486 INFO             PET0 ESMF_YAMLCPP                : enabled
20200910 204730.486 INFO             PET0 ESMF_MOAB                   : enabled
20200910 204730.505 INFO             PET0  NUMBER_OF_PROCESSORS           4
20200910 204730.505 INFO             PET0  PASS  Example ESMF_SCompEx, ESMF_SCompEx.F90, line 385
20200910 204730.505 INFO             PET0 Finalizing ESMF
20200910 204730.482 INFO             PET1 !!!!!!!!!!!!!!!!!!!!!!!!!!!!!!!!!!!!!!!!!!!!!!!!!!!!!!
20200910 204730.483 INFO             PET1 !!! THE ESMF_LOG IS SET TO OUTPUT ALL LOG MESSAGES !!!
20200910 204730.483 INFO             PET1 !!!     THIS MAY CAUSE SLOWDOWN IN PERFORMANCE     !!!
20200910 204730.483 INFO             PET1 !!! FOR PRODUCTION RUNS, USE:                      !!!
20200910 204730.483 INFO             PET1 !!!                   ESMF_LOGKIND_Multi_On_Error  !!!
20200910 204730.483 INFO             PET1 !!!!!!!!!!!!!!!!!!!!!!!!!!!!!!!!!!!!!!!!!!!!!!!!!!!!!!
20200910 204730.483 INFO             PET1 Running with ESMF Version   : ESMF_8_1_0_beta_snapshot_27-62-g745c3c78f7
20200910 204730.483 INFO             PET1 ESMF library build date/time: "Sep 10 2020" "19:39:57"
20200910 204730.483 INFO             PET1 ESMF library build location : /home1/07356/tg866552/himanshu/esmf
20200910 204730.483 INFO             PET1 ESMF_COMM                   : intelmpi
20200910 204730.487 INFO             PET1 ESMF_NETCDF                 : enabled
20200910 204730.487 INFO             PET1 ESMF_PNETCDF                : disabled
20200910 204730.487 INFO             PET1 ESMF_PIO                    : enabled
20200910 204730.487 INFO             PET1 ESMF_YAMLCPP                : enabled
20200910 204730.487 INFO             PET1 ESMF_MOAB                   : enabled
20200910 204730.505 INFO             PET1  NUMBER_OF_PROCESSORS           4
20200910 204730.505 INFO             PET1  PASS  Example ESMF_SCompEx, ESMF_SCompEx.F90, line 385
20200910 204730.505 INFO             PET1 Finalizing ESMF
20200910 204730.478 INFO             PET2 !!!!!!!!!!!!!!!!!!!!!!!!!!!!!!!!!!!!!!!!!!!!!!!!!!!!!!
20200910 204730.478 INFO             PET2 !!! THE ESMF_LOG IS SET TO OUTPUT ALL LOG MESSAGES !!!
20200910 204730.478 INFO             PET2 !!!     THIS MAY CAUSE SLOWDOWN IN PERFORMANCE     !!!
20200910 204730.478 INFO             PET2 !!! FOR PRODUCTION RUNS, USE:                      !!!
20200910 204730.478 INFO             PET2 !!!                   ESMF_LOGKIND_Multi_On_Error  !!!
20200910 204730.478 INFO             PET2 !!!!!!!!!!!!!!!!!!!!!!!!!!!!!!!!!!!!!!!!!!!!!!!!!!!!!!
20200910 204730.478 INFO             PET2 Running with ESMF Version   : ESMF_8_1_0_beta_snapshot_27-62-g745c3c78f7
20200910 204730.478 INFO             PET2 ESMF library build date/time: "Sep 10 2020" "19:39:57"
20200910 204730.478 INFO             PET2 ESMF library build location : /home1/07356/tg866552/himanshu/esmf
20200910 204730.478 INFO             PET2 ESMF_COMM                   : intelmpi
20200910 204730.483 INFO             PET2 ESMF_NETCDF                 : enabled
20200910 204730.483 INFO             PET2 ESMF_PNETCDF                : disabled
20200910 204730.483 INFO             PET2 ESMF_PIO                    : enabled
20200910 204730.483 INFO             PET2 ESMF_YAMLCPP                : enabled
20200910 204730.483 INFO             PET2 ESMF_MOAB                   : enabled
20200910 204730.505 INFO             PET2  NUMBER_OF_PROCESSORS           4
20200910 204730.505 INFO             PET2  PASS  Example ESMF_SCompEx, ESMF_SCompEx.F90, line 385
20200910 204730.505 INFO             PET2 Finalizing ESMF
20200910 204730.471 INFO             PET3 !!!!!!!!!!!!!!!!!!!!!!!!!!!!!!!!!!!!!!!!!!!!!!!!!!!!!!
20200910 204730.471 INFO             PET3 !!! THE ESMF_LOG IS SET TO OUTPUT ALL LOG MESSAGES !!!
20200910 204730.471 INFO             PET3 !!!     THIS MAY CAUSE SLOWDOWN IN PERFORMANCE     !!!
20200910 204730.471 INFO             PET3 !!! FOR PRODUCTION RUNS, USE:                      !!!
20200910 204730.472 INFO             PET3 !!!                   ESMF_LOGKIND_Multi_On_Error  !!!
20200910 204730.472 INFO             PET3 !!!!!!!!!!!!!!!!!!!!!!!!!!!!!!!!!!!!!!!!!!!!!!!!!!!!!!
20200910 204730.472 INFO             PET3 Running with ESMF Version   : ESMF_8_1_0_beta_snapshot_27-62-g745c3c78f7
20200910 204730.472 INFO             PET3 ESMF library build date/time: "Sep 10 2020" "19:39:57"
20200910 204730.472 INFO             PET3 ESMF library build location : /home1/07356/tg866552/himanshu/esmf
20200910 204730.472 INFO             PET3 ESMF_COMM                   : intelmpi
20200910 204730.476 INFO             PET3 ESMF_NETCDF                 : enabled
20200910 204730.477 INFO             PET3 ESMF_PNETCDF                : disabled
20200910 204730.477 INFO             PET3 ESMF_PIO                    : enabled
20200910 204730.477 INFO             PET3 ESMF_YAMLCPP                : enabled
20200910 204730.477 INFO             PET3 ESMF_MOAB                   : enabled
20200910 204730.505 INFO             PET3  NUMBER_OF_PROCESSORS           4
20200910 204730.505 INFO             PET3  PASS  Example ESMF_SCompEx, ESMF_SCompEx.F90, line 385
20200910 204730.505 INFO             PET3 Finalizing ESMF
