20200913 141815.758 INFO             PET0 !!!!!!!!!!!!!!!!!!!!!!!!!!!!!!!!!!!!!!!!!!!!!!!!!!!!!!
20200913 141815.759 INFO             PET0 !!! THE ESMF_LOG IS SET TO OUTPUT ALL LOG MESSAGES !!!
20200913 141815.759 INFO             PET0 !!!     THIS MAY CAUSE SLOWDOWN IN PERFORMANCE     !!!
20200913 141815.759 INFO             PET0 !!! FOR PRODUCTION RUNS, USE:                      !!!
20200913 141815.759 INFO             PET0 !!!                   ESMF_LOGKIND_Multi_On_Error  !!!
20200913 141815.759 INFO             PET0 !!!!!!!!!!!!!!!!!!!!!!!!!!!!!!!!!!!!!!!!!!!!!!!!!!!!!!
20200913 141815.759 INFO             PET0 Running with ESMF Version   : ESMF_8_1_0_beta_snapshot_27-63-g072423fd9f
20200913 141815.759 INFO             PET0 ESMF library build date/time: "Sep 13 2020" "13:14:28"
20200913 141815.759 INFO             PET0 ESMF library build location : /home1/07356/tg866552/himanshu/esmf
20200913 141815.759 INFO             PET0 ESMF_COMM                   : intelmpi
20200913 141815.763 INFO             PET0 ESMF_NETCDF                 : enabled
20200913 141815.763 INFO             PET0 ESMF_PNETCDF                : disabled
20200913 141815.763 INFO             PET0 ESMF_PIO                    : enabled
20200913 141815.763 INFO             PET0 ESMF_YAMLCPP                : enabled
20200913 141815.763 INFO             PET0 ESMF_MOAB                   : enabled
20200913 141827.547 INFO             PET0  NUMBER_OF_PROCESSORS           4
20200913 141827.547 INFO             PET0  PASS  Example ESMF_GridUsageEx, ESMF_GridUsageEx.F90, line 3470
20200913 141827.547 INFO             PET0 Finalizing ESMF
20200913 141815.755 INFO             PET1 !!!!!!!!!!!!!!!!!!!!!!!!!!!!!!!!!!!!!!!!!!!!!!!!!!!!!!
20200913 141815.755 INFO             PET1 !!! THE ESMF_LOG IS SET TO OUTPUT ALL LOG MESSAGES !!!
20200913 141815.755 INFO             PET1 !!!     THIS MAY CAUSE SLOWDOWN IN PERFORMANCE     !!!
20200913 141815.755 INFO             PET1 !!! FOR PRODUCTION RUNS, USE:                      !!!
20200913 141815.755 INFO             PET1 !!!                   ESMF_LOGKIND_Multi_On_Error  !!!
20200913 141815.755 INFO             PET1 !!!!!!!!!!!!!!!!!!!!!!!!!!!!!!!!!!!!!!!!!!!!!!!!!!!!!!
20200913 141815.755 INFO             PET1 Running with ESMF Version   : ESMF_8_1_0_beta_snapshot_27-63-g072423fd9f
20200913 141815.755 INFO             PET1 ESMF library build date/time: "Sep 13 2020" "13:14:28"
20200913 141815.755 INFO             PET1 ESMF library build location : /home1/07356/tg866552/himanshu/esmf
20200913 141815.755 INFO             PET1 ESMF_COMM                   : intelmpi
20200913 141815.760 INFO             PET1 ESMF_NETCDF                 : enabled
20200913 141815.760 INFO             PET1 ESMF_PNETCDF                : disabled
20200913 141815.760 INFO             PET1 ESMF_PIO                    : enabled
20200913 141815.760 INFO             PET1 ESMF_YAMLCPP                : enabled
20200913 141815.760 INFO             PET1 ESMF_MOAB                   : enabled
20200913 141827.528 INFO             PET1  NUMBER_OF_PROCESSORS           4
20200913 141827.528 INFO             PET1  PASS  Example ESMF_GridUsageEx, ESMF_GridUsageEx.F90, line 3470
20200913 141827.528 INFO             PET1 Finalizing ESMF
20200913 141815.756 INFO             PET2 !!!!!!!!!!!!!!!!!!!!!!!!!!!!!!!!!!!!!!!!!!!!!!!!!!!!!!
20200913 141815.756 INFO             PET2 !!! THE ESMF_LOG IS SET TO OUTPUT ALL LOG MESSAGES !!!
20200913 141815.756 INFO             PET2 !!!     THIS MAY CAUSE SLOWDOWN IN PERFORMANCE     !!!
20200913 141815.756 INFO             PET2 !!! FOR PRODUCTION RUNS, USE:                      !!!
20200913 141815.756 INFO             PET2 !!!                   ESMF_LOGKIND_Multi_On_Error  !!!
20200913 141815.756 INFO             PET2 !!!!!!!!!!!!!!!!!!!!!!!!!!!!!!!!!!!!!!!!!!!!!!!!!!!!!!
20200913 141815.756 INFO             PET2 Running with ESMF Version   : ESMF_8_1_0_beta_snapshot_27-63-g072423fd9f
20200913 141815.756 INFO             PET2 ESMF library build date/time: "Sep 13 2020" "13:14:28"
20200913 141815.757 INFO             PET2 ESMF library build location : /home1/07356/tg866552/himanshu/esmf
20200913 141815.757 INFO             PET2 ESMF_COMM                   : intelmpi
20200913 141815.761 INFO             PET2 ESMF_NETCDF                 : enabled
20200913 141815.761 INFO             PET2 ESMF_PNETCDF                : disabled
20200913 141815.761 INFO             PET2 ESMF_PIO                    : enabled
20200913 141815.761 INFO             PET2 ESMF_YAMLCPP                : enabled
20200913 141815.762 INFO             PET2 ESMF_MOAB                   : enabled
20200913 141827.519 INFO             PET2  NUMBER_OF_PROCESSORS           4
20200913 141827.519 INFO             PET2  PASS  Example ESMF_GridUsageEx, ESMF_GridUsageEx.F90, line 3470
20200913 141827.519 INFO             PET2 Finalizing ESMF
20200913 141815.759 INFO             PET3 !!!!!!!!!!!!!!!!!!!!!!!!!!!!!!!!!!!!!!!!!!!!!!!!!!!!!!
20200913 141815.759 INFO             PET3 !!! THE ESMF_LOG IS SET TO OUTPUT ALL LOG MESSAGES !!!
20200913 141815.759 INFO             PET3 !!!     THIS MAY CAUSE SLOWDOWN IN PERFORMANCE     !!!
20200913 141815.759 INFO             PET3 !!! FOR PRODUCTION RUNS, USE:                      !!!
20200913 141815.759 INFO             PET3 !!!                   ESMF_LOGKIND_Multi_On_Error  !!!
20200913 141815.759 INFO             PET3 !!!!!!!!!!!!!!!!!!!!!!!!!!!!!!!!!!!!!!!!!!!!!!!!!!!!!!
20200913 141815.759 INFO             PET3 Running with ESMF Version   : ESMF_8_1_0_beta_snapshot_27-63-g072423fd9f
20200913 141815.759 INFO             PET3 ESMF library build date/time: "Sep 13 2020" "13:14:28"
20200913 141815.760 INFO             PET3 ESMF library build location : /home1/07356/tg866552/himanshu/esmf
20200913 141815.760 INFO             PET3 ESMF_COMM                   : intelmpi
20200913 141815.764 INFO             PET3 ESMF_NETCDF                 : enabled
20200913 141815.764 INFO             PET3 ESMF_PNETCDF                : disabled
20200913 141815.764 INFO             PET3 ESMF_PIO                    : enabled
20200913 141815.764 INFO             PET3 ESMF_YAMLCPP                : enabled
20200913 141815.764 INFO             PET3 ESMF_MOAB                   : enabled
20200913 141827.536 INFO             PET3  NUMBER_OF_PROCESSORS           4
20200913 141827.536 INFO             PET3  PASS  Example ESMF_GridUsageEx, ESMF_GridUsageEx.F90, line 3470
20200913 141827.536 INFO             PET3 Finalizing ESMF
