20200907 000019.126 INFO             PET0 !!!!!!!!!!!!!!!!!!!!!!!!!!!!!!!!!!!!!!!!!!!!!!!!!!!!!!
20200907 000019.127 INFO             PET0 !!! THE ESMF_LOG IS SET TO OUTPUT ALL LOG MESSAGES !!!
20200907 000019.127 INFO             PET0 !!!     THIS MAY CAUSE SLOWDOWN IN PERFORMANCE     !!!
20200907 000019.127 INFO             PET0 !!! FOR PRODUCTION RUNS, USE:                      !!!
20200907 000019.127 INFO             PET0 !!!                   ESMF_LOGKIND_Multi_On_Error  !!!
20200907 000019.127 INFO             PET0 !!!!!!!!!!!!!!!!!!!!!!!!!!!!!!!!!!!!!!!!!!!!!!!!!!!!!!
20200907 000019.127 INFO             PET0 Running with ESMF Version   : ESMF_8_1_0_beta_snapshot_27-50-gbd345323e0
20200907 000019.127 INFO             PET0 ESMF library build date/time: "Sep  6 2020" "22:58:35"
20200907 000019.127 INFO             PET0 ESMF library build location : /home1/07356/tg866552/himanshu/esmf
20200907 000019.127 INFO             PET0 ESMF_COMM                   : intelmpi
20200907 000019.131 INFO             PET0 ESMF_NETCDF                 : enabled
20200907 000019.131 INFO             PET0 ESMF_PNETCDF                : disabled
20200907 000019.131 INFO             PET0 ESMF_PIO                    : enabled
20200907 000019.131 INFO             PET0 ESMF_YAMLCPP                : enabled
20200907 000019.131 INFO             PET0 ESMF_MOAB                   : enabled
20200907 000019.169 INFO             PET0  NUMBER_OF_PROCESSORS           4
20200907 000019.170 INFO             PET0  PASS  Example ESMF_ArrayBundleHaloEx, ESMF_ArrayBundleHaloEx.F90, line 172
20200907 000019.170 INFO             PET0 Finalizing ESMF
20200907 000019.120 INFO             PET1 !!!!!!!!!!!!!!!!!!!!!!!!!!!!!!!!!!!!!!!!!!!!!!!!!!!!!!
20200907 000019.120 INFO             PET1 !!! THE ESMF_LOG IS SET TO OUTPUT ALL LOG MESSAGES !!!
20200907 000019.120 INFO             PET1 !!!     THIS MAY CAUSE SLOWDOWN IN PERFORMANCE     !!!
20200907 000019.120 INFO             PET1 !!! FOR PRODUCTION RUNS, USE:                      !!!
20200907 000019.120 INFO             PET1 !!!                   ESMF_LOGKIND_Multi_On_Error  !!!
20200907 000019.120 INFO             PET1 !!!!!!!!!!!!!!!!!!!!!!!!!!!!!!!!!!!!!!!!!!!!!!!!!!!!!!
20200907 000019.120 INFO             PET1 Running with ESMF Version   : ESMF_8_1_0_beta_snapshot_27-50-gbd345323e0
20200907 000019.120 INFO             PET1 ESMF library build date/time: "Sep  6 2020" "22:58:35"
20200907 000019.120 INFO             PET1 ESMF library build location : /home1/07356/tg866552/himanshu/esmf
20200907 000019.120 INFO             PET1 ESMF_COMM                   : intelmpi
20200907 000019.125 INFO             PET1 ESMF_NETCDF                 : enabled
20200907 000019.125 INFO             PET1 ESMF_PNETCDF                : disabled
20200907 000019.125 INFO             PET1 ESMF_PIO                    : enabled
20200907 000019.125 INFO             PET1 ESMF_YAMLCPP                : enabled
20200907 000019.125 INFO             PET1 ESMF_MOAB                   : enabled
20200907 000019.169 INFO             PET1  NUMBER_OF_PROCESSORS           4
20200907 000019.170 INFO             PET1  PASS  Example ESMF_ArrayBundleHaloEx, ESMF_ArrayBundleHaloEx.F90, line 172
20200907 000019.170 INFO             PET1 Finalizing ESMF
20200907 000019.128 INFO             PET2 !!!!!!!!!!!!!!!!!!!!!!!!!!!!!!!!!!!!!!!!!!!!!!!!!!!!!!
20200907 000019.128 INFO             PET2 !!! THE ESMF_LOG IS SET TO OUTPUT ALL LOG MESSAGES !!!
20200907 000019.128 INFO             PET2 !!!     THIS MAY CAUSE SLOWDOWN IN PERFORMANCE     !!!
20200907 000019.128 INFO             PET2 !!! FOR PRODUCTION RUNS, USE:                      !!!
20200907 000019.128 INFO             PET2 !!!                   ESMF_LOGKIND_Multi_On_Error  !!!
20200907 000019.128 INFO             PET2 !!!!!!!!!!!!!!!!!!!!!!!!!!!!!!!!!!!!!!!!!!!!!!!!!!!!!!
20200907 000019.128 INFO             PET2 Running with ESMF Version   : ESMF_8_1_0_beta_snapshot_27-50-gbd345323e0
20200907 000019.128 INFO             PET2 ESMF library build date/time: "Sep  6 2020" "22:58:35"
20200907 000019.129 INFO             PET2 ESMF library build location : /home1/07356/tg866552/himanshu/esmf
20200907 000019.129 INFO             PET2 ESMF_COMM                   : intelmpi
20200907 000019.133 INFO             PET2 ESMF_NETCDF                 : enabled
20200907 000019.133 INFO             PET2 ESMF_PNETCDF                : disabled
20200907 000019.133 INFO             PET2 ESMF_PIO                    : enabled
20200907 000019.133 INFO             PET2 ESMF_YAMLCPP                : enabled
20200907 000019.133 INFO             PET2 ESMF_MOAB                   : enabled
20200907 000019.169 INFO             PET2  NUMBER_OF_PROCESSORS           4
20200907 000019.170 INFO             PET2  PASS  Example ESMF_ArrayBundleHaloEx, ESMF_ArrayBundleHaloEx.F90, line 172
20200907 000019.170 INFO             PET2 Finalizing ESMF
20200907 000019.125 INFO             PET3 !!!!!!!!!!!!!!!!!!!!!!!!!!!!!!!!!!!!!!!!!!!!!!!!!!!!!!
20200907 000019.125 INFO             PET3 !!! THE ESMF_LOG IS SET TO OUTPUT ALL LOG MESSAGES !!!
20200907 000019.125 INFO             PET3 !!!     THIS MAY CAUSE SLOWDOWN IN PERFORMANCE     !!!
20200907 000019.125 INFO             PET3 !!! FOR PRODUCTION RUNS, USE:                      !!!
20200907 000019.125 INFO             PET3 !!!                   ESMF_LOGKIND_Multi_On_Error  !!!
20200907 000019.125 INFO             PET3 !!!!!!!!!!!!!!!!!!!!!!!!!!!!!!!!!!!!!!!!!!!!!!!!!!!!!!
20200907 000019.126 INFO             PET3 Running with ESMF Version   : ESMF_8_1_0_beta_snapshot_27-50-gbd345323e0
20200907 000019.126 INFO             PET3 ESMF library build date/time: "Sep  6 2020" "22:58:35"
20200907 000019.126 INFO             PET3 ESMF library build location : /home1/07356/tg866552/himanshu/esmf
20200907 000019.126 INFO             PET3 ESMF_COMM                   : intelmpi
20200907 000019.130 INFO             PET3 ESMF_NETCDF                 : enabled
20200907 000019.130 INFO             PET3 ESMF_PNETCDF                : disabled
20200907 000019.130 INFO             PET3 ESMF_PIO                    : enabled
20200907 000019.130 INFO             PET3 ESMF_YAMLCPP                : enabled
20200907 000019.130 INFO             PET3 ESMF_MOAB                   : enabled
20200907 000019.169 INFO             PET3  NUMBER_OF_PROCESSORS           4
20200907 000019.170 INFO             PET3  PASS  Example ESMF_ArrayBundleHaloEx, ESMF_ArrayBundleHaloEx.F90, line 172
20200907 000019.170 INFO             PET3 Finalizing ESMF
