20200830 173817.812 INFO             PET0 !!!!!!!!!!!!!!!!!!!!!!!!!!!!!!!!!!!!!!!!!!!!!!!!!!!!!!
20200830 173817.813 INFO             PET0 !!! THE ESMF_LOG IS SET TO OUTPUT ALL LOG MESSAGES !!!
20200830 173817.813 INFO             PET0 !!!     THIS MAY CAUSE SLOWDOWN IN PERFORMANCE     !!!
20200830 173817.813 INFO             PET0 !!! FOR PRODUCTION RUNS, USE:                      !!!
20200830 173817.813 INFO             PET0 !!!                   ESMF_LOGKIND_Multi_On_Error  !!!
20200830 173817.813 INFO             PET0 !!!!!!!!!!!!!!!!!!!!!!!!!!!!!!!!!!!!!!!!!!!!!!!!!!!!!!
20200830 173817.813 INFO             PET0 Running with ESMF Version   : ESMF_8_1_0_beta_snapshot_26-46-ga9ff35efce
20200830 173817.813 INFO             PET0 ESMF library build date/time: "Aug 30 2020" "16:30:59"
20200830 173817.813 INFO             PET0 ESMF library build location : /home1/07356/tg866552/himanshu/esmf
20200830 173817.813 INFO             PET0 ESMF_COMM                   : intelmpi
20200830 173817.817 INFO             PET0 ESMF_NETCDF                 : enabled
20200830 173817.817 INFO             PET0 ESMF_PNETCDF                : disabled
20200830 173817.817 INFO             PET0 ESMF_PIO                    : enabled
20200830 173817.817 INFO             PET0 ESMF_YAMLCPP                : enabled
20200830 173817.817 INFO             PET0 ESMF_MOAB                   : enabled
20200830 173817.825 INFO             PET0 ESMCI_CompTunnel.C:1063 ESMCI::ServiceLoop() ServiceLoop: entering with port argument: 61010 and timeout: 20
20200830 173817.826 INFO             PET0 ESMCI_CompTunnel.C:345 ESMCI::CompTunnel::negotiate() negotiate socketBased actual: port=61010, timeout=20
20200830 173819.865 INFO             PET0 ESMCI_CompTunnel.C:476 ESMCI::CompTunnel::negotiate() finished socketBased negotiate() on actual component side
20200830 173819.865 INFO             PET0 ESMCI_CompTunnel.C:872 ESMCI::CompTunnel::dual2actual() dual2actual() socketBased (actual side)...
20200830 173819.865 INFO             PET0 ESMCI_CompTunnel.C:872 ESMCI::CompTunnel::dual2actual() dual2actual() socketBased (actual side)...
20200830 173819.905 INFO             PET0 ESMCI_CompTunnel.C:1122 ESMCI::ServiceLoop() ServiceLoop: received method: InitializeIC and phase: 1
20200830 173819.905 INFO             PET0 Actual Component Initialize
20200830 173819.905 INFO             PET0 ESMCI_CompTunnel.C:957 ESMCI::CompTunnel::actual2dual() actual2dual() socketBased (actual side)...
20200830 173819.905 INFO             PET0 ESMCI_CompTunnel.C:872 ESMCI::CompTunnel::dual2actual() dual2actual() socketBased (actual side)...
20200830 173819.906 INFO             PET0 ESMCI_CompTunnel.C:872 ESMCI::CompTunnel::dual2actual() dual2actual() socketBased (actual side)...
20200830 173819.946 INFO             PET0 ESMCI_CompTunnel.C:1122 ESMCI::ServiceLoop() ServiceLoop: received method: RunIC and phase: 1
20200830 173819.946 INFO             PET0 Actual Component Run
20200830 173819.946 INFO             PET0 ESMCI_CompTunnel.C:957 ESMCI::CompTunnel::actual2dual() actual2dual() socketBased (actual side)...
20200830 173819.947 INFO             PET0 ESMCI_CompTunnel.C:872 ESMCI::CompTunnel::dual2actual() dual2actual() socketBased (actual side)...
20200830 173819.947 INFO             PET0 ESMCI_CompTunnel.C:872 ESMCI::CompTunnel::dual2actual() dual2actual() socketBased (actual side)...
20200830 173819.987 INFO             PET0 ESMCI_CompTunnel.C:1122 ESMCI::ServiceLoop() ServiceLoop: received method: FinalizeIC and phase: 1
20200830 173819.987 INFO             PET0 Actual Component Finalize
20200830 173819.987 INFO             PET0 ESMCI_CompTunnel.C:957 ESMCI::CompTunnel::actual2dual() actual2dual() socketBased (actual side)...
20200830 173819.987 INFO             PET0 ESMCI_CompTunnel.C:872 ESMCI::CompTunnel::dual2actual() dual2actual() socketBased (actual side)...
20200830 173819.988 INFO             PET0 ESMCI_CompTunnel.C:872 ESMCI::CompTunnel::dual2actual() dual2actual() socketBased (actual side)...
20200830 173820.028 INFO             PET0 ESMCI_CompTunnel.C:1122 ESMCI::ServiceLoop() ServiceLoop: received method: InitializeIC and phase: 1
20200830 173820.028 INFO             PET0 Actual Component Initialize
20200830 173820.028 INFO             PET0 ESMCI_CompTunnel.C:957 ESMCI::CompTunnel::actual2dual() actual2dual() socketBased (actual side)...
20200830 173820.029 INFO             PET0 ESMCI_CompTunnel.C:872 ESMCI::CompTunnel::dual2actual() dual2actual() socketBased (actual side)...
20200830 173820.029 INFO             PET0 ESMCI_CompTunnel.C:872 ESMCI::CompTunnel::dual2actual() dual2actual() socketBased (actual side)...
20200830 173820.069 INFO             PET0 ESMCI_CompTunnel.C:1122 ESMCI::ServiceLoop() ServiceLoop: received method: InitializeIC and phase: 1
20200830 173820.069 INFO             PET0 Actual Component Initialize
20200830 173820.069 INFO             PET0 ESMCI_CompTunnel.C:957 ESMCI::CompTunnel::actual2dual() actual2dual() socketBased (actual side)...
20200830 173820.069 INFO             PET0 ESMCI_CompTunnel.C:872 ESMCI::CompTunnel::dual2actual() dual2actual() socketBased (actual side)...
20200830 173820.070 INFO             PET0 ESMCI_CompTunnel.C:872 ESMCI::CompTunnel::dual2actual() dual2actual() socketBased (actual side)...
20200830 173820.110 INFO             PET0 ESMCI_CompTunnel.C:1122 ESMCI::ServiceLoop() ServiceLoop: received method: RunIC and phase: 1
20200830 173820.110 INFO             PET0 Actual Component Run
20200830 173820.110 INFO             PET0 ESMCI_CompTunnel.C:957 ESMCI::CompTunnel::actual2dual() actual2dual() socketBased (actual side)...
20200830 173820.111 INFO             PET0 ESMCI_CompTunnel.C:872 ESMCI::CompTunnel::dual2actual() dual2actual() socketBased (actual side)...
20200830 173820.111 INFO             PET0 ESMCI_CompTunnel.C:872 ESMCI::CompTunnel::dual2actual() dual2actual() socketBased (actual side)...
20200830 173820.151 INFO             PET0 ESMCI_CompTunnel.C:1122 ESMCI::ServiceLoop() ServiceLoop: received method: None and phase: 1
20200830 173820.151 INFO             PET0 ESMCI_CompTunnel.C:957 ESMCI::CompTunnel::actual2dual() actual2dual() socketBased (actual side)...
20200830 173820.151 INFO             PET0 ESMCI_CompTunnel.C:1153 ESMCI::ServiceLoop() ServiceLoop: exiting
20200830 173820.153 INFO             PET0  NUMBER_OF_PROCESSORS           6
20200830 173820.153 INFO             PET0  PASS  Example ESMF_CompTunnelEx, ESMF_CompTunnelEx.F90, line 549
20200830 173820.155 INFO             PET0 Finalizing ESMF
20200830 173817.814 INFO             PET1 !!!!!!!!!!!!!!!!!!!!!!!!!!!!!!!!!!!!!!!!!!!!!!!!!!!!!!
20200830 173817.814 INFO             PET1 !!! THE ESMF_LOG IS SET TO OUTPUT ALL LOG MESSAGES !!!
20200830 173817.814 INFO             PET1 !!!     THIS MAY CAUSE SLOWDOWN IN PERFORMANCE     !!!
20200830 173817.814 INFO             PET1 !!! FOR PRODUCTION RUNS, USE:                      !!!
20200830 173817.814 INFO             PET1 !!!                   ESMF_LOGKIND_Multi_On_Error  !!!
20200830 173817.814 INFO             PET1 !!!!!!!!!!!!!!!!!!!!!!!!!!!!!!!!!!!!!!!!!!!!!!!!!!!!!!
20200830 173817.814 INFO             PET1 Running with ESMF Version   : ESMF_8_1_0_beta_snapshot_26-46-ga9ff35efce
20200830 173817.814 INFO             PET1 ESMF library build date/time: "Aug 30 2020" "16:30:59"
20200830 173817.814 INFO             PET1 ESMF library build location : /home1/07356/tg866552/himanshu/esmf
20200830 173817.814 INFO             PET1 ESMF_COMM                   : intelmpi
20200830 173817.818 INFO             PET1 ESMF_NETCDF                 : enabled
20200830 173817.818 INFO             PET1 ESMF_PNETCDF                : disabled
20200830 173817.818 INFO             PET1 ESMF_PIO                    : enabled
20200830 173817.818 INFO             PET1 ESMF_YAMLCPP                : enabled
20200830 173817.818 INFO             PET1 ESMF_MOAB                   : enabled
20200830 173817.825 INFO             PET1 ESMCI_CompTunnel.C:1063 ESMCI::ServiceLoop() ServiceLoop: entering with port argument: 61010 and timeout: 20
20200830 173819.865 INFO             PET1 ESMCI_CompTunnel.C:476 ESMCI::CompTunnel::negotiate() finished socketBased negotiate() on actual component side
20200830 173819.865 INFO             PET1 ESMCI_CompTunnel.C:872 ESMCI::CompTunnel::dual2actual() dual2actual() socketBased (actual side)...
20200830 173819.865 INFO             PET1 ESMCI_CompTunnel.C:872 ESMCI::CompTunnel::dual2actual() dual2actual() socketBased (actual side)...
20200830 173819.905 INFO             PET1 ESMCI_CompTunnel.C:1122 ESMCI::ServiceLoop() ServiceLoop: received method: InitializeIC and phase: 1
20200830 173819.905 INFO             PET1 Actual Component Initialize
20200830 173819.905 INFO             PET1 ESMCI_CompTunnel.C:957 ESMCI::CompTunnel::actual2dual() actual2dual() socketBased (actual side)...
20200830 173819.905 INFO             PET1 ESMCI_CompTunnel.C:872 ESMCI::CompTunnel::dual2actual() dual2actual() socketBased (actual side)...
20200830 173819.906 INFO             PET1 ESMCI_CompTunnel.C:872 ESMCI::CompTunnel::dual2actual() dual2actual() socketBased (actual side)...
20200830 173819.946 INFO             PET1 ESMCI_CompTunnel.C:1122 ESMCI::ServiceLoop() ServiceLoop: received method: RunIC and phase: 1
20200830 173819.947 INFO             PET1 Actual Component Run
20200830 173819.947 INFO             PET1 ESMCI_CompTunnel.C:957 ESMCI::CompTunnel::actual2dual() actual2dual() socketBased (actual side)...
20200830 173819.947 INFO             PET1 ESMCI_CompTunnel.C:872 ESMCI::CompTunnel::dual2actual() dual2actual() socketBased (actual side)...
20200830 173819.947 INFO             PET1 ESMCI_CompTunnel.C:872 ESMCI::CompTunnel::dual2actual() dual2actual() socketBased (actual side)...
20200830 173819.987 INFO             PET1 ESMCI_CompTunnel.C:1122 ESMCI::ServiceLoop() ServiceLoop: received method: FinalizeIC and phase: 1
20200830 173819.987 INFO             PET1 Actual Component Finalize
20200830 173819.987 INFO             PET1 ESMCI_CompTunnel.C:957 ESMCI::CompTunnel::actual2dual() actual2dual() socketBased (actual side)...
20200830 173819.987 INFO             PET1 ESMCI_CompTunnel.C:872 ESMCI::CompTunnel::dual2actual() dual2actual() socketBased (actual side)...
20200830 173819.988 INFO             PET1 ESMCI_CompTunnel.C:872 ESMCI::CompTunnel::dual2actual() dual2actual() socketBased (actual side)...
20200830 173820.028 INFO             PET1 ESMCI_CompTunnel.C:1122 ESMCI::ServiceLoop() ServiceLoop: received method: InitializeIC and phase: 1
20200830 173820.029 INFO             PET1 Actual Component Initialize
20200830 173820.029 INFO             PET1 ESMCI_CompTunnel.C:957 ESMCI::CompTunnel::actual2dual() actual2dual() socketBased (actual side)...
20200830 173820.029 INFO             PET1 ESMCI_CompTunnel.C:872 ESMCI::CompTunnel::dual2actual() dual2actual() socketBased (actual side)...
20200830 173820.029 INFO             PET1 ESMCI_CompTunnel.C:872 ESMCI::CompTunnel::dual2actual() dual2actual() socketBased (actual side)...
20200830 173820.069 INFO             PET1 ESMCI_CompTunnel.C:1122 ESMCI::ServiceLoop() ServiceLoop: received method: InitializeIC and phase: 1
20200830 173820.069 INFO             PET1 Actual Component Initialize
20200830 173820.069 INFO             PET1 ESMCI_CompTunnel.C:957 ESMCI::CompTunnel::actual2dual() actual2dual() socketBased (actual side)...
20200830 173820.069 INFO             PET1 ESMCI_CompTunnel.C:872 ESMCI::CompTunnel::dual2actual() dual2actual() socketBased (actual side)...
20200830 173820.070 INFO             PET1 ESMCI_CompTunnel.C:872 ESMCI::CompTunnel::dual2actual() dual2actual() socketBased (actual side)...
20200830 173820.110 INFO             PET1 ESMCI_CompTunnel.C:1122 ESMCI::ServiceLoop() ServiceLoop: received method: RunIC and phase: 1
20200830 173820.111 INFO             PET1 Actual Component Run
20200830 173820.111 INFO             PET1 ESMCI_CompTunnel.C:957 ESMCI::CompTunnel::actual2dual() actual2dual() socketBased (actual side)...
20200830 173820.111 INFO             PET1 ESMCI_CompTunnel.C:872 ESMCI::CompTunnel::dual2actual() dual2actual() socketBased (actual side)...
20200830 173820.111 INFO             PET1 ESMCI_CompTunnel.C:872 ESMCI::CompTunnel::dual2actual() dual2actual() socketBased (actual side)...
20200830 173820.151 INFO             PET1 ESMCI_CompTunnel.C:1122 ESMCI::ServiceLoop() ServiceLoop: received method: None and phase: 1
20200830 173820.151 INFO             PET1 ESMCI_CompTunnel.C:957 ESMCI::CompTunnel::actual2dual() actual2dual() socketBased (actual side)...
20200830 173820.151 INFO             PET1 ESMCI_CompTunnel.C:1153 ESMCI::ServiceLoop() ServiceLoop: exiting
20200830 173820.153 INFO             PET1  NUMBER_OF_PROCESSORS           6
20200830 173820.153 INFO             PET1  PASS  Example ESMF_CompTunnelEx, ESMF_CompTunnelEx.F90, line 549
20200830 173820.154 INFO             PET1 Finalizing ESMF
20200830 173817.816 INFO             PET2 !!!!!!!!!!!!!!!!!!!!!!!!!!!!!!!!!!!!!!!!!!!!!!!!!!!!!!
20200830 173817.817 INFO             PET2 !!! THE ESMF_LOG IS SET TO OUTPUT ALL LOG MESSAGES !!!
20200830 173817.817 INFO             PET2 !!!     THIS MAY CAUSE SLOWDOWN IN PERFORMANCE     !!!
20200830 173817.817 INFO             PET2 !!! FOR PRODUCTION RUNS, USE:                      !!!
20200830 173817.817 INFO             PET2 !!!                   ESMF_LOGKIND_Multi_On_Error  !!!
20200830 173817.817 INFO             PET2 !!!!!!!!!!!!!!!!!!!!!!!!!!!!!!!!!!!!!!!!!!!!!!!!!!!!!!
20200830 173817.817 INFO             PET2 Running with ESMF Version   : ESMF_8_1_0_beta_snapshot_26-46-ga9ff35efce
20200830 173817.817 INFO             PET2 ESMF library build date/time: "Aug 30 2020" "16:30:59"
20200830 173817.817 INFO             PET2 ESMF library build location : /home1/07356/tg866552/himanshu/esmf
20200830 173817.817 INFO             PET2 ESMF_COMM                   : intelmpi
20200830 173817.821 INFO             PET2 ESMF_NETCDF                 : enabled
20200830 173817.821 INFO             PET2 ESMF_PNETCDF                : disabled
20200830 173817.821 INFO             PET2 ESMF_PIO                    : enabled
20200830 173817.821 INFO             PET2 ESMF_YAMLCPP                : enabled
20200830 173817.821 INFO             PET2 ESMF_MOAB                   : enabled
20200830 173817.825 INFO             PET2 ESMCI_CompTunnel.C:1063 ESMCI::ServiceLoop() ServiceLoop: entering with port argument: 61010 and timeout: 20
20200830 173819.865 INFO             PET2 ESMCI_CompTunnel.C:476 ESMCI::CompTunnel::negotiate() finished socketBased negotiate() on actual component side
20200830 173819.865 INFO             PET2 ESMCI_CompTunnel.C:872 ESMCI::CompTunnel::dual2actual() dual2actual() socketBased (actual side)...
20200830 173819.865 INFO             PET2 ESMCI_CompTunnel.C:872 ESMCI::CompTunnel::dual2actual() dual2actual() socketBased (actual side)...
20200830 173819.905 INFO             PET2 ESMCI_CompTunnel.C:1122 ESMCI::ServiceLoop() ServiceLoop: received method: InitializeIC and phase: 1
20200830 173819.905 INFO             PET2 Actual Component Initialize
20200830 173819.905 INFO             PET2 ESMCI_CompTunnel.C:957 ESMCI::CompTunnel::actual2dual() actual2dual() socketBased (actual side)...
20200830 173819.905 INFO             PET2 ESMCI_CompTunnel.C:872 ESMCI::CompTunnel::dual2actual() dual2actual() socketBased (actual side)...
20200830 173819.906 INFO             PET2 ESMCI_CompTunnel.C:872 ESMCI::CompTunnel::dual2actual() dual2actual() socketBased (actual side)...
20200830 173819.946 INFO             PET2 ESMCI_CompTunnel.C:1122 ESMCI::ServiceLoop() ServiceLoop: received method: RunIC and phase: 1
20200830 173819.947 INFO             PET2 Actual Component Run
20200830 173819.947 INFO             PET2 ESMCI_CompTunnel.C:957 ESMCI::CompTunnel::actual2dual() actual2dual() socketBased (actual side)...
20200830 173819.947 INFO             PET2 ESMCI_CompTunnel.C:872 ESMCI::CompTunnel::dual2actual() dual2actual() socketBased (actual side)...
20200830 173819.947 INFO             PET2 ESMCI_CompTunnel.C:872 ESMCI::CompTunnel::dual2actual() dual2actual() socketBased (actual side)...
20200830 173819.987 INFO             PET2 ESMCI_CompTunnel.C:1122 ESMCI::ServiceLoop() ServiceLoop: received method: FinalizeIC and phase: 1
20200830 173819.987 INFO             PET2 Actual Component Finalize
20200830 173819.987 INFO             PET2 ESMCI_CompTunnel.C:957 ESMCI::CompTunnel::actual2dual() actual2dual() socketBased (actual side)...
20200830 173819.987 INFO             PET2 ESMCI_CompTunnel.C:872 ESMCI::CompTunnel::dual2actual() dual2actual() socketBased (actual side)...
20200830 173819.988 INFO             PET2 ESMCI_CompTunnel.C:872 ESMCI::CompTunnel::dual2actual() dual2actual() socketBased (actual side)...
20200830 173820.028 INFO             PET2 ESMCI_CompTunnel.C:1122 ESMCI::ServiceLoop() ServiceLoop: received method: InitializeIC and phase: 1
20200830 173820.029 INFO             PET2 Actual Component Initialize
20200830 173820.029 INFO             PET2 ESMCI_CompTunnel.C:957 ESMCI::CompTunnel::actual2dual() actual2dual() socketBased (actual side)...
20200830 173820.029 INFO             PET2 ESMCI_CompTunnel.C:872 ESMCI::CompTunnel::dual2actual() dual2actual() socketBased (actual side)...
20200830 173820.029 INFO             PET2 ESMCI_CompTunnel.C:872 ESMCI::CompTunnel::dual2actual() dual2actual() socketBased (actual side)...
20200830 173820.069 INFO             PET2 ESMCI_CompTunnel.C:1122 ESMCI::ServiceLoop() ServiceLoop: received method: InitializeIC and phase: 1
20200830 173820.069 INFO             PET2 Actual Component Initialize
20200830 173820.069 INFO             PET2 ESMCI_CompTunnel.C:957 ESMCI::CompTunnel::actual2dual() actual2dual() socketBased (actual side)...
20200830 173820.069 INFO             PET2 ESMCI_CompTunnel.C:872 ESMCI::CompTunnel::dual2actual() dual2actual() socketBased (actual side)...
20200830 173820.070 INFO             PET2 ESMCI_CompTunnel.C:872 ESMCI::CompTunnel::dual2actual() dual2actual() socketBased (actual side)...
20200830 173820.110 INFO             PET2 ESMCI_CompTunnel.C:1122 ESMCI::ServiceLoop() ServiceLoop: received method: RunIC and phase: 1
20200830 173820.111 INFO             PET2 Actual Component Run
20200830 173820.111 INFO             PET2 ESMCI_CompTunnel.C:957 ESMCI::CompTunnel::actual2dual() actual2dual() socketBased (actual side)...
20200830 173820.111 INFO             PET2 ESMCI_CompTunnel.C:872 ESMCI::CompTunnel::dual2actual() dual2actual() socketBased (actual side)...
20200830 173820.111 INFO             PET2 ESMCI_CompTunnel.C:872 ESMCI::CompTunnel::dual2actual() dual2actual() socketBased (actual side)...
20200830 173820.151 INFO             PET2 ESMCI_CompTunnel.C:1122 ESMCI::ServiceLoop() ServiceLoop: received method: None and phase: 1
20200830 173820.151 INFO             PET2 ESMCI_CompTunnel.C:957 ESMCI::CompTunnel::actual2dual() actual2dual() socketBased (actual side)...
20200830 173820.151 INFO             PET2 ESMCI_CompTunnel.C:1153 ESMCI::ServiceLoop() ServiceLoop: exiting
20200830 173820.153 INFO             PET2  NUMBER_OF_PROCESSORS           6
20200830 173820.153 INFO             PET2  PASS  Example ESMF_CompTunnelEx, ESMF_CompTunnelEx.F90, line 549
20200830 173820.154 INFO             PET2 Finalizing ESMF
20200830 173817.815 INFO             PET3 !!!!!!!!!!!!!!!!!!!!!!!!!!!!!!!!!!!!!!!!!!!!!!!!!!!!!!
20200830 173817.815 INFO             PET3 !!! THE ESMF_LOG IS SET TO OUTPUT ALL LOG MESSAGES !!!
20200830 173817.815 INFO             PET3 !!!     THIS MAY CAUSE SLOWDOWN IN PERFORMANCE     !!!
20200830 173817.815 INFO             PET3 !!! FOR PRODUCTION RUNS, USE:                      !!!
20200830 173817.815 INFO             PET3 !!!                   ESMF_LOGKIND_Multi_On_Error  !!!
20200830 173817.815 INFO             PET3 !!!!!!!!!!!!!!!!!!!!!!!!!!!!!!!!!!!!!!!!!!!!!!!!!!!!!!
20200830 173817.815 INFO             PET3 Running with ESMF Version   : ESMF_8_1_0_beta_snapshot_26-46-ga9ff35efce
20200830 173817.816 INFO             PET3 ESMF library build date/time: "Aug 30 2020" "16:30:59"
20200830 173817.816 INFO             PET3 ESMF library build location : /home1/07356/tg866552/himanshu/esmf
20200830 173817.816 INFO             PET3 ESMF_COMM                   : intelmpi
20200830 173817.819 INFO             PET3 ESMF_NETCDF                 : enabled
20200830 173817.819 INFO             PET3 ESMF_PNETCDF                : disabled
20200830 173817.819 INFO             PET3 ESMF_PIO                    : enabled
20200830 173817.819 INFO             PET3 ESMF_YAMLCPP                : enabled
20200830 173817.820 INFO             PET3 ESMF_MOAB                   : enabled
20200830 173817.826 INFO             PET3 ESMCI_CompTunnel.C:1063 ESMCI::ServiceLoop() ServiceLoop: entering with port argument: 61011 and timeout: 2
20200830 173817.826 INFO             PET3 ESMCI_CompTunnel.C:345 ESMCI::CompTunnel::negotiate() negotiate socketBased actual: port=61011, timeout=2
20200830 173819.826 ERROR            PET3 ESMCI_CompTunnel.C:354 ESMCI::CompTunnel::negotiate() Timeout reached  - - No client connected, time out!
20200830 173819.828 ERROR            PET3 ESMCI_CompTunnel.C:1099 ESMCI::ServiceLoop() Timeout reached  - Internal subroutine call returned Error
20200830 173819.865 INFO             PET3 ESMCI_CompTunnel.C:577 ESMCI::CompTunnel::negotiate() finished socketBased negotiate() on dual component side
20200830 173819.865 INFO             PET3 ESMCI_CompTunnel.C:841 ESMCI::CompTunnel::dual2actual() dual2actual() socketBased (dual side)...
20200830 173819.865 INFO             PET3 ESMCI_CompTunnel.C:841 ESMCI::CompTunnel::dual2actual() dual2actual() socketBased (dual side)...
20200830 173819.866 INFO             PET3 ESMCI_CompTunnel.C:988 ESMCI::CompTunnel::actual2dual() actual2dual() socketBased (dual side)...
20200830 173819.906 INFO             PET3 ESMCI_CompTunnel.C:841 ESMCI::CompTunnel::dual2actual() dual2actual() socketBased (dual side)...
20200830 173819.906 INFO             PET3 ESMCI_CompTunnel.C:841 ESMCI::CompTunnel::dual2actual() dual2actual() socketBased (dual side)...
20200830 173819.906 INFO             PET3 ESMCI_CompTunnel.C:988 ESMCI::CompTunnel::actual2dual() actual2dual() socketBased (dual side)...
20200830 173819.947 INFO             PET3 ESMCI_CompTunnel.C:841 ESMCI::CompTunnel::dual2actual() dual2actual() socketBased (dual side)...
20200830 173819.947 INFO             PET3 ESMCI_CompTunnel.C:841 ESMCI::CompTunnel::dual2actual() dual2actual() socketBased (dual side)...
20200830 173819.948 INFO             PET3 ESMCI_CompTunnel.C:988 ESMCI::CompTunnel::actual2dual() actual2dual() socketBased (dual side)...
20200830 173819.988 INFO             PET3 ESMCI_CompTunnel.C:841 ESMCI::CompTunnel::dual2actual() dual2actual() socketBased (dual side)...
20200830 173819.988 INFO             PET3 ESMCI_CompTunnel.C:841 ESMCI::CompTunnel::dual2actual() dual2actual() socketBased (dual side)...
20200830 173819.988 INFO             PET3 ESMCI_CompTunnel.C:988 ESMCI::CompTunnel::actual2dual() actual2dual() socketBased (dual side)...
20200830 173820.029 INFO             PET3 ESMCI_CompTunnel.C:841 ESMCI::CompTunnel::dual2actual() dual2actual() socketBased (dual side)...
20200830 173820.029 INFO             PET3 ESMCI_CompTunnel.C:841 ESMCI::CompTunnel::dual2actual() dual2actual() socketBased (dual side)...
20200830 173820.029 INFO             PET3 ESMCI_CompTunnel.C:988 ESMCI::CompTunnel::actual2dual() actual2dual() socketBased (dual side)...
20200830 173820.070 INFO             PET3 ESMCI_CompTunnel.C:841 ESMCI::CompTunnel::dual2actual() dual2actual() socketBased (dual side)...
20200830 173820.070 INFO             PET3 ESMCI_CompTunnel.C:841 ESMCI::CompTunnel::dual2actual() dual2actual() socketBased (dual side)...
20200830 173820.070 INFO             PET3 ESMCI_CompTunnel.C:988 ESMCI::CompTunnel::actual2dual() actual2dual() socketBased (dual side)...
20200830 173820.111 INFO             PET3 ESMCI_CompTunnel.C:841 ESMCI::CompTunnel::dual2actual() dual2actual() socketBased (dual side)...
20200830 173820.112 INFO             PET3 ESMCI_CompTunnel.C:841 ESMCI::CompTunnel::dual2actual() dual2actual() socketBased (dual side)...
20200830 173820.112 INFO             PET3 ESMCI_CompTunnel.C:988 ESMCI::CompTunnel::actual2dual() actual2dual() socketBased (dual side)...
20200830 173820.152 INFO             PET3  NUMBER_OF_PROCESSORS           6
20200830 173820.153 INFO             PET3  PASS  Example ESMF_CompTunnelEx, ESMF_CompTunnelEx.F90, line 549
20200830 173820.153 INFO             PET3 Finalizing ESMF
20200830 173817.811 INFO             PET4 !!!!!!!!!!!!!!!!!!!!!!!!!!!!!!!!!!!!!!!!!!!!!!!!!!!!!!
20200830 173817.812 INFO             PET4 !!! THE ESMF_LOG IS SET TO OUTPUT ALL LOG MESSAGES !!!
20200830 173817.812 INFO             PET4 !!!     THIS MAY CAUSE SLOWDOWN IN PERFORMANCE     !!!
20200830 173817.812 INFO             PET4 !!! FOR PRODUCTION RUNS, USE:                      !!!
20200830 173817.812 INFO             PET4 !!!                   ESMF_LOGKIND_Multi_On_Error  !!!
20200830 173817.812 INFO             PET4 !!!!!!!!!!!!!!!!!!!!!!!!!!!!!!!!!!!!!!!!!!!!!!!!!!!!!!
20200830 173817.812 INFO             PET4 Running with ESMF Version   : ESMF_8_1_0_beta_snapshot_26-46-ga9ff35efce
20200830 173817.812 INFO             PET4 ESMF library build date/time: "Aug 30 2020" "16:30:59"
20200830 173817.812 INFO             PET4 ESMF library build location : /home1/07356/tg866552/himanshu/esmf
20200830 173817.812 INFO             PET4 ESMF_COMM                   : intelmpi
20200830 173817.816 INFO             PET4 ESMF_NETCDF                 : enabled
20200830 173817.816 INFO             PET4 ESMF_PNETCDF                : disabled
20200830 173817.816 INFO             PET4 ESMF_PIO                    : enabled
20200830 173817.816 INFO             PET4 ESMF_YAMLCPP                : enabled
20200830 173817.816 INFO             PET4 ESMF_MOAB                   : enabled
20200830 173817.826 INFO             PET4 ESMCI_CompTunnel.C:1063 ESMCI::ServiceLoop() ServiceLoop: entering with port argument: 61011 and timeout: 2
20200830 173819.828 ERROR            PET4 ESMCI_CompTunnel.C:1099 ESMCI::ServiceLoop() Timeout reached  - Internal subroutine call returned Error
20200830 173819.829 INFO             PET4 ESMCI_CompTunnel.C:483 ESMCI::CompTunnel::negotiate() negotiate socketBased dual: port=61010, timeout=10
20200830 173819.865 INFO             PET4 ESMCI_CompTunnel.C:577 ESMCI::CompTunnel::negotiate() finished socketBased negotiate() on dual component side
20200830 173819.865 INFO             PET4 ESMCI_CompTunnel.C:841 ESMCI::CompTunnel::dual2actual() dual2actual() socketBased (dual side)...
20200830 173819.865 INFO             PET4 ESMCI_CompTunnel.C:841 ESMCI::CompTunnel::dual2actual() dual2actual() socketBased (dual side)...
20200830 173819.866 INFO             PET4 ESMCI_CompTunnel.C:988 ESMCI::CompTunnel::actual2dual() actual2dual() socketBased (dual side)...
20200830 173819.906 INFO             PET4 ESMCI_CompTunnel.C:841 ESMCI::CompTunnel::dual2actual() dual2actual() socketBased (dual side)...
20200830 173819.906 INFO             PET4 ESMCI_CompTunnel.C:841 ESMCI::CompTunnel::dual2actual() dual2actual() socketBased (dual side)...
20200830 173819.906 INFO             PET4 ESMCI_CompTunnel.C:988 ESMCI::CompTunnel::actual2dual() actual2dual() socketBased (dual side)...
20200830 173819.947 INFO             PET4 ESMCI_CompTunnel.C:841 ESMCI::CompTunnel::dual2actual() dual2actual() socketBased (dual side)...
20200830 173819.947 INFO             PET4 ESMCI_CompTunnel.C:841 ESMCI::CompTunnel::dual2actual() dual2actual() socketBased (dual side)...
20200830 173819.948 INFO             PET4 ESMCI_CompTunnel.C:988 ESMCI::CompTunnel::actual2dual() actual2dual() socketBased (dual side)...
20200830 173819.988 INFO             PET4 ESMCI_CompTunnel.C:841 ESMCI::CompTunnel::dual2actual() dual2actual() socketBased (dual side)...
20200830 173819.988 INFO             PET4 ESMCI_CompTunnel.C:841 ESMCI::CompTunnel::dual2actual() dual2actual() socketBased (dual side)...
20200830 173819.988 INFO             PET4 ESMCI_CompTunnel.C:988 ESMCI::CompTunnel::actual2dual() actual2dual() socketBased (dual side)...
20200830 173820.029 INFO             PET4 ESMCI_CompTunnel.C:841 ESMCI::CompTunnel::dual2actual() dual2actual() socketBased (dual side)...
20200830 173820.029 INFO             PET4 ESMCI_CompTunnel.C:841 ESMCI::CompTunnel::dual2actual() dual2actual() socketBased (dual side)...
20200830 173820.029 INFO             PET4 ESMCI_CompTunnel.C:988 ESMCI::CompTunnel::actual2dual() actual2dual() socketBased (dual side)...
20200830 173820.070 INFO             PET4 ESMCI_CompTunnel.C:841 ESMCI::CompTunnel::dual2actual() dual2actual() socketBased (dual side)...
20200830 173820.070 INFO             PET4 ESMCI_CompTunnel.C:841 ESMCI::CompTunnel::dual2actual() dual2actual() socketBased (dual side)...
20200830 173820.070 INFO             PET4 ESMCI_CompTunnel.C:988 ESMCI::CompTunnel::actual2dual() actual2dual() socketBased (dual side)...
20200830 173820.111 INFO             PET4 ESMCI_CompTunnel.C:841 ESMCI::CompTunnel::dual2actual() dual2actual() socketBased (dual side)...
20200830 173820.112 INFO             PET4 ESMCI_CompTunnel.C:841 ESMCI::CompTunnel::dual2actual() dual2actual() socketBased (dual side)...
20200830 173820.112 INFO             PET4 ESMCI_CompTunnel.C:988 ESMCI::CompTunnel::actual2dual() actual2dual() socketBased (dual side)...
20200830 173820.152 INFO             PET4  NUMBER_OF_PROCESSORS           6
20200830 173820.153 INFO             PET4  PASS  Example ESMF_CompTunnelEx, ESMF_CompTunnelEx.F90, line 549
20200830 173820.153 INFO             PET4 Finalizing ESMF
20200830 173817.816 INFO             PET5 !!!!!!!!!!!!!!!!!!!!!!!!!!!!!!!!!!!!!!!!!!!!!!!!!!!!!!
20200830 173817.817 INFO             PET5 !!! THE ESMF_LOG IS SET TO OUTPUT ALL LOG MESSAGES !!!
20200830 173817.817 INFO             PET5 !!!     THIS MAY CAUSE SLOWDOWN IN PERFORMANCE     !!!
20200830 173817.817 INFO             PET5 !!! FOR PRODUCTION RUNS, USE:                      !!!
20200830 173817.817 INFO             PET5 !!!                   ESMF_LOGKIND_Multi_On_Error  !!!
20200830 173817.817 INFO             PET5 !!!!!!!!!!!!!!!!!!!!!!!!!!!!!!!!!!!!!!!!!!!!!!!!!!!!!!
20200830 173817.817 INFO             PET5 Running with ESMF Version   : ESMF_8_1_0_beta_snapshot_26-46-ga9ff35efce
20200830 173817.817 INFO             PET5 ESMF library build date/time: "Aug 30 2020" "16:30:59"
20200830 173817.817 INFO             PET5 ESMF library build location : /home1/07356/tg866552/himanshu/esmf
20200830 173817.817 INFO             PET5 ESMF_COMM                   : intelmpi
20200830 173817.821 INFO             PET5 ESMF_NETCDF                 : enabled
20200830 173817.821 INFO             PET5 ESMF_PNETCDF                : disabled
20200830 173817.821 INFO             PET5 ESMF_PIO                    : enabled
20200830 173817.821 INFO             PET5 ESMF_YAMLCPP                : enabled
20200830 173817.821 INFO             PET5 ESMF_MOAB                   : enabled
20200830 173817.826 INFO             PET5 ESMCI_CompTunnel.C:1063 ESMCI::ServiceLoop() ServiceLoop: entering with port argument: 61011 and timeout: 2
20200830 173819.828 ERROR            PET5 ESMCI_CompTunnel.C:1099 ESMCI::ServiceLoop() Timeout reached  - Internal subroutine call returned Error
20200830 173819.865 INFO             PET5 ESMCI_CompTunnel.C:577 ESMCI::CompTunnel::negotiate() finished socketBased negotiate() on dual component side
20200830 173819.865 INFO             PET5 ESMCI_CompTunnel.C:841 ESMCI::CompTunnel::dual2actual() dual2actual() socketBased (dual side)...
20200830 173819.865 INFO             PET5 ESMCI_CompTunnel.C:841 ESMCI::CompTunnel::dual2actual() dual2actual() socketBased (dual side)...
20200830 173819.866 INFO             PET5 ESMCI_CompTunnel.C:988 ESMCI::CompTunnel::actual2dual() actual2dual() socketBased (dual side)...
20200830 173819.906 INFO             PET5 ESMCI_CompTunnel.C:841 ESMCI::CompTunnel::dual2actual() dual2actual() socketBased (dual side)...
20200830 173819.906 INFO             PET5 ESMCI_CompTunnel.C:841 ESMCI::CompTunnel::dual2actual() dual2actual() socketBased (dual side)...
20200830 173819.906 INFO             PET5 ESMCI_CompTunnel.C:988 ESMCI::CompTunnel::actual2dual() actual2dual() socketBased (dual side)...
20200830 173819.947 INFO             PET5 ESMCI_CompTunnel.C:841 ESMCI::CompTunnel::dual2actual() dual2actual() socketBased (dual side)...
20200830 173819.947 INFO             PET5 ESMCI_CompTunnel.C:841 ESMCI::CompTunnel::dual2actual() dual2actual() socketBased (dual side)...
20200830 173819.948 INFO             PET5 ESMCI_CompTunnel.C:988 ESMCI::CompTunnel::actual2dual() actual2dual() socketBased (dual side)...
20200830 173819.988 INFO             PET5 ESMCI_CompTunnel.C:841 ESMCI::CompTunnel::dual2actual() dual2actual() socketBased (dual side)...
20200830 173819.988 INFO             PET5 ESMCI_CompTunnel.C:841 ESMCI::CompTunnel::dual2actual() dual2actual() socketBased (dual side)...
20200830 173819.988 INFO             PET5 ESMCI_CompTunnel.C:988 ESMCI::CompTunnel::actual2dual() actual2dual() socketBased (dual side)...
20200830 173820.029 INFO             PET5 ESMCI_CompTunnel.C:841 ESMCI::CompTunnel::dual2actual() dual2actual() socketBased (dual side)...
20200830 173820.029 INFO             PET5 ESMCI_CompTunnel.C:841 ESMCI::CompTunnel::dual2actual() dual2actual() socketBased (dual side)...
20200830 173820.029 INFO             PET5 ESMCI_CompTunnel.C:988 ESMCI::CompTunnel::actual2dual() actual2dual() socketBased (dual side)...
20200830 173820.070 INFO             PET5 ESMCI_CompTunnel.C:841 ESMCI::CompTunnel::dual2actual() dual2actual() socketBased (dual side)...
20200830 173820.070 INFO             PET5 ESMCI_CompTunnel.C:841 ESMCI::CompTunnel::dual2actual() dual2actual() socketBased (dual side)...
20200830 173820.070 INFO             PET5 ESMCI_CompTunnel.C:988 ESMCI::CompTunnel::actual2dual() actual2dual() socketBased (dual side)...
20200830 173820.111 INFO             PET5 ESMCI_CompTunnel.C:841 ESMCI::CompTunnel::dual2actual() dual2actual() socketBased (dual side)...
20200830 173820.112 INFO             PET5 ESMCI_CompTunnel.C:841 ESMCI::CompTunnel::dual2actual() dual2actual() socketBased (dual side)...
20200830 173820.112 INFO             PET5 ESMCI_CompTunnel.C:988 ESMCI::CompTunnel::actual2dual() actual2dual() socketBased (dual side)...
20200830 173820.152 INFO             PET5  NUMBER_OF_PROCESSORS           6
20200830 173820.153 INFO             PET5  PASS  Example ESMF_CompTunnelEx, ESMF_CompTunnelEx.F90, line 549
20200830 173820.153 INFO             PET5 Finalizing ESMF
