20200826 023152.694 INFO             PET0 !!!!!!!!!!!!!!!!!!!!!!!!!!!!!!!!!!!!!!!!!!!!!!!!!!!!!!
20200826 023152.694 INFO             PET0 !!! THE ESMF_LOG IS SET TO OUTPUT ALL LOG MESSAGES !!!
20200826 023152.694 INFO             PET0 !!!     THIS MAY CAUSE SLOWDOWN IN PERFORMANCE     !!!
20200826 023152.694 INFO             PET0 !!! FOR PRODUCTION RUNS, USE:                      !!!
20200826 023152.694 INFO             PET0 !!!                   ESMF_LOGKIND_Multi_On_Error  !!!
20200826 023152.694 INFO             PET0 !!!!!!!!!!!!!!!!!!!!!!!!!!!!!!!!!!!!!!!!!!!!!!!!!!!!!!
20200826 023152.694 INFO             PET0 Running with ESMF Version   : ESMF_8_1_0_beta_snapshot_26-33-g0079cf5b9e
20200826 023152.694 INFO             PET0 ESMF library build date/time: "Aug 26 2020" "01:29:25"
20200826 023152.694 INFO             PET0 ESMF library build location : /home1/07356/tg866552/himanshu/esmf
20200826 023152.694 INFO             PET0 ESMF_COMM                   : intelmpi
20200826 023152.699 INFO             PET0 ESMF_NETCDF                 : enabled
20200826 023152.699 INFO             PET0 ESMF_PNETCDF                : disabled
20200826 023152.699 INFO             PET0 ESMF_PIO                    : enabled
20200826 023152.699 INFO             PET0 ESMF_YAMLCPP                : enabled
20200826 023152.699 INFO             PET0 ESMF_MOAB                   : enabled
20200826 023152.713 INFO             PET0  NUMBER_OF_PROCESSORS           4
20200826 023152.713 INFO             PET0  PASS  Example ESMF_ArrayBundleEx, ESMF_ArrayBundleEx.F90, line 267
20200826 023152.713 INFO             PET0 Finalizing ESMF
20200826 023152.696 INFO             PET1 !!!!!!!!!!!!!!!!!!!!!!!!!!!!!!!!!!!!!!!!!!!!!!!!!!!!!!
20200826 023152.696 INFO             PET1 !!! THE ESMF_LOG IS SET TO OUTPUT ALL LOG MESSAGES !!!
20200826 023152.696 INFO             PET1 !!!     THIS MAY CAUSE SLOWDOWN IN PERFORMANCE     !!!
20200826 023152.696 INFO             PET1 !!! FOR PRODUCTION RUNS, USE:                      !!!
20200826 023152.696 INFO             PET1 !!!                   ESMF_LOGKIND_Multi_On_Error  !!!
20200826 023152.696 INFO             PET1 !!!!!!!!!!!!!!!!!!!!!!!!!!!!!!!!!!!!!!!!!!!!!!!!!!!!!!
20200826 023152.696 INFO             PET1 Running with ESMF Version   : ESMF_8_1_0_beta_snapshot_26-33-g0079cf5b9e
20200826 023152.696 INFO             PET1 ESMF library build date/time: "Aug 26 2020" "01:29:25"
20200826 023152.696 INFO             PET1 ESMF library build location : /home1/07356/tg866552/himanshu/esmf
20200826 023152.696 INFO             PET1 ESMF_COMM                   : intelmpi
20200826 023152.701 INFO             PET1 ESMF_NETCDF                 : enabled
20200826 023152.701 INFO             PET1 ESMF_PNETCDF                : disabled
20200826 023152.701 INFO             PET1 ESMF_PIO                    : enabled
20200826 023152.701 INFO             PET1 ESMF_YAMLCPP                : enabled
20200826 023152.701 INFO             PET1 ESMF_MOAB                   : enabled
20200826 023152.712 INFO             PET1  NUMBER_OF_PROCESSORS           4
20200826 023152.713 INFO             PET1  PASS  Example ESMF_ArrayBundleEx, ESMF_ArrayBundleEx.F90, line 267
20200826 023152.713 INFO             PET1 Finalizing ESMF
20200826 023152.693 INFO             PET2 !!!!!!!!!!!!!!!!!!!!!!!!!!!!!!!!!!!!!!!!!!!!!!!!!!!!!!
20200826 023152.694 INFO             PET2 !!! THE ESMF_LOG IS SET TO OUTPUT ALL LOG MESSAGES !!!
20200826 023152.694 INFO             PET2 !!!     THIS MAY CAUSE SLOWDOWN IN PERFORMANCE     !!!
20200826 023152.694 INFO             PET2 !!! FOR PRODUCTION RUNS, USE:                      !!!
20200826 023152.694 INFO             PET2 !!!                   ESMF_LOGKIND_Multi_On_Error  !!!
20200826 023152.694 INFO             PET2 !!!!!!!!!!!!!!!!!!!!!!!!!!!!!!!!!!!!!!!!!!!!!!!!!!!!!!
20200826 023152.694 INFO             PET2 Running with ESMF Version   : ESMF_8_1_0_beta_snapshot_26-33-g0079cf5b9e
20200826 023152.694 INFO             PET2 ESMF library build date/time: "Aug 26 2020" "01:29:25"
20200826 023152.694 INFO             PET2 ESMF library build location : /home1/07356/tg866552/himanshu/esmf
20200826 023152.694 INFO             PET2 ESMF_COMM                   : intelmpi
20200826 023152.698 INFO             PET2 ESMF_NETCDF                 : enabled
20200826 023152.698 INFO             PET2 ESMF_PNETCDF                : disabled
20200826 023152.698 INFO             PET2 ESMF_PIO                    : enabled
20200826 023152.698 INFO             PET2 ESMF_YAMLCPP                : enabled
20200826 023152.698 INFO             PET2 ESMF_MOAB                   : enabled
20200826 023152.712 INFO             PET2  NUMBER_OF_PROCESSORS           4
20200826 023152.712 INFO             PET2  PASS  Example ESMF_ArrayBundleEx, ESMF_ArrayBundleEx.F90, line 267
20200826 023152.713 INFO             PET2 Finalizing ESMF
20200826 023152.689 INFO             PET3 !!!!!!!!!!!!!!!!!!!!!!!!!!!!!!!!!!!!!!!!!!!!!!!!!!!!!!
20200826 023152.690 INFO             PET3 !!! THE ESMF_LOG IS SET TO OUTPUT ALL LOG MESSAGES !!!
20200826 023152.690 INFO             PET3 !!!     THIS MAY CAUSE SLOWDOWN IN PERFORMANCE     !!!
20200826 023152.690 INFO             PET3 !!! FOR PRODUCTION RUNS, USE:                      !!!
20200826 023152.690 INFO             PET3 !!!                   ESMF_LOGKIND_Multi_On_Error  !!!
20200826 023152.690 INFO             PET3 !!!!!!!!!!!!!!!!!!!!!!!!!!!!!!!!!!!!!!!!!!!!!!!!!!!!!!
20200826 023152.690 INFO             PET3 Running with ESMF Version   : ESMF_8_1_0_beta_snapshot_26-33-g0079cf5b9e
20200826 023152.690 INFO             PET3 ESMF library build date/time: "Aug 26 2020" "01:29:25"
20200826 023152.690 INFO             PET3 ESMF library build location : /home1/07356/tg866552/himanshu/esmf
20200826 023152.690 INFO             PET3 ESMF_COMM                   : intelmpi
20200826 023152.695 INFO             PET3 ESMF_NETCDF                 : enabled
20200826 023152.695 INFO             PET3 ESMF_PNETCDF                : disabled
20200826 023152.695 INFO             PET3 ESMF_PIO                    : enabled
20200826 023152.695 INFO             PET3 ESMF_YAMLCPP                : enabled
20200826 023152.695 INFO             PET3 ESMF_MOAB                   : enabled
20200826 023152.712 INFO             PET3  NUMBER_OF_PROCESSORS           4
20200826 023152.712 INFO             PET3  PASS  Example ESMF_ArrayBundleEx, ESMF_ArrayBundleEx.F90, line 267
20200826 023152.713 INFO             PET3 Finalizing ESMF
