20200822 181250.554 INFO             PET0 !!!!!!!!!!!!!!!!!!!!!!!!!!!!!!!!!!!!!!!!!!!!!!!!!!!!!!
20200822 181250.554 INFO             PET0 !!! THE ESMF_LOG IS SET TO OUTPUT ALL LOG MESSAGES !!!
20200822 181250.554 INFO             PET0 !!!     THIS MAY CAUSE SLOWDOWN IN PERFORMANCE     !!!
20200822 181250.554 INFO             PET0 !!! FOR PRODUCTION RUNS, USE:                      !!!
20200822 181250.554 INFO             PET0 !!!                   ESMF_LOGKIND_Multi_On_Error  !!!
20200822 181250.555 INFO             PET0 !!!!!!!!!!!!!!!!!!!!!!!!!!!!!!!!!!!!!!!!!!!!!!!!!!!!!!
20200822 181250.555 INFO             PET0 Running with ESMF Version   : ESMF_8_1_0_beta_snapshot_26-20-gc467564eb1
20200822 181250.555 INFO             PET0 ESMF library build date/time: "Aug 22 2020" "17:05:46"
20200822 181250.555 INFO             PET0 ESMF library build location : /home1/07356/tg866552/himanshu/esmf
20200822 181250.555 INFO             PET0 ESMF_COMM                   : intelmpi
20200822 181250.560 INFO             PET0 ESMF_NETCDF                 : enabled
20200822 181250.560 INFO             PET0 ESMF_PNETCDF                : disabled
20200822 181250.560 INFO             PET0 ESMF_PIO                    : enabled
20200822 181250.560 INFO             PET0 ESMF_YAMLCPP                : enabled
20200822 181250.560 INFO             PET0 ESMF_MOAB                   : enabled
20200822 181250.582 INFO             PET0  NUMBER_OF_PROCESSORS           4
20200822 181250.582 INFO             PET0  PASS  Example ESMF_CplEx, ESMF_CplEx.F90, line 457
20200822 181250.582 INFO             PET0 Finalizing ESMF
20200822 181250.558 INFO             PET1 !!!!!!!!!!!!!!!!!!!!!!!!!!!!!!!!!!!!!!!!!!!!!!!!!!!!!!
20200822 181250.558 INFO             PET1 !!! THE ESMF_LOG IS SET TO OUTPUT ALL LOG MESSAGES !!!
20200822 181250.558 INFO             PET1 !!!     THIS MAY CAUSE SLOWDOWN IN PERFORMANCE     !!!
20200822 181250.558 INFO             PET1 !!! FOR PRODUCTION RUNS, USE:                      !!!
20200822 181250.558 INFO             PET1 !!!                   ESMF_LOGKIND_Multi_On_Error  !!!
20200822 181250.558 INFO             PET1 !!!!!!!!!!!!!!!!!!!!!!!!!!!!!!!!!!!!!!!!!!!!!!!!!!!!!!
20200822 181250.558 INFO             PET1 Running with ESMF Version   : ESMF_8_1_0_beta_snapshot_26-20-gc467564eb1
20200822 181250.558 INFO             PET1 ESMF library build date/time: "Aug 22 2020" "17:05:46"
20200822 181250.558 INFO             PET1 ESMF library build location : /home1/07356/tg866552/himanshu/esmf
20200822 181250.558 INFO             PET1 ESMF_COMM                   : intelmpi
20200822 181250.563 INFO             PET1 ESMF_NETCDF                 : enabled
20200822 181250.563 INFO             PET1 ESMF_PNETCDF                : disabled
20200822 181250.563 INFO             PET1 ESMF_PIO                    : enabled
20200822 181250.563 INFO             PET1 ESMF_YAMLCPP                : enabled
20200822 181250.563 INFO             PET1 ESMF_MOAB                   : enabled
20200822 181250.582 INFO             PET1  NUMBER_OF_PROCESSORS           4
20200822 181250.582 INFO             PET1  PASS  Example ESMF_CplEx, ESMF_CplEx.F90, line 457
20200822 181250.582 INFO             PET1 Finalizing ESMF
20200822 181250.561 INFO             PET2 !!!!!!!!!!!!!!!!!!!!!!!!!!!!!!!!!!!!!!!!!!!!!!!!!!!!!!
20200822 181250.561 INFO             PET2 !!! THE ESMF_LOG IS SET TO OUTPUT ALL LOG MESSAGES !!!
20200822 181250.561 INFO             PET2 !!!     THIS MAY CAUSE SLOWDOWN IN PERFORMANCE     !!!
20200822 181250.561 INFO             PET2 !!! FOR PRODUCTION RUNS, USE:                      !!!
20200822 181250.561 INFO             PET2 !!!                   ESMF_LOGKIND_Multi_On_Error  !!!
20200822 181250.561 INFO             PET2 !!!!!!!!!!!!!!!!!!!!!!!!!!!!!!!!!!!!!!!!!!!!!!!!!!!!!!
20200822 181250.561 INFO             PET2 Running with ESMF Version   : ESMF_8_1_0_beta_snapshot_26-20-gc467564eb1
20200822 181250.562 INFO             PET2 ESMF library build date/time: "Aug 22 2020" "17:05:46"
20200822 181250.562 INFO             PET2 ESMF library build location : /home1/07356/tg866552/himanshu/esmf
20200822 181250.562 INFO             PET2 ESMF_COMM                   : intelmpi
20200822 181250.566 INFO             PET2 ESMF_NETCDF                 : enabled
20200822 181250.566 INFO             PET2 ESMF_PNETCDF                : disabled
20200822 181250.566 INFO             PET2 ESMF_PIO                    : enabled
20200822 181250.566 INFO             PET2 ESMF_YAMLCPP                : enabled
20200822 181250.567 INFO             PET2 ESMF_MOAB                   : enabled
20200822 181250.582 INFO             PET2  NUMBER_OF_PROCESSORS           4
20200822 181250.582 INFO             PET2  PASS  Example ESMF_CplEx, ESMF_CplEx.F90, line 457
20200822 181250.582 INFO             PET2 Finalizing ESMF
20200822 181250.563 INFO             PET3 !!!!!!!!!!!!!!!!!!!!!!!!!!!!!!!!!!!!!!!!!!!!!!!!!!!!!!
20200822 181250.563 INFO             PET3 !!! THE ESMF_LOG IS SET TO OUTPUT ALL LOG MESSAGES !!!
20200822 181250.563 INFO             PET3 !!!     THIS MAY CAUSE SLOWDOWN IN PERFORMANCE     !!!
20200822 181250.563 INFO             PET3 !!! FOR PRODUCTION RUNS, USE:                      !!!
20200822 181250.563 INFO             PET3 !!!                   ESMF_LOGKIND_Multi_On_Error  !!!
20200822 181250.563 INFO             PET3 !!!!!!!!!!!!!!!!!!!!!!!!!!!!!!!!!!!!!!!!!!!!!!!!!!!!!!
20200822 181250.563 INFO             PET3 Running with ESMF Version   : ESMF_8_1_0_beta_snapshot_26-20-gc467564eb1
20200822 181250.563 INFO             PET3 ESMF library build date/time: "Aug 22 2020" "17:05:46"
20200822 181250.563 INFO             PET3 ESMF library build location : /home1/07356/tg866552/himanshu/esmf
20200822 181250.563 INFO             PET3 ESMF_COMM                   : intelmpi
20200822 181250.568 INFO             PET3 ESMF_NETCDF                 : enabled
20200822 181250.568 INFO             PET3 ESMF_PNETCDF                : disabled
20200822 181250.568 INFO             PET3 ESMF_PIO                    : enabled
20200822 181250.568 INFO             PET3 ESMF_YAMLCPP                : enabled
20200822 181250.568 INFO             PET3 ESMF_MOAB                   : enabled
20200822 181250.582 INFO             PET3  NUMBER_OF_PROCESSORS           4
20200822 181250.582 INFO             PET3  PASS  Example ESMF_CplEx, ESMF_CplEx.F90, line 457
20200822 181250.582 INFO             PET3 Finalizing ESMF
