20200918 182327.932 INFO             PET0 !!!!!!!!!!!!!!!!!!!!!!!!!!!!!!!!!!!!!!!!!!!!!!!!!!!!!!
20200918 182327.932 INFO             PET0 !!! THE ESMF_LOG IS SET TO OUTPUT ALL LOG MESSAGES !!!
20200918 182327.932 INFO             PET0 !!!     THIS MAY CAUSE SLOWDOWN IN PERFORMANCE     !!!
20200918 182327.932 INFO             PET0 !!! FOR PRODUCTION RUNS, USE:                      !!!
20200918 182327.932 INFO             PET0 !!!                   ESMF_LOGKIND_Multi_On_Error  !!!
20200918 182327.932 INFO             PET0 !!!!!!!!!!!!!!!!!!!!!!!!!!!!!!!!!!!!!!!!!!!!!!!!!!!!!!
20200918 182327.932 INFO             PET0 Running with ESMF Version   : ESMF_8_1_0_beta_snapshot_28
20200918 182327.932 INFO             PET0 ESMF library build date/time: "Sep 18 2020" "17:25:33"
20200918 182327.932 INFO             PET0 ESMF library build location : /home1/07356/tg866552/himanshu/esmf
20200918 182327.932 INFO             PET0 ESMF_COMM                   : intelmpi
20200918 182327.936 INFO             PET0 ESMF_NETCDF                 : enabled
20200918 182327.936 INFO             PET0 ESMF_PNETCDF                : disabled
20200918 182327.937 INFO             PET0 ESMF_PIO                    : enabled
20200918 182327.937 INFO             PET0 ESMF_YAMLCPP                : enabled
20200918 182327.937 INFO             PET0 ESMF_MOAB                   : enabled
20200918 182327.945 INFO             PET0  NUMBER_OF_PROCESSORS           4
20200918 182327.945 INFO             PET0  PASS  Example ESMF_ConfigOverviewEx, ESMF_ConfigOverviewEx.F90, line 415
20200918 182327.945 INFO             PET0 Finalizing ESMF
20200918 182327.929 INFO             PET1 !!!!!!!!!!!!!!!!!!!!!!!!!!!!!!!!!!!!!!!!!!!!!!!!!!!!!!
20200918 182327.929 INFO             PET1 !!! THE ESMF_LOG IS SET TO OUTPUT ALL LOG MESSAGES !!!
20200918 182327.929 INFO             PET1 !!!     THIS MAY CAUSE SLOWDOWN IN PERFORMANCE     !!!
20200918 182327.929 INFO             PET1 !!! FOR PRODUCTION RUNS, USE:                      !!!
20200918 182327.929 INFO             PET1 !!!                   ESMF_LOGKIND_Multi_On_Error  !!!
20200918 182327.929 INFO             PET1 !!!!!!!!!!!!!!!!!!!!!!!!!!!!!!!!!!!!!!!!!!!!!!!!!!!!!!
20200918 182327.929 INFO             PET1 Running with ESMF Version   : ESMF_8_1_0_beta_snapshot_28
20200918 182327.929 INFO             PET1 ESMF library build date/time: "Sep 18 2020" "17:25:33"
20200918 182327.929 INFO             PET1 ESMF library build location : /home1/07356/tg866552/himanshu/esmf
20200918 182327.929 INFO             PET1 ESMF_COMM                   : intelmpi
20200918 182327.934 INFO             PET1 ESMF_NETCDF                 : enabled
20200918 182327.934 INFO             PET1 ESMF_PNETCDF                : disabled
20200918 182327.934 INFO             PET1 ESMF_PIO                    : enabled
20200918 182327.934 INFO             PET1 ESMF_YAMLCPP                : enabled
20200918 182327.934 INFO             PET1 ESMF_MOAB                   : enabled
20200918 182327.945 INFO             PET1  NUMBER_OF_PROCESSORS           4
20200918 182327.945 INFO             PET1  PASS  Example ESMF_ConfigOverviewEx, ESMF_ConfigOverviewEx.F90, line 415
20200918 182327.945 INFO             PET1 Finalizing ESMF
20200918 182327.924 INFO             PET2 !!!!!!!!!!!!!!!!!!!!!!!!!!!!!!!!!!!!!!!!!!!!!!!!!!!!!!
20200918 182327.925 INFO             PET2 !!! THE ESMF_LOG IS SET TO OUTPUT ALL LOG MESSAGES !!!
20200918 182327.925 INFO             PET2 !!!     THIS MAY CAUSE SLOWDOWN IN PERFORMANCE     !!!
20200918 182327.925 INFO             PET2 !!! FOR PRODUCTION RUNS, USE:                      !!!
20200918 182327.925 INFO             PET2 !!!                   ESMF_LOGKIND_Multi_On_Error  !!!
20200918 182327.925 INFO             PET2 !!!!!!!!!!!!!!!!!!!!!!!!!!!!!!!!!!!!!!!!!!!!!!!!!!!!!!
20200918 182327.925 INFO             PET2 Running with ESMF Version   : ESMF_8_1_0_beta_snapshot_28
20200918 182327.925 INFO             PET2 ESMF library build date/time: "Sep 18 2020" "17:25:33"
20200918 182327.925 INFO             PET2 ESMF library build location : /home1/07356/tg866552/himanshu/esmf
20200918 182327.925 INFO             PET2 ESMF_COMM                   : intelmpi
20200918 182327.930 INFO             PET2 ESMF_NETCDF                 : enabled
20200918 182327.930 INFO             PET2 ESMF_PNETCDF                : disabled
20200918 182327.930 INFO             PET2 ESMF_PIO                    : enabled
20200918 182327.930 INFO             PET2 ESMF_YAMLCPP                : enabled
20200918 182327.930 INFO             PET2 ESMF_MOAB                   : enabled
20200918 182327.946 INFO             PET2  NUMBER_OF_PROCESSORS           4
20200918 182327.946 INFO             PET2  PASS  Example ESMF_ConfigOverviewEx, ESMF_ConfigOverviewEx.F90, line 415
20200918 182327.946 INFO             PET2 Finalizing ESMF
20200918 182327.930 INFO             PET3 !!!!!!!!!!!!!!!!!!!!!!!!!!!!!!!!!!!!!!!!!!!!!!!!!!!!!!
20200918 182327.930 INFO             PET3 !!! THE ESMF_LOG IS SET TO OUTPUT ALL LOG MESSAGES !!!
20200918 182327.930 INFO             PET3 !!!     THIS MAY CAUSE SLOWDOWN IN PERFORMANCE     !!!
20200918 182327.930 INFO             PET3 !!! FOR PRODUCTION RUNS, USE:                      !!!
20200918 182327.930 INFO             PET3 !!!                   ESMF_LOGKIND_Multi_On_Error  !!!
20200918 182327.930 INFO             PET3 !!!!!!!!!!!!!!!!!!!!!!!!!!!!!!!!!!!!!!!!!!!!!!!!!!!!!!
20200918 182327.931 INFO             PET3 Running with ESMF Version   : ESMF_8_1_0_beta_snapshot_28
20200918 182327.931 INFO             PET3 ESMF library build date/time: "Sep 18 2020" "17:25:33"
20200918 182327.931 INFO             PET3 ESMF library build location : /home1/07356/tg866552/himanshu/esmf
20200918 182327.931 INFO             PET3 ESMF_COMM                   : intelmpi
20200918 182327.935 INFO             PET3 ESMF_NETCDF                 : enabled
20200918 182327.935 INFO             PET3 ESMF_PNETCDF                : disabled
20200918 182327.935 INFO             PET3 ESMF_PIO                    : enabled
20200918 182327.935 INFO             PET3 ESMF_YAMLCPP                : enabled
20200918 182327.935 INFO             PET3 ESMF_MOAB                   : enabled
20200918 182327.945 INFO             PET3  NUMBER_OF_PROCESSORS           4
20200918 182327.945 INFO             PET3  PASS  Example ESMF_ConfigOverviewEx, ESMF_ConfigOverviewEx.F90, line 415
20200918 182327.945 INFO             PET3 Finalizing ESMF
