20200920 124146.840 INFO             PET0 !!!!!!!!!!!!!!!!!!!!!!!!!!!!!!!!!!!!!!!!!!!!!!!!!!!!!!
20200920 124146.840 INFO             PET0 !!! THE ESMF_LOG IS SET TO OUTPUT ALL LOG MESSAGES !!!
20200920 124146.840 INFO             PET0 !!!     THIS MAY CAUSE SLOWDOWN IN PERFORMANCE     !!!
20200920 124146.840 INFO             PET0 !!! FOR PRODUCTION RUNS, USE:                      !!!
20200920 124146.840 INFO             PET0 !!!                   ESMF_LOGKIND_Multi_On_Error  !!!
20200920 124146.841 INFO             PET0 !!!!!!!!!!!!!!!!!!!!!!!!!!!!!!!!!!!!!!!!!!!!!!!!!!!!!!
20200920 124146.841 INFO             PET0 Running with ESMF Version   : ESMF_8_1_0_beta_snapshot_28
20200920 124146.841 INFO             PET0 ESMF library build date/time: "Sep 20 2020" "11:37:49"
20200920 124146.841 INFO             PET0 ESMF library build location : /home1/07356/tg866552/himanshu/esmf
20200920 124146.841 INFO             PET0 ESMF_COMM                   : intelmpi
20200920 124146.846 INFO             PET0 ESMF_NETCDF                 : enabled
20200920 124146.846 INFO             PET0 ESMF_PNETCDF                : disabled
20200920 124146.846 INFO             PET0 ESMF_PIO                    : enabled
20200920 124146.846 INFO             PET0 ESMF_YAMLCPP                : enabled
20200920 124146.846 INFO             PET0 ESMF_MOAB                   : enabled
20200920 124146.866 INFO             PET0  NUMBER_OF_PROCESSORS           4
20200920 124146.866 INFO             PET0  PASS  Example ESMF_FieldCommEx, ESMF_FieldCommEx.F90, line 258
20200920 124146.867 INFO             PET0 Finalizing ESMF
20200920 124146.835 INFO             PET1 !!!!!!!!!!!!!!!!!!!!!!!!!!!!!!!!!!!!!!!!!!!!!!!!!!!!!!
20200920 124146.835 INFO             PET1 !!! THE ESMF_LOG IS SET TO OUTPUT ALL LOG MESSAGES !!!
20200920 124146.835 INFO             PET1 !!!     THIS MAY CAUSE SLOWDOWN IN PERFORMANCE     !!!
20200920 124146.835 INFO             PET1 !!! FOR PRODUCTION RUNS, USE:                      !!!
20200920 124146.835 INFO             PET1 !!!                   ESMF_LOGKIND_Multi_On_Error  !!!
20200920 124146.835 INFO             PET1 !!!!!!!!!!!!!!!!!!!!!!!!!!!!!!!!!!!!!!!!!!!!!!!!!!!!!!
20200920 124146.835 INFO             PET1 Running with ESMF Version   : ESMF_8_1_0_beta_snapshot_28
20200920 124146.836 INFO             PET1 ESMF library build date/time: "Sep 20 2020" "11:37:49"
20200920 124146.836 INFO             PET1 ESMF library build location : /home1/07356/tg866552/himanshu/esmf
20200920 124146.836 INFO             PET1 ESMF_COMM                   : intelmpi
20200920 124146.840 INFO             PET1 ESMF_NETCDF                 : enabled
20200920 124146.840 INFO             PET1 ESMF_PNETCDF                : disabled
20200920 124146.840 INFO             PET1 ESMF_PIO                    : enabled
20200920 124146.840 INFO             PET1 ESMF_YAMLCPP                : enabled
20200920 124146.840 INFO             PET1 ESMF_MOAB                   : enabled
20200920 124146.866 INFO             PET1  NUMBER_OF_PROCESSORS           4
20200920 124146.866 INFO             PET1  PASS  Example ESMF_FieldCommEx, ESMF_FieldCommEx.F90, line 258
20200920 124146.866 INFO             PET1 Finalizing ESMF
20200920 124146.842 INFO             PET2 !!!!!!!!!!!!!!!!!!!!!!!!!!!!!!!!!!!!!!!!!!!!!!!!!!!!!!
20200920 124146.842 INFO             PET2 !!! THE ESMF_LOG IS SET TO OUTPUT ALL LOG MESSAGES !!!
20200920 124146.842 INFO             PET2 !!!     THIS MAY CAUSE SLOWDOWN IN PERFORMANCE     !!!
20200920 124146.842 INFO             PET2 !!! FOR PRODUCTION RUNS, USE:                      !!!
20200920 124146.842 INFO             PET2 !!!                   ESMF_LOGKIND_Multi_On_Error  !!!
20200920 124146.842 INFO             PET2 !!!!!!!!!!!!!!!!!!!!!!!!!!!!!!!!!!!!!!!!!!!!!!!!!!!!!!
20200920 124146.842 INFO             PET2 Running with ESMF Version   : ESMF_8_1_0_beta_snapshot_28
20200920 124146.843 INFO             PET2 ESMF library build date/time: "Sep 20 2020" "11:37:49"
20200920 124146.843 INFO             PET2 ESMF library build location : /home1/07356/tg866552/himanshu/esmf
20200920 124146.843 INFO             PET2 ESMF_COMM                   : intelmpi
20200920 124146.848 INFO             PET2 ESMF_NETCDF                 : enabled
20200920 124146.848 INFO             PET2 ESMF_PNETCDF                : disabled
20200920 124146.848 INFO             PET2 ESMF_PIO                    : enabled
20200920 124146.848 INFO             PET2 ESMF_YAMLCPP                : enabled
20200920 124146.848 INFO             PET2 ESMF_MOAB                   : enabled
20200920 124146.866 INFO             PET2  NUMBER_OF_PROCESSORS           4
20200920 124146.866 INFO             PET2  PASS  Example ESMF_FieldCommEx, ESMF_FieldCommEx.F90, line 258
20200920 124146.866 INFO             PET2 Finalizing ESMF
20200920 124146.838 INFO             PET3 !!!!!!!!!!!!!!!!!!!!!!!!!!!!!!!!!!!!!!!!!!!!!!!!!!!!!!
20200920 124146.839 INFO             PET3 !!! THE ESMF_LOG IS SET TO OUTPUT ALL LOG MESSAGES !!!
20200920 124146.839 INFO             PET3 !!!     THIS MAY CAUSE SLOWDOWN IN PERFORMANCE     !!!
20200920 124146.839 INFO             PET3 !!! FOR PRODUCTION RUNS, USE:                      !!!
20200920 124146.839 INFO             PET3 !!!                   ESMF_LOGKIND_Multi_On_Error  !!!
20200920 124146.839 INFO             PET3 !!!!!!!!!!!!!!!!!!!!!!!!!!!!!!!!!!!!!!!!!!!!!!!!!!!!!!
20200920 124146.839 INFO             PET3 Running with ESMF Version   : ESMF_8_1_0_beta_snapshot_28
20200920 124146.839 INFO             PET3 ESMF library build date/time: "Sep 20 2020" "11:37:49"
20200920 124146.839 INFO             PET3 ESMF library build location : /home1/07356/tg866552/himanshu/esmf
20200920 124146.839 INFO             PET3 ESMF_COMM                   : intelmpi
20200920 124146.844 INFO             PET3 ESMF_NETCDF                 : enabled
20200920 124146.844 INFO             PET3 ESMF_PNETCDF                : disabled
20200920 124146.844 INFO             PET3 ESMF_PIO                    : enabled
20200920 124146.844 INFO             PET3 ESMF_YAMLCPP                : enabled
20200920 124146.844 INFO             PET3 ESMF_MOAB                   : enabled
20200920 124146.866 INFO             PET3  NUMBER_OF_PROCESSORS           4
20200920 124146.866 INFO             PET3  PASS  Example ESMF_FieldCommEx, ESMF_FieldCommEx.F90, line 258
20200920 124146.866 INFO             PET3 Finalizing ESMF
