20200915 131923.516 INFO             PET0 !!!!!!!!!!!!!!!!!!!!!!!!!!!!!!!!!!!!!!!!!!!!!!!!!!!!!!
20200915 131923.516 INFO             PET0 !!! THE ESMF_LOG IS SET TO OUTPUT ALL LOG MESSAGES !!!
20200915 131923.516 INFO             PET0 !!!     THIS MAY CAUSE SLOWDOWN IN PERFORMANCE     !!!
20200915 131923.516 INFO             PET0 !!! FOR PRODUCTION RUNS, USE:                      !!!
20200915 131923.516 INFO             PET0 !!!                   ESMF_LOGKIND_Multi_On_Error  !!!
20200915 131923.516 INFO             PET0 !!!!!!!!!!!!!!!!!!!!!!!!!!!!!!!!!!!!!!!!!!!!!!!!!!!!!!
20200915 131923.516 INFO             PET0 Running with ESMF Version   : ESMF_8_1_0_beta_snapshot_27-65-g4e5dabbf11
20200915 131923.516 INFO             PET0 ESMF library build date/time: "Sep 15 2020" "12:21:28"
20200915 131923.516 INFO             PET0 ESMF library build location : /home1/07356/tg866552/himanshu/esmf
20200915 131923.516 INFO             PET0 ESMF_COMM                   : intelmpi
20200915 131923.521 INFO             PET0 ESMF_NETCDF                 : enabled
20200915 131923.521 INFO             PET0 ESMF_PNETCDF                : disabled
20200915 131923.521 INFO             PET0 ESMF_PIO                    : enabled
20200915 131923.521 INFO             PET0 ESMF_YAMLCPP                : enabled
20200915 131923.521 INFO             PET0 ESMF_MOAB                   : enabled
20200915 131923.522 INFO             PET0 Log Write 2
20200915 131923.522 ERROR            PET0 Invalid object  - Convergence failure
20200915 131923.523 ERROR            PET0 ESMCI_Fraction.C:1444 ESMCI::Fraction::validate() must have non-zero denominator.
20200915 131923.523 ERROR            PET0 ESMCI_Time.C:838 ESMCI::Time::syncToRealTime() Wrong argument specified  - ; calkindflag is JULIANDAY, MODJULIANDAY or NOCALENDAR.
20200915 131923.523 ERROR            PET0 ESMF_Time.F90:1425 ESMF_TimeSyncToRealTime() Wrong argument specified  - Internal subroutine call returned Error
20200915 131923.523 ERROR            PET0 Wrong argument specified  - getting wall clock time
20200915 131923.532 INFO             PET0  NUMBER_OF_PROCESSORS           4
20200915 131923.532 INFO             PET0  PASS  Example ESMF_LogErrEx, ESMF_LogErrEx.F90, line 186
20200915 131923.533 INFO             PET0 Finalizing ESMF
20200915 131923.514 INFO             PET1 !!!!!!!!!!!!!!!!!!!!!!!!!!!!!!!!!!!!!!!!!!!!!!!!!!!!!!
20200915 131923.515 INFO             PET1 !!! THE ESMF_LOG IS SET TO OUTPUT ALL LOG MESSAGES !!!
20200915 131923.515 INFO             PET1 !!!     THIS MAY CAUSE SLOWDOWN IN PERFORMANCE     !!!
20200915 131923.515 INFO             PET1 !!! FOR PRODUCTION RUNS, USE:                      !!!
20200915 131923.515 INFO             PET1 !!!                   ESMF_LOGKIND_Multi_On_Error  !!!
20200915 131923.515 INFO             PET1 !!!!!!!!!!!!!!!!!!!!!!!!!!!!!!!!!!!!!!!!!!!!!!!!!!!!!!
20200915 131923.515 INFO             PET1 Running with ESMF Version   : ESMF_8_1_0_beta_snapshot_27-65-g4e5dabbf11
20200915 131923.515 INFO             PET1 ESMF library build date/time: "Sep 15 2020" "12:21:28"
20200915 131923.515 INFO             PET1 ESMF library build location : /home1/07356/tg866552/himanshu/esmf
20200915 131923.515 INFO             PET1 ESMF_COMM                   : intelmpi
20200915 131923.520 INFO             PET1 ESMF_NETCDF                 : enabled
20200915 131923.520 INFO             PET1 ESMF_PNETCDF                : disabled
20200915 131923.520 INFO             PET1 ESMF_PIO                    : enabled
20200915 131923.520 INFO             PET1 ESMF_YAMLCPP                : enabled
20200915 131923.520 INFO             PET1 ESMF_MOAB                   : enabled
20200915 131923.522 INFO             PET1 Log Write 2
20200915 131923.522 ERROR            PET1 Invalid object  - Convergence failure
20200915 131923.523 ERROR            PET1 ESMCI_Fraction.C:1444 ESMCI::Fraction::validate() must have non-zero denominator.
20200915 131923.523 ERROR            PET1 ESMCI_Time.C:838 ESMCI::Time::syncToRealTime() Wrong argument specified  - ; calkindflag is JULIANDAY, MODJULIANDAY or NOCALENDAR.
20200915 131923.523 ERROR            PET1 ESMF_Time.F90:1425 ESMF_TimeSyncToRealTime() Wrong argument specified  - Internal subroutine call returned Error
20200915 131923.523 ERROR            PET1 Wrong argument specified  - getting wall clock time
20200915 131923.533 INFO             PET1  NUMBER_OF_PROCESSORS           4
20200915 131923.533 INFO             PET1  PASS  Example ESMF_LogErrEx, ESMF_LogErrEx.F90, line 186
20200915 131923.533 INFO             PET1 Finalizing ESMF
20200915 131923.509 INFO             PET2 !!!!!!!!!!!!!!!!!!!!!!!!!!!!!!!!!!!!!!!!!!!!!!!!!!!!!!
20200915 131923.509 INFO             PET2 !!! THE ESMF_LOG IS SET TO OUTPUT ALL LOG MESSAGES !!!
20200915 131923.509 INFO             PET2 !!!     THIS MAY CAUSE SLOWDOWN IN PERFORMANCE     !!!
20200915 131923.510 INFO             PET2 !!! FOR PRODUCTION RUNS, USE:                      !!!
20200915 131923.510 INFO             PET2 !!!                   ESMF_LOGKIND_Multi_On_Error  !!!
20200915 131923.510 INFO             PET2 !!!!!!!!!!!!!!!!!!!!!!!!!!!!!!!!!!!!!!!!!!!!!!!!!!!!!!
20200915 131923.510 INFO             PET2 Running with ESMF Version   : ESMF_8_1_0_beta_snapshot_27-65-g4e5dabbf11
20200915 131923.510 INFO             PET2 ESMF library build date/time: "Sep 15 2020" "12:21:28"
20200915 131923.510 INFO             PET2 ESMF library build location : /home1/07356/tg866552/himanshu/esmf
20200915 131923.510 INFO             PET2 ESMF_COMM                   : intelmpi
20200915 131923.514 INFO             PET2 ESMF_NETCDF                 : enabled
20200915 131923.515 INFO             PET2 ESMF_PNETCDF                : disabled
20200915 131923.515 INFO             PET2 ESMF_PIO                    : enabled
20200915 131923.515 INFO             PET2 ESMF_YAMLCPP                : enabled
20200915 131923.515 INFO             PET2 ESMF_MOAB                   : enabled
20200915 131923.522 INFO             PET2 Log Write 2
20200915 131923.522 ERROR            PET2 Invalid object  - Convergence failure
20200915 131923.523 ERROR            PET2 ESMCI_Fraction.C:1444 ESMCI::Fraction::validate() must have non-zero denominator.
20200915 131923.523 ERROR            PET2 ESMCI_Time.C:838 ESMCI::Time::syncToRealTime() Wrong argument specified  - ; calkindflag is JULIANDAY, MODJULIANDAY or NOCALENDAR.
20200915 131923.523 ERROR            PET2 ESMF_Time.F90:1425 ESMF_TimeSyncToRealTime() Wrong argument specified  - Internal subroutine call returned Error
20200915 131923.523 ERROR            PET2 Wrong argument specified  - getting wall clock time
20200915 131923.530 INFO             PET2  NUMBER_OF_PROCESSORS           4
20200915 131923.531 INFO             PET2  PASS  Example ESMF_LogErrEx, ESMF_LogErrEx.F90, line 186
20200915 131923.531 INFO             PET2 Finalizing ESMF
20200915 131923.513 INFO             PET3 !!!!!!!!!!!!!!!!!!!!!!!!!!!!!!!!!!!!!!!!!!!!!!!!!!!!!!
20200915 131923.513 INFO             PET3 !!! THE ESMF_LOG IS SET TO OUTPUT ALL LOG MESSAGES !!!
20200915 131923.514 INFO             PET3 !!!     THIS MAY CAUSE SLOWDOWN IN PERFORMANCE     !!!
20200915 131923.514 INFO             PET3 !!! FOR PRODUCTION RUNS, USE:                      !!!
20200915 131923.514 INFO             PET3 !!!                   ESMF_LOGKIND_Multi_On_Error  !!!
20200915 131923.514 INFO             PET3 !!!!!!!!!!!!!!!!!!!!!!!!!!!!!!!!!!!!!!!!!!!!!!!!!!!!!!
20200915 131923.514 INFO             PET3 Running with ESMF Version   : ESMF_8_1_0_beta_snapshot_27-65-g4e5dabbf11
20200915 131923.514 INFO             PET3 ESMF library build date/time: "Sep 15 2020" "12:21:28"
20200915 131923.514 INFO             PET3 ESMF library build location : /home1/07356/tg866552/himanshu/esmf
20200915 131923.514 INFO             PET3 ESMF_COMM                   : intelmpi
20200915 131923.519 INFO             PET3 ESMF_NETCDF                 : enabled
20200915 131923.519 INFO             PET3 ESMF_PNETCDF                : disabled
20200915 131923.519 INFO             PET3 ESMF_PIO                    : enabled
20200915 131923.519 INFO             PET3 ESMF_YAMLCPP                : enabled
20200915 131923.519 INFO             PET3 ESMF_MOAB                   : enabled
20200915 131923.522 INFO             PET3 Log Write 2
20200915 131923.522 ERROR            PET3 Invalid object  - Convergence failure
20200915 131923.523 ERROR            PET3 ESMCI_Fraction.C:1444 ESMCI::Fraction::validate() must have non-zero denominator.
20200915 131923.523 ERROR            PET3 ESMCI_Time.C:838 ESMCI::Time::syncToRealTime() Wrong argument specified  - ; calkindflag is JULIANDAY, MODJULIANDAY or NOCALENDAR.
20200915 131923.523 ERROR            PET3 ESMF_Time.F90:1425 ESMF_TimeSyncToRealTime() Wrong argument specified  - Internal subroutine call returned Error
20200915 131923.523 ERROR            PET3 Wrong argument specified  - getting wall clock time
20200915 131923.532 INFO             PET3  NUMBER_OF_PROCESSORS           4
20200915 131923.532 INFO             PET3  PASS  Example ESMF_LogErrEx, ESMF_LogErrEx.F90, line 186
20200915 131923.532 INFO             PET3 Finalizing ESMF
