20200912 191355.377 INFO             PET0 !!!!!!!!!!!!!!!!!!!!!!!!!!!!!!!!!!!!!!!!!!!!!!!!!!!!!!
20200912 191355.377 INFO             PET0 !!! THE ESMF_LOG IS SET TO OUTPUT ALL LOG MESSAGES !!!
20200912 191355.377 INFO             PET0 !!!     THIS MAY CAUSE SLOWDOWN IN PERFORMANCE     !!!
20200912 191355.377 INFO             PET0 !!! FOR PRODUCTION RUNS, USE:                      !!!
20200912 191355.377 INFO             PET0 !!!                   ESMF_LOGKIND_Multi_On_Error  !!!
20200912 191355.377 INFO             PET0 !!!!!!!!!!!!!!!!!!!!!!!!!!!!!!!!!!!!!!!!!!!!!!!!!!!!!!
20200912 191355.377 INFO             PET0 Running with ESMF Version   : ESMF_8_1_0_beta_snapshot_27-63-g072423fd9f
20200912 191355.377 INFO             PET0 ESMF library build date/time: "Sep 12 2020" "18:13:19"
20200912 191355.377 INFO             PET0 ESMF library build location : /home1/07356/tg866552/himanshu/esmf
20200912 191355.377 INFO             PET0 ESMF_COMM                   : intelmpi
20200912 191355.381 INFO             PET0 ESMF_NETCDF                 : enabled
20200912 191355.381 INFO             PET0 ESMF_PNETCDF                : disabled
20200912 191355.381 INFO             PET0 ESMF_PIO                    : enabled
20200912 191355.381 INFO             PET0 ESMF_YAMLCPP                : enabled
20200912 191355.382 INFO             PET0 ESMF_MOAB                   : enabled
20200912 191355.867 INFO             PET0  NUMBER_OF_PROCESSORS           4
20200912 191355.867 INFO             PET0  PASS  Example ESMF_RHandleReusabilityEx, ESMF_RHandleReusabilityEx.F90, line 582
20200912 191355.867 INFO             PET0 Finalizing ESMF
20200912 191355.376 INFO             PET1 !!!!!!!!!!!!!!!!!!!!!!!!!!!!!!!!!!!!!!!!!!!!!!!!!!!!!!
20200912 191355.376 INFO             PET1 !!! THE ESMF_LOG IS SET TO OUTPUT ALL LOG MESSAGES !!!
20200912 191355.376 INFO             PET1 !!!     THIS MAY CAUSE SLOWDOWN IN PERFORMANCE     !!!
20200912 191355.376 INFO             PET1 !!! FOR PRODUCTION RUNS, USE:                      !!!
20200912 191355.376 INFO             PET1 !!!                   ESMF_LOGKIND_Multi_On_Error  !!!
20200912 191355.376 INFO             PET1 !!!!!!!!!!!!!!!!!!!!!!!!!!!!!!!!!!!!!!!!!!!!!!!!!!!!!!
20200912 191355.376 INFO             PET1 Running with ESMF Version   : ESMF_8_1_0_beta_snapshot_27-63-g072423fd9f
20200912 191355.376 INFO             PET1 ESMF library build date/time: "Sep 12 2020" "18:13:19"
20200912 191355.377 INFO             PET1 ESMF library build location : /home1/07356/tg866552/himanshu/esmf
20200912 191355.377 INFO             PET1 ESMF_COMM                   : intelmpi
20200912 191355.380 INFO             PET1 ESMF_NETCDF                 : enabled
20200912 191355.380 INFO             PET1 ESMF_PNETCDF                : disabled
20200912 191355.380 INFO             PET1 ESMF_PIO                    : enabled
20200912 191355.380 INFO             PET1 ESMF_YAMLCPP                : enabled
20200912 191355.381 INFO             PET1 ESMF_MOAB                   : enabled
20200912 191355.867 INFO             PET1  NUMBER_OF_PROCESSORS           4
20200912 191355.867 INFO             PET1  PASS  Example ESMF_RHandleReusabilityEx, ESMF_RHandleReusabilityEx.F90, line 582
20200912 191355.867 INFO             PET1 Finalizing ESMF
20200912 191355.374 INFO             PET2 !!!!!!!!!!!!!!!!!!!!!!!!!!!!!!!!!!!!!!!!!!!!!!!!!!!!!!
20200912 191355.374 INFO             PET2 !!! THE ESMF_LOG IS SET TO OUTPUT ALL LOG MESSAGES !!!
20200912 191355.374 INFO             PET2 !!!     THIS MAY CAUSE SLOWDOWN IN PERFORMANCE     !!!
20200912 191355.374 INFO             PET2 !!! FOR PRODUCTION RUNS, USE:                      !!!
20200912 191355.374 INFO             PET2 !!!                   ESMF_LOGKIND_Multi_On_Error  !!!
20200912 191355.374 INFO             PET2 !!!!!!!!!!!!!!!!!!!!!!!!!!!!!!!!!!!!!!!!!!!!!!!!!!!!!!
20200912 191355.374 INFO             PET2 Running with ESMF Version   : ESMF_8_1_0_beta_snapshot_27-63-g072423fd9f
20200912 191355.374 INFO             PET2 ESMF library build date/time: "Sep 12 2020" "18:13:19"
20200912 191355.374 INFO             PET2 ESMF library build location : /home1/07356/tg866552/himanshu/esmf
20200912 191355.374 INFO             PET2 ESMF_COMM                   : intelmpi
20200912 191355.379 INFO             PET2 ESMF_NETCDF                 : enabled
20200912 191355.379 INFO             PET2 ESMF_PNETCDF                : disabled
20200912 191355.379 INFO             PET2 ESMF_PIO                    : enabled
20200912 191355.379 INFO             PET2 ESMF_YAMLCPP                : enabled
20200912 191355.379 INFO             PET2 ESMF_MOAB                   : enabled
20200912 191355.867 INFO             PET2  NUMBER_OF_PROCESSORS           4
20200912 191355.867 INFO             PET2  PASS  Example ESMF_RHandleReusabilityEx, ESMF_RHandleReusabilityEx.F90, line 582
20200912 191355.867 INFO             PET2 Finalizing ESMF
20200912 191355.371 INFO             PET3 !!!!!!!!!!!!!!!!!!!!!!!!!!!!!!!!!!!!!!!!!!!!!!!!!!!!!!
20200912 191355.371 INFO             PET3 !!! THE ESMF_LOG IS SET TO OUTPUT ALL LOG MESSAGES !!!
20200912 191355.372 INFO             PET3 !!!     THIS MAY CAUSE SLOWDOWN IN PERFORMANCE     !!!
20200912 191355.372 INFO             PET3 !!! FOR PRODUCTION RUNS, USE:                      !!!
20200912 191355.372 INFO             PET3 !!!                   ESMF_LOGKIND_Multi_On_Error  !!!
20200912 191355.372 INFO             PET3 !!!!!!!!!!!!!!!!!!!!!!!!!!!!!!!!!!!!!!!!!!!!!!!!!!!!!!
20200912 191355.372 INFO             PET3 Running with ESMF Version   : ESMF_8_1_0_beta_snapshot_27-63-g072423fd9f
20200912 191355.372 INFO             PET3 ESMF library build date/time: "Sep 12 2020" "18:13:19"
20200912 191355.372 INFO             PET3 ESMF library build location : /home1/07356/tg866552/himanshu/esmf
20200912 191355.372 INFO             PET3 ESMF_COMM                   : intelmpi
20200912 191355.376 INFO             PET3 ESMF_NETCDF                 : enabled
20200912 191355.376 INFO             PET3 ESMF_PNETCDF                : disabled
20200912 191355.376 INFO             PET3 ESMF_PIO                    : enabled
20200912 191355.376 INFO             PET3 ESMF_YAMLCPP                : enabled
20200912 191355.376 INFO             PET3 ESMF_MOAB                   : enabled
20200912 191355.867 INFO             PET3  NUMBER_OF_PROCESSORS           4
20200912 191355.867 INFO             PET3  PASS  Example ESMF_RHandleReusabilityEx, ESMF_RHandleReusabilityEx.F90, line 582
20200912 191355.867 INFO             PET3 Finalizing ESMF
