20200819 141056.938 INFO             PET0 !!!!!!!!!!!!!!!!!!!!!!!!!!!!!!!!!!!!!!!!!!!!!!!!!!!!!!
20200819 141056.938 INFO             PET0 !!! THE ESMF_LOG IS SET TO OUTPUT ALL LOG MESSAGES !!!
20200819 141056.938 INFO             PET0 !!!     THIS MAY CAUSE SLOWDOWN IN PERFORMANCE     !!!
20200819 141056.938 INFO             PET0 !!! FOR PRODUCTION RUNS, USE:                      !!!
20200819 141056.938 INFO             PET0 !!!                   ESMF_LOGKIND_Multi_On_Error  !!!
20200819 141056.938 INFO             PET0 !!!!!!!!!!!!!!!!!!!!!!!!!!!!!!!!!!!!!!!!!!!!!!!!!!!!!!
20200819 141056.938 INFO             PET0 Running with ESMF Version   : ESMF_8_1_0_beta_snapshot_26-15-g928c3b319f
20200819 141056.938 INFO             PET0 ESMF library build date/time: "Aug 19 2020" "13:12:13"
20200819 141056.938 INFO             PET0 ESMF library build location : /home1/07356/tg866552/himanshu/esmf
20200819 141056.938 INFO             PET0 ESMF_COMM                   : intelmpi
20200819 141056.943 INFO             PET0 ESMF_NETCDF                 : enabled
20200819 141056.943 INFO             PET0 ESMF_PNETCDF                : disabled
20200819 141056.943 INFO             PET0 ESMF_PIO                    : enabled
20200819 141056.943 INFO             PET0 ESMF_YAMLCPP                : enabled
20200819 141056.943 INFO             PET0 ESMF_MOAB                   : enabled
20200819 141056.950 INFO             PET0  NUMBER_OF_PROCESSORS           4
20200819 141056.950 INFO             PET0  PASS  Example ESMF_VMComponentEx, ESMF_VMComponentEx.F90, line 197
20200819 141056.950 INFO             PET0 Finalizing ESMF
20200819 141056.931 INFO             PET1 !!!!!!!!!!!!!!!!!!!!!!!!!!!!!!!!!!!!!!!!!!!!!!!!!!!!!!
20200819 141056.931 INFO             PET1 !!! THE ESMF_LOG IS SET TO OUTPUT ALL LOG MESSAGES !!!
20200819 141056.931 INFO             PET1 !!!     THIS MAY CAUSE SLOWDOWN IN PERFORMANCE     !!!
20200819 141056.932 INFO             PET1 !!! FOR PRODUCTION RUNS, USE:                      !!!
20200819 141056.932 INFO             PET1 !!!                   ESMF_LOGKIND_Multi_On_Error  !!!
20200819 141056.932 INFO             PET1 !!!!!!!!!!!!!!!!!!!!!!!!!!!!!!!!!!!!!!!!!!!!!!!!!!!!!!
20200819 141056.932 INFO             PET1 Running with ESMF Version   : ESMF_8_1_0_beta_snapshot_26-15-g928c3b319f
20200819 141056.932 INFO             PET1 ESMF library build date/time: "Aug 19 2020" "13:12:13"
20200819 141056.932 INFO             PET1 ESMF library build location : /home1/07356/tg866552/himanshu/esmf
20200819 141056.932 INFO             PET1 ESMF_COMM                   : intelmpi
20200819 141056.937 INFO             PET1 ESMF_NETCDF                 : enabled
20200819 141056.937 INFO             PET1 ESMF_PNETCDF                : disabled
20200819 141056.937 INFO             PET1 ESMF_PIO                    : enabled
20200819 141056.937 INFO             PET1 ESMF_YAMLCPP                : enabled
20200819 141056.937 INFO             PET1 ESMF_MOAB                   : enabled
20200819 141056.948 INFO             PET1  NUMBER_OF_PROCESSORS           4
20200819 141056.949 INFO             PET1  PASS  Example ESMF_VMComponentEx, ESMF_VMComponentEx.F90, line 197
20200819 141056.949 INFO             PET1 Finalizing ESMF
20200819 141056.939 INFO             PET2 !!!!!!!!!!!!!!!!!!!!!!!!!!!!!!!!!!!!!!!!!!!!!!!!!!!!!!
20200819 141056.940 INFO             PET2 !!! THE ESMF_LOG IS SET TO OUTPUT ALL LOG MESSAGES !!!
20200819 141056.940 INFO             PET2 !!!     THIS MAY CAUSE SLOWDOWN IN PERFORMANCE     !!!
20200819 141056.940 INFO             PET2 !!! FOR PRODUCTION RUNS, USE:                      !!!
20200819 141056.940 INFO             PET2 !!!                   ESMF_LOGKIND_Multi_On_Error  !!!
20200819 141056.940 INFO             PET2 !!!!!!!!!!!!!!!!!!!!!!!!!!!!!!!!!!!!!!!!!!!!!!!!!!!!!!
20200819 141056.940 INFO             PET2 Running with ESMF Version   : ESMF_8_1_0_beta_snapshot_26-15-g928c3b319f
20200819 141056.940 INFO             PET2 ESMF library build date/time: "Aug 19 2020" "13:12:13"
20200819 141056.940 INFO             PET2 ESMF library build location : /home1/07356/tg866552/himanshu/esmf
20200819 141056.940 INFO             PET2 ESMF_COMM                   : intelmpi
20200819 141056.945 INFO             PET2 ESMF_NETCDF                 : enabled
20200819 141056.945 INFO             PET2 ESMF_PNETCDF                : disabled
20200819 141056.945 INFO             PET2 ESMF_PIO                    : enabled
20200819 141056.945 INFO             PET2 ESMF_YAMLCPP                : enabled
20200819 141056.945 INFO             PET2 ESMF_MOAB                   : enabled
20200819 141056.948 INFO             PET2  NUMBER_OF_PROCESSORS           4
20200819 141056.949 INFO             PET2  PASS  Example ESMF_VMComponentEx, ESMF_VMComponentEx.F90, line 197
20200819 141056.949 INFO             PET2 Finalizing ESMF
20200819 141056.934 INFO             PET3 !!!!!!!!!!!!!!!!!!!!!!!!!!!!!!!!!!!!!!!!!!!!!!!!!!!!!!
20200819 141056.935 INFO             PET3 !!! THE ESMF_LOG IS SET TO OUTPUT ALL LOG MESSAGES !!!
20200819 141056.935 INFO             PET3 !!!     THIS MAY CAUSE SLOWDOWN IN PERFORMANCE     !!!
20200819 141056.935 INFO             PET3 !!! FOR PRODUCTION RUNS, USE:                      !!!
20200819 141056.935 INFO             PET3 !!!                   ESMF_LOGKIND_Multi_On_Error  !!!
20200819 141056.935 INFO             PET3 !!!!!!!!!!!!!!!!!!!!!!!!!!!!!!!!!!!!!!!!!!!!!!!!!!!!!!
20200819 141056.935 INFO             PET3 Running with ESMF Version   : ESMF_8_1_0_beta_snapshot_26-15-g928c3b319f
20200819 141056.935 INFO             PET3 ESMF library build date/time: "Aug 19 2020" "13:12:13"
20200819 141056.935 INFO             PET3 ESMF library build location : /home1/07356/tg866552/himanshu/esmf
20200819 141056.935 INFO             PET3 ESMF_COMM                   : intelmpi
20200819 141056.940 INFO             PET3 ESMF_NETCDF                 : enabled
20200819 141056.940 INFO             PET3 ESMF_PNETCDF                : disabled
20200819 141056.940 INFO             PET3 ESMF_PIO                    : enabled
20200819 141056.940 INFO             PET3 ESMF_YAMLCPP                : enabled
20200819 141056.940 INFO             PET3 ESMF_MOAB                   : enabled
20200819 141056.948 INFO             PET3  NUMBER_OF_PROCESSORS           4
20200819 141056.949 INFO             PET3  PASS  Example ESMF_VMComponentEx, ESMF_VMComponentEx.F90, line 197
20200819 141056.949 INFO             PET3 Finalizing ESMF
