20200913 142222.184 INFO             PET0 !!!!!!!!!!!!!!!!!!!!!!!!!!!!!!!!!!!!!!!!!!!!!!!!!!!!!!
20200913 142222.184 INFO             PET0 !!! THE ESMF_LOG IS SET TO OUTPUT ALL LOG MESSAGES !!!
20200913 142222.184 INFO             PET0 !!!     THIS MAY CAUSE SLOWDOWN IN PERFORMANCE     !!!
20200913 142222.184 INFO             PET0 !!! FOR PRODUCTION RUNS, USE:                      !!!
20200913 142222.184 INFO             PET0 !!!                   ESMF_LOGKIND_Multi_On_Error  !!!
20200913 142222.184 INFO             PET0 !!!!!!!!!!!!!!!!!!!!!!!!!!!!!!!!!!!!!!!!!!!!!!!!!!!!!!
20200913 142222.184 INFO             PET0 Running with ESMF Version   : ESMF_8_1_0_beta_snapshot_27-63-g072423fd9f
20200913 142222.184 INFO             PET0 ESMF library build date/time: "Sep 13 2020" "13:14:28"
20200913 142222.184 INFO             PET0 ESMF library build location : /home1/07356/tg866552/himanshu/esmf
20200913 142222.184 INFO             PET0 ESMF_COMM                   : intelmpi
20200913 142222.188 INFO             PET0 ESMF_NETCDF                 : enabled
20200913 142222.188 INFO             PET0 ESMF_PNETCDF                : disabled
20200913 142222.188 INFO             PET0 ESMF_PIO                    : enabled
20200913 142222.188 INFO             PET0 ESMF_YAMLCPP                : enabled
20200913 142222.188 INFO             PET0 ESMF_MOAB                   : enabled
20200913 142226.201 INFO             PET0  NUMBER_OF_PROCESSORS           4
20200913 142226.201 INFO             PET0  PASS  Example ESMF_FieldBundleHaloEx, ESMF_FieldBundleHaloEx.F90, line 319
20200913 142226.201 INFO             PET0 Finalizing ESMF
20200913 142222.181 INFO             PET1 !!!!!!!!!!!!!!!!!!!!!!!!!!!!!!!!!!!!!!!!!!!!!!!!!!!!!!
20200913 142222.182 INFO             PET1 !!! THE ESMF_LOG IS SET TO OUTPUT ALL LOG MESSAGES !!!
20200913 142222.182 INFO             PET1 !!!     THIS MAY CAUSE SLOWDOWN IN PERFORMANCE     !!!
20200913 142222.182 INFO             PET1 !!! FOR PRODUCTION RUNS, USE:                      !!!
20200913 142222.182 INFO             PET1 !!!                   ESMF_LOGKIND_Multi_On_Error  !!!
20200913 142222.182 INFO             PET1 !!!!!!!!!!!!!!!!!!!!!!!!!!!!!!!!!!!!!!!!!!!!!!!!!!!!!!
20200913 142222.182 INFO             PET1 Running with ESMF Version   : ESMF_8_1_0_beta_snapshot_27-63-g072423fd9f
20200913 142222.182 INFO             PET1 ESMF library build date/time: "Sep 13 2020" "13:14:28"
20200913 142222.182 INFO             PET1 ESMF library build location : /home1/07356/tg866552/himanshu/esmf
20200913 142222.182 INFO             PET1 ESMF_COMM                   : intelmpi
20200913 142222.186 INFO             PET1 ESMF_NETCDF                 : enabled
20200913 142222.186 INFO             PET1 ESMF_PNETCDF                : disabled
20200913 142222.186 INFO             PET1 ESMF_PIO                    : enabled
20200913 142222.186 INFO             PET1 ESMF_YAMLCPP                : enabled
20200913 142222.186 INFO             PET1 ESMF_MOAB                   : enabled
20200913 142226.201 INFO             PET1  NUMBER_OF_PROCESSORS           4
20200913 142226.201 INFO             PET1  PASS  Example ESMF_FieldBundleHaloEx, ESMF_FieldBundleHaloEx.F90, line 319
20200913 142226.201 INFO             PET1 Finalizing ESMF
20200913 142222.183 INFO             PET2 !!!!!!!!!!!!!!!!!!!!!!!!!!!!!!!!!!!!!!!!!!!!!!!!!!!!!!
20200913 142222.183 INFO             PET2 !!! THE ESMF_LOG IS SET TO OUTPUT ALL LOG MESSAGES !!!
20200913 142222.183 INFO             PET2 !!!     THIS MAY CAUSE SLOWDOWN IN PERFORMANCE     !!!
20200913 142222.183 INFO             PET2 !!! FOR PRODUCTION RUNS, USE:                      !!!
20200913 142222.183 INFO             PET2 !!!                   ESMF_LOGKIND_Multi_On_Error  !!!
20200913 142222.183 INFO             PET2 !!!!!!!!!!!!!!!!!!!!!!!!!!!!!!!!!!!!!!!!!!!!!!!!!!!!!!
20200913 142222.183 INFO             PET2 Running with ESMF Version   : ESMF_8_1_0_beta_snapshot_27-63-g072423fd9f
20200913 142222.184 INFO             PET2 ESMF library build date/time: "Sep 13 2020" "13:14:28"
20200913 142222.184 INFO             PET2 ESMF library build location : /home1/07356/tg866552/himanshu/esmf
20200913 142222.184 INFO             PET2 ESMF_COMM                   : intelmpi
20200913 142222.187 INFO             PET2 ESMF_NETCDF                 : enabled
20200913 142222.187 INFO             PET2 ESMF_PNETCDF                : disabled
20200913 142222.187 INFO             PET2 ESMF_PIO                    : enabled
20200913 142222.187 INFO             PET2 ESMF_YAMLCPP                : enabled
20200913 142222.187 INFO             PET2 ESMF_MOAB                   : enabled
20200913 142226.201 INFO             PET2  NUMBER_OF_PROCESSORS           4
20200913 142226.201 INFO             PET2  PASS  Example ESMF_FieldBundleHaloEx, ESMF_FieldBundleHaloEx.F90, line 319
20200913 142226.201 INFO             PET2 Finalizing ESMF
20200913 142222.181 INFO             PET3 !!!!!!!!!!!!!!!!!!!!!!!!!!!!!!!!!!!!!!!!!!!!!!!!!!!!!!
20200913 142222.181 INFO             PET3 !!! THE ESMF_LOG IS SET TO OUTPUT ALL LOG MESSAGES !!!
20200913 142222.181 INFO             PET3 !!!     THIS MAY CAUSE SLOWDOWN IN PERFORMANCE     !!!
20200913 142222.181 INFO             PET3 !!! FOR PRODUCTION RUNS, USE:                      !!!
20200913 142222.181 INFO             PET3 !!!                   ESMF_LOGKIND_Multi_On_Error  !!!
20200913 142222.181 INFO             PET3 !!!!!!!!!!!!!!!!!!!!!!!!!!!!!!!!!!!!!!!!!!!!!!!!!!!!!!
20200913 142222.181 INFO             PET3 Running with ESMF Version   : ESMF_8_1_0_beta_snapshot_27-63-g072423fd9f
20200913 142222.181 INFO             PET3 ESMF library build date/time: "Sep 13 2020" "13:14:28"
20200913 142222.181 INFO             PET3 ESMF library build location : /home1/07356/tg866552/himanshu/esmf
20200913 142222.181 INFO             PET3 ESMF_COMM                   : intelmpi
20200913 142222.185 INFO             PET3 ESMF_NETCDF                 : enabled
20200913 142222.185 INFO             PET3 ESMF_PNETCDF                : disabled
20200913 142222.185 INFO             PET3 ESMF_PIO                    : enabled
20200913 142222.185 INFO             PET3 ESMF_YAMLCPP                : enabled
20200913 142222.185 INFO             PET3 ESMF_MOAB                   : enabled
20200913 142226.201 INFO             PET3  NUMBER_OF_PROCESSORS           4
20200913 142226.201 INFO             PET3  PASS  Example ESMF_FieldBundleHaloEx, ESMF_FieldBundleHaloEx.F90, line 319
20200913 142226.201 INFO             PET3 Finalizing ESMF
