20201201 011728.401 INFO             PET0 !!!!!!!!!!!!!!!!!!!!!!!!!!!!!!!!!!!!!!!!!!!!!!!!!!!!!!
20201201 011728.401 INFO             PET0 !!! THE ESMF_LOG IS SET TO OUTPUT ALL LOG MESSAGES !!!
20201201 011728.401 INFO             PET0 !!!     THIS MAY CAUSE SLOWDOWN IN PERFORMANCE     !!!
20201201 011728.401 INFO             PET0 !!! FOR PRODUCTION RUNS, USE:                      !!!
20201201 011728.401 INFO             PET0 !!!                   ESMF_LOGKIND_Multi_On_Error  !!!
20201201 011728.401 INFO             PET0 !!!!!!!!!!!!!!!!!!!!!!!!!!!!!!!!!!!!!!!!!!!!!!!!!!!!!!
20201201 011728.401 INFO             PET0 Running with ESMF Version   : ESMF_8_1_0_beta_snapshot_38
20201201 011728.401 INFO             PET0 ESMF library build date/time: "Dec  1 2020" "00:47:57"
20201201 011728.401 INFO             PET0 ESMF library build location : /glade/scratch/himanshu/scripts_dir/daily/intel_cheyenne/esmf
20201201 011728.401 INFO             PET0 ESMF_COMM                   : mpt
20201201 011728.402 INFO             PET0 ESMF_NETCDF                 : disabled
20201201 011728.402 INFO             PET0 ESMF_PNETCDF                : disabled
20201201 011728.402 INFO             PET0 ESMF_PIO                    : enabled
20201201 011728.402 INFO             PET0 ESMF_YAMLCPP                : enabled
20201201 011728.402 INFO             PET0 ESMF_MOAB                   : enabled
20201201 011728.402 INFO             PET0  NUMBER_OF_PROCESSORS           2
20201201 011728.402 INFO             PET0  PASS  Example ESMF_VMUserMpiCommEx, ESMF_VMUserMpiCommEx.F90, line 113
20201201 011728.402 INFO             PET0 Finalizing ESMF
20201201 011728.401 INFO             PET1 !!!!!!!!!!!!!!!!!!!!!!!!!!!!!!!!!!!!!!!!!!!!!!!!!!!!!!
20201201 011728.401 INFO             PET1 !!! THE ESMF_LOG IS SET TO OUTPUT ALL LOG MESSAGES !!!
20201201 011728.401 INFO             PET1 !!!     THIS MAY CAUSE SLOWDOWN IN PERFORMANCE     !!!
20201201 011728.401 INFO             PET1 !!! FOR PRODUCTION RUNS, USE:                      !!!
20201201 011728.401 INFO             PET1 !!!                   ESMF_LOGKIND_Multi_On_Error  !!!
20201201 011728.401 INFO             PET1 !!!!!!!!!!!!!!!!!!!!!!!!!!!!!!!!!!!!!!!!!!!!!!!!!!!!!!
20201201 011728.401 INFO             PET1 Running with ESMF Version   : ESMF_8_1_0_beta_snapshot_38
20201201 011728.401 INFO             PET1 ESMF library build date/time: "Dec  1 2020" "00:47:57"
20201201 011728.401 INFO             PET1 ESMF library build location : /glade/scratch/himanshu/scripts_dir/daily/intel_cheyenne/esmf
20201201 011728.401 INFO             PET1 ESMF_COMM                   : mpt
20201201 011728.402 INFO             PET1 ESMF_NETCDF                 : disabled
20201201 011728.402 INFO             PET1 ESMF_PNETCDF                : disabled
20201201 011728.402 INFO             PET1 ESMF_PIO                    : enabled
20201201 011728.402 INFO             PET1 ESMF_YAMLCPP                : enabled
20201201 011728.402 INFO             PET1 ESMF_MOAB                   : enabled
20201201 011728.402 INFO             PET1  NUMBER_OF_PROCESSORS           2
20201201 011728.402 INFO             PET1  PASS  Example ESMF_VMUserMpiCommEx, ESMF_VMUserMpiCommEx.F90, line 113
20201201 011728.402 INFO             PET1 Finalizing ESMF
Tue Dec  1 10:16:50 MST 2020
