20201110 014645.446 INFO             PET0 !!!!!!!!!!!!!!!!!!!!!!!!!!!!!!!!!!!!!!!!!!!!!!!!!!!!!!
20201110 014645.446 INFO             PET0 !!! THE ESMF_LOG IS SET TO OUTPUT ALL LOG MESSAGES !!!
20201110 014645.446 INFO             PET0 !!!     THIS MAY CAUSE SLOWDOWN IN PERFORMANCE     !!!
20201110 014645.446 INFO             PET0 !!! FOR PRODUCTION RUNS, USE:                      !!!
20201110 014645.446 INFO             PET0 !!!                   ESMF_LOGKIND_Multi_On_Error  !!!
20201110 014645.446 INFO             PET0 !!!!!!!!!!!!!!!!!!!!!!!!!!!!!!!!!!!!!!!!!!!!!!!!!!!!!!
20201110 014645.446 INFO             PET0 Running with ESMF Version   : ESMF_8_1_0_beta_snapshot_36-28-g9f64dfe1ec
20201110 014645.446 INFO             PET0 ESMF library build date/time: "Nov 10 2020" "01:06:09"
20201110 014645.446 INFO             PET0 ESMF library build location : /glade/scratch/himanshu/scripts_dir/daily/intel_cheyenne/esmf
20201110 014645.446 INFO             PET0 ESMF_COMM                   : mpt
20201110 014645.446 INFO             PET0 ESMF_NETCDF                 : disabled
20201110 014645.446 INFO             PET0 ESMF_PNETCDF                : disabled
20201110 014645.446 INFO             PET0 ESMF_PIO                    : enabled
20201110 014645.446 INFO             PET0 ESMF_YAMLCPP                : enabled
20201110 014645.446 INFO             PET0 ESMF_MOAB                   : enabled
20201110 014645.447 INFO             PET0 ESMCI_CompTunnel.C:1063 ESMCI::ServiceLoop() ServiceLoop: entering with port argument: 61010 and timeout: 20
20201110 014645.447 INFO             PET0 ESMCI_CompTunnel.C:345 ESMCI::CompTunnel::negotiate() negotiate socketBased actual: port=61010, timeout=20
20201110 014647.448 INFO             PET0 ESMCI_CompTunnel.C:476 ESMCI::CompTunnel::negotiate() finished socketBased negotiate() on actual component side
20201110 014647.448 INFO             PET0 ESMCI_CompTunnel.C:872 ESMCI::CompTunnel::dual2actual() dual2actual() socketBased (actual side)...
20201110 014647.448 INFO             PET0 ESMCI_CompTunnel.C:872 ESMCI::CompTunnel::dual2actual() dual2actual() socketBased (actual side)...
20201110 014647.488 INFO             PET0 ESMCI_CompTunnel.C:1122 ESMCI::ServiceLoop() ServiceLoop: received method: InitializeIC and phase: 1
20201110 014647.489 INFO             PET0 Actual Component Initialize
20201110 014647.489 INFO             PET0 ESMCI_CompTunnel.C:957 ESMCI::CompTunnel::actual2dual() actual2dual() socketBased (actual side)...
20201110 014647.489 INFO             PET0 ESMCI_CompTunnel.C:872 ESMCI::CompTunnel::dual2actual() dual2actual() socketBased (actual side)...
20201110 014647.489 INFO             PET0 ESMCI_CompTunnel.C:872 ESMCI::CompTunnel::dual2actual() dual2actual() socketBased (actual side)...
20201110 014647.533 INFO             PET0 ESMCI_CompTunnel.C:1122 ESMCI::ServiceLoop() ServiceLoop: received method: RunIC and phase: 1
20201110 014647.533 INFO             PET0 Actual Component Run
20201110 014647.533 INFO             PET0 ESMCI_CompTunnel.C:957 ESMCI::CompTunnel::actual2dual() actual2dual() socketBased (actual side)...
20201110 014647.533 INFO             PET0 ESMCI_CompTunnel.C:872 ESMCI::CompTunnel::dual2actual() dual2actual() socketBased (actual side)...
20201110 014647.533 INFO             PET0 ESMCI_CompTunnel.C:872 ESMCI::CompTunnel::dual2actual() dual2actual() socketBased (actual side)...
20201110 014647.577 INFO             PET0 ESMCI_CompTunnel.C:1122 ESMCI::ServiceLoop() ServiceLoop: received method: FinalizeIC and phase: 1
20201110 014647.577 INFO             PET0 Actual Component Finalize
20201110 014647.577 INFO             PET0 ESMCI_CompTunnel.C:957 ESMCI::CompTunnel::actual2dual() actual2dual() socketBased (actual side)...
20201110 014647.577 INFO             PET0 ESMCI_CompTunnel.C:872 ESMCI::CompTunnel::dual2actual() dual2actual() socketBased (actual side)...
20201110 014647.577 INFO             PET0 ESMCI_CompTunnel.C:872 ESMCI::CompTunnel::dual2actual() dual2actual() socketBased (actual side)...
20201110 014647.620 INFO             PET0 ESMCI_CompTunnel.C:1122 ESMCI::ServiceLoop() ServiceLoop: received method: InitializeIC and phase: 1
20201110 014647.621 INFO             PET0 Actual Component Initialize
20201110 014647.621 INFO             PET0 ESMCI_CompTunnel.C:957 ESMCI::CompTunnel::actual2dual() actual2dual() socketBased (actual side)...
20201110 014647.621 INFO             PET0 ESMCI_CompTunnel.C:872 ESMCI::CompTunnel::dual2actual() dual2actual() socketBased (actual side)...
20201110 014647.621 INFO             PET0 ESMCI_CompTunnel.C:872 ESMCI::CompTunnel::dual2actual() dual2actual() socketBased (actual side)...
20201110 014647.664 INFO             PET0 ESMCI_CompTunnel.C:1122 ESMCI::ServiceLoop() ServiceLoop: received method: InitializeIC and phase: 1
20201110 014647.665 INFO             PET0 Actual Component Initialize
20201110 014647.665 INFO             PET0 ESMCI_CompTunnel.C:957 ESMCI::CompTunnel::actual2dual() actual2dual() socketBased (actual side)...
20201110 014647.665 INFO             PET0 ESMCI_CompTunnel.C:872 ESMCI::CompTunnel::dual2actual() dual2actual() socketBased (actual side)...
20201110 014647.665 INFO             PET0 ESMCI_CompTunnel.C:872 ESMCI::CompTunnel::dual2actual() dual2actual() socketBased (actual side)...
20201110 014647.709 INFO             PET0 ESMCI_CompTunnel.C:1122 ESMCI::ServiceLoop() ServiceLoop: received method: RunIC and phase: 1
20201110 014647.709 INFO             PET0 Actual Component Run
20201110 014647.709 INFO             PET0 ESMCI_CompTunnel.C:957 ESMCI::CompTunnel::actual2dual() actual2dual() socketBased (actual side)...
20201110 014647.709 INFO             PET0 ESMCI_CompTunnel.C:872 ESMCI::CompTunnel::dual2actual() dual2actual() socketBased (actual side)...
20201110 014647.709 INFO             PET0 ESMCI_CompTunnel.C:872 ESMCI::CompTunnel::dual2actual() dual2actual() socketBased (actual side)...
20201110 014647.753 INFO             PET0 ESMCI_CompTunnel.C:1122 ESMCI::ServiceLoop() ServiceLoop: received method: None and phase: 1
20201110 014647.753 INFO             PET0 ESMCI_CompTunnel.C:957 ESMCI::CompTunnel::actual2dual() actual2dual() socketBased (actual side)...
20201110 014647.753 INFO             PET0 ESMCI_CompTunnel.C:1153 ESMCI::ServiceLoop() ServiceLoop: exiting
20201110 014647.753 INFO             PET0  NUMBER_OF_PROCESSORS           6
20201110 014647.753 INFO             PET0  PASS  Example ESMF_CompTunnelEx, ESMF_CompTunnelEx.F90, line 549
20201110 014647.753 INFO             PET0 Finalizing ESMF
20201110 014645.446 INFO             PET1 !!!!!!!!!!!!!!!!!!!!!!!!!!!!!!!!!!!!!!!!!!!!!!!!!!!!!!
20201110 014645.446 INFO             PET1 !!! THE ESMF_LOG IS SET TO OUTPUT ALL LOG MESSAGES !!!
20201110 014645.446 INFO             PET1 !!!     THIS MAY CAUSE SLOWDOWN IN PERFORMANCE     !!!
20201110 014645.446 INFO             PET1 !!! FOR PRODUCTION RUNS, USE:                      !!!
20201110 014645.446 INFO             PET1 !!!                   ESMF_LOGKIND_Multi_On_Error  !!!
20201110 014645.446 INFO             PET1 !!!!!!!!!!!!!!!!!!!!!!!!!!!!!!!!!!!!!!!!!!!!!!!!!!!!!!
20201110 014645.446 INFO             PET1 Running with ESMF Version   : ESMF_8_1_0_beta_snapshot_36-28-g9f64dfe1ec
20201110 014645.446 INFO             PET1 ESMF library build date/time: "Nov 10 2020" "01:06:09"
20201110 014645.446 INFO             PET1 ESMF library build location : /glade/scratch/himanshu/scripts_dir/daily/intel_cheyenne/esmf
20201110 014645.446 INFO             PET1 ESMF_COMM                   : mpt
20201110 014645.446 INFO             PET1 ESMF_NETCDF                 : disabled
20201110 014645.446 INFO             PET1 ESMF_PNETCDF                : disabled
20201110 014645.446 INFO             PET1 ESMF_PIO                    : enabled
20201110 014645.446 INFO             PET1 ESMF_YAMLCPP                : enabled
20201110 014645.446 INFO             PET1 ESMF_MOAB                   : enabled
20201110 014645.447 INFO             PET1 ESMCI_CompTunnel.C:1063 ESMCI::ServiceLoop() ServiceLoop: entering with port argument: 61010 and timeout: 20
20201110 014647.448 INFO             PET1 ESMCI_CompTunnel.C:476 ESMCI::CompTunnel::negotiate() finished socketBased negotiate() on actual component side
20201110 014647.448 INFO             PET1 ESMCI_CompTunnel.C:872 ESMCI::CompTunnel::dual2actual() dual2actual() socketBased (actual side)...
20201110 014647.448 INFO             PET1 ESMCI_CompTunnel.C:872 ESMCI::CompTunnel::dual2actual() dual2actual() socketBased (actual side)...
20201110 014647.488 INFO             PET1 ESMCI_CompTunnel.C:1122 ESMCI::ServiceLoop() ServiceLoop: received method: InitializeIC and phase: 1
20201110 014647.489 INFO             PET1 Actual Component Initialize
20201110 014647.489 INFO             PET1 ESMCI_CompTunnel.C:957 ESMCI::CompTunnel::actual2dual() actual2dual() socketBased (actual side)...
20201110 014647.489 INFO             PET1 ESMCI_CompTunnel.C:872 ESMCI::CompTunnel::dual2actual() dual2actual() socketBased (actual side)...
20201110 014647.489 INFO             PET1 ESMCI_CompTunnel.C:872 ESMCI::CompTunnel::dual2actual() dual2actual() socketBased (actual side)...
20201110 014647.533 INFO             PET1 ESMCI_CompTunnel.C:1122 ESMCI::ServiceLoop() ServiceLoop: received method: RunIC and phase: 1
20201110 014647.533 INFO             PET1 Actual Component Run
20201110 014647.533 INFO             PET1 ESMCI_CompTunnel.C:957 ESMCI::CompTunnel::actual2dual() actual2dual() socketBased (actual side)...
20201110 014647.533 INFO             PET1 ESMCI_CompTunnel.C:872 ESMCI::CompTunnel::dual2actual() dual2actual() socketBased (actual side)...
20201110 014647.533 INFO             PET1 ESMCI_CompTunnel.C:872 ESMCI::CompTunnel::dual2actual() dual2actual() socketBased (actual side)...
20201110 014647.577 INFO             PET1 ESMCI_CompTunnel.C:1122 ESMCI::ServiceLoop() ServiceLoop: received method: FinalizeIC and phase: 1
20201110 014647.577 INFO             PET1 Actual Component Finalize
20201110 014647.577 INFO             PET1 ESMCI_CompTunnel.C:957 ESMCI::CompTunnel::actual2dual() actual2dual() socketBased (actual side)...
20201110 014647.577 INFO             PET1 ESMCI_CompTunnel.C:872 ESMCI::CompTunnel::dual2actual() dual2actual() socketBased (actual side)...
20201110 014647.577 INFO             PET1 ESMCI_CompTunnel.C:872 ESMCI::CompTunnel::dual2actual() dual2actual() socketBased (actual side)...
20201110 014647.620 INFO             PET1 ESMCI_CompTunnel.C:1122 ESMCI::ServiceLoop() ServiceLoop: received method: InitializeIC and phase: 1
20201110 014647.623 INFO             PET1 Actual Component Initialize
20201110 014647.623 INFO             PET1 ESMCI_CompTunnel.C:957 ESMCI::CompTunnel::actual2dual() actual2dual() socketBased (actual side)...
20201110 014647.623 INFO             PET1 ESMCI_CompTunnel.C:872 ESMCI::CompTunnel::dual2actual() dual2actual() socketBased (actual side)...
20201110 014647.623 INFO             PET1 ESMCI_CompTunnel.C:872 ESMCI::CompTunnel::dual2actual() dual2actual() socketBased (actual side)...
20201110 014647.664 INFO             PET1 ESMCI_CompTunnel.C:1122 ESMCI::ServiceLoop() ServiceLoop: received method: InitializeIC and phase: 1
20201110 014647.665 INFO             PET1 Actual Component Initialize
20201110 014647.665 INFO             PET1 ESMCI_CompTunnel.C:957 ESMCI::CompTunnel::actual2dual() actual2dual() socketBased (actual side)...
20201110 014647.665 INFO             PET1 ESMCI_CompTunnel.C:872 ESMCI::CompTunnel::dual2actual() dual2actual() socketBased (actual side)...
20201110 014647.665 INFO             PET1 ESMCI_CompTunnel.C:872 ESMCI::CompTunnel::dual2actual() dual2actual() socketBased (actual side)...
20201110 014647.709 INFO             PET1 ESMCI_CompTunnel.C:1122 ESMCI::ServiceLoop() ServiceLoop: received method: RunIC and phase: 1
20201110 014647.709 INFO             PET1 Actual Component Run
20201110 014647.709 INFO             PET1 ESMCI_CompTunnel.C:957 ESMCI::CompTunnel::actual2dual() actual2dual() socketBased (actual side)...
20201110 014647.709 INFO             PET1 ESMCI_CompTunnel.C:872 ESMCI::CompTunnel::dual2actual() dual2actual() socketBased (actual side)...
20201110 014647.709 INFO             PET1 ESMCI_CompTunnel.C:872 ESMCI::CompTunnel::dual2actual() dual2actual() socketBased (actual side)...
20201110 014647.753 INFO             PET1 ESMCI_CompTunnel.C:1122 ESMCI::ServiceLoop() ServiceLoop: received method: None and phase: 1
20201110 014647.753 INFO             PET1 ESMCI_CompTunnel.C:957 ESMCI::CompTunnel::actual2dual() actual2dual() socketBased (actual side)...
20201110 014647.753 INFO             PET1 ESMCI_CompTunnel.C:1153 ESMCI::ServiceLoop() ServiceLoop: exiting
20201110 014647.753 INFO             PET1  NUMBER_OF_PROCESSORS           6
20201110 014647.753 INFO             PET1  PASS  Example ESMF_CompTunnelEx, ESMF_CompTunnelEx.F90, line 549
20201110 014647.753 INFO             PET1 Finalizing ESMF
20201110 014645.445 INFO             PET2 !!!!!!!!!!!!!!!!!!!!!!!!!!!!!!!!!!!!!!!!!!!!!!!!!!!!!!
20201110 014645.445 INFO             PET2 !!! THE ESMF_LOG IS SET TO OUTPUT ALL LOG MESSAGES !!!
20201110 014645.445 INFO             PET2 !!!     THIS MAY CAUSE SLOWDOWN IN PERFORMANCE     !!!
20201110 014645.445 INFO             PET2 !!! FOR PRODUCTION RUNS, USE:                      !!!
20201110 014645.445 INFO             PET2 !!!                   ESMF_LOGKIND_Multi_On_Error  !!!
20201110 014645.445 INFO             PET2 !!!!!!!!!!!!!!!!!!!!!!!!!!!!!!!!!!!!!!!!!!!!!!!!!!!!!!
20201110 014645.445 INFO             PET2 Running with ESMF Version   : ESMF_8_1_0_beta_snapshot_36-28-g9f64dfe1ec
20201110 014645.445 INFO             PET2 ESMF library build date/time: "Nov 10 2020" "01:06:09"
20201110 014645.445 INFO             PET2 ESMF library build location : /glade/scratch/himanshu/scripts_dir/daily/intel_cheyenne/esmf
20201110 014645.445 INFO             PET2 ESMF_COMM                   : mpt
20201110 014645.446 INFO             PET2 ESMF_NETCDF                 : disabled
20201110 014645.446 INFO             PET2 ESMF_PNETCDF                : disabled
20201110 014645.446 INFO             PET2 ESMF_PIO                    : enabled
20201110 014645.446 INFO             PET2 ESMF_YAMLCPP                : enabled
20201110 014645.446 INFO             PET2 ESMF_MOAB                   : enabled
20201110 014645.447 INFO             PET2 ESMCI_CompTunnel.C:1063 ESMCI::ServiceLoop() ServiceLoop: entering with port argument: 61010 and timeout: 20
20201110 014647.448 INFO             PET2 ESMCI_CompTunnel.C:476 ESMCI::CompTunnel::negotiate() finished socketBased negotiate() on actual component side
20201110 014647.448 INFO             PET2 ESMCI_CompTunnel.C:872 ESMCI::CompTunnel::dual2actual() dual2actual() socketBased (actual side)...
20201110 014647.448 INFO             PET2 ESMCI_CompTunnel.C:872 ESMCI::CompTunnel::dual2actual() dual2actual() socketBased (actual side)...
20201110 014647.488 INFO             PET2 ESMCI_CompTunnel.C:1122 ESMCI::ServiceLoop() ServiceLoop: received method: InitializeIC and phase: 1
20201110 014647.489 INFO             PET2 Actual Component Initialize
20201110 014647.489 INFO             PET2 ESMCI_CompTunnel.C:957 ESMCI::CompTunnel::actual2dual() actual2dual() socketBased (actual side)...
20201110 014647.489 INFO             PET2 ESMCI_CompTunnel.C:872 ESMCI::CompTunnel::dual2actual() dual2actual() socketBased (actual side)...
20201110 014647.489 INFO             PET2 ESMCI_CompTunnel.C:872 ESMCI::CompTunnel::dual2actual() dual2actual() socketBased (actual side)...
20201110 014647.533 INFO             PET2 ESMCI_CompTunnel.C:1122 ESMCI::ServiceLoop() ServiceLoop: received method: RunIC and phase: 1
20201110 014647.533 INFO             PET2 Actual Component Run
20201110 014647.533 INFO             PET2 ESMCI_CompTunnel.C:957 ESMCI::CompTunnel::actual2dual() actual2dual() socketBased (actual side)...
20201110 014647.533 INFO             PET2 ESMCI_CompTunnel.C:872 ESMCI::CompTunnel::dual2actual() dual2actual() socketBased (actual side)...
20201110 014647.533 INFO             PET2 ESMCI_CompTunnel.C:872 ESMCI::CompTunnel::dual2actual() dual2actual() socketBased (actual side)...
20201110 014647.577 INFO             PET2 ESMCI_CompTunnel.C:1122 ESMCI::ServiceLoop() ServiceLoop: received method: FinalizeIC and phase: 1
20201110 014647.577 INFO             PET2 Actual Component Finalize
20201110 014647.577 INFO             PET2 ESMCI_CompTunnel.C:957 ESMCI::CompTunnel::actual2dual() actual2dual() socketBased (actual side)...
20201110 014647.577 INFO             PET2 ESMCI_CompTunnel.C:872 ESMCI::CompTunnel::dual2actual() dual2actual() socketBased (actual side)...
20201110 014647.577 INFO             PET2 ESMCI_CompTunnel.C:872 ESMCI::CompTunnel::dual2actual() dual2actual() socketBased (actual side)...
20201110 014647.620 INFO             PET2 ESMCI_CompTunnel.C:1122 ESMCI::ServiceLoop() ServiceLoop: received method: InitializeIC and phase: 1
20201110 014647.623 INFO             PET2 Actual Component Initialize
20201110 014647.623 INFO             PET2 ESMCI_CompTunnel.C:957 ESMCI::CompTunnel::actual2dual() actual2dual() socketBased (actual side)...
20201110 014647.623 INFO             PET2 ESMCI_CompTunnel.C:872 ESMCI::CompTunnel::dual2actual() dual2actual() socketBased (actual side)...
20201110 014647.623 INFO             PET2 ESMCI_CompTunnel.C:872 ESMCI::CompTunnel::dual2actual() dual2actual() socketBased (actual side)...
20201110 014647.664 INFO             PET2 ESMCI_CompTunnel.C:1122 ESMCI::ServiceLoop() ServiceLoop: received method: InitializeIC and phase: 1
20201110 014647.665 INFO             PET2 Actual Component Initialize
20201110 014647.665 INFO             PET2 ESMCI_CompTunnel.C:957 ESMCI::CompTunnel::actual2dual() actual2dual() socketBased (actual side)...
20201110 014647.665 INFO             PET2 ESMCI_CompTunnel.C:872 ESMCI::CompTunnel::dual2actual() dual2actual() socketBased (actual side)...
20201110 014647.665 INFO             PET2 ESMCI_CompTunnel.C:872 ESMCI::CompTunnel::dual2actual() dual2actual() socketBased (actual side)...
20201110 014647.709 INFO             PET2 ESMCI_CompTunnel.C:1122 ESMCI::ServiceLoop() ServiceLoop: received method: RunIC and phase: 1
20201110 014647.709 INFO             PET2 Actual Component Run
20201110 014647.709 INFO             PET2 ESMCI_CompTunnel.C:957 ESMCI::CompTunnel::actual2dual() actual2dual() socketBased (actual side)...
20201110 014647.709 INFO             PET2 ESMCI_CompTunnel.C:872 ESMCI::CompTunnel::dual2actual() dual2actual() socketBased (actual side)...
20201110 014647.709 INFO             PET2 ESMCI_CompTunnel.C:872 ESMCI::CompTunnel::dual2actual() dual2actual() socketBased (actual side)...
20201110 014647.753 INFO             PET2 ESMCI_CompTunnel.C:1122 ESMCI::ServiceLoop() ServiceLoop: received method: None and phase: 1
20201110 014647.753 INFO             PET2 ESMCI_CompTunnel.C:957 ESMCI::CompTunnel::actual2dual() actual2dual() socketBased (actual side)...
20201110 014647.753 INFO             PET2 ESMCI_CompTunnel.C:1153 ESMCI::ServiceLoop() ServiceLoop: exiting
20201110 014647.753 INFO             PET2  NUMBER_OF_PROCESSORS           6
20201110 014647.753 INFO             PET2  PASS  Example ESMF_CompTunnelEx, ESMF_CompTunnelEx.F90, line 549
20201110 014647.753 INFO             PET2 Finalizing ESMF
20201110 014645.444 INFO             PET3 !!!!!!!!!!!!!!!!!!!!!!!!!!!!!!!!!!!!!!!!!!!!!!!!!!!!!!
20201110 014645.444 INFO             PET3 !!! THE ESMF_LOG IS SET TO OUTPUT ALL LOG MESSAGES !!!
20201110 014645.445 INFO             PET3 !!!     THIS MAY CAUSE SLOWDOWN IN PERFORMANCE     !!!
20201110 014645.445 INFO             PET3 !!! FOR PRODUCTION RUNS, USE:                      !!!
20201110 014645.445 INFO             PET3 !!!                   ESMF_LOGKIND_Multi_On_Error  !!!
20201110 014645.445 INFO             PET3 !!!!!!!!!!!!!!!!!!!!!!!!!!!!!!!!!!!!!!!!!!!!!!!!!!!!!!
20201110 014645.445 INFO             PET3 Running with ESMF Version   : ESMF_8_1_0_beta_snapshot_36-28-g9f64dfe1ec
20201110 014645.445 INFO             PET3 ESMF library build date/time: "Nov 10 2020" "01:06:09"
20201110 014645.445 INFO             PET3 ESMF library build location : /glade/scratch/himanshu/scripts_dir/daily/intel_cheyenne/esmf
20201110 014645.445 INFO             PET3 ESMF_COMM                   : mpt
20201110 014645.445 INFO             PET3 ESMF_NETCDF                 : disabled
20201110 014645.445 INFO             PET3 ESMF_PNETCDF                : disabled
20201110 014645.445 INFO             PET3 ESMF_PIO                    : enabled
20201110 014645.445 INFO             PET3 ESMF_YAMLCPP                : enabled
20201110 014645.445 INFO             PET3 ESMF_MOAB                   : enabled
20201110 014645.447 INFO             PET3 ESMCI_CompTunnel.C:1063 ESMCI::ServiceLoop() ServiceLoop: entering with port argument: 61011 and timeout: 2
20201110 014645.447 INFO             PET3 ESMCI_CompTunnel.C:345 ESMCI::CompTunnel::negotiate() negotiate socketBased actual: port=61011, timeout=2
20201110 014647.447 ERROR            PET3 ESMCI_CompTunnel.C:354 ESMCI::CompTunnel::negotiate() Timeout reached  - - No client connected, time out!
20201110 014647.447 ERROR            PET3 ESMCI_CompTunnel.C:1099 ESMCI::ServiceLoop() Timeout reached  - Internal subroutine call returned Error
20201110 014647.448 INFO             PET3 ESMCI_CompTunnel.C:577 ESMCI::CompTunnel::negotiate() finished socketBased negotiate() on dual component side
20201110 014647.448 INFO             PET3 ESMCI_CompTunnel.C:841 ESMCI::CompTunnel::dual2actual() dual2actual() socketBased (dual side)...
20201110 014647.448 INFO             PET3 ESMCI_CompTunnel.C:841 ESMCI::CompTunnel::dual2actual() dual2actual() socketBased (dual side)...
20201110 014647.448 INFO             PET3 ESMCI_CompTunnel.C:988 ESMCI::CompTunnel::actual2dual() actual2dual() socketBased (dual side)...
20201110 014647.489 INFO             PET3 ESMCI_CompTunnel.C:841 ESMCI::CompTunnel::dual2actual() dual2actual() socketBased (dual side)...
20201110 014647.489 INFO             PET3 ESMCI_CompTunnel.C:841 ESMCI::CompTunnel::dual2actual() dual2actual() socketBased (dual side)...
20201110 014647.489 INFO             PET3 ESMCI_CompTunnel.C:988 ESMCI::CompTunnel::actual2dual() actual2dual() socketBased (dual side)...
20201110 014647.533 INFO             PET3 ESMCI_CompTunnel.C:841 ESMCI::CompTunnel::dual2actual() dual2actual() socketBased (dual side)...
20201110 014647.533 INFO             PET3 ESMCI_CompTunnel.C:841 ESMCI::CompTunnel::dual2actual() dual2actual() socketBased (dual side)...
20201110 014647.533 INFO             PET3 ESMCI_CompTunnel.C:988 ESMCI::CompTunnel::actual2dual() actual2dual() socketBased (dual side)...
20201110 014647.577 INFO             PET3 ESMCI_CompTunnel.C:841 ESMCI::CompTunnel::dual2actual() dual2actual() socketBased (dual side)...
20201110 014647.577 INFO             PET3 ESMCI_CompTunnel.C:841 ESMCI::CompTunnel::dual2actual() dual2actual() socketBased (dual side)...
20201110 014647.577 INFO             PET3 ESMCI_CompTunnel.C:988 ESMCI::CompTunnel::actual2dual() actual2dual() socketBased (dual side)...
20201110 014647.621 INFO             PET3 ESMCI_CompTunnel.C:841 ESMCI::CompTunnel::dual2actual() dual2actual() socketBased (dual side)...
20201110 014647.621 INFO             PET3 ESMCI_CompTunnel.C:841 ESMCI::CompTunnel::dual2actual() dual2actual() socketBased (dual side)...
20201110 014647.621 INFO             PET3 ESMCI_CompTunnel.C:988 ESMCI::CompTunnel::actual2dual() actual2dual() socketBased (dual side)...
20201110 014647.665 INFO             PET3 ESMCI_CompTunnel.C:841 ESMCI::CompTunnel::dual2actual() dual2actual() socketBased (dual side)...
20201110 014647.665 INFO             PET3 ESMCI_CompTunnel.C:841 ESMCI::CompTunnel::dual2actual() dual2actual() socketBased (dual side)...
20201110 014647.665 INFO             PET3 ESMCI_CompTunnel.C:988 ESMCI::CompTunnel::actual2dual() actual2dual() socketBased (dual side)...
20201110 014647.709 INFO             PET3 ESMCI_CompTunnel.C:841 ESMCI::CompTunnel::dual2actual() dual2actual() socketBased (dual side)...
20201110 014647.710 INFO             PET3 ESMCI_CompTunnel.C:841 ESMCI::CompTunnel::dual2actual() dual2actual() socketBased (dual side)...
20201110 014647.710 INFO             PET3 ESMCI_CompTunnel.C:988 ESMCI::CompTunnel::actual2dual() actual2dual() socketBased (dual side)...
20201110 014647.753 INFO             PET3  NUMBER_OF_PROCESSORS           6
20201110 014647.753 INFO             PET3  PASS  Example ESMF_CompTunnelEx, ESMF_CompTunnelEx.F90, line 549
20201110 014647.753 INFO             PET3 Finalizing ESMF
20201110 014645.445 INFO             PET4 !!!!!!!!!!!!!!!!!!!!!!!!!!!!!!!!!!!!!!!!!!!!!!!!!!!!!!
20201110 014645.445 INFO             PET4 !!! THE ESMF_LOG IS SET TO OUTPUT ALL LOG MESSAGES !!!
20201110 014645.445 INFO             PET4 !!!     THIS MAY CAUSE SLOWDOWN IN PERFORMANCE     !!!
20201110 014645.445 INFO             PET4 !!! FOR PRODUCTION RUNS, USE:                      !!!
20201110 014645.446 INFO             PET4 !!!                   ESMF_LOGKIND_Multi_On_Error  !!!
20201110 014645.446 INFO             PET4 !!!!!!!!!!!!!!!!!!!!!!!!!!!!!!!!!!!!!!!!!!!!!!!!!!!!!!
20201110 014645.446 INFO             PET4 Running with ESMF Version   : ESMF_8_1_0_beta_snapshot_36-28-g9f64dfe1ec
20201110 014645.446 INFO             PET4 ESMF library build date/time: "Nov 10 2020" "01:06:09"
20201110 014645.446 INFO             PET4 ESMF library build location : /glade/scratch/himanshu/scripts_dir/daily/intel_cheyenne/esmf
20201110 014645.446 INFO             PET4 ESMF_COMM                   : mpt
20201110 014645.446 INFO             PET4 ESMF_NETCDF                 : disabled
20201110 014645.446 INFO             PET4 ESMF_PNETCDF                : disabled
20201110 014645.446 INFO             PET4 ESMF_PIO                    : enabled
20201110 014645.446 INFO             PET4 ESMF_YAMLCPP                : enabled
20201110 014645.446 INFO             PET4 ESMF_MOAB                   : enabled
20201110 014645.447 INFO             PET4 ESMCI_CompTunnel.C:1063 ESMCI::ServiceLoop() ServiceLoop: entering with port argument: 61011 and timeout: 2
20201110 014647.447 ERROR            PET4 ESMCI_CompTunnel.C:1099 ESMCI::ServiceLoop() Timeout reached  - Internal subroutine call returned Error
20201110 014647.448 INFO             PET4 ESMCI_CompTunnel.C:483 ESMCI::CompTunnel::negotiate() negotiate socketBased dual: port=61010, timeout=10
20201110 014647.448 INFO             PET4 ESMCI_CompTunnel.C:577 ESMCI::CompTunnel::negotiate() finished socketBased negotiate() on dual component side
20201110 014647.448 INFO             PET4 ESMCI_CompTunnel.C:841 ESMCI::CompTunnel::dual2actual() dual2actual() socketBased (dual side)...
20201110 014647.448 INFO             PET4 ESMCI_CompTunnel.C:841 ESMCI::CompTunnel::dual2actual() dual2actual() socketBased (dual side)...
20201110 014647.448 INFO             PET4 ESMCI_CompTunnel.C:988 ESMCI::CompTunnel::actual2dual() actual2dual() socketBased (dual side)...
20201110 014647.489 INFO             PET4 ESMCI_CompTunnel.C:841 ESMCI::CompTunnel::dual2actual() dual2actual() socketBased (dual side)...
20201110 014647.489 INFO             PET4 ESMCI_CompTunnel.C:841 ESMCI::CompTunnel::dual2actual() dual2actual() socketBased (dual side)...
20201110 014647.489 INFO             PET4 ESMCI_CompTunnel.C:988 ESMCI::CompTunnel::actual2dual() actual2dual() socketBased (dual side)...
20201110 014647.533 INFO             PET4 ESMCI_CompTunnel.C:841 ESMCI::CompTunnel::dual2actual() dual2actual() socketBased (dual side)...
20201110 014647.533 INFO             PET4 ESMCI_CompTunnel.C:841 ESMCI::CompTunnel::dual2actual() dual2actual() socketBased (dual side)...
20201110 014647.533 INFO             PET4 ESMCI_CompTunnel.C:988 ESMCI::CompTunnel::actual2dual() actual2dual() socketBased (dual side)...
20201110 014647.577 INFO             PET4 ESMCI_CompTunnel.C:841 ESMCI::CompTunnel::dual2actual() dual2actual() socketBased (dual side)...
20201110 014647.577 INFO             PET4 ESMCI_CompTunnel.C:841 ESMCI::CompTunnel::dual2actual() dual2actual() socketBased (dual side)...
20201110 014647.577 INFO             PET4 ESMCI_CompTunnel.C:988 ESMCI::CompTunnel::actual2dual() actual2dual() socketBased (dual side)...
20201110 014647.621 INFO             PET4 ESMCI_CompTunnel.C:841 ESMCI::CompTunnel::dual2actual() dual2actual() socketBased (dual side)...
20201110 014647.621 INFO             PET4 ESMCI_CompTunnel.C:841 ESMCI::CompTunnel::dual2actual() dual2actual() socketBased (dual side)...
20201110 014647.621 INFO             PET4 ESMCI_CompTunnel.C:988 ESMCI::CompTunnel::actual2dual() actual2dual() socketBased (dual side)...
20201110 014647.665 INFO             PET4 ESMCI_CompTunnel.C:841 ESMCI::CompTunnel::dual2actual() dual2actual() socketBased (dual side)...
20201110 014647.665 INFO             PET4 ESMCI_CompTunnel.C:841 ESMCI::CompTunnel::dual2actual() dual2actual() socketBased (dual side)...
20201110 014647.665 INFO             PET4 ESMCI_CompTunnel.C:988 ESMCI::CompTunnel::actual2dual() actual2dual() socketBased (dual side)...
20201110 014647.709 INFO             PET4 ESMCI_CompTunnel.C:841 ESMCI::CompTunnel::dual2actual() dual2actual() socketBased (dual side)...
20201110 014647.709 INFO             PET4 ESMCI_CompTunnel.C:841 ESMCI::CompTunnel::dual2actual() dual2actual() socketBased (dual side)...
20201110 014647.709 INFO             PET4 ESMCI_CompTunnel.C:988 ESMCI::CompTunnel::actual2dual() actual2dual() socketBased (dual side)...
20201110 014647.753 INFO             PET4  NUMBER_OF_PROCESSORS           6
20201110 014647.753 INFO             PET4  PASS  Example ESMF_CompTunnelEx, ESMF_CompTunnelEx.F90, line 549
20201110 014647.753 INFO             PET4 Finalizing ESMF
20201110 014645.446 INFO             PET5 !!!!!!!!!!!!!!!!!!!!!!!!!!!!!!!!!!!!!!!!!!!!!!!!!!!!!!
20201110 014645.446 INFO             PET5 !!! THE ESMF_LOG IS SET TO OUTPUT ALL LOG MESSAGES !!!
20201110 014645.446 INFO             PET5 !!!     THIS MAY CAUSE SLOWDOWN IN PERFORMANCE     !!!
20201110 014645.446 INFO             PET5 !!! FOR PRODUCTION RUNS, USE:                      !!!
20201110 014645.446 INFO             PET5 !!!                   ESMF_LOGKIND_Multi_On_Error  !!!
20201110 014645.446 INFO             PET5 !!!!!!!!!!!!!!!!!!!!!!!!!!!!!!!!!!!!!!!!!!!!!!!!!!!!!!
20201110 014645.446 INFO             PET5 Running with ESMF Version   : ESMF_8_1_0_beta_snapshot_36-28-g9f64dfe1ec
20201110 014645.446 INFO             PET5 ESMF library build date/time: "Nov 10 2020" "01:06:09"
20201110 014645.446 INFO             PET5 ESMF library build location : /glade/scratch/himanshu/scripts_dir/daily/intel_cheyenne/esmf
20201110 014645.446 INFO             PET5 ESMF_COMM                   : mpt
20201110 014645.446 INFO             PET5 ESMF_NETCDF                 : disabled
20201110 014645.446 INFO             PET5 ESMF_PNETCDF                : disabled
20201110 014645.446 INFO             PET5 ESMF_PIO                    : enabled
20201110 014645.446 INFO             PET5 ESMF_YAMLCPP                : enabled
20201110 014645.446 INFO             PET5 ESMF_MOAB                   : enabled
20201110 014645.447 INFO             PET5 ESMCI_CompTunnel.C:1063 ESMCI::ServiceLoop() ServiceLoop: entering with port argument: 61011 and timeout: 2
20201110 014647.447 ERROR            PET5 ESMCI_CompTunnel.C:1099 ESMCI::ServiceLoop() Timeout reached  - Internal subroutine call returned Error
20201110 014647.448 INFO             PET5 ESMCI_CompTunnel.C:577 ESMCI::CompTunnel::negotiate() finished socketBased negotiate() on dual component side
20201110 014647.448 INFO             PET5 ESMCI_CompTunnel.C:841 ESMCI::CompTunnel::dual2actual() dual2actual() socketBased (dual side)...
20201110 014647.448 INFO             PET5 ESMCI_CompTunnel.C:841 ESMCI::CompTunnel::dual2actual() dual2actual() socketBased (dual side)...
20201110 014647.448 INFO             PET5 ESMCI_CompTunnel.C:988 ESMCI::CompTunnel::actual2dual() actual2dual() socketBased (dual side)...
20201110 014647.489 INFO             PET5 ESMCI_CompTunnel.C:841 ESMCI::CompTunnel::dual2actual() dual2actual() socketBased (dual side)...
20201110 014647.489 INFO             PET5 ESMCI_CompTunnel.C:841 ESMCI::CompTunnel::dual2actual() dual2actual() socketBased (dual side)...
20201110 014647.489 INFO             PET5 ESMCI_CompTunnel.C:988 ESMCI::CompTunnel::actual2dual() actual2dual() socketBased (dual side)...
20201110 014647.533 INFO             PET5 ESMCI_CompTunnel.C:841 ESMCI::CompTunnel::dual2actual() dual2actual() socketBased (dual side)...
20201110 014647.533 INFO             PET5 ESMCI_CompTunnel.C:841 ESMCI::CompTunnel::dual2actual() dual2actual() socketBased (dual side)...
20201110 014647.533 INFO             PET5 ESMCI_CompTunnel.C:988 ESMCI::CompTunnel::actual2dual() actual2dual() socketBased (dual side)...
20201110 014647.577 INFO             PET5 ESMCI_CompTunnel.C:841 ESMCI::CompTunnel::dual2actual() dual2actual() socketBased (dual side)...
20201110 014647.577 INFO             PET5 ESMCI_CompTunnel.C:841 ESMCI::CompTunnel::dual2actual() dual2actual() socketBased (dual side)...
20201110 014647.577 INFO             PET5 ESMCI_CompTunnel.C:988 ESMCI::CompTunnel::actual2dual() actual2dual() socketBased (dual side)...
20201110 014647.621 INFO             PET5 ESMCI_CompTunnel.C:841 ESMCI::CompTunnel::dual2actual() dual2actual() socketBased (dual side)...
20201110 014647.621 INFO             PET5 ESMCI_CompTunnel.C:841 ESMCI::CompTunnel::dual2actual() dual2actual() socketBased (dual side)...
20201110 014647.621 INFO             PET5 ESMCI_CompTunnel.C:988 ESMCI::CompTunnel::actual2dual() actual2dual() socketBased (dual side)...
20201110 014647.665 INFO             PET5 ESMCI_CompTunnel.C:841 ESMCI::CompTunnel::dual2actual() dual2actual() socketBased (dual side)...
20201110 014647.665 INFO             PET5 ESMCI_CompTunnel.C:841 ESMCI::CompTunnel::dual2actual() dual2actual() socketBased (dual side)...
20201110 014647.665 INFO             PET5 ESMCI_CompTunnel.C:988 ESMCI::CompTunnel::actual2dual() actual2dual() socketBased (dual side)...
20201110 014647.709 INFO             PET5 ESMCI_CompTunnel.C:841 ESMCI::CompTunnel::dual2actual() dual2actual() socketBased (dual side)...
20201110 014647.711 INFO             PET5 ESMCI_CompTunnel.C:841 ESMCI::CompTunnel::dual2actual() dual2actual() socketBased (dual side)...
20201110 014647.711 INFO             PET5 ESMCI_CompTunnel.C:988 ESMCI::CompTunnel::actual2dual() actual2dual() socketBased (dual side)...
20201110 014647.753 INFO             PET5  NUMBER_OF_PROCESSORS           6
20201110 014647.753 INFO             PET5  PASS  Example ESMF_CompTunnelEx, ESMF_CompTunnelEx.F90, line 549
20201110 014647.753 INFO             PET5 Finalizing ESMF
Tue Nov 10 10:28:51 MST 2020
