20201022 014103.273 INFO             PET0 !!!!!!!!!!!!!!!!!!!!!!!!!!!!!!!!!!!!!!!!!!!!!!!!!!!!!!
20201022 014103.273 INFO             PET0 !!! THE ESMF_LOG IS SET TO OUTPUT ALL LOG MESSAGES !!!
20201022 014103.273 INFO             PET0 !!!     THIS MAY CAUSE SLOWDOWN IN PERFORMANCE     !!!
20201022 014103.273 INFO             PET0 !!! FOR PRODUCTION RUNS, USE:                      !!!
20201022 014103.273 INFO             PET0 !!!                   ESMF_LOGKIND_Multi_On_Error  !!!
20201022 014103.273 INFO             PET0 !!!!!!!!!!!!!!!!!!!!!!!!!!!!!!!!!!!!!!!!!!!!!!!!!!!!!!
20201022 014103.273 INFO             PET0 Running with ESMF Version   : ESMF_8_1_0_beta_snapshot_35-23-gc33790beec
20201022 014103.273 INFO             PET0 ESMF library build date/time: "Oct 22 2020" "01:13:15"
20201022 014103.273 INFO             PET0 ESMF library build location : /glade/scratch/himanshu/scripts_dir/daily/intel_cheyenne/esmf
20201022 014103.273 INFO             PET0 ESMF_COMM                   : mpt
20201022 014103.274 INFO             PET0 ESMF_NETCDF                 : disabled
20201022 014103.274 INFO             PET0 ESMF_PNETCDF                : disabled
20201022 014103.274 INFO             PET0 ESMF_PIO                    : enabled
20201022 014103.274 INFO             PET0 ESMF_YAMLCPP                : enabled
20201022 014103.274 INFO             PET0 ESMF_MOAB                   : enabled
20201022 014103.301 INFO             PET0  NUMBER_OF_PROCESSORS           4
20201022 014103.301 INFO             PET0  PASS  Example ESMF_VMUserMpiCommMultiEx, ESMF_VMUserMpiCommMultiEx.F90, line 126
20201022 014103.301 INFO             PET0 Finalizing ESMF
20201022 014103.286 INFO             PET0 !!!!!!!!!!!!!!!!!!!!!!!!!!!!!!!!!!!!!!!!!!!!!!!!!!!!!!
20201022 014103.286 INFO             PET0 !!! THE ESMF_LOG IS SET TO OUTPUT ALL LOG MESSAGES !!!
20201022 014103.286 INFO             PET0 !!!     THIS MAY CAUSE SLOWDOWN IN PERFORMANCE     !!!
20201022 014103.286 INFO             PET0 !!! FOR PRODUCTION RUNS, USE:                      !!!
20201022 014103.286 INFO             PET0 !!!                   ESMF_LOGKIND_Multi_On_Error  !!!
20201022 014103.286 INFO             PET0 !!!!!!!!!!!!!!!!!!!!!!!!!!!!!!!!!!!!!!!!!!!!!!!!!!!!!!
20201022 014103.286 INFO             PET0 Running with ESMF Version   : ESMF_8_1_0_beta_snapshot_35-23-gc33790beec
20201022 014103.286 INFO             PET0 ESMF library build date/time: "Oct 22 2020" "01:13:15"
20201022 014103.286 INFO             PET0 ESMF library build location : /glade/scratch/himanshu/scripts_dir/daily/intel_cheyenne/esmf
20201022 014103.286 INFO             PET0 ESMF_COMM                   : mpt
20201022 014103.286 INFO             PET0 ESMF_NETCDF                 : disabled
20201022 014103.286 INFO             PET0 ESMF_PNETCDF                : disabled
20201022 014103.286 INFO             PET0 ESMF_PIO                    : enabled
20201022 014103.286 INFO             PET0 ESMF_YAMLCPP                : enabled
20201022 014103.286 INFO             PET0 ESMF_MOAB                   : enabled
20201022 014103.287 INFO             PET0  NUMBER_OF_PROCESSORS           4
20201022 014103.287 INFO             PET0  PASS  Example ESMF_VMUserMpiCommMultiEx, ESMF_VMUserMpiCommMultiEx.F90, line 154
20201022 014103.287 INFO             PET0 Finalizing ESMF
20201022 014103.286 INFO             PET1 !!!!!!!!!!!!!!!!!!!!!!!!!!!!!!!!!!!!!!!!!!!!!!!!!!!!!!
20201022 014103.286 INFO             PET1 !!! THE ESMF_LOG IS SET TO OUTPUT ALL LOG MESSAGES !!!
20201022 014103.286 INFO             PET1 !!!     THIS MAY CAUSE SLOWDOWN IN PERFORMANCE     !!!
20201022 014103.286 INFO             PET1 !!! FOR PRODUCTION RUNS, USE:                      !!!
20201022 014103.286 INFO             PET1 !!!                   ESMF_LOGKIND_Multi_On_Error  !!!
20201022 014103.286 INFO             PET1 !!!!!!!!!!!!!!!!!!!!!!!!!!!!!!!!!!!!!!!!!!!!!!!!!!!!!!
20201022 014103.286 INFO             PET1 Running with ESMF Version   : ESMF_8_1_0_beta_snapshot_35-23-gc33790beec
20201022 014103.286 INFO             PET1 ESMF library build date/time: "Oct 22 2020" "01:13:15"
20201022 014103.286 INFO             PET1 ESMF library build location : /glade/scratch/himanshu/scripts_dir/daily/intel_cheyenne/esmf
20201022 014103.286 INFO             PET1 ESMF_COMM                   : mpt
20201022 014103.286 INFO             PET1 ESMF_NETCDF                 : disabled
20201022 014103.286 INFO             PET1 ESMF_PNETCDF                : disabled
20201022 014103.286 INFO             PET1 ESMF_PIO                    : enabled
20201022 014103.286 INFO             PET1 ESMF_YAMLCPP                : enabled
20201022 014103.286 INFO             PET1 ESMF_MOAB                   : enabled
20201022 014103.286 INFO             PET1  NUMBER_OF_PROCESSORS           4
20201022 014103.287 INFO             PET1  PASS  Example ESMF_VMUserMpiCommMultiEx, ESMF_VMUserMpiCommMultiEx.F90, line 126
20201022 014103.287 INFO             PET1 Finalizing ESMF
20201022 014103.273 INFO             PET1 !!!!!!!!!!!!!!!!!!!!!!!!!!!!!!!!!!!!!!!!!!!!!!!!!!!!!!
20201022 014103.273 INFO             PET1 !!! THE ESMF_LOG IS SET TO OUTPUT ALL LOG MESSAGES !!!
20201022 014103.273 INFO             PET1 !!!     THIS MAY CAUSE SLOWDOWN IN PERFORMANCE     !!!
20201022 014103.273 INFO             PET1 !!! FOR PRODUCTION RUNS, USE:                      !!!
20201022 014103.273 INFO             PET1 !!!                   ESMF_LOGKIND_Multi_On_Error  !!!
20201022 014103.273 INFO             PET1 !!!!!!!!!!!!!!!!!!!!!!!!!!!!!!!!!!!!!!!!!!!!!!!!!!!!!!
20201022 014103.273 INFO             PET1 Running with ESMF Version   : ESMF_8_1_0_beta_snapshot_35-23-gc33790beec
20201022 014103.273 INFO             PET1 ESMF library build date/time: "Oct 22 2020" "01:13:15"
20201022 014103.273 INFO             PET1 ESMF library build location : /glade/scratch/himanshu/scripts_dir/daily/intel_cheyenne/esmf
20201022 014103.273 INFO             PET1 ESMF_COMM                   : mpt
20201022 014103.273 INFO             PET1 ESMF_NETCDF                 : disabled
20201022 014103.273 INFO             PET1 ESMF_PNETCDF                : disabled
20201022 014103.273 INFO             PET1 ESMF_PIO                    : enabled
20201022 014103.273 INFO             PET1 ESMF_YAMLCPP                : enabled
20201022 014103.273 INFO             PET1 ESMF_MOAB                   : enabled
20201022 014103.301 INFO             PET1  NUMBER_OF_PROCESSORS           4
20201022 014103.301 INFO             PET1  PASS  Example ESMF_VMUserMpiCommMultiEx, ESMF_VMUserMpiCommMultiEx.F90, line 154
20201022 014103.301 INFO             PET1 Finalizing ESMF
