commit a5de1ce6f5da1ec48f6d6199b01d38a754b8361f
Author: Himanshu Pillai <himanshu@cgdm-catania.cgd.ucar.edu>
Date:   Tue Feb 9 23:46:32 2021 -0700

     Catania IntelClang commit log pushed at Tue Feb  9 23:46:31 MST 2021

commit 2e1f2b712d949fdb5770e7aca0b584894870dbd1
Author: Himanshu Pillai <himanshu@cgdm-catania.cgd.ucar.edu>
Date:   Tue Feb 9 02:03:53 2021 -0700

     Catania IntelClang commit log pushed at Tue Feb  9 02:03:52 MST 2021

commit 719fc9fda76478fb372e0541b01cec926057810c
Author: Himanshu Pillai <himanshu@cgdm-catania.cgd.ucar.edu>
Date:   Sun Feb 7 21:48:24 2021 -0700

     Catania IntelClang commit log pushed at Sun Feb  7 21:48:23 MST 2021

commit d11921af2f9c677a26f7ab301f700dd1e6277a71
Author: Himanshu Pillai <himanshu@cgdm-catania.cgd.ucar.edu>
Date:   Sat Feb 6 22:15:37 2021 -0700

     Catania IntelClang commit log pushed at Sat Feb  6 22:15:36 MST 2021

commit 26f92c9ba44a3984ed88cbf3e6efd8a4375d72a7
Author: Himanshu Pillai <himanshu@cgdm-catania.cgd.ucar.edu>
Date:   Fri Feb 5 23:56:42 2021 -0700

     Catania IntelClang commit log pushed at Fri Feb  5 23:56:41 MST 2021
