20210220 230949.598 INFO             PET3 !!!!!!!!!!!!!!!!!!!!!!!!!!!!!!!!!!!!!!!!!!!!!!!!!!!!!!
20210220 230949.599 INFO             PET3 !!! THE ESMF_LOG IS SET TO OUTPUT ALL LOG MESSAGES !!!
20210220 230949.599 INFO             PET3 !!!     THIS MAY CAUSE SLOWDOWN IN PERFORMANCE     !!!
20210220 230949.599 INFO             PET3 !!! FOR PRODUCTION RUNS, USE:                      !!!
20210220 230949.599 INFO             PET3 !!!                   ESMF_LOGKIND_Multi_On_Error  !!!
20210220 230949.599 INFO             PET3 !!!!!!!!!!!!!!!!!!!!!!!!!!!!!!!!!!!!!!!!!!!!!!!!!!!!!!
20210220 230949.599 INFO             PET3 Running with ESMF Version   : ESMF_8_1_0_beta_snapshot_47
20210220 230949.599 INFO             PET3 ESMF library build date/time: "Feb 20 2021" "23:02:13"
20210220 230949.599 INFO             PET3 ESMF library build location : /project/esmf/himanshu/esmf_test/cronjobs/release_8.1.0/intel/esmf
20210220 230949.599 INFO             PET3 ESMF_COMM                   : mpich3
20210220 230949.599 INFO             PET3 ESMF_MOAB                   : enabled
20210220 230949.599 INFO             PET3 ESMF_LAPACK                 : enabled
20210220 230949.599 INFO             PET3 ESMF_NETCDF                 : enabled
20210220 230949.599 INFO             PET3 ESMF_PNETCDF                : disabled
20210220 230949.599 INFO             PET3 ESMF_PIO                    : enabled
20210220 230949.599 INFO             PET3 ESMF_YAMLCPP                : enabled
20210220 230949.620 INFO             PET3 Finalizing ESMF
20210220 230949.976 INFO             PET3 !!!!!!!!!!!!!!!!!!!!!!!!!!!!!!!!!!!!!!!!!!!!!!!!!!!!!!
20210220 230949.977 INFO             PET3 !!! THE ESMF_LOG IS SET TO OUTPUT ALL LOG MESSAGES !!!
20210220 230949.977 INFO             PET3 !!!     THIS MAY CAUSE SLOWDOWN IN PERFORMANCE     !!!
20210220 230949.977 INFO             PET3 !!! FOR PRODUCTION RUNS, USE:                      !!!
20210220 230949.977 INFO             PET3 !!!                   ESMF_LOGKIND_Multi_On_Error  !!!
20210220 230949.977 INFO             PET3 !!!!!!!!!!!!!!!!!!!!!!!!!!!!!!!!!!!!!!!!!!!!!!!!!!!!!!
20210220 230949.977 INFO             PET3 Running with ESMF Version   : ESMF_8_1_0_beta_snapshot_47
20210220 230949.977 INFO             PET3 ESMF library build date/time: "Feb 20 2021" "23:02:13"
20210220 230949.977 INFO             PET3 ESMF library build location : /project/esmf/himanshu/esmf_test/cronjobs/release_8.1.0/intel/esmf
20210220 230949.977 INFO             PET3 ESMF_COMM                   : mpich3
20210220 230949.977 INFO             PET3 ESMF_MOAB                   : enabled
20210220 230949.977 INFO             PET3 ESMF_LAPACK                 : enabled
20210220 230949.977 INFO             PET3 ESMF_NETCDF                 : enabled
20210220 230949.977 INFO             PET3 ESMF_PNETCDF                : disabled
20210220 230949.977 INFO             PET3 ESMF_PIO                    : enabled
20210220 230949.977 INFO             PET3 ESMF_YAMLCPP                : enabled
20210220 230949.998 INFO             PET3 Finalizing ESMF
20210220 230950.372 INFO             PET3 !!!!!!!!!!!!!!!!!!!!!!!!!!!!!!!!!!!!!!!!!!!!!!!!!!!!!!
20210220 230950.373 INFO             PET3 !!! THE ESMF_LOG IS SET TO OUTPUT ALL LOG MESSAGES !!!
20210220 230950.373 INFO             PET3 !!!     THIS MAY CAUSE SLOWDOWN IN PERFORMANCE     !!!
20210220 230950.373 INFO             PET3 !!! FOR PRODUCTION RUNS, USE:                      !!!
20210220 230950.373 INFO             PET3 !!!                   ESMF_LOGKIND_Multi_On_Error  !!!
20210220 230950.373 INFO             PET3 !!!!!!!!!!!!!!!!!!!!!!!!!!!!!!!!!!!!!!!!!!!!!!!!!!!!!!
20210220 230950.373 INFO             PET3 Running with ESMF Version   : ESMF_8_1_0_beta_snapshot_47
20210220 230950.373 INFO             PET3 ESMF library build date/time: "Feb 20 2021" "23:02:13"
20210220 230950.373 INFO             PET3 ESMF library build location : /project/esmf/himanshu/esmf_test/cronjobs/release_8.1.0/intel/esmf
20210220 230950.373 INFO             PET3 ESMF_COMM                   : mpich3
20210220 230950.376 INFO             PET3 ESMF_MOAB                   : enabled
20210220 230950.376 INFO             PET3 ESMF_LAPACK                 : enabled
20210220 230950.376 INFO             PET3 ESMF_NETCDF                 : enabled
20210220 230950.376 INFO             PET3 ESMF_PNETCDF                : disabled
20210220 230950.376 INFO             PET3 ESMF_PIO                    : enabled
20210220 230950.376 INFO             PET3 ESMF_YAMLCPP                : enabled
20210220 230950.397 INFO             PET3 Finalizing ESMF
Sun Feb 21 00:06:37 MST 2021
