cd /project/esmf/himanshu/intel/esmf/src/apps; gmake ACTION=tree_build_apps tree
gmake[1]: Entering directory '/project/esmf/himanshu/intel/esmf/src/apps'
tree_build_apps in: /project/esmf/himanshu/intel/esmf/src/apps/ESMF_Info
gmake[2]: Entering directory '/project/esmf/himanshu/intel/esmf/src/apps/ESMF_Info'
gmake chkdir_apps
gmake[3]: Entering directory '/project/esmf/himanshu/intel/esmf/src/apps/ESMF_Info'
Making directory /project/esmf/himanshu/intel/esmf/apps/appsg/Linux.intel.64.mpiuni.default for apps output
gmake[3]: Leaving directory '/project/esmf/himanshu/intel/esmf/src/apps/ESMF_Info'
ifort    -m64 -mcmodel=small -pthread -threads -Wl,--no-as-needed  -qopenmp -L/project/esmf/himanshu/intel/esmf/lib/libg/Linux.intel.64.mpiuni.default   -Wl,-rpath,/project/esmf/himanshu/intel/esmf/lib/libg/Linux.intel.64.mpiuni.default  -o /project/esmf/himanshu/intel/esmf/apps/appsg/Linux.intel.64.mpiuni.default/ESMF_Info /project/esmf/himanshu/intel/esmf/obj/objg/Linux.intel.64.mpiuni.default/src/apps/ESMF_Info/ESMF_Info.o -lesmf  -cxxlib -lrt -ldl
gmake[2]: Leaving directory '/project/esmf/himanshu/intel/esmf/src/apps/ESMF_Info'
tree_build_apps in: /project/esmf/himanshu/intel/esmf/src/apps/ESMF_InfoC
gmake[2]: Entering directory '/project/esmf/himanshu/intel/esmf/src/apps/ESMF_InfoC'
gmake chkdir_apps
gmake[3]: Entering directory '/project/esmf/himanshu/intel/esmf/src/apps/ESMF_InfoC'
gmake[3]: Leaving directory '/project/esmf/himanshu/intel/esmf/src/apps/ESMF_InfoC'
icpc    -m64 -mcmodel=small -pthread -Wl,--no-as-needed  -qopenmp -L/project/esmf/himanshu/intel/esmf/lib/libg/Linux.intel.64.mpiuni.default  -L/usr/local/intel-cluster-20.0.1/compilers_and_libraries_2020.0.166/linux/compiler/lib/intel64_lin/ -Wl,-rpath,/project/esmf/himanshu/intel/esmf/lib/libg/Linux.intel.64.mpiuni.default  -Wl,-rpath,/usr/local/intel-cluster-20.0.1/compilers_and_libraries_2020.0.166/linux/compiler/lib/intel64_lin/ -o /project/esmf/himanshu/intel/esmf/apps/appsg/Linux.intel.64.mpiuni.default/ESMF_InfoC /project/esmf/himanshu/intel/esmf/obj/objg/Linux.intel.64.mpiuni.default/src/apps/ESMF_InfoC/ESMF_InfoC.o -lesmf  -lifport -lifcoremt -limf -lsvml -lm -lipgo -liomp5 -lintlc -lpthread -lsvml -ldl -lgcc -lgcc_s -lirc_s -ldl -lrt -ldl
gmake[2]: Leaving directory '/project/esmf/himanshu/intel/esmf/src/apps/ESMF_InfoC'
tree_build_apps in: /project/esmf/himanshu/intel/esmf/src/apps/ESMF_RegridWeightGen
gmake[2]: Entering directory '/project/esmf/himanshu/intel/esmf/src/apps/ESMF_RegridWeightGen'
gmake chkdir_apps
gmake[3]: Entering directory '/project/esmf/himanshu/intel/esmf/src/apps/ESMF_RegridWeightGen'
gmake[3]: Leaving directory '/project/esmf/himanshu/intel/esmf/src/apps/ESMF_RegridWeightGen'
ifort    -m64 -mcmodel=small -pthread -threads -Wl,--no-as-needed  -qopenmp -L/project/esmf/himanshu/intel/esmf/lib/libg/Linux.intel.64.mpiuni.default   -Wl,-rpath,/project/esmf/himanshu/intel/esmf/lib/libg/Linux.intel.64.mpiuni.default  -o /project/esmf/himanshu/intel/esmf/apps/appsg/Linux.intel.64.mpiuni.default/ESMF_RegridWeightGen /project/esmf/himanshu/intel/esmf/obj/objg/Linux.intel.64.mpiuni.default/src/apps/ESMF_RegridWeightGen/ESMF_RegridWeightGen.o -lesmf  -cxxlib -lrt -ldl
gmake[2]: Leaving directory '/project/esmf/himanshu/intel/esmf/src/apps/ESMF_RegridWeightGen'
tree_build_apps in: /project/esmf/himanshu/intel/esmf/src/apps/ESMF_WebServController
gmake[2]: Entering directory '/project/esmf/himanshu/intel/esmf/src/apps/ESMF_WebServController'
gmake chkdir_apps
gmake[3]: Entering directory '/project/esmf/himanshu/intel/esmf/src/apps/ESMF_WebServController'
gmake[3]: Leaving directory '/project/esmf/himanshu/intel/esmf/src/apps/ESMF_WebServController'
icpc    -m64 -mcmodel=small -pthread -Wl,--no-as-needed  -qopenmp -L/project/esmf/himanshu/intel/esmf/lib/libg/Linux.intel.64.mpiuni.default  -L/usr/local/intel-cluster-20.0.1/compilers_and_libraries_2020.0.166/linux/compiler/lib/intel64_lin/ -Wl,-rpath,/project/esmf/himanshu/intel/esmf/lib/libg/Linux.intel.64.mpiuni.default  -Wl,-rpath,/usr/local/intel-cluster-20.0.1/compilers_and_libraries_2020.0.166/linux/compiler/lib/intel64_lin/ -o /project/esmf/himanshu/intel/esmf/apps/appsg/Linux.intel.64.mpiuni.default/ESMF_WebServController /project/esmf/himanshu/intel/esmf/obj/objg/Linux.intel.64.mpiuni.default/src/apps/ESMF_WebServController/ESMF_WebServController.o -lesmf  -lifport -lifcoremt -limf -lsvml -lm -lipgo -liomp5 -lintlc -lpthread -lsvml -ldl -lgcc -lgcc_s -lirc_s -ldl -lrt -ldl
gmake[2]: Leaving directory '/project/esmf/himanshu/intel/esmf/src/apps/ESMF_WebServController'
tree_build_apps in: /project/esmf/himanshu/intel/esmf/src/apps/ESMF_Scrip2Unstruct
gmake[2]: Entering directory '/project/esmf/himanshu/intel/esmf/src/apps/ESMF_Scrip2Unstruct'
gmake chkdir_apps
gmake[3]: Entering directory '/project/esmf/himanshu/intel/esmf/src/apps/ESMF_Scrip2Unstruct'
gmake[3]: Leaving directory '/project/esmf/himanshu/intel/esmf/src/apps/ESMF_Scrip2Unstruct'
icpc    -m64 -mcmodel=small -pthread -Wl,--no-as-needed  -qopenmp -L/project/esmf/himanshu/intel/esmf/lib/libg/Linux.intel.64.mpiuni.default  -L/usr/local/intel-cluster-20.0.1/compilers_and_libraries_2020.0.166/linux/compiler/lib/intel64_lin/ -Wl,-rpath,/project/esmf/himanshu/intel/esmf/lib/libg/Linux.intel.64.mpiuni.default  -Wl,-rpath,/usr/local/intel-cluster-20.0.1/compilers_and_libraries_2020.0.166/linux/compiler/lib/intel64_lin/ -o /project/esmf/himanshu/intel/esmf/apps/appsg/Linux.intel.64.mpiuni.default/ESMF_Scrip2Unstruct /project/esmf/himanshu/intel/esmf/obj/objg/Linux.intel.64.mpiuni.default/src/apps/ESMF_Scrip2Unstruct/ESMF_Scrip2Unstruct.o -lesmf  -lifport -lifcoremt -limf -lsvml -lm -lipgo -liomp5 -lintlc -lpthread -lsvml -ldl -lgcc -lgcc_s -lirc_s -ldl -lrt -ldl
gmake[2]: Leaving directory '/project/esmf/himanshu/intel/esmf/src/apps/ESMF_Scrip2Unstruct'
tree_build_apps in: /project/esmf/himanshu/intel/esmf/src/apps/ESMF_Regrid
gmake[2]: Entering directory '/project/esmf/himanshu/intel/esmf/src/apps/ESMF_Regrid'
gmake chkdir_apps
gmake[3]: Entering directory '/project/esmf/himanshu/intel/esmf/src/apps/ESMF_Regrid'
gmake[3]: Leaving directory '/project/esmf/himanshu/intel/esmf/src/apps/ESMF_Regrid'
ifort    -m64 -mcmodel=small -pthread -threads -Wl,--no-as-needed  -qopenmp -L/project/esmf/himanshu/intel/esmf/lib/libg/Linux.intel.64.mpiuni.default   -Wl,-rpath,/project/esmf/himanshu/intel/esmf/lib/libg/Linux.intel.64.mpiuni.default  -o /project/esmf/himanshu/intel/esmf/apps/appsg/Linux.intel.64.mpiuni.default/ESMF_Regrid /project/esmf/himanshu/intel/esmf/obj/objg/Linux.intel.64.mpiuni.default/src/apps/ESMF_Regrid/ESMF_Regrid.o -lesmf  -cxxlib -lrt -ldl
gmake[2]: Leaving directory '/project/esmf/himanshu/intel/esmf/src/apps/ESMF_Regrid'
gmake[1]: Leaving directory '/project/esmf/himanshu/intel/esmf/src/apps'
ESMF apps built successfully.
Tue Jan 26 10:27:27 MST 2021
