commit f6315caf235d3bba947d1338ae2b9e77008ec6c6
Author: Himanshu Pillai <himanshu@cgdm-catania.cgd.ucar.edu>
Date:   Thu Feb 11 23:55:50 2021 -0700

     Catania BFB artifacts pushed at Thu Feb 11 23:55:49 MST 2021

commit 5180fd015c37cf8a7f274c55bf4e063330c87970
Author: Himanshu Pillai <himanshu@cgdm-catania.cgd.ucar.edu>
Date:   Thu Feb 11 02:26:04 2021 -0700

     Catania BFB artifacts pushed at Thu Feb 11 02:26:03 MST 2021

commit 191d47d4e7a00c984aaad5555b38e46a2da3c59c
Author: Himanshu Pillai <himanshu@cgdm-catania.cgd.ucar.edu>
Date:   Tue Feb 9 23:46:56 2021 -0700

     Catania BFB artifacts pushed at Tue Feb  9 23:46:56 MST 2021

commit d93ff021b0b1e55d93a68f3bc2afc65bfe5292ef
Author: Himanshu Pillai <himanshu@cgdm-catania.cgd.ucar.edu>
Date:   Tue Feb 9 02:04:55 2021 -0700

     Catania BFB artifacts pushed at Tue Feb  9 02:04:55 MST 2021

commit 65791f548a83cea97523bb07d2970aa19a91dded
Author: Himanshu Pillai <himanshu@cgdm-catania.cgd.ucar.edu>
Date:   Sun Feb 7 21:48:48 2021 -0700

     Catania BFB artifacts pushed at Sun Feb  7 21:48:47 MST 2021
