20200921 060744.820 INFO             PET0 !!!!!!!!!!!!!!!!!!!!!!!!!!!!!!!!!!!!!!!!!!!!!!!!!!!!!!
20200921 060744.821 INFO             PET0 !!! THE ESMF_LOG IS SET TO OUTPUT ALL LOG MESSAGES !!!
20200921 060744.821 INFO             PET0 !!!     THIS MAY CAUSE SLOWDOWN IN PERFORMANCE     !!!
20200921 060744.821 INFO             PET0 !!! FOR PRODUCTION RUNS, USE:                      !!!
20200921 060744.821 INFO             PET0 !!!                   ESMF_LOGKIND_Multi_On_Error  !!!
20200921 060744.821 INFO             PET0 !!!!!!!!!!!!!!!!!!!!!!!!!!!!!!!!!!!!!!!!!!!!!!!!!!!!!!
20200921 060744.821 INFO             PET0 Running with ESMF Version   : ESMF_8_1_0_beta_snapshot_28
20200921 060744.821 INFO             PET0 ESMF library build date/time: "Sep 21 2020" "05:52:10"
20200921 060744.821 INFO             PET0 ESMF library build location : /home1/07356/tg866552/himanshu/esmf
20200921 060744.821 INFO             PET0 ESMF_COMM                   : intelmpi
20200921 060744.825 INFO             PET0 ESMF_NETCDF                 : enabled
20200921 060744.825 INFO             PET0 ESMF_PNETCDF                : disabled
20200921 060744.825 INFO             PET0 ESMF_PIO                    : enabled
20200921 060744.825 INFO             PET0 ESMF_YAMLCPP                : enabled
20200921 060744.825 INFO             PET0 ESMF_MOAB                   : enabled
20200921 060744.834 INFO             PET0 Finalizing ESMF
20200921 060747.010 INFO             PET0 !!!!!!!!!!!!!!!!!!!!!!!!!!!!!!!!!!!!!!!!!!!!!!!!!!!!!!
20200921 060747.010 INFO             PET0 !!! THE ESMF_LOG IS SET TO OUTPUT ALL LOG MESSAGES !!!
20200921 060747.010 INFO             PET0 !!!     THIS MAY CAUSE SLOWDOWN IN PERFORMANCE     !!!
20200921 060747.010 INFO             PET0 !!! FOR PRODUCTION RUNS, USE:                      !!!
20200921 060747.010 INFO             PET0 !!!                   ESMF_LOGKIND_Multi_On_Error  !!!
20200921 060747.010 INFO             PET0 !!!!!!!!!!!!!!!!!!!!!!!!!!!!!!!!!!!!!!!!!!!!!!!!!!!!!!
20200921 060747.010 INFO             PET0 Running with ESMF Version   : ESMF_8_1_0_beta_snapshot_28
20200921 060747.010 INFO             PET0 ESMF library build date/time: "Sep 21 2020" "05:52:10"
20200921 060747.010 INFO             PET0 ESMF library build location : /home1/07356/tg866552/himanshu/esmf
20200921 060747.010 INFO             PET0 ESMF_COMM                   : intelmpi
20200921 060747.022 INFO             PET0 ESMF_NETCDF                 : enabled
20200921 060747.022 INFO             PET0 ESMF_PNETCDF                : disabled
20200921 060747.022 INFO             PET0 ESMF_PIO                    : enabled
20200921 060747.022 INFO             PET0 ESMF_YAMLCPP                : enabled
20200921 060747.022 INFO             PET0 ESMF_MOAB                   : enabled
20200921 060747.024 INFO             PET0 Finalizing ESMF
20200921 060749.198 INFO             PET0 !!!!!!!!!!!!!!!!!!!!!!!!!!!!!!!!!!!!!!!!!!!!!!!!!!!!!!
20200921 060749.199 INFO             PET0 !!! THE ESMF_LOG IS SET TO OUTPUT ALL LOG MESSAGES !!!
20200921 060749.199 INFO             PET0 !!!     THIS MAY CAUSE SLOWDOWN IN PERFORMANCE     !!!
20200921 060749.199 INFO             PET0 !!! FOR PRODUCTION RUNS, USE:                      !!!
20200921 060749.199 INFO             PET0 !!!                   ESMF_LOGKIND_Multi_On_Error  !!!
20200921 060749.199 INFO             PET0 !!!!!!!!!!!!!!!!!!!!!!!!!!!!!!!!!!!!!!!!!!!!!!!!!!!!!!
20200921 060749.199 INFO             PET0 Running with ESMF Version   : ESMF_8_1_0_beta_snapshot_28
20200921 060749.199 INFO             PET0 ESMF library build date/time: "Sep 21 2020" "05:52:10"
20200921 060749.199 INFO             PET0 ESMF library build location : /home1/07356/tg866552/himanshu/esmf
20200921 060749.199 INFO             PET0 ESMF_COMM                   : intelmpi
20200921 060749.206 INFO             PET0 ESMF_NETCDF                 : enabled
20200921 060749.207 INFO             PET0 ESMF_PNETCDF                : disabled
20200921 060749.207 INFO             PET0 ESMF_PIO                    : enabled
20200921 060749.207 INFO             PET0 ESMF_YAMLCPP                : enabled
20200921 060749.207 INFO             PET0 ESMF_MOAB                   : enabled
20200921 060749.208 INFO             PET0 Finalizing ESMF
