20200829 202457.961 INFO             PET3 !!!!!!!!!!!!!!!!!!!!!!!!!!!!!!!!!!!!!!!!!!!!!!!!!!!!!!
20200829 202457.961 INFO             PET3 !!! THE ESMF_LOG IS SET TO OUTPUT ALL LOG MESSAGES !!!
20200829 202457.961 INFO             PET3 !!!     THIS MAY CAUSE SLOWDOWN IN PERFORMANCE     !!!
20200829 202457.961 INFO             PET3 !!! FOR PRODUCTION RUNS, USE:                      !!!
20200829 202457.961 INFO             PET3 !!!                   ESMF_LOGKIND_Multi_On_Error  !!!
20200829 202457.961 INFO             PET3 !!!!!!!!!!!!!!!!!!!!!!!!!!!!!!!!!!!!!!!!!!!!!!!!!!!!!!
20200829 202457.961 INFO             PET3 Running with ESMF Version   : ESMF_8_1_0_beta_snapshot_26-45-g097755b7fd
20200829 202457.961 INFO             PET3 ESMF library build date/time: "Aug 29 2020" "20:09:04"
20200829 202457.961 INFO             PET3 ESMF library build location : /home1/07356/tg866552/himanshu/esmf
20200829 202457.961 INFO             PET3 ESMF_COMM                   : intelmpi
20200829 202457.966 INFO             PET3 ESMF_NETCDF                 : enabled
20200829 202457.966 INFO             PET3 ESMF_PNETCDF                : disabled
20200829 202457.966 INFO             PET3 ESMF_PIO                    : enabled
20200829 202457.966 INFO             PET3 ESMF_YAMLCPP                : enabled
20200829 202457.966 INFO             PET3 ESMF_MOAB                   : enabled
20200829 202457.978 INFO             PET3 Finalizing ESMF
20200829 202500.156 INFO             PET3 !!!!!!!!!!!!!!!!!!!!!!!!!!!!!!!!!!!!!!!!!!!!!!!!!!!!!!
20200829 202500.157 INFO             PET3 !!! THE ESMF_LOG IS SET TO OUTPUT ALL LOG MESSAGES !!!
20200829 202500.157 INFO             PET3 !!!     THIS MAY CAUSE SLOWDOWN IN PERFORMANCE     !!!
20200829 202500.157 INFO             PET3 !!! FOR PRODUCTION RUNS, USE:                      !!!
20200829 202500.157 INFO             PET3 !!!                   ESMF_LOGKIND_Multi_On_Error  !!!
20200829 202500.157 INFO             PET3 !!!!!!!!!!!!!!!!!!!!!!!!!!!!!!!!!!!!!!!!!!!!!!!!!!!!!!
20200829 202500.157 INFO             PET3 Running with ESMF Version   : ESMF_8_1_0_beta_snapshot_26-45-g097755b7fd
20200829 202500.157 INFO             PET3 ESMF library build date/time: "Aug 29 2020" "20:09:04"
20200829 202500.157 INFO             PET3 ESMF library build location : /home1/07356/tg866552/himanshu/esmf
20200829 202500.157 INFO             PET3 ESMF_COMM                   : intelmpi
20200829 202500.166 INFO             PET3 ESMF_NETCDF                 : enabled
20200829 202500.166 INFO             PET3 ESMF_PNETCDF                : disabled
20200829 202500.166 INFO             PET3 ESMF_PIO                    : enabled
20200829 202500.166 INFO             PET3 ESMF_YAMLCPP                : enabled
20200829 202500.166 INFO             PET3 ESMF_MOAB                   : enabled
20200829 202500.168 INFO             PET3 Finalizing ESMF
20200829 202502.358 INFO             PET3 !!!!!!!!!!!!!!!!!!!!!!!!!!!!!!!!!!!!!!!!!!!!!!!!!!!!!!
20200829 202502.358 INFO             PET3 !!! THE ESMF_LOG IS SET TO OUTPUT ALL LOG MESSAGES !!!
20200829 202502.358 INFO             PET3 !!!     THIS MAY CAUSE SLOWDOWN IN PERFORMANCE     !!!
20200829 202502.358 INFO             PET3 !!! FOR PRODUCTION RUNS, USE:                      !!!
20200829 202502.358 INFO             PET3 !!!                   ESMF_LOGKIND_Multi_On_Error  !!!
20200829 202502.358 INFO             PET3 !!!!!!!!!!!!!!!!!!!!!!!!!!!!!!!!!!!!!!!!!!!!!!!!!!!!!!
20200829 202502.358 INFO             PET3 Running with ESMF Version   : ESMF_8_1_0_beta_snapshot_26-45-g097755b7fd
20200829 202502.358 INFO             PET3 ESMF library build date/time: "Aug 29 2020" "20:09:04"
20200829 202502.358 INFO             PET3 ESMF library build location : /home1/07356/tg866552/himanshu/esmf
20200829 202502.358 INFO             PET3 ESMF_COMM                   : intelmpi
20200829 202502.366 INFO             PET3 ESMF_NETCDF                 : enabled
20200829 202502.366 INFO             PET3 ESMF_PNETCDF                : disabled
20200829 202502.366 INFO             PET3 ESMF_PIO                    : enabled
20200829 202502.366 INFO             PET3 ESMF_YAMLCPP                : enabled
20200829 202502.366 INFO             PET3 ESMF_MOAB                   : enabled
20200829 202502.369 INFO             PET3 Finalizing ESMF
