20200923 012540.394 INFO             PET1 !!!!!!!!!!!!!!!!!!!!!!!!!!!!!!!!!!!!!!!!!!!!!!!!!!!!!!
20200923 012540.394 INFO             PET1 !!! THE ESMF_LOG IS SET TO OUTPUT ALL LOG MESSAGES !!!
20200923 012540.394 INFO             PET1 !!!     THIS MAY CAUSE SLOWDOWN IN PERFORMANCE     !!!
20200923 012540.394 INFO             PET1 !!! FOR PRODUCTION RUNS, USE:                      !!!
20200923 012540.394 INFO             PET1 !!!                   ESMF_LOGKIND_Multi_On_Error  !!!
20200923 012540.394 INFO             PET1 !!!!!!!!!!!!!!!!!!!!!!!!!!!!!!!!!!!!!!!!!!!!!!!!!!!!!!
20200923 012540.394 INFO             PET1 Running with ESMF Version   : ESMF_8_1_0_beta_snapshot_28-5-ge39bc55bea
20200923 012540.394 INFO             PET1 ESMF library build date/time: "Sep 23 2020" "01:21:28"
20200923 012540.394 INFO             PET1 ESMF library build location : /glade/scratch/himanshu/scripts_dir/daily/gfortran_cheyenne/esmf
20200923 012540.394 INFO             PET1 ESMF_COMM                   : mpich3
20200923 012540.394 INFO             PET1 ESMF_NETCDF                 : disabled
20200923 012540.394 INFO             PET1 ESMF_PNETCDF                : disabled
20200923 012540.394 INFO             PET1 ESMF_PIO                    : enabled
20200923 012540.394 INFO             PET1 ESMF_YAMLCPP                : enabled
20200923 012540.394 INFO             PET1 ESMF_MOAB                   : enabled
20200923 012540.394 INFO             PET1 Finalizing ESMF
20200923 012540.433 INFO             PET1 !!!!!!!!!!!!!!!!!!!!!!!!!!!!!!!!!!!!!!!!!!!!!!!!!!!!!!
20200923 012540.433 INFO             PET1 !!! THE ESMF_LOG IS SET TO OUTPUT ALL LOG MESSAGES !!!
20200923 012540.433 INFO             PET1 !!!     THIS MAY CAUSE SLOWDOWN IN PERFORMANCE     !!!
20200923 012540.433 INFO             PET1 !!! FOR PRODUCTION RUNS, USE:                      !!!
20200923 012540.433 INFO             PET1 !!!                   ESMF_LOGKIND_Multi_On_Error  !!!
20200923 012540.433 INFO             PET1 !!!!!!!!!!!!!!!!!!!!!!!!!!!!!!!!!!!!!!!!!!!!!!!!!!!!!!
20200923 012540.433 INFO             PET1 Running with ESMF Version   : ESMF_8_1_0_beta_snapshot_28-5-ge39bc55bea
20200923 012540.433 INFO             PET1 ESMF library build date/time: "Sep 23 2020" "01:21:28"
20200923 012540.433 INFO             PET1 ESMF library build location : /glade/scratch/himanshu/scripts_dir/daily/gfortran_cheyenne/esmf
20200923 012540.433 INFO             PET1 ESMF_COMM                   : mpich3
20200923 012540.433 INFO             PET1 ESMF_NETCDF                 : disabled
20200923 012540.433 INFO             PET1 ESMF_PNETCDF                : disabled
20200923 012540.433 INFO             PET1 ESMF_PIO                    : enabled
20200923 012540.433 INFO             PET1 ESMF_YAMLCPP                : enabled
20200923 012540.433 INFO             PET1 ESMF_MOAB                   : enabled
20200923 012540.433 INFO             PET1 Finalizing ESMF
20200923 012540.487 INFO             PET1 !!!!!!!!!!!!!!!!!!!!!!!!!!!!!!!!!!!!!!!!!!!!!!!!!!!!!!
20200923 012540.488 INFO             PET1 !!! THE ESMF_LOG IS SET TO OUTPUT ALL LOG MESSAGES !!!
20200923 012540.488 INFO             PET1 !!!     THIS MAY CAUSE SLOWDOWN IN PERFORMANCE     !!!
20200923 012540.488 INFO             PET1 !!! FOR PRODUCTION RUNS, USE:                      !!!
20200923 012540.488 INFO             PET1 !!!                   ESMF_LOGKIND_Multi_On_Error  !!!
20200923 012540.488 INFO             PET1 !!!!!!!!!!!!!!!!!!!!!!!!!!!!!!!!!!!!!!!!!!!!!!!!!!!!!!
20200923 012540.488 INFO             PET1 Running with ESMF Version   : ESMF_8_1_0_beta_snapshot_28-5-ge39bc55bea
20200923 012540.488 INFO             PET1 ESMF library build date/time: "Sep 23 2020" "01:21:28"
20200923 012540.488 INFO             PET1 ESMF library build location : /glade/scratch/himanshu/scripts_dir/daily/gfortran_cheyenne/esmf
20200923 012540.488 INFO             PET1 ESMF_COMM                   : mpich3
20200923 012540.488 INFO             PET1 ESMF_NETCDF                 : disabled
20200923 012540.488 INFO             PET1 ESMF_PNETCDF                : disabled
20200923 012540.488 INFO             PET1 ESMF_PIO                    : enabled
20200923 012540.488 INFO             PET1 ESMF_YAMLCPP                : enabled
20200923 012540.488 INFO             PET1 ESMF_MOAB                   : enabled
20200923 012540.490 INFO             PET1 Finalizing ESMF
