20200925 163400.304 INFO             PET3 !!!!!!!!!!!!!!!!!!!!!!!!!!!!!!!!!!!!!!!!!!!!!!!!!!!!!!
20200925 163400.304 INFO             PET3 !!! THE ESMF_LOG IS SET TO OUTPUT ALL LOG MESSAGES !!!
20200925 163400.304 INFO             PET3 !!!     THIS MAY CAUSE SLOWDOWN IN PERFORMANCE     !!!
20200925 163400.304 INFO             PET3 !!! FOR PRODUCTION RUNS, USE:                      !!!
20200925 163400.304 INFO             PET3 !!!                   ESMF_LOGKIND_Multi_On_Error  !!!
20200925 163400.304 INFO             PET3 !!!!!!!!!!!!!!!!!!!!!!!!!!!!!!!!!!!!!!!!!!!!!!!!!!!!!!
20200925 163400.304 INFO             PET3 Running with ESMF Version   : ESMF_8_1_0_beta_snapshot_30
20200925 163400.304 INFO             PET3 ESMF library build date/time: "Sep 25 2020" "16:29:51"
20200925 163400.304 INFO             PET3 ESMF library build location : /glade/scratch/himanshu/scripts_dir/daily/gfortran_cheyenne/esmf
20200925 163400.304 INFO             PET3 ESMF_COMM                   : mpich3
20200925 163400.304 INFO             PET3 ESMF_NETCDF                 : disabled
20200925 163400.304 INFO             PET3 ESMF_PNETCDF                : disabled
20200925 163400.304 INFO             PET3 ESMF_PIO                    : enabled
20200925 163400.304 INFO             PET3 ESMF_YAMLCPP                : enabled
20200925 163400.304 INFO             PET3 ESMF_MOAB                   : enabled
20200925 163400.305 INFO             PET3 Finalizing ESMF
20200925 163400.354 INFO             PET3 !!!!!!!!!!!!!!!!!!!!!!!!!!!!!!!!!!!!!!!!!!!!!!!!!!!!!!
20200925 163400.354 INFO             PET3 !!! THE ESMF_LOG IS SET TO OUTPUT ALL LOG MESSAGES !!!
20200925 163400.354 INFO             PET3 !!!     THIS MAY CAUSE SLOWDOWN IN PERFORMANCE     !!!
20200925 163400.354 INFO             PET3 !!! FOR PRODUCTION RUNS, USE:                      !!!
20200925 163400.354 INFO             PET3 !!!                   ESMF_LOGKIND_Multi_On_Error  !!!
20200925 163400.354 INFO             PET3 !!!!!!!!!!!!!!!!!!!!!!!!!!!!!!!!!!!!!!!!!!!!!!!!!!!!!!
20200925 163400.354 INFO             PET3 Running with ESMF Version   : ESMF_8_1_0_beta_snapshot_30
20200925 163400.354 INFO             PET3 ESMF library build date/time: "Sep 25 2020" "16:29:51"
20200925 163400.354 INFO             PET3 ESMF library build location : /glade/scratch/himanshu/scripts_dir/daily/gfortran_cheyenne/esmf
20200925 163400.354 INFO             PET3 ESMF_COMM                   : mpich3
20200925 163400.354 INFO             PET3 ESMF_NETCDF                 : disabled
20200925 163400.354 INFO             PET3 ESMF_PNETCDF                : disabled
20200925 163400.354 INFO             PET3 ESMF_PIO                    : enabled
20200925 163400.354 INFO             PET3 ESMF_YAMLCPP                : enabled
20200925 163400.354 INFO             PET3 ESMF_MOAB                   : enabled
20200925 163400.354 INFO             PET3 Finalizing ESMF
20200925 163400.404 INFO             PET3 !!!!!!!!!!!!!!!!!!!!!!!!!!!!!!!!!!!!!!!!!!!!!!!!!!!!!!
20200925 163400.404 INFO             PET3 !!! THE ESMF_LOG IS SET TO OUTPUT ALL LOG MESSAGES !!!
20200925 163400.404 INFO             PET3 !!!     THIS MAY CAUSE SLOWDOWN IN PERFORMANCE     !!!
20200925 163400.404 INFO             PET3 !!! FOR PRODUCTION RUNS, USE:                      !!!
20200925 163400.404 INFO             PET3 !!!                   ESMF_LOGKIND_Multi_On_Error  !!!
20200925 163400.404 INFO             PET3 !!!!!!!!!!!!!!!!!!!!!!!!!!!!!!!!!!!!!!!!!!!!!!!!!!!!!!
20200925 163400.404 INFO             PET3 Running with ESMF Version   : ESMF_8_1_0_beta_snapshot_30
20200925 163400.404 INFO             PET3 ESMF library build date/time: "Sep 25 2020" "16:29:51"
20200925 163400.404 INFO             PET3 ESMF library build location : /glade/scratch/himanshu/scripts_dir/daily/gfortran_cheyenne/esmf
20200925 163400.404 INFO             PET3 ESMF_COMM                   : mpich3
20200925 163400.404 INFO             PET3 ESMF_NETCDF                 : disabled
20200925 163400.404 INFO             PET3 ESMF_PNETCDF                : disabled
20200925 163400.404 INFO             PET3 ESMF_PIO                    : enabled
20200925 163400.404 INFO             PET3 ESMF_YAMLCPP                : enabled
20200925 163400.404 INFO             PET3 ESMF_MOAB                   : enabled
20200925 163400.407 INFO             PET3 Finalizing ESMF
