 
Installing ESMF:
 
mkdir -p /project/esmf/himanshu/esmf_test/cronjobs/release_8.1.0/gfortran/install_dir/include
cp -f /project/esmf/himanshu/esmf_test/cronjobs/release_8.1.0/gfortran/esmf/src/include/ESMC.h /project/esmf/himanshu/esmf_test/cronjobs/release_8.1.0/gfortran/install_dir/include
cp -f /project/esmf/himanshu/esmf_test/cronjobs/release_8.1.0/gfortran/esmf/src/include/ESMC_*.h /project/esmf/himanshu/esmf_test/cronjobs/release_8.1.0/gfortran/install_dir/include
cp -f /project/esmf/himanshu/esmf_test/cronjobs/release_8.1.0/gfortran/esmf/build_config/Darwin.gfortran.default/ESMC_Conf.h /project/esmf/himanshu/esmf_test/cronjobs/release_8.1.0/gfortran/install_dir/include
mkdir -p /project/esmf/himanshu/esmf_test/cronjobs/release_8.1.0/gfortran/install_dir/mod/modg/Darwin.gfortran.64.mpiuni.default
cp -f /project/esmf/himanshu/esmf_test/cronjobs/release_8.1.0/gfortran/esmf/mod/modg/Darwin.gfortran.64.mpiuni.default/*.mod /project/esmf/himanshu/esmf_test/cronjobs/release_8.1.0/gfortran/install_dir/mod/modg/Darwin.gfortran.64.mpiuni.default
cp: /project/esmf/himanshu/esmf_test/cronjobs/release_8.1.0/gfortran/install_dir/mod/modg/Darwin.gfortran.64.mpiuni.default/nuopc_compliance_driver.mod: No space left on device
cp: /project/esmf/himanshu/esmf_test/cronjobs/release_8.1.0/gfortran/install_dir/mod/modg/Darwin.gfortran.64.mpiuni.default/nuopc_compliance_model.mod: No space left on device
cp: /project/esmf/himanshu/esmf_test/cronjobs/release_8.1.0/gfortran/install_dir/mod/modg/Darwin.gfortran.64.mpiuni.default/nuopc_connector.mod: No space left on device
cp: /project/esmf/himanshu/esmf_test/cronjobs/release_8.1.0/gfortran/install_dir/mod/modg/Darwin.gfortran.64.mpiuni.default/nuopc_driver.mod: No space left on device
cp: /project/esmf/himanshu/esmf_test/cronjobs/release_8.1.0/gfortran/install_dir/mod/modg/Darwin.gfortran.64.mpiuni.default/nuopc_fielddictionaryapi.mod: No space left on device
cp: /project/esmf/himanshu/esmf_test/cronjobs/release_8.1.0/gfortran/install_dir/mod/modg/Darwin.gfortran.64.mpiuni.default/nuopc_fielddictionarydef.mod: No space left on device
cp: /project/esmf/himanshu/esmf_test/cronjobs/release_8.1.0/gfortran/install_dir/mod/modg/Darwin.gfortran.64.mpiuni.default/nuopc_freeformatdef.mod: No space left on device
cp: /project/esmf/himanshu/esmf_test/cronjobs/release_8.1.0/gfortran/install_dir/mod/modg/Darwin.gfortran.64.mpiuni.default/nuopc_mediator.mod: No space left on device
cp: /project/esmf/himanshu/esmf_test/cronjobs/release_8.1.0/gfortran/install_dir/mod/modg/Darwin.gfortran.64.mpiuni.default/nuopc_model.mod: No space left on device
cp: /project/esmf/himanshu/esmf_test/cronjobs/release_8.1.0/gfortran/install_dir/mod/modg/Darwin.gfortran.64.mpiuni.default/nuopc_modelbase.mod: No space left on device
cp: /project/esmf/himanshu/esmf_test/cronjobs/release_8.1.0/gfortran/install_dir/mod/modg/Darwin.gfortran.64.mpiuni.default/nuopc_runsequencedef.mod: No space left on device
make: *** [install] Error 1
Sun Feb 21 01:47:06 MST 2021
