20200922 025801.698 INFO             PET2 !!!!!!!!!!!!!!!!!!!!!!!!!!!!!!!!!!!!!!!!!!!!!!!!!!!!!!
20200922 025801.698 INFO             PET2 !!! THE ESMF_LOG IS SET TO OUTPUT ALL LOG MESSAGES !!!
20200922 025801.698 INFO             PET2 !!!     THIS MAY CAUSE SLOWDOWN IN PERFORMANCE     !!!
20200922 025801.698 INFO             PET2 !!! FOR PRODUCTION RUNS, USE:                      !!!
20200922 025801.698 INFO             PET2 !!!                   ESMF_LOGKIND_Multi_On_Error  !!!
20200922 025801.698 INFO             PET2 !!!!!!!!!!!!!!!!!!!!!!!!!!!!!!!!!!!!!!!!!!!!!!!!!!!!!!
20200922 025801.698 INFO             PET2 Running with ESMF Version   : ESMF_8_1_0_beta_snapshot_28-5-ge39bc55bea
20200922 025801.698 INFO             PET2 ESMF library build date/time: "Sep 22 2020" "02:46:59"
20200922 025801.698 INFO             PET2 ESMF library build location : /glade/scratch/himanshu/scripts_dir/daily/intel_cheyenne/esmf
20200922 025801.698 INFO             PET2 ESMF_COMM                   : openmpi
20200922 025801.698 INFO             PET2 ESMF_NETCDF                 : disabled
20200922 025801.698 INFO             PET2 ESMF_PNETCDF                : disabled
20200922 025801.698 INFO             PET2 ESMF_PIO                    : enabled
20200922 025801.698 INFO             PET2 ESMF_YAMLCPP                : enabled
20200922 025801.698 INFO             PET2 ESMF_MOAB                   : enabled
20200922 025801.699 INFO             PET2 Finalizing ESMF
20200922 025802.072 INFO             PET2 !!!!!!!!!!!!!!!!!!!!!!!!!!!!!!!!!!!!!!!!!!!!!!!!!!!!!!
20200922 025802.072 INFO             PET2 !!! THE ESMF_LOG IS SET TO OUTPUT ALL LOG MESSAGES !!!
20200922 025802.072 INFO             PET2 !!!     THIS MAY CAUSE SLOWDOWN IN PERFORMANCE     !!!
20200922 025802.072 INFO             PET2 !!! FOR PRODUCTION RUNS, USE:                      !!!
20200922 025802.072 INFO             PET2 !!!                   ESMF_LOGKIND_Multi_On_Error  !!!
20200922 025802.072 INFO             PET2 !!!!!!!!!!!!!!!!!!!!!!!!!!!!!!!!!!!!!!!!!!!!!!!!!!!!!!
20200922 025802.072 INFO             PET2 Running with ESMF Version   : ESMF_8_1_0_beta_snapshot_28-5-ge39bc55bea
20200922 025802.072 INFO             PET2 ESMF library build date/time: "Sep 22 2020" "02:46:59"
20200922 025802.072 INFO             PET2 ESMF library build location : /glade/scratch/himanshu/scripts_dir/daily/intel_cheyenne/esmf
20200922 025802.072 INFO             PET2 ESMF_COMM                   : openmpi
20200922 025802.073 INFO             PET2 ESMF_NETCDF                 : disabled
20200922 025802.073 INFO             PET2 ESMF_PNETCDF                : disabled
20200922 025802.073 INFO             PET2 ESMF_PIO                    : enabled
20200922 025802.073 INFO             PET2 ESMF_YAMLCPP                : enabled
20200922 025802.073 INFO             PET2 ESMF_MOAB                   : enabled
20200922 025802.073 INFO             PET2 Finalizing ESMF
20200922 025802.440 INFO             PET2 !!!!!!!!!!!!!!!!!!!!!!!!!!!!!!!!!!!!!!!!!!!!!!!!!!!!!!
20200922 025802.440 INFO             PET2 !!! THE ESMF_LOG IS SET TO OUTPUT ALL LOG MESSAGES !!!
20200922 025802.440 INFO             PET2 !!!     THIS MAY CAUSE SLOWDOWN IN PERFORMANCE     !!!
20200922 025802.440 INFO             PET2 !!! FOR PRODUCTION RUNS, USE:                      !!!
20200922 025802.440 INFO             PET2 !!!                   ESMF_LOGKIND_Multi_On_Error  !!!
20200922 025802.440 INFO             PET2 !!!!!!!!!!!!!!!!!!!!!!!!!!!!!!!!!!!!!!!!!!!!!!!!!!!!!!
20200922 025802.440 INFO             PET2 Running with ESMF Version   : ESMF_8_1_0_beta_snapshot_28-5-ge39bc55bea
20200922 025802.440 INFO             PET2 ESMF library build date/time: "Sep 22 2020" "02:46:59"
20200922 025802.440 INFO             PET2 ESMF library build location : /glade/scratch/himanshu/scripts_dir/daily/intel_cheyenne/esmf
20200922 025802.440 INFO             PET2 ESMF_COMM                   : openmpi
20200922 025802.441 INFO             PET2 ESMF_NETCDF                 : disabled
20200922 025802.441 INFO             PET2 ESMF_PNETCDF                : disabled
20200922 025802.441 INFO             PET2 ESMF_PIO                    : enabled
20200922 025802.441 INFO             PET2 ESMF_YAMLCPP                : enabled
20200922 025802.441 INFO             PET2 ESMF_MOAB                   : enabled
20200922 025802.443 INFO             PET2 Finalizing ESMF
