20201219 193112.747 INFO             PET0 !!!!!!!!!!!!!!!!!!!!!!!!!!!!!!!!!!!!!!!!!!!!!!!!!!!!!!
20201219 193112.747 INFO             PET0 !!! THE ESMF_LOG IS SET TO OUTPUT ALL LOG MESSAGES !!!
20201219 193112.747 INFO             PET0 !!!     THIS MAY CAUSE SLOWDOWN IN PERFORMANCE     !!!
20201219 193112.747 INFO             PET0 !!! FOR PRODUCTION RUNS, USE:                      !!!
20201219 193112.747 INFO             PET0 !!!                   ESMF_LOGKIND_Multi_On_Error  !!!
20201219 193112.747 INFO             PET0 !!!!!!!!!!!!!!!!!!!!!!!!!!!!!!!!!!!!!!!!!!!!!!!!!!!!!!
20201219 193112.747 INFO             PET0 Running with ESMF Version   : ESMF_8_1_0_beta_snapshot_39-24-gc0c902f0ea
20201219 193112.747 INFO             PET0 ESMF library build date/time: "Dec 19 2020" "19:18:14"
20201219 193112.747 INFO             PET0 ESMF library build location : /project/esmf/himanshu/ESMF-Testing-PGI/esmf
20201219 193112.747 INFO             PET0 ESMF_COMM                   : mpiuni
20201219 193112.747 INFO             PET0 ESMF_NETCDF                 : enabled
20201219 193112.747 INFO             PET0 ESMF_PNETCDF                : disabled
20201219 193112.747 INFO             PET0 ESMF_PIO                    : disabled
20201219 193112.747 INFO             PET0 ESMF_YAMLCPP                : enabled
20201219 193112.747 INFO             PET0 ESMF_MOAB                   : enabled
20201219 193112.748 INFO             PET0 Finalizing ESMF
20201219 193112.784 INFO             PET0 !!!!!!!!!!!!!!!!!!!!!!!!!!!!!!!!!!!!!!!!!!!!!!!!!!!!!!
20201219 193112.785 INFO             PET0 !!! THE ESMF_LOG IS SET TO OUTPUT ALL LOG MESSAGES !!!
20201219 193112.785 INFO             PET0 !!!     THIS MAY CAUSE SLOWDOWN IN PERFORMANCE     !!!
20201219 193112.785 INFO             PET0 !!! FOR PRODUCTION RUNS, USE:                      !!!
20201219 193112.785 INFO             PET0 !!!                   ESMF_LOGKIND_Multi_On_Error  !!!
20201219 193112.785 INFO             PET0 !!!!!!!!!!!!!!!!!!!!!!!!!!!!!!!!!!!!!!!!!!!!!!!!!!!!!!
20201219 193112.785 INFO             PET0 Running with ESMF Version   : ESMF_8_1_0_beta_snapshot_39-24-gc0c902f0ea
20201219 193112.785 INFO             PET0 ESMF library build date/time: "Dec 19 2020" "19:18:14"
20201219 193112.785 INFO             PET0 ESMF library build location : /project/esmf/himanshu/ESMF-Testing-PGI/esmf
20201219 193112.785 INFO             PET0 ESMF_COMM                   : mpiuni
20201219 193112.785 INFO             PET0 ESMF_NETCDF                 : enabled
20201219 193112.785 INFO             PET0 ESMF_PNETCDF                : disabled
20201219 193112.785 INFO             PET0 ESMF_PIO                    : disabled
20201219 193112.785 INFO             PET0 ESMF_YAMLCPP                : enabled
20201219 193112.785 INFO             PET0 ESMF_MOAB                   : enabled
20201219 193112.785 INFO             PET0 Finalizing ESMF
20201219 193112.822 INFO             PET0 !!!!!!!!!!!!!!!!!!!!!!!!!!!!!!!!!!!!!!!!!!!!!!!!!!!!!!
20201219 193112.823 INFO             PET0 !!! THE ESMF_LOG IS SET TO OUTPUT ALL LOG MESSAGES !!!
20201219 193112.823 INFO             PET0 !!!     THIS MAY CAUSE SLOWDOWN IN PERFORMANCE     !!!
20201219 193112.823 INFO             PET0 !!! FOR PRODUCTION RUNS, USE:                      !!!
20201219 193112.823 INFO             PET0 !!!                   ESMF_LOGKIND_Multi_On_Error  !!!
20201219 193112.823 INFO             PET0 !!!!!!!!!!!!!!!!!!!!!!!!!!!!!!!!!!!!!!!!!!!!!!!!!!!!!!
20201219 193112.823 INFO             PET0 Running with ESMF Version   : ESMF_8_1_0_beta_snapshot_39-24-gc0c902f0ea
20201219 193112.823 INFO             PET0 ESMF library build date/time: "Dec 19 2020" "19:18:14"
20201219 193112.823 INFO             PET0 ESMF library build location : /project/esmf/himanshu/ESMF-Testing-PGI/esmf
20201219 193112.823 INFO             PET0 ESMF_COMM                   : mpiuni
20201219 193112.823 INFO             PET0 ESMF_NETCDF                 : enabled
20201219 193112.823 INFO             PET0 ESMF_PNETCDF                : disabled
20201219 193112.823 INFO             PET0 ESMF_PIO                    : disabled
20201219 193112.823 INFO             PET0 ESMF_YAMLCPP                : enabled
20201219 193112.823 INFO             PET0 ESMF_MOAB                   : enabled
20201219 193112.824 INFO             PET0 Finalizing ESMF
Sat Dec 19 23:37:36 MST 2020
