20210219 053104.329 INFO             PET0 !!!!!!!!!!!!!!!!!!!!!!!!!!!!!!!!!!!!!!!!!!!!!!!!!!!!!!
20210219 053104.329 INFO             PET0 !!! THE ESMF_LOG IS SET TO OUTPUT ALL LOG MESSAGES !!!
20210219 053104.329 INFO             PET0 !!!     THIS MAY CAUSE SLOWDOWN IN PERFORMANCE     !!!
20210219 053104.329 INFO             PET0 !!! FOR PRODUCTION RUNS, USE:                      !!!
20210219 053104.329 INFO             PET0 !!!                   ESMF_LOGKIND_Multi_On_Error  !!!
20210219 053104.329 INFO             PET0 !!!!!!!!!!!!!!!!!!!!!!!!!!!!!!!!!!!!!!!!!!!!!!!!!!!!!!
20210219 053104.330 INFO             PET0 Running with ESMF Version   : ESMF_8_2_0_beta_snapshot_00
20210219 053104.330 INFO             PET0 ESMF library build date/time: "Feb 19 2021" "05:17:58"
20210219 053104.330 INFO             PET0 ESMF library build location : /project/esmf/himanshu/ESMF-Testing-PGI/esmf
20210219 053104.330 INFO             PET0 ESMF_COMM                   : mpiuni
20210219 053104.330 INFO             PET0 ESMF_MOAB                   : enabled
20210219 053104.330 INFO             PET0 ESMF_LAPACK                 : enabled
20210219 053104.330 INFO             PET0 ESMF_NETCDF                 : enabled
20210219 053104.330 INFO             PET0 ESMF_PNETCDF                : disabled
20210219 053104.330 INFO             PET0 ESMF_PIO                    : disabled
20210219 053104.330 INFO             PET0 ESMF_YAMLCPP                : enabled
20210219 053104.330 INFO             PET0 Finalizing ESMF
20210219 053104.387 INFO             PET0 !!!!!!!!!!!!!!!!!!!!!!!!!!!!!!!!!!!!!!!!!!!!!!!!!!!!!!
20210219 053104.387 INFO             PET0 !!! THE ESMF_LOG IS SET TO OUTPUT ALL LOG MESSAGES !!!
20210219 053104.387 INFO             PET0 !!!     THIS MAY CAUSE SLOWDOWN IN PERFORMANCE     !!!
20210219 053104.387 INFO             PET0 !!! FOR PRODUCTION RUNS, USE:                      !!!
20210219 053104.387 INFO             PET0 !!!                   ESMF_LOGKIND_Multi_On_Error  !!!
20210219 053104.387 INFO             PET0 !!!!!!!!!!!!!!!!!!!!!!!!!!!!!!!!!!!!!!!!!!!!!!!!!!!!!!
20210219 053104.387 INFO             PET0 Running with ESMF Version   : ESMF_8_2_0_beta_snapshot_00
20210219 053104.387 INFO             PET0 ESMF library build date/time: "Feb 19 2021" "05:17:58"
20210219 053104.387 INFO             PET0 ESMF library build location : /project/esmf/himanshu/ESMF-Testing-PGI/esmf
20210219 053104.387 INFO             PET0 ESMF_COMM                   : mpiuni
20210219 053104.388 INFO             PET0 ESMF_MOAB                   : enabled
20210219 053104.388 INFO             PET0 ESMF_LAPACK                 : enabled
20210219 053104.388 INFO             PET0 ESMF_NETCDF                 : enabled
20210219 053104.388 INFO             PET0 ESMF_PNETCDF                : disabled
20210219 053104.388 INFO             PET0 ESMF_PIO                    : disabled
20210219 053104.388 INFO             PET0 ESMF_YAMLCPP                : enabled
20210219 053104.388 INFO             PET0 Finalizing ESMF
20210219 053104.443 INFO             PET0 !!!!!!!!!!!!!!!!!!!!!!!!!!!!!!!!!!!!!!!!!!!!!!!!!!!!!!
20210219 053104.444 INFO             PET0 !!! THE ESMF_LOG IS SET TO OUTPUT ALL LOG MESSAGES !!!
20210219 053104.444 INFO             PET0 !!!     THIS MAY CAUSE SLOWDOWN IN PERFORMANCE     !!!
20210219 053104.444 INFO             PET0 !!! FOR PRODUCTION RUNS, USE:                      !!!
20210219 053104.444 INFO             PET0 !!!                   ESMF_LOGKIND_Multi_On_Error  !!!
20210219 053104.444 INFO             PET0 !!!!!!!!!!!!!!!!!!!!!!!!!!!!!!!!!!!!!!!!!!!!!!!!!!!!!!
20210219 053104.444 INFO             PET0 Running with ESMF Version   : ESMF_8_2_0_beta_snapshot_00
20210219 053104.444 INFO             PET0 ESMF library build date/time: "Feb 19 2021" "05:17:58"
20210219 053104.444 INFO             PET0 ESMF library build location : /project/esmf/himanshu/ESMF-Testing-PGI/esmf
20210219 053104.444 INFO             PET0 ESMF_COMM                   : mpiuni
20210219 053104.444 INFO             PET0 ESMF_MOAB                   : enabled
20210219 053104.444 INFO             PET0 ESMF_LAPACK                 : enabled
20210219 053104.444 INFO             PET0 ESMF_NETCDF                 : enabled
20210219 053104.444 INFO             PET0 ESMF_PNETCDF                : disabled
20210219 053104.444 INFO             PET0 ESMF_PIO                    : disabled
20210219 053104.444 INFO             PET0 ESMF_YAMLCPP                : enabled
20210219 053104.446 INFO             PET0 Finalizing ESMF
Fri Feb 19 09:22:02 MST 2021
