20201103 031603.336 INFO             PET1 !!!!!!!!!!!!!!!!!!!!!!!!!!!!!!!!!!!!!!!!!!!!!!!!!!!!!!
20201103 031603.336 INFO             PET1 !!! THE ESMF_LOG IS SET TO OUTPUT ALL LOG MESSAGES !!!
20201103 031603.336 INFO             PET1 !!!     THIS MAY CAUSE SLOWDOWN IN PERFORMANCE     !!!
20201103 031603.336 INFO             PET1 !!! FOR PRODUCTION RUNS, USE:                      !!!
20201103 031603.336 INFO             PET1 !!!                   ESMF_LOGKIND_Multi_On_Error  !!!
20201103 031603.336 INFO             PET1 !!!!!!!!!!!!!!!!!!!!!!!!!!!!!!!!!!!!!!!!!!!!!!!!!!!!!!
20201103 031603.336 INFO             PET1 Running with ESMF Version   : ESMF_8_1_0_beta_snapshot_36-3-g26ac82d49b
20201103 031603.336 INFO             PET1 ESMF library build date/time: "Nov  3 2020" "03:13:08"
20201103 031603.336 INFO             PET1 ESMF library build location : /scratch/esmf/esmf_test/cronjobs/trunk/gfortran/esmf
20201103 031603.336 INFO             PET1 ESMF_COMM                   : mpich3
20201103 031603.336 INFO             PET1 ESMF_NETCDF                 : disabled
20201103 031603.336 INFO             PET1 ESMF_PNETCDF                : disabled
20201103 031603.336 INFO             PET1 ESMF_PIO                    : enabled
20201103 031603.336 INFO             PET1 ESMF_YAMLCPP                : enabled
20201103 031603.336 INFO             PET1 ESMF_MOAB                   : enabled
20201103 031603.337 INFO             PET1 Finalizing ESMF
20201103 031603.378 INFO             PET1 !!!!!!!!!!!!!!!!!!!!!!!!!!!!!!!!!!!!!!!!!!!!!!!!!!!!!!
20201103 031603.378 INFO             PET1 !!! THE ESMF_LOG IS SET TO OUTPUT ALL LOG MESSAGES !!!
20201103 031603.378 INFO             PET1 !!!     THIS MAY CAUSE SLOWDOWN IN PERFORMANCE     !!!
20201103 031603.378 INFO             PET1 !!! FOR PRODUCTION RUNS, USE:                      !!!
20201103 031603.378 INFO             PET1 !!!                   ESMF_LOGKIND_Multi_On_Error  !!!
20201103 031603.378 INFO             PET1 !!!!!!!!!!!!!!!!!!!!!!!!!!!!!!!!!!!!!!!!!!!!!!!!!!!!!!
20201103 031603.378 INFO             PET1 Running with ESMF Version   : ESMF_8_1_0_beta_snapshot_36-3-g26ac82d49b
20201103 031603.378 INFO             PET1 ESMF library build date/time: "Nov  3 2020" "03:13:08"
20201103 031603.378 INFO             PET1 ESMF library build location : /scratch/esmf/esmf_test/cronjobs/trunk/gfortran/esmf
20201103 031603.378 INFO             PET1 ESMF_COMM                   : mpich3
20201103 031603.378 INFO             PET1 ESMF_NETCDF                 : disabled
20201103 031603.378 INFO             PET1 ESMF_PNETCDF                : disabled
20201103 031603.378 INFO             PET1 ESMF_PIO                    : enabled
20201103 031603.378 INFO             PET1 ESMF_YAMLCPP                : enabled
20201103 031603.378 INFO             PET1 ESMF_MOAB                   : enabled
20201103 031603.379 INFO             PET1 Finalizing ESMF
20201103 031603.421 INFO             PET1 !!!!!!!!!!!!!!!!!!!!!!!!!!!!!!!!!!!!!!!!!!!!!!!!!!!!!!
20201103 031603.422 INFO             PET1 !!! THE ESMF_LOG IS SET TO OUTPUT ALL LOG MESSAGES !!!
20201103 031603.422 INFO             PET1 !!!     THIS MAY CAUSE SLOWDOWN IN PERFORMANCE     !!!
20201103 031603.422 INFO             PET1 !!! FOR PRODUCTION RUNS, USE:                      !!!
20201103 031603.422 INFO             PET1 !!!                   ESMF_LOGKIND_Multi_On_Error  !!!
20201103 031603.422 INFO             PET1 !!!!!!!!!!!!!!!!!!!!!!!!!!!!!!!!!!!!!!!!!!!!!!!!!!!!!!
20201103 031603.422 INFO             PET1 Running with ESMF Version   : ESMF_8_1_0_beta_snapshot_36-3-g26ac82d49b
20201103 031603.422 INFO             PET1 ESMF library build date/time: "Nov  3 2020" "03:13:08"
20201103 031603.422 INFO             PET1 ESMF library build location : /scratch/esmf/esmf_test/cronjobs/trunk/gfortran/esmf
20201103 031603.422 INFO             PET1 ESMF_COMM                   : mpich3
20201103 031603.422 INFO             PET1 ESMF_NETCDF                 : disabled
20201103 031603.422 INFO             PET1 ESMF_PNETCDF                : disabled
20201103 031603.422 INFO             PET1 ESMF_PIO                    : enabled
20201103 031603.422 INFO             PET1 ESMF_YAMLCPP                : enabled
20201103 031603.422 INFO             PET1 ESMF_MOAB                   : enabled
20201103 031603.422 INFO             PET1 Finalizing ESMF
