20210125 110428.380 INFO             PET3 !!!!!!!!!!!!!!!!!!!!!!!!!!!!!!!!!!!!!!!!!!!!!!!!!!!!!!
20210125 110428.380 INFO             PET3 !!! THE ESMF_LOG IS SET TO OUTPUT ALL LOG MESSAGES !!!
20210125 110428.380 INFO             PET3 !!!     THIS MAY CAUSE SLOWDOWN IN PERFORMANCE     !!!
20210125 110428.380 INFO             PET3 !!! FOR PRODUCTION RUNS, USE:                      !!!
20210125 110428.380 INFO             PET3 !!!                   ESMF_LOGKIND_Multi_On_Error  !!!
20210125 110428.380 INFO             PET3 !!!!!!!!!!!!!!!!!!!!!!!!!!!!!!!!!!!!!!!!!!!!!!!!!!!!!!
20210125 110428.380 INFO             PET3 Running with ESMF Version   : ESMF_8_1_0_beta_snapshot_42-7-g9d66bb580c
20210125 110428.380 INFO             PET3 ESMF library build date/time: "Jan 25 2021" "11:01:36"
20210125 110428.380 INFO             PET3 ESMF library build location : /scratch/esmf/esmf_test/cronjobs/trunk/gfortran/esmf
20210125 110428.380 INFO             PET3 ESMF_COMM                   : mpich3
20210125 110428.380 INFO             PET3 ESMF_NETCDF                 : disabled
20210125 110428.380 INFO             PET3 ESMF_PNETCDF                : disabled
20210125 110428.380 INFO             PET3 ESMF_PIO                    : enabled
20210125 110428.380 INFO             PET3 ESMF_YAMLCPP                : enabled
20210125 110428.380 INFO             PET3 ESMF_MOAB                   : enabled
20210125 110428.381 INFO             PET3 Finalizing ESMF
20210125 110428.424 INFO             PET3 !!!!!!!!!!!!!!!!!!!!!!!!!!!!!!!!!!!!!!!!!!!!!!!!!!!!!!
20210125 110428.424 INFO             PET3 !!! THE ESMF_LOG IS SET TO OUTPUT ALL LOG MESSAGES !!!
20210125 110428.424 INFO             PET3 !!!     THIS MAY CAUSE SLOWDOWN IN PERFORMANCE     !!!
20210125 110428.424 INFO             PET3 !!! FOR PRODUCTION RUNS, USE:                      !!!
20210125 110428.424 INFO             PET3 !!!                   ESMF_LOGKIND_Multi_On_Error  !!!
20210125 110428.424 INFO             PET3 !!!!!!!!!!!!!!!!!!!!!!!!!!!!!!!!!!!!!!!!!!!!!!!!!!!!!!
20210125 110428.424 INFO             PET3 Running with ESMF Version   : ESMF_8_1_0_beta_snapshot_42-7-g9d66bb580c
20210125 110428.424 INFO             PET3 ESMF library build date/time: "Jan 25 2021" "11:01:36"
20210125 110428.424 INFO             PET3 ESMF library build location : /scratch/esmf/esmf_test/cronjobs/trunk/gfortran/esmf
20210125 110428.424 INFO             PET3 ESMF_COMM                   : mpich3
20210125 110428.424 INFO             PET3 ESMF_NETCDF                 : disabled
20210125 110428.424 INFO             PET3 ESMF_PNETCDF                : disabled
20210125 110428.424 INFO             PET3 ESMF_PIO                    : enabled
20210125 110428.424 INFO             PET3 ESMF_YAMLCPP                : enabled
20210125 110428.424 INFO             PET3 ESMF_MOAB                   : enabled
20210125 110428.425 INFO             PET3 Finalizing ESMF
20210125 110428.469 INFO             PET3 !!!!!!!!!!!!!!!!!!!!!!!!!!!!!!!!!!!!!!!!!!!!!!!!!!!!!!
20210125 110428.469 INFO             PET3 !!! THE ESMF_LOG IS SET TO OUTPUT ALL LOG MESSAGES !!!
20210125 110428.469 INFO             PET3 !!!     THIS MAY CAUSE SLOWDOWN IN PERFORMANCE     !!!
20210125 110428.469 INFO             PET3 !!! FOR PRODUCTION RUNS, USE:                      !!!
20210125 110428.469 INFO             PET3 !!!                   ESMF_LOGKIND_Multi_On_Error  !!!
20210125 110428.469 INFO             PET3 !!!!!!!!!!!!!!!!!!!!!!!!!!!!!!!!!!!!!!!!!!!!!!!!!!!!!!
20210125 110428.469 INFO             PET3 Running with ESMF Version   : ESMF_8_1_0_beta_snapshot_42-7-g9d66bb580c
20210125 110428.469 INFO             PET3 ESMF library build date/time: "Jan 25 2021" "11:01:36"
20210125 110428.469 INFO             PET3 ESMF library build location : /scratch/esmf/esmf_test/cronjobs/trunk/gfortran/esmf
20210125 110428.469 INFO             PET3 ESMF_COMM                   : mpich3
20210125 110428.469 INFO             PET3 ESMF_NETCDF                 : disabled
20210125 110428.469 INFO             PET3 ESMF_PNETCDF                : disabled
20210125 110428.469 INFO             PET3 ESMF_PIO                    : enabled
20210125 110428.469 INFO             PET3 ESMF_YAMLCPP                : enabled
20210125 110428.469 INFO             PET3 ESMF_MOAB                   : enabled
20210125 110428.469 INFO             PET3 Finalizing ESMF
Mon Jan 25 13:35:53 MST 2021
