20210224 103646.035 INFO             PET0 !!!!!!!!!!!!!!!!!!!!!!!!!!!!!!!!!!!!!!!!!!!!!!!!!!!!!!
20210224 103646.035 INFO             PET0 !!! THE ESMF_LOG IS SET TO OUTPUT ALL LOG MESSAGES !!!
20210224 103646.035 INFO             PET0 !!!     THIS MAY CAUSE SLOWDOWN IN PERFORMANCE     !!!
20210224 103646.035 INFO             PET0 !!! FOR PRODUCTION RUNS, USE:                      !!!
20210224 103646.035 INFO             PET0 !!!                   ESMF_LOGKIND_Multi_On_Error  !!!
20210224 103646.035 INFO             PET0 !!!!!!!!!!!!!!!!!!!!!!!!!!!!!!!!!!!!!!!!!!!!!!!!!!!!!!
20210224 103646.035 INFO             PET0 Running with ESMF Version   : ESMF_8_1_0_beta_snapshot_47
20210224 103646.035 INFO             PET0 ESMF library build date/time: "Feb 24 2021" "10:23:54"
20210224 103646.035 INFO             PET0 ESMF library build location : /project/esmf/bighorn_8.1.0/intel/esmf
20210224 103646.035 INFO             PET0 ESMF_COMM                   : mpiuni
20210224 103646.041 INFO             PET0 ESMF_MOAB                   : enabled
20210224 103646.041 INFO             PET0 ESMF_LAPACK                 : enabled
20210224 103646.041 INFO             PET0 ESMF_NETCDF                 : disabled
20210224 103646.041 INFO             PET0 ESMF_PNETCDF                : disabled
20210224 103646.041 INFO             PET0 ESMF_PIO                    : disabled
20210224 103646.041 INFO             PET0 ESMF_YAMLCPP                : enabled
20210224 103647.114 INFO             PET0  NUMBER_OF_PROCESSORS           1
20210224 103647.132 INFO             PET0  PASS  Example ESMF_GridUsageEx, ESMF_GridUsageEx.F90, line 3470
20210224 103647.132 INFO             PET0 Finalizing ESMF
Wed Feb 24 11:10:48 MST 2021
