20201129 201820.505 INFO             PET2 !!!!!!!!!!!!!!!!!!!!!!!!!!!!!!!!!!!!!!!!!!!!!!!!!!!!!!
20201129 201820.505 INFO             PET2 !!! THE ESMF_LOG IS SET TO OUTPUT ALL LOG MESSAGES !!!
20201129 201820.505 INFO             PET2 !!!     THIS MAY CAUSE SLOWDOWN IN PERFORMANCE     !!!
20201129 201820.505 INFO             PET2 !!! FOR PRODUCTION RUNS, USE:                      !!!
20201129 201820.505 INFO             PET2 !!!                   ESMF_LOGKIND_Multi_On_Error  !!!
20201129 201820.505 INFO             PET2 !!!!!!!!!!!!!!!!!!!!!!!!!!!!!!!!!!!!!!!!!!!!!!!!!!!!!!
20201129 201820.505 INFO             PET2 Running with ESMF Version   : ESMF_8_1_0_beta_snapshot_38
20201129 201820.505 INFO             PET2 ESMF library build date/time: "Nov 29 2020" "20:15:55"
20201129 201820.505 INFO             PET2 ESMF library build location : /project/esmf/himanshu/esmf_test/cronjobs/daily/gfortran/esmf
20201129 201820.505 INFO             PET2 ESMF_COMM                   : openmpi
20201129 201820.505 INFO             PET2 ESMF_NETCDF                 : enabled
20201129 201820.505 INFO             PET2 ESMF_PNETCDF                : disabled
20201129 201820.505 INFO             PET2 ESMF_PIO                    : enabled
20201129 201820.505 INFO             PET2 ESMF_YAMLCPP                : enabled
20201129 201820.505 INFO             PET2 ESMF_MOAB                   : enabled
20201129 201820.506 INFO             PET2 Finalizing ESMF
20201129 201820.633 INFO             PET2 !!!!!!!!!!!!!!!!!!!!!!!!!!!!!!!!!!!!!!!!!!!!!!!!!!!!!!
20201129 201820.634 INFO             PET2 !!! THE ESMF_LOG IS SET TO OUTPUT ALL LOG MESSAGES !!!
20201129 201820.634 INFO             PET2 !!!     THIS MAY CAUSE SLOWDOWN IN PERFORMANCE     !!!
20201129 201820.634 INFO             PET2 !!! FOR PRODUCTION RUNS, USE:                      !!!
20201129 201820.634 INFO             PET2 !!!                   ESMF_LOGKIND_Multi_On_Error  !!!
20201129 201820.634 INFO             PET2 !!!!!!!!!!!!!!!!!!!!!!!!!!!!!!!!!!!!!!!!!!!!!!!!!!!!!!
20201129 201820.634 INFO             PET2 Running with ESMF Version   : ESMF_8_1_0_beta_snapshot_38
20201129 201820.634 INFO             PET2 ESMF library build date/time: "Nov 29 2020" "20:15:55"
20201129 201820.634 INFO             PET2 ESMF library build location : /project/esmf/himanshu/esmf_test/cronjobs/daily/gfortran/esmf
20201129 201820.634 INFO             PET2 ESMF_COMM                   : openmpi
20201129 201820.634 INFO             PET2 ESMF_NETCDF                 : enabled
20201129 201820.634 INFO             PET2 ESMF_PNETCDF                : disabled
20201129 201820.634 INFO             PET2 ESMF_PIO                    : enabled
20201129 201820.634 INFO             PET2 ESMF_YAMLCPP                : enabled
20201129 201820.634 INFO             PET2 ESMF_MOAB                   : enabled
20201129 201820.634 INFO             PET2 Finalizing ESMF
20201129 201820.764 INFO             PET2 !!!!!!!!!!!!!!!!!!!!!!!!!!!!!!!!!!!!!!!!!!!!!!!!!!!!!!
20201129 201820.765 INFO             PET2 !!! THE ESMF_LOG IS SET TO OUTPUT ALL LOG MESSAGES !!!
20201129 201820.765 INFO             PET2 !!!     THIS MAY CAUSE SLOWDOWN IN PERFORMANCE     !!!
20201129 201820.765 INFO             PET2 !!! FOR PRODUCTION RUNS, USE:                      !!!
20201129 201820.765 INFO             PET2 !!!                   ESMF_LOGKIND_Multi_On_Error  !!!
20201129 201820.765 INFO             PET2 !!!!!!!!!!!!!!!!!!!!!!!!!!!!!!!!!!!!!!!!!!!!!!!!!!!!!!
20201129 201820.765 INFO             PET2 Running with ESMF Version   : ESMF_8_1_0_beta_snapshot_38
20201129 201820.765 INFO             PET2 ESMF library build date/time: "Nov 29 2020" "20:15:55"
20201129 201820.765 INFO             PET2 ESMF library build location : /project/esmf/himanshu/esmf_test/cronjobs/daily/gfortran/esmf
20201129 201820.765 INFO             PET2 ESMF_COMM                   : openmpi
20201129 201820.765 INFO             PET2 ESMF_NETCDF                 : enabled
20201129 201820.765 INFO             PET2 ESMF_PNETCDF                : disabled
20201129 201820.765 INFO             PET2 ESMF_PIO                    : enabled
20201129 201820.765 INFO             PET2 ESMF_YAMLCPP                : enabled
20201129 201820.765 INFO             PET2 ESMF_MOAB                   : enabled
20201129 201820.765 INFO             PET2 Finalizing ESMF
Sun Nov 29 21:24:05 MST 2020
