20200909 145104.310 INFO             PET0 !!!!!!!!!!!!!!!!!!!!!!!!!!!!!!!!!!!!!!!!!!!!!!!!!!!!!!
20200909 145104.310 INFO             PET0 !!! THE ESMF_LOG IS SET TO OUTPUT ALL LOG MESSAGES !!!
20200909 145104.310 INFO             PET0 !!!     THIS MAY CAUSE SLOWDOWN IN PERFORMANCE     !!!
20200909 145104.310 INFO             PET0 !!! FOR PRODUCTION RUNS, USE:                      !!!
20200909 145104.310 INFO             PET0 !!!                   ESMF_LOGKIND_Multi_On_Error  !!!
20200909 145104.310 INFO             PET0 !!!!!!!!!!!!!!!!!!!!!!!!!!!!!!!!!!!!!!!!!!!!!!!!!!!!!!
20200909 145104.310 INFO             PET0 Running with ESMF Version   : ESMF_8_1_0_beta_snapshot_27-60-g1b38836031
20200909 145104.310 INFO             PET0 ESMF library build date/time: "Sep  9 2020" "14:48:11"
20200909 145104.310 INFO             PET0 ESMF library build location : /scratch/esmf/esmf_test/cronjobs/trunk/gfortran/esmf
20200909 145104.310 INFO             PET0 ESMF_COMM                   : mpich3
20200909 145104.319 INFO             PET0 ESMF_NETCDF                 : disabled
20200909 145104.319 INFO             PET0 ESMF_PNETCDF                : disabled
20200909 145104.319 INFO             PET0 ESMF_PIO                    : enabled
20200909 145104.319 INFO             PET0 ESMF_YAMLCPP                : enabled
20200909 145104.319 INFO             PET0 ESMF_MOAB                   : enabled
20200909 145104.319 INFO             PET0 Finalizing ESMF
20200909 145104.370 INFO             PET0 !!!!!!!!!!!!!!!!!!!!!!!!!!!!!!!!!!!!!!!!!!!!!!!!!!!!!!
20200909 145104.371 INFO             PET0 !!! THE ESMF_LOG IS SET TO OUTPUT ALL LOG MESSAGES !!!
20200909 145104.371 INFO             PET0 !!!     THIS MAY CAUSE SLOWDOWN IN PERFORMANCE     !!!
20200909 145104.371 INFO             PET0 !!! FOR PRODUCTION RUNS, USE:                      !!!
20200909 145104.371 INFO             PET0 !!!                   ESMF_LOGKIND_Multi_On_Error  !!!
20200909 145104.371 INFO             PET0 !!!!!!!!!!!!!!!!!!!!!!!!!!!!!!!!!!!!!!!!!!!!!!!!!!!!!!
20200909 145104.371 INFO             PET0 Running with ESMF Version   : ESMF_8_1_0_beta_snapshot_27-60-g1b38836031
20200909 145104.371 INFO             PET0 ESMF library build date/time: "Sep  9 2020" "14:48:11"
20200909 145104.371 INFO             PET0 ESMF library build location : /scratch/esmf/esmf_test/cronjobs/trunk/gfortran/esmf
20200909 145104.371 INFO             PET0 ESMF_COMM                   : mpich3
20200909 145104.371 INFO             PET0 ESMF_NETCDF                 : disabled
20200909 145104.371 INFO             PET0 ESMF_PNETCDF                : disabled
20200909 145104.371 INFO             PET0 ESMF_PIO                    : enabled
20200909 145104.371 INFO             PET0 ESMF_YAMLCPP                : enabled
20200909 145104.371 INFO             PET0 ESMF_MOAB                   : enabled
20200909 145104.372 INFO             PET0 Finalizing ESMF
20200909 145104.412 INFO             PET0 !!!!!!!!!!!!!!!!!!!!!!!!!!!!!!!!!!!!!!!!!!!!!!!!!!!!!!
20200909 145104.412 INFO             PET0 !!! THE ESMF_LOG IS SET TO OUTPUT ALL LOG MESSAGES !!!
20200909 145104.412 INFO             PET0 !!!     THIS MAY CAUSE SLOWDOWN IN PERFORMANCE     !!!
20200909 145104.412 INFO             PET0 !!! FOR PRODUCTION RUNS, USE:                      !!!
20200909 145104.412 INFO             PET0 !!!                   ESMF_LOGKIND_Multi_On_Error  !!!
20200909 145104.412 INFO             PET0 !!!!!!!!!!!!!!!!!!!!!!!!!!!!!!!!!!!!!!!!!!!!!!!!!!!!!!
20200909 145104.412 INFO             PET0 Running with ESMF Version   : ESMF_8_1_0_beta_snapshot_27-60-g1b38836031
20200909 145104.412 INFO             PET0 ESMF library build date/time: "Sep  9 2020" "14:48:11"
20200909 145104.412 INFO             PET0 ESMF library build location : /scratch/esmf/esmf_test/cronjobs/trunk/gfortran/esmf
20200909 145104.412 INFO             PET0 ESMF_COMM                   : mpich3
20200909 145104.412 INFO             PET0 ESMF_NETCDF                 : disabled
20200909 145104.412 INFO             PET0 ESMF_PNETCDF                : disabled
20200909 145104.412 INFO             PET0 ESMF_PIO                    : enabled
20200909 145104.412 INFO             PET0 ESMF_YAMLCPP                : enabled
20200909 145104.412 INFO             PET0 ESMF_MOAB                   : enabled
20200909 145104.412 INFO             PET0 Finalizing ESMF
