20200828 101732.635 INFO             PET3 !!!!!!!!!!!!!!!!!!!!!!!!!!!!!!!!!!!!!!!!!!!!!!!!!!!!!!
20200828 101732.635 INFO             PET3 !!! THE ESMF_LOG IS SET TO OUTPUT ALL LOG MESSAGES !!!
20200828 101732.635 INFO             PET3 !!!     THIS MAY CAUSE SLOWDOWN IN PERFORMANCE     !!!
20200828 101732.635 INFO             PET3 !!! FOR PRODUCTION RUNS, USE:                      !!!
20200828 101732.635 INFO             PET3 !!!                   ESMF_LOGKIND_Multi_On_Error  !!!
20200828 101732.635 INFO             PET3 !!!!!!!!!!!!!!!!!!!!!!!!!!!!!!!!!!!!!!!!!!!!!!!!!!!!!!
20200828 101732.635 INFO             PET3 Running with ESMF Version   : ESMF_8_1_0_beta_snapshot_26-41-g94befe01fa
20200828 101732.635 INFO             PET3 ESMF library build date/time: "Aug 28 2020" "10:14:41"
20200828 101732.635 INFO             PET3 ESMF library build location : /scratch/esmf/esmf_test/cronjobs/trunk/gfortran/esmf
20200828 101732.635 INFO             PET3 ESMF_COMM                   : mpich3
20200828 101732.635 INFO             PET3 ESMF_NETCDF                 : disabled
20200828 101732.635 INFO             PET3 ESMF_PNETCDF                : disabled
20200828 101732.635 INFO             PET3 ESMF_PIO                    : enabled
20200828 101732.635 INFO             PET3 ESMF_YAMLCPP                : enabled
20200828 101732.635 INFO             PET3 ESMF_MOAB                   : enabled
20200828 101732.636 INFO             PET3 Finalizing ESMF
20200828 101732.677 INFO             PET3 !!!!!!!!!!!!!!!!!!!!!!!!!!!!!!!!!!!!!!!!!!!!!!!!!!!!!!
20200828 101732.677 INFO             PET3 !!! THE ESMF_LOG IS SET TO OUTPUT ALL LOG MESSAGES !!!
20200828 101732.677 INFO             PET3 !!!     THIS MAY CAUSE SLOWDOWN IN PERFORMANCE     !!!
20200828 101732.677 INFO             PET3 !!! FOR PRODUCTION RUNS, USE:                      !!!
20200828 101732.677 INFO             PET3 !!!                   ESMF_LOGKIND_Multi_On_Error  !!!
20200828 101732.677 INFO             PET3 !!!!!!!!!!!!!!!!!!!!!!!!!!!!!!!!!!!!!!!!!!!!!!!!!!!!!!
20200828 101732.677 INFO             PET3 Running with ESMF Version   : ESMF_8_1_0_beta_snapshot_26-41-g94befe01fa
20200828 101732.677 INFO             PET3 ESMF library build date/time: "Aug 28 2020" "10:14:41"
20200828 101732.678 INFO             PET3 ESMF library build location : /scratch/esmf/esmf_test/cronjobs/trunk/gfortran/esmf
20200828 101732.678 INFO             PET3 ESMF_COMM                   : mpich3
20200828 101732.678 INFO             PET3 ESMF_NETCDF                 : disabled
20200828 101732.678 INFO             PET3 ESMF_PNETCDF                : disabled
20200828 101732.678 INFO             PET3 ESMF_PIO                    : enabled
20200828 101732.678 INFO             PET3 ESMF_YAMLCPP                : enabled
20200828 101732.678 INFO             PET3 ESMF_MOAB                   : enabled
20200828 101732.678 INFO             PET3 Finalizing ESMF
20200828 101732.719 INFO             PET3 !!!!!!!!!!!!!!!!!!!!!!!!!!!!!!!!!!!!!!!!!!!!!!!!!!!!!!
20200828 101732.719 INFO             PET3 !!! THE ESMF_LOG IS SET TO OUTPUT ALL LOG MESSAGES !!!
20200828 101732.719 INFO             PET3 !!!     THIS MAY CAUSE SLOWDOWN IN PERFORMANCE     !!!
20200828 101732.719 INFO             PET3 !!! FOR PRODUCTION RUNS, USE:                      !!!
20200828 101732.719 INFO             PET3 !!!                   ESMF_LOGKIND_Multi_On_Error  !!!
20200828 101732.719 INFO             PET3 !!!!!!!!!!!!!!!!!!!!!!!!!!!!!!!!!!!!!!!!!!!!!!!!!!!!!!
20200828 101732.719 INFO             PET3 Running with ESMF Version   : ESMF_8_1_0_beta_snapshot_26-41-g94befe01fa
20200828 101732.719 INFO             PET3 ESMF library build date/time: "Aug 28 2020" "10:14:41"
20200828 101732.719 INFO             PET3 ESMF library build location : /scratch/esmf/esmf_test/cronjobs/trunk/gfortran/esmf
20200828 101732.719 INFO             PET3 ESMF_COMM                   : mpich3
20200828 101732.720 INFO             PET3 ESMF_NETCDF                 : disabled
20200828 101732.720 INFO             PET3 ESMF_PNETCDF                : disabled
20200828 101732.720 INFO             PET3 ESMF_PIO                    : enabled
20200828 101732.720 INFO             PET3 ESMF_YAMLCPP                : enabled
20200828 101732.720 INFO             PET3 ESMF_MOAB                   : enabled
20200828 101732.720 INFO             PET3 Finalizing ESMF
