20200824 000429.168 INFO             PET1 !!!!!!!!!!!!!!!!!!!!!!!!!!!!!!!!!!!!!!!!!!!!!!!!!!!!!!
20200824 000429.168 INFO             PET1 !!! THE ESMF_LOG IS SET TO OUTPUT ALL LOG MESSAGES !!!
20200824 000429.168 INFO             PET1 !!!     THIS MAY CAUSE SLOWDOWN IN PERFORMANCE     !!!
20200824 000429.168 INFO             PET1 !!! FOR PRODUCTION RUNS, USE:                      !!!
20200824 000429.168 INFO             PET1 !!!                   ESMF_LOGKIND_Multi_On_Error  !!!
20200824 000429.168 INFO             PET1 !!!!!!!!!!!!!!!!!!!!!!!!!!!!!!!!!!!!!!!!!!!!!!!!!!!!!!
20200824 000429.168 INFO             PET1 Running with ESMF Version   : ESMF_8_1_0_beta_snapshot_26-20-gc467564eb1
20200824 000429.168 INFO             PET1 ESMF library build date/time: "Aug 23 2020" "23:50:46"
20200824 000429.168 INFO             PET1 ESMF library build location : /glade/scratch/himanshu/scripts_dir/daily/PGI/esmf
20200824 000429.168 INFO             PET1 ESMF_COMM                   : openmpi
20200824 000429.168 INFO             PET1 ESMF_NETCDF                 : disabled
20200824 000429.168 INFO             PET1 ESMF_PNETCDF                : disabled
20200824 000429.168 INFO             PET1 ESMF_PIO                    : enabled
20200824 000429.168 INFO             PET1 ESMF_YAMLCPP                : enabled
20200824 000429.168 INFO             PET1 ESMF_MOAB                   : enabled
20200824 000429.169 INFO             PET1 Finalizing ESMF
20200824 000429.480 INFO             PET1 !!!!!!!!!!!!!!!!!!!!!!!!!!!!!!!!!!!!!!!!!!!!!!!!!!!!!!
20200824 000429.480 INFO             PET1 !!! THE ESMF_LOG IS SET TO OUTPUT ALL LOG MESSAGES !!!
20200824 000429.480 INFO             PET1 !!!     THIS MAY CAUSE SLOWDOWN IN PERFORMANCE     !!!
20200824 000429.480 INFO             PET1 !!! FOR PRODUCTION RUNS, USE:                      !!!
20200824 000429.480 INFO             PET1 !!!                   ESMF_LOGKIND_Multi_On_Error  !!!
20200824 000429.480 INFO             PET1 !!!!!!!!!!!!!!!!!!!!!!!!!!!!!!!!!!!!!!!!!!!!!!!!!!!!!!
20200824 000429.480 INFO             PET1 Running with ESMF Version   : ESMF_8_1_0_beta_snapshot_26-20-gc467564eb1
20200824 000429.480 INFO             PET1 ESMF library build date/time: "Aug 23 2020" "23:50:46"
20200824 000429.480 INFO             PET1 ESMF library build location : /glade/scratch/himanshu/scripts_dir/daily/PGI/esmf
20200824 000429.480 INFO             PET1 ESMF_COMM                   : openmpi
20200824 000429.480 INFO             PET1 ESMF_NETCDF                 : disabled
20200824 000429.480 INFO             PET1 ESMF_PNETCDF                : disabled
20200824 000429.480 INFO             PET1 ESMF_PIO                    : enabled
20200824 000429.481 INFO             PET1 ESMF_YAMLCPP                : enabled
20200824 000429.481 INFO             PET1 ESMF_MOAB                   : enabled
20200824 000429.481 INFO             PET1 Finalizing ESMF
20200824 000429.790 INFO             PET1 !!!!!!!!!!!!!!!!!!!!!!!!!!!!!!!!!!!!!!!!!!!!!!!!!!!!!!
20200824 000429.791 INFO             PET1 !!! THE ESMF_LOG IS SET TO OUTPUT ALL LOG MESSAGES !!!
20200824 000429.791 INFO             PET1 !!!     THIS MAY CAUSE SLOWDOWN IN PERFORMANCE     !!!
20200824 000429.791 INFO             PET1 !!! FOR PRODUCTION RUNS, USE:                      !!!
20200824 000429.791 INFO             PET1 !!!                   ESMF_LOGKIND_Multi_On_Error  !!!
20200824 000429.791 INFO             PET1 !!!!!!!!!!!!!!!!!!!!!!!!!!!!!!!!!!!!!!!!!!!!!!!!!!!!!!
20200824 000429.791 INFO             PET1 Running with ESMF Version   : ESMF_8_1_0_beta_snapshot_26-20-gc467564eb1
20200824 000429.791 INFO             PET1 ESMF library build date/time: "Aug 23 2020" "23:50:46"
20200824 000429.791 INFO             PET1 ESMF library build location : /glade/scratch/himanshu/scripts_dir/daily/PGI/esmf
20200824 000429.791 INFO             PET1 ESMF_COMM                   : openmpi
20200824 000429.791 INFO             PET1 ESMF_NETCDF                 : disabled
20200824 000429.791 INFO             PET1 ESMF_PNETCDF                : disabled
20200824 000429.791 INFO             PET1 ESMF_PIO                    : enabled
20200824 000429.791 INFO             PET1 ESMF_YAMLCPP                : enabled
20200824 000429.791 INFO             PET1 ESMF_MOAB                   : enabled
20200824 000429.794 INFO             PET1 Finalizing ESMF
