20200905 202340.939 INFO             PET3 !!!!!!!!!!!!!!!!!!!!!!!!!!!!!!!!!!!!!!!!!!!!!!!!!!!!!!
20200905 202340.939 INFO             PET3 !!! THE ESMF_LOG IS SET TO OUTPUT ALL LOG MESSAGES !!!
20200905 202340.939 INFO             PET3 !!!     THIS MAY CAUSE SLOWDOWN IN PERFORMANCE     !!!
20200905 202340.939 INFO             PET3 !!! FOR PRODUCTION RUNS, USE:                      !!!
20200905 202340.939 INFO             PET3 !!!                   ESMF_LOGKIND_Multi_On_Error  !!!
20200905 202340.939 INFO             PET3 !!!!!!!!!!!!!!!!!!!!!!!!!!!!!!!!!!!!!!!!!!!!!!!!!!!!!!
20200905 202340.939 INFO             PET3 Running with ESMF Version   : ESMF_8_1_0_beta_snapshot_27-50-gbd345323e0
20200905 202340.939 INFO             PET3 ESMF library build date/time: "Sep  5 2020" "20:10:02"
20200905 202340.939 INFO             PET3 ESMF library build location : /glade/scratch/himanshu/scripts_dir/daily/PGI/esmf
20200905 202340.939 INFO             PET3 ESMF_COMM                   : openmpi
20200905 202340.939 INFO             PET3 ESMF_NETCDF                 : disabled
20200905 202340.940 INFO             PET3 ESMF_PNETCDF                : disabled
20200905 202340.940 INFO             PET3 ESMF_PIO                    : enabled
20200905 202340.940 INFO             PET3 ESMF_YAMLCPP                : enabled
20200905 202340.940 INFO             PET3 ESMF_MOAB                   : enabled
20200905 202340.940 INFO             PET3 Finalizing ESMF
20200905 202341.299 INFO             PET3 !!!!!!!!!!!!!!!!!!!!!!!!!!!!!!!!!!!!!!!!!!!!!!!!!!!!!!
20200905 202341.300 INFO             PET3 !!! THE ESMF_LOG IS SET TO OUTPUT ALL LOG MESSAGES !!!
20200905 202341.300 INFO             PET3 !!!     THIS MAY CAUSE SLOWDOWN IN PERFORMANCE     !!!
20200905 202341.300 INFO             PET3 !!! FOR PRODUCTION RUNS, USE:                      !!!
20200905 202341.300 INFO             PET3 !!!                   ESMF_LOGKIND_Multi_On_Error  !!!
20200905 202341.300 INFO             PET3 !!!!!!!!!!!!!!!!!!!!!!!!!!!!!!!!!!!!!!!!!!!!!!!!!!!!!!
20200905 202341.300 INFO             PET3 Running with ESMF Version   : ESMF_8_1_0_beta_snapshot_27-50-gbd345323e0
20200905 202341.300 INFO             PET3 ESMF library build date/time: "Sep  5 2020" "20:10:02"
20200905 202341.300 INFO             PET3 ESMF library build location : /glade/scratch/himanshu/scripts_dir/daily/PGI/esmf
20200905 202341.300 INFO             PET3 ESMF_COMM                   : openmpi
20200905 202341.300 INFO             PET3 ESMF_NETCDF                 : disabled
20200905 202341.300 INFO             PET3 ESMF_PNETCDF                : disabled
20200905 202341.300 INFO             PET3 ESMF_PIO                    : enabled
20200905 202341.300 INFO             PET3 ESMF_YAMLCPP                : enabled
20200905 202341.300 INFO             PET3 ESMF_MOAB                   : enabled
20200905 202341.300 INFO             PET3 Finalizing ESMF
20200905 202341.629 INFO             PET3 !!!!!!!!!!!!!!!!!!!!!!!!!!!!!!!!!!!!!!!!!!!!!!!!!!!!!!
20200905 202341.630 INFO             PET3 !!! THE ESMF_LOG IS SET TO OUTPUT ALL LOG MESSAGES !!!
20200905 202341.630 INFO             PET3 !!!     THIS MAY CAUSE SLOWDOWN IN PERFORMANCE     !!!
20200905 202341.630 INFO             PET3 !!! FOR PRODUCTION RUNS, USE:                      !!!
20200905 202341.630 INFO             PET3 !!!                   ESMF_LOGKIND_Multi_On_Error  !!!
20200905 202341.630 INFO             PET3 !!!!!!!!!!!!!!!!!!!!!!!!!!!!!!!!!!!!!!!!!!!!!!!!!!!!!!
20200905 202341.630 INFO             PET3 Running with ESMF Version   : ESMF_8_1_0_beta_snapshot_27-50-gbd345323e0
20200905 202341.630 INFO             PET3 ESMF library build date/time: "Sep  5 2020" "20:10:02"
20200905 202341.630 INFO             PET3 ESMF library build location : /glade/scratch/himanshu/scripts_dir/daily/PGI/esmf
20200905 202341.630 INFO             PET3 ESMF_COMM                   : openmpi
20200905 202341.630 INFO             PET3 ESMF_NETCDF                 : disabled
20200905 202341.630 INFO             PET3 ESMF_PNETCDF                : disabled
20200905 202341.630 INFO             PET3 ESMF_PIO                    : enabled
20200905 202341.630 INFO             PET3 ESMF_YAMLCPP                : enabled
20200905 202341.630 INFO             PET3 ESMF_MOAB                   : enabled
20200905 202341.633 INFO             PET3 Finalizing ESMF
