20201201 173950.023 INFO             PET0 !!!!!!!!!!!!!!!!!!!!!!!!!!!!!!!!!!!!!!!!!!!!!!!!!!!!!!
20201201 173950.024 INFO             PET0 !!! THE ESMF_LOG IS SET TO OUTPUT ALL LOG MESSAGES !!!
20201201 173950.024 INFO             PET0 !!!     THIS MAY CAUSE SLOWDOWN IN PERFORMANCE     !!!
20201201 173950.024 INFO             PET0 !!! FOR PRODUCTION RUNS, USE:                      !!!
20201201 173950.024 INFO             PET0 !!!                   ESMF_LOGKIND_Multi_On_Error  !!!
20201201 173950.024 INFO             PET0 !!!!!!!!!!!!!!!!!!!!!!!!!!!!!!!!!!!!!!!!!!!!!!!!!!!!!!
20201201 173950.024 INFO             PET0 Running with ESMF Version   : ESMF_8_1_0_beta_snapshot_38
20201201 173950.024 INFO             PET0 ESMF library build date/time: "Dec  1 2020" "17:37:21"
20201201 173950.024 INFO             PET0 ESMF library build location : /project/esmf/himanshu/esmf_test/cronjobs/daily/gfortran/esmf
20201201 173950.024 INFO             PET0 ESMF_COMM                   : openmpi
20201201 173950.024 INFO             PET0 ESMF_NETCDF                 : enabled
20201201 173950.024 INFO             PET0 ESMF_PNETCDF                : disabled
20201201 173950.024 INFO             PET0 ESMF_PIO                    : enabled
20201201 173950.024 INFO             PET0 ESMF_YAMLCPP                : enabled
20201201 173950.024 INFO             PET0 ESMF_MOAB                   : enabled
20201201 173950.024 INFO             PET0 Finalizing ESMF
20201201 173950.156 INFO             PET0 !!!!!!!!!!!!!!!!!!!!!!!!!!!!!!!!!!!!!!!!!!!!!!!!!!!!!!
20201201 173950.157 INFO             PET0 !!! THE ESMF_LOG IS SET TO OUTPUT ALL LOG MESSAGES !!!
20201201 173950.157 INFO             PET0 !!!     THIS MAY CAUSE SLOWDOWN IN PERFORMANCE     !!!
20201201 173950.157 INFO             PET0 !!! FOR PRODUCTION RUNS, USE:                      !!!
20201201 173950.157 INFO             PET0 !!!                   ESMF_LOGKIND_Multi_On_Error  !!!
20201201 173950.157 INFO             PET0 !!!!!!!!!!!!!!!!!!!!!!!!!!!!!!!!!!!!!!!!!!!!!!!!!!!!!!
20201201 173950.157 INFO             PET0 Running with ESMF Version   : ESMF_8_1_0_beta_snapshot_38
20201201 173950.157 INFO             PET0 ESMF library build date/time: "Dec  1 2020" "17:37:21"
20201201 173950.157 INFO             PET0 ESMF library build location : /project/esmf/himanshu/esmf_test/cronjobs/daily/gfortran/esmf
20201201 173950.157 INFO             PET0 ESMF_COMM                   : openmpi
20201201 173950.157 INFO             PET0 ESMF_NETCDF                 : enabled
20201201 173950.157 INFO             PET0 ESMF_PNETCDF                : disabled
20201201 173950.157 INFO             PET0 ESMF_PIO                    : enabled
20201201 173950.157 INFO             PET0 ESMF_YAMLCPP                : enabled
20201201 173950.157 INFO             PET0 ESMF_MOAB                   : enabled
20201201 173950.157 INFO             PET0 Finalizing ESMF
20201201 173950.287 INFO             PET0 !!!!!!!!!!!!!!!!!!!!!!!!!!!!!!!!!!!!!!!!!!!!!!!!!!!!!!
20201201 173950.288 INFO             PET0 !!! THE ESMF_LOG IS SET TO OUTPUT ALL LOG MESSAGES !!!
20201201 173950.288 INFO             PET0 !!!     THIS MAY CAUSE SLOWDOWN IN PERFORMANCE     !!!
20201201 173950.288 INFO             PET0 !!! FOR PRODUCTION RUNS, USE:                      !!!
20201201 173950.288 INFO             PET0 !!!                   ESMF_LOGKIND_Multi_On_Error  !!!
20201201 173950.288 INFO             PET0 !!!!!!!!!!!!!!!!!!!!!!!!!!!!!!!!!!!!!!!!!!!!!!!!!!!!!!
20201201 173950.288 INFO             PET0 Running with ESMF Version   : ESMF_8_1_0_beta_snapshot_38
20201201 173950.288 INFO             PET0 ESMF library build date/time: "Dec  1 2020" "17:37:21"
20201201 173950.288 INFO             PET0 ESMF library build location : /project/esmf/himanshu/esmf_test/cronjobs/daily/gfortran/esmf
20201201 173950.288 INFO             PET0 ESMF_COMM                   : openmpi
20201201 173950.288 INFO             PET0 ESMF_NETCDF                 : enabled
20201201 173950.288 INFO             PET0 ESMF_PNETCDF                : disabled
20201201 173950.288 INFO             PET0 ESMF_PIO                    : enabled
20201201 173950.288 INFO             PET0 ESMF_YAMLCPP                : enabled
20201201 173950.288 INFO             PET0 ESMF_MOAB                   : enabled
20201201 173950.288 INFO             PET0 Finalizing ESMF
Wed Dec  2 23:35:56 MST 2020
