20201206 072513.218 INFO             PET0 !!!!!!!!!!!!!!!!!!!!!!!!!!!!!!!!!!!!!!!!!!!!!!!!!!!!!!
20201206 072513.218 INFO             PET0 !!! THE ESMF_LOG IS SET TO OUTPUT ALL LOG MESSAGES !!!
20201206 072513.218 INFO             PET0 !!!     THIS MAY CAUSE SLOWDOWN IN PERFORMANCE     !!!
20201206 072513.218 INFO             PET0 !!! FOR PRODUCTION RUNS, USE:                      !!!
20201206 072513.218 INFO             PET0 !!!                   ESMF_LOGKIND_Multi_On_Error  !!!
20201206 072513.218 INFO             PET0 !!!!!!!!!!!!!!!!!!!!!!!!!!!!!!!!!!!!!!!!!!!!!!!!!!!!!!
20201206 072513.218 INFO             PET0 Running with ESMF Version   : ESMF_8_1_0_beta_snapshot_38-40-gdfefa6d24c
20201206 072513.218 INFO             PET0 ESMF library build date/time: "Dec  6 2020" "07:22:28"
20201206 072513.218 INFO             PET0 ESMF library build location : /project/esmf/himanshu/esmf_test/cronjobs/daily/gfortran/esmf
20201206 072513.218 INFO             PET0 ESMF_COMM                   : openmpi
20201206 072513.218 INFO             PET0 ESMF_NETCDF                 : enabled
20201206 072513.218 INFO             PET0 ESMF_PNETCDF                : disabled
20201206 072513.218 INFO             PET0 ESMF_PIO                    : enabled
20201206 072513.218 INFO             PET0 ESMF_YAMLCPP                : enabled
20201206 072513.218 INFO             PET0 ESMF_MOAB                   : enabled
20201206 072513.219 INFO             PET0 Finalizing ESMF
20201206 072513.377 INFO             PET0 !!!!!!!!!!!!!!!!!!!!!!!!!!!!!!!!!!!!!!!!!!!!!!!!!!!!!!
20201206 072513.378 INFO             PET0 !!! THE ESMF_LOG IS SET TO OUTPUT ALL LOG MESSAGES !!!
20201206 072513.378 INFO             PET0 !!!     THIS MAY CAUSE SLOWDOWN IN PERFORMANCE     !!!
20201206 072513.378 INFO             PET0 !!! FOR PRODUCTION RUNS, USE:                      !!!
20201206 072513.378 INFO             PET0 !!!                   ESMF_LOGKIND_Multi_On_Error  !!!
20201206 072513.378 INFO             PET0 !!!!!!!!!!!!!!!!!!!!!!!!!!!!!!!!!!!!!!!!!!!!!!!!!!!!!!
20201206 072513.378 INFO             PET0 Running with ESMF Version   : ESMF_8_1_0_beta_snapshot_38-40-gdfefa6d24c
20201206 072513.378 INFO             PET0 ESMF library build date/time: "Dec  6 2020" "07:22:28"
20201206 072513.378 INFO             PET0 ESMF library build location : /project/esmf/himanshu/esmf_test/cronjobs/daily/gfortran/esmf
20201206 072513.378 INFO             PET0 ESMF_COMM                   : openmpi
20201206 072513.378 INFO             PET0 ESMF_NETCDF                 : enabled
20201206 072513.378 INFO             PET0 ESMF_PNETCDF                : disabled
20201206 072513.378 INFO             PET0 ESMF_PIO                    : enabled
20201206 072513.378 INFO             PET0 ESMF_YAMLCPP                : enabled
20201206 072513.378 INFO             PET0 ESMF_MOAB                   : enabled
20201206 072513.378 INFO             PET0 Finalizing ESMF
20201206 072513.532 INFO             PET0 !!!!!!!!!!!!!!!!!!!!!!!!!!!!!!!!!!!!!!!!!!!!!!!!!!!!!!
20201206 072513.533 INFO             PET0 !!! THE ESMF_LOG IS SET TO OUTPUT ALL LOG MESSAGES !!!
20201206 072513.533 INFO             PET0 !!!     THIS MAY CAUSE SLOWDOWN IN PERFORMANCE     !!!
20201206 072513.533 INFO             PET0 !!! FOR PRODUCTION RUNS, USE:                      !!!
20201206 072513.533 INFO             PET0 !!!                   ESMF_LOGKIND_Multi_On_Error  !!!
20201206 072513.533 INFO             PET0 !!!!!!!!!!!!!!!!!!!!!!!!!!!!!!!!!!!!!!!!!!!!!!!!!!!!!!
20201206 072513.533 INFO             PET0 Running with ESMF Version   : ESMF_8_1_0_beta_snapshot_38-40-gdfefa6d24c
20201206 072513.533 INFO             PET0 ESMF library build date/time: "Dec  6 2020" "07:22:28"
20201206 072513.533 INFO             PET0 ESMF library build location : /project/esmf/himanshu/esmf_test/cronjobs/daily/gfortran/esmf
20201206 072513.533 INFO             PET0 ESMF_COMM                   : openmpi
20201206 072513.533 INFO             PET0 ESMF_NETCDF                 : enabled
20201206 072513.533 INFO             PET0 ESMF_PNETCDF                : disabled
20201206 072513.533 INFO             PET0 ESMF_PIO                    : enabled
20201206 072513.533 INFO             PET0 ESMF_YAMLCPP                : enabled
20201206 072513.533 INFO             PET0 ESMF_MOAB                   : enabled
20201206 072513.533 INFO             PET0 Finalizing ESMF
Mon Dec  7 22:52:50 MST 2020
