20201025 033526.887 INFO             PET1 !!!!!!!!!!!!!!!!!!!!!!!!!!!!!!!!!!!!!!!!!!!!!!!!!!!!!!
20201025 033526.888 INFO             PET1 !!! THE ESMF_LOG IS SET TO OUTPUT ALL LOG MESSAGES !!!
20201025 033526.888 INFO             PET1 !!!     THIS MAY CAUSE SLOWDOWN IN PERFORMANCE     !!!
20201025 033526.888 INFO             PET1 !!! FOR PRODUCTION RUNS, USE:                      !!!
20201025 033526.888 INFO             PET1 !!!                   ESMF_LOGKIND_Multi_On_Error  !!!
20201025 033526.888 INFO             PET1 !!!!!!!!!!!!!!!!!!!!!!!!!!!!!!!!!!!!!!!!!!!!!!!!!!!!!!
20201025 033526.888 INFO             PET1 Running with ESMF Version   : ESMF_8_1_0_beta_snapshot_36
20201025 033526.888 INFO             PET1 ESMF library build date/time: "Oct 25 2020" "03:32:57"
20201025 033526.888 INFO             PET1 ESMF library build location : /project/esmf/himanshu/esmf_test/cronjobs/daily/gfortran/esmf
20201025 033526.888 INFO             PET1 ESMF_COMM                   : openmpi
20201025 033526.888 INFO             PET1 ESMF_NETCDF                 : enabled
20201025 033526.888 INFO             PET1 ESMF_PNETCDF                : disabled
20201025 033526.888 INFO             PET1 ESMF_PIO                    : enabled
20201025 033526.888 INFO             PET1 ESMF_YAMLCPP                : enabled
20201025 033526.888 INFO             PET1 ESMF_MOAB                   : enabled
20201025 033526.888 INFO             PET1 Finalizing ESMF
20201025 033527.014 INFO             PET1 !!!!!!!!!!!!!!!!!!!!!!!!!!!!!!!!!!!!!!!!!!!!!!!!!!!!!!
20201025 033527.015 INFO             PET1 !!! THE ESMF_LOG IS SET TO OUTPUT ALL LOG MESSAGES !!!
20201025 033527.015 INFO             PET1 !!!     THIS MAY CAUSE SLOWDOWN IN PERFORMANCE     !!!
20201025 033527.015 INFO             PET1 !!! FOR PRODUCTION RUNS, USE:                      !!!
20201025 033527.015 INFO             PET1 !!!                   ESMF_LOGKIND_Multi_On_Error  !!!
20201025 033527.015 INFO             PET1 !!!!!!!!!!!!!!!!!!!!!!!!!!!!!!!!!!!!!!!!!!!!!!!!!!!!!!
20201025 033527.015 INFO             PET1 Running with ESMF Version   : ESMF_8_1_0_beta_snapshot_36
20201025 033527.015 INFO             PET1 ESMF library build date/time: "Oct 25 2020" "03:32:57"
20201025 033527.015 INFO             PET1 ESMF library build location : /project/esmf/himanshu/esmf_test/cronjobs/daily/gfortran/esmf
20201025 033527.015 INFO             PET1 ESMF_COMM                   : openmpi
20201025 033527.015 INFO             PET1 ESMF_NETCDF                 : enabled
20201025 033527.015 INFO             PET1 ESMF_PNETCDF                : disabled
20201025 033527.015 INFO             PET1 ESMF_PIO                    : enabled
20201025 033527.015 INFO             PET1 ESMF_YAMLCPP                : enabled
20201025 033527.015 INFO             PET1 ESMF_MOAB                   : enabled
20201025 033527.015 INFO             PET1 Finalizing ESMF
20201025 033527.138 INFO             PET1 !!!!!!!!!!!!!!!!!!!!!!!!!!!!!!!!!!!!!!!!!!!!!!!!!!!!!!
20201025 033527.138 INFO             PET1 !!! THE ESMF_LOG IS SET TO OUTPUT ALL LOG MESSAGES !!!
20201025 033527.138 INFO             PET1 !!!     THIS MAY CAUSE SLOWDOWN IN PERFORMANCE     !!!
20201025 033527.138 INFO             PET1 !!! FOR PRODUCTION RUNS, USE:                      !!!
20201025 033527.138 INFO             PET1 !!!                   ESMF_LOGKIND_Multi_On_Error  !!!
20201025 033527.138 INFO             PET1 !!!!!!!!!!!!!!!!!!!!!!!!!!!!!!!!!!!!!!!!!!!!!!!!!!!!!!
20201025 033527.138 INFO             PET1 Running with ESMF Version   : ESMF_8_1_0_beta_snapshot_36
20201025 033527.138 INFO             PET1 ESMF library build date/time: "Oct 25 2020" "03:32:57"
20201025 033527.138 INFO             PET1 ESMF library build location : /project/esmf/himanshu/esmf_test/cronjobs/daily/gfortran/esmf
20201025 033527.138 INFO             PET1 ESMF_COMM                   : openmpi
20201025 033527.138 INFO             PET1 ESMF_NETCDF                 : enabled
20201025 033527.138 INFO             PET1 ESMF_PNETCDF                : disabled
20201025 033527.138 INFO             PET1 ESMF_PIO                    : enabled
20201025 033527.138 INFO             PET1 ESMF_YAMLCPP                : enabled
20201025 033527.138 INFO             PET1 ESMF_MOAB                   : enabled
20201025 033527.138 INFO             PET1 Finalizing ESMF
