20201021 212215.891 INFO             PET2 !!!!!!!!!!!!!!!!!!!!!!!!!!!!!!!!!!!!!!!!!!!!!!!!!!!!!!
20201021 212215.892 INFO             PET2 !!! THE ESMF_LOG IS SET TO OUTPUT ALL LOG MESSAGES !!!
20201021 212215.892 INFO             PET2 !!!     THIS MAY CAUSE SLOWDOWN IN PERFORMANCE     !!!
20201021 212215.892 INFO             PET2 !!! FOR PRODUCTION RUNS, USE:                      !!!
20201021 212215.892 INFO             PET2 !!!                   ESMF_LOGKIND_Multi_On_Error  !!!
20201021 212215.892 INFO             PET2 !!!!!!!!!!!!!!!!!!!!!!!!!!!!!!!!!!!!!!!!!!!!!!!!!!!!!!
20201021 212215.892 INFO             PET2 Running with ESMF Version   : ESMF_8_1_0_beta_snapshot_35-23-gc33790beec
20201021 212215.892 INFO             PET2 ESMF library build date/time: "Oct 21 2020" "21:19:53"
20201021 212215.892 INFO             PET2 ESMF library build location : /project/esmf/himanshu/esmf_test/cronjobs/daily/gfortran/esmf
20201021 212215.892 INFO             PET2 ESMF_COMM                   : openmpi
20201021 212215.892 INFO             PET2 ESMF_NETCDF                 : enabled
20201021 212215.892 INFO             PET2 ESMF_PNETCDF                : disabled
20201021 212215.892 INFO             PET2 ESMF_PIO                    : enabled
20201021 212215.892 INFO             PET2 ESMF_YAMLCPP                : enabled
20201021 212215.892 INFO             PET2 ESMF_MOAB                   : enabled
20201021 212215.893 INFO             PET2 Finalizing ESMF
20201021 212216.040 INFO             PET2 !!!!!!!!!!!!!!!!!!!!!!!!!!!!!!!!!!!!!!!!!!!!!!!!!!!!!!
20201021 212216.041 INFO             PET2 !!! THE ESMF_LOG IS SET TO OUTPUT ALL LOG MESSAGES !!!
20201021 212216.041 INFO             PET2 !!!     THIS MAY CAUSE SLOWDOWN IN PERFORMANCE     !!!
20201021 212216.041 INFO             PET2 !!! FOR PRODUCTION RUNS, USE:                      !!!
20201021 212216.041 INFO             PET2 !!!                   ESMF_LOGKIND_Multi_On_Error  !!!
20201021 212216.041 INFO             PET2 !!!!!!!!!!!!!!!!!!!!!!!!!!!!!!!!!!!!!!!!!!!!!!!!!!!!!!
20201021 212216.041 INFO             PET2 Running with ESMF Version   : ESMF_8_1_0_beta_snapshot_35-23-gc33790beec
20201021 212216.041 INFO             PET2 ESMF library build date/time: "Oct 21 2020" "21:19:53"
20201021 212216.041 INFO             PET2 ESMF library build location : /project/esmf/himanshu/esmf_test/cronjobs/daily/gfortran/esmf
20201021 212216.041 INFO             PET2 ESMF_COMM                   : openmpi
20201021 212216.041 INFO             PET2 ESMF_NETCDF                 : enabled
20201021 212216.041 INFO             PET2 ESMF_PNETCDF                : disabled
20201021 212216.041 INFO             PET2 ESMF_PIO                    : enabled
20201021 212216.041 INFO             PET2 ESMF_YAMLCPP                : enabled
20201021 212216.041 INFO             PET2 ESMF_MOAB                   : enabled
20201021 212216.041 INFO             PET2 Finalizing ESMF
20201021 212216.176 INFO             PET2 !!!!!!!!!!!!!!!!!!!!!!!!!!!!!!!!!!!!!!!!!!!!!!!!!!!!!!
20201021 212216.176 INFO             PET2 !!! THE ESMF_LOG IS SET TO OUTPUT ALL LOG MESSAGES !!!
20201021 212216.176 INFO             PET2 !!!     THIS MAY CAUSE SLOWDOWN IN PERFORMANCE     !!!
20201021 212216.176 INFO             PET2 !!! FOR PRODUCTION RUNS, USE:                      !!!
20201021 212216.176 INFO             PET2 !!!                   ESMF_LOGKIND_Multi_On_Error  !!!
20201021 212216.176 INFO             PET2 !!!!!!!!!!!!!!!!!!!!!!!!!!!!!!!!!!!!!!!!!!!!!!!!!!!!!!
20201021 212216.176 INFO             PET2 Running with ESMF Version   : ESMF_8_1_0_beta_snapshot_35-23-gc33790beec
20201021 212216.176 INFO             PET2 ESMF library build date/time: "Oct 21 2020" "21:19:53"
20201021 212216.176 INFO             PET2 ESMF library build location : /project/esmf/himanshu/esmf_test/cronjobs/daily/gfortran/esmf
20201021 212216.176 INFO             PET2 ESMF_COMM                   : openmpi
20201021 212216.176 INFO             PET2 ESMF_NETCDF                 : enabled
20201021 212216.176 INFO             PET2 ESMF_PNETCDF                : disabled
20201021 212216.176 INFO             PET2 ESMF_PIO                    : enabled
20201021 212216.176 INFO             PET2 ESMF_YAMLCPP                : enabled
20201021 212216.176 INFO             PET2 ESMF_MOAB                   : enabled
20201021 212216.177 INFO             PET2 Finalizing ESMF
