20201215 113739.009 INFO             PET3 !!!!!!!!!!!!!!!!!!!!!!!!!!!!!!!!!!!!!!!!!!!!!!!!!!!!!!
20201215 113739.009 INFO             PET3 !!! THE ESMF_LOG IS SET TO OUTPUT ALL LOG MESSAGES !!!
20201215 113739.009 INFO             PET3 !!!     THIS MAY CAUSE SLOWDOWN IN PERFORMANCE     !!!
20201215 113739.009 INFO             PET3 !!! FOR PRODUCTION RUNS, USE:                      !!!
20201215 113739.009 INFO             PET3 !!!                   ESMF_LOGKIND_Multi_On_Error  !!!
20201215 113739.009 INFO             PET3 !!!!!!!!!!!!!!!!!!!!!!!!!!!!!!!!!!!!!!!!!!!!!!!!!!!!!!
20201215 113739.009 INFO             PET3 Running with ESMF Version   : ESMF_8_1_0_beta_snapshot_38-56-g64c6beb142
20201215 113739.009 INFO             PET3 ESMF library build date/time: "Dec 15 2020" "11:35:10"
20201215 113739.009 INFO             PET3 ESMF library build location : /project/esmf/himanshu/esmf_test/cronjobs/daily/gfortran/esmf
20201215 113739.009 INFO             PET3 ESMF_COMM                   : openmpi
20201215 113739.009 INFO             PET3 ESMF_NETCDF                 : enabled
20201215 113739.009 INFO             PET3 ESMF_PNETCDF                : disabled
20201215 113739.009 INFO             PET3 ESMF_PIO                    : enabled
20201215 113739.009 INFO             PET3 ESMF_YAMLCPP                : enabled
20201215 113739.009 INFO             PET3 ESMF_MOAB                   : enabled
20201215 113739.010 INFO             PET3 Finalizing ESMF
20201215 113739.138 INFO             PET3 !!!!!!!!!!!!!!!!!!!!!!!!!!!!!!!!!!!!!!!!!!!!!!!!!!!!!!
20201215 113739.139 INFO             PET3 !!! THE ESMF_LOG IS SET TO OUTPUT ALL LOG MESSAGES !!!
20201215 113739.139 INFO             PET3 !!!     THIS MAY CAUSE SLOWDOWN IN PERFORMANCE     !!!
20201215 113739.139 INFO             PET3 !!! FOR PRODUCTION RUNS, USE:                      !!!
20201215 113739.139 INFO             PET3 !!!                   ESMF_LOGKIND_Multi_On_Error  !!!
20201215 113739.139 INFO             PET3 !!!!!!!!!!!!!!!!!!!!!!!!!!!!!!!!!!!!!!!!!!!!!!!!!!!!!!
20201215 113739.139 INFO             PET3 Running with ESMF Version   : ESMF_8_1_0_beta_snapshot_38-56-g64c6beb142
20201215 113739.139 INFO             PET3 ESMF library build date/time: "Dec 15 2020" "11:35:10"
20201215 113739.139 INFO             PET3 ESMF library build location : /project/esmf/himanshu/esmf_test/cronjobs/daily/gfortran/esmf
20201215 113739.139 INFO             PET3 ESMF_COMM                   : openmpi
20201215 113739.139 INFO             PET3 ESMF_NETCDF                 : enabled
20201215 113739.139 INFO             PET3 ESMF_PNETCDF                : disabled
20201215 113739.139 INFO             PET3 ESMF_PIO                    : enabled
20201215 113739.139 INFO             PET3 ESMF_YAMLCPP                : enabled
20201215 113739.139 INFO             PET3 ESMF_MOAB                   : enabled
20201215 113739.139 INFO             PET3 Finalizing ESMF
20201215 113739.267 INFO             PET3 !!!!!!!!!!!!!!!!!!!!!!!!!!!!!!!!!!!!!!!!!!!!!!!!!!!!!!
20201215 113739.267 INFO             PET3 !!! THE ESMF_LOG IS SET TO OUTPUT ALL LOG MESSAGES !!!
20201215 113739.267 INFO             PET3 !!!     THIS MAY CAUSE SLOWDOWN IN PERFORMANCE     !!!
20201215 113739.267 INFO             PET3 !!! FOR PRODUCTION RUNS, USE:                      !!!
20201215 113739.267 INFO             PET3 !!!                   ESMF_LOGKIND_Multi_On_Error  !!!
20201215 113739.267 INFO             PET3 !!!!!!!!!!!!!!!!!!!!!!!!!!!!!!!!!!!!!!!!!!!!!!!!!!!!!!
20201215 113739.267 INFO             PET3 Running with ESMF Version   : ESMF_8_1_0_beta_snapshot_38-56-g64c6beb142
20201215 113739.267 INFO             PET3 ESMF library build date/time: "Dec 15 2020" "11:35:10"
20201215 113739.267 INFO             PET3 ESMF library build location : /project/esmf/himanshu/esmf_test/cronjobs/daily/gfortran/esmf
20201215 113739.267 INFO             PET3 ESMF_COMM                   : openmpi
20201215 113739.267 INFO             PET3 ESMF_NETCDF                 : enabled
20201215 113739.267 INFO             PET3 ESMF_PNETCDF                : disabled
20201215 113739.267 INFO             PET3 ESMF_PIO                    : enabled
20201215 113739.267 INFO             PET3 ESMF_YAMLCPP                : enabled
20201215 113739.267 INFO             PET3 ESMF_MOAB                   : enabled
20201215 113739.268 INFO             PET3 Finalizing ESMF
Fri Dec 18 19:34:50 MST 2020
