20200822 030210.506 INFO             PET0 !!!!!!!!!!!!!!!!!!!!!!!!!!!!!!!!!!!!!!!!!!!!!!!!!!!!!!
20200822 030210.506 INFO             PET0 !!! THE ESMF_LOG IS SET TO OUTPUT ALL LOG MESSAGES !!!
20200822 030210.506 INFO             PET0 !!!     THIS MAY CAUSE SLOWDOWN IN PERFORMANCE     !!!
20200822 030210.506 INFO             PET0 !!! FOR PRODUCTION RUNS, USE:                      !!!
20200822 030210.506 INFO             PET0 !!!                   ESMF_LOGKIND_Multi_On_Error  !!!
20200822 030210.506 INFO             PET0 !!!!!!!!!!!!!!!!!!!!!!!!!!!!!!!!!!!!!!!!!!!!!!!!!!!!!!
20200822 030210.506 INFO             PET0 Running with ESMF Version   : ESMF_8_1_0_beta_snapshot_26-20-gc467564eb1
20200822 030210.506 INFO             PET0 ESMF library build date/time: "Aug 22 2020" "02:50:29"
20200822 030210.506 INFO             PET0 ESMF library build location : /glade/scratch/himanshu/scripts_dir/daily/intel_cheyenne/esmf
20200822 030210.506 INFO             PET0 ESMF_COMM                   : intelmpi
20200822 030210.507 INFO             PET0 ESMF_NETCDF                 : disabled
20200822 030210.507 INFO             PET0 ESMF_PNETCDF                : disabled
20200822 030210.507 INFO             PET0 ESMF_PIO                    : enabled
20200822 030210.507 INFO             PET0 ESMF_YAMLCPP                : enabled
20200822 030210.507 INFO             PET0 ESMF_MOAB                   : enabled
20200822 030210.507 INFO             PET0 Finalizing ESMF
20200822 030210.597 INFO             PET0 !!!!!!!!!!!!!!!!!!!!!!!!!!!!!!!!!!!!!!!!!!!!!!!!!!!!!!
20200822 030210.597 INFO             PET0 !!! THE ESMF_LOG IS SET TO OUTPUT ALL LOG MESSAGES !!!
20200822 030210.597 INFO             PET0 !!!     THIS MAY CAUSE SLOWDOWN IN PERFORMANCE     !!!
20200822 030210.597 INFO             PET0 !!! FOR PRODUCTION RUNS, USE:                      !!!
20200822 030210.597 INFO             PET0 !!!                   ESMF_LOGKIND_Multi_On_Error  !!!
20200822 030210.597 INFO             PET0 !!!!!!!!!!!!!!!!!!!!!!!!!!!!!!!!!!!!!!!!!!!!!!!!!!!!!!
20200822 030210.597 INFO             PET0 Running with ESMF Version   : ESMF_8_1_0_beta_snapshot_26-20-gc467564eb1
20200822 030210.597 INFO             PET0 ESMF library build date/time: "Aug 22 2020" "02:50:29"
20200822 030210.597 INFO             PET0 ESMF library build location : /glade/scratch/himanshu/scripts_dir/daily/intel_cheyenne/esmf
20200822 030210.597 INFO             PET0 ESMF_COMM                   : intelmpi
20200822 030210.597 INFO             PET0 ESMF_NETCDF                 : disabled
20200822 030210.597 INFO             PET0 ESMF_PNETCDF                : disabled
20200822 030210.597 INFO             PET0 ESMF_PIO                    : enabled
20200822 030210.597 INFO             PET0 ESMF_YAMLCPP                : enabled
20200822 030210.597 INFO             PET0 ESMF_MOAB                   : enabled
20200822 030210.597 INFO             PET0 Finalizing ESMF
20200822 030210.685 INFO             PET0 !!!!!!!!!!!!!!!!!!!!!!!!!!!!!!!!!!!!!!!!!!!!!!!!!!!!!!
20200822 030210.685 INFO             PET0 !!! THE ESMF_LOG IS SET TO OUTPUT ALL LOG MESSAGES !!!
20200822 030210.685 INFO             PET0 !!!     THIS MAY CAUSE SLOWDOWN IN PERFORMANCE     !!!
20200822 030210.685 INFO             PET0 !!! FOR PRODUCTION RUNS, USE:                      !!!
20200822 030210.685 INFO             PET0 !!!                   ESMF_LOGKIND_Multi_On_Error  !!!
20200822 030210.685 INFO             PET0 !!!!!!!!!!!!!!!!!!!!!!!!!!!!!!!!!!!!!!!!!!!!!!!!!!!!!!
20200822 030210.685 INFO             PET0 Running with ESMF Version   : ESMF_8_1_0_beta_snapshot_26-20-gc467564eb1
20200822 030210.685 INFO             PET0 ESMF library build date/time: "Aug 22 2020" "02:50:29"
20200822 030210.685 INFO             PET0 ESMF library build location : /glade/scratch/himanshu/scripts_dir/daily/intel_cheyenne/esmf
20200822 030210.685 INFO             PET0 ESMF_COMM                   : intelmpi
20200822 030210.686 INFO             PET0 ESMF_NETCDF                 : disabled
20200822 030210.686 INFO             PET0 ESMF_PNETCDF                : disabled
20200822 030210.686 INFO             PET0 ESMF_PIO                    : enabled
20200822 030210.686 INFO             PET0 ESMF_YAMLCPP                : enabled
20200822 030210.686 INFO             PET0 ESMF_MOAB                   : enabled
20200822 030210.689 INFO             PET0 Finalizing ESMF
