20200820 060631.556 INFO             PET2 !!!!!!!!!!!!!!!!!!!!!!!!!!!!!!!!!!!!!!!!!!!!!!!!!!!!!!
20200820 060631.556 INFO             PET2 !!! THE ESMF_LOG IS SET TO OUTPUT ALL LOG MESSAGES !!!
20200820 060631.556 INFO             PET2 !!!     THIS MAY CAUSE SLOWDOWN IN PERFORMANCE     !!!
20200820 060631.556 INFO             PET2 !!! FOR PRODUCTION RUNS, USE:                      !!!
20200820 060631.556 INFO             PET2 !!!                   ESMF_LOGKIND_Multi_On_Error  !!!
20200820 060631.556 INFO             PET2 !!!!!!!!!!!!!!!!!!!!!!!!!!!!!!!!!!!!!!!!!!!!!!!!!!!!!!
20200820 060631.556 INFO             PET2 Running with ESMF Version   : ESMF_8_1_0_beta_snapshot_26-18-g225f55709c
20200820 060631.556 INFO             PET2 ESMF library build date/time: "Aug 20 2020" "05:55:50"
20200820 060631.556 INFO             PET2 ESMF library build location : /glade/scratch/himanshu/scripts_dir/daily/intel_cheyenne/esmf
20200820 060631.556 INFO             PET2 ESMF_COMM                   : intelmpi
20200820 060631.557 INFO             PET2 ESMF_NETCDF                 : disabled
20200820 060631.557 INFO             PET2 ESMF_PNETCDF                : disabled
20200820 060631.557 INFO             PET2 ESMF_PIO                    : enabled
20200820 060631.557 INFO             PET2 ESMF_YAMLCPP                : enabled
20200820 060631.557 INFO             PET2 ESMF_MOAB                   : enabled
20200820 060631.557 INFO             PET2 Finalizing ESMF
20200820 060631.665 INFO             PET2 !!!!!!!!!!!!!!!!!!!!!!!!!!!!!!!!!!!!!!!!!!!!!!!!!!!!!!
20200820 060631.665 INFO             PET2 !!! THE ESMF_LOG IS SET TO OUTPUT ALL LOG MESSAGES !!!
20200820 060631.665 INFO             PET2 !!!     THIS MAY CAUSE SLOWDOWN IN PERFORMANCE     !!!
20200820 060631.665 INFO             PET2 !!! FOR PRODUCTION RUNS, USE:                      !!!
20200820 060631.665 INFO             PET2 !!!                   ESMF_LOGKIND_Multi_On_Error  !!!
20200820 060631.665 INFO             PET2 !!!!!!!!!!!!!!!!!!!!!!!!!!!!!!!!!!!!!!!!!!!!!!!!!!!!!!
20200820 060631.665 INFO             PET2 Running with ESMF Version   : ESMF_8_1_0_beta_snapshot_26-18-g225f55709c
20200820 060631.665 INFO             PET2 ESMF library build date/time: "Aug 20 2020" "05:55:50"
20200820 060631.665 INFO             PET2 ESMF library build location : /glade/scratch/himanshu/scripts_dir/daily/intel_cheyenne/esmf
20200820 060631.665 INFO             PET2 ESMF_COMM                   : intelmpi
20200820 060631.665 INFO             PET2 ESMF_NETCDF                 : disabled
20200820 060631.665 INFO             PET2 ESMF_PNETCDF                : disabled
20200820 060631.665 INFO             PET2 ESMF_PIO                    : enabled
20200820 060631.665 INFO             PET2 ESMF_YAMLCPP                : enabled
20200820 060631.665 INFO             PET2 ESMF_MOAB                   : enabled
20200820 060631.665 INFO             PET2 Finalizing ESMF
20200820 060631.754 INFO             PET2 !!!!!!!!!!!!!!!!!!!!!!!!!!!!!!!!!!!!!!!!!!!!!!!!!!!!!!
20200820 060631.754 INFO             PET2 !!! THE ESMF_LOG IS SET TO OUTPUT ALL LOG MESSAGES !!!
20200820 060631.754 INFO             PET2 !!!     THIS MAY CAUSE SLOWDOWN IN PERFORMANCE     !!!
20200820 060631.754 INFO             PET2 !!! FOR PRODUCTION RUNS, USE:                      !!!
20200820 060631.754 INFO             PET2 !!!                   ESMF_LOGKIND_Multi_On_Error  !!!
20200820 060631.754 INFO             PET2 !!!!!!!!!!!!!!!!!!!!!!!!!!!!!!!!!!!!!!!!!!!!!!!!!!!!!!
20200820 060631.754 INFO             PET2 Running with ESMF Version   : ESMF_8_1_0_beta_snapshot_26-18-g225f55709c
20200820 060631.754 INFO             PET2 ESMF library build date/time: "Aug 20 2020" "05:55:50"
20200820 060631.754 INFO             PET2 ESMF library build location : /glade/scratch/himanshu/scripts_dir/daily/intel_cheyenne/esmf
20200820 060631.754 INFO             PET2 ESMF_COMM                   : intelmpi
20200820 060631.754 INFO             PET2 ESMF_NETCDF                 : disabled
20200820 060631.754 INFO             PET2 ESMF_PNETCDF                : disabled
20200820 060631.754 INFO             PET2 ESMF_PIO                    : enabled
20200820 060631.754 INFO             PET2 ESMF_YAMLCPP                : enabled
20200820 060631.754 INFO             PET2 ESMF_MOAB                   : enabled
20200820 060631.758 INFO             PET2 Finalizing ESMF
