20200918 001353.457 INFO             PET2 !!!!!!!!!!!!!!!!!!!!!!!!!!!!!!!!!!!!!!!!!!!!!!!!!!!!!!
20200918 001353.457 INFO             PET2 !!! THE ESMF_LOG IS SET TO OUTPUT ALL LOG MESSAGES !!!
20200918 001353.457 INFO             PET2 !!!     THIS MAY CAUSE SLOWDOWN IN PERFORMANCE     !!!
20200918 001353.457 INFO             PET2 !!! FOR PRODUCTION RUNS, USE:                      !!!
20200918 001353.457 INFO             PET2 !!!                   ESMF_LOGKIND_Multi_On_Error  !!!
20200918 001353.457 INFO             PET2 !!!!!!!!!!!!!!!!!!!!!!!!!!!!!!!!!!!!!!!!!!!!!!!!!!!!!!
20200918 001353.457 INFO             PET2 Running with ESMF Version   : ESMF_8_1_0_beta_snapshot_27-68-gf8cae5665f
20200918 001353.457 INFO             PET2 ESMF library build date/time: "Sep 18 2020" "00:02:01"
20200918 001353.457 INFO             PET2 ESMF library build location : /glade/scratch/himanshu/scripts_dir/daily/intel_cheyenne/esmf
20200918 001353.457 INFO             PET2 ESMF_COMM                   : intelmpi
20200918 001353.457 INFO             PET2 ESMF_NETCDF                 : disabled
20200918 001353.457 INFO             PET2 ESMF_PNETCDF                : disabled
20200918 001353.457 INFO             PET2 ESMF_PIO                    : enabled
20200918 001353.457 INFO             PET2 ESMF_YAMLCPP                : enabled
20200918 001353.457 INFO             PET2 ESMF_MOAB                   : enabled
20200918 001353.458 INFO             PET2 Finalizing ESMF
20200918 001353.548 INFO             PET2 !!!!!!!!!!!!!!!!!!!!!!!!!!!!!!!!!!!!!!!!!!!!!!!!!!!!!!
20200918 001353.548 INFO             PET2 !!! THE ESMF_LOG IS SET TO OUTPUT ALL LOG MESSAGES !!!
20200918 001353.548 INFO             PET2 !!!     THIS MAY CAUSE SLOWDOWN IN PERFORMANCE     !!!
20200918 001353.548 INFO             PET2 !!! FOR PRODUCTION RUNS, USE:                      !!!
20200918 001353.548 INFO             PET2 !!!                   ESMF_LOGKIND_Multi_On_Error  !!!
20200918 001353.548 INFO             PET2 !!!!!!!!!!!!!!!!!!!!!!!!!!!!!!!!!!!!!!!!!!!!!!!!!!!!!!
20200918 001353.548 INFO             PET2 Running with ESMF Version   : ESMF_8_1_0_beta_snapshot_27-68-gf8cae5665f
20200918 001353.548 INFO             PET2 ESMF library build date/time: "Sep 18 2020" "00:02:01"
20200918 001353.548 INFO             PET2 ESMF library build location : /glade/scratch/himanshu/scripts_dir/daily/intel_cheyenne/esmf
20200918 001353.548 INFO             PET2 ESMF_COMM                   : intelmpi
20200918 001353.548 INFO             PET2 ESMF_NETCDF                 : disabled
20200918 001353.548 INFO             PET2 ESMF_PNETCDF                : disabled
20200918 001353.548 INFO             PET2 ESMF_PIO                    : enabled
20200918 001353.548 INFO             PET2 ESMF_YAMLCPP                : enabled
20200918 001353.548 INFO             PET2 ESMF_MOAB                   : enabled
20200918 001353.548 INFO             PET2 Finalizing ESMF
20200918 001353.638 INFO             PET2 !!!!!!!!!!!!!!!!!!!!!!!!!!!!!!!!!!!!!!!!!!!!!!!!!!!!!!
20200918 001353.638 INFO             PET2 !!! THE ESMF_LOG IS SET TO OUTPUT ALL LOG MESSAGES !!!
20200918 001353.638 INFO             PET2 !!!     THIS MAY CAUSE SLOWDOWN IN PERFORMANCE     !!!
20200918 001353.638 INFO             PET2 !!! FOR PRODUCTION RUNS, USE:                      !!!
20200918 001353.638 INFO             PET2 !!!                   ESMF_LOGKIND_Multi_On_Error  !!!
20200918 001353.638 INFO             PET2 !!!!!!!!!!!!!!!!!!!!!!!!!!!!!!!!!!!!!!!!!!!!!!!!!!!!!!
20200918 001353.638 INFO             PET2 Running with ESMF Version   : ESMF_8_1_0_beta_snapshot_27-68-gf8cae5665f
20200918 001353.638 INFO             PET2 ESMF library build date/time: "Sep 18 2020" "00:02:01"
20200918 001353.638 INFO             PET2 ESMF library build location : /glade/scratch/himanshu/scripts_dir/daily/intel_cheyenne/esmf
20200918 001353.638 INFO             PET2 ESMF_COMM                   : intelmpi
20200918 001353.638 INFO             PET2 ESMF_NETCDF                 : disabled
20200918 001353.638 INFO             PET2 ESMF_PNETCDF                : disabled
20200918 001353.638 INFO             PET2 ESMF_PIO                    : enabled
20200918 001353.638 INFO             PET2 ESMF_YAMLCPP                : enabled
20200918 001353.638 INFO             PET2 ESMF_MOAB                   : enabled
20200918 001353.642 INFO             PET2 Finalizing ESMF
