20210104 081557.095 INFO             PET0 !!!!!!!!!!!!!!!!!!!!!!!!!!!!!!!!!!!!!!!!!!!!!!!!!!!!!!
20210104 081557.095 INFO             PET0 !!! THE ESMF_LOG IS SET TO OUTPUT ALL LOG MESSAGES !!!
20210104 081557.095 INFO             PET0 !!!     THIS MAY CAUSE SLOWDOWN IN PERFORMANCE     !!!
20210104 081557.095 INFO             PET0 !!! FOR PRODUCTION RUNS, USE:                      !!!
20210104 081557.095 INFO             PET0 !!!                   ESMF_LOGKIND_Multi_On_Error  !!!
20210104 081557.095 INFO             PET0 !!!!!!!!!!!!!!!!!!!!!!!!!!!!!!!!!!!!!!!!!!!!!!!!!!!!!!
20210104 081557.095 INFO             PET0 Running with ESMF Version   : ESMF_8_1_0_beta_snapshot_40-5-g9b832b5a2f
20210104 081557.095 INFO             PET0 ESMF library build date/time: "Jan  4 2021" "08:11:00"
20210104 081557.095 INFO             PET0 ESMF library build location : /project/esmf/himanshu/esmf_test/cronjobs/daily/gfortran/esmf
20210104 081557.095 INFO             PET0 ESMF_COMM                   : mpiuni
20210104 081557.096 INFO             PET0 ESMF_NETCDF                 : enabled
20210104 081557.096 INFO             PET0 ESMF_PNETCDF                : disabled
20210104 081557.096 INFO             PET0 ESMF_PIO                    : disabled
20210104 081557.096 INFO             PET0 ESMF_YAMLCPP                : enabled
20210104 081557.096 INFO             PET0 ESMF_MOAB                   : enabled
20210104 081557.096 INFO             PET0 Finalizing ESMF
20210104 081557.119 INFO             PET0 !!!!!!!!!!!!!!!!!!!!!!!!!!!!!!!!!!!!!!!!!!!!!!!!!!!!!!
20210104 081557.119 INFO             PET0 !!! THE ESMF_LOG IS SET TO OUTPUT ALL LOG MESSAGES !!!
20210104 081557.119 INFO             PET0 !!!     THIS MAY CAUSE SLOWDOWN IN PERFORMANCE     !!!
20210104 081557.119 INFO             PET0 !!! FOR PRODUCTION RUNS, USE:                      !!!
20210104 081557.119 INFO             PET0 !!!                   ESMF_LOGKIND_Multi_On_Error  !!!
20210104 081557.119 INFO             PET0 !!!!!!!!!!!!!!!!!!!!!!!!!!!!!!!!!!!!!!!!!!!!!!!!!!!!!!
20210104 081557.119 INFO             PET0 Running with ESMF Version   : ESMF_8_1_0_beta_snapshot_40-5-g9b832b5a2f
20210104 081557.119 INFO             PET0 ESMF library build date/time: "Jan  4 2021" "08:11:00"
20210104 081557.119 INFO             PET0 ESMF library build location : /project/esmf/himanshu/esmf_test/cronjobs/daily/gfortran/esmf
20210104 081557.119 INFO             PET0 ESMF_COMM                   : mpiuni
20210104 081557.119 INFO             PET0 ESMF_NETCDF                 : enabled
20210104 081557.119 INFO             PET0 ESMF_PNETCDF                : disabled
20210104 081557.119 INFO             PET0 ESMF_PIO                    : disabled
20210104 081557.119 INFO             PET0 ESMF_YAMLCPP                : enabled
20210104 081557.119 INFO             PET0 ESMF_MOAB                   : enabled
20210104 081557.119 INFO             PET0 Finalizing ESMF
20210104 081557.147 INFO             PET0 !!!!!!!!!!!!!!!!!!!!!!!!!!!!!!!!!!!!!!!!!!!!!!!!!!!!!!
20210104 081557.147 INFO             PET0 !!! THE ESMF_LOG IS SET TO OUTPUT ALL LOG MESSAGES !!!
20210104 081557.147 INFO             PET0 !!!     THIS MAY CAUSE SLOWDOWN IN PERFORMANCE     !!!
20210104 081557.147 INFO             PET0 !!! FOR PRODUCTION RUNS, USE:                      !!!
20210104 081557.147 INFO             PET0 !!!                   ESMF_LOGKIND_Multi_On_Error  !!!
20210104 081557.147 INFO             PET0 !!!!!!!!!!!!!!!!!!!!!!!!!!!!!!!!!!!!!!!!!!!!!!!!!!!!!!
20210104 081557.147 INFO             PET0 Running with ESMF Version   : ESMF_8_1_0_beta_snapshot_40-5-g9b832b5a2f
20210104 081557.147 INFO             PET0 ESMF library build date/time: "Jan  4 2021" "08:11:00"
20210104 081557.147 INFO             PET0 ESMF library build location : /project/esmf/himanshu/esmf_test/cronjobs/daily/gfortran/esmf
20210104 081557.147 INFO             PET0 ESMF_COMM                   : mpiuni
20210104 081557.147 INFO             PET0 ESMF_NETCDF                 : enabled
20210104 081557.147 INFO             PET0 ESMF_PNETCDF                : disabled
20210104 081557.147 INFO             PET0 ESMF_PIO                    : disabled
20210104 081557.147 INFO             PET0 ESMF_YAMLCPP                : enabled
20210104 081557.147 INFO             PET0 ESMF_MOAB                   : enabled
20210104 081557.147 INFO             PET0 Finalizing ESMF
Mon Jan  4 14:04:26 MST 2021
