20210216 165432.663 INFO             PET0 !!!!!!!!!!!!!!!!!!!!!!!!!!!!!!!!!!!!!!!!!!!!!!!!!!!!!!
20210216 165432.663 INFO             PET0 !!! THE ESMF_LOG IS SET TO OUTPUT ALL LOG MESSAGES !!!
20210216 165432.663 INFO             PET0 !!!     THIS MAY CAUSE SLOWDOWN IN PERFORMANCE     !!!
20210216 165432.663 INFO             PET0 !!! FOR PRODUCTION RUNS, USE:                      !!!
20210216 165432.663 INFO             PET0 !!!                   ESMF_LOGKIND_Multi_On_Error  !!!
20210216 165432.663 INFO             PET0 !!!!!!!!!!!!!!!!!!!!!!!!!!!!!!!!!!!!!!!!!!!!!!!!!!!!!!
20210216 165432.663 INFO             PET0 Running with ESMF Version   : ESMF_8_1_0_beta_snapshot_46
20210216 165432.663 INFO             PET0 ESMF library build date/time: "Feb 16 2021" "16:41:13"
20210216 165432.663 INFO             PET0 ESMF library build location : /project/esmf/himanshu/esmf_test/cronjobs/daily/gfortran/esmf
20210216 165432.663 INFO             PET0 ESMF_COMM                   : mpiuni
20210216 165432.663 INFO             PET0 ESMF_MOAB                   : enabled
20210216 165432.663 INFO             PET0 ESMF_LAPACK                 : enabled
20210216 165432.663 INFO             PET0 ESMF_NETCDF                 : enabled
20210216 165432.663 INFO             PET0 ESMF_PNETCDF                : disabled
20210216 165432.663 INFO             PET0 ESMF_PIO                    : disabled
20210216 165432.663 INFO             PET0 ESMF_YAMLCPP                : enabled
20210216 165432.692 INFO             PET0  NUMBER_OF_PROCESSORS           1
20210216 165432.692 INFO             PET0  PASS  Example ESMF_LocStreamEx, ESMF_LocStreamEx.F90, line 784
20210216 165432.692 INFO             PET0 Finalizing ESMF
Tue Feb 16 19:19:27 MST 2021
