20210212 130746.111 INFO             PET0 !!!!!!!!!!!!!!!!!!!!!!!!!!!!!!!!!!!!!!!!!!!!!!!!!!!!!!
20210212 130746.111 INFO             PET0 !!! THE ESMF_LOG IS SET TO OUTPUT ALL LOG MESSAGES !!!
20210212 130746.111 INFO             PET0 !!!     THIS MAY CAUSE SLOWDOWN IN PERFORMANCE     !!!
20210212 130746.111 INFO             PET0 !!! FOR PRODUCTION RUNS, USE:                      !!!
20210212 130746.111 INFO             PET0 !!!                   ESMF_LOGKIND_Multi_On_Error  !!!
20210212 130746.111 INFO             PET0 !!!!!!!!!!!!!!!!!!!!!!!!!!!!!!!!!!!!!!!!!!!!!!!!!!!!!!
20210212 130746.111 INFO             PET0 Running with ESMF Version   : ESMF_8_1_0_beta_snapshot_44-71-g5a2c3f2e38
20210212 130746.111 INFO             PET0 ESMF library build date/time: "Feb 12 2021" "12:55:54"
20210212 130746.111 INFO             PET0 ESMF library build location : /project/esmf/himanshu/esmf_test/cronjobs/daily/gfortran/esmf
20210212 130746.111 INFO             PET0 ESMF_COMM                   : mpiuni
20210212 130746.112 INFO             PET0 ESMF_MOAB                   : enabled
20210212 130746.112 INFO             PET0 ESMF_LAPACK                 : enabled
20210212 130746.112 INFO             PET0 ESMF_NETCDF                 : enabled
20210212 130746.112 INFO             PET0 ESMF_PNETCDF                : disabled
20210212 130746.112 INFO             PET0 ESMF_PIO                    : disabled
20210212 130746.112 INFO             PET0 ESMF_YAMLCPP                : enabled
20210212 130746.118 ERROR            PET0 ESMCI_Info.C:1277 Info::set(<json>) Cannot set value  - Error/Return Code 540 (ESMC_RC_CANNOT_SET) - Key '/myIntegerKey' already in map and force=false.
20210212 130746.119 ERROR            PET0 ESMCI_Info.C:1280 Info::set(<json>) Cannot set value  - Internal subroutine call returned Error
20210212 130746.119 ERROR            PET0 ESMCI_Info.C:1322 Info::set(<json>) Cannot set value  - Internal subroutine call returned Error
20210212 130746.119 ERROR            PET0 ESMCI_Info.C:1325 Info::set(<json>) Cannot set value  - Internal subroutine call returned Error
20210212 130746.119 ERROR            PET0 ESMCI_Info.C:1373 Info::set(<scalar>) Cannot set value  - Internal subroutine call returned Error
20210212 130746.121 ERROR            PET0 ESMC_InfoCDefGeneric.C:387 ESMC_InfoSetI4() Cannot set value  - Internal subroutine call returned Error
20210212 130746.121 ERROR            PET0 ESMF_Info.F90:666 ESMF_InfoSetI4() Cannot set value  - Internal subroutine call returned Error
20210212 130746.122 INFO             PET0  NUMBER_OF_PROCESSORS           1
20210212 130746.122 INFO             PET0  PASS  Example ESMF_InfoTutorialEx, ESMF_InfoTutorialEx.F90, line 335
20210212 130746.122 INFO             PET0 Finalizing ESMF
Fri Feb 12 15:30:00 MST 2021
