20210217 123721.415 INFO             PET0 !!!!!!!!!!!!!!!!!!!!!!!!!!!!!!!!!!!!!!!!!!!!!!!!!!!!!!
20210217 123721.416 INFO             PET0 !!! THE ESMF_LOG IS SET TO OUTPUT ALL LOG MESSAGES !!!
20210217 123721.416 INFO             PET0 !!!     THIS MAY CAUSE SLOWDOWN IN PERFORMANCE     !!!
20210217 123721.416 INFO             PET0 !!! FOR PRODUCTION RUNS, USE:                      !!!
20210217 123721.416 INFO             PET0 !!!                   ESMF_LOGKIND_Multi_On_Error  !!!
20210217 123721.416 INFO             PET0 !!!!!!!!!!!!!!!!!!!!!!!!!!!!!!!!!!!!!!!!!!!!!!!!!!!!!!
20210217 123721.416 INFO             PET0 Running with ESMF Version   : ESMF_8_1_0_beta_snapshot_46-2-g1ccee674c3
20210217 123721.416 INFO             PET0 ESMF library build date/time: "Feb 17 2021" "12:23:17"
20210217 123721.416 INFO             PET0 ESMF library build location : /project/esmf/himanshu/esmf_test/cronjobs/daily/gfortran/esmf
20210217 123721.416 INFO             PET0 ESMF_COMM                   : mpiuni
20210217 123721.416 INFO             PET0 ESMF_MOAB                   : enabled
20210217 123721.416 INFO             PET0 ESMF_LAPACK                 : enabled
20210217 123721.416 INFO             PET0 ESMF_NETCDF                 : enabled
20210217 123721.416 INFO             PET0 ESMF_PNETCDF                : disabled
20210217 123721.416 INFO             PET0 ESMF_PIO                    : disabled
20210217 123721.416 INFO             PET0 ESMF_YAMLCPP                : enabled
20210217 123721.416 INFO             PET0  NUMBER_OF_PROCESSORS           1
20210217 123721.416 INFO             PET0  PASS  Example ESMF_InternalStateEx, ESMF_InternalStateEx.F90, line 132
20210217 123721.416 INFO             PET0 Finalizing ESMF
Wed Feb 17 15:06:29 MST 2021
