20210110 102606.805 INFO             PET0 !!!!!!!!!!!!!!!!!!!!!!!!!!!!!!!!!!!!!!!!!!!!!!!!!!!!!!
20210110 102606.805 INFO             PET0 !!! THE ESMF_LOG IS SET TO OUTPUT ALL LOG MESSAGES !!!
20210110 102606.805 INFO             PET0 !!!     THIS MAY CAUSE SLOWDOWN IN PERFORMANCE     !!!
20210110 102606.805 INFO             PET0 !!! FOR PRODUCTION RUNS, USE:                      !!!
20210110 102606.805 INFO             PET0 !!!                   ESMF_LOGKIND_Multi_On_Error  !!!
20210110 102606.805 INFO             PET0 !!!!!!!!!!!!!!!!!!!!!!!!!!!!!!!!!!!!!!!!!!!!!!!!!!!!!!
20210110 102606.805 INFO             PET0 Running with ESMF Version   : ESMF_8_1_0_beta_snapshot_41-14-g011b8a0905
20210110 102606.805 INFO             PET0 ESMF library build date/time: "Jan 10 2021" "10:14:41"
20210110 102606.805 INFO             PET0 ESMF library build location : /project/esmf/himanshu/esmf_test/cronjobs/daily/gfortran/esmf
20210110 102606.805 INFO             PET0 ESMF_COMM                   : mpiuni
20210110 102606.806 INFO             PET0 ESMF_NETCDF                 : enabled
20210110 102606.806 INFO             PET0 ESMF_PNETCDF                : disabled
20210110 102606.806 INFO             PET0 ESMF_PIO                    : disabled
20210110 102606.806 INFO             PET0 ESMF_YAMLCPP                : enabled
20210110 102606.806 INFO             PET0 ESMF_MOAB                   : enabled
20210110 102606.806 INFO             PET0 Log Write 2
20210110 102606.806 ERROR            PET0 Invalid object  - Convergence failure
20210110 102606.806 ERROR            PET0 ESMCI_Fraction.C:1444 ESMCI::Fraction::validate() must have non-zero denominator.
20210110 102606.806 ERROR            PET0 ESMCI_Time.C:838 ESMCI::Time::syncToRealTime() Wrong argument specified  - ; calkindflag is JULIANDAY, MODJULIANDAY or NOCALENDAR.
20210110 102606.806 ERROR            PET0 ESMF_Time.F90:1485 ESMF_TimeSyncToRealTime() Wrong argument specified  - Internal subroutine call returned Error
20210110 102606.806 ERROR            PET0 Wrong argument specified  - getting wall clock time
20210110 102606.806 INFO             PET0  NUMBER_OF_PROCESSORS           1
20210110 102606.806 INFO             PET0  PASS  Example ESMF_LogErrEx, ESMF_LogErrEx.F90, line 186
20210110 102606.806 INFO             PET0 Finalizing ESMF
Sun Jan 10 12:47:54 MST 2021
