20210213 050346.524 INFO             PET0 !!!!!!!!!!!!!!!!!!!!!!!!!!!!!!!!!!!!!!!!!!!!!!!!!!!!!!
20210213 050346.524 INFO             PET0 !!! THE ESMF_LOG IS SET TO OUTPUT ALL LOG MESSAGES !!!
20210213 050346.524 INFO             PET0 !!!     THIS MAY CAUSE SLOWDOWN IN PERFORMANCE     !!!
20210213 050346.524 INFO             PET0 !!! FOR PRODUCTION RUNS, USE:                      !!!
20210213 050346.524 INFO             PET0 !!!                   ESMF_LOGKIND_Multi_On_Error  !!!
20210213 050346.524 INFO             PET0 !!!!!!!!!!!!!!!!!!!!!!!!!!!!!!!!!!!!!!!!!!!!!!!!!!!!!!
20210213 050346.524 INFO             PET0 Running with ESMF Version   : ESMF_8_1_0_beta_snapshot_44-80-g014a1253fa
20210213 050346.524 INFO             PET0 ESMF library build date/time: "Feb 13 2021" "04:23:50"
20210213 050346.524 INFO             PET0 ESMF library build location : /glade/scratch/himanshu/manual/pgi_mpiuni/esmf
20210213 050346.524 INFO             PET0 ESMF_COMM                   : mpiuni
20210213 050346.524 INFO             PET0 ESMF_MOAB                   : enabled
20210213 050346.524 INFO             PET0 ESMF_LAPACK                 : enabled
20210213 050346.524 INFO             PET0 ESMF_NETCDF                 : enabled
20210213 050346.524 INFO             PET0 ESMF_PNETCDF                : disabled
20210213 050346.524 INFO             PET0 ESMF_PIO                    : disabled
20210213 050346.524 INFO             PET0 ESMF_YAMLCPP                : enabled
20210213 050346.530 INFO             PET0 ESMF_FieldRedistStoreNF(): Just entered routine.
20210213 050347.158 INFO             PET0 ESMF_FieldRedistStoreNF(): Leaving routine.
20210213 050347.171 INFO             PET0  NUMBER_OF_PROCESSORS            1
20210213 050347.171 INFO             PET0  PASS  Example ESMF_RHandleFromFileEx, ESMF_RHandleFromFileEx.F90, line 192
20210213 050347.171 INFO             PET0 Finalizing ESMF
Sat Feb 13 23:47:24 MST 2021
