20210222 071708.783 INFO             PET0 !!!!!!!!!!!!!!!!!!!!!!!!!!!!!!!!!!!!!!!!!!!!!!!!!!!!!!
20210222 071708.783 INFO             PET0 !!! THE ESMF_LOG IS SET TO OUTPUT ALL LOG MESSAGES !!!
20210222 071708.783 INFO             PET0 !!!     THIS MAY CAUSE SLOWDOWN IN PERFORMANCE     !!!
20210222 071708.783 INFO             PET0 !!! FOR PRODUCTION RUNS, USE:                      !!!
20210222 071708.783 INFO             PET0 !!!                   ESMF_LOGKIND_Multi_On_Error  !!!
20210222 071708.783 INFO             PET0 !!!!!!!!!!!!!!!!!!!!!!!!!!!!!!!!!!!!!!!!!!!!!!!!!!!!!!
20210222 071708.783 INFO             PET0 Running with ESMF Version   : ESMF_8_2_0_beta_snapshot_00
20210222 071708.783 INFO             PET0 ESMF library build date/time: "Feb 22 2021" "06:23:30"
20210222 071708.783 INFO             PET0 ESMF library build location : /glade/scratch/himanshu/manual/pgi_mpiuni/esmf
20210222 071708.783 INFO             PET0 ESMF_COMM                   : mpiuni
20210222 071708.783 INFO             PET0 ESMF_MOAB                   : enabled
20210222 071708.783 INFO             PET0 ESMF_LAPACK                 : enabled
20210222 071708.783 INFO             PET0 ESMF_NETCDF                 : enabled
20210222 071708.783 INFO             PET0 ESMF_PNETCDF                : disabled
20210222 071708.783 INFO             PET0 ESMF_PIO                    : disabled
20210222 071708.783 INFO             PET0 ESMF_YAMLCPP                : enabled
20210222 071708.783 INFO             PET0  NUMBER_OF_PROCESSORS            1
20210222 071708.783 INFO             PET0  PASS  Example ESMF_ClockEx, ESMF_ClockEx.F90, line 220
20210222 071708.783 INFO             PET0 Finalizing ESMF
Mon Feb 22 15:19:16 MST 2021
