20210201 053217.419 INFO             PET0 !!!!!!!!!!!!!!!!!!!!!!!!!!!!!!!!!!!!!!!!!!!!!!!!!!!!!!
20210201 053217.419 INFO             PET0 !!! THE ESMF_LOG IS SET TO OUTPUT ALL LOG MESSAGES !!!
20210201 053217.419 INFO             PET0 !!!     THIS MAY CAUSE SLOWDOWN IN PERFORMANCE     !!!
20210201 053217.419 INFO             PET0 !!! FOR PRODUCTION RUNS, USE:                      !!!
20210201 053217.419 INFO             PET0 !!!                   ESMF_LOGKIND_Multi_On_Error  !!!
20210201 053217.419 INFO             PET0 !!!!!!!!!!!!!!!!!!!!!!!!!!!!!!!!!!!!!!!!!!!!!!!!!!!!!!
20210201 053217.419 INFO             PET0 Running with ESMF Version   : ESMF_8_1_0_beta_snapshot_43-3-g4b8b9e7b91
20210201 053217.419 INFO             PET0 ESMF library build date/time: "Feb  1 2021" "04:53:48"
20210201 053217.419 INFO             PET0 ESMF library build location : /glade/scratch/himanshu/manual/pgi_mpiuni/esmf
20210201 053217.419 INFO             PET0 ESMF_COMM                   : mpiuni
20210201 053217.419 INFO             PET0 ESMF_NETCDF                 : enabled
20210201 053217.419 INFO             PET0 ESMF_PNETCDF                : disabled
20210201 053217.419 INFO             PET0 ESMF_PIO                    : disabled
20210201 053217.419 INFO             PET0 ESMF_YAMLCPP                : enabled
20210201 053217.419 INFO             PET0 ESMF_MOAB                   : enabled
20210201 053217.419 INFO             PET0 Log Write 2
20210201 053217.419 ERROR            PET0 Invalid object  - Convergence failure
20210201 053217.419 ERROR            PET0 ESMCI_Fraction.C:1444 ESMCI::Fraction::validate() must have non-zero denominator.
20210201 053217.419 ERROR            PET0 ESMCI_Time.C:838 ESMCI::Time::syncToRealTime() Wrong argument specified  - ; calkindflag is JULIANDAY, MODJULIANDAY or NOCALENDAR.
20210201 053217.419 ERROR            PET0 ESMF_Time.F90:1485 ESMF_TimeSyncToRealTime() Wrong argument specified  - Internal subroutine call returned Error
20210201 053217.419 ERROR            PET0 Wrong argument specified  - getting wall clock time
20210201 053217.420 INFO             PET0  NUMBER_OF_PROCESSORS            1
20210201 053217.420 INFO             PET0  PASS  Example ESMF_LogErrEx, ESMF_LogErrEx.F90, line 186
20210201 053217.420 INFO             PET0 Finalizing ESMF
Mon Feb  1 22:59:34 MST 2021
