20210222 044120.857 INFO             PET2 !!!!!!!!!!!!!!!!!!!!!!!!!!!!!!!!!!!!!!!!!!!!!!!!!!!!!!
20210222 044120.857 INFO             PET2 !!! THE ESMF_LOG IS SET TO OUTPUT ALL LOG MESSAGES !!!
20210222 044120.857 INFO             PET2 !!!     THIS MAY CAUSE SLOWDOWN IN PERFORMANCE     !!!
20210222 044120.857 INFO             PET2 !!! FOR PRODUCTION RUNS, USE:                      !!!
20210222 044120.857 INFO             PET2 !!!                   ESMF_LOGKIND_Multi_On_Error  !!!
20210222 044120.857 INFO             PET2 !!!!!!!!!!!!!!!!!!!!!!!!!!!!!!!!!!!!!!!!!!!!!!!!!!!!!!
20210222 044120.857 INFO             PET2 Running with ESMF Version   : ESMF_8_1_0_beta_snapshot_47
20210222 044120.857 INFO             PET2 ESMF library build date/time: "Feb 22 2021" "04:37:16"
20210222 044120.857 INFO             PET2 ESMF library build location : /glade/scratch/himanshu/relese_8.1.0/dir/gfortran_cheyenne/esmf
20210222 044120.857 INFO             PET2 ESMF_COMM                   : mpich3
20210222 044120.857 INFO             PET2 ESMF_MOAB                   : enabled
20210222 044120.857 INFO             PET2 ESMF_LAPACK                 : enabled
20210222 044120.857 INFO             PET2 ESMF_NETCDF                 : disabled
20210222 044120.857 INFO             PET2 ESMF_PNETCDF                : disabled
20210222 044120.857 INFO             PET2 ESMF_PIO                    : enabled
20210222 044120.857 INFO             PET2 ESMF_YAMLCPP                : enabled
20210222 044120.858 INFO             PET2 Finalizing ESMF
20210222 044120.888 INFO             PET2 !!!!!!!!!!!!!!!!!!!!!!!!!!!!!!!!!!!!!!!!!!!!!!!!!!!!!!
20210222 044120.888 INFO             PET2 !!! THE ESMF_LOG IS SET TO OUTPUT ALL LOG MESSAGES !!!
20210222 044120.888 INFO             PET2 !!!     THIS MAY CAUSE SLOWDOWN IN PERFORMANCE     !!!
20210222 044120.888 INFO             PET2 !!! FOR PRODUCTION RUNS, USE:                      !!!
20210222 044120.888 INFO             PET2 !!!                   ESMF_LOGKIND_Multi_On_Error  !!!
20210222 044120.888 INFO             PET2 !!!!!!!!!!!!!!!!!!!!!!!!!!!!!!!!!!!!!!!!!!!!!!!!!!!!!!
20210222 044120.888 INFO             PET2 Running with ESMF Version   : ESMF_8_1_0_beta_snapshot_47
20210222 044120.888 INFO             PET2 ESMF library build date/time: "Feb 22 2021" "04:37:16"
20210222 044120.888 INFO             PET2 ESMF library build location : /glade/scratch/himanshu/relese_8.1.0/dir/gfortran_cheyenne/esmf
20210222 044120.888 INFO             PET2 ESMF_COMM                   : mpich3
20210222 044120.888 INFO             PET2 ESMF_MOAB                   : enabled
20210222 044120.888 INFO             PET2 ESMF_LAPACK                 : enabled
20210222 044120.888 INFO             PET2 ESMF_NETCDF                 : disabled
20210222 044120.888 INFO             PET2 ESMF_PNETCDF                : disabled
20210222 044120.888 INFO             PET2 ESMF_PIO                    : enabled
20210222 044120.888 INFO             PET2 ESMF_YAMLCPP                : enabled
20210222 044120.888 INFO             PET2 Finalizing ESMF
20210222 044120.914 INFO             PET2 !!!!!!!!!!!!!!!!!!!!!!!!!!!!!!!!!!!!!!!!!!!!!!!!!!!!!!
20210222 044120.914 INFO             PET2 !!! THE ESMF_LOG IS SET TO OUTPUT ALL LOG MESSAGES !!!
20210222 044120.914 INFO             PET2 !!!     THIS MAY CAUSE SLOWDOWN IN PERFORMANCE     !!!
20210222 044120.914 INFO             PET2 !!! FOR PRODUCTION RUNS, USE:                      !!!
20210222 044120.914 INFO             PET2 !!!                   ESMF_LOGKIND_Multi_On_Error  !!!
20210222 044120.914 INFO             PET2 !!!!!!!!!!!!!!!!!!!!!!!!!!!!!!!!!!!!!!!!!!!!!!!!!!!!!!
20210222 044120.914 INFO             PET2 Running with ESMF Version   : ESMF_8_1_0_beta_snapshot_47
20210222 044120.914 INFO             PET2 ESMF library build date/time: "Feb 22 2021" "04:37:16"
20210222 044120.914 INFO             PET2 ESMF library build location : /glade/scratch/himanshu/relese_8.1.0/dir/gfortran_cheyenne/esmf
20210222 044120.914 INFO             PET2 ESMF_COMM                   : mpich3
20210222 044120.917 INFO             PET2 ESMF_MOAB                   : enabled
20210222 044120.917 INFO             PET2 ESMF_LAPACK                 : enabled
20210222 044120.917 INFO             PET2 ESMF_NETCDF                 : disabled
20210222 044120.917 INFO             PET2 ESMF_PNETCDF                : disabled
20210222 044120.917 INFO             PET2 ESMF_PIO                    : enabled
20210222 044120.917 INFO             PET2 ESMF_YAMLCPP                : enabled
20210222 044120.917 INFO             PET2 Finalizing ESMF
Mon Feb 22 15:23:29 MST 2021
