20210222 044120.857 INFO             PET3 !!!!!!!!!!!!!!!!!!!!!!!!!!!!!!!!!!!!!!!!!!!!!!!!!!!!!!
20210222 044120.857 INFO             PET3 !!! THE ESMF_LOG IS SET TO OUTPUT ALL LOG MESSAGES !!!
20210222 044120.857 INFO             PET3 !!!     THIS MAY CAUSE SLOWDOWN IN PERFORMANCE     !!!
20210222 044120.857 INFO             PET3 !!! FOR PRODUCTION RUNS, USE:                      !!!
20210222 044120.857 INFO             PET3 !!!                   ESMF_LOGKIND_Multi_On_Error  !!!
20210222 044120.857 INFO             PET3 !!!!!!!!!!!!!!!!!!!!!!!!!!!!!!!!!!!!!!!!!!!!!!!!!!!!!!
20210222 044120.857 INFO             PET3 Running with ESMF Version   : ESMF_8_1_0_beta_snapshot_47
20210222 044120.857 INFO             PET3 ESMF library build date/time: "Feb 22 2021" "04:37:16"
20210222 044120.857 INFO             PET3 ESMF library build location : /glade/scratch/himanshu/relese_8.1.0/dir/gfortran_cheyenne/esmf
20210222 044120.857 INFO             PET3 ESMF_COMM                   : mpich3
20210222 044120.858 INFO             PET3 ESMF_MOAB                   : enabled
20210222 044120.858 INFO             PET3 ESMF_LAPACK                 : enabled
20210222 044120.858 INFO             PET3 ESMF_NETCDF                 : disabled
20210222 044120.858 INFO             PET3 ESMF_PNETCDF                : disabled
20210222 044120.858 INFO             PET3 ESMF_PIO                    : enabled
20210222 044120.858 INFO             PET3 ESMF_YAMLCPP                : enabled
20210222 044120.858 INFO             PET3 Finalizing ESMF
20210222 044120.888 INFO             PET3 !!!!!!!!!!!!!!!!!!!!!!!!!!!!!!!!!!!!!!!!!!!!!!!!!!!!!!
20210222 044120.888 INFO             PET3 !!! THE ESMF_LOG IS SET TO OUTPUT ALL LOG MESSAGES !!!
20210222 044120.888 INFO             PET3 !!!     THIS MAY CAUSE SLOWDOWN IN PERFORMANCE     !!!
20210222 044120.888 INFO             PET3 !!! FOR PRODUCTION RUNS, USE:                      !!!
20210222 044120.888 INFO             PET3 !!!                   ESMF_LOGKIND_Multi_On_Error  !!!
20210222 044120.888 INFO             PET3 !!!!!!!!!!!!!!!!!!!!!!!!!!!!!!!!!!!!!!!!!!!!!!!!!!!!!!
20210222 044120.888 INFO             PET3 Running with ESMF Version   : ESMF_8_1_0_beta_snapshot_47
20210222 044120.888 INFO             PET3 ESMF library build date/time: "Feb 22 2021" "04:37:16"
20210222 044120.888 INFO             PET3 ESMF library build location : /glade/scratch/himanshu/relese_8.1.0/dir/gfortran_cheyenne/esmf
20210222 044120.888 INFO             PET3 ESMF_COMM                   : mpich3
20210222 044120.888 INFO             PET3 ESMF_MOAB                   : enabled
20210222 044120.888 INFO             PET3 ESMF_LAPACK                 : enabled
20210222 044120.888 INFO             PET3 ESMF_NETCDF                 : disabled
20210222 044120.888 INFO             PET3 ESMF_PNETCDF                : disabled
20210222 044120.888 INFO             PET3 ESMF_PIO                    : enabled
20210222 044120.888 INFO             PET3 ESMF_YAMLCPP                : enabled
20210222 044120.888 INFO             PET3 Finalizing ESMF
20210222 044120.914 INFO             PET3 !!!!!!!!!!!!!!!!!!!!!!!!!!!!!!!!!!!!!!!!!!!!!!!!!!!!!!
20210222 044120.914 INFO             PET3 !!! THE ESMF_LOG IS SET TO OUTPUT ALL LOG MESSAGES !!!
20210222 044120.914 INFO             PET3 !!!     THIS MAY CAUSE SLOWDOWN IN PERFORMANCE     !!!
20210222 044120.914 INFO             PET3 !!! FOR PRODUCTION RUNS, USE:                      !!!
20210222 044120.914 INFO             PET3 !!!                   ESMF_LOGKIND_Multi_On_Error  !!!
20210222 044120.914 INFO             PET3 !!!!!!!!!!!!!!!!!!!!!!!!!!!!!!!!!!!!!!!!!!!!!!!!!!!!!!
20210222 044120.914 INFO             PET3 Running with ESMF Version   : ESMF_8_1_0_beta_snapshot_47
20210222 044120.914 INFO             PET3 ESMF library build date/time: "Feb 22 2021" "04:37:16"
20210222 044120.914 INFO             PET3 ESMF library build location : /glade/scratch/himanshu/relese_8.1.0/dir/gfortran_cheyenne/esmf
20210222 044120.914 INFO             PET3 ESMF_COMM                   : mpich3
20210222 044120.916 INFO             PET3 ESMF_MOAB                   : enabled
20210222 044120.916 INFO             PET3 ESMF_LAPACK                 : enabled
20210222 044120.916 INFO             PET3 ESMF_NETCDF                 : disabled
20210222 044120.916 INFO             PET3 ESMF_PNETCDF                : disabled
20210222 044120.916 INFO             PET3 ESMF_PIO                    : enabled
20210222 044120.916 INFO             PET3 ESMF_YAMLCPP                : enabled
20210222 044120.917 INFO             PET3 Finalizing ESMF
Mon Feb 22 15:23:29 MST 2021
