 NUOPC Basic Model template run
 NUOPC Basic Model template run
 NUOPC Basic Model template run
 NUOPC Basic Model template run

Program received signal SIGABRT: Process abort signal.

Backtrace for this error:

Program received signal SIGABRT: Process abort signal.

Backtrace for this error:

Program received signal SIGABRT: Process abort signal.

Backtrace for this error:

Program received signal SIGABRT: Process abort signal.

Backtrace for this error:
#0  0x10a650b6d
#1  0x10a64ff9d
#2  0x7fff688abb5c
#0  0x10d7c3b6d
#1  0x10d7c2f9d
#2  0x7fff688abb5c
#0  0x10e47ab6d
#1  0x10e479f9d
#2  0x7fff688abb5c
#0  0x10cbecb6d
#1  0x10cbebf9d
#2  0x7fff688abb5c
--------------------------------------------------------------------------
Primary job  terminated normally, but 1 process returned
a non-zero exit code. Per user-direction, the job has been aborted.
--------------------------------------------------------------------------
--------------------------------------------------------------------------
mpirun noticed that process rank 3 with PID 0 on node cgdm-catania exited on signal 6 (Abort trap: 6).
--------------------------------------------------------------------------
Fri Nov 20 17:14:32 MST 2020
