 --------------------------------------- 
 Start of ESMF_Trace Example
 --------------------------------------- 

Program received signal SIGABRT: Process abort signal.

Backtrace for this error:
#0  0x10f755b6d
#1  0x10f754f9d
#2  0x7fff688abb5c
--------------------------------------------------------------------------
Primary job  terminated normally, but 1 process returned
a non-zero exit code. Per user-direction, the job has been aborted.
--------------------------------------------------------------------------

Program received signal SIGABRT: Process abort signal.

Backtrace for this error:

Program received signal SIGABRT: Process abort signal.

Backtrace for this error:
#0  0x110303b6d
#1  0x110302f9d
#2  0x7fff688abb5c

Program received signal SIGABRT: Process abort signal.

Backtrace for this error:
#0  0x10a3d1b6d
#1  0x10a3d0f9d
#2  0x7fff688abb5c
#0  0x108f46b6d
#1  0x108f45f9d
#2  0x7fff688abb5c
--------------------------------------------------------------------------
mpirun noticed that process rank 2 with PID 0 on node cgdm-catania exited on signal 6 (Abort trap: 6).
--------------------------------------------------------------------------
Thu Nov 19 12:50:32 MST 2020
