 Returned values from ArraySpec:
 rank =           2
  PASS  Example ESMF_ArraySpecEx, ESMF_ArraySpecEx.F90, line 96
 Returned values from ArraySpec:
 rank =           2
  PASS  Example ESMF_ArraySpecEx, ESMF_ArraySpecEx.F90, line 96
 Returned values from ArraySpec:
 rank =           2
  PASS  Example ESMF_ArraySpecEx, ESMF_ArraySpecEx.F90, line 96
 Returned values from ArraySpec:
 rank =           2
  PASS  Example ESMF_ArraySpecEx, ESMF_ArraySpecEx.F90, line 96
[cgdm-catania:84702] PMIX ERROR: ERROR in file gds_ds12_lock_pthread.c at line 206
[cgdm-catania:84703] PMIX ERROR: ERROR in file gds_ds12_lock_pthread.c at line 206
[cgdm-catania:84704] PMIX ERROR: ERROR in file gds_ds12_lock_pthread.c at line 206
 PASS: ESMF_ArraySpecEx.F90
 PASS: ESMF_ArraySpecEx.F90
 PASS: ESMF_ArraySpecEx.F90
 PASS: ESMF_ArraySpecEx.F90
[cgdm-catania:84701] PMIX ERROR: ERROR in file gds_ds12_lock_pthread.c at line 206
Thu Nov 19 12:50:32 MST 2020
