20210219 084229.374 INFO             PET2 !!!!!!!!!!!!!!!!!!!!!!!!!!!!!!!!!!!!!!!!!!!!!!!!!!!!!!
20210219 084229.374 INFO             PET2 !!! THE ESMF_LOG IS SET TO OUTPUT ALL LOG MESSAGES !!!
20210219 084229.374 INFO             PET2 !!!     THIS MAY CAUSE SLOWDOWN IN PERFORMANCE     !!!
20210219 084229.374 INFO             PET2 !!! FOR PRODUCTION RUNS, USE:                      !!!
20210219 084229.374 INFO             PET2 !!!                   ESMF_LOGKIND_Multi_On_Error  !!!
20210219 084229.374 INFO             PET2 !!!!!!!!!!!!!!!!!!!!!!!!!!!!!!!!!!!!!!!!!!!!!!!!!!!!!!
20210219 084229.374 INFO             PET2 Running with ESMF Version   : ESMF_8_1_0_beta_snapshot_47
20210219 084229.374 INFO             PET2 ESMF library build date/time: "Feb 19 2021" "08:31:53"
20210219 084229.374 INFO             PET2 ESMF library build location : /glade/scratch/himanshu/relese_8.1.0/dir/intel_cheyenne/esmf
20210219 084229.374 INFO             PET2 ESMF_COMM                   : openmpi
20210219 084229.375 INFO             PET2 ESMF_MOAB                   : enabled
20210219 084229.375 INFO             PET2 ESMF_LAPACK                 : enabled
20210219 084229.375 INFO             PET2 ESMF_NETCDF                 : disabled
20210219 084229.375 INFO             PET2 ESMF_PNETCDF                : disabled
20210219 084229.375 INFO             PET2 ESMF_PIO                    : enabled
20210219 084229.375 INFO             PET2 ESMF_YAMLCPP                : enabled
20210219 084229.375 INFO             PET2 Finalizing ESMF
20210219 084229.832 INFO             PET2 !!!!!!!!!!!!!!!!!!!!!!!!!!!!!!!!!!!!!!!!!!!!!!!!!!!!!!
20210219 084229.832 INFO             PET2 !!! THE ESMF_LOG IS SET TO OUTPUT ALL LOG MESSAGES !!!
20210219 084229.832 INFO             PET2 !!!     THIS MAY CAUSE SLOWDOWN IN PERFORMANCE     !!!
20210219 084229.832 INFO             PET2 !!! FOR PRODUCTION RUNS, USE:                      !!!
20210219 084229.832 INFO             PET2 !!!                   ESMF_LOGKIND_Multi_On_Error  !!!
20210219 084229.832 INFO             PET2 !!!!!!!!!!!!!!!!!!!!!!!!!!!!!!!!!!!!!!!!!!!!!!!!!!!!!!
20210219 084229.832 INFO             PET2 Running with ESMF Version   : ESMF_8_1_0_beta_snapshot_47
20210219 084229.832 INFO             PET2 ESMF library build date/time: "Feb 19 2021" "08:31:53"
20210219 084229.832 INFO             PET2 ESMF library build location : /glade/scratch/himanshu/relese_8.1.0/dir/intel_cheyenne/esmf
20210219 084229.832 INFO             PET2 ESMF_COMM                   : openmpi
20210219 084229.832 INFO             PET2 ESMF_MOAB                   : enabled
20210219 084229.832 INFO             PET2 ESMF_LAPACK                 : enabled
20210219 084229.832 INFO             PET2 ESMF_NETCDF                 : disabled
20210219 084229.832 INFO             PET2 ESMF_PNETCDF                : disabled
20210219 084229.832 INFO             PET2 ESMF_PIO                    : enabled
20210219 084229.832 INFO             PET2 ESMF_YAMLCPP                : enabled
20210219 084229.832 INFO             PET2 Finalizing ESMF
20210219 084230.206 INFO             PET2 !!!!!!!!!!!!!!!!!!!!!!!!!!!!!!!!!!!!!!!!!!!!!!!!!!!!!!
20210219 084230.206 INFO             PET2 !!! THE ESMF_LOG IS SET TO OUTPUT ALL LOG MESSAGES !!!
20210219 084230.206 INFO             PET2 !!!     THIS MAY CAUSE SLOWDOWN IN PERFORMANCE     !!!
20210219 084230.206 INFO             PET2 !!! FOR PRODUCTION RUNS, USE:                      !!!
20210219 084230.206 INFO             PET2 !!!                   ESMF_LOGKIND_Multi_On_Error  !!!
20210219 084230.206 INFO             PET2 !!!!!!!!!!!!!!!!!!!!!!!!!!!!!!!!!!!!!!!!!!!!!!!!!!!!!!
20210219 084230.206 INFO             PET2 Running with ESMF Version   : ESMF_8_1_0_beta_snapshot_47
20210219 084230.206 INFO             PET2 ESMF library build date/time: "Feb 19 2021" "08:31:53"
20210219 084230.206 INFO             PET2 ESMF library build location : /glade/scratch/himanshu/relese_8.1.0/dir/intel_cheyenne/esmf
20210219 084230.206 INFO             PET2 ESMF_COMM                   : openmpi
20210219 084230.208 INFO             PET2 ESMF_MOAB                   : enabled
20210219 084230.208 INFO             PET2 ESMF_LAPACK                 : enabled
20210219 084230.208 INFO             PET2 ESMF_NETCDF                 : disabled
20210219 084230.208 INFO             PET2 ESMF_PNETCDF                : disabled
20210219 084230.208 INFO             PET2 ESMF_PIO                    : enabled
20210219 084230.208 INFO             PET2 ESMF_YAMLCPP                : enabled
20210219 084230.209 INFO             PET2 Finalizing ESMF
Fri Feb 19 16:24:24 MST 2021
