20210222 081825.180 INFO             PET3 !!!!!!!!!!!!!!!!!!!!!!!!!!!!!!!!!!!!!!!!!!!!!!!!!!!!!!
20210222 081825.180 INFO             PET3 !!! THE ESMF_LOG IS SET TO OUTPUT ALL LOG MESSAGES !!!
20210222 081825.180 INFO             PET3 !!!     THIS MAY CAUSE SLOWDOWN IN PERFORMANCE     !!!
20210222 081825.180 INFO             PET3 !!! FOR PRODUCTION RUNS, USE:                      !!!
20210222 081825.180 INFO             PET3 !!!                   ESMF_LOGKIND_Multi_On_Error  !!!
20210222 081825.180 INFO             PET3 !!!!!!!!!!!!!!!!!!!!!!!!!!!!!!!!!!!!!!!!!!!!!!!!!!!!!!
20210222 081825.180 INFO             PET3 Running with ESMF Version   : ESMF_8_1_0_beta_snapshot_47
20210222 081825.180 INFO             PET3 ESMF library build date/time: "Feb 22 2021" "08:07:51"
20210222 081825.180 INFO             PET3 ESMF library build location : /glade/scratch/himanshu/relese_8.1.0/dir/intel_cheyenne/esmf
20210222 081825.180 INFO             PET3 ESMF_COMM                   : openmpi
20210222 081825.180 INFO             PET3 ESMF_MOAB                   : enabled
20210222 081825.181 INFO             PET3 ESMF_LAPACK                 : enabled
20210222 081825.181 INFO             PET3 ESMF_NETCDF                 : disabled
20210222 081825.181 INFO             PET3 ESMF_PNETCDF                : disabled
20210222 081825.181 INFO             PET3 ESMF_PIO                    : enabled
20210222 081825.181 INFO             PET3 ESMF_YAMLCPP                : enabled
20210222 081825.181 INFO             PET3 Finalizing ESMF
20210222 081825.538 INFO             PET3 !!!!!!!!!!!!!!!!!!!!!!!!!!!!!!!!!!!!!!!!!!!!!!!!!!!!!!
20210222 081825.538 INFO             PET3 !!! THE ESMF_LOG IS SET TO OUTPUT ALL LOG MESSAGES !!!
20210222 081825.539 INFO             PET3 !!!     THIS MAY CAUSE SLOWDOWN IN PERFORMANCE     !!!
20210222 081825.539 INFO             PET3 !!! FOR PRODUCTION RUNS, USE:                      !!!
20210222 081825.539 INFO             PET3 !!!                   ESMF_LOGKIND_Multi_On_Error  !!!
20210222 081825.539 INFO             PET3 !!!!!!!!!!!!!!!!!!!!!!!!!!!!!!!!!!!!!!!!!!!!!!!!!!!!!!
20210222 081825.539 INFO             PET3 Running with ESMF Version   : ESMF_8_1_0_beta_snapshot_47
20210222 081825.539 INFO             PET3 ESMF library build date/time: "Feb 22 2021" "08:07:51"
20210222 081825.539 INFO             PET3 ESMF library build location : /glade/scratch/himanshu/relese_8.1.0/dir/intel_cheyenne/esmf
20210222 081825.539 INFO             PET3 ESMF_COMM                   : openmpi
20210222 081825.539 INFO             PET3 ESMF_MOAB                   : enabled
20210222 081825.539 INFO             PET3 ESMF_LAPACK                 : enabled
20210222 081825.539 INFO             PET3 ESMF_NETCDF                 : disabled
20210222 081825.539 INFO             PET3 ESMF_PNETCDF                : disabled
20210222 081825.539 INFO             PET3 ESMF_PIO                    : enabled
20210222 081825.539 INFO             PET3 ESMF_YAMLCPP                : enabled
20210222 081825.539 INFO             PET3 Finalizing ESMF
20210222 081825.908 INFO             PET3 !!!!!!!!!!!!!!!!!!!!!!!!!!!!!!!!!!!!!!!!!!!!!!!!!!!!!!
20210222 081825.908 INFO             PET3 !!! THE ESMF_LOG IS SET TO OUTPUT ALL LOG MESSAGES !!!
20210222 081825.908 INFO             PET3 !!!     THIS MAY CAUSE SLOWDOWN IN PERFORMANCE     !!!
20210222 081825.908 INFO             PET3 !!! FOR PRODUCTION RUNS, USE:                      !!!
20210222 081825.908 INFO             PET3 !!!                   ESMF_LOGKIND_Multi_On_Error  !!!
20210222 081825.908 INFO             PET3 !!!!!!!!!!!!!!!!!!!!!!!!!!!!!!!!!!!!!!!!!!!!!!!!!!!!!!
20210222 081825.908 INFO             PET3 Running with ESMF Version   : ESMF_8_1_0_beta_snapshot_47
20210222 081825.908 INFO             PET3 ESMF library build date/time: "Feb 22 2021" "08:07:51"
20210222 081825.908 INFO             PET3 ESMF library build location : /glade/scratch/himanshu/relese_8.1.0/dir/intel_cheyenne/esmf
20210222 081825.908 INFO             PET3 ESMF_COMM                   : openmpi
20210222 081825.911 INFO             PET3 ESMF_MOAB                   : enabled
20210222 081825.911 INFO             PET3 ESMF_LAPACK                 : enabled
20210222 081825.911 INFO             PET3 ESMF_NETCDF                 : disabled
20210222 081825.911 INFO             PET3 ESMF_PNETCDF                : disabled
20210222 081825.911 INFO             PET3 ESMF_PIO                    : enabled
20210222 081825.911 INFO             PET3 ESMF_YAMLCPP                : enabled
20210222 081825.911 INFO             PET3 Finalizing ESMF
Mon Feb 22 15:25:53 MST 2021
