20201221 103521.492 INFO             PET0 !!!!!!!!!!!!!!!!!!!!!!!!!!!!!!!!!!!!!!!!!!!!!!!!!!!!!!
20201221 103521.492 INFO             PET0 !!! THE ESMF_LOG IS SET TO OUTPUT ALL LOG MESSAGES !!!
20201221 103521.492 INFO             PET0 !!!     THIS MAY CAUSE SLOWDOWN IN PERFORMANCE     !!!
20201221 103521.492 INFO             PET0 !!! FOR PRODUCTION RUNS, USE:                      !!!
20201221 103521.492 INFO             PET0 !!!                   ESMF_LOGKIND_Multi_On_Error  !!!
20201221 103521.492 INFO             PET0 !!!!!!!!!!!!!!!!!!!!!!!!!!!!!!!!!!!!!!!!!!!!!!!!!!!!!!
20201221 103521.492 INFO             PET0 Running with ESMF Version   : ESMF_8_1_0_beta_snapshot_39-24-gc0c902f0ea
20201221 103521.492 INFO             PET0 ESMF library build date/time: "Dec 21 2020" "10:16:16"
20201221 103521.492 INFO             PET0 ESMF library build location : /project/esmf/himanshu/esmf_test/cronjobs/daily/intel/esmf
20201221 103521.492 INFO             PET0 ESMF_COMM                   : mpich3
20201221 103521.492 INFO             PET0 ESMF_NETCDF                 : enabled
20201221 103521.492 INFO             PET0 ESMF_PNETCDF                : disabled
20201221 103521.492 INFO             PET0 ESMF_PIO                    : enabled
20201221 103521.492 INFO             PET0 ESMF_YAMLCPP                : enabled
20201221 103521.492 INFO             PET0 ESMF_MOAB                   : enabled
20201221 103521.492 INFO             PET0 ESMF Tracing Enabled
20201221 103521.492 INFO             PET0 ESMF Profiling Enabled
20201221 103521.492 INFO             PET0 ESMF Trace/Profile clock: REALTIME
20201221 103521.493 WARNING          PET0 ESMF Tracing/Profiling could not load dynamic instrumentation functions.
20201221 103521.493 INFO             PET0  NUMBER_OF_PROCESSORS           4
20201221 103521.493 INFO             PET0  PASS  Example ESMF_TraceUserEx, ESMF_TraceUserEx.F90, line 125
20201221 103521.493 INFO             PET0 Finalizing ESMF
20201221 103521.493 INFO             PET0 **************** Region Timings *******************
20201221 103521.493 INFO             PET0 Region              Count  Total (s)   Self (s)    Mean (s)    Min (s)     Max (s)
20201221 103521.493 INFO             PET0   outer_region      1      0.0001      0.0001      0.0001      0.0001      0.0001
20201221 103521.493 INFO             PET0     inner_region_1  10     0.0000      0.0000      0.0000      0.0000      0.0000
20201221 103521.493 INFO             PET0     inner_region_2  10     0.0000      0.0000      0.0000      0.0000      0.0000
20201221 103521.492 INFO             PET1 !!!!!!!!!!!!!!!!!!!!!!!!!!!!!!!!!!!!!!!!!!!!!!!!!!!!!!
20201221 103521.492 INFO             PET1 !!! THE ESMF_LOG IS SET TO OUTPUT ALL LOG MESSAGES !!!
20201221 103521.492 INFO             PET1 !!!     THIS MAY CAUSE SLOWDOWN IN PERFORMANCE     !!!
20201221 103521.492 INFO             PET1 !!! FOR PRODUCTION RUNS, USE:                      !!!
20201221 103521.492 INFO             PET1 !!!                   ESMF_LOGKIND_Multi_On_Error  !!!
20201221 103521.492 INFO             PET1 !!!!!!!!!!!!!!!!!!!!!!!!!!!!!!!!!!!!!!!!!!!!!!!!!!!!!!
20201221 103521.492 INFO             PET1 Running with ESMF Version   : ESMF_8_1_0_beta_snapshot_39-24-gc0c902f0ea
20201221 103521.492 INFO             PET1 ESMF library build date/time: "Dec 21 2020" "10:16:16"
20201221 103521.492 INFO             PET1 ESMF library build location : /project/esmf/himanshu/esmf_test/cronjobs/daily/intel/esmf
20201221 103521.492 INFO             PET1 ESMF_COMM                   : mpich3
20201221 103521.492 INFO             PET1 ESMF_NETCDF                 : enabled
20201221 103521.492 INFO             PET1 ESMF_PNETCDF                : disabled
20201221 103521.492 INFO             PET1 ESMF_PIO                    : enabled
20201221 103521.492 INFO             PET1 ESMF_YAMLCPP                : enabled
20201221 103521.492 INFO             PET1 ESMF_MOAB                   : enabled
20201221 103521.492 INFO             PET1 ESMF Tracing Enabled
20201221 103521.492 INFO             PET1 ESMF Profiling Enabled
20201221 103521.492 INFO             PET1 ESMF Trace/Profile clock: REALTIME
20201221 103521.493 WARNING          PET1 ESMF Tracing/Profiling could not load dynamic instrumentation functions.
20201221 103521.493 INFO             PET1  NUMBER_OF_PROCESSORS           4
20201221 103521.493 INFO             PET1  PASS  Example ESMF_TraceUserEx, ESMF_TraceUserEx.F90, line 125
20201221 103521.493 INFO             PET1 Finalizing ESMF
20201221 103521.493 INFO             PET1 **************** Region Timings *******************
20201221 103521.493 INFO             PET1 Region              Count  Total (s)   Self (s)    Mean (s)    Min (s)     Max (s)
20201221 103521.493 INFO             PET1   outer_region      1      0.0001      0.0001      0.0001      0.0001      0.0001
20201221 103521.493 INFO             PET1     inner_region_2  10     0.0000      0.0000      0.0000      0.0000      0.0000
20201221 103521.493 INFO             PET1     inner_region_1  10     0.0000      0.0000      0.0000      0.0000      0.0000
20201221 103521.492 INFO             PET2 !!!!!!!!!!!!!!!!!!!!!!!!!!!!!!!!!!!!!!!!!!!!!!!!!!!!!!
20201221 103521.492 INFO             PET2 !!! THE ESMF_LOG IS SET TO OUTPUT ALL LOG MESSAGES !!!
20201221 103521.492 INFO             PET2 !!!     THIS MAY CAUSE SLOWDOWN IN PERFORMANCE     !!!
20201221 103521.492 INFO             PET2 !!! FOR PRODUCTION RUNS, USE:                      !!!
20201221 103521.492 INFO             PET2 !!!                   ESMF_LOGKIND_Multi_On_Error  !!!
20201221 103521.492 INFO             PET2 !!!!!!!!!!!!!!!!!!!!!!!!!!!!!!!!!!!!!!!!!!!!!!!!!!!!!!
20201221 103521.492 INFO             PET2 Running with ESMF Version   : ESMF_8_1_0_beta_snapshot_39-24-gc0c902f0ea
20201221 103521.492 INFO             PET2 ESMF library build date/time: "Dec 21 2020" "10:16:16"
20201221 103521.492 INFO             PET2 ESMF library build location : /project/esmf/himanshu/esmf_test/cronjobs/daily/intel/esmf
20201221 103521.492 INFO             PET2 ESMF_COMM                   : mpich3
20201221 103521.492 INFO             PET2 ESMF_NETCDF                 : enabled
20201221 103521.492 INFO             PET2 ESMF_PNETCDF                : disabled
20201221 103521.492 INFO             PET2 ESMF_PIO                    : enabled
20201221 103521.492 INFO             PET2 ESMF_YAMLCPP                : enabled
20201221 103521.492 INFO             PET2 ESMF_MOAB                   : enabled
20201221 103521.492 INFO             PET2 ESMF Tracing Enabled
20201221 103521.492 INFO             PET2 ESMF Profiling Enabled
20201221 103521.492 INFO             PET2 ESMF Trace/Profile clock: REALTIME
20201221 103521.493 WARNING          PET2 ESMF Tracing/Profiling could not load dynamic instrumentation functions.
20201221 103521.493 INFO             PET2  NUMBER_OF_PROCESSORS           4
20201221 103521.493 INFO             PET2  PASS  Example ESMF_TraceUserEx, ESMF_TraceUserEx.F90, line 125
20201221 103521.493 INFO             PET2 Finalizing ESMF
20201221 103521.493 INFO             PET2 **************** Region Timings *******************
20201221 103521.493 INFO             PET2 Region              Count  Total (s)   Self (s)    Mean (s)    Min (s)     Max (s)
20201221 103521.493 INFO             PET2   outer_region      1      0.0001      0.0001      0.0001      0.0001      0.0001
20201221 103521.493 INFO             PET2     inner_region_1  10     0.0000      0.0000      0.0000      0.0000      0.0000
20201221 103521.493 INFO             PET2     inner_region_2  10     0.0000      0.0000      0.0000      0.0000      0.0000
20201221 103521.492 INFO             PET3 !!!!!!!!!!!!!!!!!!!!!!!!!!!!!!!!!!!!!!!!!!!!!!!!!!!!!!
20201221 103521.492 INFO             PET3 !!! THE ESMF_LOG IS SET TO OUTPUT ALL LOG MESSAGES !!!
20201221 103521.492 INFO             PET3 !!!     THIS MAY CAUSE SLOWDOWN IN PERFORMANCE     !!!
20201221 103521.492 INFO             PET3 !!! FOR PRODUCTION RUNS, USE:                      !!!
20201221 103521.492 INFO             PET3 !!!                   ESMF_LOGKIND_Multi_On_Error  !!!
20201221 103521.492 INFO             PET3 !!!!!!!!!!!!!!!!!!!!!!!!!!!!!!!!!!!!!!!!!!!!!!!!!!!!!!
20201221 103521.492 INFO             PET3 Running with ESMF Version   : ESMF_8_1_0_beta_snapshot_39-24-gc0c902f0ea
20201221 103521.492 INFO             PET3 ESMF library build date/time: "Dec 21 2020" "10:16:16"
20201221 103521.492 INFO             PET3 ESMF library build location : /project/esmf/himanshu/esmf_test/cronjobs/daily/intel/esmf
20201221 103521.492 INFO             PET3 ESMF_COMM                   : mpich3
20201221 103521.492 INFO             PET3 ESMF_NETCDF                 : enabled
20201221 103521.492 INFO             PET3 ESMF_PNETCDF                : disabled
20201221 103521.492 INFO             PET3 ESMF_PIO                    : enabled
20201221 103521.492 INFO             PET3 ESMF_YAMLCPP                : enabled
20201221 103521.492 INFO             PET3 ESMF_MOAB                   : enabled
20201221 103521.492 INFO             PET3 ESMF Tracing Enabled
20201221 103521.492 INFO             PET3 ESMF Profiling Enabled
20201221 103521.492 INFO             PET3 ESMF Trace/Profile clock: REALTIME
20201221 103521.493 WARNING          PET3 ESMF Tracing/Profiling could not load dynamic instrumentation functions.
20201221 103521.493 INFO             PET3  NUMBER_OF_PROCESSORS           4
20201221 103521.493 INFO             PET3  PASS  Example ESMF_TraceUserEx, ESMF_TraceUserEx.F90, line 125
20201221 103521.493 INFO             PET3 Finalizing ESMF
20201221 103521.493 INFO             PET3 **************** Region Timings *******************
20201221 103521.493 INFO             PET3 Region              Count  Total (s)   Self (s)    Mean (s)    Min (s)     Max (s)
20201221 103521.493 INFO             PET3   outer_region      1      0.0001      0.0001      0.0001      0.0001      0.0001
20201221 103521.493 INFO             PET3     inner_region_1  10     0.0000      0.0000      0.0000      0.0000      0.0000
20201221 103521.493 INFO             PET3     inner_region_2  10     0.0000      0.0000      0.0000      0.0000      0.0000
Mon Dec 21 11:08:08 MST 2020
