20201106 153747.087 INFO             PET0 !!!!!!!!!!!!!!!!!!!!!!!!!!!!!!!!!!!!!!!!!!!!!!!!!!!!!!
20201106 153747.087 INFO             PET0 !!! THE ESMF_LOG IS SET TO OUTPUT ALL LOG MESSAGES !!!
20201106 153747.087 INFO             PET0 !!!     THIS MAY CAUSE SLOWDOWN IN PERFORMANCE     !!!
20201106 153747.087 INFO             PET0 !!! FOR PRODUCTION RUNS, USE:                      !!!
20201106 153747.087 INFO             PET0 !!!                   ESMF_LOGKIND_Multi_On_Error  !!!
20201106 153747.087 INFO             PET0 !!!!!!!!!!!!!!!!!!!!!!!!!!!!!!!!!!!!!!!!!!!!!!!!!!!!!!
20201106 153747.087 INFO             PET0 Running with ESMF Version   : ESMF_8_1_0_beta_snapshot_36-20-g073c8417e6
20201106 153747.087 INFO             PET0 ESMF library build date/time: "Nov  6 2020" "15:19:51"
20201106 153747.087 INFO             PET0 ESMF library build location : /project/esmf/himanshu/esmf_test/cronjobs/daily/intel/esmf
20201106 153747.087 INFO             PET0 ESMF_COMM                   : mpich3
20201106 153747.088 INFO             PET0 ESMF_NETCDF                 : enabled
20201106 153747.088 INFO             PET0 ESMF_PNETCDF                : disabled
20201106 153747.088 INFO             PET0 ESMF_PIO                    : enabled
20201106 153747.088 INFO             PET0 ESMF_YAMLCPP                : enabled
20201106 153747.088 INFO             PET0 ESMF_MOAB                   : enabled
20201106 153747.089 INFO             PET0  NUMBER_OF_PROCESSORS           4
20201106 153747.089 INFO             PET0  PASS  Example ESMF_ArrayFarrayEx, ESMF_ArrayFarrayEx.F90, line 287
20201106 153747.089 INFO             PET0 Finalizing ESMF
20201106 153747.087 INFO             PET1 !!!!!!!!!!!!!!!!!!!!!!!!!!!!!!!!!!!!!!!!!!!!!!!!!!!!!!
20201106 153747.087 INFO             PET1 !!! THE ESMF_LOG IS SET TO OUTPUT ALL LOG MESSAGES !!!
20201106 153747.087 INFO             PET1 !!!     THIS MAY CAUSE SLOWDOWN IN PERFORMANCE     !!!
20201106 153747.087 INFO             PET1 !!! FOR PRODUCTION RUNS, USE:                      !!!
20201106 153747.087 INFO             PET1 !!!                   ESMF_LOGKIND_Multi_On_Error  !!!
20201106 153747.087 INFO             PET1 !!!!!!!!!!!!!!!!!!!!!!!!!!!!!!!!!!!!!!!!!!!!!!!!!!!!!!
20201106 153747.087 INFO             PET1 Running with ESMF Version   : ESMF_8_1_0_beta_snapshot_36-20-g073c8417e6
20201106 153747.087 INFO             PET1 ESMF library build date/time: "Nov  6 2020" "15:19:51"
20201106 153747.087 INFO             PET1 ESMF library build location : /project/esmf/himanshu/esmf_test/cronjobs/daily/intel/esmf
20201106 153747.087 INFO             PET1 ESMF_COMM                   : mpich3
20201106 153747.087 INFO             PET1 ESMF_NETCDF                 : enabled
20201106 153747.087 INFO             PET1 ESMF_PNETCDF                : disabled
20201106 153747.087 INFO             PET1 ESMF_PIO                    : enabled
20201106 153747.087 INFO             PET1 ESMF_YAMLCPP                : enabled
20201106 153747.087 INFO             PET1 ESMF_MOAB                   : enabled
20201106 153747.088 INFO             PET1  NUMBER_OF_PROCESSORS           4
20201106 153747.088 INFO             PET1  PASS  Example ESMF_ArrayFarrayEx, ESMF_ArrayFarrayEx.F90, line 287
20201106 153747.088 INFO             PET1 Finalizing ESMF
20201106 153747.087 INFO             PET2 !!!!!!!!!!!!!!!!!!!!!!!!!!!!!!!!!!!!!!!!!!!!!!!!!!!!!!
20201106 153747.087 INFO             PET2 !!! THE ESMF_LOG IS SET TO OUTPUT ALL LOG MESSAGES !!!
20201106 153747.087 INFO             PET2 !!!     THIS MAY CAUSE SLOWDOWN IN PERFORMANCE     !!!
20201106 153747.087 INFO             PET2 !!! FOR PRODUCTION RUNS, USE:                      !!!
20201106 153747.087 INFO             PET2 !!!                   ESMF_LOGKIND_Multi_On_Error  !!!
20201106 153747.087 INFO             PET2 !!!!!!!!!!!!!!!!!!!!!!!!!!!!!!!!!!!!!!!!!!!!!!!!!!!!!!
20201106 153747.087 INFO             PET2 Running with ESMF Version   : ESMF_8_1_0_beta_snapshot_36-20-g073c8417e6
20201106 153747.087 INFO             PET2 ESMF library build date/time: "Nov  6 2020" "15:19:51"
20201106 153747.087 INFO             PET2 ESMF library build location : /project/esmf/himanshu/esmf_test/cronjobs/daily/intel/esmf
20201106 153747.087 INFO             PET2 ESMF_COMM                   : mpich3
20201106 153747.088 INFO             PET2 ESMF_NETCDF                 : enabled
20201106 153747.088 INFO             PET2 ESMF_PNETCDF                : disabled
20201106 153747.088 INFO             PET2 ESMF_PIO                    : enabled
20201106 153747.088 INFO             PET2 ESMF_YAMLCPP                : enabled
20201106 153747.088 INFO             PET2 ESMF_MOAB                   : enabled
20201106 153747.089 INFO             PET2  NUMBER_OF_PROCESSORS           4
20201106 153747.089 INFO             PET2  PASS  Example ESMF_ArrayFarrayEx, ESMF_ArrayFarrayEx.F90, line 287
20201106 153747.089 INFO             PET2 Finalizing ESMF
20201106 153747.087 INFO             PET3 !!!!!!!!!!!!!!!!!!!!!!!!!!!!!!!!!!!!!!!!!!!!!!!!!!!!!!
20201106 153747.087 INFO             PET3 !!! THE ESMF_LOG IS SET TO OUTPUT ALL LOG MESSAGES !!!
20201106 153747.087 INFO             PET3 !!!     THIS MAY CAUSE SLOWDOWN IN PERFORMANCE     !!!
20201106 153747.087 INFO             PET3 !!! FOR PRODUCTION RUNS, USE:                      !!!
20201106 153747.087 INFO             PET3 !!!                   ESMF_LOGKIND_Multi_On_Error  !!!
20201106 153747.087 INFO             PET3 !!!!!!!!!!!!!!!!!!!!!!!!!!!!!!!!!!!!!!!!!!!!!!!!!!!!!!
20201106 153747.087 INFO             PET3 Running with ESMF Version   : ESMF_8_1_0_beta_snapshot_36-20-g073c8417e6
20201106 153747.087 INFO             PET3 ESMF library build date/time: "Nov  6 2020" "15:19:51"
20201106 153747.087 INFO             PET3 ESMF library build location : /project/esmf/himanshu/esmf_test/cronjobs/daily/intel/esmf
20201106 153747.087 INFO             PET3 ESMF_COMM                   : mpich3
20201106 153747.088 INFO             PET3 ESMF_NETCDF                 : enabled
20201106 153747.088 INFO             PET3 ESMF_PNETCDF                : disabled
20201106 153747.088 INFO             PET3 ESMF_PIO                    : enabled
20201106 153747.088 INFO             PET3 ESMF_YAMLCPP                : enabled
20201106 153747.088 INFO             PET3 ESMF_MOAB                   : enabled
20201106 153747.089 INFO             PET3  NUMBER_OF_PROCESSORS           4
20201106 153747.089 INFO             PET3  PASS  Example ESMF_ArrayFarrayEx, ESMF_ArrayFarrayEx.F90, line 287
20201106 153747.089 INFO             PET3 Finalizing ESMF
Fri Nov  6 16:08:20 MST 2020
