20200903 165420.833 INFO             PET2 !!!!!!!!!!!!!!!!!!!!!!!!!!!!!!!!!!!!!!!!!!!!!!!!!!!!!!
20200903 165420.833 INFO             PET2 !!! THE ESMF_LOG IS SET TO OUTPUT ALL LOG MESSAGES !!!
20200903 165420.833 INFO             PET2 !!!     THIS MAY CAUSE SLOWDOWN IN PERFORMANCE     !!!
20200903 165420.833 INFO             PET2 !!! FOR PRODUCTION RUNS, USE:                      !!!
20200903 165420.833 INFO             PET2 !!!                   ESMF_LOGKIND_Multi_On_Error  !!!
20200903 165420.833 INFO             PET2 !!!!!!!!!!!!!!!!!!!!!!!!!!!!!!!!!!!!!!!!!!!!!!!!!!!!!!
20200903 165420.833 INFO             PET2 Running with ESMF Version   : ESMF_8_1_0_beta_snapshot_27-1-g38b4282252
20200903 165420.833 INFO             PET2 ESMF library build date/time: "Sep  3 2020" "16:49:38"
20200903 165420.833 INFO             PET2 ESMF library build location : /project/esmf/himanshu/esmf_test/cronjobs/daily/intel/esmf
20200903 165420.833 INFO             PET2 ESMF_COMM                   : mpich3
20200903 165420.833 INFO             PET2 ESMF_NETCDF                 : enabled
20200903 165420.833 INFO             PET2 ESMF_PNETCDF                : disabled
20200903 165420.833 INFO             PET2 ESMF_PIO                    : enabled
20200903 165420.833 INFO             PET2 ESMF_YAMLCPP                : enabled
20200903 165420.833 INFO             PET2 ESMF_MOAB                   : enabled
20200903 165420.834 INFO             PET2 Finalizing ESMF
20200903 165420.864 INFO             PET2 !!!!!!!!!!!!!!!!!!!!!!!!!!!!!!!!!!!!!!!!!!!!!!!!!!!!!!
20200903 165420.865 INFO             PET2 !!! THE ESMF_LOG IS SET TO OUTPUT ALL LOG MESSAGES !!!
20200903 165420.865 INFO             PET2 !!!     THIS MAY CAUSE SLOWDOWN IN PERFORMANCE     !!!
20200903 165420.865 INFO             PET2 !!! FOR PRODUCTION RUNS, USE:                      !!!
20200903 165420.865 INFO             PET2 !!!                   ESMF_LOGKIND_Multi_On_Error  !!!
20200903 165420.865 INFO             PET2 !!!!!!!!!!!!!!!!!!!!!!!!!!!!!!!!!!!!!!!!!!!!!!!!!!!!!!
20200903 165420.865 INFO             PET2 Running with ESMF Version   : ESMF_8_1_0_beta_snapshot_27-1-g38b4282252
20200903 165420.865 INFO             PET2 ESMF library build date/time: "Sep  3 2020" "16:49:38"
20200903 165420.865 INFO             PET2 ESMF library build location : /project/esmf/himanshu/esmf_test/cronjobs/daily/intel/esmf
20200903 165420.865 INFO             PET2 ESMF_COMM                   : mpich3
20200903 165420.865 INFO             PET2 ESMF_NETCDF                 : enabled
20200903 165420.865 INFO             PET2 ESMF_PNETCDF                : disabled
20200903 165420.865 INFO             PET2 ESMF_PIO                    : enabled
20200903 165420.865 INFO             PET2 ESMF_YAMLCPP                : enabled
20200903 165420.865 INFO             PET2 ESMF_MOAB                   : enabled
20200903 165420.865 INFO             PET2 Finalizing ESMF
20200903 165420.895 INFO             PET2 !!!!!!!!!!!!!!!!!!!!!!!!!!!!!!!!!!!!!!!!!!!!!!!!!!!!!!
20200903 165420.896 INFO             PET2 !!! THE ESMF_LOG IS SET TO OUTPUT ALL LOG MESSAGES !!!
20200903 165420.896 INFO             PET2 !!!     THIS MAY CAUSE SLOWDOWN IN PERFORMANCE     !!!
20200903 165420.896 INFO             PET2 !!! FOR PRODUCTION RUNS, USE:                      !!!
20200903 165420.896 INFO             PET2 !!!                   ESMF_LOGKIND_Multi_On_Error  !!!
20200903 165420.896 INFO             PET2 !!!!!!!!!!!!!!!!!!!!!!!!!!!!!!!!!!!!!!!!!!!!!!!!!!!!!!
20200903 165420.896 INFO             PET2 Running with ESMF Version   : ESMF_8_1_0_beta_snapshot_27-1-g38b4282252
20200903 165420.896 INFO             PET2 ESMF library build date/time: "Sep  3 2020" "16:49:38"
20200903 165420.896 INFO             PET2 ESMF library build location : /project/esmf/himanshu/esmf_test/cronjobs/daily/intel/esmf
20200903 165420.896 INFO             PET2 ESMF_COMM                   : mpich3
20200903 165420.896 INFO             PET2 ESMF_NETCDF                 : enabled
20200903 165420.896 INFO             PET2 ESMF_PNETCDF                : disabled
20200903 165420.896 INFO             PET2 ESMF_PIO                    : enabled
20200903 165420.896 INFO             PET2 ESMF_YAMLCPP                : enabled
20200903 165420.896 INFO             PET2 ESMF_MOAB                   : enabled
20200903 165420.896 INFO             PET2 Finalizing ESMF
