20200904 233756.616 INFO             PET2 !!!!!!!!!!!!!!!!!!!!!!!!!!!!!!!!!!!!!!!!!!!!!!!!!!!!!!
20200904 233756.617 INFO             PET2 !!! THE ESMF_LOG IS SET TO OUTPUT ALL LOG MESSAGES !!!
20200904 233756.617 INFO             PET2 !!!     THIS MAY CAUSE SLOWDOWN IN PERFORMANCE     !!!
20200904 233756.617 INFO             PET2 !!! FOR PRODUCTION RUNS, USE:                      !!!
20200904 233756.617 INFO             PET2 !!!                   ESMF_LOGKIND_Multi_On_Error  !!!
20200904 233756.617 INFO             PET2 !!!!!!!!!!!!!!!!!!!!!!!!!!!!!!!!!!!!!!!!!!!!!!!!!!!!!!
20200904 233756.617 INFO             PET2 Running with ESMF Version   : ESMF_8_1_0_beta_snapshot_27-50-gbd345323e0
20200904 233756.617 INFO             PET2 ESMF library build date/time: "Sep  4 2020" "23:33:12"
20200904 233756.617 INFO             PET2 ESMF library build location : /project/esmf/himanshu/esmf_test/cronjobs/daily/intel/esmf
20200904 233756.617 INFO             PET2 ESMF_COMM                   : mpich3
20200904 233756.617 INFO             PET2 ESMF_NETCDF                 : enabled
20200904 233756.617 INFO             PET2 ESMF_PNETCDF                : disabled
20200904 233756.617 INFO             PET2 ESMF_PIO                    : enabled
20200904 233756.617 INFO             PET2 ESMF_YAMLCPP                : enabled
20200904 233756.617 INFO             PET2 ESMF_MOAB                   : enabled
20200904 233756.617 INFO             PET2 Finalizing ESMF
20200904 233756.649 INFO             PET2 !!!!!!!!!!!!!!!!!!!!!!!!!!!!!!!!!!!!!!!!!!!!!!!!!!!!!!
20200904 233756.649 INFO             PET2 !!! THE ESMF_LOG IS SET TO OUTPUT ALL LOG MESSAGES !!!
20200904 233756.649 INFO             PET2 !!!     THIS MAY CAUSE SLOWDOWN IN PERFORMANCE     !!!
20200904 233756.649 INFO             PET2 !!! FOR PRODUCTION RUNS, USE:                      !!!
20200904 233756.649 INFO             PET2 !!!                   ESMF_LOGKIND_Multi_On_Error  !!!
20200904 233756.649 INFO             PET2 !!!!!!!!!!!!!!!!!!!!!!!!!!!!!!!!!!!!!!!!!!!!!!!!!!!!!!
20200904 233756.649 INFO             PET2 Running with ESMF Version   : ESMF_8_1_0_beta_snapshot_27-50-gbd345323e0
20200904 233756.649 INFO             PET2 ESMF library build date/time: "Sep  4 2020" "23:33:12"
20200904 233756.649 INFO             PET2 ESMF library build location : /project/esmf/himanshu/esmf_test/cronjobs/daily/intel/esmf
20200904 233756.649 INFO             PET2 ESMF_COMM                   : mpich3
20200904 233756.649 INFO             PET2 ESMF_NETCDF                 : enabled
20200904 233756.649 INFO             PET2 ESMF_PNETCDF                : disabled
20200904 233756.649 INFO             PET2 ESMF_PIO                    : enabled
20200904 233756.649 INFO             PET2 ESMF_YAMLCPP                : enabled
20200904 233756.649 INFO             PET2 ESMF_MOAB                   : enabled
20200904 233756.650 INFO             PET2 Finalizing ESMF
20200904 233756.686 INFO             PET2 !!!!!!!!!!!!!!!!!!!!!!!!!!!!!!!!!!!!!!!!!!!!!!!!!!!!!!
20200904 233756.686 INFO             PET2 !!! THE ESMF_LOG IS SET TO OUTPUT ALL LOG MESSAGES !!!
20200904 233756.686 INFO             PET2 !!!     THIS MAY CAUSE SLOWDOWN IN PERFORMANCE     !!!
20200904 233756.686 INFO             PET2 !!! FOR PRODUCTION RUNS, USE:                      !!!
20200904 233756.686 INFO             PET2 !!!                   ESMF_LOGKIND_Multi_On_Error  !!!
20200904 233756.686 INFO             PET2 !!!!!!!!!!!!!!!!!!!!!!!!!!!!!!!!!!!!!!!!!!!!!!!!!!!!!!
20200904 233756.686 INFO             PET2 Running with ESMF Version   : ESMF_8_1_0_beta_snapshot_27-50-gbd345323e0
20200904 233756.686 INFO             PET2 ESMF library build date/time: "Sep  4 2020" "23:33:12"
20200904 233756.686 INFO             PET2 ESMF library build location : /project/esmf/himanshu/esmf_test/cronjobs/daily/intel/esmf
20200904 233756.686 INFO             PET2 ESMF_COMM                   : mpich3
20200904 233756.686 INFO             PET2 ESMF_NETCDF                 : enabled
20200904 233756.686 INFO             PET2 ESMF_PNETCDF                : disabled
20200904 233756.686 INFO             PET2 ESMF_PIO                    : enabled
20200904 233756.686 INFO             PET2 ESMF_YAMLCPP                : enabled
20200904 233756.686 INFO             PET2 ESMF_MOAB                   : enabled
20200904 233756.687 INFO             PET2 Finalizing ESMF
