cd /project/esmf/himanshu/esmf_test/cronjobs/daily/gfortran/esmf/src/apps; /Library/Developer/CommandLineTools/usr/bin/make ACTION=tree_build_apps tree
tree_build_apps in: /project/esmf/himanshu/esmf_test/cronjobs/daily/gfortran/esmf/src/apps/ESMF_Info
/Library/Developer/CommandLineTools/usr/bin/make chkdir_apps
Making directory /project/esmf/himanshu/esmf_test/cronjobs/daily/gfortran/esmf/apps/appsO/Darwin.gfortran.64.mpiuni.default for apps output
gfortran-8     -m64 -mcmodel=small  -fopenmp -L/project/esmf/himanshu/esmf_test/cronjobs/daily/gfortran/esmf/lib/libO/Darwin.gfortran.64.mpiuni.default -L/project/esmf/himanshu/GCC/Homebrew/8.4.0/netcdf/4.7.4/lib -L/project/esmf/himanshu/GCC/Homebrew/8.4.0/netcdf/4.7.4/lib -L/usr/local/Cellar/gcc@8/8.4.0/lib/gcc/8/gcc/x86_64-apple-darwin18/8.4.0/../../../  -o /project/esmf/himanshu/esmf_test/cronjobs/daily/gfortran/esmf/apps/appsO/Darwin.gfortran.64.mpiuni.default/ESMF_Info /project/esmf/himanshu/esmf_test/cronjobs/daily/gfortran/esmf/obj/objO/Darwin.gfortran.64.mpiuni.default/src/apps/ESMF_Info/ESMF_Info.o -lesmf  -lstdc++ -lnetcdf -lnetcdff
tree_build_apps in: /project/esmf/himanshu/esmf_test/cronjobs/daily/gfortran/esmf/src/apps/ESMF_InfoC
/Library/Developer/CommandLineTools/usr/bin/make chkdir_apps
g++-8    -m64 -mcmodel=small  -fopenmp -L/project/esmf/himanshu/esmf_test/cronjobs/daily/gfortran/esmf/lib/libO/Darwin.gfortran.64.mpiuni.default -L/project/esmf/himanshu/GCC/Homebrew/8.4.0/netcdf/4.7.4/lib -L/project/esmf/himanshu/GCC/Homebrew/8.4.0/netcdf/4.7.4/lib -L/usr/local/Cellar/gcc@8/8.4.0/lib/gcc/8/gcc/x86_64-apple-darwin18/8.4.0/../../../  -o /project/esmf/himanshu/esmf_test/cronjobs/daily/gfortran/esmf/apps/appsO/Darwin.gfortran.64.mpiuni.default/ESMF_InfoC /project/esmf/himanshu/esmf_test/cronjobs/daily/gfortran/esmf/obj/objO/Darwin.gfortran.64.mpiuni.default/src/apps/ESMF_InfoC/ESMF_InfoC.o -lesmf  -lgfortran -lnetcdf -lnetcdff
tree_build_apps in: /project/esmf/himanshu/esmf_test/cronjobs/daily/gfortran/esmf/src/apps/ESMF_RegridWeightGen
/Library/Developer/CommandLineTools/usr/bin/make chkdir_apps
gfortran-8     -m64 -mcmodel=small  -fopenmp -L/project/esmf/himanshu/esmf_test/cronjobs/daily/gfortran/esmf/lib/libO/Darwin.gfortran.64.mpiuni.default -L/project/esmf/himanshu/GCC/Homebrew/8.4.0/netcdf/4.7.4/lib -L/project/esmf/himanshu/GCC/Homebrew/8.4.0/netcdf/4.7.4/lib -L/usr/local/Cellar/gcc@8/8.4.0/lib/gcc/8/gcc/x86_64-apple-darwin18/8.4.0/../../../  -o /project/esmf/himanshu/esmf_test/cronjobs/daily/gfortran/esmf/apps/appsO/Darwin.gfortran.64.mpiuni.default/ESMF_RegridWeightGen /project/esmf/himanshu/esmf_test/cronjobs/daily/gfortran/esmf/obj/objO/Darwin.gfortran.64.mpiuni.default/src/apps/ESMF_RegridWeightGen/ESMF_RegridWeightGen.o -lesmf  -lstdc++ -lnetcdf -lnetcdff
tree_build_apps in: /project/esmf/himanshu/esmf_test/cronjobs/daily/gfortran/esmf/src/apps/ESMF_WebServController
/Library/Developer/CommandLineTools/usr/bin/make chkdir_apps
g++-8    -m64 -mcmodel=small  -fopenmp -L/project/esmf/himanshu/esmf_test/cronjobs/daily/gfortran/esmf/lib/libO/Darwin.gfortran.64.mpiuni.default -L/project/esmf/himanshu/GCC/Homebrew/8.4.0/netcdf/4.7.4/lib -L/project/esmf/himanshu/GCC/Homebrew/8.4.0/netcdf/4.7.4/lib -L/usr/local/Cellar/gcc@8/8.4.0/lib/gcc/8/gcc/x86_64-apple-darwin18/8.4.0/../../../  -o /project/esmf/himanshu/esmf_test/cronjobs/daily/gfortran/esmf/apps/appsO/Darwin.gfortran.64.mpiuni.default/ESMF_WebServController /project/esmf/himanshu/esmf_test/cronjobs/daily/gfortran/esmf/obj/objO/Darwin.gfortran.64.mpiuni.default/src/apps/ESMF_WebServController/ESMF_WebServController.o -lesmf  -lgfortran -lnetcdf -lnetcdff
tree_build_apps in: /project/esmf/himanshu/esmf_test/cronjobs/daily/gfortran/esmf/src/apps/ESMF_Scrip2Unstruct
/Library/Developer/CommandLineTools/usr/bin/make chkdir_apps
g++-8    -m64 -mcmodel=small  -fopenmp -L/project/esmf/himanshu/esmf_test/cronjobs/daily/gfortran/esmf/lib/libO/Darwin.gfortran.64.mpiuni.default -L/project/esmf/himanshu/GCC/Homebrew/8.4.0/netcdf/4.7.4/lib -L/project/esmf/himanshu/GCC/Homebrew/8.4.0/netcdf/4.7.4/lib -L/usr/local/Cellar/gcc@8/8.4.0/lib/gcc/8/gcc/x86_64-apple-darwin18/8.4.0/../../../  -o /project/esmf/himanshu/esmf_test/cronjobs/daily/gfortran/esmf/apps/appsO/Darwin.gfortran.64.mpiuni.default/ESMF_Scrip2Unstruct /project/esmf/himanshu/esmf_test/cronjobs/daily/gfortran/esmf/obj/objO/Darwin.gfortran.64.mpiuni.default/src/apps/ESMF_Scrip2Unstruct/ESMF_Scrip2Unstruct.o -lesmf  -lgfortran -lnetcdf -lnetcdff
tree_build_apps in: /project/esmf/himanshu/esmf_test/cronjobs/daily/gfortran/esmf/src/apps/ESMF_Regrid
/Library/Developer/CommandLineTools/usr/bin/make chkdir_apps
gfortran-8     -m64 -mcmodel=small  -fopenmp -L/project/esmf/himanshu/esmf_test/cronjobs/daily/gfortran/esmf/lib/libO/Darwin.gfortran.64.mpiuni.default -L/project/esmf/himanshu/GCC/Homebrew/8.4.0/netcdf/4.7.4/lib -L/project/esmf/himanshu/GCC/Homebrew/8.4.0/netcdf/4.7.4/lib -L/usr/local/Cellar/gcc@8/8.4.0/lib/gcc/8/gcc/x86_64-apple-darwin18/8.4.0/../../../  -o /project/esmf/himanshu/esmf_test/cronjobs/daily/gfortran/esmf/apps/appsO/Darwin.gfortran.64.mpiuni.default/ESMF_Regrid /project/esmf/himanshu/esmf_test/cronjobs/daily/gfortran/esmf/obj/objO/Darwin.gfortran.64.mpiuni.default/src/apps/ESMF_Regrid/ESMF_Regrid.o -lesmf  -lstdc++ -lnetcdf -lnetcdff
ESMF apps built successfully.
Sat Feb  6 15:37:17 MST 2021
