 User Comp1 Register starting
 Registered Initialize, Run, and Finalize routines
 User Comp1 Register returning
  PASS  Example ESMF_WebServicesEx, ESMF_WebServicesEx.F90, line 227
 User Comp1 Register starting
 Registered Initialize, Run, and Finalize routines
 User Comp1 Register returning
  PASS  Example ESMF_WebServicesEx, ESMF_WebServicesEx.F90, line 227
 User Comp1 Register starting
 Registered Initialize, Run, and Finalize routines
 User Comp1 Register returning
  PASS  Example ESMF_WebServicesEx, ESMF_WebServicesEx.F90, line 227
 User Comp1 Register starting
 Registered Initialize, Run, and Finalize routines
 User Comp1 Register returning
  PASS  Example ESMF_WebServicesEx, ESMF_WebServicesEx.F90, line 227
[cgdm-catania:00928] PMIX ERROR: ERROR in file gds_ds12_lock_pthread.c at line 206
[cgdm-catania:00930] PMIX ERROR: ERROR in file gds_ds12_lock_pthread.c at line 206
[cgdm-catania:00931] PMIX ERROR: ERROR in file gds_ds12_lock_pthread.c at line 206
 PASS: ESMF_WebServicesEx.F90
 PASS: ESMF_WebServicesEx.F90
 PASS: ESMF_WebServicesEx.F90
 PASS: ESMF_WebServicesEx.F90
[cgdm-catania:00927] PMIX ERROR: ERROR in file gds_ds12_lock_pthread.c at line 206
