TACC:  Starting up job 6546871 
TACC:  Starting parallel tasks... 
 --------------------------------------- 
 Start of ESMF_SCompEx Example
 --------------------------------------- 
 Name: 
 AtmosDynamicalCore                                                             
                                                                                
                                                                                
                    
 Name: 
 AtmosDynamicalCore                                                             
                                                                                
                                                                                
                    
 Name: 
 AtmosDynamicalCore                                                             
                                                                                
                                                                                
                    
 Name: 
 AtmosDynamicalCore                                                             
                                                                                
                                                                                
                    
 Name: 
 AtmosDynamicalCore                                                             
                                                                                
                                                                                
                    
 Name: 
 AtmosDynamicalCore                                                             
                                                                                
                                                                                
 Name: 
 AtmosDynamicalCore                                                             
                                                                                
                                                                                
                    
 Name: 
 AtmosDynamicalCore                                                             
                                                                                
                                                                                
                    
                    
 Name: 
 AtmosAdvection                                                                 
                                                                                
                                                                                
                    
 Name: 
 AtmosAdvection                                                                 
                                                                                
                                                                                
                    
 Name: 
 AtmosAdvection                                                                 
                                                                                
                                                                                
                    
 Name: 
 AtmosAdvection                                                                 
                                                                                
                                                                                
                    
 Name: 
 AtmosAdvection                                                                 
                                                                                
                                                                                
 Name: 
 AtmosAdvection                                                                 
                                                                                
                                                                                
                    
 Name: 
 AtmosAdvection                                                                 
                                                                                
                                                                                
                    
                    
 Name: 
 AtmosAdvection                                                                 
                                                                                
                                                                                
                    
 Name: 
 AtmosRadiation                                                                 
                                                                                
                                                                                
                    
 Name: 
 AtmosRadiation                                                                 
                                                                                
                                                                                
                    
 Name: 
 AtmosRadiation                                                                 
                                                                                
                                                                                
                    
 Name: 
 AtmosRadiation                                                                 
                                                                                
                                                                                
                    
 Name: 
 AtmosRadiation                                                                 
                                                                                
                                                                                
                    
 Name: 
 AtmosRadiation                                                                 
                                                                                
                                                                                
                    
 Name: 
 AtmosRadiation                                                                 
                                                                                
                                                                                
                    
 Name: 
 AtmosRadiation                                                                 
                                                                                
                                                                                
                    
 --------------------------------------- 
 End of ESMF_SCompEx Example
 --------------------------------------- 
  PASS  Example ESMF_SCompEx, ESMF_SCompEx.F90, line 385
  PASS  Example ESMF_SCompEx, ESMF_SCompEx.F90, line 385
  PASS  Example ESMF_SCompEx, ESMF_SCompEx.F90, line 385
  PASS  Example ESMF_SCompEx, ESMF_SCompEx.F90, line 385
 PASS: ESMF_SCompEx.F90
 PASS: ESMF_SCompEx.F90
 PASS: ESMF_SCompEx.F90
 PASS: ESMF_SCompEx.F90
TACC:  Shutdown complete. Exiting. 
