20201125 190725.365 INFO             PET0 !!!!!!!!!!!!!!!!!!!!!!!!!!!!!!!!!!!!!!!!!!!!!!!!!!!!!!
20201125 190725.365 INFO             PET0 !!! THE ESMF_LOG IS SET TO OUTPUT ALL LOG MESSAGES !!!
20201125 190725.365 INFO             PET0 !!!     THIS MAY CAUSE SLOWDOWN IN PERFORMANCE     !!!
20201125 190725.365 INFO             PET0 !!! FOR PRODUCTION RUNS, USE:                      !!!
20201125 190725.365 INFO             PET0 !!!                   ESMF_LOGKIND_Multi_On_Error  !!!
20201125 190725.365 INFO             PET0 !!!!!!!!!!!!!!!!!!!!!!!!!!!!!!!!!!!!!!!!!!!!!!!!!!!!!!
20201125 190725.365 INFO             PET0 Running with ESMF Version   : ESMF_8_1_0_beta_snapshot_38
20201125 190725.365 INFO             PET0 ESMF library build date/time: "Nov 25 2020" "18:18:30"
20201125 190725.365 INFO             PET0 ESMF library build location : /home1/07356/tg866552/himanshu/esmf
20201125 190725.365 INFO             PET0 ESMF_COMM                   : intelmpi
20201125 190725.369 INFO             PET0 ESMF_NETCDF                 : enabled
20201125 190725.369 INFO             PET0 ESMF_PNETCDF                : disabled
20201125 190725.369 INFO             PET0 ESMF_PIO                    : enabled
20201125 190725.369 INFO             PET0 ESMF_YAMLCPP                : enabled
20201125 190725.369 INFO             PET0 ESMF_MOAB                   : enabled
20201125 190725.369 INFO             PET0 Log Write 2
20201125 190725.370 ERROR            PET0 Invalid object  - Convergence failure
20201125 190725.370 ERROR            PET0 ESMCI_Fraction.C:1444 ESMCI::Fraction::validate() must have non-zero denominator.
20201125 190725.370 ERROR            PET0 ESMCI_Time.C:838 ESMCI::Time::syncToRealTime() Wrong argument specified  - ; calkindflag is JULIANDAY, MODJULIANDAY or NOCALENDAR.
20201125 190725.370 ERROR            PET0 ESMF_Time.F90:1485 ESMF_TimeSyncToRealTime() Wrong argument specified  - Internal subroutine call returned Error
20201125 190725.371 ERROR            PET0 Wrong argument specified  - getting wall clock time
20201125 190725.378 INFO             PET0  NUMBER_OF_PROCESSORS           4
20201125 190725.379 INFO             PET0  PASS  Example ESMF_LogErrEx, ESMF_LogErrEx.F90, line 186
20201125 190725.379 INFO             PET0 Finalizing ESMF
20201125 190725.364 INFO             PET1 !!!!!!!!!!!!!!!!!!!!!!!!!!!!!!!!!!!!!!!!!!!!!!!!!!!!!!
20201125 190725.364 INFO             PET1 !!! THE ESMF_LOG IS SET TO OUTPUT ALL LOG MESSAGES !!!
20201125 190725.364 INFO             PET1 !!!     THIS MAY CAUSE SLOWDOWN IN PERFORMANCE     !!!
20201125 190725.364 INFO             PET1 !!! FOR PRODUCTION RUNS, USE:                      !!!
20201125 190725.364 INFO             PET1 !!!                   ESMF_LOGKIND_Multi_On_Error  !!!
20201125 190725.364 INFO             PET1 !!!!!!!!!!!!!!!!!!!!!!!!!!!!!!!!!!!!!!!!!!!!!!!!!!!!!!
20201125 190725.364 INFO             PET1 Running with ESMF Version   : ESMF_8_1_0_beta_snapshot_38
20201125 190725.364 INFO             PET1 ESMF library build date/time: "Nov 25 2020" "18:18:30"
20201125 190725.364 INFO             PET1 ESMF library build location : /home1/07356/tg866552/himanshu/esmf
20201125 190725.365 INFO             PET1 ESMF_COMM                   : intelmpi
20201125 190725.368 INFO             PET1 ESMF_NETCDF                 : enabled
20201125 190725.368 INFO             PET1 ESMF_PNETCDF                : disabled
20201125 190725.368 INFO             PET1 ESMF_PIO                    : enabled
20201125 190725.368 INFO             PET1 ESMF_YAMLCPP                : enabled
20201125 190725.368 INFO             PET1 ESMF_MOAB                   : enabled
20201125 190725.369 INFO             PET1 Log Write 2
20201125 190725.370 ERROR            PET1 Invalid object  - Convergence failure
20201125 190725.370 ERROR            PET1 ESMCI_Fraction.C:1444 ESMCI::Fraction::validate() must have non-zero denominator.
20201125 190725.370 ERROR            PET1 ESMCI_Time.C:838 ESMCI::Time::syncToRealTime() Wrong argument specified  - ; calkindflag is JULIANDAY, MODJULIANDAY or NOCALENDAR.
20201125 190725.370 ERROR            PET1 ESMF_Time.F90:1485 ESMF_TimeSyncToRealTime() Wrong argument specified  - Internal subroutine call returned Error
20201125 190725.371 ERROR            PET1 Wrong argument specified  - getting wall clock time
20201125 190725.378 INFO             PET1  NUMBER_OF_PROCESSORS           4
20201125 190725.379 INFO             PET1  PASS  Example ESMF_LogErrEx, ESMF_LogErrEx.F90, line 186
20201125 190725.379 INFO             PET1 Finalizing ESMF
20201125 190725.359 INFO             PET2 !!!!!!!!!!!!!!!!!!!!!!!!!!!!!!!!!!!!!!!!!!!!!!!!!!!!!!
20201125 190725.360 INFO             PET2 !!! THE ESMF_LOG IS SET TO OUTPUT ALL LOG MESSAGES !!!
20201125 190725.360 INFO             PET2 !!!     THIS MAY CAUSE SLOWDOWN IN PERFORMANCE     !!!
20201125 190725.360 INFO             PET2 !!! FOR PRODUCTION RUNS, USE:                      !!!
20201125 190725.360 INFO             PET2 !!!                   ESMF_LOGKIND_Multi_On_Error  !!!
20201125 190725.360 INFO             PET2 !!!!!!!!!!!!!!!!!!!!!!!!!!!!!!!!!!!!!!!!!!!!!!!!!!!!!!
20201125 190725.360 INFO             PET2 Running with ESMF Version   : ESMF_8_1_0_beta_snapshot_38
20201125 190725.360 INFO             PET2 ESMF library build date/time: "Nov 25 2020" "18:18:30"
20201125 190725.360 INFO             PET2 ESMF library build location : /home1/07356/tg866552/himanshu/esmf
20201125 190725.360 INFO             PET2 ESMF_COMM                   : intelmpi
20201125 190725.364 INFO             PET2 ESMF_NETCDF                 : enabled
20201125 190725.364 INFO             PET2 ESMF_PNETCDF                : disabled
20201125 190725.364 INFO             PET2 ESMF_PIO                    : enabled
20201125 190725.364 INFO             PET2 ESMF_YAMLCPP                : enabled
20201125 190725.364 INFO             PET2 ESMF_MOAB                   : enabled
20201125 190725.369 INFO             PET2 Log Write 2
20201125 190725.370 ERROR            PET2 Invalid object  - Convergence failure
20201125 190725.370 ERROR            PET2 ESMCI_Fraction.C:1444 ESMCI::Fraction::validate() must have non-zero denominator.
20201125 190725.370 ERROR            PET2 ESMCI_Time.C:838 ESMCI::Time::syncToRealTime() Wrong argument specified  - ; calkindflag is JULIANDAY, MODJULIANDAY or NOCALENDAR.
20201125 190725.370 ERROR            PET2 ESMF_Time.F90:1485 ESMF_TimeSyncToRealTime() Wrong argument specified  - Internal subroutine call returned Error
20201125 190725.371 ERROR            PET2 Wrong argument specified  - getting wall clock time
20201125 190725.377 INFO             PET2  NUMBER_OF_PROCESSORS           4
20201125 190725.377 INFO             PET2  PASS  Example ESMF_LogErrEx, ESMF_LogErrEx.F90, line 186
20201125 190725.377 INFO             PET2 Finalizing ESMF
20201125 190725.363 INFO             PET3 !!!!!!!!!!!!!!!!!!!!!!!!!!!!!!!!!!!!!!!!!!!!!!!!!!!!!!
20201125 190725.363 INFO             PET3 !!! THE ESMF_LOG IS SET TO OUTPUT ALL LOG MESSAGES !!!
20201125 190725.363 INFO             PET3 !!!     THIS MAY CAUSE SLOWDOWN IN PERFORMANCE     !!!
20201125 190725.363 INFO             PET3 !!! FOR PRODUCTION RUNS, USE:                      !!!
20201125 190725.363 INFO             PET3 !!!                   ESMF_LOGKIND_Multi_On_Error  !!!
20201125 190725.363 INFO             PET3 !!!!!!!!!!!!!!!!!!!!!!!!!!!!!!!!!!!!!!!!!!!!!!!!!!!!!!
20201125 190725.363 INFO             PET3 Running with ESMF Version   : ESMF_8_1_0_beta_snapshot_38
20201125 190725.364 INFO             PET3 ESMF library build date/time: "Nov 25 2020" "18:18:30"
20201125 190725.364 INFO             PET3 ESMF library build location : /home1/07356/tg866552/himanshu/esmf
20201125 190725.364 INFO             PET3 ESMF_COMM                   : intelmpi
20201125 190725.367 INFO             PET3 ESMF_NETCDF                 : enabled
20201125 190725.368 INFO             PET3 ESMF_PNETCDF                : disabled
20201125 190725.368 INFO             PET3 ESMF_PIO                    : enabled
20201125 190725.368 INFO             PET3 ESMF_YAMLCPP                : enabled
20201125 190725.368 INFO             PET3 ESMF_MOAB                   : enabled
20201125 190725.369 INFO             PET3 Log Write 2
20201125 190725.370 ERROR            PET3 Invalid object  - Convergence failure
20201125 190725.370 ERROR            PET3 ESMCI_Fraction.C:1444 ESMCI::Fraction::validate() must have non-zero denominator.
20201125 190725.370 ERROR            PET3 ESMCI_Time.C:838 ESMCI::Time::syncToRealTime() Wrong argument specified  - ; calkindflag is JULIANDAY, MODJULIANDAY or NOCALENDAR.
20201125 190725.370 ERROR            PET3 ESMF_Time.F90:1485 ESMF_TimeSyncToRealTime() Wrong argument specified  - Internal subroutine call returned Error
20201125 190725.371 ERROR            PET3 Wrong argument specified  - getting wall clock time
20201125 190725.377 INFO             PET3  NUMBER_OF_PROCESSORS           4
20201125 190725.377 INFO             PET3  PASS  Example ESMF_LogErrEx, ESMF_LogErrEx.F90, line 186
20201125 190725.377 INFO             PET3 Finalizing ESMF
Wed Nov 25 20:49:49 CST 2020
