20201006 085226.877 INFO             PET0 !!!!!!!!!!!!!!!!!!!!!!!!!!!!!!!!!!!!!!!!!!!!!!!!!!!!!!
20201006 085226.877 INFO             PET0 !!! THE ESMF_LOG IS SET TO OUTPUT ALL LOG MESSAGES !!!
20201006 085226.877 INFO             PET0 !!!     THIS MAY CAUSE SLOWDOWN IN PERFORMANCE     !!!
20201006 085226.877 INFO             PET0 !!! FOR PRODUCTION RUNS, USE:                      !!!
20201006 085226.877 INFO             PET0 !!!                   ESMF_LOGKIND_Multi_On_Error  !!!
20201006 085226.877 INFO             PET0 !!!!!!!!!!!!!!!!!!!!!!!!!!!!!!!!!!!!!!!!!!!!!!!!!!!!!!
20201006 085226.877 INFO             PET0 Running with ESMF Version   : ESMF_8_1_0_beta_snapshot_32
20201006 085226.877 INFO             PET0 ESMF library build date/time: "Oct  6 2020" "08:05:26"
20201006 085226.877 INFO             PET0 ESMF library build location : /home1/07356/tg866552/himanshu/esmf
20201006 085226.877 INFO             PET0 ESMF_COMM                   : intelmpi
20201006 085226.881 INFO             PET0 ESMF_NETCDF                 : enabled
20201006 085226.881 INFO             PET0 ESMF_PNETCDF                : disabled
20201006 085226.881 INFO             PET0 ESMF_PIO                    : enabled
20201006 085226.881 INFO             PET0 ESMF_YAMLCPP                : enabled
20201006 085226.881 INFO             PET0 ESMF_MOAB                   : enabled
20201006 085226.886 INFO             PET0  NUMBER_OF_PROCESSORS           4
20201006 085226.886 INFO             PET0  PASS  Example ESMF_VMDefaultBasicsEx, ESMF_VMDefaultBasicsEx.F90, line 107
20201006 085226.886 INFO             PET0 Finalizing ESMF
20201006 085226.880 INFO             PET1 !!!!!!!!!!!!!!!!!!!!!!!!!!!!!!!!!!!!!!!!!!!!!!!!!!!!!!
20201006 085226.880 INFO             PET1 !!! THE ESMF_LOG IS SET TO OUTPUT ALL LOG MESSAGES !!!
20201006 085226.880 INFO             PET1 !!!     THIS MAY CAUSE SLOWDOWN IN PERFORMANCE     !!!
20201006 085226.880 INFO             PET1 !!! FOR PRODUCTION RUNS, USE:                      !!!
20201006 085226.880 INFO             PET1 !!!                   ESMF_LOGKIND_Multi_On_Error  !!!
20201006 085226.880 INFO             PET1 !!!!!!!!!!!!!!!!!!!!!!!!!!!!!!!!!!!!!!!!!!!!!!!!!!!!!!
20201006 085226.880 INFO             PET1 Running with ESMF Version   : ESMF_8_1_0_beta_snapshot_32
20201006 085226.880 INFO             PET1 ESMF library build date/time: "Oct  6 2020" "08:05:26"
20201006 085226.880 INFO             PET1 ESMF library build location : /home1/07356/tg866552/himanshu/esmf
20201006 085226.880 INFO             PET1 ESMF_COMM                   : intelmpi
20201006 085226.883 INFO             PET1 ESMF_NETCDF                 : enabled
20201006 085226.883 INFO             PET1 ESMF_PNETCDF                : disabled
20201006 085226.883 INFO             PET1 ESMF_PIO                    : enabled
20201006 085226.884 INFO             PET1 ESMF_YAMLCPP                : enabled
20201006 085226.884 INFO             PET1 ESMF_MOAB                   : enabled
20201006 085226.886 INFO             PET1  NUMBER_OF_PROCESSORS           4
20201006 085226.886 INFO             PET1  PASS  Example ESMF_VMDefaultBasicsEx, ESMF_VMDefaultBasicsEx.F90, line 107
20201006 085226.886 INFO             PET1 Finalizing ESMF
20201006 085226.880 INFO             PET2 !!!!!!!!!!!!!!!!!!!!!!!!!!!!!!!!!!!!!!!!!!!!!!!!!!!!!!
20201006 085226.881 INFO             PET2 !!! THE ESMF_LOG IS SET TO OUTPUT ALL LOG MESSAGES !!!
20201006 085226.881 INFO             PET2 !!!     THIS MAY CAUSE SLOWDOWN IN PERFORMANCE     !!!
20201006 085226.881 INFO             PET2 !!! FOR PRODUCTION RUNS, USE:                      !!!
20201006 085226.881 INFO             PET2 !!!                   ESMF_LOGKIND_Multi_On_Error  !!!
20201006 085226.881 INFO             PET2 !!!!!!!!!!!!!!!!!!!!!!!!!!!!!!!!!!!!!!!!!!!!!!!!!!!!!!
20201006 085226.881 INFO             PET2 Running with ESMF Version   : ESMF_8_1_0_beta_snapshot_32
20201006 085226.881 INFO             PET2 ESMF library build date/time: "Oct  6 2020" "08:05:26"
20201006 085226.881 INFO             PET2 ESMF library build location : /home1/07356/tg866552/himanshu/esmf
20201006 085226.881 INFO             PET2 ESMF_COMM                   : intelmpi
20201006 085226.884 INFO             PET2 ESMF_NETCDF                 : enabled
20201006 085226.884 INFO             PET2 ESMF_PNETCDF                : disabled
20201006 085226.884 INFO             PET2 ESMF_PIO                    : enabled
20201006 085226.884 INFO             PET2 ESMF_YAMLCPP                : enabled
20201006 085226.884 INFO             PET2 ESMF_MOAB                   : enabled
20201006 085226.886 INFO             PET2  NUMBER_OF_PROCESSORS           4
20201006 085226.886 INFO             PET2  PASS  Example ESMF_VMDefaultBasicsEx, ESMF_VMDefaultBasicsEx.F90, line 107
20201006 085226.886 INFO             PET2 Finalizing ESMF
20201006 085226.878 INFO             PET3 !!!!!!!!!!!!!!!!!!!!!!!!!!!!!!!!!!!!!!!!!!!!!!!!!!!!!!
20201006 085226.878 INFO             PET3 !!! THE ESMF_LOG IS SET TO OUTPUT ALL LOG MESSAGES !!!
20201006 085226.878 INFO             PET3 !!!     THIS MAY CAUSE SLOWDOWN IN PERFORMANCE     !!!
20201006 085226.878 INFO             PET3 !!! FOR PRODUCTION RUNS, USE:                      !!!
20201006 085226.878 INFO             PET3 !!!                   ESMF_LOGKIND_Multi_On_Error  !!!
20201006 085226.878 INFO             PET3 !!!!!!!!!!!!!!!!!!!!!!!!!!!!!!!!!!!!!!!!!!!!!!!!!!!!!!
20201006 085226.878 INFO             PET3 Running with ESMF Version   : ESMF_8_1_0_beta_snapshot_32
20201006 085226.878 INFO             PET3 ESMF library build date/time: "Oct  6 2020" "08:05:26"
20201006 085226.878 INFO             PET3 ESMF library build location : /home1/07356/tg866552/himanshu/esmf
20201006 085226.878 INFO             PET3 ESMF_COMM                   : intelmpi
20201006 085226.882 INFO             PET3 ESMF_NETCDF                 : enabled
20201006 085226.882 INFO             PET3 ESMF_PNETCDF                : disabled
20201006 085226.882 INFO             PET3 ESMF_PIO                    : enabled
20201006 085226.882 INFO             PET3 ESMF_YAMLCPP                : enabled
20201006 085226.882 INFO             PET3 ESMF_MOAB                   : enabled
20201006 085226.886 INFO             PET3  NUMBER_OF_PROCESSORS           4
20201006 085226.886 INFO             PET3  PASS  Example ESMF_VMDefaultBasicsEx, ESMF_VMDefaultBasicsEx.F90, line 107
20201006 085226.886 INFO             PET3 Finalizing ESMF
