20201023 051628.009 INFO             PET0 !!!!!!!!!!!!!!!!!!!!!!!!!!!!!!!!!!!!!!!!!!!!!!!!!!!!!!
20201023 051628.009 INFO             PET0 !!! THE ESMF_LOG IS SET TO OUTPUT ALL LOG MESSAGES !!!
20201023 051628.009 INFO             PET0 !!!     THIS MAY CAUSE SLOWDOWN IN PERFORMANCE     !!!
20201023 051628.009 INFO             PET0 !!! FOR PRODUCTION RUNS, USE:                      !!!
20201023 051628.009 INFO             PET0 !!!                   ESMF_LOGKIND_Multi_On_Error  !!!
20201023 051628.009 INFO             PET0 !!!!!!!!!!!!!!!!!!!!!!!!!!!!!!!!!!!!!!!!!!!!!!!!!!!!!!
20201023 051628.009 INFO             PET0 Running with ESMF Version   : ESMF_8_1_0_beta_snapshot_36
20201023 051628.009 INFO             PET0 ESMF library build date/time: "Oct 23 2020" "04:26:29"
20201023 051628.009 INFO             PET0 ESMF library build location : /home1/07356/tg866552/himanshu/esmf
20201023 051628.009 INFO             PET0 ESMF_COMM                   : intelmpi
20201023 051628.013 INFO             PET0 ESMF_NETCDF                 : enabled
20201023 051628.013 INFO             PET0 ESMF_PNETCDF                : disabled
20201023 051628.014 INFO             PET0 ESMF_PIO                    : enabled
20201023 051628.014 INFO             PET0 ESMF_YAMLCPP                : enabled
20201023 051628.014 INFO             PET0 ESMF_MOAB                   : enabled
20201023 051628.020 INFO             PET0  NUMBER_OF_PROCESSORS           4
20201023 051628.020 INFO             PET0  PASS  Example ESMF_DistGridEx, ESMF_DistGridEx.F90, line 1902
20201023 051628.020 INFO             PET0 Finalizing ESMF
20201023 051628.010 INFO             PET1 !!!!!!!!!!!!!!!!!!!!!!!!!!!!!!!!!!!!!!!!!!!!!!!!!!!!!!
20201023 051628.010 INFO             PET1 !!! THE ESMF_LOG IS SET TO OUTPUT ALL LOG MESSAGES !!!
20201023 051628.010 INFO             PET1 !!!     THIS MAY CAUSE SLOWDOWN IN PERFORMANCE     !!!
20201023 051628.010 INFO             PET1 !!! FOR PRODUCTION RUNS, USE:                      !!!
20201023 051628.010 INFO             PET1 !!!                   ESMF_LOGKIND_Multi_On_Error  !!!
20201023 051628.010 INFO             PET1 !!!!!!!!!!!!!!!!!!!!!!!!!!!!!!!!!!!!!!!!!!!!!!!!!!!!!!
20201023 051628.011 INFO             PET1 Running with ESMF Version   : ESMF_8_1_0_beta_snapshot_36
20201023 051628.011 INFO             PET1 ESMF library build date/time: "Oct 23 2020" "04:26:29"
20201023 051628.011 INFO             PET1 ESMF library build location : /home1/07356/tg866552/himanshu/esmf
20201023 051628.011 INFO             PET1 ESMF_COMM                   : intelmpi
20201023 051628.015 INFO             PET1 ESMF_NETCDF                 : enabled
20201023 051628.015 INFO             PET1 ESMF_PNETCDF                : disabled
20201023 051628.015 INFO             PET1 ESMF_PIO                    : enabled
20201023 051628.015 INFO             PET1 ESMF_YAMLCPP                : enabled
20201023 051628.015 INFO             PET1 ESMF_MOAB                   : enabled
20201023 051628.020 INFO             PET1  NUMBER_OF_PROCESSORS           4
20201023 051628.020 INFO             PET1  PASS  Example ESMF_DistGridEx, ESMF_DistGridEx.F90, line 1902
20201023 051628.020 INFO             PET1 Finalizing ESMF
20201023 051628.008 INFO             PET2 !!!!!!!!!!!!!!!!!!!!!!!!!!!!!!!!!!!!!!!!!!!!!!!!!!!!!!
20201023 051628.008 INFO             PET2 !!! THE ESMF_LOG IS SET TO OUTPUT ALL LOG MESSAGES !!!
20201023 051628.008 INFO             PET2 !!!     THIS MAY CAUSE SLOWDOWN IN PERFORMANCE     !!!
20201023 051628.008 INFO             PET2 !!! FOR PRODUCTION RUNS, USE:                      !!!
20201023 051628.008 INFO             PET2 !!!                   ESMF_LOGKIND_Multi_On_Error  !!!
20201023 051628.009 INFO             PET2 !!!!!!!!!!!!!!!!!!!!!!!!!!!!!!!!!!!!!!!!!!!!!!!!!!!!!!
20201023 051628.009 INFO             PET2 Running with ESMF Version   : ESMF_8_1_0_beta_snapshot_36
20201023 051628.009 INFO             PET2 ESMF library build date/time: "Oct 23 2020" "04:26:29"
20201023 051628.009 INFO             PET2 ESMF library build location : /home1/07356/tg866552/himanshu/esmf
20201023 051628.009 INFO             PET2 ESMF_COMM                   : intelmpi
20201023 051628.013 INFO             PET2 ESMF_NETCDF                 : enabled
20201023 051628.013 INFO             PET2 ESMF_PNETCDF                : disabled
20201023 051628.013 INFO             PET2 ESMF_PIO                    : enabled
20201023 051628.013 INFO             PET2 ESMF_YAMLCPP                : enabled
20201023 051628.013 INFO             PET2 ESMF_MOAB                   : enabled
20201023 051628.020 INFO             PET2  NUMBER_OF_PROCESSORS           4
20201023 051628.020 INFO             PET2  PASS  Example ESMF_DistGridEx, ESMF_DistGridEx.F90, line 1902
20201023 051628.020 INFO             PET2 Finalizing ESMF
20201023 051628.004 INFO             PET3 !!!!!!!!!!!!!!!!!!!!!!!!!!!!!!!!!!!!!!!!!!!!!!!!!!!!!!
20201023 051628.004 INFO             PET3 !!! THE ESMF_LOG IS SET TO OUTPUT ALL LOG MESSAGES !!!
20201023 051628.004 INFO             PET3 !!!     THIS MAY CAUSE SLOWDOWN IN PERFORMANCE     !!!
20201023 051628.004 INFO             PET3 !!! FOR PRODUCTION RUNS, USE:                      !!!
20201023 051628.004 INFO             PET3 !!!                   ESMF_LOGKIND_Multi_On_Error  !!!
20201023 051628.004 INFO             PET3 !!!!!!!!!!!!!!!!!!!!!!!!!!!!!!!!!!!!!!!!!!!!!!!!!!!!!!
20201023 051628.004 INFO             PET3 Running with ESMF Version   : ESMF_8_1_0_beta_snapshot_36
20201023 051628.004 INFO             PET3 ESMF library build date/time: "Oct 23 2020" "04:26:29"
20201023 051628.004 INFO             PET3 ESMF library build location : /home1/07356/tg866552/himanshu/esmf
20201023 051628.004 INFO             PET3 ESMF_COMM                   : intelmpi
20201023 051628.009 INFO             PET3 ESMF_NETCDF                 : enabled
20201023 051628.009 INFO             PET3 ESMF_PNETCDF                : disabled
20201023 051628.009 INFO             PET3 ESMF_PIO                    : enabled
20201023 051628.009 INFO             PET3 ESMF_YAMLCPP                : enabled
20201023 051628.009 INFO             PET3 ESMF_MOAB                   : enabled
20201023 051628.020 INFO             PET3  NUMBER_OF_PROCESSORS           4
20201023 051628.020 INFO             PET3  PASS  Example ESMF_DistGridEx, ESMF_DistGridEx.F90, line 1902
20201023 051628.020 INFO             PET3 Finalizing ESMF
