TACC:  Starting up job 7258258 
TACC:  Starting parallel tasks... 
 Returned values from ArraySpec:
 rank =           2
 Returned values from ArraySpec:
 rank =           2
 Returned values from ArraySpec:
 rank =           2
 Returned values from ArraySpec:
 rank =           2
  PASS  Example ESMF_ArraySpecEx, ESMF_ArraySpecEx.F90, line 96
  PASS  Example ESMF_ArraySpecEx, ESMF_ArraySpecEx.F90, line 96
  PASS  Example ESMF_ArraySpecEx, ESMF_ArraySpecEx.F90, line 96
  PASS  Example ESMF_ArraySpecEx, ESMF_ArraySpecEx.F90, line 96
 PASS: ESMF_ArraySpecEx.F90
 PASS: ESMF_ArraySpecEx.F90
 PASS: ESMF_ArraySpecEx.F90
 PASS: ESMF_ArraySpecEx.F90
TACC:  Shutdown complete. Exiting. 
Wed Feb 10 21:00:35 CST 2021
