20210211 155556.687 INFO             PET0 !!!!!!!!!!!!!!!!!!!!!!!!!!!!!!!!!!!!!!!!!!!!!!!!!!!!!!
20210211 155556.687 INFO             PET0 !!! THE ESMF_LOG IS SET TO OUTPUT ALL LOG MESSAGES !!!
20210211 155556.687 INFO             PET0 !!!     THIS MAY CAUSE SLOWDOWN IN PERFORMANCE     !!!
20210211 155556.687 INFO             PET0 !!! FOR PRODUCTION RUNS, USE:                      !!!
20210211 155556.687 INFO             PET0 !!!                   ESMF_LOGKIND_Multi_On_Error  !!!
20210211 155556.687 INFO             PET0 !!!!!!!!!!!!!!!!!!!!!!!!!!!!!!!!!!!!!!!!!!!!!!!!!!!!!!
20210211 155556.687 INFO             PET0 Running with ESMF Version   : ESMF_8_1_0_beta_snapshot_44-53-gdb2e74ae37
20210211 155556.687 INFO             PET0 ESMF library build date/time: "Feb 11 2021" "15:02:14"
20210211 155556.687 INFO             PET0 ESMF library build location : /home1/07356/tg866552/himanshu/esmf
20210211 155556.687 INFO             PET0 ESMF_COMM                   : intelmpi
20210211 155556.691 INFO             PET0 ESMF_MOAB                   : enabled
20210211 155556.691 INFO             PET0 ESMF_LAPACK                 : enabled
20210211 155556.691 INFO             PET0 ESMF_NETCDF                 : enabled
20210211 155556.691 INFO             PET0 ESMF_PNETCDF                : disabled
20210211 155556.691 INFO             PET0 ESMF_PIO                    : enabled
20210211 155556.691 INFO             PET0 ESMF_YAMLCPP                : enabled
20210211 155556.698 INFO             PET0  NUMBER_OF_PROCESSORS           4
20210211 155556.698 INFO             PET0  PASS  Example ESMF_ArrayFarrayEx, ESMF_ArrayFarrayEx.F90, line 288
20210211 155556.698 INFO             PET0 Finalizing ESMF
20210211 155556.688 INFO             PET1 !!!!!!!!!!!!!!!!!!!!!!!!!!!!!!!!!!!!!!!!!!!!!!!!!!!!!!
20210211 155556.689 INFO             PET1 !!! THE ESMF_LOG IS SET TO OUTPUT ALL LOG MESSAGES !!!
20210211 155556.689 INFO             PET1 !!!     THIS MAY CAUSE SLOWDOWN IN PERFORMANCE     !!!
20210211 155556.689 INFO             PET1 !!! FOR PRODUCTION RUNS, USE:                      !!!
20210211 155556.689 INFO             PET1 !!!                   ESMF_LOGKIND_Multi_On_Error  !!!
20210211 155556.689 INFO             PET1 !!!!!!!!!!!!!!!!!!!!!!!!!!!!!!!!!!!!!!!!!!!!!!!!!!!!!!
20210211 155556.689 INFO             PET1 Running with ESMF Version   : ESMF_8_1_0_beta_snapshot_44-53-gdb2e74ae37
20210211 155556.689 INFO             PET1 ESMF library build date/time: "Feb 11 2021" "15:02:14"
20210211 155556.689 INFO             PET1 ESMF library build location : /home1/07356/tg866552/himanshu/esmf
20210211 155556.689 INFO             PET1 ESMF_COMM                   : intelmpi
20210211 155556.693 INFO             PET1 ESMF_MOAB                   : enabled
20210211 155556.693 INFO             PET1 ESMF_LAPACK                 : enabled
20210211 155556.693 INFO             PET1 ESMF_NETCDF                 : enabled
20210211 155556.693 INFO             PET1 ESMF_PNETCDF                : disabled
20210211 155556.693 INFO             PET1 ESMF_PIO                    : enabled
20210211 155556.693 INFO             PET1 ESMF_YAMLCPP                : enabled
20210211 155556.698 INFO             PET1  NUMBER_OF_PROCESSORS           4
20210211 155556.698 INFO             PET1  PASS  Example ESMF_ArrayFarrayEx, ESMF_ArrayFarrayEx.F90, line 288
20210211 155556.698 INFO             PET1 Finalizing ESMF
20210211 155556.681 INFO             PET2 !!!!!!!!!!!!!!!!!!!!!!!!!!!!!!!!!!!!!!!!!!!!!!!!!!!!!!
20210211 155556.682 INFO             PET2 !!! THE ESMF_LOG IS SET TO OUTPUT ALL LOG MESSAGES !!!
20210211 155556.682 INFO             PET2 !!!     THIS MAY CAUSE SLOWDOWN IN PERFORMANCE     !!!
20210211 155556.682 INFO             PET2 !!! FOR PRODUCTION RUNS, USE:                      !!!
20210211 155556.682 INFO             PET2 !!!                   ESMF_LOGKIND_Multi_On_Error  !!!
20210211 155556.682 INFO             PET2 !!!!!!!!!!!!!!!!!!!!!!!!!!!!!!!!!!!!!!!!!!!!!!!!!!!!!!
20210211 155556.682 INFO             PET2 Running with ESMF Version   : ESMF_8_1_0_beta_snapshot_44-53-gdb2e74ae37
20210211 155556.682 INFO             PET2 ESMF library build date/time: "Feb 11 2021" "15:02:14"
20210211 155556.682 INFO             PET2 ESMF library build location : /home1/07356/tg866552/himanshu/esmf
20210211 155556.682 INFO             PET2 ESMF_COMM                   : intelmpi
20210211 155556.686 INFO             PET2 ESMF_MOAB                   : enabled
20210211 155556.686 INFO             PET2 ESMF_LAPACK                 : enabled
20210211 155556.686 INFO             PET2 ESMF_NETCDF                 : enabled
20210211 155556.686 INFO             PET2 ESMF_PNETCDF                : disabled
20210211 155556.686 INFO             PET2 ESMF_PIO                    : enabled
20210211 155556.686 INFO             PET2 ESMF_YAMLCPP                : enabled
20210211 155556.698 INFO             PET2  NUMBER_OF_PROCESSORS           4
20210211 155556.698 INFO             PET2  PASS  Example ESMF_ArrayFarrayEx, ESMF_ArrayFarrayEx.F90, line 288
20210211 155556.698 INFO             PET2 Finalizing ESMF
20210211 155556.686 INFO             PET3 !!!!!!!!!!!!!!!!!!!!!!!!!!!!!!!!!!!!!!!!!!!!!!!!!!!!!!
20210211 155556.686 INFO             PET3 !!! THE ESMF_LOG IS SET TO OUTPUT ALL LOG MESSAGES !!!
20210211 155556.686 INFO             PET3 !!!     THIS MAY CAUSE SLOWDOWN IN PERFORMANCE     !!!
20210211 155556.686 INFO             PET3 !!! FOR PRODUCTION RUNS, USE:                      !!!
20210211 155556.686 INFO             PET3 !!!                   ESMF_LOGKIND_Multi_On_Error  !!!
20210211 155556.686 INFO             PET3 !!!!!!!!!!!!!!!!!!!!!!!!!!!!!!!!!!!!!!!!!!!!!!!!!!!!!!
20210211 155556.686 INFO             PET3 Running with ESMF Version   : ESMF_8_1_0_beta_snapshot_44-53-gdb2e74ae37
20210211 155556.686 INFO             PET3 ESMF library build date/time: "Feb 11 2021" "15:02:14"
20210211 155556.686 INFO             PET3 ESMF library build location : /home1/07356/tg866552/himanshu/esmf
20210211 155556.686 INFO             PET3 ESMF_COMM                   : intelmpi
20210211 155556.691 INFO             PET3 ESMF_MOAB                   : enabled
20210211 155556.691 INFO             PET3 ESMF_LAPACK                 : enabled
20210211 155556.691 INFO             PET3 ESMF_NETCDF                 : enabled
20210211 155556.691 INFO             PET3 ESMF_PNETCDF                : disabled
20210211 155556.691 INFO             PET3 ESMF_PIO                    : enabled
20210211 155556.691 INFO             PET3 ESMF_YAMLCPP                : enabled
20210211 155556.698 INFO             PET3  NUMBER_OF_PROCESSORS           4
20210211 155556.698 INFO             PET3  PASS  Example ESMF_ArrayFarrayEx, ESMF_ArrayFarrayEx.F90, line 288
20210211 155556.698 INFO             PET3 Finalizing ESMF
Thu Feb 11 17:33:38 CST 2021
