20201106 101544.695 INFO             PET0 !!!!!!!!!!!!!!!!!!!!!!!!!!!!!!!!!!!!!!!!!!!!!!!!!!!!!!
20201106 101544.695 INFO             PET0 !!! THE ESMF_LOG IS SET TO OUTPUT ALL LOG MESSAGES !!!
20201106 101544.695 INFO             PET0 !!!     THIS MAY CAUSE SLOWDOWN IN PERFORMANCE     !!!
20201106 101544.695 INFO             PET0 !!! FOR PRODUCTION RUNS, USE:                      !!!
20201106 101544.695 INFO             PET0 !!!                   ESMF_LOGKIND_Multi_On_Error  !!!
20201106 101544.695 INFO             PET0 !!!!!!!!!!!!!!!!!!!!!!!!!!!!!!!!!!!!!!!!!!!!!!!!!!!!!!
20201106 101544.695 INFO             PET0 Running with ESMF Version   : ESMF_8_1_0_beta_snapshot_36-19-g2283de35ed
20201106 101544.695 INFO             PET0 ESMF library build date/time: "Nov  6 2020" "09:21:43"
20201106 101544.695 INFO             PET0 ESMF library build location : /home1/07356/tg866552/himanshu/esmf
20201106 101544.695 INFO             PET0 ESMF_COMM                   : intelmpi
20201106 101544.699 INFO             PET0 ESMF_NETCDF                 : enabled
20201106 101544.699 INFO             PET0 ESMF_PNETCDF                : disabled
20201106 101544.699 INFO             PET0 ESMF_PIO                    : enabled
20201106 101544.699 INFO             PET0 ESMF_YAMLCPP                : enabled
20201106 101544.699 INFO             PET0 ESMF_MOAB                   : enabled
20201106 101544.838 WARNING          PET0 ESMF_IOScrip.F90:4699 ESMF_EsmfGetElement Variable centerCoords in data/ne4np4-esmf.nc does not exist
20201106 101545.041 INFO             PET0  NUMBER_OF_PROCESSORS           4
20201106 101545.042 INFO             PET0  PASS  Example ESMF_MeshEx, ESMF_MeshEx.F90, line 1795
20201106 101545.042 INFO             PET0 Finalizing ESMF
20201106 101544.694 INFO             PET1 !!!!!!!!!!!!!!!!!!!!!!!!!!!!!!!!!!!!!!!!!!!!!!!!!!!!!!
20201106 101544.694 INFO             PET1 !!! THE ESMF_LOG IS SET TO OUTPUT ALL LOG MESSAGES !!!
20201106 101544.694 INFO             PET1 !!!     THIS MAY CAUSE SLOWDOWN IN PERFORMANCE     !!!
20201106 101544.694 INFO             PET1 !!! FOR PRODUCTION RUNS, USE:                      !!!
20201106 101544.694 INFO             PET1 !!!                   ESMF_LOGKIND_Multi_On_Error  !!!
20201106 101544.694 INFO             PET1 !!!!!!!!!!!!!!!!!!!!!!!!!!!!!!!!!!!!!!!!!!!!!!!!!!!!!!
20201106 101544.694 INFO             PET1 Running with ESMF Version   : ESMF_8_1_0_beta_snapshot_36-19-g2283de35ed
20201106 101544.694 INFO             PET1 ESMF library build date/time: "Nov  6 2020" "09:21:43"
20201106 101544.694 INFO             PET1 ESMF library build location : /home1/07356/tg866552/himanshu/esmf
20201106 101544.694 INFO             PET1 ESMF_COMM                   : intelmpi
20201106 101544.698 INFO             PET1 ESMF_NETCDF                 : enabled
20201106 101544.698 INFO             PET1 ESMF_PNETCDF                : disabled
20201106 101544.698 INFO             PET1 ESMF_PIO                    : enabled
20201106 101544.698 INFO             PET1 ESMF_YAMLCPP                : enabled
20201106 101544.698 INFO             PET1 ESMF_MOAB                   : enabled
20201106 101544.843 WARNING          PET1 ESMF_IOScrip.F90:4699 ESMF_EsmfGetElement Variable centerCoords in data/ne4np4-esmf.nc does not exist
20201106 101545.041 INFO             PET1  NUMBER_OF_PROCESSORS           4
20201106 101545.042 INFO             PET1  PASS  Example ESMF_MeshEx, ESMF_MeshEx.F90, line 1795
20201106 101545.042 INFO             PET1 Finalizing ESMF
20201106 101544.687 INFO             PET2 !!!!!!!!!!!!!!!!!!!!!!!!!!!!!!!!!!!!!!!!!!!!!!!!!!!!!!
20201106 101544.687 INFO             PET2 !!! THE ESMF_LOG IS SET TO OUTPUT ALL LOG MESSAGES !!!
20201106 101544.687 INFO             PET2 !!!     THIS MAY CAUSE SLOWDOWN IN PERFORMANCE     !!!
20201106 101544.687 INFO             PET2 !!! FOR PRODUCTION RUNS, USE:                      !!!
20201106 101544.687 INFO             PET2 !!!                   ESMF_LOGKIND_Multi_On_Error  !!!
20201106 101544.687 INFO             PET2 !!!!!!!!!!!!!!!!!!!!!!!!!!!!!!!!!!!!!!!!!!!!!!!!!!!!!!
20201106 101544.687 INFO             PET2 Running with ESMF Version   : ESMF_8_1_0_beta_snapshot_36-19-g2283de35ed
20201106 101544.687 INFO             PET2 ESMF library build date/time: "Nov  6 2020" "09:21:43"
20201106 101544.687 INFO             PET2 ESMF library build location : /home1/07356/tg866552/himanshu/esmf
20201106 101544.688 INFO             PET2 ESMF_COMM                   : intelmpi
20201106 101544.692 INFO             PET2 ESMF_NETCDF                 : enabled
20201106 101544.692 INFO             PET2 ESMF_PNETCDF                : disabled
20201106 101544.692 INFO             PET2 ESMF_PIO                    : enabled
20201106 101544.692 INFO             PET2 ESMF_YAMLCPP                : enabled
20201106 101544.692 INFO             PET2 ESMF_MOAB                   : enabled
20201106 101544.840 WARNING          PET2 ESMF_IOScrip.F90:4699 ESMF_EsmfGetElement Variable centerCoords in data/ne4np4-esmf.nc does not exist
20201106 101545.041 INFO             PET2  NUMBER_OF_PROCESSORS           4
20201106 101545.042 INFO             PET2  PASS  Example ESMF_MeshEx, ESMF_MeshEx.F90, line 1795
20201106 101545.042 INFO             PET2 Finalizing ESMF
20201106 101544.692 INFO             PET3 !!!!!!!!!!!!!!!!!!!!!!!!!!!!!!!!!!!!!!!!!!!!!!!!!!!!!!
20201106 101544.692 INFO             PET3 !!! THE ESMF_LOG IS SET TO OUTPUT ALL LOG MESSAGES !!!
20201106 101544.692 INFO             PET3 !!!     THIS MAY CAUSE SLOWDOWN IN PERFORMANCE     !!!
20201106 101544.692 INFO             PET3 !!! FOR PRODUCTION RUNS, USE:                      !!!
20201106 101544.692 INFO             PET3 !!!                   ESMF_LOGKIND_Multi_On_Error  !!!
20201106 101544.692 INFO             PET3 !!!!!!!!!!!!!!!!!!!!!!!!!!!!!!!!!!!!!!!!!!!!!!!!!!!!!!
20201106 101544.692 INFO             PET3 Running with ESMF Version   : ESMF_8_1_0_beta_snapshot_36-19-g2283de35ed
20201106 101544.693 INFO             PET3 ESMF library build date/time: "Nov  6 2020" "09:21:43"
20201106 101544.693 INFO             PET3 ESMF library build location : /home1/07356/tg866552/himanshu/esmf
20201106 101544.693 INFO             PET3 ESMF_COMM                   : intelmpi
20201106 101544.697 INFO             PET3 ESMF_NETCDF                 : enabled
20201106 101544.697 INFO             PET3 ESMF_PNETCDF                : disabled
20201106 101544.697 INFO             PET3 ESMF_PIO                    : enabled
20201106 101544.697 INFO             PET3 ESMF_YAMLCPP                : enabled
20201106 101544.697 INFO             PET3 ESMF_MOAB                   : enabled
20201106 101544.845 WARNING          PET3 ESMF_IOScrip.F90:4699 ESMF_EsmfGetElement Variable centerCoords in data/ne4np4-esmf.nc does not exist
20201106 101545.041 INFO             PET3  NUMBER_OF_PROCESSORS           4
20201106 101545.042 INFO             PET3  PASS  Example ESMF_MeshEx, ESMF_MeshEx.F90, line 1795
20201106 101545.042 INFO             PET3 Finalizing ESMF
Fri Nov  6 11:50:17 CST 2020
