20210301 060007.719 INFO             PET0 !!!!!!!!!!!!!!!!!!!!!!!!!!!!!!!!!!!!!!!!!!!!!!!!!!!!!!
20210301 060007.719 INFO             PET0 !!! THE ESMF_LOG IS SET TO OUTPUT ALL LOG MESSAGES !!!
20210301 060007.719 INFO             PET0 !!!     THIS MAY CAUSE SLOWDOWN IN PERFORMANCE     !!!
20210301 060007.719 INFO             PET0 !!! FOR PRODUCTION RUNS, USE:                      !!!
20210301 060007.719 INFO             PET0 !!!                   ESMF_LOGKIND_Multi_On_Error  !!!
20210301 060007.719 INFO             PET0 !!!!!!!!!!!!!!!!!!!!!!!!!!!!!!!!!!!!!!!!!!!!!!!!!!!!!!
20210301 060007.719 INFO             PET0 Running with ESMF Version   : ESMF_8_2_0_beta_snapshot_00-6-gf8f29dec9e
20210301 060007.719 INFO             PET0 ESMF library build date/time: "Mar  1 2021" "05:05:46"
20210301 060007.719 INFO             PET0 ESMF library build location : /home1/07356/tg866552/himanshu/esmf
20210301 060007.719 INFO             PET0 ESMF_COMM                   : intelmpi
20210301 060007.723 INFO             PET0 ESMF_MOAB                   : enabled
20210301 060007.723 INFO             PET0 ESMF_LAPACK                 : enabled
20210301 060007.723 INFO             PET0 ESMF_NETCDF                 : enabled
20210301 060007.723 INFO             PET0 ESMF_PNETCDF                : disabled
20210301 060007.723 INFO             PET0 ESMF_PIO                    : enabled
20210301 060007.723 INFO             PET0 ESMF_YAMLCPP                : enabled
20210301 060007.738 INFO             PET0  NUMBER_OF_PROCESSORS           4
20210301 060007.739 INFO             PET0  PASS  Example ESMF_ArrayEx, ESMF_ArrayEx.F90, line 1899
20210301 060007.739 INFO             PET0 Finalizing ESMF
20210301 060007.716 INFO             PET1 !!!!!!!!!!!!!!!!!!!!!!!!!!!!!!!!!!!!!!!!!!!!!!!!!!!!!!
20210301 060007.717 INFO             PET1 !!! THE ESMF_LOG IS SET TO OUTPUT ALL LOG MESSAGES !!!
20210301 060007.717 INFO             PET1 !!!     THIS MAY CAUSE SLOWDOWN IN PERFORMANCE     !!!
20210301 060007.717 INFO             PET1 !!! FOR PRODUCTION RUNS, USE:                      !!!
20210301 060007.717 INFO             PET1 !!!                   ESMF_LOGKIND_Multi_On_Error  !!!
20210301 060007.717 INFO             PET1 !!!!!!!!!!!!!!!!!!!!!!!!!!!!!!!!!!!!!!!!!!!!!!!!!!!!!!
20210301 060007.717 INFO             PET1 Running with ESMF Version   : ESMF_8_2_0_beta_snapshot_00-6-gf8f29dec9e
20210301 060007.717 INFO             PET1 ESMF library build date/time: "Mar  1 2021" "05:05:46"
20210301 060007.717 INFO             PET1 ESMF library build location : /home1/07356/tg866552/himanshu/esmf
20210301 060007.717 INFO             PET1 ESMF_COMM                   : intelmpi
20210301 060007.721 INFO             PET1 ESMF_MOAB                   : enabled
20210301 060007.721 INFO             PET1 ESMF_LAPACK                 : enabled
20210301 060007.721 INFO             PET1 ESMF_NETCDF                 : enabled
20210301 060007.721 INFO             PET1 ESMF_PNETCDF                : disabled
20210301 060007.721 INFO             PET1 ESMF_PIO                    : enabled
20210301 060007.721 INFO             PET1 ESMF_YAMLCPP                : enabled
20210301 060007.738 INFO             PET1  NUMBER_OF_PROCESSORS           4
20210301 060007.739 INFO             PET1  PASS  Example ESMF_ArrayEx, ESMF_ArrayEx.F90, line 1899
20210301 060007.739 INFO             PET1 Finalizing ESMF
20210301 060007.721 INFO             PET2 !!!!!!!!!!!!!!!!!!!!!!!!!!!!!!!!!!!!!!!!!!!!!!!!!!!!!!
20210301 060007.722 INFO             PET2 !!! THE ESMF_LOG IS SET TO OUTPUT ALL LOG MESSAGES !!!
20210301 060007.722 INFO             PET2 !!!     THIS MAY CAUSE SLOWDOWN IN PERFORMANCE     !!!
20210301 060007.722 INFO             PET2 !!! FOR PRODUCTION RUNS, USE:                      !!!
20210301 060007.722 INFO             PET2 !!!                   ESMF_LOGKIND_Multi_On_Error  !!!
20210301 060007.722 INFO             PET2 !!!!!!!!!!!!!!!!!!!!!!!!!!!!!!!!!!!!!!!!!!!!!!!!!!!!!!
20210301 060007.722 INFO             PET2 Running with ESMF Version   : ESMF_8_2_0_beta_snapshot_00-6-gf8f29dec9e
20210301 060007.722 INFO             PET2 ESMF library build date/time: "Mar  1 2021" "05:05:46"
20210301 060007.722 INFO             PET2 ESMF library build location : /home1/07356/tg866552/himanshu/esmf
20210301 060007.722 INFO             PET2 ESMF_COMM                   : intelmpi
20210301 060007.727 INFO             PET2 ESMF_MOAB                   : enabled
20210301 060007.727 INFO             PET2 ESMF_LAPACK                 : enabled
20210301 060007.727 INFO             PET2 ESMF_NETCDF                 : enabled
20210301 060007.727 INFO             PET2 ESMF_PNETCDF                : disabled
20210301 060007.727 INFO             PET2 ESMF_PIO                    : enabled
20210301 060007.727 INFO             PET2 ESMF_YAMLCPP                : enabled
20210301 060007.738 INFO             PET2  NUMBER_OF_PROCESSORS           4
20210301 060007.739 INFO             PET2  PASS  Example ESMF_ArrayEx, ESMF_ArrayEx.F90, line 1899
20210301 060007.739 INFO             PET2 Finalizing ESMF
20210301 060007.712 INFO             PET3 !!!!!!!!!!!!!!!!!!!!!!!!!!!!!!!!!!!!!!!!!!!!!!!!!!!!!!
20210301 060007.712 INFO             PET3 !!! THE ESMF_LOG IS SET TO OUTPUT ALL LOG MESSAGES !!!
20210301 060007.712 INFO             PET3 !!!     THIS MAY CAUSE SLOWDOWN IN PERFORMANCE     !!!
20210301 060007.712 INFO             PET3 !!! FOR PRODUCTION RUNS, USE:                      !!!
20210301 060007.712 INFO             PET3 !!!                   ESMF_LOGKIND_Multi_On_Error  !!!
20210301 060007.712 INFO             PET3 !!!!!!!!!!!!!!!!!!!!!!!!!!!!!!!!!!!!!!!!!!!!!!!!!!!!!!
20210301 060007.712 INFO             PET3 Running with ESMF Version   : ESMF_8_2_0_beta_snapshot_00-6-gf8f29dec9e
20210301 060007.712 INFO             PET3 ESMF library build date/time: "Mar  1 2021" "05:05:46"
20210301 060007.712 INFO             PET3 ESMF library build location : /home1/07356/tg866552/himanshu/esmf
20210301 060007.712 INFO             PET3 ESMF_COMM                   : intelmpi
20210301 060007.716 INFO             PET3 ESMF_MOAB                   : enabled
20210301 060007.716 INFO             PET3 ESMF_LAPACK                 : enabled
20210301 060007.716 INFO             PET3 ESMF_NETCDF                 : enabled
20210301 060007.716 INFO             PET3 ESMF_PNETCDF                : disabled
20210301 060007.716 INFO             PET3 ESMF_PIO                    : enabled
20210301 060007.717 INFO             PET3 ESMF_YAMLCPP                : enabled
20210301 060007.738 INFO             PET3  NUMBER_OF_PROCESSORS           4
20210301 060007.739 INFO             PET3  PASS  Example ESMF_ArrayEx, ESMF_ArrayEx.F90, line 1899
20210301 060007.739 INFO             PET3 Finalizing ESMF
Mon Mar  1 07:36:49 CST 2021
