20201004 082721.976 INFO             PET0 !!!!!!!!!!!!!!!!!!!!!!!!!!!!!!!!!!!!!!!!!!!!!!!!!!!!!!
20201004 082721.976 INFO             PET0 !!! THE ESMF_LOG IS SET TO OUTPUT ALL LOG MESSAGES !!!
20201004 082721.976 INFO             PET0 !!!     THIS MAY CAUSE SLOWDOWN IN PERFORMANCE     !!!
20201004 082721.976 INFO             PET0 !!! FOR PRODUCTION RUNS, USE:                      !!!
20201004 082721.976 INFO             PET0 !!!                   ESMF_LOGKIND_Multi_On_Error  !!!
20201004 082721.976 INFO             PET0 !!!!!!!!!!!!!!!!!!!!!!!!!!!!!!!!!!!!!!!!!!!!!!!!!!!!!!
20201004 082721.976 INFO             PET0 Running with ESMF Version   : ESMF_8_1_0_beta_snapshot_31-7-g0dc67b5b55
20201004 082721.976 INFO             PET0 ESMF library build date/time: "Oct  4 2020" "07:38:02"
20201004 082721.976 INFO             PET0 ESMF library build location : /home1/07356/tg866552/himanshu/esmf
20201004 082721.976 INFO             PET0 ESMF_COMM                   : intelmpi
20201004 082721.981 INFO             PET0 ESMF_NETCDF                 : enabled
20201004 082721.981 INFO             PET0 ESMF_PNETCDF                : disabled
20201004 082721.981 INFO             PET0 ESMF_PIO                    : enabled
20201004 082721.981 INFO             PET0 ESMF_YAMLCPP                : enabled
20201004 082721.981 INFO             PET0 ESMF_MOAB                   : enabled
20201004 082721.990 INFO             PET0  NUMBER_OF_PROCESSORS           4
20201004 082721.990 INFO             PET0  PASS  Example ESMF_VMScatterVMGatherEx, ESMF_VMScatterVMGatherEx.F90, line 120
20201004 082721.990 INFO             PET0 Finalizing ESMF
20201004 082721.982 INFO             PET1 !!!!!!!!!!!!!!!!!!!!!!!!!!!!!!!!!!!!!!!!!!!!!!!!!!!!!!
20201004 082721.982 INFO             PET1 !!! THE ESMF_LOG IS SET TO OUTPUT ALL LOG MESSAGES !!!
20201004 082721.982 INFO             PET1 !!!     THIS MAY CAUSE SLOWDOWN IN PERFORMANCE     !!!
20201004 082721.982 INFO             PET1 !!! FOR PRODUCTION RUNS, USE:                      !!!
20201004 082721.982 INFO             PET1 !!!                   ESMF_LOGKIND_Multi_On_Error  !!!
20201004 082721.982 INFO             PET1 !!!!!!!!!!!!!!!!!!!!!!!!!!!!!!!!!!!!!!!!!!!!!!!!!!!!!!
20201004 082721.982 INFO             PET1 Running with ESMF Version   : ESMF_8_1_0_beta_snapshot_31-7-g0dc67b5b55
20201004 082721.982 INFO             PET1 ESMF library build date/time: "Oct  4 2020" "07:38:02"
20201004 082721.982 INFO             PET1 ESMF library build location : /home1/07356/tg866552/himanshu/esmf
20201004 082721.982 INFO             PET1 ESMF_COMM                   : intelmpi
20201004 082721.986 INFO             PET1 ESMF_NETCDF                 : enabled
20201004 082721.986 INFO             PET1 ESMF_PNETCDF                : disabled
20201004 082721.986 INFO             PET1 ESMF_PIO                    : enabled
20201004 082721.986 INFO             PET1 ESMF_YAMLCPP                : enabled
20201004 082721.986 INFO             PET1 ESMF_MOAB                   : enabled
20201004 082721.990 INFO             PET1  NUMBER_OF_PROCESSORS           4
20201004 082721.990 INFO             PET1  PASS  Example ESMF_VMScatterVMGatherEx, ESMF_VMScatterVMGatherEx.F90, line 120
20201004 082721.990 INFO             PET1 Finalizing ESMF
20201004 082721.979 INFO             PET2 !!!!!!!!!!!!!!!!!!!!!!!!!!!!!!!!!!!!!!!!!!!!!!!!!!!!!!
20201004 082721.980 INFO             PET2 !!! THE ESMF_LOG IS SET TO OUTPUT ALL LOG MESSAGES !!!
20201004 082721.980 INFO             PET2 !!!     THIS MAY CAUSE SLOWDOWN IN PERFORMANCE     !!!
20201004 082721.980 INFO             PET2 !!! FOR PRODUCTION RUNS, USE:                      !!!
20201004 082721.980 INFO             PET2 !!!                   ESMF_LOGKIND_Multi_On_Error  !!!
20201004 082721.980 INFO             PET2 !!!!!!!!!!!!!!!!!!!!!!!!!!!!!!!!!!!!!!!!!!!!!!!!!!!!!!
20201004 082721.980 INFO             PET2 Running with ESMF Version   : ESMF_8_1_0_beta_snapshot_31-7-g0dc67b5b55
20201004 082721.980 INFO             PET2 ESMF library build date/time: "Oct  4 2020" "07:38:02"
20201004 082721.980 INFO             PET2 ESMF library build location : /home1/07356/tg866552/himanshu/esmf
20201004 082721.980 INFO             PET2 ESMF_COMM                   : intelmpi
20201004 082721.985 INFO             PET2 ESMF_NETCDF                 : enabled
20201004 082721.985 INFO             PET2 ESMF_PNETCDF                : disabled
20201004 082721.985 INFO             PET2 ESMF_PIO                    : enabled
20201004 082721.985 INFO             PET2 ESMF_YAMLCPP                : enabled
20201004 082721.985 INFO             PET2 ESMF_MOAB                   : enabled
20201004 082721.990 INFO             PET2  NUMBER_OF_PROCESSORS           4
20201004 082721.990 INFO             PET2  PASS  Example ESMF_VMScatterVMGatherEx, ESMF_VMScatterVMGatherEx.F90, line 120
20201004 082721.990 INFO             PET2 Finalizing ESMF
20201004 082721.984 INFO             PET3 !!!!!!!!!!!!!!!!!!!!!!!!!!!!!!!!!!!!!!!!!!!!!!!!!!!!!!
20201004 082721.984 INFO             PET3 !!! THE ESMF_LOG IS SET TO OUTPUT ALL LOG MESSAGES !!!
20201004 082721.984 INFO             PET3 !!!     THIS MAY CAUSE SLOWDOWN IN PERFORMANCE     !!!
20201004 082721.984 INFO             PET3 !!! FOR PRODUCTION RUNS, USE:                      !!!
20201004 082721.984 INFO             PET3 !!!                   ESMF_LOGKIND_Multi_On_Error  !!!
20201004 082721.984 INFO             PET3 !!!!!!!!!!!!!!!!!!!!!!!!!!!!!!!!!!!!!!!!!!!!!!!!!!!!!!
20201004 082721.984 INFO             PET3 Running with ESMF Version   : ESMF_8_1_0_beta_snapshot_31-7-g0dc67b5b55
20201004 082721.984 INFO             PET3 ESMF library build date/time: "Oct  4 2020" "07:38:02"
20201004 082721.984 INFO             PET3 ESMF library build location : /home1/07356/tg866552/himanshu/esmf
20201004 082721.984 INFO             PET3 ESMF_COMM                   : intelmpi
20201004 082721.989 INFO             PET3 ESMF_NETCDF                 : enabled
20201004 082721.989 INFO             PET3 ESMF_PNETCDF                : disabled
20201004 082721.989 INFO             PET3 ESMF_PIO                    : enabled
20201004 082721.989 INFO             PET3 ESMF_YAMLCPP                : enabled
20201004 082721.989 INFO             PET3 ESMF_MOAB                   : enabled
20201004 082721.990 INFO             PET3  NUMBER_OF_PROCESSORS           4
20201004 082721.990 INFO             PET3  PASS  Example ESMF_VMScatterVMGatherEx, ESMF_VMScatterVMGatherEx.F90, line 120
20201004 082721.990 INFO             PET3 Finalizing ESMF
