20201116 070507.864 INFO             PET0 !!!!!!!!!!!!!!!!!!!!!!!!!!!!!!!!!!!!!!!!!!!!!!!!!!!!!!
20201116 070507.864 INFO             PET0 !!! THE ESMF_LOG IS SET TO OUTPUT ALL LOG MESSAGES !!!
20201116 070507.864 INFO             PET0 !!!     THIS MAY CAUSE SLOWDOWN IN PERFORMANCE     !!!
20201116 070507.864 INFO             PET0 !!! FOR PRODUCTION RUNS, USE:                      !!!
20201116 070507.864 INFO             PET0 !!!                   ESMF_LOGKIND_Multi_On_Error  !!!
20201116 070507.864 INFO             PET0 !!!!!!!!!!!!!!!!!!!!!!!!!!!!!!!!!!!!!!!!!!!!!!!!!!!!!!
20201116 070507.864 INFO             PET0 Running with ESMF Version   : ESMF_8_1_0_beta_snapshot_37
20201116 070507.864 INFO             PET0 ESMF library build date/time: "Nov 16 2020" "06:10:27"
20201116 070507.864 INFO             PET0 ESMF library build location : /home1/07356/tg866552/himanshu/esmf
20201116 070507.864 INFO             PET0 ESMF_COMM                   : intelmpi
20201116 070507.868 INFO             PET0 ESMF_NETCDF                 : enabled
20201116 070507.868 INFO             PET0 ESMF_PNETCDF                : disabled
20201116 070507.868 INFO             PET0 ESMF_PIO                    : enabled
20201116 070507.868 INFO             PET0 ESMF_YAMLCPP                : enabled
20201116 070507.868 INFO             PET0 ESMF_MOAB                   : enabled
20201116 070507.906 INFO             PET0  NUMBER_OF_PROCESSORS           4
20201116 070507.907 INFO             PET0  PASS  Example ESMF_StateReadWriteEx, ESMF_StateReadWriteEx.F90, line 185
20201116 070507.907 INFO             PET0 Finalizing ESMF
20201116 070507.863 INFO             PET1 !!!!!!!!!!!!!!!!!!!!!!!!!!!!!!!!!!!!!!!!!!!!!!!!!!!!!!
20201116 070507.863 INFO             PET1 !!! THE ESMF_LOG IS SET TO OUTPUT ALL LOG MESSAGES !!!
20201116 070507.863 INFO             PET1 !!!     THIS MAY CAUSE SLOWDOWN IN PERFORMANCE     !!!
20201116 070507.863 INFO             PET1 !!! FOR PRODUCTION RUNS, USE:                      !!!
20201116 070507.863 INFO             PET1 !!!                   ESMF_LOGKIND_Multi_On_Error  !!!
20201116 070507.863 INFO             PET1 !!!!!!!!!!!!!!!!!!!!!!!!!!!!!!!!!!!!!!!!!!!!!!!!!!!!!!
20201116 070507.863 INFO             PET1 Running with ESMF Version   : ESMF_8_1_0_beta_snapshot_37
20201116 070507.863 INFO             PET1 ESMF library build date/time: "Nov 16 2020" "06:10:27"
20201116 070507.863 INFO             PET1 ESMF library build location : /home1/07356/tg866552/himanshu/esmf
20201116 070507.863 INFO             PET1 ESMF_COMM                   : intelmpi
20201116 070507.867 INFO             PET1 ESMF_NETCDF                 : enabled
20201116 070507.867 INFO             PET1 ESMF_PNETCDF                : disabled
20201116 070507.867 INFO             PET1 ESMF_PIO                    : enabled
20201116 070507.867 INFO             PET1 ESMF_YAMLCPP                : enabled
20201116 070507.867 INFO             PET1 ESMF_MOAB                   : enabled
20201116 070507.870 INFO             PET1  NUMBER_OF_PROCESSORS           4
20201116 070507.870 INFO             PET1  PASS  Example ESMF_StateReadWriteEx, ESMF_StateReadWriteEx.F90, line 185
20201116 070507.870 INFO             PET1 Finalizing ESMF
20201116 070507.857 INFO             PET2 !!!!!!!!!!!!!!!!!!!!!!!!!!!!!!!!!!!!!!!!!!!!!!!!!!!!!!
20201116 070507.858 INFO             PET2 !!! THE ESMF_LOG IS SET TO OUTPUT ALL LOG MESSAGES !!!
20201116 070507.858 INFO             PET2 !!!     THIS MAY CAUSE SLOWDOWN IN PERFORMANCE     !!!
20201116 070507.858 INFO             PET2 !!! FOR PRODUCTION RUNS, USE:                      !!!
20201116 070507.858 INFO             PET2 !!!                   ESMF_LOGKIND_Multi_On_Error  !!!
20201116 070507.858 INFO             PET2 !!!!!!!!!!!!!!!!!!!!!!!!!!!!!!!!!!!!!!!!!!!!!!!!!!!!!!
20201116 070507.858 INFO             PET2 Running with ESMF Version   : ESMF_8_1_0_beta_snapshot_37
20201116 070507.858 INFO             PET2 ESMF library build date/time: "Nov 16 2020" "06:10:27"
20201116 070507.858 INFO             PET2 ESMF library build location : /home1/07356/tg866552/himanshu/esmf
20201116 070507.858 INFO             PET2 ESMF_COMM                   : intelmpi
20201116 070507.862 INFO             PET2 ESMF_NETCDF                 : enabled
20201116 070507.862 INFO             PET2 ESMF_PNETCDF                : disabled
20201116 070507.862 INFO             PET2 ESMF_PIO                    : enabled
20201116 070507.862 INFO             PET2 ESMF_YAMLCPP                : enabled
20201116 070507.862 INFO             PET2 ESMF_MOAB                   : enabled
20201116 070507.870 INFO             PET2  NUMBER_OF_PROCESSORS           4
20201116 070507.870 INFO             PET2  PASS  Example ESMF_StateReadWriteEx, ESMF_StateReadWriteEx.F90, line 185
20201116 070507.870 INFO             PET2 Finalizing ESMF
20201116 070507.862 INFO             PET3 !!!!!!!!!!!!!!!!!!!!!!!!!!!!!!!!!!!!!!!!!!!!!!!!!!!!!!
20201116 070507.862 INFO             PET3 !!! THE ESMF_LOG IS SET TO OUTPUT ALL LOG MESSAGES !!!
20201116 070507.862 INFO             PET3 !!!     THIS MAY CAUSE SLOWDOWN IN PERFORMANCE     !!!
20201116 070507.862 INFO             PET3 !!! FOR PRODUCTION RUNS, USE:                      !!!
20201116 070507.862 INFO             PET3 !!!                   ESMF_LOGKIND_Multi_On_Error  !!!
20201116 070507.862 INFO             PET3 !!!!!!!!!!!!!!!!!!!!!!!!!!!!!!!!!!!!!!!!!!!!!!!!!!!!!!
20201116 070507.862 INFO             PET3 Running with ESMF Version   : ESMF_8_1_0_beta_snapshot_37
20201116 070507.862 INFO             PET3 ESMF library build date/time: "Nov 16 2020" "06:10:27"
20201116 070507.862 INFO             PET3 ESMF library build location : /home1/07356/tg866552/himanshu/esmf
20201116 070507.862 INFO             PET3 ESMF_COMM                   : intelmpi
20201116 070507.866 INFO             PET3 ESMF_NETCDF                 : enabled
20201116 070507.866 INFO             PET3 ESMF_PNETCDF                : disabled
20201116 070507.866 INFO             PET3 ESMF_PIO                    : enabled
20201116 070507.866 INFO             PET3 ESMF_YAMLCPP                : enabled
20201116 070507.866 INFO             PET3 ESMF_MOAB                   : enabled
20201116 070507.870 INFO             PET3  NUMBER_OF_PROCESSORS           4
20201116 070507.870 INFO             PET3  PASS  Example ESMF_StateReadWriteEx, ESMF_StateReadWriteEx.F90, line 185
20201116 070507.870 INFO             PET3 Finalizing ESMF
Mon Nov 16 08:36:49 CST 2020
