20210123 073308.712 INFO             PET0 !!!!!!!!!!!!!!!!!!!!!!!!!!!!!!!!!!!!!!!!!!!!!!!!!!!!!!
20210123 073308.712 INFO             PET0 !!! THE ESMF_LOG IS SET TO OUTPUT ALL LOG MESSAGES !!!
20210123 073308.712 INFO             PET0 !!!     THIS MAY CAUSE SLOWDOWN IN PERFORMANCE     !!!
20210123 073308.712 INFO             PET0 !!! FOR PRODUCTION RUNS, USE:                      !!!
20210123 073308.712 INFO             PET0 !!!                   ESMF_LOGKIND_Multi_On_Error  !!!
20210123 073308.712 INFO             PET0 !!!!!!!!!!!!!!!!!!!!!!!!!!!!!!!!!!!!!!!!!!!!!!!!!!!!!!
20210123 073308.712 INFO             PET0 Running with ESMF Version   : ESMF_8_1_0_beta_snapshot_42-7-g9d66bb580c
20210123 073308.713 INFO             PET0 ESMF library build date/time: "Jan 23 2021" "06:38:48"
20210123 073308.713 INFO             PET0 ESMF library build location : /home1/07356/tg866552/himanshu/esmf
20210123 073308.713 INFO             PET0 ESMF_COMM                   : intelmpi
20210123 073308.717 INFO             PET0 ESMF_NETCDF                 : enabled
20210123 073308.717 INFO             PET0 ESMF_PNETCDF                : disabled
20210123 073308.717 INFO             PET0 ESMF_PIO                    : enabled
20210123 073308.717 INFO             PET0 ESMF_YAMLCPP                : enabled
20210123 073308.717 INFO             PET0 ESMF_MOAB                   : enabled
20210123 073308.732 INFO             PET0  NUMBER_OF_PROCESSORS           4
20210123 073308.733 INFO             PET0  PASS  Example ESMF_ArrayBundleHaloEx, ESMF_ArrayBundleHaloEx.F90, line 172
20210123 073308.733 INFO             PET0 Finalizing ESMF
20210123 073308.711 INFO             PET1 !!!!!!!!!!!!!!!!!!!!!!!!!!!!!!!!!!!!!!!!!!!!!!!!!!!!!!
20210123 073308.712 INFO             PET1 !!! THE ESMF_LOG IS SET TO OUTPUT ALL LOG MESSAGES !!!
20210123 073308.712 INFO             PET1 !!!     THIS MAY CAUSE SLOWDOWN IN PERFORMANCE     !!!
20210123 073308.712 INFO             PET1 !!! FOR PRODUCTION RUNS, USE:                      !!!
20210123 073308.712 INFO             PET1 !!!                   ESMF_LOGKIND_Multi_On_Error  !!!
20210123 073308.712 INFO             PET1 !!!!!!!!!!!!!!!!!!!!!!!!!!!!!!!!!!!!!!!!!!!!!!!!!!!!!!
20210123 073308.712 INFO             PET1 Running with ESMF Version   : ESMF_8_1_0_beta_snapshot_42-7-g9d66bb580c
20210123 073308.712 INFO             PET1 ESMF library build date/time: "Jan 23 2021" "06:38:48"
20210123 073308.712 INFO             PET1 ESMF library build location : /home1/07356/tg866552/himanshu/esmf
20210123 073308.712 INFO             PET1 ESMF_COMM                   : intelmpi
20210123 073308.716 INFO             PET1 ESMF_NETCDF                 : enabled
20210123 073308.716 INFO             PET1 ESMF_PNETCDF                : disabled
20210123 073308.716 INFO             PET1 ESMF_PIO                    : enabled
20210123 073308.716 INFO             PET1 ESMF_YAMLCPP                : enabled
20210123 073308.716 INFO             PET1 ESMF_MOAB                   : enabled
20210123 073308.732 INFO             PET1  NUMBER_OF_PROCESSORS           4
20210123 073308.733 INFO             PET1  PASS  Example ESMF_ArrayBundleHaloEx, ESMF_ArrayBundleHaloEx.F90, line 172
20210123 073308.733 INFO             PET1 Finalizing ESMF
20210123 073308.709 INFO             PET2 !!!!!!!!!!!!!!!!!!!!!!!!!!!!!!!!!!!!!!!!!!!!!!!!!!!!!!
20210123 073308.709 INFO             PET2 !!! THE ESMF_LOG IS SET TO OUTPUT ALL LOG MESSAGES !!!
20210123 073308.709 INFO             PET2 !!!     THIS MAY CAUSE SLOWDOWN IN PERFORMANCE     !!!
20210123 073308.709 INFO             PET2 !!! FOR PRODUCTION RUNS, USE:                      !!!
20210123 073308.709 INFO             PET2 !!!                   ESMF_LOGKIND_Multi_On_Error  !!!
20210123 073308.709 INFO             PET2 !!!!!!!!!!!!!!!!!!!!!!!!!!!!!!!!!!!!!!!!!!!!!!!!!!!!!!
20210123 073308.709 INFO             PET2 Running with ESMF Version   : ESMF_8_1_0_beta_snapshot_42-7-g9d66bb580c
20210123 073308.709 INFO             PET2 ESMF library build date/time: "Jan 23 2021" "06:38:48"
20210123 073308.709 INFO             PET2 ESMF library build location : /home1/07356/tg866552/himanshu/esmf
20210123 073308.709 INFO             PET2 ESMF_COMM                   : intelmpi
20210123 073308.713 INFO             PET2 ESMF_NETCDF                 : enabled
20210123 073308.713 INFO             PET2 ESMF_PNETCDF                : disabled
20210123 073308.713 INFO             PET2 ESMF_PIO                    : enabled
20210123 073308.713 INFO             PET2 ESMF_YAMLCPP                : enabled
20210123 073308.713 INFO             PET2 ESMF_MOAB                   : enabled
20210123 073308.732 INFO             PET2  NUMBER_OF_PROCESSORS           4
20210123 073308.733 INFO             PET2  PASS  Example ESMF_ArrayBundleHaloEx, ESMF_ArrayBundleHaloEx.F90, line 172
20210123 073308.733 INFO             PET2 Finalizing ESMF
20210123 073308.708 INFO             PET3 !!!!!!!!!!!!!!!!!!!!!!!!!!!!!!!!!!!!!!!!!!!!!!!!!!!!!!
20210123 073308.708 INFO             PET3 !!! THE ESMF_LOG IS SET TO OUTPUT ALL LOG MESSAGES !!!
20210123 073308.708 INFO             PET3 !!!     THIS MAY CAUSE SLOWDOWN IN PERFORMANCE     !!!
20210123 073308.708 INFO             PET3 !!! FOR PRODUCTION RUNS, USE:                      !!!
20210123 073308.708 INFO             PET3 !!!                   ESMF_LOGKIND_Multi_On_Error  !!!
20210123 073308.708 INFO             PET3 !!!!!!!!!!!!!!!!!!!!!!!!!!!!!!!!!!!!!!!!!!!!!!!!!!!!!!
20210123 073308.708 INFO             PET3 Running with ESMF Version   : ESMF_8_1_0_beta_snapshot_42-7-g9d66bb580c
20210123 073308.708 INFO             PET3 ESMF library build date/time: "Jan 23 2021" "06:38:48"
20210123 073308.708 INFO             PET3 ESMF library build location : /home1/07356/tg866552/himanshu/esmf
20210123 073308.708 INFO             PET3 ESMF_COMM                   : intelmpi
20210123 073308.713 INFO             PET3 ESMF_NETCDF                 : enabled
20210123 073308.713 INFO             PET3 ESMF_PNETCDF                : disabled
20210123 073308.713 INFO             PET3 ESMF_PIO                    : enabled
20210123 073308.713 INFO             PET3 ESMF_YAMLCPP                : enabled
20210123 073308.713 INFO             PET3 ESMF_MOAB                   : enabled
20210123 073308.732 INFO             PET3  NUMBER_OF_PROCESSORS           4
20210123 073308.733 INFO             PET3  PASS  Example ESMF_ArrayBundleHaloEx, ESMF_ArrayBundleHaloEx.F90, line 172
20210123 073308.733 INFO             PET3 Finalizing ESMF
Sat Jan 23 09:04:18 CST 2021
