20201022 033359.844 INFO             PET0 !!!!!!!!!!!!!!!!!!!!!!!!!!!!!!!!!!!!!!!!!!!!!!!!!!!!!!
20201022 033359.844 INFO             PET0 !!! THE ESMF_LOG IS SET TO OUTPUT ALL LOG MESSAGES !!!
20201022 033359.844 INFO             PET0 !!!     THIS MAY CAUSE SLOWDOWN IN PERFORMANCE     !!!
20201022 033359.844 INFO             PET0 !!! FOR PRODUCTION RUNS, USE:                      !!!
20201022 033359.844 INFO             PET0 !!!                   ESMF_LOGKIND_Multi_On_Error  !!!
20201022 033359.844 INFO             PET0 !!!!!!!!!!!!!!!!!!!!!!!!!!!!!!!!!!!!!!!!!!!!!!!!!!!!!!
20201022 033359.844 INFO             PET0 Running with ESMF Version   : ESMF_8_1_0_beta_snapshot_35-23-gc33790beec
20201022 033359.844 INFO             PET0 ESMF library build date/time: "Oct 22 2020" "02:37:44"
20201022 033359.844 INFO             PET0 ESMF library build location : /home1/07356/tg866552/himanshu/esmf
20201022 033359.844 INFO             PET0 ESMF_COMM                   : intelmpi
20201022 033359.848 INFO             PET0 ESMF_NETCDF                 : enabled
20201022 033359.848 INFO             PET0 ESMF_PNETCDF                : disabled
20201022 033359.848 INFO             PET0 ESMF_PIO                    : enabled
20201022 033359.848 INFO             PET0 ESMF_YAMLCPP                : enabled
20201022 033359.848 INFO             PET0 ESMF_MOAB                   : enabled
20201022 033359.860 INFO             PET0  NUMBER_OF_PROCESSORS           4
20201022 033359.860 INFO             PET0  PASS  Example ESMF_AppMainEx, ESMF_AppMainEx.F90, line 486
20201022 033359.860 INFO             PET0 Finalizing ESMF
20201022 033359.843 INFO             PET1 !!!!!!!!!!!!!!!!!!!!!!!!!!!!!!!!!!!!!!!!!!!!!!!!!!!!!!
20201022 033359.843 INFO             PET1 !!! THE ESMF_LOG IS SET TO OUTPUT ALL LOG MESSAGES !!!
20201022 033359.844 INFO             PET1 !!!     THIS MAY CAUSE SLOWDOWN IN PERFORMANCE     !!!
20201022 033359.844 INFO             PET1 !!! FOR PRODUCTION RUNS, USE:                      !!!
20201022 033359.844 INFO             PET1 !!!                   ESMF_LOGKIND_Multi_On_Error  !!!
20201022 033359.844 INFO             PET1 !!!!!!!!!!!!!!!!!!!!!!!!!!!!!!!!!!!!!!!!!!!!!!!!!!!!!!
20201022 033359.844 INFO             PET1 Running with ESMF Version   : ESMF_8_1_0_beta_snapshot_35-23-gc33790beec
20201022 033359.844 INFO             PET1 ESMF library build date/time: "Oct 22 2020" "02:37:44"
20201022 033359.844 INFO             PET1 ESMF library build location : /home1/07356/tg866552/himanshu/esmf
20201022 033359.844 INFO             PET1 ESMF_COMM                   : intelmpi
20201022 033359.847 INFO             PET1 ESMF_NETCDF                 : enabled
20201022 033359.847 INFO             PET1 ESMF_PNETCDF                : disabled
20201022 033359.847 INFO             PET1 ESMF_PIO                    : enabled
20201022 033359.847 INFO             PET1 ESMF_YAMLCPP                : enabled
20201022 033359.848 INFO             PET1 ESMF_MOAB                   : enabled
20201022 033359.860 INFO             PET1  NUMBER_OF_PROCESSORS           4
20201022 033359.860 INFO             PET1  PASS  Example ESMF_AppMainEx, ESMF_AppMainEx.F90, line 486
20201022 033359.860 INFO             PET1 Finalizing ESMF
20201022 033359.837 INFO             PET2 !!!!!!!!!!!!!!!!!!!!!!!!!!!!!!!!!!!!!!!!!!!!!!!!!!!!!!
20201022 033359.837 INFO             PET2 !!! THE ESMF_LOG IS SET TO OUTPUT ALL LOG MESSAGES !!!
20201022 033359.837 INFO             PET2 !!!     THIS MAY CAUSE SLOWDOWN IN PERFORMANCE     !!!
20201022 033359.837 INFO             PET2 !!! FOR PRODUCTION RUNS, USE:                      !!!
20201022 033359.837 INFO             PET2 !!!                   ESMF_LOGKIND_Multi_On_Error  !!!
20201022 033359.837 INFO             PET2 !!!!!!!!!!!!!!!!!!!!!!!!!!!!!!!!!!!!!!!!!!!!!!!!!!!!!!
20201022 033359.837 INFO             PET2 Running with ESMF Version   : ESMF_8_1_0_beta_snapshot_35-23-gc33790beec
20201022 033359.837 INFO             PET2 ESMF library build date/time: "Oct 22 2020" "02:37:44"
20201022 033359.837 INFO             PET2 ESMF library build location : /home1/07356/tg866552/himanshu/esmf
20201022 033359.837 INFO             PET2 ESMF_COMM                   : intelmpi
20201022 033359.842 INFO             PET2 ESMF_NETCDF                 : enabled
20201022 033359.842 INFO             PET2 ESMF_PNETCDF                : disabled
20201022 033359.842 INFO             PET2 ESMF_PIO                    : enabled
20201022 033359.842 INFO             PET2 ESMF_YAMLCPP                : enabled
20201022 033359.842 INFO             PET2 ESMF_MOAB                   : enabled
20201022 033359.860 INFO             PET2  NUMBER_OF_PROCESSORS           4
20201022 033359.860 INFO             PET2  PASS  Example ESMF_AppMainEx, ESMF_AppMainEx.F90, line 486
20201022 033359.860 INFO             PET2 Finalizing ESMF
20201022 033359.842 INFO             PET3 !!!!!!!!!!!!!!!!!!!!!!!!!!!!!!!!!!!!!!!!!!!!!!!!!!!!!!
20201022 033359.842 INFO             PET3 !!! THE ESMF_LOG IS SET TO OUTPUT ALL LOG MESSAGES !!!
20201022 033359.842 INFO             PET3 !!!     THIS MAY CAUSE SLOWDOWN IN PERFORMANCE     !!!
20201022 033359.842 INFO             PET3 !!! FOR PRODUCTION RUNS, USE:                      !!!
20201022 033359.842 INFO             PET3 !!!                   ESMF_LOGKIND_Multi_On_Error  !!!
20201022 033359.842 INFO             PET3 !!!!!!!!!!!!!!!!!!!!!!!!!!!!!!!!!!!!!!!!!!!!!!!!!!!!!!
20201022 033359.842 INFO             PET3 Running with ESMF Version   : ESMF_8_1_0_beta_snapshot_35-23-gc33790beec
20201022 033359.842 INFO             PET3 ESMF library build date/time: "Oct 22 2020" "02:37:44"
20201022 033359.842 INFO             PET3 ESMF library build location : /home1/07356/tg866552/himanshu/esmf
20201022 033359.842 INFO             PET3 ESMF_COMM                   : intelmpi
20201022 033359.847 INFO             PET3 ESMF_NETCDF                 : enabled
20201022 033359.847 INFO             PET3 ESMF_PNETCDF                : disabled
20201022 033359.847 INFO             PET3 ESMF_PIO                    : enabled
20201022 033359.847 INFO             PET3 ESMF_YAMLCPP                : enabled
20201022 033359.847 INFO             PET3 ESMF_MOAB                   : enabled
20201022 033359.860 INFO             PET3  NUMBER_OF_PROCESSORS           4
20201022 033359.860 INFO             PET3  PASS  Example ESMF_AppMainEx, ESMF_AppMainEx.F90, line 486
20201022 033359.860 INFO             PET3 Finalizing ESMF
