TACC:  Starting up job 6828396 
TACC:  Starting parallel tasks... 
 localSum=   12345.6000000000     
 localSum=   12345.6000000000     
 localSum=   12345.6000000000     
 localSum=   12345.6000000000     
 localSum=   987.648000000000     
 localSum=   3654.31200000000     
 localSum=   987.648000000000     
 localSum=   3654.31200000000     
 localSum=   987.648000000000     
 localSum=   3654.31200000000     
 localSum=   987.648000000000     
 localSum=   3654.31200000000     
  PASS  Example ESMF_ArrayLarrayEx, ESMF_ArrayLarrayEx.F90, line 324
  PASS  Example ESMF_ArrayLarrayEx, ESMF_ArrayLarrayEx.F90, line 324
  PASS  Example ESMF_ArrayLarrayEx, ESMF_ArrayLarrayEx.F90, line 324
  PASS  Example ESMF_ArrayLarrayEx, ESMF_ArrayLarrayEx.F90, line 324
 PASS: ESMF_ArrayLarrayEx.F90
 PASS: ESMF_ArrayLarrayEx.F90
 PASS: ESMF_ArrayLarrayEx.F90
 PASS: ESMF_ArrayLarrayEx.F90
TACC:  Shutdown complete. Exiting. 
Sun Nov 15 22:22:55 CST 2020
