20210301 055829.160 INFO             PET0 !!!!!!!!!!!!!!!!!!!!!!!!!!!!!!!!!!!!!!!!!!!!!!!!!!!!!!
20210301 055829.160 INFO             PET0 !!! THE ESMF_LOG IS SET TO OUTPUT ALL LOG MESSAGES !!!
20210301 055829.160 INFO             PET0 !!!     THIS MAY CAUSE SLOWDOWN IN PERFORMANCE     !!!
20210301 055829.160 INFO             PET0 !!! FOR PRODUCTION RUNS, USE:                      !!!
20210301 055829.160 INFO             PET0 !!!                   ESMF_LOGKIND_Multi_On_Error  !!!
20210301 055829.160 INFO             PET0 !!!!!!!!!!!!!!!!!!!!!!!!!!!!!!!!!!!!!!!!!!!!!!!!!!!!!!
20210301 055829.160 INFO             PET0 Running with ESMF Version   : ESMF_8_2_0_beta_snapshot_00-6-gf8f29dec9e
20210301 055829.160 INFO             PET0 ESMF library build date/time: "Mar  1 2021" "05:05:46"
20210301 055829.160 INFO             PET0 ESMF library build location : /home1/07356/tg866552/himanshu/esmf
20210301 055829.160 INFO             PET0 ESMF_COMM                   : intelmpi
20210301 055829.165 INFO             PET0 ESMF_MOAB                   : enabled
20210301 055829.165 INFO             PET0 ESMF_LAPACK                 : enabled
20210301 055829.165 INFO             PET0 ESMF_NETCDF                 : enabled
20210301 055829.165 INFO             PET0 ESMF_PNETCDF                : disabled
20210301 055829.165 INFO             PET0 ESMF_PIO                    : enabled
20210301 055829.165 INFO             PET0 ESMF_YAMLCPP                : enabled
20210301 055829.171 INFO             PET0  NUMBER_OF_PROCESSORS           1
20210301 055829.171 INFO             PET0  PASS  Example ESMF_AlarmEx, ESMF_AlarmEx.F90, line 244
20210301 055829.171 INFO             PET0 Finalizing ESMF
Mon Mar  1 07:36:49 CST 2021
