20201020 222433.577 INFO             PET0 !!!!!!!!!!!!!!!!!!!!!!!!!!!!!!!!!!!!!!!!!!!!!!!!!!!!!!
20201020 222433.578 INFO             PET0 !!! THE ESMF_LOG IS SET TO OUTPUT ALL LOG MESSAGES !!!
20201020 222433.578 INFO             PET0 !!!     THIS MAY CAUSE SLOWDOWN IN PERFORMANCE     !!!
20201020 222433.578 INFO             PET0 !!! FOR PRODUCTION RUNS, USE:                      !!!
20201020 222433.578 INFO             PET0 !!!                   ESMF_LOGKIND_Multi_On_Error  !!!
20201020 222433.578 INFO             PET0 !!!!!!!!!!!!!!!!!!!!!!!!!!!!!!!!!!!!!!!!!!!!!!!!!!!!!!
20201020 222433.578 INFO             PET0 Running with ESMF Version   : ESMF_8_1_0_beta_snapshot_35-21-g5eb9242fe8
20201020 222433.578 INFO             PET0 ESMF library build date/time: "Oct 20 2020" "21:32:26"
20201020 222433.578 INFO             PET0 ESMF library build location : /home1/07356/tg866552/himanshu/esmf
20201020 222433.578 INFO             PET0 ESMF_COMM                   : intelmpi
20201020 222433.581 INFO             PET0 ESMF_NETCDF                 : enabled
20201020 222433.581 INFO             PET0 ESMF_PNETCDF                : disabled
20201020 222433.581 INFO             PET0 ESMF_PIO                    : enabled
20201020 222433.581 INFO             PET0 ESMF_YAMLCPP                : enabled
20201020 222433.581 INFO             PET0 ESMF_MOAB                   : enabled
20201020 222433.586 INFO             PET0  NUMBER_OF_PROCESSORS           4
20201020 222433.586 INFO             PET0  PASS  Example ESMF_ArrayFarrayHaloEx, ESMF_ArrayFarrayHaloEx.F90, line 176
20201020 222433.586 INFO             PET0 Finalizing ESMF
20201020 222433.573 INFO             PET1 !!!!!!!!!!!!!!!!!!!!!!!!!!!!!!!!!!!!!!!!!!!!!!!!!!!!!!
20201020 222433.574 INFO             PET1 !!! THE ESMF_LOG IS SET TO OUTPUT ALL LOG MESSAGES !!!
20201020 222433.574 INFO             PET1 !!!     THIS MAY CAUSE SLOWDOWN IN PERFORMANCE     !!!
20201020 222433.574 INFO             PET1 !!! FOR PRODUCTION RUNS, USE:                      !!!
20201020 222433.574 INFO             PET1 !!!                   ESMF_LOGKIND_Multi_On_Error  !!!
20201020 222433.574 INFO             PET1 !!!!!!!!!!!!!!!!!!!!!!!!!!!!!!!!!!!!!!!!!!!!!!!!!!!!!!
20201020 222433.574 INFO             PET1 Running with ESMF Version   : ESMF_8_1_0_beta_snapshot_35-21-g5eb9242fe8
20201020 222433.574 INFO             PET1 ESMF library build date/time: "Oct 20 2020" "21:32:26"
20201020 222433.574 INFO             PET1 ESMF library build location : /home1/07356/tg866552/himanshu/esmf
20201020 222433.574 INFO             PET1 ESMF_COMM                   : intelmpi
20201020 222433.579 INFO             PET1 ESMF_NETCDF                 : enabled
20201020 222433.579 INFO             PET1 ESMF_PNETCDF                : disabled
20201020 222433.579 INFO             PET1 ESMF_PIO                    : enabled
20201020 222433.579 INFO             PET1 ESMF_YAMLCPP                : enabled
20201020 222433.579 INFO             PET1 ESMF_MOAB                   : enabled
20201020 222433.586 INFO             PET1  NUMBER_OF_PROCESSORS           4
20201020 222433.586 INFO             PET1  PASS  Example ESMF_ArrayFarrayHaloEx, ESMF_ArrayFarrayHaloEx.F90, line 176
20201020 222433.586 INFO             PET1 Finalizing ESMF
20201020 222433.570 INFO             PET2 !!!!!!!!!!!!!!!!!!!!!!!!!!!!!!!!!!!!!!!!!!!!!!!!!!!!!!
20201020 222433.570 INFO             PET2 !!! THE ESMF_LOG IS SET TO OUTPUT ALL LOG MESSAGES !!!
20201020 222433.570 INFO             PET2 !!!     THIS MAY CAUSE SLOWDOWN IN PERFORMANCE     !!!
20201020 222433.570 INFO             PET2 !!! FOR PRODUCTION RUNS, USE:                      !!!
20201020 222433.570 INFO             PET2 !!!                   ESMF_LOGKIND_Multi_On_Error  !!!
20201020 222433.570 INFO             PET2 !!!!!!!!!!!!!!!!!!!!!!!!!!!!!!!!!!!!!!!!!!!!!!!!!!!!!!
20201020 222433.570 INFO             PET2 Running with ESMF Version   : ESMF_8_1_0_beta_snapshot_35-21-g5eb9242fe8
20201020 222433.570 INFO             PET2 ESMF library build date/time: "Oct 20 2020" "21:32:26"
20201020 222433.570 INFO             PET2 ESMF library build location : /home1/07356/tg866552/himanshu/esmf
20201020 222433.570 INFO             PET2 ESMF_COMM                   : intelmpi
20201020 222433.575 INFO             PET2 ESMF_NETCDF                 : enabled
20201020 222433.575 INFO             PET2 ESMF_PNETCDF                : disabled
20201020 222433.575 INFO             PET2 ESMF_PIO                    : enabled
20201020 222433.575 INFO             PET2 ESMF_YAMLCPP                : enabled
20201020 222433.575 INFO             PET2 ESMF_MOAB                   : enabled
20201020 222433.586 INFO             PET2  NUMBER_OF_PROCESSORS           4
20201020 222433.586 INFO             PET2  PASS  Example ESMF_ArrayFarrayHaloEx, ESMF_ArrayFarrayHaloEx.F90, line 176
20201020 222433.586 INFO             PET2 Finalizing ESMF
20201020 222433.576 INFO             PET3 !!!!!!!!!!!!!!!!!!!!!!!!!!!!!!!!!!!!!!!!!!!!!!!!!!!!!!
20201020 222433.576 INFO             PET3 !!! THE ESMF_LOG IS SET TO OUTPUT ALL LOG MESSAGES !!!
20201020 222433.576 INFO             PET3 !!!     THIS MAY CAUSE SLOWDOWN IN PERFORMANCE     !!!
20201020 222433.576 INFO             PET3 !!! FOR PRODUCTION RUNS, USE:                      !!!
20201020 222433.576 INFO             PET3 !!!                   ESMF_LOGKIND_Multi_On_Error  !!!
20201020 222433.576 INFO             PET3 !!!!!!!!!!!!!!!!!!!!!!!!!!!!!!!!!!!!!!!!!!!!!!!!!!!!!!
20201020 222433.576 INFO             PET3 Running with ESMF Version   : ESMF_8_1_0_beta_snapshot_35-21-g5eb9242fe8
20201020 222433.576 INFO             PET3 ESMF library build date/time: "Oct 20 2020" "21:32:26"
20201020 222433.576 INFO             PET3 ESMF library build location : /home1/07356/tg866552/himanshu/esmf
20201020 222433.576 INFO             PET3 ESMF_COMM                   : intelmpi
20201020 222433.580 INFO             PET3 ESMF_NETCDF                 : enabled
20201020 222433.580 INFO             PET3 ESMF_PNETCDF                : disabled
20201020 222433.580 INFO             PET3 ESMF_PIO                    : enabled
20201020 222433.580 INFO             PET3 ESMF_YAMLCPP                : enabled
20201020 222433.580 INFO             PET3 ESMF_MOAB                   : enabled
20201020 222433.586 INFO             PET3  NUMBER_OF_PROCESSORS           4
20201020 222433.586 INFO             PET3  PASS  Example ESMF_ArrayFarrayHaloEx, ESMF_ArrayFarrayHaloEx.F90, line 176
20201020 222433.586 INFO             PET3 Finalizing ESMF
