20210115 053908.481 INFO             PET0 !!!!!!!!!!!!!!!!!!!!!!!!!!!!!!!!!!!!!!!!!!!!!!!!!!!!!!
20210115 053908.481 INFO             PET0 !!! THE ESMF_LOG IS SET TO OUTPUT ALL LOG MESSAGES !!!
20210115 053908.481 INFO             PET0 !!!     THIS MAY CAUSE SLOWDOWN IN PERFORMANCE     !!!
20210115 053908.481 INFO             PET0 !!! FOR PRODUCTION RUNS, USE:                      !!!
20210115 053908.481 INFO             PET0 !!!                   ESMF_LOGKIND_Multi_On_Error  !!!
20210115 053908.481 INFO             PET0 !!!!!!!!!!!!!!!!!!!!!!!!!!!!!!!!!!!!!!!!!!!!!!!!!!!!!!
20210115 053908.481 INFO             PET0 Running with ESMF Version   : ESMF_8_1_0_beta_snapshot_41-14-g011b8a0905
20210115 053908.481 INFO             PET0 ESMF library build date/time: "Jan 15 2021" "04:43:20"
20210115 053908.481 INFO             PET0 ESMF library build location : /home1/07356/tg866552/himanshu/esmf
20210115 053908.481 INFO             PET0 ESMF_COMM                   : intelmpi
20210115 053908.486 INFO             PET0 ESMF_NETCDF                 : enabled
20210115 053908.486 INFO             PET0 ESMF_PNETCDF                : disabled
20210115 053908.486 INFO             PET0 ESMF_PIO                    : enabled
20210115 053908.486 INFO             PET0 ESMF_YAMLCPP                : enabled
20210115 053908.486 INFO             PET0 ESMF_MOAB                   : enabled
20210115 053909.202 INFO             PET0  NUMBER_OF_PROCESSORS           4
20210115 053909.202 INFO             PET0  PASS  Example ESMF_XGridEx, ESMF_XGridEx.F90, line 525
20210115 053909.202 INFO             PET0 Finalizing ESMF
20210115 053908.473 INFO             PET1 !!!!!!!!!!!!!!!!!!!!!!!!!!!!!!!!!!!!!!!!!!!!!!!!!!!!!!
20210115 053908.474 INFO             PET1 !!! THE ESMF_LOG IS SET TO OUTPUT ALL LOG MESSAGES !!!
20210115 053908.474 INFO             PET1 !!!     THIS MAY CAUSE SLOWDOWN IN PERFORMANCE     !!!
20210115 053908.474 INFO             PET1 !!! FOR PRODUCTION RUNS, USE:                      !!!
20210115 053908.474 INFO             PET1 !!!                   ESMF_LOGKIND_Multi_On_Error  !!!
20210115 053908.474 INFO             PET1 !!!!!!!!!!!!!!!!!!!!!!!!!!!!!!!!!!!!!!!!!!!!!!!!!!!!!!
20210115 053908.474 INFO             PET1 Running with ESMF Version   : ESMF_8_1_0_beta_snapshot_41-14-g011b8a0905
20210115 053908.474 INFO             PET1 ESMF library build date/time: "Jan 15 2021" "04:43:20"
20210115 053908.474 INFO             PET1 ESMF library build location : /home1/07356/tg866552/himanshu/esmf
20210115 053908.474 INFO             PET1 ESMF_COMM                   : intelmpi
20210115 053908.478 INFO             PET1 ESMF_NETCDF                 : enabled
20210115 053908.478 INFO             PET1 ESMF_PNETCDF                : disabled
20210115 053908.478 INFO             PET1 ESMF_PIO                    : enabled
20210115 053908.478 INFO             PET1 ESMF_YAMLCPP                : enabled
20210115 053908.478 INFO             PET1 ESMF_MOAB                   : enabled
20210115 053909.201 INFO             PET1  NUMBER_OF_PROCESSORS           4
20210115 053909.202 INFO             PET1  PASS  Example ESMF_XGridEx, ESMF_XGridEx.F90, line 525
20210115 053909.202 INFO             PET1 Finalizing ESMF
20210115 053908.478 INFO             PET2 !!!!!!!!!!!!!!!!!!!!!!!!!!!!!!!!!!!!!!!!!!!!!!!!!!!!!!
20210115 053908.479 INFO             PET2 !!! THE ESMF_LOG IS SET TO OUTPUT ALL LOG MESSAGES !!!
20210115 053908.479 INFO             PET2 !!!     THIS MAY CAUSE SLOWDOWN IN PERFORMANCE     !!!
20210115 053908.479 INFO             PET2 !!! FOR PRODUCTION RUNS, USE:                      !!!
20210115 053908.479 INFO             PET2 !!!                   ESMF_LOGKIND_Multi_On_Error  !!!
20210115 053908.479 INFO             PET2 !!!!!!!!!!!!!!!!!!!!!!!!!!!!!!!!!!!!!!!!!!!!!!!!!!!!!!
20210115 053908.479 INFO             PET2 Running with ESMF Version   : ESMF_8_1_0_beta_snapshot_41-14-g011b8a0905
20210115 053908.479 INFO             PET2 ESMF library build date/time: "Jan 15 2021" "04:43:20"
20210115 053908.479 INFO             PET2 ESMF library build location : /home1/07356/tg866552/himanshu/esmf
20210115 053908.479 INFO             PET2 ESMF_COMM                   : intelmpi
20210115 053908.484 INFO             PET2 ESMF_NETCDF                 : enabled
20210115 053908.484 INFO             PET2 ESMF_PNETCDF                : disabled
20210115 053908.484 INFO             PET2 ESMF_PIO                    : enabled
20210115 053908.484 INFO             PET2 ESMF_YAMLCPP                : enabled
20210115 053908.484 INFO             PET2 ESMF_MOAB                   : enabled
20210115 053909.203 INFO             PET2  NUMBER_OF_PROCESSORS           4
20210115 053909.203 INFO             PET2  PASS  Example ESMF_XGridEx, ESMF_XGridEx.F90, line 525
20210115 053909.203 INFO             PET2 Finalizing ESMF
20210115 053908.476 INFO             PET3 !!!!!!!!!!!!!!!!!!!!!!!!!!!!!!!!!!!!!!!!!!!!!!!!!!!!!!
20210115 053908.476 INFO             PET3 !!! THE ESMF_LOG IS SET TO OUTPUT ALL LOG MESSAGES !!!
20210115 053908.476 INFO             PET3 !!!     THIS MAY CAUSE SLOWDOWN IN PERFORMANCE     !!!
20210115 053908.476 INFO             PET3 !!! FOR PRODUCTION RUNS, USE:                      !!!
20210115 053908.476 INFO             PET3 !!!                   ESMF_LOGKIND_Multi_On_Error  !!!
20210115 053908.476 INFO             PET3 !!!!!!!!!!!!!!!!!!!!!!!!!!!!!!!!!!!!!!!!!!!!!!!!!!!!!!
20210115 053908.476 INFO             PET3 Running with ESMF Version   : ESMF_8_1_0_beta_snapshot_41-14-g011b8a0905
20210115 053908.476 INFO             PET3 ESMF library build date/time: "Jan 15 2021" "04:43:20"
20210115 053908.476 INFO             PET3 ESMF library build location : /home1/07356/tg866552/himanshu/esmf
20210115 053908.476 INFO             PET3 ESMF_COMM                   : intelmpi
20210115 053908.481 INFO             PET3 ESMF_NETCDF                 : enabled
20210115 053908.481 INFO             PET3 ESMF_PNETCDF                : disabled
20210115 053908.481 INFO             PET3 ESMF_PIO                    : enabled
20210115 053908.481 INFO             PET3 ESMF_YAMLCPP                : enabled
20210115 053908.481 INFO             PET3 ESMF_MOAB                   : enabled
20210115 053909.201 INFO             PET3  NUMBER_OF_PROCESSORS           4
20210115 053909.202 INFO             PET3  PASS  Example ESMF_XGridEx, ESMF_XGridEx.F90, line 525
20210115 053909.202 INFO             PET3 Finalizing ESMF
Fri Jan 15 07:12:23 CST 2021
