20201226 015138.708 INFO             PET0 !!!!!!!!!!!!!!!!!!!!!!!!!!!!!!!!!!!!!!!!!!!!!!!!!!!!!!
20201226 015138.708 INFO             PET0 !!! THE ESMF_LOG IS SET TO OUTPUT ALL LOG MESSAGES !!!
20201226 015138.708 INFO             PET0 !!!     THIS MAY CAUSE SLOWDOWN IN PERFORMANCE     !!!
20201226 015138.708 INFO             PET0 !!! FOR PRODUCTION RUNS, USE:                      !!!
20201226 015138.708 INFO             PET0 !!!                   ESMF_LOGKIND_Multi_On_Error  !!!
20201226 015138.708 INFO             PET0 !!!!!!!!!!!!!!!!!!!!!!!!!!!!!!!!!!!!!!!!!!!!!!!!!!!!!!
20201226 015138.708 INFO             PET0 Running with ESMF Version   : ESMF_8_1_0_beta_snapshot_40-4-ga072c96c19
20201226 015138.709 INFO             PET0 ESMF library build date/time: "Dec 26 2020" "01:01:02"
20201226 015138.709 INFO             PET0 ESMF library build location : /home1/07356/tg866552/himanshu/esmf
20201226 015138.709 INFO             PET0 ESMF_COMM                   : intelmpi
20201226 015138.713 INFO             PET0 ESMF_NETCDF                 : enabled
20201226 015138.713 INFO             PET0 ESMF_PNETCDF                : disabled
20201226 015138.713 INFO             PET0 ESMF_PIO                    : enabled
20201226 015138.713 INFO             PET0 ESMF_YAMLCPP                : enabled
20201226 015138.713 INFO             PET0 ESMF_MOAB                   : enabled
20201226 015138.714 INFO             PET0  NUMBER_OF_PROCESSORS           2
20201226 015138.714 INFO             PET0  PASS  Example ESMF_VMUserMpiCommEx, ESMF_VMUserMpiCommEx.F90, line 113
20201226 015138.714 INFO             PET0 Finalizing ESMF
20201226 015138.706 INFO             PET1 !!!!!!!!!!!!!!!!!!!!!!!!!!!!!!!!!!!!!!!!!!!!!!!!!!!!!!
20201226 015138.707 INFO             PET1 !!! THE ESMF_LOG IS SET TO OUTPUT ALL LOG MESSAGES !!!
20201226 015138.707 INFO             PET1 !!!     THIS MAY CAUSE SLOWDOWN IN PERFORMANCE     !!!
20201226 015138.707 INFO             PET1 !!! FOR PRODUCTION RUNS, USE:                      !!!
20201226 015138.707 INFO             PET1 !!!                   ESMF_LOGKIND_Multi_On_Error  !!!
20201226 015138.707 INFO             PET1 !!!!!!!!!!!!!!!!!!!!!!!!!!!!!!!!!!!!!!!!!!!!!!!!!!!!!!
20201226 015138.707 INFO             PET1 Running with ESMF Version   : ESMF_8_1_0_beta_snapshot_40-4-ga072c96c19
20201226 015138.707 INFO             PET1 ESMF library build date/time: "Dec 26 2020" "01:01:02"
20201226 015138.707 INFO             PET1 ESMF library build location : /home1/07356/tg866552/himanshu/esmf
20201226 015138.707 INFO             PET1 ESMF_COMM                   : intelmpi
20201226 015138.712 INFO             PET1 ESMF_NETCDF                 : enabled
20201226 015138.712 INFO             PET1 ESMF_PNETCDF                : disabled
20201226 015138.712 INFO             PET1 ESMF_PIO                    : enabled
20201226 015138.712 INFO             PET1 ESMF_YAMLCPP                : enabled
20201226 015138.712 INFO             PET1 ESMF_MOAB                   : enabled
20201226 015138.714 INFO             PET1  NUMBER_OF_PROCESSORS           2
20201226 015138.714 INFO             PET1  PASS  Example ESMF_VMUserMpiCommEx, ESMF_VMUserMpiCommEx.F90, line 113
20201226 015138.714 INFO             PET1 Finalizing ESMF
Sat Dec 26 03:32:15 CST 2020
