20210124 155529.754 INFO             PET0 !!!!!!!!!!!!!!!!!!!!!!!!!!!!!!!!!!!!!!!!!!!!!!!!!!!!!!
20210124 155529.754 INFO             PET0 !!! THE ESMF_LOG IS SET TO OUTPUT ALL LOG MESSAGES !!!
20210124 155529.754 INFO             PET0 !!!     THIS MAY CAUSE SLOWDOWN IN PERFORMANCE     !!!
20210124 155529.754 INFO             PET0 !!! FOR PRODUCTION RUNS, USE:                      !!!
20210124 155529.754 INFO             PET0 !!!                   ESMF_LOGKIND_Multi_On_Error  !!!
20210124 155529.754 INFO             PET0 !!!!!!!!!!!!!!!!!!!!!!!!!!!!!!!!!!!!!!!!!!!!!!!!!!!!!!
20210124 155529.754 INFO             PET0 Running with ESMF Version   : ESMF_8_1_0_beta_snapshot_42-7-g9d66bb580c
20210124 155529.754 INFO             PET0 ESMF library build date/time: "Jan 24 2021" "14:52:17"
20210124 155529.754 INFO             PET0 ESMF library build location : /home1/07356/tg866552/himanshu/esmf
20210124 155529.754 INFO             PET0 ESMF_COMM                   : intelmpi
20210124 155529.759 INFO             PET0 ESMF_NETCDF                 : enabled
20210124 155529.759 INFO             PET0 ESMF_PNETCDF                : disabled
20210124 155529.759 INFO             PET0 ESMF_PIO                    : enabled
20210124 155529.759 INFO             PET0 ESMF_YAMLCPP                : enabled
20210124 155529.759 INFO             PET0 ESMF_MOAB                   : enabled
20210124 155529.843 INFO             PET0  NUMBER_OF_PROCESSORS           4
20210124 155529.843 INFO             PET0  PASS  Example ESMF_RHandleReusabilityEx, ESMF_RHandleReusabilityEx.F90, line 582
20210124 155529.844 INFO             PET0 Finalizing ESMF
20210124 155529.752 INFO             PET1 !!!!!!!!!!!!!!!!!!!!!!!!!!!!!!!!!!!!!!!!!!!!!!!!!!!!!!
20210124 155529.752 INFO             PET1 !!! THE ESMF_LOG IS SET TO OUTPUT ALL LOG MESSAGES !!!
20210124 155529.752 INFO             PET1 !!!     THIS MAY CAUSE SLOWDOWN IN PERFORMANCE     !!!
20210124 155529.752 INFO             PET1 !!! FOR PRODUCTION RUNS, USE:                      !!!
20210124 155529.752 INFO             PET1 !!!                   ESMF_LOGKIND_Multi_On_Error  !!!
20210124 155529.752 INFO             PET1 !!!!!!!!!!!!!!!!!!!!!!!!!!!!!!!!!!!!!!!!!!!!!!!!!!!!!!
20210124 155529.752 INFO             PET1 Running with ESMF Version   : ESMF_8_1_0_beta_snapshot_42-7-g9d66bb580c
20210124 155529.753 INFO             PET1 ESMF library build date/time: "Jan 24 2021" "14:52:17"
20210124 155529.753 INFO             PET1 ESMF library build location : /home1/07356/tg866552/himanshu/esmf
20210124 155529.753 INFO             PET1 ESMF_COMM                   : intelmpi
20210124 155529.757 INFO             PET1 ESMF_NETCDF                 : enabled
20210124 155529.757 INFO             PET1 ESMF_PNETCDF                : disabled
20210124 155529.757 INFO             PET1 ESMF_PIO                    : enabled
20210124 155529.757 INFO             PET1 ESMF_YAMLCPP                : enabled
20210124 155529.757 INFO             PET1 ESMF_MOAB                   : enabled
20210124 155529.843 INFO             PET1  NUMBER_OF_PROCESSORS           4
20210124 155529.843 INFO             PET1  PASS  Example ESMF_RHandleReusabilityEx, ESMF_RHandleReusabilityEx.F90, line 582
20210124 155529.844 INFO             PET1 Finalizing ESMF
20210124 155529.745 INFO             PET2 !!!!!!!!!!!!!!!!!!!!!!!!!!!!!!!!!!!!!!!!!!!!!!!!!!!!!!
20210124 155529.745 INFO             PET2 !!! THE ESMF_LOG IS SET TO OUTPUT ALL LOG MESSAGES !!!
20210124 155529.745 INFO             PET2 !!!     THIS MAY CAUSE SLOWDOWN IN PERFORMANCE     !!!
20210124 155529.745 INFO             PET2 !!! FOR PRODUCTION RUNS, USE:                      !!!
20210124 155529.745 INFO             PET2 !!!                   ESMF_LOGKIND_Multi_On_Error  !!!
20210124 155529.745 INFO             PET2 !!!!!!!!!!!!!!!!!!!!!!!!!!!!!!!!!!!!!!!!!!!!!!!!!!!!!!
20210124 155529.745 INFO             PET2 Running with ESMF Version   : ESMF_8_1_0_beta_snapshot_42-7-g9d66bb580c
20210124 155529.745 INFO             PET2 ESMF library build date/time: "Jan 24 2021" "14:52:17"
20210124 155529.745 INFO             PET2 ESMF library build location : /home1/07356/tg866552/himanshu/esmf
20210124 155529.745 INFO             PET2 ESMF_COMM                   : intelmpi
20210124 155529.750 INFO             PET2 ESMF_NETCDF                 : enabled
20210124 155529.750 INFO             PET2 ESMF_PNETCDF                : disabled
20210124 155529.750 INFO             PET2 ESMF_PIO                    : enabled
20210124 155529.750 INFO             PET2 ESMF_YAMLCPP                : enabled
20210124 155529.750 INFO             PET2 ESMF_MOAB                   : enabled
20210124 155529.843 INFO             PET2  NUMBER_OF_PROCESSORS           4
20210124 155529.843 INFO             PET2  PASS  Example ESMF_RHandleReusabilityEx, ESMF_RHandleReusabilityEx.F90, line 582
20210124 155529.844 INFO             PET2 Finalizing ESMF
20210124 155529.749 INFO             PET3 !!!!!!!!!!!!!!!!!!!!!!!!!!!!!!!!!!!!!!!!!!!!!!!!!!!!!!
20210124 155529.750 INFO             PET3 !!! THE ESMF_LOG IS SET TO OUTPUT ALL LOG MESSAGES !!!
20210124 155529.750 INFO             PET3 !!!     THIS MAY CAUSE SLOWDOWN IN PERFORMANCE     !!!
20210124 155529.750 INFO             PET3 !!! FOR PRODUCTION RUNS, USE:                      !!!
20210124 155529.750 INFO             PET3 !!!                   ESMF_LOGKIND_Multi_On_Error  !!!
20210124 155529.750 INFO             PET3 !!!!!!!!!!!!!!!!!!!!!!!!!!!!!!!!!!!!!!!!!!!!!!!!!!!!!!
20210124 155529.750 INFO             PET3 Running with ESMF Version   : ESMF_8_1_0_beta_snapshot_42-7-g9d66bb580c
20210124 155529.750 INFO             PET3 ESMF library build date/time: "Jan 24 2021" "14:52:17"
20210124 155529.750 INFO             PET3 ESMF library build location : /home1/07356/tg866552/himanshu/esmf
20210124 155529.750 INFO             PET3 ESMF_COMM                   : intelmpi
20210124 155529.754 INFO             PET3 ESMF_NETCDF                 : enabled
20210124 155529.755 INFO             PET3 ESMF_PNETCDF                : disabled
20210124 155529.755 INFO             PET3 ESMF_PIO                    : enabled
20210124 155529.755 INFO             PET3 ESMF_YAMLCPP                : enabled
20210124 155529.755 INFO             PET3 ESMF_MOAB                   : enabled
20210124 155529.843 INFO             PET3  NUMBER_OF_PROCESSORS           4
20210124 155529.843 INFO             PET3  PASS  Example ESMF_RHandleReusabilityEx, ESMF_RHandleReusabilityEx.F90, line 582
20210124 155529.844 INFO             PET3 Finalizing ESMF
Sun Jan 24 17:35:16 CST 2021
