20210105 211633.594 INFO             PET0 !!!!!!!!!!!!!!!!!!!!!!!!!!!!!!!!!!!!!!!!!!!!!!!!!!!!!!
20210105 211633.594 INFO             PET0 !!! THE ESMF_LOG IS SET TO OUTPUT ALL LOG MESSAGES !!!
20210105 211633.594 INFO             PET0 !!!     THIS MAY CAUSE SLOWDOWN IN PERFORMANCE     !!!
20210105 211633.594 INFO             PET0 !!! FOR PRODUCTION RUNS, USE:                      !!!
20210105 211633.594 INFO             PET0 !!!                   ESMF_LOGKIND_Multi_On_Error  !!!
20210105 211633.594 INFO             PET0 !!!!!!!!!!!!!!!!!!!!!!!!!!!!!!!!!!!!!!!!!!!!!!!!!!!!!!
20210105 211633.594 INFO             PET0 Running with ESMF Version   : ESMF_8_1_0_beta_snapshot_40-9-g318fef55d6
20210105 211633.594 INFO             PET0 ESMF library build date/time: "Jan  5 2021" "20:23:54"
20210105 211633.594 INFO             PET0 ESMF library build location : /home1/07356/tg866552/himanshu/esmf
20210105 211633.594 INFO             PET0 ESMF_COMM                   : intelmpi
20210105 211633.598 INFO             PET0 ESMF_NETCDF                 : enabled
20210105 211633.598 INFO             PET0 ESMF_PNETCDF                : disabled
20210105 211633.598 INFO             PET0 ESMF_PIO                    : enabled
20210105 211633.598 INFO             PET0 ESMF_YAMLCPP                : enabled
20210105 211633.598 INFO             PET0 ESMF_MOAB                   : enabled
20210105 211633.605 INFO             PET0  NUMBER_OF_PROCESSORS           4
20210105 211633.605 INFO             PET0  PASS  Example ESMF_ConfigOverviewEx, ESMF_ConfigOverviewEx.F90, line 415
20210105 211633.605 INFO             PET0 Finalizing ESMF
20210105 211633.590 INFO             PET1 !!!!!!!!!!!!!!!!!!!!!!!!!!!!!!!!!!!!!!!!!!!!!!!!!!!!!!
20210105 211633.591 INFO             PET1 !!! THE ESMF_LOG IS SET TO OUTPUT ALL LOG MESSAGES !!!
20210105 211633.591 INFO             PET1 !!!     THIS MAY CAUSE SLOWDOWN IN PERFORMANCE     !!!
20210105 211633.591 INFO             PET1 !!! FOR PRODUCTION RUNS, USE:                      !!!
20210105 211633.591 INFO             PET1 !!!                   ESMF_LOGKIND_Multi_On_Error  !!!
20210105 211633.591 INFO             PET1 !!!!!!!!!!!!!!!!!!!!!!!!!!!!!!!!!!!!!!!!!!!!!!!!!!!!!!
20210105 211633.591 INFO             PET1 Running with ESMF Version   : ESMF_8_1_0_beta_snapshot_40-9-g318fef55d6
20210105 211633.591 INFO             PET1 ESMF library build date/time: "Jan  5 2021" "20:23:54"
20210105 211633.591 INFO             PET1 ESMF library build location : /home1/07356/tg866552/himanshu/esmf
20210105 211633.591 INFO             PET1 ESMF_COMM                   : intelmpi
20210105 211633.596 INFO             PET1 ESMF_NETCDF                 : enabled
20210105 211633.596 INFO             PET1 ESMF_PNETCDF                : disabled
20210105 211633.596 INFO             PET1 ESMF_PIO                    : enabled
20210105 211633.596 INFO             PET1 ESMF_YAMLCPP                : enabled
20210105 211633.596 INFO             PET1 ESMF_MOAB                   : enabled
20210105 211633.605 INFO             PET1  NUMBER_OF_PROCESSORS           4
20210105 211633.606 INFO             PET1  PASS  Example ESMF_ConfigOverviewEx, ESMF_ConfigOverviewEx.F90, line 415
20210105 211633.606 INFO             PET1 Finalizing ESMF
20210105 211633.595 INFO             PET2 !!!!!!!!!!!!!!!!!!!!!!!!!!!!!!!!!!!!!!!!!!!!!!!!!!!!!!
20210105 211633.595 INFO             PET2 !!! THE ESMF_LOG IS SET TO OUTPUT ALL LOG MESSAGES !!!
20210105 211633.595 INFO             PET2 !!!     THIS MAY CAUSE SLOWDOWN IN PERFORMANCE     !!!
20210105 211633.595 INFO             PET2 !!! FOR PRODUCTION RUNS, USE:                      !!!
20210105 211633.595 INFO             PET2 !!!                   ESMF_LOGKIND_Multi_On_Error  !!!
20210105 211633.595 INFO             PET2 !!!!!!!!!!!!!!!!!!!!!!!!!!!!!!!!!!!!!!!!!!!!!!!!!!!!!!
20210105 211633.595 INFO             PET2 Running with ESMF Version   : ESMF_8_1_0_beta_snapshot_40-9-g318fef55d6
20210105 211633.595 INFO             PET2 ESMF library build date/time: "Jan  5 2021" "20:23:54"
20210105 211633.595 INFO             PET2 ESMF library build location : /home1/07356/tg866552/himanshu/esmf
20210105 211633.595 INFO             PET2 ESMF_COMM                   : intelmpi
20210105 211633.599 INFO             PET2 ESMF_NETCDF                 : enabled
20210105 211633.599 INFO             PET2 ESMF_PNETCDF                : disabled
20210105 211633.599 INFO             PET2 ESMF_PIO                    : enabled
20210105 211633.599 INFO             PET2 ESMF_YAMLCPP                : enabled
20210105 211633.599 INFO             PET2 ESMF_MOAB                   : enabled
20210105 211633.605 INFO             PET2  NUMBER_OF_PROCESSORS           4
20210105 211633.605 INFO             PET2  PASS  Example ESMF_ConfigOverviewEx, ESMF_ConfigOverviewEx.F90, line 415
20210105 211633.605 INFO             PET2 Finalizing ESMF
20210105 211633.591 INFO             PET3 !!!!!!!!!!!!!!!!!!!!!!!!!!!!!!!!!!!!!!!!!!!!!!!!!!!!!!
20210105 211633.591 INFO             PET3 !!! THE ESMF_LOG IS SET TO OUTPUT ALL LOG MESSAGES !!!
20210105 211633.591 INFO             PET3 !!!     THIS MAY CAUSE SLOWDOWN IN PERFORMANCE     !!!
20210105 211633.591 INFO             PET3 !!! FOR PRODUCTION RUNS, USE:                      !!!
20210105 211633.591 INFO             PET3 !!!                   ESMF_LOGKIND_Multi_On_Error  !!!
20210105 211633.591 INFO             PET3 !!!!!!!!!!!!!!!!!!!!!!!!!!!!!!!!!!!!!!!!!!!!!!!!!!!!!!
20210105 211633.591 INFO             PET3 Running with ESMF Version   : ESMF_8_1_0_beta_snapshot_40-9-g318fef55d6
20210105 211633.591 INFO             PET3 ESMF library build date/time: "Jan  5 2021" "20:23:54"
20210105 211633.591 INFO             PET3 ESMF library build location : /home1/07356/tg866552/himanshu/esmf
20210105 211633.591 INFO             PET3 ESMF_COMM                   : intelmpi
20210105 211633.596 INFO             PET3 ESMF_NETCDF                 : enabled
20210105 211633.596 INFO             PET3 ESMF_PNETCDF                : disabled
20210105 211633.596 INFO             PET3 ESMF_PIO                    : enabled
20210105 211633.596 INFO             PET3 ESMF_YAMLCPP                : enabled
20210105 211633.596 INFO             PET3 ESMF_MOAB                   : enabled
20210105 211633.605 INFO             PET3  NUMBER_OF_PROCESSORS           4
20210105 211633.605 INFO             PET3  PASS  Example ESMF_ConfigOverviewEx, ESMF_ConfigOverviewEx.F90, line 415
20210105 211633.605 INFO             PET3 Finalizing ESMF
Tue Jan  5 22:54:07 CST 2021
