 
Installing ESMF:
 
mkdir -p /scratch1/NCEPDEV/da/Mark.Potts/sandbox/gfortran_9.2.0_openmpi_O/DEFAULTINSTALLDIR/include
cp -f /scratch1/NCEPDEV/da/Mark.Potts/sandbox/gfortran_9.2.0_openmpi_O/src/include/ESMC.h /scratch1/NCEPDEV/da/Mark.Potts/sandbox/gfortran_9.2.0_openmpi_O/DEFAULTINSTALLDIR/include
cp -f /scratch1/NCEPDEV/da/Mark.Potts/sandbox/gfortran_9.2.0_openmpi_O/src/include/ESMC_*.h /scratch1/NCEPDEV/da/Mark.Potts/sandbox/gfortran_9.2.0_openmpi_O/DEFAULTINSTALLDIR/include
cp -f /scratch1/NCEPDEV/da/Mark.Potts/sandbox/gfortran_9.2.0_openmpi_O/build_config/Linux.gfortran.default/ESMC_Conf.h /scratch1/NCEPDEV/da/Mark.Potts/sandbox/gfortran_9.2.0_openmpi_O/DEFAULTINSTALLDIR/include
mkdir -p /scratch1/NCEPDEV/da/Mark.Potts/sandbox/gfortran_9.2.0_openmpi_O/DEFAULTINSTALLDIR/mod/modO/Linux.gfortran.64.openmpi.default
cp -f /scratch1/NCEPDEV/da/Mark.Potts/sandbox/gfortran_9.2.0_openmpi_O/mod/modO/Linux.gfortran.64.openmpi.default/*.mod /scratch1/NCEPDEV/da/Mark.Potts/sandbox/gfortran_9.2.0_openmpi_O/DEFAULTINSTALLDIR/mod/modO/Linux.gfortran.64.openmpi.default
mkdir -p /scratch1/NCEPDEV/da/Mark.Potts/sandbox/gfortran_9.2.0_openmpi_O/DEFAULTINSTALLDIR/lib/libO/Linux.gfortran.64.openmpi.default
cp -f /scratch1/NCEPDEV/da/Mark.Potts/sandbox/gfortran_9.2.0_openmpi_O/lib/libO/Linux.gfortran.64.openmpi.default/libesmf*.* /scratch1/NCEPDEV/da/Mark.Potts/sandbox/gfortran_9.2.0_openmpi_O/DEFAULTINSTALLDIR/lib/libO/Linux.gfortran.64.openmpi.default
make ESMF_PRELOADDIR=/scratch1/NCEPDEV/da/Mark.Potts/sandbox/gfortran_9.2.0_openmpi_O/DEFAULTINSTALLDIR/lib/libO/Linux.gfortran.64.openmpi.default build_preload_script
make[1]: Entering directory `/scratch1/NCEPDEV/da/Mark.Potts/sandbox/gfortran_9.2.0_openmpi_O'
chmod 755 /scratch1/NCEPDEV/da/Mark.Potts/sandbox/gfortran_9.2.0_openmpi_O/DEFAULTINSTALLDIR/lib/libO/Linux.gfortran.64.openmpi.default/preload.sh
make[1]: Leaving directory `/scratch1/NCEPDEV/da/Mark.Potts/sandbox/gfortran_9.2.0_openmpi_O'
ranlib /scratch1/NCEPDEV/da/Mark.Potts/sandbox/gfortran_9.2.0_openmpi_O/DEFAULTINSTALLDIR/lib/libO/Linux.gfortran.64.openmpi.default/libesmf*.a
make install_apps
make[1]: Entering directory `/scratch1/NCEPDEV/da/Mark.Potts/sandbox/gfortran_9.2.0_openmpi_O'
mkdir -p /scratch1/NCEPDEV/da/Mark.Potts/sandbox/gfortran_9.2.0_openmpi_O/DEFAULTINSTALLDIR/bin/binO/Linux.gfortran.64.openmpi.default
make build_apps ESMF_APPSDIR=/scratch1/NCEPDEV/da/Mark.Potts/sandbox/gfortran_9.2.0_openmpi_O/DEFAULTINSTALLDIR/bin/binO/Linux.gfortran.64.openmpi.default ESMF_LDIR=/scratch1/NCEPDEV/da/Mark.Potts/sandbox/gfortran_9.2.0_openmpi_O/DEFAULTINSTALLDIR/lib/libO/Linux.gfortran.64.openmpi.default ESMF_LIBDIR=/scratch1/NCEPDEV/da/Mark.Potts/sandbox/gfortran_9.2.0_openmpi_O/DEFAULTINSTALLDIR/lib/libO/Linux.gfortran.64.openmpi.default ESMF_MODDIR=/scratch1/NCEPDEV/da/Mark.Potts/sandbox/gfortran_9.2.0_openmpi_O/DEFAULTINSTALLDIR/mod/modO/Linux.gfortran.64.openmpi.default
make[2]: Entering directory `/scratch1/NCEPDEV/da/Mark.Potts/sandbox/gfortran_9.2.0_openmpi_O'
cd /scratch1/NCEPDEV/da/Mark.Potts/sandbox/gfortran_9.2.0_openmpi_O/src/apps; make ACTION=tree_build_apps tree
make[3]: Entering directory `/scratch1/NCEPDEV/da/Mark.Potts/sandbox/gfortran_9.2.0_openmpi_O/src/apps'
tree_build_apps in: /scratch1/NCEPDEV/da/Mark.Potts/sandbox/gfortran_9.2.0_openmpi_O/src/apps/ESMF_PrintInfo
make[4]: Entering directory `/scratch1/NCEPDEV/da/Mark.Potts/sandbox/gfortran_9.2.0_openmpi_O/src/apps/ESMF_PrintInfo'
make chkdir_locobj
make[5]: Entering directory `/scratch1/NCEPDEV/da/Mark.Potts/sandbox/gfortran_9.2.0_openmpi_O/src/apps/ESMF_PrintInfo'
Making directory /scratch1/NCEPDEV/da/Mark.Potts/sandbox/gfortran_9.2.0_openmpi_O/obj/objO/Linux.gfortran.64.openmpi.default/src/apps/ESMF_PrintInfo for apps output
make[5]: Leaving directory `/scratch1/NCEPDEV/da/Mark.Potts/sandbox/gfortran_9.2.0_openmpi_O/src/apps/ESMF_PrintInfo'
mpifort -c -O -fPIC  -m64 -mcmodel=small -pthread -ffree-line-length-none  -fopenmp -I/scratch1/NCEPDEV/da/Mark.Potts/sandbox/gfortran_9.2.0_openmpi_O/src/apps/ESMF_PrintInfo -I/scratch1/NCEPDEV/da/Mark.Potts/sandbox/gfortran_9.2.0_openmpi_O/build_config/Linux.gfortran.default -I/scratch1/NCEPDEV/da/Mark.Potts/sandbox/gfortran_9.2.0_openmpi_O/src/Infrastructure -I/scratch1/NCEPDEV/da/Mark.Potts/sandbox/gfortran_9.2.0_openmpi_O/src/Superstructure -I/scratch1/NCEPDEV/da/Mark.Potts/sandbox/gfortran_9.2.0_openmpi_O/DEFAULTINSTALLDIR/mod/modO/Linux.gfortran.64.openmpi.default -I/scratch1/NCEPDEV/da/Mark.Potts/sandbox/gfortran_9.2.0_openmpi_O/src/include -I/apps/spack/linux-centos7-x86_64/gcc-9.2.0/netcdf-c-4.7.2-btfhbjvmwttboik5vd7ty6afd6h6w56u/include  -DESMF_NO_INTEGER_1_BYTE -DESMF_NO_INTEGER_2_BYTE -DESMFVERSIONGIT='"ESMF_8_1_0_beta_snapshot_47-9-gfc33f2dce8"' -DESMF_MOAB=1 -DESMF_LAPACK=1 -DESMF_LAPACK_INTERNAL=1 -DESMF_NO_ACC_SOFTWARE_STACK=1 -DESMF_NETCDF=1 -DESMF_YAMLCPP=1 -DESMF_YAML=1 -DESMF_PIO=1 -DESMF_MPIIO -DESMF_NO_OPENACC -DESMF_TESTEXHAUSTIVE -DESMF_BOPT_O -DESMF_TESTCOMPTUNNEL -DESMF_TESTWITHTHREADS -DSx86_64_small=1 -DESMF_OS_Linux=1 -DESMF_COMM=openmpi -DESMF_DIR=/scratch1/NCEPDEV/da/Mark.Potts/sandbox/gfortran_9.2.0_openmpi_O ESMF_PrintInfo.F90 -o /scratch1/NCEPDEV/da/Mark.Potts/sandbox/gfortran_9.2.0_openmpi_O/obj/objO/Linux.gfortran.64.openmpi.default/src/apps/ESMF_PrintInfo/ESMF_PrintInfo.o
make chkdir_apps
make[5]: Entering directory `/scratch1/NCEPDEV/da/Mark.Potts/sandbox/gfortran_9.2.0_openmpi_O/src/apps/ESMF_PrintInfo'
make[5]: Leaving directory `/scratch1/NCEPDEV/da/Mark.Potts/sandbox/gfortran_9.2.0_openmpi_O/src/apps/ESMF_PrintInfo'
mpifort     -m64 -mcmodel=small -pthread -Wl,--no-as-needed  -fopenmp -L/scratch1/NCEPDEV/da/Mark.Potts/sandbox/gfortran_9.2.0_openmpi_O/DEFAULTINSTALLDIR/lib/libO/Linux.gfortran.64.openmpi.default -L/apps/spack/linux-centos7-x86_64/gcc-9.2.0/netcdf-c-4.7.2-btfhbjvmwttboik5vd7ty6afd6h6w56u/lib -L/apps/gnu/gcc-9.2.0/lib64/../lib64/ -Wl,-rpath,/scratch1/NCEPDEV/da/Mark.Potts/sandbox/gfortran_9.2.0_openmpi_O/DEFAULTINSTALLDIR/lib/libO/Linux.gfortran.64.openmpi.default -Wl,-rpath,/apps/spack/linux-centos7-x86_64/gcc-9.2.0/netcdf-c-4.7.2-btfhbjvmwttboik5vd7ty6afd6h6w56u/lib -Wl,-rpath,/apps/gnu/gcc-9.2.0/lib64/../lib64/ -o /scratch1/NCEPDEV/da/Mark.Potts/sandbox/gfortran_9.2.0_openmpi_O/DEFAULTINSTALLDIR/bin/binO/Linux.gfortran.64.openmpi.default/ESMF_PrintInfo /scratch1/NCEPDEV/da/Mark.Potts/sandbox/gfortran_9.2.0_openmpi_O/obj/objO/Linux.gfortran.64.openmpi.default/src/apps/ESMF_PrintInfo/ESMF_PrintInfo.o -lesmf  -lmpi_cxx -lrt -lstdc++ -ldl -lnetcdf
/scratch1/NCEPDEV/da/Mark.Potts/sandbox/gfortran_9.2.0_openmpi_O/DEFAULTINSTALLDIR/lib/libO/Linux.gfortran.64.openmpi.default/libesmf.so: undefined reference to `__netcdf_MOD_nf90_get_var_eightbytereal'
/scratch1/NCEPDEV/da/Mark.Potts/sandbox/gfortran_9.2.0_openmpi_O/DEFAULTINSTALLDIR/lib/libO/Linux.gfortran.64.openmpi.default/libesmf.so: undefined reference to `__netcdf_MOD_nf90_copy_att'
/scratch1/NCEPDEV/da/Mark.Potts/sandbox/gfortran_9.2.0_openmpi_O/DEFAULTINSTALLDIR/lib/libO/Linux.gfortran.64.openmpi.default/libesmf.so: undefined reference to `__netcdf_MOD_nf90_get_var_3d_text'
/scratch1/NCEPDEV/da/Mark.Potts/sandbox/gfortran_9.2.0_openmpi_O/DEFAULTINSTALLDIR/lib/libO/Linux.gfortran.64.openmpi.default/libesmf.so: undefined reference to `__netcdf_MOD_nf90_put_var_2d_eightbytereal'
/scratch1/NCEPDEV/da/Mark.Potts/sandbox/gfortran_9.2.0_openmpi_O/DEFAULTINSTALLDIR/lib/libO/Linux.gfortran.64.openmpi.default/libesmf.so: undefined reference to `__netcdf_MOD_nf90_put_var_3d_eightbytereal'
/scratch1/NCEPDEV/da/Mark.Potts/sandbox/gfortran_9.2.0_openmpi_O/DEFAULTINSTALLDIR/lib/libO/Linux.gfortran.64.openmpi.default/libesmf.so: undefined reference to `__netcdf_MOD_nf90_put_att_text'
/scratch1/NCEPDEV/da/Mark.Potts/sandbox/gfortran_9.2.0_openmpi_O/DEFAULTINSTALLDIR/lib/libO/Linux.gfortran.64.openmpi.default/libesmf.so: undefined reference to `__netcdf_MOD_nf90_put_var_4d_fourbytereal'
/scratch1/NCEPDEV/da/Mark.Potts/sandbox/gfortran_9.2.0_openmpi_O/DEFAULTINSTALLDIR/lib/libO/Linux.gfortran.64.openmpi.default/libesmf.so: undefined reference to `__netcdf_MOD_nf90_put_att_fourbyteint'
/scratch1/NCEPDEV/da/Mark.Potts/sandbox/gfortran_9.2.0_openmpi_O/DEFAULTINSTALLDIR/lib/libO/Linux.gfortran.64.openmpi.default/libesmf.so: undefined reference to `__netcdf_MOD_nf90_open'
/scratch1/NCEPDEV/da/Mark.Potts/sandbox/gfortran_9.2.0_openmpi_O/DEFAULTINSTALLDIR/lib/libO/Linux.gfortran.64.openmpi.default/libesmf.so: undefined reference to `__netcdf_MOD_nf90_get_var_3d_fourbytereal'
/scratch1/NCEPDEV/da/Mark.Potts/sandbox/gfortran_9.2.0_openmpi_O/DEFAULTINSTALLDIR/lib/libO/Linux.gfortran.64.openmpi.default/libesmf.so: undefined reference to `__netcdf_MOD_nf90_get_var_2d_eightbyteint'
/scratch1/NCEPDEV/da/Mark.Potts/sandbox/gfortran_9.2.0_openmpi_O/DEFAULTINSTALLDIR/lib/libO/Linux.gfortran.64.openmpi.default/libesmf.so: undefined reference to `__netcdf_MOD_nf90_get_var_fourbytereal'
/scratch1/NCEPDEV/da/Mark.Potts/sandbox/gfortran_9.2.0_openmpi_O/DEFAULTINSTALLDIR/lib/libO/Linux.gfortran.64.openmpi.default/libesmf.so: undefined reference to `__netcdf_MOD_nf90_put_var_eightbytereal'
/scratch1/NCEPDEV/da/Mark.Potts/sandbox/gfortran_9.2.0_openmpi_O/DEFAULTINSTALLDIR/lib/libO/Linux.gfortran.64.openmpi.default/libesmf.so: undefined reference to `__netcdf_MOD_nf90_def_dim'
/scratch1/NCEPDEV/da/Mark.Potts/sandbox/gfortran_9.2.0_openmpi_O/DEFAULTINSTALLDIR/lib/libO/Linux.gfortran.64.openmpi.default/libesmf.so: undefined reference to `__netcdf_MOD_nf90_get_var_1d_fourbytereal'
/scratch1/NCEPDEV/da/Mark.Potts/sandbox/gfortran_9.2.0_openmpi_O/DEFAULTINSTALLDIR/lib/libO/Linux.gfortran.64.openmpi.default/libesmf.so: undefined reference to `__netcdf_MOD_nf90_def_var_manydims'
/scratch1/NCEPDEV/da/Mark.Potts/sandbox/gfortran_9.2.0_openmpi_O/DEFAULTINSTALLDIR/lib/libO/Linux.gfortran.64.openmpi.default/libesmf.so: undefined reference to `__netcdf_MOD_nf90_get_var_1d_fourbyteint'
/scratch1/NCEPDEV/da/Mark.Potts/sandbox/gfortran_9.2.0_openmpi_O/DEFAULTINSTALLDIR/lib/libO/Linux.gfortran.64.openmpi.default/libesmf.so: undefined reference to `__netcdf_MOD_nf90_set_fill'
/scratch1/NCEPDEV/da/Mark.Potts/sandbox/gfortran_9.2.0_openmpi_O/DEFAULTINSTALLDIR/lib/libO/Linux.gfortran.64.openmpi.default/libesmf.so: undefined reference to `__netcdf_MOD_nf90_put_var_4d_eightbytereal'
/scratch1/NCEPDEV/da/Mark.Potts/sandbox/gfortran_9.2.0_openmpi_O/DEFAULTINSTALLDIR/lib/libO/Linux.gfortran.64.openmpi.default/libesmf.so: undefined reference to `__netcdf_MOD_nf90_inquire'
/scratch1/NCEPDEV/da/Mark.Potts/sandbox/gfortran_9.2.0_openmpi_O/DEFAULTINSTALLDIR/lib/libO/Linux.gfortran.64.openmpi.default/libesmf.so: undefined reference to `__netcdf_MOD_nf90_inquire_dimension'
/scratch1/NCEPDEV/da/Mark.Potts/sandbox/gfortran_9.2.0_openmpi_O/DEFAULTINSTALLDIR/lib/libO/Linux.gfortran.64.openmpi.default/libesmf.so: undefined reference to `__netcdf_MOD_nf90_put_var_2d_fourbyteint'
/scratch1/NCEPDEV/da/Mark.Potts/sandbox/gfortran_9.2.0_openmpi_O/DEFAULTINSTALLDIR/lib/libO/Linux.gfortran.64.openmpi.default/libesmf.so: undefined reference to `__netcdf_MOD_nf90_put_att_fourbytereal'
/scratch1/NCEPDEV/da/Mark.Potts/sandbox/gfortran_9.2.0_openmpi_O/DEFAULTINSTALLDIR/lib/libO/Linux.gfortran.64.openmpi.default/libesmf.so: undefined reference to `__netcdf_MOD_nf90_put_var_1d_text'
/scratch1/NCEPDEV/da/Mark.Potts/sandbox/gfortran_9.2.0_openmpi_O/DEFAULTINSTALLDIR/lib/libO/Linux.gfortran.64.openmpi.default/libesmf.so: undefined reference to `__netcdf_MOD_nf90_get_att_fourbytereal'
/scratch1/NCEPDEV/da/Mark.Potts/sandbox/gfortran_9.2.0_openmpi_O/DEFAULTINSTALLDIR/lib/libO/Linux.gfortran.64.openmpi.default/libesmf.so: undefined reference to `__netcdf_MOD_nf90_put_var_3d_text'
/scratch1/NCEPDEV/da/Mark.Potts/sandbox/gfortran_9.2.0_openmpi_O/DEFAULTINSTALLDIR/lib/libO/Linux.gfortran.64.openmpi.default/libesmf.so: undefined reference to `__netcdf_MOD_nf90_inq_attname'
/scratch1/NCEPDEV/da/Mark.Potts/sandbox/gfortran_9.2.0_openmpi_O/DEFAULTINSTALLDIR/lib/libO/Linux.gfortran.64.openmpi.default/libesmf.so: undefined reference to `__netcdf_MOD_nf90_create'
/scratch1/NCEPDEV/da/Mark.Potts/sandbox/gfortran_9.2.0_openmpi_O/DEFAULTINSTALLDIR/lib/libO/Linux.gfortran.64.openmpi.default/libesmf.so: undefined reference to `__netcdf_MOD_nf90_get_var_3d_fourbyteint'
/scratch1/NCEPDEV/da/Mark.Potts/sandbox/gfortran_9.2.0_openmpi_O/DEFAULTINSTALLDIR/lib/libO/Linux.gfortran.64.openmpi.default/libesmf.so: undefined reference to `__netcdf_MOD_nf90_inq_dimid'
/scratch1/NCEPDEV/da/Mark.Potts/sandbox/gfortran_9.2.0_openmpi_O/DEFAULTINSTALLDIR/lib/libO/Linux.gfortran.64.openmpi.default/libesmf.so: undefined reference to `__netcdf_MOD_nf90_put_att_eightbytereal'
/scratch1/NCEPDEV/da/Mark.Potts/sandbox/gfortran_9.2.0_openmpi_O/DEFAULTINSTALLDIR/lib/libO/Linux.gfortran.64.openmpi.default/libesmf.so: undefined reference to `__netcdf_MOD_nf90_get_var_1d_text'
/scratch1/NCEPDEV/da/Mark.Potts/sandbox/gfortran_9.2.0_openmpi_O/DEFAULTINSTALLDIR/lib/libO/Linux.gfortran.64.openmpi.default/libesmf.so: undefined reference to `__netcdf_MOD_nf90_put_var_1d_fourbyteint'
/scratch1/NCEPDEV/da/Mark.Potts/sandbox/gfortran_9.2.0_openmpi_O/DEFAULTINSTALLDIR/lib/libO/Linux.gfortran.64.openmpi.default/libesmf.so: undefined reference to `__netcdf_MOD_nf90_get_att_one_eightbytereal'
/scratch1/NCEPDEV/da/Mark.Potts/sandbox/gfortran_9.2.0_openmpi_O/DEFAULTINSTALLDIR/lib/libO/Linux.gfortran.64.openmpi.default/libesmf.so: undefined reference to `__netcdf_MOD_nf90_put_var_4d_fourbyteint'
/scratch1/NCEPDEV/da/Mark.Potts/sandbox/gfortran_9.2.0_openmpi_O/DEFAULTINSTALLDIR/lib/libO/Linux.gfortran.64.openmpi.default/libesmf.so: undefined reference to `__netcdf_MOD_nf90_inquire_variable'
/scratch1/NCEPDEV/da/Mark.Potts/sandbox/gfortran_9.2.0_openmpi_O/DEFAULTINSTALLDIR/lib/libO/Linux.gfortran.64.openmpi.default/libesmf.so: undefined reference to `__netcdf_MOD_nf90_get_att_text'
/scratch1/NCEPDEV/da/Mark.Potts/sandbox/gfortran_9.2.0_openmpi_O/DEFAULTINSTALLDIR/lib/libO/Linux.gfortran.64.openmpi.default/libesmf.so: undefined reference to `__netcdf_MOD_nf90_put_var_5d_fourbytereal'
/scratch1/NCEPDEV/da/Mark.Potts/sandbox/gfortran_9.2.0_openmpi_O/DEFAULTINSTALLDIR/lib/libO/Linux.gfortran.64.openmpi.default/libesmf.so: undefined reference to `__netcdf_MOD_nf90_put_att_one_fourbytereal'
/scratch1/NCEPDEV/da/Mark.Potts/sandbox/gfortran_9.2.0_openmpi_O/DEFAULTINSTALLDIR/lib/libO/Linux.gfortran.64.openmpi.default/libesmf.so: undefined reference to `__netcdf_MOD_nf90_put_var_1d_fourbytereal'
/scratch1/NCEPDEV/da/Mark.Potts/sandbox/gfortran_9.2.0_openmpi_O/DEFAULTINSTALLDIR/lib/libO/Linux.gfortran.64.openmpi.default/libesmf.so: undefined reference to `__netcdf_MOD_nf90_put_var_4d_eightbyteint'
/scratch1/NCEPDEV/da/Mark.Potts/sandbox/gfortran_9.2.0_openmpi_O/DEFAULTINSTALLDIR/lib/libO/Linux.gfortran.64.openmpi.default/libesmf.so: undefined reference to `__netcdf_MOD_nf90_get_att_fourbyteint'
/scratch1/NCEPDEV/da/Mark.Potts/sandbox/gfortran_9.2.0_openmpi_O/DEFAULTINSTALLDIR/lib/libO/Linux.gfortran.64.openmpi.default/libesmf.so: undefined reference to `__netcdf_MOD_nf90_get_att_eightbytereal'
/scratch1/NCEPDEV/da/Mark.Potts/sandbox/gfortran_9.2.0_openmpi_O/DEFAULTINSTALLDIR/lib/libO/Linux.gfortran.64.openmpi.default/libesmf.so: undefined reference to `__netcdf_MOD_nf90_get_var_2d_fourbyteint'
/scratch1/NCEPDEV/da/Mark.Potts/sandbox/gfortran_9.2.0_openmpi_O/DEFAULTINSTALLDIR/lib/libO/Linux.gfortran.64.openmpi.default/libesmf.so: undefined reference to `__netcdf_MOD_nf90_def_var_scalar'
/scratch1/NCEPDEV/da/Mark.Potts/sandbox/gfortran_9.2.0_openmpi_O/DEFAULTINSTALLDIR/lib/libO/Linux.gfortran.64.openmpi.default/libesmf.so: undefined reference to `__netcdf_MOD_nf90_get_var_4d_eightbyteint'
/scratch1/NCEPDEV/da/Mark.Potts/sandbox/gfortran_9.2.0_openmpi_O/DEFAULTINSTALLDIR/lib/libO/Linux.gfortran.64.openmpi.default/libesmf.so: undefined reference to `__netcdf_MOD_nf90_put_var_5d_text'
/scratch1/NCEPDEV/da/Mark.Potts/sandbox/gfortran_9.2.0_openmpi_O/DEFAULTINSTALLDIR/lib/libO/Linux.gfortran.64.openmpi.default/libesmf.so: undefined reference to `__netcdf_MOD_nf90_put_var_3d_fourbyteint'
/scratch1/NCEPDEV/da/Mark.Potts/sandbox/gfortran_9.2.0_openmpi_O/DEFAULTINSTALLDIR/lib/libO/Linux.gfortran.64.openmpi.default/libesmf.so: undefined reference to `__netcdf_MOD_nf90_put_var_text'
/scratch1/NCEPDEV/da/Mark.Potts/sandbox/gfortran_9.2.0_openmpi_O/DEFAULTINSTALLDIR/lib/libO/Linux.gfortran.64.openmpi.default/libesmf.so: undefined reference to `__netcdf_MOD_nf90_get_var_fourbyteint'
/scratch1/NCEPDEV/da/Mark.Potts/sandbox/gfortran_9.2.0_openmpi_O/DEFAULTINSTALLDIR/lib/libO/Linux.gfortran.64.openmpi.default/libesmf.so: undefined reference to `__netcdf_MOD_nf90_get_var_3d_eightbytereal'
/scratch1/NCEPDEV/da/Mark.Potts/sandbox/gfortran_9.2.0_openmpi_O/DEFAULTINSTALLDIR/lib/libO/Linux.gfortran.64.openmpi.default/libesmf.so: undefined reference to `__netcdf_MOD_nf90_get_var_5d_fourbyteint'
/scratch1/NCEPDEV/da/Mark.Potts/sandbox/gfortran_9.2.0_openmpi_O/DEFAULTINSTALLDIR/lib/libO/Linux.gfortran.64.openmpi.default/libesmf.so: undefined reference to `__netcdf_MOD_nf90_put_var_2d_eightbyteint'
/scratch1/NCEPDEV/da/Mark.Potts/sandbox/gfortran_9.2.0_openmpi_O/DEFAULTINSTALLDIR/lib/libO/Linux.gfortran.64.openmpi.default/libesmf.so: undefined reference to `__netcdf_MOD_nf90_get_var_5d_text'
/scratch1/NCEPDEV/da/Mark.Potts/sandbox/gfortran_9.2.0_openmpi_O/DEFAULTINSTALLDIR/lib/libO/Linux.gfortran.64.openmpi.default/libesmf.so: undefined reference to `__netcdf_MOD_nf90_put_var_1d_eightbyteint'
/scratch1/NCEPDEV/da/Mark.Potts/sandbox/gfortran_9.2.0_openmpi_O/DEFAULTINSTALLDIR/lib/libO/Linux.gfortran.64.openmpi.default/libesmf.so: undefined reference to `__netcdf_MOD_nf90_put_var_fourbytereal'
/scratch1/NCEPDEV/da/Mark.Potts/sandbox/gfortran_9.2.0_openmpi_O/DEFAULTINSTALLDIR/lib/libO/Linux.gfortran.64.openmpi.default/libesmf.so: undefined reference to `__netcdf_MOD_nf90_redef'
/scratch1/NCEPDEV/da/Mark.Potts/sandbox/gfortran_9.2.0_openmpi_O/DEFAULTINSTALLDIR/lib/libO/Linux.gfortran.64.openmpi.default/libesmf.so: undefined reference to `__netcdf_MOD_nf90_get_var_1d_onebyteint'
/scratch1/NCEPDEV/da/Mark.Potts/sandbox/gfortran_9.2.0_openmpi_O/DEFAULTINSTALLDIR/lib/libO/Linux.gfortran.64.openmpi.default/libesmf.so: undefined reference to `__netcdf_MOD_nf90_inq_varid'
/scratch1/NCEPDEV/da/Mark.Potts/sandbox/gfortran_9.2.0_openmpi_O/DEFAULTINSTALLDIR/lib/libO/Linux.gfortran.64.openmpi.default/libesmf.so: undefined reference to `__netcdf_MOD_nf90_put_var_fourbyteint'
/scratch1/NCEPDEV/da/Mark.Potts/sandbox/gfortran_9.2.0_openmpi_O/DEFAULTINSTALLDIR/lib/libO/Linux.gfortran.64.openmpi.default/libesmf.so: undefined reference to `__netcdf_MOD_nf90_put_var_2d_text'
/scratch1/NCEPDEV/da/Mark.Potts/sandbox/gfortran_9.2.0_openmpi_O/DEFAULTINSTALLDIR/lib/libO/Linux.gfortran.64.openmpi.default/libesmf.so: undefined reference to `__netcdf_MOD_nf90_get_var_1d_eightbytereal'
/scratch1/NCEPDEV/da/Mark.Potts/sandbox/gfortran_9.2.0_openmpi_O/DEFAULTINSTALLDIR/lib/libO/Linux.gfortran.64.openmpi.default/libesmf.so: undefined reference to `__netcdf_MOD_nf90_put_att_one_eightbytereal'
/scratch1/NCEPDEV/da/Mark.Potts/sandbox/gfortran_9.2.0_openmpi_O/DEFAULTINSTALLDIR/lib/libO/Linux.gfortran.64.openmpi.default/libesmf.so: undefined reference to `__netcdf_MOD_nf90_put_var_3d_fourbytereal'
/scratch1/NCEPDEV/da/Mark.Potts/sandbox/gfortran_9.2.0_openmpi_O/DEFAULTINSTALLDIR/lib/libO/Linux.gfortran.64.openmpi.default/libesmf.so: undefined reference to `__netcdf_MOD_nf90_put_var_4d_text'
/scratch1/NCEPDEV/da/Mark.Potts/sandbox/gfortran_9.2.0_openmpi_O/DEFAULTINSTALLDIR/lib/libO/Linux.gfortran.64.openmpi.default/libesmf.so: undefined reference to `__netcdf_MOD_nf90_enddef'
/scratch1/NCEPDEV/da/Mark.Potts/sandbox/gfortran_9.2.0_openmpi_O/DEFAULTINSTALLDIR/lib/libO/Linux.gfortran.64.openmpi.default/libesmf.so: undefined reference to `__netcdf_MOD_nf90_get_var_text'
/scratch1/NCEPDEV/da/Mark.Potts/sandbox/gfortran_9.2.0_openmpi_O/DEFAULTINSTALLDIR/lib/libO/Linux.gfortran.64.openmpi.default/libesmf.so: undefined reference to `__netcdf_MOD_nf90_put_att_one_fourbyteint'
/scratch1/NCEPDEV/da/Mark.Potts/sandbox/gfortran_9.2.0_openmpi_O/DEFAULTINSTALLDIR/lib/libO/Linux.gfortran.64.openmpi.default/libesmf.so: undefined reference to `__netcdf_MOD_nf90_get_var_2d_eightbytereal'
/scratch1/NCEPDEV/da/Mark.Potts/sandbox/gfortran_9.2.0_openmpi_O/DEFAULTINSTALLDIR/lib/libO/Linux.gfortran.64.openmpi.default/libesmf.so: undefined reference to `__netcdf_MOD_nf90_get_att_one_fourbyteint'
/scratch1/NCEPDEV/da/Mark.Potts/sandbox/gfortran_9.2.0_openmpi_O/DEFAULTINSTALLDIR/lib/libO/Linux.gfortran.64.openmpi.default/libesmf.so: undefined reference to `__netcdf_MOD_nf90_get_att_one_fourbytereal'
/scratch1/NCEPDEV/da/Mark.Potts/sandbox/gfortran_9.2.0_openmpi_O/DEFAULTINSTALLDIR/lib/libO/Linux.gfortran.64.openmpi.default/libesmf.so: undefined reference to `__netcdf_MOD_nf90_put_var_3d_eightbyteint'
/scratch1/NCEPDEV/da/Mark.Potts/sandbox/gfortran_9.2.0_openmpi_O/DEFAULTINSTALLDIR/lib/libO/Linux.gfortran.64.openmpi.default/libesmf.so: undefined reference to `__netcdf_MOD_nf90_get_var_4d_fourbyteint'
/scratch1/NCEPDEV/da/Mark.Potts/sandbox/gfortran_9.2.0_openmpi_O/DEFAULTINSTALLDIR/lib/libO/Linux.gfortran.64.openmpi.default/libesmf.so: undefined reference to `__netcdf_MOD_nf90_get_var_5d_eightbytereal'
/scratch1/NCEPDEV/da/Mark.Potts/sandbox/gfortran_9.2.0_openmpi_O/DEFAULTINSTALLDIR/lib/libO/Linux.gfortran.64.openmpi.default/libesmf.so: undefined reference to `__netcdf_MOD_nf90_put_var_1d_eightbytereal'
/scratch1/NCEPDEV/da/Mark.Potts/sandbox/gfortran_9.2.0_openmpi_O/DEFAULTINSTALLDIR/lib/libO/Linux.gfortran.64.openmpi.default/libesmf.so: undefined reference to `__netcdf_MOD_nf90_get_var_5d_fourbytereal'
/scratch1/NCEPDEV/da/Mark.Potts/sandbox/gfortran_9.2.0_openmpi_O/DEFAULTINSTALLDIR/lib/libO/Linux.gfortran.64.openmpi.default/libesmf.so: undefined reference to `nf_put_vars_text_'
/scratch1/NCEPDEV/da/Mark.Potts/sandbox/gfortran_9.2.0_openmpi_O/DEFAULTINSTALLDIR/lib/libO/Linux.gfortran.64.openmpi.default/libesmf.so: undefined reference to `__netcdf_MOD_nf90_get_var_3d_eightbyteint'
/scratch1/NCEPDEV/da/Mark.Potts/sandbox/gfortran_9.2.0_openmpi_O/DEFAULTINSTALLDIR/lib/libO/Linux.gfortran.64.openmpi.default/libesmf.so: undefined reference to `__netcdf_MOD_nf90_sync'
/scratch1/NCEPDEV/da/Mark.Potts/sandbox/gfortran_9.2.0_openmpi_O/DEFAULTINSTALLDIR/lib/libO/Linux.gfortran.64.openmpi.default/libesmf.so: undefined reference to `__netcdf_MOD_nf90_get_var_2d_fourbytereal'
/scratch1/NCEPDEV/da/Mark.Potts/sandbox/gfortran_9.2.0_openmpi_O/DEFAULTINSTALLDIR/lib/libO/Linux.gfortran.64.openmpi.default/libesmf.so: undefined reference to `__netcdf_MOD_nf90_get_var_1d_eightbyteint'
/scratch1/NCEPDEV/da/Mark.Potts/sandbox/gfortran_9.2.0_openmpi_O/DEFAULTINSTALLDIR/lib/libO/Linux.gfortran.64.openmpi.default/libesmf.so: undefined reference to `__netcdf_MOD_nf90_get_var_4d_fourbytereal'
/scratch1/NCEPDEV/da/Mark.Potts/sandbox/gfortran_9.2.0_openmpi_O/DEFAULTINSTALLDIR/lib/libO/Linux.gfortran.64.openmpi.default/libesmf.so: undefined reference to `__netcdf_MOD_nf90_get_var_4d_eightbytereal'
/scratch1/NCEPDEV/da/Mark.Potts/sandbox/gfortran_9.2.0_openmpi_O/DEFAULTINSTALLDIR/lib/libO/Linux.gfortran.64.openmpi.default/libesmf.so: undefined reference to `__netcdf_MOD_nf90_get_var_2d_text'
/scratch1/NCEPDEV/da/Mark.Potts/sandbox/gfortran_9.2.0_openmpi_O/DEFAULTINSTALLDIR/lib/libO/Linux.gfortran.64.openmpi.default/libesmf.so: undefined reference to `__netcdf_MOD_nf90_get_var_4d_text'
/scratch1/NCEPDEV/da/Mark.Potts/sandbox/gfortran_9.2.0_openmpi_O/DEFAULTINSTALLDIR/lib/libO/Linux.gfortran.64.openmpi.default/libesmf.so: undefined reference to `__netcdf_MOD_nf90_put_var_5d_eightbytereal'
/scratch1/NCEPDEV/da/Mark.Potts/sandbox/gfortran_9.2.0_openmpi_O/DEFAULTINSTALLDIR/lib/libO/Linux.gfortran.64.openmpi.default/libesmf.so: undefined reference to `__netcdf_MOD_nf90_strerror'
/scratch1/NCEPDEV/da/Mark.Potts/sandbox/gfortran_9.2.0_openmpi_O/DEFAULTINSTALLDIR/lib/libO/Linux.gfortran.64.openmpi.default/libesmf.so: undefined reference to `__netcdf_MOD_nf90_put_var_5d_fourbyteint'
/scratch1/NCEPDEV/da/Mark.Potts/sandbox/gfortran_9.2.0_openmpi_O/DEFAULTINSTALLDIR/lib/libO/Linux.gfortran.64.openmpi.default/libesmf.so: undefined reference to `__netcdf_MOD_nf90_put_var_2d_fourbytereal'
/scratch1/NCEPDEV/da/Mark.Potts/sandbox/gfortran_9.2.0_openmpi_O/DEFAULTINSTALLDIR/lib/libO/Linux.gfortran.64.openmpi.default/libesmf.so: undefined reference to `__netcdf_MOD_nf90_inquire_attribute'
/scratch1/NCEPDEV/da/Mark.Potts/sandbox/gfortran_9.2.0_openmpi_O/DEFAULTINSTALLDIR/lib/libO/Linux.gfortran.64.openmpi.default/libesmf.so: undefined reference to `__netcdf_MOD_nf90_close'
collect2: error: ld returned 1 exit status
make[4]: *** [/scratch1/NCEPDEV/da/Mark.Potts/sandbox/gfortran_9.2.0_openmpi_O/DEFAULTINSTALLDIR/bin/binO/Linux.gfortran.64.openmpi.default/ESMF_PrintInfo] Error 1
make[4]: Leaving directory `/scratch1/NCEPDEV/da/Mark.Potts/sandbox/gfortran_9.2.0_openmpi_O/src/apps/ESMF_PrintInfo'
make[3]: *** [tree] Error 1
make[3]: Leaving directory `/scratch1/NCEPDEV/da/Mark.Potts/sandbox/gfortran_9.2.0_openmpi_O/src/apps'
make[2]: *** [build_apps] Error 2
make[2]: Leaving directory `/scratch1/NCEPDEV/da/Mark.Potts/sandbox/gfortran_9.2.0_openmpi_O'
make[1]: *** [install_apps] Error 2
make[1]: Leaving directory `/scratch1/NCEPDEV/da/Mark.Potts/sandbox/gfortran_9.2.0_openmpi_O'
make: *** [install] Error 2
