Hi there from socketServerInit()
Hi there from socketServerInit()
socketServerInit waited: 2
Hi there from socketClientInit() with timeout 10
socketClientInit connect(), not yet established... continue: Operation now in progress
socketServerInit waited: 2.00078
socketServerInit: CONNECTED!
Hi there from socketSend()
socketClientInit: getsockopt() at 0.000118017 SO_ERROR: Undefined error: 0
socketClientInit waited: 0.000118017
socketClientInit: CONNECTED!
Hi there from socketRecv()
socketSend: buffer size=41, bytes sent=41
Hi there from socketRecv()
socketRecv: buffer size=160, bytes recvd=41
Hi there from socketSend()
socketSend: buffer size=9, bytes sent=9
Hi there from socketRecv()
socketRecv: buffer size=160, bytes recvd=9
Hi there from socketSend()
socketSend: buffer size=43, bytes sent=43
socketRecv: buffer size=160, bytes recvd=43
Hi there from socketRecv()
calling CompTunnel::execute() for name: InitializeIC01P
in CompTunnel::execute() ... call CompTunnel::dual2actual() with method 7
calling CompTunnel::execute() for name: InitializeIC01P
in CompTunnel::execute() ... call CompTunnel::dual2actual() with method 7
calling CompTunnel::execute() for name: InitializeIC01P
in CompTunnel::execute() ... call CompTunnel::dual2actual() with method 7
Hi there from socketSend()
socketSend: buffer size=4, bytes sent=4
Hi there from socketSend()
calling CompTunnel::execute() for name: InitializeIC01P
in CompTunnel::execute() ... call CompTunnel::wait, cargo=0x7fd407401790
in CompTunnel::execute() ... call CompTunnel::wait really calling
calling CompTunnel::wait() for name: InitializeIC01P
in CompTunnel::wait() ... 
calling CompTunnel::execute() for name: InitializeIC01P
in CompTunnel::execute() ... call CompTunnel::wait, cargo=0x7f8419c000d0
in CompTunnel::execute() ... call CompTunnel::wait really calling
calling CompTunnel::wait() for name: InitializeIC01P
in CompTunnel::wait() ... 
calling CompTunnel::execute() for name: InitializeIC01P
in CompTunnel::execute() ... call CompTunnel::wait, cargo=0x7fc17a700380
in CompTunnel::execute() ... call CompTunnel::wait really calling
calling CompTunnel::wait() for name: InitializeIC01P
in CompTunnel::wait() ... 
socketRecv: buffer size=4, bytes recvd=4
Hi there from socketRecv()
socketRecv: buffer size=4, bytes recvd=4
socketSend: buffer size=4, bytes sent=4
Hi there from socketRecv()
Hi there from socketSend()
socketSend: buffer size=8, bytes sent=8
Hi there from socketRecv()
socketRecv: buffer size=8, bytes recvd=8
in CompTunnel::wait() ... received RC=0, userRC=0
calling CompTunnel::execute() for name: RunIC01P
in CompTunnel::execute() ... call CompTunnel::dual2actual() with method 8
in CompTunnel::wait() ... received RC=0, userRC=0
calling CompTunnel::execute() for name: RunIC01P
in CompTunnel::execute() ... call CompTunnel::dual2actual() with method 8
in CompTunnel::wait() ... received RC=0, userRC=0
calling CompTunnel::execute() for name: RunIC01P
in CompTunnel::execute() ... call CompTunnel::dual2actual() with method 8
Hi there from socketSend()
socketSend: buffer size=4, bytes sent=4
socketRecv: buffer size=4, bytes recvd=4
Hi there from socketSend()
socketSend: buffer size=4, bytes sent=4
calling CompTunnel::execute() for name: RunIC01P
in CompTunnel::execute() ... call CompTunnel::wait, cargo=0x7fd407401790
in CompTunnel::execute() ... call CompTunnel::wait really calling
calling CompTunnel::wait() for name: RunIC01P
in CompTunnel::wait() ... 
calling CompTunnel::execute() for name: RunIC01P
in CompTunnel::execute() ... call CompTunnel::wait, cargo=0x7f8419c000d0
in CompTunnel::execute() ... call CompTunnel::wait really calling
calling CompTunnel::wait() for name: RunIC01P
in CompTunnel::wait() ... 
calling CompTunnel::execute() for name: RunIC01P
in CompTunnel::execute() ... call CompTunnel::wait, cargo=0x7fc17ba00170
in CompTunnel::execute() ... call CompTunnel::wait really calling
calling CompTunnel::wait() for name: RunIC01P
in CompTunnel::wait() ... 
Hi there from socketRecv()
Hi there from socketRecv()
socketRecv: buffer size=4, bytes recvd=4
Hi there from socketSend()
socketSend: buffer size=8, bytes sent=8
Hi there from socketRecv()
in CompTunnel::wait() ... received RC=0, userRC=0
in CompTunnel::wait() ... received RC=0, userRC=0
calling CompTunnel::execute() for name: FinalizeIC01P
in CompTunnel::execute() ... call CompTunnel::dual2actual() with method 9
in CompTunnel::wait() ... received RC=0, userRC=0
calling CompTunnel::execute() for name: FinalizeIC01P
in CompTunnel::execute() ... call CompTunnel::dual2actual() with method 9
socketRecv: buffer size=8, bytes recvd=8
Hi there from socketSend()
calling CompTunnel::execute() for name: FinalizeIC01P
in CompTunnel::execute() ... call CompTunnel::dual2actual() with method 9
socketSend: buffer size=4, bytes sent=4
socketRecv: buffer size=4, bytes recvd=4
Hi there from socketRecv()
Hi there from socketSend()
socketSend: buffer size=4, bytes sent=4
calling CompTunnel::execute() for name: FinalizeIC01P
in CompTunnel::execute() ... call CompTunnel::wait, cargo=0x7fd427402dd0
in CompTunnel::execute() ... call CompTunnel::wait really calling
calling CompTunnel::wait() for name: FinalizeIC01P
in CompTunnel::wait() ... 
calling CompTunnel::execute() for name: FinalizeIC01P
in CompTunnel::execute() ... call CompTunnel::wait, cargo=0x7f843b800210
in CompTunnel::execute() ... call CompTunnel::wait really calling
calling CompTunnel::wait() for name: FinalizeIC01P
in CompTunnel::wait() ... 
calling CompTunnel::execute() for name: FinalizeIC01P
in CompTunnel::execute() ... call CompTunnel::wait, cargo=0x7fc17ba00170
in CompTunnel::execute() ... call CompTunnel::wait really calling
calling CompTunnel::wait() for name: FinalizeIC01P
in CompTunnel::wait() ... 
socketRecv: buffer size=4, bytes recvd=4
Hi there from socketRecv()
Hi there from socketSend()
socketSend: buffer size=8, bytes sent=8
Hi there from socketRecv()
in CompTunnel::wait() ... received RC=0, userRC=0
socketRecv: buffer size=8, bytes recvd=8
calling CompTunnel::execute() for name: InitializeIC01P
in CompTunnel::execute() ... call CompTunnel::dual2actual() with method 7
in CompTunnel::wait() ... received RC=0, userRC=0
calling CompTunnel::execute() for name: InitializeIC01P
in CompTunnel::execute() ... call CompTunnel::dual2actual() with method 7
Hi there from socketSend()
socketSend: buffer size=4, bytes sent=4
in CompTunnel::wait() ... received RC=0, userRC=0
calling CompTunnel::execute() for name: InitializeIC01P
in CompTunnel::execute() ... call CompTunnel::dual2actual() with method 7
socketRecv: buffer size=4, bytes recvd=4
Hi there from socketSend()
socketSend: buffer size=4, bytes sent=4
calling CompTunnel::execute() for name: InitializeIC01P
in CompTunnel::execute() ... call CompTunnel::wait, cargo=0x7fd417400bd0
in CompTunnel::execute() ... call CompTunnel::wait really calling
calling CompTunnel::wait() for name: InitializeIC01P
in CompTunnel::wait() ... 
calling CompTunnel::execute() for name: InitializeIC01P
in CompTunnel::execute() ... call CompTunnel::wait, cargo=0x7f843ba00260
in CompTunnel::execute() ... call CompTunnel::wait really calling
calling CompTunnel::wait() for name: InitializeIC01P
in CompTunnel::wait() ... 
calling CompTunnel::execute() for name: InitializeIC01P
in CompTunnel::execute() ... call CompTunnel::wait, cargo=0x7fc17a700380
in CompTunnel::execute() ... call CompTunnel::wait really calling
calling CompTunnel::wait() for name: InitializeIC01P
in CompTunnel::wait() ... 
Hi there from socketRecv()
Hi there from socketRecv()
socketRecv: buffer size=4, bytes recvd=4
Hi there from socketSend()
socketSend: buffer size=8, bytes sent=8
Hi there from socketRecv()
in CompTunnel::wait() ... received RC=0, userRC=0
in CompTunnel::wait() ... received RC=0, userRC=0
calling CompTunnel::execute() for name: InitializeIC01P
in CompTunnel::execute() ... call CompTunnel::dual2actual() with method 7
in CompTunnel::wait() ... received RC=0, userRC=0
calling CompTunnel::execute() for name: InitializeIC01P
in CompTunnel::execute() ... call CompTunnel::dual2actual() with method 7
socketRecv: buffer size=8, bytes recvd=8
calling CompTunnel::execute() for name: InitializeIC01P
in CompTunnel::execute() ... call CompTunnel::dual2actual() with method 7
Hi there from socketSend()
socketSend: buffer size=4, bytes sent=4
socketRecv: buffer size=4, bytes recvd=4
Hi there from socketRecv()
socketRecv: buffer size=4, bytes recvd=4
Hi there from socketSend()
socketSend: buffer size=4, bytes sent=4
Hi there from socketRecv()
calling CompTunnel::execute() for name: InitializeIC01P
in CompTunnel::execute() ... call CompTunnel::wait, cargo=0x7fd427528080
in CompTunnel::execute() ... call CompTunnel::wait really calling
calling CompTunnel::wait() for name: InitializeIC01P
in CompTunnel::wait() ... 
calling CompTunnel::execute() for name: InitializeIC01P
in CompTunnel::execute() ... call CompTunnel::wait, cargo=0x7f8419e00030
in CompTunnel::execute() ... call CompTunnel::wait really calling
calling CompTunnel::wait() for name: InitializeIC01P
in CompTunnel::wait() ... 
calling CompTunnel::execute() for name: InitializeIC01P
in CompTunnel::execute() ... call CompTunnel::wait, cargo=0x7fc17a700380
in CompTunnel::execute() ... call CompTunnel::wait really calling
calling CompTunnel::wait() for name: InitializeIC01P
in CompTunnel::wait() ... 
Hi there from socketSend()
socketSend: buffer size=8, bytes sent=8
Hi there from socketRecv()
in CompTunnel::wait() ... received RC=0, userRC=0
calling CompTunnel::execute() for name: RunIC01P
in CompTunnel::execute() ... call CompTunnel::dual2actual() with method 8
socketRecv: buffer size=8, bytes recvd=8
in CompTunnel::wait() ... received RC=0, userRC=0
calling CompTunnel::execute() for name: RunIC01P
in CompTunnel::execute() ... call CompTunnel::dual2actual() with method 8
in CompTunnel::wait() ... received RC=0, userRC=0
calling CompTunnel::execute() for name: RunIC01P
in CompTunnel::execute() ... call CompTunnel::dual2actual() with method 8
Hi there from socketSend()
socketSend: buffer size=4, bytes sent=4
Hi there from socketSend()
socketRecv: buffer size=4, bytes recvd=4
socketSend: buffer size=4, bytes sent=4
calling CompTunnel::execute() for name: RunIC01P
in CompTunnel::execute() ... call CompTunnel::wait, cargo=0x7fd427528070
in CompTunnel::execute() ... call CompTunnel::wait really calling
calling CompTunnel::wait() for name: RunIC01P
in CompTunnel::wait() ... 
calling CompTunnel::execute() for name: RunIC01P
in CompTunnel::execute() ... call CompTunnel::wait, cargo=0x7f8419d000b0
in CompTunnel::execute() ... call CompTunnel::wait really calling
calling CompTunnel::wait() for name: RunIC01P
in CompTunnel::wait() ... 
calling CompTunnel::execute() for name: RunIC01P
in CompTunnel::execute() ... call CompTunnel::wait, cargo=0x7fc17a500b20
in CompTunnel::execute() ... call CompTunnel::wait really calling
calling CompTunnel::wait() for name: RunIC01P
in CompTunnel::wait() ... 
Hi there from socketRecv()
socketRecv: buffer size=4, bytes recvd=4
Hi there from socketRecv()
Hi there from socketSend()
socketSend: buffer size=8, bytes sent=8
Hi there from socketRecv()
in CompTunnel::wait() ... received RC=0, userRC=0
in CompTunnel::wait() ... received RC=0, userRC=0
calling CompTunnel::execute() for name: None01P
in CompTunnel::execute() ... call CompTunnel::dual2actual() with method 0
in CompTunnel::wait() ... received RC=0, userRC=0
calling CompTunnel::execute() for name: None01P
in CompTunnel::execute() ... call CompTunnel::dual2actual() with method 0
socketRecv: buffer size=8, bytes recvd=8
calling CompTunnel::execute() for name: None01P
in CompTunnel::execute() ... call CompTunnel::dual2actual() with method 0
Hi there from socketSend()
socketSend: buffer size=4, bytes sent=4
Hi there from socketSend()
calling CompTunnel::execute() for name: None01P
in CompTunnel::execute() ... call CompTunnel::wait, cargo=0x7f8419e00010
in CompTunnel::execute() ... call CompTunnel::wait really calling
calling CompTunnel::wait() for name: None01P
in CompTunnel::wait() ... 
socketRecv: buffer size=4, bytes recvd=4
Hi there from socketRecv()
socketRecv: buffer size=4, bytes recvd=4
Hi there from socketSend()
socketSend: buffer size=8, bytes sent=8
socketSend: buffer size=4, bytes sent=4
Hi there from socketRecv()
calling CompTunnel::execute() for name: None01P
in CompTunnel::execute() ... call CompTunnel::wait, cargo=0x7fd417500560
in CompTunnel::execute() ... call CompTunnel::wait really calling
calling CompTunnel::wait() for name: None01P
in CompTunnel::wait() ... 
in CompTunnel::wait() ... received RC=0, userRC=0
calling CompTunnel::execute() for name: None01P
in CompTunnel::execute() ... call CompTunnel::wait, cargo=0x7fc17a500b20
in CompTunnel::execute() ... call CompTunnel::wait really calling
calling CompTunnel::wait() for name: None01P
in CompTunnel::wait() ... 
in CompTunnel::wait() ... received RC=0, userRC=0
socketRecv: buffer size=8, bytes recvd=8
in CompTunnel::wait() ... received RC=0, userRC=0
  PASS  Example ESMF_CompTunnelEx, ESMF_CompTunnelEx.F90, line 549
 PASS: ESMF_CompTunnelEx.F90
  PASS  Example ESMF_CompTunnelEx, ESMF_CompTunnelEx.F90, line 549
 PASS: ESMF_CompTunnelEx.F90
  PASS  Example ESMF_CompTunnelEx, ESMF_CompTunnelEx.F90, line 549
 PASS: ESMF_CompTunnelEx.F90
  PASS  Example ESMF_CompTunnelEx, ESMF_CompTunnelEx.F90, line 549
  PASS  Example ESMF_CompTunnelEx, ESMF_CompTunnelEx.F90, line 549
 PASS: ESMF_CompTunnelEx.F90
  PASS  Example ESMF_CompTunnelEx, ESMF_CompTunnelEx.F90, line 549
 PASS: ESMF_CompTunnelEx.F90
 PASS: ESMF_CompTunnelEx.F90
