20200924 094459.381 INFO             PET0 !!!!!!!!!!!!!!!!!!!!!!!!!!!!!!!!!!!!!!!!!!!!!!!!!!!!!!
20200924 094459.381 INFO             PET0 !!! THE ESMF_LOG IS SET TO OUTPUT ALL LOG MESSAGES !!!
20200924 094459.381 INFO             PET0 !!!     THIS MAY CAUSE SLOWDOWN IN PERFORMANCE     !!!
20200924 094459.381 INFO             PET0 !!! FOR PRODUCTION RUNS, USE:                      !!!
20200924 094459.381 INFO             PET0 !!!                   ESMF_LOGKIND_Multi_On_Error  !!!
20200924 094459.381 INFO             PET0 !!!!!!!!!!!!!!!!!!!!!!!!!!!!!!!!!!!!!!!!!!!!!!!!!!!!!!
20200924 094459.381 INFO             PET0 Running with ESMF Version   : ESMF_8_1_0_beta_snapshot_30
20200924 094459.381 INFO             PET0 ESMF library build date/time: "Sep 24 2020" "09:31:05"
20200924 094459.381 INFO             PET0 ESMF library build location : /scratch/esmf/esmf_test/cronjobs/trunk/gfortran/esmf
20200924 094459.381 INFO             PET0 ESMF_COMM                   : mpich3
20200924 094459.381 INFO             PET0 ESMF_NETCDF                 : disabled
20200924 094459.381 INFO             PET0 ESMF_PNETCDF                : disabled
20200924 094459.381 INFO             PET0 ESMF_PIO                    : enabled
20200924 094459.381 INFO             PET0 ESMF_YAMLCPP                : enabled
20200924 094459.381 INFO             PET0 ESMF_MOAB                   : enabled
20200924 094459.383 INFO             PET0 ESMCI_CompTunnel.C:1063 ESMCI::ServiceLoop() ServiceLoop: entering with port argument: 61010 and timeout: 20
20200924 094459.383 INFO             PET0 ESMCI_CompTunnel.C:345 ESMCI::CompTunnel::negotiate() negotiate socketBased actual: port=61010, timeout=20
20200924 094501.386 INFO             PET0 ESMCI_CompTunnel.C:476 ESMCI::CompTunnel::negotiate() finished socketBased negotiate() on actual component side
20200924 094501.386 INFO             PET0 ESMCI_CompTunnel.C:872 ESMCI::CompTunnel::dual2actual() dual2actual() socketBased (actual side)...
20200924 094501.386 INFO             PET0 ESMCI_CompTunnel.C:872 ESMCI::CompTunnel::dual2actual() dual2actual() socketBased (actual side)...
20200924 094501.426 INFO             PET0 ESMCI_CompTunnel.C:1122 ESMCI::ServiceLoop() ServiceLoop: received method: InitializeIC and phase: 1
20200924 094501.426 INFO             PET0 Actual Component Initialize
20200924 094501.426 INFO             PET0 ESMCI_CompTunnel.C:957 ESMCI::CompTunnel::actual2dual() actual2dual() socketBased (actual side)...
20200924 094501.426 INFO             PET0 ESMCI_CompTunnel.C:872 ESMCI::CompTunnel::dual2actual() dual2actual() socketBased (actual side)...
20200924 094501.426 INFO             PET0 ESMCI_CompTunnel.C:872 ESMCI::CompTunnel::dual2actual() dual2actual() socketBased (actual side)...
20200924 094501.466 INFO             PET0 ESMCI_CompTunnel.C:1122 ESMCI::ServiceLoop() ServiceLoop: received method: RunIC and phase: 1
20200924 094501.466 INFO             PET0 Actual Component Run
20200924 094501.466 INFO             PET0 ESMCI_CompTunnel.C:957 ESMCI::CompTunnel::actual2dual() actual2dual() socketBased (actual side)...
20200924 094501.466 INFO             PET0 ESMCI_CompTunnel.C:872 ESMCI::CompTunnel::dual2actual() dual2actual() socketBased (actual side)...
20200924 094501.466 INFO             PET0 ESMCI_CompTunnel.C:872 ESMCI::CompTunnel::dual2actual() dual2actual() socketBased (actual side)...
20200924 094501.506 INFO             PET0 ESMCI_CompTunnel.C:1122 ESMCI::ServiceLoop() ServiceLoop: received method: FinalizeIC and phase: 1
20200924 094501.506 INFO             PET0 Actual Component Finalize
20200924 094501.506 INFO             PET0 ESMCI_CompTunnel.C:957 ESMCI::CompTunnel::actual2dual() actual2dual() socketBased (actual side)...
20200924 094501.506 INFO             PET0 ESMCI_CompTunnel.C:872 ESMCI::CompTunnel::dual2actual() dual2actual() socketBased (actual side)...
20200924 094501.507 INFO             PET0 ESMCI_CompTunnel.C:872 ESMCI::CompTunnel::dual2actual() dual2actual() socketBased (actual side)...
20200924 094501.546 INFO             PET0 ESMCI_CompTunnel.C:1122 ESMCI::ServiceLoop() ServiceLoop: received method: InitializeIC and phase: 1
20200924 094501.546 INFO             PET0 Actual Component Initialize
20200924 094501.546 INFO             PET0 ESMCI_CompTunnel.C:957 ESMCI::CompTunnel::actual2dual() actual2dual() socketBased (actual side)...
20200924 094501.546 INFO             PET0 ESMCI_CompTunnel.C:872 ESMCI::CompTunnel::dual2actual() dual2actual() socketBased (actual side)...
20200924 094501.546 INFO             PET0 ESMCI_CompTunnel.C:872 ESMCI::CompTunnel::dual2actual() dual2actual() socketBased (actual side)...
20200924 094501.586 INFO             PET0 ESMCI_CompTunnel.C:1122 ESMCI::ServiceLoop() ServiceLoop: received method: InitializeIC and phase: 1
20200924 094501.586 INFO             PET0 Actual Component Initialize
20200924 094501.586 INFO             PET0 ESMCI_CompTunnel.C:957 ESMCI::CompTunnel::actual2dual() actual2dual() socketBased (actual side)...
20200924 094501.586 INFO             PET0 ESMCI_CompTunnel.C:872 ESMCI::CompTunnel::dual2actual() dual2actual() socketBased (actual side)...
20200924 094501.587 INFO             PET0 ESMCI_CompTunnel.C:872 ESMCI::CompTunnel::dual2actual() dual2actual() socketBased (actual side)...
20200924 094501.626 INFO             PET0 ESMCI_CompTunnel.C:1122 ESMCI::ServiceLoop() ServiceLoop: received method: RunIC and phase: 1
20200924 094501.626 INFO             PET0 Actual Component Run
20200924 094501.626 INFO             PET0 ESMCI_CompTunnel.C:957 ESMCI::CompTunnel::actual2dual() actual2dual() socketBased (actual side)...
20200924 094501.626 INFO             PET0 ESMCI_CompTunnel.C:872 ESMCI::CompTunnel::dual2actual() dual2actual() socketBased (actual side)...
20200924 094501.626 INFO             PET0 ESMCI_CompTunnel.C:872 ESMCI::CompTunnel::dual2actual() dual2actual() socketBased (actual side)...
20200924 094501.667 INFO             PET0 ESMCI_CompTunnel.C:1122 ESMCI::ServiceLoop() ServiceLoop: received method: None and phase: 1
20200924 094501.667 INFO             PET0 ESMCI_CompTunnel.C:957 ESMCI::CompTunnel::actual2dual() actual2dual() socketBased (actual side)...
20200924 094501.667 INFO             PET0 ESMCI_CompTunnel.C:1153 ESMCI::ServiceLoop() ServiceLoop: exiting
20200924 094501.668 INFO             PET0  NUMBER_OF_PROCESSORS           6
20200924 094501.668 INFO             PET0  PASS  Example ESMF_CompTunnelEx, ESMF_CompTunnelEx.F90, line 549
20200924 094501.668 INFO             PET0 Finalizing ESMF
20200924 094459.381 INFO             PET1 !!!!!!!!!!!!!!!!!!!!!!!!!!!!!!!!!!!!!!!!!!!!!!!!!!!!!!
20200924 094459.381 INFO             PET1 !!! THE ESMF_LOG IS SET TO OUTPUT ALL LOG MESSAGES !!!
20200924 094459.381 INFO             PET1 !!!     THIS MAY CAUSE SLOWDOWN IN PERFORMANCE     !!!
20200924 094459.381 INFO             PET1 !!! FOR PRODUCTION RUNS, USE:                      !!!
20200924 094459.381 INFO             PET1 !!!                   ESMF_LOGKIND_Multi_On_Error  !!!
20200924 094459.381 INFO             PET1 !!!!!!!!!!!!!!!!!!!!!!!!!!!!!!!!!!!!!!!!!!!!!!!!!!!!!!
20200924 094459.381 INFO             PET1 Running with ESMF Version   : ESMF_8_1_0_beta_snapshot_30
20200924 094459.381 INFO             PET1 ESMF library build date/time: "Sep 24 2020" "09:31:05"
20200924 094459.381 INFO             PET1 ESMF library build location : /scratch/esmf/esmf_test/cronjobs/trunk/gfortran/esmf
20200924 094459.381 INFO             PET1 ESMF_COMM                   : mpich3
20200924 094459.381 INFO             PET1 ESMF_NETCDF                 : disabled
20200924 094459.381 INFO             PET1 ESMF_PNETCDF                : disabled
20200924 094459.381 INFO             PET1 ESMF_PIO                    : enabled
20200924 094459.381 INFO             PET1 ESMF_YAMLCPP                : enabled
20200924 094459.381 INFO             PET1 ESMF_MOAB                   : enabled
20200924 094459.383 INFO             PET1 ESMCI_CompTunnel.C:1063 ESMCI::ServiceLoop() ServiceLoop: entering with port argument: 61010 and timeout: 20
20200924 094501.386 INFO             PET1 ESMCI_CompTunnel.C:476 ESMCI::CompTunnel::negotiate() finished socketBased negotiate() on actual component side
20200924 094501.386 INFO             PET1 ESMCI_CompTunnel.C:872 ESMCI::CompTunnel::dual2actual() dual2actual() socketBased (actual side)...
20200924 094501.386 INFO             PET1 ESMCI_CompTunnel.C:872 ESMCI::CompTunnel::dual2actual() dual2actual() socketBased (actual side)...
20200924 094501.426 INFO             PET1 ESMCI_CompTunnel.C:1122 ESMCI::ServiceLoop() ServiceLoop: received method: InitializeIC and phase: 1
20200924 094501.426 INFO             PET1 Actual Component Initialize
20200924 094501.426 INFO             PET1 ESMCI_CompTunnel.C:957 ESMCI::CompTunnel::actual2dual() actual2dual() socketBased (actual side)...
20200924 094501.426 INFO             PET1 ESMCI_CompTunnel.C:872 ESMCI::CompTunnel::dual2actual() dual2actual() socketBased (actual side)...
20200924 094501.426 INFO             PET1 ESMCI_CompTunnel.C:872 ESMCI::CompTunnel::dual2actual() dual2actual() socketBased (actual side)...
20200924 094501.466 INFO             PET1 ESMCI_CompTunnel.C:1122 ESMCI::ServiceLoop() ServiceLoop: received method: RunIC and phase: 1
20200924 094501.466 INFO             PET1 Actual Component Run
20200924 094501.466 INFO             PET1 ESMCI_CompTunnel.C:957 ESMCI::CompTunnel::actual2dual() actual2dual() socketBased (actual side)...
20200924 094501.466 INFO             PET1 ESMCI_CompTunnel.C:872 ESMCI::CompTunnel::dual2actual() dual2actual() socketBased (actual side)...
20200924 094501.466 INFO             PET1 ESMCI_CompTunnel.C:872 ESMCI::CompTunnel::dual2actual() dual2actual() socketBased (actual side)...
20200924 094501.506 INFO             PET1 ESMCI_CompTunnel.C:1122 ESMCI::ServiceLoop() ServiceLoop: received method: FinalizeIC and phase: 1
20200924 094501.506 INFO             PET1 Actual Component Finalize
20200924 094501.506 INFO             PET1 ESMCI_CompTunnel.C:957 ESMCI::CompTunnel::actual2dual() actual2dual() socketBased (actual side)...
20200924 094501.506 INFO             PET1 ESMCI_CompTunnel.C:872 ESMCI::CompTunnel::dual2actual() dual2actual() socketBased (actual side)...
20200924 094501.507 INFO             PET1 ESMCI_CompTunnel.C:872 ESMCI::CompTunnel::dual2actual() dual2actual() socketBased (actual side)...
20200924 094501.546 INFO             PET1 ESMCI_CompTunnel.C:1122 ESMCI::ServiceLoop() ServiceLoop: received method: InitializeIC and phase: 1
20200924 094501.546 INFO             PET1 Actual Component Initialize
20200924 094501.546 INFO             PET1 ESMCI_CompTunnel.C:957 ESMCI::CompTunnel::actual2dual() actual2dual() socketBased (actual side)...
20200924 094501.546 INFO             PET1 ESMCI_CompTunnel.C:872 ESMCI::CompTunnel::dual2actual() dual2actual() socketBased (actual side)...
20200924 094501.546 INFO             PET1 ESMCI_CompTunnel.C:872 ESMCI::CompTunnel::dual2actual() dual2actual() socketBased (actual side)...
20200924 094501.586 INFO             PET1 ESMCI_CompTunnel.C:1122 ESMCI::ServiceLoop() ServiceLoop: received method: InitializeIC and phase: 1
20200924 094501.586 INFO             PET1 Actual Component Initialize
20200924 094501.586 INFO             PET1 ESMCI_CompTunnel.C:957 ESMCI::CompTunnel::actual2dual() actual2dual() socketBased (actual side)...
20200924 094501.586 INFO             PET1 ESMCI_CompTunnel.C:872 ESMCI::CompTunnel::dual2actual() dual2actual() socketBased (actual side)...
20200924 094501.587 INFO             PET1 ESMCI_CompTunnel.C:872 ESMCI::CompTunnel::dual2actual() dual2actual() socketBased (actual side)...
20200924 094501.626 INFO             PET1 ESMCI_CompTunnel.C:1122 ESMCI::ServiceLoop() ServiceLoop: received method: RunIC and phase: 1
20200924 094501.626 INFO             PET1 Actual Component Run
20200924 094501.626 INFO             PET1 ESMCI_CompTunnel.C:957 ESMCI::CompTunnel::actual2dual() actual2dual() socketBased (actual side)...
20200924 094501.626 INFO             PET1 ESMCI_CompTunnel.C:872 ESMCI::CompTunnel::dual2actual() dual2actual() socketBased (actual side)...
20200924 094501.626 INFO             PET1 ESMCI_CompTunnel.C:872 ESMCI::CompTunnel::dual2actual() dual2actual() socketBased (actual side)...
20200924 094501.667 INFO             PET1 ESMCI_CompTunnel.C:1122 ESMCI::ServiceLoop() ServiceLoop: received method: None and phase: 1
20200924 094501.667 INFO             PET1 ESMCI_CompTunnel.C:957 ESMCI::CompTunnel::actual2dual() actual2dual() socketBased (actual side)...
20200924 094501.667 INFO             PET1 ESMCI_CompTunnel.C:1153 ESMCI::ServiceLoop() ServiceLoop: exiting
20200924 094501.668 INFO             PET1  NUMBER_OF_PROCESSORS           6
20200924 094501.668 INFO             PET1  PASS  Example ESMF_CompTunnelEx, ESMF_CompTunnelEx.F90, line 549
20200924 094501.668 INFO             PET1 Finalizing ESMF
20200924 094459.381 INFO             PET2 !!!!!!!!!!!!!!!!!!!!!!!!!!!!!!!!!!!!!!!!!!!!!!!!!!!!!!
20200924 094459.381 INFO             PET2 !!! THE ESMF_LOG IS SET TO OUTPUT ALL LOG MESSAGES !!!
20200924 094459.381 INFO             PET2 !!!     THIS MAY CAUSE SLOWDOWN IN PERFORMANCE     !!!
20200924 094459.381 INFO             PET2 !!! FOR PRODUCTION RUNS, USE:                      !!!
20200924 094459.381 INFO             PET2 !!!                   ESMF_LOGKIND_Multi_On_Error  !!!
20200924 094459.381 INFO             PET2 !!!!!!!!!!!!!!!!!!!!!!!!!!!!!!!!!!!!!!!!!!!!!!!!!!!!!!
20200924 094459.381 INFO             PET2 Running with ESMF Version   : ESMF_8_1_0_beta_snapshot_30
20200924 094459.381 INFO             PET2 ESMF library build date/time: "Sep 24 2020" "09:31:05"
20200924 094459.381 INFO             PET2 ESMF library build location : /scratch/esmf/esmf_test/cronjobs/trunk/gfortran/esmf
20200924 094459.381 INFO             PET2 ESMF_COMM                   : mpich3
20200924 094459.381 INFO             PET2 ESMF_NETCDF                 : disabled
20200924 094459.381 INFO             PET2 ESMF_PNETCDF                : disabled
20200924 094459.381 INFO             PET2 ESMF_PIO                    : enabled
20200924 094459.381 INFO             PET2 ESMF_YAMLCPP                : enabled
20200924 094459.381 INFO             PET2 ESMF_MOAB                   : enabled
20200924 094459.383 INFO             PET2 ESMCI_CompTunnel.C:1063 ESMCI::ServiceLoop() ServiceLoop: entering with port argument: 61010 and timeout: 20
20200924 094501.386 INFO             PET2 ESMCI_CompTunnel.C:476 ESMCI::CompTunnel::negotiate() finished socketBased negotiate() on actual component side
20200924 094501.386 INFO             PET2 ESMCI_CompTunnel.C:872 ESMCI::CompTunnel::dual2actual() dual2actual() socketBased (actual side)...
20200924 094501.386 INFO             PET2 ESMCI_CompTunnel.C:872 ESMCI::CompTunnel::dual2actual() dual2actual() socketBased (actual side)...
20200924 094501.426 INFO             PET2 ESMCI_CompTunnel.C:1122 ESMCI::ServiceLoop() ServiceLoop: received method: InitializeIC and phase: 1
20200924 094501.426 INFO             PET2 Actual Component Initialize
20200924 094501.426 INFO             PET2 ESMCI_CompTunnel.C:957 ESMCI::CompTunnel::actual2dual() actual2dual() socketBased (actual side)...
20200924 094501.426 INFO             PET2 ESMCI_CompTunnel.C:872 ESMCI::CompTunnel::dual2actual() dual2actual() socketBased (actual side)...
20200924 094501.426 INFO             PET2 ESMCI_CompTunnel.C:872 ESMCI::CompTunnel::dual2actual() dual2actual() socketBased (actual side)...
20200924 094501.466 INFO             PET2 ESMCI_CompTunnel.C:1122 ESMCI::ServiceLoop() ServiceLoop: received method: RunIC and phase: 1
20200924 094501.466 INFO             PET2 Actual Component Run
20200924 094501.466 INFO             PET2 ESMCI_CompTunnel.C:957 ESMCI::CompTunnel::actual2dual() actual2dual() socketBased (actual side)...
20200924 094501.466 INFO             PET2 ESMCI_CompTunnel.C:872 ESMCI::CompTunnel::dual2actual() dual2actual() socketBased (actual side)...
20200924 094501.466 INFO             PET2 ESMCI_CompTunnel.C:872 ESMCI::CompTunnel::dual2actual() dual2actual() socketBased (actual side)...
20200924 094501.506 INFO             PET2 ESMCI_CompTunnel.C:1122 ESMCI::ServiceLoop() ServiceLoop: received method: FinalizeIC and phase: 1
20200924 094501.506 INFO             PET2 Actual Component Finalize
20200924 094501.506 INFO             PET2 ESMCI_CompTunnel.C:957 ESMCI::CompTunnel::actual2dual() actual2dual() socketBased (actual side)...
20200924 094501.506 INFO             PET2 ESMCI_CompTunnel.C:872 ESMCI::CompTunnel::dual2actual() dual2actual() socketBased (actual side)...
20200924 094501.507 INFO             PET2 ESMCI_CompTunnel.C:872 ESMCI::CompTunnel::dual2actual() dual2actual() socketBased (actual side)...
20200924 094501.546 INFO             PET2 ESMCI_CompTunnel.C:1122 ESMCI::ServiceLoop() ServiceLoop: received method: InitializeIC and phase: 1
20200924 094501.546 INFO             PET2 Actual Component Initialize
20200924 094501.546 INFO             PET2 ESMCI_CompTunnel.C:957 ESMCI::CompTunnel::actual2dual() actual2dual() socketBased (actual side)...
20200924 094501.546 INFO             PET2 ESMCI_CompTunnel.C:872 ESMCI::CompTunnel::dual2actual() dual2actual() socketBased (actual side)...
20200924 094501.546 INFO             PET2 ESMCI_CompTunnel.C:872 ESMCI::CompTunnel::dual2actual() dual2actual() socketBased (actual side)...
20200924 094501.586 INFO             PET2 ESMCI_CompTunnel.C:1122 ESMCI::ServiceLoop() ServiceLoop: received method: InitializeIC and phase: 1
20200924 094501.586 INFO             PET2 Actual Component Initialize
20200924 094501.586 INFO             PET2 ESMCI_CompTunnel.C:957 ESMCI::CompTunnel::actual2dual() actual2dual() socketBased (actual side)...
20200924 094501.586 INFO             PET2 ESMCI_CompTunnel.C:872 ESMCI::CompTunnel::dual2actual() dual2actual() socketBased (actual side)...
20200924 094501.587 INFO             PET2 ESMCI_CompTunnel.C:872 ESMCI::CompTunnel::dual2actual() dual2actual() socketBased (actual side)...
20200924 094501.626 INFO             PET2 ESMCI_CompTunnel.C:1122 ESMCI::ServiceLoop() ServiceLoop: received method: RunIC and phase: 1
20200924 094501.626 INFO             PET2 Actual Component Run
20200924 094501.626 INFO             PET2 ESMCI_CompTunnel.C:957 ESMCI::CompTunnel::actual2dual() actual2dual() socketBased (actual side)...
20200924 094501.626 INFO             PET2 ESMCI_CompTunnel.C:872 ESMCI::CompTunnel::dual2actual() dual2actual() socketBased (actual side)...
20200924 094501.626 INFO             PET2 ESMCI_CompTunnel.C:872 ESMCI::CompTunnel::dual2actual() dual2actual() socketBased (actual side)...
20200924 094501.667 INFO             PET2 ESMCI_CompTunnel.C:1122 ESMCI::ServiceLoop() ServiceLoop: received method: None and phase: 1
20200924 094501.667 INFO             PET2 ESMCI_CompTunnel.C:957 ESMCI::CompTunnel::actual2dual() actual2dual() socketBased (actual side)...
20200924 094501.667 INFO             PET2 ESMCI_CompTunnel.C:1153 ESMCI::ServiceLoop() ServiceLoop: exiting
20200924 094501.668 INFO             PET2  NUMBER_OF_PROCESSORS           6
20200924 094501.668 INFO             PET2  PASS  Example ESMF_CompTunnelEx, ESMF_CompTunnelEx.F90, line 549
20200924 094501.668 INFO             PET2 Finalizing ESMF
20200924 094459.381 INFO             PET3 !!!!!!!!!!!!!!!!!!!!!!!!!!!!!!!!!!!!!!!!!!!!!!!!!!!!!!
20200924 094459.381 INFO             PET3 !!! THE ESMF_LOG IS SET TO OUTPUT ALL LOG MESSAGES !!!
20200924 094459.381 INFO             PET3 !!!     THIS MAY CAUSE SLOWDOWN IN PERFORMANCE     !!!
20200924 094459.381 INFO             PET3 !!! FOR PRODUCTION RUNS, USE:                      !!!
20200924 094459.381 INFO             PET3 !!!                   ESMF_LOGKIND_Multi_On_Error  !!!
20200924 094459.381 INFO             PET3 !!!!!!!!!!!!!!!!!!!!!!!!!!!!!!!!!!!!!!!!!!!!!!!!!!!!!!
20200924 094459.381 INFO             PET3 Running with ESMF Version   : ESMF_8_1_0_beta_snapshot_30
20200924 094459.381 INFO             PET3 ESMF library build date/time: "Sep 24 2020" "09:31:05"
20200924 094459.381 INFO             PET3 ESMF library build location : /scratch/esmf/esmf_test/cronjobs/trunk/gfortran/esmf
20200924 094459.381 INFO             PET3 ESMF_COMM                   : mpich3
20200924 094459.381 INFO             PET3 ESMF_NETCDF                 : disabled
20200924 094459.381 INFO             PET3 ESMF_PNETCDF                : disabled
20200924 094459.381 INFO             PET3 ESMF_PIO                    : enabled
20200924 094459.381 INFO             PET3 ESMF_YAMLCPP                : enabled
20200924 094459.381 INFO             PET3 ESMF_MOAB                   : enabled
20200924 094459.383 INFO             PET3 ESMCI_CompTunnel.C:1063 ESMCI::ServiceLoop() ServiceLoop: entering with port argument: 61011 and timeout: 2
20200924 094459.383 INFO             PET3 ESMCI_CompTunnel.C:345 ESMCI::CompTunnel::negotiate() negotiate socketBased actual: port=61011, timeout=2
20200924 094501.384 ERROR            PET3 ESMCI_CompTunnel.C:354 ESMCI::CompTunnel::negotiate() Timeout reached  - - No client connected, time out!
20200924 094501.384 ERROR            PET3 ESMCI_CompTunnel.C:1099 ESMCI::ServiceLoop() Timeout reached  - Internal subroutine call returned Error
20200924 094501.386 INFO             PET3 ESMCI_CompTunnel.C:577 ESMCI::CompTunnel::negotiate() finished socketBased negotiate() on dual component side
20200924 094501.386 INFO             PET3 ESMCI_CompTunnel.C:841 ESMCI::CompTunnel::dual2actual() dual2actual() socketBased (dual side)...
20200924 094501.386 INFO             PET3 ESMCI_CompTunnel.C:841 ESMCI::CompTunnel::dual2actual() dual2actual() socketBased (dual side)...
20200924 094501.386 INFO             PET3 ESMCI_CompTunnel.C:988 ESMCI::CompTunnel::actual2dual() actual2dual() socketBased (dual side)...
20200924 094501.426 INFO             PET3 ESMCI_CompTunnel.C:841 ESMCI::CompTunnel::dual2actual() dual2actual() socketBased (dual side)...
20200924 094501.426 INFO             PET3 ESMCI_CompTunnel.C:841 ESMCI::CompTunnel::dual2actual() dual2actual() socketBased (dual side)...
20200924 094501.426 INFO             PET3 ESMCI_CompTunnel.C:988 ESMCI::CompTunnel::actual2dual() actual2dual() socketBased (dual side)...
20200924 094501.466 INFO             PET3 ESMCI_CompTunnel.C:841 ESMCI::CompTunnel::dual2actual() dual2actual() socketBased (dual side)...
20200924 094501.466 INFO             PET3 ESMCI_CompTunnel.C:841 ESMCI::CompTunnel::dual2actual() dual2actual() socketBased (dual side)...
20200924 094501.466 INFO             PET3 ESMCI_CompTunnel.C:988 ESMCI::CompTunnel::actual2dual() actual2dual() socketBased (dual side)...
20200924 094501.506 INFO             PET3 ESMCI_CompTunnel.C:841 ESMCI::CompTunnel::dual2actual() dual2actual() socketBased (dual side)...
20200924 094501.506 INFO             PET3 ESMCI_CompTunnel.C:841 ESMCI::CompTunnel::dual2actual() dual2actual() socketBased (dual side)...
20200924 094501.506 INFO             PET3 ESMCI_CompTunnel.C:988 ESMCI::CompTunnel::actual2dual() actual2dual() socketBased (dual side)...
20200924 094501.546 INFO             PET3 ESMCI_CompTunnel.C:841 ESMCI::CompTunnel::dual2actual() dual2actual() socketBased (dual side)...
20200924 094501.546 INFO             PET3 ESMCI_CompTunnel.C:841 ESMCI::CompTunnel::dual2actual() dual2actual() socketBased (dual side)...
20200924 094501.546 INFO             PET3 ESMCI_CompTunnel.C:988 ESMCI::CompTunnel::actual2dual() actual2dual() socketBased (dual side)...
20200924 094501.586 INFO             PET3 ESMCI_CompTunnel.C:841 ESMCI::CompTunnel::dual2actual() dual2actual() socketBased (dual side)...
20200924 094501.586 INFO             PET3 ESMCI_CompTunnel.C:841 ESMCI::CompTunnel::dual2actual() dual2actual() socketBased (dual side)...
20200924 094501.586 INFO             PET3 ESMCI_CompTunnel.C:988 ESMCI::CompTunnel::actual2dual() actual2dual() socketBased (dual side)...
20200924 094501.626 INFO             PET3 ESMCI_CompTunnel.C:841 ESMCI::CompTunnel::dual2actual() dual2actual() socketBased (dual side)...
20200924 094501.627 INFO             PET3 ESMCI_CompTunnel.C:841 ESMCI::CompTunnel::dual2actual() dual2actual() socketBased (dual side)...
20200924 094501.627 INFO             PET3 ESMCI_CompTunnel.C:988 ESMCI::CompTunnel::actual2dual() actual2dual() socketBased (dual side)...
20200924 094501.668 INFO             PET3  NUMBER_OF_PROCESSORS           6
20200924 094501.668 INFO             PET3  PASS  Example ESMF_CompTunnelEx, ESMF_CompTunnelEx.F90, line 549
20200924 094501.668 INFO             PET3 Finalizing ESMF
20200924 094459.381 INFO             PET4 !!!!!!!!!!!!!!!!!!!!!!!!!!!!!!!!!!!!!!!!!!!!!!!!!!!!!!
20200924 094459.381 INFO             PET4 !!! THE ESMF_LOG IS SET TO OUTPUT ALL LOG MESSAGES !!!
20200924 094459.381 INFO             PET4 !!!     THIS MAY CAUSE SLOWDOWN IN PERFORMANCE     !!!
20200924 094459.381 INFO             PET4 !!! FOR PRODUCTION RUNS, USE:                      !!!
20200924 094459.381 INFO             PET4 !!!                   ESMF_LOGKIND_Multi_On_Error  !!!
20200924 094459.381 INFO             PET4 !!!!!!!!!!!!!!!!!!!!!!!!!!!!!!!!!!!!!!!!!!!!!!!!!!!!!!
20200924 094459.381 INFO             PET4 Running with ESMF Version   : ESMF_8_1_0_beta_snapshot_30
20200924 094459.381 INFO             PET4 ESMF library build date/time: "Sep 24 2020" "09:31:05"
20200924 094459.381 INFO             PET4 ESMF library build location : /scratch/esmf/esmf_test/cronjobs/trunk/gfortran/esmf
20200924 094459.381 INFO             PET4 ESMF_COMM                   : mpich3
20200924 094459.381 INFO             PET4 ESMF_NETCDF                 : disabled
20200924 094459.381 INFO             PET4 ESMF_PNETCDF                : disabled
20200924 094459.381 INFO             PET4 ESMF_PIO                    : enabled
20200924 094459.381 INFO             PET4 ESMF_YAMLCPP                : enabled
20200924 094459.381 INFO             PET4 ESMF_MOAB                   : enabled
20200924 094459.383 INFO             PET4 ESMCI_CompTunnel.C:1063 ESMCI::ServiceLoop() ServiceLoop: entering with port argument: 61011 and timeout: 2
20200924 094501.384 ERROR            PET4 ESMCI_CompTunnel.C:1099 ESMCI::ServiceLoop() Timeout reached  - Internal subroutine call returned Error
20200924 094501.385 INFO             PET4 ESMCI_CompTunnel.C:483 ESMCI::CompTunnel::negotiate() negotiate socketBased dual: port=61010, timeout=10
20200924 094501.386 INFO             PET4 ESMCI_CompTunnel.C:577 ESMCI::CompTunnel::negotiate() finished socketBased negotiate() on dual component side
20200924 094501.386 INFO             PET4 ESMCI_CompTunnel.C:841 ESMCI::CompTunnel::dual2actual() dual2actual() socketBased (dual side)...
20200924 094501.386 INFO             PET4 ESMCI_CompTunnel.C:841 ESMCI::CompTunnel::dual2actual() dual2actual() socketBased (dual side)...
20200924 094501.386 INFO             PET4 ESMCI_CompTunnel.C:988 ESMCI::CompTunnel::actual2dual() actual2dual() socketBased (dual side)...
20200924 094501.426 INFO             PET4 ESMCI_CompTunnel.C:841 ESMCI::CompTunnel::dual2actual() dual2actual() socketBased (dual side)...
20200924 094501.426 INFO             PET4 ESMCI_CompTunnel.C:841 ESMCI::CompTunnel::dual2actual() dual2actual() socketBased (dual side)...
20200924 094501.426 INFO             PET4 ESMCI_CompTunnel.C:988 ESMCI::CompTunnel::actual2dual() actual2dual() socketBased (dual side)...
20200924 094501.466 INFO             PET4 ESMCI_CompTunnel.C:841 ESMCI::CompTunnel::dual2actual() dual2actual() socketBased (dual side)...
20200924 094501.466 INFO             PET4 ESMCI_CompTunnel.C:841 ESMCI::CompTunnel::dual2actual() dual2actual() socketBased (dual side)...
20200924 094501.466 INFO             PET4 ESMCI_CompTunnel.C:988 ESMCI::CompTunnel::actual2dual() actual2dual() socketBased (dual side)...
20200924 094501.506 INFO             PET4 ESMCI_CompTunnel.C:841 ESMCI::CompTunnel::dual2actual() dual2actual() socketBased (dual side)...
20200924 094501.506 INFO             PET4 ESMCI_CompTunnel.C:841 ESMCI::CompTunnel::dual2actual() dual2actual() socketBased (dual side)...
20200924 094501.506 INFO             PET4 ESMCI_CompTunnel.C:988 ESMCI::CompTunnel::actual2dual() actual2dual() socketBased (dual side)...
20200924 094501.546 INFO             PET4 ESMCI_CompTunnel.C:841 ESMCI::CompTunnel::dual2actual() dual2actual() socketBased (dual side)...
20200924 094501.546 INFO             PET4 ESMCI_CompTunnel.C:841 ESMCI::CompTunnel::dual2actual() dual2actual() socketBased (dual side)...
20200924 094501.546 INFO             PET4 ESMCI_CompTunnel.C:988 ESMCI::CompTunnel::actual2dual() actual2dual() socketBased (dual side)...
20200924 094501.586 INFO             PET4 ESMCI_CompTunnel.C:841 ESMCI::CompTunnel::dual2actual() dual2actual() socketBased (dual side)...
20200924 094501.586 INFO             PET4 ESMCI_CompTunnel.C:841 ESMCI::CompTunnel::dual2actual() dual2actual() socketBased (dual side)...
20200924 094501.586 INFO             PET4 ESMCI_CompTunnel.C:988 ESMCI::CompTunnel::actual2dual() actual2dual() socketBased (dual side)...
20200924 094501.626 INFO             PET4 ESMCI_CompTunnel.C:841 ESMCI::CompTunnel::dual2actual() dual2actual() socketBased (dual side)...
20200924 094501.626 INFO             PET4 ESMCI_CompTunnel.C:841 ESMCI::CompTunnel::dual2actual() dual2actual() socketBased (dual side)...
20200924 094501.626 INFO             PET4 ESMCI_CompTunnel.C:988 ESMCI::CompTunnel::actual2dual() actual2dual() socketBased (dual side)...
20200924 094501.667 INFO             PET4  NUMBER_OF_PROCESSORS           6
20200924 094501.667 INFO             PET4  PASS  Example ESMF_CompTunnelEx, ESMF_CompTunnelEx.F90, line 549
20200924 094501.667 INFO             PET4 Finalizing ESMF
20200924 094459.381 INFO             PET5 !!!!!!!!!!!!!!!!!!!!!!!!!!!!!!!!!!!!!!!!!!!!!!!!!!!!!!
20200924 094459.381 INFO             PET5 !!! THE ESMF_LOG IS SET TO OUTPUT ALL LOG MESSAGES !!!
20200924 094459.381 INFO             PET5 !!!     THIS MAY CAUSE SLOWDOWN IN PERFORMANCE     !!!
20200924 094459.381 INFO             PET5 !!! FOR PRODUCTION RUNS, USE:                      !!!
20200924 094459.381 INFO             PET5 !!!                   ESMF_LOGKIND_Multi_On_Error  !!!
20200924 094459.381 INFO             PET5 !!!!!!!!!!!!!!!!!!!!!!!!!!!!!!!!!!!!!!!!!!!!!!!!!!!!!!
20200924 094459.381 INFO             PET5 Running with ESMF Version   : ESMF_8_1_0_beta_snapshot_30
20200924 094459.381 INFO             PET5 ESMF library build date/time: "Sep 24 2020" "09:31:05"
20200924 094459.381 INFO             PET5 ESMF library build location : /scratch/esmf/esmf_test/cronjobs/trunk/gfortran/esmf
20200924 094459.381 INFO             PET5 ESMF_COMM                   : mpich3
20200924 094459.381 INFO             PET5 ESMF_NETCDF                 : disabled
20200924 094459.381 INFO             PET5 ESMF_PNETCDF                : disabled
20200924 094459.381 INFO             PET5 ESMF_PIO                    : enabled
20200924 094459.381 INFO             PET5 ESMF_YAMLCPP                : enabled
20200924 094459.381 INFO             PET5 ESMF_MOAB                   : enabled
20200924 094459.383 INFO             PET5 ESMCI_CompTunnel.C:1063 ESMCI::ServiceLoop() ServiceLoop: entering with port argument: 61011 and timeout: 2
20200924 094501.384 ERROR            PET5 ESMCI_CompTunnel.C:1099 ESMCI::ServiceLoop() Timeout reached  - Internal subroutine call returned Error
20200924 094501.386 INFO             PET5 ESMCI_CompTunnel.C:577 ESMCI::CompTunnel::negotiate() finished socketBased negotiate() on dual component side
20200924 094501.386 INFO             PET5 ESMCI_CompTunnel.C:841 ESMCI::CompTunnel::dual2actual() dual2actual() socketBased (dual side)...
20200924 094501.386 INFO             PET5 ESMCI_CompTunnel.C:841 ESMCI::CompTunnel::dual2actual() dual2actual() socketBased (dual side)...
20200924 094501.386 INFO             PET5 ESMCI_CompTunnel.C:988 ESMCI::CompTunnel::actual2dual() actual2dual() socketBased (dual side)...
20200924 094501.426 INFO             PET5 ESMCI_CompTunnel.C:841 ESMCI::CompTunnel::dual2actual() dual2actual() socketBased (dual side)...
20200924 094501.427 INFO             PET5 ESMCI_CompTunnel.C:841 ESMCI::CompTunnel::dual2actual() dual2actual() socketBased (dual side)...
20200924 094501.427 INFO             PET5 ESMCI_CompTunnel.C:988 ESMCI::CompTunnel::actual2dual() actual2dual() socketBased (dual side)...
20200924 094501.466 INFO             PET5 ESMCI_CompTunnel.C:841 ESMCI::CompTunnel::dual2actual() dual2actual() socketBased (dual side)...
20200924 094501.466 INFO             PET5 ESMCI_CompTunnel.C:841 ESMCI::CompTunnel::dual2actual() dual2actual() socketBased (dual side)...
20200924 094501.466 INFO             PET5 ESMCI_CompTunnel.C:988 ESMCI::CompTunnel::actual2dual() actual2dual() socketBased (dual side)...
20200924 094501.506 INFO             PET5 ESMCI_CompTunnel.C:841 ESMCI::CompTunnel::dual2actual() dual2actual() socketBased (dual side)...
20200924 094501.506 INFO             PET5 ESMCI_CompTunnel.C:841 ESMCI::CompTunnel::dual2actual() dual2actual() socketBased (dual side)...
20200924 094501.506 INFO             PET5 ESMCI_CompTunnel.C:988 ESMCI::CompTunnel::actual2dual() actual2dual() socketBased (dual side)...
20200924 094501.546 INFO             PET5 ESMCI_CompTunnel.C:841 ESMCI::CompTunnel::dual2actual() dual2actual() socketBased (dual side)...
20200924 094501.546 INFO             PET5 ESMCI_CompTunnel.C:841 ESMCI::CompTunnel::dual2actual() dual2actual() socketBased (dual side)...
20200924 094501.546 INFO             PET5 ESMCI_CompTunnel.C:988 ESMCI::CompTunnel::actual2dual() actual2dual() socketBased (dual side)...
20200924 094501.586 INFO             PET5 ESMCI_CompTunnel.C:841 ESMCI::CompTunnel::dual2actual() dual2actual() socketBased (dual side)...
20200924 094501.586 INFO             PET5 ESMCI_CompTunnel.C:841 ESMCI::CompTunnel::dual2actual() dual2actual() socketBased (dual side)...
20200924 094501.586 INFO             PET5 ESMCI_CompTunnel.C:988 ESMCI::CompTunnel::actual2dual() actual2dual() socketBased (dual side)...
20200924 094501.626 INFO             PET5 ESMCI_CompTunnel.C:841 ESMCI::CompTunnel::dual2actual() dual2actual() socketBased (dual side)...
20200924 094501.626 INFO             PET5 ESMCI_CompTunnel.C:841 ESMCI::CompTunnel::dual2actual() dual2actual() socketBased (dual side)...
20200924 094501.626 INFO             PET5 ESMCI_CompTunnel.C:988 ESMCI::CompTunnel::actual2dual() actual2dual() socketBased (dual side)...
20200924 094501.667 INFO             PET5  NUMBER_OF_PROCESSORS           6
20200924 094501.667 INFO             PET5  PASS  Example ESMF_CompTunnelEx, ESMF_CompTunnelEx.F90, line 549
20200924 094501.667 INFO             PET5 Finalizing ESMF
