20200921 233726.918 INFO             PET0 !!!!!!!!!!!!!!!!!!!!!!!!!!!!!!!!!!!!!!!!!!!!!!!!!!!!!!
20200921 233726.918 INFO             PET0 !!! THE ESMF_LOG IS SET TO OUTPUT ALL LOG MESSAGES !!!
20200921 233726.918 INFO             PET0 !!!     THIS MAY CAUSE SLOWDOWN IN PERFORMANCE     !!!
20200921 233726.918 INFO             PET0 !!! FOR PRODUCTION RUNS, USE:                      !!!
20200921 233726.918 INFO             PET0 !!!                   ESMF_LOGKIND_Multi_On_Error  !!!
20200921 233726.918 INFO             PET0 !!!!!!!!!!!!!!!!!!!!!!!!!!!!!!!!!!!!!!!!!!!!!!!!!!!!!!
20200921 233726.918 INFO             PET0 Running with ESMF Version   : ESMF_8_1_0_beta_snapshot_28-5-ge39bc55bea
20200921 233726.918 INFO             PET0 ESMF library build date/time: "Sep 21 2020" "23:22:31"
20200921 233726.918 INFO             PET0 ESMF library build location : /scratch/esmf/esmf_test/cronjobs/trunk/gfortran/esmf
20200921 233726.918 INFO             PET0 ESMF_COMM                   : mpich3
20200921 233726.918 INFO             PET0 ESMF_NETCDF                 : disabled
20200921 233726.918 INFO             PET0 ESMF_PNETCDF                : disabled
20200921 233726.918 INFO             PET0 ESMF_PIO                    : enabled
20200921 233726.918 INFO             PET0 ESMF_YAMLCPP                : enabled
20200921 233726.918 INFO             PET0 ESMF_MOAB                   : enabled
20200921 233726.946 INFO             PET0  NUMBER_OF_PROCESSORS           4
20200921 233726.946 INFO             PET0  PASS  Example ESMF_FieldMeshRegridEx, ESMF_FieldMeshRegridEx.F90, line 807
20200921 233726.946 INFO             PET0 Finalizing ESMF
20200921 233726.918 INFO             PET1 !!!!!!!!!!!!!!!!!!!!!!!!!!!!!!!!!!!!!!!!!!!!!!!!!!!!!!
20200921 233726.918 INFO             PET1 !!! THE ESMF_LOG IS SET TO OUTPUT ALL LOG MESSAGES !!!
20200921 233726.918 INFO             PET1 !!!     THIS MAY CAUSE SLOWDOWN IN PERFORMANCE     !!!
20200921 233726.918 INFO             PET1 !!! FOR PRODUCTION RUNS, USE:                      !!!
20200921 233726.918 INFO             PET1 !!!                   ESMF_LOGKIND_Multi_On_Error  !!!
20200921 233726.918 INFO             PET1 !!!!!!!!!!!!!!!!!!!!!!!!!!!!!!!!!!!!!!!!!!!!!!!!!!!!!!
20200921 233726.918 INFO             PET1 Running with ESMF Version   : ESMF_8_1_0_beta_snapshot_28-5-ge39bc55bea
20200921 233726.918 INFO             PET1 ESMF library build date/time: "Sep 21 2020" "23:22:31"
20200921 233726.918 INFO             PET1 ESMF library build location : /scratch/esmf/esmf_test/cronjobs/trunk/gfortran/esmf
20200921 233726.918 INFO             PET1 ESMF_COMM                   : mpich3
20200921 233726.918 INFO             PET1 ESMF_NETCDF                 : disabled
20200921 233726.918 INFO             PET1 ESMF_PNETCDF                : disabled
20200921 233726.918 INFO             PET1 ESMF_PIO                    : enabled
20200921 233726.918 INFO             PET1 ESMF_YAMLCPP                : enabled
20200921 233726.918 INFO             PET1 ESMF_MOAB                   : enabled
20200921 233726.946 INFO             PET1  NUMBER_OF_PROCESSORS           4
20200921 233726.946 INFO             PET1  PASS  Example ESMF_FieldMeshRegridEx, ESMF_FieldMeshRegridEx.F90, line 807
20200921 233726.946 INFO             PET1 Finalizing ESMF
20200921 233726.918 INFO             PET2 !!!!!!!!!!!!!!!!!!!!!!!!!!!!!!!!!!!!!!!!!!!!!!!!!!!!!!
20200921 233726.918 INFO             PET2 !!! THE ESMF_LOG IS SET TO OUTPUT ALL LOG MESSAGES !!!
20200921 233726.918 INFO             PET2 !!!     THIS MAY CAUSE SLOWDOWN IN PERFORMANCE     !!!
20200921 233726.918 INFO             PET2 !!! FOR PRODUCTION RUNS, USE:                      !!!
20200921 233726.918 INFO             PET2 !!!                   ESMF_LOGKIND_Multi_On_Error  !!!
20200921 233726.918 INFO             PET2 !!!!!!!!!!!!!!!!!!!!!!!!!!!!!!!!!!!!!!!!!!!!!!!!!!!!!!
20200921 233726.918 INFO             PET2 Running with ESMF Version   : ESMF_8_1_0_beta_snapshot_28-5-ge39bc55bea
20200921 233726.918 INFO             PET2 ESMF library build date/time: "Sep 21 2020" "23:22:31"
20200921 233726.918 INFO             PET2 ESMF library build location : /scratch/esmf/esmf_test/cronjobs/trunk/gfortran/esmf
20200921 233726.918 INFO             PET2 ESMF_COMM                   : mpich3
20200921 233726.919 INFO             PET2 ESMF_NETCDF                 : disabled
20200921 233726.919 INFO             PET2 ESMF_PNETCDF                : disabled
20200921 233726.919 INFO             PET2 ESMF_PIO                    : enabled
20200921 233726.919 INFO             PET2 ESMF_YAMLCPP                : enabled
20200921 233726.919 INFO             PET2 ESMF_MOAB                   : enabled
20200921 233726.946 INFO             PET2  NUMBER_OF_PROCESSORS           4
20200921 233726.946 INFO             PET2  PASS  Example ESMF_FieldMeshRegridEx, ESMF_FieldMeshRegridEx.F90, line 807
20200921 233726.946 INFO             PET2 Finalizing ESMF
20200921 233726.918 INFO             PET3 !!!!!!!!!!!!!!!!!!!!!!!!!!!!!!!!!!!!!!!!!!!!!!!!!!!!!!
20200921 233726.918 INFO             PET3 !!! THE ESMF_LOG IS SET TO OUTPUT ALL LOG MESSAGES !!!
20200921 233726.918 INFO             PET3 !!!     THIS MAY CAUSE SLOWDOWN IN PERFORMANCE     !!!
20200921 233726.918 INFO             PET3 !!! FOR PRODUCTION RUNS, USE:                      !!!
20200921 233726.918 INFO             PET3 !!!                   ESMF_LOGKIND_Multi_On_Error  !!!
20200921 233726.918 INFO             PET3 !!!!!!!!!!!!!!!!!!!!!!!!!!!!!!!!!!!!!!!!!!!!!!!!!!!!!!
20200921 233726.918 INFO             PET3 Running with ESMF Version   : ESMF_8_1_0_beta_snapshot_28-5-ge39bc55bea
20200921 233726.918 INFO             PET3 ESMF library build date/time: "Sep 21 2020" "23:22:31"
20200921 233726.918 INFO             PET3 ESMF library build location : /scratch/esmf/esmf_test/cronjobs/trunk/gfortran/esmf
20200921 233726.918 INFO             PET3 ESMF_COMM                   : mpich3
20200921 233726.918 INFO             PET3 ESMF_NETCDF                 : disabled
20200921 233726.918 INFO             PET3 ESMF_PNETCDF                : disabled
20200921 233726.918 INFO             PET3 ESMF_PIO                    : enabled
20200921 233726.918 INFO             PET3 ESMF_YAMLCPP                : enabled
20200921 233726.918 INFO             PET3 ESMF_MOAB                   : enabled
20200921 233726.946 INFO             PET3  NUMBER_OF_PROCESSORS           4
20200921 233726.946 INFO             PET3  PASS  Example ESMF_FieldMeshRegridEx, ESMF_FieldMeshRegridEx.F90, line 807
20200921 233726.946 INFO             PET3 Finalizing ESMF
