20200904 203617.748 INFO             PET0 !!!!!!!!!!!!!!!!!!!!!!!!!!!!!!!!!!!!!!!!!!!!!!!!!!!!!!
20200904 203617.748 INFO             PET0 !!! THE ESMF_LOG IS SET TO OUTPUT ALL LOG MESSAGES !!!
20200904 203617.748 INFO             PET0 !!!     THIS MAY CAUSE SLOWDOWN IN PERFORMANCE     !!!
20200904 203617.748 INFO             PET0 !!! FOR PRODUCTION RUNS, USE:                      !!!
20200904 203617.748 INFO             PET0 !!!                   ESMF_LOGKIND_Multi_On_Error  !!!
20200904 203617.748 INFO             PET0 !!!!!!!!!!!!!!!!!!!!!!!!!!!!!!!!!!!!!!!!!!!!!!!!!!!!!!
20200904 203617.748 INFO             PET0 Running with ESMF Version   : ESMF_8_1_0_beta_snapshot_27-50-gbd345323e0
20200904 203617.748 INFO             PET0 ESMF library build date/time: "Sep  4 2020" "20:10:41"
20200904 203617.748 INFO             PET0 ESMF library build location : /glade/scratch/himanshu/scripts_dir/daily/intel_cheyenne/esmf
20200904 203617.748 INFO             PET0 ESMF_COMM                   : mpt
20200904 203617.748 INFO             PET0 ESMF_NETCDF                 : disabled
20200904 203617.748 INFO             PET0 ESMF_PNETCDF                : disabled
20200904 203617.748 INFO             PET0 ESMF_PIO                    : enabled
20200904 203617.748 INFO             PET0 ESMF_YAMLCPP                : enabled
20200904 203617.748 INFO             PET0 ESMF_MOAB                   : enabled
20200904 203617.749 INFO             PET0 ESMF Tracing Enabled
20200904 203617.749 INFO             PET0 ESMF Profiling Enabled
20200904 203617.749 INFO             PET0 ESMF Trace/Profile clock: REALTIME
20200904 203617.753 INFO             PET0  NUMBER_OF_PROCESSORS           4
20200904 203617.753 INFO             PET0  PASS  Example ESMF_TraceEx, ESMF_TraceEx.F90, line 178
20200904 203617.753 INFO             PET0 Finalizing ESMF
20200904 203617.753 INFO             PET0 **************** Region Timings *******************
20200904 203617.753 INFO             PET0 Region              Count  Total (s)   Self (s)    Mean (s)    Min (s)     Max (s)
20200904 203617.753 INFO             PET0   [test] Init 1     1      0.0000      0.0000      0.0000      0.0000      0.0000
20200904 203617.753 INFO             PET0   [test] Run 1      5      0.0000      0.0000      0.0000      0.0000      0.0000
20200904 203617.753 INFO             PET0   [test] Final 1    1      0.0000      0.0000      0.0000      0.0000      0.0000
20200904 203617.748 INFO             PET1 !!!!!!!!!!!!!!!!!!!!!!!!!!!!!!!!!!!!!!!!!!!!!!!!!!!!!!
20200904 203617.748 INFO             PET1 !!! THE ESMF_LOG IS SET TO OUTPUT ALL LOG MESSAGES !!!
20200904 203617.748 INFO             PET1 !!!     THIS MAY CAUSE SLOWDOWN IN PERFORMANCE     !!!
20200904 203617.748 INFO             PET1 !!! FOR PRODUCTION RUNS, USE:                      !!!
20200904 203617.748 INFO             PET1 !!!                   ESMF_LOGKIND_Multi_On_Error  !!!
20200904 203617.748 INFO             PET1 !!!!!!!!!!!!!!!!!!!!!!!!!!!!!!!!!!!!!!!!!!!!!!!!!!!!!!
20200904 203617.748 INFO             PET1 Running with ESMF Version   : ESMF_8_1_0_beta_snapshot_27-50-gbd345323e0
20200904 203617.748 INFO             PET1 ESMF library build date/time: "Sep  4 2020" "20:10:41"
20200904 203617.748 INFO             PET1 ESMF library build location : /glade/scratch/himanshu/scripts_dir/daily/intel_cheyenne/esmf
20200904 203617.748 INFO             PET1 ESMF_COMM                   : mpt
20200904 203617.748 INFO             PET1 ESMF_NETCDF                 : disabled
20200904 203617.748 INFO             PET1 ESMF_PNETCDF                : disabled
20200904 203617.748 INFO             PET1 ESMF_PIO                    : enabled
20200904 203617.748 INFO             PET1 ESMF_YAMLCPP                : enabled
20200904 203617.748 INFO             PET1 ESMF_MOAB                   : enabled
20200904 203617.749 INFO             PET1 ESMF Tracing Enabled
20200904 203617.749 INFO             PET1 ESMF Profiling Enabled
20200904 203617.749 INFO             PET1 ESMF Trace/Profile clock: REALTIME
20200904 203617.753 INFO             PET1  NUMBER_OF_PROCESSORS           4
20200904 203617.753 INFO             PET1  PASS  Example ESMF_TraceEx, ESMF_TraceEx.F90, line 178
20200904 203617.753 INFO             PET1 Finalizing ESMF
20200904 203617.753 INFO             PET1 **************** Region Timings *******************
20200904 203617.753 INFO             PET1 Region              Count  Total (s)   Self (s)    Mean (s)    Min (s)     Max (s)
20200904 203617.753 INFO             PET1   [test] Init 1     1      0.0001      0.0001      0.0001      0.0001      0.0001
20200904 203617.753 INFO             PET1   [test] Run 1      5      0.0000      0.0000      0.0000      0.0000      0.0000
20200904 203617.754 INFO             PET1   [test] Final 1    1      0.0000      0.0000      0.0000      0.0000      0.0000
20200904 203617.748 INFO             PET2 !!!!!!!!!!!!!!!!!!!!!!!!!!!!!!!!!!!!!!!!!!!!!!!!!!!!!!
20200904 203617.748 INFO             PET2 !!! THE ESMF_LOG IS SET TO OUTPUT ALL LOG MESSAGES !!!
20200904 203617.748 INFO             PET2 !!!     THIS MAY CAUSE SLOWDOWN IN PERFORMANCE     !!!
20200904 203617.748 INFO             PET2 !!! FOR PRODUCTION RUNS, USE:                      !!!
20200904 203617.748 INFO             PET2 !!!                   ESMF_LOGKIND_Multi_On_Error  !!!
20200904 203617.748 INFO             PET2 !!!!!!!!!!!!!!!!!!!!!!!!!!!!!!!!!!!!!!!!!!!!!!!!!!!!!!
20200904 203617.748 INFO             PET2 Running with ESMF Version   : ESMF_8_1_0_beta_snapshot_27-50-gbd345323e0
20200904 203617.748 INFO             PET2 ESMF library build date/time: "Sep  4 2020" "20:10:41"
20200904 203617.748 INFO             PET2 ESMF library build location : /glade/scratch/himanshu/scripts_dir/daily/intel_cheyenne/esmf
20200904 203617.748 INFO             PET2 ESMF_COMM                   : mpt
20200904 203617.749 INFO             PET2 ESMF_NETCDF                 : disabled
20200904 203617.749 INFO             PET2 ESMF_PNETCDF                : disabled
20200904 203617.749 INFO             PET2 ESMF_PIO                    : enabled
20200904 203617.749 INFO             PET2 ESMF_YAMLCPP                : enabled
20200904 203617.749 INFO             PET2 ESMF_MOAB                   : enabled
20200904 203617.749 INFO             PET2 ESMF Tracing Enabled
20200904 203617.749 INFO             PET2 ESMF Profiling Enabled
20200904 203617.749 INFO             PET2 ESMF Trace/Profile clock: REALTIME
20200904 203617.753 INFO             PET2  NUMBER_OF_PROCESSORS           4
20200904 203617.753 INFO             PET2  PASS  Example ESMF_TraceEx, ESMF_TraceEx.F90, line 178
20200904 203617.753 INFO             PET2 Finalizing ESMF
20200904 203617.753 INFO             PET2 **************** Region Timings *******************
20200904 203617.753 INFO             PET2 Region              Count  Total (s)   Self (s)    Mean (s)    Min (s)     Max (s)
20200904 203617.753 INFO             PET2   [test] Init 1     1      0.0001      0.0001      0.0001      0.0001      0.0001
20200904 203617.753 INFO             PET2   [test] Run 1      5      0.0000      0.0000      0.0000      0.0000      0.0000
20200904 203617.754 INFO             PET2   [test] Final 1    1      0.0000      0.0000      0.0000      0.0000      0.0000
20200904 203617.748 INFO             PET3 !!!!!!!!!!!!!!!!!!!!!!!!!!!!!!!!!!!!!!!!!!!!!!!!!!!!!!
20200904 203617.748 INFO             PET3 !!! THE ESMF_LOG IS SET TO OUTPUT ALL LOG MESSAGES !!!
20200904 203617.748 INFO             PET3 !!!     THIS MAY CAUSE SLOWDOWN IN PERFORMANCE     !!!
20200904 203617.748 INFO             PET3 !!! FOR PRODUCTION RUNS, USE:                      !!!
20200904 203617.748 INFO             PET3 !!!                   ESMF_LOGKIND_Multi_On_Error  !!!
20200904 203617.748 INFO             PET3 !!!!!!!!!!!!!!!!!!!!!!!!!!!!!!!!!!!!!!!!!!!!!!!!!!!!!!
20200904 203617.748 INFO             PET3 Running with ESMF Version   : ESMF_8_1_0_beta_snapshot_27-50-gbd345323e0
20200904 203617.748 INFO             PET3 ESMF library build date/time: "Sep  4 2020" "20:10:41"
20200904 203617.748 INFO             PET3 ESMF library build location : /glade/scratch/himanshu/scripts_dir/daily/intel_cheyenne/esmf
20200904 203617.748 INFO             PET3 ESMF_COMM                   : mpt
20200904 203617.748 INFO             PET3 ESMF_NETCDF                 : disabled
20200904 203617.748 INFO             PET3 ESMF_PNETCDF                : disabled
20200904 203617.748 INFO             PET3 ESMF_PIO                    : enabled
20200904 203617.748 INFO             PET3 ESMF_YAMLCPP                : enabled
20200904 203617.748 INFO             PET3 ESMF_MOAB                   : enabled
20200904 203617.749 INFO             PET3 ESMF Tracing Enabled
20200904 203617.749 INFO             PET3 ESMF Profiling Enabled
20200904 203617.749 INFO             PET3 ESMF Trace/Profile clock: REALTIME
20200904 203617.753 INFO             PET3  NUMBER_OF_PROCESSORS           4
20200904 203617.753 INFO             PET3  PASS  Example ESMF_TraceEx, ESMF_TraceEx.F90, line 178
20200904 203617.753 INFO             PET3 Finalizing ESMF
20200904 203617.753 INFO             PET3 **************** Region Timings *******************
20200904 203617.753 INFO             PET3 Region              Count  Total (s)   Self (s)    Mean (s)    Min (s)     Max (s)
20200904 203617.753 INFO             PET3   [test] Init 1     1      0.0001      0.0001      0.0001      0.0001      0.0001
20200904 203617.753 INFO             PET3   [test] Run 1      5      0.0000      0.0000      0.0000      0.0000      0.0000
20200904 203617.754 INFO             PET3   [test] Final 1    1      0.0000      0.0000      0.0000      0.0000      0.0000
