--- ESMCI::ArrayBundle::print start ---
ArrayBundle: MyArrayBundle
arrayCount = 3
--- ESMCI::ArrayBundle::print start ---
ArrayBundle: MyArrayBundle
arrayCount = 3
--- ESMCI::ArrayBundle::print start ---
ArrayBundle: MyArrayBundle
arrayCount = 3
--- ESMCI::ArrayBundle::print start ---
ArrayBundle: MyArrayBundle
arrayCount = 3
Container::print() multipmap:item=0 key=AonFly value=0x1b92c10
Container::print() multipmap:item=1 key=Array002 value=0x1b8f8b0
Container::print() multipmap:item=0 key=AonFly value=0x1b92c70
Container::print() multipmap:item=1 key=Array002 value=0x1b8f910
Container::print() multipmap:item=0 key=AonFly value=0x1b93cf0
Container::print() multipmap:item=1 key=Array002 value=0x1b8fbf0
Container::print() multipmap:item=2 key=Array003 value=0x1b909b0
Container::print() multipmap:item=0 key=AonFly value=0x1b93d40
Container::print() multipmap:item=1 key=Array002 value=0x1b8fc60
Container::print() multipmap:item=2 key=Array003 value=0x1b90a00
Container::print()      list:item=0 key=Array002 value=0x1b8fc60
Container::print()      list:item=1 key=Array003 value=0x1b90a00
Container::print()      list:item=2 key=AonFly value=0x1b93d40
Container::print() multipmap:item=2 key=Array003 value=0x1b90320
Container::print()      list:item=0 key=Array002 value=0x1b8f8b0
Container::print()      list:item=1 key=Array003 value=0x1b90320
Container::print()      list:item=2 key=AonFly value=0x1b92c10
--- ESMCI::ArrayBundle::print end ---
Container::print() multipmap:item=2 key=Array003 value=0x1b90380
Container::print()      list:item=0 key=Array002 value=0x1b8f910
Container::print()      list:item=1 key=Array003 value=0x1b90380
Container::print()      list:item=2 key=AonFly value=0x1b92c70
--- ESMCI::ArrayBundle::print end ---
Container::print()      list:item=0 key=Array002 value=0x1b8fbf0
Container::print()      list:item=1 key=Array003 value=0x1b909b0
Container::print()      list:item=2 key=AonFly value=0x1b93cf0
--- ESMCI::ArrayBundle::print end ---
--- ESMCI::ArrayBundle::print end ---
--- ESMCI::Array::print start ---
--- ESMCI::Array::print start ---
 Base name    = AonFly
--- ESMCI::Array::print start ---
 Base name    = AonFly
 Status: Base = Ready,  object = Ready
 Base name    = AonFly
 Status: Base = Ready,  object = Ready
 Proxy        = no
 Root Info (Attributes):
--- ESMCI::Array::print start ---
 Base name    = AonFly
 Status: Base = Ready,  object = Ready
 Proxy        = no
 Root Info (Attributes):
 Status: Base = Ready,  object = Ready
 Proxy        = no
 Root Info (Attributes):
 Proxy        = no
 Root Info (Attributes):
{}Array typekind/rank: Real*4 / 2 
{}Array typekind/rank: Real*4 / 2 
~ lower class' values ~
DistGrid dimCount = 2
deCount = 6
localDeCount = 2
~ local data in LocalArray for DE 0 ~
LocalArrayPrint: Array at address 0x1b93690:
{}Array typekind/rank: Real*4 / 2 
~ lower class' values ~
DistGrid dimCount = 2
deCount = 6
localDeCount = 2
~ local data in LocalArray for DE 1 ~
LocalArrayPrint: Array at address 0x1b936e0:
            rank = 2, typekind = 5, base_addr = 0x2b148b7c3ee0
{}Array typekind/rank: Real*4 / 2 
~ lower class' values ~
DistGrid dimCount = 2
deCount = 6
localDeCount = 1
~ local data in LocalArray for DE 2 ~
LocalArrayPrint: Array at address 0x1b928e0:
            rank = 2, typekind = 5, base_addr = 0x2b148b7c3fc0
~ lower class' values ~
DistGrid dimCount = 2
deCount = 6
localDeCount = 1
~ local data in LocalArray for DE 3 ~
LocalArrayPrint: Array at address 0x1b92940:
            rank = 2, typekind = 5, base_addr = 0x2b148b7c3f60
            dim[0] = 2  dim[1] = 2  
  Real, *4, Dim 2, Data values:
            rank = 2, typekind = 5, base_addr = 0x2b148b7c3f40
            dim[0] = 3  dim[1] = 2  
  Real, *4, Dim 2, Data values:
( 1, 1) =  0
            dim[0] = 2  dim[1] = 2  
  Real, *4, Dim 2, Data values:
( 1, 1) =  0
            dim[0] = 3  dim[1] = 2  
  Real, *4, Dim 2, Data values:
( 1, 1) =  0
( 1, 1) =  0
( 2, 1) =  0
( 1, 2) =  0
( 2, 2) =  0
( 2, 1) =  0
( 3, 1) =  0
( 1, 2) =  0
( 2, 2) =  0
( 3, 2) =  0
dim 1: [0]: [1 [1 [1, 2] 2] 2]
dim 2: [1]: [1 [1 [1, 2] 2] 2]
--- ESMCI::Array::print end ---
--- ESMCI::Array::print start ---
 Base name    = Array002
dim 1: [0]: [1 [1 [1, 3] 3] 3]
dim 2: [1]: [1 [1 [1, 2] 2] 2]
~ local data in LocalArray for DE 4 ~
LocalArrayPrint: Array at address 0x1b939c0:
            rank = 2, typekind = 5, base_addr = 0x2b148b7c3f20
            dim[0] = 3  dim[1] = 1  
  Real, *4, Dim 2, Data values:
( 1, 1) =  0
( 2, 1) =  0
( 3, 1) =  0
( 2, 1) =  0
( 1, 2) =  0
( 2, 2) =  0
dim 1: [0]: [1 [1 [1, 2] 2] 2]
dim 2: [1]: [1 [1 [1, 2] 2] 2]
~ local data in LocalArray for DE 5 ~
LocalArrayPrint: Array at address 0x1b93a10:
            rank = 2, typekind = 5, base_addr = 0x2b148b7c3ec0
            dim[0] = 2  dim[1] = 1  
  Real, *4, Dim 2, Data values:
( 1, 1) =  0
( 2, 1) =  0
dim 1: [0]: [1 [1 [1, 2] 2] 2]
dim 2: [1]: [1 [1 [1, 1] 1] 1]
--- ESMCI::Array::print end ---
( 2, 1) =  0
( 3, 1) =  6.79628e-38
( 1, 2) =  0
( 2, 2) =  0
( 3, 2) =  0
dim 1: [0]: [1 [1 [1, 3] 3] 3]
dim 2: [1]: [1 [1 [1, 2] 2] 2]
--- ESMCI::Array::print end ---
--- ESMCI::Array::print start ---
 Base name    = Array002
 Status: Base = Ready,  object = Ready
 Proxy        = no
 Status: Base = Ready,  object = Ready
 Proxy        = no
 Root Info (Attributes):
{}Array typekind/rank: Real*8 / 2 
~ lower class' values ~
DistGrid dimCount = 2
deCount = 6
localDeCount = 1
~ local data in LocalArray for DE 3 ~
LocalArrayPrint: Array at address 0x1b8f5e0:
            rank = 2, typekind = 6, base_addr = 0x2b148b7c3fc0
            dim[0] = 2  dim[1] = 2  
  Real, *8, Dim 2, Data values:
( 1, 1) =  0
( 2, 1) =  0
dim 1: [0]: [1 [1 [1, 3] 3] 3]
dim 2: [1]: [1 [1 [1, 1] 1] 1]
--- ESMCI::Array::print end ---
--- ESMCI::Array::print start ---
 Base name    = Array002
 Status: Base = Ready,  object = Ready
 Proxy        = no
 Root Info (Attributes):
{}Array typekind/rank: Real*8 / 2 
~ lower class' values ~
DistGrid dimCount = 2
--- ESMCI::Array::print start ---
 Base name    = Array002
 Status: Base = Ready,  object = Ready
 Proxy        = no
 Root Info (Attributes):
{}Array typekind/rank: Real*8 / 2 
~ lower class' values ~
DistGrid dimCount = 2
deCount = 6
localDeCount = 2
~ local data in LocalArray for DE 1 ~
LocalArrayPrint: Array at address 0x1b8f600:
 Root Info (Attributes):
{}Array typekind/rank: Real*8 / 2 
~ lower class' values ~
DistGrid dimCount = 2
deCount = 6
localDeCount = 1
~ local data in LocalArray for DE 2 ~
LocalArrayPrint: Array at address 0x1b8f580:
            rank = 2, typekind = 6, base_addr = 0x2b148b7d7d40
            dim[0] = 3  dim[1] = 2  
  Real, *8, Dim 2, Data values:
( 1, 1) =  2.34025e-310
( 2, 1) =  6.01347e-154
( 3, 1) =  6.01347e-154
( 1, 2) =  0
( 2, 2) =  0
dim 1: [0]: [1 [1 [1, 2] 2] 2]
dim 2: [1]: [1 [1 [1, 2] 2] 2]
--- ESMCI::Array::print end ---
--- ESMCI::Array::print start ---
 Base name    = Array003
 Status: Base = Ready,  object = Ready
 Proxy        = no
 Root Info (Attributes):
{}Array typekind/rank: Real*8 / 2 
~ lower class' values ~
DistGrid dimCount = 2
deCount = 6
localDeCount = 1
~ local data in LocalArray for DE 3 ~
LocalArrayPrint: Array at address 0x1b90050:
deCount = 6
localDeCount = 2
~ local data in LocalArray for DE 0 ~
LocalArrayPrint: Array at address 0x1b8f590:
            rank = 2, typekind = 6, base_addr = 0x2b148b7d7d40
            dim[0] = 3  dim[1] = 2  
  Real, *8, Dim 2, Data values:
( 1, 1) =  2.34025e-310
( 2, 1) =  6.01347e-154
( 3, 1) =  6.01347e-154
( 1, 2) =  6.10916e+223
( 2, 2) =  6.01386e-154
( 3, 2) =  6.01347e-154
dim 1: [0]: [1 [1 [1, 3] 3] 3]
            rank = 2, typekind = 6, base_addr = 0x2b148b7c3fc0
            dim[0] = 2  dim[1] = 2  
  Real, *8, Dim 2, Data values:
( 1, 1) =  0
( 2, 1) =  0
( 1, 2) =  0
( 2, 2) =  0
dim 1: [0]: [1 [1 [1, 2] 2] 2]
dim 2: [1]: [1 [1 [1, 2] 2] 2]
~ local data in LocalArray for DE 5 ~
LocalArrayPrint: Array at address 0x1b8f930:
            rank = 2, typekind = 6, base_addr = 0x2b148b7c3fa0
            dim[0] = 2  dim[1] = 1  
  Real, *8, Dim 2, Data values:
( 1, 1) =  0
( 2, 1) =  0
dim 1: [0]: [1 [1 [1, 2] 2] 2]
dim 2: [1]: [1 [1 [1, 1] 1] 1]
( 1, 2) =  6.10916e+223
( 2, 2) =  6.01386e-154
( 3, 2) =  6.01347e-154
dim 1: [0]: [1 [1 [1, 3] 3] 3]
dim 2: [1]: [1 [1 [1, 2] 2] 2]
--- ESMCI::Array::print end ---
--- ESMCI::Array::print start ---
 Base name    = Array003
 Status: Base = Ready,  object = Ready
 Proxy        = no
 Root Info (Attributes):
{}Array typekind/rank: Real*8 / 2 
            rank = 2, typekind = 6, base_addr = 0x2b148b7c3fa0
            dim[0] = 2  dim[1] = 2  
  Real, *8, Dim 2, Data values:
( 1, 1) =  0
( 2, 1) =  0
( 1, 2) =  0
( 2, 2) =  0
dim 1: [0]: [1 [1 [1, 2] 2] 2]
dim 2: [1]: [1 [1 [1, 2] 2] 2]
--- ESMCI::Array::print end ---
dim 2: [1]: [1 [1 [1, 2] 2] 2]
~ local data in LocalArray for DE 4 ~
LocalArrayPrint: Array at address 0x1b8f8c0:
            rank = 2, typekind = 6, base_addr = 0x2b148b7c3fc0
            dim[0] = 3  dim[1] = 1  
  Real, *8, Dim 2, Data values:
( 1, 1) =  0
( 2, 1) =  0
( 3, 1) =  0
dim 1: [0]: [1 [1 [1, 3] 3] 3]
dim 2: [1]: [1 [1 [1, 1] 1] 1]
--- ESMCI::Array::print end ---
--- ESMCI::Array::print start ---
 Base name    = Array003
 Status: Base = Ready,  object = Ready
 Proxy        = no
--- ESMCI::Array::print end ---
--- ESMCI::Array::print start ---
 Base name    = Array003
 Status: Base = Ready,  object = Ready
 Proxy        = no
 Root Info (Attributes):
{}Array typekind/rank: Real*8 / 2 
~ lower class' values ~
DistGrid dimCount = 2
deCount = 6
localDeCount = 2
~ local data in LocalArray for DE 1 ~
LocalArrayPrint: Array at address 0x1b903a0:
            rank = 2, typekind = 6, base_addr = 0x2b148b7c3f80
            dim[0] = 2  dim[1] = 2  
  Real, *8, Dim 2, Data values:
~ lower class' values ~
DistGrid dimCount = 2
deCount = 6
localDeCount = 1
~ local data in LocalArray for DE 2 ~
LocalArrayPrint: Array at address 0x1b8fff0:
            rank = 2, typekind = 6, base_addr = 0x2b148b7d7d00
            dim[0] = 3  dim[1] = 2  
  Real, *8, Dim 2, Data values:
( 1, 1) =  2.34025e-310
( 2, 1) =  6.01347e-154
( 3, 1) =  6.01347e-154
( 1, 2) =  6.10916e+223
( 2, 2) =  9.77069e+199
( 3, 2) =  6.99178e+228
dim 1: [0]: [1 [1 [1, 3] 3] 3]
dim 2: [1]: [1 [1 [1, 2] 2] 2]
 Root Info (Attributes):
{}Array typekind/rank: Real*8 / 2 
~ lower class' values ~
DistGrid dimCount = 2
deCount = 6
localDeCount = 2
~ local data in LocalArray for DE 0 ~
LocalArrayPrint: Array at address 0x1b90350:
            rank = 2, typekind = 6, base_addr = 0x2b148b7d7d00
            dim[0] = 3  dim[1] = 2  
  Real, *8, Dim 2, Data values:
( 1, 1) =  2.34025e-310
( 2, 1) =  6.01347e-154
( 1, 1) =  0
( 2, 1) =  0
( 1, 2) =  0
( 2, 2) =  0
dim 1: [0]: [1 [1 [1, 2] 2] 2]
dim 2: [1]: [1 [1 [1, 2] 2] 2]
~ local data in LocalArray for DE 5 ~
LocalArrayPrint: Array at address 0x1b906d0:
            rank = 2, typekind = 6, base_addr = 0x2b148b7c3f60
            dim[0] = 2  dim[1] = 1  
  Real, *8, Dim 2, Data values:
( 1, 1) =  0
( 2, 1) =  0
dim 1: [0]: [1 [1 [1, 2] 2] 2]
dim 2: [1]: [1 [1 [1, 1] 1] 1]
--- ESMCI::Array::print end ---
--- ESMCI::Array::print end ---
( 3, 1) =  6.01347e-154
( 1, 2) =  6.10916e+223
( 2, 2) =  9.77069e+199
( 3, 2) =  6.99178e+228
dim 1: [0]: [1 [1 [1, 3] 3] 3]
dim 2: [1]: [1 [1 [1, 2] 2] 2]
~ local data in LocalArray for DE 4 ~
LocalArrayPrint: Array at address 0x1b90680:
            rank = 2, typekind = 6, base_addr = 0x2b148b7c3fa0
            dim[0] = 3  dim[1] = 1  
  Real, *8, Dim 2, Data values:
( 1, 1) =  0
( 2, 1) =  0
( 3, 1) =  0
dim 1: [0]: [1 [1 [1, 3] 3] 3]
dim 2: [1]: [1 [1 [1, 1] 1] 1]
--- ESMCI::Array::print end ---
  PASS  Example ESMF_ArrayBundleEx, ESMF_ArrayBundleEx.F90, line 267
  PASS  Example ESMF_ArrayBundleEx, ESMF_ArrayBundleEx.F90, line 267
  PASS  Example ESMF_ArrayBundleEx, ESMF_ArrayBundleEx.F90, line 267
  PASS  Example ESMF_ArrayBundleEx, ESMF_ArrayBundleEx.F90, line 267
 PASS: ESMF_ArrayBundleEx.F90
 PASS: ESMF_ArrayBundleEx.F90
 PASS: ESMF_ArrayBundleEx.F90
 PASS: ESMF_ArrayBundleEx.F90
Fri Feb 19 16:24:23 MST 2021
