 
Installing ESMF:
 
mkdir -p /glade/scratch/himanshu/relese_8.1.0/dir/intel_cheyenne/install_dir/include
cp -f /glade/scratch/himanshu/relese_8.1.0/dir/intel_cheyenne/esmf/src/include/ESMC.h /glade/scratch/himanshu/relese_8.1.0/dir/intel_cheyenne/install_dir/include
cp -f /glade/scratch/himanshu/relese_8.1.0/dir/intel_cheyenne/esmf/src/include/ESMC_*.h /glade/scratch/himanshu/relese_8.1.0/dir/intel_cheyenne/install_dir/include
cp -f /glade/scratch/himanshu/relese_8.1.0/dir/intel_cheyenne/esmf/build_config/Linux.intel.default/ESMC_Conf.h /glade/scratch/himanshu/relese_8.1.0/dir/intel_cheyenne/install_dir/include
mkdir -p /glade/scratch/himanshu/relese_8.1.0/dir/intel_cheyenne/install_dir/mod/modg/Linux.intel.64.mpt.default
cp -f /glade/scratch/himanshu/relese_8.1.0/dir/intel_cheyenne/esmf/mod/modg/Linux.intel.64.mpt.default/*.mod /glade/scratch/himanshu/relese_8.1.0/dir/intel_cheyenne/install_dir/mod/modg/Linux.intel.64.mpt.default
mkdir -p /glade/scratch/himanshu/relese_8.1.0/dir/intel_cheyenne/install_dir/lib/libg/Linux.intel.64.mpt.default
cp -f /glade/scratch/himanshu/relese_8.1.0/dir/intel_cheyenne/esmf/lib/libg/Linux.intel.64.mpt.default/libesmf*.* /glade/scratch/himanshu/relese_8.1.0/dir/intel_cheyenne/install_dir/lib/libg/Linux.intel.64.mpt.default
gmake ESMF_PRELOADDIR=/glade/scratch/himanshu/relese_8.1.0/dir/intel_cheyenne/install_dir/lib/libg/Linux.intel.64.mpt.default build_preload_script
gmake[1]: Entering directory '/glade/scratch/himanshu/relese_8.1.0/dir/intel_cheyenne/esmf'
chmod 755 /glade/scratch/himanshu/relese_8.1.0/dir/intel_cheyenne/install_dir/lib/libg/Linux.intel.64.mpt.default/preload.sh
gmake[1]: Leaving directory '/glade/scratch/himanshu/relese_8.1.0/dir/intel_cheyenne/esmf'
ranlib /glade/scratch/himanshu/relese_8.1.0/dir/intel_cheyenne/install_dir/lib/libg/Linux.intel.64.mpt.default/libesmf*.a
gmake install_apps
gmake[1]: Entering directory '/glade/scratch/himanshu/relese_8.1.0/dir/intel_cheyenne/esmf'
mkdir -p /glade/scratch/himanshu/relese_8.1.0/dir/intel_cheyenne/install_dir/bin/bing/Linux.intel.64.mpt.default
gmake build_apps ESMF_APPSDIR=/glade/scratch/himanshu/relese_8.1.0/dir/intel_cheyenne/install_dir/bin/bing/Linux.intel.64.mpt.default ESMF_LDIR=/glade/scratch/himanshu/relese_8.1.0/dir/intel_cheyenne/install_dir/lib/libg/Linux.intel.64.mpt.default ESMF_LIBDIR=/glade/scratch/himanshu/relese_8.1.0/dir/intel_cheyenne/install_dir/lib/libg/Linux.intel.64.mpt.default ESMF_MODDIR=/glade/scratch/himanshu/relese_8.1.0/dir/intel_cheyenne/install_dir/mod/modg/Linux.intel.64.mpt.default
gmake[2]: Entering directory '/glade/scratch/himanshu/relese_8.1.0/dir/intel_cheyenne/esmf'
cd /glade/scratch/himanshu/relese_8.1.0/dir/intel_cheyenne/esmf/src/apps; gmake ACTION=tree_build_apps tree
gmake[3]: Entering directory '/glade/scratch/himanshu/relese_8.1.0/dir/intel_cheyenne/esmf/src/apps'
tree_build_apps in: /glade/scratch/himanshu/relese_8.1.0/dir/intel_cheyenne/esmf/src/apps/ESMF_PrintInfo
gmake[4]: Entering directory '/glade/scratch/himanshu/relese_8.1.0/dir/intel_cheyenne/esmf/src/apps/ESMF_PrintInfo'
gmake chkdir_locobj
gmake[5]: Entering directory '/glade/scratch/himanshu/relese_8.1.0/dir/intel_cheyenne/esmf/src/apps/ESMF_PrintInfo'
Making directory /glade/scratch/himanshu/relese_8.1.0/dir/intel_cheyenne/esmf/obj/objg/Linux.intel.64.mpt.default/src/apps/ESMF_PrintInfo for apps output
gmake[5]: Leaving directory '/glade/scratch/himanshu/relese_8.1.0/dir/intel_cheyenne/esmf/src/apps/ESMF_PrintInfo'
mpif90 -c -g -traceback -check arg_temp_created,bounds,format,output_conversion,stack,uninit -fPIC -assume realloc_lhs -m64 -mcmodel=small -pthread -threads  -qopenmp -I/glade/scratch/himanshu/relese_8.1.0/dir/intel_cheyenne/esmf/src/apps/ESMF_PrintInfo -I/glade/scratch/himanshu/relese_8.1.0/dir/intel_cheyenne/esmf/build_config/Linux.intel.default -I/glade/scratch/himanshu/relese_8.1.0/dir/intel_cheyenne/esmf/src/Infrastructure -I/glade/scratch/himanshu/relese_8.1.0/dir/intel_cheyenne/esmf/src/Superstructure -I/glade/scratch/himanshu/relese_8.1.0/dir/intel_cheyenne/install_dir/mod/modg/Linux.intel.64.mpt.default -I/glade/scratch/himanshu/relese_8.1.0/dir/intel_cheyenne/esmf/src/include   -DESMF_NO_INTEGER_1_BYTE -DESMF_NO_INTEGER_2_BYTE -DESMFVERSIONGIT='"ESMF_8_1_0_beta_snapshot_47-4-g0d177ef04f"' -DESMF_MOAB=1 -DESMF_LAPACK=1 -DESMF_LAPACK_INTERNAL=1 -DESMF_NO_ACC_SOFTWARE_STACK=1 -DESMF_YAMLCPP=1 -DESMF_YAML=1 -DESMF_PIO=1 -DESMF_MPIIO -DESMF_NO_OPENACC -DESMF_TESTEXHAUSTIVE -DESMF_BOPT_g -DESMF_TESTCOMPTUNNEL -DSx86_64_small=1 -DESMF_OS_Linux=1 -DESMF_COMM=mpt -DESMF_DIR=/glade/scratch/himanshu/relese_8.1.0/dir/intel_cheyenne/esmf ESMF_PrintInfo.F90 -o /glade/scratch/himanshu/relese_8.1.0/dir/intel_cheyenne/esmf/obj/objg/Linux.intel.64.mpt.default/src/apps/ESMF_PrintInfo/ESMF_PrintInfo.o
gmake chkdir_apps
gmake[5]: Entering directory '/glade/scratch/himanshu/relese_8.1.0/dir/intel_cheyenne/esmf/src/apps/ESMF_PrintInfo'
gmake[5]: Leaving directory '/glade/scratch/himanshu/relese_8.1.0/dir/intel_cheyenne/esmf/src/apps/ESMF_PrintInfo'
mpif90    -m64 -mcmodel=small -pthread -threads -Wl,--no-as-needed  -qopenmp -L/glade/scratch/himanshu/relese_8.1.0/dir/intel_cheyenne/install_dir/lib/libg/Linux.intel.64.mpt.default   -Wl,-rpath,/glade/scratch/himanshu/relese_8.1.0/dir/intel_cheyenne/install_dir/lib/libg/Linux.intel.64.mpt.default  -o /glade/scratch/himanshu/relese_8.1.0/dir/intel_cheyenne/install_dir/bin/bing/Linux.intel.64.mpt.default/ESMF_PrintInfo /glade/scratch/himanshu/relese_8.1.0/dir/intel_cheyenne/esmf/obj/objg/Linux.intel.64.mpt.default/src/apps/ESMF_PrintInfo/ESMF_PrintInfo.o -lesmf  -lmpi++ -cxxlib -lrt -ldl
gmake[4]: Leaving directory '/glade/scratch/himanshu/relese_8.1.0/dir/intel_cheyenne/esmf/src/apps/ESMF_PrintInfo'
tree_build_apps in: /glade/scratch/himanshu/relese_8.1.0/dir/intel_cheyenne/esmf/src/apps/ESMF_PrintInfoC
gmake[4]: Entering directory '/glade/scratch/himanshu/relese_8.1.0/dir/intel_cheyenne/esmf/src/apps/ESMF_PrintInfoC'
gmake chkdir_locobj
gmake[5]: Entering directory '/glade/scratch/himanshu/relese_8.1.0/dir/intel_cheyenne/esmf/src/apps/ESMF_PrintInfoC'
Making directory /glade/scratch/himanshu/relese_8.1.0/dir/intel_cheyenne/esmf/obj/objg/Linux.intel.64.mpt.default/src/apps/ESMF_PrintInfoC for apps output
gmake[5]: Leaving directory '/glade/scratch/himanshu/relese_8.1.0/dir/intel_cheyenne/esmf/src/apps/ESMF_PrintInfoC'
mpicxx -c -std=c++11 -g -traceback -Wcheck -fPIC -DMUST_NOTUSE_MALLOC_TRIM -m64 -mcmodel=small -pthread  -qopenmp -I/glade/scratch/himanshu/relese_8.1.0/dir/intel_cheyenne/esmf/src/apps/ESMF_PrintInfoC -I/glade/scratch/himanshu/relese_8.1.0/dir/intel_cheyenne/esmf/src/apps/ESMF_PrintInfoC/../include -I/glade/scratch/himanshu/relese_8.1.0/dir/intel_cheyenne/esmf/build_config/Linux.intel.default -I/glade/scratch/himanshu/relese_8.1.0/dir/intel_cheyenne/esmf/src/Infrastructure -I/glade/scratch/himanshu/relese_8.1.0/dir/intel_cheyenne/esmf/src/Superstructure -I/glade/scratch/himanshu/relese_8.1.0/dir/intel_cheyenne/esmf/src/Infrastructure/stubs/pthread  -I/glade/scratch/himanshu/relese_8.1.0/dir/intel_cheyenne/esmf/src/include   -I/glade/scratch/himanshu/relese_8.1.0/dir/intel_cheyenne/esmf/src/prologue/yaml-cpp/include -DESMF_NO_INTEGER_1_BYTE -DESMF_NO_INTEGER_2_BYTE -DESMFVERSIONGIT='"ESMF_8_1_0_beta_snapshot_47-4-g0d177ef04f"' -DESMF_MOAB=1 -DESMF_LAPACK=1 -DESMF_LAPACK_INTERNAL=1 -DESMF_NO_ACC_SOFTWARE_STACK=1 -DESMF_YAMLCPP=1 -DESMF_YAML=1 -DESMF_PIO=1 -DESMF_MPIIO -DESMF_NO_OPENACC -DESMF_TESTEXHAUSTIVE -DESMF_BOPT_g -DESMF_TESTCOMPTUNNEL -DSx86_64_small=1 -DESMF_OS_Linux=1 -DESMF_COMM=mpt -DESMF_DIR=/glade/scratch/himanshu/relese_8.1.0/dir/intel_cheyenne/esmf -D__SDIR__='"src/apps/ESMF_PrintInfoC"' -DESMF_CXXSTD=11 ESMF_PrintInfoC.c -o /glade/scratch/himanshu/relese_8.1.0/dir/intel_cheyenne/esmf/obj/objg/Linux.intel.64.mpt.default/src/apps/ESMF_PrintInfoC/ESMF_PrintInfoC.o
gmake chkdir_apps
gmake[5]: Entering directory '/glade/scratch/himanshu/relese_8.1.0/dir/intel_cheyenne/esmf/src/apps/ESMF_PrintInfoC'
gmake[5]: Leaving directory '/glade/scratch/himanshu/relese_8.1.0/dir/intel_cheyenne/esmf/src/apps/ESMF_PrintInfoC'
mpicxx    -m64 -mcmodel=small -pthread -Wl,--no-as-needed  -qopenmp -L/glade/scratch/himanshu/relese_8.1.0/dir/intel_cheyenne/install_dir/lib/libg/Linux.intel.64.mpt.default  -L/glade/u/apps/opt/intel/2018u4/compilers_and_libraries_2018.5.274/linux/compiler/lib/intel64_lin/ -Wl,-rpath,/glade/scratch/himanshu/relese_8.1.0/dir/intel_cheyenne/install_dir/lib/libg/Linux.intel.64.mpt.default  -Wl,-rpath,/glade/u/apps/opt/intel/2018u4/compilers_and_libraries_2018.5.274/linux/compiler/lib/intel64_lin/ -o /glade/scratch/himanshu/relese_8.1.0/dir/intel_cheyenne/install_dir/bin/bing/Linux.intel.64.mpt.default/ESMF_PrintInfoC /glade/scratch/himanshu/relese_8.1.0/dir/intel_cheyenne/esmf/obj/objg/Linux.intel.64.mpt.default/src/apps/ESMF_PrintInfoC/ESMF_PrintInfoC.o -lesmf  -lsz -lz -limf -lm -ldl -lrt -ldl -lpthread -lifport -lifcoremt -limf -lsvml -lm -lipgo -liomp5 -lintlc -lpthread -lsvml -ldl -lgcc -lgcc_s -lirc_s -ldl -lrt -ldl
gmake[4]: Leaving directory '/glade/scratch/himanshu/relese_8.1.0/dir/intel_cheyenne/esmf/src/apps/ESMF_PrintInfoC'
tree_build_apps in: /glade/scratch/himanshu/relese_8.1.0/dir/intel_cheyenne/esmf/src/apps/ESMF_RegridWeightGen
gmake[4]: Entering directory '/glade/scratch/himanshu/relese_8.1.0/dir/intel_cheyenne/esmf/src/apps/ESMF_RegridWeightGen'
gmake chkdir_locobj
gmake[5]: Entering directory '/glade/scratch/himanshu/relese_8.1.0/dir/intel_cheyenne/esmf/src/apps/ESMF_RegridWeightGen'
Making directory /glade/scratch/himanshu/relese_8.1.0/dir/intel_cheyenne/esmf/obj/objg/Linux.intel.64.mpt.default/src/apps/ESMF_RegridWeightGen for apps output
gmake[5]: Leaving directory '/glade/scratch/himanshu/relese_8.1.0/dir/intel_cheyenne/esmf/src/apps/ESMF_RegridWeightGen'
mpif90 -c -g -traceback -check arg_temp_created,bounds,format,output_conversion,stack,uninit -fPIC -assume realloc_lhs -m64 -mcmodel=small -pthread -threads  -qopenmp -I/glade/scratch/himanshu/relese_8.1.0/dir/intel_cheyenne/esmf/src/apps/ESMF_RegridWeightGen -I/glade/scratch/himanshu/relese_8.1.0/dir/intel_cheyenne/esmf/build_config/Linux.intel.default -I/glade/scratch/himanshu/relese_8.1.0/dir/intel_cheyenne/esmf/src/Infrastructure -I/glade/scratch/himanshu/relese_8.1.0/dir/intel_cheyenne/esmf/src/Superstructure -I/glade/scratch/himanshu/relese_8.1.0/dir/intel_cheyenne/install_dir/mod/modg/Linux.intel.64.mpt.default -I/glade/scratch/himanshu/relese_8.1.0/dir/intel_cheyenne/esmf/src/include   -DESMF_NO_INTEGER_1_BYTE -DESMF_NO_INTEGER_2_BYTE -DESMFVERSIONGIT='"ESMF_8_1_0_beta_snapshot_47-4-g0d177ef04f"' -DESMF_MOAB=1 -DESMF_LAPACK=1 -DESMF_LAPACK_INTERNAL=1 -DESMF_NO_ACC_SOFTWARE_STACK=1 -DESMF_YAMLCPP=1 -DESMF_YAML=1 -DESMF_PIO=1 -DESMF_MPIIO -DESMF_NO_OPENACC -DESMF_TESTEXHAUSTIVE -DESMF_BOPT_g -DESMF_TESTCOMPTUNNEL -DSx86_64_small=1 -DESMF_OS_Linux=1 -DESMF_COMM=mpt -DESMF_DIR=/glade/scratch/himanshu/relese_8.1.0/dir/intel_cheyenne/esmf ESMF_RegridWeightGen.F90 -o /glade/scratch/himanshu/relese_8.1.0/dir/intel_cheyenne/esmf/obj/objg/Linux.intel.64.mpt.default/src/apps/ESMF_RegridWeightGen/ESMF_RegridWeightGen.o
gmake chkdir_apps
gmake[5]: Entering directory '/glade/scratch/himanshu/relese_8.1.0/dir/intel_cheyenne/esmf/src/apps/ESMF_RegridWeightGen'
gmake[5]: Leaving directory '/glade/scratch/himanshu/relese_8.1.0/dir/intel_cheyenne/esmf/src/apps/ESMF_RegridWeightGen'
mpif90    -m64 -mcmodel=small -pthread -threads -Wl,--no-as-needed  -qopenmp -L/glade/scratch/himanshu/relese_8.1.0/dir/intel_cheyenne/install_dir/lib/libg/Linux.intel.64.mpt.default   -Wl,-rpath,/glade/scratch/himanshu/relese_8.1.0/dir/intel_cheyenne/install_dir/lib/libg/Linux.intel.64.mpt.default  -o /glade/scratch/himanshu/relese_8.1.0/dir/intel_cheyenne/install_dir/bin/bing/Linux.intel.64.mpt.default/ESMF_RegridWeightGen /glade/scratch/himanshu/relese_8.1.0/dir/intel_cheyenne/esmf/obj/objg/Linux.intel.64.mpt.default/src/apps/ESMF_RegridWeightGen/ESMF_RegridWeightGen.o -lesmf  -lmpi++ -cxxlib -lrt -ldl
gmake[4]: Leaving directory '/glade/scratch/himanshu/relese_8.1.0/dir/intel_cheyenne/esmf/src/apps/ESMF_RegridWeightGen'
tree_build_apps in: /glade/scratch/himanshu/relese_8.1.0/dir/intel_cheyenne/esmf/src/apps/ESMF_WebServController
gmake[4]: Entering directory '/glade/scratch/himanshu/relese_8.1.0/dir/intel_cheyenne/esmf/src/apps/ESMF_WebServController'
gmake chkdir_locobj
gmake[5]: Entering directory '/glade/scratch/himanshu/relese_8.1.0/dir/intel_cheyenne/esmf/src/apps/ESMF_WebServController'
Making directory /glade/scratch/himanshu/relese_8.1.0/dir/intel_cheyenne/esmf/obj/objg/Linux.intel.64.mpt.default/src/apps/ESMF_WebServController for apps output
gmake[5]: Leaving directory '/glade/scratch/himanshu/relese_8.1.0/dir/intel_cheyenne/esmf/src/apps/ESMF_WebServController'
mpicxx -c -std=c++11 -g -traceback -Wcheck -fPIC -DMUST_NOTUSE_MALLOC_TRIM -m64 -mcmodel=small -pthread  -qopenmp -I/glade/scratch/himanshu/relese_8.1.0/dir/intel_cheyenne/esmf/src/apps/ESMF_WebServController -I/glade/scratch/himanshu/relese_8.1.0/dir/intel_cheyenne/esmf/src/apps/ESMF_WebServController/../include -I/glade/scratch/himanshu/relese_8.1.0/dir/intel_cheyenne/esmf/build_config/Linux.intel.default -I/glade/scratch/himanshu/relese_8.1.0/dir/intel_cheyenne/esmf/src/Infrastructure -I/glade/scratch/himanshu/relese_8.1.0/dir/intel_cheyenne/esmf/src/Superstructure -I/glade/scratch/himanshu/relese_8.1.0/dir/intel_cheyenne/esmf/src/Infrastructure/stubs/pthread  -I/glade/scratch/himanshu/relese_8.1.0/dir/intel_cheyenne/esmf/src/include   -I/glade/scratch/himanshu/relese_8.1.0/dir/intel_cheyenne/esmf/src/prologue/yaml-cpp/include -DESMF_NO_INTEGER_1_BYTE -DESMF_NO_INTEGER_2_BYTE -DESMFVERSIONGIT='"ESMF_8_1_0_beta_snapshot_47-4-g0d177ef04f"' -DESMF_MOAB=1 -DESMF_LAPACK=1 -DESMF_LAPACK_INTERNAL=1 -DESMF_NO_ACC_SOFTWARE_STACK=1 -DESMF_YAMLCPP=1 -DESMF_YAML=1 -DESMF_PIO=1 -DESMF_MPIIO -DESMF_NO_OPENACC -DESMF_TESTEXHAUSTIVE -DESMF_BOPT_g -DESMF_TESTCOMPTUNNEL -DSx86_64_small=1 -DESMF_OS_Linux=1 -DESMF_COMM=mpt -DESMF_DIR=/glade/scratch/himanshu/relese_8.1.0/dir/intel_cheyenne/esmf -D__SDIR__='"src/apps/ESMF_WebServController"' -DESMF_CXXSTD=11 ESMF_WebServController.C -o /glade/scratch/himanshu/relese_8.1.0/dir/intel_cheyenne/esmf/obj/objg/Linux.intel.64.mpt.default/src/apps/ESMF_WebServController/ESMF_WebServController.o
gmake chkdir_apps
gmake[5]: Entering directory '/glade/scratch/himanshu/relese_8.1.0/dir/intel_cheyenne/esmf/src/apps/ESMF_WebServController'
gmake[5]: Leaving directory '/glade/scratch/himanshu/relese_8.1.0/dir/intel_cheyenne/esmf/src/apps/ESMF_WebServController'
mpicxx    -m64 -mcmodel=small -pthread -Wl,--no-as-needed  -qopenmp -L/glade/scratch/himanshu/relese_8.1.0/dir/intel_cheyenne/install_dir/lib/libg/Linux.intel.64.mpt.default  -L/glade/u/apps/opt/intel/2018u4/compilers_and_libraries_2018.5.274/linux/compiler/lib/intel64_lin/ -Wl,-rpath,/glade/scratch/himanshu/relese_8.1.0/dir/intel_cheyenne/install_dir/lib/libg/Linux.intel.64.mpt.default  -Wl,-rpath,/glade/u/apps/opt/intel/2018u4/compilers_and_libraries_2018.5.274/linux/compiler/lib/intel64_lin/ -o /glade/scratch/himanshu/relese_8.1.0/dir/intel_cheyenne/install_dir/bin/bing/Linux.intel.64.mpt.default/ESMF_WebServController /glade/scratch/himanshu/relese_8.1.0/dir/intel_cheyenne/esmf/obj/objg/Linux.intel.64.mpt.default/src/apps/ESMF_WebServController/ESMF_WebServController.o -lesmf  -lsz -lz -limf -lm -ldl -lrt -ldl -lpthread -lifport -lifcoremt -limf -lsvml -lm -lipgo -liomp5 -lintlc -lpthread -lsvml -ldl -lgcc -lgcc_s -lirc_s -ldl -lrt -ldl
gmake[4]: Leaving directory '/glade/scratch/himanshu/relese_8.1.0/dir/intel_cheyenne/esmf/src/apps/ESMF_WebServController'
tree_build_apps in: /glade/scratch/himanshu/relese_8.1.0/dir/intel_cheyenne/esmf/src/apps/ESMF_Scrip2Unstruct
gmake[4]: Entering directory '/glade/scratch/himanshu/relese_8.1.0/dir/intel_cheyenne/esmf/src/apps/ESMF_Scrip2Unstruct'
gmake chkdir_locobj
gmake[5]: Entering directory '/glade/scratch/himanshu/relese_8.1.0/dir/intel_cheyenne/esmf/src/apps/ESMF_Scrip2Unstruct'
Making directory /glade/scratch/himanshu/relese_8.1.0/dir/intel_cheyenne/esmf/obj/objg/Linux.intel.64.mpt.default/src/apps/ESMF_Scrip2Unstruct for apps output
gmake[5]: Leaving directory '/glade/scratch/himanshu/relese_8.1.0/dir/intel_cheyenne/esmf/src/apps/ESMF_Scrip2Unstruct'
mpicxx -c -std=c++11 -g -traceback -Wcheck -fPIC -DMUST_NOTUSE_MALLOC_TRIM -m64 -mcmodel=small -pthread  -qopenmp -I/glade/scratch/himanshu/relese_8.1.0/dir/intel_cheyenne/esmf/src/apps/ESMF_Scrip2Unstruct -I/glade/scratch/himanshu/relese_8.1.0/dir/intel_cheyenne/esmf/src/apps/ESMF_Scrip2Unstruct/../include -I/glade/scratch/himanshu/relese_8.1.0/dir/intel_cheyenne/esmf/build_config/Linux.intel.default -I/glade/scratch/himanshu/relese_8.1.0/dir/intel_cheyenne/esmf/src/Infrastructure -I/glade/scratch/himanshu/relese_8.1.0/dir/intel_cheyenne/esmf/src/Superstructure -I/glade/scratch/himanshu/relese_8.1.0/dir/intel_cheyenne/esmf/src/Infrastructure/stubs/pthread  -I/glade/scratch/himanshu/relese_8.1.0/dir/intel_cheyenne/esmf/src/include   -I/glade/scratch/himanshu/relese_8.1.0/dir/intel_cheyenne/esmf/src/prologue/yaml-cpp/include -DESMF_NO_INTEGER_1_BYTE -DESMF_NO_INTEGER_2_BYTE -DESMFVERSIONGIT='"ESMF_8_1_0_beta_snapshot_47-4-g0d177ef04f"' -DESMF_MOAB=1 -DESMF_LAPACK=1 -DESMF_LAPACK_INTERNAL=1 -DESMF_NO_ACC_SOFTWARE_STACK=1 -DESMF_YAMLCPP=1 -DESMF_YAML=1 -DESMF_PIO=1 -DESMF_MPIIO -DESMF_NO_OPENACC -DESMF_TESTEXHAUSTIVE -DESMF_BOPT_g -DESMF_TESTCOMPTUNNEL -DSx86_64_small=1 -DESMF_OS_Linux=1 -DESMF_COMM=mpt -DESMF_DIR=/glade/scratch/himanshu/relese_8.1.0/dir/intel_cheyenne/esmf -D__SDIR__='"src/apps/ESMF_Scrip2Unstruct"' -DESMF_CXXSTD=11 ESMF_Scrip2Unstruct.C -o /glade/scratch/himanshu/relese_8.1.0/dir/intel_cheyenne/esmf/obj/objg/Linux.intel.64.mpt.default/src/apps/ESMF_Scrip2Unstruct/ESMF_Scrip2Unstruct.o
gmake chkdir_apps
gmake[5]: Entering directory '/glade/scratch/himanshu/relese_8.1.0/dir/intel_cheyenne/esmf/src/apps/ESMF_Scrip2Unstruct'
gmake[5]: Leaving directory '/glade/scratch/himanshu/relese_8.1.0/dir/intel_cheyenne/esmf/src/apps/ESMF_Scrip2Unstruct'
mpicxx    -m64 -mcmodel=small -pthread -Wl,--no-as-needed  -qopenmp -L/glade/scratch/himanshu/relese_8.1.0/dir/intel_cheyenne/install_dir/lib/libg/Linux.intel.64.mpt.default  -L/glade/u/apps/opt/intel/2018u4/compilers_and_libraries_2018.5.274/linux/compiler/lib/intel64_lin/ -Wl,-rpath,/glade/scratch/himanshu/relese_8.1.0/dir/intel_cheyenne/install_dir/lib/libg/Linux.intel.64.mpt.default  -Wl,-rpath,/glade/u/apps/opt/intel/2018u4/compilers_and_libraries_2018.5.274/linux/compiler/lib/intel64_lin/ -o /glade/scratch/himanshu/relese_8.1.0/dir/intel_cheyenne/install_dir/bin/bing/Linux.intel.64.mpt.default/ESMF_Scrip2Unstruct /glade/scratch/himanshu/relese_8.1.0/dir/intel_cheyenne/esmf/obj/objg/Linux.intel.64.mpt.default/src/apps/ESMF_Scrip2Unstruct/ESMF_Scrip2Unstruct.o -lesmf  -lsz -lz -limf -lm -ldl -lrt -ldl -lpthread -lifport -lifcoremt -limf -lsvml -lm -lipgo -liomp5 -lintlc -lpthread -lsvml -ldl -lgcc -lgcc_s -lirc_s -ldl -lrt -ldl
gmake[4]: Leaving directory '/glade/scratch/himanshu/relese_8.1.0/dir/intel_cheyenne/esmf/src/apps/ESMF_Scrip2Unstruct'
tree_build_apps in: /glade/scratch/himanshu/relese_8.1.0/dir/intel_cheyenne/esmf/src/apps/ESMF_Regrid
gmake[4]: Entering directory '/glade/scratch/himanshu/relese_8.1.0/dir/intel_cheyenne/esmf/src/apps/ESMF_Regrid'
gmake chkdir_locobj
gmake[5]: Entering directory '/glade/scratch/himanshu/relese_8.1.0/dir/intel_cheyenne/esmf/src/apps/ESMF_Regrid'
Making directory /glade/scratch/himanshu/relese_8.1.0/dir/intel_cheyenne/esmf/obj/objg/Linux.intel.64.mpt.default/src/apps/ESMF_Regrid for apps output
gmake[5]: Leaving directory '/glade/scratch/himanshu/relese_8.1.0/dir/intel_cheyenne/esmf/src/apps/ESMF_Regrid'
mpif90 -c -g -traceback -check arg_temp_created,bounds,format,output_conversion,stack,uninit -fPIC -assume realloc_lhs -m64 -mcmodel=small -pthread -threads  -qopenmp -I/glade/scratch/himanshu/relese_8.1.0/dir/intel_cheyenne/esmf/src/apps/ESMF_Regrid -I/glade/scratch/himanshu/relese_8.1.0/dir/intel_cheyenne/esmf/build_config/Linux.intel.default -I/glade/scratch/himanshu/relese_8.1.0/dir/intel_cheyenne/esmf/src/Infrastructure -I/glade/scratch/himanshu/relese_8.1.0/dir/intel_cheyenne/esmf/src/Superstructure -I/glade/scratch/himanshu/relese_8.1.0/dir/intel_cheyenne/install_dir/mod/modg/Linux.intel.64.mpt.default -I/glade/scratch/himanshu/relese_8.1.0/dir/intel_cheyenne/esmf/src/include   -DESMF_NO_INTEGER_1_BYTE -DESMF_NO_INTEGER_2_BYTE -DESMFVERSIONGIT='"ESMF_8_1_0_beta_snapshot_47-4-g0d177ef04f"' -DESMF_MOAB=1 -DESMF_LAPACK=1 -DESMF_LAPACK_INTERNAL=1 -DESMF_NO_ACC_SOFTWARE_STACK=1 -DESMF_YAMLCPP=1 -DESMF_YAML=1 -DESMF_PIO=1 -DESMF_MPIIO -DESMF_NO_OPENACC -DESMF_TESTEXHAUSTIVE -DESMF_BOPT_g -DESMF_TESTCOMPTUNNEL -DSx86_64_small=1 -DESMF_OS_Linux=1 -DESMF_COMM=mpt -DESMF_DIR=/glade/scratch/himanshu/relese_8.1.0/dir/intel_cheyenne/esmf ESMF_Regrid.F90 -o /glade/scratch/himanshu/relese_8.1.0/dir/intel_cheyenne/esmf/obj/objg/Linux.intel.64.mpt.default/src/apps/ESMF_Regrid/ESMF_Regrid.o
gmake chkdir_apps
gmake[5]: Entering directory '/glade/scratch/himanshu/relese_8.1.0/dir/intel_cheyenne/esmf/src/apps/ESMF_Regrid'
gmake[5]: Leaving directory '/glade/scratch/himanshu/relese_8.1.0/dir/intel_cheyenne/esmf/src/apps/ESMF_Regrid'
mpif90    -m64 -mcmodel=small -pthread -threads -Wl,--no-as-needed  -qopenmp -L/glade/scratch/himanshu/relese_8.1.0/dir/intel_cheyenne/install_dir/lib/libg/Linux.intel.64.mpt.default   -Wl,-rpath,/glade/scratch/himanshu/relese_8.1.0/dir/intel_cheyenne/install_dir/lib/libg/Linux.intel.64.mpt.default  -o /glade/scratch/himanshu/relese_8.1.0/dir/intel_cheyenne/install_dir/bin/bing/Linux.intel.64.mpt.default/ESMF_Regrid /glade/scratch/himanshu/relese_8.1.0/dir/intel_cheyenne/esmf/obj/objg/Linux.intel.64.mpt.default/src/apps/ESMF_Regrid/ESMF_Regrid.o -lesmf  -lmpi++ -cxxlib -lrt -ldl
gmake[4]: Leaving directory '/glade/scratch/himanshu/relese_8.1.0/dir/intel_cheyenne/esmf/src/apps/ESMF_Regrid'
gmake[3]: Leaving directory '/glade/scratch/himanshu/relese_8.1.0/dir/intel_cheyenne/esmf/src/apps'
ESMF apps built successfully.
gmake[2]: Leaving directory '/glade/scratch/himanshu/relese_8.1.0/dir/intel_cheyenne/esmf'
gmake[1]: Leaving directory '/glade/scratch/himanshu/relese_8.1.0/dir/intel_cheyenne/esmf'
mkdir -p /glade/scratch/himanshu/relese_8.1.0/dir/intel_cheyenne/install_dir/doc
gmake install_info_mk
gmake[1]: Entering directory '/glade/scratch/himanshu/relese_8.1.0/dir/intel_cheyenne/esmf'
gmake info_mk ESMF_APPSDIR=/glade/scratch/himanshu/relese_8.1.0/dir/intel_cheyenne/install_dir/bin/bing/Linux.intel.64.mpt.default ESMF_LDIR=/glade/scratch/himanshu/relese_8.1.0/dir/intel_cheyenne/install_dir/lib/libg/Linux.intel.64.mpt.default ESMF_LIBDIR=/glade/scratch/himanshu/relese_8.1.0/dir/intel_cheyenne/install_dir/lib/libg/Linux.intel.64.mpt.default ESMF_MODDIR=/glade/scratch/himanshu/relese_8.1.0/dir/intel_cheyenne/install_dir/mod/modg/Linux.intel.64.mpt.default ESMF_INCDIR=/glade/scratch/himanshu/relese_8.1.0/dir/intel_cheyenne/install_dir/include
gmake[2]: Entering directory '/glade/scratch/himanshu/relese_8.1.0/dir/intel_cheyenne/esmf'
gmake[2]: Leaving directory '/glade/scratch/himanshu/relese_8.1.0/dir/intel_cheyenne/esmf'
gmake[1]: Leaving directory '/glade/scratch/himanshu/relese_8.1.0/dir/intel_cheyenne/esmf'
 
ESMF installation complete.
 
Fri Feb 26 08:03:56 MST 2021
