20210222 085606.523 INFO             PET1 !!!!!!!!!!!!!!!!!!!!!!!!!!!!!!!!!!!!!!!!!!!!!!!!!!!!!!
20210222 085606.523 INFO             PET1 !!! THE ESMF_LOG IS SET TO OUTPUT ALL LOG MESSAGES !!!
20210222 085606.523 INFO             PET1 !!!     THIS MAY CAUSE SLOWDOWN IN PERFORMANCE     !!!
20210222 085606.523 INFO             PET1 !!! FOR PRODUCTION RUNS, USE:                      !!!
20210222 085606.523 INFO             PET1 !!!                   ESMF_LOGKIND_Multi_On_Error  !!!
20210222 085606.523 INFO             PET1 !!!!!!!!!!!!!!!!!!!!!!!!!!!!!!!!!!!!!!!!!!!!!!!!!!!!!!
20210222 085606.523 INFO             PET1 Running with ESMF Version   : ESMF_8_1_0_beta_snapshot_47
20210222 085606.523 INFO             PET1 ESMF library build date/time: "Feb 22 2021" "08:53:19"
20210222 085606.523 INFO             PET1 ESMF library build location : /glade/scratch/himanshu/relese_8.1.0/dir/gfortran_cheyenne/esmf
20210222 085606.523 INFO             PET1 ESMF_COMM                   : openmpi
20210222 085606.523 INFO             PET1 ESMF_MOAB                   : enabled
20210222 085606.523 INFO             PET1 ESMF_LAPACK                 : enabled
20210222 085606.523 INFO             PET1 ESMF_NETCDF                 : disabled
20210222 085606.523 INFO             PET1 ESMF_PNETCDF                : disabled
20210222 085606.523 INFO             PET1 ESMF_PIO                    : enabled
20210222 085606.523 INFO             PET1 ESMF_YAMLCPP                : enabled
20210222 085606.524 INFO             PET1 Finalizing ESMF
20210222 085606.903 INFO             PET1 !!!!!!!!!!!!!!!!!!!!!!!!!!!!!!!!!!!!!!!!!!!!!!!!!!!!!!
20210222 085606.903 INFO             PET1 !!! THE ESMF_LOG IS SET TO OUTPUT ALL LOG MESSAGES !!!
20210222 085606.903 INFO             PET1 !!!     THIS MAY CAUSE SLOWDOWN IN PERFORMANCE     !!!
20210222 085606.903 INFO             PET1 !!! FOR PRODUCTION RUNS, USE:                      !!!
20210222 085606.903 INFO             PET1 !!!                   ESMF_LOGKIND_Multi_On_Error  !!!
20210222 085606.903 INFO             PET1 !!!!!!!!!!!!!!!!!!!!!!!!!!!!!!!!!!!!!!!!!!!!!!!!!!!!!!
20210222 085606.903 INFO             PET1 Running with ESMF Version   : ESMF_8_1_0_beta_snapshot_47
20210222 085606.903 INFO             PET1 ESMF library build date/time: "Feb 22 2021" "08:53:19"
20210222 085606.903 INFO             PET1 ESMF library build location : /glade/scratch/himanshu/relese_8.1.0/dir/gfortran_cheyenne/esmf
20210222 085606.903 INFO             PET1 ESMF_COMM                   : openmpi
20210222 085606.903 INFO             PET1 ESMF_MOAB                   : enabled
20210222 085606.903 INFO             PET1 ESMF_LAPACK                 : enabled
20210222 085606.903 INFO             PET1 ESMF_NETCDF                 : disabled
20210222 085606.903 INFO             PET1 ESMF_PNETCDF                : disabled
20210222 085606.903 INFO             PET1 ESMF_PIO                    : enabled
20210222 085606.903 INFO             PET1 ESMF_YAMLCPP                : enabled
20210222 085606.903 INFO             PET1 Finalizing ESMF
20210222 085607.285 INFO             PET1 !!!!!!!!!!!!!!!!!!!!!!!!!!!!!!!!!!!!!!!!!!!!!!!!!!!!!!
20210222 085607.286 INFO             PET1 !!! THE ESMF_LOG IS SET TO OUTPUT ALL LOG MESSAGES !!!
20210222 085607.286 INFO             PET1 !!!     THIS MAY CAUSE SLOWDOWN IN PERFORMANCE     !!!
20210222 085607.286 INFO             PET1 !!! FOR PRODUCTION RUNS, USE:                      !!!
20210222 085607.286 INFO             PET1 !!!                   ESMF_LOGKIND_Multi_On_Error  !!!
20210222 085607.286 INFO             PET1 !!!!!!!!!!!!!!!!!!!!!!!!!!!!!!!!!!!!!!!!!!!!!!!!!!!!!!
20210222 085607.286 INFO             PET1 Running with ESMF Version   : ESMF_8_1_0_beta_snapshot_47
20210222 085607.286 INFO             PET1 ESMF library build date/time: "Feb 22 2021" "08:53:19"
20210222 085607.286 INFO             PET1 ESMF library build location : /glade/scratch/himanshu/relese_8.1.0/dir/gfortran_cheyenne/esmf
20210222 085607.286 INFO             PET1 ESMF_COMM                   : openmpi
20210222 085607.288 INFO             PET1 ESMF_MOAB                   : enabled
20210222 085607.288 INFO             PET1 ESMF_LAPACK                 : enabled
20210222 085607.288 INFO             PET1 ESMF_NETCDF                 : disabled
20210222 085607.288 INFO             PET1 ESMF_PNETCDF                : disabled
20210222 085607.288 INFO             PET1 ESMF_PIO                    : enabled
20210222 085607.288 INFO             PET1 ESMF_YAMLCPP                : enabled
20210222 085607.289 INFO             PET1 Finalizing ESMF
Mon Feb 22 15:23:31 MST 2021
