20200907 175914.683 INFO             PET0 !!!!!!!!!!!!!!!!!!!!!!!!!!!!!!!!!!!!!!!!!!!!!!!!!!!!!!
20200907 175914.684 INFO             PET0 !!! THE ESMF_LOG IS SET TO OUTPUT ALL LOG MESSAGES !!!
20200907 175914.684 INFO             PET0 !!!     THIS MAY CAUSE SLOWDOWN IN PERFORMANCE     !!!
20200907 175914.684 INFO             PET0 !!! FOR PRODUCTION RUNS, USE:                      !!!
20200907 175914.684 INFO             PET0 !!!                   ESMF_LOGKIND_Multi_On_Error  !!!
20200907 175914.684 INFO             PET0 !!!!!!!!!!!!!!!!!!!!!!!!!!!!!!!!!!!!!!!!!!!!!!!!!!!!!!
20200907 175914.684 INFO             PET0 Running with ESMF Version   : ESMF_8_1_0_beta_snapshot_27-51-gb26cf95dd1
20200907 175914.684 INFO             PET0 ESMF library build date/time: "Sep  7 2020" "17:07:13"
20200907 175914.684 INFO             PET0 ESMF library build location : /glade/scratch/himanshu/scripts_dir/daily/PGI/esmf
20200907 175914.684 INFO             PET0 ESMF_COMM                   : openmpi
20200907 175914.684 INFO             PET0 ESMF_NETCDF                 : disabled
20200907 175914.684 INFO             PET0 ESMF_PNETCDF                : disabled
20200907 175914.684 INFO             PET0 ESMF_PIO                    : enabled
20200907 175914.684 INFO             PET0 ESMF_YAMLCPP                : enabled
20200907 175914.684 INFO             PET0 ESMF_MOAB                   : enabled
20200907 175914.733 INFO             PET0  NUMBER_OF_PROCESSORS            4
20200907 175914.733 INFO             PET0  PASS  Example ESMF_NUOPCBasicModelEx, ESMF_NUOPCBasicModelEx.F90, line 346
20200907 175914.733 INFO             PET0 Finalizing ESMF
20200907 175914.683 INFO             PET1 !!!!!!!!!!!!!!!!!!!!!!!!!!!!!!!!!!!!!!!!!!!!!!!!!!!!!!
20200907 175914.684 INFO             PET1 !!! THE ESMF_LOG IS SET TO OUTPUT ALL LOG MESSAGES !!!
20200907 175914.684 INFO             PET1 !!!     THIS MAY CAUSE SLOWDOWN IN PERFORMANCE     !!!
20200907 175914.684 INFO             PET1 !!! FOR PRODUCTION RUNS, USE:                      !!!
20200907 175914.684 INFO             PET1 !!!                   ESMF_LOGKIND_Multi_On_Error  !!!
20200907 175914.684 INFO             PET1 !!!!!!!!!!!!!!!!!!!!!!!!!!!!!!!!!!!!!!!!!!!!!!!!!!!!!!
20200907 175914.684 INFO             PET1 Running with ESMF Version   : ESMF_8_1_0_beta_snapshot_27-51-gb26cf95dd1
20200907 175914.684 INFO             PET1 ESMF library build date/time: "Sep  7 2020" "17:07:13"
20200907 175914.684 INFO             PET1 ESMF library build location : /glade/scratch/himanshu/scripts_dir/daily/PGI/esmf
20200907 175914.684 INFO             PET1 ESMF_COMM                   : openmpi
20200907 175914.685 INFO             PET1 ESMF_NETCDF                 : disabled
20200907 175914.685 INFO             PET1 ESMF_PNETCDF                : disabled
20200907 175914.685 INFO             PET1 ESMF_PIO                    : enabled
20200907 175914.685 INFO             PET1 ESMF_YAMLCPP                : enabled
20200907 175914.685 INFO             PET1 ESMF_MOAB                   : enabled
20200907 175914.734 INFO             PET1  NUMBER_OF_PROCESSORS            4
20200907 175914.734 INFO             PET1  PASS  Example ESMF_NUOPCBasicModelEx, ESMF_NUOPCBasicModelEx.F90, line 346
20200907 175914.734 INFO             PET1 Finalizing ESMF
20200907 175914.683 INFO             PET2 !!!!!!!!!!!!!!!!!!!!!!!!!!!!!!!!!!!!!!!!!!!!!!!!!!!!!!
20200907 175914.684 INFO             PET2 !!! THE ESMF_LOG IS SET TO OUTPUT ALL LOG MESSAGES !!!
20200907 175914.684 INFO             PET2 !!!     THIS MAY CAUSE SLOWDOWN IN PERFORMANCE     !!!
20200907 175914.684 INFO             PET2 !!! FOR PRODUCTION RUNS, USE:                      !!!
20200907 175914.684 INFO             PET2 !!!                   ESMF_LOGKIND_Multi_On_Error  !!!
20200907 175914.684 INFO             PET2 !!!!!!!!!!!!!!!!!!!!!!!!!!!!!!!!!!!!!!!!!!!!!!!!!!!!!!
20200907 175914.684 INFO             PET2 Running with ESMF Version   : ESMF_8_1_0_beta_snapshot_27-51-gb26cf95dd1
20200907 175914.684 INFO             PET2 ESMF library build date/time: "Sep  7 2020" "17:07:13"
20200907 175914.684 INFO             PET2 ESMF library build location : /glade/scratch/himanshu/scripts_dir/daily/PGI/esmf
20200907 175914.684 INFO             PET2 ESMF_COMM                   : openmpi
20200907 175914.684 INFO             PET2 ESMF_NETCDF                 : disabled
20200907 175914.684 INFO             PET2 ESMF_PNETCDF                : disabled
20200907 175914.684 INFO             PET2 ESMF_PIO                    : enabled
20200907 175914.684 INFO             PET2 ESMF_YAMLCPP                : enabled
20200907 175914.684 INFO             PET2 ESMF_MOAB                   : enabled
20200907 175914.733 INFO             PET2  NUMBER_OF_PROCESSORS            4
20200907 175914.733 INFO             PET2  PASS  Example ESMF_NUOPCBasicModelEx, ESMF_NUOPCBasicModelEx.F90, line 346
20200907 175914.733 INFO             PET2 Finalizing ESMF
20200907 175914.683 INFO             PET3 !!!!!!!!!!!!!!!!!!!!!!!!!!!!!!!!!!!!!!!!!!!!!!!!!!!!!!
20200907 175914.684 INFO             PET3 !!! THE ESMF_LOG IS SET TO OUTPUT ALL LOG MESSAGES !!!
20200907 175914.684 INFO             PET3 !!!     THIS MAY CAUSE SLOWDOWN IN PERFORMANCE     !!!
20200907 175914.684 INFO             PET3 !!! FOR PRODUCTION RUNS, USE:                      !!!
20200907 175914.684 INFO             PET3 !!!                   ESMF_LOGKIND_Multi_On_Error  !!!
20200907 175914.684 INFO             PET3 !!!!!!!!!!!!!!!!!!!!!!!!!!!!!!!!!!!!!!!!!!!!!!!!!!!!!!
20200907 175914.684 INFO             PET3 Running with ESMF Version   : ESMF_8_1_0_beta_snapshot_27-51-gb26cf95dd1
20200907 175914.684 INFO             PET3 ESMF library build date/time: "Sep  7 2020" "17:07:13"
20200907 175914.684 INFO             PET3 ESMF library build location : /glade/scratch/himanshu/scripts_dir/daily/PGI/esmf
20200907 175914.684 INFO             PET3 ESMF_COMM                   : openmpi
20200907 175914.685 INFO             PET3 ESMF_NETCDF                 : disabled
20200907 175914.685 INFO             PET3 ESMF_PNETCDF                : disabled
20200907 175914.685 INFO             PET3 ESMF_PIO                    : enabled
20200907 175914.685 INFO             PET3 ESMF_YAMLCPP                : enabled
20200907 175914.685 INFO             PET3 ESMF_MOAB                   : enabled
20200907 175914.733 INFO             PET3  NUMBER_OF_PROCESSORS            4
20200907 175914.733 INFO             PET3  PASS  Example ESMF_NUOPCBasicModelEx, ESMF_NUOPCBasicModelEx.F90, line 346
20200907 175914.733 INFO             PET3 Finalizing ESMF
