20210223 041258.744 INFO             PET0 !!!!!!!!!!!!!!!!!!!!!!!!!!!!!!!!!!!!!!!!!!!!!!!!!!!!!!
20210223 041258.744 INFO             PET0 !!! THE ESMF_LOG IS SET TO OUTPUT ALL LOG MESSAGES !!!
20210223 041258.744 INFO             PET0 !!!     THIS MAY CAUSE SLOWDOWN IN PERFORMANCE     !!!
20210223 041258.744 INFO             PET0 !!! FOR PRODUCTION RUNS, USE:                      !!!
20210223 041258.744 INFO             PET0 !!!                   ESMF_LOGKIND_Multi_On_Error  !!!
20210223 041258.744 INFO             PET0 !!!!!!!!!!!!!!!!!!!!!!!!!!!!!!!!!!!!!!!!!!!!!!!!!!!!!!
20210223 041258.744 INFO             PET0 Running with ESMF Version   : ESMF_8_2_0_beta_snapshot_00
20210223 041258.744 INFO             PET0 ESMF library build date/time: "Feb 23 2021" "03:35:45"
20210223 041258.744 INFO             PET0 ESMF library build location : /scratch/esmf/esmf_test/cronjobs/trunk/gfortran/esmf
20210223 041258.744 INFO             PET0 ESMF_COMM                   : mpich3
20210223 041258.744 INFO             PET0 ESMF_MOAB                   : enabled
20210223 041258.744 INFO             PET0 ESMF_LAPACK                 : enabled
20210223 041258.744 INFO             PET0 ESMF_NETCDF                 : disabled
20210223 041258.744 INFO             PET0 ESMF_PNETCDF                : disabled
20210223 041258.744 INFO             PET0 ESMF_PIO                    : enabled
20210223 041258.744 INFO             PET0 ESMF_YAMLCPP                : enabled
20210223 041258.766 INFO             PET0 ESMF_FieldRedistStoreNF(): Just entered routine.
20210223 041300.613 INFO             PET0 ESMF_FieldRedistStoreNF(): Leaving routine.
20210223 041301.482 INFO             PET0 ESMF_FieldRedistStoreNF(): Just entered routine.
20210223 041301.913 INFO             PET0 ESMF_FieldRedistStoreNF(): Leaving routine.
20210223 041301.914 INFO             PET0 ESMF_FieldRedistStoreNF(): Just entered routine.
20210223 041302.371 INFO             PET0 ESMF_FieldRedistStoreNF(): Leaving routine.
20210223 041302.371 INFO             PET0  NUMBER_OF_PROCESSORS           4
20210223 041302.371 INFO             PET0  PASS  Example ESMF_FieldRedistEx, ESMF_FieldRedistEx.F90, line 521
20210223 041302.371 INFO             PET0 Finalizing ESMF
20210223 041258.746 INFO             PET1 !!!!!!!!!!!!!!!!!!!!!!!!!!!!!!!!!!!!!!!!!!!!!!!!!!!!!!
20210223 041258.746 INFO             PET1 !!! THE ESMF_LOG IS SET TO OUTPUT ALL LOG MESSAGES !!!
20210223 041258.746 INFO             PET1 !!!     THIS MAY CAUSE SLOWDOWN IN PERFORMANCE     !!!
20210223 041258.746 INFO             PET1 !!! FOR PRODUCTION RUNS, USE:                      !!!
20210223 041258.746 INFO             PET1 !!!                   ESMF_LOGKIND_Multi_On_Error  !!!
20210223 041258.746 INFO             PET1 !!!!!!!!!!!!!!!!!!!!!!!!!!!!!!!!!!!!!!!!!!!!!!!!!!!!!!
20210223 041258.746 INFO             PET1 Running with ESMF Version   : ESMF_8_2_0_beta_snapshot_00
20210223 041258.746 INFO             PET1 ESMF library build date/time: "Feb 23 2021" "03:35:45"
20210223 041258.746 INFO             PET1 ESMF library build location : /scratch/esmf/esmf_test/cronjobs/trunk/gfortran/esmf
20210223 041258.746 INFO             PET1 ESMF_COMM                   : mpich3
20210223 041258.746 INFO             PET1 ESMF_MOAB                   : enabled
20210223 041258.746 INFO             PET1 ESMF_LAPACK                 : enabled
20210223 041258.746 INFO             PET1 ESMF_NETCDF                 : disabled
20210223 041258.746 INFO             PET1 ESMF_PNETCDF                : disabled
20210223 041258.746 INFO             PET1 ESMF_PIO                    : enabled
20210223 041258.746 INFO             PET1 ESMF_YAMLCPP                : enabled
20210223 041258.776 INFO             PET1 ESMF_FieldRedistStoreNF(): Just entered routine.
20210223 041300.613 INFO             PET1 ESMF_FieldRedistStoreNF(): Leaving routine.
20210223 041301.497 INFO             PET1 ESMF_FieldRedistStoreNF(): Just entered routine.
20210223 041301.913 INFO             PET1 ESMF_FieldRedistStoreNF(): Leaving routine.
20210223 041301.914 INFO             PET1 ESMF_FieldRedistStoreNF(): Just entered routine.
20210223 041302.371 INFO             PET1 ESMF_FieldRedistStoreNF(): Leaving routine.
20210223 041302.371 INFO             PET1  NUMBER_OF_PROCESSORS           4
20210223 041302.371 INFO             PET1  PASS  Example ESMF_FieldRedistEx, ESMF_FieldRedistEx.F90, line 521
20210223 041302.371 INFO             PET1 Finalizing ESMF
20210223 041258.739 INFO             PET2 !!!!!!!!!!!!!!!!!!!!!!!!!!!!!!!!!!!!!!!!!!!!!!!!!!!!!!
20210223 041258.739 INFO             PET2 !!! THE ESMF_LOG IS SET TO OUTPUT ALL LOG MESSAGES !!!
20210223 041258.739 INFO             PET2 !!!     THIS MAY CAUSE SLOWDOWN IN PERFORMANCE     !!!
20210223 041258.739 INFO             PET2 !!! FOR PRODUCTION RUNS, USE:                      !!!
20210223 041258.739 INFO             PET2 !!!                   ESMF_LOGKIND_Multi_On_Error  !!!
20210223 041258.739 INFO             PET2 !!!!!!!!!!!!!!!!!!!!!!!!!!!!!!!!!!!!!!!!!!!!!!!!!!!!!!
20210223 041258.739 INFO             PET2 Running with ESMF Version   : ESMF_8_2_0_beta_snapshot_00
20210223 041258.739 INFO             PET2 ESMF library build date/time: "Feb 23 2021" "03:35:45"
20210223 041258.739 INFO             PET2 ESMF library build location : /scratch/esmf/esmf_test/cronjobs/trunk/gfortran/esmf
20210223 041258.739 INFO             PET2 ESMF_COMM                   : mpich3
20210223 041258.739 INFO             PET2 ESMF_MOAB                   : enabled
20210223 041258.739 INFO             PET2 ESMF_LAPACK                 : enabled
20210223 041258.739 INFO             PET2 ESMF_NETCDF                 : disabled
20210223 041258.739 INFO             PET2 ESMF_PNETCDF                : disabled
20210223 041258.739 INFO             PET2 ESMF_PIO                    : enabled
20210223 041258.739 INFO             PET2 ESMF_YAMLCPP                : enabled
20210223 041258.784 INFO             PET2 ESMF_FieldRedistStoreNF(): Just entered routine.
20210223 041300.613 INFO             PET2 ESMF_FieldRedistStoreNF(): Leaving routine.
20210223 041301.489 INFO             PET2 ESMF_FieldRedistStoreNF(): Just entered routine.
20210223 041301.913 INFO             PET2 ESMF_FieldRedistStoreNF(): Leaving routine.
20210223 041301.914 INFO             PET2 ESMF_FieldRedistStoreNF(): Just entered routine.
20210223 041302.369 INFO             PET2 ESMF_FieldRedistStoreNF(): Leaving routine.
20210223 041302.369 INFO             PET2  NUMBER_OF_PROCESSORS           4
20210223 041302.369 INFO             PET2  PASS  Example ESMF_FieldRedistEx, ESMF_FieldRedistEx.F90, line 521
20210223 041302.369 INFO             PET2 Finalizing ESMF
20210223 041258.739 INFO             PET3 !!!!!!!!!!!!!!!!!!!!!!!!!!!!!!!!!!!!!!!!!!!!!!!!!!!!!!
20210223 041258.739 INFO             PET3 !!! THE ESMF_LOG IS SET TO OUTPUT ALL LOG MESSAGES !!!
20210223 041258.739 INFO             PET3 !!!     THIS MAY CAUSE SLOWDOWN IN PERFORMANCE     !!!
20210223 041258.739 INFO             PET3 !!! FOR PRODUCTION RUNS, USE:                      !!!
20210223 041258.739 INFO             PET3 !!!                   ESMF_LOGKIND_Multi_On_Error  !!!
20210223 041258.739 INFO             PET3 !!!!!!!!!!!!!!!!!!!!!!!!!!!!!!!!!!!!!!!!!!!!!!!!!!!!!!
20210223 041258.739 INFO             PET3 Running with ESMF Version   : ESMF_8_2_0_beta_snapshot_00
20210223 041258.739 INFO             PET3 ESMF library build date/time: "Feb 23 2021" "03:35:45"
20210223 041258.739 INFO             PET3 ESMF library build location : /scratch/esmf/esmf_test/cronjobs/trunk/gfortran/esmf
20210223 041258.739 INFO             PET3 ESMF_COMM                   : mpich3
20210223 041258.739 INFO             PET3 ESMF_MOAB                   : enabled
20210223 041258.739 INFO             PET3 ESMF_LAPACK                 : enabled
20210223 041258.739 INFO             PET3 ESMF_NETCDF                 : disabled
20210223 041258.739 INFO             PET3 ESMF_PNETCDF                : disabled
20210223 041258.739 INFO             PET3 ESMF_PIO                    : enabled
20210223 041258.739 INFO             PET3 ESMF_YAMLCPP                : enabled
20210223 041258.796 INFO             PET3 ESMF_FieldRedistStoreNF(): Just entered routine.
20210223 041300.613 INFO             PET3 ESMF_FieldRedistStoreNF(): Leaving routine.
20210223 041301.497 INFO             PET3 ESMF_FieldRedistStoreNF(): Just entered routine.
20210223 041301.913 INFO             PET3 ESMF_FieldRedistStoreNF(): Leaving routine.
20210223 041301.914 INFO             PET3 ESMF_FieldRedistStoreNF(): Just entered routine.
20210223 041302.371 INFO             PET3 ESMF_FieldRedistStoreNF(): Leaving routine.
20210223 041302.371 INFO             PET3  NUMBER_OF_PROCESSORS           4
20210223 041302.371 INFO             PET3  PASS  Example ESMF_FieldRedistEx, ESMF_FieldRedistEx.F90, line 521
20210223 041302.371 INFO             PET3 Finalizing ESMF
Tue Feb 23 15:07:15 MST 2021
