20200926 223216.447 INFO             PET0 !!!!!!!!!!!!!!!!!!!!!!!!!!!!!!!!!!!!!!!!!!!!!!!!!!!!!!
20200926 223216.448 INFO             PET0 !!! THE ESMF_LOG IS SET TO OUTPUT ALL LOG MESSAGES !!!
20200926 223216.448 INFO             PET0 !!!     THIS MAY CAUSE SLOWDOWN IN PERFORMANCE     !!!
20200926 223216.448 INFO             PET0 !!! FOR PRODUCTION RUNS, USE:                      !!!
20200926 223216.448 INFO             PET0 !!!                   ESMF_LOGKIND_Multi_On_Error  !!!
20200926 223216.448 INFO             PET0 !!!!!!!!!!!!!!!!!!!!!!!!!!!!!!!!!!!!!!!!!!!!!!!!!!!!!!
20200926 223216.448 INFO             PET0 Running with ESMF Version   : ESMF_8_1_0_beta_snapshot_30-2-g92e0a54ab6
20200926 223216.448 INFO             PET0 ESMF library build date/time: "Sep 26 2020" "22:23:05"
20200926 223216.448 INFO             PET0 ESMF library build location : /scratch/esmf/esmf_test/cronjobs/trunk/gfortran/esmf
20200926 223216.448 INFO             PET0 ESMF_COMM                   : mpich3
20200926 223216.448 INFO             PET0 ESMF_NETCDF                 : disabled
20200926 223216.448 INFO             PET0 ESMF_PNETCDF                : disabled
20200926 223216.448 INFO             PET0 ESMF_PIO                    : enabled
20200926 223216.448 INFO             PET0 ESMF_YAMLCPP                : enabled
20200926 223216.448 INFO             PET0 ESMF_MOAB                   : enabled
20200926 223216.449 ERROR            PET0 ESMF_StateAPI.cppF90:1189 ESMF_StateAddList Object being used before creation  - Bad Object
20200926 223216.451 INFO             PET0  NUMBER_OF_PROCESSORS           4
20200926 223216.451 INFO             PET0  PASS  Example ESMF_StateReconcileEx, ESMF_StateReconcileEx.F90, line 297
20200926 223216.451 INFO             PET0 Finalizing ESMF
20200926 223216.448 INFO             PET1 !!!!!!!!!!!!!!!!!!!!!!!!!!!!!!!!!!!!!!!!!!!!!!!!!!!!!!
20200926 223216.448 INFO             PET1 !!! THE ESMF_LOG IS SET TO OUTPUT ALL LOG MESSAGES !!!
20200926 223216.448 INFO             PET1 !!!     THIS MAY CAUSE SLOWDOWN IN PERFORMANCE     !!!
20200926 223216.448 INFO             PET1 !!! FOR PRODUCTION RUNS, USE:                      !!!
20200926 223216.448 INFO             PET1 !!!                   ESMF_LOGKIND_Multi_On_Error  !!!
20200926 223216.448 INFO             PET1 !!!!!!!!!!!!!!!!!!!!!!!!!!!!!!!!!!!!!!!!!!!!!!!!!!!!!!
20200926 223216.448 INFO             PET1 Running with ESMF Version   : ESMF_8_1_0_beta_snapshot_30-2-g92e0a54ab6
20200926 223216.448 INFO             PET1 ESMF library build date/time: "Sep 26 2020" "22:23:05"
20200926 223216.448 INFO             PET1 ESMF library build location : /scratch/esmf/esmf_test/cronjobs/trunk/gfortran/esmf
20200926 223216.448 INFO             PET1 ESMF_COMM                   : mpich3
20200926 223216.448 INFO             PET1 ESMF_NETCDF                 : disabled
20200926 223216.448 INFO             PET1 ESMF_PNETCDF                : disabled
20200926 223216.448 INFO             PET1 ESMF_PIO                    : enabled
20200926 223216.448 INFO             PET1 ESMF_YAMLCPP                : enabled
20200926 223216.448 INFO             PET1 ESMF_MOAB                   : enabled
20200926 223216.449 ERROR            PET1 ESMF_StateAPI.cppF90:1189 ESMF_StateAddList Object being used before creation  - Bad Object
20200926 223216.451 INFO             PET1  NUMBER_OF_PROCESSORS           4
20200926 223216.451 INFO             PET1  PASS  Example ESMF_StateReconcileEx, ESMF_StateReconcileEx.F90, line 297
20200926 223216.451 INFO             PET1 Finalizing ESMF
20200926 223216.447 INFO             PET2 !!!!!!!!!!!!!!!!!!!!!!!!!!!!!!!!!!!!!!!!!!!!!!!!!!!!!!
20200926 223216.448 INFO             PET2 !!! THE ESMF_LOG IS SET TO OUTPUT ALL LOG MESSAGES !!!
20200926 223216.448 INFO             PET2 !!!     THIS MAY CAUSE SLOWDOWN IN PERFORMANCE     !!!
20200926 223216.448 INFO             PET2 !!! FOR PRODUCTION RUNS, USE:                      !!!
20200926 223216.448 INFO             PET2 !!!                   ESMF_LOGKIND_Multi_On_Error  !!!
20200926 223216.448 INFO             PET2 !!!!!!!!!!!!!!!!!!!!!!!!!!!!!!!!!!!!!!!!!!!!!!!!!!!!!!
20200926 223216.448 INFO             PET2 Running with ESMF Version   : ESMF_8_1_0_beta_snapshot_30-2-g92e0a54ab6
20200926 223216.448 INFO             PET2 ESMF library build date/time: "Sep 26 2020" "22:23:05"
20200926 223216.448 INFO             PET2 ESMF library build location : /scratch/esmf/esmf_test/cronjobs/trunk/gfortran/esmf
20200926 223216.448 INFO             PET2 ESMF_COMM                   : mpich3
20200926 223216.448 INFO             PET2 ESMF_NETCDF                 : disabled
20200926 223216.448 INFO             PET2 ESMF_PNETCDF                : disabled
20200926 223216.448 INFO             PET2 ESMF_PIO                    : enabled
20200926 223216.448 INFO             PET2 ESMF_YAMLCPP                : enabled
20200926 223216.448 INFO             PET2 ESMF_MOAB                   : enabled
20200926 223216.449 ERROR            PET2 ESMF_StateAPI.cppF90:1189 ESMF_StateAddList Object being used before creation  - Bad Object
20200926 223216.451 INFO             PET2  NUMBER_OF_PROCESSORS           4
20200926 223216.451 INFO             PET2  PASS  Example ESMF_StateReconcileEx, ESMF_StateReconcileEx.F90, line 297
20200926 223216.451 INFO             PET2 Finalizing ESMF
20200926 223216.447 INFO             PET3 !!!!!!!!!!!!!!!!!!!!!!!!!!!!!!!!!!!!!!!!!!!!!!!!!!!!!!
20200926 223216.448 INFO             PET3 !!! THE ESMF_LOG IS SET TO OUTPUT ALL LOG MESSAGES !!!
20200926 223216.448 INFO             PET3 !!!     THIS MAY CAUSE SLOWDOWN IN PERFORMANCE     !!!
20200926 223216.448 INFO             PET3 !!! FOR PRODUCTION RUNS, USE:                      !!!
20200926 223216.448 INFO             PET3 !!!                   ESMF_LOGKIND_Multi_On_Error  !!!
20200926 223216.448 INFO             PET3 !!!!!!!!!!!!!!!!!!!!!!!!!!!!!!!!!!!!!!!!!!!!!!!!!!!!!!
20200926 223216.448 INFO             PET3 Running with ESMF Version   : ESMF_8_1_0_beta_snapshot_30-2-g92e0a54ab6
20200926 223216.448 INFO             PET3 ESMF library build date/time: "Sep 26 2020" "22:23:05"
20200926 223216.448 INFO             PET3 ESMF library build location : /scratch/esmf/esmf_test/cronjobs/trunk/gfortran/esmf
20200926 223216.448 INFO             PET3 ESMF_COMM                   : mpich3
20200926 223216.448 INFO             PET3 ESMF_NETCDF                 : disabled
20200926 223216.448 INFO             PET3 ESMF_PNETCDF                : disabled
20200926 223216.448 INFO             PET3 ESMF_PIO                    : enabled
20200926 223216.448 INFO             PET3 ESMF_YAMLCPP                : enabled
20200926 223216.448 INFO             PET3 ESMF_MOAB                   : enabled
20200926 223216.449 ERROR            PET3 ESMF_StateAPI.cppF90:1189 ESMF_StateAddList Object being used before creation  - Bad Object
20200926 223216.451 INFO             PET3  NUMBER_OF_PROCESSORS           4
20200926 223216.451 INFO             PET3  PASS  Example ESMF_StateReconcileEx, ESMF_StateReconcileEx.F90, line 297
20200926 223216.451 INFO             PET3 Finalizing ESMF
