20210219 011126.858 INFO             PET0 !!!!!!!!!!!!!!!!!!!!!!!!!!!!!!!!!!!!!!!!!!!!!!!!!!!!!!
20210219 011126.858 INFO             PET0 !!! THE ESMF_LOG IS SET TO OUTPUT ALL LOG MESSAGES !!!
20210219 011126.858 INFO             PET0 !!!     THIS MAY CAUSE SLOWDOWN IN PERFORMANCE     !!!
20210219 011126.858 INFO             PET0 !!! FOR PRODUCTION RUNS, USE:                      !!!
20210219 011126.858 INFO             PET0 !!!                   ESMF_LOGKIND_Multi_On_Error  !!!
20210219 011126.858 INFO             PET0 !!!!!!!!!!!!!!!!!!!!!!!!!!!!!!!!!!!!!!!!!!!!!!!!!!!!!!
20210219 011126.858 INFO             PET0 Running with ESMF Version   : ESMF_8_2_0_beta_snapshot_00
20210219 011126.858 INFO             PET0 ESMF library build date/time: "Feb 19 2021" "01:08:36"
20210219 011126.858 INFO             PET0 ESMF library build location : /project/esmf/himanshu/nag/esmf
20210219 011126.858 INFO             PET0 ESMF_COMM                   : mpiuni
20210219 011126.858 INFO             PET0 ESMF_MOAB                   : enabled
20210219 011126.858 INFO             PET0 ESMF_LAPACK                 : enabled
20210219 011126.858 INFO             PET0 ESMF_NETCDF                 : disabled
20210219 011126.858 INFO             PET0 ESMF_PNETCDF                : disabled
20210219 011126.858 INFO             PET0 ESMF_PIO                    : disabled
20210219 011126.858 INFO             PET0 ESMF_YAMLCPP                : enabled
20210219 011126.859 INFO             PET0 Finalizing ESMF
20210219 011126.894 INFO             PET0 !!!!!!!!!!!!!!!!!!!!!!!!!!!!!!!!!!!!!!!!!!!!!!!!!!!!!!
20210219 011126.894 INFO             PET0 !!! THE ESMF_LOG IS SET TO OUTPUT ALL LOG MESSAGES !!!
20210219 011126.894 INFO             PET0 !!!     THIS MAY CAUSE SLOWDOWN IN PERFORMANCE     !!!
20210219 011126.894 INFO             PET0 !!! FOR PRODUCTION RUNS, USE:                      !!!
20210219 011126.894 INFO             PET0 !!!                   ESMF_LOGKIND_Multi_On_Error  !!!
20210219 011126.894 INFO             PET0 !!!!!!!!!!!!!!!!!!!!!!!!!!!!!!!!!!!!!!!!!!!!!!!!!!!!!!
20210219 011126.894 INFO             PET0 Running with ESMF Version   : ESMF_8_2_0_beta_snapshot_00
20210219 011126.894 INFO             PET0 ESMF library build date/time: "Feb 19 2021" "01:08:36"
20210219 011126.894 INFO             PET0 ESMF library build location : /project/esmf/himanshu/nag/esmf
20210219 011126.894 INFO             PET0 ESMF_COMM                   : mpiuni
20210219 011126.894 INFO             PET0 ESMF_MOAB                   : enabled
20210219 011126.894 INFO             PET0 ESMF_LAPACK                 : enabled
20210219 011126.894 INFO             PET0 ESMF_NETCDF                 : disabled
20210219 011126.894 INFO             PET0 ESMF_PNETCDF                : disabled
20210219 011126.894 INFO             PET0 ESMF_PIO                    : disabled
20210219 011126.894 INFO             PET0 ESMF_YAMLCPP                : enabled
20210219 011126.895 INFO             PET0 Finalizing ESMF
20210219 011126.929 INFO             PET0 !!!!!!!!!!!!!!!!!!!!!!!!!!!!!!!!!!!!!!!!!!!!!!!!!!!!!!
20210219 011126.929 INFO             PET0 !!! THE ESMF_LOG IS SET TO OUTPUT ALL LOG MESSAGES !!!
20210219 011126.929 INFO             PET0 !!!     THIS MAY CAUSE SLOWDOWN IN PERFORMANCE     !!!
20210219 011126.929 INFO             PET0 !!! FOR PRODUCTION RUNS, USE:                      !!!
20210219 011126.929 INFO             PET0 !!!                   ESMF_LOGKIND_Multi_On_Error  !!!
20210219 011126.929 INFO             PET0 !!!!!!!!!!!!!!!!!!!!!!!!!!!!!!!!!!!!!!!!!!!!!!!!!!!!!!
20210219 011126.929 INFO             PET0 Running with ESMF Version   : ESMF_8_2_0_beta_snapshot_00
20210219 011126.929 INFO             PET0 ESMF library build date/time: "Feb 19 2021" "01:08:36"
20210219 011126.929 INFO             PET0 ESMF library build location : /project/esmf/himanshu/nag/esmf
20210219 011126.929 INFO             PET0 ESMF_COMM                   : mpiuni
20210219 011126.929 INFO             PET0 ESMF_MOAB                   : enabled
20210219 011126.929 INFO             PET0 ESMF_LAPACK                 : enabled
20210219 011126.929 INFO             PET0 ESMF_NETCDF                 : disabled
20210219 011126.929 INFO             PET0 ESMF_PNETCDF                : disabled
20210219 011126.929 INFO             PET0 ESMF_PIO                    : disabled
20210219 011126.929 INFO             PET0 ESMF_YAMLCPP                : enabled
20210219 011126.930 INFO             PET0 Finalizing ESMF
Fri Feb 19 04:46:40 MST 2021
