20210214 103520.846 INFO             PET0 !!!!!!!!!!!!!!!!!!!!!!!!!!!!!!!!!!!!!!!!!!!!!!!!!!!!!!
20210214 103520.846 INFO             PET0 !!! THE ESMF_LOG IS SET TO OUTPUT ALL LOG MESSAGES !!!
20210214 103520.846 INFO             PET0 !!!     THIS MAY CAUSE SLOWDOWN IN PERFORMANCE     !!!
20210214 103520.846 INFO             PET0 !!! FOR PRODUCTION RUNS, USE:                      !!!
20210214 103520.846 INFO             PET0 !!!                   ESMF_LOGKIND_Multi_On_Error  !!!
20210214 103520.846 INFO             PET0 !!!!!!!!!!!!!!!!!!!!!!!!!!!!!!!!!!!!!!!!!!!!!!!!!!!!!!
20210214 103520.846 INFO             PET0 Running with ESMF Version   : ESMF_8_1_0_beta_snapshot_44-80-g014a1253fa
20210214 103520.846 INFO             PET0 ESMF library build date/time: "Feb 14 2021" "10:32:19"
20210214 103520.846 INFO             PET0 ESMF library build location : /project/esmf/himanshu/nag/esmf
20210214 103520.846 INFO             PET0 ESMF_COMM                   : mpiuni
20210214 103520.846 INFO             PET0 ESMF_MOAB                   : enabled
20210214 103520.846 INFO             PET0 ESMF_LAPACK                 : enabled
20210214 103520.846 INFO             PET0 ESMF_NETCDF                 : disabled
20210214 103520.846 INFO             PET0 ESMF_PNETCDF                : disabled
20210214 103520.846 INFO             PET0 ESMF_PIO                    : disabled
20210214 103520.846 INFO             PET0 ESMF_YAMLCPP                : enabled
20210214 103520.847 INFO             PET0 Finalizing ESMF
20210214 103520.916 INFO             PET0 !!!!!!!!!!!!!!!!!!!!!!!!!!!!!!!!!!!!!!!!!!!!!!!!!!!!!!
20210214 103520.916 INFO             PET0 !!! THE ESMF_LOG IS SET TO OUTPUT ALL LOG MESSAGES !!!
20210214 103520.916 INFO             PET0 !!!     THIS MAY CAUSE SLOWDOWN IN PERFORMANCE     !!!
20210214 103520.916 INFO             PET0 !!! FOR PRODUCTION RUNS, USE:                      !!!
20210214 103520.916 INFO             PET0 !!!                   ESMF_LOGKIND_Multi_On_Error  !!!
20210214 103520.916 INFO             PET0 !!!!!!!!!!!!!!!!!!!!!!!!!!!!!!!!!!!!!!!!!!!!!!!!!!!!!!
20210214 103520.916 INFO             PET0 Running with ESMF Version   : ESMF_8_1_0_beta_snapshot_44-80-g014a1253fa
20210214 103520.916 INFO             PET0 ESMF library build date/time: "Feb 14 2021" "10:32:19"
20210214 103520.916 INFO             PET0 ESMF library build location : /project/esmf/himanshu/nag/esmf
20210214 103520.916 INFO             PET0 ESMF_COMM                   : mpiuni
20210214 103520.917 INFO             PET0 ESMF_MOAB                   : enabled
20210214 103520.917 INFO             PET0 ESMF_LAPACK                 : enabled
20210214 103520.917 INFO             PET0 ESMF_NETCDF                 : disabled
20210214 103520.917 INFO             PET0 ESMF_PNETCDF                : disabled
20210214 103520.917 INFO             PET0 ESMF_PIO                    : disabled
20210214 103520.917 INFO             PET0 ESMF_YAMLCPP                : enabled
20210214 103520.917 INFO             PET0 Finalizing ESMF
20210214 103520.966 INFO             PET0 !!!!!!!!!!!!!!!!!!!!!!!!!!!!!!!!!!!!!!!!!!!!!!!!!!!!!!
20210214 103520.966 INFO             PET0 !!! THE ESMF_LOG IS SET TO OUTPUT ALL LOG MESSAGES !!!
20210214 103520.966 INFO             PET0 !!!     THIS MAY CAUSE SLOWDOWN IN PERFORMANCE     !!!
20210214 103520.966 INFO             PET0 !!! FOR PRODUCTION RUNS, USE:                      !!!
20210214 103520.966 INFO             PET0 !!!                   ESMF_LOGKIND_Multi_On_Error  !!!
20210214 103520.966 INFO             PET0 !!!!!!!!!!!!!!!!!!!!!!!!!!!!!!!!!!!!!!!!!!!!!!!!!!!!!!
20210214 103520.966 INFO             PET0 Running with ESMF Version   : ESMF_8_1_0_beta_snapshot_44-80-g014a1253fa
20210214 103520.966 INFO             PET0 ESMF library build date/time: "Feb 14 2021" "10:32:19"
20210214 103520.966 INFO             PET0 ESMF library build location : /project/esmf/himanshu/nag/esmf
20210214 103520.966 INFO             PET0 ESMF_COMM                   : mpiuni
20210214 103520.966 INFO             PET0 ESMF_MOAB                   : enabled
20210214 103520.967 INFO             PET0 ESMF_LAPACK                 : enabled
20210214 103520.967 INFO             PET0 ESMF_NETCDF                 : disabled
20210214 103520.967 INFO             PET0 ESMF_PNETCDF                : disabled
20210214 103520.967 INFO             PET0 ESMF_PIO                    : disabled
20210214 103520.967 INFO             PET0 ESMF_YAMLCPP                : enabled
20210214 103520.967 INFO             PET0 Finalizing ESMF
Sun Feb 14 14:13:07 MST 2021
