20210228 205305.665 INFO             PET0 !!!!!!!!!!!!!!!!!!!!!!!!!!!!!!!!!!!!!!!!!!!!!!!!!!!!!!
20210228 205305.665 INFO             PET0 !!! THE ESMF_LOG IS SET TO OUTPUT ALL LOG MESSAGES !!!
20210228 205305.665 INFO             PET0 !!!     THIS MAY CAUSE SLOWDOWN IN PERFORMANCE     !!!
20210228 205305.665 INFO             PET0 !!! FOR PRODUCTION RUNS, USE:                      !!!
20210228 205305.665 INFO             PET0 !!!                   ESMF_LOGKIND_Multi_On_Error  !!!
20210228 205305.665 INFO             PET0 !!!!!!!!!!!!!!!!!!!!!!!!!!!!!!!!!!!!!!!!!!!!!!!!!!!!!!
20210228 205305.665 INFO             PET0 Running with ESMF Version   : ESMF_8_1_0_beta_snapshot_47-18-g3fd6502904
20210228 205305.665 INFO             PET0 ESMF library build date/time: "Feb 28 2021" "20:39:18"
20210228 205305.665 INFO             PET0 ESMF library build location : /project/esmf/himanshu/release_8.1.0/intel/esmf
20210228 205305.665 INFO             PET0 ESMF_COMM                   : mpiuni
20210228 205305.668 INFO             PET0 ESMF_MOAB                   : enabled
20210228 205305.669 INFO             PET0 ESMF_LAPACK                 : enabled
20210228 205305.669 INFO             PET0 ESMF_NETCDF                 : disabled
20210228 205305.669 INFO             PET0 ESMF_PNETCDF                : disabled
20210228 205305.669 INFO             PET0 ESMF_PIO                    : disabled
20210228 205305.669 INFO             PET0 ESMF_YAMLCPP                : enabled
20210228 205305.675 DEBUG            PET0 service: 0  PTHREAD_STACK_MIN: 16384 bytes  stack_size: 20971520 bytes
20210228 205305.677 INFO             PET0  NUMBER_OF_PROCESSORS           1
20210228 205305.677 INFO             PET0  PASS  Example ESMF_GCompEx, ESMF_GCompEx.F90, line 465
20210228 205305.677 INFO             PET0 Finalizing ESMF
Sun Feb 28 21:56:30 MST 2021
