20210227 195501.246 INFO             PET0 !!!!!!!!!!!!!!!!!!!!!!!!!!!!!!!!!!!!!!!!!!!!!!!!!!!!!!
20210227 195501.246 INFO             PET0 !!! THE ESMF_LOG IS SET TO OUTPUT ALL LOG MESSAGES !!!
20210227 195501.246 INFO             PET0 !!!     THIS MAY CAUSE SLOWDOWN IN PERFORMANCE     !!!
20210227 195501.246 INFO             PET0 !!! FOR PRODUCTION RUNS, USE:                      !!!
20210227 195501.246 INFO             PET0 !!!                   ESMF_LOGKIND_Multi_On_Error  !!!
20210227 195501.246 INFO             PET0 !!!!!!!!!!!!!!!!!!!!!!!!!!!!!!!!!!!!!!!!!!!!!!!!!!!!!!
20210227 195501.246 INFO             PET0 Running with ESMF Version   : ESMF_8_1_0_beta_snapshot_47-18-g3fd6502904
20210227 195501.246 INFO             PET0 ESMF library build date/time: "Feb 27 2021" "19:40:44"
20210227 195501.246 INFO             PET0 ESMF library build location : /project/esmf/himanshu/release_8.1.0/intel/esmf
20210227 195501.246 INFO             PET0 ESMF_COMM                   : mpiuni
20210227 195501.249 INFO             PET0 ESMF_MOAB                   : enabled
20210227 195501.249 INFO             PET0 ESMF_LAPACK                 : enabled
20210227 195501.249 INFO             PET0 ESMF_NETCDF                 : disabled
20210227 195501.249 INFO             PET0 ESMF_PNETCDF                : disabled
20210227 195501.249 INFO             PET0 ESMF_PIO                    : disabled
20210227 195501.249 INFO             PET0 ESMF_YAMLCPP                : enabled
20210227 195501.252 INFO             PET0  NUMBER_OF_PROCESSORS           1
20210227 195501.252 INFO             PET0  PASS  Example ESMF_WebServicesEx, ESMF_WebServicesEx.F90, line 227
20210227 195501.252 INFO             PET0 Finalizing ESMF
Sat Feb 27 20:58:28 MST 2021
