20210225 193956.464 INFO             PET0 !!!!!!!!!!!!!!!!!!!!!!!!!!!!!!!!!!!!!!!!!!!!!!!!!!!!!!
20210225 193956.464 INFO             PET0 !!! THE ESMF_LOG IS SET TO OUTPUT ALL LOG MESSAGES !!!
20210225 193956.464 INFO             PET0 !!!     THIS MAY CAUSE SLOWDOWN IN PERFORMANCE     !!!
20210225 193956.464 INFO             PET0 !!! FOR PRODUCTION RUNS, USE:                      !!!
20210225 193956.464 INFO             PET0 !!!                   ESMF_LOGKIND_Multi_On_Error  !!!
20210225 193956.464 INFO             PET0 !!!!!!!!!!!!!!!!!!!!!!!!!!!!!!!!!!!!!!!!!!!!!!!!!!!!!!
20210225 193956.464 INFO             PET0 Running with ESMF Version   : ESMF_8_2_0_beta_snapshot_00-5-g14cea2bff6
20210225 193956.464 INFO             PET0 ESMF library build date/time: "Feb 25 2021" "19:32:26"
20210225 193956.464 INFO             PET0 ESMF library build location : /project/esmf/himanshu/esmf_test/cronjobs/daily/gfortran/esmf
20210225 193956.464 INFO             PET0 ESMF_COMM                   : mpiuni
20210225 193956.464 INFO             PET0 ESMF_MOAB                   : enabled
20210225 193956.464 INFO             PET0 ESMF_LAPACK                 : enabled
20210225 193956.464 INFO             PET0 ESMF_NETCDF                 : enabled
20210225 193956.464 INFO             PET0 ESMF_PNETCDF                : disabled
20210225 193956.464 INFO             PET0 ESMF_PIO                    : disabled
20210225 193956.464 INFO             PET0 ESMF_YAMLCPP                : enabled
20210225 193956.465 INFO             PET0  NUMBER_OF_PROCESSORS           1
20210225 193956.465 INFO             PET0  PASS  Example ESMF_CplEx, ESMF_CplEx.F90, line 457
20210225 193956.465 INFO             PET0 Finalizing ESMF
Thu Feb 25 23:56:13 MST 2021
