20210217 121445.638 INFO             PET0 !!!!!!!!!!!!!!!!!!!!!!!!!!!!!!!!!!!!!!!!!!!!!!!!!!!!!!
20210217 121445.639 INFO             PET0 !!! THE ESMF_LOG IS SET TO OUTPUT ALL LOG MESSAGES !!!
20210217 121445.639 INFO             PET0 !!!     THIS MAY CAUSE SLOWDOWN IN PERFORMANCE     !!!
20210217 121445.639 INFO             PET0 !!! FOR PRODUCTION RUNS, USE:                      !!!
20210217 121445.639 INFO             PET0 !!!                   ESMF_LOGKIND_Multi_On_Error  !!!
20210217 121445.639 INFO             PET0 !!!!!!!!!!!!!!!!!!!!!!!!!!!!!!!!!!!!!!!!!!!!!!!!!!!!!!
20210217 121445.639 INFO             PET0 Running with ESMF Version   : ESMF_8_1_0_beta_snapshot_46-2-g1ccee674c3
20210217 121445.639 INFO             PET0 ESMF library build date/time: "Feb 17 2021" "11:47:06"
20210217 121445.639 INFO             PET0 ESMF library build location : /project/esmf/himanshu/esmf_test/cronjobs/daily/intel/esmf
20210217 121445.639 INFO             PET0 ESMF_COMM                   : mpich3
20210217 121445.639 INFO             PET0 ESMF_MOAB                   : enabled
20210217 121445.639 INFO             PET0 ESMF_LAPACK                 : enabled
20210217 121445.639 INFO             PET0 ESMF_NETCDF                 : enabled
20210217 121445.639 INFO             PET0 ESMF_PNETCDF                : disabled
20210217 121445.639 INFO             PET0 ESMF_PIO                    : enabled
20210217 121445.639 INFO             PET0 ESMF_YAMLCPP                : enabled
20210217 121445.701 DEBUG            PET0 Comparing provider Grid: Grid005: 0x7f9ec001de00
20210217 121445.701 DEBUG            PET0     to provider keyGrid: Grid005: 0x7f9ec001de00
20210217 121445.701 DEBUG            PET0 Matching provider Grid found!
20210217 121445.723 DEBUG            PET0 Comparing acceptor Grid: Grid005: 0x7f9ec0024400
20210217 121445.723 DEBUG            PET0     to acceptor keyGrid: Grid005: 0x7f9ec0024400
20210217 121445.723 DEBUG            PET0 Matching acceptor found!
20210217 121445.740 INFO             PET0 Completing mirrored field: sea_surface_temperature
20210217 121445.740 INFO             PET0 Completing mirrored field: air_pressure_at_sea_level
20210217 121445.741 INFO             PET0 Completing mirrored field: surface_net_downward_shortwave_flux
20210217 121445.767 WARNING          PET0 ATM: Field 'sst' in the importState is not at the expected time. StandardName: sea_surface_temperature
20210217 121445.767 ERROR            PET0 ATM:src/addon/NUOPC/src/NUOPC_ModelBase.F90:3056 Invalid argument  - NUOPC INCOMPATIBILITY DETECTED: Import Fields not at current time
20210217 121445.767 ERROR            PET0 ATM:src/addon/NUOPC/src/NUOPC_ModelBase.F90:2756 Invalid argument  - Passing error in return code
20210217 121445.767 ERROR            PET0 Driver:src/addon/NUOPC/src/NUOPC_Driver.F90:3324 Invalid argument  - Phase 'RunPhase1' Run for modelComp 1 did not return ESMF_SUCCESS
20210217 121445.767 ERROR            PET0 Driver:src/addon/NUOPC/src/NUOPC_Driver.F90:3586 Invalid argument  - Passing error in return code
20210217 121445.767 ERROR            PET0 Driver:src/addon/NUOPC/src/NUOPC_Driver.F90:3239 Invalid argument  - Passing error in return code
20210217 121445.768 INFO             PET0  NUMBER_OF_PROCESSORS           4
20210217 121445.768 INFO             PET0  PASS  Example ESMF_NUOPCAtmModelEx, ESMF_NUOPCAtmModelEx.F90, line 1032
20210217 121445.768 INFO             PET0 Finalizing ESMF
20210217 121445.638 INFO             PET1 !!!!!!!!!!!!!!!!!!!!!!!!!!!!!!!!!!!!!!!!!!!!!!!!!!!!!!
20210217 121445.639 INFO             PET1 !!! THE ESMF_LOG IS SET TO OUTPUT ALL LOG MESSAGES !!!
20210217 121445.639 INFO             PET1 !!!     THIS MAY CAUSE SLOWDOWN IN PERFORMANCE     !!!
20210217 121445.639 INFO             PET1 !!! FOR PRODUCTION RUNS, USE:                      !!!
20210217 121445.639 INFO             PET1 !!!                   ESMF_LOGKIND_Multi_On_Error  !!!
20210217 121445.639 INFO             PET1 !!!!!!!!!!!!!!!!!!!!!!!!!!!!!!!!!!!!!!!!!!!!!!!!!!!!!!
20210217 121445.639 INFO             PET1 Running with ESMF Version   : ESMF_8_1_0_beta_snapshot_46-2-g1ccee674c3
20210217 121445.639 INFO             PET1 ESMF library build date/time: "Feb 17 2021" "11:47:06"
20210217 121445.639 INFO             PET1 ESMF library build location : /project/esmf/himanshu/esmf_test/cronjobs/daily/intel/esmf
20210217 121445.639 INFO             PET1 ESMF_COMM                   : mpich3
20210217 121445.639 INFO             PET1 ESMF_MOAB                   : enabled
20210217 121445.639 INFO             PET1 ESMF_LAPACK                 : enabled
20210217 121445.639 INFO             PET1 ESMF_NETCDF                 : enabled
20210217 121445.639 INFO             PET1 ESMF_PNETCDF                : disabled
20210217 121445.639 INFO             PET1 ESMF_PIO                    : enabled
20210217 121445.639 INFO             PET1 ESMF_YAMLCPP                : enabled
20210217 121445.701 DEBUG            PET1 Comparing provider Grid: Grid005: 0x7fc4fb005800
20210217 121445.701 DEBUG            PET1     to provider keyGrid: Grid005: 0x7fc4fb005800
20210217 121445.701 DEBUG            PET1 Matching provider Grid found!
20210217 121445.723 DEBUG            PET1 Comparing acceptor Grid: Grid005: 0x7fc4fd008800
20210217 121445.723 DEBUG            PET1     to acceptor keyGrid: Grid005: 0x7fc4fd008800
20210217 121445.723 DEBUG            PET1 Matching acceptor found!
20210217 121445.740 INFO             PET1 Completing mirrored field: sea_surface_temperature
20210217 121445.740 INFO             PET1 Completing mirrored field: air_pressure_at_sea_level
20210217 121445.740 INFO             PET1 Completing mirrored field: surface_net_downward_shortwave_flux
20210217 121445.767 WARNING          PET1 ATM: Field 'sst' in the importState is not at the expected time. StandardName: sea_surface_temperature
20210217 121445.767 ERROR            PET1 ATM:src/addon/NUOPC/src/NUOPC_ModelBase.F90:3056 Invalid argument  - NUOPC INCOMPATIBILITY DETECTED: Import Fields not at current time
20210217 121445.767 ERROR            PET1 ATM:src/addon/NUOPC/src/NUOPC_ModelBase.F90:2756 Invalid argument  - Passing error in return code
20210217 121445.767 ERROR            PET1 Driver:src/addon/NUOPC/src/NUOPC_Driver.F90:3324 Invalid argument  - Phase 'RunPhase1' Run for modelComp 1 did not return ESMF_SUCCESS
20210217 121445.767 ERROR            PET1 Driver:src/addon/NUOPC/src/NUOPC_Driver.F90:3586 Invalid argument  - Passing error in return code
20210217 121445.767 ERROR            PET1 Driver:src/addon/NUOPC/src/NUOPC_Driver.F90:3239 Invalid argument  - Passing error in return code
20210217 121445.768 INFO             PET1  NUMBER_OF_PROCESSORS           4
20210217 121445.768 INFO             PET1  PASS  Example ESMF_NUOPCAtmModelEx, ESMF_NUOPCAtmModelEx.F90, line 1032
20210217 121445.768 INFO             PET1 Finalizing ESMF
20210217 121445.638 INFO             PET2 !!!!!!!!!!!!!!!!!!!!!!!!!!!!!!!!!!!!!!!!!!!!!!!!!!!!!!
20210217 121445.639 INFO             PET2 !!! THE ESMF_LOG IS SET TO OUTPUT ALL LOG MESSAGES !!!
20210217 121445.639 INFO             PET2 !!!     THIS MAY CAUSE SLOWDOWN IN PERFORMANCE     !!!
20210217 121445.639 INFO             PET2 !!! FOR PRODUCTION RUNS, USE:                      !!!
20210217 121445.639 INFO             PET2 !!!                   ESMF_LOGKIND_Multi_On_Error  !!!
20210217 121445.639 INFO             PET2 !!!!!!!!!!!!!!!!!!!!!!!!!!!!!!!!!!!!!!!!!!!!!!!!!!!!!!
20210217 121445.639 INFO             PET2 Running with ESMF Version   : ESMF_8_1_0_beta_snapshot_46-2-g1ccee674c3
20210217 121445.639 INFO             PET2 ESMF library build date/time: "Feb 17 2021" "11:47:06"
20210217 121445.639 INFO             PET2 ESMF library build location : /project/esmf/himanshu/esmf_test/cronjobs/daily/intel/esmf
20210217 121445.639 INFO             PET2 ESMF_COMM                   : mpich3
20210217 121445.639 INFO             PET2 ESMF_MOAB                   : enabled
20210217 121445.639 INFO             PET2 ESMF_LAPACK                 : enabled
20210217 121445.639 INFO             PET2 ESMF_NETCDF                 : enabled
20210217 121445.639 INFO             PET2 ESMF_PNETCDF                : disabled
20210217 121445.639 INFO             PET2 ESMF_PIO                    : enabled
20210217 121445.639 INFO             PET2 ESMF_YAMLCPP                : enabled
20210217 121445.701 DEBUG            PET2 Comparing provider Grid: Grid005: 0x7ff38a03e800
20210217 121445.701 DEBUG            PET2     to provider keyGrid: Grid005: 0x7ff38a03e800
20210217 121445.701 DEBUG            PET2 Matching provider Grid found!
20210217 121445.723 DEBUG            PET2 Comparing acceptor Grid: Grid005: 0x7ff38b012600
20210217 121445.723 DEBUG            PET2     to acceptor keyGrid: Grid005: 0x7ff38b012600
20210217 121445.723 DEBUG            PET2 Matching acceptor found!
20210217 121445.740 INFO             PET2 Completing mirrored field: sea_surface_temperature
20210217 121445.740 INFO             PET2 Completing mirrored field: air_pressure_at_sea_level
20210217 121445.740 INFO             PET2 Completing mirrored field: surface_net_downward_shortwave_flux
20210217 121445.767 WARNING          PET2 ATM: Field 'sst' in the importState is not at the expected time. StandardName: sea_surface_temperature
20210217 121445.767 ERROR            PET2 ATM:src/addon/NUOPC/src/NUOPC_ModelBase.F90:3056 Invalid argument  - NUOPC INCOMPATIBILITY DETECTED: Import Fields not at current time
20210217 121445.767 ERROR            PET2 ATM:src/addon/NUOPC/src/NUOPC_ModelBase.F90:2756 Invalid argument  - Passing error in return code
20210217 121445.767 ERROR            PET2 Driver:src/addon/NUOPC/src/NUOPC_Driver.F90:3324 Invalid argument  - Phase 'RunPhase1' Run for modelComp 1 did not return ESMF_SUCCESS
20210217 121445.767 ERROR            PET2 Driver:src/addon/NUOPC/src/NUOPC_Driver.F90:3586 Invalid argument  - Passing error in return code
20210217 121445.767 ERROR            PET2 Driver:src/addon/NUOPC/src/NUOPC_Driver.F90:3239 Invalid argument  - Passing error in return code
20210217 121445.768 INFO             PET2  NUMBER_OF_PROCESSORS           4
20210217 121445.768 INFO             PET2  PASS  Example ESMF_NUOPCAtmModelEx, ESMF_NUOPCAtmModelEx.F90, line 1032
20210217 121445.768 INFO             PET2 Finalizing ESMF
20210217 121445.638 INFO             PET3 !!!!!!!!!!!!!!!!!!!!!!!!!!!!!!!!!!!!!!!!!!!!!!!!!!!!!!
20210217 121445.639 INFO             PET3 !!! THE ESMF_LOG IS SET TO OUTPUT ALL LOG MESSAGES !!!
20210217 121445.639 INFO             PET3 !!!     THIS MAY CAUSE SLOWDOWN IN PERFORMANCE     !!!
20210217 121445.639 INFO             PET3 !!! FOR PRODUCTION RUNS, USE:                      !!!
20210217 121445.639 INFO             PET3 !!!                   ESMF_LOGKIND_Multi_On_Error  !!!
20210217 121445.639 INFO             PET3 !!!!!!!!!!!!!!!!!!!!!!!!!!!!!!!!!!!!!!!!!!!!!!!!!!!!!!
20210217 121445.639 INFO             PET3 Running with ESMF Version   : ESMF_8_1_0_beta_snapshot_46-2-g1ccee674c3
20210217 121445.639 INFO             PET3 ESMF library build date/time: "Feb 17 2021" "11:47:06"
20210217 121445.639 INFO             PET3 ESMF library build location : /project/esmf/himanshu/esmf_test/cronjobs/daily/intel/esmf
20210217 121445.639 INFO             PET3 ESMF_COMM                   : mpich3
20210217 121445.639 INFO             PET3 ESMF_MOAB                   : enabled
20210217 121445.639 INFO             PET3 ESMF_LAPACK                 : enabled
20210217 121445.639 INFO             PET3 ESMF_NETCDF                 : enabled
20210217 121445.639 INFO             PET3 ESMF_PNETCDF                : disabled
20210217 121445.639 INFO             PET3 ESMF_PIO                    : enabled
20210217 121445.639 INFO             PET3 ESMF_YAMLCPP                : enabled
20210217 121445.701 DEBUG            PET3 Comparing provider Grid: Grid005: 0x7fd71801a800
20210217 121445.701 DEBUG            PET3     to provider keyGrid: Grid005: 0x7fd71801a800
20210217 121445.701 DEBUG            PET3 Matching provider Grid found!
20210217 121445.723 DEBUG            PET3 Comparing acceptor Grid: Grid005: 0x7fd71801cc00
20210217 121445.723 DEBUG            PET3     to acceptor keyGrid: Grid005: 0x7fd71801cc00
20210217 121445.723 DEBUG            PET3 Matching acceptor found!
20210217 121445.740 INFO             PET3 Completing mirrored field: sea_surface_temperature
20210217 121445.740 INFO             PET3 Completing mirrored field: air_pressure_at_sea_level
20210217 121445.740 INFO             PET3 Completing mirrored field: surface_net_downward_shortwave_flux
20210217 121445.767 WARNING          PET3 ATM: Field 'sst' in the importState is not at the expected time. StandardName: sea_surface_temperature
20210217 121445.767 ERROR            PET3 ATM:src/addon/NUOPC/src/NUOPC_ModelBase.F90:3056 Invalid argument  - NUOPC INCOMPATIBILITY DETECTED: Import Fields not at current time
20210217 121445.767 ERROR            PET3 ATM:src/addon/NUOPC/src/NUOPC_ModelBase.F90:2756 Invalid argument  - Passing error in return code
20210217 121445.767 ERROR            PET3 Driver:src/addon/NUOPC/src/NUOPC_Driver.F90:3324 Invalid argument  - Phase 'RunPhase1' Run for modelComp 1 did not return ESMF_SUCCESS
20210217 121445.767 ERROR            PET3 Driver:src/addon/NUOPC/src/NUOPC_Driver.F90:3586 Invalid argument  - Passing error in return code
20210217 121445.767 ERROR            PET3 Driver:src/addon/NUOPC/src/NUOPC_Driver.F90:3239 Invalid argument  - Passing error in return code
20210217 121445.768 INFO             PET3  NUMBER_OF_PROCESSORS           4
20210217 121445.768 INFO             PET3  PASS  Example ESMF_NUOPCAtmModelEx, ESMF_NUOPCAtmModelEx.F90, line 1032
20210217 121445.768 INFO             PET3 Finalizing ESMF
Wed Feb 17 14:11:39 MST 2021
