20210210 062150.806 INFO             PET0 !!!!!!!!!!!!!!!!!!!!!!!!!!!!!!!!!!!!!!!!!!!!!!!!!!!!!!
20210210 062150.806 INFO             PET0 !!! THE ESMF_LOG IS SET TO OUTPUT ALL LOG MESSAGES !!!
20210210 062150.806 INFO             PET0 !!!     THIS MAY CAUSE SLOWDOWN IN PERFORMANCE     !!!
20210210 062150.806 INFO             PET0 !!! FOR PRODUCTION RUNS, USE:                      !!!
20210210 062150.806 INFO             PET0 !!!                   ESMF_LOGKIND_Multi_On_Error  !!!
20210210 062150.806 INFO             PET0 !!!!!!!!!!!!!!!!!!!!!!!!!!!!!!!!!!!!!!!!!!!!!!!!!!!!!!
20210210 062150.806 INFO             PET0 Running with ESMF Version   : ESMF_8_1_0_beta_snapshot_44-51-g9479c81c39
20210210 062150.806 INFO             PET0 ESMF library build date/time: "Feb 10 2021" "06:00:47"
20210210 062150.806 INFO             PET0 ESMF library build location : /project/esmf/himanshu/esmf_test/cronjobs/daily/intel/esmf
20210210 062150.806 INFO             PET0 ESMF_COMM                   : mpich3
20210210 062150.806 INFO             PET0 ESMF_MOAB                   : enabled
20210210 062150.806 INFO             PET0 ESMF_LAPACK                 : enabled
20210210 062150.806 INFO             PET0 ESMF_NETCDF                 : enabled
20210210 062150.806 INFO             PET0 ESMF_PNETCDF                : disabled
20210210 062150.806 INFO             PET0 ESMF_PIO                    : enabled
20210210 062150.806 INFO             PET0 ESMF_YAMLCPP                : enabled
20210210 062150.807 INFO             PET0  NUMBER_OF_PROCESSORS           2
20210210 062150.807 INFO             PET0  PASS  Example ESMF_VMUserMpiCommEx, ESMF_VMUserMpiCommEx.F90, line 113
20210210 062150.807 INFO             PET0 Finalizing ESMF
20210210 062150.806 INFO             PET1 !!!!!!!!!!!!!!!!!!!!!!!!!!!!!!!!!!!!!!!!!!!!!!!!!!!!!!
20210210 062150.806 INFO             PET1 !!! THE ESMF_LOG IS SET TO OUTPUT ALL LOG MESSAGES !!!
20210210 062150.806 INFO             PET1 !!!     THIS MAY CAUSE SLOWDOWN IN PERFORMANCE     !!!
20210210 062150.806 INFO             PET1 !!! FOR PRODUCTION RUNS, USE:                      !!!
20210210 062150.806 INFO             PET1 !!!                   ESMF_LOGKIND_Multi_On_Error  !!!
20210210 062150.806 INFO             PET1 !!!!!!!!!!!!!!!!!!!!!!!!!!!!!!!!!!!!!!!!!!!!!!!!!!!!!!
20210210 062150.806 INFO             PET1 Running with ESMF Version   : ESMF_8_1_0_beta_snapshot_44-51-g9479c81c39
20210210 062150.806 INFO             PET1 ESMF library build date/time: "Feb 10 2021" "06:00:47"
20210210 062150.806 INFO             PET1 ESMF library build location : /project/esmf/himanshu/esmf_test/cronjobs/daily/intel/esmf
20210210 062150.806 INFO             PET1 ESMF_COMM                   : mpich3
20210210 062150.806 INFO             PET1 ESMF_MOAB                   : enabled
20210210 062150.806 INFO             PET1 ESMF_LAPACK                 : enabled
20210210 062150.806 INFO             PET1 ESMF_NETCDF                 : enabled
20210210 062150.806 INFO             PET1 ESMF_PNETCDF                : disabled
20210210 062150.806 INFO             PET1 ESMF_PIO                    : enabled
20210210 062150.806 INFO             PET1 ESMF_YAMLCPP                : enabled
20210210 062150.807 INFO             PET1  NUMBER_OF_PROCESSORS           2
20210210 062150.807 INFO             PET1  PASS  Example ESMF_VMUserMpiCommEx, ESMF_VMUserMpiCommEx.F90, line 113
20210210 062150.807 INFO             PET1 Finalizing ESMF
Wed Feb 10 08:08:52 MST 2021
