20210219 063619.218 INFO             PET0 !!!!!!!!!!!!!!!!!!!!!!!!!!!!!!!!!!!!!!!!!!!!!!!!!!!!!!
20210219 063619.218 INFO             PET0 !!! THE ESMF_LOG IS SET TO OUTPUT ALL LOG MESSAGES !!!
20210219 063619.218 INFO             PET0 !!!     THIS MAY CAUSE SLOWDOWN IN PERFORMANCE     !!!
20210219 063619.218 INFO             PET0 !!! FOR PRODUCTION RUNS, USE:                      !!!
20210219 063619.218 INFO             PET0 !!!                   ESMF_LOGKIND_Multi_On_Error  !!!
20210219 063619.218 INFO             PET0 !!!!!!!!!!!!!!!!!!!!!!!!!!!!!!!!!!!!!!!!!!!!!!!!!!!!!!
20210219 063619.218 INFO             PET0 Running with ESMF Version   : ESMF_8_2_0_beta_snapshot_00
20210219 063619.218 INFO             PET0 ESMF library build date/time: "Feb 19 2021" "06:12:41"
20210219 063619.218 INFO             PET0 ESMF library build location : /project/esmf/himanshu/esmf_test/cronjobs/daily/intel/esmf
20210219 063619.218 INFO             PET0 ESMF_COMM                   : mpich3
20210219 063619.219 INFO             PET0 ESMF_MOAB                   : enabled
20210219 063619.219 INFO             PET0 ESMF_LAPACK                 : enabled
20210219 063619.219 INFO             PET0 ESMF_NETCDF                 : enabled
20210219 063619.219 INFO             PET0 ESMF_PNETCDF                : disabled
20210219 063619.219 INFO             PET0 ESMF_PIO                    : enabled
20210219 063619.219 INFO             PET0 ESMF_YAMLCPP                : enabled
20210219 063619.219 INFO             PET0  NUMBER_OF_PROCESSORS           1
20210219 063619.219 INFO             PET0  PASS  Example ESMF_TimeEx, ESMF_TimeEx.F90, line 141
20210219 063619.219 INFO             PET0 Finalizing ESMF
Fri Feb 19 08:47:58 MST 2021
