20200919 014504.025 INFO             PET0 !!!!!!!!!!!!!!!!!!!!!!!!!!!!!!!!!!!!!!!!!!!!!!!!!!!!!!
20200919 014504.025 INFO             PET0 !!! THE ESMF_LOG IS SET TO OUTPUT ALL LOG MESSAGES !!!
20200919 014504.025 INFO             PET0 !!!     THIS MAY CAUSE SLOWDOWN IN PERFORMANCE     !!!
20200919 014504.025 INFO             PET0 !!! FOR PRODUCTION RUNS, USE:                      !!!
20200919 014504.025 INFO             PET0 !!!                   ESMF_LOGKIND_Multi_On_Error  !!!
20200919 014504.025 INFO             PET0 !!!!!!!!!!!!!!!!!!!!!!!!!!!!!!!!!!!!!!!!!!!!!!!!!!!!!!
20200919 014504.025 INFO             PET0 Running with ESMF Version   : ESMF_8_1_0_beta_snapshot_28
20200919 014504.025 INFO             PET0 ESMF library build date/time: "Sep 19 2020" "01:42:10"
20200919 014504.025 INFO             PET0 ESMF library build location : /glade/scratch/himanshu/scripts_dir/daily/gfortran_cheyenne/esmf
20200919 014504.025 INFO             PET0 ESMF_COMM                   : mpich3
20200919 014504.025 INFO             PET0 ESMF_NETCDF                 : disabled
20200919 014504.025 INFO             PET0 ESMF_PNETCDF                : disabled
20200919 014504.025 INFO             PET0 ESMF_PIO                    : enabled
20200919 014504.025 INFO             PET0 ESMF_YAMLCPP                : enabled
20200919 014504.025 INFO             PET0 ESMF_MOAB                   : enabled
20200919 014504.026 INFO             PET0 Finalizing ESMF
20200919 014504.051 INFO             PET0 !!!!!!!!!!!!!!!!!!!!!!!!!!!!!!!!!!!!!!!!!!!!!!!!!!!!!!
20200919 014504.051 INFO             PET0 !!! THE ESMF_LOG IS SET TO OUTPUT ALL LOG MESSAGES !!!
20200919 014504.051 INFO             PET0 !!!     THIS MAY CAUSE SLOWDOWN IN PERFORMANCE     !!!
20200919 014504.051 INFO             PET0 !!! FOR PRODUCTION RUNS, USE:                      !!!
20200919 014504.051 INFO             PET0 !!!                   ESMF_LOGKIND_Multi_On_Error  !!!
20200919 014504.051 INFO             PET0 !!!!!!!!!!!!!!!!!!!!!!!!!!!!!!!!!!!!!!!!!!!!!!!!!!!!!!
20200919 014504.051 INFO             PET0 Running with ESMF Version   : ESMF_8_1_0_beta_snapshot_28
20200919 014504.051 INFO             PET0 ESMF library build date/time: "Sep 19 2020" "01:42:10"
20200919 014504.051 INFO             PET0 ESMF library build location : /glade/scratch/himanshu/scripts_dir/daily/gfortran_cheyenne/esmf
20200919 014504.051 INFO             PET0 ESMF_COMM                   : mpich3
20200919 014504.051 INFO             PET0 ESMF_NETCDF                 : disabled
20200919 014504.051 INFO             PET0 ESMF_PNETCDF                : disabled
20200919 014504.051 INFO             PET0 ESMF_PIO                    : enabled
20200919 014504.051 INFO             PET0 ESMF_YAMLCPP                : enabled
20200919 014504.051 INFO             PET0 ESMF_MOAB                   : enabled
20200919 014504.051 INFO             PET0 Finalizing ESMF
20200919 014504.075 INFO             PET0 !!!!!!!!!!!!!!!!!!!!!!!!!!!!!!!!!!!!!!!!!!!!!!!!!!!!!!
20200919 014504.075 INFO             PET0 !!! THE ESMF_LOG IS SET TO OUTPUT ALL LOG MESSAGES !!!
20200919 014504.075 INFO             PET0 !!!     THIS MAY CAUSE SLOWDOWN IN PERFORMANCE     !!!
20200919 014504.075 INFO             PET0 !!! FOR PRODUCTION RUNS, USE:                      !!!
20200919 014504.075 INFO             PET0 !!!                   ESMF_LOGKIND_Multi_On_Error  !!!
20200919 014504.075 INFO             PET0 !!!!!!!!!!!!!!!!!!!!!!!!!!!!!!!!!!!!!!!!!!!!!!!!!!!!!!
20200919 014504.075 INFO             PET0 Running with ESMF Version   : ESMF_8_1_0_beta_snapshot_28
20200919 014504.075 INFO             PET0 ESMF library build date/time: "Sep 19 2020" "01:42:10"
20200919 014504.075 INFO             PET0 ESMF library build location : /glade/scratch/himanshu/scripts_dir/daily/gfortran_cheyenne/esmf
20200919 014504.075 INFO             PET0 ESMF_COMM                   : mpich3
20200919 014504.076 INFO             PET0 ESMF_NETCDF                 : disabled
20200919 014504.076 INFO             PET0 ESMF_PNETCDF                : disabled
20200919 014504.076 INFO             PET0 ESMF_PIO                    : enabled
20200919 014504.076 INFO             PET0 ESMF_YAMLCPP                : enabled
20200919 014504.076 INFO             PET0 ESMF_MOAB                   : enabled
20200919 014504.079 INFO             PET0 Finalizing ESMF
