20201128 044626.666 INFO             PET0 !!!!!!!!!!!!!!!!!!!!!!!!!!!!!!!!!!!!!!!!!!!!!!!!!!!!!!
20201128 044626.666 INFO             PET0 !!! THE ESMF_LOG IS SET TO OUTPUT ALL LOG MESSAGES !!!
20201128 044626.666 INFO             PET0 !!!     THIS MAY CAUSE SLOWDOWN IN PERFORMANCE     !!!
20201128 044626.666 INFO             PET0 !!! FOR PRODUCTION RUNS, USE:                      !!!
20201128 044626.666 INFO             PET0 !!!                   ESMF_LOGKIND_Multi_On_Error  !!!
20201128 044626.666 INFO             PET0 !!!!!!!!!!!!!!!!!!!!!!!!!!!!!!!!!!!!!!!!!!!!!!!!!!!!!!
20201128 044626.666 INFO             PET0 Running with ESMF Version   : ESMF_8_1_0_beta_snapshot_38
20201128 044626.666 INFO             PET0 ESMF library build date/time: "Nov 28 2020" "04:24:16"
20201128 044626.666 INFO             PET0 ESMF library build location : /project/esmf/himanshu/intel/esmf
20201128 044626.666 INFO             PET0 ESMF_COMM                   : openmpi
20201128 044626.668 INFO             PET0 ESMF_NETCDF                 : disabled
20201128 044626.668 INFO             PET0 ESMF_PNETCDF                : disabled
20201128 044626.668 INFO             PET0 ESMF_PIO                    : enabled
20201128 044626.668 INFO             PET0 ESMF_YAMLCPP                : enabled
20201128 044626.668 INFO             PET0 ESMF_MOAB                   : enabled
20201128 044626.669 INFO             PET0  NUMBER_OF_PROCESSORS           2
20201128 044626.669 INFO             PET0  PASS  Example ESMF_VMUserMpiCommEx, ESMF_VMUserMpiCommEx.F90, line 113
20201128 044626.669 INFO             PET0 Finalizing ESMF
20201128 044626.667 INFO             PET1 !!!!!!!!!!!!!!!!!!!!!!!!!!!!!!!!!!!!!!!!!!!!!!!!!!!!!!
20201128 044626.667 INFO             PET1 !!! THE ESMF_LOG IS SET TO OUTPUT ALL LOG MESSAGES !!!
20201128 044626.667 INFO             PET1 !!!     THIS MAY CAUSE SLOWDOWN IN PERFORMANCE     !!!
20201128 044626.667 INFO             PET1 !!! FOR PRODUCTION RUNS, USE:                      !!!
20201128 044626.667 INFO             PET1 !!!                   ESMF_LOGKIND_Multi_On_Error  !!!
20201128 044626.667 INFO             PET1 !!!!!!!!!!!!!!!!!!!!!!!!!!!!!!!!!!!!!!!!!!!!!!!!!!!!!!
20201128 044626.667 INFO             PET1 Running with ESMF Version   : ESMF_8_1_0_beta_snapshot_38
20201128 044626.667 INFO             PET1 ESMF library build date/time: "Nov 28 2020" "04:24:16"
20201128 044626.667 INFO             PET1 ESMF library build location : /project/esmf/himanshu/intel/esmf
20201128 044626.667 INFO             PET1 ESMF_COMM                   : openmpi
20201128 044626.669 INFO             PET1 ESMF_NETCDF                 : disabled
20201128 044626.669 INFO             PET1 ESMF_PNETCDF                : disabled
20201128 044626.669 INFO             PET1 ESMF_PIO                    : enabled
20201128 044626.669 INFO             PET1 ESMF_YAMLCPP                : enabled
20201128 044626.669 INFO             PET1 ESMF_MOAB                   : enabled
20201128 044626.669 INFO             PET1  NUMBER_OF_PROCESSORS           2
20201128 044626.669 INFO             PET1  PASS  Example ESMF_VMUserMpiCommEx, ESMF_VMUserMpiCommEx.F90, line 113
20201128 044626.669 INFO             PET1 Finalizing ESMF
Sat Nov 28 05:25:32 MST 2020
