--------------------------------------------------------------------------
By default, for Open MPI 4.0 and later, infiniband ports on a device
are not used by default.  The intent is to use UCX for these devices.
You can override this policy by setting the btl_openib_allow_ib MCA parameter
to true.

  Local host:              i040
  Local adapter:           hfi1_0
  Local port:              1

--------------------------------------------------------------------------
--------------------------------------------------------------------------
WARNING: There was an error initializing an OpenFabrics device.

  Local host:   i040
  Local device: hfi1_0
--------------------------------------------------------------------------
 ESMF application on MPI rank:           0
  PASS  Example ESMF_VMUserMpiCommMultiEx, ESMF_VMUserMpiCommMultiEx.F90, line 1
 26
 ESMF application on MPI rank:           1
  PASS  Example ESMF_VMUserMpiCommMultiEx, ESMF_VMUserMpiCommMultiEx.F90, line 1
 26
 ESMF application on MPI rank:           2
  PASS  Example ESMF_VMUserMpiCommMultiEx, ESMF_VMUserMpiCommMultiEx.F90, line 1
 54
 ESMF application on MPI rank:           3
  PASS  Example ESMF_VMUserMpiCommMultiEx, ESMF_VMUserMpiCommMultiEx.F90, line 1
 54
 PASS: ESMF_VMUserMpiCommMultiEx.F90
 PASS: ESMF_VMUserMpiCommMultiEx.F90
 PASS: ESMF_VMUserMpiCommMultiEx.F90
 PASS: ESMF_VMUserMpiCommMultiEx.F90
[i040.unified.ucar.edu:137441] 3 more processes have sent help message help-mpi-btl-openib.txt / ib port not selected
[i040.unified.ucar.edu:137441] Set MCA parameter "orte_base_help_aggregate" to 0 to see all help / error messages
[i040.unified.ucar.edu:137441] 3 more processes have sent help message help-mpi-btl-openib.txt / error in device init
Tue Dec  1 05:13:24 MST 2020
