20201106 052125.368 INFO             PET0 !!!!!!!!!!!!!!!!!!!!!!!!!!!!!!!!!!!!!!!!!!!!!!!!!!!!!!
20201106 052125.368 INFO             PET0 !!! THE ESMF_LOG IS SET TO OUTPUT ALL LOG MESSAGES !!!
20201106 052125.368 INFO             PET0 !!!     THIS MAY CAUSE SLOWDOWN IN PERFORMANCE     !!!
20201106 052125.368 INFO             PET0 !!! FOR PRODUCTION RUNS, USE:                      !!!
20201106 052125.368 INFO             PET0 !!!                   ESMF_LOGKIND_Multi_On_Error  !!!
20201106 052125.368 INFO             PET0 !!!!!!!!!!!!!!!!!!!!!!!!!!!!!!!!!!!!!!!!!!!!!!!!!!!!!!
20201106 052125.368 INFO             PET0 Running with ESMF Version   : ESMF_8_1_0_beta_snapshot_36-19-g2283de35ed
20201106 052125.368 INFO             PET0 ESMF library build date/time: "Nov  6 2020" "04:59:05"
20201106 052125.368 INFO             PET0 ESMF library build location : /project/esmf/himanshu/intel/esmf
20201106 052125.368 INFO             PET0 ESMF_COMM                   : openmpi
20201106 052125.372 INFO             PET0 ESMF_NETCDF                 : disabled
20201106 052125.372 INFO             PET0 ESMF_PNETCDF                : disabled
20201106 052125.372 INFO             PET0 ESMF_PIO                    : enabled
20201106 052125.372 INFO             PET0 ESMF_YAMLCPP                : enabled
20201106 052125.372 INFO             PET0 ESMF_MOAB                   : enabled
20201106 052125.372 INFO             PET0  NUMBER_OF_PROCESSORS           4
20201106 052125.372 INFO             PET0  PASS  Example ESMF_VMUserMpiCommMultiEx, ESMF_VMUserMpiCommMultiEx.F90, line 126
20201106 052125.372 INFO             PET0 Finalizing ESMF
20201106 052125.371 INFO             PET0 !!!!!!!!!!!!!!!!!!!!!!!!!!!!!!!!!!!!!!!!!!!!!!!!!!!!!!
20201106 052125.371 INFO             PET0 !!! THE ESMF_LOG IS SET TO OUTPUT ALL LOG MESSAGES !!!
20201106 052125.371 INFO             PET0 !!!     THIS MAY CAUSE SLOWDOWN IN PERFORMANCE     !!!
20201106 052125.371 INFO             PET0 !!! FOR PRODUCTION RUNS, USE:                      !!!
20201106 052125.371 INFO             PET0 !!!                   ESMF_LOGKIND_Multi_On_Error  !!!
20201106 052125.371 INFO             PET0 !!!!!!!!!!!!!!!!!!!!!!!!!!!!!!!!!!!!!!!!!!!!!!!!!!!!!!
20201106 052125.371 INFO             PET0 Running with ESMF Version   : ESMF_8_1_0_beta_snapshot_36-19-g2283de35ed
20201106 052125.371 INFO             PET0 ESMF library build date/time: "Nov  6 2020" "04:59:05"
20201106 052125.371 INFO             PET0 ESMF library build location : /project/esmf/himanshu/intel/esmf
20201106 052125.371 INFO             PET0 ESMF_COMM                   : openmpi
20201106 052125.373 INFO             PET0 ESMF_NETCDF                 : disabled
20201106 052125.373 INFO             PET0 ESMF_PNETCDF                : disabled
20201106 052125.373 INFO             PET0 ESMF_PIO                    : enabled
20201106 052125.373 INFO             PET0 ESMF_YAMLCPP                : enabled
20201106 052125.373 INFO             PET0 ESMF_MOAB                   : enabled
20201106 052125.375 INFO             PET0  NUMBER_OF_PROCESSORS           4
20201106 052125.375 INFO             PET0  PASS  Example ESMF_VMUserMpiCommMultiEx, ESMF_VMUserMpiCommMultiEx.F90, line 154
20201106 052125.375 INFO             PET0 Finalizing ESMF
20201106 052125.368 INFO             PET1 !!!!!!!!!!!!!!!!!!!!!!!!!!!!!!!!!!!!!!!!!!!!!!!!!!!!!!
20201106 052125.368 INFO             PET1 !!! THE ESMF_LOG IS SET TO OUTPUT ALL LOG MESSAGES !!!
20201106 052125.368 INFO             PET1 !!!     THIS MAY CAUSE SLOWDOWN IN PERFORMANCE     !!!
20201106 052125.368 INFO             PET1 !!! FOR PRODUCTION RUNS, USE:                      !!!
20201106 052125.368 INFO             PET1 !!!                   ESMF_LOGKIND_Multi_On_Error  !!!
20201106 052125.368 INFO             PET1 !!!!!!!!!!!!!!!!!!!!!!!!!!!!!!!!!!!!!!!!!!!!!!!!!!!!!!
20201106 052125.368 INFO             PET1 Running with ESMF Version   : ESMF_8_1_0_beta_snapshot_36-19-g2283de35ed
20201106 052125.368 INFO             PET1 ESMF library build date/time: "Nov  6 2020" "04:59:05"
20201106 052125.368 INFO             PET1 ESMF library build location : /project/esmf/himanshu/intel/esmf
20201106 052125.368 INFO             PET1 ESMF_COMM                   : openmpi
20201106 052125.370 INFO             PET1 ESMF_NETCDF                 : disabled
20201106 052125.370 INFO             PET1 ESMF_PNETCDF                : disabled
20201106 052125.370 INFO             PET1 ESMF_PIO                    : enabled
20201106 052125.370 INFO             PET1 ESMF_YAMLCPP                : enabled
20201106 052125.370 INFO             PET1 ESMF_MOAB                   : enabled
20201106 052125.372 INFO             PET1  NUMBER_OF_PROCESSORS           4
20201106 052125.372 INFO             PET1  PASS  Example ESMF_VMUserMpiCommMultiEx, ESMF_VMUserMpiCommMultiEx.F90, line 126
20201106 052125.372 INFO             PET1 Finalizing ESMF
20201106 052125.373 INFO             PET1 !!!!!!!!!!!!!!!!!!!!!!!!!!!!!!!!!!!!!!!!!!!!!!!!!!!!!!
20201106 052125.373 INFO             PET1 !!! THE ESMF_LOG IS SET TO OUTPUT ALL LOG MESSAGES !!!
20201106 052125.373 INFO             PET1 !!!     THIS MAY CAUSE SLOWDOWN IN PERFORMANCE     !!!
20201106 052125.373 INFO             PET1 !!! FOR PRODUCTION RUNS, USE:                      !!!
20201106 052125.373 INFO             PET1 !!!                   ESMF_LOGKIND_Multi_On_Error  !!!
20201106 052125.373 INFO             PET1 !!!!!!!!!!!!!!!!!!!!!!!!!!!!!!!!!!!!!!!!!!!!!!!!!!!!!!
20201106 052125.373 INFO             PET1 Running with ESMF Version   : ESMF_8_1_0_beta_snapshot_36-19-g2283de35ed
20201106 052125.373 INFO             PET1 ESMF library build date/time: "Nov  6 2020" "04:59:05"
20201106 052125.373 INFO             PET1 ESMF library build location : /project/esmf/himanshu/intel/esmf
20201106 052125.373 INFO             PET1 ESMF_COMM                   : openmpi
20201106 052125.374 INFO             PET1 ESMF_NETCDF                 : disabled
20201106 052125.374 INFO             PET1 ESMF_PNETCDF                : disabled
20201106 052125.374 INFO             PET1 ESMF_PIO                    : enabled
20201106 052125.374 INFO             PET1 ESMF_YAMLCPP                : enabled
20201106 052125.374 INFO             PET1 ESMF_MOAB                   : enabled
20201106 052125.375 INFO             PET1  NUMBER_OF_PROCESSORS           4
20201106 052125.375 INFO             PET1  PASS  Example ESMF_VMUserMpiCommMultiEx, ESMF_VMUserMpiCommMultiEx.F90, line 154
20201106 052125.375 INFO             PET1 Finalizing ESMF
Fri Nov  6 06:00:29 MST 2020
