--------------------------------------------------------------------------
By default, for Open MPI 4.0 and later, infiniband ports on a device
are not used by default.  The intent is to use UCX for these devices.
You can override this policy by setting the btl_openib_allow_ib MCA parameter
to true.

  Local host:              i041
  Local adapter:           hfi1_0
  Local port:              1

--------------------------------------------------------------------------
--------------------------------------------------------------------------
WARNING: There was an error initializing an OpenFabrics device.

  Local host:   i041
  Local device: hfi1_0
--------------------------------------------------------------------------
  PASS  Example ESMF_ArrayCommNBEx, ESMF_ArrayCommNBEx.F90, line 277
  PASS  Example ESMF_ArrayCommNBEx, ESMF_ArrayCommNBEx.F90, line 277
  PASS  Example ESMF_ArrayCommNBEx, ESMF_ArrayCommNBEx.F90, line 277
  PASS  Example ESMF_ArrayCommNBEx, ESMF_ArrayCommNBEx.F90, line 277
 PASS: ESMF_ArrayCommNBEx.F90
 PASS: ESMF_ArrayCommNBEx.F90
 PASS: ESMF_ArrayCommNBEx.F90
 PASS: ESMF_ArrayCommNBEx.F90
[i041.unified.ucar.edu:243747] 3 more processes have sent help message help-mpi-btl-openib.txt / ib port not selected
[i041.unified.ucar.edu:243747] Set MCA parameter "orte_base_help_aggregate" to 0 to see all help / error messages
[i041.unified.ucar.edu:243747] 3 more processes have sent help message help-mpi-btl-openib.txt / error in device init
Tue Nov 24 05:09:03 MST 2020
