--------------------------------------------------------------------------
By default, for Open MPI 4.0 and later, infiniband ports on a device
are not used by default.  The intent is to use UCX for these devices.
You can override this policy by setting the btl_openib_allow_ib MCA parameter
to true.

  Local host:              i039
  Local adapter:           hfi1_0
  Local port:              1

--------------------------------------------------------------------------
--------------------------------------------------------------------------
WARNING: There was an error initializing an OpenFabrics device.

  Local host:   i039
  Local device: hfi1_0
--------------------------------------------------------------------------
  PASS  Example ESMF_RHandleReusabilityEx, ESMF_RHandleReusabilityEx.F90, line 5
 82
  PASS  Example ESMF_RHandleReusabilityEx, ESMF_RHandleReusabilityEx.F90, line 5
 82
  PASS  Example ESMF_RHandleReusabilityEx, ESMF_RHandleReusabilityEx.F90, line 5
 82
  PASS  Example ESMF_RHandleReusabilityEx, ESMF_RHandleReusabilityEx.F90, line 5
 82
 PASS: ESMF_RHandleReusabilityEx.F90
 PASS: ESMF_RHandleReusabilityEx.F90
 PASS: ESMF_RHandleReusabilityEx.F90
 PASS: ESMF_RHandleReusabilityEx.F90
[i039.unified.ucar.edu:193226] 3 more processes have sent help message help-mpi-btl-openib.txt / ib port not selected
[i039.unified.ucar.edu:193226] Set MCA parameter "orte_base_help_aggregate" to 0 to see all help / error messages
[i039.unified.ucar.edu:193226] 3 more processes have sent help message help-mpi-btl-openib.txt / error in device init
Thu Nov 12 05:17:58 MST 2020
