20201121 042936.435 INFO             PET0 !!!!!!!!!!!!!!!!!!!!!!!!!!!!!!!!!!!!!!!!!!!!!!!!!!!!!!
20201121 042936.435 INFO             PET0 !!! THE ESMF_LOG IS SET TO OUTPUT ALL LOG MESSAGES !!!
20201121 042936.435 INFO             PET0 !!!     THIS MAY CAUSE SLOWDOWN IN PERFORMANCE     !!!
20201121 042936.435 INFO             PET0 !!! FOR PRODUCTION RUNS, USE:                      !!!
20201121 042936.435 INFO             PET0 !!!                   ESMF_LOGKIND_Multi_On_Error  !!!
20201121 042936.435 INFO             PET0 !!!!!!!!!!!!!!!!!!!!!!!!!!!!!!!!!!!!!!!!!!!!!!!!!!!!!!
20201121 042936.435 INFO             PET0 Running with ESMF Version   : ESMF_8_1_0_beta_snapshot_38
20201121 042936.435 INFO             PET0 ESMF library build date/time: "Nov 21 2020" "04:07:58"
20201121 042936.435 INFO             PET0 ESMF library build location : /project/esmf/himanshu/intel/esmf
20201121 042936.435 INFO             PET0 ESMF_COMM                   : openmpi
20201121 042936.437 INFO             PET0 ESMF_NETCDF                 : disabled
20201121 042936.437 INFO             PET0 ESMF_PNETCDF                : disabled
20201121 042936.437 INFO             PET0 ESMF_PIO                    : enabled
20201121 042936.437 INFO             PET0 ESMF_YAMLCPP                : enabled
20201121 042936.437 INFO             PET0 ESMF_MOAB                   : enabled
20201121 042936.439 ERROR            PET0 ESMCI_Info.C:1277 Info::set(<json>) Cannot set value  - Error/Return Code 540 (ESMC_RC_CANNOT_SET) - Key '/myIntegerKey' already in map and force=false.
20201121 042936.439 ERROR            PET0 ESMCI_Info.C:1280 Info::set(<json>) Cannot set value  - Internal subroutine call returned Error
20201121 042936.439 ERROR            PET0 ESMCI_Info.C:1322 Info::set(<json>) Cannot set value  - Internal subroutine call returned Error
20201121 042936.439 ERROR            PET0 ESMCI_Info.C:1325 Info::set(<json>) Cannot set value  - Internal subroutine call returned Error
20201121 042936.439 ERROR            PET0 ESMCI_Info.C:1373 Info::set(<scalar>) Cannot set value  - Internal subroutine call returned Error
20201121 042936.439 ERROR            PET0 ESMC_InfoCDefGeneric.C:387 ESMC_InfoSetI4() Cannot set value  - Internal subroutine call returned Error
20201121 042936.439 ERROR            PET0 ESMF_Info.F90:666 ESMF_InfoSetI4() Cannot set value  - Internal subroutine call returned Error
20201121 042936.439 INFO             PET0  NUMBER_OF_PROCESSORS           4
20201121 042936.439 INFO             PET0  PASS  Example ESMF_InfoTutorialEx, ESMF_InfoTutorialEx.F90, line 335
20201121 042936.439 INFO             PET0 Finalizing ESMF
20201121 042936.437 INFO             PET1 !!!!!!!!!!!!!!!!!!!!!!!!!!!!!!!!!!!!!!!!!!!!!!!!!!!!!!
20201121 042936.437 INFO             PET1 !!! THE ESMF_LOG IS SET TO OUTPUT ALL LOG MESSAGES !!!
20201121 042936.437 INFO             PET1 !!!     THIS MAY CAUSE SLOWDOWN IN PERFORMANCE     !!!
20201121 042936.437 INFO             PET1 !!! FOR PRODUCTION RUNS, USE:                      !!!
20201121 042936.437 INFO             PET1 !!!                   ESMF_LOGKIND_Multi_On_Error  !!!
20201121 042936.437 INFO             PET1 !!!!!!!!!!!!!!!!!!!!!!!!!!!!!!!!!!!!!!!!!!!!!!!!!!!!!!
20201121 042936.437 INFO             PET1 Running with ESMF Version   : ESMF_8_1_0_beta_snapshot_38
20201121 042936.437 INFO             PET1 ESMF library build date/time: "Nov 21 2020" "04:07:58"
20201121 042936.437 INFO             PET1 ESMF library build location : /project/esmf/himanshu/intel/esmf
20201121 042936.437 INFO             PET1 ESMF_COMM                   : openmpi
20201121 042936.438 INFO             PET1 ESMF_NETCDF                 : disabled
20201121 042936.438 INFO             PET1 ESMF_PNETCDF                : disabled
20201121 042936.438 INFO             PET1 ESMF_PIO                    : enabled
20201121 042936.438 INFO             PET1 ESMF_YAMLCPP                : enabled
20201121 042936.438 INFO             PET1 ESMF_MOAB                   : enabled
20201121 042936.439 ERROR            PET1 ESMCI_Info.C:1277 Info::set(<json>) Cannot set value  - Error/Return Code 540 (ESMC_RC_CANNOT_SET) - Key '/myIntegerKey' already in map and force=false.
20201121 042936.439 ERROR            PET1 ESMCI_Info.C:1280 Info::set(<json>) Cannot set value  - Internal subroutine call returned Error
20201121 042936.439 ERROR            PET1 ESMCI_Info.C:1322 Info::set(<json>) Cannot set value  - Internal subroutine call returned Error
20201121 042936.439 ERROR            PET1 ESMCI_Info.C:1325 Info::set(<json>) Cannot set value  - Internal subroutine call returned Error
20201121 042936.439 ERROR            PET1 ESMCI_Info.C:1373 Info::set(<scalar>) Cannot set value  - Internal subroutine call returned Error
20201121 042936.439 ERROR            PET1 ESMC_InfoCDefGeneric.C:387 ESMC_InfoSetI4() Cannot set value  - Internal subroutine call returned Error
20201121 042936.439 ERROR            PET1 ESMF_Info.F90:666 ESMF_InfoSetI4() Cannot set value  - Internal subroutine call returned Error
20201121 042936.440 INFO             PET1  NUMBER_OF_PROCESSORS           4
20201121 042936.440 INFO             PET1  PASS  Example ESMF_InfoTutorialEx, ESMF_InfoTutorialEx.F90, line 335
20201121 042936.440 INFO             PET1 Finalizing ESMF
20201121 042936.436 INFO             PET2 !!!!!!!!!!!!!!!!!!!!!!!!!!!!!!!!!!!!!!!!!!!!!!!!!!!!!!
20201121 042936.436 INFO             PET2 !!! THE ESMF_LOG IS SET TO OUTPUT ALL LOG MESSAGES !!!
20201121 042936.436 INFO             PET2 !!!     THIS MAY CAUSE SLOWDOWN IN PERFORMANCE     !!!
20201121 042936.436 INFO             PET2 !!! FOR PRODUCTION RUNS, USE:                      !!!
20201121 042936.436 INFO             PET2 !!!                   ESMF_LOGKIND_Multi_On_Error  !!!
20201121 042936.436 INFO             PET2 !!!!!!!!!!!!!!!!!!!!!!!!!!!!!!!!!!!!!!!!!!!!!!!!!!!!!!
20201121 042936.436 INFO             PET2 Running with ESMF Version   : ESMF_8_1_0_beta_snapshot_38
20201121 042936.436 INFO             PET2 ESMF library build date/time: "Nov 21 2020" "04:07:58"
20201121 042936.436 INFO             PET2 ESMF library build location : /project/esmf/himanshu/intel/esmf
20201121 042936.436 INFO             PET2 ESMF_COMM                   : openmpi
20201121 042936.438 INFO             PET2 ESMF_NETCDF                 : disabled
20201121 042936.438 INFO             PET2 ESMF_PNETCDF                : disabled
20201121 042936.438 INFO             PET2 ESMF_PIO                    : enabled
20201121 042936.438 INFO             PET2 ESMF_YAMLCPP                : enabled
20201121 042936.438 INFO             PET2 ESMF_MOAB                   : enabled
20201121 042936.439 ERROR            PET2 ESMCI_Info.C:1277 Info::set(<json>) Cannot set value  - Error/Return Code 540 (ESMC_RC_CANNOT_SET) - Key '/myIntegerKey' already in map and force=false.
20201121 042936.439 ERROR            PET2 ESMCI_Info.C:1280 Info::set(<json>) Cannot set value  - Internal subroutine call returned Error
20201121 042936.439 ERROR            PET2 ESMCI_Info.C:1322 Info::set(<json>) Cannot set value  - Internal subroutine call returned Error
20201121 042936.439 ERROR            PET2 ESMCI_Info.C:1325 Info::set(<json>) Cannot set value  - Internal subroutine call returned Error
20201121 042936.439 ERROR            PET2 ESMCI_Info.C:1373 Info::set(<scalar>) Cannot set value  - Internal subroutine call returned Error
20201121 042936.439 ERROR            PET2 ESMC_InfoCDefGeneric.C:387 ESMC_InfoSetI4() Cannot set value  - Internal subroutine call returned Error
20201121 042936.439 ERROR            PET2 ESMF_Info.F90:666 ESMF_InfoSetI4() Cannot set value  - Internal subroutine call returned Error
20201121 042936.440 INFO             PET2  NUMBER_OF_PROCESSORS           4
20201121 042936.440 INFO             PET2  PASS  Example ESMF_InfoTutorialEx, ESMF_InfoTutorialEx.F90, line 335
20201121 042936.440 INFO             PET2 Finalizing ESMF
20201121 042936.437 INFO             PET3 !!!!!!!!!!!!!!!!!!!!!!!!!!!!!!!!!!!!!!!!!!!!!!!!!!!!!!
20201121 042936.437 INFO             PET3 !!! THE ESMF_LOG IS SET TO OUTPUT ALL LOG MESSAGES !!!
20201121 042936.437 INFO             PET3 !!!     THIS MAY CAUSE SLOWDOWN IN PERFORMANCE     !!!
20201121 042936.437 INFO             PET3 !!! FOR PRODUCTION RUNS, USE:                      !!!
20201121 042936.437 INFO             PET3 !!!                   ESMF_LOGKIND_Multi_On_Error  !!!
20201121 042936.437 INFO             PET3 !!!!!!!!!!!!!!!!!!!!!!!!!!!!!!!!!!!!!!!!!!!!!!!!!!!!!!
20201121 042936.437 INFO             PET3 Running with ESMF Version   : ESMF_8_1_0_beta_snapshot_38
20201121 042936.437 INFO             PET3 ESMF library build date/time: "Nov 21 2020" "04:07:58"
20201121 042936.437 INFO             PET3 ESMF library build location : /project/esmf/himanshu/intel/esmf
20201121 042936.437 INFO             PET3 ESMF_COMM                   : openmpi
20201121 042936.438 INFO             PET3 ESMF_NETCDF                 : disabled
20201121 042936.438 INFO             PET3 ESMF_PNETCDF                : disabled
20201121 042936.438 INFO             PET3 ESMF_PIO                    : enabled
20201121 042936.438 INFO             PET3 ESMF_YAMLCPP                : enabled
20201121 042936.438 INFO             PET3 ESMF_MOAB                   : enabled
20201121 042936.439 ERROR            PET3 ESMCI_Info.C:1277 Info::set(<json>) Cannot set value  - Error/Return Code 540 (ESMC_RC_CANNOT_SET) - Key '/myIntegerKey' already in map and force=false.
20201121 042936.439 ERROR            PET3 ESMCI_Info.C:1280 Info::set(<json>) Cannot set value  - Internal subroutine call returned Error
20201121 042936.439 ERROR            PET3 ESMCI_Info.C:1322 Info::set(<json>) Cannot set value  - Internal subroutine call returned Error
20201121 042936.439 ERROR            PET3 ESMCI_Info.C:1325 Info::set(<json>) Cannot set value  - Internal subroutine call returned Error
20201121 042936.439 ERROR            PET3 ESMCI_Info.C:1373 Info::set(<scalar>) Cannot set value  - Internal subroutine call returned Error
20201121 042936.439 ERROR            PET3 ESMC_InfoCDefGeneric.C:387 ESMC_InfoSetI4() Cannot set value  - Internal subroutine call returned Error
20201121 042936.439 ERROR            PET3 ESMF_Info.F90:666 ESMF_InfoSetI4() Cannot set value  - Internal subroutine call returned Error
20201121 042936.440 INFO             PET3  NUMBER_OF_PROCESSORS           4
20201121 042936.440 INFO             PET3  PASS  Example ESMF_InfoTutorialEx, ESMF_InfoTutorialEx.F90, line 335
20201121 042936.440 INFO             PET3 Finalizing ESMF
Sat Nov 21 05:06:21 MST 2020
