--------------------------------------------------------------------------
By default, for Open MPI 4.0 and later, infiniband ports on a device
are not used by default.  The intent is to use UCX for these devices.
You can override this policy by setting the btl_openib_allow_ib MCA parameter
to true.

  Local host:              i040
  Local adapter:           hfi1_0
  Local port:              1

--------------------------------------------------------------------------
--------------------------------------------------------------------------
WARNING: There was an error initializing an OpenFabrics device.

  Local host:   i040
  Local device: hfi1_0
--------------------------------------------------------------------------
   12.4500000000000        12.4500000000000        12.4500000000000     
   12.4500000000000        12.4500000000000        12.4500000000000     
   12.4500000000000        12.4500000000000        12.4500000000000     
   12.4500000000000        12.4500000000000        12.4500000000000     
   12.4500000000000        12.4500000000000        12.4500000000000     
   12.4500000000000        12.4500000000000        12.4500000000000     
   12.4500000000000        12.4500000000000        12.4500000000000     
   12.4500000000000        12.4500000000000        12.4500000000000     
   12.4500000000000        12.4500000000000        12.4500000000000     
   12.4500000000000        12.4500000000000        12.4500000000000     
   12.4500000000000        12.4500000000000        12.4500000000000     
   12.4500000000000        12.4500000000000        12.4500000000000     
   12.4500000000000        12.4500000000000        12.4500000000000     
   12.4500000000000        12.4500000000000        12.4500000000000     
   12.4500000000000        12.4500000000000        12.4500000000000     
   12.4500000000000        12.4500000000000        12.4500000000000     
   12.4500000000000        12.4500000000000        12.4500000000000     
   12.4500000000000        12.4500000000000        12.4500000000000     
   12.4500000000000        12.4500000000000        12.4500000000000     
   12.4500000000000        12.4500000000000        12.4500000000000     
   12.4500000000000        12.4500000000000        12.4500000000000     
   12.4500000000000        12.4500000000000        12.4500000000000     
   12.4500000000000        12.4500000000000        12.4500000000000     
   12.4500000000000        12.4500000000000        12.4500000000000     
   12.4500000000000        12.4500000000000        12.4500000000000     
   12.4500000000000        12.4500000000000        12.4500000000000     
   12.4500000000000        12.4500000000000        12.4500000000000     
   12.4500000000000        12.4500000000000        12.4500000000000     
   12.4500000000000        12.4500000000000        12.4500000000000     
   12.4500000000000        12.4500000000000        12.4500000000000     
   12.4500000000000        12.4500000000000        12.4500000000000     
   12.4500000000000        12.4500000000000        12.4500000000000     
   12.4500000000000        12.4500000000000        12.4500000000000     
   12.4500000000000        12.4500000000000        12.4500000000000     
   12.4500000000000        12.4500000000000        12.4500000000000     
   12.4500000000000        12.4500000000000        12.4500000000000     
   12.4500000000000        12.4500000000000        12.4500000000000     
   12.4500000000000        12.4500000000000        12.4500000000000     
   12.4500000000000        12.4500000000000        12.4500000000000     
   12.4500000000000        12.4500000000000        12.4500000000000     
   12.4500000000000        12.4500000000000        12.4500000000000     
   12.4500000000000        12.4500000000000        12.4500000000000     
   12.4500000000000        12.4500000000000        12.4500000000000     
   12.4500000000000        12.4500000000000        12.4500000000000     
   12.4500000000000        12.4500000000000        12.4500000000000     
   12.4500000000000        12.4500000000000        12.4500000000000     
   12.4500000000000        12.4500000000000        12.4500000000000     
   12.4500000000000        12.4500000000000        12.4500000000000     
   12.4500000000000        12.4500000000000        12.4500000000000     
   12.4500000000000        12.4500000000000        12.4500000000000     
   12.4500000000000        12.4500000000000        12.4500000000000     
   12.4500000000000        12.4500000000000        12.4500000000000     
   12.4500000000000        12.4500000000000        12.4500000000000     
   12.4500000000000        12.4500000000000        12.4500000000000     
   12.4500000000000        12.4500000000000        12.4500000000000     
   12.4500000000000        12.4500000000000        12.4500000000000     
   12.4500000000000        12.4500000000000        12.4500000000000     
   12.4500000000000        12.4500000000000        12.4500000000000     
   12.4500000000000        12.4500000000000        12.4500000000000     
   12.4500000000000        12.4500000000000        12.4500000000000     
   12.4500000000000        12.4500000000000        12.4500000000000     
   12.4500000000000        12.4500000000000        12.4500000000000     
   12.4500000000000        12.4500000000000        12.4500000000000     
   12.4500000000000        12.4500000000000        12.4500000000000     
   12.4500000000000        12.4500000000000        12.4500000000000     
   12.4500000000000        12.4500000000000        12.4500000000000     
   12.4500000000000        12.4500000000000        12.4500000000000     
   12.4500000000000     
   12.4500000000000        12.4500000000000        12.4500000000000     
   12.4500000000000        12.4500000000000        12.4500000000000     
   12.4500000000000        12.4500000000000        12.4500000000000     
   12.4500000000000        12.4500000000000        12.4500000000000     
   12.4500000000000        12.4500000000000        12.4500000000000     
   12.4500000000000        12.4500000000000        12.4500000000000     
   12.4500000000000        12.4500000000000        12.4500000000000     
   12.4500000000000        12.4500000000000        12.4500000000000     
   12.4500000000000        12.4500000000000        12.4500000000000     
   12.4500000000000        12.4500000000000        12.4500000000000     
   12.4500000000000        12.4500000000000        12.4500000000000     
   12.4500000000000        12.4500000000000        12.4500000000000     
   12.4500000000000        12.4500000000000        12.4500000000000     
   12.4500000000000        12.4500000000000        12.4500000000000     
   12.4500000000000        12.4500000000000        12.4500000000000     
   12.4500000000000        12.4500000000000        12.4500000000000     
   12.4500000000000        12.4500000000000        12.4500000000000     
   12.4500000000000        12.4500000000000        12.4500000000000     
   12.4500000000000        12.4500000000000        12.4500000000000     
   12.4500000000000        12.4500000000000        12.4500000000000     
   12.4500000000000        12.4500000000000        12.4500000000000     
   12.4500000000000        12.4500000000000        12.4500000000000     
   12.4500000000000        12.4500000000000        12.4500000000000     
   12.4500000000000        12.4500000000000        12.4500000000000     
   12.4500000000000        12.4500000000000        12.4500000000000     
   12.4500000000000        12.4500000000000        12.4500000000000     
   12.4500000000000        12.4500000000000        12.4500000000000     
   12.4500000000000        12.4500000000000        12.4500000000000     
   12.4500000000000        12.4500000000000        12.4500000000000     
   12.4500000000000        12.4500000000000        12.4500000000000     
   12.4500000000000        12.4500000000000        12.4500000000000     
   12.4500000000000        12.4500000000000        12.4500000000000     
   12.4500000000000        12.4500000000000        12.4500000000000     
   12.4500000000000     
   23.6700000000000        23.   12.4500000000000        12.4500000000000        12.4500000000000     
   12.4500000000000        12.4500000000000        12.4500000000000     
   12.4500000000000        12.4500000000000        12.4500000000000     
   12.4500000000000        12.4500000000000        12.4500000000000     
   12.4500000000000        12.4500000000000        12.4500000000000     
   12.4500000000000        12.4500000000000        12.4500000000000     
   12.4500000000000        12.4500000000000        12.4500000000000     
   12.4500000000000        12.4500000000000        12.4500000000000     
   12.4500000000000        12.4500000000000        12.4500000000000     
   12.4500000000000        12.4500000000000        12.4500000000000     
   12.4500000000000        12.4500000000000        12.4500000000000     
   12.4500000000000        12.4500000000000        12.4500000000000     
   12.4500000000000        12.4500000000000        12.4500000000000     
   12.4500000000000        12.4500000000000        12.4500000000000     
   12.4500000000000        12.4500000000000        12.4500000000000     
   12.4500000000000        12.4500000000000        12.4500000000000     
   12.4500000000000        12.4500000000000        12.4500000000000     
   12.4500000000000        12.4500000000000        12.4500000000000     
   12.4500000000000        12.4500000000000        12.4500000000000     
   12.4500000000000        12.4500000000000        12.4500000000000     
   12.4500000000000        12.4500000000000        12.4500000000000     
   12.4500000000000        12.4500000000000        12.4500000000000     
   12.4500000000000        12.4500000000000        12.4500000000000     
   12.4500000000000        12.4500000000000        12.4500000000000     
   12.4500000000000        12.4500000000000        12.4500000000000     
   12.4500000000000        12.4500000000000        12.4500000000000     
   12.4500000000000        12.4500000000000        12.4500000000000     
   12.4500000000000        12.4500000000000        12.4500000000000     
   12.4500000000000        12.4500000000000        12.4500000000000     
   12.4500000000000        12.4500000000000        12.4500000000000     
   12.4500000000000        12.4500000000000        12.4500000000000     
   12.4500000000000        12.4500000000000        12.4500000000000     
   12.4500000000000        12.4500000000000        12.4500000000000     
   12.4500000000000     
   12.4500000000000        12.4500000000000        12.4500000000000     
   12.4500000000000        12.4500000000000        12.4500000000000     
   12.4500000000000        12.4500000000000        12.4500000000000     
   12.4500000000000        12.4500000000000        12.4500000000000     
   12.4500000000000        12.4500000000000        12.4500000000000     
   12.4500000000000        12.4500000000000        12.4500000000000     
   12.4500000000000        12.4500000000000        12.4500000000000     
   12.4500000000000        12.4500000000000        12.4500000000000     
   12.4500000000000        12.4500000000000        12.4500000000000     
   12.4500000000000        12.4500000000000        12.4500000000000     
   12.4500000000000        12.4500000000000        12.4500000000000     
   12.4500000000000        12.4500000000000        12.4500000000000     
   12.4500000000000        12.4500000000000        12.4500000000000     
   12.4500000000000        12.4500000000000        12.4500000000000     
   12.4500000000000        12.4500000000000        12.4500000000000     
   12.4500000000000        12.4500000000000        12.4500000000000     
   12.4500000000000        12.4500000000000        12.4500000000000     
   12.4500000000000        12.4500000000000        12.4500000000000     
   12.4500000000000        12.4500000000000        12.4500000000000     
   12.4500000000000        12.4500000000000        12.4500000000000     
   12.4500000000000        12.4500000000000        12.4500000000000     
   12.4500000000000        12.4500000000000        12.4500000000000     
   12.4500000000000        12.4500000000000        12.4   12.4500000000000        12.4500000000000        12.4500000000000     
   12.4500000000000        12.4500000000000        12.4500000000000     
   12.4500000000000        12.4500000000000        12.4500000000000     
   12.4500000000000        12.4500000000000        12.4500000000000     
   12.4500000000000        12.4500000000000        12.4500000000000     
   12.4500000000000        12.4500000000000        12.4500000000000     
   12.4500000000000        12.4500000000000        12.4500000000000     
   12.4500000000000        12.4500000000000        12.4500000000000     
   12.4500000000000        12.4500000000000        12.4500000000000     
   12.4500000000000        12.4500000000000        12.4500000000000     
   12.4500000000000        12.4500000000000        12.4500000000000     
   12.4500000000000        12.4500000000000        12.4500000000000     
   12.4500000000000        12.4500000000000        12.4500000000000     
   12.4500000000000        12.4500000000000        12.4500000000000     
   12.4500000000000        12.4500000000000        12.4500000000000     
   12.4500000000000     
   12.4500000000000        12.4500000000000        12.4500000000000     
   12.4500000000000        12.4500000000000        12.4500000000000     
   12.4500000000000        12.4500000000000        12.4500000000000     
   12.4500000000000        12.4500000000000        12.4500000000000     
   12.4500000000000        12.4500000000000        12.4500000000000     
   12.4500000000000        12.4500000000000        12.4500000000000     
   12.4500000000000        12.4500000000000        12.4500000000000     
   12.4500000000000        12.4500000000000        12.4500000000000     
   12.4500000000000        12.4500000000000        12.4500000000000     
   12.4500000000000        12.4500000000000        12.4500000000000     
   12.4500000000000        12.4500000000000        12.4500000000000     
   12.4500000000000        12.4500000000000        12.4500000000000     
   12.4500000000000        12.4500000000000        12.4500000000000     
   12.4500000000000        12.4500000000000        12.4500000000000     
   12.4500000000000        12.4500000000000        12.4500000000000     
   12.4500000000000        12.4500000000000        12.4500000000000     
   12.4500000000000        12.4500000000000        12.4500000000000     
   12.4500000000000        12.4500000000000        12.4500000000000     
   12.4500000000000        12.4500000000000        12.4500000000000     
   12.4500000000000        12.4500000000000        12.4500000000000     
   12.4500000000000        12.4500000000000        12.4500000000000     
   12.4500000000000        12.4500000000000        12.4500000000000     
   12.4500000000000        12.4500000000000        12.4500000000000     
   12.4500000000000        12.4500000000000        12.4500000000000     
   12.4500000000000        12.4500000000000        12.4500000000000     
   12.4500000000000        12.4500000000000        12.4500000000000     
   12.4500000000000        12.4500000000000        12.4500000000000     
   12.4500000000000        12.4500000000000        12.4500000000000     
   12.4500000000000        12.4500000000000        12.4500000000000     
   12.4500000000000        12.4500000000000        12.4500000000000     
   12.4500000000000        12.4500000000000        12.4500000000000     
   12.4500000000000        12.4500000000000        12.4500000000000     
   12.4500000000000        12.4500000000000        12.4500000000000     
   12.4500000000000     
   23.6700000000000        23.6700000000000        23.6700000000000     
   23.6700000000000        23.6700000000000        23.6700000000000     
   23.6700000000000        23.6700000000000        23.6700000000000     
   23.6700000000000        23.6700000000000        23.6700000000000     
   23.6700000000000        23.6700000000000        23.6700000000000     
   23.6700000000000        23.6700000000000        23.6700000000000     
   23.6700000000000        23.6700000000000        23.6700000000000     
   23.6700000000000        23.500000000000     
   12.4500000000000        12.4500000000000        12.4500000000000     
   12.4500000000000        12.4500000000000        12.4500000000000     
   12.4500000000000        12.4500000000000        12.4500000000000     
   12.4500000000000        12.4500000000000        12.4500000000000     
   12.4500000000000        12.4500000000000        12.4500000000000     
   12.4500000000000        12.4500000000000        12.4500000000000     
   12.4500000000000        12.4500000000000        12.4500000000000     
   12.4500000000000        12.4500000000000        12.4500000000000     
   12.4500000000000        12.4500000000000        12.4500000000000     
   12.4500000000000        12.4500000000000        12.4500000000000     
   12.4500000000000     
   23.6700000000000        23.6700000000000        23.6700000000000     
   23.6700000000000        23.6700000000000        23.6700000000000     
   12.4500000000000        12.4500000000000        12.4500000000000     
   12.4500000000000        12.4500000000000        12.4500000000000     
   12.4500000000000        12.4500000000000        12.4500000000000     
   12.4500000000000        12.4500000000000        12.4500000000000     
   12.4500000000000        12.4500000000000        12.4500000000000     
   12.4500000000000        12.4500000000000        12.4500000000000     
   12.4500000000000        12.4500000000000        12.4500000000000     
   12.4500000000000        12.4500000000000        12.4500000000000     
   12.4500000000000        12.4500000000000        12.4500000000000     
   12.4500000000000        12.4500000000000        12.4500000000000     
   12.4500000000000        12.4500000000000        12.4500000000000     
   12.4500000000000        12.4500000000000        12.4500000000000     
   12.4500000000000        12.4500000000000        12.4500000000000     
   12.4500000000000        12.4500000000000        12.4500000000000     
   12.4500000000000        12.4500000000000        12.4500000000000     
   12.4500000000000        12.4500000000000        12.4500000000000     
   12.4500000000000        12.4500000000000        12.4500000000000     
   12.4500000000000     
   12.4500000000000        12.4500000000000        12.4500000000000     
   12.4500000000000        12.4500000000000        12.4500000000000     
   12.4500000000000        12.4500000000000        12.4500000000000     
   12.4500000000000        12.4500000000000        12.4500000000000     
   12.4500000000000        12.4500000000000        12.4500000000000     
   12.4500000000000        12.4500000000000        12.4500000000000     
   12.4500000000000        12.4500000000000        12.4500000000000     
   12.4500000000000        12.4500000000000        12.4500000000000     
   12.4500000000000        12.4500000000000        12.4500000000000     
   12.4500000000000        12.4500000000000        12.4500000000000     
   12.4500000000000        12.4500000000000        12.4500000000000     
   12.4500000000000        12.4500000000000        12.4500000000000     
   12.4500000000000        12.4500000000000        12.4500000000000     
   12.4500000000000        12.4500000000000        12.4500000000000     
   12.4500000000000        12.4500000000000        12.4500000000000     
   12.4500000000000        12.4500000000000        12.4500000000000     
   12.4500000000000        12.4500000000000        12.4500000000000     
   12.4500000000000        12.4500000000000        12.4500000000000     
   12.4500000000000        12.4500000000000        12.4500000000000     
   12.4500000000000        12.4500000000000        12.4500000000000     
   12.4500000000000        12.4500000000000        12.4500000000000     
   12.4500000000000        12.4500000000000        12.4500000000000     
   12.4500000000000        12.4500000000000        12.4500000000000     
   12.4500000000000        12.4500000000000        12.4500000000000     
   12.4500000000000        12.4500000000000        12.4500000000000     
   12.4500000000000        12.4500000000000        12.4500000000000     
   12.4500000000000        12.4500000000000        12.4500000000000     
   12.4500000000000        12.4500000000000        12.4500000000000     
   12.4500000000000        12.4500000000000        12.4500000000000     
   12.4500000000000        12.4500000000000        12.4500000000000     
   12.4500000000000        12.4500000000000        12.4500000000000     
   12.4500000000000        12.4500000000000        12.4500000000000     
   12.4500000000000        12.4500000000000        12.4500000000000     
   12.4500000000000     
   23.6700000000000        23.6700000000000        23.6700000000000     
   23.6700000000000        23.6700000000000        23.6700000000000     
   23.6700000000000        23.6700000000000        23.6700000000000     
   23.6700000000000        23.6700000000000        23.6700000000000     
   23.6700000000000        23.6700000000000        23.6700000000000     
   23.6700000000000        23.6700000000000        23.6700000000000     
   23.6700000000000        23.6700000000000        23.6700000000000     
   23.6700000000000        23.6700000000000        23.6700000000000     
   23.6700000000000        23.6700000000000        23.6700000000000     
   23.6700000000000        23.6700000000000        23.6700000000000     
   23.6700000000000        23.6700000000000        23.6700000000000     
   23.6700000000000        23.6700000000000        23.6700000000000     
   23.6700000000000        23.6700000000000        23.6700000000000     
   23.6700000000000        23.6700000000000        23.6700000000000     
   23.6700000000000        23.6700000000000        23.6700000000000     
   23.6700000000000        23.6700000000000        23.6700000000000     
   23.6700000000000        23.6700000000000        23.6700000000000     
   23.6700000000000        23.6700000000000        23.6700000000000     
   23.6700000000000        23.6700000000000        23.6700000000000     
   23.6700000000000        23.6700000000000        23.6700000000000     
   23.6700000000000        23.6700000000000        23.6700000000000     
   23.6700000000000        23.6700000000000        23.6700000000000     
   23.6700000000000        23.6700000000000        23.6700000000000     
   23.6700000000000        23.6700000000000        23.6700000000000     
   23.6700000000000        23.6700000000000        23.6700000000000     
   23.6700000000000        23.6700000000000        23.6700000000000     
   23.6700000000000        23.6700000000000        23.6700000000000     
   23.6700000000000        23.6700000000000        23.6700000000000     
   23.6700000000000        23.6700000000000        23.6700000000000     
   23.6700000000000        23.6700000000000        23.6700000000000     
   23.6700000000000        23.6700000000000        23.6700000000000     
   23.6700000000000        23.6700000000000        23.6700000000000     
   23.6700000000000        23.6700000000000        23.6700000000000     
   23.6700000000000        23.6700000000000        23.6700000000000     
   23.6700000000000        23.6700000000000        23.6700000000000     
   23.6700000000000        23.6700000000000        23.6700000000000     
   23.6700000000000        23.6700000000000        23.6700000000000     
   23.6700000000000        23.6700000000000        23.6700000000000     
   23.6700000000000     
   23.6700000000000        23.6700000000000        23.6700000000000     
   23.6700000000000        23.6700000000000        23.6700000000000     
   23.6700000000000        23.6700000000000        23.6700000000000     
   23.6700000000000        23.6700000000000        23.6700000000000     
   23.6700000000000        23.6700000000000        23.6700000000000     
   23.6700000000000        23.6700000000000        23.6700000000000     
   23.6700000000000        23.6700000000000        23.6700000000000     
   23.6700000000000        23.6700000000000        23.6700000000000     
   23.6700000000000        23.6700000000000        23.6700000000000     
   23.6700000000000        23.6700000000000        23.6700000000000     
   23.6700000000000        23.6700000000000        23.6700000000000     
   23.6700000000000        23.6700000000000        23.6700000000000     
   23.6700000000000        23.6700000000000        23.6700000000000     
   23.6700000000000        23.6700000000000        23.6700000000000     
   23.6700000000000        23.6700000000000        23.6700000000000     
   23.6700000000000        23.6700000000000        23.6700000000000     
6700000000000        23.6700000000000     
   23.6700000000000        23.6700000000000        23.6700000000000     
   23.6700000000000        23.6700000000000        23.6700000000000     
   23.6700000000000        23.6700000000000        23.6700000000000     
   23.6700000000000        23.6700000000000        23.6700000000000     
   23.6700000000000        23.6700000000000        23.6700000000000     
   23.6700000000000        23.6700000000000        23.6700000000000     
   23.6700000000000        23.6700000000000        23.6700000000000     
   23.6700000000000        23.6700000000000        23.6700000000000     
   23.6700000000000        23.6700000000000        23.6700000000000     
   23.6700000000000        23.6700000000000        23.6700000000000     
   23.6700000000000        23.6700000000000        23.6700000000000     
   23.6700000000000        23.6700000000000        23.6700000000000     
   23.6700000000000        23.6700000000000        23.6700000000000     
   23.6700000000000        23.6700000000000        23.6700000000000     
   23.6700000000000        23.6700000000000        23.6700000000000     
   23.6700000000000        23.6700000000000        23.6700000000000     
   23.6700000000000        23.6700000000000        23.6700000000000     
   23.6700000000000        23.6700000000000        23.6700000000000     
   23.6700000000000        23.6700000000000        23.6700000000000     
   23.6700000000000        23.6700000000000        23.6700000000000     
   23.6700000000000        23.6700000000000        23.6700000000000     
   23.6700000000000        23.6700000000000        23.6700000000000     
   23.6700000000000        23.6700000000000        23.6700000000000     
   23.6700000000000        23.6700000000000        23.6700000000000     
   23.6700000000000        23.6700000000000        23.6700000000000     
   23.6700000000000        23.6700000000000        23.6700000000000     
   23.6700000000000        23.6700000000000        23.6700000000000     
   23.6700000000000        23.6700000000000        23.6700000000000     
   23.6700000000000        23.6700000000000        23.6700000000000     
   23.6700000000000        23.6700000000000        23.6700000000000     
   23.6700000000000        23.6700000000000        23.6700000000000     
   23.6700000000000        23.6700000000000        23.6700000000000     
   23.6700000000000        23.6700000000000        23.6700000000000     
   23.6700000000000        23.6700000000000        23.6700000000000     
   23.6700000000000     
   56.8100000000000        56.8100000000000        56.8100000000000     
   56.8100000000000        56.8100000000000        56.8100000000000     
   56.8100000000000        56.8100000000000        56.8100000000000     
   56.8100000000000        56.8100000000000        56.8100000000000     
   56.8100000000000        56.8100000000000        56.8100000000000     
   56.8100000000000        56.8100000000000        56.8100000000000     
   56.8100000000000        56.8100000000000        56.8100000000000     
   56.8100000000000        56.8100000000000        56.8100000000000     
   56.8100000000000        56.8100000000000        56.8100000000000     
   56.8100000000000        56.8100000000000        56.8100000000000     
   56.8100000000000        56.8100000000000        56.8100000000000     
   56.8100000000000        56.8100000000000        56.8100000000000     
   56.8100000000000        56.8100000000000        56.8100000000000     
   56.8100000000000        56.8100000000000        56.8100000000000     
   56.8100000000000        56.8100000000000        56.8100000000000     
   56.8100000000000        56.8100000000000        56.8100000000000     
   56.8100000000000        56.8100000000000        56.8100000000000     
   56.8100000000000        56.8100000000000        56.8100000000000     
   56.8100000000000        56.8100000000000        56.8100000000000     
   56.8100000000000        56.8100000000000        56.8100000000000     
   56.8100000000000        56.8100000000000        56.8100000000000     
   56.8100000000000        56.8100000000000        56.8100000000000     
   56.8100000000000        56.8100000000000        56.8100000000000     
   56.8100000000000        56.8100000000000        56.8100000000000     
   56.8100000000000        56.8100000000000        56.8100000000000     
   56.8100000000000        56.8100000000000        56.8100000000000     
   56.8100000000000        56.8100000000000        56.8100000000000     
   56.8100000000000        56.8100000000000        56.8100000000000     
   56.8100000000000        56.8100000000000        56.8100000000000     
   56.8100000000000        56.8100000000000        56.8100000000000     
   56.8100000000000        56.8100000000000        56.8100000000000     
   56.8100000000000        56.8100000000000        56.8100000000000     
   56.8100000000000        56.8100000000000        56.8100000000000     
   56.8100000000000     
   56.8100000000000        56.8100000000000        56.8100000000000     
   56.8100000000000        56.8100000000000        56.8100000000000     
   56.8100000000000        56.8100000000000        56.8100000000000     
   56.8100000000000        56.8100000000000        56.8100000000000     
   56.8100000000000        56.8100000000000        56.8100000000000     
   56.8100000000000        56.   23.6700000000000        23.6700000000000        23.6700000000000     
   23.6700000000000        23.6700000000000        23.6700000000000     
   23.6700000000000        23.6700000000000        23.6700000000000     
   23.6700000000000        23.6700000000000        23.6700000000000     
   23.6700000000000        23.6700000000000        23.6700000000000     
   23.6700000000000        23.6700000000000        23.6700000000000     
   23.6700000000000        23.6700000000000        23.6700000000000     
   23.6700000000000        23.6700000000000        23.6700000000000     
   23.6700000000000        23.6700000000000        23.6700000000000     
   23.6700000000000        23.6700000000000        23.6700000000000     
   23.6700000000000        23.6700000000000        23.6700000000000     
   23.6700000000000        23.6700000000000        23.6700000000000     
   23.6700000000000        23.6700000000000        23.6700000000000     
   23.6700000000000        23.6700000000000        23.6700000000000     
   23.6700000000000        23.6700000000000        23.6700000000000     
   23.6700000000000        23.6700000000000        23.6700000000000     
   23.6700000000000        23.6700000000000        23.6700000000000     
   23.6700000000000        23.6700000000000        23.6700000000000     
   23.6700000000000        23.6700000000000        23.6700000000000     
   23.6700000000000        23.6700000000000        23.6700000000000     
   23.6700000000000        23.6700000000000        23.6700000000000     
   23.6700000000000        23.6700000000000        23.6700000000000     
   23.6700000000000        23.6700000000000        23.6700000000000     
   23.6700000000000        23.6700000000000        23.6700000000000     
   23.6700000000000        23.6700000000000        23.6700000000000     
   23.6700000000000        23.6700000000000        23.6700000000000     
   23.6700000000000        23.6700000000000        23.6700000000000     
   23.6700000000000        23.6700000000000        23.6700000000000     
   23.6700000000000        23.6700000000000        23.6700000000000     
   23.6700000000000        23.6700000000000        23.6700000000000     
   23.6700000000000        23.6700000000000        23.6700000000000     
   23.6700000000000     
   23.6700000000000        23.6700000000000        23.6700000000000     
   23.6700000000000        23.6700000000000        23.6700000000000     
   23.6700000000000        23.6700000000000        23.6700000000000     
   23.6700000000000        23.6700000000000        23.6700000000000     
   23.6700000000000        23.6700000000000        23.6700000000000     
   23.6700000000000        23.6700000000000        23.6700000000000     
   23.6700000000000        23.6700000000000        23.6700000000000     
   23.6700000000000        23.6700000000000        23.6700000000000     
   23.6700000000000        23.6700000000000        23.6700000000000     
   23.6700000000000        23.6700000000000        23.6700000000000     
   23.6700000000000        23.6700000000000        23.6700000000000     
   23.6700000000000        23.6700000000000        23.6700000000000     
   23.6700000000000        23.6700000000000        23.6700000000000     
   23.6700000000000        23.6700000000000        23.6700000000000     
   23.6700000000000        23.6700000000000        23.6700000000000     
   23.6700000000000        23.6700000000000        23.6700000000000     
   23.6700000000000        23.6700000000000        23.6700000000000     
   23.6700000000000        23.6700000000000        23.6700000000000     
   23.6700000000000        23.6700000000000        23.6700000000000     
   23.6700000000000        23.6700000000000        23.6700000000000     
   23.6700000000000        23.6700000000000        23.6700000000000     
   23.6700000000000        23.6700000000000        23.6700000000000     
   23.6700000000000        23.6700000000000        23.6700000000000     
   23.6700000000000        23.6700000000000        23.6700000000000     
   23.6700000000000        23.6700000000000        23.66700000000000        23.6700000000000     
   23.6700000000000        23.6700000000000        23.6700000000000     
   23.6700000000000        23.6700000000000        23.6700000000000     
   23.6700000000000        23.6700000000000        23.6700000000000     
   23.6700000000000        23.6700000000000        23.6700000000000     
   23.6700000000000        23.6700000000000        23.6700000000000     
   23.6700000000000        23.6700000000000        23.6700000000000     
   23.6700000000000        23.6700000000000        23.6700000000000     
   23.6700000000000        23.6700000000000        23.6700000000000     
   23.6700000000000        23.6700000000000        23.6700000000000     
   23.6700000000000        23.6700000000000        23.6700000000000     
   23.6700000000000        23.6700000000000        23.6700000000000     
   23.6700000000000        23.6700000000000        23.6700000000000     
   23.6700000000000        23.6700000000000        23.6700000000000     
   23.6700000000000        23.6700000000000        23.6700000000000     
   23.6700000000000        23.6700000000000        23.6700000000000     
   23.6700000000000        23.6700000000000        23.6700000000000     
   23.6700000000000        23.6700000000000        23.6700000000000     
   23.6700000000000        23.6700000000000        23.6700000000000     
   23.6700000000000        23.6700000000000        23.6700000000000     
   23.6700000000000        23.6700000000000        23.6700000000000     
   23.6700000000000        23.6700000000000        23.6700000000000     
   23.6700000000000        23.6700000000000        23.6700000000000     
   23.6700000000000        23.6700000000000        23.6700000000000     
   23.6700000000000        23.6700000000000        23.6700000000000     
   23.6700000000000        23.6700000000000        23.6700000000000     
   23.6700000000000        23.6700000000000        23.6700000000000     
   23.6700000000000        23.6700000000000        23.6700000000000     
   23.6700000000000     
   23.6700000000000        23.6700000000000        23.6700000000000     
   23.6700000000000        23.6700000000000        23.6700000000000     
   23.6700000000000        23.6700000000000        23.6700000000000     
   23.6700000000000        23.6700000000000        23.6700000000000     
   23.6700000000000        23.6700000000000        23.6700000000000     
   23.6700000000000        23.6700000000000        23.6700000000000     
   23.6700000000000        23.6700000000000        23.6700000000000     
   23.6700000000000        23.6700000000000        23.6700000000000     
   23.6700000000000        23.6700000000000        23.6700000000000     
   23.6700000000000        23.6700000000000        23.6700000000000     
   23.6700000000000        23.6700000000000        23.6700000000000     
   23.6700000000000        23.6700000000000        23.6700000000000     
   23.6700000000000        23.6700000000000        23.6700000000000     
   23.6700000000000        23.6700000000000        23.6700000000000     
   23.6700000000000        23.6700000000000        23.6700000000000     
   23.6700000000000        23.6700000000000        23.6700000000000     
   23.6700000000000        23.6700000000000        23.6700000000000     
   23.6700000000000        23.6700000000000        23.6700000000000     
   23.6700000000000        23.6700000000000        23.6700000000000     
   23.6700000000000        23.6700000000000        23.6700000000000     
   23.6700000000000        23.6700000000000        23.6700000000000     
   23.6700000000000        23.6700000000000        23.6700000000000     
   23.6700000000000        23.6700000000000        23.6700000000000     
   23.6700000000000        23.6700000000000        23.6700000000000     
   23.6700000000000        23.6700000000000        23.6700000000000     
   23.6700000000000        23.6700000000000        23.6700000000000     
   23.6700000000000        23.6700000000000        23.6700000000000     
   23.6700000000000        23.6700000000000        23.6700000000000     
   23.670000   23.6700000000000        23.6700000000000        23.6700000000000     
   23.6700000000000        23.6700000000000        23.6700000000000     
   23.6700000000000        23.6700000000000        23.6700000000000     
   23.6700000000000        23.6700000000000        23.6700000000000     
   23.6700000000000        23.6700000000000        23.6700000000000     
   23.6700000000000        23.6700000000000        23.6700000000000     
   23.6700000000000        23.6700000000000        23.6700000000000     
   23.6700000000000        23.6700000000000        23.6700000000000     
   23.6700000000000     
   23.6700000000000        23.6700000000000        23.6700000000000     
   23.6700000000000        23.6700000000000        23.6700000000000     
   23.6700000000000        23.6700000000000        23.6700000000000     
   23.6700000000000        23.6700000000000        23.6700000000000     
   23.6700000000000        23.6700000000000        23.6700000000000     
   23.6700000000000        23.6700000000000        23.6700000000000     
   23.6700000000000        23.6700000000000        23.6700000000000     
   23.6700000000000        23.6700000000000        23.6700000000000     
   23.6700000000000        23.6700000000000        23.6700000000000     
   23.6700000000000        23.6700000000000        23.6700000000000     
   23.6700000000000        23.6700000000000        23.6700000000000     
   23.6700000000000        23.6700000000000        23.6700000000000     
   23.6700000000000        23.6700000000000        23.6700000000000     
   23.6700000000000        23.6700000000000        23.6700000000000     
   23.6700000000000        23.6700000000000        23.6700000000000     
   23.6700000000000        23.6700000000000        23.6700000000000     
   23.6700000000000        23.6700000000000        23.6700000000000     
   23.6700000000000        23.6700000000000        23.6700000000000     
   23.6700000000000        23.6700000000000        23.6700000000000     
   23.6700000000000        23.6700000000000        23.6700000000000     
   23.6700000000000        23.6700000000000        23.6700000000000     
   23.6700000000000        23.6700000000000        23.6700000000000     
   23.6700000000000        23.6700000000000        23.6700000000000     
   23.6700000000000        23.6700000000000        23.6700000000000     
   23.6700000000000        23.6700000000000        23.6700000000000     
   23.6700000000000        23.6700000000000        23.6700000000000     
   23.6700000000000        23.6700000000000        23.6700000000000     
   23.6700000000000        23.6700000000000        23.6700000000000     
   23.6700000000000        23.6700000000000        23.6700000000000     
   23.6700000000000        23.6700000000000        23.6700000000000     
   23.6700000000000        23.6700000000000        23.6700000000000     
   23.6700000000000        23.6700000000000        23.6700000000000     
   23.6700000000000        23.6700000000000        23.6700000000000     
   23.6700000000000     
   56.8100000000000        56.8100000000000        56.8100000000000     
   56.8100000000000        56.8100000000000        56.8100000000000     
   56.8100000000000        56.8100000000000        56.8100000000000     
   56.8100000000000        56.8100000000000        56.8100000000000     
   56.8100000000000        56.8100000000000        56.8100000000000     
   56.8100000000000        56.8100000000000        56.8100000000000     
   56.8100000000000        56.8100000000000        56.8100000000000     
   56.8100000000000        56.8100000000000        56.8100000000000     
   56.8100000000000        56.8100000000000        56.8100000000000     
   56.8100000000000        56.8100000000000        56.8100000000000     
   56.8100000000000        56.8100000000000        56.8100000000000     
   56.8100000000000        56.8100000000000        56.8100000000000     
   56.8100000000000        56.8100000000000        56.8100000000000     
   56.8100000000000        56.8100000000000        56.8100000000000     
   56.8100000000000        56.0000000        23.6700000000000        23.6700000000000     
   23.6700000000000        23.6700000000000        23.6700000000000     
   23.6700000000000        23.6700000000000        23.6700000000000     
   23.6700000000000        23.6700000000000        23.6700000000000     
   23.6700000000000        23.6700000000000        23.6700000000000     
   23.6700000000000     
   56.8100000000000        56.8100000000000        56.8100000000000     
   56.8100000000000        56.8100000000000        56.8100000000000     
   56.8100000000000        56.8100000000000        56.8100000000000     
   56.8100000000000        56.8100000000000        56.8100000000000     
   56.8100000000000        56.8100000000000        56.8100000000000     
   56.8100000000000        56.8100000000000        56.8100000000000     
   56.8100000000000        56.8100000000000        56.8100000000000     
   56.8100000000000        56.8100000000000        56.8100000000000     
   56.8100000000000        56.8100000000000        56.8100000000000     
   56.8100000000000        56.8100000000000        56.8100000000000     
   56.8100000000000        56.8100000000000        56.8100000000000     
   56.8100000000000        56.8100000000000        56.8100000000000     
   56.8100000000000        56.8100000000000        56.8100000000000     
   56.8100000000000        56.8100000000000        56.8100000000000     
   56.8100000000000        56.8100000000000        56.8100000000000     
   56.8100000000000        56.8100000000000        56.8100000000000     
   56.8100000000000        56.8100000000000        56.8100000000000     
   56.8100000000000        56.8100000000000        56.8100000000000     
   56.8100000000000        56.8100000000000        56.8100000000000     
8100000000000        56.8100000000000     
   56.8100000000000        56.8100000000000        56.8100000000000     
   56.8100000000000        56.8100000000000        56.8100000000000     
   56.8100000000000        56.8100000000000        56.8100000000000     
   56.8100000000000        56.8100000000000        56.8100000000000     
   56.8100000000000        56.8100000000000        56.8100000000000     
   56.8100000000000        56.8100000000000        56.8100000000000     
   56.8100000000000        56.8100000000000        56.8100000000000     
   56.8100000000000        56.8100000000000        56.8100000000000     
   56.8100000000000        56.8100000000000        56.8100000000000     
   56.8100000000000        56.8100000000000        56.8100000000000     
   56.8100000000000        56.8100000000000        56.8100000000000     
   56.8100000000000        56.8100000000000        56.8100000000000     
   56.8100000000000        56.8100000000000        56.8100000000000     
   56.8100000000000        56.8100000000000        56.8100000000000     
   56.8100000000000        56.8100000000000        56.8100000000000     
   56.8100000000000        56.8100000000000        56.8100000000000     
   56.8100000000000        56.8100000000000        56.8100000000000     
   56.8100000000000        56.8100000000000        56.8100000000000     
   56.8100000000000        56.8100000000000        56.8100000000000     
   56.8100000000000        56.8100000000000        56.8100000000000     
   56.8100000000000        56.8100000000000        56.8100000000000     
   56.8100000000000        56.8100000000000        56.8100000000000     
   56.8100000000000        56.8100000000000        56.8100000000000     
   56.8100000000000        56.8100000000000        56.8100000000000     
   56.8100000000000        56.8100000000000        56.8100000000000     
   56.8100000000000        56.8100000000000        56.8100000000000     
   56.8100000000000        56.8100000000000        56.8100000000000     
   56.8100000000000     
  PASS  Example ESMF_ArrayFarrayEx, ESMF_ArrayFarrayEx.F90, line 287
700000000000     
   23.6700000000000        23.6700000000000        23.6700000000000     
   23.6700000000000        23.6700000000000        23.6700000000000     
   23.6700000000000        23.6700000000000        23.6700000000000     
   23.6700000000000        23.6700000000000        23.6700000000000     
   23.6700000000000        23.6700000000000        23.6700000000000     
   23.6700000000000        23.6700000000000        23.6700000000000     
   23.6700000000000        23.6700000000000        23.6700000000000     
   23.6700000000000        23.6700000000000        23.6700000000000     
   23.6700000000000     
   56.8100000000000        56.8100000000000        56.8100000000000     
   56.8100000000000        56.8100000000000        56.8100000000000     
   56.8100000000000        56.8100000000000        56.8100000000000     
   56.8100000000000        56.8100000000000        56.8100000000000     
   56.8100000000000        56.8100000000000        56.8100000000000     
   56.8100000000000        56.8100000000000        56.8100000000000     
   56.8100000000000        56.8100000000000        56.8100000000000     
   56.8100000000000        56.8100000000000        56.8100000000000     
8100000000000        56.8100000000000     
   56.8100000000000        56.8100000000000        56.8100000000000     
   56.8100000000000        56.8100000000000        56.8100000000000     
   56.8100000000000        56.8100000000000        56.8100000000000     
   56.8100000000000        56.8100000000000        56.8100000000000     
   56.8100000000000        56.8100000000000        56.8100000000000     
   56.8100000000000        56.8100000000000        56.8100000000000     
   56.8100000000000        56.8100000000000        56.8100000000000     
   56.8100000000000        56.8100000000000        56.8100000000000     
   56.8100000000000        56.8100000000000        56.8100000000000     
   56.8100000000000        56.8100000000000        56.8100000000000     
   56.8100000000000        56.8100000000000        56.8100000000000     
   56.8100000000000        56.8100000000000        56.8100000000000     
   56.8100000000000        56.8100000000000        56.8100000000000     
   56.8100000000000        56.8100000000000        56.8100000000000     
   56.8100000000000        56.8100000000000        56.8100000000000     
   56.8100000000000        56.8100000000000        56.8100000000000     
   56.8100000000000        56.8100000000000        56.8100000000000     
   56.8100000000000        56.8100000000000        56.8100000000000     
   56.8100000000000     
   56.8100000000000        56.8100000000000        56.8100000000000     
   56.8100000000000        56.8100000000000        56.8100000000000     
   56.8100000000000        56.8100000000000        56.8100000000000     
   56.8100000000000        56.8100000000000        56.8100000000000     
   56.8100000000000        56.8100000000000        56.8100000000000     
   56.8100000000000        56.8100000000000        56.8100000000000     
   56.8100000000000        56.8100000000000        56.8100000000000     
   56.8100000000000        56.8100000000000        56.8100000000000     
   56.8100000000000        56.8100000000000        56.8100000000000     
   56.8100000000000        56.8100000000000        56.8100000000000     
   56.8100000000000        56.8100000000000        56.8100000000000     
   56.8100000000000        56.8100000000000        56.8100000000000     
   56.8100000000000        56.8100000000000        56.8100000000000     
   56.8100000000000        56.8100000000000        56.8100000000000     
   56.8100000000000        56.8100000000000        56.8100000000000     
   56.8100000000000        56.8100000000000        56.8100000000000     
   56.8100000000000        56.8100000000000        56.8100000000000     
   56.8100000000000        56.8100000000000        56.8100000000000     
   56.8100000000000        56.8100000000000        56.8100000000000     
   56.8100000000000        56.8100000000000        56.8100000000000     
   56.8100000000000        56.8100000000000        56.8100000000000     
   56.8100000000000        56.8100000000000        56.8100000000000     
   56.8100000000000        56.8100000000000        56.8100000000000     
   56.8100000000000        56.8100000000000        56.8100000000000     
   56.8100000000000        56.8100000000000        56.8100000000000     
   56.8100000000000        56.8100000000000        56.8100000000000     
   56.8100000000000        56.8100000000000        56.8100000000000     
   56.8100000000000        56.8100000000000        56.8100000000000     
   56.8100000000000        56.8100000000000        56.8100000000000     
   56.8100000000000        56.8100000000000        56.8100000000000     
   56.8100000000000        56.8100000000000        56.8100000000000     
   56.8100000000000        56.8100000000000        56.8100000000000     
   56.8100000000000        56.8100000000000        56.8100000000000     
   56.8100000000000     
   56.8100000000000        56.8100000000000        56.8100000000000     
   56.8100000000000        56.8100000000000        56.8100000000000     
   56.8100000000000        56.8100000000000        56.8100000000000     
   56.8100000000000        56.8100000000000        56.8100000000000     
   56.8100000000000        56.8100000000000        56.8100000000000     
   56.8100000000000        56.8100000000000        56.8100000000000     
   56.8100000000000        56.8100000000000        56.8100000000000     
   56.8100000000000        56.8100000000000        56.8100000000000     
   56.8100000000000        56.8100000000000        56.8100000000000     
   56.8100000000000        56.8100000000000        56.8100000000000     
   56.8100000000000        56.8100000000000        56.8100000000000     
   56.8100000000000        56.8100000000000        56.8100000000000     
   56.8100000000000        56.8100000000000        56.8100000000000     
   56.8100000000000        56.8100000000000        56.8100000000000     
   56.8100000000000        56.8100000000000        56.8100000000000     
   56.8100000000000        56.8100000000000        56.8100000000000     
   56.8100000000000        56.8100000000000        56.8100000000000     
   56.8100000000000        56.8100000000000        56.8100000000000     
   56.8100000000000        56.8100000000000        56.8100000000000     
   56.8100000000000        56.8100000000000        56.8100000000000     
   56.8100000000000        56.8100000000000        56.8100000000000     
   56.8100000000000        56.8100000000000        56.8100000000000     
   56.8100000000000        56.8100000000000        56.8100000000000     
   56.8100000000000        56.8100000000000        56.8100000000000     
   56.8100000000000        56.8100000000000        56.8100000000000     
   56.8100000000000        56.8100000000000        56.8100000000000     
   56.8100000000000        56.8100000000000        56.8100000000000     
   56.8100000000000        56.8100000000000        56.8100000000000     
   56.8100000000000        56.8100000000000        56.8100000000000     
   56.8100000000000        56.8100000000000        56.8100000000000     
   56.8100000000000        56.8100000000000        56.8100000000000     
   56.8100000000000        56.8100000000000        56.8100000000000     
   56.8100000000000        56.8100000000000        56.8100000000000     
   56.8100000000000        56.8100000000000        56.8100000000000     
   56.8100000000000        56.8100000000000        56.8100000000000     
   56.8100000000000        56.8100000000000        56.8100000000000     
   56.8100000000000        56.8100000000000        56.8100000000000     
   56.8100000000000        56.8100000000000        56.8100000000000     
   56.8100000000000        56.8100000000000        56.8100000000000     
   56.8100000000000        56.8100000000000        56.8100000000000     
   56.8100000000000        56.8100000000000        56.8100000000000     
   56.8100000000000        56.8100000000000        56.8100000000000     
   56.8100000000000        56.8100000000000        56.8100000000000     
   56.8100000000000        56.8100000000000        56.8100000000000     
   56.8100000000000        56.8100000000000        56.8100000000000     
   56.8100000000000        56.8100000000000        56.8100000000000     
   56.8100000000000        56.8100000000000        56.8100000000000     
   56.8100000000000        56.8100000000000        56.8100000000000     
   56.8100000000000        56.8100000000000        56.8100000000000     
   56.8100000000000        56.8100000000000        56.8100000000000     
   56.8100000000000     
   56.8100000000000        56.8100000000000        56.8100000000000     
   56.8100000000000        56.8100000000000        56.8100000000000     
   56.8100000000000        56.8100000000000        56.8100000000000     
   56.8100000000000        56.8100000000000        56.8100000000000     
   56.8100000000000        56.8100000000000        56.8100000000000     
   56.8100000000000        56.8100000000000        56.8100000000000     
   56.8100000000000        56.8100000000000        56.8100000000000     
   56.8100000000000        56.8100000000000        56.8100000000000     
   56.8100000000000        56.8100000000000        56.8100000000000     
   56.8100000000000        56.8100000000000        56.8100000000000     
   56.8100000000000     
  PASS  Example ESMF_ArrayFarrayEx, ESMF_ArrayFarrayEx.F90, line 287
   56.8100000000000        56.8100000000000        56.8100000000000     
   56.8100000000000        56.8100000000000        56.8100000000000     
   56.8100000000000        56.8100000000000        56.8100000000000     
   56.8100000000000        56.8100000000000        56.8100000000000     
   56.8100000000000        56.8100000000000        56.8100000000000     
   56.8100000000000        56.8100000000000        56.8100000000000     
   56.8100000000000        56.8100000000000        56.8100000000000     
   56.8100000000000        56.8100000000000        56.8100000000000     
   56.8100000000000        56.8100000000000        56.8100000000000     
   56.8100000000000        56.8100000000000        56.8100000000000     
   56.8100000000000        56.8100000000000        56.8100000000000     
   56.8100000000000        56.8100000000000        56.8100000000000     
   56.8100000000000        56.8100000000000        56.8100000000000     
   56.8100000000000        56.8100000000000        56.8100000000000     
   56.8100000000000        56.8100000000000        56.8100000000000     
   56.8100000000000        56.8100000000000        56.8100000000000     
   56.8100000000000        56.8100000000000        56.8100000000000     
   56.8100000000000        56.8100000000000        56.8100000000000     
   56.8100000000000        56.8100000000000        56.8100000000000     
   56.8100000000000        56.8100000000000        56.8100000000000     
   56.8100000000000        56.8100000000000        56.8100000000000     
   56.8100000000000        56.8100000000000        56.8100000000000     
   56.8100000000000        56.8100000000000        56.8100000000000     
   56.8100000000000        56.8100000000000        56.8100000000000     
   56.8100000000000        56.8100000000000        56.8100000000000     
   56.8100000000000        56.8100000000000        56.8100000000000     
   56.8100000000000        56.8100000000000        56.8100000000000     
   56.8100000000000     
   56.8100000000000        56.8100000000000        56.8100000000000     
   56.8100000000000        56.8100000000000        56.8100000000000     
   56.8100000000000        56.8100000000000        56.8100000000000     
  PASS  Example ESMF_ArrayFarrayEx, ESMF_ArrayFarrayEx.F90, line 287
   56.8100000000000        56.8100000000000        56.8100000000000     
   56.8100000000000        56.8100000000000        56.8100000000000     
   56.8100000000000        56.8100000000000        56.8100000000000     
   56.8100000000000        56.8100000000000        56.8100000000000     
   56.8100000000000        56.8100000000000        56.8100000000000     
   56.8100000000000        56.8100000000000        56.8100000000000     
   56.8100000000000        56.8100000000000        56.8100000000000     
   56.8100000000000        56.8100000000000        56.8100000000000     
   56.8100000000000        56.8100000000000        56.8100000000000     
   56.8100000000000        56.8100000000000        56.8100000000000     
   56.8100000000000        56.8100000000000        56.8100000000000     
   56.8100000000000        56.8100000000000        56.8100000000000     
   56.8100000000000        56.8100000000000        56.8100000000000     
   56.8100000000000        56.8100000000000        56.8100000000000     
   56.8100000000000        56.8100000000000        56.8100000000000     
   56.8100000000000     
  PASS  Example ESMF_ArrayFarrayEx, ESMF_ArrayFarrayEx.F90, line 287
 PASS: ESMF_ArrayFarrayEx.F90
 PASS: ESMF_ArrayFarrayEx.F90
 PASS: ESMF_ArrayFarrayEx.F90
 PASS: ESMF_ArrayFarrayEx.F90
[i040.unified.ucar.edu:94383] 3 more processes have sent help message help-mpi-btl-openib.txt / ib port not selected
[i040.unified.ucar.edu:94383] Set MCA parameter "orte_base_help_aggregate" to 0 to see all help / error messages
[i040.unified.ucar.edu:94383] 3 more processes have sent help message help-mpi-btl-openib.txt / error in device init
