20201105 051237.811 INFO             PET0 !!!!!!!!!!!!!!!!!!!!!!!!!!!!!!!!!!!!!!!!!!!!!!!!!!!!!!
20201105 051237.811 INFO             PET0 !!! THE ESMF_LOG IS SET TO OUTPUT ALL LOG MESSAGES !!!
20201105 051237.811 INFO             PET0 !!!     THIS MAY CAUSE SLOWDOWN IN PERFORMANCE     !!!
20201105 051237.811 INFO             PET0 !!! FOR PRODUCTION RUNS, USE:                      !!!
20201105 051237.811 INFO             PET0 !!!                   ESMF_LOGKIND_Multi_On_Error  !!!
20201105 051237.811 INFO             PET0 !!!!!!!!!!!!!!!!!!!!!!!!!!!!!!!!!!!!!!!!!!!!!!!!!!!!!!
20201105 051237.811 INFO             PET0 Running with ESMF Version   : ESMF_8_1_0_beta_snapshot_36-9-g02cdaf7f41
20201105 051237.811 INFO             PET0 ESMF library build date/time: "Nov  5 2020" "04:46:47"
20201105 051237.811 INFO             PET0 ESMF library build location : /project/esmf/himanshu/intel/esmf
20201105 051237.811 INFO             PET0 ESMF_COMM                   : openmpi
20201105 051237.812 INFO             PET0 ESMF_NETCDF                 : disabled
20201105 051237.812 INFO             PET0 ESMF_PNETCDF                : disabled
20201105 051237.812 INFO             PET0 ESMF_PIO                    : enabled
20201105 051237.812 INFO             PET0 ESMF_YAMLCPP                : enabled
20201105 051237.812 INFO             PET0 ESMF_MOAB                   : enabled
20201105 051237.815 INFO             PET0  NUMBER_OF_PROCESSORS           4
20201105 051237.815 INFO             PET0  PASS  Example ESMF_WebServicesEx, ESMF_WebServicesEx.F90, line 227
20201105 051237.815 INFO             PET0 Finalizing ESMF
20201105 051237.813 INFO             PET1 !!!!!!!!!!!!!!!!!!!!!!!!!!!!!!!!!!!!!!!!!!!!!!!!!!!!!!
20201105 051237.813 INFO             PET1 !!! THE ESMF_LOG IS SET TO OUTPUT ALL LOG MESSAGES !!!
20201105 051237.813 INFO             PET1 !!!     THIS MAY CAUSE SLOWDOWN IN PERFORMANCE     !!!
20201105 051237.813 INFO             PET1 !!! FOR PRODUCTION RUNS, USE:                      !!!
20201105 051237.813 INFO             PET1 !!!                   ESMF_LOGKIND_Multi_On_Error  !!!
20201105 051237.813 INFO             PET1 !!!!!!!!!!!!!!!!!!!!!!!!!!!!!!!!!!!!!!!!!!!!!!!!!!!!!!
20201105 051237.813 INFO             PET1 Running with ESMF Version   : ESMF_8_1_0_beta_snapshot_36-9-g02cdaf7f41
20201105 051237.813 INFO             PET1 ESMF library build date/time: "Nov  5 2020" "04:46:47"
20201105 051237.813 INFO             PET1 ESMF library build location : /project/esmf/himanshu/intel/esmf
20201105 051237.813 INFO             PET1 ESMF_COMM                   : openmpi
20201105 051237.814 INFO             PET1 ESMF_NETCDF                 : disabled
20201105 051237.814 INFO             PET1 ESMF_PNETCDF                : disabled
20201105 051237.814 INFO             PET1 ESMF_PIO                    : enabled
20201105 051237.814 INFO             PET1 ESMF_YAMLCPP                : enabled
20201105 051237.814 INFO             PET1 ESMF_MOAB                   : enabled
20201105 051237.815 INFO             PET1  NUMBER_OF_PROCESSORS           4
20201105 051237.815 INFO             PET1  PASS  Example ESMF_WebServicesEx, ESMF_WebServicesEx.F90, line 227
20201105 051237.815 INFO             PET1 Finalizing ESMF
20201105 051237.812 INFO             PET2 !!!!!!!!!!!!!!!!!!!!!!!!!!!!!!!!!!!!!!!!!!!!!!!!!!!!!!
20201105 051237.812 INFO             PET2 !!! THE ESMF_LOG IS SET TO OUTPUT ALL LOG MESSAGES !!!
20201105 051237.812 INFO             PET2 !!!     THIS MAY CAUSE SLOWDOWN IN PERFORMANCE     !!!
20201105 051237.812 INFO             PET2 !!! FOR PRODUCTION RUNS, USE:                      !!!
20201105 051237.812 INFO             PET2 !!!                   ESMF_LOGKIND_Multi_On_Error  !!!
20201105 051237.812 INFO             PET2 !!!!!!!!!!!!!!!!!!!!!!!!!!!!!!!!!!!!!!!!!!!!!!!!!!!!!!
20201105 051237.812 INFO             PET2 Running with ESMF Version   : ESMF_8_1_0_beta_snapshot_36-9-g02cdaf7f41
20201105 051237.812 INFO             PET2 ESMF library build date/time: "Nov  5 2020" "04:46:47"
20201105 051237.812 INFO             PET2 ESMF library build location : /project/esmf/himanshu/intel/esmf
20201105 051237.812 INFO             PET2 ESMF_COMM                   : openmpi
20201105 051237.814 INFO             PET2 ESMF_NETCDF                 : disabled
20201105 051237.814 INFO             PET2 ESMF_PNETCDF                : disabled
20201105 051237.814 INFO             PET2 ESMF_PIO                    : enabled
20201105 051237.814 INFO             PET2 ESMF_YAMLCPP                : enabled
20201105 051237.814 INFO             PET2 ESMF_MOAB                   : enabled
20201105 051237.815 INFO             PET2  NUMBER_OF_PROCESSORS           4
20201105 051237.815 INFO             PET2  PASS  Example ESMF_WebServicesEx, ESMF_WebServicesEx.F90, line 227
20201105 051237.815 INFO             PET2 Finalizing ESMF
20201105 051237.811 INFO             PET3 !!!!!!!!!!!!!!!!!!!!!!!!!!!!!!!!!!!!!!!!!!!!!!!!!!!!!!
20201105 051237.812 INFO             PET3 !!! THE ESMF_LOG IS SET TO OUTPUT ALL LOG MESSAGES !!!
20201105 051237.812 INFO             PET3 !!!     THIS MAY CAUSE SLOWDOWN IN PERFORMANCE     !!!
20201105 051237.812 INFO             PET3 !!! FOR PRODUCTION RUNS, USE:                      !!!
20201105 051237.812 INFO             PET3 !!!                   ESMF_LOGKIND_Multi_On_Error  !!!
20201105 051237.812 INFO             PET3 !!!!!!!!!!!!!!!!!!!!!!!!!!!!!!!!!!!!!!!!!!!!!!!!!!!!!!
20201105 051237.812 INFO             PET3 Running with ESMF Version   : ESMF_8_1_0_beta_snapshot_36-9-g02cdaf7f41
20201105 051237.812 INFO             PET3 ESMF library build date/time: "Nov  5 2020" "04:46:47"
20201105 051237.812 INFO             PET3 ESMF library build location : /project/esmf/himanshu/intel/esmf
20201105 051237.812 INFO             PET3 ESMF_COMM                   : openmpi
20201105 051237.813 INFO             PET3 ESMF_NETCDF                 : disabled
20201105 051237.813 INFO             PET3 ESMF_PNETCDF                : disabled
20201105 051237.813 INFO             PET3 ESMF_PIO                    : enabled
20201105 051237.813 INFO             PET3 ESMF_YAMLCPP                : enabled
20201105 051237.813 INFO             PET3 ESMF_MOAB                   : enabled
20201105 051237.815 INFO             PET3  NUMBER_OF_PROCESSORS           4
20201105 051237.815 INFO             PET3  PASS  Example ESMF_WebServicesEx, ESMF_WebServicesEx.F90, line 227
20201105 051237.815 INFO             PET3 Finalizing ESMF
Thu Nov  5 05:46:35 MST 2020
