20201212 011245.560 INFO             PET0 !!!!!!!!!!!!!!!!!!!!!!!!!!!!!!!!!!!!!!!!!!!!!!!!!!!!!!
20201212 011245.560 INFO             PET0 !!! THE ESMF_LOG IS SET TO OUTPUT ALL LOG MESSAGES !!!
20201212 011245.560 INFO             PET0 !!!     THIS MAY CAUSE SLOWDOWN IN PERFORMANCE     !!!
20201212 011245.560 INFO             PET0 !!! FOR PRODUCTION RUNS, USE:                      !!!
20201212 011245.560 INFO             PET0 !!!                   ESMF_LOGKIND_Multi_On_Error  !!!
20201212 011245.560 INFO             PET0 !!!!!!!!!!!!!!!!!!!!!!!!!!!!!!!!!!!!!!!!!!!!!!!!!!!!!!
20201212 011245.560 INFO             PET0 Running with ESMF Version   : ESMF_8_1_0_beta_snapshot_38-50-g5964c0c955
20201212 011245.560 INFO             PET0 ESMF library build date/time: "Dec 12 2020" "01:10:06"
20201212 011245.560 INFO             PET0 ESMF library build location : /project/esmf/himanshu/gfortran/esmf
20201212 011245.560 INFO             PET0 ESMF_COMM                   : mpiuni
20201212 011245.560 INFO             PET0 ESMF_NETCDF                 : disabled
20201212 011245.560 INFO             PET0 ESMF_PNETCDF                : disabled
20201212 011245.560 INFO             PET0 ESMF_PIO                    : disabled
20201212 011245.560 INFO             PET0 ESMF_YAMLCPP                : enabled
20201212 011245.560 INFO             PET0 ESMF_MOAB                   : enabled
20201212 011245.561 INFO             PET0 Finalizing ESMF
20201212 011245.626 INFO             PET0 !!!!!!!!!!!!!!!!!!!!!!!!!!!!!!!!!!!!!!!!!!!!!!!!!!!!!!
20201212 011245.626 INFO             PET0 !!! THE ESMF_LOG IS SET TO OUTPUT ALL LOG MESSAGES !!!
20201212 011245.626 INFO             PET0 !!!     THIS MAY CAUSE SLOWDOWN IN PERFORMANCE     !!!
20201212 011245.626 INFO             PET0 !!! FOR PRODUCTION RUNS, USE:                      !!!
20201212 011245.626 INFO             PET0 !!!                   ESMF_LOGKIND_Multi_On_Error  !!!
20201212 011245.626 INFO             PET0 !!!!!!!!!!!!!!!!!!!!!!!!!!!!!!!!!!!!!!!!!!!!!!!!!!!!!!
20201212 011245.626 INFO             PET0 Running with ESMF Version   : ESMF_8_1_0_beta_snapshot_38-50-g5964c0c955
20201212 011245.626 INFO             PET0 ESMF library build date/time: "Dec 12 2020" "01:10:06"
20201212 011245.626 INFO             PET0 ESMF library build location : /project/esmf/himanshu/gfortran/esmf
20201212 011245.626 INFO             PET0 ESMF_COMM                   : mpiuni
20201212 011245.626 INFO             PET0 ESMF_NETCDF                 : disabled
20201212 011245.626 INFO             PET0 ESMF_PNETCDF                : disabled
20201212 011245.626 INFO             PET0 ESMF_PIO                    : disabled
20201212 011245.626 INFO             PET0 ESMF_YAMLCPP                : enabled
20201212 011245.626 INFO             PET0 ESMF_MOAB                   : enabled
20201212 011245.626 INFO             PET0 Finalizing ESMF
20201212 011245.681 INFO             PET0 !!!!!!!!!!!!!!!!!!!!!!!!!!!!!!!!!!!!!!!!!!!!!!!!!!!!!!
20201212 011245.681 INFO             PET0 !!! THE ESMF_LOG IS SET TO OUTPUT ALL LOG MESSAGES !!!
20201212 011245.681 INFO             PET0 !!!     THIS MAY CAUSE SLOWDOWN IN PERFORMANCE     !!!
20201212 011245.681 INFO             PET0 !!! FOR PRODUCTION RUNS, USE:                      !!!
20201212 011245.681 INFO             PET0 !!!                   ESMF_LOGKIND_Multi_On_Error  !!!
20201212 011245.681 INFO             PET0 !!!!!!!!!!!!!!!!!!!!!!!!!!!!!!!!!!!!!!!!!!!!!!!!!!!!!!
20201212 011245.681 INFO             PET0 Running with ESMF Version   : ESMF_8_1_0_beta_snapshot_38-50-g5964c0c955
20201212 011245.681 INFO             PET0 ESMF library build date/time: "Dec 12 2020" "01:10:06"
20201212 011245.681 INFO             PET0 ESMF library build location : /project/esmf/himanshu/gfortran/esmf
20201212 011245.681 INFO             PET0 ESMF_COMM                   : mpiuni
20201212 011245.681 INFO             PET0 ESMF_NETCDF                 : disabled
20201212 011245.681 INFO             PET0 ESMF_PNETCDF                : disabled
20201212 011245.681 INFO             PET0 ESMF_PIO                    : disabled
20201212 011245.681 INFO             PET0 ESMF_YAMLCPP                : enabled
20201212 011245.681 INFO             PET0 ESMF_MOAB                   : enabled
20201212 011245.681 INFO             PET0 Finalizing ESMF
Sat Dec 12 01:31:05 MST 2020
