20201029 043518.159 INFO             PET2 !!!!!!!!!!!!!!!!!!!!!!!!!!!!!!!!!!!!!!!!!!!!!!!!!!!!!!
20201029 043518.159 INFO             PET2 !!! THE ESMF_LOG IS SET TO OUTPUT ALL LOG MESSAGES !!!
20201029 043518.159 INFO             PET2 !!!     THIS MAY CAUSE SLOWDOWN IN PERFORMANCE     !!!
20201029 043518.159 INFO             PET2 !!! FOR PRODUCTION RUNS, USE:                      !!!
20201029 043518.159 INFO             PET2 !!!                   ESMF_LOGKIND_Multi_On_Error  !!!
20201029 043518.159 INFO             PET2 !!!!!!!!!!!!!!!!!!!!!!!!!!!!!!!!!!!!!!!!!!!!!!!!!!!!!!
20201029 043518.159 INFO             PET2 Running with ESMF Version   : ESMF_8_1_0_beta_snapshot_36-3-g26ac82d49b
20201029 043518.159 INFO             PET2 ESMF library build date/time: "Oct 29 2020" "04:27:37"
20201029 043518.159 INFO             PET2 ESMF library build location : /project/esmf/himanshu/intel/esmf
20201029 043518.159 INFO             PET2 ESMF_COMM                   : openmpi
20201029 043518.161 INFO             PET2 ESMF_NETCDF                 : disabled
20201029 043518.161 INFO             PET2 ESMF_PNETCDF                : disabled
20201029 043518.161 INFO             PET2 ESMF_PIO                    : enabled
20201029 043518.161 INFO             PET2 ESMF_YAMLCPP                : enabled
20201029 043518.161 INFO             PET2 ESMF_MOAB                   : enabled
20201029 043518.163 INFO             PET2 Finalizing ESMF
20201029 043518.812 INFO             PET2 !!!!!!!!!!!!!!!!!!!!!!!!!!!!!!!!!!!!!!!!!!!!!!!!!!!!!!
20201029 043518.812 INFO             PET2 !!! THE ESMF_LOG IS SET TO OUTPUT ALL LOG MESSAGES !!!
20201029 043518.812 INFO             PET2 !!!     THIS MAY CAUSE SLOWDOWN IN PERFORMANCE     !!!
20201029 043518.812 INFO             PET2 !!! FOR PRODUCTION RUNS, USE:                      !!!
20201029 043518.812 INFO             PET2 !!!                   ESMF_LOGKIND_Multi_On_Error  !!!
20201029 043518.812 INFO             PET2 !!!!!!!!!!!!!!!!!!!!!!!!!!!!!!!!!!!!!!!!!!!!!!!!!!!!!!
20201029 043518.812 INFO             PET2 Running with ESMF Version   : ESMF_8_1_0_beta_snapshot_36-3-g26ac82d49b
20201029 043518.812 INFO             PET2 ESMF library build date/time: "Oct 29 2020" "04:27:37"
20201029 043518.812 INFO             PET2 ESMF library build location : /project/esmf/himanshu/intel/esmf
20201029 043518.812 INFO             PET2 ESMF_COMM                   : openmpi
20201029 043518.813 INFO             PET2 ESMF_NETCDF                 : disabled
20201029 043518.813 INFO             PET2 ESMF_PNETCDF                : disabled
20201029 043518.813 INFO             PET2 ESMF_PIO                    : enabled
20201029 043518.813 INFO             PET2 ESMF_YAMLCPP                : enabled
20201029 043518.813 INFO             PET2 ESMF_MOAB                   : enabled
20201029 043518.814 INFO             PET2 Finalizing ESMF
20201029 043519.446 INFO             PET2 !!!!!!!!!!!!!!!!!!!!!!!!!!!!!!!!!!!!!!!!!!!!!!!!!!!!!!
20201029 043519.446 INFO             PET2 !!! THE ESMF_LOG IS SET TO OUTPUT ALL LOG MESSAGES !!!
20201029 043519.446 INFO             PET2 !!!     THIS MAY CAUSE SLOWDOWN IN PERFORMANCE     !!!
20201029 043519.446 INFO             PET2 !!! FOR PRODUCTION RUNS, USE:                      !!!
20201029 043519.446 INFO             PET2 !!!                   ESMF_LOGKIND_Multi_On_Error  !!!
20201029 043519.446 INFO             PET2 !!!!!!!!!!!!!!!!!!!!!!!!!!!!!!!!!!!!!!!!!!!!!!!!!!!!!!
20201029 043519.446 INFO             PET2 Running with ESMF Version   : ESMF_8_1_0_beta_snapshot_36-3-g26ac82d49b
20201029 043519.446 INFO             PET2 ESMF library build date/time: "Oct 29 2020" "04:27:37"
20201029 043519.446 INFO             PET2 ESMF library build location : /project/esmf/himanshu/intel/esmf
20201029 043519.446 INFO             PET2 ESMF_COMM                   : openmpi
20201029 043519.448 INFO             PET2 ESMF_NETCDF                 : disabled
20201029 043519.448 INFO             PET2 ESMF_PNETCDF                : disabled
20201029 043519.448 INFO             PET2 ESMF_PIO                    : enabled
20201029 043519.448 INFO             PET2 ESMF_YAMLCPP                : enabled
20201029 043519.448 INFO             PET2 ESMF_MOAB                   : enabled
20201029 043519.448 INFO             PET2 Finalizing ESMF
