20201115 043743.898 INFO             PET3 !!!!!!!!!!!!!!!!!!!!!!!!!!!!!!!!!!!!!!!!!!!!!!!!!!!!!!
20201115 043743.898 INFO             PET3 !!! THE ESMF_LOG IS SET TO OUTPUT ALL LOG MESSAGES !!!
20201115 043743.898 INFO             PET3 !!!     THIS MAY CAUSE SLOWDOWN IN PERFORMANCE     !!!
20201115 043743.898 INFO             PET3 !!! FOR PRODUCTION RUNS, USE:                      !!!
20201115 043743.898 INFO             PET3 !!!                   ESMF_LOGKIND_Multi_On_Error  !!!
20201115 043743.898 INFO             PET3 !!!!!!!!!!!!!!!!!!!!!!!!!!!!!!!!!!!!!!!!!!!!!!!!!!!!!!
20201115 043743.898 INFO             PET3 Running with ESMF Version   : ESMF_8_1_0_beta_snapshot_36-35-g260dae2aea
20201115 043743.898 INFO             PET3 ESMF library build date/time: "Nov 15 2020" "04:29:44"
20201115 043743.898 INFO             PET3 ESMF library build location : /project/esmf/himanshu/intel/esmf
20201115 043743.898 INFO             PET3 ESMF_COMM                   : openmpi
20201115 043743.900 INFO             PET3 ESMF_NETCDF                 : disabled
20201115 043743.900 INFO             PET3 ESMF_PNETCDF                : disabled
20201115 043743.900 INFO             PET3 ESMF_PIO                    : enabled
20201115 043743.900 INFO             PET3 ESMF_YAMLCPP                : enabled
20201115 043743.900 INFO             PET3 ESMF_MOAB                   : enabled
20201115 043743.902 INFO             PET3 Finalizing ESMF
20201115 043744.531 INFO             PET3 !!!!!!!!!!!!!!!!!!!!!!!!!!!!!!!!!!!!!!!!!!!!!!!!!!!!!!
20201115 043744.531 INFO             PET3 !!! THE ESMF_LOG IS SET TO OUTPUT ALL LOG MESSAGES !!!
20201115 043744.531 INFO             PET3 !!!     THIS MAY CAUSE SLOWDOWN IN PERFORMANCE     !!!
20201115 043744.531 INFO             PET3 !!! FOR PRODUCTION RUNS, USE:                      !!!
20201115 043744.531 INFO             PET3 !!!                   ESMF_LOGKIND_Multi_On_Error  !!!
20201115 043744.531 INFO             PET3 !!!!!!!!!!!!!!!!!!!!!!!!!!!!!!!!!!!!!!!!!!!!!!!!!!!!!!
20201115 043744.531 INFO             PET3 Running with ESMF Version   : ESMF_8_1_0_beta_snapshot_36-35-g260dae2aea
20201115 043744.531 INFO             PET3 ESMF library build date/time: "Nov 15 2020" "04:29:44"
20201115 043744.531 INFO             PET3 ESMF library build location : /project/esmf/himanshu/intel/esmf
20201115 043744.531 INFO             PET3 ESMF_COMM                   : openmpi
20201115 043744.533 INFO             PET3 ESMF_NETCDF                 : disabled
20201115 043744.533 INFO             PET3 ESMF_PNETCDF                : disabled
20201115 043744.533 INFO             PET3 ESMF_PIO                    : enabled
20201115 043744.533 INFO             PET3 ESMF_YAMLCPP                : enabled
20201115 043744.533 INFO             PET3 ESMF_MOAB                   : enabled
20201115 043744.534 INFO             PET3 Finalizing ESMF
20201115 043745.185 INFO             PET3 !!!!!!!!!!!!!!!!!!!!!!!!!!!!!!!!!!!!!!!!!!!!!!!!!!!!!!
20201115 043745.185 INFO             PET3 !!! THE ESMF_LOG IS SET TO OUTPUT ALL LOG MESSAGES !!!
20201115 043745.185 INFO             PET3 !!!     THIS MAY CAUSE SLOWDOWN IN PERFORMANCE     !!!
20201115 043745.185 INFO             PET3 !!! FOR PRODUCTION RUNS, USE:                      !!!
20201115 043745.185 INFO             PET3 !!!                   ESMF_LOGKIND_Multi_On_Error  !!!
20201115 043745.185 INFO             PET3 !!!!!!!!!!!!!!!!!!!!!!!!!!!!!!!!!!!!!!!!!!!!!!!!!!!!!!
20201115 043745.185 INFO             PET3 Running with ESMF Version   : ESMF_8_1_0_beta_snapshot_36-35-g260dae2aea
20201115 043745.185 INFO             PET3 ESMF library build date/time: "Nov 15 2020" "04:29:44"
20201115 043745.185 INFO             PET3 ESMF library build location : /project/esmf/himanshu/intel/esmf
20201115 043745.185 INFO             PET3 ESMF_COMM                   : openmpi
20201115 043745.186 INFO             PET3 ESMF_NETCDF                 : disabled
20201115 043745.186 INFO             PET3 ESMF_PNETCDF                : disabled
20201115 043745.186 INFO             PET3 ESMF_PIO                    : enabled
20201115 043745.186 INFO             PET3 ESMF_YAMLCPP                : enabled
20201115 043745.186 INFO             PET3 ESMF_MOAB                   : enabled
20201115 043745.187 INFO             PET3 Finalizing ESMF
Sun Nov 15 05:29:26 MST 2020
