commit 45bc0b511fc6b6d0ca19d6dffb2ebf9d57c824ca
Author: Himanshu Pillai <hpillai@Orion-login-1.HPC.MsState.Edu>
Date:   Thu Feb 11 04:22:14 2021 -0600

     Orion PGI artifacts pushed at Thu Feb 11 04:22:13 CST 2021 [ci skip]

commit dd3988a665ed5fb315629defb6d1e8b7fdb84251
Author: Himanshu Pillai <hpillai@Orion-login-4.HPC.MsState.Edu>
Date:   Tue Feb 9 23:12:21 2021 -0600

     Orion PGI artifacts pushed at Tue Feb  9 23:12:21 CST 2021 [ci skip]

commit 9f3001124a46784bc9b2aed0aa88ef013e365f72
Author: Himanshu Pillai <hpillai@Orion-login-3.HPC.MsState.Edu>
Date:   Mon Feb 8 19:31:58 2021 -0600

     Orion PGI artifacts pushed at Mon Feb  8 19:31:58 CST 2021 [ci skip]

commit 9cd452dc837478c62a1e33e71ff5d201a39474c9
Author: Himanshu Pillai <hpillai@Orion-login-2.HPC.MsState.Edu>
Date:   Sun Feb 7 19:09:03 2021 -0600

     Orion PGI artifacts pushed at Sun Feb  7 19:09:03 CST 2021 [ci skip]

commit 8c877dc2a79e2c9815d9a1ecd3d619204b64125a
Author: Himanshu Pillai <hpillai@Orion-login-2.HPC.MsState.Edu>
Date:   Sat Feb 6 20:46:04 2021 -0600

     Orion PGI artifacts pushed at Sat Feb  6 20:46:02 CST 2021 [ci skip]

commit 1c34bcdbcd7cb6cafe98e208ab3527261d1c36ff
Author: Himanshu Pillai <hpillai@Orion-login-3.HPC.MsState.Edu>
Date:   Fri Feb 5 23:13:31 2021 -0600

     Orion PGI artifacts pushed at Fri Feb  5 23:13:30 CST 2021 [ci skip]
