20210221 205353.752 INFO             PET0 !!!!!!!!!!!!!!!!!!!!!!!!!!!!!!!!!!!!!!!!!!!!!!!!!!!!!!
20210221 205353.752 INFO             PET0 !!! THE ESMF_LOG IS SET TO OUTPUT ALL LOG MESSAGES !!!
20210221 205353.752 INFO             PET0 !!!     THIS MAY CAUSE SLOWDOWN IN PERFORMANCE     !!!
20210221 205353.752 INFO             PET0 !!! FOR PRODUCTION RUNS, USE:                      !!!
20210221 205353.752 INFO             PET0 !!!                   ESMF_LOGKIND_Multi_On_Error  !!!
20210221 205353.752 INFO             PET0 !!!!!!!!!!!!!!!!!!!!!!!!!!!!!!!!!!!!!!!!!!!!!!!!!!!!!!
20210221 205353.752 INFO             PET0 Running with ESMF Version   : ESMF_8_2_0_beta_snapshot_00
20210221 205353.752 INFO             PET0 ESMF library build date/time: "Feb 21 2021" "20:34:25"
20210221 205353.752 INFO             PET0 ESMF library build location : /glade/scratch/himanshu/relese_8.1.0/develop/gfortran_7.4.0_openmpi_g
20210221 205353.752 INFO             PET0 ESMF_COMM                   : openmpi
20210221 205353.753 INFO             PET0 ESMF_MOAB                   : enabled
20210221 205353.753 INFO             PET0 ESMF_LAPACK                 : enabled
20210221 205353.753 INFO             PET0 ESMF_NETCDF                 : disabled
20210221 205353.753 INFO             PET0 ESMF_PNETCDF                : disabled
20210221 205353.753 INFO             PET0 ESMF_PIO                    : enabled
20210221 205353.753 INFO             PET0 ESMF_YAMLCPP                : enabled
20210221 205353.786 INFO             PET0  NUMBER_OF_PROCESSORS           4
20210221 205353.786 INFO             PET0  PASS  Example ESMF_VMUserMpiCommMultiEx, ESMF_VMUserMpiCommMultiEx.F90, line 126
20210221 205353.786 INFO             PET0 Finalizing ESMF
20210221 205353.786 INFO             PET0 !!!!!!!!!!!!!!!!!!!!!!!!!!!!!!!!!!!!!!!!!!!!!!!!!!!!!!
20210221 205353.786 INFO             PET0 !!! THE ESMF_LOG IS SET TO OUTPUT ALL LOG MESSAGES !!!
20210221 205353.786 INFO             PET0 !!!     THIS MAY CAUSE SLOWDOWN IN PERFORMANCE     !!!
20210221 205353.786 INFO             PET0 !!! FOR PRODUCTION RUNS, USE:                      !!!
20210221 205353.786 INFO             PET0 !!!                   ESMF_LOGKIND_Multi_On_Error  !!!
20210221 205353.786 INFO             PET0 !!!!!!!!!!!!!!!!!!!!!!!!!!!!!!!!!!!!!!!!!!!!!!!!!!!!!!
20210221 205353.786 INFO             PET0 Running with ESMF Version   : ESMF_8_2_0_beta_snapshot_00
20210221 205353.786 INFO             PET0 ESMF library build date/time: "Feb 21 2021" "20:34:25"
20210221 205353.786 INFO             PET0 ESMF library build location : /glade/scratch/himanshu/relese_8.1.0/develop/gfortran_7.4.0_openmpi_g
20210221 205353.786 INFO             PET0 ESMF_COMM                   : openmpi
20210221 205353.787 INFO             PET0 ESMF_MOAB                   : enabled
20210221 205353.787 INFO             PET0 ESMF_LAPACK                 : enabled
20210221 205353.787 INFO             PET0 ESMF_NETCDF                 : disabled
20210221 205353.787 INFO             PET0 ESMF_PNETCDF                : disabled
20210221 205353.787 INFO             PET0 ESMF_PIO                    : enabled
20210221 205353.787 INFO             PET0 ESMF_YAMLCPP                : enabled
20210221 205353.787 INFO             PET0  NUMBER_OF_PROCESSORS           4
20210221 205353.787 INFO             PET0  PASS  Example ESMF_VMUserMpiCommMultiEx, ESMF_VMUserMpiCommMultiEx.F90, line 154
20210221 205353.787 INFO             PET0 Finalizing ESMF
20210221 205353.775 INFO             PET1 !!!!!!!!!!!!!!!!!!!!!!!!!!!!!!!!!!!!!!!!!!!!!!!!!!!!!!
20210221 205353.775 INFO             PET1 !!! THE ESMF_LOG IS SET TO OUTPUT ALL LOG MESSAGES !!!
20210221 205353.775 INFO             PET1 !!!     THIS MAY CAUSE SLOWDOWN IN PERFORMANCE     !!!
20210221 205353.775 INFO             PET1 !!! FOR PRODUCTION RUNS, USE:                      !!!
20210221 205353.775 INFO             PET1 !!!                   ESMF_LOGKIND_Multi_On_Error  !!!
20210221 205353.775 INFO             PET1 !!!!!!!!!!!!!!!!!!!!!!!!!!!!!!!!!!!!!!!!!!!!!!!!!!!!!!
20210221 205353.775 INFO             PET1 Running with ESMF Version   : ESMF_8_2_0_beta_snapshot_00
20210221 205353.775 INFO             PET1 ESMF library build date/time: "Feb 21 2021" "20:34:25"
20210221 205353.775 INFO             PET1 ESMF library build location : /glade/scratch/himanshu/relese_8.1.0/develop/gfortran_7.4.0_openmpi_g
20210221 205353.775 INFO             PET1 ESMF_COMM                   : openmpi
20210221 205353.786 INFO             PET1 ESMF_MOAB                   : enabled
20210221 205353.786 INFO             PET1 ESMF_LAPACK                 : enabled
20210221 205353.786 INFO             PET1 ESMF_NETCDF                 : disabled
20210221 205353.786 INFO             PET1 ESMF_PNETCDF                : disabled
20210221 205353.786 INFO             PET1 ESMF_PIO                    : enabled
20210221 205353.786 INFO             PET1 ESMF_YAMLCPP                : enabled
20210221 205353.786 INFO             PET1  NUMBER_OF_PROCESSORS           4
20210221 205353.786 INFO             PET1  PASS  Example ESMF_VMUserMpiCommMultiEx, ESMF_VMUserMpiCommMultiEx.F90, line 126
20210221 205353.786 INFO             PET1 Finalizing ESMF
20210221 205353.752 INFO             PET1 !!!!!!!!!!!!!!!!!!!!!!!!!!!!!!!!!!!!!!!!!!!!!!!!!!!!!!
20210221 205353.752 INFO             PET1 !!! THE ESMF_LOG IS SET TO OUTPUT ALL LOG MESSAGES !!!
20210221 205353.752 INFO             PET1 !!!     THIS MAY CAUSE SLOWDOWN IN PERFORMANCE     !!!
20210221 205353.752 INFO             PET1 !!! FOR PRODUCTION RUNS, USE:                      !!!
20210221 205353.752 INFO             PET1 !!!                   ESMF_LOGKIND_Multi_On_Error  !!!
20210221 205353.752 INFO             PET1 !!!!!!!!!!!!!!!!!!!!!!!!!!!!!!!!!!!!!!!!!!!!!!!!!!!!!!
20210221 205353.752 INFO             PET1 Running with ESMF Version   : ESMF_8_2_0_beta_snapshot_00
20210221 205353.752 INFO             PET1 ESMF library build date/time: "Feb 21 2021" "20:34:25"
20210221 205353.752 INFO             PET1 ESMF library build location : /glade/scratch/himanshu/relese_8.1.0/develop/gfortran_7.4.0_openmpi_g
20210221 205353.752 INFO             PET1 ESMF_COMM                   : openmpi
20210221 205353.752 INFO             PET1 ESMF_MOAB                   : enabled
20210221 205353.752 INFO             PET1 ESMF_LAPACK                 : enabled
20210221 205353.752 INFO             PET1 ESMF_NETCDF                 : disabled
20210221 205353.752 INFO             PET1 ESMF_PNETCDF                : disabled
20210221 205353.752 INFO             PET1 ESMF_PIO                    : enabled
20210221 205353.752 INFO             PET1 ESMF_YAMLCPP                : enabled
20210221 205353.787 INFO             PET1  NUMBER_OF_PROCESSORS           4
20210221 205353.787 INFO             PET1  PASS  Example ESMF_VMUserMpiCommMultiEx, ESMF_VMUserMpiCommMultiEx.F90, line 154
20210221 205353.787 INFO             PET1 Finalizing ESMF
