20200926 214004.681 INFO             PET3 !!!!!!!!!!!!!!!!!!!!!!!!!!!!!!!!!!!!!!!!!!!!!!!!!!!!!!
20200926 214004.682 INFO             PET3 !!! THE ESMF_LOG IS SET TO OUTPUT ALL LOG MESSAGES !!!
20200926 214004.682 INFO             PET3 !!!     THIS MAY CAUSE SLOWDOWN IN PERFORMANCE     !!!
20200926 214004.682 INFO             PET3 !!! FOR PRODUCTION RUNS, USE:                      !!!
20200926 214004.682 INFO             PET3 !!!                   ESMF_LOGKIND_Multi_On_Error  !!!
20200926 214004.682 INFO             PET3 !!!!!!!!!!!!!!!!!!!!!!!!!!!!!!!!!!!!!!!!!!!!!!!!!!!!!!
20200926 214004.682 INFO             PET3 Running with ESMF Version   : ESMF_8_1_0_beta_snapshot_30-2-g92e0a54ab6
20200926 214004.682 INFO             PET3 ESMF library build date/time: "Sep 26 2020" "21:37:18"
20200926 214004.682 INFO             PET3 ESMF library build location : /scratch/esmf/esmf_test/cronjobs/trunk/gfortran/esmf
20200926 214004.682 INFO             PET3 ESMF_COMM                   : mpich3
20200926 214004.682 INFO             PET3 ESMF_NETCDF                 : disabled
20200926 214004.682 INFO             PET3 ESMF_PNETCDF                : disabled
20200926 214004.682 INFO             PET3 ESMF_PIO                    : enabled
20200926 214004.682 INFO             PET3 ESMF_YAMLCPP                : enabled
20200926 214004.682 INFO             PET3 ESMF_MOAB                   : enabled
20200926 214004.682 INFO             PET3 Finalizing ESMF
20200926 214004.726 INFO             PET3 !!!!!!!!!!!!!!!!!!!!!!!!!!!!!!!!!!!!!!!!!!!!!!!!!!!!!!
20200926 214004.726 INFO             PET3 !!! THE ESMF_LOG IS SET TO OUTPUT ALL LOG MESSAGES !!!
20200926 214004.726 INFO             PET3 !!!     THIS MAY CAUSE SLOWDOWN IN PERFORMANCE     !!!
20200926 214004.726 INFO             PET3 !!! FOR PRODUCTION RUNS, USE:                      !!!
20200926 214004.727 INFO             PET3 !!!                   ESMF_LOGKIND_Multi_On_Error  !!!
20200926 214004.727 INFO             PET3 !!!!!!!!!!!!!!!!!!!!!!!!!!!!!!!!!!!!!!!!!!!!!!!!!!!!!!
20200926 214004.727 INFO             PET3 Running with ESMF Version   : ESMF_8_1_0_beta_snapshot_30-2-g92e0a54ab6
20200926 214004.727 INFO             PET3 ESMF library build date/time: "Sep 26 2020" "21:37:18"
20200926 214004.727 INFO             PET3 ESMF library build location : /scratch/esmf/esmf_test/cronjobs/trunk/gfortran/esmf
20200926 214004.727 INFO             PET3 ESMF_COMM                   : mpich3
20200926 214004.727 INFO             PET3 ESMF_NETCDF                 : disabled
20200926 214004.727 INFO             PET3 ESMF_PNETCDF                : disabled
20200926 214004.727 INFO             PET3 ESMF_PIO                    : enabled
20200926 214004.727 INFO             PET3 ESMF_YAMLCPP                : enabled
20200926 214004.727 INFO             PET3 ESMF_MOAB                   : enabled
20200926 214004.727 INFO             PET3 Finalizing ESMF
20200926 214004.768 INFO             PET3 !!!!!!!!!!!!!!!!!!!!!!!!!!!!!!!!!!!!!!!!!!!!!!!!!!!!!!
20200926 214004.768 INFO             PET3 !!! THE ESMF_LOG IS SET TO OUTPUT ALL LOG MESSAGES !!!
20200926 214004.768 INFO             PET3 !!!     THIS MAY CAUSE SLOWDOWN IN PERFORMANCE     !!!
20200926 214004.768 INFO             PET3 !!! FOR PRODUCTION RUNS, USE:                      !!!
20200926 214004.768 INFO             PET3 !!!                   ESMF_LOGKIND_Multi_On_Error  !!!
20200926 214004.768 INFO             PET3 !!!!!!!!!!!!!!!!!!!!!!!!!!!!!!!!!!!!!!!!!!!!!!!!!!!!!!
20200926 214004.768 INFO             PET3 Running with ESMF Version   : ESMF_8_1_0_beta_snapshot_30-2-g92e0a54ab6
20200926 214004.768 INFO             PET3 ESMF library build date/time: "Sep 26 2020" "21:37:18"
20200926 214004.768 INFO             PET3 ESMF library build location : /scratch/esmf/esmf_test/cronjobs/trunk/gfortran/esmf
20200926 214004.768 INFO             PET3 ESMF_COMM                   : mpich3
20200926 214004.768 INFO             PET3 ESMF_NETCDF                 : disabled
20200926 214004.768 INFO             PET3 ESMF_PNETCDF                : disabled
20200926 214004.768 INFO             PET3 ESMF_PIO                    : enabled
20200926 214004.768 INFO             PET3 ESMF_YAMLCPP                : enabled
20200926 214004.768 INFO             PET3 ESMF_MOAB                   : enabled
20200926 214004.768 INFO             PET3 Finalizing ESMF
