20210221 191533.754 INFO             PET0 !!!!!!!!!!!!!!!!!!!!!!!!!!!!!!!!!!!!!!!!!!!!!!!!!!!!!!
20210221 191533.754 INFO             PET0 !!! THE ESMF_LOG IS SET TO OUTPUT ALL LOG MESSAGES !!!
20210221 191533.754 INFO             PET0 !!!     THIS MAY CAUSE SLOWDOWN IN PERFORMANCE     !!!
20210221 191533.754 INFO             PET0 !!! FOR PRODUCTION RUNS, USE:                      !!!
20210221 191533.754 INFO             PET0 !!!                   ESMF_LOGKIND_Multi_On_Error  !!!
20210221 191533.754 INFO             PET0 !!!!!!!!!!!!!!!!!!!!!!!!!!!!!!!!!!!!!!!!!!!!!!!!!!!!!!
20210221 191533.754 INFO             PET0 Running with ESMF Version   : ESMF_8_1_0_beta_snapshot_47
20210221 191533.754 INFO             PET0 ESMF library build date/time: "Feb 21 2021" "18:54:41"
20210221 191533.754 INFO             PET0 ESMF library build location : /project/esmf/himanshu/esmf_test/cronjobs/release_8.1.0/intelclang/esmf
20210221 191533.754 INFO             PET0 ESMF_COMM                   : mpiuni
20210221 191533.754 INFO             PET0 ESMF_MOAB                   : enabled
20210221 191533.754 INFO             PET0 ESMF_LAPACK                 : enabled
20210221 191533.754 INFO             PET0 ESMF_NETCDF                 : enabled
20210221 191533.754 INFO             PET0 ESMF_PNETCDF                : disabled
20210221 191533.754 INFO             PET0 ESMF_PIO                    : disabled
20210221 191533.754 INFO             PET0 ESMF_YAMLCPP                : enabled
20210221 191533.856 INFO             PET0 Completing mirrored field: sea_surface_temperature
20210221 191533.856 INFO             PET0 Completing mirrored field: air_pressure_at_sea_level
20210221 191533.857 INFO             PET0 Completing mirrored field: surface_net_downward_shortwave_flux
20210221 191533.883 WARNING          PET0 ATM: Field 'sst' in the importState is not at the expected time. StandardName: sea_surface_temperature
20210221 191533.883 ERROR            PET0 ATM:src/addon/NUOPC/src/NUOPC_ModelBase.F90:3056 Invalid argument  - NUOPC INCOMPATIBILITY DETECTED: Import Fields not at current time
20210221 191533.883 ERROR            PET0 ATM:src/addon/NUOPC/src/NUOPC_ModelBase.F90:2756 Invalid argument  - Passing error in return code
20210221 191533.883 ERROR            PET0 Driver:src/addon/NUOPC/src/NUOPC_Driver.F90:3324 Invalid argument  - Phase 'RunPhase1' Run for modelComp 1 did not return ESMF_SUCCESS
20210221 191533.883 ERROR            PET0 Driver:src/addon/NUOPC/src/NUOPC_Driver.F90:3586 Invalid argument  - Passing error in return code
20210221 191533.883 ERROR            PET0 Driver:src/addon/NUOPC/src/NUOPC_Driver.F90:3239 Invalid argument  - Passing error in return code
20210221 191533.884 INFO             PET0  NUMBER_OF_PROCESSORS           1
20210221 191533.884 INFO             PET0  PASS  Example ESMF_NUOPCAtmModelEx, ESMF_NUOPCAtmModelEx.F90, line 1032
20210221 191533.884 INFO             PET0 Finalizing ESMF
Sun Feb 21 20:19:36 MST 2021
