20210221 191253.411 INFO             PET0 !!!!!!!!!!!!!!!!!!!!!!!!!!!!!!!!!!!!!!!!!!!!!!!!!!!!!!
20210221 191253.411 INFO             PET0 !!! THE ESMF_LOG IS SET TO OUTPUT ALL LOG MESSAGES !!!
20210221 191253.411 INFO             PET0 !!!     THIS MAY CAUSE SLOWDOWN IN PERFORMANCE     !!!
20210221 191253.411 INFO             PET0 !!! FOR PRODUCTION RUNS, USE:                      !!!
20210221 191253.411 INFO             PET0 !!!                   ESMF_LOGKIND_Multi_On_Error  !!!
20210221 191253.411 INFO             PET0 !!!!!!!!!!!!!!!!!!!!!!!!!!!!!!!!!!!!!!!!!!!!!!!!!!!!!!
20210221 191253.411 INFO             PET0 Running with ESMF Version   : ESMF_8_1_0_beta_snapshot_47
20210221 191253.411 INFO             PET0 ESMF library build date/time: "Feb 21 2021" "18:54:41"
20210221 191253.411 INFO             PET0 ESMF library build location : /project/esmf/himanshu/esmf_test/cronjobs/release_8.1.0/intelclang/esmf
20210221 191253.411 INFO             PET0 ESMF_COMM                   : mpiuni
20210221 191253.411 INFO             PET0 ESMF_MOAB                   : enabled
20210221 191253.411 INFO             PET0 ESMF_LAPACK                 : enabled
20210221 191253.411 INFO             PET0 ESMF_NETCDF                 : enabled
20210221 191253.411 INFO             PET0 ESMF_PNETCDF                : disabled
20210221 191253.411 INFO             PET0 ESMF_PIO                    : disabled
20210221 191253.411 INFO             PET0 ESMF_YAMLCPP                : enabled
20210221 191253.411 INFO             PET0 ESMF Tracing Enabled
20210221 191253.411 INFO             PET0 ESMF Profiling Enabled
20210221 191253.411 INFO             PET0 ESMF Trace/Profile clock: REALTIME
20210221 191253.411 WARNING          PET0 ESMF Tracing/Profiling could not load dynamic instrumentation functions.
20210221 191253.412 INFO             PET0  NUMBER_OF_PROCESSORS           1
20210221 191253.412 INFO             PET0  PASS  Example ESMF_TraceUserEx, ESMF_TraceUserEx.F90, line 125
20210221 191253.412 INFO             PET0 Finalizing ESMF
20210221 191253.412 INFO             PET0 **************** Region Timings *******************
20210221 191253.412 INFO             PET0 Region              Count  Total (s)   Self (s)    Mean (s)    Min (s)     Max (s)
20210221 191253.412 INFO             PET0   outer_region      1      0.0003      0.0000      0.0003      0.0003      0.0003
20210221 191253.412 INFO             PET0     inner_region_1  10     0.0002      0.0002      0.0000      0.0000      0.0000
20210221 191253.412 INFO             PET0     inner_region_2  10     0.0001      0.0001      0.0000      0.0000      0.0000
Sun Feb 21 20:19:36 MST 2021
