20200910 191021.428 INFO             PET2 !!!!!!!!!!!!!!!!!!!!!!!!!!!!!!!!!!!!!!!!!!!!!!!!!!!!!!
20200910 191021.428 INFO             PET2 !!! THE ESMF_LOG IS SET TO OUTPUT ALL LOG MESSAGES !!!
20200910 191021.428 INFO             PET2 !!!     THIS MAY CAUSE SLOWDOWN IN PERFORMANCE     !!!
20200910 191021.428 INFO             PET2 !!! FOR PRODUCTION RUNS, USE:                      !!!
20200910 191021.428 INFO             PET2 !!!                   ESMF_LOGKIND_Multi_On_Error  !!!
20200910 191021.428 INFO             PET2 !!!!!!!!!!!!!!!!!!!!!!!!!!!!!!!!!!!!!!!!!!!!!!!!!!!!!!
20200910 191021.428 INFO             PET2 Running with ESMF Version   : ESMF_8_1_0_beta_snapshot_27-61-g91265122a5
20200910 191021.428 INFO             PET2 ESMF library build date/time: "Sep 10 2020" "19:08:13"
20200910 191021.428 INFO             PET2 ESMF library build location : /scratch/esmf/esmf_test/cronjobs/trunk/gfortran/esmf
20200910 191021.428 INFO             PET2 ESMF_COMM                   : openmpi
20200910 191021.428 INFO             PET2 ESMF_NETCDF                 : disabled
20200910 191021.428 INFO             PET2 ESMF_PNETCDF                : disabled
20200910 191021.428 INFO             PET2 ESMF_PIO                    : enabled
20200910 191021.428 INFO             PET2 ESMF_YAMLCPP                : enabled
20200910 191021.428 INFO             PET2 ESMF_MOAB                   : enabled
20200910 191021.429 INFO             PET2 Finalizing ESMF
20200910 191021.635 INFO             PET2 !!!!!!!!!!!!!!!!!!!!!!!!!!!!!!!!!!!!!!!!!!!!!!!!!!!!!!
20200910 191021.635 INFO             PET2 !!! THE ESMF_LOG IS SET TO OUTPUT ALL LOG MESSAGES !!!
20200910 191021.635 INFO             PET2 !!!     THIS MAY CAUSE SLOWDOWN IN PERFORMANCE     !!!
20200910 191021.635 INFO             PET2 !!! FOR PRODUCTION RUNS, USE:                      !!!
20200910 191021.635 INFO             PET2 !!!                   ESMF_LOGKIND_Multi_On_Error  !!!
20200910 191021.635 INFO             PET2 !!!!!!!!!!!!!!!!!!!!!!!!!!!!!!!!!!!!!!!!!!!!!!!!!!!!!!
20200910 191021.635 INFO             PET2 Running with ESMF Version   : ESMF_8_1_0_beta_snapshot_27-61-g91265122a5
20200910 191021.635 INFO             PET2 ESMF library build date/time: "Sep 10 2020" "19:08:13"
20200910 191021.635 INFO             PET2 ESMF library build location : /scratch/esmf/esmf_test/cronjobs/trunk/gfortran/esmf
20200910 191021.635 INFO             PET2 ESMF_COMM                   : openmpi
20200910 191021.635 INFO             PET2 ESMF_NETCDF                 : disabled
20200910 191021.635 INFO             PET2 ESMF_PNETCDF                : disabled
20200910 191021.635 INFO             PET2 ESMF_PIO                    : enabled
20200910 191021.635 INFO             PET2 ESMF_YAMLCPP                : enabled
20200910 191021.635 INFO             PET2 ESMF_MOAB                   : enabled
20200910 191021.635 INFO             PET2 Finalizing ESMF
20200910 191021.854 INFO             PET2 !!!!!!!!!!!!!!!!!!!!!!!!!!!!!!!!!!!!!!!!!!!!!!!!!!!!!!
20200910 191021.854 INFO             PET2 !!! THE ESMF_LOG IS SET TO OUTPUT ALL LOG MESSAGES !!!
20200910 191021.854 INFO             PET2 !!!     THIS MAY CAUSE SLOWDOWN IN PERFORMANCE     !!!
20200910 191021.854 INFO             PET2 !!! FOR PRODUCTION RUNS, USE:                      !!!
20200910 191021.854 INFO             PET2 !!!                   ESMF_LOGKIND_Multi_On_Error  !!!
20200910 191021.854 INFO             PET2 !!!!!!!!!!!!!!!!!!!!!!!!!!!!!!!!!!!!!!!!!!!!!!!!!!!!!!
20200910 191021.854 INFO             PET2 Running with ESMF Version   : ESMF_8_1_0_beta_snapshot_27-61-g91265122a5
20200910 191021.854 INFO             PET2 ESMF library build date/time: "Sep 10 2020" "19:08:13"
20200910 191021.854 INFO             PET2 ESMF library build location : /scratch/esmf/esmf_test/cronjobs/trunk/gfortran/esmf
20200910 191021.854 INFO             PET2 ESMF_COMM                   : openmpi
20200910 191021.854 INFO             PET2 ESMF_NETCDF                 : disabled
20200910 191021.854 INFO             PET2 ESMF_PNETCDF                : disabled
20200910 191021.854 INFO             PET2 ESMF_PIO                    : enabled
20200910 191021.854 INFO             PET2 ESMF_YAMLCPP                : enabled
20200910 191021.854 INFO             PET2 ESMF_MOAB                   : enabled
20200910 191021.854 INFO             PET2 Finalizing ESMF
