20210211 111214.111 INFO             PET0 !!!!!!!!!!!!!!!!!!!!!!!!!!!!!!!!!!!!!!!!!!!!!!!!!!!!!!
20210211 111214.111 INFO             PET0 !!! THE ESMF_LOG IS SET TO OUTPUT ALL LOG MESSAGES !!!
20210211 111214.111 INFO             PET0 !!!     THIS MAY CAUSE SLOWDOWN IN PERFORMANCE     !!!
20210211 111214.111 INFO             PET0 !!! FOR PRODUCTION RUNS, USE:                      !!!
20210211 111214.111 INFO             PET0 !!!                   ESMF_LOGKIND_Multi_On_Error  !!!
20210211 111214.111 INFO             PET0 !!!!!!!!!!!!!!!!!!!!!!!!!!!!!!!!!!!!!!!!!!!!!!!!!!!!!!
20210211 111214.111 INFO             PET0 Running with ESMF Version   : ESMF_8_1_0_beta_snapshot_44-53-gdb2e74ae37
20210211 111214.111 INFO             PET0 ESMF library build date/time: "Feb 11 2021" "10:52:42"
20210211 111214.111 INFO             PET0 ESMF library build location : /home1/07356/tg866552/himanshu/esmf
20210211 111214.111 INFO             PET0 ESMF_COMM                   : intelmpi
20210211 111214.115 INFO             PET0 ESMF_MOAB                   : enabled
20210211 111214.115 INFO             PET0 ESMF_LAPACK                 : enabled
20210211 111214.115 INFO             PET0 ESMF_NETCDF                 : enabled
20210211 111214.115 INFO             PET0 ESMF_PNETCDF                : disabled
20210211 111214.115 INFO             PET0 ESMF_PIO                    : enabled
20210211 111214.115 INFO             PET0 ESMF_YAMLCPP                : enabled
20210211 111214.118 INFO             PET0 Finalizing ESMF
20210211 111216.502 INFO             PET0 !!!!!!!!!!!!!!!!!!!!!!!!!!!!!!!!!!!!!!!!!!!!!!!!!!!!!!
20210211 111216.502 INFO             PET0 !!! THE ESMF_LOG IS SET TO OUTPUT ALL LOG MESSAGES !!!
20210211 111216.502 INFO             PET0 !!!     THIS MAY CAUSE SLOWDOWN IN PERFORMANCE     !!!
20210211 111216.502 INFO             PET0 !!! FOR PRODUCTION RUNS, USE:                      !!!
20210211 111216.502 INFO             PET0 !!!                   ESMF_LOGKIND_Multi_On_Error  !!!
20210211 111216.502 INFO             PET0 !!!!!!!!!!!!!!!!!!!!!!!!!!!!!!!!!!!!!!!!!!!!!!!!!!!!!!
20210211 111216.502 INFO             PET0 Running with ESMF Version   : ESMF_8_1_0_beta_snapshot_44-53-gdb2e74ae37
20210211 111216.502 INFO             PET0 ESMF library build date/time: "Feb 11 2021" "10:52:42"
20210211 111216.502 INFO             PET0 ESMF library build location : /home1/07356/tg866552/himanshu/esmf
20210211 111216.502 INFO             PET0 ESMF_COMM                   : intelmpi
20210211 111216.505 INFO             PET0 ESMF_MOAB                   : enabled
20210211 111216.505 INFO             PET0 ESMF_LAPACK                 : enabled
20210211 111216.505 INFO             PET0 ESMF_NETCDF                 : enabled
20210211 111216.505 INFO             PET0 ESMF_PNETCDF                : disabled
20210211 111216.505 INFO             PET0 ESMF_PIO                    : enabled
20210211 111216.505 INFO             PET0 ESMF_YAMLCPP                : enabled
20210211 111216.508 INFO             PET0 Finalizing ESMF
20210211 111218.862 INFO             PET0 !!!!!!!!!!!!!!!!!!!!!!!!!!!!!!!!!!!!!!!!!!!!!!!!!!!!!!
20210211 111218.862 INFO             PET0 !!! THE ESMF_LOG IS SET TO OUTPUT ALL LOG MESSAGES !!!
20210211 111218.862 INFO             PET0 !!!     THIS MAY CAUSE SLOWDOWN IN PERFORMANCE     !!!
20210211 111218.862 INFO             PET0 !!! FOR PRODUCTION RUNS, USE:                      !!!
20210211 111218.862 INFO             PET0 !!!                   ESMF_LOGKIND_Multi_On_Error  !!!
20210211 111218.862 INFO             PET0 !!!!!!!!!!!!!!!!!!!!!!!!!!!!!!!!!!!!!!!!!!!!!!!!!!!!!!
20210211 111218.862 INFO             PET0 Running with ESMF Version   : ESMF_8_1_0_beta_snapshot_44-53-gdb2e74ae37
20210211 111218.863 INFO             PET0 ESMF library build date/time: "Feb 11 2021" "10:52:42"
20210211 111218.863 INFO             PET0 ESMF library build location : /home1/07356/tg866552/himanshu/esmf
20210211 111218.863 INFO             PET0 ESMF_COMM                   : intelmpi
20210211 111218.865 INFO             PET0 ESMF_MOAB                   : enabled
20210211 111218.865 INFO             PET0 ESMF_LAPACK                 : enabled
20210211 111218.865 INFO             PET0 ESMF_NETCDF                 : enabled
20210211 111218.865 INFO             PET0 ESMF_PNETCDF                : disabled
20210211 111218.865 INFO             PET0 ESMF_PIO                    : enabled
20210211 111218.865 INFO             PET0 ESMF_YAMLCPP                : enabled
20210211 111218.867 INFO             PET0 Finalizing ESMF
Thu Feb 11 17:32:15 CST 2021
