20210210 001547.826 INFO             PET2 !!!!!!!!!!!!!!!!!!!!!!!!!!!!!!!!!!!!!!!!!!!!!!!!!!!!!!
20210210 001547.826 INFO             PET2 !!! THE ESMF_LOG IS SET TO OUTPUT ALL LOG MESSAGES !!!
20210210 001547.826 INFO             PET2 !!!     THIS MAY CAUSE SLOWDOWN IN PERFORMANCE     !!!
20210210 001547.826 INFO             PET2 !!! FOR PRODUCTION RUNS, USE:                      !!!
20210210 001547.826 INFO             PET2 !!!                   ESMF_LOGKIND_Multi_On_Error  !!!
20210210 001547.826 INFO             PET2 !!!!!!!!!!!!!!!!!!!!!!!!!!!!!!!!!!!!!!!!!!!!!!!!!!!!!!
20210210 001547.826 INFO             PET2 Running with ESMF Version   : ESMF_8_1_0_beta_snapshot_44-51-g9479c81c39
20210210 001547.826 INFO             PET2 ESMF library build date/time: "Feb  9 2021" "23:56:18"
20210210 001547.826 INFO             PET2 ESMF library build location : /home1/07356/tg866552/himanshu/esmf
20210210 001547.826 INFO             PET2 ESMF_COMM                   : intelmpi
20210210 001547.831 INFO             PET2 ESMF_MOAB                   : enabled
20210210 001547.831 INFO             PET2 ESMF_LAPACK                 : enabled
20210210 001547.831 INFO             PET2 ESMF_NETCDF                 : enabled
20210210 001547.831 INFO             PET2 ESMF_PNETCDF                : disabled
20210210 001547.831 INFO             PET2 ESMF_PIO                    : enabled
20210210 001547.831 INFO             PET2 ESMF_YAMLCPP                : enabled
20210210 001547.839 INFO             PET2 Finalizing ESMF
20210210 001550.186 INFO             PET2 !!!!!!!!!!!!!!!!!!!!!!!!!!!!!!!!!!!!!!!!!!!!!!!!!!!!!!
20210210 001550.187 INFO             PET2 !!! THE ESMF_LOG IS SET TO OUTPUT ALL LOG MESSAGES !!!
20210210 001550.187 INFO             PET2 !!!     THIS MAY CAUSE SLOWDOWN IN PERFORMANCE     !!!
20210210 001550.187 INFO             PET2 !!! FOR PRODUCTION RUNS, USE:                      !!!
20210210 001550.187 INFO             PET2 !!!                   ESMF_LOGKIND_Multi_On_Error  !!!
20210210 001550.187 INFO             PET2 !!!!!!!!!!!!!!!!!!!!!!!!!!!!!!!!!!!!!!!!!!!!!!!!!!!!!!
20210210 001550.187 INFO             PET2 Running with ESMF Version   : ESMF_8_1_0_beta_snapshot_44-51-g9479c81c39
20210210 001550.187 INFO             PET2 ESMF library build date/time: "Feb  9 2021" "23:56:18"
20210210 001550.187 INFO             PET2 ESMF library build location : /home1/07356/tg866552/himanshu/esmf
20210210 001550.187 INFO             PET2 ESMF_COMM                   : intelmpi
20210210 001550.190 INFO             PET2 ESMF_MOAB                   : enabled
20210210 001550.190 INFO             PET2 ESMF_LAPACK                 : enabled
20210210 001550.190 INFO             PET2 ESMF_NETCDF                 : enabled
20210210 001550.190 INFO             PET2 ESMF_PNETCDF                : disabled
20210210 001550.190 INFO             PET2 ESMF_PIO                    : enabled
20210210 001550.190 INFO             PET2 ESMF_YAMLCPP                : enabled
20210210 001550.195 INFO             PET2 Finalizing ESMF
20210210 001552.546 INFO             PET2 !!!!!!!!!!!!!!!!!!!!!!!!!!!!!!!!!!!!!!!!!!!!!!!!!!!!!!
20210210 001552.546 INFO             PET2 !!! THE ESMF_LOG IS SET TO OUTPUT ALL LOG MESSAGES !!!
20210210 001552.546 INFO             PET2 !!!     THIS MAY CAUSE SLOWDOWN IN PERFORMANCE     !!!
20210210 001552.546 INFO             PET2 !!! FOR PRODUCTION RUNS, USE:                      !!!
20210210 001552.546 INFO             PET2 !!!                   ESMF_LOGKIND_Multi_On_Error  !!!
20210210 001552.546 INFO             PET2 !!!!!!!!!!!!!!!!!!!!!!!!!!!!!!!!!!!!!!!!!!!!!!!!!!!!!!
20210210 001552.546 INFO             PET2 Running with ESMF Version   : ESMF_8_1_0_beta_snapshot_44-51-g9479c81c39
20210210 001552.546 INFO             PET2 ESMF library build date/time: "Feb  9 2021" "23:56:18"
20210210 001552.546 INFO             PET2 ESMF library build location : /home1/07356/tg866552/himanshu/esmf
20210210 001552.546 INFO             PET2 ESMF_COMM                   : intelmpi
20210210 001552.550 INFO             PET2 ESMF_MOAB                   : enabled
20210210 001552.550 INFO             PET2 ESMF_LAPACK                 : enabled
20210210 001552.550 INFO             PET2 ESMF_NETCDF                 : enabled
20210210 001552.550 INFO             PET2 ESMF_PNETCDF                : disabled
20210210 001552.551 INFO             PET2 ESMF_PIO                    : enabled
20210210 001552.551 INFO             PET2 ESMF_YAMLCPP                : enabled
20210210 001552.553 INFO             PET2 Finalizing ESMF
Wed Feb 10 11:30:17 CST 2021
