20210211 111214.109 INFO             PET2 !!!!!!!!!!!!!!!!!!!!!!!!!!!!!!!!!!!!!!!!!!!!!!!!!!!!!!
20210211 111214.110 INFO             PET2 !!! THE ESMF_LOG IS SET TO OUTPUT ALL LOG MESSAGES !!!
20210211 111214.110 INFO             PET2 !!!     THIS MAY CAUSE SLOWDOWN IN PERFORMANCE     !!!
20210211 111214.110 INFO             PET2 !!! FOR PRODUCTION RUNS, USE:                      !!!
20210211 111214.110 INFO             PET2 !!!                   ESMF_LOGKIND_Multi_On_Error  !!!
20210211 111214.110 INFO             PET2 !!!!!!!!!!!!!!!!!!!!!!!!!!!!!!!!!!!!!!!!!!!!!!!!!!!!!!
20210211 111214.110 INFO             PET2 Running with ESMF Version   : ESMF_8_1_0_beta_snapshot_44-53-gdb2e74ae37
20210211 111214.110 INFO             PET2 ESMF library build date/time: "Feb 11 2021" "10:52:42"
20210211 111214.110 INFO             PET2 ESMF library build location : /home1/07356/tg866552/himanshu/esmf
20210211 111214.110 INFO             PET2 ESMF_COMM                   : intelmpi
20210211 111214.114 INFO             PET2 ESMF_MOAB                   : enabled
20210211 111214.114 INFO             PET2 ESMF_LAPACK                 : enabled
20210211 111214.114 INFO             PET2 ESMF_NETCDF                 : enabled
20210211 111214.114 INFO             PET2 ESMF_PNETCDF                : disabled
20210211 111214.114 INFO             PET2 ESMF_PIO                    : enabled
20210211 111214.114 INFO             PET2 ESMF_YAMLCPP                : enabled
20210211 111214.118 INFO             PET2 Finalizing ESMF
20210211 111216.501 INFO             PET2 !!!!!!!!!!!!!!!!!!!!!!!!!!!!!!!!!!!!!!!!!!!!!!!!!!!!!!
20210211 111216.501 INFO             PET2 !!! THE ESMF_LOG IS SET TO OUTPUT ALL LOG MESSAGES !!!
20210211 111216.501 INFO             PET2 !!!     THIS MAY CAUSE SLOWDOWN IN PERFORMANCE     !!!
20210211 111216.501 INFO             PET2 !!! FOR PRODUCTION RUNS, USE:                      !!!
20210211 111216.501 INFO             PET2 !!!                   ESMF_LOGKIND_Multi_On_Error  !!!
20210211 111216.501 INFO             PET2 !!!!!!!!!!!!!!!!!!!!!!!!!!!!!!!!!!!!!!!!!!!!!!!!!!!!!!
20210211 111216.501 INFO             PET2 Running with ESMF Version   : ESMF_8_1_0_beta_snapshot_44-53-gdb2e74ae37
20210211 111216.502 INFO             PET2 ESMF library build date/time: "Feb 11 2021" "10:52:42"
20210211 111216.502 INFO             PET2 ESMF library build location : /home1/07356/tg866552/himanshu/esmf
20210211 111216.502 INFO             PET2 ESMF_COMM                   : intelmpi
20210211 111216.505 INFO             PET2 ESMF_MOAB                   : enabled
20210211 111216.505 INFO             PET2 ESMF_LAPACK                 : enabled
20210211 111216.505 INFO             PET2 ESMF_NETCDF                 : enabled
20210211 111216.505 INFO             PET2 ESMF_PNETCDF                : disabled
20210211 111216.505 INFO             PET2 ESMF_PIO                    : enabled
20210211 111216.506 INFO             PET2 ESMF_YAMLCPP                : enabled
20210211 111216.508 INFO             PET2 Finalizing ESMF
20210211 111218.857 INFO             PET2 !!!!!!!!!!!!!!!!!!!!!!!!!!!!!!!!!!!!!!!!!!!!!!!!!!!!!!
20210211 111218.858 INFO             PET2 !!! THE ESMF_LOG IS SET TO OUTPUT ALL LOG MESSAGES !!!
20210211 111218.858 INFO             PET2 !!!     THIS MAY CAUSE SLOWDOWN IN PERFORMANCE     !!!
20210211 111218.858 INFO             PET2 !!! FOR PRODUCTION RUNS, USE:                      !!!
20210211 111218.858 INFO             PET2 !!!                   ESMF_LOGKIND_Multi_On_Error  !!!
20210211 111218.858 INFO             PET2 !!!!!!!!!!!!!!!!!!!!!!!!!!!!!!!!!!!!!!!!!!!!!!!!!!!!!!
20210211 111218.858 INFO             PET2 Running with ESMF Version   : ESMF_8_1_0_beta_snapshot_44-53-gdb2e74ae37
20210211 111218.858 INFO             PET2 ESMF library build date/time: "Feb 11 2021" "10:52:42"
20210211 111218.858 INFO             PET2 ESMF library build location : /home1/07356/tg866552/himanshu/esmf
20210211 111218.858 INFO             PET2 ESMF_COMM                   : intelmpi
20210211 111218.861 INFO             PET2 ESMF_MOAB                   : enabled
20210211 111218.861 INFO             PET2 ESMF_LAPACK                 : enabled
20210211 111218.861 INFO             PET2 ESMF_NETCDF                 : enabled
20210211 111218.861 INFO             PET2 ESMF_PNETCDF                : disabled
20210211 111218.861 INFO             PET2 ESMF_PIO                    : enabled
20210211 111218.861 INFO             PET2 ESMF_YAMLCPP                : enabled
20210211 111218.867 INFO             PET2 Finalizing ESMF
Thu Feb 11 17:32:15 CST 2021
