 NUOPC DRIVER + ATM Model example run
 NUOPC DRIVER + ATM Model example run
 NUOPC DRIVER + ATM Model example run
 NUOPC DRIVER + ATM Model example run

Program received signal SIGABRT: Process abort signal.

Backtrace for this error:

Program received signal SIGABRT: Process abort signal.

Backtrace for this error:

Program received signal SIGABRT: Process abort signal.

Backtrace for this error:

Program received signal SIGABRT: Process abort signal.

Backtrace for this error:
#0  0x10f75648d
#1  0x10f7558c3
#2  0x7fff5dcf7b5c
#0  0x113fa648d
#1  0x113fa58c3
#2  0x7fff5dcf7b5c
#0  0x1078f948d
#1  0x1078f88c3
#2  0x7fff5dcf7b5c
#0  0x10580348d
#1  0x1058028c3
#2  0x7fff5dcf7b5c

===================================================================================
=   BAD TERMINATION OF ONE OF YOUR APPLICATION PROCESSES
=   PID 65416 RUNNING AT cgdm-catania
=   EXIT CODE: 6
=   CLEANING UP REMAINING PROCESSES
=   YOU CAN IGNORE THE BELOW CLEANUP MESSAGES
===================================================================================
YOUR APPLICATION TERMINATED WITH THE EXIT STRING: Abort trap: 6 (signal 6)
This typically refers to a problem with your application.
Please see the FAQ page for debugging suggestions
Wed Feb 24 17:18:47 MST 2021
