20201027 022735.989 INFO             PET0 !!!!!!!!!!!!!!!!!!!!!!!!!!!!!!!!!!!!!!!!!!!!!!!!!!!!!!
20201027 022735.989 INFO             PET0 !!! THE ESMF_LOG IS SET TO OUTPUT ALL LOG MESSAGES !!!
20201027 022735.989 INFO             PET0 !!!     THIS MAY CAUSE SLOWDOWN IN PERFORMANCE     !!!
20201027 022735.989 INFO             PET0 !!! FOR PRODUCTION RUNS, USE:                      !!!
20201027 022735.989 INFO             PET0 !!!                   ESMF_LOGKIND_Multi_On_Error  !!!
20201027 022735.989 INFO             PET0 !!!!!!!!!!!!!!!!!!!!!!!!!!!!!!!!!!!!!!!!!!!!!!!!!!!!!!
20201027 022735.989 INFO             PET0 Running with ESMF Version   : ESMF_8_1_0_beta_snapshot_36-3-g26ac82d49b
20201027 022735.989 INFO             PET0 ESMF library build date/time: "Oct 27 2020" "02:23:26"
20201027 022735.989 INFO             PET0 ESMF library build location : /glade/scratch/himanshu/scripts_dir/daily/gfortran_cheyenne/esmf
20201027 022735.989 INFO             PET0 ESMF_COMM                   : mpich3
20201027 022735.989 INFO             PET0 ESMF_NETCDF                 : disabled
20201027 022735.989 INFO             PET0 ESMF_PNETCDF                : disabled
20201027 022735.989 INFO             PET0 ESMF_PIO                    : enabled
20201027 022735.989 INFO             PET0 ESMF_YAMLCPP                : enabled
20201027 022735.989 INFO             PET0 ESMF_MOAB                   : enabled
20201027 022735.989 INFO             PET0 Finalizing ESMF
20201027 022736.035 INFO             PET0 !!!!!!!!!!!!!!!!!!!!!!!!!!!!!!!!!!!!!!!!!!!!!!!!!!!!!!
20201027 022736.035 INFO             PET0 !!! THE ESMF_LOG IS SET TO OUTPUT ALL LOG MESSAGES !!!
20201027 022736.035 INFO             PET0 !!!     THIS MAY CAUSE SLOWDOWN IN PERFORMANCE     !!!
20201027 022736.035 INFO             PET0 !!! FOR PRODUCTION RUNS, USE:                      !!!
20201027 022736.035 INFO             PET0 !!!                   ESMF_LOGKIND_Multi_On_Error  !!!
20201027 022736.035 INFO             PET0 !!!!!!!!!!!!!!!!!!!!!!!!!!!!!!!!!!!!!!!!!!!!!!!!!!!!!!
20201027 022736.035 INFO             PET0 Running with ESMF Version   : ESMF_8_1_0_beta_snapshot_36-3-g26ac82d49b
20201027 022736.035 INFO             PET0 ESMF library build date/time: "Oct 27 2020" "02:23:26"
20201027 022736.035 INFO             PET0 ESMF library build location : /glade/scratch/himanshu/scripts_dir/daily/gfortran_cheyenne/esmf
20201027 022736.035 INFO             PET0 ESMF_COMM                   : mpich3
20201027 022736.035 INFO             PET0 ESMF_NETCDF                 : disabled
20201027 022736.035 INFO             PET0 ESMF_PNETCDF                : disabled
20201027 022736.035 INFO             PET0 ESMF_PIO                    : enabled
20201027 022736.035 INFO             PET0 ESMF_YAMLCPP                : enabled
20201027 022736.035 INFO             PET0 ESMF_MOAB                   : enabled
20201027 022736.035 INFO             PET0 Finalizing ESMF
20201027 022736.062 INFO             PET0 !!!!!!!!!!!!!!!!!!!!!!!!!!!!!!!!!!!!!!!!!!!!!!!!!!!!!!
20201027 022736.062 INFO             PET0 !!! THE ESMF_LOG IS SET TO OUTPUT ALL LOG MESSAGES !!!
20201027 022736.062 INFO             PET0 !!!     THIS MAY CAUSE SLOWDOWN IN PERFORMANCE     !!!
20201027 022736.062 INFO             PET0 !!! FOR PRODUCTION RUNS, USE:                      !!!
20201027 022736.062 INFO             PET0 !!!                   ESMF_LOGKIND_Multi_On_Error  !!!
20201027 022736.062 INFO             PET0 !!!!!!!!!!!!!!!!!!!!!!!!!!!!!!!!!!!!!!!!!!!!!!!!!!!!!!
20201027 022736.062 INFO             PET0 Running with ESMF Version   : ESMF_8_1_0_beta_snapshot_36-3-g26ac82d49b
20201027 022736.062 INFO             PET0 ESMF library build date/time: "Oct 27 2020" "02:23:26"
20201027 022736.062 INFO             PET0 ESMF library build location : /glade/scratch/himanshu/scripts_dir/daily/gfortran_cheyenne/esmf
20201027 022736.063 INFO             PET0 ESMF_COMM                   : mpich3
20201027 022736.063 INFO             PET0 ESMF_NETCDF                 : disabled
20201027 022736.063 INFO             PET0 ESMF_PNETCDF                : disabled
20201027 022736.063 INFO             PET0 ESMF_PIO                    : enabled
20201027 022736.063 INFO             PET0 ESMF_YAMLCPP                : enabled
20201027 022736.063 INFO             PET0 ESMF_MOAB                   : enabled
20201027 022736.065 INFO             PET0 Finalizing ESMF
