20210214 114950.135 INFO             PET0 !!!!!!!!!!!!!!!!!!!!!!!!!!!!!!!!!!!!!!!!!!!!!!!!!!!!!!
20210214 114950.136 INFO             PET0 !!! THE ESMF_LOG IS SET TO OUTPUT ALL LOG MESSAGES !!!
20210214 114950.136 INFO             PET0 !!!     THIS MAY CAUSE SLOWDOWN IN PERFORMANCE     !!!
20210214 114950.136 INFO             PET0 !!! FOR PRODUCTION RUNS, USE:                      !!!
20210214 114950.136 INFO             PET0 !!!                   ESMF_LOGKIND_Multi_On_Error  !!!
20210214 114950.136 INFO             PET0 !!!!!!!!!!!!!!!!!!!!!!!!!!!!!!!!!!!!!!!!!!!!!!!!!!!!!!
20210214 114950.136 INFO             PET0 Running with ESMF Version   : ESMF_8_1_0_beta_snapshot_44-80-g014a1253fa
20210214 114950.136 INFO             PET0 ESMF library build date/time: "Feb 14 2021" "11:45:42"
20210214 114950.136 INFO             PET0 ESMF library build location : /glade/scratch/himanshu/scripts_dir/daily/gfortran_cheyenne/esmf
20210214 114950.136 INFO             PET0 ESMF_COMM                   : mpich3
20210214 114950.136 INFO             PET0 ESMF_MOAB                   : enabled
20210214 114950.136 INFO             PET0 ESMF_LAPACK                 : enabled
20210214 114950.136 INFO             PET0 ESMF_NETCDF                 : disabled
20210214 114950.136 INFO             PET0 ESMF_PNETCDF                : disabled
20210214 114950.136 INFO             PET0 ESMF_PIO                    : enabled
20210214 114950.136 INFO             PET0 ESMF_YAMLCPP                : enabled
20210214 114950.136 INFO             PET0 Finalizing ESMF
20210214 114950.163 INFO             PET0 !!!!!!!!!!!!!!!!!!!!!!!!!!!!!!!!!!!!!!!!!!!!!!!!!!!!!!
20210214 114950.164 INFO             PET0 !!! THE ESMF_LOG IS SET TO OUTPUT ALL LOG MESSAGES !!!
20210214 114950.164 INFO             PET0 !!!     THIS MAY CAUSE SLOWDOWN IN PERFORMANCE     !!!
20210214 114950.164 INFO             PET0 !!! FOR PRODUCTION RUNS, USE:                      !!!
20210214 114950.164 INFO             PET0 !!!                   ESMF_LOGKIND_Multi_On_Error  !!!
20210214 114950.164 INFO             PET0 !!!!!!!!!!!!!!!!!!!!!!!!!!!!!!!!!!!!!!!!!!!!!!!!!!!!!!
20210214 114950.164 INFO             PET0 Running with ESMF Version   : ESMF_8_1_0_beta_snapshot_44-80-g014a1253fa
20210214 114950.164 INFO             PET0 ESMF library build date/time: "Feb 14 2021" "11:45:42"
20210214 114950.164 INFO             PET0 ESMF library build location : /glade/scratch/himanshu/scripts_dir/daily/gfortran_cheyenne/esmf
20210214 114950.164 INFO             PET0 ESMF_COMM                   : mpich3
20210214 114950.164 INFO             PET0 ESMF_MOAB                   : enabled
20210214 114950.164 INFO             PET0 ESMF_LAPACK                 : enabled
20210214 114950.164 INFO             PET0 ESMF_NETCDF                 : disabled
20210214 114950.164 INFO             PET0 ESMF_PNETCDF                : disabled
20210214 114950.164 INFO             PET0 ESMF_PIO                    : enabled
20210214 114950.164 INFO             PET0 ESMF_YAMLCPP                : enabled
20210214 114950.164 INFO             PET0 Finalizing ESMF
20210214 114950.190 INFO             PET0 !!!!!!!!!!!!!!!!!!!!!!!!!!!!!!!!!!!!!!!!!!!!!!!!!!!!!!
20210214 114950.190 INFO             PET0 !!! THE ESMF_LOG IS SET TO OUTPUT ALL LOG MESSAGES !!!
20210214 114950.190 INFO             PET0 !!!     THIS MAY CAUSE SLOWDOWN IN PERFORMANCE     !!!
20210214 114950.190 INFO             PET0 !!! FOR PRODUCTION RUNS, USE:                      !!!
20210214 114950.190 INFO             PET0 !!!                   ESMF_LOGKIND_Multi_On_Error  !!!
20210214 114950.190 INFO             PET0 !!!!!!!!!!!!!!!!!!!!!!!!!!!!!!!!!!!!!!!!!!!!!!!!!!!!!!
20210214 114950.190 INFO             PET0 Running with ESMF Version   : ESMF_8_1_0_beta_snapshot_44-80-g014a1253fa
20210214 114950.190 INFO             PET0 ESMF library build date/time: "Feb 14 2021" "11:45:42"
20210214 114950.190 INFO             PET0 ESMF library build location : /glade/scratch/himanshu/scripts_dir/daily/gfortran_cheyenne/esmf
20210214 114950.190 INFO             PET0 ESMF_COMM                   : mpich3
20210214 114950.192 INFO             PET0 ESMF_MOAB                   : enabled
20210214 114950.192 INFO             PET0 ESMF_LAPACK                 : enabled
20210214 114950.192 INFO             PET0 ESMF_NETCDF                 : disabled
20210214 114950.192 INFO             PET0 ESMF_PNETCDF                : disabled
20210214 114950.192 INFO             PET0 ESMF_PIO                    : enabled
20210214 114950.192 INFO             PET0 ESMF_YAMLCPP                : enabled
20210214 114950.192 INFO             PET0 Finalizing ESMF
Sun Feb 14 15:48:28 MST 2021
