20201117 015505.801 INFO             PET1 !!!!!!!!!!!!!!!!!!!!!!!!!!!!!!!!!!!!!!!!!!!!!!!!!!!!!!
20201117 015505.801 INFO             PET1 !!! THE ESMF_LOG IS SET TO OUTPUT ALL LOG MESSAGES !!!
20201117 015505.801 INFO             PET1 !!!     THIS MAY CAUSE SLOWDOWN IN PERFORMANCE     !!!
20201117 015505.801 INFO             PET1 !!! FOR PRODUCTION RUNS, USE:                      !!!
20201117 015505.801 INFO             PET1 !!!                   ESMF_LOGKIND_Multi_On_Error  !!!
20201117 015505.801 INFO             PET1 !!!!!!!!!!!!!!!!!!!!!!!!!!!!!!!!!!!!!!!!!!!!!!!!!!!!!!
20201117 015505.801 INFO             PET1 Running with ESMF Version   : ESMF_8_1_0_beta_snapshot_37-1-g18a355632c
20201117 015505.801 INFO             PET1 ESMF library build date/time: "Nov 17 2020" "01:50:53"
20201117 015505.801 INFO             PET1 ESMF library build location : /glade/scratch/himanshu/scripts_dir/daily/gfortran_cheyenne/esmf
20201117 015505.801 INFO             PET1 ESMF_COMM                   : mpich3
20201117 015505.801 INFO             PET1 ESMF_NETCDF                 : disabled
20201117 015505.801 INFO             PET1 ESMF_PNETCDF                : disabled
20201117 015505.801 INFO             PET1 ESMF_PIO                    : enabled
20201117 015505.801 INFO             PET1 ESMF_YAMLCPP                : enabled
20201117 015505.801 INFO             PET1 ESMF_MOAB                   : enabled
20201117 015505.801 INFO             PET1 Finalizing ESMF
20201117 015505.851 INFO             PET1 !!!!!!!!!!!!!!!!!!!!!!!!!!!!!!!!!!!!!!!!!!!!!!!!!!!!!!
20201117 015505.851 INFO             PET1 !!! THE ESMF_LOG IS SET TO OUTPUT ALL LOG MESSAGES !!!
20201117 015505.851 INFO             PET1 !!!     THIS MAY CAUSE SLOWDOWN IN PERFORMANCE     !!!
20201117 015505.851 INFO             PET1 !!! FOR PRODUCTION RUNS, USE:                      !!!
20201117 015505.851 INFO             PET1 !!!                   ESMF_LOGKIND_Multi_On_Error  !!!
20201117 015505.851 INFO             PET1 !!!!!!!!!!!!!!!!!!!!!!!!!!!!!!!!!!!!!!!!!!!!!!!!!!!!!!
20201117 015505.851 INFO             PET1 Running with ESMF Version   : ESMF_8_1_0_beta_snapshot_37-1-g18a355632c
20201117 015505.851 INFO             PET1 ESMF library build date/time: "Nov 17 2020" "01:50:53"
20201117 015505.851 INFO             PET1 ESMF library build location : /glade/scratch/himanshu/scripts_dir/daily/gfortran_cheyenne/esmf
20201117 015505.851 INFO             PET1 ESMF_COMM                   : mpich3
20201117 015505.851 INFO             PET1 ESMF_NETCDF                 : disabled
20201117 015505.851 INFO             PET1 ESMF_PNETCDF                : disabled
20201117 015505.851 INFO             PET1 ESMF_PIO                    : enabled
20201117 015505.851 INFO             PET1 ESMF_YAMLCPP                : enabled
20201117 015505.851 INFO             PET1 ESMF_MOAB                   : enabled
20201117 015505.851 INFO             PET1 Finalizing ESMF
20201117 015505.887 INFO             PET1 !!!!!!!!!!!!!!!!!!!!!!!!!!!!!!!!!!!!!!!!!!!!!!!!!!!!!!
20201117 015505.887 INFO             PET1 !!! THE ESMF_LOG IS SET TO OUTPUT ALL LOG MESSAGES !!!
20201117 015505.887 INFO             PET1 !!!     THIS MAY CAUSE SLOWDOWN IN PERFORMANCE     !!!
20201117 015505.887 INFO             PET1 !!! FOR PRODUCTION RUNS, USE:                      !!!
20201117 015505.887 INFO             PET1 !!!                   ESMF_LOGKIND_Multi_On_Error  !!!
20201117 015505.887 INFO             PET1 !!!!!!!!!!!!!!!!!!!!!!!!!!!!!!!!!!!!!!!!!!!!!!!!!!!!!!
20201117 015505.887 INFO             PET1 Running with ESMF Version   : ESMF_8_1_0_beta_snapshot_37-1-g18a355632c
20201117 015505.887 INFO             PET1 ESMF library build date/time: "Nov 17 2020" "01:50:53"
20201117 015505.887 INFO             PET1 ESMF library build location : /glade/scratch/himanshu/scripts_dir/daily/gfortran_cheyenne/esmf
20201117 015505.887 INFO             PET1 ESMF_COMM                   : mpich3
20201117 015505.887 INFO             PET1 ESMF_NETCDF                 : disabled
20201117 015505.887 INFO             PET1 ESMF_PNETCDF                : disabled
20201117 015505.887 INFO             PET1 ESMF_PIO                    : enabled
20201117 015505.887 INFO             PET1 ESMF_YAMLCPP                : enabled
20201117 015505.887 INFO             PET1 ESMF_MOAB                   : enabled
20201117 015505.890 INFO             PET1 Finalizing ESMF
Tue Nov 17 09:05:27 MST 2020
