20201210 022541.175 INFO             PET2 !!!!!!!!!!!!!!!!!!!!!!!!!!!!!!!!!!!!!!!!!!!!!!!!!!!!!!
20201210 022541.175 INFO             PET2 !!! THE ESMF_LOG IS SET TO OUTPUT ALL LOG MESSAGES !!!
20201210 022541.175 INFO             PET2 !!!     THIS MAY CAUSE SLOWDOWN IN PERFORMANCE     !!!
20201210 022541.175 INFO             PET2 !!! FOR PRODUCTION RUNS, USE:                      !!!
20201210 022541.175 INFO             PET2 !!!                   ESMF_LOGKIND_Multi_On_Error  !!!
20201210 022541.175 INFO             PET2 !!!!!!!!!!!!!!!!!!!!!!!!!!!!!!!!!!!!!!!!!!!!!!!!!!!!!!
20201210 022541.175 INFO             PET2 Running with ESMF Version   : ESMF_8_1_0_beta_snapshot_38-47-ga956c0d52d
20201210 022541.175 INFO             PET2 ESMF library build date/time: "Dec 10 2020" "02:21:30"
20201210 022541.175 INFO             PET2 ESMF library build location : /glade/scratch/himanshu/scripts_dir/daily/gfortran_cheyenne/esmf
20201210 022541.175 INFO             PET2 ESMF_COMM                   : mpich3
20201210 022541.176 INFO             PET2 ESMF_NETCDF                 : disabled
20201210 022541.176 INFO             PET2 ESMF_PNETCDF                : disabled
20201210 022541.176 INFO             PET2 ESMF_PIO                    : enabled
20201210 022541.176 INFO             PET2 ESMF_YAMLCPP                : enabled
20201210 022541.176 INFO             PET2 ESMF_MOAB                   : enabled
20201210 022541.176 INFO             PET2 Finalizing ESMF
20201210 022541.204 INFO             PET2 !!!!!!!!!!!!!!!!!!!!!!!!!!!!!!!!!!!!!!!!!!!!!!!!!!!!!!
20201210 022541.204 INFO             PET2 !!! THE ESMF_LOG IS SET TO OUTPUT ALL LOG MESSAGES !!!
20201210 022541.204 INFO             PET2 !!!     THIS MAY CAUSE SLOWDOWN IN PERFORMANCE     !!!
20201210 022541.204 INFO             PET2 !!! FOR PRODUCTION RUNS, USE:                      !!!
20201210 022541.204 INFO             PET2 !!!                   ESMF_LOGKIND_Multi_On_Error  !!!
20201210 022541.204 INFO             PET2 !!!!!!!!!!!!!!!!!!!!!!!!!!!!!!!!!!!!!!!!!!!!!!!!!!!!!!
20201210 022541.204 INFO             PET2 Running with ESMF Version   : ESMF_8_1_0_beta_snapshot_38-47-ga956c0d52d
20201210 022541.204 INFO             PET2 ESMF library build date/time: "Dec 10 2020" "02:21:30"
20201210 022541.204 INFO             PET2 ESMF library build location : /glade/scratch/himanshu/scripts_dir/daily/gfortran_cheyenne/esmf
20201210 022541.204 INFO             PET2 ESMF_COMM                   : mpich3
20201210 022541.204 INFO             PET2 ESMF_NETCDF                 : disabled
20201210 022541.204 INFO             PET2 ESMF_PNETCDF                : disabled
20201210 022541.204 INFO             PET2 ESMF_PIO                    : enabled
20201210 022541.204 INFO             PET2 ESMF_YAMLCPP                : enabled
20201210 022541.204 INFO             PET2 ESMF_MOAB                   : enabled
20201210 022541.204 INFO             PET2 Finalizing ESMF
20201210 022541.235 INFO             PET2 !!!!!!!!!!!!!!!!!!!!!!!!!!!!!!!!!!!!!!!!!!!!!!!!!!!!!!
20201210 022541.235 INFO             PET2 !!! THE ESMF_LOG IS SET TO OUTPUT ALL LOG MESSAGES !!!
20201210 022541.235 INFO             PET2 !!!     THIS MAY CAUSE SLOWDOWN IN PERFORMANCE     !!!
20201210 022541.235 INFO             PET2 !!! FOR PRODUCTION RUNS, USE:                      !!!
20201210 022541.235 INFO             PET2 !!!                   ESMF_LOGKIND_Multi_On_Error  !!!
20201210 022541.235 INFO             PET2 !!!!!!!!!!!!!!!!!!!!!!!!!!!!!!!!!!!!!!!!!!!!!!!!!!!!!!
20201210 022541.235 INFO             PET2 Running with ESMF Version   : ESMF_8_1_0_beta_snapshot_38-47-ga956c0d52d
20201210 022541.235 INFO             PET2 ESMF library build date/time: "Dec 10 2020" "02:21:30"
20201210 022541.235 INFO             PET2 ESMF library build location : /glade/scratch/himanshu/scripts_dir/daily/gfortran_cheyenne/esmf
20201210 022541.235 INFO             PET2 ESMF_COMM                   : mpich3
20201210 022541.235 INFO             PET2 ESMF_NETCDF                 : disabled
20201210 022541.235 INFO             PET2 ESMF_PNETCDF                : disabled
20201210 022541.235 INFO             PET2 ESMF_PIO                    : enabled
20201210 022541.235 INFO             PET2 ESMF_YAMLCPP                : enabled
20201210 022541.235 INFO             PET2 ESMF_MOAB                   : enabled
20201210 022541.243 INFO             PET2 Finalizing ESMF
Thu Dec 10 06:23:58 MST 2020
