20210115 042822.858 INFO             PET3 !!!!!!!!!!!!!!!!!!!!!!!!!!!!!!!!!!!!!!!!!!!!!!!!!!!!!!
20210115 042822.858 INFO             PET3 !!! THE ESMF_LOG IS SET TO OUTPUT ALL LOG MESSAGES !!!
20210115 042822.858 INFO             PET3 !!!     THIS MAY CAUSE SLOWDOWN IN PERFORMANCE     !!!
20210115 042822.858 INFO             PET3 !!! FOR PRODUCTION RUNS, USE:                      !!!
20210115 042822.858 INFO             PET3 !!!                   ESMF_LOGKIND_Multi_On_Error  !!!
20210115 042822.858 INFO             PET3 !!!!!!!!!!!!!!!!!!!!!!!!!!!!!!!!!!!!!!!!!!!!!!!!!!!!!!
20210115 042822.858 INFO             PET3 Running with ESMF Version   : ESMF_8_1_0_beta_snapshot_41-14-g011b8a0905
20210115 042822.858 INFO             PET3 ESMF library build date/time: "Jan 15 2021" "04:24:16"
20210115 042822.858 INFO             PET3 ESMF library build location : /glade/scratch/himanshu/scripts_dir/daily/gfortran_cheyenne/esmf
20210115 042822.858 INFO             PET3 ESMF_COMM                   : mpich3
20210115 042822.858 INFO             PET3 ESMF_NETCDF                 : disabled
20210115 042822.858 INFO             PET3 ESMF_PNETCDF                : disabled
20210115 042822.858 INFO             PET3 ESMF_PIO                    : enabled
20210115 042822.858 INFO             PET3 ESMF_YAMLCPP                : enabled
20210115 042822.858 INFO             PET3 ESMF_MOAB                   : enabled
20210115 042822.858 INFO             PET3 Finalizing ESMF
20210115 042822.885 INFO             PET3 !!!!!!!!!!!!!!!!!!!!!!!!!!!!!!!!!!!!!!!!!!!!!!!!!!!!!!
20210115 042822.885 INFO             PET3 !!! THE ESMF_LOG IS SET TO OUTPUT ALL LOG MESSAGES !!!
20210115 042822.885 INFO             PET3 !!!     THIS MAY CAUSE SLOWDOWN IN PERFORMANCE     !!!
20210115 042822.885 INFO             PET3 !!! FOR PRODUCTION RUNS, USE:                      !!!
20210115 042822.885 INFO             PET3 !!!                   ESMF_LOGKIND_Multi_On_Error  !!!
20210115 042822.885 INFO             PET3 !!!!!!!!!!!!!!!!!!!!!!!!!!!!!!!!!!!!!!!!!!!!!!!!!!!!!!
20210115 042822.885 INFO             PET3 Running with ESMF Version   : ESMF_8_1_0_beta_snapshot_41-14-g011b8a0905
20210115 042822.885 INFO             PET3 ESMF library build date/time: "Jan 15 2021" "04:24:16"
20210115 042822.885 INFO             PET3 ESMF library build location : /glade/scratch/himanshu/scripts_dir/daily/gfortran_cheyenne/esmf
20210115 042822.885 INFO             PET3 ESMF_COMM                   : mpich3
20210115 042822.885 INFO             PET3 ESMF_NETCDF                 : disabled
20210115 042822.885 INFO             PET3 ESMF_PNETCDF                : disabled
20210115 042822.885 INFO             PET3 ESMF_PIO                    : enabled
20210115 042822.885 INFO             PET3 ESMF_YAMLCPP                : enabled
20210115 042822.885 INFO             PET3 ESMF_MOAB                   : enabled
20210115 042822.885 INFO             PET3 Finalizing ESMF
20210115 042822.913 INFO             PET3 !!!!!!!!!!!!!!!!!!!!!!!!!!!!!!!!!!!!!!!!!!!!!!!!!!!!!!
20210115 042822.913 INFO             PET3 !!! THE ESMF_LOG IS SET TO OUTPUT ALL LOG MESSAGES !!!
20210115 042822.913 INFO             PET3 !!!     THIS MAY CAUSE SLOWDOWN IN PERFORMANCE     !!!
20210115 042822.913 INFO             PET3 !!! FOR PRODUCTION RUNS, USE:                      !!!
20210115 042822.913 INFO             PET3 !!!                   ESMF_LOGKIND_Multi_On_Error  !!!
20210115 042822.913 INFO             PET3 !!!!!!!!!!!!!!!!!!!!!!!!!!!!!!!!!!!!!!!!!!!!!!!!!!!!!!
20210115 042822.913 INFO             PET3 Running with ESMF Version   : ESMF_8_1_0_beta_snapshot_41-14-g011b8a0905
20210115 042822.913 INFO             PET3 ESMF library build date/time: "Jan 15 2021" "04:24:16"
20210115 042822.913 INFO             PET3 ESMF library build location : /glade/scratch/himanshu/scripts_dir/daily/gfortran_cheyenne/esmf
20210115 042822.913 INFO             PET3 ESMF_COMM                   : mpich3
20210115 042822.914 INFO             PET3 ESMF_NETCDF                 : disabled
20210115 042822.914 INFO             PET3 ESMF_PNETCDF                : disabled
20210115 042822.914 INFO             PET3 ESMF_PIO                    : enabled
20210115 042822.914 INFO             PET3 ESMF_YAMLCPP                : enabled
20210115 042822.914 INFO             PET3 ESMF_MOAB                   : enabled
20210115 042822.916 INFO             PET3 Finalizing ESMF
Fri Jan 15 08:24:39 MST 2021
