20201215 085807.378 INFO             PET0 !!!!!!!!!!!!!!!!!!!!!!!!!!!!!!!!!!!!!!!!!!!!!!!!!!!!!!
20201215 085807.378 INFO             PET0 !!! THE ESMF_LOG IS SET TO OUTPUT ALL LOG MESSAGES !!!
20201215 085807.378 INFO             PET0 !!!     THIS MAY CAUSE SLOWDOWN IN PERFORMANCE     !!!
20201215 085807.379 INFO             PET0 !!! FOR PRODUCTION RUNS, USE:                      !!!
20201215 085807.379 INFO             PET0 !!!                   ESMF_LOGKIND_Multi_On_Error  !!!
20201215 085807.379 INFO             PET0 !!!!!!!!!!!!!!!!!!!!!!!!!!!!!!!!!!!!!!!!!!!!!!!!!!!!!!
20201215 085807.379 INFO             PET0 Running with ESMF Version   : ESMF_8_1_0_beta_snapshot_38-56-g64c6beb142
20201215 085807.379 INFO             PET0 ESMF library build date/time: "Dec 15 2020" "08:30:34"
20201215 085807.379 INFO             PET0 ESMF library build location : /glade/scratch/himanshu/scripts_dir/daily/intel_cheyenne/esmf
20201215 085807.379 INFO             PET0 ESMF_COMM                   : intelmpi
20201215 085807.379 INFO             PET0 ESMF_NETCDF                 : disabled
20201215 085807.379 INFO             PET0 ESMF_PNETCDF                : disabled
20201215 085807.379 INFO             PET0 ESMF_PIO                    : enabled
20201215 085807.379 INFO             PET0 ESMF_YAMLCPP                : enabled
20201215 085807.379 INFO             PET0 ESMF_MOAB                   : enabled
20201215 085807.380 ERROR            PET0 ESMF_StateAPI.cppF90:1189 ESMF_StateAddList Object being used before creation  - Bad Object
20201215 085807.383 INFO             PET0  NUMBER_OF_PROCESSORS           4
20201215 085807.383 INFO             PET0  PASS  Example ESMF_StateReconcileEx, ESMF_StateReconcileEx.F90, line 297
20201215 085807.383 INFO             PET0 Finalizing ESMF
20201215 085807.379 INFO             PET1 !!!!!!!!!!!!!!!!!!!!!!!!!!!!!!!!!!!!!!!!!!!!!!!!!!!!!!
20201215 085807.379 INFO             PET1 !!! THE ESMF_LOG IS SET TO OUTPUT ALL LOG MESSAGES !!!
20201215 085807.379 INFO             PET1 !!!     THIS MAY CAUSE SLOWDOWN IN PERFORMANCE     !!!
20201215 085807.379 INFO             PET1 !!! FOR PRODUCTION RUNS, USE:                      !!!
20201215 085807.379 INFO             PET1 !!!                   ESMF_LOGKIND_Multi_On_Error  !!!
20201215 085807.379 INFO             PET1 !!!!!!!!!!!!!!!!!!!!!!!!!!!!!!!!!!!!!!!!!!!!!!!!!!!!!!
20201215 085807.379 INFO             PET1 Running with ESMF Version   : ESMF_8_1_0_beta_snapshot_38-56-g64c6beb142
20201215 085807.379 INFO             PET1 ESMF library build date/time: "Dec 15 2020" "08:30:34"
20201215 085807.379 INFO             PET1 ESMF library build location : /glade/scratch/himanshu/scripts_dir/daily/intel_cheyenne/esmf
20201215 085807.379 INFO             PET1 ESMF_COMM                   : intelmpi
20201215 085807.379 INFO             PET1 ESMF_NETCDF                 : disabled
20201215 085807.379 INFO             PET1 ESMF_PNETCDF                : disabled
20201215 085807.379 INFO             PET1 ESMF_PIO                    : enabled
20201215 085807.379 INFO             PET1 ESMF_YAMLCPP                : enabled
20201215 085807.379 INFO             PET1 ESMF_MOAB                   : enabled
20201215 085807.380 ERROR            PET1 ESMF_StateAPI.cppF90:1189 ESMF_StateAddList Object being used before creation  - Bad Object
20201215 085807.383 INFO             PET1  NUMBER_OF_PROCESSORS           4
20201215 085807.383 INFO             PET1  PASS  Example ESMF_StateReconcileEx, ESMF_StateReconcileEx.F90, line 297
20201215 085807.383 INFO             PET1 Finalizing ESMF
20201215 085807.379 INFO             PET2 !!!!!!!!!!!!!!!!!!!!!!!!!!!!!!!!!!!!!!!!!!!!!!!!!!!!!!
20201215 085807.379 INFO             PET2 !!! THE ESMF_LOG IS SET TO OUTPUT ALL LOG MESSAGES !!!
20201215 085807.379 INFO             PET2 !!!     THIS MAY CAUSE SLOWDOWN IN PERFORMANCE     !!!
20201215 085807.379 INFO             PET2 !!! FOR PRODUCTION RUNS, USE:                      !!!
20201215 085807.379 INFO             PET2 !!!                   ESMF_LOGKIND_Multi_On_Error  !!!
20201215 085807.379 INFO             PET2 !!!!!!!!!!!!!!!!!!!!!!!!!!!!!!!!!!!!!!!!!!!!!!!!!!!!!!
20201215 085807.379 INFO             PET2 Running with ESMF Version   : ESMF_8_1_0_beta_snapshot_38-56-g64c6beb142
20201215 085807.379 INFO             PET2 ESMF library build date/time: "Dec 15 2020" "08:30:34"
20201215 085807.379 INFO             PET2 ESMF library build location : /glade/scratch/himanshu/scripts_dir/daily/intel_cheyenne/esmf
20201215 085807.379 INFO             PET2 ESMF_COMM                   : intelmpi
20201215 085807.379 INFO             PET2 ESMF_NETCDF                 : disabled
20201215 085807.379 INFO             PET2 ESMF_PNETCDF                : disabled
20201215 085807.379 INFO             PET2 ESMF_PIO                    : enabled
20201215 085807.379 INFO             PET2 ESMF_YAMLCPP                : enabled
20201215 085807.379 INFO             PET2 ESMF_MOAB                   : enabled
20201215 085807.380 ERROR            PET2 ESMF_StateAPI.cppF90:1189 ESMF_StateAddList Object being used before creation  - Bad Object
20201215 085807.383 INFO             PET2  NUMBER_OF_PROCESSORS           4
20201215 085807.383 INFO             PET2  PASS  Example ESMF_StateReconcileEx, ESMF_StateReconcileEx.F90, line 297
20201215 085807.383 INFO             PET2 Finalizing ESMF
20201215 085807.378 INFO             PET3 !!!!!!!!!!!!!!!!!!!!!!!!!!!!!!!!!!!!!!!!!!!!!!!!!!!!!!
20201215 085807.378 INFO             PET3 !!! THE ESMF_LOG IS SET TO OUTPUT ALL LOG MESSAGES !!!
20201215 085807.378 INFO             PET3 !!!     THIS MAY CAUSE SLOWDOWN IN PERFORMANCE     !!!
20201215 085807.378 INFO             PET3 !!! FOR PRODUCTION RUNS, USE:                      !!!
20201215 085807.378 INFO             PET3 !!!                   ESMF_LOGKIND_Multi_On_Error  !!!
20201215 085807.378 INFO             PET3 !!!!!!!!!!!!!!!!!!!!!!!!!!!!!!!!!!!!!!!!!!!!!!!!!!!!!!
20201215 085807.378 INFO             PET3 Running with ESMF Version   : ESMF_8_1_0_beta_snapshot_38-56-g64c6beb142
20201215 085807.378 INFO             PET3 ESMF library build date/time: "Dec 15 2020" "08:30:34"
20201215 085807.378 INFO             PET3 ESMF library build location : /glade/scratch/himanshu/scripts_dir/daily/intel_cheyenne/esmf
20201215 085807.378 INFO             PET3 ESMF_COMM                   : intelmpi
20201215 085807.379 INFO             PET3 ESMF_NETCDF                 : disabled
20201215 085807.379 INFO             PET3 ESMF_PNETCDF                : disabled
20201215 085807.379 INFO             PET3 ESMF_PIO                    : enabled
20201215 085807.379 INFO             PET3 ESMF_YAMLCPP                : enabled
20201215 085807.379 INFO             PET3 ESMF_MOAB                   : enabled
20201215 085807.380 ERROR            PET3 ESMF_StateAPI.cppF90:1189 ESMF_StateAddList Object being used before creation  - Bad Object
20201215 085807.383 INFO             PET3  NUMBER_OF_PROCESSORS           4
20201215 085807.383 INFO             PET3  PASS  Example ESMF_StateReconcileEx, ESMF_StateReconcileEx.F90, line 297
20201215 085807.383 INFO             PET3 Finalizing ESMF
Tue Dec 15 11:24:31 MST 2020
