20201115 073725.408 INFO             PET0 !!!!!!!!!!!!!!!!!!!!!!!!!!!!!!!!!!!!!!!!!!!!!!!!!!!!!!
20201115 073725.408 INFO             PET0 !!! THE ESMF_LOG IS SET TO OUTPUT ALL LOG MESSAGES !!!
20201115 073725.408 INFO             PET0 !!!     THIS MAY CAUSE SLOWDOWN IN PERFORMANCE     !!!
20201115 073725.408 INFO             PET0 !!! FOR PRODUCTION RUNS, USE:                      !!!
20201115 073725.408 INFO             PET0 !!!                   ESMF_LOGKIND_Multi_On_Error  !!!
20201115 073725.408 INFO             PET0 !!!!!!!!!!!!!!!!!!!!!!!!!!!!!!!!!!!!!!!!!!!!!!!!!!!!!!
20201115 073725.408 INFO             PET0 Running with ESMF Version   : ESMF_8_1_0_beta_snapshot_36-35-g260dae2aea
20201115 073725.408 INFO             PET0 ESMF library build date/time: "Nov 15 2020" "07:08:48"
20201115 073725.408 INFO             PET0 ESMF library build location : /glade/scratch/himanshu/scripts_dir/daily/intel_cheyenne/esmf
20201115 073725.408 INFO             PET0 ESMF_COMM                   : intelmpi
20201115 073725.409 INFO             PET0 ESMF_NETCDF                 : disabled
20201115 073725.409 INFO             PET0 ESMF_PNETCDF                : disabled
20201115 073725.409 INFO             PET0 ESMF_PIO                    : enabled
20201115 073725.409 INFO             PET0 ESMF_YAMLCPP                : enabled
20201115 073725.409 INFO             PET0 ESMF_MOAB                   : enabled
20201115 073725.411 INFO             PET0  NUMBER_OF_PROCESSORS           4
20201115 073725.411 INFO             PET0  PASS  Example ESMF_StateEx, ESMF_StateEx.F90, line 237
20201115 073725.411 INFO             PET0 Finalizing ESMF
20201115 073725.408 INFO             PET1 !!!!!!!!!!!!!!!!!!!!!!!!!!!!!!!!!!!!!!!!!!!!!!!!!!!!!!
20201115 073725.408 INFO             PET1 !!! THE ESMF_LOG IS SET TO OUTPUT ALL LOG MESSAGES !!!
20201115 073725.408 INFO             PET1 !!!     THIS MAY CAUSE SLOWDOWN IN PERFORMANCE     !!!
20201115 073725.408 INFO             PET1 !!! FOR PRODUCTION RUNS, USE:                      !!!
20201115 073725.408 INFO             PET1 !!!                   ESMF_LOGKIND_Multi_On_Error  !!!
20201115 073725.408 INFO             PET1 !!!!!!!!!!!!!!!!!!!!!!!!!!!!!!!!!!!!!!!!!!!!!!!!!!!!!!
20201115 073725.408 INFO             PET1 Running with ESMF Version   : ESMF_8_1_0_beta_snapshot_36-35-g260dae2aea
20201115 073725.408 INFO             PET1 ESMF library build date/time: "Nov 15 2020" "07:08:48"
20201115 073725.408 INFO             PET1 ESMF library build location : /glade/scratch/himanshu/scripts_dir/daily/intel_cheyenne/esmf
20201115 073725.408 INFO             PET1 ESMF_COMM                   : intelmpi
20201115 073725.409 INFO             PET1 ESMF_NETCDF                 : disabled
20201115 073725.409 INFO             PET1 ESMF_PNETCDF                : disabled
20201115 073725.409 INFO             PET1 ESMF_PIO                    : enabled
20201115 073725.409 INFO             PET1 ESMF_YAMLCPP                : enabled
20201115 073725.409 INFO             PET1 ESMF_MOAB                   : enabled
20201115 073725.411 INFO             PET1  NUMBER_OF_PROCESSORS           4
20201115 073725.411 INFO             PET1  PASS  Example ESMF_StateEx, ESMF_StateEx.F90, line 237
20201115 073725.411 INFO             PET1 Finalizing ESMF
20201115 073725.407 INFO             PET2 !!!!!!!!!!!!!!!!!!!!!!!!!!!!!!!!!!!!!!!!!!!!!!!!!!!!!!
20201115 073725.408 INFO             PET2 !!! THE ESMF_LOG IS SET TO OUTPUT ALL LOG MESSAGES !!!
20201115 073725.408 INFO             PET2 !!!     THIS MAY CAUSE SLOWDOWN IN PERFORMANCE     !!!
20201115 073725.408 INFO             PET2 !!! FOR PRODUCTION RUNS, USE:                      !!!
20201115 073725.408 INFO             PET2 !!!                   ESMF_LOGKIND_Multi_On_Error  !!!
20201115 073725.408 INFO             PET2 !!!!!!!!!!!!!!!!!!!!!!!!!!!!!!!!!!!!!!!!!!!!!!!!!!!!!!
20201115 073725.408 INFO             PET2 Running with ESMF Version   : ESMF_8_1_0_beta_snapshot_36-35-g260dae2aea
20201115 073725.408 INFO             PET2 ESMF library build date/time: "Nov 15 2020" "07:08:48"
20201115 073725.408 INFO             PET2 ESMF library build location : /glade/scratch/himanshu/scripts_dir/daily/intel_cheyenne/esmf
20201115 073725.408 INFO             PET2 ESMF_COMM                   : intelmpi
20201115 073725.408 INFO             PET2 ESMF_NETCDF                 : disabled
20201115 073725.408 INFO             PET2 ESMF_PNETCDF                : disabled
20201115 073725.408 INFO             PET2 ESMF_PIO                    : enabled
20201115 073725.408 INFO             PET2 ESMF_YAMLCPP                : enabled
20201115 073725.408 INFO             PET2 ESMF_MOAB                   : enabled
20201115 073725.411 INFO             PET2  NUMBER_OF_PROCESSORS           4
20201115 073725.411 INFO             PET2  PASS  Example ESMF_StateEx, ESMF_StateEx.F90, line 237
20201115 073725.411 INFO             PET2 Finalizing ESMF
20201115 073725.409 INFO             PET3 !!!!!!!!!!!!!!!!!!!!!!!!!!!!!!!!!!!!!!!!!!!!!!!!!!!!!!
20201115 073725.409 INFO             PET3 !!! THE ESMF_LOG IS SET TO OUTPUT ALL LOG MESSAGES !!!
20201115 073725.409 INFO             PET3 !!!     THIS MAY CAUSE SLOWDOWN IN PERFORMANCE     !!!
20201115 073725.409 INFO             PET3 !!! FOR PRODUCTION RUNS, USE:                      !!!
20201115 073725.409 INFO             PET3 !!!                   ESMF_LOGKIND_Multi_On_Error  !!!
20201115 073725.409 INFO             PET3 !!!!!!!!!!!!!!!!!!!!!!!!!!!!!!!!!!!!!!!!!!!!!!!!!!!!!!
20201115 073725.409 INFO             PET3 Running with ESMF Version   : ESMF_8_1_0_beta_snapshot_36-35-g260dae2aea
20201115 073725.409 INFO             PET3 ESMF library build date/time: "Nov 15 2020" "07:08:48"
20201115 073725.409 INFO             PET3 ESMF library build location : /glade/scratch/himanshu/scripts_dir/daily/intel_cheyenne/esmf
20201115 073725.409 INFO             PET3 ESMF_COMM                   : intelmpi
20201115 073725.409 INFO             PET3 ESMF_NETCDF                 : disabled
20201115 073725.409 INFO             PET3 ESMF_PNETCDF                : disabled
20201115 073725.409 INFO             PET3 ESMF_PIO                    : enabled
20201115 073725.409 INFO             PET3 ESMF_YAMLCPP                : enabled
20201115 073725.409 INFO             PET3 ESMF_MOAB                   : enabled
20201115 073725.411 INFO             PET3  NUMBER_OF_PROCESSORS           4
20201115 073725.411 INFO             PET3  PASS  Example ESMF_StateEx, ESMF_StateEx.F90, line 237
20201115 073725.411 INFO             PET3 Finalizing ESMF
Sun Nov 15 10:11:24 MST 2020
