20210121 090042.937 INFO             PET0 !!!!!!!!!!!!!!!!!!!!!!!!!!!!!!!!!!!!!!!!!!!!!!!!!!!!!!
20210121 090042.937 INFO             PET0 !!! THE ESMF_LOG IS SET TO OUTPUT ALL LOG MESSAGES !!!
20210121 090042.937 INFO             PET0 !!!     THIS MAY CAUSE SLOWDOWN IN PERFORMANCE     !!!
20210121 090042.937 INFO             PET0 !!! FOR PRODUCTION RUNS, USE:                      !!!
20210121 090042.937 INFO             PET0 !!!                   ESMF_LOGKIND_Multi_On_Error  !!!
20210121 090042.937 INFO             PET0 !!!!!!!!!!!!!!!!!!!!!!!!!!!!!!!!!!!!!!!!!!!!!!!!!!!!!!
20210121 090042.937 INFO             PET0 Running with ESMF Version   : ESMF_8_1_0_beta_snapshot_42-7-g9d66bb580c
20210121 090042.937 INFO             PET0 ESMF library build date/time: "Jan 21 2021" "08:31:14"
20210121 090042.937 INFO             PET0 ESMF library build location : /glade/scratch/himanshu/scripts_dir/daily/intel_cheyenne/esmf
20210121 090042.937 INFO             PET0 ESMF_COMM                   : intelmpi
20210121 090042.938 INFO             PET0 ESMF_NETCDF                 : disabled
20210121 090042.938 INFO             PET0 ESMF_PNETCDF                : disabled
20210121 090042.938 INFO             PET0 ESMF_PIO                    : enabled
20210121 090042.938 INFO             PET0 ESMF_YAMLCPP                : enabled
20210121 090042.938 INFO             PET0 ESMF_MOAB                   : enabled
20210121 090042.938 ERROR            PET0 ESMCI_State.C:982 ESMCI::State::read() Library needed by ESMF not present  - Internal subroutine call returned Error
20210121 090042.938 ERROR            PET0 ESMF_StateAPI.cppF90:3191 ESMF_StateRead Library needed by ESMF not present  - Internal subroutine call returned Error
20210121 090042.938 INFO             PET0  NUMBER_OF_PROCESSORS           4
20210121 090042.938 INFO             PET0  PASS  Example ESMF_StateReadWriteEx, ESMF_StateReadWriteEx.F90, line 185
20210121 090042.938 INFO             PET0 Finalizing ESMF
20210121 090042.937 INFO             PET1 !!!!!!!!!!!!!!!!!!!!!!!!!!!!!!!!!!!!!!!!!!!!!!!!!!!!!!
20210121 090042.937 INFO             PET1 !!! THE ESMF_LOG IS SET TO OUTPUT ALL LOG MESSAGES !!!
20210121 090042.938 INFO             PET1 !!!     THIS MAY CAUSE SLOWDOWN IN PERFORMANCE     !!!
20210121 090042.938 INFO             PET1 !!! FOR PRODUCTION RUNS, USE:                      !!!
20210121 090042.938 INFO             PET1 !!!                   ESMF_LOGKIND_Multi_On_Error  !!!
20210121 090042.938 INFO             PET1 !!!!!!!!!!!!!!!!!!!!!!!!!!!!!!!!!!!!!!!!!!!!!!!!!!!!!!
20210121 090042.938 INFO             PET1 Running with ESMF Version   : ESMF_8_1_0_beta_snapshot_42-7-g9d66bb580c
20210121 090042.938 INFO             PET1 ESMF library build date/time: "Jan 21 2021" "08:31:14"
20210121 090042.938 INFO             PET1 ESMF library build location : /glade/scratch/himanshu/scripts_dir/daily/intel_cheyenne/esmf
20210121 090042.938 INFO             PET1 ESMF_COMM                   : intelmpi
20210121 090042.938 INFO             PET1 ESMF_NETCDF                 : disabled
20210121 090042.938 INFO             PET1 ESMF_PNETCDF                : disabled
20210121 090042.938 INFO             PET1 ESMF_PIO                    : enabled
20210121 090042.938 INFO             PET1 ESMF_YAMLCPP                : enabled
20210121 090042.938 INFO             PET1 ESMF_MOAB                   : enabled
20210121 090042.938 ERROR            PET1 ESMCI_State.C:982 ESMCI::State::read() Library needed by ESMF not present  - Internal subroutine call returned Error
20210121 090042.938 ERROR            PET1 ESMF_StateAPI.cppF90:3191 ESMF_StateRead Library needed by ESMF not present  - Internal subroutine call returned Error
20210121 090042.938 INFO             PET1  NUMBER_OF_PROCESSORS           4
20210121 090042.938 INFO             PET1  PASS  Example ESMF_StateReadWriteEx, ESMF_StateReadWriteEx.F90, line 185
20210121 090042.938 INFO             PET1 Finalizing ESMF
20210121 090042.937 INFO             PET2 !!!!!!!!!!!!!!!!!!!!!!!!!!!!!!!!!!!!!!!!!!!!!!!!!!!!!!
20210121 090042.937 INFO             PET2 !!! THE ESMF_LOG IS SET TO OUTPUT ALL LOG MESSAGES !!!
20210121 090042.937 INFO             PET2 !!!     THIS MAY CAUSE SLOWDOWN IN PERFORMANCE     !!!
20210121 090042.937 INFO             PET2 !!! FOR PRODUCTION RUNS, USE:                      !!!
20210121 090042.937 INFO             PET2 !!!                   ESMF_LOGKIND_Multi_On_Error  !!!
20210121 090042.937 INFO             PET2 !!!!!!!!!!!!!!!!!!!!!!!!!!!!!!!!!!!!!!!!!!!!!!!!!!!!!!
20210121 090042.937 INFO             PET2 Running with ESMF Version   : ESMF_8_1_0_beta_snapshot_42-7-g9d66bb580c
20210121 090042.937 INFO             PET2 ESMF library build date/time: "Jan 21 2021" "08:31:14"
20210121 090042.937 INFO             PET2 ESMF library build location : /glade/scratch/himanshu/scripts_dir/daily/intel_cheyenne/esmf
20210121 090042.937 INFO             PET2 ESMF_COMM                   : intelmpi
20210121 090042.938 INFO             PET2 ESMF_NETCDF                 : disabled
20210121 090042.938 INFO             PET2 ESMF_PNETCDF                : disabled
20210121 090042.938 INFO             PET2 ESMF_PIO                    : enabled
20210121 090042.938 INFO             PET2 ESMF_YAMLCPP                : enabled
20210121 090042.938 INFO             PET2 ESMF_MOAB                   : enabled
20210121 090042.938 ERROR            PET2 ESMCI_State.C:982 ESMCI::State::read() Library needed by ESMF not present  - Internal subroutine call returned Error
20210121 090042.938 ERROR            PET2 ESMF_StateAPI.cppF90:3191 ESMF_StateRead Library needed by ESMF not present  - Internal subroutine call returned Error
20210121 090042.938 INFO             PET2  NUMBER_OF_PROCESSORS           4
20210121 090042.938 INFO             PET2  PASS  Example ESMF_StateReadWriteEx, ESMF_StateReadWriteEx.F90, line 185
20210121 090042.939 INFO             PET2 Finalizing ESMF
20210121 090042.938 INFO             PET3 !!!!!!!!!!!!!!!!!!!!!!!!!!!!!!!!!!!!!!!!!!!!!!!!!!!!!!
20210121 090042.938 INFO             PET3 !!! THE ESMF_LOG IS SET TO OUTPUT ALL LOG MESSAGES !!!
20210121 090042.938 INFO             PET3 !!!     THIS MAY CAUSE SLOWDOWN IN PERFORMANCE     !!!
20210121 090042.938 INFO             PET3 !!! FOR PRODUCTION RUNS, USE:                      !!!
20210121 090042.938 INFO             PET3 !!!                   ESMF_LOGKIND_Multi_On_Error  !!!
20210121 090042.938 INFO             PET3 !!!!!!!!!!!!!!!!!!!!!!!!!!!!!!!!!!!!!!!!!!!!!!!!!!!!!!
20210121 090042.938 INFO             PET3 Running with ESMF Version   : ESMF_8_1_0_beta_snapshot_42-7-g9d66bb580c
20210121 090042.938 INFO             PET3 ESMF library build date/time: "Jan 21 2021" "08:31:14"
20210121 090042.938 INFO             PET3 ESMF library build location : /glade/scratch/himanshu/scripts_dir/daily/intel_cheyenne/esmf
20210121 090042.938 INFO             PET3 ESMF_COMM                   : intelmpi
20210121 090042.938 INFO             PET3 ESMF_NETCDF                 : disabled
20210121 090042.938 INFO             PET3 ESMF_PNETCDF                : disabled
20210121 090042.938 INFO             PET3 ESMF_PIO                    : enabled
20210121 090042.938 INFO             PET3 ESMF_YAMLCPP                : enabled
20210121 090042.938 INFO             PET3 ESMF_MOAB                   : enabled
20210121 090042.938 ERROR            PET3 ESMCI_State.C:982 ESMCI::State::read() Library needed by ESMF not present  - Internal subroutine call returned Error
20210121 090042.938 ERROR            PET3 ESMF_StateAPI.cppF90:3191 ESMF_StateRead Library needed by ESMF not present  - Internal subroutine call returned Error
20210121 090042.938 INFO             PET3  NUMBER_OF_PROCESSORS           4
20210121 090042.938 INFO             PET3  PASS  Example ESMF_StateReadWriteEx, ESMF_StateReadWriteEx.F90, line 185
20210121 090042.938 INFO             PET3 Finalizing ESMF
Thu Jan 21 22:45:36 MST 2021
