20210219 021723.629 INFO             PET0 !!!!!!!!!!!!!!!!!!!!!!!!!!!!!!!!!!!!!!!!!!!!!!!!!!!!!!
20210219 021723.630 INFO             PET0 !!! THE ESMF_LOG IS SET TO OUTPUT ALL LOG MESSAGES !!!
20210219 021723.630 INFO             PET0 !!!     THIS MAY CAUSE SLOWDOWN IN PERFORMANCE     !!!
20210219 021723.630 INFO             PET0 !!! FOR PRODUCTION RUNS, USE:                      !!!
20210219 021723.630 INFO             PET0 !!!                   ESMF_LOGKIND_Multi_On_Error  !!!
20210219 021723.630 INFO             PET0 !!!!!!!!!!!!!!!!!!!!!!!!!!!!!!!!!!!!!!!!!!!!!!!!!!!!!!
20210219 021723.630 INFO             PET0 Running with ESMF Version   : ESMF_8_1_0_beta_snapshot_47
20210219 021723.630 INFO             PET0 ESMF library build date/time: "Feb 19 2021" "02:14:26"
20210219 021723.630 INFO             PET0 ESMF library build location : /project/esmf/himanshu/release_8.1.0/gfortran/esmf
20210219 021723.630 INFO             PET0 ESMF_COMM                   : mpiuni
20210219 021723.630 INFO             PET0 ESMF_MOAB                   : enabled
20210219 021723.630 INFO             PET0 ESMF_LAPACK                 : enabled
20210219 021723.630 INFO             PET0 ESMF_NETCDF                 : disabled
20210219 021723.630 INFO             PET0 ESMF_PNETCDF                : disabled
20210219 021723.630 INFO             PET0 ESMF_PIO                    : disabled
20210219 021723.630 INFO             PET0 ESMF_YAMLCPP                : enabled
20210219 021723.630 INFO             PET0 Finalizing ESMF
20210219 021723.673 INFO             PET0 !!!!!!!!!!!!!!!!!!!!!!!!!!!!!!!!!!!!!!!!!!!!!!!!!!!!!!
20210219 021723.673 INFO             PET0 !!! THE ESMF_LOG IS SET TO OUTPUT ALL LOG MESSAGES !!!
20210219 021723.673 INFO             PET0 !!!     THIS MAY CAUSE SLOWDOWN IN PERFORMANCE     !!!
20210219 021723.673 INFO             PET0 !!! FOR PRODUCTION RUNS, USE:                      !!!
20210219 021723.673 INFO             PET0 !!!                   ESMF_LOGKIND_Multi_On_Error  !!!
20210219 021723.673 INFO             PET0 !!!!!!!!!!!!!!!!!!!!!!!!!!!!!!!!!!!!!!!!!!!!!!!!!!!!!!
20210219 021723.673 INFO             PET0 Running with ESMF Version   : ESMF_8_1_0_beta_snapshot_47
20210219 021723.673 INFO             PET0 ESMF library build date/time: "Feb 19 2021" "02:14:26"
20210219 021723.673 INFO             PET0 ESMF library build location : /project/esmf/himanshu/release_8.1.0/gfortran/esmf
20210219 021723.673 INFO             PET0 ESMF_COMM                   : mpiuni
20210219 021723.673 INFO             PET0 ESMF_MOAB                   : enabled
20210219 021723.673 INFO             PET0 ESMF_LAPACK                 : enabled
20210219 021723.673 INFO             PET0 ESMF_NETCDF                 : disabled
20210219 021723.673 INFO             PET0 ESMF_PNETCDF                : disabled
20210219 021723.673 INFO             PET0 ESMF_PIO                    : disabled
20210219 021723.673 INFO             PET0 ESMF_YAMLCPP                : enabled
20210219 021723.673 INFO             PET0 Finalizing ESMF
20210219 021723.717 INFO             PET0 !!!!!!!!!!!!!!!!!!!!!!!!!!!!!!!!!!!!!!!!!!!!!!!!!!!!!!
20210219 021723.717 INFO             PET0 !!! THE ESMF_LOG IS SET TO OUTPUT ALL LOG MESSAGES !!!
20210219 021723.717 INFO             PET0 !!!     THIS MAY CAUSE SLOWDOWN IN PERFORMANCE     !!!
20210219 021723.717 INFO             PET0 !!! FOR PRODUCTION RUNS, USE:                      !!!
20210219 021723.717 INFO             PET0 !!!                   ESMF_LOGKIND_Multi_On_Error  !!!
20210219 021723.717 INFO             PET0 !!!!!!!!!!!!!!!!!!!!!!!!!!!!!!!!!!!!!!!!!!!!!!!!!!!!!!
20210219 021723.717 INFO             PET0 Running with ESMF Version   : ESMF_8_1_0_beta_snapshot_47
20210219 021723.717 INFO             PET0 ESMF library build date/time: "Feb 19 2021" "02:14:26"
20210219 021723.717 INFO             PET0 ESMF library build location : /project/esmf/himanshu/release_8.1.0/gfortran/esmf
20210219 021723.717 INFO             PET0 ESMF_COMM                   : mpiuni
20210219 021723.717 INFO             PET0 ESMF_MOAB                   : enabled
20210219 021723.717 INFO             PET0 ESMF_LAPACK                 : enabled
20210219 021723.717 INFO             PET0 ESMF_NETCDF                 : disabled
20210219 021723.717 INFO             PET0 ESMF_PNETCDF                : disabled
20210219 021723.717 INFO             PET0 ESMF_PIO                    : disabled
20210219 021723.717 INFO             PET0 ESMF_YAMLCPP                : enabled
20210219 021723.718 INFO             PET0 Finalizing ESMF
Fri Feb 19 03:12:31 MST 2021
