20200909 144158.404 INFO             PET0 !!!!!!!!!!!!!!!!!!!!!!!!!!!!!!!!!!!!!!!!!!!!!!!!!!!!!!
20200909 144158.404 INFO             PET0 !!! THE ESMF_LOG IS SET TO OUTPUT ALL LOG MESSAGES !!!
20200909 144158.404 INFO             PET0 !!!     THIS MAY CAUSE SLOWDOWN IN PERFORMANCE     !!!
20200909 144158.404 INFO             PET0 !!! FOR PRODUCTION RUNS, USE:                      !!!
20200909 144158.404 INFO             PET0 !!!                   ESMF_LOGKIND_Multi_On_Error  !!!
20200909 144158.404 INFO             PET0 !!!!!!!!!!!!!!!!!!!!!!!!!!!!!!!!!!!!!!!!!!!!!!!!!!!!!!
20200909 144158.404 INFO             PET0 Running with ESMF Version   : ESMF_8_1_0_beta_snapshot_27-60-g1b38836031
20200909 144158.404 INFO             PET0 ESMF library build date/time: "Sep  9 2020" "14:30:52"
20200909 144158.404 INFO             PET0 ESMF library build location : /glade/scratch/himanshu/scripts_dir/daily/intel_cheyenne/esmf
20200909 144158.404 INFO             PET0 ESMF_COMM                   : mpt
20200909 144158.404 INFO             PET0 ESMF_NETCDF                 : disabled
20200909 144158.404 INFO             PET0 ESMF_PNETCDF                : disabled
20200909 144158.404 INFO             PET0 ESMF_PIO                    : enabled
20200909 144158.404 INFO             PET0 ESMF_YAMLCPP                : enabled
20200909 144158.404 INFO             PET0 ESMF_MOAB                   : enabled
20200909 144158.406 INFO             PET0 Finalizing ESMF
20200909 144158.488 INFO             PET0 !!!!!!!!!!!!!!!!!!!!!!!!!!!!!!!!!!!!!!!!!!!!!!!!!!!!!!
20200909 144158.488 INFO             PET0 !!! THE ESMF_LOG IS SET TO OUTPUT ALL LOG MESSAGES !!!
20200909 144158.488 INFO             PET0 !!!     THIS MAY CAUSE SLOWDOWN IN PERFORMANCE     !!!
20200909 144158.488 INFO             PET0 !!! FOR PRODUCTION RUNS, USE:                      !!!
20200909 144158.488 INFO             PET0 !!!                   ESMF_LOGKIND_Multi_On_Error  !!!
20200909 144158.488 INFO             PET0 !!!!!!!!!!!!!!!!!!!!!!!!!!!!!!!!!!!!!!!!!!!!!!!!!!!!!!
20200909 144158.488 INFO             PET0 Running with ESMF Version   : ESMF_8_1_0_beta_snapshot_27-60-g1b38836031
20200909 144158.488 INFO             PET0 ESMF library build date/time: "Sep  9 2020" "14:30:52"
20200909 144158.488 INFO             PET0 ESMF library build location : /glade/scratch/himanshu/scripts_dir/daily/intel_cheyenne/esmf
20200909 144158.488 INFO             PET0 ESMF_COMM                   : mpt
20200909 144158.489 INFO             PET0 ESMF_NETCDF                 : disabled
20200909 144158.489 INFO             PET0 ESMF_PNETCDF                : disabled
20200909 144158.489 INFO             PET0 ESMF_PIO                    : enabled
20200909 144158.489 INFO             PET0 ESMF_YAMLCPP                : enabled
20200909 144158.489 INFO             PET0 ESMF_MOAB                   : enabled
20200909 144158.489 INFO             PET0 Finalizing ESMF
20200909 144158.569 INFO             PET0 !!!!!!!!!!!!!!!!!!!!!!!!!!!!!!!!!!!!!!!!!!!!!!!!!!!!!!
20200909 144158.569 INFO             PET0 !!! THE ESMF_LOG IS SET TO OUTPUT ALL LOG MESSAGES !!!
20200909 144158.569 INFO             PET0 !!!     THIS MAY CAUSE SLOWDOWN IN PERFORMANCE     !!!
20200909 144158.569 INFO             PET0 !!! FOR PRODUCTION RUNS, USE:                      !!!
20200909 144158.569 INFO             PET0 !!!                   ESMF_LOGKIND_Multi_On_Error  !!!
20200909 144158.569 INFO             PET0 !!!!!!!!!!!!!!!!!!!!!!!!!!!!!!!!!!!!!!!!!!!!!!!!!!!!!!
20200909 144158.569 INFO             PET0 Running with ESMF Version   : ESMF_8_1_0_beta_snapshot_27-60-g1b38836031
20200909 144158.569 INFO             PET0 ESMF library build date/time: "Sep  9 2020" "14:30:52"
20200909 144158.569 INFO             PET0 ESMF library build location : /glade/scratch/himanshu/scripts_dir/daily/intel_cheyenne/esmf
20200909 144158.569 INFO             PET0 ESMF_COMM                   : mpt
20200909 144158.569 INFO             PET0 ESMF_NETCDF                 : disabled
20200909 144158.569 INFO             PET0 ESMF_PNETCDF                : disabled
20200909 144158.569 INFO             PET0 ESMF_PIO                    : enabled
20200909 144158.569 INFO             PET0 ESMF_YAMLCPP                : enabled
20200909 144158.569 INFO             PET0 ESMF_MOAB                   : enabled
20200909 144158.574 INFO             PET0 Finalizing ESMF
