20200821 223037.851 INFO             PET1 !!!!!!!!!!!!!!!!!!!!!!!!!!!!!!!!!!!!!!!!!!!!!!!!!!!!!!
20200821 223037.851 INFO             PET1 !!! THE ESMF_LOG IS SET TO OUTPUT ALL LOG MESSAGES !!!
20200821 223037.851 INFO             PET1 !!!     THIS MAY CAUSE SLOWDOWN IN PERFORMANCE     !!!
20200821 223037.851 INFO             PET1 !!! FOR PRODUCTION RUNS, USE:                      !!!
20200821 223037.851 INFO             PET1 !!!                   ESMF_LOGKIND_Multi_On_Error  !!!
20200821 223037.851 INFO             PET1 !!!!!!!!!!!!!!!!!!!!!!!!!!!!!!!!!!!!!!!!!!!!!!!!!!!!!!
20200821 223037.851 INFO             PET1 Running with ESMF Version   : ESMF_8_1_0_beta_snapshot_26-20-gc467564eb1
20200821 223037.851 INFO             PET1 ESMF library build date/time: "Aug 21 2020" "22:18:35"
20200821 223037.851 INFO             PET1 ESMF library build location : /glade/scratch/himanshu/scripts_dir/daily/intel_cheyenne/esmf
20200821 223037.851 INFO             PET1 ESMF_COMM                   : mpt
20200821 223037.851 INFO             PET1 ESMF_NETCDF                 : disabled
20200821 223037.851 INFO             PET1 ESMF_PNETCDF                : disabled
20200821 223037.851 INFO             PET1 ESMF_PIO                    : enabled
20200821 223037.851 INFO             PET1 ESMF_YAMLCPP                : enabled
20200821 223037.851 INFO             PET1 ESMF_MOAB                   : enabled
20200821 223037.852 INFO             PET1 Finalizing ESMF
20200821 223037.928 INFO             PET1 !!!!!!!!!!!!!!!!!!!!!!!!!!!!!!!!!!!!!!!!!!!!!!!!!!!!!!
20200821 223037.928 INFO             PET1 !!! THE ESMF_LOG IS SET TO OUTPUT ALL LOG MESSAGES !!!
20200821 223037.928 INFO             PET1 !!!     THIS MAY CAUSE SLOWDOWN IN PERFORMANCE     !!!
20200821 223037.928 INFO             PET1 !!! FOR PRODUCTION RUNS, USE:                      !!!
20200821 223037.928 INFO             PET1 !!!                   ESMF_LOGKIND_Multi_On_Error  !!!
20200821 223037.928 INFO             PET1 !!!!!!!!!!!!!!!!!!!!!!!!!!!!!!!!!!!!!!!!!!!!!!!!!!!!!!
20200821 223037.928 INFO             PET1 Running with ESMF Version   : ESMF_8_1_0_beta_snapshot_26-20-gc467564eb1
20200821 223037.928 INFO             PET1 ESMF library build date/time: "Aug 21 2020" "22:18:35"
20200821 223037.928 INFO             PET1 ESMF library build location : /glade/scratch/himanshu/scripts_dir/daily/intel_cheyenne/esmf
20200821 223037.928 INFO             PET1 ESMF_COMM                   : mpt
20200821 223037.928 INFO             PET1 ESMF_NETCDF                 : disabled
20200821 223037.928 INFO             PET1 ESMF_PNETCDF                : disabled
20200821 223037.928 INFO             PET1 ESMF_PIO                    : enabled
20200821 223037.928 INFO             PET1 ESMF_YAMLCPP                : enabled
20200821 223037.928 INFO             PET1 ESMF_MOAB                   : enabled
20200821 223037.928 INFO             PET1 Finalizing ESMF
20200821 223038.007 INFO             PET1 !!!!!!!!!!!!!!!!!!!!!!!!!!!!!!!!!!!!!!!!!!!!!!!!!!!!!!
20200821 223038.007 INFO             PET1 !!! THE ESMF_LOG IS SET TO OUTPUT ALL LOG MESSAGES !!!
20200821 223038.007 INFO             PET1 !!!     THIS MAY CAUSE SLOWDOWN IN PERFORMANCE     !!!
20200821 223038.007 INFO             PET1 !!! FOR PRODUCTION RUNS, USE:                      !!!
20200821 223038.007 INFO             PET1 !!!                   ESMF_LOGKIND_Multi_On_Error  !!!
20200821 223038.007 INFO             PET1 !!!!!!!!!!!!!!!!!!!!!!!!!!!!!!!!!!!!!!!!!!!!!!!!!!!!!!
20200821 223038.007 INFO             PET1 Running with ESMF Version   : ESMF_8_1_0_beta_snapshot_26-20-gc467564eb1
20200821 223038.007 INFO             PET1 ESMF library build date/time: "Aug 21 2020" "22:18:35"
20200821 223038.007 INFO             PET1 ESMF library build location : /glade/scratch/himanshu/scripts_dir/daily/intel_cheyenne/esmf
20200821 223038.007 INFO             PET1 ESMF_COMM                   : mpt
20200821 223038.007 INFO             PET1 ESMF_NETCDF                 : disabled
20200821 223038.007 INFO             PET1 ESMF_PNETCDF                : disabled
20200821 223038.007 INFO             PET1 ESMF_PIO                    : enabled
20200821 223038.007 INFO             PET1 ESMF_YAMLCPP                : enabled
20200821 223038.007 INFO             PET1 ESMF_MOAB                   : enabled
20200821 223038.012 INFO             PET1 Finalizing ESMF
