20200831 143638.137 INFO             PET2 !!!!!!!!!!!!!!!!!!!!!!!!!!!!!!!!!!!!!!!!!!!!!!!!!!!!!!
20200831 143638.137 INFO             PET2 !!! THE ESMF_LOG IS SET TO OUTPUT ALL LOG MESSAGES !!!
20200831 143638.137 INFO             PET2 !!!     THIS MAY CAUSE SLOWDOWN IN PERFORMANCE     !!!
20200831 143638.137 INFO             PET2 !!! FOR PRODUCTION RUNS, USE:                      !!!
20200831 143638.137 INFO             PET2 !!!                   ESMF_LOGKIND_Multi_On_Error  !!!
20200831 143638.137 INFO             PET2 !!!!!!!!!!!!!!!!!!!!!!!!!!!!!!!!!!!!!!!!!!!!!!!!!!!!!!
20200831 143638.137 INFO             PET2 Running with ESMF Version   : ESMF_8_1_0_beta_snapshot_26-46-ga9ff35efce
20200831 143638.137 INFO             PET2 ESMF library build date/time: "Aug 31 2020" "14:26:02"
20200831 143638.137 INFO             PET2 ESMF library build location : /glade/scratch/himanshu/scripts_dir/daily/intel_cheyenne/esmf
20200831 143638.137 INFO             PET2 ESMF_COMM                   : mpt
20200831 143638.137 INFO             PET2 ESMF_NETCDF                 : disabled
20200831 143638.137 INFO             PET2 ESMF_PNETCDF                : disabled
20200831 143638.137 INFO             PET2 ESMF_PIO                    : enabled
20200831 143638.137 INFO             PET2 ESMF_YAMLCPP                : enabled
20200831 143638.137 INFO             PET2 ESMF_MOAB                   : enabled
20200831 143638.137 INFO             PET2 Finalizing ESMF
20200831 143638.219 INFO             PET2 !!!!!!!!!!!!!!!!!!!!!!!!!!!!!!!!!!!!!!!!!!!!!!!!!!!!!!
20200831 143638.220 INFO             PET2 !!! THE ESMF_LOG IS SET TO OUTPUT ALL LOG MESSAGES !!!
20200831 143638.220 INFO             PET2 !!!     THIS MAY CAUSE SLOWDOWN IN PERFORMANCE     !!!
20200831 143638.220 INFO             PET2 !!! FOR PRODUCTION RUNS, USE:                      !!!
20200831 143638.220 INFO             PET2 !!!                   ESMF_LOGKIND_Multi_On_Error  !!!
20200831 143638.220 INFO             PET2 !!!!!!!!!!!!!!!!!!!!!!!!!!!!!!!!!!!!!!!!!!!!!!!!!!!!!!
20200831 143638.220 INFO             PET2 Running with ESMF Version   : ESMF_8_1_0_beta_snapshot_26-46-ga9ff35efce
20200831 143638.220 INFO             PET2 ESMF library build date/time: "Aug 31 2020" "14:26:02"
20200831 143638.220 INFO             PET2 ESMF library build location : /glade/scratch/himanshu/scripts_dir/daily/intel_cheyenne/esmf
20200831 143638.220 INFO             PET2 ESMF_COMM                   : mpt
20200831 143638.220 INFO             PET2 ESMF_NETCDF                 : disabled
20200831 143638.220 INFO             PET2 ESMF_PNETCDF                : disabled
20200831 143638.220 INFO             PET2 ESMF_PIO                    : enabled
20200831 143638.220 INFO             PET2 ESMF_YAMLCPP                : enabled
20200831 143638.220 INFO             PET2 ESMF_MOAB                   : enabled
20200831 143638.220 INFO             PET2 Finalizing ESMF
20200831 143638.301 INFO             PET2 !!!!!!!!!!!!!!!!!!!!!!!!!!!!!!!!!!!!!!!!!!!!!!!!!!!!!!
20200831 143638.301 INFO             PET2 !!! THE ESMF_LOG IS SET TO OUTPUT ALL LOG MESSAGES !!!
20200831 143638.301 INFO             PET2 !!!     THIS MAY CAUSE SLOWDOWN IN PERFORMANCE     !!!
20200831 143638.301 INFO             PET2 !!! FOR PRODUCTION RUNS, USE:                      !!!
20200831 143638.301 INFO             PET2 !!!                   ESMF_LOGKIND_Multi_On_Error  !!!
20200831 143638.301 INFO             PET2 !!!!!!!!!!!!!!!!!!!!!!!!!!!!!!!!!!!!!!!!!!!!!!!!!!!!!!
20200831 143638.301 INFO             PET2 Running with ESMF Version   : ESMF_8_1_0_beta_snapshot_26-46-ga9ff35efce
20200831 143638.301 INFO             PET2 ESMF library build date/time: "Aug 31 2020" "14:26:02"
20200831 143638.301 INFO             PET2 ESMF library build location : /glade/scratch/himanshu/scripts_dir/daily/intel_cheyenne/esmf
20200831 143638.301 INFO             PET2 ESMF_COMM                   : mpt
20200831 143638.302 INFO             PET2 ESMF_NETCDF                 : disabled
20200831 143638.302 INFO             PET2 ESMF_PNETCDF                : disabled
20200831 143638.302 INFO             PET2 ESMF_PIO                    : enabled
20200831 143638.302 INFO             PET2 ESMF_YAMLCPP                : enabled
20200831 143638.302 INFO             PET2 ESMF_MOAB                   : enabled
20200831 143638.304 INFO             PET2 Finalizing ESMF
