20210223 042342.556 INFO             PET0 !!!!!!!!!!!!!!!!!!!!!!!!!!!!!!!!!!!!!!!!!!!!!!!!!!!!!!
20210223 042342.556 INFO             PET0 !!! THE ESMF_LOG IS SET TO OUTPUT ALL LOG MESSAGES !!!
20210223 042342.556 INFO             PET0 !!!     THIS MAY CAUSE SLOWDOWN IN PERFORMANCE     !!!
20210223 042342.556 INFO             PET0 !!! FOR PRODUCTION RUNS, USE:                      !!!
20210223 042342.556 INFO             PET0 !!!                   ESMF_LOGKIND_Multi_On_Error  !!!
20210223 042342.556 INFO             PET0 !!!!!!!!!!!!!!!!!!!!!!!!!!!!!!!!!!!!!!!!!!!!!!!!!!!!!!
20210223 042342.556 INFO             PET0 Running with ESMF Version   : ESMF_8_1_0_beta_snapshot_47
20210223 042342.556 INFO             PET0 ESMF library build date/time: "Feb 23 2021" "03:55:09"
20210223 042342.556 INFO             PET0 ESMF library build location : /project/esmf/himanshu/esmf_test/cronjobs/release_8.1.0/intel/esmf
20210223 042342.556 INFO             PET0 ESMF_COMM                   : mpiuni
20210223 042342.557 INFO             PET0 ESMF_MOAB                   : enabled
20210223 042342.557 INFO             PET0 ESMF_LAPACK                 : enabled
20210223 042342.557 INFO             PET0 ESMF_NETCDF                 : enabled
20210223 042342.557 INFO             PET0 ESMF_PNETCDF                : disabled
20210223 042342.557 INFO             PET0 ESMF_PIO                    : disabled
20210223 042342.557 INFO             PET0 ESMF_YAMLCPP                : enabled
20210223 042342.557 INFO             PET0  NUMBER_OF_PROCESSORS           1
20210223 042342.557 INFO             PET0  PASS  Example ESMF_VMUserMpiCommMultiEx, ESMF_VMUserMpiCommMultiEx.F90, line 126
20210223 042342.557 INFO             PET0 Finalizing ESMF
Tue Feb 23 08:49:12 MST 2021
