20201218 190024.385 INFO             PET0 !!!!!!!!!!!!!!!!!!!!!!!!!!!!!!!!!!!!!!!!!!!!!!!!!!!!!!
20201218 190024.385 INFO             PET0 !!! THE ESMF_LOG IS SET TO OUTPUT ALL LOG MESSAGES !!!
20201218 190024.385 INFO             PET0 !!!     THIS MAY CAUSE SLOWDOWN IN PERFORMANCE     !!!
20201218 190024.385 INFO             PET0 !!! FOR PRODUCTION RUNS, USE:                      !!!
20201218 190024.385 INFO             PET0 !!!                   ESMF_LOGKIND_Multi_On_Error  !!!
20201218 190024.385 INFO             PET0 !!!!!!!!!!!!!!!!!!!!!!!!!!!!!!!!!!!!!!!!!!!!!!!!!!!!!!
20201218 190024.385 INFO             PET0 Running with ESMF Version   : ESMF_8_1_0_beta_snapshot_39-1-g8da6495848
20201218 190024.385 INFO             PET0 ESMF library build date/time: "Dec 18 2020" "18:11:08"
20201218 190024.385 INFO             PET0 ESMF library build location : /project/esmf/himanshu/ESMF-Testing-PGI/esmf
20201218 190024.385 INFO             PET0 ESMF_COMM                   : mpiuni
20201218 190024.386 INFO             PET0 ESMF_NETCDF                 : enabled
20201218 190024.386 INFO             PET0 ESMF_PNETCDF                : disabled
20201218 190024.386 INFO             PET0 ESMF_PIO                    : disabled
20201218 190024.386 INFO             PET0 ESMF_YAMLCPP                : enabled
20201218 190024.386 INFO             PET0 ESMF_MOAB                   : enabled
20201218 190024.386 INFO             PET0 Log Write 2
20201218 190024.386 ERROR            PET0 Invalid object  - Convergence failure
20201218 190024.386 ERROR            PET0 ESMCI_Fraction.C:1444 ESMCI::Fraction::validate() must have non-zero denominator.
20201218 190024.386 ERROR            PET0 ESMCI_Time.C:838 ESMCI::Time::syncToRealTime() Wrong argument specified  - ; calkindflag is JULIANDAY, MODJULIANDAY or NOCALENDAR.
20201218 190024.386 ERROR            PET0 ESMF_Time.F90:1485 ESMF_TimeSyncToRealTime() Wrong argument specified  - Internal subroutine call returned Error
20201218 190024.386 ERROR            PET0 Wrong argument specified  - getting wall clock time
20201218 190024.388 INFO             PET0  NUMBER_OF_PROCESSORS            1
20201218 190024.388 INFO             PET0  PASS  Example ESMF_LogErrEx, ESMF_LogErrEx.F90, line 186
20201218 190024.388 INFO             PET0 Finalizing ESMF
Fri Dec 18 20:19:01 MST 2020
