20210224 145439.646 INFO             PET0 !!!!!!!!!!!!!!!!!!!!!!!!!!!!!!!!!!!!!!!!!!!!!!!!!!!!!!
20210224 145439.647 INFO             PET0 !!! THE ESMF_LOG IS SET TO OUTPUT ALL LOG MESSAGES !!!
20210224 145439.647 INFO             PET0 !!!     THIS MAY CAUSE SLOWDOWN IN PERFORMANCE     !!!
20210224 145439.647 INFO             PET0 !!! FOR PRODUCTION RUNS, USE:                      !!!
20210224 145439.647 INFO             PET0 !!!                   ESMF_LOGKIND_Multi_On_Error  !!!
20210224 145439.647 INFO             PET0 !!!!!!!!!!!!!!!!!!!!!!!!!!!!!!!!!!!!!!!!!!!!!!!!!!!!!!
20210224 145439.647 INFO             PET0 Running with ESMF Version   : ESMF_8_2_0_beta_snapshot_00
20210224 145439.647 INFO             PET0 ESMF library build date/time: "Feb 24 2021" "14:02:50"
20210224 145439.647 INFO             PET0 ESMF library build location : /project/esmf/himanshu/ESMF-Testing-PGI/esmf
20210224 145439.647 INFO             PET0 ESMF_COMM                   : mpiuni
20210224 145439.647 INFO             PET0 ESMF_MOAB                   : enabled
20210224 145439.647 INFO             PET0 ESMF_LAPACK                 : enabled
20210224 145439.647 INFO             PET0 ESMF_NETCDF                 : enabled
20210224 145439.647 INFO             PET0 ESMF_PNETCDF                : disabled
20210224 145439.647 INFO             PET0 ESMF_PIO                    : disabled
20210224 145439.647 INFO             PET0 ESMF_YAMLCPP                : enabled
20210224 145439.651 INFO             PET0  NUMBER_OF_PROCESSORS            1
20210224 145439.651 INFO             PET0  PASS  Example ESMF_ConfigOverviewEx, ESMF_ConfigOverviewEx.F90, line 415
20210224 145439.651 INFO             PET0 Finalizing ESMF
Thu Feb 25 04:10:25 MST 2021
