20210221 203837.925 INFO             PET0 !!!!!!!!!!!!!!!!!!!!!!!!!!!!!!!!!!!!!!!!!!!!!!!!!!!!!!
20210221 203837.925 INFO             PET0 !!! THE ESMF_LOG IS SET TO OUTPUT ALL LOG MESSAGES !!!
20210221 203837.925 INFO             PET0 !!!     THIS MAY CAUSE SLOWDOWN IN PERFORMANCE     !!!
20210221 203837.925 INFO             PET0 !!! FOR PRODUCTION RUNS, USE:                      !!!
20210221 203837.925 INFO             PET0 !!!                   ESMF_LOGKIND_Multi_On_Error  !!!
20210221 203837.925 INFO             PET0 !!!!!!!!!!!!!!!!!!!!!!!!!!!!!!!!!!!!!!!!!!!!!!!!!!!!!!
20210221 203837.925 INFO             PET0 Running with ESMF Version   : ESMF_8_2_0_beta_snapshot_00
20210221 203837.925 INFO             PET0 ESMF library build date/time: "Feb 21 2021" "19:48:02"
20210221 203837.925 INFO             PET0 ESMF library build location : /project/esmf/himanshu/ESMF-Testing-PGI/esmf
20210221 203837.925 INFO             PET0 ESMF_COMM                   : mpiuni
20210221 203837.925 INFO             PET0 ESMF_MOAB                   : enabled
20210221 203837.925 INFO             PET0 ESMF_LAPACK                 : enabled
20210221 203837.925 INFO             PET0 ESMF_NETCDF                 : enabled
20210221 203837.925 INFO             PET0 ESMF_PNETCDF                : disabled
20210221 203837.925 INFO             PET0 ESMF_PIO                    : disabled
20210221 203837.925 INFO             PET0 ESMF_YAMLCPP                : enabled
20210221 203837.926 INFO             PET0  NUMBER_OF_PROCESSORS            1
20210221 203837.926 INFO             PET0  PASS  Example ESMF_ArraySpecEx, ESMF_ArraySpecEx.F90, line 96
20210221 203837.926 INFO             PET0 Finalizing ESMF
Mon Feb 22 04:51:37 MST 2021
