20201114 011435.940 INFO             PET0 !!!!!!!!!!!!!!!!!!!!!!!!!!!!!!!!!!!!!!!!!!!!!!!!!!!!!!
20201114 011435.940 INFO             PET0 !!! THE ESMF_LOG IS SET TO OUTPUT ALL LOG MESSAGES !!!
20201114 011435.940 INFO             PET0 !!!     THIS MAY CAUSE SLOWDOWN IN PERFORMANCE     !!!
20201114 011435.940 INFO             PET0 !!! FOR PRODUCTION RUNS, USE:                      !!!
20201114 011435.940 INFO             PET0 !!!                   ESMF_LOGKIND_Multi_On_Error  !!!
20201114 011435.940 INFO             PET0 !!!!!!!!!!!!!!!!!!!!!!!!!!!!!!!!!!!!!!!!!!!!!!!!!!!!!!
20201114 011435.940 INFO             PET0 Running with ESMF Version   : ESMF_8_1_0_beta_snapshot_36-35-g260dae2aea
20201114 011435.940 INFO             PET0 ESMF library build date/time: "Nov 14 2020" "01:11:34"
20201114 011435.940 INFO             PET0 ESMF library build location : /glade/scratch/himanshu/scripts_dir/daily/gfortran_cheyenne/esmf
20201114 011435.940 INFO             PET0 ESMF_COMM                   : mpich3
20201114 011435.940 INFO             PET0 ESMF_NETCDF                 : disabled
20201114 011435.940 INFO             PET0 ESMF_PNETCDF                : disabled
20201114 011435.940 INFO             PET0 ESMF_PIO                    : enabled
20201114 011435.940 INFO             PET0 ESMF_YAMLCPP                : enabled
20201114 011435.940 INFO             PET0 ESMF_MOAB                   : enabled
20201114 011435.941 INFO             PET0 Finalizing ESMF
20201114 011435.966 INFO             PET0 !!!!!!!!!!!!!!!!!!!!!!!!!!!!!!!!!!!!!!!!!!!!!!!!!!!!!!
20201114 011435.966 INFO             PET0 !!! THE ESMF_LOG IS SET TO OUTPUT ALL LOG MESSAGES !!!
20201114 011435.966 INFO             PET0 !!!     THIS MAY CAUSE SLOWDOWN IN PERFORMANCE     !!!
20201114 011435.966 INFO             PET0 !!! FOR PRODUCTION RUNS, USE:                      !!!
20201114 011435.966 INFO             PET0 !!!                   ESMF_LOGKIND_Multi_On_Error  !!!
20201114 011435.966 INFO             PET0 !!!!!!!!!!!!!!!!!!!!!!!!!!!!!!!!!!!!!!!!!!!!!!!!!!!!!!
20201114 011435.966 INFO             PET0 Running with ESMF Version   : ESMF_8_1_0_beta_snapshot_36-35-g260dae2aea
20201114 011435.966 INFO             PET0 ESMF library build date/time: "Nov 14 2020" "01:11:34"
20201114 011435.966 INFO             PET0 ESMF library build location : /glade/scratch/himanshu/scripts_dir/daily/gfortran_cheyenne/esmf
20201114 011435.966 INFO             PET0 ESMF_COMM                   : mpich3
20201114 011435.966 INFO             PET0 ESMF_NETCDF                 : disabled
20201114 011435.966 INFO             PET0 ESMF_PNETCDF                : disabled
20201114 011435.966 INFO             PET0 ESMF_PIO                    : enabled
20201114 011435.966 INFO             PET0 ESMF_YAMLCPP                : enabled
20201114 011435.966 INFO             PET0 ESMF_MOAB                   : enabled
20201114 011435.966 INFO             PET0 Finalizing ESMF
20201114 011435.988 INFO             PET0 !!!!!!!!!!!!!!!!!!!!!!!!!!!!!!!!!!!!!!!!!!!!!!!!!!!!!!
20201114 011435.988 INFO             PET0 !!! THE ESMF_LOG IS SET TO OUTPUT ALL LOG MESSAGES !!!
20201114 011435.988 INFO             PET0 !!!     THIS MAY CAUSE SLOWDOWN IN PERFORMANCE     !!!
20201114 011435.988 INFO             PET0 !!! FOR PRODUCTION RUNS, USE:                      !!!
20201114 011435.988 INFO             PET0 !!!                   ESMF_LOGKIND_Multi_On_Error  !!!
20201114 011435.988 INFO             PET0 !!!!!!!!!!!!!!!!!!!!!!!!!!!!!!!!!!!!!!!!!!!!!!!!!!!!!!
20201114 011435.988 INFO             PET0 Running with ESMF Version   : ESMF_8_1_0_beta_snapshot_36-35-g260dae2aea
20201114 011435.989 INFO             PET0 ESMF library build date/time: "Nov 14 2020" "01:11:34"
20201114 011435.989 INFO             PET0 ESMF library build location : /glade/scratch/himanshu/scripts_dir/daily/gfortran_cheyenne/esmf
20201114 011435.989 INFO             PET0 ESMF_COMM                   : mpich3
20201114 011435.989 INFO             PET0 ESMF_NETCDF                 : disabled
20201114 011435.989 INFO             PET0 ESMF_PNETCDF                : disabled
20201114 011435.989 INFO             PET0 ESMF_PIO                    : enabled
20201114 011435.989 INFO             PET0 ESMF_YAMLCPP                : enabled
20201114 011435.989 INFO             PET0 ESMF_MOAB                   : enabled
20201114 011435.991 INFO             PET0 Finalizing ESMF
Sat Nov 14 05:51:11 MST 2020
