20210212 095701.622 INFO             PET3 !!!!!!!!!!!!!!!!!!!!!!!!!!!!!!!!!!!!!!!!!!!!!!!!!!!!!!
20210212 095701.622 INFO             PET3 !!! THE ESMF_LOG IS SET TO OUTPUT ALL LOG MESSAGES !!!
20210212 095701.622 INFO             PET3 !!!     THIS MAY CAUSE SLOWDOWN IN PERFORMANCE     !!!
20210212 095701.622 INFO             PET3 !!! FOR PRODUCTION RUNS, USE:                      !!!
20210212 095701.622 INFO             PET3 !!!                   ESMF_LOGKIND_Multi_On_Error  !!!
20210212 095701.622 INFO             PET3 !!!!!!!!!!!!!!!!!!!!!!!!!!!!!!!!!!!!!!!!!!!!!!!!!!!!!!
20210212 095701.622 INFO             PET3 Running with ESMF Version   : ESMF_8_1_0_beta_snapshot_44-71-g5a2c3f2e38
20210212 095701.622 INFO             PET3 ESMF library build date/time: "Feb 12 2021" "09:53:59"
20210212 095701.622 INFO             PET3 ESMF library build location : /glade/scratch/himanshu/scripts_dir/daily/gfortran_cheyenne/esmf
20210212 095701.622 INFO             PET3 ESMF_COMM                   : mpich3
20210212 095701.622 INFO             PET3 ESMF_MOAB                   : enabled
20210212 095701.622 INFO             PET3 ESMF_LAPACK                 : enabled
20210212 095701.622 INFO             PET3 ESMF_NETCDF                 : disabled
20210212 095701.622 INFO             PET3 ESMF_PNETCDF                : disabled
20210212 095701.622 INFO             PET3 ESMF_PIO                    : enabled
20210212 095701.622 INFO             PET3 ESMF_YAMLCPP                : enabled
20210212 095701.623 INFO             PET3 Finalizing ESMF
20210212 095701.648 INFO             PET3 !!!!!!!!!!!!!!!!!!!!!!!!!!!!!!!!!!!!!!!!!!!!!!!!!!!!!!
20210212 095701.648 INFO             PET3 !!! THE ESMF_LOG IS SET TO OUTPUT ALL LOG MESSAGES !!!
20210212 095701.648 INFO             PET3 !!!     THIS MAY CAUSE SLOWDOWN IN PERFORMANCE     !!!
20210212 095701.648 INFO             PET3 !!! FOR PRODUCTION RUNS, USE:                      !!!
20210212 095701.648 INFO             PET3 !!!                   ESMF_LOGKIND_Multi_On_Error  !!!
20210212 095701.648 INFO             PET3 !!!!!!!!!!!!!!!!!!!!!!!!!!!!!!!!!!!!!!!!!!!!!!!!!!!!!!
20210212 095701.648 INFO             PET3 Running with ESMF Version   : ESMF_8_1_0_beta_snapshot_44-71-g5a2c3f2e38
20210212 095701.648 INFO             PET3 ESMF library build date/time: "Feb 12 2021" "09:53:59"
20210212 095701.648 INFO             PET3 ESMF library build location : /glade/scratch/himanshu/scripts_dir/daily/gfortran_cheyenne/esmf
20210212 095701.648 INFO             PET3 ESMF_COMM                   : mpich3
20210212 095701.648 INFO             PET3 ESMF_MOAB                   : enabled
20210212 095701.648 INFO             PET3 ESMF_LAPACK                 : enabled
20210212 095701.648 INFO             PET3 ESMF_NETCDF                 : disabled
20210212 095701.648 INFO             PET3 ESMF_PNETCDF                : disabled
20210212 095701.648 INFO             PET3 ESMF_PIO                    : enabled
20210212 095701.648 INFO             PET3 ESMF_YAMLCPP                : enabled
20210212 095701.648 INFO             PET3 Finalizing ESMF
20210212 095701.672 INFO             PET3 !!!!!!!!!!!!!!!!!!!!!!!!!!!!!!!!!!!!!!!!!!!!!!!!!!!!!!
20210212 095701.672 INFO             PET3 !!! THE ESMF_LOG IS SET TO OUTPUT ALL LOG MESSAGES !!!
20210212 095701.672 INFO             PET3 !!!     THIS MAY CAUSE SLOWDOWN IN PERFORMANCE     !!!
20210212 095701.672 INFO             PET3 !!! FOR PRODUCTION RUNS, USE:                      !!!
20210212 095701.672 INFO             PET3 !!!                   ESMF_LOGKIND_Multi_On_Error  !!!
20210212 095701.672 INFO             PET3 !!!!!!!!!!!!!!!!!!!!!!!!!!!!!!!!!!!!!!!!!!!!!!!!!!!!!!
20210212 095701.672 INFO             PET3 Running with ESMF Version   : ESMF_8_1_0_beta_snapshot_44-71-g5a2c3f2e38
20210212 095701.672 INFO             PET3 ESMF library build date/time: "Feb 12 2021" "09:53:59"
20210212 095701.672 INFO             PET3 ESMF library build location : /glade/scratch/himanshu/scripts_dir/daily/gfortran_cheyenne/esmf
20210212 095701.672 INFO             PET3 ESMF_COMM                   : mpich3
20210212 095701.674 INFO             PET3 ESMF_MOAB                   : enabled
20210212 095701.674 INFO             PET3 ESMF_LAPACK                 : enabled
20210212 095701.674 INFO             PET3 ESMF_NETCDF                 : disabled
20210212 095701.674 INFO             PET3 ESMF_PNETCDF                : disabled
20210212 095701.674 INFO             PET3 ESMF_PIO                    : enabled
20210212 095701.674 INFO             PET3 ESMF_YAMLCPP                : enabled
20210212 095701.675 INFO             PET3 Finalizing ESMF
Fri Feb 12 14:29:18 MST 2021
