20201006 051409.330 INFO             PET3 !!!!!!!!!!!!!!!!!!!!!!!!!!!!!!!!!!!!!!!!!!!!!!!!!!!!!!
20201006 051409.330 INFO             PET3 !!! THE ESMF_LOG IS SET TO OUTPUT ALL LOG MESSAGES !!!
20201006 051409.330 INFO             PET3 !!!     THIS MAY CAUSE SLOWDOWN IN PERFORMANCE     !!!
20201006 051409.330 INFO             PET3 !!! FOR PRODUCTION RUNS, USE:                      !!!
20201006 051409.330 INFO             PET3 !!!                   ESMF_LOGKIND_Multi_On_Error  !!!
20201006 051409.330 INFO             PET3 !!!!!!!!!!!!!!!!!!!!!!!!!!!!!!!!!!!!!!!!!!!!!!!!!!!!!!
20201006 051409.330 INFO             PET3 Running with ESMF Version   : ESMF_8_1_0_beta_snapshot_32
20201006 051409.330 INFO             PET3 ESMF library build date/time: "Oct  6 2020" "05:11:17"
20201006 051409.330 INFO             PET3 ESMF library build location : /glade/scratch/himanshu/scripts_dir/daily/gfortran_cheyenne/esmf
20201006 051409.330 INFO             PET3 ESMF_COMM                   : mpich3
20201006 051409.330 INFO             PET3 ESMF_NETCDF                 : disabled
20201006 051409.330 INFO             PET3 ESMF_PNETCDF                : disabled
20201006 051409.330 INFO             PET3 ESMF_PIO                    : enabled
20201006 051409.330 INFO             PET3 ESMF_YAMLCPP                : enabled
20201006 051409.330 INFO             PET3 ESMF_MOAB                   : enabled
20201006 051409.331 INFO             PET3 Finalizing ESMF
20201006 051409.356 INFO             PET3 !!!!!!!!!!!!!!!!!!!!!!!!!!!!!!!!!!!!!!!!!!!!!!!!!!!!!!
20201006 051409.356 INFO             PET3 !!! THE ESMF_LOG IS SET TO OUTPUT ALL LOG MESSAGES !!!
20201006 051409.356 INFO             PET3 !!!     THIS MAY CAUSE SLOWDOWN IN PERFORMANCE     !!!
20201006 051409.356 INFO             PET3 !!! FOR PRODUCTION RUNS, USE:                      !!!
20201006 051409.356 INFO             PET3 !!!                   ESMF_LOGKIND_Multi_On_Error  !!!
20201006 051409.356 INFO             PET3 !!!!!!!!!!!!!!!!!!!!!!!!!!!!!!!!!!!!!!!!!!!!!!!!!!!!!!
20201006 051409.356 INFO             PET3 Running with ESMF Version   : ESMF_8_1_0_beta_snapshot_32
20201006 051409.356 INFO             PET3 ESMF library build date/time: "Oct  6 2020" "05:11:17"
20201006 051409.356 INFO             PET3 ESMF library build location : /glade/scratch/himanshu/scripts_dir/daily/gfortran_cheyenne/esmf
20201006 051409.356 INFO             PET3 ESMF_COMM                   : mpich3
20201006 051409.357 INFO             PET3 ESMF_NETCDF                 : disabled
20201006 051409.357 INFO             PET3 ESMF_PNETCDF                : disabled
20201006 051409.357 INFO             PET3 ESMF_PIO                    : enabled
20201006 051409.357 INFO             PET3 ESMF_YAMLCPP                : enabled
20201006 051409.357 INFO             PET3 ESMF_MOAB                   : enabled
20201006 051409.357 INFO             PET3 Finalizing ESMF
20201006 051409.381 INFO             PET3 !!!!!!!!!!!!!!!!!!!!!!!!!!!!!!!!!!!!!!!!!!!!!!!!!!!!!!
20201006 051409.381 INFO             PET3 !!! THE ESMF_LOG IS SET TO OUTPUT ALL LOG MESSAGES !!!
20201006 051409.381 INFO             PET3 !!!     THIS MAY CAUSE SLOWDOWN IN PERFORMANCE     !!!
20201006 051409.381 INFO             PET3 !!! FOR PRODUCTION RUNS, USE:                      !!!
20201006 051409.381 INFO             PET3 !!!                   ESMF_LOGKIND_Multi_On_Error  !!!
20201006 051409.381 INFO             PET3 !!!!!!!!!!!!!!!!!!!!!!!!!!!!!!!!!!!!!!!!!!!!!!!!!!!!!!
20201006 051409.381 INFO             PET3 Running with ESMF Version   : ESMF_8_1_0_beta_snapshot_32
20201006 051409.381 INFO             PET3 ESMF library build date/time: "Oct  6 2020" "05:11:17"
20201006 051409.381 INFO             PET3 ESMF library build location : /glade/scratch/himanshu/scripts_dir/daily/gfortran_cheyenne/esmf
20201006 051409.381 INFO             PET3 ESMF_COMM                   : mpich3
20201006 051409.381 INFO             PET3 ESMF_NETCDF                 : disabled
20201006 051409.381 INFO             PET3 ESMF_PNETCDF                : disabled
20201006 051409.381 INFO             PET3 ESMF_PIO                    : enabled
20201006 051409.381 INFO             PET3 ESMF_YAMLCPP                : enabled
20201006 051409.381 INFO             PET3 ESMF_MOAB                   : enabled
20201006 051409.384 INFO             PET3 Finalizing ESMF
