 
Installing ESMF:
 
mkdir -p /project/esmf/himanshu/esmf_test/cronjobs/daily/gfortran/install_dir/include
cp -f /project/esmf/himanshu/esmf_test/cronjobs/daily/gfortran/esmf/src/include/ESMC.h /project/esmf/himanshu/esmf_test/cronjobs/daily/gfortran/install_dir/include
cp -f /project/esmf/himanshu/esmf_test/cronjobs/daily/gfortran/esmf/src/include/ESMC_*.h /project/esmf/himanshu/esmf_test/cronjobs/daily/gfortran/install_dir/include
cp -f /project/esmf/himanshu/esmf_test/cronjobs/daily/gfortran/esmf/build_config/Darwin.gfortran.default/ESMC_Conf.h /project/esmf/himanshu/esmf_test/cronjobs/daily/gfortran/install_dir/include
mkdir -p /project/esmf/himanshu/esmf_test/cronjobs/daily/gfortran/install_dir/mod/modg/Darwin.gfortran.64.mpiuni.default
cp -f /project/esmf/himanshu/esmf_test/cronjobs/daily/gfortran/esmf/mod/modg/Darwin.gfortran.64.mpiuni.default/*.mod /project/esmf/himanshu/esmf_test/cronjobs/daily/gfortran/install_dir/mod/modg/Darwin.gfortran.64.mpiuni.default
mkdir -p /project/esmf/himanshu/esmf_test/cronjobs/daily/gfortran/install_dir/lib/libg/Darwin.gfortran.64.mpiuni.default
cp -f /project/esmf/himanshu/esmf_test/cronjobs/daily/gfortran/esmf/lib/libg/Darwin.gfortran.64.mpiuni.default/libesmf*.* /project/esmf/himanshu/esmf_test/cronjobs/daily/gfortran/install_dir/lib/libg/Darwin.gfortran.64.mpiuni.default
ranlib /project/esmf/himanshu/esmf_test/cronjobs/daily/gfortran/install_dir/lib/libg/Darwin.gfortran.64.mpiuni.default/libesmf*.a
/Library/Developer/CommandLineTools/usr/bin/ranlib: file: /project/esmf/himanshu/esmf_test/cronjobs/daily/gfortran/install_dir/lib/libg/Darwin.gfortran.64.mpiuni.default/libesmf.a(ESMF.o) has no symbols
/Library/Developer/CommandLineTools/usr/bin/ranlib: file: /project/esmf/himanshu/esmf_test/cronjobs/daily/gfortran/install_dir/lib/libg/Darwin.gfortran.64.mpiuni.default/libesmf.a(ESMF_LocalArray.o) has no symbols
/Library/Developer/CommandLineTools/usr/bin/ranlib: file: /project/esmf/himanshu/esmf_test/cronjobs/daily/gfortran/install_dir/lib/libg/Darwin.gfortran.64.mpiuni.default/libesmf.a(ESMF_LogPublic.o) has no symbols
/Library/Developer/CommandLineTools/usr/bin/ranlib: file: /project/esmf/himanshu/esmf_test/cronjobs/daily/gfortran/install_dir/lib/libg/Darwin.gfortran.64.mpiuni.default/libesmf.a(ESMF_State.o) has no symbols
/Library/Developer/CommandLineTools/usr/bin/ranlib: file: /project/esmf/himanshu/esmf_test/cronjobs/daily/gfortran/install_dir/lib/libg/Darwin.gfortran.64.mpiuni.default/libesmf.a(NUOPC.o) has no symbols
/Library/Developer/CommandLineTools/usr/bin/ranlib: file: /project/esmf/himanshu/esmf_test/cronjobs/daily/gfortran/install_dir/lib/libg/Darwin.gfortran.64.mpiuni.default/libesmf.a(phg_comm.o) has no symbols
/Library/Developer/CommandLineTools/usr/bin/make install_apps
mkdir -p /project/esmf/himanshu/esmf_test/cronjobs/daily/gfortran/install_dir/bin/bing/Darwin.gfortran.64.mpiuni.default
/Library/Developer/CommandLineTools/usr/bin/make build_apps ESMF_APPSDIR=/project/esmf/himanshu/esmf_test/cronjobs/daily/gfortran/install_dir/bin/bing/Darwin.gfortran.64.mpiuni.default ESMF_LDIR=/project/esmf/himanshu/esmf_test/cronjobs/daily/gfortran/install_dir/lib/libg/Darwin.gfortran.64.mpiuni.default ESMF_LIBDIR=/project/esmf/himanshu/esmf_test/cronjobs/daily/gfortran/install_dir/lib/libg/Darwin.gfortran.64.mpiuni.default ESMF_MODDIR=/project/esmf/himanshu/esmf_test/cronjobs/daily/gfortran/install_dir/mod/modg/Darwin.gfortran.64.mpiuni.default
cd /project/esmf/himanshu/esmf_test/cronjobs/daily/gfortran/esmf/src/apps; /Library/Developer/CommandLineTools/usr/bin/make ACTION=tree_build_apps tree
tree_build_apps in: /project/esmf/himanshu/esmf_test/cronjobs/daily/gfortran/esmf/src/apps/ESMF_Info
/Library/Developer/CommandLineTools/usr/bin/make chkdir_locobj
Making directory /project/esmf/himanshu/esmf_test/cronjobs/daily/gfortran/esmf/obj/objg/Darwin.gfortran.64.mpiuni.default/src/apps/ESMF_Info for apps output
gfortran-10 -c -fallow-argument-mismatch -fallow-invalid-boz -g -Wall -Wno-unused -Wno-unused-dummy-argument -fbacktrace -fbounds-check   -m64 -mcmodel=small -ffree-line-length-none  -fopenmp  -I/project/esmf/himanshu/esmf_test/cronjobs/daily/gfortran/esmf/build_config/Darwin.gfortran.default -I/project/esmf/himanshu/esmf_test/cronjobs/daily/gfortran/esmf/src/Infrastructure -I/project/esmf/himanshu/esmf_test/cronjobs/daily/gfortran/esmf/src/Superstructure -I/project/esmf/himanshu/esmf_test/cronjobs/daily/gfortran/install_dir/mod/modg/Darwin.gfortran.64.mpiuni.default -I/project/esmf/himanshu/esmf_test/cronjobs/daily/gfortran/esmf/src/include -I/project/esmf/himanshu/GCC/Homebrew/10.1.0/netcdf/4.7.4/include -I/project/esmf/himanshu/GCC/Homebrew/10.1.0/netcdf/4.7.4/include  -DESMF_NO_INTEGER_1_BYTE -DESMF_NO_INTEGER_2_BYTE -DESMFVERSIONGIT='"ESMF_8_1_0_beta_snapshot_43-7-g6898621ee0"' -DESMF_MOAB=1 -DESMF_LAPACK=1 -DESMF_LAPACK_INTERNAL=1 -DESMF_NO_ACC_SOFTWARE_STACK=1 -DESMF_NETCDF=1 -DESMF_YAMLCPP=1 -DESMF_YAML=1 -DESMF_NO_PTHREADS -DESMF_NO_OPENACC -DESMF_TESTEXHAUSTIVE -DESMF_BOPT_g -DESMF_TESTCOMPTUNNEL -DESMF_TESTWITHTHREADS -DSx86_64_small=1 -DESMF_OS_Darwin=1 -DESMF_COMM=mpiuni -DESMF_DIR=/project/esmf/himanshu/esmf_test/cronjobs/daily/gfortran/esmf -DESMF_MPIUNI ESMF_Info.F90 -o /project/esmf/himanshu/esmf_test/cronjobs/daily/gfortran/esmf/obj/objg/Darwin.gfortran.64.mpiuni.default/src/apps/ESMF_Info/ESMF_Info.o
/Library/Developer/CommandLineTools/usr/bin/make chkdir_apps
gfortran-10     -m64 -mcmodel=small  -fopenmp -L/project/esmf/himanshu/esmf_test/cronjobs/daily/gfortran/install_dir/lib/libg/Darwin.gfortran.64.mpiuni.default -L/project/esmf/himanshu/GCC/Homebrew/10.1.0/netcdf/4.7.4/lib -L/project/esmf/himanshu/GCC/Homebrew/10.1.0/netcdf/4.7.4/lib -L/usr/local/Cellar/gcc/10.1.0/lib/gcc/10/gcc/x86_64-apple-darwin18/10.1.0/../../../  -o /project/esmf/himanshu/esmf_test/cronjobs/daily/gfortran/install_dir/bin/bing/Darwin.gfortran.64.mpiuni.default/ESMF_Info /project/esmf/himanshu/esmf_test/cronjobs/daily/gfortran/esmf/obj/objg/Darwin.gfortran.64.mpiuni.default/src/apps/ESMF_Info/ESMF_Info.o -lesmf  -lstdc++ -lnetcdf -lnetcdff
tree_build_apps in: /project/esmf/himanshu/esmf_test/cronjobs/daily/gfortran/esmf/src/apps/ESMF_InfoC
/Library/Developer/CommandLineTools/usr/bin/make chkdir_locobj
Making directory /project/esmf/himanshu/esmf_test/cronjobs/daily/gfortran/esmf/obj/objg/Darwin.gfortran.64.mpiuni.default/src/apps/ESMF_InfoC for apps output
g++-10 -c -std=c++11 -g -Wall -Wextra -Wno-unused  -DESMF_LOWERCASE_SINGLEUNDERSCORE -m64 -mcmodel=small  -fopenmp -I/project/esmf/himanshu/esmf_test/cronjobs/daily/gfortran/esmf/src/apps/ESMF_InfoC -I/project/esmf/himanshu/esmf_test/cronjobs/daily/gfortran/esmf/src/apps/ESMF_InfoC/../include -I/project/esmf/himanshu/esmf_test/cronjobs/daily/gfortran/esmf/build_config/Darwin.gfortran.default -I/project/esmf/himanshu/esmf_test/cronjobs/daily/gfortran/esmf/src/Infrastructure -I/project/esmf/himanshu/esmf_test/cronjobs/daily/gfortran/esmf/src/Superstructure -I/project/esmf/himanshu/esmf_test/cronjobs/daily/gfortran/esmf/src/Infrastructure/stubs/pthread  -I/project/esmf/himanshu/esmf_test/cronjobs/daily/gfortran/esmf/src/include  -I/project/esmf/himanshu/GCC/Homebrew/10.1.0/netcdf/4.7.4/include -I/project/esmf/himanshu/esmf_test/cronjobs/daily/gfortran/esmf/src/Infrastructure/stubs/mpiuni -I/project/esmf/himanshu/esmf_test/cronjobs/daily/gfortran/esmf/src/prologue/yaml-cpp/include -DESMF_NO_INTEGER_1_BYTE -DESMF_NO_INTEGER_2_BYTE -DESMFVERSIONGIT='"ESMF_8_1_0_beta_snapshot_43-7-g6898621ee0"' -DESMF_MOAB=1 -DESMF_LAPACK=1 -DESMF_LAPACK_INTERNAL=1 -DESMF_NO_ACC_SOFTWARE_STACK=1 -DESMF_NETCDF=1 -DESMF_YAMLCPP=1 -DESMF_YAML=1 -DESMF_NO_PTHREADS -DESMF_NO_OPENACC -DESMF_TESTEXHAUSTIVE -DESMF_BOPT_g -DESMF_TESTCOMPTUNNEL -DESMF_TESTWITHTHREADS -DSx86_64_small=1 -DESMF_OS_Darwin=1 -DESMF_COMM=mpiuni -DESMF_DIR=/project/esmf/himanshu/esmf_test/cronjobs/daily/gfortran/esmf -D__SDIR__='"src/apps/ESMF_InfoC"' -DESMF_CXXSTD=11 -DESMF_MPIUNI ESMF_InfoC.c -o /project/esmf/himanshu/esmf_test/cronjobs/daily/gfortran/esmf/obj/objg/Darwin.gfortran.64.mpiuni.default/src/apps/ESMF_InfoC/ESMF_InfoC.o
/Library/Developer/CommandLineTools/usr/bin/make chkdir_apps
g++-10    -m64 -mcmodel=small  -fopenmp -L/project/esmf/himanshu/esmf_test/cronjobs/daily/gfortran/install_dir/lib/libg/Darwin.gfortran.64.mpiuni.default -L/project/esmf/himanshu/GCC/Homebrew/10.1.0/netcdf/4.7.4/lib -L/project/esmf/himanshu/GCC/Homebrew/10.1.0/netcdf/4.7.4/lib -L/usr/local/Cellar/gcc/10.1.0/lib/gcc/10/gcc/x86_64-apple-darwin18/10.1.0/../../../  -o /project/esmf/himanshu/esmf_test/cronjobs/daily/gfortran/install_dir/bin/bing/Darwin.gfortran.64.mpiuni.default/ESMF_InfoC /project/esmf/himanshu/esmf_test/cronjobs/daily/gfortran/esmf/obj/objg/Darwin.gfortran.64.mpiuni.default/src/apps/ESMF_InfoC/ESMF_InfoC.o -lesmf  -lgfortran -lnetcdf -lnetcdff
tree_build_apps in: /project/esmf/himanshu/esmf_test/cronjobs/daily/gfortran/esmf/src/apps/ESMF_RegridWeightGen
/Library/Developer/CommandLineTools/usr/bin/make chkdir_locobj
Making directory /project/esmf/himanshu/esmf_test/cronjobs/daily/gfortran/esmf/obj/objg/Darwin.gfortran.64.mpiuni.default/src/apps/ESMF_RegridWeightGen for apps output
gfortran-10 -c -fallow-argument-mismatch -fallow-invalid-boz -g -Wall -Wno-unused -Wno-unused-dummy-argument -fbacktrace -fbounds-check   -m64 -mcmodel=small -ffree-line-length-none  -fopenmp  -I/project/esmf/himanshu/esmf_test/cronjobs/daily/gfortran/esmf/build_config/Darwin.gfortran.default -I/project/esmf/himanshu/esmf_test/cronjobs/daily/gfortran/esmf/src/Infrastructure -I/project/esmf/himanshu/esmf_test/cronjobs/daily/gfortran/esmf/src/Superstructure -I/project/esmf/himanshu/esmf_test/cronjobs/daily/gfortran/install_dir/mod/modg/Darwin.gfortran.64.mpiuni.default -I/project/esmf/himanshu/esmf_test/cronjobs/daily/gfortran/esmf/src/include -I/project/esmf/himanshu/GCC/Homebrew/10.1.0/netcdf/4.7.4/include -I/project/esmf/himanshu/GCC/Homebrew/10.1.0/netcdf/4.7.4/include  -DESMF_NO_INTEGER_1_BYTE -DESMF_NO_INTEGER_2_BYTE -DESMFVERSIONGIT='"ESMF_8_1_0_beta_snapshot_43-7-g6898621ee0"' -DESMF_MOAB=1 -DESMF_LAPACK=1 -DESMF_LAPACK_INTERNAL=1 -DESMF_NO_ACC_SOFTWARE_STACK=1 -DESMF_NETCDF=1 -DESMF_YAMLCPP=1 -DESMF_YAML=1 -DESMF_NO_PTHREADS -DESMF_NO_OPENACC -DESMF_TESTEXHAUSTIVE -DESMF_BOPT_g -DESMF_TESTCOMPTUNNEL -DESMF_TESTWITHTHREADS -DSx86_64_small=1 -DESMF_OS_Darwin=1 -DESMF_COMM=mpiuni -DESMF_DIR=/project/esmf/himanshu/esmf_test/cronjobs/daily/gfortran/esmf -DESMF_MPIUNI ESMF_RegridWeightGen.F90 -o /project/esmf/himanshu/esmf_test/cronjobs/daily/gfortran/esmf/obj/objg/Darwin.gfortran.64.mpiuni.default/src/apps/ESMF_RegridWeightGen/ESMF_RegridWeightGen.o
/Library/Developer/CommandLineTools/usr/bin/make chkdir_apps
gfortran-10     -m64 -mcmodel=small  -fopenmp -L/project/esmf/himanshu/esmf_test/cronjobs/daily/gfortran/install_dir/lib/libg/Darwin.gfortran.64.mpiuni.default -L/project/esmf/himanshu/GCC/Homebrew/10.1.0/netcdf/4.7.4/lib -L/project/esmf/himanshu/GCC/Homebrew/10.1.0/netcdf/4.7.4/lib -L/usr/local/Cellar/gcc/10.1.0/lib/gcc/10/gcc/x86_64-apple-darwin18/10.1.0/../../../  -o /project/esmf/himanshu/esmf_test/cronjobs/daily/gfortran/install_dir/bin/bing/Darwin.gfortran.64.mpiuni.default/ESMF_RegridWeightGen /project/esmf/himanshu/esmf_test/cronjobs/daily/gfortran/esmf/obj/objg/Darwin.gfortran.64.mpiuni.default/src/apps/ESMF_RegridWeightGen/ESMF_RegridWeightGen.o -lesmf  -lstdc++ -lnetcdf -lnetcdff
tree_build_apps in: /project/esmf/himanshu/esmf_test/cronjobs/daily/gfortran/esmf/src/apps/ESMF_WebServController
/Library/Developer/CommandLineTools/usr/bin/make chkdir_locobj
Making directory /project/esmf/himanshu/esmf_test/cronjobs/daily/gfortran/esmf/obj/objg/Darwin.gfortran.64.mpiuni.default/src/apps/ESMF_WebServController for apps output
g++-10 -c -std=c++11 -g -Wall -Wextra -Wno-unused  -DESMF_LOWERCASE_SINGLEUNDERSCORE -m64 -mcmodel=small  -fopenmp -I/project/esmf/himanshu/esmf_test/cronjobs/daily/gfortran/esmf/src/apps/ESMF_WebServController -I/project/esmf/himanshu/esmf_test/cronjobs/daily/gfortran/esmf/src/apps/ESMF_WebServController/../include -I/project/esmf/himanshu/esmf_test/cronjobs/daily/gfortran/esmf/build_config/Darwin.gfortran.default -I/project/esmf/himanshu/esmf_test/cronjobs/daily/gfortran/esmf/src/Infrastructure -I/project/esmf/himanshu/esmf_test/cronjobs/daily/gfortran/esmf/src/Superstructure -I/project/esmf/himanshu/esmf_test/cronjobs/daily/gfortran/esmf/src/Infrastructure/stubs/pthread  -I/project/esmf/himanshu/esmf_test/cronjobs/daily/gfortran/esmf/src/include  -I/project/esmf/himanshu/GCC/Homebrew/10.1.0/netcdf/4.7.4/include -I/project/esmf/himanshu/esmf_test/cronjobs/daily/gfortran/esmf/src/Infrastructure/stubs/mpiuni -I/project/esmf/himanshu/esmf_test/cronjobs/daily/gfortran/esmf/src/prologue/yaml-cpp/include -DESMF_NO_INTEGER_1_BYTE -DESMF_NO_INTEGER_2_BYTE -DESMFVERSIONGIT='"ESMF_8_1_0_beta_snapshot_43-7-g6898621ee0"' -DESMF_MOAB=1 -DESMF_LAPACK=1 -DESMF_LAPACK_INTERNAL=1 -DESMF_NO_ACC_SOFTWARE_STACK=1 -DESMF_NETCDF=1 -DESMF_YAMLCPP=1 -DESMF_YAML=1 -DESMF_NO_PTHREADS -DESMF_NO_OPENACC -DESMF_TESTEXHAUSTIVE -DESMF_BOPT_g -DESMF_TESTCOMPTUNNEL -DESMF_TESTWITHTHREADS -DSx86_64_small=1 -DESMF_OS_Darwin=1 -DESMF_COMM=mpiuni -DESMF_DIR=/project/esmf/himanshu/esmf_test/cronjobs/daily/gfortran/esmf -D__SDIR__='"src/apps/ESMF_WebServController"' -DESMF_CXXSTD=11 -DESMF_MPIUNI ESMF_WebServController.C -o /project/esmf/himanshu/esmf_test/cronjobs/daily/gfortran/esmf/obj/objg/Darwin.gfortran.64.mpiuni.default/src/apps/ESMF_WebServController/ESMF_WebServController.o
/Library/Developer/CommandLineTools/usr/bin/make chkdir_apps
g++-10    -m64 -mcmodel=small  -fopenmp -L/project/esmf/himanshu/esmf_test/cronjobs/daily/gfortran/install_dir/lib/libg/Darwin.gfortran.64.mpiuni.default -L/project/esmf/himanshu/GCC/Homebrew/10.1.0/netcdf/4.7.4/lib -L/project/esmf/himanshu/GCC/Homebrew/10.1.0/netcdf/4.7.4/lib -L/usr/local/Cellar/gcc/10.1.0/lib/gcc/10/gcc/x86_64-apple-darwin18/10.1.0/../../../  -o /project/esmf/himanshu/esmf_test/cronjobs/daily/gfortran/install_dir/bin/bing/Darwin.gfortran.64.mpiuni.default/ESMF_WebServController /project/esmf/himanshu/esmf_test/cronjobs/daily/gfortran/esmf/obj/objg/Darwin.gfortran.64.mpiuni.default/src/apps/ESMF_WebServController/ESMF_WebServController.o -lesmf  -lgfortran -lnetcdf -lnetcdff
tree_build_apps in: /project/esmf/himanshu/esmf_test/cronjobs/daily/gfortran/esmf/src/apps/ESMF_Scrip2Unstruct
/Library/Developer/CommandLineTools/usr/bin/make chkdir_locobj
Making directory /project/esmf/himanshu/esmf_test/cronjobs/daily/gfortran/esmf/obj/objg/Darwin.gfortran.64.mpiuni.default/src/apps/ESMF_Scrip2Unstruct for apps output
g++-10 -c -std=c++11 -g -Wall -Wextra -Wno-unused  -DESMF_LOWERCASE_SINGLEUNDERSCORE -m64 -mcmodel=small  -fopenmp -I/project/esmf/himanshu/esmf_test/cronjobs/daily/gfortran/esmf/src/apps/ESMF_Scrip2Unstruct -I/project/esmf/himanshu/esmf_test/cronjobs/daily/gfortran/esmf/src/apps/ESMF_Scrip2Unstruct/../include -I/project/esmf/himanshu/esmf_test/cronjobs/daily/gfortran/esmf/build_config/Darwin.gfortran.default -I/project/esmf/himanshu/esmf_test/cronjobs/daily/gfortran/esmf/src/Infrastructure -I/project/esmf/himanshu/esmf_test/cronjobs/daily/gfortran/esmf/src/Superstructure -I/project/esmf/himanshu/esmf_test/cronjobs/daily/gfortran/esmf/src/Infrastructure/stubs/pthread  -I/project/esmf/himanshu/esmf_test/cronjobs/daily/gfortran/esmf/src/include  -I/project/esmf/himanshu/GCC/Homebrew/10.1.0/netcdf/4.7.4/include -I/project/esmf/himanshu/esmf_test/cronjobs/daily/gfortran/esmf/src/Infrastructure/stubs/mpiuni -I/project/esmf/himanshu/esmf_test/cronjobs/daily/gfortran/esmf/src/prologue/yaml-cpp/include -DESMF_NO_INTEGER_1_BYTE -DESMF_NO_INTEGER_2_BYTE -DESMFVERSIONGIT='"ESMF_8_1_0_beta_snapshot_43-7-g6898621ee0"' -DESMF_MOAB=1 -DESMF_LAPACK=1 -DESMF_LAPACK_INTERNAL=1 -DESMF_NO_ACC_SOFTWARE_STACK=1 -DESMF_NETCDF=1 -DESMF_YAMLCPP=1 -DESMF_YAML=1 -DESMF_NO_PTHREADS -DESMF_NO_OPENACC -DESMF_TESTEXHAUSTIVE -DESMF_BOPT_g -DESMF_TESTCOMPTUNNEL -DESMF_TESTWITHTHREADS -DSx86_64_small=1 -DESMF_OS_Darwin=1 -DESMF_COMM=mpiuni -DESMF_DIR=/project/esmf/himanshu/esmf_test/cronjobs/daily/gfortran/esmf -D__SDIR__='"src/apps/ESMF_Scrip2Unstruct"' -DESMF_CXXSTD=11 -DESMF_MPIUNI ESMF_Scrip2Unstruct.C -o /project/esmf/himanshu/esmf_test/cronjobs/daily/gfortran/esmf/obj/objg/Darwin.gfortran.64.mpiuni.default/src/apps/ESMF_Scrip2Unstruct/ESMF_Scrip2Unstruct.o
ESMF_Scrip2Unstruct.C: In function 'int main(int, char**)':
ESMF_Scrip2Unstruct.C:581:14: warning: comparison of integer expressions of different signedness: 'int' and 'size_t' {aka 'long unsigned int'} [-Wsign-compare]
  581 |   for (i=0; i<len; i++) {
      |             ~^~~~
ESMF_Scrip2Unstruct.C:592:19: warning: comparison of integer expressions of different signedness: 'int' and 'size_t' {aka 'long unsigned int'} [-Wsign-compare]
  592 |     for (i = 0; i < gcdim*gsdim; i++) {
      |                 ~~^~~~~~~~~~~~~
ESMF_Scrip2Unstruct.C:598:17: warning: comparison of integer expressions of different signedness: 'int' and 'size_t' {aka 'long unsigned int'} [-Wsign-compare]
  598 |   for (i = 0; i < gcdim*gsdim; i++) {
      |               ~~^~~~~~~~~~~~~
ESMF_Scrip2Unstruct.C:666:14: warning: comparison of integer expressions of different signedness: 'int' and 'size_t' {aka 'long unsigned int'} [-Wsign-compare]
  666 |   for (i=0; i<gcdim*gsdim; i++) {
      |             ~^~~~~~~~~~~~
ESMF_Scrip2Unstruct.C:693:14: warning: comparison of integer expressions of different signedness: 'int' and 'size_t' {aka 'long unsigned int'} [-Wsign-compare]
  693 |   for (i=0; i<gsdim; i++) {
      |             ~^~~~~~
ESMF_Scrip2Unstruct.C:698:16: warning: comparison of integer expressions of different signedness: 'int' and 'size_t' {aka 'long unsigned int'} [-Wsign-compare]
  698 |     for (j=1; j<gcdim; j++) {
      |               ~^~~~~~
ESMF_Scrip2Unstruct.C:724:20: warning: comparison of integer expressions of different signedness: 'int' and 'size_t' {aka 'long unsigned int'} [-Wsign-compare]
  724 |     for (j=count; j<gcdim; j++) {
      |                   ~^~~~~~
ESMF_Scrip2Unstruct.C:838:15: warning: comparison of integer expressions of different signedness: 'int' and 'size_t' {aka 'long unsigned int'} [-Wsign-compare]
  838 |    for (i=0; i<len; i++) {
      |              ~^~~~
ESMF_Scrip2Unstruct.C:849:17: warning: comparison of integer expressions of different signedness: 'int' and 'size_t' {aka 'long unsigned int'} [-Wsign-compare]
  849 |      for (i=0; i<gsdim; i++) {
      |                ~^~~~~~
ESMF_Scrip2Unstruct.C:856:17: warning: comparison of integer expressions of different signedness: 'int' and 'size_t' {aka 'long unsigned int'} [-Wsign-compare]
  856 |      for (i=0; i<gsdim; i++) {
      |                ~^~~~~~
ESMF_Scrip2Unstruct.C:869:17: warning: comparison of integer expressions of different signedness: 'int' and 'size_t' {aka 'long unsigned int'} [-Wsign-compare]
  869 |      for (i=0; i<gsdim; i++) {
      |                ~^~~~~~
ESMF_Scrip2Unstruct.C:875:17: warning: comparison of integer expressions of different signedness: 'int' and 'size_t' {aka 'long unsigned int'} [-Wsign-compare]
  875 |      for (i=0; i<gsdim; i++) {
      |                ~^~~~~~
ESMF_Scrip2Unstruct.C:946:16: warning: comparison of integer expressions of different signedness: 'int' and 'size_t' {aka 'long unsigned int'} [-Wsign-compare]
  946 |     for (i=0; i<gsdim; i++) {
      |               ~^~~~~~
ESMF_Scrip2Unstruct.C:957:16: warning: comparison of integer expressions of different signedness: 'int' and 'size_t' {aka 'long unsigned int'} [-Wsign-compare]
  957 |     for (i=0; i<gsdim; i++) {
      |               ~^~~~~~
ESMF_Scrip2Unstruct.C:967:16: warning: comparison of integer expressions of different signedness: 'int' and 'size_t' {aka 'long unsigned int'} [-Wsign-compare]
  967 |     for (i=0; i<len; i++) {
      |               ~^~~~
ESMF_Scrip2Unstruct.C:976:18: warning: comparison of integer expressions of different signedness: 'int' and 'size_t' {aka 'long unsigned int'} [-Wsign-compare]
  976 |       for (i=0; i<gsdim*2; i++) {
      |                 ~^~~~~~~~
ESMF_Scrip2Unstruct.C:992:20: warning: comparison of integer expressions of different signedness: 'int' and 'size_t' {aka 'long unsigned int'} [-Wsign-compare]
  992 |     for (i=0,k=0; i<gsdim; i++) {
      |                   ~^~~~~~
ESMF_Scrip2Unstruct.C:993:18: warning: comparison of integer expressions of different signedness: 'int' and 'size_t' {aka 'long unsigned int'} [-Wsign-compare]
  993 |       for (j=0; j<gcdim; j++,k++) {
      |                 ~^~~~~~
ESMF_Scrip2Unstruct.C:1082:17: warning: comparison of integer expressions of different signedness: 'int' and 'size_t' {aka 'long unsigned int'} [-Wsign-compare]
 1082 |      for (j=0; j<gsdim;j++) {
      |                ~^~~~~~
ESMF_Scrip2Unstruct.C:1089:18: warning: comparison of integer expressions of different signedness: 'int' and 'size_t' {aka 'long unsigned int'} [-Wsign-compare]
 1089 |      for (j=0;  j<gsdim;j++) {
      |                 ~^~~~~~
/Library/Developer/CommandLineTools/usr/bin/make chkdir_apps
g++-10    -m64 -mcmodel=small  -fopenmp -L/project/esmf/himanshu/esmf_test/cronjobs/daily/gfortran/install_dir/lib/libg/Darwin.gfortran.64.mpiuni.default -L/project/esmf/himanshu/GCC/Homebrew/10.1.0/netcdf/4.7.4/lib -L/project/esmf/himanshu/GCC/Homebrew/10.1.0/netcdf/4.7.4/lib -L/usr/local/Cellar/gcc/10.1.0/lib/gcc/10/gcc/x86_64-apple-darwin18/10.1.0/../../../  -o /project/esmf/himanshu/esmf_test/cronjobs/daily/gfortran/install_dir/bin/bing/Darwin.gfortran.64.mpiuni.default/ESMF_Scrip2Unstruct /project/esmf/himanshu/esmf_test/cronjobs/daily/gfortran/esmf/obj/objg/Darwin.gfortran.64.mpiuni.default/src/apps/ESMF_Scrip2Unstruct/ESMF_Scrip2Unstruct.o -lesmf  -lgfortran -lnetcdf -lnetcdff
tree_build_apps in: /project/esmf/himanshu/esmf_test/cronjobs/daily/gfortran/esmf/src/apps/ESMF_Regrid
/Library/Developer/CommandLineTools/usr/bin/make chkdir_locobj
Making directory /project/esmf/himanshu/esmf_test/cronjobs/daily/gfortran/esmf/obj/objg/Darwin.gfortran.64.mpiuni.default/src/apps/ESMF_Regrid for apps output
gfortran-10 -c -fallow-argument-mismatch -fallow-invalid-boz -g -Wall -Wno-unused -Wno-unused-dummy-argument -fbacktrace -fbounds-check   -m64 -mcmodel=small -ffree-line-length-none  -fopenmp  -I/project/esmf/himanshu/esmf_test/cronjobs/daily/gfortran/esmf/build_config/Darwin.gfortran.default -I/project/esmf/himanshu/esmf_test/cronjobs/daily/gfortran/esmf/src/Infrastructure -I/project/esmf/himanshu/esmf_test/cronjobs/daily/gfortran/esmf/src/Superstructure -I/project/esmf/himanshu/esmf_test/cronjobs/daily/gfortran/install_dir/mod/modg/Darwin.gfortran.64.mpiuni.default -I/project/esmf/himanshu/esmf_test/cronjobs/daily/gfortran/esmf/src/include -I/project/esmf/himanshu/GCC/Homebrew/10.1.0/netcdf/4.7.4/include -I/project/esmf/himanshu/GCC/Homebrew/10.1.0/netcdf/4.7.4/include  -DESMF_NO_INTEGER_1_BYTE -DESMF_NO_INTEGER_2_BYTE -DESMFVERSIONGIT='"ESMF_8_1_0_beta_snapshot_43-7-g6898621ee0"' -DESMF_MOAB=1 -DESMF_LAPACK=1 -DESMF_LAPACK_INTERNAL=1 -DESMF_NO_ACC_SOFTWARE_STACK=1 -DESMF_NETCDF=1 -DESMF_YAMLCPP=1 -DESMF_YAML=1 -DESMF_NO_PTHREADS -DESMF_NO_OPENACC -DESMF_TESTEXHAUSTIVE -DESMF_BOPT_g -DESMF_TESTCOMPTUNNEL -DESMF_TESTWITHTHREADS -DSx86_64_small=1 -DESMF_OS_Darwin=1 -DESMF_COMM=mpiuni -DESMF_DIR=/project/esmf/himanshu/esmf_test/cronjobs/daily/gfortran/esmf -DESMF_MPIUNI ESMF_Regrid.F90 -o /project/esmf/himanshu/esmf_test/cronjobs/daily/gfortran/esmf/obj/objg/Darwin.gfortran.64.mpiuni.default/src/apps/ESMF_Regrid/ESMF_Regrid.o
/Library/Developer/CommandLineTools/usr/bin/make chkdir_apps
gfortran-10     -m64 -mcmodel=small  -fopenmp -L/project/esmf/himanshu/esmf_test/cronjobs/daily/gfortran/install_dir/lib/libg/Darwin.gfortran.64.mpiuni.default -L/project/esmf/himanshu/GCC/Homebrew/10.1.0/netcdf/4.7.4/lib -L/project/esmf/himanshu/GCC/Homebrew/10.1.0/netcdf/4.7.4/lib -L/usr/local/Cellar/gcc/10.1.0/lib/gcc/10/gcc/x86_64-apple-darwin18/10.1.0/../../../  -o /project/esmf/himanshu/esmf_test/cronjobs/daily/gfortran/install_dir/bin/bing/Darwin.gfortran.64.mpiuni.default/ESMF_Regrid /project/esmf/himanshu/esmf_test/cronjobs/daily/gfortran/esmf/obj/objg/Darwin.gfortran.64.mpiuni.default/src/apps/ESMF_Regrid/ESMF_Regrid.o -lesmf  -lstdc++ -lnetcdf -lnetcdff
ESMF apps built successfully.
mkdir -p /project/esmf/himanshu/esmf_test/cronjobs/daily/gfortran/install_dir/doc
/Library/Developer/CommandLineTools/usr/bin/make install_info_mk
/Library/Developer/CommandLineTools/usr/bin/make info_mk ESMF_APPSDIR=/project/esmf/himanshu/esmf_test/cronjobs/daily/gfortran/install_dir/bin/bing/Darwin.gfortran.64.mpiuni.default ESMF_LDIR=/project/esmf/himanshu/esmf_test/cronjobs/daily/gfortran/install_dir/lib/libg/Darwin.gfortran.64.mpiuni.default ESMF_LIBDIR=/project/esmf/himanshu/esmf_test/cronjobs/daily/gfortran/install_dir/lib/libg/Darwin.gfortran.64.mpiuni.default ESMF_MODDIR=/project/esmf/himanshu/esmf_test/cronjobs/daily/gfortran/install_dir/mod/modg/Darwin.gfortran.64.mpiuni.default ESMF_INCDIR=/project/esmf/himanshu/esmf_test/cronjobs/daily/gfortran/install_dir/include
 
ESMF installation complete.
 
Mon Feb  1 17:29:42 MST 2021
