20210221 012000.740 INFO             PET0 !!!!!!!!!!!!!!!!!!!!!!!!!!!!!!!!!!!!!!!!!!!!!!!!!!!!!!
20210221 012000.741 INFO             PET0 !!! THE ESMF_LOG IS SET TO OUTPUT ALL LOG MESSAGES !!!
20210221 012000.741 INFO             PET0 !!!     THIS MAY CAUSE SLOWDOWN IN PERFORMANCE     !!!
20210221 012000.741 INFO             PET0 !!! FOR PRODUCTION RUNS, USE:                      !!!
20210221 012000.741 INFO             PET0 !!!                   ESMF_LOGKIND_Multi_On_Error  !!!
20210221 012000.741 INFO             PET0 !!!!!!!!!!!!!!!!!!!!!!!!!!!!!!!!!!!!!!!!!!!!!!!!!!!!!!
20210221 012000.741 INFO             PET0 Running with ESMF Version   : ESMF_8_1_0_beta_snapshot_47
20210221 012000.741 INFO             PET0 ESMF library build date/time: "Feb 21 2021" "01:16:45"
20210221 012000.741 INFO             PET0 ESMF library build location : /project/esmf/himanshu/esmf_test/cronjobs/release_8.1.0/gfortran/esmf
20210221 012000.741 INFO             PET0 ESMF_COMM                   : mpich3
20210221 012000.741 INFO             PET0 ESMF_MOAB                   : enabled
20210221 012000.741 INFO             PET0 ESMF_LAPACK                 : enabled
20210221 012000.741 INFO             PET0 ESMF_NETCDF                 : enabled
20210221 012000.741 INFO             PET0 ESMF_PNETCDF                : disabled
20210221 012000.741 INFO             PET0 ESMF_PIO                    : enabled
20210221 012000.741 INFO             PET0 ESMF_YAMLCPP                : enabled
20210221 012000.741 INFO             PET0 Finalizing ESMF
20210221 012000.745 INFO             PET0 !!!!!!!!!!!!!!!!!!!!!!!!!!!!!!!!!!!!!!!!!!!!!!!!!!!!!!
20210221 012000.746 INFO             PET0 !!! THE ESMF_LOG IS SET TO OUTPUT ALL LOG MESSAGES !!!
20210221 012000.746 INFO             PET0 !!!     THIS MAY CAUSE SLOWDOWN IN PERFORMANCE     !!!
20210221 012000.746 INFO             PET0 !!! FOR PRODUCTION RUNS, USE:                      !!!
20210221 012000.746 INFO             PET0 !!!                   ESMF_LOGKIND_Multi_On_Error  !!!
20210221 012000.746 INFO             PET0 !!!!!!!!!!!!!!!!!!!!!!!!!!!!!!!!!!!!!!!!!!!!!!!!!!!!!!
20210221 012000.746 INFO             PET0 Running with ESMF Version   : ESMF_8_1_0_beta_snapshot_47
20210221 012000.746 INFO             PET0 ESMF library build date/time: "Feb 21 2021" "01:16:45"
20210221 012000.746 INFO             PET0 ESMF library build location : /project/esmf/himanshu/esmf_test/cronjobs/release_8.1.0/gfortran/esmf
20210221 012000.746 INFO             PET0 ESMF_COMM                   : mpich3
20210221 012000.746 INFO             PET0 ESMF_MOAB                   : enabled
20210221 012000.746 INFO             PET0 ESMF_LAPACK                 : enabled
20210221 012000.746 INFO             PET0 ESMF_NETCDF                 : enabled
20210221 012000.746 INFO             PET0 ESMF_PNETCDF                : disabled
20210221 012000.746 INFO             PET0 ESMF_PIO                    : enabled
20210221 012000.746 INFO             PET0 ESMF_YAMLCPP                : enabled
20210221 012000.747 INFO             PET0 Finalizing ESMF
20210221 012000.749 INFO             PET0 !!!!!!!!!!!!!!!!!!!!!!!!!!!!!!!!!!!!!!!!!!!!!!!!!!!!!!
20210221 012000.749 INFO             PET0 !!! THE ESMF_LOG IS SET TO OUTPUT ALL LOG MESSAGES !!!
20210221 012000.749 INFO             PET0 !!!     THIS MAY CAUSE SLOWDOWN IN PERFORMANCE     !!!
20210221 012000.749 INFO             PET0 !!! FOR PRODUCTION RUNS, USE:                      !!!
20210221 012000.749 INFO             PET0 !!!                   ESMF_LOGKIND_Multi_On_Error  !!!
20210221 012000.749 INFO             PET0 !!!!!!!!!!!!!!!!!!!!!!!!!!!!!!!!!!!!!!!!!!!!!!!!!!!!!!
20210221 012000.749 INFO             PET0 Running with ESMF Version   : ESMF_8_1_0_beta_snapshot_47
20210221 012000.749 INFO             PET0 ESMF library build date/time: "Feb 21 2021" "01:16:45"
20210221 012000.749 INFO             PET0 ESMF library build location : /project/esmf/himanshu/esmf_test/cronjobs/release_8.1.0/gfortran/esmf
20210221 012000.749 INFO             PET0 ESMF_COMM                   : mpich3
20210221 012000.767 INFO             PET0 ESMF_MOAB                   : enabled
20210221 012000.767 INFO             PET0 ESMF_LAPACK                 : enabled
20210221 012000.767 INFO             PET0 ESMF_NETCDF                 : enabled
20210221 012000.767 INFO             PET0 ESMF_PNETCDF                : disabled
20210221 012000.767 INFO             PET0 ESMF_PIO                    : enabled
20210221 012000.767 INFO             PET0 ESMF_YAMLCPP                : enabled
20210221 012000.768 INFO             PET0 Finalizing ESMF
20210221 012000.770 INFO             PET0 !!!!!!!!!!!!!!!!!!!!!!!!!!!!!!!!!!!!!!!!!!!!!!!!!!!!!!
20210221 012000.770 INFO             PET0 !!! THE ESMF_LOG IS SET TO OUTPUT ALL LOG MESSAGES !!!
20210221 012000.770 INFO             PET0 !!!     THIS MAY CAUSE SLOWDOWN IN PERFORMANCE     !!!
20210221 012000.770 INFO             PET0 !!! FOR PRODUCTION RUNS, USE:                      !!!
20210221 012000.770 INFO             PET0 !!!                   ESMF_LOGKIND_Multi_On_Error  !!!
20210221 012000.770 INFO             PET0 !!!!!!!!!!!!!!!!!!!!!!!!!!!!!!!!!!!!!!!!!!!!!!!!!!!!!!
20210221 012000.770 INFO             PET0 Running with ESMF Version   : ESMF_8_1_0_beta_snapshot_47
20210221 012000.770 INFO             PET0 ESMF library build date/time: "Feb 21 2021" "01:16:45"
20210221 012000.770 INFO             PET0 ESMF library build location : /project/esmf/himanshu/esmf_test/cronjobs/release_8.1.0/gfortran/esmf
20210221 012000.770 INFO             PET0 ESMF_COMM                   : mpich3
20210221 012000.770 INFO             PET0 ESMF_MOAB                   : enabled
20210221 012000.770 INFO             PET0 ESMF_LAPACK                 : enabled
20210221 012000.770 INFO             PET0 ESMF_NETCDF                 : enabled
20210221 012000.770 INFO             PET0 ESMF_PNETCDF                : disabled
20210221 012000.770 INFO             PET0 ESMF_PIO                    : enabled
20210221 012000.770 INFO             PET0 ESMF_YAMLCPP                : enabled
20210221 012000.771 INFO             PET0 Finalizing ESMF
20210221 012000.963 INFO             PET0 !!!!!!!!!!!!!!!!!!!!!!!!!!!!!!!!!!!!!!!!!!!!!!!!!!!!!!
20210221 012000.963 INFO             PET0 !!! THE ESMF_LOG IS SET TO OUTPUT ALL LOG MESSAGES !!!
20210221 012000.963 INFO             PET0 !!!     THIS MAY CAUSE SLOWDOWN IN PERFORMANCE     !!!
20210221 012000.963 INFO             PET0 !!! FOR PRODUCTION RUNS, USE:                      !!!
20210221 012000.963 INFO             PET0 !!!                   ESMF_LOGKIND_Multi_On_Error  !!!
20210221 012000.963 INFO             PET0 !!!!!!!!!!!!!!!!!!!!!!!!!!!!!!!!!!!!!!!!!!!!!!!!!!!!!!
20210221 012000.963 INFO             PET0 Running with ESMF Version   : ESMF_8_1_0_beta_snapshot_47
20210221 012000.963 INFO             PET0 ESMF library build date/time: "Feb 21 2021" "01:16:45"
20210221 012000.963 INFO             PET0 ESMF library build location : /project/esmf/himanshu/esmf_test/cronjobs/release_8.1.0/gfortran/esmf
20210221 012000.963 INFO             PET0 ESMF_COMM                   : mpich3
20210221 012000.963 INFO             PET0 ESMF_MOAB                   : enabled
20210221 012000.963 INFO             PET0 ESMF_LAPACK                 : enabled
20210221 012000.963 INFO             PET0 ESMF_NETCDF                 : enabled
20210221 012000.963 INFO             PET0 ESMF_PNETCDF                : disabled
20210221 012000.963 INFO             PET0 ESMF_PIO                    : enabled
20210221 012000.963 INFO             PET0 ESMF_YAMLCPP                : enabled
20210221 012000.964 INFO             PET0 !!!!!!!!!!!!!!!!!!!!!!!!!!!!!!!!!!!!!!!!!!!!!!!!!!!!!!
20210221 012000.964 INFO             PET0 !!! THE ESMF_LOG IS SET TO OUTPUT ALL LOG MESSAGES !!!
20210221 012000.964 INFO             PET0 !!!     THIS MAY CAUSE SLOWDOWN IN PERFORMANCE     !!!
20210221 012000.964 INFO             PET0 !!! FOR PRODUCTION RUNS, USE:                      !!!
20210221 012000.964 INFO             PET0 !!!                   ESMF_LOGKIND_Multi_On_Error  !!!
20210221 012000.964 INFO             PET0 !!!!!!!!!!!!!!!!!!!!!!!!!!!!!!!!!!!!!!!!!!!!!!!!!!!!!!
20210221 012000.964 INFO             PET0 Running with ESMF Version   : ESMF_8_1_0_beta_snapshot_47
20210221 012000.964 INFO             PET0 ESMF library build date/time: "Feb 21 2021" "01:16:45"
20210221 012000.964 INFO             PET0 ESMF library build location : /project/esmf/himanshu/esmf_test/cronjobs/release_8.1.0/gfortran/esmf
20210221 012000.964 INFO             PET0 ESMF_COMM                   : mpich3
20210221 012000.965 INFO             PET0 ESMF_MOAB                   : enabled
20210221 012000.965 INFO             PET0 ESMF_LAPACK                 : enabled
20210221 012000.965 INFO             PET0 ESMF_NETCDF                 : enabled
20210221 012000.965 INFO             PET0 ESMF_PNETCDF                : disabled
20210221 012000.965 INFO             PET0 ESMF_PIO                    : enabled
20210221 012000.965 INFO             PET0 ESMF_YAMLCPP                : enabled
20210221 012000.965 INFO             PET0 Finalizing ESMF
20210221 012000.966 INFO             PET0 !!!!!!!!!!!!!!!!!!!!!!!!!!!!!!!!!!!!!!!!!!!!!!!!!!!!!!
20210221 012000.966 INFO             PET0 !!! THE ESMF_LOG IS SET TO OUTPUT ALL LOG MESSAGES !!!
20210221 012000.966 INFO             PET0 !!!     THIS MAY CAUSE SLOWDOWN IN PERFORMANCE     !!!
20210221 012000.966 INFO             PET0 !!! FOR PRODUCTION RUNS, USE:                      !!!
20210221 012000.966 INFO             PET0 !!!                   ESMF_LOGKIND_Multi_On_Error  !!!
20210221 012000.966 INFO             PET0 !!!!!!!!!!!!!!!!!!!!!!!!!!!!!!!!!!!!!!!!!!!!!!!!!!!!!!
20210221 012000.966 INFO             PET0 Running with ESMF Version   : ESMF_8_1_0_beta_snapshot_47
20210221 012000.966 INFO             PET0 ESMF library build date/time: "Feb 21 2021" "01:16:45"
20210221 012000.966 INFO             PET0 ESMF library build location : /project/esmf/himanshu/esmf_test/cronjobs/release_8.1.0/gfortran/esmf
20210221 012000.966 INFO             PET0 ESMF_COMM                   : mpich3
20210221 012000.967 INFO             PET0 ESMF_MOAB                   : enabled
20210221 012000.967 INFO             PET0 ESMF_LAPACK                 : enabled
20210221 012000.967 INFO             PET0 ESMF_NETCDF                 : enabled
20210221 012000.967 INFO             PET0 ESMF_PNETCDF                : disabled
20210221 012000.967 INFO             PET0 ESMF_PIO                    : enabled
20210221 012000.967 INFO             PET0 ESMF_YAMLCPP                : enabled
20210221 012000.967 INFO             PET0 Finalizing ESMF
20210221 012001.161 INFO             PET0 !!!!!!!!!!!!!!!!!!!!!!!!!!!!!!!!!!!!!!!!!!!!!!!!!!!!!!
20210221 012001.161 INFO             PET0 !!! THE ESMF_LOG IS SET TO OUTPUT ALL LOG MESSAGES !!!
20210221 012001.161 INFO             PET0 !!!     THIS MAY CAUSE SLOWDOWN IN PERFORMANCE     !!!
20210221 012001.161 INFO             PET0 !!! FOR PRODUCTION RUNS, USE:                      !!!
20210221 012001.161 INFO             PET0 !!!                   ESMF_LOGKIND_Multi_On_Error  !!!
20210221 012001.161 INFO             PET0 !!!!!!!!!!!!!!!!!!!!!!!!!!!!!!!!!!!!!!!!!!!!!!!!!!!!!!
20210221 012001.161 INFO             PET0 Running with ESMF Version   : ESMF_8_1_0_beta_snapshot_47
20210221 012001.161 INFO             PET0 ESMF library build date/time: "Feb 21 2021" "01:16:45"
20210221 012001.161 INFO             PET0 ESMF library build location : /project/esmf/himanshu/esmf_test/cronjobs/release_8.1.0/gfortran/esmf
20210221 012001.161 INFO             PET0 ESMF_COMM                   : mpich3
20210221 012001.162 INFO             PET0 ESMF_MOAB                   : enabled
20210221 012001.162 INFO             PET0 ESMF_LAPACK                 : enabled
20210221 012001.162 INFO             PET0 ESMF_NETCDF                 : enabled
20210221 012001.162 INFO             PET0 ESMF_PNETCDF                : disabled
20210221 012001.162 INFO             PET0 ESMF_PIO                    : enabled
20210221 012001.162 INFO             PET0 ESMF_YAMLCPP                : enabled
20210221 012001.162 INFO             PET0 Finalizing ESMF
20210221 012001.162 INFO             PET0 !!!!!!!!!!!!!!!!!!!!!!!!!!!!!!!!!!!!!!!!!!!!!!!!!!!!!!
20210221 012001.163 INFO             PET0 !!! THE ESMF_LOG IS SET TO OUTPUT ALL LOG MESSAGES !!!
20210221 012001.163 INFO             PET0 !!!     THIS MAY CAUSE SLOWDOWN IN PERFORMANCE     !!!
20210221 012001.163 INFO             PET0 !!! FOR PRODUCTION RUNS, USE:                      !!!
20210221 012001.163 INFO             PET0 !!!                   ESMF_LOGKIND_Multi_On_Error  !!!
20210221 012001.163 INFO             PET0 !!!!!!!!!!!!!!!!!!!!!!!!!!!!!!!!!!!!!!!!!!!!!!!!!!!!!!
20210221 012001.163 INFO             PET0 Running with ESMF Version   : ESMF_8_1_0_beta_snapshot_47
20210221 012001.163 INFO             PET0 ESMF library build date/time: "Feb 21 2021" "01:16:45"
20210221 012001.163 INFO             PET0 ESMF library build location : /project/esmf/himanshu/esmf_test/cronjobs/release_8.1.0/gfortran/esmf
20210221 012001.163 INFO             PET0 ESMF_COMM                   : mpich3
20210221 012001.163 INFO             PET0 ESMF_MOAB                   : enabled
20210221 012001.163 INFO             PET0 ESMF_LAPACK                 : enabled
20210221 012001.163 INFO             PET0 ESMF_NETCDF                 : enabled
20210221 012001.163 INFO             PET0 ESMF_PNETCDF                : disabled
20210221 012001.163 INFO             PET0 ESMF_PIO                    : enabled
20210221 012001.163 INFO             PET0 ESMF_YAMLCPP                : enabled
20210221 012001.164 INFO             PET0 Finalizing ESMF
20210221 012001.164 INFO             PET0 !!!!!!!!!!!!!!!!!!!!!!!!!!!!!!!!!!!!!!!!!!!!!!!!!!!!!!
20210221 012001.165 INFO             PET0 !!! THE ESMF_LOG IS SET TO OUTPUT ALL LOG MESSAGES !!!
20210221 012001.165 INFO             PET0 !!!     THIS MAY CAUSE SLOWDOWN IN PERFORMANCE     !!!
20210221 012001.165 INFO             PET0 !!! FOR PRODUCTION RUNS, USE:                      !!!
20210221 012001.165 INFO             PET0 !!!                   ESMF_LOGKIND_Multi_On_Error  !!!
20210221 012001.165 INFO             PET0 !!!!!!!!!!!!!!!!!!!!!!!!!!!!!!!!!!!!!!!!!!!!!!!!!!!!!!
20210221 012001.165 INFO             PET0 Running with ESMF Version   : ESMF_8_1_0_beta_snapshot_47
20210221 012001.165 INFO             PET0 ESMF library build date/time: "Feb 21 2021" "01:16:45"
20210221 012001.165 INFO             PET0 ESMF library build location : /project/esmf/himanshu/esmf_test/cronjobs/release_8.1.0/gfortran/esmf
20210221 012001.165 INFO             PET0 ESMF_COMM                   : mpich3
20210221 012001.165 INFO             PET0 ESMF_MOAB                   : enabled
20210221 012001.165 INFO             PET0 ESMF_LAPACK                 : enabled
20210221 012001.165 INFO             PET0 ESMF_NETCDF                 : enabled
20210221 012001.165 INFO             PET0 ESMF_PNETCDF                : disabled
20210221 012001.165 INFO             PET0 ESMF_PIO                    : enabled
20210221 012001.165 INFO             PET0 ESMF_YAMLCPP                : enabled
20210221 012001.165 INFO             PET0 Finalizing ESMF
Sun Feb 21 01:46:46 MST 2021
