20210223 034659.577 INFO             PET1 !!!!!!!!!!!!!!!!!!!!!!!!!!!!!!!!!!!!!!!!!!!!!!!!!!!!!!
20210223 034659.578 INFO             PET1 !!! THE ESMF_LOG IS SET TO OUTPUT ALL LOG MESSAGES !!!
20210223 034659.578 INFO             PET1 !!!     THIS MAY CAUSE SLOWDOWN IN PERFORMANCE     !!!
20210223 034659.578 INFO             PET1 !!! FOR PRODUCTION RUNS, USE:                      !!!
20210223 034659.578 INFO             PET1 !!!                   ESMF_LOGKIND_Multi_On_Error  !!!
20210223 034659.578 INFO             PET1 !!!!!!!!!!!!!!!!!!!!!!!!!!!!!!!!!!!!!!!!!!!!!!!!!!!!!!
20210223 034659.578 INFO             PET1 Running with ESMF Version   : ESMF_8_1_0_beta_snapshot_47
20210223 034659.578 INFO             PET1 ESMF library build date/time: "Feb 23 2021" "03:42:17"
20210223 034659.578 INFO             PET1 ESMF library build location : /project/esmf/bighorn_8.1.0/gfortran/esmf
20210223 034659.578 INFO             PET1 ESMF_COMM                   : mpich3
20210223 034659.578 INFO             PET1 ESMF_MOAB                   : enabled
20210223 034659.578 INFO             PET1 ESMF_LAPACK                 : enabled
20210223 034659.578 INFO             PET1 ESMF_NETCDF                 : disabled
20210223 034659.578 INFO             PET1 ESMF_PNETCDF                : disabled
20210223 034659.578 INFO             PET1 ESMF_PIO                    : enabled
20210223 034659.578 INFO             PET1 ESMF_YAMLCPP                : enabled
20210223 034659.579 INFO             PET1 Finalizing ESMF
20210223 034659.808 INFO             PET1 !!!!!!!!!!!!!!!!!!!!!!!!!!!!!!!!!!!!!!!!!!!!!!!!!!!!!!
20210223 034659.808 INFO             PET1 !!! THE ESMF_LOG IS SET TO OUTPUT ALL LOG MESSAGES !!!
20210223 034659.808 INFO             PET1 !!!     THIS MAY CAUSE SLOWDOWN IN PERFORMANCE     !!!
20210223 034659.808 INFO             PET1 !!! FOR PRODUCTION RUNS, USE:                      !!!
20210223 034659.808 INFO             PET1 !!!                   ESMF_LOGKIND_Multi_On_Error  !!!
20210223 034659.808 INFO             PET1 !!!!!!!!!!!!!!!!!!!!!!!!!!!!!!!!!!!!!!!!!!!!!!!!!!!!!!
20210223 034659.808 INFO             PET1 Running with ESMF Version   : ESMF_8_1_0_beta_snapshot_47
20210223 034659.808 INFO             PET1 ESMF library build date/time: "Feb 23 2021" "03:42:17"
20210223 034659.808 INFO             PET1 ESMF library build location : /project/esmf/bighorn_8.1.0/gfortran/esmf
20210223 034659.808 INFO             PET1 ESMF_COMM                   : mpich3
20210223 034659.808 INFO             PET1 ESMF_MOAB                   : enabled
20210223 034659.808 INFO             PET1 ESMF_LAPACK                 : enabled
20210223 034659.808 INFO             PET1 ESMF_NETCDF                 : disabled
20210223 034659.808 INFO             PET1 ESMF_PNETCDF                : disabled
20210223 034659.808 INFO             PET1 ESMF_PIO                    : enabled
20210223 034659.808 INFO             PET1 ESMF_YAMLCPP                : enabled
20210223 034659.835 INFO             PET1 Finalizing ESMF
20210223 034659.978 INFO             PET1 !!!!!!!!!!!!!!!!!!!!!!!!!!!!!!!!!!!!!!!!!!!!!!!!!!!!!!
20210223 034659.978 INFO             PET1 !!! THE ESMF_LOG IS SET TO OUTPUT ALL LOG MESSAGES !!!
20210223 034659.978 INFO             PET1 !!!     THIS MAY CAUSE SLOWDOWN IN PERFORMANCE     !!!
20210223 034659.978 INFO             PET1 !!! FOR PRODUCTION RUNS, USE:                      !!!
20210223 034659.978 INFO             PET1 !!!                   ESMF_LOGKIND_Multi_On_Error  !!!
20210223 034659.978 INFO             PET1 !!!!!!!!!!!!!!!!!!!!!!!!!!!!!!!!!!!!!!!!!!!!!!!!!!!!!!
20210223 034659.978 INFO             PET1 Running with ESMF Version   : ESMF_8_1_0_beta_snapshot_47
20210223 034659.978 INFO             PET1 ESMF library build date/time: "Feb 23 2021" "03:42:17"
20210223 034659.978 INFO             PET1 ESMF library build location : /project/esmf/bighorn_8.1.0/gfortran/esmf
20210223 034659.978 INFO             PET1 ESMF_COMM                   : mpich3
20210223 034659.978 INFO             PET1 ESMF_MOAB                   : enabled
20210223 034659.978 INFO             PET1 ESMF_LAPACK                 : enabled
20210223 034659.978 INFO             PET1 ESMF_NETCDF                 : disabled
20210223 034659.978 INFO             PET1 ESMF_PNETCDF                : disabled
20210223 034659.978 INFO             PET1 ESMF_PIO                    : enabled
20210223 034659.978 INFO             PET1 ESMF_YAMLCPP                : enabled
20210223 034659.979 INFO             PET1 Finalizing ESMF
Tue Feb 23 15:02:01 MST 2021
