 
--------------------------------------------------------------
ESMF_VERSION_STRING:    8.1.0 beta snapshot
ESMF_8_1_0_beta_snapshot_40-4-ga072c96c19
--------------------------------------------------------------
On branch develop
Your branch is up to date with 'origin/develop'.

Untracked files:
  (use "git add <file>..." to include in what will be committed)

	tmp

nothing added to commit but untracked files present (use "git add" to track)
--------------------------------------------------------------
 
--------------------------------------------------------------
Make version:
GNU Make 3.81
Copyright (C) 2006  Free Software Foundation, Inc.
This is free software; see the source for copying conditions.
There is NO warranty; not even for MERCHANTABILITY or FITNESS FOR A
PARTICULAR PURPOSE.

This program built for i386-apple-darwin11.3.0

--------------------------------------------------------------
Fortran Compiler version:
Intel(R) Fortran Intel(R) 64 Compiler for applications running on Intel(R) 64, Version 19.1.0.166 Build 20191121
Copyright (C) 1985-2019 Intel Corporation.  All rights reserved.


--------------------------------------------------------------
C++ Compiler version:
Apple LLVM version 10.0.1 (clang-1001.0.46.4)
Target: x86_64-apple-darwin18.7.0
Thread model: posix
InstalledDir: /Library/Developer/CommandLineTools/usr/bin

--------------------------------------------------------------
Preprocessor version:
Apple LLVM version 10.0.1 (clang-1001.0.46.4)
Target: x86_64-apple-darwin18.7.0
Thread model: posix
InstalledDir: /Library/Developer/CommandLineTools/usr/bin
--------------------------------------------------------------
NetCDF library version: netCDF 4.7.4
NetCDF Fortran version: netCDF-Fortran 4.5.3
 
--------------------------------------------------------------
 * User set ESMF environment variables *
cat: envecho.out: No such file or directory
 
--------------------------------------------------------------
 * ESMF environment variables *
ESMF_DIR: /project/esmf/himanshu/esmf_test/cronjobs/daily/intelclang/esmf
ESMF_OS:                Darwin
ESMF_MACHINE:           x86_64
ESMF_ABI:               64
ESMF_COMPILER:          intelclang
ESMF_BOPT:              g
ESMF_COMM:              mpiuni
ESMF_SITE:              default
ESMF_PTHREADS:          OFF
ESMF_OPENMP:            OFF
ESMF_OPENACC:           OFF
ESMF_CXXSTD:            11
ESMF_ARRAY_LITE:        FALSE
ESMF_NO_INTEGER_1_BYTE: TRUE
ESMF_NO_INTEGER_2_BYTE: TRUE
ESMF_FORTRANSYMBOLS:    default
ESMF_MAPPER_BUILD:      OFF
ESMF_AUTO_LIB_BUILD:    ON
ESMF_DEFER_LIB_BUILD:   ON
ESMF_SHARED_LIB_BUILD:  OFF
ESMF_TRACE_LIB_BUILD:   OFF
ESMF_TESTEXHAUSTIVE:    ON
ESMF_TESTCOMPTUNNEL:    ON
ESMF_TESTWITHTHREADS:   ON
ESMF_TESTMPMD:          OFF
ESMF_TESTSHAREDOBJ:     OFF
ESMF_TESTFORCEOPENMP:   OFF
ESMF_TESTFORCEOPENACC:  OFF
ESMF_TESTHARNESS_ARRAY: default
ESMF_TESTHARNESS_FIELD: default
ESMF_MPIRUN:            /project/esmf/himanshu/esmf_test/cronjobs/daily/intelclang/esmf/src/Infrastructure/stubs/mpiuni/mpirun
 
--------------------------------------------------------------
 * ESMF environment variables pointing to 3rd party software *
ESMF_MOAB:               internal
ESMF_LAPACK:             internal
ESMF_ACC_SOFTWARE_STACK: none
ESMF_NETCDF:             nc-config
ESMF_NETCDF_INCLUDE:     /project/esmf/Intel/19.1.0.166/netcdf/4.7.4/include
ESMF_NETCDF_LIBS:        -lnetcdf
ESMF_NETCDF_LIBPATH:     /project/esmf/Intel/19.1.0.166/netcdf/4.7.4/lib
ESMF_NFCONFIG:           nf-config
ESMF_NETCDFF_INCLUDE:    /project/esmf/Intel/19.1.0.166/netcdf/4.7.4/include
ESMF_NETCDFF_LIBS:       -lnetcdff
ESMF_NETCDFF_LIBPATH:    /project/esmf/Intel/19.1.0.166/netcdf/4.7.4/lib
ESMF_YAMLCPP:            internal
 
--------------------------------------------------------------
 * ESMF environment variables for final installation *
ESMF_INSTALL_PREFIX:    /project/esmf/himanshu/esmf_test/cronjobs/daily/intelclang/install_dir
ESMF_INSTALL_HEADERDIR: include
ESMF_INSTALL_MODDIR:    mod/modg/Darwin.intelclang.64.mpiuni.default
ESMF_INSTALL_LIBDIR:    lib/libg/Darwin.intelclang.64.mpiuni.default
ESMF_INSTALL_BINDIR:    bin/bing/Darwin.intelclang.64.mpiuni.default
ESMF_INSTALL_DOCDIR:    doc
 
--------------------------------------------------------------
 * ESMF Benchmark directory and parameters *
ESMF_BENCHMARK_PREFIX:         ./DEFAULTBENCHMARKDIR
ESMF_BENCHMARK_TOLERANCE:      20%
ESMF_BENCHMARK_THRESHOLD_MSEC: 500
 
--------------------------------------------------------------
 * Other relevant environment variables *
PATH:    /project/esmf/Intel/19.1.0.166/netcdf/4.7.4/bin:/project/esmf/Intel/19.1.0.166/bin:/project/esmf/Modules/bin:/home/himanshu/bin:/usr/local/bin:/usr/bin:/bin:/usr/sbin:/sbin:/opt/local/bin:/opt/local/sbin:/opt/X11/bin
LD_LIBRARY_PATH: 
 
--------------------------------------------------------------
 * Compilers, Linkers, Flags, and Libraries *
Location of the preprocessor:      /usr/bin/clang
Location of the Fortran compiler:  /project/esmf/Intel/19.1.0.166/bin/ifort
Location of the Fortran linker:    /project/esmf/Intel/19.1.0.166/bin/ifort
Location of the C++ compiler:      /usr/bin/clang
Location of the C++ linker:        /usr/bin/clang

Fortran compiler flags:
ESMF_F90COMPILER: ifort
ESMF_F90COMPILEOPTS: -g -traceback -check bounds  -assume realloc_lhs -m64
ESMF_F90COMPILEPATHS: -I/project/esmf/himanshu/esmf_test/cronjobs/daily/intelclang/esmf/mod/modg/Darwin.intelclang.64.mpiuni.default -I/project/esmf/himanshu/esmf_test/cronjobs/daily/intelclang/esmf/src/include -I/project/esmf/Intel/19.1.0.166/netcdf/4.7.4/include -I/project/esmf/Intel/19.1.0.166/netcdf/4.7.4/include
ESMF_F90COMPILECPPFLAGS: -DESMF_NO_INTEGER_1_BYTE -DESMF_NO_INTEGER_2_BYTE -DESMFVERSIONGIT='ESMF_8_1_0_beta_snapshot_40-4-ga072c96c19' -DESMF_MOAB=1 -DESMF_LAPACK=1 -DESMF_LAPACK_INTERNAL=1 -DESMF_NO_ACC_SOFTWARE_STACK=1 -DESMF_NETCDF=1 -DESMF_YAMLCPP=1 -DESMF_YAML=1 -DESMF_NO_PTHREADS -DESMF_NO_OPENMP -DESMF_NO_OPENACC -DESMF_TESTEXHAUSTIVE -DESMF_BOPT_g -DESMF_TESTCOMPTUNNEL -DESMF_TESTWITHTHREADS -DSx86_64_small=1 -DESMF_OS_Darwin=1 -DESMF_COMM=mpiuni -DESMF_DIR=/project/esmf/himanshu/esmf_test/cronjobs/daily/intelclang/esmf -DESMF_MPIUNI
ESMF_F90COMPILEFREECPP: 
ESMF_F90COMPILEFREENOCPP: 
ESMF_F90COMPILEFIXCPP: 
ESMF_F90COMPILEFIXNOCPP: 

Fortran linker flags:
ESMF_F90LINKOPTS:   -m64
ESMF_F90LINKPATHS: -L/project/esmf/himanshu/esmf_test/cronjobs/daily/intelclang/esmf/lib/libg/Darwin.intelclang.64.mpiuni.default -L/project/esmf/Intel/19.1.0.166/netcdf/4.7.4/lib -L/project/esmf/Intel/19.1.0.166/netcdf/4.7.4/lib -L./
ESMF_F90LINKRPATHS: -Wl,-rpath,/project/esmf/himanshu/esmf_test/cronjobs/daily/intelclang/esmf/lib/libg/Darwin.intelclang.64.mpiuni.default -Wl,-rpath,/project/esmf/Intel/19.1.0.166/netcdf/4.7.4/lib -Wl,-rpath,/project/esmf/Intel/19.1.0.166/netcdf/4.7.4/lib
ESMF_F90LINKLIBS:  -lc++ -lm  -lnetcdf -lnetcdff
ESMF_F90ESMFLINKLIBS: -lesmf  -lc++ -lm  -lnetcdf -lnetcdff

C++ compiler flags:
ESMF_CXXCOMPILER: clang
ESMF_CXXCOMPILEOPTS: -std=c++11 -g  -x c++ -mmacosx-version-min=10.7 -stdlib=libc++ -m64
ESMF_CXXCOMPILEPATHS:  -I/project/esmf/himanshu/esmf_test/cronjobs/daily/intelclang/esmf/src/include  -I/project/esmf/Intel/19.1.0.166/netcdf/4.7.4/include -I/project/esmf/himanshu/esmf_test/cronjobs/daily/intelclang/esmf/src/Infrastructure/stubs/mpiuni -I/project/esmf/himanshu/esmf_test/cronjobs/daily/intelclang/esmf/src/prologue/yaml-cpp/include
ESMF_CXXCOMPILECPPFLAGS: -DESMF_NO_INTEGER_1_BYTE -DESMF_NO_INTEGER_2_BYTE -DESMFVERSIONGIT='ESMF_8_1_0_beta_snapshot_40-4-ga072c96c19' -DESMF_MOAB=1 -DESMF_LAPACK=1 -DESMF_LAPACK_INTERNAL=1 -DESMF_NO_ACC_SOFTWARE_STACK=1 -DESMF_NETCDF=1 -DESMF_YAMLCPP=1 -DESMF_YAML=1 -DESMF_NO_PTHREADS -DESMF_NO_OPENMP -DESMF_NO_OPENACC -DESMF_TESTEXHAUSTIVE -DESMF_BOPT_g -DESMF_TESTCOMPTUNNEL -DESMF_TESTWITHTHREADS -DSx86_64_small=1 -DESMF_OS_Darwin=1 -DESMF_COMM=mpiuni -DESMF_DIR=/project/esmf/himanshu/esmf_test/cronjobs/daily/intelclang/esmf -D__SDIR__='' -DESMF_CXXSTD=11 -DESMF_MPIUNI

C++ linker flags:
ESMF_CXXLINKOPTS:   -m64
ESMF_CXXLINKPATHS: -L/project/esmf/himanshu/esmf_test/cronjobs/daily/intelclang/esmf/lib/libg/Darwin.intelclang.64.mpiuni.default -L/project/esmf/Intel/19.1.0.166/netcdf/4.7.4/lib -L/project/esmf/Intel/19.1.0.166/netcdf/4.7.4/lib -L/opt/intel/compilers_and_libraries_2020.0.166/mac/compiler/lib/
ESMF_CXXLINKRPATHS: -Wl,-rpath,/project/esmf/himanshu/esmf_test/cronjobs/daily/intelclang/esmf/lib/libg/Darwin.intelclang.64.mpiuni.default -Wl,-rpath,/project/esmf/Intel/19.1.0.166/netcdf/4.7.4/lib -Wl,-rpath,/project/esmf/Intel/19.1.0.166/netcdf/4.7.4/lib -Wl,-rpath,/opt/intel/compilers_and_libraries_2020.0.166/mac/compiler/lib/
ESMF_CXXLINKLIBS:  -lifportmt -lifcoremt -limf -lsvml -lipgo -lSystem -lintlc -lpthread -lsvml -ldl -lsvml -lifcore -limf -ldl -lirc -lc++ -lnetcdf -lnetcdff
ESMF_CXXESMFLINKLIBS: -lesmf  -lifportmt -lifcoremt -limf -lsvml -lipgo -lSystem -lintlc -lpthread -lsvml -ldl -lsvml -lifcore -limf -ldl -lirc -lc++ -lnetcdf -lnetcdff


ESMF Tracing linker options:
ESMF_TRACE_STATICLINKOPTS=-static -Wl,--wrap=c_esmftrace_notify_wrappers -Wl,--wrap=c_esmftrace_isinitialized -Wl,--wrap=write -Wl,--wrap=writev -Wl,--wrap=pwrite -Wl,--wrap=read -Wl,--wrap=open -Wl,--wrap=MPI_Allgather -Wl,--wrap=MPI_Allgatherv -Wl,--wrap=MPI_Allreduce -Wl,--wrap=MPI_Alltoall -Wl,--wrap=MPI_Alltoallv -Wl,--wrap=MPI_Alltoallw -Wl,--wrap=MPI_Barrier -Wl,--wrap=MPI_Bcast -Wl,--wrap=MPI_Bsend -Wl,--wrap=MPI_Gather -Wl,--wrap=MPI_Gatherv -Wl,--wrap=MPI_Iprobe -Wl,--wrap=MPI_Irecv -Wl,--wrap=MPI_Irsend -Wl,--wrap=MPI_Isend -Wl,--wrap=MPI_Issend -Wl,--wrap=MPI_Probe -Wl,--wrap=MPI_Recv -Wl,--wrap=MPI_Reduce -Wl,--wrap=MPI_Rsend -Wl,--wrap=MPI_Scan -Wl,--wrap=MPI_Scatter -Wl,--wrap=MPI_Scatterv -Wl,--wrap=MPI_Send -Wl,--wrap=MPI_Sendrecv -Wl,--wrap=MPI_Test -Wl,--wrap=MPI_Testall -Wl,--wrap=MPI_Testany -Wl,--wrap=MPI_Testsome -Wl,--wrap=MPI_Wait -Wl,--wrap=MPI_Waitall -Wl,--wrap=MPI_Waitany -Wl,--wrap=MPI_Waitsome -Wl,--wrap=mpi_allgather_ -Wl,--wrap=mpi_allgather__ -Wl,--wrap=mpi_allgatherv_ -Wl,--wrap=mpi_allgatherv__ -Wl,--wrap=mpi_allreduce_ -Wl,--wrap=mpi_allreduce__ -Wl,--wrap=mpi_alltoall_ -Wl,--wrap=mpi_alltoall__ -Wl,--wrap=mpi_alltoallv_ -Wl,--wrap=mpi_alltoallv__ -Wl,--wrap=mpi_alltoallw_ -Wl,--wrap=mpi_alltoallw__ -Wl,--wrap=mpi_barrier_ -Wl,--wrap=mpi_barrier__ -Wl,--wrap=mpi_bcast_ -Wl,--wrap=mpi_bcast__ -Wl,--wrap=mpi_bsend_ -Wl,--wrap=mpi_bsend__ -Wl,--wrap=mpi_exscan_ -Wl,--wrap=mpi_exscan__ -Wl,--wrap=mpi_gather_ -Wl,--wrap=mpi_gather__ -Wl,--wrap=mpi_gatherv_ -Wl,--wrap=mpi_gatherv__ -Wl,--wrap=mpi_iprobe_ -Wl,--wrap=mpi_iprobe__ -Wl,--wrap=mpi_irecv_ -Wl,--wrap=mpi_irecv__ -Wl,--wrap=mpi_irsend_ -Wl,--wrap=mpi_irsend__ -Wl,--wrap=mpi_isend_ -Wl,--wrap=mpi_isend__ -Wl,--wrap=mpi_issend_ -Wl,--wrap=mpi_issend__ -Wl,--wrap=mpi_probe_ -Wl,--wrap=mpi_probe__ -Wl,--wrap=mpi_recv_ -Wl,--wrap=mpi_recv__ -Wl,--wrap=mpi_reduce_ -Wl,--wrap=mpi_reduce__ -Wl,--wrap=mpi_reduce_scatter_ -Wl,--wrap=mpi_reduce_scatter__ -Wl,--wrap=mpi_rsend_ -Wl,--wrap=mpi_rsend__ -Wl,--wrap=mpi_scatter_ -Wl,--wrap=mpi_scatter__ -Wl,--wrap=mpi_scatterv_ -Wl,--wrap=mpi_scattESMF_TRACE_STATICLINKOPTS=-static -Wl,--wrap=c_esmftrace_notify_wrappers -Wl,--wrap=c_esmftrace_isinitialized -Wl,--wrap=write -Wl,--wrap=writev -Wl,--wrap=pwrite -Wl,--wrap=read -Wl,--wrap=open -Wl,--wrap=MPI_Allgather -Wl,--wrap=MPI_Allgatherv -Wl,--wrap=MPI_Allreduce -Wl,--wrap=MPI_Alltoall -Wl,--wrap=MPI_Alltoallv -Wl,--wrap=MPI_Alltoallw -Wl,--wrap=MPI_Barrier -Wl,--wrap=MPI_Bcast -Wl,--wrap=MPI_Bsend -Wl,--wrap=MPI_Gather -Wl,--wrap=MPI_Gatherv -Wl,--wrap=MPI_IprobeESMF_TRACE_STATICLINKLIBS=-lesmftrace_static


--------------------------------------------------------------
Compiling on Sat Dec 26 15:16:43 MST 2020 on cgdm-catania
Machine characteristics: Darwin cgdm-catania 18.7.0 Darwin Kernel Version 18.7.0: Tue Aug 20 16:57:14 PDT 2019; root:xnu-4903.271.2~2/RELEASE_X86_64 x86_64
==============================================================
 
cd /project/esmf/himanshu/esmf_test/cronjobs/daily/intelclang/esmf ;\
	/Library/Developer/CommandLineTools/usr/bin/make ACTION=tree_include tree
tree_include in: /project/esmf/himanshu/esmf_test/cronjobs/daily/intelclang/esmf/src
tree_include in: /project/esmf/himanshu/esmf_test/cronjobs/daily/intelclang/esmf/src/prologue
tree_include in: /project/esmf/himanshu/esmf_test/cronjobs/daily/intelclang/esmf/src/prologue/tests
tree_include in: /project/esmf/himanshu/esmf_test/cronjobs/daily/intelclang/esmf/src/prologue/yaml-cpp
cat: available.tmp: No such file or directory
cat: available.tmp: No such file or directory
tree_include in: /project/esmf/himanshu/esmf_test/cronjobs/daily/intelclang/esmf/src/prologue/yaml-cpp/src
tree_include in: /project/esmf/himanshu/esmf_test/cronjobs/daily/intelclang/esmf/src/test_harness
tree_include in: /project/esmf/himanshu/esmf_test/cronjobs/daily/intelclang/esmf/src/test_harness/src
tree_include in: /project/esmf/himanshu/esmf_test/cronjobs/daily/intelclang/esmf/src/Infrastructure
cat: available.tmp: No such file or directory
tree_include in: /project/esmf/himanshu/esmf_test/cronjobs/daily/intelclang/esmf/src/Infrastructure/stubs
tree_include in: /project/esmf/himanshu/esmf_test/cronjobs/daily/intelclang/esmf/src/Infrastructure/stubs/mpiuni
tree_include in: /project/esmf/himanshu/esmf_test/cronjobs/daily/intelclang/esmf/src/Infrastructure/Util
tree_include in: /project/esmf/himanshu/esmf_test/cronjobs/daily/intelclang/esmf/src/Infrastructure/Util/src
tree_include in: /project/esmf/himanshu/esmf_test/cronjobs/daily/intelclang/esmf/src/Infrastructure/Util/interface
tree_include in: /project/esmf/himanshu/esmf_test/cronjobs/daily/intelclang/esmf/src/Infrastructure/Util/tests
cat: available.tmp: No such file or directory
tree_include in: /project/esmf/himanshu/esmf_test/cronjobs/daily/intelclang/esmf/src/Infrastructure/Util/examples
tree_include in: /project/esmf/himanshu/esmf_test/cronjobs/daily/intelclang/esmf/src/Infrastructure/Util/doc
cat: available.tmp: No such file or directory
tree_include in: /project/esmf/himanshu/esmf_test/cronjobs/daily/intelclang/esmf/src/Infrastructure/LogErr
tree_include in: /project/esmf/himanshu/esmf_test/cronjobs/daily/intelclang/esmf/src/Infrastructure/LogErr/src
tree_include in: /project/esmf/himanshu/esmf_test/cronjobs/daily/intelclang/esmf/src/Infrastructure/LogErr/interface
tree_include in: /project/esmf/himanshu/esmf_test/cronjobs/daily/intelclang/esmf/src/Infrastructure/LogErr/examples
tree_include in: /project/esmf/himanshu/esmf_test/cronjobs/daily/intelclang/esmf/src/Infrastructure/LogErr/doc
tree_include in: /project/esmf/himanshu/esmf_test/cronjobs/daily/intelclang/esmf/src/Infrastructure/LogErr/tests
tree_include in: /project/esmf/himanshu/esmf_test/cronjobs/daily/intelclang/esmf/src/Infrastructure/VM
tree_include in: /project/esmf/himanshu/esmf_test/cronjobs/daily/intelclang/esmf/src/Infrastructure/VM/src
tree_include in: /project/esmf/himanshu/esmf_test/cronjobs/daily/intelclang/esmf/src/Infrastructure/VM/src/acc
tree_include in: /project/esmf/himanshu/esmf_test/cronjobs/daily/intelclang/esmf/src/Infrastructure/VM/interface
tree_include in: /project/esmf/himanshu/esmf_test/cronjobs/daily/intelclang/esmf/src/Infrastructure/VM/doc
tree_include in: /project/esmf/himanshu/esmf_test/cronjobs/daily/intelclang/esmf/src/Infrastructure/VM/examples
tree_include in: /project/esmf/himanshu/esmf_test/cronjobs/daily/intelclang/esmf/src/Infrastructure/VM/tests
tree_include in: /project/esmf/himanshu/esmf_test/cronjobs/daily/intelclang/esmf/src/Infrastructure/Trace
tree_include in: /project/esmf/himanshu/esmf_test/cronjobs/daily/intelclang/esmf/src/Infrastructure/Trace/src
tree_include in: /project/esmf/himanshu/esmf_test/cronjobs/daily/intelclang/esmf/src/Infrastructure/Trace/interface
cat: available.tmp: No such file or directory
cat: available.tmp: No such file or directory
tree_include in: /project/esmf/himanshu/esmf_test/cronjobs/daily/intelclang/esmf/src/Infrastructure/Trace/tests
cat: available.tmp: No such file or directory
cat: available.tmp: No such file or directory
tree_include in: /project/esmf/himanshu/esmf_test/cronjobs/daily/intelclang/esmf/src/Infrastructure/Trace/doc
tree_include in: /project/esmf/himanshu/esmf_test/cronjobs/daily/intelclang/esmf/src/Infrastructure/Trace/examples
tree_include in: /project/esmf/himanshu/esmf_test/cronjobs/daily/intelclang/esmf/src/Infrastructure/Base
cat: available.tmp: No such file or directory
tree_include in: /project/esmf/himanshu/esmf_test/cronjobs/daily/intelclang/esmf/src/Infrastructure/Base/src
tree_include in: /project/esmf/himanshu/esmf_test/cronjobs/daily/intelclang/esmf/src/Infrastructure/Base/interface
tree_include in: /project/esmf/himanshu/esmf_test/cronjobs/daily/intelclang/esmf/src/Infrastructure/Base/tests
cat: available.tmp: No such file or directory
cat: available.tmp: No such file or directory
tree_include in: /project/esmf/himanshu/esmf_test/cronjobs/daily/intelclang/esmf/src/Infrastructure/Base/examples
cat: available.tmp: No such file or directory
tree_include in: /project/esmf/himanshu/esmf_test/cronjobs/daily/intelclang/esmf/src/Infrastructure/Base/doc
tree_include in: /project/esmf/himanshu/esmf_test/cronjobs/daily/intelclang/esmf/src/Infrastructure/TimeMgr
cat: available.tmp: No such file or directory
cat: available.tmp: No such file or directory
tree_include in: /project/esmf/himanshu/esmf_test/cronjobs/daily/intelclang/esmf/src/Infrastructure/TimeMgr/src
tree_include in: /project/esmf/himanshu/esmf_test/cronjobs/daily/intelclang/esmf/src/Infrastructure/TimeMgr/interface
cat: available.tmp: No such file or directory
cat: available.tmp: No such file or directory
tree_include in: /project/esmf/himanshu/esmf_test/cronjobs/daily/intelclang/esmf/src/Infrastructure/TimeMgr/examples
cat: available.tmp: No such file or directory
cat: available.tmp: No such file or directory
tree_include in: /project/esmf/himanshu/esmf_test/cronjobs/daily/intelclang/esmf/src/Infrastructure/TimeMgr/tests
cat: available.tmp: No such file or directory
cat: available.tmp: No such file or directory
cat: available.tmp: No such file or directory
tree_include in: /project/esmf/himanshu/esmf_test/cronjobs/daily/intelclang/esmf/src/Infrastructure/TimeMgr/doc
cat: available.tmp: No such file or directory
cat: available.tmp: No such file or directory
tree_include in: /project/esmf/himanshu/esmf_test/cronjobs/daily/intelclang/esmf/src/Infrastructure/DELayout
cat: available.tmp: No such file or directory
tree_include in: /project/esmf/himanshu/esmf_test/cronjobs/daily/intelclang/esmf/src/Infrastructure/DELayout/src
cat: available.tmp: No such file or directory
tree_include in: /project/esmf/himanshu/esmf_test/cronjobs/daily/intelclang/esmf/src/Infrastructure/DELayout/interface
tree_include in: /project/esmf/himanshu/esmf_test/cronjobs/daily/intelclang/esmf/src/Infrastructure/DELayout/tests
tree_include in: /project/esmf/himanshu/esmf_test/cronjobs/daily/intelclang/esmf/src/Infrastructure/DELayout/examples
tree_include in: /project/esmf/himanshu/esmf_test/cronjobs/daily/intelclang/esmf/src/Infrastructure/DELayout/doc
tree_include in: /project/esmf/himanshu/esmf_test/cronjobs/daily/intelclang/esmf/src/Infrastructure/Config
tree_include in: /project/esmf/himanshu/esmf_test/cronjobs/daily/intelclang/esmf/src/Infrastructure/Config/src
tree_include in: /project/esmf/himanshu/esmf_test/cronjobs/daily/intelclang/esmf/src/Infrastructure/Config/interface
tree_include in: /project/esmf/himanshu/esmf_test/cronjobs/daily/intelclang/esmf/src/Infrastructure/Config/examples
tree_include in: /project/esmf/himanshu/esmf_test/cronjobs/daily/intelclang/esmf/src/Infrastructure/Config/doc
tree_include in: /project/esmf/himanshu/esmf_test/cronjobs/daily/intelclang/esmf/src/Infrastructure/Config/tests
tree_include in: /project/esmf/himanshu/esmf_test/cronjobs/daily/intelclang/esmf/src/Infrastructure/ArraySpec
tree_include in: /project/esmf/himanshu/esmf_test/cronjobs/daily/intelclang/esmf/src/Infrastructure/ArraySpec/src
tree_include in: /project/esmf/himanshu/esmf_test/cronjobs/daily/intelclang/esmf/src/Infrastructure/ArraySpec/interface
cat: available.tmp: No such file or directory
cat: available.tmp: No such file or directory
tree_include in: /project/esmf/himanshu/esmf_test/cronjobs/daily/intelclang/esmf/src/Infrastructure/ArraySpec/examples
cat: available.tmp: No such file or directory
tree_include in: /project/esmf/himanshu/esmf_test/cronjobs/daily/intelclang/esmf/src/Infrastructure/ArraySpec/tests
tree_include in: /project/esmf/himanshu/esmf_test/cronjobs/daily/intelclang/esmf/src/Infrastructure/ArraySpec/doc
tree_include in: /project/esmf/himanshu/esmf_test/cronjobs/daily/intelclang/esmf/src/Infrastructure/LocalArray
cat: available.tmp: No such file or directory
tree_include in: /project/esmf/himanshu/esmf_test/cronjobs/daily/intelclang/esmf/src/Infrastructure/LocalArray/src
cat: available.tmp: No such file or directory
tree_include in: /project/esmf/himanshu/esmf_test/cronjobs/daily/intelclang/esmf/src/Infrastructure/LocalArray/interface
tree_include in: /project/esmf/himanshu/esmf_test/cronjobs/daily/intelclang/esmf/src/Infrastructure/LocalArray/tests
tree_include in: /project/esmf/himanshu/esmf_test/cronjobs/daily/intelclang/esmf/src/Infrastructure/LocalArray/doc
tree_include in: /project/esmf/himanshu/esmf_test/cronjobs/daily/intelclang/esmf/src/Infrastructure/Route
tree_include in: /project/esmf/himanshu/esmf_test/cronjobs/daily/intelclang/esmf/src/Infrastructure/Route/src
tree_include in: /project/esmf/himanshu/esmf_test/cronjobs/daily/intelclang/esmf/src/Infrastructure/Route/interface
tree_include in: /project/esmf/himanshu/esmf_test/cronjobs/daily/intelclang/esmf/src/Infrastructure/Route/tests
tree_include in: /project/esmf/himanshu/esmf_test/cronjobs/daily/intelclang/esmf/src/Infrastructure/Route/examples
tree_include in: /project/esmf/himanshu/esmf_test/cronjobs/daily/intelclang/esmf/src/Infrastructure/Route/doc
tree_include in: /project/esmf/himanshu/esmf_test/cronjobs/daily/intelclang/esmf/src/Infrastructure/DistGrid
tree_include in: /project/esmf/himanshu/esmf_test/cronjobs/daily/intelclang/esmf/src/Infrastructure/DistGrid/src
tree_include in: /project/esmf/himanshu/esmf_test/cronjobs/daily/intelclang/esmf/src/Infrastructure/DistGrid/interface
tree_include in: /project/esmf/himanshu/esmf_test/cronjobs/daily/intelclang/esmf/src/Infrastructure/DistGrid/tests
tree_include in: /project/esmf/himanshu/esmf_test/cronjobs/daily/intelclang/esmf/src/Infrastructure/DistGrid/examples
tree_include in: /project/esmf/himanshu/esmf_test/cronjobs/daily/intelclang/esmf/src/Infrastructure/DistGrid/doc
tree_include in: /project/esmf/himanshu/esmf_test/cronjobs/daily/intelclang/esmf/src/Infrastructure/Array
tree_include in: /project/esmf/himanshu/esmf_test/cronjobs/daily/intelclang/esmf/src/Infrastructure/Array/src
tree_include in: /project/esmf/himanshu/esmf_test/cronjobs/daily/intelclang/esmf/src/Infrastructure/Array/interface
tree_include in: /project/esmf/himanshu/esmf_test/cronjobs/daily/intelclang/esmf/src/Infrastructure/Array/tests
tree_include in: /project/esmf/himanshu/esmf_test/cronjobs/daily/intelclang/esmf/src/Infrastructure/Array/examples
tree_include in: /project/esmf/himanshu/esmf_test/cronjobs/daily/intelclang/esmf/src/Infrastructure/Array/doc
tree_include in: /project/esmf/himanshu/esmf_test/cronjobs/daily/intelclang/esmf/src/Infrastructure/ArrayBundle
tree_include in: /project/esmf/himanshu/esmf_test/cronjobs/daily/intelclang/esmf/src/Infrastructure/ArrayBundle/src
tree_include in: /project/esmf/himanshu/esmf_test/cronjobs/daily/intelclang/esmf/src/Infrastructure/ArrayBundle/interface
tree_include in: /project/esmf/himanshu/esmf_test/cronjobs/daily/intelclang/esmf/src/Infrastructure/ArrayBundle/tests
tree_include in: /project/esmf/himanshu/esmf_test/cronjobs/daily/intelclang/esmf/src/Infrastructure/ArrayBundle/examples
tree_include in: /project/esmf/himanshu/esmf_test/cronjobs/daily/intelclang/esmf/src/Infrastructure/ArrayBundle/doc
tree_include in: /project/esmf/himanshu/esmf_test/cronjobs/daily/intelclang/esmf/src/Infrastructure/IO
tree_include in: /project/esmf/himanshu/esmf_test/cronjobs/daily/intelclang/esmf/src/Infrastructure/IO/src
tree_include in: /project/esmf/himanshu/esmf_test/cronjobs/daily/intelclang/esmf/src/Infrastructure/IO/interface
tree_include in: /project/esmf/himanshu/esmf_test/cronjobs/daily/intelclang/esmf/src/Infrastructure/IO/tests
tree_include in: /project/esmf/himanshu/esmf_test/cronjobs/daily/intelclang/esmf/src/Infrastructure/IO/doc
tree_include in: /project/esmf/himanshu/esmf_test/cronjobs/daily/intelclang/esmf/src/Infrastructure/Grid
tree_include in: /project/esmf/himanshu/esmf_test/cronjobs/daily/intelclang/esmf/src/Infrastructure/Grid/doc
tree_include in: /project/esmf/himanshu/esmf_test/cronjobs/daily/intelclang/esmf/src/Infrastructure/Grid/src
tree_include in: /project/esmf/himanshu/esmf_test/cronjobs/daily/intelclang/esmf/src/Infrastructure/Grid/interface
tree_include in: /project/esmf/himanshu/esmf_test/cronjobs/daily/intelclang/esmf/src/Infrastructure/Grid/tests
tree_include in: /project/esmf/himanshu/esmf_test/cronjobs/daily/intelclang/esmf/src/Infrastructure/Grid/examples
cat: available.tmp: No such file or directory
cat: available.tmp: No such file or directory
tree_include in: /project/esmf/himanshu/esmf_test/cronjobs/daily/intelclang/esmf/src/Infrastructure/Mesh
tree_include in: /project/esmf/himanshu/esmf_test/cronjobs/daily/intelclang/esmf/src/Infrastructure/Mesh/src
cat: available.tmp: No such file or directory
tree_include in: /project/esmf/himanshu/esmf_test/cronjobs/daily/intelclang/esmf/src/Infrastructure/Mesh/src/Legacy
tree_include in: /project/esmf/himanshu/esmf_test/cronjobs/daily/intelclang/esmf/src/Infrastructure/Mesh/src/Regridding
tree_include in: /project/esmf/himanshu/esmf_test/cronjobs/daily/intelclang/esmf/src/Infrastructure/Mesh/src/Zoltan
tree_include in: /project/esmf/himanshu/esmf_test/cronjobs/daily/intelclang/esmf/src/Infrastructure/Mesh/src/Lapack
cat: available.tmp: No such file or directory
cat: available.tmp: No such file or directory
tree_include in: /project/esmf/himanshu/esmf_test/cronjobs/daily/intelclang/esmf/src/Infrastructure/Mesh/src/BLAS
cat: available.tmp: No such file or directory
cat: available.tmp: No such file or directory
tree_include in: /project/esmf/himanshu/esmf_test/cronjobs/daily/intelclang/esmf/src/Infrastructure/Mesh/src/Moab
cat: available.tmp: No such file or directory
tree_include in: /project/esmf/himanshu/esmf_test/cronjobs/daily/intelclang/esmf/src/Infrastructure/Mesh/src/Moab/DiscreteGeometry
cat: available.tmp: No such file or directory
cat: available.tmp: No such file or directory
tree_include in: /project/esmf/himanshu/esmf_test/cronjobs/daily/intelclang/esmf/src/Infrastructure/Mesh/src/Moab/IntxMesh
cat: available.tmp: No such file or directory
tree_include in: /project/esmf/himanshu/esmf_test/cronjobs/daily/intelclang/esmf/src/Infrastructure/Mesh/src/Moab/io
tree_include in: /project/esmf/himanshu/esmf_test/cronjobs/daily/intelclang/esmf/src/Infrastructure/Mesh/src/Moab/LocalDiscretization
cat: available.tmp: No such file or directory
cat: available.tmp: No such file or directory
tree_include in: /project/esmf/himanshu/esmf_test/cronjobs/daily/intelclang/esmf/src/Infrastructure/Mesh/src/Moab/parallel
cat: available.tmp: No such file or directory
tree_include in: /project/esmf/himanshu/esmf_test/cronjobs/daily/intelclang/esmf/src/Infrastructure/Mesh/src/Moab/verdict
tree_include in: /project/esmf/himanshu/esmf_test/cronjobs/daily/intelclang/esmf/src/Infrastructure/Mesh/examples
tree_include in: /project/esmf/himanshu/esmf_test/cronjobs/daily/intelclang/esmf/src/Infrastructure/Mesh/interface
tree_include in: /project/esmf/himanshu/esmf_test/cronjobs/daily/intelclang/esmf/src/Infrastructure/Mesh/doc
cat: available.tmp: No such file or directory
tree_include in: /project/esmf/himanshu/esmf_test/cronjobs/daily/intelclang/esmf/src/Infrastructure/Mesh/tests
cat: available.tmp: No such file or directory
tree_include in: /project/esmf/himanshu/esmf_test/cronjobs/daily/intelclang/esmf/src/Infrastructure/XGridGeomBase
tree_include in: /project/esmf/himanshu/esmf_test/cronjobs/daily/intelclang/esmf/src/Infrastructure/XGridGeomBase/src
tree_include in: /project/esmf/himanshu/esmf_test/cronjobs/daily/intelclang/esmf/src/Infrastructure/XGridGeomBase/interface
cat: available.tmp: No such file or directory
tree_include in: /project/esmf/himanshu/esmf_test/cronjobs/daily/intelclang/esmf/src/Infrastructure/GridUtil
tree_include in: /project/esmf/himanshu/esmf_test/cronjobs/daily/intelclang/esmf/src/Infrastructure/GridUtil/src
cat: available.tmp: No such file or directory
tree_include in: /project/esmf/himanshu/esmf_test/cronjobs/daily/intelclang/esmf/src/Infrastructure/GridUtil/interface
tree_include in: /project/esmf/himanshu/esmf_test/cronjobs/daily/intelclang/esmf/src/Infrastructure/GridUtil/tests
tree_include in: /project/esmf/himanshu/esmf_test/cronjobs/daily/intelclang/esmf/src/Infrastructure/LocStream
tree_include in: /project/esmf/himanshu/esmf_test/cronjobs/daily/intelclang/esmf/src/Infrastructure/LocStream/doc
tree_include in: /project/esmf/himanshu/esmf_test/cronjobs/daily/intelclang/esmf/src/Infrastructure/LocStream/src
tree_include in: /project/esmf/himanshu/esmf_test/cronjobs/daily/intelclang/esmf/src/Infrastructure/LocStream/interface
tree_include in: /project/esmf/himanshu/esmf_test/cronjobs/daily/intelclang/esmf/src/Infrastructure/LocStream/tests
tree_include in: /project/esmf/himanshu/esmf_test/cronjobs/daily/intelclang/esmf/src/Infrastructure/LocStream/examples
tree_include in: /project/esmf/himanshu/esmf_test/cronjobs/daily/intelclang/esmf/src/Infrastructure/XGrid
tree_include in: /project/esmf/himanshu/esmf_test/cronjobs/daily/intelclang/esmf/src/Infrastructure/XGrid/src
tree_include in: /project/esmf/himanshu/esmf_test/cronjobs/daily/intelclang/esmf/src/Infrastructure/XGrid/interface
tree_include in: /project/esmf/himanshu/esmf_test/cronjobs/daily/intelclang/esmf/src/Infrastructure/XGrid/doc
tree_include in: /project/esmf/himanshu/esmf_test/cronjobs/daily/intelclang/esmf/src/Infrastructure/XGrid/tests
tree_include in: /project/esmf/himanshu/esmf_test/cronjobs/daily/intelclang/esmf/src/Infrastructure/XGrid/examples
cat: available.tmp: No such file or directory
tree_include in: /project/esmf/himanshu/esmf_test/cronjobs/daily/intelclang/esmf/src/Infrastructure/GeomBase
tree_include in: /project/esmf/himanshu/esmf_test/cronjobs/daily/intelclang/esmf/src/Infrastructure/GeomBase/src
tree_include in: /project/esmf/himanshu/esmf_test/cronjobs/daily/intelclang/esmf/src/Infrastructure/GeomBase/interface
tree_include in: /project/esmf/himanshu/esmf_test/cronjobs/daily/intelclang/esmf/src/Infrastructure/PointList
tree_include in: /project/esmf/himanshu/esmf_test/cronjobs/daily/intelclang/esmf/src/Infrastructure/PointList/src
tree_include in: /project/esmf/himanshu/esmf_test/cronjobs/daily/intelclang/esmf/src/Infrastructure/PointList/interface
tree_include in: /project/esmf/himanshu/esmf_test/cronjobs/daily/intelclang/esmf/src/Infrastructure/PointList/tests
tree_include in: /project/esmf/himanshu/esmf_test/cronjobs/daily/intelclang/esmf/src/Infrastructure/Regrid
cat: available.tmp: No such file or directory
tree_include in: /project/esmf/himanshu/esmf_test/cronjobs/daily/intelclang/esmf/src/Infrastructure/Regrid/src
tree_include in: /project/esmf/himanshu/esmf_test/cronjobs/daily/intelclang/esmf/src/Infrastructure/Regrid/interface
tree_include in: /project/esmf/himanshu/esmf_test/cronjobs/daily/intelclang/esmf/src/Infrastructure/Regrid/doc
tree_include in: /project/esmf/himanshu/esmf_test/cronjobs/daily/intelclang/esmf/src/Infrastructure/Regrid/examples
tree_include in: /project/esmf/himanshu/esmf_test/cronjobs/daily/intelclang/esmf/src/Infrastructure/Field
tree_include in: /project/esmf/himanshu/esmf_test/cronjobs/daily/intelclang/esmf/src/Infrastructure/Field/src
/project/esmf/himanshu/esmf_test/cronjobs/daily/intelclang/esmf/obj/objg/Darwin.intelclang.64.mpiuni.default/src_Infrastructure_Field_src_depend.mk:23: *** multiple target patterns.  Stop.
make[6]: *** [tree] Error 1
make[5]: *** [tree] Error 1
make[4]: *** [tree] Error 1
make[3]: *** [tree] Error 1
make[2]: *** [include] Error 2
make[1]: *** [lib] Error 2
make: *** [reqfile_libesmf] Error 2
/project/esmf/himanshu/esmf_test/cronjobs/daily/intelclang/esmf/src/Infrastructure/XGrid/src
tree_include in: /project/esmf/himanshu/esmf_test/cronjobs/daily/intelclang/esmf/src/Infrastructure/XGrid/interface
tree_include in: /project/esmf/himanshu/esmf_test/cronjobs/daily/intelclang/esmf/src/Infrastructure/XGrid/doc
tree_include in: /project/esmf/himanshu/esmf_test/cronjobs/daily/intelclang/esmf/src/Infrastructure/XGrid/tests
tree_include in: /project/esmf/himanshu/esmf_test/cronjobs/daily/intelclang/esmf/src/Infrastructure/XGrid/examples
cat: available.tmp: No such file or directory
tree_include in: /project/esmf/himanshu/esmf_test/cronjobs/daily/intelclang/esmf/src/Infrastructure/GeomBase
tree_include in: /project/esmf/himanshu/esmf_test/cronjobs/daily/intelclang/esmf/src/Infrastructure/GeomBase/src
tree_include in: /project/esmf/himanshu/esmf_test/cronjobs/daily/intelclang/esmf/src/Infrastructure/GeomBase/interface
tree_include in: /project/esmf/himanshu/esmf_test/cronjobs/daily/intelclang/esmf/src/Infrastructure/PointList
tree_include in: /project/esmf/himanshu/esmf_test/cronjobs/daily/intelclang/esmf/src/Infrastructure/PointList/src
tree_include in: /project/esmf/himanshu/esmf_test/cronjobs/daily/intelclang/esmf/src/Infrastructure/PointList/interface
tree_include in: /project/esmf/himanshu/esmf_test/cronjobs/daily/intelclang/esmf/src/Infrastructure/PointList/tests
tree_include in: /project/esmf/himanshu/esmf_test/cronjobs/daily/intelclang/esmf/src/Infrastructure/Regrid
tree_include in: /project/esmf/himanshu/esmf_test/cronjobs/daily/intelclang/esmf/src/Infrastructure/Regrid/src
tree_include in: /project/esmf/himanshu/esmf_test/cronjobs/daily/intelclang/esmf/src/Infrastructure/Regrid/interface
tree_include in: /project/esmf/himanshu/esmf_test/cronjobs/daily/intelclang/esmf/src/Infrastructure/Regrid/doc
tree_include in: /project/esmf/himanshu/esmf_test/cronjobs/daily/intelclang/esmf/src/Infrastructure/Regrid/examples
tree_include in: /project/esmf/himanshu/esmf_test/cronjobs/daily/intelclang/esmf/src/Infrastructure/Field
tree_include in: /project/esmf/himanshu/esmf_test/cronjobs/daily/intelclang/esmf/src/Infrastructure/Field/src
/project/esmf/himanshu/esmf_test/cronjobs/daily/intelclang/esmf/obj/objg/Darwin.intelclang.64.mpiuni.default/src_Infrastructure_Field_src_depend.mk:23: *** multiple target patterns.  Stop.
make[6]: *** [tree] Error 1
make[5]: *** [tree] Error 1
make[4]: *** [tree] Error 1
make[3]: *** [tree] Error 1
make[2]: *** [include] Error 2
make[1]: *** [lib] Error 2
make: *** [reqfile_libesmf] Error 2
Sat Dec 26 15:29:09 MST 2020
