20210220 212355.662 INFO             PET1 !!!!!!!!!!!!!!!!!!!!!!!!!!!!!!!!!!!!!!!!!!!!!!!!!!!!!!
20210220 212355.662 INFO             PET1 !!! THE ESMF_LOG IS SET TO OUTPUT ALL LOG MESSAGES !!!
20210220 212355.662 INFO             PET1 !!!     THIS MAY CAUSE SLOWDOWN IN PERFORMANCE     !!!
20210220 212355.662 INFO             PET1 !!! FOR PRODUCTION RUNS, USE:                      !!!
20210220 212355.662 INFO             PET1 !!!                   ESMF_LOGKIND_Multi_On_Error  !!!
20210220 212355.662 INFO             PET1 !!!!!!!!!!!!!!!!!!!!!!!!!!!!!!!!!!!!!!!!!!!!!!!!!!!!!!
20210220 212355.662 INFO             PET1 Running with ESMF Version   : ESMF_8_2_0_beta_snapshot_00
20210220 212355.662 INFO             PET1 ESMF library build date/time: "Feb 20 2021" "21:14:27"
20210220 212355.662 INFO             PET1 ESMF library build location : /project/esmf/himanshu/esmf_test/cronjobs/daily/intel/esmf
20210220 212355.662 INFO             PET1 ESMF_COMM                   : mpich3
20210220 212355.663 INFO             PET1 ESMF_MOAB                   : enabled
20210220 212355.663 INFO             PET1 ESMF_LAPACK                 : enabled
20210220 212355.663 INFO             PET1 ESMF_NETCDF                 : enabled
20210220 212355.663 INFO             PET1 ESMF_PNETCDF                : disabled
20210220 212355.663 INFO             PET1 ESMF_PIO                    : enabled
20210220 212355.663 INFO             PET1 ESMF_YAMLCPP                : enabled
20210220 212355.664 INFO             PET1 Finalizing ESMF
20210220 212355.717 INFO             PET1 !!!!!!!!!!!!!!!!!!!!!!!!!!!!!!!!!!!!!!!!!!!!!!!!!!!!!!
20210220 212355.718 INFO             PET1 !!! THE ESMF_LOG IS SET TO OUTPUT ALL LOG MESSAGES !!!
20210220 212355.718 INFO             PET1 !!!     THIS MAY CAUSE SLOWDOWN IN PERFORMANCE     !!!
20210220 212355.718 INFO             PET1 !!! FOR PRODUCTION RUNS, USE:                      !!!
20210220 212355.718 INFO             PET1 !!!                   ESMF_LOGKIND_Multi_On_Error  !!!
20210220 212355.718 INFO             PET1 !!!!!!!!!!!!!!!!!!!!!!!!!!!!!!!!!!!!!!!!!!!!!!!!!!!!!!
20210220 212355.718 INFO             PET1 Running with ESMF Version   : ESMF_8_2_0_beta_snapshot_00
20210220 212355.718 INFO             PET1 ESMF library build date/time: "Feb 20 2021" "21:14:27"
20210220 212355.718 INFO             PET1 ESMF library build location : /project/esmf/himanshu/esmf_test/cronjobs/daily/intel/esmf
20210220 212355.718 INFO             PET1 ESMF_COMM                   : mpich3
20210220 212355.718 INFO             PET1 ESMF_MOAB                   : enabled
20210220 212355.718 INFO             PET1 ESMF_LAPACK                 : enabled
20210220 212355.718 INFO             PET1 ESMF_NETCDF                 : enabled
20210220 212355.718 INFO             PET1 ESMF_PNETCDF                : disabled
20210220 212355.718 INFO             PET1 ESMF_PIO                    : enabled
20210220 212355.718 INFO             PET1 ESMF_YAMLCPP                : enabled
20210220 212355.719 INFO             PET1 Finalizing ESMF
20210220 212355.780 INFO             PET1 !!!!!!!!!!!!!!!!!!!!!!!!!!!!!!!!!!!!!!!!!!!!!!!!!!!!!!
20210220 212355.781 INFO             PET1 !!! THE ESMF_LOG IS SET TO OUTPUT ALL LOG MESSAGES !!!
20210220 212355.781 INFO             PET1 !!!     THIS MAY CAUSE SLOWDOWN IN PERFORMANCE     !!!
20210220 212355.781 INFO             PET1 !!! FOR PRODUCTION RUNS, USE:                      !!!
20210220 212355.781 INFO             PET1 !!!                   ESMF_LOGKIND_Multi_On_Error  !!!
20210220 212355.781 INFO             PET1 !!!!!!!!!!!!!!!!!!!!!!!!!!!!!!!!!!!!!!!!!!!!!!!!!!!!!!
20210220 212355.781 INFO             PET1 Running with ESMF Version   : ESMF_8_2_0_beta_snapshot_00
20210220 212355.781 INFO             PET1 ESMF library build date/time: "Feb 20 2021" "21:14:27"
20210220 212355.781 INFO             PET1 ESMF library build location : /project/esmf/himanshu/esmf_test/cronjobs/daily/intel/esmf
20210220 212355.781 INFO             PET1 ESMF_COMM                   : mpich3
20210220 212355.781 INFO             PET1 ESMF_MOAB                   : enabled
20210220 212355.781 INFO             PET1 ESMF_LAPACK                 : enabled
20210220 212355.781 INFO             PET1 ESMF_NETCDF                 : enabled
20210220 212355.781 INFO             PET1 ESMF_PNETCDF                : disabled
20210220 212355.781 INFO             PET1 ESMF_PIO                    : enabled
20210220 212355.781 INFO             PET1 ESMF_YAMLCPP                : enabled
20210220 212355.781 INFO             PET1 Finalizing ESMF
Sun Feb 21 00:24:47 MST 2021
