20210211 061745.094 INFO             PET2 !!!!!!!!!!!!!!!!!!!!!!!!!!!!!!!!!!!!!!!!!!!!!!!!!!!!!!
20210211 061745.095 INFO             PET2 !!! THE ESMF_LOG IS SET TO OUTPUT ALL LOG MESSAGES !!!
20210211 061745.095 INFO             PET2 !!!     THIS MAY CAUSE SLOWDOWN IN PERFORMANCE     !!!
20210211 061745.095 INFO             PET2 !!! FOR PRODUCTION RUNS, USE:                      !!!
20210211 061745.095 INFO             PET2 !!!                   ESMF_LOGKIND_Multi_On_Error  !!!
20210211 061745.095 INFO             PET2 !!!!!!!!!!!!!!!!!!!!!!!!!!!!!!!!!!!!!!!!!!!!!!!!!!!!!!
20210211 061745.095 INFO             PET2 Running with ESMF Version   : ESMF_8_1_0_beta_snapshot_44-53-gdb2e74ae37
20210211 061745.095 INFO             PET2 ESMF library build date/time: "Feb 11 2021" "06:10:30"
20210211 061745.095 INFO             PET2 ESMF library build location : /project/esmf/himanshu/esmf_test/cronjobs/daily/intel/esmf
20210211 061745.095 INFO             PET2 ESMF_COMM                   : mpich3
20210211 061745.095 INFO             PET2 ESMF_MOAB                   : enabled
20210211 061745.095 INFO             PET2 ESMF_LAPACK                 : enabled
20210211 061745.095 INFO             PET2 ESMF_NETCDF                 : enabled
20210211 061745.095 INFO             PET2 ESMF_PNETCDF                : disabled
20210211 061745.095 INFO             PET2 ESMF_PIO                    : enabled
20210211 061745.095 INFO             PET2 ESMF_YAMLCPP                : enabled
20210211 061745.096 INFO             PET2 Finalizing ESMF
20210211 061745.135 INFO             PET2 !!!!!!!!!!!!!!!!!!!!!!!!!!!!!!!!!!!!!!!!!!!!!!!!!!!!!!
20210211 061745.135 INFO             PET2 !!! THE ESMF_LOG IS SET TO OUTPUT ALL LOG MESSAGES !!!
20210211 061745.135 INFO             PET2 !!!     THIS MAY CAUSE SLOWDOWN IN PERFORMANCE     !!!
20210211 061745.135 INFO             PET2 !!! FOR PRODUCTION RUNS, USE:                      !!!
20210211 061745.135 INFO             PET2 !!!                   ESMF_LOGKIND_Multi_On_Error  !!!
20210211 061745.135 INFO             PET2 !!!!!!!!!!!!!!!!!!!!!!!!!!!!!!!!!!!!!!!!!!!!!!!!!!!!!!
20210211 061745.135 INFO             PET2 Running with ESMF Version   : ESMF_8_1_0_beta_snapshot_44-53-gdb2e74ae37
20210211 061745.135 INFO             PET2 ESMF library build date/time: "Feb 11 2021" "06:10:30"
20210211 061745.135 INFO             PET2 ESMF library build location : /project/esmf/himanshu/esmf_test/cronjobs/daily/intel/esmf
20210211 061745.135 INFO             PET2 ESMF_COMM                   : mpich3
20210211 061745.135 INFO             PET2 ESMF_MOAB                   : enabled
20210211 061745.135 INFO             PET2 ESMF_LAPACK                 : enabled
20210211 061745.135 INFO             PET2 ESMF_NETCDF                 : enabled
20210211 061745.135 INFO             PET2 ESMF_PNETCDF                : disabled
20210211 061745.135 INFO             PET2 ESMF_PIO                    : enabled
20210211 061745.135 INFO             PET2 ESMF_YAMLCPP                : enabled
20210211 061745.136 INFO             PET2 Finalizing ESMF
20210211 061745.177 INFO             PET2 !!!!!!!!!!!!!!!!!!!!!!!!!!!!!!!!!!!!!!!!!!!!!!!!!!!!!!
20210211 061745.178 INFO             PET2 !!! THE ESMF_LOG IS SET TO OUTPUT ALL LOG MESSAGES !!!
20210211 061745.178 INFO             PET2 !!!     THIS MAY CAUSE SLOWDOWN IN PERFORMANCE     !!!
20210211 061745.178 INFO             PET2 !!! FOR PRODUCTION RUNS, USE:                      !!!
20210211 061745.178 INFO             PET2 !!!                   ESMF_LOGKIND_Multi_On_Error  !!!
20210211 061745.178 INFO             PET2 !!!!!!!!!!!!!!!!!!!!!!!!!!!!!!!!!!!!!!!!!!!!!!!!!!!!!!
20210211 061745.178 INFO             PET2 Running with ESMF Version   : ESMF_8_1_0_beta_snapshot_44-53-gdb2e74ae37
20210211 061745.178 INFO             PET2 ESMF library build date/time: "Feb 11 2021" "06:10:30"
20210211 061745.178 INFO             PET2 ESMF library build location : /project/esmf/himanshu/esmf_test/cronjobs/daily/intel/esmf
20210211 061745.178 INFO             PET2 ESMF_COMM                   : mpich3
20210211 061745.178 INFO             PET2 ESMF_MOAB                   : enabled
20210211 061745.178 INFO             PET2 ESMF_LAPACK                 : enabled
20210211 061745.178 INFO             PET2 ESMF_NETCDF                 : enabled
20210211 061745.178 INFO             PET2 ESMF_PNETCDF                : disabled
20210211 061745.178 INFO             PET2 ESMF_PIO                    : enabled
20210211 061745.178 INFO             PET2 ESMF_YAMLCPP                : enabled
20210211 061745.178 INFO             PET2 Finalizing ESMF
Thu Feb 11 08:32:40 MST 2021
