20210211 061751.467 INFO             PET3 !!!!!!!!!!!!!!!!!!!!!!!!!!!!!!!!!!!!!!!!!!!!!!!!!!!!!!
20210211 061751.468 INFO             PET3 !!! THE ESMF_LOG IS SET TO OUTPUT ALL LOG MESSAGES !!!
20210211 061751.468 INFO             PET3 !!!     THIS MAY CAUSE SLOWDOWN IN PERFORMANCE     !!!
20210211 061751.468 INFO             PET3 !!! FOR PRODUCTION RUNS, USE:                      !!!
20210211 061751.468 INFO             PET3 !!!                   ESMF_LOGKIND_Multi_On_Error  !!!
20210211 061751.468 INFO             PET3 !!!!!!!!!!!!!!!!!!!!!!!!!!!!!!!!!!!!!!!!!!!!!!!!!!!!!!
20210211 061751.468 INFO             PET3 Running with ESMF Version   : ESMF_8_1_0_beta_snapshot_44-53-gdb2e74ae37
20210211 061751.468 INFO             PET3 ESMF library build date/time: "Feb 11 2021" "06:10:30"
20210211 061751.468 INFO             PET3 ESMF library build location : /project/esmf/himanshu/esmf_test/cronjobs/daily/intel/esmf
20210211 061751.468 INFO             PET3 ESMF_COMM                   : mpich3
20210211 061751.468 INFO             PET3 ESMF_MOAB                   : enabled
20210211 061751.468 INFO             PET3 ESMF_LAPACK                 : enabled
20210211 061751.468 INFO             PET3 ESMF_NETCDF                 : enabled
20210211 061751.468 INFO             PET3 ESMF_PNETCDF                : disabled
20210211 061751.468 INFO             PET3 ESMF_PIO                    : enabled
20210211 061751.468 INFO             PET3 ESMF_YAMLCPP                : enabled
20210211 061751.468 INFO             PET3 Finalizing ESMF
20210211 061751.507 INFO             PET3 !!!!!!!!!!!!!!!!!!!!!!!!!!!!!!!!!!!!!!!!!!!!!!!!!!!!!!
20210211 061751.508 INFO             PET3 !!! THE ESMF_LOG IS SET TO OUTPUT ALL LOG MESSAGES !!!
20210211 061751.508 INFO             PET3 !!!     THIS MAY CAUSE SLOWDOWN IN PERFORMANCE     !!!
20210211 061751.508 INFO             PET3 !!! FOR PRODUCTION RUNS, USE:                      !!!
20210211 061751.508 INFO             PET3 !!!                   ESMF_LOGKIND_Multi_On_Error  !!!
20210211 061751.508 INFO             PET3 !!!!!!!!!!!!!!!!!!!!!!!!!!!!!!!!!!!!!!!!!!!!!!!!!!!!!!
20210211 061751.508 INFO             PET3 Running with ESMF Version   : ESMF_8_1_0_beta_snapshot_44-53-gdb2e74ae37
20210211 061751.508 INFO             PET3 ESMF library build date/time: "Feb 11 2021" "06:10:30"
20210211 061751.508 INFO             PET3 ESMF library build location : /project/esmf/himanshu/esmf_test/cronjobs/daily/intel/esmf
20210211 061751.508 INFO             PET3 ESMF_COMM                   : mpich3
20210211 061751.508 INFO             PET3 ESMF_MOAB                   : enabled
20210211 061751.508 INFO             PET3 ESMF_LAPACK                 : enabled
20210211 061751.508 INFO             PET3 ESMF_NETCDF                 : enabled
20210211 061751.508 INFO             PET3 ESMF_PNETCDF                : disabled
20210211 061751.508 INFO             PET3 ESMF_PIO                    : enabled
20210211 061751.508 INFO             PET3 ESMF_YAMLCPP                : enabled
20210211 061751.509 INFO             PET3 Finalizing ESMF
20210211 061751.548 INFO             PET3 !!!!!!!!!!!!!!!!!!!!!!!!!!!!!!!!!!!!!!!!!!!!!!!!!!!!!!
20210211 061751.548 INFO             PET3 !!! THE ESMF_LOG IS SET TO OUTPUT ALL LOG MESSAGES !!!
20210211 061751.548 INFO             PET3 !!!     THIS MAY CAUSE SLOWDOWN IN PERFORMANCE     !!!
20210211 061751.548 INFO             PET3 !!! FOR PRODUCTION RUNS, USE:                      !!!
20210211 061751.548 INFO             PET3 !!!                   ESMF_LOGKIND_Multi_On_Error  !!!
20210211 061751.548 INFO             PET3 !!!!!!!!!!!!!!!!!!!!!!!!!!!!!!!!!!!!!!!!!!!!!!!!!!!!!!
20210211 061751.548 INFO             PET3 Running with ESMF Version   : ESMF_8_1_0_beta_snapshot_44-53-gdb2e74ae37
20210211 061751.548 INFO             PET3 ESMF library build date/time: "Feb 11 2021" "06:10:30"
20210211 061751.548 INFO             PET3 ESMF library build location : /project/esmf/himanshu/esmf_test/cronjobs/daily/intel/esmf
20210211 061751.548 INFO             PET3 ESMF_COMM                   : mpich3
20210211 061751.548 INFO             PET3 ESMF_MOAB                   : enabled
20210211 061751.548 INFO             PET3 ESMF_LAPACK                 : enabled
20210211 061751.548 INFO             PET3 ESMF_NETCDF                 : enabled
20210211 061751.548 INFO             PET3 ESMF_PNETCDF                : disabled
20210211 061751.548 INFO             PET3 ESMF_PIO                    : enabled
20210211 061751.548 INFO             PET3 ESMF_YAMLCPP                : enabled
20210211 061751.549 INFO             PET3 Finalizing ESMF
Thu Feb 11 08:32:40 MST 2021
