Making directory /project/esmf/himanshu/gfortran/esmf/examples/examplesO/Linux.gfortran.64.openmpi.default for examples output
gmake config_examples
gmake[1]: Entering directory '/project/esmf/himanshu/gfortran/esmf'
gmake[1]: Leaving directory '/project/esmf/himanshu/gfortran/esmf'
gmake ACTION=tree_build_examples tree
gmake[1]: Entering directory '/project/esmf/himanshu/gfortran/esmf'
tree_build_examples in: /project/esmf/himanshu/gfortran/esmf/src
gmake[2]: Entering directory '/project/esmf/himanshu/gfortran/esmf/src'
tree_build_examples in: /project/esmf/himanshu/gfortran/esmf/src/prologue
gmake[3]: Entering directory '/project/esmf/himanshu/gfortran/esmf/src/prologue'
tree_build_examples in: /project/esmf/himanshu/gfortran/esmf/src/prologue/tests
gmake[4]: Entering directory '/project/esmf/himanshu/gfortran/esmf/src/prologue/tests'
gmake[4]: Leaving directory '/project/esmf/himanshu/gfortran/esmf/src/prologue/tests'
tree_build_examples in: /project/esmf/himanshu/gfortran/esmf/src/prologue/yaml-cpp
gmake[4]: Entering directory '/project/esmf/himanshu/gfortran/esmf/src/prologue/yaml-cpp'
tree_build_examples in: /project/esmf/himanshu/gfortran/esmf/src/prologue/yaml-cpp/src
gmake[5]: Entering directory '/project/esmf/himanshu/gfortran/esmf/src/prologue/yaml-cpp/src'
gmake[5]: Leaving directory '/project/esmf/himanshu/gfortran/esmf/src/prologue/yaml-cpp/src'
gmake[4]: Leaving directory '/project/esmf/himanshu/gfortran/esmf/src/prologue/yaml-cpp'
gmake[3]: Leaving directory '/project/esmf/himanshu/gfortran/esmf/src/prologue'
tree_build_examples in: /project/esmf/himanshu/gfortran/esmf/src/test_harness
gmake[3]: Entering directory '/project/esmf/himanshu/gfortran/esmf/src/test_harness'
tree_build_examples in: /project/esmf/himanshu/gfortran/esmf/src/test_harness/src
gmake[4]: Entering directory '/project/esmf/himanshu/gfortran/esmf/src/test_harness/src'
gmake[4]: Leaving directory '/project/esmf/himanshu/gfortran/esmf/src/test_harness/src'
gmake[3]: Leaving directory '/project/esmf/himanshu/gfortran/esmf/src/test_harness'
tree_build_examples in: /project/esmf/himanshu/gfortran/esmf/src/Infrastructure
gmake[3]: Entering directory '/project/esmf/himanshu/gfortran/esmf/src/Infrastructure'
tree_build_examples in: /project/esmf/himanshu/gfortran/esmf/src/Infrastructure/stubs
gmake[4]: Entering directory '/project/esmf/himanshu/gfortran/esmf/src/Infrastructure/stubs'
tree_build_examples in: /project/esmf/himanshu/gfortran/esmf/src/Infrastructure/stubs/mpiuni
gmake[5]: Entering directory '/project/esmf/himanshu/gfortran/esmf/src/Infrastructure/stubs/mpiuni'
gmake[5]: Leaving directory '/project/esmf/himanshu/gfortran/esmf/src/Infrastructure/stubs/mpiuni'
gmake[4]: Leaving directory '/project/esmf/himanshu/gfortran/esmf/src/Infrastructure/stubs'
tree_build_examples in: /project/esmf/himanshu/gfortran/esmf/src/Infrastructure/Util
gmake[4]: Entering directory '/project/esmf/himanshu/gfortran/esmf/src/Infrastructure/Util'
tree_build_examples in: /project/esmf/himanshu/gfortran/esmf/src/Infrastructure/Util/src
gmake[5]: Entering directory '/project/esmf/himanshu/gfortran/esmf/src/Infrastructure/Util/src'
gmake[5]: Leaving directory '/project/esmf/himanshu/gfortran/esmf/src/Infrastructure/Util/src'
tree_build_examples in: /project/esmf/himanshu/gfortran/esmf/src/Infrastructure/Util/interface
gmake[5]: Entering directory '/project/esmf/himanshu/gfortran/esmf/src/Infrastructure/Util/interface'
gmake[5]: Leaving directory '/project/esmf/himanshu/gfortran/esmf/src/Infrastructure/Util/interface'
tree_build_examples in: /project/esmf/himanshu/gfortran/esmf/src/Infrastructure/Util/tests
gmake[5]: Entering directory '/project/esmf/himanshu/gfortran/esmf/src/Infrastructure/Util/tests'
gmake[5]: Leaving directory '/project/esmf/himanshu/gfortran/esmf/src/Infrastructure/Util/tests'
tree_build_examples in: /project/esmf/himanshu/gfortran/esmf/src/Infrastructure/Util/examples
gmake[5]: Entering directory '/project/esmf/himanshu/gfortran/esmf/src/Infrastructure/Util/examples'
gmake[5]: Leaving directory '/project/esmf/himanshu/gfortran/esmf/src/Infrastructure/Util/examples'
tree_build_examples in: /project/esmf/himanshu/gfortran/esmf/src/Infrastructure/Util/doc
gmake[5]: Entering directory '/project/esmf/himanshu/gfortran/esmf/src/Infrastructure/Util/doc'
gmake[5]: Leaving directory '/project/esmf/himanshu/gfortran/esmf/src/Infrastructure/Util/doc'
gmake[4]: Leaving directory '/project/esmf/himanshu/gfortran/esmf/src/Infrastructure/Util'
tree_build_examples in: /project/esmf/himanshu/gfortran/esmf/src/Infrastructure/LogErr
gmake[4]: Entering directory '/project/esmf/himanshu/gfortran/esmf/src/Infrastructure/LogErr'
tree_build_examples in: /project/esmf/himanshu/gfortran/esmf/src/Infrastructure/LogErr/src
gmake[5]: Entering directory '/project/esmf/himanshu/gfortran/esmf/src/Infrastructure/LogErr/src'
gmake[5]: Leaving directory '/project/esmf/himanshu/gfortran/esmf/src/Infrastructure/LogErr/src'
tree_build_examples in: /project/esmf/himanshu/gfortran/esmf/src/Infrastructure/LogErr/interface
gmake[5]: Entering directory '/project/esmf/himanshu/gfortran/esmf/src/Infrastructure/LogErr/interface'
gmake[5]: Leaving directory '/project/esmf/himanshu/gfortran/esmf/src/Infrastructure/LogErr/interface'
tree_build_examples in: /project/esmf/himanshu/gfortran/esmf/src/Infrastructure/LogErr/examples
gmake[5]: Entering directory '/project/esmf/himanshu/gfortran/esmf/src/Infrastructure/LogErr/examples'
mpifort -c -O -fPIC  -m64 -mcmodel=small -pthread -ffree-line-length-none  -fopenmp  -I/project/esmf/himanshu/gfortran/esmf/build_config/Linux.gfortran.default -I/project/esmf/himanshu/gfortran/esmf/src/Infrastructure -I/project/esmf/himanshu/gfortran/esmf/src/Superstructure -I/project/esmf/himanshu/gfortran/esmf/mod/modO/Linux.gfortran.64.openmpi.default -I/project/esmf/himanshu/gfortran/esmf/src/include   -DESMF_NO_INTEGER_1_BYTE -DESMF_NO_INTEGER_2_BYTE -DESMFVERSIONGIT='"ESMF_8_1_0_beta_snapshot_36-9-g02cdaf7f41"' -DESMF_MOAB=1 -DESMF_LAPACK=1 -DESMF_LAPACK_INTERNAL=1 -DESMF_NO_ACC_SOFTWARE_STACK=1 -DESMF_YAMLCPP=1 -DESMF_YAML=1 -DESMF_PIO=1 -DESMF_MPIIO -DESMF_NO_OPENACC -DESMF_TESTEXHAUSTIVE -DESMF_BOPT_O -DESMF_TESTCOMPTUNNEL -DSx86_64_small=1 -DESMF_OS_Linux=1 -DESMF_COMM=openmpi -DESMF_DIR=/project/esmf/himanshu/gfortran/esmf ESMF_LogErrEx.F90 -o ESMF_LogErrEx.o
mpifort     -m64 -mcmodel=small -pthread -Wl,--no-as-needed  -fopenmp -L/project/esmf/himanshu/gfortran/esmf/lib/libO/Linux.gfortran.64.openmpi.default  -L/usr/local/gcc-g++-gfortran-9.3.0/lib/gcc/x86_64-pc-linux-gnu/9.3.0/../../../../lib64/ -Wl,-rpath,/project/esmf/himanshu/gfortran/esmf/lib/libO/Linux.gfortran.64.openmpi.default  -Wl,-rpath,/usr/local/gcc-g++-gfortran-9.3.0/lib/gcc/x86_64-pc-linux-gnu/9.3.0/../../../../lib64/ -o /project/esmf/himanshu/gfortran/esmf/examples/examplesO/Linux.gfortran.64.openmpi.default/ESMF_LogErrEx  ESMF_LogErrEx.o -lesmf   -lrt -lstdc++ -ldl
/bin/ld: /cluster/openmpi-4.0.3-gcc-g++-gfortran-9.3.0/lib/libopen-pal.a(reachable_netlink_utils_common.o): undefined reference to symbol 'nlmsg_set_proto@@libnl_3'
//usr/lib64/libnl-3.so.200: error adding symbols: DSO missing from command line
collect2: error: ld returned 1 exit status
/project/esmf/himanshu/gfortran/esmf/build/common.mk:3398: recipe for target '/project/esmf/himanshu/gfortran/esmf/examples/examplesO/Linux.gfortran.64.openmpi.default/ESMF_LogErrEx' failed
gmake[5]: *** [/project/esmf/himanshu/gfortran/esmf/examples/examplesO/Linux.gfortran.64.openmpi.default/ESMF_LogErrEx] Error 1
gmake[5]: Leaving directory '/project/esmf/himanshu/gfortran/esmf/src/Infrastructure/LogErr/examples'
/project/esmf/himanshu/gfortran/esmf/build/common.mk:3816: recipe for target 'tree' failed
gmake[4]: *** [tree] Error 1
gmake[4]: Leaving directory '/project/esmf/himanshu/gfortran/esmf/src/Infrastructure/LogErr'
/project/esmf/himanshu/gfortran/esmf/build/common.mk:3816: recipe for target 'tree' failed
gmake[3]: *** [tree] Error 1
gmake[3]: Leaving directory '/project/esmf/himanshu/gfortran/esmf/src/Infrastructure'
/project/esmf/himanshu/gfortran/esmf/build/common.mk:3816: recipe for target 'tree' failed
gmake[2]: *** [tree] Error 1
gmake[2]: Leaving directory '/project/esmf/himanshu/gfortran/esmf/src'
/project/esmf/himanshu/gfortran/esmf/build/common.mk:3816: recipe for target 'tree' failed
gmake[1]: *** [tree] Error 1
gmake[1]: Leaving directory '/project/esmf/himanshu/gfortran/esmf'
/project/esmf/himanshu/gfortran/esmf/build/common.mk:3388: recipe for target 'build_examples' failed
gmake: *** [build_examples] Error 2
Wed Nov  4 05:36:48 MST 2020
