20200909 095118.136 INFO             PET1 !!!!!!!!!!!!!!!!!!!!!!!!!!!!!!!!!!!!!!!!!!!!!!!!!!!!!!
20200909 095118.136 INFO             PET1 !!! THE ESMF_LOG IS SET TO OUTPUT ALL LOG MESSAGES !!!
20200909 095118.136 INFO             PET1 !!!     THIS MAY CAUSE SLOWDOWN IN PERFORMANCE     !!!
20200909 095118.136 INFO             PET1 !!! FOR PRODUCTION RUNS, USE:                      !!!
20200909 095118.136 INFO             PET1 !!!                   ESMF_LOGKIND_Multi_On_Error  !!!
20200909 095118.136 INFO             PET1 !!!!!!!!!!!!!!!!!!!!!!!!!!!!!!!!!!!!!!!!!!!!!!!!!!!!!!
20200909 095118.136 INFO             PET1 Running with ESMF Version   : ESMF_8_1_0_beta_snapshot_27-60-g1b38836031
20200909 095118.136 INFO             PET1 ESMF library build date/time: "Sep  9 2020" "09:48:14"
20200909 095118.136 INFO             PET1 ESMF library build location : /project/esmf/himanshu/esmf_test/cronjobs/daily/gfortran/esmf
20200909 095118.136 INFO             PET1 ESMF_COMM                   : mpich3
20200909 095118.136 INFO             PET1 ESMF_NETCDF                 : enabled
20200909 095118.136 INFO             PET1 ESMF_PNETCDF                : disabled
20200909 095118.136 INFO             PET1 ESMF_PIO                    : enabled
20200909 095118.136 INFO             PET1 ESMF_YAMLCPP                : enabled
20200909 095118.136 INFO             PET1 ESMF_MOAB                   : enabled
20200909 095118.137 INFO             PET1 Finalizing ESMF
20200909 095118.212 INFO             PET1 !!!!!!!!!!!!!!!!!!!!!!!!!!!!!!!!!!!!!!!!!!!!!!!!!!!!!!
20200909 095118.212 INFO             PET1 !!! THE ESMF_LOG IS SET TO OUTPUT ALL LOG MESSAGES !!!
20200909 095118.212 INFO             PET1 !!!     THIS MAY CAUSE SLOWDOWN IN PERFORMANCE     !!!
20200909 095118.212 INFO             PET1 !!! FOR PRODUCTION RUNS, USE:                      !!!
20200909 095118.212 INFO             PET1 !!!                   ESMF_LOGKIND_Multi_On_Error  !!!
20200909 095118.212 INFO             PET1 !!!!!!!!!!!!!!!!!!!!!!!!!!!!!!!!!!!!!!!!!!!!!!!!!!!!!!
20200909 095118.212 INFO             PET1 Running with ESMF Version   : ESMF_8_1_0_beta_snapshot_27-60-g1b38836031
20200909 095118.212 INFO             PET1 ESMF library build date/time: "Sep  9 2020" "09:48:14"
20200909 095118.212 INFO             PET1 ESMF library build location : /project/esmf/himanshu/esmf_test/cronjobs/daily/gfortran/esmf
20200909 095118.212 INFO             PET1 ESMF_COMM                   : mpich3
20200909 095118.212 INFO             PET1 ESMF_NETCDF                 : enabled
20200909 095118.212 INFO             PET1 ESMF_PNETCDF                : disabled
20200909 095118.212 INFO             PET1 ESMF_PIO                    : enabled
20200909 095118.212 INFO             PET1 ESMF_YAMLCPP                : enabled
20200909 095118.212 INFO             PET1 ESMF_MOAB                   : enabled
20200909 095118.212 INFO             PET1 Finalizing ESMF
20200909 095118.286 INFO             PET1 !!!!!!!!!!!!!!!!!!!!!!!!!!!!!!!!!!!!!!!!!!!!!!!!!!!!!!
20200909 095118.286 INFO             PET1 !!! THE ESMF_LOG IS SET TO OUTPUT ALL LOG MESSAGES !!!
20200909 095118.286 INFO             PET1 !!!     THIS MAY CAUSE SLOWDOWN IN PERFORMANCE     !!!
20200909 095118.286 INFO             PET1 !!! FOR PRODUCTION RUNS, USE:                      !!!
20200909 095118.286 INFO             PET1 !!!                   ESMF_LOGKIND_Multi_On_Error  !!!
20200909 095118.286 INFO             PET1 !!!!!!!!!!!!!!!!!!!!!!!!!!!!!!!!!!!!!!!!!!!!!!!!!!!!!!
20200909 095118.286 INFO             PET1 Running with ESMF Version   : ESMF_8_1_0_beta_snapshot_27-60-g1b38836031
20200909 095118.286 INFO             PET1 ESMF library build date/time: "Sep  9 2020" "09:48:14"
20200909 095118.286 INFO             PET1 ESMF library build location : /project/esmf/himanshu/esmf_test/cronjobs/daily/gfortran/esmf
20200909 095118.286 INFO             PET1 ESMF_COMM                   : mpich3
20200909 095118.286 INFO             PET1 ESMF_NETCDF                 : enabled
20200909 095118.286 INFO             PET1 ESMF_PNETCDF                : disabled
20200909 095118.286 INFO             PET1 ESMF_PIO                    : enabled
20200909 095118.286 INFO             PET1 ESMF_YAMLCPP                : enabled
20200909 095118.286 INFO             PET1 ESMF_MOAB                   : enabled
20200909 095118.286 INFO             PET1 Finalizing ESMF
