20210216 142828.181 INFO             PET0 !!!!!!!!!!!!!!!!!!!!!!!!!!!!!!!!!!!!!!!!!!!!!!!!!!!!!!
20210216 142828.181 INFO             PET0 !!! THE ESMF_LOG IS SET TO OUTPUT ALL LOG MESSAGES !!!
20210216 142828.181 INFO             PET0 !!!     THIS MAY CAUSE SLOWDOWN IN PERFORMANCE     !!!
20210216 142828.181 INFO             PET0 !!! FOR PRODUCTION RUNS, USE:                      !!!
20210216 142828.181 INFO             PET0 !!!                   ESMF_LOGKIND_Multi_On_Error  !!!
20210216 142828.181 INFO             PET0 !!!!!!!!!!!!!!!!!!!!!!!!!!!!!!!!!!!!!!!!!!!!!!!!!!!!!!
20210216 142828.181 INFO             PET0 Running with ESMF Version   : ESMF_8_1_0_beta_snapshot_46
20210216 142828.181 INFO             PET0 ESMF library build date/time: "Feb 16 2021" "14:18:50"
20210216 142828.181 INFO             PET0 ESMF library build location : /scratch/esmf/esmf_test/cronjobs/trunk/intel/esmf
20210216 142828.181 INFO             PET0 ESMF_COMM                   : mpiuni
20210216 142828.181 INFO             PET0 ESMF_MOAB                   : enabled
20210216 142828.181 INFO             PET0 ESMF_LAPACK                 : enabled
20210216 142828.181 INFO             PET0 ESMF_NETCDF                 : disabled
20210216 142828.181 INFO             PET0 ESMF_PNETCDF                : disabled
20210216 142828.181 INFO             PET0 ESMF_PIO                    : disabled
20210216 142828.181 INFO             PET0 ESMF_YAMLCPP                : enabled
20210216 142828.182 INFO             PET0  NUMBER_OF_PROCESSORS           1
20210216 142828.182 INFO             PET0  PASS  Example ESMF_InternalStateEx, ESMF_InternalStateEx.F90, line 132
20210216 142828.182 INFO             PET0 Finalizing ESMF
Tue Feb 16 14:49:14 MST 2021
