20210226 114246.998 INFO             PET0 !!!!!!!!!!!!!!!!!!!!!!!!!!!!!!!!!!!!!!!!!!!!!!!!!!!!!!
20210226 114246.998 INFO             PET0 !!! THE ESMF_LOG IS SET TO OUTPUT ALL LOG MESSAGES !!!
20210226 114246.998 INFO             PET0 !!!     THIS MAY CAUSE SLOWDOWN IN PERFORMANCE     !!!
20210226 114246.998 INFO             PET0 !!! FOR PRODUCTION RUNS, USE:                      !!!
20210226 114246.998 INFO             PET0 !!!                   ESMF_LOGKIND_Multi_On_Error  !!!
20210226 114246.998 INFO             PET0 !!!!!!!!!!!!!!!!!!!!!!!!!!!!!!!!!!!!!!!!!!!!!!!!!!!!!!
20210226 114246.998 INFO             PET0 Running with ESMF Version   : ESMF_8_2_0_beta_snapshot_00-5-g14cea2bff6
20210226 114246.998 INFO             PET0 ESMF library build date/time: "Feb 26 2021" "11:30:13"
20210226 114246.998 INFO             PET0 ESMF library build location : /scratch/esmf/esmf_test/cronjobs/trunk/intel/esmf
20210226 114246.998 INFO             PET0 ESMF_COMM                   : mpiuni
20210226 114246.998 INFO             PET0 ESMF_MOAB                   : enabled
20210226 114246.998 INFO             PET0 ESMF_LAPACK                 : enabled
20210226 114246.998 INFO             PET0 ESMF_NETCDF                 : disabled
20210226 114246.998 INFO             PET0 ESMF_PNETCDF                : disabled
20210226 114246.998 INFO             PET0 ESMF_PIO                    : disabled
20210226 114246.998 INFO             PET0 ESMF_YAMLCPP                : enabled
20210226 114247.000 INFO             PET0  NUMBER_OF_PROCESSORS           1
20210226 114247.000 INFO             PET0  PASS  Example ESMF_CplEx, ESMF_CplEx.F90, line 457
20210226 114247.000 INFO             PET0 Finalizing ESMF
Sat Feb 27 19:26:51 MST 2021
