20201221 034102.694 INFO             PET0 !!!!!!!!!!!!!!!!!!!!!!!!!!!!!!!!!!!!!!!!!!!!!!!!!!!!!!
20201221 034102.694 INFO             PET0 !!! THE ESMF_LOG IS SET TO OUTPUT ALL LOG MESSAGES !!!
20201221 034102.694 INFO             PET0 !!!     THIS MAY CAUSE SLOWDOWN IN PERFORMANCE     !!!
20201221 034102.694 INFO             PET0 !!! FOR PRODUCTION RUNS, USE:                      !!!
20201221 034102.694 INFO             PET0 !!!                   ESMF_LOGKIND_Multi_On_Error  !!!
20201221 034102.694 INFO             PET0 !!!!!!!!!!!!!!!!!!!!!!!!!!!!!!!!!!!!!!!!!!!!!!!!!!!!!!
20201221 034102.694 INFO             PET0 Running with ESMF Version   : ESMF_8_1_0_beta_snapshot_39-24-gc0c902f0ea
20201221 034102.694 INFO             PET0 ESMF library build date/time: "Dec 21 2020" "03:32:24"
20201221 034102.694 INFO             PET0 ESMF library build location : /scratch/esmf/esmf_test/cronjobs/trunk/intel/esmf
20201221 034102.694 INFO             PET0 ESMF_COMM                   : mpiuni
20201221 034102.694 INFO             PET0 ESMF_NETCDF                 : disabled
20201221 034102.694 INFO             PET0 ESMF_PNETCDF                : disabled
20201221 034102.694 INFO             PET0 ESMF_PIO                    : disabled
20201221 034102.694 INFO             PET0 ESMF_YAMLCPP                : enabled
20201221 034102.694 INFO             PET0 ESMF_MOAB                   : enabled
20201221 034102.694 ERROR            PET0 ESMCI_State.C:982 ESMCI::State::read() Library needed by ESMF not present  - Internal subroutine call returned Error
20201221 034102.694 ERROR            PET0 ESMF_StateAPI.cppF90:3191 ESMF_StateRead Library needed by ESMF not present  - Internal subroutine call returned Error
20201221 034102.694 INFO             PET0  NUMBER_OF_PROCESSORS           1
20201221 034102.694 INFO             PET0  PASS  Example ESMF_StateReadWriteEx, ESMF_StateReadWriteEx.F90, line 185
20201221 034102.694 INFO             PET0 Finalizing ESMF
Mon Dec 21 04:00:06 MST 2020
