20210212 193113.656 INFO             PET0 !!!!!!!!!!!!!!!!!!!!!!!!!!!!!!!!!!!!!!!!!!!!!!!!!!!!!!
20210212 193113.656 INFO             PET0 !!! THE ESMF_LOG IS SET TO OUTPUT ALL LOG MESSAGES !!!
20210212 193113.656 INFO             PET0 !!!     THIS MAY CAUSE SLOWDOWN IN PERFORMANCE     !!!
20210212 193113.656 INFO             PET0 !!! FOR PRODUCTION RUNS, USE:                      !!!
20210212 193113.656 INFO             PET0 !!!                   ESMF_LOGKIND_Multi_On_Error  !!!
20210212 193113.656 INFO             PET0 !!!!!!!!!!!!!!!!!!!!!!!!!!!!!!!!!!!!!!!!!!!!!!!!!!!!!!
20210212 193113.656 INFO             PET0 Running with ESMF Version   : ESMF_8_1_0_beta_snapshot_44-78-ged48c699cb
20210212 193113.656 INFO             PET0 ESMF library build date/time: "Feb 12 2021" "19:22:59"
20210212 193113.656 INFO             PET0 ESMF library build location : /scratch/esmf/esmf_test/cronjobs/trunk/intel/esmf
20210212 193113.656 INFO             PET0 ESMF_COMM                   : mpiuni
20210212 193113.656 INFO             PET0 ESMF_MOAB                   : enabled
20210212 193113.656 INFO             PET0 ESMF_LAPACK                 : enabled
20210212 193113.656 INFO             PET0 ESMF_NETCDF                 : disabled
20210212 193113.656 INFO             PET0 ESMF_PNETCDF                : disabled
20210212 193113.656 INFO             PET0 ESMF_PIO                    : disabled
20210212 193113.656 INFO             PET0 ESMF_YAMLCPP                : enabled
20210212 193113.656 INFO             PET0  NUMBER_OF_PROCESSORS           1
20210212 193113.656 INFO             PET0  PASS  Example ESMF_TimeEx, ESMF_TimeEx.F90, line 141
20210212 193113.656 INFO             PET0 Finalizing ESMF
Sat Feb 13 01:22:33 MST 2021
