20201005 205442.597 INFO             PET0 !!!!!!!!!!!!!!!!!!!!!!!!!!!!!!!!!!!!!!!!!!!!!!!!!!!!!!
20201005 205442.597 INFO             PET0 !!! THE ESMF_LOG IS SET TO OUTPUT ALL LOG MESSAGES !!!
20201005 205442.597 INFO             PET0 !!!     THIS MAY CAUSE SLOWDOWN IN PERFORMANCE     !!!
20201005 205442.597 INFO             PET0 !!! FOR PRODUCTION RUNS, USE:                      !!!
20201005 205442.597 INFO             PET0 !!!                   ESMF_LOGKIND_Multi_On_Error  !!!
20201005 205442.597 INFO             PET0 !!!!!!!!!!!!!!!!!!!!!!!!!!!!!!!!!!!!!!!!!!!!!!!!!!!!!!
20201005 205442.597 INFO             PET0 Running with ESMF Version   : ESMF_8_1_0_beta_snapshot_31-11-g5775b4006e
20201005 205442.597 INFO             PET0 ESMF library build date/time: "Oct  5 2020" "20:32:42"
20201005 205442.597 INFO             PET0 ESMF library build location : /glade/scratch/himanshu/scripts_dir/daily/intel_cheyenne/esmf
20201005 205442.597 INFO             PET0 ESMF_COMM                   : intelmpi
20201005 205442.597 INFO             PET0 ESMF_NETCDF                 : disabled
20201005 205442.597 INFO             PET0 ESMF_PNETCDF                : disabled
20201005 205442.597 INFO             PET0 ESMF_PIO                    : enabled
20201005 205442.597 INFO             PET0 ESMF_YAMLCPP                : enabled
20201005 205442.597 INFO             PET0 ESMF_MOAB                   : enabled
20201005 205442.597 INFO             PET0  NUMBER_OF_PROCESSORS           4
20201005 205442.597 INFO             PET0  PASS  Example ESMF_VMUserMpiCommMultiEx, ESMF_VMUserMpiCommMultiEx.F90, line 126
20201005 205442.597 INFO             PET0 Finalizing ESMF
20201005 205442.597 INFO             PET0 !!!!!!!!!!!!!!!!!!!!!!!!!!!!!!!!!!!!!!!!!!!!!!!!!!!!!!
20201005 205442.597 INFO             PET0 !!! THE ESMF_LOG IS SET TO OUTPUT ALL LOG MESSAGES !!!
20201005 205442.597 INFO             PET0 !!!     THIS MAY CAUSE SLOWDOWN IN PERFORMANCE     !!!
20201005 205442.597 INFO             PET0 !!! FOR PRODUCTION RUNS, USE:                      !!!
20201005 205442.597 INFO             PET0 !!!                   ESMF_LOGKIND_Multi_On_Error  !!!
20201005 205442.597 INFO             PET0 !!!!!!!!!!!!!!!!!!!!!!!!!!!!!!!!!!!!!!!!!!!!!!!!!!!!!!
20201005 205442.597 INFO             PET0 Running with ESMF Version   : ESMF_8_1_0_beta_snapshot_31-11-g5775b4006e
20201005 205442.597 INFO             PET0 ESMF library build date/time: "Oct  5 2020" "20:32:42"
20201005 205442.597 INFO             PET0 ESMF library build location : /glade/scratch/himanshu/scripts_dir/daily/intel_cheyenne/esmf
20201005 205442.597 INFO             PET0 ESMF_COMM                   : intelmpi
20201005 205442.597 INFO             PET0 ESMF_NETCDF                 : disabled
20201005 205442.597 INFO             PET0 ESMF_PNETCDF                : disabled
20201005 205442.597 INFO             PET0 ESMF_PIO                    : enabled
20201005 205442.597 INFO             PET0 ESMF_YAMLCPP                : enabled
20201005 205442.597 INFO             PET0 ESMF_MOAB                   : enabled
20201005 205442.597 INFO             PET0  NUMBER_OF_PROCESSORS           4
20201005 205442.597 INFO             PET0  PASS  Example ESMF_VMUserMpiCommMultiEx, ESMF_VMUserMpiCommMultiEx.F90, line 154
20201005 205442.597 INFO             PET0 Finalizing ESMF
20201005 205442.597 INFO             PET1 !!!!!!!!!!!!!!!!!!!!!!!!!!!!!!!!!!!!!!!!!!!!!!!!!!!!!!
20201005 205442.597 INFO             PET1 !!! THE ESMF_LOG IS SET TO OUTPUT ALL LOG MESSAGES !!!
20201005 205442.597 INFO             PET1 !!!     THIS MAY CAUSE SLOWDOWN IN PERFORMANCE     !!!
20201005 205442.597 INFO             PET1 !!! FOR PRODUCTION RUNS, USE:                      !!!
20201005 205442.597 INFO             PET1 !!!                   ESMF_LOGKIND_Multi_On_Error  !!!
20201005 205442.597 INFO             PET1 !!!!!!!!!!!!!!!!!!!!!!!!!!!!!!!!!!!!!!!!!!!!!!!!!!!!!!
20201005 205442.597 INFO             PET1 Running with ESMF Version   : ESMF_8_1_0_beta_snapshot_31-11-g5775b4006e
20201005 205442.597 INFO             PET1 ESMF library build date/time: "Oct  5 2020" "20:32:42"
20201005 205442.597 INFO             PET1 ESMF library build location : /glade/scratch/himanshu/scripts_dir/daily/intel_cheyenne/esmf
20201005 205442.597 INFO             PET1 ESMF_COMM                   : intelmpi
20201005 205442.597 INFO             PET1 ESMF_NETCDF                 : disabled
20201005 205442.597 INFO             PET1 ESMF_PNETCDF                : disabled
20201005 205442.597 INFO             PET1 ESMF_PIO                    : enabled
20201005 205442.597 INFO             PET1 ESMF_YAMLCPP                : enabled
20201005 205442.597 INFO             PET1 ESMF_MOAB                   : enabled
20201005 205442.597 INFO             PET1  NUMBER_OF_PROCESSORS           4
20201005 205442.597 INFO             PET1  PASS  Example ESMF_VMUserMpiCommMultiEx, ESMF_VMUserMpiCommMultiEx.F90, line 126
20201005 205442.597 INFO             PET1 Finalizing ESMF
20201005 205442.596 INFO             PET1 !!!!!!!!!!!!!!!!!!!!!!!!!!!!!!!!!!!!!!!!!!!!!!!!!!!!!!
20201005 205442.596 INFO             PET1 !!! THE ESMF_LOG IS SET TO OUTPUT ALL LOG MESSAGES !!!
20201005 205442.596 INFO             PET1 !!!     THIS MAY CAUSE SLOWDOWN IN PERFORMANCE     !!!
20201005 205442.596 INFO             PET1 !!! FOR PRODUCTION RUNS, USE:                      !!!
20201005 205442.596 INFO             PET1 !!!                   ESMF_LOGKIND_Multi_On_Error  !!!
20201005 205442.596 INFO             PET1 !!!!!!!!!!!!!!!!!!!!!!!!!!!!!!!!!!!!!!!!!!!!!!!!!!!!!!
20201005 205442.596 INFO             PET1 Running with ESMF Version   : ESMF_8_1_0_beta_snapshot_31-11-g5775b4006e
20201005 205442.597 INFO             PET1 ESMF library build date/time: "Oct  5 2020" "20:32:42"
20201005 205442.597 INFO             PET1 ESMF library build location : /glade/scratch/himanshu/scripts_dir/daily/intel_cheyenne/esmf
20201005 205442.597 INFO             PET1 ESMF_COMM                   : intelmpi
20201005 205442.597 INFO             PET1 ESMF_NETCDF                 : disabled
20201005 205442.597 INFO             PET1 ESMF_PNETCDF                : disabled
20201005 205442.597 INFO             PET1 ESMF_PIO                    : enabled
20201005 205442.597 INFO             PET1 ESMF_YAMLCPP                : enabled
20201005 205442.597 INFO             PET1 ESMF_MOAB                   : enabled
20201005 205442.597 INFO             PET1  NUMBER_OF_PROCESSORS           4
20201005 205442.597 INFO             PET1  PASS  Example ESMF_VMUserMpiCommMultiEx, ESMF_VMUserMpiCommMultiEx.F90, line 154
20201005 205442.597 INFO             PET1 Finalizing ESMF
