 NUOPC Basic Model template run
 NUOPC Basic Model template run
 NUOPC Basic Model template run
 NUOPC Basic Model template run

Program received signal SIGABRT: Process abort signal.

Backtrace for this error:

Program received signal SIGABRT: Process abort signal.

Backtrace for this error:

Program received signal SIGABRT: Process abort signal.

Backtrace for this error:
#0  0x10db8f48d
#1  0x10db8e8c3
#2  0x7fff7c190b5c

Program received signal SIGABRT: Process abort signal.

Backtrace for this error:
#0  0x10ae9348d
#1  0x10ae928c3
#2  0x7fff7c190b5c
#0  0x10f0d548d
#1  0x10f0d48c3
#2  0x7fff7c190b5c
#0  0x1052db48d
#1  0x1052da8c3
#2  0x7fff7c190b5c

===================================================================================
=   BAD TERMINATION OF ONE OF YOUR APPLICATION PROCESSES
=   PID 32944 RUNNING AT cgdm-catania
=   EXIT CODE: 6
=   CLEANING UP REMAINING PROCESSES
=   YOU CAN IGNORE THE BELOW CLEANUP MESSAGES
===================================================================================
YOUR APPLICATION TERMINATED WITH THE EXIT STRING: Abort trap: 6 (signal 6)
This typically refers to a problem with your application.
Please see the FAQ page for debugging suggestions
Sun Feb 28 02:18:30 MST 2021
