 localPET=           1  localDE=           0 : array(           1 ,           1 )=   0.0000000000000000     
 localPET=           1  localDE=           0 : array(           1 ,           2 )=   2.1219957929415349E-314
 localPET=           1  localDE=           0 : array(           2 ,           1 )=  -4.3291663564570164E-311
 localPET=           1  localDE=           0 : array(           2 ,           2 )=   2.7813635430919163E-309
 localPET=           3  localDE=           0 : array(           1 ,           1 )=   2.3158417847463239E+077
 localPET=           3  localDE=           0 : array(           1 ,           2 )=   4.2439915829186759E-314
 localPET=           3  localDE=           0 : array(           2 ,           1 )=   2.3158417847463239E+077
 localPET=           3  localDE=           0 : array(           2 ,           2 )=   2.7813423231340017E-309
 localPET=           0  localDE=           0 : array(           1 ,           1 )=   2.0000000000000000     
 localPET=           0  localDE=           0 : array(           1 ,           2 )=   1.4945700968188989E-154
 localPET=           0  localDE=           0 : array(           2 ,           1 )=   2.0000000000000000     
 localPET=           0  localDE=           0 : array(           2 ,           2 )=   2.0000000000000009     
 localPET=           1  localDE=           1 : array(           1 ,           1 )=   0.0000000000000000     
 localPET=           1  localDE=           1 : array(           2 ,           1 )=   0.0000000000000000     
 localPET=           2  localDE=           0 : array(           1 ,           1 )=  -1.7272337110188889E-077
 localPET=           2  localDE=           0 : array(           1 ,           2 )=  -1.7272337110188889E-077
 localPET=           2  localDE=           0 : array(           2 ,           1 )=  -1.7272337110188889E-077
 localPET=           2  localDE=           0 : array(           2 ,           2 )=   1.9762625833649862E-323
 localPET=           0  localDE=           0 : array(           3 ,           1 )=   2.0000000000000013     
 localPET=           0  localDE=           0 : array(           3 ,           2 )=   4.2153009571054738E-309
 localPET=           0  localDE=           1 : array(           1 ,           1 )=   2.0000000000000000     
 localPET=           0  localDE=           1 : array(           2 ,           1 )=   2.0000000000000000     
 localPET=           0  localDE=           1 : array(           3 ,           1 )=   2.0000000000000031     
 localPET=           2  localDE=           0 : array(           3 ,           1 )=  -1.7272337110188908E-077
 localPET=           2  localDE=           0 : array(           3 ,           2 )=   0.0000000000000000     
 localPet:            3 DE            3  [           1           2 ]
 localPet:            2 DE            2  [           1           3 ]
 localPet:            1 DE            1  [           1           2 ]
 localPet:            1 DE            5  [           1           2 ]
 localPet:            0 DE            0  [           1           3 ]
 localPet:            0 DE            4  [           1           3 ]
  PASS  Example ESMF_ArrayEx, ESMF_ArrayEx.F90, line 1899
 PASS: ESMF_ArrayEx.F90
  PASS  Example ESMF_ArrayEx, ESMF_ArrayEx.F90, line 1899
 PASS: ESMF_ArrayEx.F90
  PASS  Example ESMF_ArrayEx, ESMF_ArrayEx.F90, line 1899
 PASS: ESMF_ArrayEx.F90
  PASS  Example ESMF_ArrayEx, ESMF_ArrayEx.F90, line 1899
 PASS: ESMF_ArrayEx.F90
Thu Feb 25 11:37:14 MST 2021
