cd /project/esmf/bighorn_8.1.0/intel/esmf/src/apps; gmake ACTION=tree_build_apps tree
gmake[1]: Entering directory `/project/esmf/bighorn_8.1.0/intel/esmf/src/apps'
tree_build_apps in: /project/esmf/bighorn_8.1.0/intel/esmf/src/apps/ESMF_PrintInfo
gmake[2]: Entering directory `/project/esmf/bighorn_8.1.0/intel/esmf/src/apps/ESMF_PrintInfo'
gmake chkdir_apps
gmake[3]: Entering directory `/project/esmf/bighorn_8.1.0/intel/esmf/src/apps/ESMF_PrintInfo'
Making directory /project/esmf/bighorn_8.1.0/intel/esmf/apps/appsO/Linux.intel.64.mpiuni.default for apps output
gmake[3]: Leaving directory `/project/esmf/bighorn_8.1.0/intel/esmf/src/apps/ESMF_PrintInfo'
ifort    -m64 -mcmodel=small -pthread -threads -Wl,--no-as-needed  -qopenmp -L/project/esmf/bighorn_8.1.0/intel/esmf/lib/libO/Linux.intel.64.mpiuni.default   -Wl,-rpath,/project/esmf/bighorn_8.1.0/intel/esmf/lib/libO/Linux.intel.64.mpiuni.default  -o /project/esmf/bighorn_8.1.0/intel/esmf/apps/appsO/Linux.intel.64.mpiuni.default/ESMF_PrintInfo /project/esmf/bighorn_8.1.0/intel/esmf/obj/objO/Linux.intel.64.mpiuni.default/src/apps/ESMF_PrintInfo/ESMF_PrintInfo.o -lesmf  -cxxlib -lrt -ldl
gmake[2]: Leaving directory `/project/esmf/bighorn_8.1.0/intel/esmf/src/apps/ESMF_PrintInfo'
tree_build_apps in: /project/esmf/bighorn_8.1.0/intel/esmf/src/apps/ESMF_PrintInfoC
gmake[2]: Entering directory `/project/esmf/bighorn_8.1.0/intel/esmf/src/apps/ESMF_PrintInfoC'
gmake chkdir_apps
gmake[3]: Entering directory `/project/esmf/bighorn_8.1.0/intel/esmf/src/apps/ESMF_PrintInfoC'
gmake[3]: Leaving directory `/project/esmf/bighorn_8.1.0/intel/esmf/src/apps/ESMF_PrintInfoC'
icpc    -m64 -mcmodel=small -pthread -Wl,--no-as-needed  -qopenmp -L/project/esmf/bighorn_8.1.0/intel/esmf/lib/libO/Linux.intel.64.mpiuni.default  -L/usr/local/intel-cluster-19.0.2/compilers_and_libraries_2019.2.187/linux/compiler/lib/intel64_lin/ -Wl,-rpath,/project/esmf/bighorn_8.1.0/intel/esmf/lib/libO/Linux.intel.64.mpiuni.default  -Wl,-rpath,/usr/local/intel-cluster-19.0.2/compilers_and_libraries_2019.2.187/linux/compiler/lib/intel64_lin/ -o /project/esmf/bighorn_8.1.0/intel/esmf/apps/appsO/Linux.intel.64.mpiuni.default/ESMF_PrintInfoC /project/esmf/bighorn_8.1.0/intel/esmf/obj/objO/Linux.intel.64.mpiuni.default/src/apps/ESMF_PrintInfoC/ESMF_PrintInfoC.o -lesmf  -lifport -lifcoremt -limf -lsvml -lm -lipgo -liomp5 -lintlc -lpthread -lsvml -lgcc -lgcc_s -lirc_s -ldl -lrt -ldl
gmake[2]: Leaving directory `/project/esmf/bighorn_8.1.0/intel/esmf/src/apps/ESMF_PrintInfoC'
tree_build_apps in: /project/esmf/bighorn_8.1.0/intel/esmf/src/apps/ESMF_RegridWeightGen
gmake[2]: Entering directory `/project/esmf/bighorn_8.1.0/intel/esmf/src/apps/ESMF_RegridWeightGen'
gmake chkdir_apps
gmake[3]: Entering directory `/project/esmf/bighorn_8.1.0/intel/esmf/src/apps/ESMF_RegridWeightGen'
gmake[3]: Leaving directory `/project/esmf/bighorn_8.1.0/intel/esmf/src/apps/ESMF_RegridWeightGen'
ifort    -m64 -mcmodel=small -pthread -threads -Wl,--no-as-needed  -qopenmp -L/project/esmf/bighorn_8.1.0/intel/esmf/lib/libO/Linux.intel.64.mpiuni.default   -Wl,-rpath,/project/esmf/bighorn_8.1.0/intel/esmf/lib/libO/Linux.intel.64.mpiuni.default  -o /project/esmf/bighorn_8.1.0/intel/esmf/apps/appsO/Linux.intel.64.mpiuni.default/ESMF_RegridWeightGen /project/esmf/bighorn_8.1.0/intel/esmf/obj/objO/Linux.intel.64.mpiuni.default/src/apps/ESMF_RegridWeightGen/ESMF_RegridWeightGen.o -lesmf  -cxxlib -lrt -ldl
gmake[2]: Leaving directory `/project/esmf/bighorn_8.1.0/intel/esmf/src/apps/ESMF_RegridWeightGen'
tree_build_apps in: /project/esmf/bighorn_8.1.0/intel/esmf/src/apps/ESMF_WebServController
gmake[2]: Entering directory `/project/esmf/bighorn_8.1.0/intel/esmf/src/apps/ESMF_WebServController'
gmake chkdir_apps
gmake[3]: Entering directory `/project/esmf/bighorn_8.1.0/intel/esmf/src/apps/ESMF_WebServController'
gmake[3]: Leaving directory `/project/esmf/bighorn_8.1.0/intel/esmf/src/apps/ESMF_WebServController'
icpc    -m64 -mcmodel=small -pthread -Wl,--no-as-needed  -qopenmp -L/project/esmf/bighorn_8.1.0/intel/esmf/lib/libO/Linux.intel.64.mpiuni.default  -L/usr/local/intel-cluster-19.0.2/compilers_and_libraries_2019.2.187/linux/compiler/lib/intel64_lin/ -Wl,-rpath,/project/esmf/bighorn_8.1.0/intel/esmf/lib/libO/Linux.intel.64.mpiuni.default  -Wl,-rpath,/usr/local/intel-cluster-19.0.2/compilers_and_libraries_2019.2.187/linux/compiler/lib/intel64_lin/ -o /project/esmf/bighorn_8.1.0/intel/esmf/apps/appsO/Linux.intel.64.mpiuni.default/ESMF_WebServController /project/esmf/bighorn_8.1.0/intel/esmf/obj/objO/Linux.intel.64.mpiuni.default/src/apps/ESMF_WebServController/ESMF_WebServController.o -lesmf  -lifport -lifcoremt -limf -lsvml -lm -lipgo -liomp5 -lintlc -lpthread -lsvml -lgcc -lgcc_s -lirc_s -ldl -lrt -ldl
gmake[2]: Leaving directory `/project/esmf/bighorn_8.1.0/intel/esmf/src/apps/ESMF_WebServController'
tree_build_apps in: /project/esmf/bighorn_8.1.0/intel/esmf/src/apps/ESMF_Scrip2Unstruct
gmake[2]: Entering directory `/project/esmf/bighorn_8.1.0/intel/esmf/src/apps/ESMF_Scrip2Unstruct'
gmake chkdir_apps
gmake[3]: Entering directory `/project/esmf/bighorn_8.1.0/intel/esmf/src/apps/ESMF_Scrip2Unstruct'
gmake[3]: Leaving directory `/project/esmf/bighorn_8.1.0/intel/esmf/src/apps/ESMF_Scrip2Unstruct'
icpc    -m64 -mcmodel=small -pthread -Wl,--no-as-needed  -qopenmp -L/project/esmf/bighorn_8.1.0/intel/esmf/lib/libO/Linux.intel.64.mpiuni.default  -L/usr/local/intel-cluster-19.0.2/compilers_and_libraries_2019.2.187/linux/compiler/lib/intel64_lin/ -Wl,-rpath,/project/esmf/bighorn_8.1.0/intel/esmf/lib/libO/Linux.intel.64.mpiuni.default  -Wl,-rpath,/usr/local/intel-cluster-19.0.2/compilers_and_libraries_2019.2.187/linux/compiler/lib/intel64_lin/ -o /project/esmf/bighorn_8.1.0/intel/esmf/apps/appsO/Linux.intel.64.mpiuni.default/ESMF_Scrip2Unstruct /project/esmf/bighorn_8.1.0/intel/esmf/obj/objO/Linux.intel.64.mpiuni.default/src/apps/ESMF_Scrip2Unstruct/ESMF_Scrip2Unstruct.o -lesmf  -lifport -lifcoremt -limf -lsvml -lm -lipgo -liomp5 -lintlc -lpthread -lsvml -lgcc -lgcc_s -lirc_s -ldl -lrt -ldl
gmake[2]: Leaving directory `/project/esmf/bighorn_8.1.0/intel/esmf/src/apps/ESMF_Scrip2Unstruct'
tree_build_apps in: /project/esmf/bighorn_8.1.0/intel/esmf/src/apps/ESMF_Regrid
gmake[2]: Entering directory `/project/esmf/bighorn_8.1.0/intel/esmf/src/apps/ESMF_Regrid'
gmake chkdir_apps
gmake[3]: Entering directory `/project/esmf/bighorn_8.1.0/intel/esmf/src/apps/ESMF_Regrid'
gmake[3]: Leaving directory `/project/esmf/bighorn_8.1.0/intel/esmf/src/apps/ESMF_Regrid'
ifort    -m64 -mcmodel=small -pthread -threads -Wl,--no-as-needed  -qopenmp -L/project/esmf/bighorn_8.1.0/intel/esmf/lib/libO/Linux.intel.64.mpiuni.default   -Wl,-rpath,/project/esmf/bighorn_8.1.0/intel/esmf/lib/libO/Linux.intel.64.mpiuni.default  -o /project/esmf/bighorn_8.1.0/intel/esmf/apps/appsO/Linux.intel.64.mpiuni.default/ESMF_Regrid /project/esmf/bighorn_8.1.0/intel/esmf/obj/objO/Linux.intel.64.mpiuni.default/src/apps/ESMF_Regrid/ESMF_Regrid.o -lesmf  -cxxlib -lrt -ldl
gmake[2]: Leaving directory `/project/esmf/bighorn_8.1.0/intel/esmf/src/apps/ESMF_Regrid'
gmake[1]: Leaving directory `/project/esmf/bighorn_8.1.0/intel/esmf/src/apps'
ESMF apps built successfully.
Tue Feb 23 14:58:51 MST 2021
