 
Installing ESMF:
 
mkdir -p /project/esmf/himanshu/ESMF-Testing-PGI/esmf/DEFAULTINSTALLDIR/include
cp -f /project/esmf/himanshu/ESMF-Testing-PGI/esmf/src/include/ESMC.h /project/esmf/himanshu/ESMF-Testing-PGI/esmf/DEFAULTINSTALLDIR/include
cp -f /project/esmf/himanshu/ESMF-Testing-PGI/esmf/src/include/ESMC_*.h /project/esmf/himanshu/ESMF-Testing-PGI/esmf/DEFAULTINSTALLDIR/include
cp -f /project/esmf/himanshu/ESMF-Testing-PGI/esmf/build_config/Linux.pgi.default/ESMC_Conf.h /project/esmf/himanshu/ESMF-Testing-PGI/esmf/DEFAULTINSTALLDIR/include
mkdir -p /project/esmf/himanshu/ESMF-Testing-PGI/esmf/DEFAULTINSTALLDIR/mod/modg/Linux.pgi.64.mpiuni.default
cp -f /project/esmf/himanshu/ESMF-Testing-PGI/esmf/mod/modg/Linux.pgi.64.mpiuni.default/*.mod /project/esmf/himanshu/ESMF-Testing-PGI/esmf/DEFAULTINSTALLDIR/mod/modg/Linux.pgi.64.mpiuni.default
mkdir -p /project/esmf/himanshu/ESMF-Testing-PGI/esmf/DEFAULTINSTALLDIR/lib/libg/Linux.pgi.64.mpiuni.default
cp -f /project/esmf/himanshu/ESMF-Testing-PGI/esmf/lib/libg/Linux.pgi.64.mpiuni.default/libesmf*.* /project/esmf/himanshu/ESMF-Testing-PGI/esmf/DEFAULTINSTALLDIR/lib/libg/Linux.pgi.64.mpiuni.default
gmake ESMF_PRELOADDIR=/project/esmf/himanshu/ESMF-Testing-PGI/esmf/DEFAULTINSTALLDIR/lib/libg/Linux.pgi.64.mpiuni.default build_preload_script
gmake[1]: Entering directory '/project/esmf/himanshu/ESMF-Testing-PGI/esmf'
chmod 755 /project/esmf/himanshu/ESMF-Testing-PGI/esmf/DEFAULTINSTALLDIR/lib/libg/Linux.pgi.64.mpiuni.default/preload.sh
gmake[1]: Leaving directory '/project/esmf/himanshu/ESMF-Testing-PGI/esmf'
ranlib /project/esmf/himanshu/ESMF-Testing-PGI/esmf/DEFAULTINSTALLDIR/lib/libg/Linux.pgi.64.mpiuni.default/libesmf*.a
gmake install_apps
gmake[1]: Entering directory '/project/esmf/himanshu/ESMF-Testing-PGI/esmf'
mkdir -p /project/esmf/himanshu/ESMF-Testing-PGI/esmf/DEFAULTINSTALLDIR/bin/bing/Linux.pgi.64.mpiuni.default
gmake build_apps ESMF_APPSDIR=/project/esmf/himanshu/ESMF-Testing-PGI/esmf/DEFAULTINSTALLDIR/bin/bing/Linux.pgi.64.mpiuni.default ESMF_LDIR=/project/esmf/himanshu/ESMF-Testing-PGI/esmf/DEFAULTINSTALLDIR/lib/libg/Linux.pgi.64.mpiuni.default ESMF_LIBDIR=/project/esmf/himanshu/ESMF-Testing-PGI/esmf/DEFAULTINSTALLDIR/lib/libg/Linux.pgi.64.mpiuni.default ESMF_MODDIR=/project/esmf/himanshu/ESMF-Testing-PGI/esmf/DEFAULTINSTALLDIR/mod/modg/Linux.pgi.64.mpiuni.default
gmake[2]: Entering directory '/project/esmf/himanshu/ESMF-Testing-PGI/esmf'
cd /project/esmf/himanshu/ESMF-Testing-PGI/esmf/src/apps; gmake ACTION=tree_build_apps tree
gmake[3]: Entering directory '/project/esmf/himanshu/ESMF-Testing-PGI/esmf/src/apps'
tree_build_apps in: /project/esmf/himanshu/ESMF-Testing-PGI/esmf/src/apps/ESMF_Info
gmake[4]: Entering directory '/project/esmf/himanshu/ESMF-Testing-PGI/esmf/src/apps/ESMF_Info'
gmake chkdir_locobj
gmake[5]: Entering directory '/project/esmf/himanshu/ESMF-Testing-PGI/esmf/src/apps/ESMF_Info'
Making directory /project/esmf/himanshu/ESMF-Testing-PGI/esmf/obj/objg/Linux.pgi.64.mpiuni.default/src/apps/ESMF_Info for apps output
gmake[5]: Leaving directory '/project/esmf/himanshu/ESMF-Testing-PGI/esmf/src/apps/ESMF_Info'
pgf90 -c -g -fpic -Mallocatable=03 -lpthread  -I/project/esmf/himanshu/ESMF-Testing-PGI/esmf/build_config/Linux.pgi.default -I/project/esmf/himanshu/ESMF-Testing-PGI/esmf/src/Infrastructure -I/project/esmf/himanshu/ESMF-Testing-PGI/esmf/src/Superstructure -I/project/esmf/himanshu/ESMF-Testing-PGI/esmf/DEFAULTINSTALLDIR/mod/modg/Linux.pgi.64.mpiuni.default -I/project/esmf/himanshu/ESMF-Testing-PGI/esmf/src/include -I/usr/local/netcdf-c-4.7.4-f-4.5.2-pgi-pgcc-pghf-20.1/include -I/usr/local/netcdf-c-4.7.4-f-4.5.2-pgi-pgcc-pghf-20.1/include  -DESMF_NO_INTEGER_1_BYTE -DESMF_NO_INTEGER_2_BYTE -DESMFVERSIONGIT='"ESMF_8_1_0_beta_snapshot_43-3-g4b8b9e7b91"' -DESMF_MOAB=1 -DESMF_LAPACK=1 -DESMF_LAPACK_INTERNAL=1 -DESMF_NO_ACC_SOFTWARE_STACK=1 -DESMF_NETCDF=1 -DESMF_YAMLCPP=1 -DESMF_YAML=1 -DESMF_NO_OPENMP -DESMF_NO_OPENACC -DESMF_TESTEXHAUSTIVE -DESMF_BOPT_g -DESMF_TESTCOMPTUNNEL -DESMF_TESTWITHTHREADS -DSx86_64_small=1 -DESMF_OS_Linux=1 -DESMF_COMM=mpiuni -DESMF_DIR=/project/esmf/himanshu/ESMF-Testing-PGI/esmf -DESMF_MPIUNI -DESMF_PGIVERSION_MAJOR=20 -DESMF_PGIVERSION_MINOR=1 -DESMF_PGIVERSION_PATCH=0 -DESMF_NO_F2018ASSUMEDTYPE ESMF_Info.F90 -o /project/esmf/himanshu/ESMF-Testing-PGI/esmf/obj/objg/Linux.pgi.64.mpiuni.default/src/apps/ESMF_Info/ESMF_Info.o
gmake chkdir_apps
gmake[5]: Entering directory '/project/esmf/himanshu/ESMF-Testing-PGI/esmf/src/apps/ESMF_Info'
gmake[5]: Leaving directory '/project/esmf/himanshu/ESMF-Testing-PGI/esmf/src/apps/ESMF_Info'
pgf90    -lpthread -Wl,--no-as-needed -L/project/esmf/himanshu/ESMF-Testing-PGI/esmf/DEFAULTINSTALLDIR/lib/libg/Linux.pgi.64.mpiuni.default -L/usr/local/netcdf-c-4.7.4-f-4.5.2-pgi-pgcc-pghf-20.1/lib -L/usr/local/netcdf-c-4.7.4-f-4.5.2-pgi-pgcc-pghf-20.1/lib -L/usr/local/hdf5-1.12.0-gcc-g++-gfortran-9.3.0/lib -L/usr/local/netcdf-c-4.7.4-f-4.5.2-pgi-pgcc-pghf-20.1/lib -L/usr/local/pgi-pgcc-pgf-20.1/linux86-64-llvm/20.1/libso -Wl,-rpath,/project/esmf/himanshu/ESMF-Testing-PGI/esmf/DEFAULTINSTALLDIR/lib/libg/Linux.pgi.64.mpiuni.default -Wl,-rpath,/usr/local/netcdf-c-4.7.4-f-4.5.2-pgi-pgcc-pghf-20.1/lib -Wl,-rpath,/usr/local/netcdf-c-4.7.4-f-4.5.2-pgi-pgcc-pghf-20.1/lib -Wl,-rpath,/usr/local/hdf5-1.12.0-gcc-g++-gfortran-9.3.0/lib -Wl,-rpath,/usr/local/netcdf-c-4.7.4-f-4.5.2-pgi-pgcc-pghf-20.1/lib -Wl,-rpath,/usr/local/pgi-pgcc-pgf-20.1/linux86-64-llvm/20.1/libso -o /project/esmf/himanshu/ESMF-Testing-PGI/esmf/DEFAULTINSTALLDIR/bin/bing/Linux.pgi.64.mpiuni.default/ESMF_Info /project/esmf/himanshu/ESMF-Testing-PGI/esmf/obj/objg/Linux.pgi.64.mpiuni.default/src/apps/ESMF_Info/ESMF_Info.o -lesmf  -pgc++libs -ldl -lnetcdf -lnetcdff -lnetcdf -lnetcdf
gmake[4]: Leaving directory '/project/esmf/himanshu/ESMF-Testing-PGI/esmf/src/apps/ESMF_Info'
tree_build_apps in: /project/esmf/himanshu/ESMF-Testing-PGI/esmf/src/apps/ESMF_InfoC
gmake[4]: Entering directory '/project/esmf/himanshu/ESMF-Testing-PGI/esmf/src/apps/ESMF_InfoC'
gmake chkdir_locobj
gmake[5]: Entering directory '/project/esmf/himanshu/ESMF-Testing-PGI/esmf/src/apps/ESMF_InfoC'
Making directory /project/esmf/himanshu/ESMF-Testing-PGI/esmf/obj/objg/Linux.pgi.64.mpiuni.default/src/apps/ESMF_InfoC for apps output
gmake[5]: Leaving directory '/project/esmf/himanshu/ESMF-Testing-PGI/esmf/src/apps/ESMF_InfoC'
pgc++ -c -std=c++11 -g -fpic -lpthread -I/project/esmf/himanshu/ESMF-Testing-PGI/esmf/src/apps/ESMF_InfoC -I/project/esmf/himanshu/ESMF-Testing-PGI/esmf/src/apps/ESMF_InfoC/../include -I/project/esmf/himanshu/ESMF-Testing-PGI/esmf/build_config/Linux.pgi.default -I/project/esmf/himanshu/ESMF-Testing-PGI/esmf/src/Infrastructure -I/project/esmf/himanshu/ESMF-Testing-PGI/esmf/src/Superstructure -I/project/esmf/himanshu/ESMF-Testing-PGI/esmf/src/Infrastructure/stubs/pthread  -I/project/esmf/himanshu/ESMF-Testing-PGI/esmf/src/include  -I/usr/local/netcdf-c-4.7.4-f-4.5.2-pgi-pgcc-pghf-20.1/include -I/project/esmf/himanshu/ESMF-Testing-PGI/esmf/src/Infrastructure/stubs/mpiuni -I/project/esmf/himanshu/ESMF-Testing-PGI/esmf/src/prologue/yaml-cpp/include -DESMF_NO_INTEGER_1_BYTE -DESMF_NO_INTEGER_2_BYTE -DESMFVERSIONGIT='"ESMF_8_1_0_beta_snapshot_43-3-g4b8b9e7b91"' -DESMF_MOAB=1 -DESMF_LAPACK=1 -DESMF_LAPACK_INTERNAL=1 -DESMF_NO_ACC_SOFTWARE_STACK=1 -DESMF_NETCDF=1 -DESMF_YAMLCPP=1 -DESMF_YAML=1 -DESMF_NO_OPENMP -DESMF_NO_OPENACC -DESMF_TESTEXHAUSTIVE -DESMF_BOPT_g -DESMF_TESTCOMPTUNNEL -DESMF_TESTWITHTHREADS -DSx86_64_small=1 -DESMF_OS_Linux=1 -DESMF_COMM=mpiuni -DESMF_DIR=/project/esmf/himanshu/ESMF-Testing-PGI/esmf -D__SDIR__='"src/apps/ESMF_InfoC"' -DESMF_CXXSTD=11 -DESMF_MPIUNI -DESMF_PGIVERSION_MAJOR=20 -DESMF_PGIVERSION_MINOR=1 -DESMF_PGIVERSION_PATCH=0 -DESMF_NO_F2018ASSUMEDTYPE ESMF_InfoC.c -o /project/esmf/himanshu/ESMF-Testing-PGI/esmf/obj/objg/Linux.pgi.64.mpiuni.default/src/apps/ESMF_InfoC/ESMF_InfoC.o
gmake chkdir_apps
gmake[5]: Entering directory '/project/esmf/himanshu/ESMF-Testing-PGI/esmf/src/apps/ESMF_InfoC'
gmake[5]: Leaving directory '/project/esmf/himanshu/ESMF-Testing-PGI/esmf/src/apps/ESMF_InfoC'
pgc++    -lpthread -Wl,--no-as-needed -L/project/esmf/himanshu/ESMF-Testing-PGI/esmf/DEFAULTINSTALLDIR/lib/libg/Linux.pgi.64.mpiuni.default -L/usr/local/netcdf-c-4.7.4-f-4.5.2-pgi-pgcc-pghf-20.1/lib -L/usr/local/netcdf-c-4.7.4-f-4.5.2-pgi-pgcc-pghf-20.1/lib -L/usr/local/hdf5-1.12.0-gcc-g++-gfortran-9.3.0/lib -L/usr/local/netcdf-c-4.7.4-f-4.5.2-pgi-pgcc-pghf-20.1/lib -L/usr/local/pgi-pgcc-pgf-20.1/linux86-64-llvm/20.1/libso -Wl,-rpath,/project/esmf/himanshu/ESMF-Testing-PGI/esmf/DEFAULTINSTALLDIR/lib/libg/Linux.pgi.64.mpiuni.default -Wl,-rpath,/usr/local/netcdf-c-4.7.4-f-4.5.2-pgi-pgcc-pghf-20.1/lib -Wl,-rpath,/usr/local/netcdf-c-4.7.4-f-4.5.2-pgi-pgcc-pghf-20.1/lib -Wl,-rpath,/usr/local/hdf5-1.12.0-gcc-g++-gfortran-9.3.0/lib -Wl,-rpath,/usr/local/netcdf-c-4.7.4-f-4.5.2-pgi-pgcc-pghf-20.1/lib -Wl,-rpath,/usr/local/pgi-pgcc-pgf-20.1/linux86-64-llvm/20.1/libso -o /project/esmf/himanshu/ESMF-Testing-PGI/esmf/DEFAULTINSTALLDIR/bin/bing/Linux.pgi.64.mpiuni.default/ESMF_InfoC /project/esmf/himanshu/ESMF-Testing-PGI/esmf/obj/objg/Linux.pgi.64.mpiuni.default/src/apps/ESMF_InfoC/ESMF_InfoC.o -lesmf  -pgf90libs -ldl -lnetcdf -lnetcdff -lnetcdf -lnetcdf
gmake[4]: Leaving directory '/project/esmf/himanshu/ESMF-Testing-PGI/esmf/src/apps/ESMF_InfoC'
tree_build_apps in: /project/esmf/himanshu/ESMF-Testing-PGI/esmf/src/apps/ESMF_RegridWeightGen
gmake[4]: Entering directory '/project/esmf/himanshu/ESMF-Testing-PGI/esmf/src/apps/ESMF_RegridWeightGen'
gmake chkdir_locobj
gmake[5]: Entering directory '/project/esmf/himanshu/ESMF-Testing-PGI/esmf/src/apps/ESMF_RegridWeightGen'
Making directory /project/esmf/himanshu/ESMF-Testing-PGI/esmf/obj/objg/Linux.pgi.64.mpiuni.default/src/apps/ESMF_RegridWeightGen for apps output
gmake[5]: Leaving directory '/project/esmf/himanshu/ESMF-Testing-PGI/esmf/src/apps/ESMF_RegridWeightGen'
pgf90 -c -g -fpic -Mallocatable=03 -lpthread  -I/project/esmf/himanshu/ESMF-Testing-PGI/esmf/build_config/Linux.pgi.default -I/project/esmf/himanshu/ESMF-Testing-PGI/esmf/src/Infrastructure -I/project/esmf/himanshu/ESMF-Testing-PGI/esmf/src/Superstructure -I/project/esmf/himanshu/ESMF-Testing-PGI/esmf/DEFAULTINSTALLDIR/mod/modg/Linux.pgi.64.mpiuni.default -I/project/esmf/himanshu/ESMF-Testing-PGI/esmf/src/include -I/usr/local/netcdf-c-4.7.4-f-4.5.2-pgi-pgcc-pghf-20.1/include -I/usr/local/netcdf-c-4.7.4-f-4.5.2-pgi-pgcc-pghf-20.1/include  -DESMF_NO_INTEGER_1_BYTE -DESMF_NO_INTEGER_2_BYTE -DESMFVERSIONGIT='"ESMF_8_1_0_beta_snapshot_43-3-g4b8b9e7b91"' -DESMF_MOAB=1 -DESMF_LAPACK=1 -DESMF_LAPACK_INTERNAL=1 -DESMF_NO_ACC_SOFTWARE_STACK=1 -DESMF_NETCDF=1 -DESMF_YAMLCPP=1 -DESMF_YAML=1 -DESMF_NO_OPENMP -DESMF_NO_OPENACC -DESMF_TESTEXHAUSTIVE -DESMF_BOPT_g -DESMF_TESTCOMPTUNNEL -DESMF_TESTWITHTHREADS -DSx86_64_small=1 -DESMF_OS_Linux=1 -DESMF_COMM=mpiuni -DESMF_DIR=/project/esmf/himanshu/ESMF-Testing-PGI/esmf -DESMF_MPIUNI -DESMF_PGIVERSION_MAJOR=20 -DESMF_PGIVERSION_MINOR=1 -DESMF_PGIVERSION_PATCH=0 -DESMF_NO_F2018ASSUMEDTYPE ESMF_RegridWeightGen.F90 -o /project/esmf/himanshu/ESMF-Testing-PGI/esmf/obj/objg/Linux.pgi.64.mpiuni.default/src/apps/ESMF_RegridWeightGen/ESMF_RegridWeightGen.o
gmake chkdir_apps
gmake[5]: Entering directory '/project/esmf/himanshu/ESMF-Testing-PGI/esmf/src/apps/ESMF_RegridWeightGen'
gmake[5]: Leaving directory '/project/esmf/himanshu/ESMF-Testing-PGI/esmf/src/apps/ESMF_RegridWeightGen'
pgf90    -lpthread -Wl,--no-as-needed -L/project/esmf/himanshu/ESMF-Testing-PGI/esmf/DEFAULTINSTALLDIR/lib/libg/Linux.pgi.64.mpiuni.default -L/usr/local/netcdf-c-4.7.4-f-4.5.2-pgi-pgcc-pghf-20.1/lib -L/usr/local/netcdf-c-4.7.4-f-4.5.2-pgi-pgcc-pghf-20.1/lib -L/usr/local/hdf5-1.12.0-gcc-g++-gfortran-9.3.0/lib -L/usr/local/netcdf-c-4.7.4-f-4.5.2-pgi-pgcc-pghf-20.1/lib -L/usr/local/pgi-pgcc-pgf-20.1/linux86-64-llvm/20.1/libso -Wl,-rpath,/project/esmf/himanshu/ESMF-Testing-PGI/esmf/DEFAULTINSTALLDIR/lib/libg/Linux.pgi.64.mpiuni.default -Wl,-rpath,/usr/local/netcdf-c-4.7.4-f-4.5.2-pgi-pgcc-pghf-20.1/lib -Wl,-rpath,/usr/local/netcdf-c-4.7.4-f-4.5.2-pgi-pgcc-pghf-20.1/lib -Wl,-rpath,/usr/local/hdf5-1.12.0-gcc-g++-gfortran-9.3.0/lib -Wl,-rpath,/usr/local/netcdf-c-4.7.4-f-4.5.2-pgi-pgcc-pghf-20.1/lib -Wl,-rpath,/usr/local/pgi-pgcc-pgf-20.1/linux86-64-llvm/20.1/libso -o /project/esmf/himanshu/ESMF-Testing-PGI/esmf/DEFAULTINSTALLDIR/bin/bing/Linux.pgi.64.mpiuni.default/ESMF_RegridWeightGen /project/esmf/himanshu/ESMF-Testing-PGI/esmf/obj/objg/Linux.pgi.64.mpiuni.default/src/apps/ESMF_RegridWeightGen/ESMF_RegridWeightGen.o -lesmf  -pgc++libs -ldl -lnetcdf -lnetcdff -lnetcdf -lnetcdf
gmake[4]: Leaving directory '/project/esmf/himanshu/ESMF-Testing-PGI/esmf/src/apps/ESMF_RegridWeightGen'
tree_build_apps in: /project/esmf/himanshu/ESMF-Testing-PGI/esmf/src/apps/ESMF_WebServController
gmake[4]: Entering directory '/project/esmf/himanshu/ESMF-Testing-PGI/esmf/src/apps/ESMF_WebServController'
gmake chkdir_locobj
gmake[5]: Entering directory '/project/esmf/himanshu/ESMF-Testing-PGI/esmf/src/apps/ESMF_WebServController'
Making directory /project/esmf/himanshu/ESMF-Testing-PGI/esmf/obj/objg/Linux.pgi.64.mpiuni.default/src/apps/ESMF_WebServController for apps output
gmake[5]: Leaving directory '/project/esmf/himanshu/ESMF-Testing-PGI/esmf/src/apps/ESMF_WebServController'
pgc++ -c -std=c++11 -g -fpic -lpthread -I/project/esmf/himanshu/ESMF-Testing-PGI/esmf/src/apps/ESMF_WebServController -I/project/esmf/himanshu/ESMF-Testing-PGI/esmf/src/apps/ESMF_WebServController/../include -I/project/esmf/himanshu/ESMF-Testing-PGI/esmf/build_config/Linux.pgi.default -I/project/esmf/himanshu/ESMF-Testing-PGI/esmf/src/Infrastructure -I/project/esmf/himanshu/ESMF-Testing-PGI/esmf/src/Superstructure -I/project/esmf/himanshu/ESMF-Testing-PGI/esmf/src/Infrastructure/stubs/pthread  -I/project/esmf/himanshu/ESMF-Testing-PGI/esmf/src/include  -I/usr/local/netcdf-c-4.7.4-f-4.5.2-pgi-pgcc-pghf-20.1/include -I/project/esmf/himanshu/ESMF-Testing-PGI/esmf/src/Infrastructure/stubs/mpiuni -I/project/esmf/himanshu/ESMF-Testing-PGI/esmf/src/prologue/yaml-cpp/include -DESMF_NO_INTEGER_1_BYTE -DESMF_NO_INTEGER_2_BYTE -DESMFVERSIONGIT='"ESMF_8_1_0_beta_snapshot_43-3-g4b8b9e7b91"' -DESMF_MOAB=1 -DESMF_LAPACK=1 -DESMF_LAPACK_INTERNAL=1 -DESMF_NO_ACC_SOFTWARE_STACK=1 -DESMF_NETCDF=1 -DESMF_YAMLCPP=1 -DESMF_YAML=1 -DESMF_NO_OPENMP -DESMF_NO_OPENACC -DESMF_TESTEXHAUSTIVE -DESMF_BOPT_g -DESMF_TESTCOMPTUNNEL -DESMF_TESTWITHTHREADS -DSx86_64_small=1 -DESMF_OS_Linux=1 -DESMF_COMM=mpiuni -DESMF_DIR=/project/esmf/himanshu/ESMF-Testing-PGI/esmf -D__SDIR__='"src/apps/ESMF_WebServController"' -DESMF_CXXSTD=11 -DESMF_MPIUNI -DESMF_PGIVERSION_MAJOR=20 -DESMF_PGIVERSION_MINOR=1 -DESMF_PGIVERSION_PATCH=0 -DESMF_NO_F2018ASSUMEDTYPE ESMF_WebServController.C -o /project/esmf/himanshu/ESMF-Testing-PGI/esmf/obj/objg/Linux.pgi.64.mpiuni.default/src/apps/ESMF_WebServController/ESMF_WebServController.o
gmake chkdir_apps
gmake[5]: Entering directory '/project/esmf/himanshu/ESMF-Testing-PGI/esmf/src/apps/ESMF_WebServController'
gmake[5]: Leaving directory '/project/esmf/himanshu/ESMF-Testing-PGI/esmf/src/apps/ESMF_WebServController'
pgc++    -lpthread -Wl,--no-as-needed -L/project/esmf/himanshu/ESMF-Testing-PGI/esmf/DEFAULTINSTALLDIR/lib/libg/Linux.pgi.64.mpiuni.default -L/usr/local/netcdf-c-4.7.4-f-4.5.2-pgi-pgcc-pghf-20.1/lib -L/usr/local/netcdf-c-4.7.4-f-4.5.2-pgi-pgcc-pghf-20.1/lib -L/usr/local/hdf5-1.12.0-gcc-g++-gfortran-9.3.0/lib -L/usr/local/netcdf-c-4.7.4-f-4.5.2-pgi-pgcc-pghf-20.1/lib -L/usr/local/pgi-pgcc-pgf-20.1/linux86-64-llvm/20.1/libso -Wl,-rpath,/project/esmf/himanshu/ESMF-Testing-PGI/esmf/DEFAULTINSTALLDIR/lib/libg/Linux.pgi.64.mpiuni.default -Wl,-rpath,/usr/local/netcdf-c-4.7.4-f-4.5.2-pgi-pgcc-pghf-20.1/lib -Wl,-rpath,/usr/local/netcdf-c-4.7.4-f-4.5.2-pgi-pgcc-pghf-20.1/lib -Wl,-rpath,/usr/local/hdf5-1.12.0-gcc-g++-gfortran-9.3.0/lib -Wl,-rpath,/usr/local/netcdf-c-4.7.4-f-4.5.2-pgi-pgcc-pghf-20.1/lib -Wl,-rpath,/usr/local/pgi-pgcc-pgf-20.1/linux86-64-llvm/20.1/libso -o /project/esmf/himanshu/ESMF-Testing-PGI/esmf/DEFAULTINSTALLDIR/bin/bing/Linux.pgi.64.mpiuni.default/ESMF_WebServController /project/esmf/himanshu/ESMF-Testing-PGI/esmf/obj/objg/Linux.pgi.64.mpiuni.default/src/apps/ESMF_WebServController/ESMF_WebServController.o -lesmf  -pgf90libs -ldl -lnetcdf -lnetcdff -lnetcdf -lnetcdf
gmake[4]: Leaving directory '/project/esmf/himanshu/ESMF-Testing-PGI/esmf/src/apps/ESMF_WebServController'
tree_build_apps in: /project/esmf/himanshu/ESMF-Testing-PGI/esmf/src/apps/ESMF_Scrip2Unstruct
gmake[4]: Entering directory '/project/esmf/himanshu/ESMF-Testing-PGI/esmf/src/apps/ESMF_Scrip2Unstruct'
gmake chkdir_locobj
gmake[5]: Entering directory '/project/esmf/himanshu/ESMF-Testing-PGI/esmf/src/apps/ESMF_Scrip2Unstruct'
Making directory /project/esmf/himanshu/ESMF-Testing-PGI/esmf/obj/objg/Linux.pgi.64.mpiuni.default/src/apps/ESMF_Scrip2Unstruct for apps output
gmake[5]: Leaving directory '/project/esmf/himanshu/ESMF-Testing-PGI/esmf/src/apps/ESMF_Scrip2Unstruct'
pgc++ -c -std=c++11 -g -fpic -lpthread -I/project/esmf/himanshu/ESMF-Testing-PGI/esmf/src/apps/ESMF_Scrip2Unstruct -I/project/esmf/himanshu/ESMF-Testing-PGI/esmf/src/apps/ESMF_Scrip2Unstruct/../include -I/project/esmf/himanshu/ESMF-Testing-PGI/esmf/build_config/Linux.pgi.default -I/project/esmf/himanshu/ESMF-Testing-PGI/esmf/src/Infrastructure -I/project/esmf/himanshu/ESMF-Testing-PGI/esmf/src/Superstructure -I/project/esmf/himanshu/ESMF-Testing-PGI/esmf/src/Infrastructure/stubs/pthread  -I/project/esmf/himanshu/ESMF-Testing-PGI/esmf/src/include  -I/usr/local/netcdf-c-4.7.4-f-4.5.2-pgi-pgcc-pghf-20.1/include -I/project/esmf/himanshu/ESMF-Testing-PGI/esmf/src/Infrastructure/stubs/mpiuni -I/project/esmf/himanshu/ESMF-Testing-PGI/esmf/src/prologue/yaml-cpp/include -DESMF_NO_INTEGER_1_BYTE -DESMF_NO_INTEGER_2_BYTE -DESMFVERSIONGIT='"ESMF_8_1_0_beta_snapshot_43-3-g4b8b9e7b91"' -DESMF_MOAB=1 -DESMF_LAPACK=1 -DESMF_LAPACK_INTERNAL=1 -DESMF_NO_ACC_SOFTWARE_STACK=1 -DESMF_NETCDF=1 -DESMF_YAMLCPP=1 -DESMF_YAML=1 -DESMF_NO_OPENMP -DESMF_NO_OPENACC -DESMF_TESTEXHAUSTIVE -DESMF_BOPT_g -DESMF_TESTCOMPTUNNEL -DESMF_TESTWITHTHREADS -DSx86_64_small=1 -DESMF_OS_Linux=1 -DESMF_COMM=mpiuni -DESMF_DIR=/project/esmf/himanshu/ESMF-Testing-PGI/esmf -D__SDIR__='"src/apps/ESMF_Scrip2Unstruct"' -DESMF_CXXSTD=11 -DESMF_MPIUNI -DESMF_PGIVERSION_MAJOR=20 -DESMF_PGIVERSION_MINOR=1 -DESMF_PGIVERSION_PATCH=0 -DESMF_NO_F2018ASSUMEDTYPE ESMF_Scrip2Unstruct.C -o /project/esmf/himanshu/ESMF-Testing-PGI/esmf/obj/objg/Linux.pgi.64.mpiuni.default/src/apps/ESMF_Scrip2Unstruct/ESMF_Scrip2Unstruct.o
"ESMF_Scrip2Unstruct.C", line 403: warning: variable "startind" was set but
          never used
    int ind, startind;
             ^

"ESMF_Scrip2Unstruct.C", line 407: warning: variable "offset" was declared but
          never referenced
    int alltotal, mypart, left, offset, mystart, mystartelement;
                                ^

"ESMF_Scrip2Unstruct.C", line 420: warning: variable "ogr_dimid" was declared
          but never referenced
    int ogr_dimid, ogd_id;  
        ^

"ESMF_Scrip2Unstruct.C", line 692: warning: variable "mycount" was declared but
          never referenced
    int mycount = 0;
        ^

gmake chkdir_apps
gmake[5]: Entering directory '/project/esmf/himanshu/ESMF-Testing-PGI/esmf/src/apps/ESMF_Scrip2Unstruct'
gmake[5]: Leaving directory '/project/esmf/himanshu/ESMF-Testing-PGI/esmf/src/apps/ESMF_Scrip2Unstruct'
pgc++    -lpthread -Wl,--no-as-needed -L/project/esmf/himanshu/ESMF-Testing-PGI/esmf/DEFAULTINSTALLDIR/lib/libg/Linux.pgi.64.mpiuni.default -L/usr/local/netcdf-c-4.7.4-f-4.5.2-pgi-pgcc-pghf-20.1/lib -L/usr/local/netcdf-c-4.7.4-f-4.5.2-pgi-pgcc-pghf-20.1/lib -L/usr/local/hdf5-1.12.0-gcc-g++-gfortran-9.3.0/lib -L/usr/local/netcdf-c-4.7.4-f-4.5.2-pgi-pgcc-pghf-20.1/lib -L/usr/local/pgi-pgcc-pgf-20.1/linux86-64-llvm/20.1/libso -Wl,-rpath,/project/esmf/himanshu/ESMF-Testing-PGI/esmf/DEFAULTINSTALLDIR/lib/libg/Linux.pgi.64.mpiuni.default -Wl,-rpath,/usr/local/netcdf-c-4.7.4-f-4.5.2-pgi-pgcc-pghf-20.1/lib -Wl,-rpath,/usr/local/netcdf-c-4.7.4-f-4.5.2-pgi-pgcc-pghf-20.1/lib -Wl,-rpath,/usr/local/hdf5-1.12.0-gcc-g++-gfortran-9.3.0/lib -Wl,-rpath,/usr/local/netcdf-c-4.7.4-f-4.5.2-pgi-pgcc-pghf-20.1/lib -Wl,-rpath,/usr/local/pgi-pgcc-pgf-20.1/linux86-64-llvm/20.1/libso -o /project/esmf/himanshu/ESMF-Testing-PGI/esmf/DEFAULTINSTALLDIR/bin/bing/Linux.pgi.64.mpiuni.default/ESMF_Scrip2Unstruct /project/esmf/himanshu/ESMF-Testing-PGI/esmf/obj/objg/Linux.pgi.64.mpiuni.default/src/apps/ESMF_Scrip2Unstruct/ESMF_Scrip2Unstruct.o -lesmf  -pgf90libs -ldl -lnetcdf -lnetcdff -lnetcdf -lnetcdf
gmake[4]: Leaving directory '/project/esmf/himanshu/ESMF-Testing-PGI/esmf/src/apps/ESMF_Scrip2Unstruct'
tree_build_apps in: /project/esmf/himanshu/ESMF-Testing-PGI/esmf/src/apps/ESMF_Regrid
gmake[4]: Entering directory '/project/esmf/himanshu/ESMF-Testing-PGI/esmf/src/apps/ESMF_Regrid'
gmake chkdir_locobj
gmake[5]: Entering directory '/project/esmf/himanshu/ESMF-Testing-PGI/esmf/src/apps/ESMF_Regrid'
Making directory /project/esmf/himanshu/ESMF-Testing-PGI/esmf/obj/objg/Linux.pgi.64.mpiuni.default/src/apps/ESMF_Regrid for apps output
gmake[5]: Leaving directory '/project/esmf/himanshu/ESMF-Testing-PGI/esmf/src/apps/ESMF_Regrid'
pgf90 -c -g -fpic -Mallocatable=03 -lpthread  -I/project/esmf/himanshu/ESMF-Testing-PGI/esmf/build_config/Linux.pgi.default -I/project/esmf/himanshu/ESMF-Testing-PGI/esmf/src/Infrastructure -I/project/esmf/himanshu/ESMF-Testing-PGI/esmf/src/Superstructure -I/project/esmf/himanshu/ESMF-Testing-PGI/esmf/DEFAULTINSTALLDIR/mod/modg/Linux.pgi.64.mpiuni.default -I/project/esmf/himanshu/ESMF-Testing-PGI/esmf/src/include -I/usr/local/netcdf-c-4.7.4-f-4.5.2-pgi-pgcc-pghf-20.1/include -I/usr/local/netcdf-c-4.7.4-f-4.5.2-pgi-pgcc-pghf-20.1/include  -DESMF_NO_INTEGER_1_BYTE -DESMF_NO_INTEGER_2_BYTE -DESMFVERSIONGIT='"ESMF_8_1_0_beta_snapshot_43-3-g4b8b9e7b91"' -DESMF_MOAB=1 -DESMF_LAPACK=1 -DESMF_LAPACK_INTERNAL=1 -DESMF_NO_ACC_SOFTWARE_STACK=1 -DESMF_NETCDF=1 -DESMF_YAMLCPP=1 -DESMF_YAML=1 -DESMF_NO_OPENMP -DESMF_NO_OPENACC -DESMF_TESTEXHAUSTIVE -DESMF_BOPT_g -DESMF_TESTCOMPTUNNEL -DESMF_TESTWITHTHREADS -DSx86_64_small=1 -DESMF_OS_Linux=1 -DESMF_COMM=mpiuni -DESMF_DIR=/project/esmf/himanshu/ESMF-Testing-PGI/esmf -DESMF_MPIUNI -DESMF_PGIVERSION_MAJOR=20 -DESMF_PGIVERSION_MINOR=1 -DESMF_PGIVERSION_PATCH=0 -DESMF_NO_F2018ASSUMEDTYPE ESMF_Regrid.F90 -o /project/esmf/himanshu/ESMF-Testing-PGI/esmf/obj/objg/Linux.pgi.64.mpiuni.default/src/apps/ESMF_Regrid/ESMF_Regrid.o
gmake chkdir_apps
gmake[5]: Entering directory '/project/esmf/himanshu/ESMF-Testing-PGI/esmf/src/apps/ESMF_Regrid'
gmake[5]: Leaving directory '/project/esmf/himanshu/ESMF-Testing-PGI/esmf/src/apps/ESMF_Regrid'
pgf90    -lpthread -Wl,--no-as-needed -L/project/esmf/himanshu/ESMF-Testing-PGI/esmf/DEFAULTINSTALLDIR/lib/libg/Linux.pgi.64.mpiuni.default -L/usr/local/netcdf-c-4.7.4-f-4.5.2-pgi-pgcc-pghf-20.1/lib -L/usr/local/netcdf-c-4.7.4-f-4.5.2-pgi-pgcc-pghf-20.1/lib -L/usr/local/hdf5-1.12.0-gcc-g++-gfortran-9.3.0/lib -L/usr/local/netcdf-c-4.7.4-f-4.5.2-pgi-pgcc-pghf-20.1/lib -L/usr/local/pgi-pgcc-pgf-20.1/linux86-64-llvm/20.1/libso -Wl,-rpath,/project/esmf/himanshu/ESMF-Testing-PGI/esmf/DEFAULTINSTALLDIR/lib/libg/Linux.pgi.64.mpiuni.default -Wl,-rpath,/usr/local/netcdf-c-4.7.4-f-4.5.2-pgi-pgcc-pghf-20.1/lib -Wl,-rpath,/usr/local/netcdf-c-4.7.4-f-4.5.2-pgi-pgcc-pghf-20.1/lib -Wl,-rpath,/usr/local/hdf5-1.12.0-gcc-g++-gfortran-9.3.0/lib -Wl,-rpath,/usr/local/netcdf-c-4.7.4-f-4.5.2-pgi-pgcc-pghf-20.1/lib -Wl,-rpath,/usr/local/pgi-pgcc-pgf-20.1/linux86-64-llvm/20.1/libso -o /project/esmf/himanshu/ESMF-Testing-PGI/esmf/DEFAULTINSTALLDIR/bin/bing/Linux.pgi.64.mpiuni.default/ESMF_Regrid /project/esmf/himanshu/ESMF-Testing-PGI/esmf/obj/objg/Linux.pgi.64.mpiuni.default/src/apps/ESMF_Regrid/ESMF_Regrid.o -lesmf  -pgc++libs -ldl -lnetcdf -lnetcdff -lnetcdf -lnetcdf
gmake[4]: Leaving directory '/project/esmf/himanshu/ESMF-Testing-PGI/esmf/src/apps/ESMF_Regrid'
gmake[3]: Leaving directory '/project/esmf/himanshu/ESMF-Testing-PGI/esmf/src/apps'
ESMF apps built successfully.
gmake[2]: Leaving directory '/project/esmf/himanshu/ESMF-Testing-PGI/esmf'
gmake[1]: Leaving directory '/project/esmf/himanshu/ESMF-Testing-PGI/esmf'
mkdir -p /project/esmf/himanshu/ESMF-Testing-PGI/esmf/DEFAULTINSTALLDIR/doc
gmake install_info_mk
gmake[1]: Entering directory '/project/esmf/himanshu/ESMF-Testing-PGI/esmf'
gmake info_mk ESMF_APPSDIR=/project/esmf/himanshu/ESMF-Testing-PGI/esmf/DEFAULTINSTALLDIR/bin/bing/Linux.pgi.64.mpiuni.default ESMF_LDIR=/project/esmf/himanshu/ESMF-Testing-PGI/esmf/DEFAULTINSTALLDIR/lib/libg/Linux.pgi.64.mpiuni.default ESMF_LIBDIR=/project/esmf/himanshu/ESMF-Testing-PGI/esmf/DEFAULTINSTALLDIR/lib/libg/Linux.pgi.64.mpiuni.default ESMF_MODDIR=/project/esmf/himanshu/ESMF-Testing-PGI/esmf/DEFAULTINSTALLDIR/mod/modg/Linux.pgi.64.mpiuni.default ESMF_INCDIR=/project/esmf/himanshu/ESMF-Testing-PGI/esmf/DEFAULTINSTALLDIR/include
gmake[2]: Entering directory '/project/esmf/himanshu/ESMF-Testing-PGI/esmf'
gmake[2]: Leaving directory '/project/esmf/himanshu/ESMF-Testing-PGI/esmf'
gmake[1]: Leaving directory '/project/esmf/himanshu/ESMF-Testing-PGI/esmf'
 
ESMF installation complete.
 
Sun Jan 31 00:32:55 MST 2021
