20201006 043551.369 INFO             PET0 !!!!!!!!!!!!!!!!!!!!!!!!!!!!!!!!!!!!!!!!!!!!!!!!!!!!!!
20201006 043551.369 INFO             PET0 !!! THE ESMF_LOG IS SET TO OUTPUT ALL LOG MESSAGES !!!
20201006 043551.369 INFO             PET0 !!!     THIS MAY CAUSE SLOWDOWN IN PERFORMANCE     !!!
20201006 043551.369 INFO             PET0 !!! FOR PRODUCTION RUNS, USE:                      !!!
20201006 043551.369 INFO             PET0 !!!                   ESMF_LOGKIND_Multi_On_Error  !!!
20201006 043551.369 INFO             PET0 !!!!!!!!!!!!!!!!!!!!!!!!!!!!!!!!!!!!!!!!!!!!!!!!!!!!!!
20201006 043551.369 INFO             PET0 Running with ESMF Version   : ESMF_8_1_0_beta_snapshot_32
20201006 043551.369 INFO             PET0 ESMF library build date/time: "Oct  6 2020" "04:31:52"
20201006 043551.369 INFO             PET0 ESMF library build location : /glade/scratch/himanshu/scripts_dir/daily/gfortran_cheyenne/esmf
20201006 043551.369 INFO             PET0 ESMF_COMM                   : mpich3
20201006 043551.369 INFO             PET0 ESMF_NETCDF                 : disabled
20201006 043551.369 INFO             PET0 ESMF_PNETCDF                : disabled
20201006 043551.369 INFO             PET0 ESMF_PIO                    : enabled
20201006 043551.369 INFO             PET0 ESMF_YAMLCPP                : enabled
20201006 043551.369 INFO             PET0 ESMF_MOAB                   : enabled
20201006 043551.370 INFO             PET0 Finalizing ESMF
20201006 043551.400 INFO             PET0 !!!!!!!!!!!!!!!!!!!!!!!!!!!!!!!!!!!!!!!!!!!!!!!!!!!!!!
20201006 043551.400 INFO             PET0 !!! THE ESMF_LOG IS SET TO OUTPUT ALL LOG MESSAGES !!!
20201006 043551.400 INFO             PET0 !!!     THIS MAY CAUSE SLOWDOWN IN PERFORMANCE     !!!
20201006 043551.400 INFO             PET0 !!! FOR PRODUCTION RUNS, USE:                      !!!
20201006 043551.400 INFO             PET0 !!!                   ESMF_LOGKIND_Multi_On_Error  !!!
20201006 043551.400 INFO             PET0 !!!!!!!!!!!!!!!!!!!!!!!!!!!!!!!!!!!!!!!!!!!!!!!!!!!!!!
20201006 043551.400 INFO             PET0 Running with ESMF Version   : ESMF_8_1_0_beta_snapshot_32
20201006 043551.400 INFO             PET0 ESMF library build date/time: "Oct  6 2020" "04:31:52"
20201006 043551.400 INFO             PET0 ESMF library build location : /glade/scratch/himanshu/scripts_dir/daily/gfortran_cheyenne/esmf
20201006 043551.400 INFO             PET0 ESMF_COMM                   : mpich3
20201006 043551.400 INFO             PET0 ESMF_NETCDF                 : disabled
20201006 043551.400 INFO             PET0 ESMF_PNETCDF                : disabled
20201006 043551.400 INFO             PET0 ESMF_PIO                    : enabled
20201006 043551.400 INFO             PET0 ESMF_YAMLCPP                : enabled
20201006 043551.400 INFO             PET0 ESMF_MOAB                   : enabled
20201006 043551.401 INFO             PET0 Finalizing ESMF
20201006 043551.427 INFO             PET0 !!!!!!!!!!!!!!!!!!!!!!!!!!!!!!!!!!!!!!!!!!!!!!!!!!!!!!
20201006 043551.427 INFO             PET0 !!! THE ESMF_LOG IS SET TO OUTPUT ALL LOG MESSAGES !!!
20201006 043551.427 INFO             PET0 !!!     THIS MAY CAUSE SLOWDOWN IN PERFORMANCE     !!!
20201006 043551.427 INFO             PET0 !!! FOR PRODUCTION RUNS, USE:                      !!!
20201006 043551.427 INFO             PET0 !!!                   ESMF_LOGKIND_Multi_On_Error  !!!
20201006 043551.427 INFO             PET0 !!!!!!!!!!!!!!!!!!!!!!!!!!!!!!!!!!!!!!!!!!!!!!!!!!!!!!
20201006 043551.427 INFO             PET0 Running with ESMF Version   : ESMF_8_1_0_beta_snapshot_32
20201006 043551.427 INFO             PET0 ESMF library build date/time: "Oct  6 2020" "04:31:52"
20201006 043551.427 INFO             PET0 ESMF library build location : /glade/scratch/himanshu/scripts_dir/daily/gfortran_cheyenne/esmf
20201006 043551.427 INFO             PET0 ESMF_COMM                   : mpich3
20201006 043551.427 INFO             PET0 ESMF_NETCDF                 : disabled
20201006 043551.427 INFO             PET0 ESMF_PNETCDF                : disabled
20201006 043551.427 INFO             PET0 ESMF_PIO                    : enabled
20201006 043551.427 INFO             PET0 ESMF_YAMLCPP                : enabled
20201006 043551.427 INFO             PET0 ESMF_MOAB                   : enabled
20201006 043551.430 INFO             PET0 Finalizing ESMF
