20201121 022140.731 INFO             PET0 !!!!!!!!!!!!!!!!!!!!!!!!!!!!!!!!!!!!!!!!!!!!!!!!!!!!!!
20201121 022140.732 INFO             PET0 !!! THE ESMF_LOG IS SET TO OUTPUT ALL LOG MESSAGES !!!
20201121 022140.732 INFO             PET0 !!!     THIS MAY CAUSE SLOWDOWN IN PERFORMANCE     !!!
20201121 022140.732 INFO             PET0 !!! FOR PRODUCTION RUNS, USE:                      !!!
20201121 022140.732 INFO             PET0 !!!                   ESMF_LOGKIND_Multi_On_Error  !!!
20201121 022140.732 INFO             PET0 !!!!!!!!!!!!!!!!!!!!!!!!!!!!!!!!!!!!!!!!!!!!!!!!!!!!!!
20201121 022140.732 INFO             PET0 Running with ESMF Version   : ESMF_8_1_0_beta_snapshot_38
20201121 022140.732 INFO             PET0 ESMF library build date/time: "Nov 21 2020" "02:11:49"
20201121 022140.732 INFO             PET0 ESMF library build location : /scratch/esmf/esmf_test/cronjobs/trunk/gfortran/esmf
20201121 022140.732 INFO             PET0 ESMF_COMM                   : mpich3
20201121 022140.732 INFO             PET0 ESMF_NETCDF                 : disabled
20201121 022140.732 INFO             PET0 ESMF_PNETCDF                : disabled
20201121 022140.732 INFO             PET0 ESMF_PIO                    : enabled
20201121 022140.732 INFO             PET0 ESMF_YAMLCPP                : enabled
20201121 022140.732 INFO             PET0 ESMF_MOAB                   : enabled
20201121 022140.757 INFO             PET0  NUMBER_OF_PROCESSORS           4
20201121 022140.757 INFO             PET0  PASS  Example ESMF_VMUserMpiCommMultiEx, ESMF_VMUserMpiCommMultiEx.F90, line 126
20201121 022140.757 INFO             PET0 Finalizing ESMF
20201121 022140.719 INFO             PET0 !!!!!!!!!!!!!!!!!!!!!!!!!!!!!!!!!!!!!!!!!!!!!!!!!!!!!!
20201121 022140.719 INFO             PET0 !!! THE ESMF_LOG IS SET TO OUTPUT ALL LOG MESSAGES !!!
20201121 022140.719 INFO             PET0 !!!     THIS MAY CAUSE SLOWDOWN IN PERFORMANCE     !!!
20201121 022140.719 INFO             PET0 !!! FOR PRODUCTION RUNS, USE:                      !!!
20201121 022140.719 INFO             PET0 !!!                   ESMF_LOGKIND_Multi_On_Error  !!!
20201121 022140.719 INFO             PET0 !!!!!!!!!!!!!!!!!!!!!!!!!!!!!!!!!!!!!!!!!!!!!!!!!!!!!!
20201121 022140.719 INFO             PET0 Running with ESMF Version   : ESMF_8_1_0_beta_snapshot_38
20201121 022140.719 INFO             PET0 ESMF library build date/time: "Nov 21 2020" "02:11:49"
20201121 022140.719 INFO             PET0 ESMF library build location : /scratch/esmf/esmf_test/cronjobs/trunk/gfortran/esmf
20201121 022140.719 INFO             PET0 ESMF_COMM                   : mpich3
20201121 022140.719 INFO             PET0 ESMF_NETCDF                 : disabled
20201121 022140.719 INFO             PET0 ESMF_PNETCDF                : disabled
20201121 022140.719 INFO             PET0 ESMF_PIO                    : enabled
20201121 022140.719 INFO             PET0 ESMF_YAMLCPP                : enabled
20201121 022140.719 INFO             PET0 ESMF_MOAB                   : enabled
20201121 022140.744 INFO             PET0  NUMBER_OF_PROCESSORS           4
20201121 022140.744 INFO             PET0  PASS  Example ESMF_VMUserMpiCommMultiEx, ESMF_VMUserMpiCommMultiEx.F90, line 154
20201121 022140.744 INFO             PET0 Finalizing ESMF
20201121 022140.744 INFO             PET1 !!!!!!!!!!!!!!!!!!!!!!!!!!!!!!!!!!!!!!!!!!!!!!!!!!!!!!
20201121 022140.745 INFO             PET1 !!! THE ESMF_LOG IS SET TO OUTPUT ALL LOG MESSAGES !!!
20201121 022140.745 INFO             PET1 !!!     THIS MAY CAUSE SLOWDOWN IN PERFORMANCE     !!!
20201121 022140.745 INFO             PET1 !!! FOR PRODUCTION RUNS, USE:                      !!!
20201121 022140.745 INFO             PET1 !!!                   ESMF_LOGKIND_Multi_On_Error  !!!
20201121 022140.745 INFO             PET1 !!!!!!!!!!!!!!!!!!!!!!!!!!!!!!!!!!!!!!!!!!!!!!!!!!!!!!
20201121 022140.745 INFO             PET1 Running with ESMF Version   : ESMF_8_1_0_beta_snapshot_38
20201121 022140.745 INFO             PET1 ESMF library build date/time: "Nov 21 2020" "02:11:49"
20201121 022140.745 INFO             PET1 ESMF library build location : /scratch/esmf/esmf_test/cronjobs/trunk/gfortran/esmf
20201121 022140.745 INFO             PET1 ESMF_COMM                   : mpich3
20201121 022140.745 INFO             PET1 ESMF_NETCDF                 : disabled
20201121 022140.745 INFO             PET1 ESMF_PNETCDF                : disabled
20201121 022140.745 INFO             PET1 ESMF_PIO                    : enabled
20201121 022140.745 INFO             PET1 ESMF_YAMLCPP                : enabled
20201121 022140.745 INFO             PET1 ESMF_MOAB                   : enabled
20201121 022140.769 INFO             PET1  NUMBER_OF_PROCESSORS           4
20201121 022140.769 INFO             PET1  PASS  Example ESMF_VMUserMpiCommMultiEx, ESMF_VMUserMpiCommMultiEx.F90, line 126
20201121 022140.769 INFO             PET1 Finalizing ESMF
20201121 022140.731 INFO             PET1 !!!!!!!!!!!!!!!!!!!!!!!!!!!!!!!!!!!!!!!!!!!!!!!!!!!!!!
20201121 022140.732 INFO             PET1 !!! THE ESMF_LOG IS SET TO OUTPUT ALL LOG MESSAGES !!!
20201121 022140.732 INFO             PET1 !!!     THIS MAY CAUSE SLOWDOWN IN PERFORMANCE     !!!
20201121 022140.732 INFO             PET1 !!! FOR PRODUCTION RUNS, USE:                      !!!
20201121 022140.732 INFO             PET1 !!!                   ESMF_LOGKIND_Multi_On_Error  !!!
20201121 022140.732 INFO             PET1 !!!!!!!!!!!!!!!!!!!!!!!!!!!!!!!!!!!!!!!!!!!!!!!!!!!!!!
20201121 022140.732 INFO             PET1 Running with ESMF Version   : ESMF_8_1_0_beta_snapshot_38
20201121 022140.732 INFO             PET1 ESMF library build date/time: "Nov 21 2020" "02:11:49"
20201121 022140.732 INFO             PET1 ESMF library build location : /scratch/esmf/esmf_test/cronjobs/trunk/gfortran/esmf
20201121 022140.732 INFO             PET1 ESMF_COMM                   : mpich3
20201121 022140.732 INFO             PET1 ESMF_NETCDF                 : disabled
20201121 022140.732 INFO             PET1 ESMF_PNETCDF                : disabled
20201121 022140.732 INFO             PET1 ESMF_PIO                    : enabled
20201121 022140.732 INFO             PET1 ESMF_YAMLCPP                : enabled
20201121 022140.732 INFO             PET1 ESMF_MOAB                   : enabled
20201121 022140.756 INFO             PET1  NUMBER_OF_PROCESSORS           4
20201121 022140.756 INFO             PET1  PASS  Example ESMF_VMUserMpiCommMultiEx, ESMF_VMUserMpiCommMultiEx.F90, line 154
20201121 022140.756 INFO             PET1 Finalizing ESMF
Sat Nov 21 05:25:32 MST 2020
