20210223 060720.942 INFO             PET1 !!!!!!!!!!!!!!!!!!!!!!!!!!!!!!!!!!!!!!!!!!!!!!!!!!!!!!
20210223 060720.942 INFO             PET1 !!! THE ESMF_LOG IS SET TO OUTPUT ALL LOG MESSAGES !!!
20210223 060720.942 INFO             PET1 !!!     THIS MAY CAUSE SLOWDOWN IN PERFORMANCE     !!!
20210223 060720.942 INFO             PET1 !!! FOR PRODUCTION RUNS, USE:                      !!!
20210223 060720.942 INFO             PET1 !!!                   ESMF_LOGKIND_Multi_On_Error  !!!
20210223 060720.942 INFO             PET1 !!!!!!!!!!!!!!!!!!!!!!!!!!!!!!!!!!!!!!!!!!!!!!!!!!!!!!
20210223 060720.942 INFO             PET1 Running with ESMF Version   : ESMF_8_1_0_beta_snapshot_47
20210223 060720.942 INFO             PET1 ESMF library build date/time: "Feb 23 2021" "06:04:32"
20210223 060720.942 INFO             PET1 ESMF library build location : /glade/scratch/himanshu/relese_8.1.0/dir/gfortran_cheyenne/esmf
20210223 060720.942 INFO             PET1 ESMF_COMM                   : openmpi
20210223 060720.942 INFO             PET1 ESMF_MOAB                   : enabled
20210223 060720.942 INFO             PET1 ESMF_LAPACK                 : enabled
20210223 060720.942 INFO             PET1 ESMF_NETCDF                 : disabled
20210223 060720.942 INFO             PET1 ESMF_PNETCDF                : disabled
20210223 060720.942 INFO             PET1 ESMF_PIO                    : enabled
20210223 060720.942 INFO             PET1 ESMF_YAMLCPP                : enabled
20210223 060720.943 INFO             PET1 Finalizing ESMF
20210223 060721.334 INFO             PET1 !!!!!!!!!!!!!!!!!!!!!!!!!!!!!!!!!!!!!!!!!!!!!!!!!!!!!!
20210223 060721.334 INFO             PET1 !!! THE ESMF_LOG IS SET TO OUTPUT ALL LOG MESSAGES !!!
20210223 060721.334 INFO             PET1 !!!     THIS MAY CAUSE SLOWDOWN IN PERFORMANCE     !!!
20210223 060721.334 INFO             PET1 !!! FOR PRODUCTION RUNS, USE:                      !!!
20210223 060721.334 INFO             PET1 !!!                   ESMF_LOGKIND_Multi_On_Error  !!!
20210223 060721.334 INFO             PET1 !!!!!!!!!!!!!!!!!!!!!!!!!!!!!!!!!!!!!!!!!!!!!!!!!!!!!!
20210223 060721.334 INFO             PET1 Running with ESMF Version   : ESMF_8_1_0_beta_snapshot_47
20210223 060721.334 INFO             PET1 ESMF library build date/time: "Feb 23 2021" "06:04:32"
20210223 060721.335 INFO             PET1 ESMF library build location : /glade/scratch/himanshu/relese_8.1.0/dir/gfortran_cheyenne/esmf
20210223 060721.335 INFO             PET1 ESMF_COMM                   : openmpi
20210223 060721.335 INFO             PET1 ESMF_MOAB                   : enabled
20210223 060721.335 INFO             PET1 ESMF_LAPACK                 : enabled
20210223 060721.335 INFO             PET1 ESMF_NETCDF                 : disabled
20210223 060721.335 INFO             PET1 ESMF_PNETCDF                : disabled
20210223 060721.335 INFO             PET1 ESMF_PIO                    : enabled
20210223 060721.335 INFO             PET1 ESMF_YAMLCPP                : enabled
20210223 060721.335 INFO             PET1 Finalizing ESMF
20210223 060721.729 INFO             PET1 !!!!!!!!!!!!!!!!!!!!!!!!!!!!!!!!!!!!!!!!!!!!!!!!!!!!!!
20210223 060721.729 INFO             PET1 !!! THE ESMF_LOG IS SET TO OUTPUT ALL LOG MESSAGES !!!
20210223 060721.729 INFO             PET1 !!!     THIS MAY CAUSE SLOWDOWN IN PERFORMANCE     !!!
20210223 060721.729 INFO             PET1 !!! FOR PRODUCTION RUNS, USE:                      !!!
20210223 060721.729 INFO             PET1 !!!                   ESMF_LOGKIND_Multi_On_Error  !!!
20210223 060721.729 INFO             PET1 !!!!!!!!!!!!!!!!!!!!!!!!!!!!!!!!!!!!!!!!!!!!!!!!!!!!!!
20210223 060721.729 INFO             PET1 Running with ESMF Version   : ESMF_8_1_0_beta_snapshot_47
20210223 060721.729 INFO             PET1 ESMF library build date/time: "Feb 23 2021" "06:04:32"
20210223 060721.729 INFO             PET1 ESMF library build location : /glade/scratch/himanshu/relese_8.1.0/dir/gfortran_cheyenne/esmf
20210223 060721.729 INFO             PET1 ESMF_COMM                   : openmpi
20210223 060721.731 INFO             PET1 ESMF_MOAB                   : enabled
20210223 060721.731 INFO             PET1 ESMF_LAPACK                 : enabled
20210223 060721.731 INFO             PET1 ESMF_NETCDF                 : disabled
20210223 060721.731 INFO             PET1 ESMF_PNETCDF                : disabled
20210223 060721.731 INFO             PET1 ESMF_PIO                    : enabled
20210223 060721.731 INFO             PET1 ESMF_YAMLCPP                : enabled
20210223 060721.732 INFO             PET1 Finalizing ESMF
Tue Feb 23 13:44:17 MST 2021
