20201017 035719.667 INFO             PET0 !!!!!!!!!!!!!!!!!!!!!!!!!!!!!!!!!!!!!!!!!!!!!!!!!!!!!!
20201017 035719.667 INFO             PET0 !!! THE ESMF_LOG IS SET TO OUTPUT ALL LOG MESSAGES !!!
20201017 035719.667 INFO             PET0 !!!     THIS MAY CAUSE SLOWDOWN IN PERFORMANCE     !!!
20201017 035719.667 INFO             PET0 !!! FOR PRODUCTION RUNS, USE:                      !!!
20201017 035719.667 INFO             PET0 !!!                   ESMF_LOGKIND_Multi_On_Error  !!!
20201017 035719.667 INFO             PET0 !!!!!!!!!!!!!!!!!!!!!!!!!!!!!!!!!!!!!!!!!!!!!!!!!!!!!!
20201017 035719.667 INFO             PET0 Running with ESMF Version   : ESMF_8_1_0_beta_snapshot_35-6-g6aa98a792f
20201017 035719.667 INFO             PET0 ESMF library build date/time: "Oct 17 2020" "03:47:12"
20201017 035719.667 INFO             PET0 ESMF library build location : /glade/scratch/himanshu/scripts_dir/daily/intel_cheyenne/esmf
20201017 035719.667 INFO             PET0 ESMF_COMM                   : mpt
20201017 035719.667 INFO             PET0 ESMF_NETCDF                 : disabled
20201017 035719.667 INFO             PET0 ESMF_PNETCDF                : disabled
20201017 035719.667 INFO             PET0 ESMF_PIO                    : enabled
20201017 035719.667 INFO             PET0 ESMF_YAMLCPP                : enabled
20201017 035719.667 INFO             PET0 ESMF_MOAB                   : enabled
20201017 035719.667 INFO             PET0 Finalizing ESMF
20201017 035719.746 INFO             PET0 !!!!!!!!!!!!!!!!!!!!!!!!!!!!!!!!!!!!!!!!!!!!!!!!!!!!!!
20201017 035719.746 INFO             PET0 !!! THE ESMF_LOG IS SET TO OUTPUT ALL LOG MESSAGES !!!
20201017 035719.746 INFO             PET0 !!!     THIS MAY CAUSE SLOWDOWN IN PERFORMANCE     !!!
20201017 035719.746 INFO             PET0 !!! FOR PRODUCTION RUNS, USE:                      !!!
20201017 035719.746 INFO             PET0 !!!                   ESMF_LOGKIND_Multi_On_Error  !!!
20201017 035719.746 INFO             PET0 !!!!!!!!!!!!!!!!!!!!!!!!!!!!!!!!!!!!!!!!!!!!!!!!!!!!!!
20201017 035719.746 INFO             PET0 Running with ESMF Version   : ESMF_8_1_0_beta_snapshot_35-6-g6aa98a792f
20201017 035719.746 INFO             PET0 ESMF library build date/time: "Oct 17 2020" "03:47:12"
20201017 035719.746 INFO             PET0 ESMF library build location : /glade/scratch/himanshu/scripts_dir/daily/intel_cheyenne/esmf
20201017 035719.746 INFO             PET0 ESMF_COMM                   : mpt
20201017 035719.746 INFO             PET0 ESMF_NETCDF                 : disabled
20201017 035719.746 INFO             PET0 ESMF_PNETCDF                : disabled
20201017 035719.746 INFO             PET0 ESMF_PIO                    : enabled
20201017 035719.746 INFO             PET0 ESMF_YAMLCPP                : enabled
20201017 035719.746 INFO             PET0 ESMF_MOAB                   : enabled
20201017 035719.746 INFO             PET0 Finalizing ESMF
20201017 035719.827 INFO             PET0 !!!!!!!!!!!!!!!!!!!!!!!!!!!!!!!!!!!!!!!!!!!!!!!!!!!!!!
20201017 035719.828 INFO             PET0 !!! THE ESMF_LOG IS SET TO OUTPUT ALL LOG MESSAGES !!!
20201017 035719.828 INFO             PET0 !!!     THIS MAY CAUSE SLOWDOWN IN PERFORMANCE     !!!
20201017 035719.828 INFO             PET0 !!! FOR PRODUCTION RUNS, USE:                      !!!
20201017 035719.828 INFO             PET0 !!!                   ESMF_LOGKIND_Multi_On_Error  !!!
20201017 035719.828 INFO             PET0 !!!!!!!!!!!!!!!!!!!!!!!!!!!!!!!!!!!!!!!!!!!!!!!!!!!!!!
20201017 035719.828 INFO             PET0 Running with ESMF Version   : ESMF_8_1_0_beta_snapshot_35-6-g6aa98a792f
20201017 035719.828 INFO             PET0 ESMF library build date/time: "Oct 17 2020" "03:47:12"
20201017 035719.828 INFO             PET0 ESMF library build location : /glade/scratch/himanshu/scripts_dir/daily/intel_cheyenne/esmf
20201017 035719.828 INFO             PET0 ESMF_COMM                   : mpt
20201017 035719.828 INFO             PET0 ESMF_NETCDF                 : disabled
20201017 035719.828 INFO             PET0 ESMF_PNETCDF                : disabled
20201017 035719.828 INFO             PET0 ESMF_PIO                    : enabled
20201017 035719.828 INFO             PET0 ESMF_YAMLCPP                : enabled
20201017 035719.828 INFO             PET0 ESMF_MOAB                   : enabled
20201017 035719.831 INFO             PET0 Finalizing ESMF
