20210208 024837.012 INFO             PET2 !!!!!!!!!!!!!!!!!!!!!!!!!!!!!!!!!!!!!!!!!!!!!!!!!!!!!!
20210208 024837.012 INFO             PET2 !!! THE ESMF_LOG IS SET TO OUTPUT ALL LOG MESSAGES !!!
20210208 024837.012 INFO             PET2 !!!     THIS MAY CAUSE SLOWDOWN IN PERFORMANCE     !!!
20210208 024837.012 INFO             PET2 !!! FOR PRODUCTION RUNS, USE:                      !!!
20210208 024837.012 INFO             PET2 !!!                   ESMF_LOGKIND_Multi_On_Error  !!!
20210208 024837.012 INFO             PET2 !!!!!!!!!!!!!!!!!!!!!!!!!!!!!!!!!!!!!!!!!!!!!!!!!!!!!!
20210208 024837.012 INFO             PET2 Running with ESMF Version   : ESMF_8_1_0_beta_snapshot_43-58-g2869d4f82f
20210208 024837.012 INFO             PET2 ESMF library build date/time: "Feb  8 2021" "02:37:48"
20210208 024837.012 INFO             PET2 ESMF library build location : /glade/scratch/himanshu/scripts_dir/daily/intel_cheyenne/esmf
20210208 024837.012 INFO             PET2 ESMF_COMM                   : mpt
20210208 024837.012 INFO             PET2 ESMF_MOAB                   : enabled
20210208 024837.012 INFO             PET2 ESMF_LAPACK                 : enabled
20210208 024837.012 INFO             PET2 ESMF_NETCDF                 : disabled
20210208 024837.012 INFO             PET2 ESMF_PNETCDF                : disabled
20210208 024837.012 INFO             PET2 ESMF_PIO                    : enabled
20210208 024837.012 INFO             PET2 ESMF_YAMLCPP                : enabled
20210208 024837.014 INFO             PET2 Finalizing ESMF
20210208 024837.097 INFO             PET2 !!!!!!!!!!!!!!!!!!!!!!!!!!!!!!!!!!!!!!!!!!!!!!!!!!!!!!
20210208 024837.097 INFO             PET2 !!! THE ESMF_LOG IS SET TO OUTPUT ALL LOG MESSAGES !!!
20210208 024837.097 INFO             PET2 !!!     THIS MAY CAUSE SLOWDOWN IN PERFORMANCE     !!!
20210208 024837.097 INFO             PET2 !!! FOR PRODUCTION RUNS, USE:                      !!!
20210208 024837.097 INFO             PET2 !!!                   ESMF_LOGKIND_Multi_On_Error  !!!
20210208 024837.097 INFO             PET2 !!!!!!!!!!!!!!!!!!!!!!!!!!!!!!!!!!!!!!!!!!!!!!!!!!!!!!
20210208 024837.097 INFO             PET2 Running with ESMF Version   : ESMF_8_1_0_beta_snapshot_43-58-g2869d4f82f
20210208 024837.097 INFO             PET2 ESMF library build date/time: "Feb  8 2021" "02:37:48"
20210208 024837.097 INFO             PET2 ESMF library build location : /glade/scratch/himanshu/scripts_dir/daily/intel_cheyenne/esmf
20210208 024837.097 INFO             PET2 ESMF_COMM                   : mpt
20210208 024837.097 INFO             PET2 ESMF_MOAB                   : enabled
20210208 024837.097 INFO             PET2 ESMF_LAPACK                 : enabled
20210208 024837.097 INFO             PET2 ESMF_NETCDF                 : disabled
20210208 024837.097 INFO             PET2 ESMF_PNETCDF                : disabled
20210208 024837.097 INFO             PET2 ESMF_PIO                    : enabled
20210208 024837.097 INFO             PET2 ESMF_YAMLCPP                : enabled
20210208 024837.098 INFO             PET2 Finalizing ESMF
20210208 024837.179 INFO             PET2 !!!!!!!!!!!!!!!!!!!!!!!!!!!!!!!!!!!!!!!!!!!!!!!!!!!!!!
20210208 024837.179 INFO             PET2 !!! THE ESMF_LOG IS SET TO OUTPUT ALL LOG MESSAGES !!!
20210208 024837.179 INFO             PET2 !!!     THIS MAY CAUSE SLOWDOWN IN PERFORMANCE     !!!
20210208 024837.179 INFO             PET2 !!! FOR PRODUCTION RUNS, USE:                      !!!
20210208 024837.179 INFO             PET2 !!!                   ESMF_LOGKIND_Multi_On_Error  !!!
20210208 024837.179 INFO             PET2 !!!!!!!!!!!!!!!!!!!!!!!!!!!!!!!!!!!!!!!!!!!!!!!!!!!!!!
20210208 024837.179 INFO             PET2 Running with ESMF Version   : ESMF_8_1_0_beta_snapshot_43-58-g2869d4f82f
20210208 024837.179 INFO             PET2 ESMF library build date/time: "Feb  8 2021" "02:37:48"
20210208 024837.179 INFO             PET2 ESMF library build location : /glade/scratch/himanshu/scripts_dir/daily/intel_cheyenne/esmf
20210208 024837.179 INFO             PET2 ESMF_COMM                   : mpt
20210208 024837.182 INFO             PET2 ESMF_MOAB                   : enabled
20210208 024837.182 INFO             PET2 ESMF_LAPACK                 : enabled
20210208 024837.182 INFO             PET2 ESMF_NETCDF                 : disabled
20210208 024837.182 INFO             PET2 ESMF_PNETCDF                : disabled
20210208 024837.182 INFO             PET2 ESMF_PIO                    : enabled
20210208 024837.182 INFO             PET2 ESMF_YAMLCPP                : enabled
20210208 024837.183 INFO             PET2 Finalizing ESMF
Tue Feb  9 02:16:30 MST 2021
