20210211 045817.460 INFO             PET3 !!!!!!!!!!!!!!!!!!!!!!!!!!!!!!!!!!!!!!!!!!!!!!!!!!!!!!
20210211 045817.460 INFO             PET3 !!! THE ESMF_LOG IS SET TO OUTPUT ALL LOG MESSAGES !!!
20210211 045817.460 INFO             PET3 !!!     THIS MAY CAUSE SLOWDOWN IN PERFORMANCE     !!!
20210211 045817.460 INFO             PET3 !!! FOR PRODUCTION RUNS, USE:                      !!!
20210211 045817.460 INFO             PET3 !!!                   ESMF_LOGKIND_Multi_On_Error  !!!
20210211 045817.460 INFO             PET3 !!!!!!!!!!!!!!!!!!!!!!!!!!!!!!!!!!!!!!!!!!!!!!!!!!!!!!
20210211 045817.460 INFO             PET3 Running with ESMF Version   : ESMF_8_1_0_beta_snapshot_44-53-gdb2e74ae37
20210211 045817.460 INFO             PET3 ESMF library build date/time: "Feb 11 2021" "04:47:39"
20210211 045817.460 INFO             PET3 ESMF library build location : /glade/scratch/himanshu/scripts_dir/daily/intel_cheyenne/esmf
20210211 045817.460 INFO             PET3 ESMF_COMM                   : mpt
20210211 045817.460 INFO             PET3 ESMF_MOAB                   : enabled
20210211 045817.460 INFO             PET3 ESMF_LAPACK                 : enabled
20210211 045817.460 INFO             PET3 ESMF_NETCDF                 : disabled
20210211 045817.460 INFO             PET3 ESMF_PNETCDF                : disabled
20210211 045817.460 INFO             PET3 ESMF_PIO                    : enabled
20210211 045817.460 INFO             PET3 ESMF_YAMLCPP                : enabled
20210211 045817.461 INFO             PET3 Finalizing ESMF
20210211 045817.545 INFO             PET3 !!!!!!!!!!!!!!!!!!!!!!!!!!!!!!!!!!!!!!!!!!!!!!!!!!!!!!
20210211 045817.545 INFO             PET3 !!! THE ESMF_LOG IS SET TO OUTPUT ALL LOG MESSAGES !!!
20210211 045817.545 INFO             PET3 !!!     THIS MAY CAUSE SLOWDOWN IN PERFORMANCE     !!!
20210211 045817.545 INFO             PET3 !!! FOR PRODUCTION RUNS, USE:                      !!!
20210211 045817.545 INFO             PET3 !!!                   ESMF_LOGKIND_Multi_On_Error  !!!
20210211 045817.545 INFO             PET3 !!!!!!!!!!!!!!!!!!!!!!!!!!!!!!!!!!!!!!!!!!!!!!!!!!!!!!
20210211 045817.545 INFO             PET3 Running with ESMF Version   : ESMF_8_1_0_beta_snapshot_44-53-gdb2e74ae37
20210211 045817.545 INFO             PET3 ESMF library build date/time: "Feb 11 2021" "04:47:39"
20210211 045817.545 INFO             PET3 ESMF library build location : /glade/scratch/himanshu/scripts_dir/daily/intel_cheyenne/esmf
20210211 045817.545 INFO             PET3 ESMF_COMM                   : mpt
20210211 045817.545 INFO             PET3 ESMF_MOAB                   : enabled
20210211 045817.545 INFO             PET3 ESMF_LAPACK                 : enabled
20210211 045817.545 INFO             PET3 ESMF_NETCDF                 : disabled
20210211 045817.545 INFO             PET3 ESMF_PNETCDF                : disabled
20210211 045817.545 INFO             PET3 ESMF_PIO                    : enabled
20210211 045817.545 INFO             PET3 ESMF_YAMLCPP                : enabled
20210211 045817.545 INFO             PET3 Finalizing ESMF
20210211 045817.620 INFO             PET3 !!!!!!!!!!!!!!!!!!!!!!!!!!!!!!!!!!!!!!!!!!!!!!!!!!!!!!
20210211 045817.620 INFO             PET3 !!! THE ESMF_LOG IS SET TO OUTPUT ALL LOG MESSAGES !!!
20210211 045817.620 INFO             PET3 !!!     THIS MAY CAUSE SLOWDOWN IN PERFORMANCE     !!!
20210211 045817.620 INFO             PET3 !!! FOR PRODUCTION RUNS, USE:                      !!!
20210211 045817.620 INFO             PET3 !!!                   ESMF_LOGKIND_Multi_On_Error  !!!
20210211 045817.620 INFO             PET3 !!!!!!!!!!!!!!!!!!!!!!!!!!!!!!!!!!!!!!!!!!!!!!!!!!!!!!
20210211 045817.620 INFO             PET3 Running with ESMF Version   : ESMF_8_1_0_beta_snapshot_44-53-gdb2e74ae37
20210211 045817.620 INFO             PET3 ESMF library build date/time: "Feb 11 2021" "04:47:39"
20210211 045817.620 INFO             PET3 ESMF library build location : /glade/scratch/himanshu/scripts_dir/daily/intel_cheyenne/esmf
20210211 045817.620 INFO             PET3 ESMF_COMM                   : mpt
20210211 045817.622 INFO             PET3 ESMF_MOAB                   : enabled
20210211 045817.622 INFO             PET3 ESMF_LAPACK                 : enabled
20210211 045817.622 INFO             PET3 ESMF_NETCDF                 : disabled
20210211 045817.622 INFO             PET3 ESMF_PNETCDF                : disabled
20210211 045817.622 INFO             PET3 ESMF_PIO                    : enabled
20210211 045817.622 INFO             PET3 ESMF_YAMLCPP                : enabled
20210211 045817.623 INFO             PET3 Finalizing ESMF
Thu Feb 11 23:46:39 MST 2021
