20210213 062502.807 INFO             PET0 !!!!!!!!!!!!!!!!!!!!!!!!!!!!!!!!!!!!!!!!!!!!!!!!!!!!!!
20210213 062502.808 INFO             PET0 !!! THE ESMF_LOG IS SET TO OUTPUT ALL LOG MESSAGES !!!
20210213 062502.808 INFO             PET0 !!!     THIS MAY CAUSE SLOWDOWN IN PERFORMANCE     !!!
20210213 062502.808 INFO             PET0 !!! FOR PRODUCTION RUNS, USE:                      !!!
20210213 062502.808 INFO             PET0 !!!                   ESMF_LOGKIND_Multi_On_Error  !!!
20210213 062502.808 INFO             PET0 !!!!!!!!!!!!!!!!!!!!!!!!!!!!!!!!!!!!!!!!!!!!!!!!!!!!!!
20210213 062502.808 INFO             PET0 Running with ESMF Version   : ESMF_8_1_0_beta_snapshot_44-80-g014a1253fa
20210213 062502.808 INFO             PET0 ESMF library build date/time: "Feb 13 2021" "06:21:16"
20210213 062502.808 INFO             PET0 ESMF library build location : /glade/scratch/himanshu/scripts_dir/daily/gfortran_cheyenne/esmf
20210213 062502.808 INFO             PET0 ESMF_COMM                   : openmpi
20210213 062502.808 INFO             PET0 ESMF_MOAB                   : enabled
20210213 062502.808 INFO             PET0 ESMF_LAPACK                 : enabled
20210213 062502.808 INFO             PET0 ESMF_NETCDF                 : disabled
20210213 062502.808 INFO             PET0 ESMF_PNETCDF                : disabled
20210213 062502.808 INFO             PET0 ESMF_PIO                    : enabled
20210213 062502.808 INFO             PET0 ESMF_YAMLCPP                : enabled
20210213 062502.808 INFO             PET0 Finalizing ESMF
20210213 062503.208 INFO             PET0 !!!!!!!!!!!!!!!!!!!!!!!!!!!!!!!!!!!!!!!!!!!!!!!!!!!!!!
20210213 062503.208 INFO             PET0 !!! THE ESMF_LOG IS SET TO OUTPUT ALL LOG MESSAGES !!!
20210213 062503.208 INFO             PET0 !!!     THIS MAY CAUSE SLOWDOWN IN PERFORMANCE     !!!
20210213 062503.208 INFO             PET0 !!! FOR PRODUCTION RUNS, USE:                      !!!
20210213 062503.208 INFO             PET0 !!!                   ESMF_LOGKIND_Multi_On_Error  !!!
20210213 062503.208 INFO             PET0 !!!!!!!!!!!!!!!!!!!!!!!!!!!!!!!!!!!!!!!!!!!!!!!!!!!!!!
20210213 062503.208 INFO             PET0 Running with ESMF Version   : ESMF_8_1_0_beta_snapshot_44-80-g014a1253fa
20210213 062503.208 INFO             PET0 ESMF library build date/time: "Feb 13 2021" "06:21:16"
20210213 062503.208 INFO             PET0 ESMF library build location : /glade/scratch/himanshu/scripts_dir/daily/gfortran_cheyenne/esmf
20210213 062503.208 INFO             PET0 ESMF_COMM                   : openmpi
20210213 062503.208 INFO             PET0 ESMF_MOAB                   : enabled
20210213 062503.208 INFO             PET0 ESMF_LAPACK                 : enabled
20210213 062503.208 INFO             PET0 ESMF_NETCDF                 : disabled
20210213 062503.208 INFO             PET0 ESMF_PNETCDF                : disabled
20210213 062503.208 INFO             PET0 ESMF_PIO                    : enabled
20210213 062503.208 INFO             PET0 ESMF_YAMLCPP                : enabled
20210213 062503.208 INFO             PET0 Finalizing ESMF
20210213 062503.615 INFO             PET0 !!!!!!!!!!!!!!!!!!!!!!!!!!!!!!!!!!!!!!!!!!!!!!!!!!!!!!
20210213 062503.615 INFO             PET0 !!! THE ESMF_LOG IS SET TO OUTPUT ALL LOG MESSAGES !!!
20210213 062503.615 INFO             PET0 !!!     THIS MAY CAUSE SLOWDOWN IN PERFORMANCE     !!!
20210213 062503.615 INFO             PET0 !!! FOR PRODUCTION RUNS, USE:                      !!!
20210213 062503.615 INFO             PET0 !!!                   ESMF_LOGKIND_Multi_On_Error  !!!
20210213 062503.615 INFO             PET0 !!!!!!!!!!!!!!!!!!!!!!!!!!!!!!!!!!!!!!!!!!!!!!!!!!!!!!
20210213 062503.615 INFO             PET0 Running with ESMF Version   : ESMF_8_1_0_beta_snapshot_44-80-g014a1253fa
20210213 062503.615 INFO             PET0 ESMF library build date/time: "Feb 13 2021" "06:21:16"
20210213 062503.615 INFO             PET0 ESMF library build location : /glade/scratch/himanshu/scripts_dir/daily/gfortran_cheyenne/esmf
20210213 062503.615 INFO             PET0 ESMF_COMM                   : openmpi
20210213 062503.617 INFO             PET0 ESMF_MOAB                   : enabled
20210213 062503.617 INFO             PET0 ESMF_LAPACK                 : enabled
20210213 062503.617 INFO             PET0 ESMF_NETCDF                 : disabled
20210213 062503.617 INFO             PET0 ESMF_PNETCDF                : disabled
20210213 062503.617 INFO             PET0 ESMF_PIO                    : enabled
20210213 062503.617 INFO             PET0 ESMF_YAMLCPP                : enabled
20210213 062503.618 INFO             PET0 Finalizing ESMF
Sat Feb 13 09:10:30 MST 2021
