20210209 052422.037 INFO             PET2 !!!!!!!!!!!!!!!!!!!!!!!!!!!!!!!!!!!!!!!!!!!!!!!!!!!!!!
20210209 052422.037 INFO             PET2 !!! THE ESMF_LOG IS SET TO OUTPUT ALL LOG MESSAGES !!!
20210209 052422.037 INFO             PET2 !!!     THIS MAY CAUSE SLOWDOWN IN PERFORMANCE     !!!
20210209 052422.037 INFO             PET2 !!! FOR PRODUCTION RUNS, USE:                      !!!
20210209 052422.037 INFO             PET2 !!!                   ESMF_LOGKIND_Multi_On_Error  !!!
20210209 052422.037 INFO             PET2 !!!!!!!!!!!!!!!!!!!!!!!!!!!!!!!!!!!!!!!!!!!!!!!!!!!!!!
20210209 052422.037 INFO             PET2 Running with ESMF Version   : ESMF_8_1_0_beta_snapshot_44-10-gd05f0618ff
20210209 052422.037 INFO             PET2 ESMF library build date/time: "Feb  9 2021" "05:20:32"
20210209 052422.037 INFO             PET2 ESMF library build location : /glade/scratch/himanshu/scripts_dir/daily/gfortran_cheyenne/esmf
20210209 052422.037 INFO             PET2 ESMF_COMM                   : openmpi
20210209 052422.038 INFO             PET2 ESMF_MOAB                   : enabled
20210209 052422.038 INFO             PET2 ESMF_LAPACK                 : enabled
20210209 052422.038 INFO             PET2 ESMF_NETCDF                 : disabled
20210209 052422.038 INFO             PET2 ESMF_PNETCDF                : disabled
20210209 052422.038 INFO             PET2 ESMF_PIO                    : enabled
20210209 052422.038 INFO             PET2 ESMF_YAMLCPP                : enabled
20210209 052422.039 INFO             PET2 Finalizing ESMF
20210209 052422.448 INFO             PET2 !!!!!!!!!!!!!!!!!!!!!!!!!!!!!!!!!!!!!!!!!!!!!!!!!!!!!!
20210209 052422.448 INFO             PET2 !!! THE ESMF_LOG IS SET TO OUTPUT ALL LOG MESSAGES !!!
20210209 052422.448 INFO             PET2 !!!     THIS MAY CAUSE SLOWDOWN IN PERFORMANCE     !!!
20210209 052422.448 INFO             PET2 !!! FOR PRODUCTION RUNS, USE:                      !!!
20210209 052422.448 INFO             PET2 !!!                   ESMF_LOGKIND_Multi_On_Error  !!!
20210209 052422.448 INFO             PET2 !!!!!!!!!!!!!!!!!!!!!!!!!!!!!!!!!!!!!!!!!!!!!!!!!!!!!!
20210209 052422.448 INFO             PET2 Running with ESMF Version   : ESMF_8_1_0_beta_snapshot_44-10-gd05f0618ff
20210209 052422.448 INFO             PET2 ESMF library build date/time: "Feb  9 2021" "05:20:32"
20210209 052422.448 INFO             PET2 ESMF library build location : /glade/scratch/himanshu/scripts_dir/daily/gfortran_cheyenne/esmf
20210209 052422.449 INFO             PET2 ESMF_COMM                   : openmpi
20210209 052422.449 INFO             PET2 ESMF_MOAB                   : enabled
20210209 052422.449 INFO             PET2 ESMF_LAPACK                 : enabled
20210209 052422.449 INFO             PET2 ESMF_NETCDF                 : disabled
20210209 052422.449 INFO             PET2 ESMF_PNETCDF                : disabled
20210209 052422.449 INFO             PET2 ESMF_PIO                    : enabled
20210209 052422.449 INFO             PET2 ESMF_YAMLCPP                : enabled
20210209 052422.449 INFO             PET2 Finalizing ESMF
20210209 052422.851 INFO             PET2 !!!!!!!!!!!!!!!!!!!!!!!!!!!!!!!!!!!!!!!!!!!!!!!!!!!!!!
20210209 052422.851 INFO             PET2 !!! THE ESMF_LOG IS SET TO OUTPUT ALL LOG MESSAGES !!!
20210209 052422.851 INFO             PET2 !!!     THIS MAY CAUSE SLOWDOWN IN PERFORMANCE     !!!
20210209 052422.851 INFO             PET2 !!! FOR PRODUCTION RUNS, USE:                      !!!
20210209 052422.851 INFO             PET2 !!!                   ESMF_LOGKIND_Multi_On_Error  !!!
20210209 052422.851 INFO             PET2 !!!!!!!!!!!!!!!!!!!!!!!!!!!!!!!!!!!!!!!!!!!!!!!!!!!!!!
20210209 052422.851 INFO             PET2 Running with ESMF Version   : ESMF_8_1_0_beta_snapshot_44-10-gd05f0618ff
20210209 052422.851 INFO             PET2 ESMF library build date/time: "Feb  9 2021" "05:20:32"
20210209 052422.851 INFO             PET2 ESMF library build location : /glade/scratch/himanshu/scripts_dir/daily/gfortran_cheyenne/esmf
20210209 052422.851 INFO             PET2 ESMF_COMM                   : openmpi
20210209 052422.854 INFO             PET2 ESMF_MOAB                   : enabled
20210209 052422.854 INFO             PET2 ESMF_LAPACK                 : enabled
20210209 052422.854 INFO             PET2 ESMF_NETCDF                 : disabled
20210209 052422.854 INFO             PET2 ESMF_PNETCDF                : disabled
20210209 052422.854 INFO             PET2 ESMF_PIO                    : enabled
20210209 052422.854 INFO             PET2 ESMF_YAMLCPP                : enabled
20210209 052422.854 INFO             PET2 Finalizing ESMF
Tue Feb  9 08:10:11 MST 2021
