20210212 114358.417 INFO             PET2 !!!!!!!!!!!!!!!!!!!!!!!!!!!!!!!!!!!!!!!!!!!!!!!!!!!!!!
20210212 114358.417 INFO             PET2 !!! THE ESMF_LOG IS SET TO OUTPUT ALL LOG MESSAGES !!!
20210212 114358.417 INFO             PET2 !!!     THIS MAY CAUSE SLOWDOWN IN PERFORMANCE     !!!
20210212 114358.417 INFO             PET2 !!! FOR PRODUCTION RUNS, USE:                      !!!
20210212 114358.417 INFO             PET2 !!!                   ESMF_LOGKIND_Multi_On_Error  !!!
20210212 114358.417 INFO             PET2 !!!!!!!!!!!!!!!!!!!!!!!!!!!!!!!!!!!!!!!!!!!!!!!!!!!!!!
20210212 114358.417 INFO             PET2 Running with ESMF Version   : ESMF_8_1_0_beta_snapshot_44-71-g5a2c3f2e38
20210212 114358.417 INFO             PET2 ESMF library build date/time: "Feb 12 2021" "11:40:14"
20210212 114358.417 INFO             PET2 ESMF library build location : /glade/scratch/himanshu/scripts_dir/daily/gfortran_cheyenne/esmf
20210212 114358.417 INFO             PET2 ESMF_COMM                   : openmpi
20210212 114358.419 INFO             PET2 ESMF_MOAB                   : enabled
20210212 114358.419 INFO             PET2 ESMF_LAPACK                 : enabled
20210212 114358.419 INFO             PET2 ESMF_NETCDF                 : disabled
20210212 114358.419 INFO             PET2 ESMF_PNETCDF                : disabled
20210212 114358.419 INFO             PET2 ESMF_PIO                    : enabled
20210212 114358.419 INFO             PET2 ESMF_YAMLCPP                : enabled
20210212 114358.419 INFO             PET2 Finalizing ESMF
20210212 114358.840 INFO             PET2 !!!!!!!!!!!!!!!!!!!!!!!!!!!!!!!!!!!!!!!!!!!!!!!!!!!!!!
20210212 114358.840 INFO             PET2 !!! THE ESMF_LOG IS SET TO OUTPUT ALL LOG MESSAGES !!!
20210212 114358.840 INFO             PET2 !!!     THIS MAY CAUSE SLOWDOWN IN PERFORMANCE     !!!
20210212 114358.840 INFO             PET2 !!! FOR PRODUCTION RUNS, USE:                      !!!
20210212 114358.840 INFO             PET2 !!!                   ESMF_LOGKIND_Multi_On_Error  !!!
20210212 114358.840 INFO             PET2 !!!!!!!!!!!!!!!!!!!!!!!!!!!!!!!!!!!!!!!!!!!!!!!!!!!!!!
20210212 114358.840 INFO             PET2 Running with ESMF Version   : ESMF_8_1_0_beta_snapshot_44-71-g5a2c3f2e38
20210212 114358.840 INFO             PET2 ESMF library build date/time: "Feb 12 2021" "11:40:14"
20210212 114358.840 INFO             PET2 ESMF library build location : /glade/scratch/himanshu/scripts_dir/daily/gfortran_cheyenne/esmf
20210212 114358.840 INFO             PET2 ESMF_COMM                   : openmpi
20210212 114358.840 INFO             PET2 ESMF_MOAB                   : enabled
20210212 114358.840 INFO             PET2 ESMF_LAPACK                 : enabled
20210212 114358.840 INFO             PET2 ESMF_NETCDF                 : disabled
20210212 114358.840 INFO             PET2 ESMF_PNETCDF                : disabled
20210212 114358.840 INFO             PET2 ESMF_PIO                    : enabled
20210212 114358.840 INFO             PET2 ESMF_YAMLCPP                : enabled
20210212 114358.840 INFO             PET2 Finalizing ESMF
20210212 114359.231 INFO             PET2 !!!!!!!!!!!!!!!!!!!!!!!!!!!!!!!!!!!!!!!!!!!!!!!!!!!!!!
20210212 114359.231 INFO             PET2 !!! THE ESMF_LOG IS SET TO OUTPUT ALL LOG MESSAGES !!!
20210212 114359.231 INFO             PET2 !!!     THIS MAY CAUSE SLOWDOWN IN PERFORMANCE     !!!
20210212 114359.231 INFO             PET2 !!! FOR PRODUCTION RUNS, USE:                      !!!
20210212 114359.231 INFO             PET2 !!!                   ESMF_LOGKIND_Multi_On_Error  !!!
20210212 114359.231 INFO             PET2 !!!!!!!!!!!!!!!!!!!!!!!!!!!!!!!!!!!!!!!!!!!!!!!!!!!!!!
20210212 114359.231 INFO             PET2 Running with ESMF Version   : ESMF_8_1_0_beta_snapshot_44-71-g5a2c3f2e38
20210212 114359.231 INFO             PET2 ESMF library build date/time: "Feb 12 2021" "11:40:14"
20210212 114359.231 INFO             PET2 ESMF library build location : /glade/scratch/himanshu/scripts_dir/daily/gfortran_cheyenne/esmf
20210212 114359.231 INFO             PET2 ESMF_COMM                   : openmpi
20210212 114359.233 INFO             PET2 ESMF_MOAB                   : enabled
20210212 114359.233 INFO             PET2 ESMF_LAPACK                 : enabled
20210212 114359.233 INFO             PET2 ESMF_NETCDF                 : disabled
20210212 114359.233 INFO             PET2 ESMF_PNETCDF                : disabled
20210212 114359.233 INFO             PET2 ESMF_PIO                    : enabled
20210212 114359.233 INFO             PET2 ESMF_YAMLCPP                : enabled
20210212 114359.234 INFO             PET2 Finalizing ESMF
Fri Feb 12 14:29:17 MST 2021
