20210218 093329.252 INFO             PET0 !!!!!!!!!!!!!!!!!!!!!!!!!!!!!!!!!!!!!!!!!!!!!!!!!!!!!!
20210218 093329.252 INFO             PET0 !!! THE ESMF_LOG IS SET TO OUTPUT ALL LOG MESSAGES !!!
20210218 093329.252 INFO             PET0 !!!     THIS MAY CAUSE SLOWDOWN IN PERFORMANCE     !!!
20210218 093329.252 INFO             PET0 !!! FOR PRODUCTION RUNS, USE:                      !!!
20210218 093329.252 INFO             PET0 !!!                   ESMF_LOGKIND_Multi_On_Error  !!!
20210218 093329.252 INFO             PET0 !!!!!!!!!!!!!!!!!!!!!!!!!!!!!!!!!!!!!!!!!!!!!!!!!!!!!!
20210218 093329.252 INFO             PET0 Running with ESMF Version   : ESMF_8_1_0_beta_snapshot_46-5-g3a89871
20210218 093329.252 INFO             PET0 ESMF library build date/time: "Feb 18 2021" "09:22:04"
20210218 093329.252 INFO             PET0 ESMF library build location : /home/hpillai/esmf_test/intel/esmf
20210218 093329.252 INFO             PET0 ESMF_COMM                   : intelmpi
20210218 093329.253 INFO             PET0 ESMF_MOAB                   : enabled
20210218 093329.253 INFO             PET0 ESMF_LAPACK                 : enabled
20210218 093329.253 INFO             PET0 ESMF_NETCDF                 : enabled
20210218 093329.253 INFO             PET0 ESMF_PNETCDF                : disabled
20210218 093329.253 INFO             PET0 ESMF_PIO                    : enabled
20210218 093329.253 INFO             PET0 ESMF_YAMLCPP                : enabled
20210218 093329.253 INFO             PET0  NUMBER_OF_PROCESSORS           1
20210218 093329.253 INFO             PET0  PASS  Example ESMF_TimeEx, ESMF_TimeEx.F90, line 141
20210218 093329.253 INFO             PET0 Finalizing ESMF
Thu Feb 18 12:22:07 CST 2021
