20210124 203024.421 INFO             PET0 !!!!!!!!!!!!!!!!!!!!!!!!!!!!!!!!!!!!!!!!!!!!!!!!!!!!!!
20210124 203024.421 INFO             PET0 !!! THE ESMF_LOG IS SET TO OUTPUT ALL LOG MESSAGES !!!
20210124 203024.421 INFO             PET0 !!!     THIS MAY CAUSE SLOWDOWN IN PERFORMANCE     !!!
20210124 203024.421 INFO             PET0 !!! FOR PRODUCTION RUNS, USE:                      !!!
20210124 203024.421 INFO             PET0 !!!                   ESMF_LOGKIND_Multi_On_Error  !!!
20210124 203024.421 INFO             PET0 !!!!!!!!!!!!!!!!!!!!!!!!!!!!!!!!!!!!!!!!!!!!!!!!!!!!!!
20210124 203024.421 INFO             PET0 Running with ESMF Version   : ESMF_8_1_0_beta_snapshot_42-7-g9d66bb5
20210124 203024.421 INFO             PET0 ESMF library build date/time: "Jan 24 2021" "20:19:22"
20210124 203024.421 INFO             PET0 ESMF library build location : /home/hpillai/esmf_test/intel/esmf
20210124 203024.421 INFO             PET0 ESMF_COMM                   : intelmpi
20210124 203024.422 INFO             PET0 ESMF_NETCDF                 : enabled
20210124 203024.422 INFO             PET0 ESMF_PNETCDF                : disabled
20210124 203024.422 INFO             PET0 ESMF_PIO                    : enabled
20210124 203024.422 INFO             PET0 ESMF_YAMLCPP                : enabled
20210124 203024.422 INFO             PET0 ESMF_MOAB                   : enabled
20210124 203024.422 INFO             PET0  NUMBER_OF_PROCESSORS           2
20210124 203024.422 INFO             PET0  PASS  Example ESMF_VMUserMpiCommEx, ESMF_VMUserMpiCommEx.F90, line 113
20210124 203024.422 INFO             PET0 Finalizing ESMF
20210124 203024.421 INFO             PET1 !!!!!!!!!!!!!!!!!!!!!!!!!!!!!!!!!!!!!!!!!!!!!!!!!!!!!!
20210124 203024.421 INFO             PET1 !!! THE ESMF_LOG IS SET TO OUTPUT ALL LOG MESSAGES !!!
20210124 203024.421 INFO             PET1 !!!     THIS MAY CAUSE SLOWDOWN IN PERFORMANCE     !!!
20210124 203024.421 INFO             PET1 !!! FOR PRODUCTION RUNS, USE:                      !!!
20210124 203024.421 INFO             PET1 !!!                   ESMF_LOGKIND_Multi_On_Error  !!!
20210124 203024.421 INFO             PET1 !!!!!!!!!!!!!!!!!!!!!!!!!!!!!!!!!!!!!!!!!!!!!!!!!!!!!!
20210124 203024.421 INFO             PET1 Running with ESMF Version   : ESMF_8_1_0_beta_snapshot_42-7-g9d66bb5
20210124 203024.421 INFO             PET1 ESMF library build date/time: "Jan 24 2021" "20:19:22"
20210124 203024.421 INFO             PET1 ESMF library build location : /home/hpillai/esmf_test/intel/esmf
20210124 203024.421 INFO             PET1 ESMF_COMM                   : intelmpi
20210124 203024.422 INFO             PET1 ESMF_NETCDF                 : enabled
20210124 203024.422 INFO             PET1 ESMF_PNETCDF                : disabled
20210124 203024.422 INFO             PET1 ESMF_PIO                    : enabled
20210124 203024.422 INFO             PET1 ESMF_YAMLCPP                : enabled
20210124 203024.422 INFO             PET1 ESMF_MOAB                   : enabled
20210124 203024.422 INFO             PET1  NUMBER_OF_PROCESSORS           2
20210124 203024.422 INFO             PET1  PASS  Example ESMF_VMUserMpiCommEx, ESMF_VMUserMpiCommEx.F90, line 113
20210124 203024.422 INFO             PET1 Finalizing ESMF
Sun Jan 24 22:25:10 CST 2021
