 FieldBundle example 1 returned
 FieldBundle example 1 returned
 FieldBundle example 1 returned
 FieldBundle example 1 returned
 FieldBundle example 2 returned, fieldcount =           1
 FieldBundle example 2 returned, fieldcount =           1
 FieldBundle example 3 returned, fieldcount =           3
 FieldBundle example 2 returned, fieldcount =           1
 FieldBundle example 2 returned, fieldcount =           1
 FieldBundle example 3 returned, fieldcount =           3
 FieldBundle example 3 returned, fieldcount =           3
 FieldBundle example 4 returned, field names = pressure, pressure
 FieldBundle name = atmosphere data
 FieldBundle example 3 returned, fieldcount =           3
 heat flux                                                                      
                                                                                
                                                                                
                    
 pressure                                                                       
 FieldBundle example 4 returned, field names = pressure, pressure
 FieldBundle name = atmosphere data
                                                                                
                                                                                
                    
 temperature                                                                    
                                                                                
                                                                                
                    
 heat flux                                                                      
                                                                                
                                                                                
                    
 temperature                                                                    
                                                                                
                                                                                
                    
 pressure                                                                       
                                                                                
                                                                                
                    
 FieldBundle example 4 returned, field names = pressure, pressure
 pressure                                                                       
                                                                                
                                                                                
                    
 temperature                                                                    
                                                                                
                                                                                
                    
 FieldBundle example 4 returned, field names = pressure, pressure
 FieldBundle name = atmosphere data
 heat flux                                                                      
                                                                                
                                                                                
                    
 FieldBundle name = atmosphere data
 heat flux                                                                      
                                                                                
                                                                                
                    
 pressure                                                                       
                                                                                
                                                                                
                    
 temperature                                                                    
                                                                                
                                                                                
                    
 pressure                                                                       
                                                                                
                                                                                
                    
 heat flux                                                                      
                                                                                
                                                                                
                    
 heat flux                                                                      
                                                                                
                                                                                
                    
 pressure                                                                       
                                                                                
                                                                                
                    
 temperature                                                                    
                                                                                
                                                                                
                    
 temperature                                                                    
                                                                                
                                                                                
                    
 temperature                                                                    
                                                                                
                                                                                
                    
 temperature                                                                    
                                                                                
                                                                                
                    
 pressure                                                                       
                                                                                
                                                                                
                    
 heat flux                                                                      
                                                                                
                                                                                
                    
 pressure                                                                       
                                                                                
                                                                                
                    
 heat flux                                                                      
                                                                                
                                                                                
                    
  PASS  Example ESMF_FieldBundleCreateEx, ESMF_FieldBundleCreateEx.F90, line 561
 PASS: ESMF_FieldBundleCreateEx.F90
  PASS  Example ESMF_FieldBundleCreateEx, ESMF_FieldBundleCreateEx.F90, line 561
 PASS: ESMF_FieldBundleCreateEx.F90
  PASS  Example ESMF_FieldBundleCreateEx, ESMF_FieldBundleCreateEx.F90, line 561
 PASS: ESMF_FieldBundleCreateEx.F90
  PASS  Example ESMF_FieldBundleCreateEx, ESMF_FieldBundleCreateEx.F90, line 561
 PASS: ESMF_FieldBundleCreateEx.F90
Fri Jan  1 19:37:54 CST 2021
