20210202 235026.055 INFO             PET0 !!!!!!!!!!!!!!!!!!!!!!!!!!!!!!!!!!!!!!!!!!!!!!!!!!!!!!
20210202 235026.055 INFO             PET0 !!! THE ESMF_LOG IS SET TO OUTPUT ALL LOG MESSAGES !!!
20210202 235026.055 INFO             PET0 !!!     THIS MAY CAUSE SLOWDOWN IN PERFORMANCE     !!!
20210202 235026.055 INFO             PET0 !!! FOR PRODUCTION RUNS, USE:                      !!!
20210202 235026.055 INFO             PET0 !!!                   ESMF_LOGKIND_Multi_On_Error  !!!
20210202 235026.055 INFO             PET0 !!!!!!!!!!!!!!!!!!!!!!!!!!!!!!!!!!!!!!!!!!!!!!!!!!!!!!
20210202 235026.055 INFO             PET0 Running with ESMF Version   : ESMF_8_1_0_beta_snapshot_43-28-g3831f9e
20210202 235026.055 INFO             PET0 ESMF library build date/time: "Feb  2 2021" "23:37:27"
20210202 235026.055 INFO             PET0 ESMF library build location : /home/hpillai/esmf_test/intel/esmf
20210202 235026.055 INFO             PET0 ESMF_COMM                   : intelmpi
20210202 235026.056 INFO             PET0 ESMF_NETCDF                 : enabled
20210202 235026.056 INFO             PET0 ESMF_PNETCDF                : disabled
20210202 235026.056 INFO             PET0 ESMF_PIO                    : enabled
20210202 235026.056 INFO             PET0 ESMF_YAMLCPP                : enabled
20210202 235026.056 INFO             PET0 ESMF_MOAB                   : enabled
20210202 235026.058 DEBUG            PET0 service: 0  PTHREAD_STACK_MIN: 16384 bytes  stack_size: 20971520 bytes
20210202 235026.059 INFO             PET0  NUMBER_OF_PROCESSORS           4
20210202 235026.059 INFO             PET0  PASS  Example ESMF_GCompEx, ESMF_GCompEx.F90, line 465
20210202 235026.059 INFO             PET0 Finalizing ESMF
20210202 235026.055 INFO             PET1 !!!!!!!!!!!!!!!!!!!!!!!!!!!!!!!!!!!!!!!!!!!!!!!!!!!!!!
20210202 235026.055 INFO             PET1 !!! THE ESMF_LOG IS SET TO OUTPUT ALL LOG MESSAGES !!!
20210202 235026.055 INFO             PET1 !!!     THIS MAY CAUSE SLOWDOWN IN PERFORMANCE     !!!
20210202 235026.055 INFO             PET1 !!! FOR PRODUCTION RUNS, USE:                      !!!
20210202 235026.055 INFO             PET1 !!!                   ESMF_LOGKIND_Multi_On_Error  !!!
20210202 235026.055 INFO             PET1 !!!!!!!!!!!!!!!!!!!!!!!!!!!!!!!!!!!!!!!!!!!!!!!!!!!!!!
20210202 235026.055 INFO             PET1 Running with ESMF Version   : ESMF_8_1_0_beta_snapshot_43-28-g3831f9e
20210202 235026.055 INFO             PET1 ESMF library build date/time: "Feb  2 2021" "23:37:27"
20210202 235026.055 INFO             PET1 ESMF library build location : /home/hpillai/esmf_test/intel/esmf
20210202 235026.055 INFO             PET1 ESMF_COMM                   : intelmpi
20210202 235026.055 INFO             PET1 ESMF_NETCDF                 : enabled
20210202 235026.055 INFO             PET1 ESMF_PNETCDF                : disabled
20210202 235026.055 INFO             PET1 ESMF_PIO                    : enabled
20210202 235026.055 INFO             PET1 ESMF_YAMLCPP                : enabled
20210202 235026.055 INFO             PET1 ESMF_MOAB                   : enabled
20210202 235026.058 DEBUG            PET1 service: 0  PTHREAD_STACK_MIN: 16384 bytes  stack_size: 20971520 bytes
20210202 235026.059 INFO             PET1  NUMBER_OF_PROCESSORS           4
20210202 235026.059 INFO             PET1  PASS  Example ESMF_GCompEx, ESMF_GCompEx.F90, line 465
20210202 235026.059 INFO             PET1 Finalizing ESMF
20210202 235026.055 INFO             PET2 !!!!!!!!!!!!!!!!!!!!!!!!!!!!!!!!!!!!!!!!!!!!!!!!!!!!!!
20210202 235026.055 INFO             PET2 !!! THE ESMF_LOG IS SET TO OUTPUT ALL LOG MESSAGES !!!
20210202 235026.055 INFO             PET2 !!!     THIS MAY CAUSE SLOWDOWN IN PERFORMANCE     !!!
20210202 235026.055 INFO             PET2 !!! FOR PRODUCTION RUNS, USE:                      !!!
20210202 235026.055 INFO             PET2 !!!                   ESMF_LOGKIND_Multi_On_Error  !!!
20210202 235026.055 INFO             PET2 !!!!!!!!!!!!!!!!!!!!!!!!!!!!!!!!!!!!!!!!!!!!!!!!!!!!!!
20210202 235026.055 INFO             PET2 Running with ESMF Version   : ESMF_8_1_0_beta_snapshot_43-28-g3831f9e
20210202 235026.055 INFO             PET2 ESMF library build date/time: "Feb  2 2021" "23:37:27"
20210202 235026.055 INFO             PET2 ESMF library build location : /home/hpillai/esmf_test/intel/esmf
20210202 235026.055 INFO             PET2 ESMF_COMM                   : intelmpi
20210202 235026.056 INFO             PET2 ESMF_NETCDF                 : enabled
20210202 235026.056 INFO             PET2 ESMF_PNETCDF                : disabled
20210202 235026.056 INFO             PET2 ESMF_PIO                    : enabled
20210202 235026.056 INFO             PET2 ESMF_YAMLCPP                : enabled
20210202 235026.056 INFO             PET2 ESMF_MOAB                   : enabled
20210202 235026.058 DEBUG            PET2 service: 0  PTHREAD_STACK_MIN: 16384 bytes  stack_size: 20971520 bytes
20210202 235026.059 INFO             PET2  NUMBER_OF_PROCESSORS           4
20210202 235026.059 INFO             PET2  PASS  Example ESMF_GCompEx, ESMF_GCompEx.F90, line 465
20210202 235026.059 INFO             PET2 Finalizing ESMF
20210202 235026.055 INFO             PET3 !!!!!!!!!!!!!!!!!!!!!!!!!!!!!!!!!!!!!!!!!!!!!!!!!!!!!!
20210202 235026.055 INFO             PET3 !!! THE ESMF_LOG IS SET TO OUTPUT ALL LOG MESSAGES !!!
20210202 235026.055 INFO             PET3 !!!     THIS MAY CAUSE SLOWDOWN IN PERFORMANCE     !!!
20210202 235026.055 INFO             PET3 !!! FOR PRODUCTION RUNS, USE:                      !!!
20210202 235026.055 INFO             PET3 !!!                   ESMF_LOGKIND_Multi_On_Error  !!!
20210202 235026.055 INFO             PET3 !!!!!!!!!!!!!!!!!!!!!!!!!!!!!!!!!!!!!!!!!!!!!!!!!!!!!!
20210202 235026.055 INFO             PET3 Running with ESMF Version   : ESMF_8_1_0_beta_snapshot_43-28-g3831f9e
20210202 235026.055 INFO             PET3 ESMF library build date/time: "Feb  2 2021" "23:37:27"
20210202 235026.055 INFO             PET3 ESMF library build location : /home/hpillai/esmf_test/intel/esmf
20210202 235026.055 INFO             PET3 ESMF_COMM                   : intelmpi
20210202 235026.056 INFO             PET3 ESMF_NETCDF                 : enabled
20210202 235026.056 INFO             PET3 ESMF_PNETCDF                : disabled
20210202 235026.056 INFO             PET3 ESMF_PIO                    : enabled
20210202 235026.056 INFO             PET3 ESMF_YAMLCPP                : enabled
20210202 235026.056 INFO             PET3 ESMF_MOAB                   : enabled
20210202 235026.058 DEBUG            PET3 service: 0  PTHREAD_STACK_MIN: 16384 bytes  stack_size: 20971520 bytes
20210202 235026.059 INFO             PET3  NUMBER_OF_PROCESSORS           4
20210202 235026.059 INFO             PET3  PASS  Example ESMF_GCompEx, ESMF_GCompEx.F90, line 465
20210202 235026.059 INFO             PET3 Finalizing ESMF
Wed Feb  3 00:51:29 CST 2021
