20210129 165724.784 INFO             PET0 !!!!!!!!!!!!!!!!!!!!!!!!!!!!!!!!!!!!!!!!!!!!!!!!!!!!!!
20210129 165724.784 INFO             PET0 !!! THE ESMF_LOG IS SET TO OUTPUT ALL LOG MESSAGES !!!
20210129 165724.784 INFO             PET0 !!!     THIS MAY CAUSE SLOWDOWN IN PERFORMANCE     !!!
20210129 165724.784 INFO             PET0 !!! FOR PRODUCTION RUNS, USE:                      !!!
20210129 165724.784 INFO             PET0 !!!                   ESMF_LOGKIND_Multi_On_Error  !!!
20210129 165724.784 INFO             PET0 !!!!!!!!!!!!!!!!!!!!!!!!!!!!!!!!!!!!!!!!!!!!!!!!!!!!!!
20210129 165724.784 INFO             PET0 Running with ESMF Version   : ESMF_8_1_0_beta_snapshot_43
20210129 165724.784 INFO             PET0 ESMF library build date/time: "Jan 29 2021" "16:45:16"
20210129 165724.784 INFO             PET0 ESMF library build location : /home/hpillai/esmf_test/intel/esmf
20210129 165724.784 INFO             PET0 ESMF_COMM                   : intelmpi
20210129 165724.785 INFO             PET0 ESMF_NETCDF                 : enabled
20210129 165724.785 INFO             PET0 ESMF_PNETCDF                : disabled
20210129 165724.785 INFO             PET0 ESMF_PIO                    : enabled
20210129 165724.785 INFO             PET0 ESMF_YAMLCPP                : enabled
20210129 165724.785 INFO             PET0 ESMF_MOAB                   : enabled
20210129 165727.816 INFO             PET0  NUMBER_OF_PROCESSORS           4
20210129 165727.816 INFO             PET0  PASS  Example ESMF_FieldEx, ESMF_FieldEx.F90, line 696
20210129 165727.816 INFO             PET0 Finalizing ESMF
20210129 165724.784 INFO             PET1 !!!!!!!!!!!!!!!!!!!!!!!!!!!!!!!!!!!!!!!!!!!!!!!!!!!!!!
20210129 165724.784 INFO             PET1 !!! THE ESMF_LOG IS SET TO OUTPUT ALL LOG MESSAGES !!!
20210129 165724.784 INFO             PET1 !!!     THIS MAY CAUSE SLOWDOWN IN PERFORMANCE     !!!
20210129 165724.784 INFO             PET1 !!! FOR PRODUCTION RUNS, USE:                      !!!
20210129 165724.784 INFO             PET1 !!!                   ESMF_LOGKIND_Multi_On_Error  !!!
20210129 165724.784 INFO             PET1 !!!!!!!!!!!!!!!!!!!!!!!!!!!!!!!!!!!!!!!!!!!!!!!!!!!!!!
20210129 165724.784 INFO             PET1 Running with ESMF Version   : ESMF_8_1_0_beta_snapshot_43
20210129 165724.784 INFO             PET1 ESMF library build date/time: "Jan 29 2021" "16:45:16"
20210129 165724.784 INFO             PET1 ESMF library build location : /home/hpillai/esmf_test/intel/esmf
20210129 165724.784 INFO             PET1 ESMF_COMM                   : intelmpi
20210129 165724.785 INFO             PET1 ESMF_NETCDF                 : enabled
20210129 165724.785 INFO             PET1 ESMF_PNETCDF                : disabled
20210129 165724.785 INFO             PET1 ESMF_PIO                    : enabled
20210129 165724.785 INFO             PET1 ESMF_YAMLCPP                : enabled
20210129 165724.785 INFO             PET1 ESMF_MOAB                   : enabled
20210129 165728.492 INFO             PET1  NUMBER_OF_PROCESSORS           4
20210129 165728.492 INFO             PET1  PASS  Example ESMF_FieldEx, ESMF_FieldEx.F90, line 696
20210129 165728.492 INFO             PET1 Finalizing ESMF
20210129 165724.784 INFO             PET2 !!!!!!!!!!!!!!!!!!!!!!!!!!!!!!!!!!!!!!!!!!!!!!!!!!!!!!
20210129 165724.784 INFO             PET2 !!! THE ESMF_LOG IS SET TO OUTPUT ALL LOG MESSAGES !!!
20210129 165724.784 INFO             PET2 !!!     THIS MAY CAUSE SLOWDOWN IN PERFORMANCE     !!!
20210129 165724.784 INFO             PET2 !!! FOR PRODUCTION RUNS, USE:                      !!!
20210129 165724.784 INFO             PET2 !!!                   ESMF_LOGKIND_Multi_On_Error  !!!
20210129 165724.784 INFO             PET2 !!!!!!!!!!!!!!!!!!!!!!!!!!!!!!!!!!!!!!!!!!!!!!!!!!!!!!
20210129 165724.784 INFO             PET2 Running with ESMF Version   : ESMF_8_1_0_beta_snapshot_43
20210129 165724.784 INFO             PET2 ESMF library build date/time: "Jan 29 2021" "16:45:16"
20210129 165724.784 INFO             PET2 ESMF library build location : /home/hpillai/esmf_test/intel/esmf
20210129 165724.784 INFO             PET2 ESMF_COMM                   : intelmpi
20210129 165724.785 INFO             PET2 ESMF_NETCDF                 : enabled
20210129 165724.785 INFO             PET2 ESMF_PNETCDF                : disabled
20210129 165724.785 INFO             PET2 ESMF_PIO                    : enabled
20210129 165724.785 INFO             PET2 ESMF_YAMLCPP                : enabled
20210129 165724.785 INFO             PET2 ESMF_MOAB                   : enabled
20210129 165727.701 INFO             PET2  NUMBER_OF_PROCESSORS           4
20210129 165727.701 INFO             PET2  PASS  Example ESMF_FieldEx, ESMF_FieldEx.F90, line 696
20210129 165727.701 INFO             PET2 Finalizing ESMF
20210129 165724.784 INFO             PET3 !!!!!!!!!!!!!!!!!!!!!!!!!!!!!!!!!!!!!!!!!!!!!!!!!!!!!!
20210129 165724.784 INFO             PET3 !!! THE ESMF_LOG IS SET TO OUTPUT ALL LOG MESSAGES !!!
20210129 165724.784 INFO             PET3 !!!     THIS MAY CAUSE SLOWDOWN IN PERFORMANCE     !!!
20210129 165724.784 INFO             PET3 !!! FOR PRODUCTION RUNS, USE:                      !!!
20210129 165724.784 INFO             PET3 !!!                   ESMF_LOGKIND_Multi_On_Error  !!!
20210129 165724.784 INFO             PET3 !!!!!!!!!!!!!!!!!!!!!!!!!!!!!!!!!!!!!!!!!!!!!!!!!!!!!!
20210129 165724.784 INFO             PET3 Running with ESMF Version   : ESMF_8_1_0_beta_snapshot_43
20210129 165724.784 INFO             PET3 ESMF library build date/time: "Jan 29 2021" "16:45:16"
20210129 165724.784 INFO             PET3 ESMF library build location : /home/hpillai/esmf_test/intel/esmf
20210129 165724.784 INFO             PET3 ESMF_COMM                   : intelmpi
20210129 165724.785 INFO             PET3 ESMF_NETCDF                 : enabled
20210129 165724.785 INFO             PET3 ESMF_PNETCDF                : disabled
20210129 165724.785 INFO             PET3 ESMF_PIO                    : enabled
20210129 165724.785 INFO             PET3 ESMF_YAMLCPP                : enabled
20210129 165724.785 INFO             PET3 ESMF_MOAB                   : enabled
20210129 165727.746 INFO             PET3  NUMBER_OF_PROCESSORS           4
20210129 165727.746 INFO             PET3  PASS  Example ESMF_FieldEx, ESMF_FieldEx.F90, line 696
20210129 165727.746 INFO             PET3 Finalizing ESMF
Sat Jan 30 00:30:32 CST 2021
