20210124 093300.615 INFO             PET0 !!!!!!!!!!!!!!!!!!!!!!!!!!!!!!!!!!!!!!!!!!!!!!!!!!!!!!
20210124 093300.615 INFO             PET0 !!! THE ESMF_LOG IS SET TO OUTPUT ALL LOG MESSAGES !!!
20210124 093300.615 INFO             PET0 !!!     THIS MAY CAUSE SLOWDOWN IN PERFORMANCE     !!!
20210124 093300.615 INFO             PET0 !!! FOR PRODUCTION RUNS, USE:                      !!!
20210124 093300.615 INFO             PET0 !!!                   ESMF_LOGKIND_Multi_On_Error  !!!
20210124 093300.615 INFO             PET0 !!!!!!!!!!!!!!!!!!!!!!!!!!!!!!!!!!!!!!!!!!!!!!!!!!!!!!
20210124 093300.615 INFO             PET0 Running with ESMF Version   : ESMF_8_1_0_beta_snapshot_42-7-g9d66bb580c
20210124 093300.615 INFO             PET0 ESMF library build date/time: "Jan 24 2021" "09:24:55"
20210124 093300.615 INFO             PET0 ESMF library build location : /project/esmf/himanshu/gfortran/esmf
20210124 093300.615 INFO             PET0 ESMF_COMM                   : mpiuni
20210124 093300.616 INFO             PET0 ESMF_NETCDF                 : disabled
20210124 093300.616 INFO             PET0 ESMF_PNETCDF                : disabled
20210124 093300.616 INFO             PET0 ESMF_PIO                    : disabled
20210124 093300.616 INFO             PET0 ESMF_YAMLCPP                : enabled
20210124 093300.616 INFO             PET0 ESMF_MOAB                   : enabled
20210124 093300.616 INFO             PET0 ESMF Tracing Enabled
20210124 093300.616 INFO             PET0 ESMF Profiling Enabled
20210124 093300.616 INFO             PET0 ESMF Trace/Profile clock: REALTIME
20210124 093300.621 INFO             PET0  NUMBER_OF_PROCESSORS           1
20210124 093300.621 INFO             PET0  PASS  Example ESMF_TraceUserEx, ESMF_TraceUserEx.F90, line 125
20210124 093300.621 INFO             PET0 Finalizing ESMF
20210124 093300.621 INFO             PET0 **************** Region Timings *******************
20210124 093300.621 INFO             PET0 Region              Count  Total (s)   Self (s)    Mean (s)    Min (s)     Max (s)
20210124 093300.621 INFO             PET0   outer_region      1      0.0002      0.0000      0.0002      0.0002      0.0002
20210124 093300.621 INFO             PET0     inner_region_1  10     0.0001      0.0001      0.0000      0.0000      0.0000
20210124 093300.621 INFO             PET0     inner_region_2  10     0.0001      0.0001      0.0000      0.0000      0.0000
Sun Jan 24 09:44:38 MST 2021
