20201226 155158.058 INFO             PET0 !!!!!!!!!!!!!!!!!!!!!!!!!!!!!!!!!!!!!!!!!!!!!!!!!!!!!!
20201226 155158.058 INFO             PET0 !!! THE ESMF_LOG IS SET TO OUTPUT ALL LOG MESSAGES !!!
20201226 155158.058 INFO             PET0 !!!     THIS MAY CAUSE SLOWDOWN IN PERFORMANCE     !!!
20201226 155158.058 INFO             PET0 !!! FOR PRODUCTION RUNS, USE:                      !!!
20201226 155158.058 INFO             PET0 !!!                   ESMF_LOGKIND_Multi_On_Error  !!!
20201226 155158.058 INFO             PET0 !!!!!!!!!!!!!!!!!!!!!!!!!!!!!!!!!!!!!!!!!!!!!!!!!!!!!!
20201226 155158.058 INFO             PET0 Running with ESMF Version   : ESMF_8_1_0_beta_snapshot_40-4-ga072c96c19
20201226 155158.058 INFO             PET0 ESMF library build date/time: "Dec 26 2020" "15:44:08"
20201226 155158.058 INFO             PET0 ESMF library build location : /project/esmf/himanshu/gfortran/esmf
20201226 155158.058 INFO             PET0 ESMF_COMM                   : mpiuni
20201226 155158.058 INFO             PET0 ESMF_NETCDF                 : disabled
20201226 155158.058 INFO             PET0 ESMF_PNETCDF                : disabled
20201226 155158.058 INFO             PET0 ESMF_PIO                    : disabled
20201226 155158.058 INFO             PET0 ESMF_YAMLCPP                : enabled
20201226 155158.058 INFO             PET0 ESMF_MOAB                   : enabled
20201226 155158.059 INFO             PET0 Log Write 2
20201226 155158.059 ERROR            PET0 Invalid object  - Convergence failure
20201226 155158.059 ERROR            PET0 ESMCI_Fraction.C:1444 ESMCI::Fraction::validate() must have non-zero denominator.
20201226 155158.059 ERROR            PET0 ESMCI_Time.C:838 ESMCI::Time::syncToRealTime() Wrong argument specified  - ; calkindflag is JULIANDAY, MODJULIANDAY or NOCALENDAR.
20201226 155158.059 ERROR            PET0 ESMF_Time.F90:1485 ESMF_TimeSyncToRealTime() Wrong argument specified  - Internal subroutine call returned Error
20201226 155158.059 ERROR            PET0 Wrong argument specified  - getting wall clock time
20201226 155158.061 INFO             PET0  NUMBER_OF_PROCESSORS           1
20201226 155158.061 INFO             PET0  PASS  Example ESMF_LogErrEx, ESMF_LogErrEx.F90, line 186
20201226 155158.061 INFO             PET0 Finalizing ESMF
Sat Dec 26 16:04:30 MST 2020
