20201223 122343.128 INFO             PET0 !!!!!!!!!!!!!!!!!!!!!!!!!!!!!!!!!!!!!!!!!!!!!!!!!!!!!!
20201223 122343.128 INFO             PET0 !!! THE ESMF_LOG IS SET TO OUTPUT ALL LOG MESSAGES !!!
20201223 122343.128 INFO             PET0 !!!     THIS MAY CAUSE SLOWDOWN IN PERFORMANCE     !!!
20201223 122343.128 INFO             PET0 !!! FOR PRODUCTION RUNS, USE:                      !!!
20201223 122343.128 INFO             PET0 !!!                   ESMF_LOGKIND_Multi_On_Error  !!!
20201223 122343.128 INFO             PET0 !!!!!!!!!!!!!!!!!!!!!!!!!!!!!!!!!!!!!!!!!!!!!!!!!!!!!!
20201223 122343.128 INFO             PET0 Running with ESMF Version   : ESMF_8_1_0_beta_snapshot_40-1-g74e53ddeea
20201223 122343.128 INFO             PET0 ESMF library build date/time: "Dec 23 2020" "12:15:11"
20201223 122343.128 INFO             PET0 ESMF library build location : /project/esmf/himanshu/gfortran/esmf
20201223 122343.128 INFO             PET0 ESMF_COMM                   : mpiuni
20201223 122343.128 INFO             PET0 ESMF_NETCDF                 : disabled
20201223 122343.128 INFO             PET0 ESMF_PNETCDF                : disabled
20201223 122343.128 INFO             PET0 ESMF_PIO                    : disabled
20201223 122343.128 INFO             PET0 ESMF_YAMLCPP                : enabled
20201223 122343.128 INFO             PET0 ESMF_MOAB                   : enabled
20201223 122343.129 INFO             PET0 ESMF Tracing Enabled
20201223 122343.129 INFO             PET0 ESMF Profiling Enabled
20201223 122343.129 INFO             PET0 ESMF Trace/Profile clock: REALTIME
20201223 122343.134 INFO             PET0  NUMBER_OF_PROCESSORS           1
20201223 122343.134 INFO             PET0  PASS  Example ESMF_TraceEx, ESMF_TraceEx.F90, line 178
20201223 122343.134 INFO             PET0 Finalizing ESMF
20201223 122343.134 INFO             PET0 **************** Region Timings *******************
20201223 122343.134 INFO             PET0 Region              Count  Total (s)   Self (s)    Mean (s)    Min (s)     Max (s)
20201223 122343.134 INFO             PET0   [test] Init 1     1      0.0000      0.0000      0.0000      0.0000      0.0000
20201223 122343.134 INFO             PET0   [test] Run 1      5      0.0000      0.0000      0.0000      0.0000      0.0000
20201223 122343.134 INFO             PET0   [test] Final 1    1      0.0000      0.0000      0.0000      0.0000      0.0000
Wed Dec 23 12:35:55 MST 2020
