20210210 085714.781 INFO             PET0 !!!!!!!!!!!!!!!!!!!!!!!!!!!!!!!!!!!!!!!!!!!!!!!!!!!!!!
20210210 085714.781 INFO             PET0 !!! THE ESMF_LOG IS SET TO OUTPUT ALL LOG MESSAGES !!!
20210210 085714.781 INFO             PET0 !!!     THIS MAY CAUSE SLOWDOWN IN PERFORMANCE     !!!
20210210 085714.781 INFO             PET0 !!! FOR PRODUCTION RUNS, USE:                      !!!
20210210 085714.781 INFO             PET0 !!!                   ESMF_LOGKIND_Multi_On_Error  !!!
20210210 085714.781 INFO             PET0 !!!!!!!!!!!!!!!!!!!!!!!!!!!!!!!!!!!!!!!!!!!!!!!!!!!!!!
20210210 085714.781 INFO             PET0 Running with ESMF Version   : ESMF_8_1_0_beta_snapshot_44-51-g9479c81c39
20210210 085714.781 INFO             PET0 ESMF library build date/time: "Feb 10 2021" "08:54:25"
20210210 085714.781 INFO             PET0 ESMF library build location : /glade/scratch/himanshu/scripts_dir/daily/gfortran_cheyenne/esmf
20210210 085714.781 INFO             PET0 ESMF_COMM                   : openmpi
20210210 085714.781 INFO             PET0 ESMF_MOAB                   : enabled
20210210 085714.781 INFO             PET0 ESMF_LAPACK                 : enabled
20210210 085714.781 INFO             PET0 ESMF_NETCDF                 : disabled
20210210 085714.781 INFO             PET0 ESMF_PNETCDF                : disabled
20210210 085714.781 INFO             PET0 ESMF_PIO                    : enabled
20210210 085714.781 INFO             PET0 ESMF_YAMLCPP                : enabled
20210210 085714.782 INFO             PET0 Finalizing ESMF
20210210 085715.172 INFO             PET0 !!!!!!!!!!!!!!!!!!!!!!!!!!!!!!!!!!!!!!!!!!!!!!!!!!!!!!
20210210 085715.172 INFO             PET0 !!! THE ESMF_LOG IS SET TO OUTPUT ALL LOG MESSAGES !!!
20210210 085715.172 INFO             PET0 !!!     THIS MAY CAUSE SLOWDOWN IN PERFORMANCE     !!!
20210210 085715.173 INFO             PET0 !!! FOR PRODUCTION RUNS, USE:                      !!!
20210210 085715.173 INFO             PET0 !!!                   ESMF_LOGKIND_Multi_On_Error  !!!
20210210 085715.173 INFO             PET0 !!!!!!!!!!!!!!!!!!!!!!!!!!!!!!!!!!!!!!!!!!!!!!!!!!!!!!
20210210 085715.173 INFO             PET0 Running with ESMF Version   : ESMF_8_1_0_beta_snapshot_44-51-g9479c81c39
20210210 085715.173 INFO             PET0 ESMF library build date/time: "Feb 10 2021" "08:54:25"
20210210 085715.173 INFO             PET0 ESMF library build location : /glade/scratch/himanshu/scripts_dir/daily/gfortran_cheyenne/esmf
20210210 085715.173 INFO             PET0 ESMF_COMM                   : openmpi
20210210 085715.173 INFO             PET0 ESMF_MOAB                   : enabled
20210210 085715.173 INFO             PET0 ESMF_LAPACK                 : enabled
20210210 085715.173 INFO             PET0 ESMF_NETCDF                 : disabled
20210210 085715.173 INFO             PET0 ESMF_PNETCDF                : disabled
20210210 085715.173 INFO             PET0 ESMF_PIO                    : enabled
20210210 085715.173 INFO             PET0 ESMF_YAMLCPP                : enabled
20210210 085715.173 INFO             PET0 Finalizing ESMF
20210210 085715.553 INFO             PET0 !!!!!!!!!!!!!!!!!!!!!!!!!!!!!!!!!!!!!!!!!!!!!!!!!!!!!!
20210210 085715.553 INFO             PET0 !!! THE ESMF_LOG IS SET TO OUTPUT ALL LOG MESSAGES !!!
20210210 085715.553 INFO             PET0 !!!     THIS MAY CAUSE SLOWDOWN IN PERFORMANCE     !!!
20210210 085715.553 INFO             PET0 !!! FOR PRODUCTION RUNS, USE:                      !!!
20210210 085715.553 INFO             PET0 !!!                   ESMF_LOGKIND_Multi_On_Error  !!!
20210210 085715.553 INFO             PET0 !!!!!!!!!!!!!!!!!!!!!!!!!!!!!!!!!!!!!!!!!!!!!!!!!!!!!!
20210210 085715.553 INFO             PET0 Running with ESMF Version   : ESMF_8_1_0_beta_snapshot_44-51-g9479c81c39
20210210 085715.553 INFO             PET0 ESMF library build date/time: "Feb 10 2021" "08:54:25"
20210210 085715.553 INFO             PET0 ESMF library build location : /glade/scratch/himanshu/scripts_dir/daily/gfortran_cheyenne/esmf
20210210 085715.553 INFO             PET0 ESMF_COMM                   : openmpi
20210210 085715.556 INFO             PET0 ESMF_MOAB                   : enabled
20210210 085715.556 INFO             PET0 ESMF_LAPACK                 : enabled
20210210 085715.556 INFO             PET0 ESMF_NETCDF                 : disabled
20210210 085715.556 INFO             PET0 ESMF_PNETCDF                : disabled
20210210 085715.556 INFO             PET0 ESMF_PIO                    : enabled
20210210 085715.556 INFO             PET0 ESMF_YAMLCPP                : enabled
20210210 085715.556 INFO             PET0 Finalizing ESMF
Wed Feb 10 09:49:03 MST 2021
