20201218 050206.522 INFO             PET1 !!!!!!!!!!!!!!!!!!!!!!!!!!!!!!!!!!!!!!!!!!!!!!!!!!!!!!
20201218 050206.522 INFO             PET1 !!! THE ESMF_LOG IS SET TO OUTPUT ALL LOG MESSAGES !!!
20201218 050206.522 INFO             PET1 !!!     THIS MAY CAUSE SLOWDOWN IN PERFORMANCE     !!!
20201218 050206.522 INFO             PET1 !!! FOR PRODUCTION RUNS, USE:                      !!!
20201218 050206.522 INFO             PET1 !!!                   ESMF_LOGKIND_Multi_On_Error  !!!
20201218 050206.522 INFO             PET1 !!!!!!!!!!!!!!!!!!!!!!!!!!!!!!!!!!!!!!!!!!!!!!!!!!!!!!
20201218 050206.522 INFO             PET1 Running with ESMF Version   : ESMF_8_1_0_beta_snapshot_39-1-g8da6495848
20201218 050206.522 INFO             PET1 ESMF library build date/time: "Dec 18 2020" "04:59:18"
20201218 050206.522 INFO             PET1 ESMF library build location : /glade/scratch/himanshu/scripts_dir/daily/gfortran_cheyenne/esmf
20201218 050206.522 INFO             PET1 ESMF_COMM                   : openmpi
20201218 050206.523 INFO             PET1 ESMF_NETCDF                 : disabled
20201218 050206.523 INFO             PET1 ESMF_PNETCDF                : disabled
20201218 050206.523 INFO             PET1 ESMF_PIO                    : enabled
20201218 050206.523 INFO             PET1 ESMF_YAMLCPP                : enabled
20201218 050206.523 INFO             PET1 ESMF_MOAB                   : enabled
20201218 050206.523 INFO             PET1 Finalizing ESMF
20201218 050206.886 INFO             PET1 !!!!!!!!!!!!!!!!!!!!!!!!!!!!!!!!!!!!!!!!!!!!!!!!!!!!!!
20201218 050206.886 INFO             PET1 !!! THE ESMF_LOG IS SET TO OUTPUT ALL LOG MESSAGES !!!
20201218 050206.886 INFO             PET1 !!!     THIS MAY CAUSE SLOWDOWN IN PERFORMANCE     !!!
20201218 050206.886 INFO             PET1 !!! FOR PRODUCTION RUNS, USE:                      !!!
20201218 050206.886 INFO             PET1 !!!                   ESMF_LOGKIND_Multi_On_Error  !!!
20201218 050206.886 INFO             PET1 !!!!!!!!!!!!!!!!!!!!!!!!!!!!!!!!!!!!!!!!!!!!!!!!!!!!!!
20201218 050206.886 INFO             PET1 Running with ESMF Version   : ESMF_8_1_0_beta_snapshot_39-1-g8da6495848
20201218 050206.886 INFO             PET1 ESMF library build date/time: "Dec 18 2020" "04:59:18"
20201218 050206.886 INFO             PET1 ESMF library build location : /glade/scratch/himanshu/scripts_dir/daily/gfortran_cheyenne/esmf
20201218 050206.886 INFO             PET1 ESMF_COMM                   : openmpi
20201218 050206.886 INFO             PET1 ESMF_NETCDF                 : disabled
20201218 050206.886 INFO             PET1 ESMF_PNETCDF                : disabled
20201218 050206.886 INFO             PET1 ESMF_PIO                    : enabled
20201218 050206.886 INFO             PET1 ESMF_YAMLCPP                : enabled
20201218 050206.886 INFO             PET1 ESMF_MOAB                   : enabled
20201218 050206.886 INFO             PET1 Finalizing ESMF
20201218 050207.257 INFO             PET1 !!!!!!!!!!!!!!!!!!!!!!!!!!!!!!!!!!!!!!!!!!!!!!!!!!!!!!
20201218 050207.257 INFO             PET1 !!! THE ESMF_LOG IS SET TO OUTPUT ALL LOG MESSAGES !!!
20201218 050207.257 INFO             PET1 !!!     THIS MAY CAUSE SLOWDOWN IN PERFORMANCE     !!!
20201218 050207.257 INFO             PET1 !!! FOR PRODUCTION RUNS, USE:                      !!!
20201218 050207.257 INFO             PET1 !!!                   ESMF_LOGKIND_Multi_On_Error  !!!
20201218 050207.257 INFO             PET1 !!!!!!!!!!!!!!!!!!!!!!!!!!!!!!!!!!!!!!!!!!!!!!!!!!!!!!
20201218 050207.257 INFO             PET1 Running with ESMF Version   : ESMF_8_1_0_beta_snapshot_39-1-g8da6495848
20201218 050207.257 INFO             PET1 ESMF library build date/time: "Dec 18 2020" "04:59:18"
20201218 050207.257 INFO             PET1 ESMF library build location : /glade/scratch/himanshu/scripts_dir/daily/gfortran_cheyenne/esmf
20201218 050207.257 INFO             PET1 ESMF_COMM                   : openmpi
20201218 050207.257 INFO             PET1 ESMF_NETCDF                 : disabled
20201218 050207.257 INFO             PET1 ESMF_PNETCDF                : disabled
20201218 050207.257 INFO             PET1 ESMF_PIO                    : enabled
20201218 050207.257 INFO             PET1 ESMF_YAMLCPP                : enabled
20201218 050207.257 INFO             PET1 ESMF_MOAB                   : enabled
20201218 050207.262 INFO             PET1 Finalizing ESMF
Fri Dec 18 05:54:16 MST 2020
