20201224 163121.018 INFO             PET2 !!!!!!!!!!!!!!!!!!!!!!!!!!!!!!!!!!!!!!!!!!!!!!!!!!!!!!
20201224 163121.019 INFO             PET2 !!! THE ESMF_LOG IS SET TO OUTPUT ALL LOG MESSAGES !!!
20201224 163121.019 INFO             PET2 !!!     THIS MAY CAUSE SLOWDOWN IN PERFORMANCE     !!!
20201224 163121.019 INFO             PET2 !!! FOR PRODUCTION RUNS, USE:                      !!!
20201224 163121.019 INFO             PET2 !!!                   ESMF_LOGKIND_Multi_On_Error  !!!
20201224 163121.019 INFO             PET2 !!!!!!!!!!!!!!!!!!!!!!!!!!!!!!!!!!!!!!!!!!!!!!!!!!!!!!
20201224 163121.019 INFO             PET2 Running with ESMF Version   : ESMF_8_1_0_beta_snapshot_40-4-ga072c96c19
20201224 163121.019 INFO             PET2 ESMF library build date/time: "Dec 24 2020" "16:28:33"
20201224 163121.019 INFO             PET2 ESMF library build location : /glade/scratch/himanshu/scripts_dir/daily/gfortran_cheyenne/esmf
20201224 163121.019 INFO             PET2 ESMF_COMM                   : openmpi
20201224 163121.019 INFO             PET2 ESMF_NETCDF                 : disabled
20201224 163121.019 INFO             PET2 ESMF_PNETCDF                : disabled
20201224 163121.019 INFO             PET2 ESMF_PIO                    : enabled
20201224 163121.019 INFO             PET2 ESMF_YAMLCPP                : enabled
20201224 163121.019 INFO             PET2 ESMF_MOAB                   : enabled
20201224 163121.019 INFO             PET2 Finalizing ESMF
20201224 163121.393 INFO             PET2 !!!!!!!!!!!!!!!!!!!!!!!!!!!!!!!!!!!!!!!!!!!!!!!!!!!!!!
20201224 163121.393 INFO             PET2 !!! THE ESMF_LOG IS SET TO OUTPUT ALL LOG MESSAGES !!!
20201224 163121.393 INFO             PET2 !!!     THIS MAY CAUSE SLOWDOWN IN PERFORMANCE     !!!
20201224 163121.393 INFO             PET2 !!! FOR PRODUCTION RUNS, USE:                      !!!
20201224 163121.393 INFO             PET2 !!!                   ESMF_LOGKIND_Multi_On_Error  !!!
20201224 163121.393 INFO             PET2 !!!!!!!!!!!!!!!!!!!!!!!!!!!!!!!!!!!!!!!!!!!!!!!!!!!!!!
20201224 163121.393 INFO             PET2 Running with ESMF Version   : ESMF_8_1_0_beta_snapshot_40-4-ga072c96c19
20201224 163121.393 INFO             PET2 ESMF library build date/time: "Dec 24 2020" "16:28:33"
20201224 163121.393 INFO             PET2 ESMF library build location : /glade/scratch/himanshu/scripts_dir/daily/gfortran_cheyenne/esmf
20201224 163121.393 INFO             PET2 ESMF_COMM                   : openmpi
20201224 163121.393 INFO             PET2 ESMF_NETCDF                 : disabled
20201224 163121.393 INFO             PET2 ESMF_PNETCDF                : disabled
20201224 163121.393 INFO             PET2 ESMF_PIO                    : enabled
20201224 163121.393 INFO             PET2 ESMF_YAMLCPP                : enabled
20201224 163121.393 INFO             PET2 ESMF_MOAB                   : enabled
20201224 163121.394 INFO             PET2 Finalizing ESMF
20201224 163121.763 INFO             PET2 !!!!!!!!!!!!!!!!!!!!!!!!!!!!!!!!!!!!!!!!!!!!!!!!!!!!!!
20201224 163121.764 INFO             PET2 !!! THE ESMF_LOG IS SET TO OUTPUT ALL LOG MESSAGES !!!
20201224 163121.764 INFO             PET2 !!!     THIS MAY CAUSE SLOWDOWN IN PERFORMANCE     !!!
20201224 163121.764 INFO             PET2 !!! FOR PRODUCTION RUNS, USE:                      !!!
20201224 163121.764 INFO             PET2 !!!                   ESMF_LOGKIND_Multi_On_Error  !!!
20201224 163121.764 INFO             PET2 !!!!!!!!!!!!!!!!!!!!!!!!!!!!!!!!!!!!!!!!!!!!!!!!!!!!!!
20201224 163121.764 INFO             PET2 Running with ESMF Version   : ESMF_8_1_0_beta_snapshot_40-4-ga072c96c19
20201224 163121.764 INFO             PET2 ESMF library build date/time: "Dec 24 2020" "16:28:33"
20201224 163121.764 INFO             PET2 ESMF library build location : /glade/scratch/himanshu/scripts_dir/daily/gfortran_cheyenne/esmf
20201224 163121.764 INFO             PET2 ESMF_COMM                   : openmpi
20201224 163121.764 INFO             PET2 ESMF_NETCDF                 : disabled
20201224 163121.764 INFO             PET2 ESMF_PNETCDF                : disabled
20201224 163121.764 INFO             PET2 ESMF_PIO                    : enabled
20201224 163121.764 INFO             PET2 ESMF_YAMLCPP                : enabled
20201224 163121.764 INFO             PET2 ESMF_MOAB                   : enabled
20201224 163121.766 INFO             PET2 Finalizing ESMF
Thu Dec 24 17:22:48 MST 2020
