20210225 060617.895 INFO             PET0 !!!!!!!!!!!!!!!!!!!!!!!!!!!!!!!!!!!!!!!!!!!!!!!!!!!!!!
20210225 060617.896 INFO             PET0 !!! THE ESMF_LOG IS SET TO OUTPUT ALL LOG MESSAGES !!!
20210225 060617.896 INFO             PET0 !!!     THIS MAY CAUSE SLOWDOWN IN PERFORMANCE     !!!
20210225 060617.896 INFO             PET0 !!! FOR PRODUCTION RUNS, USE:                      !!!
20210225 060617.896 INFO             PET0 !!!                   ESMF_LOGKIND_Multi_On_Error  !!!
20210225 060617.896 INFO             PET0 !!!!!!!!!!!!!!!!!!!!!!!!!!!!!!!!!!!!!!!!!!!!!!!!!!!!!!
20210225 060617.896 INFO             PET0 Running with ESMF Version   : ESMF_8_2_0_beta_snapshot_00-3-gc26feb2406
20210225 060617.896 INFO             PET0 ESMF library build date/time: "Feb 25 2021" "05:11:46"
20210225 060617.896 INFO             PET0 ESMF library build location : /project/esmf/himanshu/ESMF-Testing-PGI/esmf
20210225 060617.896 INFO             PET0 ESMF_COMM                   : mpiuni
20210225 060617.896 INFO             PET0 ESMF_MOAB                   : enabled
20210225 060617.896 INFO             PET0 ESMF_LAPACK                 : enabled
20210225 060617.896 INFO             PET0 ESMF_NETCDF                 : enabled
20210225 060617.896 INFO             PET0 ESMF_PNETCDF                : disabled
20210225 060617.896 INFO             PET0 ESMF_PIO                    : disabled
20210225 060617.896 INFO             PET0 ESMF_YAMLCPP                : enabled
20210225 060617.898 INFO             PET0  NUMBER_OF_PROCESSORS            1
20210225 060617.898 INFO             PET0  PASS  Example ESMF_InternalStateModEx, ESMF_InternalStateModEx.F90, line 239
20210225 060617.898 INFO             PET0 Finalizing ESMF
Fri Feb 26 13:46:35 MST 2021
