20210221 181241.919 INFO             PET0 !!!!!!!!!!!!!!!!!!!!!!!!!!!!!!!!!!!!!!!!!!!!!!!!!!!!!!
20210221 181241.919 INFO             PET0 !!! THE ESMF_LOG IS SET TO OUTPUT ALL LOG MESSAGES !!!
20210221 181241.919 INFO             PET0 !!!     THIS MAY CAUSE SLOWDOWN IN PERFORMANCE     !!!
20210221 181241.919 INFO             PET0 !!! FOR PRODUCTION RUNS, USE:                      !!!
20210221 181241.919 INFO             PET0 !!!                   ESMF_LOGKIND_Multi_On_Error  !!!
20210221 181241.919 INFO             PET0 !!!!!!!!!!!!!!!!!!!!!!!!!!!!!!!!!!!!!!!!!!!!!!!!!!!!!!
20210221 181241.919 INFO             PET0 Running with ESMF Version   : ESMF_8_2_0_beta_snapshot_00
20210221 181241.919 INFO             PET0 ESMF library build date/time: "Feb 21 2021" "17:16:31"
20210221 181241.919 INFO             PET0 ESMF library build location : /project/esmf/himanshu/ESMF-Testing-PGI/esmf
20210221 181241.919 INFO             PET0 ESMF_COMM                   : mpiuni
20210221 181241.919 INFO             PET0 ESMF_MOAB                   : enabled
20210221 181241.919 INFO             PET0 ESMF_LAPACK                 : enabled
20210221 181241.919 INFO             PET0 ESMF_NETCDF                 : enabled
20210221 181241.919 INFO             PET0 ESMF_PNETCDF                : disabled
20210221 181241.919 INFO             PET0 ESMF_PIO                    : disabled
20210221 181241.919 INFO             PET0 ESMF_YAMLCPP                : enabled
20210221 181242.123 INFO             PET0 Completing mirrored field: sea_surface_temperature
20210221 181242.124 INFO             PET0 Completing mirrored field: air_pressure_at_sea_level
20210221 181242.124 INFO             PET0 Completing mirrored field: surface_net_downward_shortwave_flux
20210221 181242.159 WARNING          PET0 ATM: Field 'sst' in the importState is not at the expected time. StandardName: sea_surface_temperature
20210221 181242.159 ERROR            PET0 ATM:src/addon/NUOPC/src/NUOPC_ModelBase.F90:3056 Invalid argument  - NUOPC INCOMPATIBILITY DETECTED: Import Fields not at current time
20210221 181242.159 ERROR            PET0 ATM:src/addon/NUOPC/src/NUOPC_ModelBase.F90:2756 Invalid argument  - Passing error in return code
20210221 181242.159 ERROR            PET0 Driver:src/addon/NUOPC/src/NUOPC_Driver.F90:3324 Invalid argument  - Phase 'RunPhase1' Run for modelComp 1 did not return ESMF_SUCCESS
20210221 181242.159 ERROR            PET0 Driver:src/addon/NUOPC/src/NUOPC_Driver.F90:3586 Invalid argument  - Passing error in return code
20210221 181242.159 ERROR            PET0 Driver:src/addon/NUOPC/src/NUOPC_Driver.F90:3239 Invalid argument  - Passing error in return code
20210221 181242.161 INFO             PET0  NUMBER_OF_PROCESSORS            1
20210221 181242.161 INFO             PET0  PASS  Example ESMF_NUOPCAtmModelEx, ESMF_NUOPCAtmModelEx.F90, line 1032
20210221 181242.161 INFO             PET0 Finalizing ESMF
Mon Feb 22 04:51:35 MST 2021
