20210204 020529.490 INFO             PET0 !!!!!!!!!!!!!!!!!!!!!!!!!!!!!!!!!!!!!!!!!!!!!!!!!!!!!!
20210204 020529.490 INFO             PET0 !!! THE ESMF_LOG IS SET TO OUTPUT ALL LOG MESSAGES !!!
20210204 020529.490 INFO             PET0 !!!     THIS MAY CAUSE SLOWDOWN IN PERFORMANCE     !!!
20210204 020529.490 INFO             PET0 !!! FOR PRODUCTION RUNS, USE:                      !!!
20210204 020529.490 INFO             PET0 !!!                   ESMF_LOGKIND_Multi_On_Error  !!!
20210204 020529.490 INFO             PET0 !!!!!!!!!!!!!!!!!!!!!!!!!!!!!!!!!!!!!!!!!!!!!!!!!!!!!!
20210204 020529.490 INFO             PET0 Running with ESMF Version   : ESMF_8_1_0_beta_snapshot_43-39-g8850bc577a
20210204 020529.491 INFO             PET0 ESMF library build date/time: "Feb  4 2021" "01:16:54"
20210204 020529.491 INFO             PET0 ESMF library build location : /project/esmf/himanshu/ESMF-Testing-PGI/esmf
20210204 020529.491 INFO             PET0 ESMF_COMM                   : mpiuni
20210204 020529.491 INFO             PET0 ESMF_MOAB                   : enabled
20210204 020529.491 INFO             PET0 ESMF_LAPACK                 : enabled
20210204 020529.491 INFO             PET0 ESMF_NETCDF                 : enabled
20210204 020529.491 INFO             PET0 ESMF_PNETCDF                : disabled
20210204 020529.491 INFO             PET0 ESMF_PIO                    : disabled
20210204 020529.491 INFO             PET0 ESMF_YAMLCPP                : enabled
20210204 020529.491 INFO             PET0  NUMBER_OF_PROCESSORS            1
20210204 020529.491 INFO             PET0  PASS  Example ESMF_VMUserMpiCommEx, ESMF_VMUserMpiCommEx.F90, line 113
20210204 020529.491 INFO             PET0 Finalizing ESMF
Thu Feb  4 23:21:50 MST 2021
