20210111 164200.625 INFO             PET0 !!!!!!!!!!!!!!!!!!!!!!!!!!!!!!!!!!!!!!!!!!!!!!!!!!!!!!
20210111 164200.625 INFO             PET0 !!! THE ESMF_LOG IS SET TO OUTPUT ALL LOG MESSAGES !!!
20210111 164200.625 INFO             PET0 !!!     THIS MAY CAUSE SLOWDOWN IN PERFORMANCE     !!!
20210111 164200.625 INFO             PET0 !!! FOR PRODUCTION RUNS, USE:                      !!!
20210111 164200.625 INFO             PET0 !!!                   ESMF_LOGKIND_Multi_On_Error  !!!
20210111 164200.625 INFO             PET0 !!!!!!!!!!!!!!!!!!!!!!!!!!!!!!!!!!!!!!!!!!!!!!!!!!!!!!
20210111 164200.625 INFO             PET0 Running with ESMF Version   : ESMF_8_1_0_beta_snapshot_41-14-g011b8a0905
20210111 164200.626 INFO             PET0 ESMF library build date/time: "Jan 11 2021" "15:53:31"
20210111 164200.626 INFO             PET0 ESMF library build location : /project/esmf/himanshu/ESMF-Testing-PGI/esmf
20210111 164200.626 INFO             PET0 ESMF_COMM                   : mpiuni
20210111 164200.626 INFO             PET0 ESMF_NETCDF                 : enabled
20210111 164200.626 INFO             PET0 ESMF_PNETCDF                : disabled
20210111 164200.626 INFO             PET0 ESMF_PIO                    : disabled
20210111 164200.626 INFO             PET0 ESMF_YAMLCPP                : enabled
20210111 164200.626 INFO             PET0 ESMF_MOAB                   : enabled
20210111 164200.626 INFO             PET0 ESMF Tracing Enabled
20210111 164200.626 INFO             PET0 ESMF Profiling Enabled
20210111 164200.626 INFO             PET0 ESMF Trace/Profile clock: REALTIME
20210111 164200.633 INFO             PET0  NUMBER_OF_PROCESSORS            1
20210111 164200.633 INFO             PET0  PASS  Example ESMF_TraceEx, ESMF_TraceEx.F90, line 178
20210111 164200.633 INFO             PET0 Finalizing ESMF
20210111 164200.633 INFO             PET0 **************** Region Timings *******************
20210111 164200.633 INFO             PET0 Region              Count  Total (s)   Self (s)    Mean (s)    Min (s)     Max (s)
20210111 164200.633 INFO             PET0   [test] Run 1      5      0.0000      0.0000      0.0000      0.0000      0.0000
20210111 164200.633 INFO             PET0   [test] Init 1     1      0.0000      0.0000      0.0000      0.0000      0.0000
20210111 164200.633 INFO             PET0   [test] Final 1    1      0.0000      0.0000      0.0000      0.0000      0.0000
Mon Jan 11 23:43:52 MST 2021
