20210206 105510.317 INFO             PET0 !!!!!!!!!!!!!!!!!!!!!!!!!!!!!!!!!!!!!!!!!!!!!!!!!!!!!!
20210206 105510.317 INFO             PET0 !!! THE ESMF_LOG IS SET TO OUTPUT ALL LOG MESSAGES !!!
20210206 105510.317 INFO             PET0 !!!     THIS MAY CAUSE SLOWDOWN IN PERFORMANCE     !!!
20210206 105510.317 INFO             PET0 !!! FOR PRODUCTION RUNS, USE:                      !!!
20210206 105510.317 INFO             PET0 !!!                   ESMF_LOGKIND_Multi_On_Error  !!!
20210206 105510.317 INFO             PET0 !!!!!!!!!!!!!!!!!!!!!!!!!!!!!!!!!!!!!!!!!!!!!!!!!!!!!!
20210206 105510.317 INFO             PET0 Running with ESMF Version   : ESMF_8_1_0_beta_snapshot_43-58-g2869d4f82f
20210206 105510.317 INFO             PET0 ESMF library build date/time: "Feb  6 2021" "10:06:10"
20210206 105510.317 INFO             PET0 ESMF library build location : /project/esmf/himanshu/ESMF-Testing-PGI/esmf
20210206 105510.317 INFO             PET0 ESMF_COMM                   : mpiuni
20210206 105510.318 INFO             PET0 ESMF_MOAB                   : enabled
20210206 105510.318 INFO             PET0 ESMF_LAPACK                 : enabled
20210206 105510.318 INFO             PET0 ESMF_NETCDF                 : enabled
20210206 105510.318 INFO             PET0 ESMF_PNETCDF                : disabled
20210206 105510.318 INFO             PET0 ESMF_PIO                    : disabled
20210206 105510.318 INFO             PET0 ESMF_YAMLCPP                : enabled
20210206 105510.318 INFO             PET0  NUMBER_OF_PROCESSORS            1
20210206 105510.318 INFO             PET0  PASS  Example ESMF_VMGetMPICommunicatorEx, ESMF_VMGetMPICommunicatorEx.F90, line 95
20210206 105510.318 INFO             PET0 Finalizing ESMF
Sat Feb  6 22:21:20 MST 2021
