20210220 201859.562 INFO             PET0 !!!!!!!!!!!!!!!!!!!!!!!!!!!!!!!!!!!!!!!!!!!!!!!!!!!!!!
20210220 201859.562 INFO             PET0 !!! THE ESMF_LOG IS SET TO OUTPUT ALL LOG MESSAGES !!!
20210220 201859.562 INFO             PET0 !!!     THIS MAY CAUSE SLOWDOWN IN PERFORMANCE     !!!
20210220 201859.562 INFO             PET0 !!! FOR PRODUCTION RUNS, USE:                      !!!
20210220 201859.562 INFO             PET0 !!!                   ESMF_LOGKIND_Multi_On_Error  !!!
20210220 201859.562 INFO             PET0 !!!!!!!!!!!!!!!!!!!!!!!!!!!!!!!!!!!!!!!!!!!!!!!!!!!!!!
20210220 201859.562 INFO             PET0 Running with ESMF Version   : ESMF_8_1_0_beta_snapshot_47
20210220 201859.562 INFO             PET0 ESMF library build date/time: "Feb 20 2021" "20:14:09"
20210220 201859.562 INFO             PET0 ESMF library build location : /project/esmf/himanshu/esmf_test/cronjobs/release_8.1.0/gfortran/esmf
20210220 201859.562 INFO             PET0 ESMF_COMM                   : mpich3
20210220 201859.562 INFO             PET0 ESMF_MOAB                   : enabled
20210220 201859.562 INFO             PET0 ESMF_LAPACK                 : enabled
20210220 201859.562 INFO             PET0 ESMF_NETCDF                 : enabled
20210220 201859.562 INFO             PET0 ESMF_PNETCDF                : disabled
20210220 201859.562 INFO             PET0 ESMF_PIO                    : enabled
20210220 201859.562 INFO             PET0 ESMF_YAMLCPP                : enabled
20210220 201859.563 INFO             PET0 Finalizing ESMF
20210220 201859.590 INFO             PET0 !!!!!!!!!!!!!!!!!!!!!!!!!!!!!!!!!!!!!!!!!!!!!!!!!!!!!!
20210220 201859.591 INFO             PET0 !!! THE ESMF_LOG IS SET TO OUTPUT ALL LOG MESSAGES !!!
20210220 201859.591 INFO             PET0 !!!     THIS MAY CAUSE SLOWDOWN IN PERFORMANCE     !!!
20210220 201859.591 INFO             PET0 !!! FOR PRODUCTION RUNS, USE:                      !!!
20210220 201859.591 INFO             PET0 !!!                   ESMF_LOGKIND_Multi_On_Error  !!!
20210220 201859.591 INFO             PET0 !!!!!!!!!!!!!!!!!!!!!!!!!!!!!!!!!!!!!!!!!!!!!!!!!!!!!!
20210220 201859.591 INFO             PET0 Running with ESMF Version   : ESMF_8_1_0_beta_snapshot_47
20210220 201859.591 INFO             PET0 ESMF library build date/time: "Feb 20 2021" "20:14:09"
20210220 201859.591 INFO             PET0 ESMF library build location : /project/esmf/himanshu/esmf_test/cronjobs/release_8.1.0/gfortran/esmf
20210220 201859.591 INFO             PET0 ESMF_COMM                   : mpich3
20210220 201859.613 INFO             PET0 ESMF_MOAB                   : enabled
20210220 201859.613 INFO             PET0 ESMF_LAPACK                 : enabled
20210220 201859.613 INFO             PET0 ESMF_NETCDF                 : enabled
20210220 201859.613 INFO             PET0 ESMF_PNETCDF                : disabled
20210220 201859.613 INFO             PET0 ESMF_PIO                    : enabled
20210220 201859.613 INFO             PET0 ESMF_YAMLCPP                : enabled
20210220 201859.614 INFO             PET0 Finalizing ESMF
20210220 201859.615 INFO             PET0 !!!!!!!!!!!!!!!!!!!!!!!!!!!!!!!!!!!!!!!!!!!!!!!!!!!!!!
20210220 201859.615 INFO             PET0 !!! THE ESMF_LOG IS SET TO OUTPUT ALL LOG MESSAGES !!!
20210220 201859.615 INFO             PET0 !!!     THIS MAY CAUSE SLOWDOWN IN PERFORMANCE     !!!
20210220 201859.615 INFO             PET0 !!! FOR PRODUCTION RUNS, USE:                      !!!
20210220 201859.615 INFO             PET0 !!!                   ESMF_LOGKIND_Multi_On_Error  !!!
20210220 201859.615 INFO             PET0 !!!!!!!!!!!!!!!!!!!!!!!!!!!!!!!!!!!!!!!!!!!!!!!!!!!!!!
20210220 201859.615 INFO             PET0 Running with ESMF Version   : ESMF_8_1_0_beta_snapshot_47
20210220 201859.615 INFO             PET0 ESMF library build date/time: "Feb 20 2021" "20:14:09"
20210220 201859.615 INFO             PET0 ESMF library build location : /project/esmf/himanshu/esmf_test/cronjobs/release_8.1.0/gfortran/esmf
20210220 201859.615 INFO             PET0 ESMF_COMM                   : mpich3
20210220 201859.615 INFO             PET0 ESMF_MOAB                   : enabled
20210220 201859.615 INFO             PET0 ESMF_LAPACK                 : enabled
20210220 201859.615 INFO             PET0 ESMF_NETCDF                 : enabled
20210220 201859.615 INFO             PET0 ESMF_PNETCDF                : disabled
20210220 201859.615 INFO             PET0 ESMF_PIO                    : enabled
20210220 201859.615 INFO             PET0 ESMF_YAMLCPP                : enabled
20210220 201859.616 INFO             PET0 Finalizing ESMF
20210220 201859.769 INFO             PET0 !!!!!!!!!!!!!!!!!!!!!!!!!!!!!!!!!!!!!!!!!!!!!!!!!!!!!!
20210220 201859.770 INFO             PET0 !!! THE ESMF_LOG IS SET TO OUTPUT ALL LOG MESSAGES !!!
20210220 201859.770 INFO             PET0 !!!     THIS MAY CAUSE SLOWDOWN IN PERFORMANCE     !!!
20210220 201859.770 INFO             PET0 !!! FOR PRODUCTION RUNS, USE:                      !!!
20210220 201859.770 INFO             PET0 !!!                   ESMF_LOGKIND_Multi_On_Error  !!!
20210220 201859.770 INFO             PET0 !!!!!!!!!!!!!!!!!!!!!!!!!!!!!!!!!!!!!!!!!!!!!!!!!!!!!!
20210220 201859.770 INFO             PET0 Running with ESMF Version   : ESMF_8_1_0_beta_snapshot_47
20210220 201859.770 INFO             PET0 ESMF library build date/time: "Feb 20 2021" "20:14:09"
20210220 201859.770 INFO             PET0 ESMF library build location : /project/esmf/himanshu/esmf_test/cronjobs/release_8.1.0/gfortran/esmf
20210220 201859.770 INFO             PET0 ESMF_COMM                   : mpich3
20210220 201859.770 INFO             PET0 ESMF_MOAB                   : enabled
20210220 201859.770 INFO             PET0 ESMF_LAPACK                 : enabled
20210220 201859.770 INFO             PET0 ESMF_NETCDF                 : enabled
20210220 201859.770 INFO             PET0 ESMF_PNETCDF                : disabled
20210220 201859.770 INFO             PET0 ESMF_PIO                    : enabled
20210220 201859.770 INFO             PET0 ESMF_YAMLCPP                : enabled
20210220 201859.770 INFO             PET0 Finalizing ESMF
20210220 201859.864 INFO             PET0 !!!!!!!!!!!!!!!!!!!!!!!!!!!!!!!!!!!!!!!!!!!!!!!!!!!!!!
20210220 201859.865 INFO             PET0 !!! THE ESMF_LOG IS SET TO OUTPUT ALL LOG MESSAGES !!!
20210220 201859.865 INFO             PET0 !!!     THIS MAY CAUSE SLOWDOWN IN PERFORMANCE     !!!
20210220 201859.865 INFO             PET0 !!! FOR PRODUCTION RUNS, USE:                      !!!
20210220 201859.865 INFO             PET0 !!!                   ESMF_LOGKIND_Multi_On_Error  !!!
20210220 201859.865 INFO             PET0 !!!!!!!!!!!!!!!!!!!!!!!!!!!!!!!!!!!!!!!!!!!!!!!!!!!!!!
20210220 201859.865 INFO             PET0 Running with ESMF Version   : ESMF_8_1_0_beta_snapshot_47
20210220 201859.865 INFO             PET0 ESMF library build date/time: "Feb 20 2021" "20:14:09"
20210220 201859.865 INFO             PET0 ESMF library build location : /project/esmf/himanshu/esmf_test/cronjobs/release_8.1.0/gfortran/esmf
20210220 201859.865 INFO             PET0 ESMF_COMM                   : mpich3
20210220 201859.865 INFO             PET0 ESMF_MOAB                   : enabled
20210220 201859.865 INFO             PET0 ESMF_LAPACK                 : enabled
20210220 201859.865 INFO             PET0 ESMF_NETCDF                 : enabled
20210220 201859.865 INFO             PET0 ESMF_PNETCDF                : disabled
20210220 201859.865 INFO             PET0 ESMF_PIO                    : enabled
20210220 201859.865 INFO             PET0 ESMF_YAMLCPP                : enabled
20210220 201859.865 INFO             PET0 Finalizing ESMF
20210220 201900.662 INFO             PET0 !!!!!!!!!!!!!!!!!!!!!!!!!!!!!!!!!!!!!!!!!!!!!!!!!!!!!!
20210220 201900.663 INFO             PET0 !!! THE ESMF_LOG IS SET TO OUTPUT ALL LOG MESSAGES !!!
20210220 201900.663 INFO             PET0 !!!     THIS MAY CAUSE SLOWDOWN IN PERFORMANCE     !!!
20210220 201900.663 INFO             PET0 !!! FOR PRODUCTION RUNS, USE:                      !!!
20210220 201900.663 INFO             PET0 !!!                   ESMF_LOGKIND_Multi_On_Error  !!!
20210220 201900.663 INFO             PET0 !!!!!!!!!!!!!!!!!!!!!!!!!!!!!!!!!!!!!!!!!!!!!!!!!!!!!!
20210220 201900.663 INFO             PET0 Running with ESMF Version   : ESMF_8_1_0_beta_snapshot_47
20210220 201900.663 INFO             PET0 ESMF library build date/time: "Feb 20 2021" "20:14:09"
20210220 201900.663 INFO             PET0 ESMF library build location : /project/esmf/himanshu/esmf_test/cronjobs/release_8.1.0/gfortran/esmf
20210220 201900.663 INFO             PET0 ESMF_COMM                   : mpich3
20210220 201900.663 INFO             PET0 ESMF_MOAB                   : enabled
20210220 201900.663 INFO             PET0 ESMF_LAPACK                 : enabled
20210220 201900.663 INFO             PET0 ESMF_NETCDF                 : enabled
20210220 201900.663 INFO             PET0 ESMF_PNETCDF                : disabled
20210220 201900.663 INFO             PET0 ESMF_PIO                    : enabled
20210220 201900.663 INFO             PET0 ESMF_YAMLCPP                : enabled
20210220 201900.663 INFO             PET0 Finalizing ESMF
20210220 201900.664 INFO             PET0 !!!!!!!!!!!!!!!!!!!!!!!!!!!!!!!!!!!!!!!!!!!!!!!!!!!!!!
20210220 201900.665 INFO             PET0 !!! THE ESMF_LOG IS SET TO OUTPUT ALL LOG MESSAGES !!!
20210220 201900.665 INFO             PET0 !!!     THIS MAY CAUSE SLOWDOWN IN PERFORMANCE     !!!
20210220 201900.665 INFO             PET0 !!! FOR PRODUCTION RUNS, USE:                      !!!
20210220 201900.665 INFO             PET0 !!!                   ESMF_LOGKIND_Multi_On_Error  !!!
20210220 201900.665 INFO             PET0 !!!!!!!!!!!!!!!!!!!!!!!!!!!!!!!!!!!!!!!!!!!!!!!!!!!!!!
20210220 201900.665 INFO             PET0 Running with ESMF Version   : ESMF_8_1_0_beta_snapshot_47
20210220 201900.665 INFO             PET0 ESMF library build date/time: "Feb 20 2021" "20:14:09"
20210220 201900.665 INFO             PET0 ESMF library build location : /project/esmf/himanshu/esmf_test/cronjobs/release_8.1.0/gfortran/esmf
20210220 201900.665 INFO             PET0 ESMF_COMM                   : mpich3
20210220 201900.749 INFO             PET0 ESMF_MOAB                   : enabled
20210220 201900.749 INFO             PET0 ESMF_LAPACK                 : enabled
20210220 201900.749 INFO             PET0 ESMF_NETCDF                 : enabled
20210220 201900.749 INFO             PET0 ESMF_PNETCDF                : disabled
20210220 201900.749 INFO             PET0 ESMF_PIO                    : enabled
20210220 201900.749 INFO             PET0 ESMF_YAMLCPP                : enabled
20210220 201900.749 INFO             PET0 Finalizing ESMF
Sun Feb 21 01:46:46 MST 2021
