20200925 174613.956 INFO             PET2 !!!!!!!!!!!!!!!!!!!!!!!!!!!!!!!!!!!!!!!!!!!!!!!!!!!!!!
20200925 174613.956 INFO             PET2 !!! THE ESMF_LOG IS SET TO OUTPUT ALL LOG MESSAGES !!!
20200925 174613.956 INFO             PET2 !!!     THIS MAY CAUSE SLOWDOWN IN PERFORMANCE     !!!
20200925 174613.956 INFO             PET2 !!! FOR PRODUCTION RUNS, USE:                      !!!
20200925 174613.956 INFO             PET2 !!!                   ESMF_LOGKIND_Multi_On_Error  !!!
20200925 174613.956 INFO             PET2 !!!!!!!!!!!!!!!!!!!!!!!!!!!!!!!!!!!!!!!!!!!!!!!!!!!!!!
20200925 174613.956 INFO             PET2 Running with ESMF Version   : ESMF_8_1_0_beta_snapshot_30
20200925 174613.956 INFO             PET2 ESMF library build date/time: "Sep 25 2020" "17:42:22"
20200925 174613.956 INFO             PET2 ESMF library build location : /glade/scratch/himanshu/scripts_dir/daily/gfortran_cheyenne/esmf
20200925 174613.956 INFO             PET2 ESMF_COMM                   : openmpi
20200925 174613.956 INFO             PET2 ESMF_NETCDF                 : disabled
20200925 174613.956 INFO             PET2 ESMF_PNETCDF                : disabled
20200925 174613.956 INFO             PET2 ESMF_PIO                    : enabled
20200925 174613.956 INFO             PET2 ESMF_YAMLCPP                : enabled
20200925 174613.956 INFO             PET2 ESMF_MOAB                   : enabled
20200925 174613.957 INFO             PET2 Finalizing ESMF
20200925 174614.365 INFO             PET2 !!!!!!!!!!!!!!!!!!!!!!!!!!!!!!!!!!!!!!!!!!!!!!!!!!!!!!
20200925 174614.365 INFO             PET2 !!! THE ESMF_LOG IS SET TO OUTPUT ALL LOG MESSAGES !!!
20200925 174614.365 INFO             PET2 !!!     THIS MAY CAUSE SLOWDOWN IN PERFORMANCE     !!!
20200925 174614.365 INFO             PET2 !!! FOR PRODUCTION RUNS, USE:                      !!!
20200925 174614.365 INFO             PET2 !!!                   ESMF_LOGKIND_Multi_On_Error  !!!
20200925 174614.365 INFO             PET2 !!!!!!!!!!!!!!!!!!!!!!!!!!!!!!!!!!!!!!!!!!!!!!!!!!!!!!
20200925 174614.365 INFO             PET2 Running with ESMF Version   : ESMF_8_1_0_beta_snapshot_30
20200925 174614.365 INFO             PET2 ESMF library build date/time: "Sep 25 2020" "17:42:22"
20200925 174614.365 INFO             PET2 ESMF library build location : /glade/scratch/himanshu/scripts_dir/daily/gfortran_cheyenne/esmf
20200925 174614.365 INFO             PET2 ESMF_COMM                   : openmpi
20200925 174614.365 INFO             PET2 ESMF_NETCDF                 : disabled
20200925 174614.365 INFO             PET2 ESMF_PNETCDF                : disabled
20200925 174614.365 INFO             PET2 ESMF_PIO                    : enabled
20200925 174614.365 INFO             PET2 ESMF_YAMLCPP                : enabled
20200925 174614.365 INFO             PET2 ESMF_MOAB                   : enabled
20200925 174614.366 INFO             PET2 Finalizing ESMF
20200925 174614.762 INFO             PET2 !!!!!!!!!!!!!!!!!!!!!!!!!!!!!!!!!!!!!!!!!!!!!!!!!!!!!!
20200925 174614.762 INFO             PET2 !!! THE ESMF_LOG IS SET TO OUTPUT ALL LOG MESSAGES !!!
20200925 174614.762 INFO             PET2 !!!     THIS MAY CAUSE SLOWDOWN IN PERFORMANCE     !!!
20200925 174614.762 INFO             PET2 !!! FOR PRODUCTION RUNS, USE:                      !!!
20200925 174614.762 INFO             PET2 !!!                   ESMF_LOGKIND_Multi_On_Error  !!!
20200925 174614.762 INFO             PET2 !!!!!!!!!!!!!!!!!!!!!!!!!!!!!!!!!!!!!!!!!!!!!!!!!!!!!!
20200925 174614.762 INFO             PET2 Running with ESMF Version   : ESMF_8_1_0_beta_snapshot_30
20200925 174614.762 INFO             PET2 ESMF library build date/time: "Sep 25 2020" "17:42:22"
20200925 174614.762 INFO             PET2 ESMF library build location : /glade/scratch/himanshu/scripts_dir/daily/gfortran_cheyenne/esmf
20200925 174614.762 INFO             PET2 ESMF_COMM                   : openmpi
20200925 174614.762 INFO             PET2 ESMF_NETCDF                 : disabled
20200925 174614.762 INFO             PET2 ESMF_PNETCDF                : disabled
20200925 174614.762 INFO             PET2 ESMF_PIO                    : enabled
20200925 174614.762 INFO             PET2 ESMF_YAMLCPP                : enabled
20200925 174614.762 INFO             PET2 ESMF_MOAB                   : enabled
20200925 174614.765 INFO             PET2 Finalizing ESMF
