20210209 151753.898 INFO             PET0 !!!!!!!!!!!!!!!!!!!!!!!!!!!!!!!!!!!!!!!!!!!!!!!!!!!!!!
20210209 151753.899 INFO             PET0 !!! THE ESMF_LOG IS SET TO OUTPUT ALL LOG MESSAGES !!!
20210209 151753.899 INFO             PET0 !!!     THIS MAY CAUSE SLOWDOWN IN PERFORMANCE     !!!
20210209 151753.899 INFO             PET0 !!! FOR PRODUCTION RUNS, USE:                      !!!
20210209 151753.899 INFO             PET0 !!!                   ESMF_LOGKIND_Multi_On_Error  !!!
20210209 151753.899 INFO             PET0 !!!!!!!!!!!!!!!!!!!!!!!!!!!!!!!!!!!!!!!!!!!!!!!!!!!!!!
20210209 151753.899 INFO             PET0 Running with ESMF Version   : ESMF_8_1_0_beta_snapshot_44-10-gd05f061
20210209 151753.899 INFO             PET0 ESMF library build date/time: "Feb  9 2021" "14:52:54"
20210209 151753.899 INFO             PET0 ESMF library build location : /home/hpillai/esmf_test/pgi/esmf
20210209 151753.899 INFO             PET0 ESMF_COMM                   : mpiuni
20210209 151753.899 INFO             PET0 ESMF_MOAB                   : enabled
20210209 151753.899 INFO             PET0 ESMF_LAPACK                 : enabled
20210209 151753.899 INFO             PET0 ESMF_NETCDF                 : enabled
20210209 151753.899 INFO             PET0 ESMF_PNETCDF                : disabled
20210209 151753.899 INFO             PET0 ESMF_PIO                    : disabled
20210209 151753.899 INFO             PET0 ESMF_YAMLCPP                : enabled
20210209 151753.900 INFO             PET0  NUMBER_OF_PROCESSORS            1
20210209 151753.900 INFO             PET0  PASS  Example ESMF_ClockEx, ESMF_ClockEx.F90, line 220
20210209 151753.900 INFO             PET0 Finalizing ESMF
Tue Feb  9 23:12:08 CST 2021
