20210221 195054.341 INFO             PET1 !!!!!!!!!!!!!!!!!!!!!!!!!!!!!!!!!!!!!!!!!!!!!!!!!!!!!!
20210221 195054.341 INFO             PET1 !!! THE ESMF_LOG IS SET TO OUTPUT ALL LOG MESSAGES !!!
20210221 195054.341 INFO             PET1 !!!     THIS MAY CAUSE SLOWDOWN IN PERFORMANCE     !!!
20210221 195054.341 INFO             PET1 !!! FOR PRODUCTION RUNS, USE:                      !!!
20210221 195054.341 INFO             PET1 !!!                   ESMF_LOGKIND_Multi_On_Error  !!!
20210221 195054.341 INFO             PET1 !!!!!!!!!!!!!!!!!!!!!!!!!!!!!!!!!!!!!!!!!!!!!!!!!!!!!!
20210221 195054.341 INFO             PET1 Running with ESMF Version   : ESMF_8_1_0_beta_snapshot_47
20210221 195054.341 INFO             PET1 ESMF library build date/time: "Feb 21 2021" "19:48:27"
20210221 195054.341 INFO             PET1 ESMF library build location : /project/esmf/bighorn_8.1.0/gfortran/esmf
20210221 195054.341 INFO             PET1 ESMF_COMM                   : openmpi
20210221 195054.341 INFO             PET1 ESMF_MOAB                   : enabled
20210221 195054.341 INFO             PET1 ESMF_LAPACK                 : enabled
20210221 195054.341 INFO             PET1 ESMF_NETCDF                 : disabled
20210221 195054.341 INFO             PET1 ESMF_PNETCDF                : disabled
20210221 195054.341 INFO             PET1 ESMF_PIO                    : enabled
20210221 195054.341 INFO             PET1 ESMF_YAMLCPP                : enabled
20210221 195054.342 INFO             PET1 Finalizing ESMF
20210221 195054.569 INFO             PET1 !!!!!!!!!!!!!!!!!!!!!!!!!!!!!!!!!!!!!!!!!!!!!!!!!!!!!!
20210221 195054.569 INFO             PET1 !!! THE ESMF_LOG IS SET TO OUTPUT ALL LOG MESSAGES !!!
20210221 195054.569 INFO             PET1 !!!     THIS MAY CAUSE SLOWDOWN IN PERFORMANCE     !!!
20210221 195054.569 INFO             PET1 !!! FOR PRODUCTION RUNS, USE:                      !!!
20210221 195054.569 INFO             PET1 !!!                   ESMF_LOGKIND_Multi_On_Error  !!!
20210221 195054.569 INFO             PET1 !!!!!!!!!!!!!!!!!!!!!!!!!!!!!!!!!!!!!!!!!!!!!!!!!!!!!!
20210221 195054.569 INFO             PET1 Running with ESMF Version   : ESMF_8_1_0_beta_snapshot_47
20210221 195054.569 INFO             PET1 ESMF library build date/time: "Feb 21 2021" "19:48:27"
20210221 195054.569 INFO             PET1 ESMF library build location : /project/esmf/bighorn_8.1.0/gfortran/esmf
20210221 195054.569 INFO             PET1 ESMF_COMM                   : openmpi
20210221 195054.569 INFO             PET1 ESMF_MOAB                   : enabled
20210221 195054.569 INFO             PET1 ESMF_LAPACK                 : enabled
20210221 195054.569 INFO             PET1 ESMF_NETCDF                 : disabled
20210221 195054.569 INFO             PET1 ESMF_PNETCDF                : disabled
20210221 195054.569 INFO             PET1 ESMF_PIO                    : enabled
20210221 195054.569 INFO             PET1 ESMF_YAMLCPP                : enabled
20210221 195054.570 INFO             PET1 Finalizing ESMF
20210221 195054.778 INFO             PET1 !!!!!!!!!!!!!!!!!!!!!!!!!!!!!!!!!!!!!!!!!!!!!!!!!!!!!!
20210221 195054.778 INFO             PET1 !!! THE ESMF_LOG IS SET TO OUTPUT ALL LOG MESSAGES !!!
20210221 195054.778 INFO             PET1 !!!     THIS MAY CAUSE SLOWDOWN IN PERFORMANCE     !!!
20210221 195054.778 INFO             PET1 !!! FOR PRODUCTION RUNS, USE:                      !!!
20210221 195054.778 INFO             PET1 !!!                   ESMF_LOGKIND_Multi_On_Error  !!!
20210221 195054.778 INFO             PET1 !!!!!!!!!!!!!!!!!!!!!!!!!!!!!!!!!!!!!!!!!!!!!!!!!!!!!!
20210221 195054.778 INFO             PET1 Running with ESMF Version   : ESMF_8_1_0_beta_snapshot_47
20210221 195054.778 INFO             PET1 ESMF library build date/time: "Feb 21 2021" "19:48:27"
20210221 195054.778 INFO             PET1 ESMF library build location : /project/esmf/bighorn_8.1.0/gfortran/esmf
20210221 195054.778 INFO             PET1 ESMF_COMM                   : openmpi
20210221 195054.778 INFO             PET1 ESMF_MOAB                   : enabled
20210221 195054.778 INFO             PET1 ESMF_LAPACK                 : enabled
20210221 195054.778 INFO             PET1 ESMF_NETCDF                 : disabled
20210221 195054.778 INFO             PET1 ESMF_PNETCDF                : disabled
20210221 195054.778 INFO             PET1 ESMF_PIO                    : enabled
20210221 195054.778 INFO             PET1 ESMF_YAMLCPP                : enabled
20210221 195054.779 INFO             PET1 Finalizing ESMF
Mon Feb 22 04:21:33 MST 2021
