20201009 075103.461 INFO             PET0 !!!!!!!!!!!!!!!!!!!!!!!!!!!!!!!!!!!!!!!!!!!!!!!!!!!!!!
20201009 075103.461 INFO             PET0 !!! THE ESMF_LOG IS SET TO OUTPUT ALL LOG MESSAGES !!!
20201009 075103.461 INFO             PET0 !!!     THIS MAY CAUSE SLOWDOWN IN PERFORMANCE     !!!
20201009 075103.461 INFO             PET0 !!! FOR PRODUCTION RUNS, USE:                      !!!
20201009 075103.461 INFO             PET0 !!!                   ESMF_LOGKIND_Multi_On_Error  !!!
20201009 075103.461 INFO             PET0 !!!!!!!!!!!!!!!!!!!!!!!!!!!!!!!!!!!!!!!!!!!!!!!!!!!!!!
20201009 075103.461 INFO             PET0 Running with ESMF Version   : ESMF_8_1_0_beta_snapshot_32-5-g0973dec516
20201009 075103.461 INFO             PET0 ESMF library build date/time: "Oct  9 2020" "07:40:10"
20201009 075103.461 INFO             PET0 ESMF library build location : /glade/scratch/himanshu/scripts_dir/daily/intel_cheyenne/esmf
20201009 075103.461 INFO             PET0 ESMF_COMM                   : openmpi
20201009 075103.461 INFO             PET0 ESMF_NETCDF                 : disabled
20201009 075103.461 INFO             PET0 ESMF_PNETCDF                : disabled
20201009 075103.461 INFO             PET0 ESMF_PIO                    : enabled
20201009 075103.461 INFO             PET0 ESMF_YAMLCPP                : enabled
20201009 075103.461 INFO             PET0 ESMF_MOAB                   : enabled
20201009 075103.462 INFO             PET0 Finalizing ESMF
20201009 075103.829 INFO             PET0 !!!!!!!!!!!!!!!!!!!!!!!!!!!!!!!!!!!!!!!!!!!!!!!!!!!!!!
20201009 075103.829 INFO             PET0 !!! THE ESMF_LOG IS SET TO OUTPUT ALL LOG MESSAGES !!!
20201009 075103.829 INFO             PET0 !!!     THIS MAY CAUSE SLOWDOWN IN PERFORMANCE     !!!
20201009 075103.829 INFO             PET0 !!! FOR PRODUCTION RUNS, USE:                      !!!
20201009 075103.829 INFO             PET0 !!!                   ESMF_LOGKIND_Multi_On_Error  !!!
20201009 075103.829 INFO             PET0 !!!!!!!!!!!!!!!!!!!!!!!!!!!!!!!!!!!!!!!!!!!!!!!!!!!!!!
20201009 075103.829 INFO             PET0 Running with ESMF Version   : ESMF_8_1_0_beta_snapshot_32-5-g0973dec516
20201009 075103.829 INFO             PET0 ESMF library build date/time: "Oct  9 2020" "07:40:10"
20201009 075103.829 INFO             PET0 ESMF library build location : /glade/scratch/himanshu/scripts_dir/daily/intel_cheyenne/esmf
20201009 075103.829 INFO             PET0 ESMF_COMM                   : openmpi
20201009 075103.829 INFO             PET0 ESMF_NETCDF                 : disabled
20201009 075103.829 INFO             PET0 ESMF_PNETCDF                : disabled
20201009 075103.829 INFO             PET0 ESMF_PIO                    : enabled
20201009 075103.829 INFO             PET0 ESMF_YAMLCPP                : enabled
20201009 075103.829 INFO             PET0 ESMF_MOAB                   : enabled
20201009 075103.830 INFO             PET0 Finalizing ESMF
20201009 075104.265 INFO             PET0 !!!!!!!!!!!!!!!!!!!!!!!!!!!!!!!!!!!!!!!!!!!!!!!!!!!!!!
20201009 075104.265 INFO             PET0 !!! THE ESMF_LOG IS SET TO OUTPUT ALL LOG MESSAGES !!!
20201009 075104.265 INFO             PET0 !!!     THIS MAY CAUSE SLOWDOWN IN PERFORMANCE     !!!
20201009 075104.265 INFO             PET0 !!! FOR PRODUCTION RUNS, USE:                      !!!
20201009 075104.265 INFO             PET0 !!!                   ESMF_LOGKIND_Multi_On_Error  !!!
20201009 075104.265 INFO             PET0 !!!!!!!!!!!!!!!!!!!!!!!!!!!!!!!!!!!!!!!!!!!!!!!!!!!!!!
20201009 075104.265 INFO             PET0 Running with ESMF Version   : ESMF_8_1_0_beta_snapshot_32-5-g0973dec516
20201009 075104.265 INFO             PET0 ESMF library build date/time: "Oct  9 2020" "07:40:10"
20201009 075104.265 INFO             PET0 ESMF library build location : /glade/scratch/himanshu/scripts_dir/daily/intel_cheyenne/esmf
20201009 075104.265 INFO             PET0 ESMF_COMM                   : openmpi
20201009 075104.265 INFO             PET0 ESMF_NETCDF                 : disabled
20201009 075104.265 INFO             PET0 ESMF_PNETCDF                : disabled
20201009 075104.265 INFO             PET0 ESMF_PIO                    : enabled
20201009 075104.265 INFO             PET0 ESMF_YAMLCPP                : enabled
20201009 075104.265 INFO             PET0 ESMF_MOAB                   : enabled
20201009 075104.268 INFO             PET0 Finalizing ESMF
