20210211 062230.106 INFO             PET2 !!!!!!!!!!!!!!!!!!!!!!!!!!!!!!!!!!!!!!!!!!!!!!!!!!!!!!
20210211 062230.106 INFO             PET2 !!! THE ESMF_LOG IS SET TO OUTPUT ALL LOG MESSAGES !!!
20210211 062230.106 INFO             PET2 !!!     THIS MAY CAUSE SLOWDOWN IN PERFORMANCE     !!!
20210211 062230.106 INFO             PET2 !!! FOR PRODUCTION RUNS, USE:                      !!!
20210211 062230.106 INFO             PET2 !!!                   ESMF_LOGKIND_Multi_On_Error  !!!
20210211 062230.106 INFO             PET2 !!!!!!!!!!!!!!!!!!!!!!!!!!!!!!!!!!!!!!!!!!!!!!!!!!!!!!
20210211 062230.106 INFO             PET2 Running with ESMF Version   : ESMF_8_1_0_beta_snapshot_44-53-gdb2e74ae37
20210211 062230.106 INFO             PET2 ESMF library build date/time: "Feb 11 2021" "06:12:04"
20210211 062230.106 INFO             PET2 ESMF library build location : /glade/scratch/himanshu/scripts_dir/daily/intel_cheyenne/esmf
20210211 062230.106 INFO             PET2 ESMF_COMM                   : openmpi
20210211 062230.107 INFO             PET2 ESMF_MOAB                   : enabled
20210211 062230.107 INFO             PET2 ESMF_LAPACK                 : enabled
20210211 062230.107 INFO             PET2 ESMF_NETCDF                 : disabled
20210211 062230.107 INFO             PET2 ESMF_PNETCDF                : disabled
20210211 062230.107 INFO             PET2 ESMF_PIO                    : enabled
20210211 062230.107 INFO             PET2 ESMF_YAMLCPP                : enabled
20210211 062230.107 INFO             PET2 Finalizing ESMF
20210211 062230.492 INFO             PET2 !!!!!!!!!!!!!!!!!!!!!!!!!!!!!!!!!!!!!!!!!!!!!!!!!!!!!!
20210211 062230.492 INFO             PET2 !!! THE ESMF_LOG IS SET TO OUTPUT ALL LOG MESSAGES !!!
20210211 062230.492 INFO             PET2 !!!     THIS MAY CAUSE SLOWDOWN IN PERFORMANCE     !!!
20210211 062230.492 INFO             PET2 !!! FOR PRODUCTION RUNS, USE:                      !!!
20210211 062230.492 INFO             PET2 !!!                   ESMF_LOGKIND_Multi_On_Error  !!!
20210211 062230.492 INFO             PET2 !!!!!!!!!!!!!!!!!!!!!!!!!!!!!!!!!!!!!!!!!!!!!!!!!!!!!!
20210211 062230.492 INFO             PET2 Running with ESMF Version   : ESMF_8_1_0_beta_snapshot_44-53-gdb2e74ae37
20210211 062230.492 INFO             PET2 ESMF library build date/time: "Feb 11 2021" "06:12:04"
20210211 062230.492 INFO             PET2 ESMF library build location : /glade/scratch/himanshu/scripts_dir/daily/intel_cheyenne/esmf
20210211 062230.492 INFO             PET2 ESMF_COMM                   : openmpi
20210211 062230.492 INFO             PET2 ESMF_MOAB                   : enabled
20210211 062230.492 INFO             PET2 ESMF_LAPACK                 : enabled
20210211 062230.492 INFO             PET2 ESMF_NETCDF                 : disabled
20210211 062230.492 INFO             PET2 ESMF_PNETCDF                : disabled
20210211 062230.492 INFO             PET2 ESMF_PIO                    : enabled
20210211 062230.492 INFO             PET2 ESMF_YAMLCPP                : enabled
20210211 062230.493 INFO             PET2 Finalizing ESMF
20210211 062230.886 INFO             PET2 !!!!!!!!!!!!!!!!!!!!!!!!!!!!!!!!!!!!!!!!!!!!!!!!!!!!!!
20210211 062230.886 INFO             PET2 !!! THE ESMF_LOG IS SET TO OUTPUT ALL LOG MESSAGES !!!
20210211 062230.886 INFO             PET2 !!!     THIS MAY CAUSE SLOWDOWN IN PERFORMANCE     !!!
20210211 062230.886 INFO             PET2 !!! FOR PRODUCTION RUNS, USE:                      !!!
20210211 062230.886 INFO             PET2 !!!                   ESMF_LOGKIND_Multi_On_Error  !!!
20210211 062230.886 INFO             PET2 !!!!!!!!!!!!!!!!!!!!!!!!!!!!!!!!!!!!!!!!!!!!!!!!!!!!!!
20210211 062230.886 INFO             PET2 Running with ESMF Version   : ESMF_8_1_0_beta_snapshot_44-53-gdb2e74ae37
20210211 062230.886 INFO             PET2 ESMF library build date/time: "Feb 11 2021" "06:12:04"
20210211 062230.886 INFO             PET2 ESMF library build location : /glade/scratch/himanshu/scripts_dir/daily/intel_cheyenne/esmf
20210211 062230.886 INFO             PET2 ESMF_COMM                   : openmpi
20210211 062230.889 INFO             PET2 ESMF_MOAB                   : enabled
20210211 062230.889 INFO             PET2 ESMF_LAPACK                 : enabled
20210211 062230.889 INFO             PET2 ESMF_NETCDF                 : disabled
20210211 062230.889 INFO             PET2 ESMF_PNETCDF                : disabled
20210211 062230.889 INFO             PET2 ESMF_PIO                    : enabled
20210211 062230.889 INFO             PET2 ESMF_YAMLCPP                : enabled
20210211 062230.889 INFO             PET2 Finalizing ESMF
Thu Feb 11 12:01:53 MST 2021
