20210222 065341.331 INFO             PET0 !!!!!!!!!!!!!!!!!!!!!!!!!!!!!!!!!!!!!!!!!!!!!!!!!!!!!!
20210222 065341.331 INFO             PET0 !!! THE ESMF_LOG IS SET TO OUTPUT ALL LOG MESSAGES !!!
20210222 065341.331 INFO             PET0 !!!     THIS MAY CAUSE SLOWDOWN IN PERFORMANCE     !!!
20210222 065341.331 INFO             PET0 !!! FOR PRODUCTION RUNS, USE:                      !!!
20210222 065341.331 INFO             PET0 !!!                   ESMF_LOGKIND_Multi_On_Error  !!!
20210222 065341.331 INFO             PET0 !!!!!!!!!!!!!!!!!!!!!!!!!!!!!!!!!!!!!!!!!!!!!!!!!!!!!!
20210222 065341.331 INFO             PET0 Running with ESMF Version   : ESMF_8_1_0_beta_snapshot_47
20210222 065341.331 INFO             PET0 ESMF library build date/time: "Feb 22 2021" "06:42:45"
20210222 065341.331 INFO             PET0 ESMF library build location : /glade/scratch/himanshu/relese_8.1.0/dir/intel_cheyenne/esmf
20210222 065341.331 INFO             PET0 ESMF_COMM                   : mpt
20210222 065341.331 INFO             PET0 ESMF_MOAB                   : enabled
20210222 065341.331 INFO             PET0 ESMF_LAPACK                 : enabled
20210222 065341.331 INFO             PET0 ESMF_NETCDF                 : disabled
20210222 065341.331 INFO             PET0 ESMF_PNETCDF                : disabled
20210222 065341.331 INFO             PET0 ESMF_PIO                    : enabled
20210222 065341.331 INFO             PET0 ESMF_YAMLCPP                : enabled
20210222 065341.331 INFO             PET0 Finalizing ESMF
20210222 065341.415 INFO             PET0 !!!!!!!!!!!!!!!!!!!!!!!!!!!!!!!!!!!!!!!!!!!!!!!!!!!!!!
20210222 065341.415 INFO             PET0 !!! THE ESMF_LOG IS SET TO OUTPUT ALL LOG MESSAGES !!!
20210222 065341.415 INFO             PET0 !!!     THIS MAY CAUSE SLOWDOWN IN PERFORMANCE     !!!
20210222 065341.415 INFO             PET0 !!! FOR PRODUCTION RUNS, USE:                      !!!
20210222 065341.415 INFO             PET0 !!!                   ESMF_LOGKIND_Multi_On_Error  !!!
20210222 065341.415 INFO             PET0 !!!!!!!!!!!!!!!!!!!!!!!!!!!!!!!!!!!!!!!!!!!!!!!!!!!!!!
20210222 065341.415 INFO             PET0 Running with ESMF Version   : ESMF_8_1_0_beta_snapshot_47
20210222 065341.415 INFO             PET0 ESMF library build date/time: "Feb 22 2021" "06:42:45"
20210222 065341.415 INFO             PET0 ESMF library build location : /glade/scratch/himanshu/relese_8.1.0/dir/intel_cheyenne/esmf
20210222 065341.415 INFO             PET0 ESMF_COMM                   : mpt
20210222 065341.415 INFO             PET0 ESMF_MOAB                   : enabled
20210222 065341.415 INFO             PET0 ESMF_LAPACK                 : enabled
20210222 065341.415 INFO             PET0 ESMF_NETCDF                 : disabled
20210222 065341.415 INFO             PET0 ESMF_PNETCDF                : disabled
20210222 065341.415 INFO             PET0 ESMF_PIO                    : enabled
20210222 065341.415 INFO             PET0 ESMF_YAMLCPP                : enabled
20210222 065341.416 INFO             PET0 Finalizing ESMF
20210222 065341.493 INFO             PET0 !!!!!!!!!!!!!!!!!!!!!!!!!!!!!!!!!!!!!!!!!!!!!!!!!!!!!!
20210222 065341.493 INFO             PET0 !!! THE ESMF_LOG IS SET TO OUTPUT ALL LOG MESSAGES !!!
20210222 065341.493 INFO             PET0 !!!     THIS MAY CAUSE SLOWDOWN IN PERFORMANCE     !!!
20210222 065341.493 INFO             PET0 !!! FOR PRODUCTION RUNS, USE:                      !!!
20210222 065341.493 INFO             PET0 !!!                   ESMF_LOGKIND_Multi_On_Error  !!!
20210222 065341.493 INFO             PET0 !!!!!!!!!!!!!!!!!!!!!!!!!!!!!!!!!!!!!!!!!!!!!!!!!!!!!!
20210222 065341.493 INFO             PET0 Running with ESMF Version   : ESMF_8_1_0_beta_snapshot_47
20210222 065341.494 INFO             PET0 ESMF library build date/time: "Feb 22 2021" "06:42:45"
20210222 065341.494 INFO             PET0 ESMF library build location : /glade/scratch/himanshu/relese_8.1.0/dir/intel_cheyenne/esmf
20210222 065341.494 INFO             PET0 ESMF_COMM                   : mpt
20210222 065341.496 INFO             PET0 ESMF_MOAB                   : enabled
20210222 065341.496 INFO             PET0 ESMF_LAPACK                 : enabled
20210222 065341.496 INFO             PET0 ESMF_NETCDF                 : disabled
20210222 065341.496 INFO             PET0 ESMF_PNETCDF                : disabled
20210222 065341.496 INFO             PET0 ESMF_PIO                    : enabled
20210222 065341.496 INFO             PET0 ESMF_YAMLCPP                : enabled
20210222 065341.497 INFO             PET0 Finalizing ESMF
Mon Feb 22 15:25:55 MST 2021
