20210219 071651.284 INFO             PET1 !!!!!!!!!!!!!!!!!!!!!!!!!!!!!!!!!!!!!!!!!!!!!!!!!!!!!!
20210219 071651.284 INFO             PET1 !!! THE ESMF_LOG IS SET TO OUTPUT ALL LOG MESSAGES !!!
20210219 071651.284 INFO             PET1 !!!     THIS MAY CAUSE SLOWDOWN IN PERFORMANCE     !!!
20210219 071651.284 INFO             PET1 !!! FOR PRODUCTION RUNS, USE:                      !!!
20210219 071651.284 INFO             PET1 !!!                   ESMF_LOGKIND_Multi_On_Error  !!!
20210219 071651.284 INFO             PET1 !!!!!!!!!!!!!!!!!!!!!!!!!!!!!!!!!!!!!!!!!!!!!!!!!!!!!!
20210219 071651.284 INFO             PET1 Running with ESMF Version   : ESMF_8_1_0_beta_snapshot_47
20210219 071651.284 INFO             PET1 ESMF library build date/time: "Feb 19 2021" "07:05:55"
20210219 071651.284 INFO             PET1 ESMF library build location : /glade/scratch/himanshu/relese_8.1.0/dir/intel_cheyenne/esmf
20210219 071651.284 INFO             PET1 ESMF_COMM                   : mpt
20210219 071651.284 INFO             PET1 ESMF_MOAB                   : enabled
20210219 071651.284 INFO             PET1 ESMF_LAPACK                 : enabled
20210219 071651.284 INFO             PET1 ESMF_NETCDF                 : disabled
20210219 071651.284 INFO             PET1 ESMF_PNETCDF                : disabled
20210219 071651.284 INFO             PET1 ESMF_PIO                    : enabled
20210219 071651.284 INFO             PET1 ESMF_YAMLCPP                : enabled
20210219 071651.285 INFO             PET1 Finalizing ESMF
20210219 071651.370 INFO             PET1 !!!!!!!!!!!!!!!!!!!!!!!!!!!!!!!!!!!!!!!!!!!!!!!!!!!!!!
20210219 071651.370 INFO             PET1 !!! THE ESMF_LOG IS SET TO OUTPUT ALL LOG MESSAGES !!!
20210219 071651.370 INFO             PET1 !!!     THIS MAY CAUSE SLOWDOWN IN PERFORMANCE     !!!
20210219 071651.370 INFO             PET1 !!! FOR PRODUCTION RUNS, USE:                      !!!
20210219 071651.370 INFO             PET1 !!!                   ESMF_LOGKIND_Multi_On_Error  !!!
20210219 071651.370 INFO             PET1 !!!!!!!!!!!!!!!!!!!!!!!!!!!!!!!!!!!!!!!!!!!!!!!!!!!!!!
20210219 071651.370 INFO             PET1 Running with ESMF Version   : ESMF_8_1_0_beta_snapshot_47
20210219 071651.370 INFO             PET1 ESMF library build date/time: "Feb 19 2021" "07:05:55"
20210219 071651.370 INFO             PET1 ESMF library build location : /glade/scratch/himanshu/relese_8.1.0/dir/intel_cheyenne/esmf
20210219 071651.370 INFO             PET1 ESMF_COMM                   : mpt
20210219 071651.370 INFO             PET1 ESMF_MOAB                   : enabled
20210219 071651.370 INFO             PET1 ESMF_LAPACK                 : enabled
20210219 071651.370 INFO             PET1 ESMF_NETCDF                 : disabled
20210219 071651.370 INFO             PET1 ESMF_PNETCDF                : disabled
20210219 071651.370 INFO             PET1 ESMF_PIO                    : enabled
20210219 071651.370 INFO             PET1 ESMF_YAMLCPP                : enabled
20210219 071651.371 INFO             PET1 Finalizing ESMF
20210219 071651.455 INFO             PET1 !!!!!!!!!!!!!!!!!!!!!!!!!!!!!!!!!!!!!!!!!!!!!!!!!!!!!!
20210219 071651.455 INFO             PET1 !!! THE ESMF_LOG IS SET TO OUTPUT ALL LOG MESSAGES !!!
20210219 071651.455 INFO             PET1 !!!     THIS MAY CAUSE SLOWDOWN IN PERFORMANCE     !!!
20210219 071651.455 INFO             PET1 !!! FOR PRODUCTION RUNS, USE:                      !!!
20210219 071651.455 INFO             PET1 !!!                   ESMF_LOGKIND_Multi_On_Error  !!!
20210219 071651.455 INFO             PET1 !!!!!!!!!!!!!!!!!!!!!!!!!!!!!!!!!!!!!!!!!!!!!!!!!!!!!!
20210219 071651.455 INFO             PET1 Running with ESMF Version   : ESMF_8_1_0_beta_snapshot_47
20210219 071651.455 INFO             PET1 ESMF library build date/time: "Feb 19 2021" "07:05:55"
20210219 071651.455 INFO             PET1 ESMF library build location : /glade/scratch/himanshu/relese_8.1.0/dir/intel_cheyenne/esmf
20210219 071651.455 INFO             PET1 ESMF_COMM                   : mpt
20210219 071651.458 INFO             PET1 ESMF_MOAB                   : enabled
20210219 071651.458 INFO             PET1 ESMF_LAPACK                 : enabled
20210219 071651.458 INFO             PET1 ESMF_NETCDF                 : disabled
20210219 071651.458 INFO             PET1 ESMF_PNETCDF                : disabled
20210219 071651.458 INFO             PET1 ESMF_PIO                    : enabled
20210219 071651.458 INFO             PET1 ESMF_YAMLCPP                : enabled
20210219 071651.460 INFO             PET1 Finalizing ESMF
Fri Feb 19 16:24:24 MST 2021
