20210219 082650.109 INFO             PET0 !!!!!!!!!!!!!!!!!!!!!!!!!!!!!!!!!!!!!!!!!!!!!!!!!!!!!!
20210219 082650.110 INFO             PET0 !!! THE ESMF_LOG IS SET TO OUTPUT ALL LOG MESSAGES !!!
20210219 082650.110 INFO             PET0 !!!     THIS MAY CAUSE SLOWDOWN IN PERFORMANCE     !!!
20210219 082650.110 INFO             PET0 !!! FOR PRODUCTION RUNS, USE:                      !!!
20210219 082650.110 INFO             PET0 !!!                   ESMF_LOGKIND_Multi_On_Error  !!!
20210219 082650.110 INFO             PET0 !!!!!!!!!!!!!!!!!!!!!!!!!!!!!!!!!!!!!!!!!!!!!!!!!!!!!!
20210219 082650.110 INFO             PET0 Running with ESMF Version   : ESMF_8_2_0_beta_snapshot_00
20210219 082650.110 INFO             PET0 ESMF library build date/time: "Feb 19 2021" "08:23:00"
20210219 082650.110 INFO             PET0 ESMF library build location : /project/esmf/himanshu/esmf_test/cronjobs/daily/gfortran/esmf
20210219 082650.110 INFO             PET0 ESMF_COMM                   : mpich3
20210219 082650.110 INFO             PET0 ESMF_MOAB                   : enabled
20210219 082650.110 INFO             PET0 ESMF_LAPACK                 : enabled
20210219 082650.110 INFO             PET0 ESMF_NETCDF                 : enabled
20210219 082650.110 INFO             PET0 ESMF_PNETCDF                : disabled
20210219 082650.110 INFO             PET0 ESMF_PIO                    : enabled
20210219 082650.110 INFO             PET0 ESMF_YAMLCPP                : enabled
20210219 082650.111 INFO             PET0 Finalizing ESMF
20210219 082650.226 INFO             PET0 !!!!!!!!!!!!!!!!!!!!!!!!!!!!!!!!!!!!!!!!!!!!!!!!!!!!!!
20210219 082650.227 INFO             PET0 !!! THE ESMF_LOG IS SET TO OUTPUT ALL LOG MESSAGES !!!
20210219 082650.227 INFO             PET0 !!!     THIS MAY CAUSE SLOWDOWN IN PERFORMANCE     !!!
20210219 082650.227 INFO             PET0 !!! FOR PRODUCTION RUNS, USE:                      !!!
20210219 082650.227 INFO             PET0 !!!                   ESMF_LOGKIND_Multi_On_Error  !!!
20210219 082650.227 INFO             PET0 !!!!!!!!!!!!!!!!!!!!!!!!!!!!!!!!!!!!!!!!!!!!!!!!!!!!!!
20210219 082650.227 INFO             PET0 Running with ESMF Version   : ESMF_8_2_0_beta_snapshot_00
20210219 082650.227 INFO             PET0 ESMF library build date/time: "Feb 19 2021" "08:23:00"
20210219 082650.227 INFO             PET0 ESMF library build location : /project/esmf/himanshu/esmf_test/cronjobs/daily/gfortran/esmf
20210219 082650.227 INFO             PET0 ESMF_COMM                   : mpich3
20210219 082650.227 INFO             PET0 ESMF_MOAB                   : enabled
20210219 082650.227 INFO             PET0 ESMF_LAPACK                 : enabled
20210219 082650.227 INFO             PET0 ESMF_NETCDF                 : enabled
20210219 082650.227 INFO             PET0 ESMF_PNETCDF                : disabled
20210219 082650.227 INFO             PET0 ESMF_PIO                    : enabled
20210219 082650.227 INFO             PET0 ESMF_YAMLCPP                : enabled
20210219 082650.227 INFO             PET0 Finalizing ESMF
20210219 082650.231 INFO             PET0 !!!!!!!!!!!!!!!!!!!!!!!!!!!!!!!!!!!!!!!!!!!!!!!!!!!!!!
20210219 082650.231 INFO             PET0 !!! THE ESMF_LOG IS SET TO OUTPUT ALL LOG MESSAGES !!!
20210219 082650.231 INFO             PET0 !!!     THIS MAY CAUSE SLOWDOWN IN PERFORMANCE     !!!
20210219 082650.231 INFO             PET0 !!! FOR PRODUCTION RUNS, USE:                      !!!
20210219 082650.231 INFO             PET0 !!!                   ESMF_LOGKIND_Multi_On_Error  !!!
20210219 082650.231 INFO             PET0 !!!!!!!!!!!!!!!!!!!!!!!!!!!!!!!!!!!!!!!!!!!!!!!!!!!!!!
20210219 082650.231 INFO             PET0 Running with ESMF Version   : ESMF_8_2_0_beta_snapshot_00
20210219 082650.231 INFO             PET0 ESMF library build date/time: "Feb 19 2021" "08:23:00"
20210219 082650.231 INFO             PET0 ESMF library build location : /project/esmf/himanshu/esmf_test/cronjobs/daily/gfortran/esmf
20210219 082650.231 INFO             PET0 ESMF_COMM                   : mpich3
20210219 082650.231 INFO             PET0 ESMF_MOAB                   : enabled
20210219 082650.231 INFO             PET0 ESMF_LAPACK                 : enabled
20210219 082650.231 INFO             PET0 ESMF_NETCDF                 : enabled
20210219 082650.231 INFO             PET0 ESMF_PNETCDF                : disabled
20210219 082650.231 INFO             PET0 ESMF_PIO                    : enabled
20210219 082650.231 INFO             PET0 ESMF_YAMLCPP                : enabled
20210219 082650.232 INFO             PET0 Finalizing ESMF
20210219 082650.232 INFO             PET0 !!!!!!!!!!!!!!!!!!!!!!!!!!!!!!!!!!!!!!!!!!!!!!!!!!!!!!
20210219 082650.233 INFO             PET0 !!! THE ESMF_LOG IS SET TO OUTPUT ALL LOG MESSAGES !!!
20210219 082650.233 INFO             PET0 !!!     THIS MAY CAUSE SLOWDOWN IN PERFORMANCE     !!!
20210219 082650.233 INFO             PET0 !!! FOR PRODUCTION RUNS, USE:                      !!!
20210219 082650.233 INFO             PET0 !!!                   ESMF_LOGKIND_Multi_On_Error  !!!
20210219 082650.233 INFO             PET0 !!!!!!!!!!!!!!!!!!!!!!!!!!!!!!!!!!!!!!!!!!!!!!!!!!!!!!
20210219 082650.233 INFO             PET0 Running with ESMF Version   : ESMF_8_2_0_beta_snapshot_00
20210219 082650.233 INFO             PET0 ESMF library build date/time: "Feb 19 2021" "08:23:00"
20210219 082650.233 INFO             PET0 ESMF library build location : /project/esmf/himanshu/esmf_test/cronjobs/daily/gfortran/esmf
20210219 082650.233 INFO             PET0 ESMF_COMM                   : mpich3
20210219 082650.233 INFO             PET0 ESMF_MOAB                   : enabled
20210219 082650.233 INFO             PET0 ESMF_LAPACK                 : enabled
20210219 082650.233 INFO             PET0 ESMF_NETCDF                 : enabled
20210219 082650.233 INFO             PET0 ESMF_PNETCDF                : disabled
20210219 082650.233 INFO             PET0 ESMF_PIO                    : enabled
20210219 082650.233 INFO             PET0 ESMF_YAMLCPP                : enabled
20210219 082650.233 INFO             PET0 Finalizing ESMF
20210219 082650.359 INFO             PET0 !!!!!!!!!!!!!!!!!!!!!!!!!!!!!!!!!!!!!!!!!!!!!!!!!!!!!!
20210219 082650.359 INFO             PET0 !!! THE ESMF_LOG IS SET TO OUTPUT ALL LOG MESSAGES !!!
20210219 082650.359 INFO             PET0 !!!     THIS MAY CAUSE SLOWDOWN IN PERFORMANCE     !!!
20210219 082650.359 INFO             PET0 !!! FOR PRODUCTION RUNS, USE:                      !!!
20210219 082650.359 INFO             PET0 !!!                   ESMF_LOGKIND_Multi_On_Error  !!!
20210219 082650.359 INFO             PET0 !!!!!!!!!!!!!!!!!!!!!!!!!!!!!!!!!!!!!!!!!!!!!!!!!!!!!!
20210219 082650.359 INFO             PET0 Running with ESMF Version   : ESMF_8_2_0_beta_snapshot_00
20210219 082650.359 INFO             PET0 ESMF library build date/time: "Feb 19 2021" "08:23:00"
20210219 082650.359 INFO             PET0 ESMF library build location : /project/esmf/himanshu/esmf_test/cronjobs/daily/gfortran/esmf
20210219 082650.359 INFO             PET0 ESMF_COMM                   : mpich3
20210219 082650.359 INFO             PET0 ESMF_MOAB                   : enabled
20210219 082650.359 INFO             PET0 ESMF_LAPACK                 : enabled
20210219 082650.359 INFO             PET0 ESMF_NETCDF                 : enabled
20210219 082650.359 INFO             PET0 ESMF_PNETCDF                : disabled
20210219 082650.359 INFO             PET0 ESMF_PIO                    : enabled
20210219 082650.359 INFO             PET0 ESMF_YAMLCPP                : enabled
20210219 082650.360 INFO             PET0 Finalizing ESMF
20210219 082650.361 INFO             PET0 !!!!!!!!!!!!!!!!!!!!!!!!!!!!!!!!!!!!!!!!!!!!!!!!!!!!!!
20210219 082650.362 INFO             PET0 !!! THE ESMF_LOG IS SET TO OUTPUT ALL LOG MESSAGES !!!
20210219 082650.362 INFO             PET0 !!!     THIS MAY CAUSE SLOWDOWN IN PERFORMANCE     !!!
20210219 082650.362 INFO             PET0 !!! FOR PRODUCTION RUNS, USE:                      !!!
20210219 082650.362 INFO             PET0 !!!                   ESMF_LOGKIND_Multi_On_Error  !!!
20210219 082650.362 INFO             PET0 !!!!!!!!!!!!!!!!!!!!!!!!!!!!!!!!!!!!!!!!!!!!!!!!!!!!!!
20210219 082650.362 INFO             PET0 Running with ESMF Version   : ESMF_8_2_0_beta_snapshot_00
20210219 082650.362 INFO             PET0 ESMF library build date/time: "Feb 19 2021" "08:23:00"
20210219 082650.362 INFO             PET0 ESMF library build location : /project/esmf/himanshu/esmf_test/cronjobs/daily/gfortran/esmf
20210219 082650.362 INFO             PET0 ESMF_COMM                   : mpich3
20210219 082650.362 INFO             PET0 ESMF_MOAB                   : enabled
20210219 082650.362 INFO             PET0 ESMF_LAPACK                 : enabled
20210219 082650.362 INFO             PET0 ESMF_NETCDF                 : enabled
20210219 082650.362 INFO             PET0 ESMF_PNETCDF                : disabled
20210219 082650.362 INFO             PET0 ESMF_PIO                    : enabled
20210219 082650.362 INFO             PET0 ESMF_YAMLCPP                : enabled
20210219 082650.362 INFO             PET0 Finalizing ESMF
20210219 082650.363 INFO             PET0 !!!!!!!!!!!!!!!!!!!!!!!!!!!!!!!!!!!!!!!!!!!!!!!!!!!!!!
20210219 082650.364 INFO             PET0 !!! THE ESMF_LOG IS SET TO OUTPUT ALL LOG MESSAGES !!!
20210219 082650.364 INFO             PET0 !!!     THIS MAY CAUSE SLOWDOWN IN PERFORMANCE     !!!
20210219 082650.364 INFO             PET0 !!! FOR PRODUCTION RUNS, USE:                      !!!
20210219 082650.364 INFO             PET0 !!!                   ESMF_LOGKIND_Multi_On_Error  !!!
20210219 082650.364 INFO             PET0 !!!!!!!!!!!!!!!!!!!!!!!!!!!!!!!!!!!!!!!!!!!!!!!!!!!!!!
20210219 082650.364 INFO             PET0 Running with ESMF Version   : ESMF_8_2_0_beta_snapshot_00
20210219 082650.364 INFO             PET0 ESMF library build date/time: "Feb 19 2021" "08:23:00"
20210219 082650.364 INFO             PET0 ESMF library build location : /project/esmf/himanshu/esmf_test/cronjobs/daily/gfortran/esmf
20210219 082650.364 INFO             PET0 ESMF_COMM                   : mpich3
20210219 082650.364 INFO             PET0 ESMF_MOAB                   : enabled
20210219 082650.364 INFO             PET0 ESMF_LAPACK                 : enabled
20210219 082650.364 INFO             PET0 ESMF_NETCDF                 : enabled
20210219 082650.364 INFO             PET0 ESMF_PNETCDF                : disabled
20210219 082650.364 INFO             PET0 ESMF_PIO                    : enabled
20210219 082650.364 INFO             PET0 ESMF_YAMLCPP                : enabled
20210219 082650.364 INFO             PET0 Finalizing ESMF
20210219 082650.365 INFO             PET0 !!!!!!!!!!!!!!!!!!!!!!!!!!!!!!!!!!!!!!!!!!!!!!!!!!!!!!
20210219 082650.366 INFO             PET0 !!! THE ESMF_LOG IS SET TO OUTPUT ALL LOG MESSAGES !!!
20210219 082650.366 INFO             PET0 !!!     THIS MAY CAUSE SLOWDOWN IN PERFORMANCE     !!!
20210219 082650.366 INFO             PET0 !!! FOR PRODUCTION RUNS, USE:                      !!!
20210219 082650.366 INFO             PET0 !!!                   ESMF_LOGKIND_Multi_On_Error  !!!
20210219 082650.366 INFO             PET0 !!!!!!!!!!!!!!!!!!!!!!!!!!!!!!!!!!!!!!!!!!!!!!!!!!!!!!
20210219 082650.366 INFO             PET0 Running with ESMF Version   : ESMF_8_2_0_beta_snapshot_00
20210219 082650.366 INFO             PET0 ESMF library build date/time: "Feb 19 2021" "08:23:00"
20210219 082650.366 INFO             PET0 ESMF library build location : /project/esmf/himanshu/esmf_test/cronjobs/daily/gfortran/esmf
20210219 082650.366 INFO             PET0 ESMF_COMM                   : mpich3
20210219 082650.366 INFO             PET0 ESMF_MOAB                   : enabled
20210219 082650.366 INFO             PET0 ESMF_LAPACK                 : enabled
20210219 082650.366 INFO             PET0 ESMF_NETCDF                 : enabled
20210219 082650.366 INFO             PET0 ESMF_PNETCDF                : disabled
20210219 082650.366 INFO             PET0 ESMF_PIO                    : enabled
20210219 082650.366 INFO             PET0 ESMF_YAMLCPP                : enabled
20210219 082650.366 INFO             PET0 Finalizing ESMF
Fri Feb 19 09:49:25 MST 2021
