20210301 163908.412 INFO             PET0 !!!!!!!!!!!!!!!!!!!!!!!!!!!!!!!!!!!!!!!!!!!!!!!!!!!!!!
20210301 163908.412 INFO             PET0 !!! THE ESMF_LOG IS SET TO OUTPUT ALL LOG MESSAGES !!!
20210301 163908.412 INFO             PET0 !!!     THIS MAY CAUSE SLOWDOWN IN PERFORMANCE     !!!
20210301 163908.412 INFO             PET0 !!! FOR PRODUCTION RUNS, USE:                      !!!
20210301 163908.412 INFO             PET0 !!!                   ESMF_LOGKIND_Multi_On_Error  !!!
20210301 163908.412 INFO             PET0 !!!!!!!!!!!!!!!!!!!!!!!!!!!!!!!!!!!!!!!!!!!!!!!!!!!!!!
20210301 163908.412 INFO             PET0 Running with ESMF Version   : ESMF_8_2_0_beta_snapshot_00-6-gf8f29de
20210301 163908.412 INFO             PET0 ESMF library build date/time: "Mar  1 2021" "16:13:32"
20210301 163908.412 INFO             PET0 ESMF library build location : /work/noaa/nems/hpillai/develop/gfortran_8.3.0_mpiuni_g
20210301 163908.412 INFO             PET0 ESMF_COMM                   : mpiuni
20210301 163908.413 INFO             PET0 ESMF_MOAB                   : enabled
20210301 163908.413 INFO             PET0 ESMF_LAPACK                 : enabled
20210301 163908.413 INFO             PET0 ESMF_NETCDF                 : enabled
20210301 163908.413 INFO             PET0 ESMF_PNETCDF                : disabled
20210301 163908.413 INFO             PET0 ESMF_PIO                    : disabled
20210301 163908.413 INFO             PET0 ESMF_YAMLCPP                : enabled
20210301 163908.413 INFO             PET0 ESMF Tracing Enabled
20210301 163908.413 INFO             PET0 ESMF Profiling Enabled
20210301 163908.413 INFO             PET0 ESMF Trace/Profile clock: REALTIME
20210301 163908.419 INFO             PET0  NUMBER_OF_PROCESSORS           1
20210301 163908.419 INFO             PET0  PASS  Example ESMF_TraceEx, ESMF_TraceEx.F90, line 178
20210301 163908.419 INFO             PET0 Finalizing ESMF
20210301 163908.419 INFO             PET0 **************** Region Timings *******************
20210301 163908.419 INFO             PET0 Region              Count  Total (s)   Self (s)    Mean (s)    Min (s)     Max (s)
20210301 163908.419 INFO             PET0   [test] Init 1     1      0.0000      0.0000      0.0000      0.0000      0.0000
20210301 163908.419 INFO             PET0   [test] Run 1      5      0.0000      0.0000      0.0000      0.0000      0.0000
20210301 163908.419 INFO             PET0   [test] Final 1    1      0.0000      0.0000      0.0000      0.0000      0.0000
