20200828 120553.943 INFO             PET1 !!!!!!!!!!!!!!!!!!!!!!!!!!!!!!!!!!!!!!!!!!!!!!!!!!!!!!
20200828 120553.944 INFO             PET1 !!! THE ESMF_LOG IS SET TO OUTPUT ALL LOG MESSAGES !!!
20200828 120553.944 INFO             PET1 !!!     THIS MAY CAUSE SLOWDOWN IN PERFORMANCE     !!!
20200828 120553.944 INFO             PET1 !!! FOR PRODUCTION RUNS, USE:                      !!!
20200828 120553.944 INFO             PET1 !!!                   ESMF_LOGKIND_Multi_On_Error  !!!
20200828 120553.944 INFO             PET1 !!!!!!!!!!!!!!!!!!!!!!!!!!!!!!!!!!!!!!!!!!!!!!!!!!!!!!
20200828 120553.944 INFO             PET1 Running with ESMF Version   : ESMF_8_1_0_beta_snapshot_26-41-g94befe01fa
20200828 120553.944 INFO             PET1 ESMF library build date/time: "Aug 28 2020" "12:03:01"
20200828 120553.944 INFO             PET1 ESMF library build location : /glade/scratch/himanshu/scripts_dir/daily/gfortran_cheyenne/esmf
20200828 120553.944 INFO             PET1 ESMF_COMM                   : openmpi
20200828 120553.944 INFO             PET1 ESMF_NETCDF                 : disabled
20200828 120553.944 INFO             PET1 ESMF_PNETCDF                : disabled
20200828 120553.944 INFO             PET1 ESMF_PIO                    : enabled
20200828 120553.944 INFO             PET1 ESMF_YAMLCPP                : enabled
20200828 120553.944 INFO             PET1 ESMF_MOAB                   : enabled
20200828 120553.944 INFO             PET1 Finalizing ESMF
20200828 120554.328 INFO             PET1 !!!!!!!!!!!!!!!!!!!!!!!!!!!!!!!!!!!!!!!!!!!!!!!!!!!!!!
20200828 120554.328 INFO             PET1 !!! THE ESMF_LOG IS SET TO OUTPUT ALL LOG MESSAGES !!!
20200828 120554.328 INFO             PET1 !!!     THIS MAY CAUSE SLOWDOWN IN PERFORMANCE     !!!
20200828 120554.328 INFO             PET1 !!! FOR PRODUCTION RUNS, USE:                      !!!
20200828 120554.328 INFO             PET1 !!!                   ESMF_LOGKIND_Multi_On_Error  !!!
20200828 120554.328 INFO             PET1 !!!!!!!!!!!!!!!!!!!!!!!!!!!!!!!!!!!!!!!!!!!!!!!!!!!!!!
20200828 120554.328 INFO             PET1 Running with ESMF Version   : ESMF_8_1_0_beta_snapshot_26-41-g94befe01fa
20200828 120554.328 INFO             PET1 ESMF library build date/time: "Aug 28 2020" "12:03:01"
20200828 120554.328 INFO             PET1 ESMF library build location : /glade/scratch/himanshu/scripts_dir/daily/gfortran_cheyenne/esmf
20200828 120554.328 INFO             PET1 ESMF_COMM                   : openmpi
20200828 120554.328 INFO             PET1 ESMF_NETCDF                 : disabled
20200828 120554.328 INFO             PET1 ESMF_PNETCDF                : disabled
20200828 120554.328 INFO             PET1 ESMF_PIO                    : enabled
20200828 120554.328 INFO             PET1 ESMF_YAMLCPP                : enabled
20200828 120554.328 INFO             PET1 ESMF_MOAB                   : enabled
20200828 120554.328 INFO             PET1 Finalizing ESMF
20200828 120554.741 INFO             PET1 !!!!!!!!!!!!!!!!!!!!!!!!!!!!!!!!!!!!!!!!!!!!!!!!!!!!!!
20200828 120554.742 INFO             PET1 !!! THE ESMF_LOG IS SET TO OUTPUT ALL LOG MESSAGES !!!
20200828 120554.742 INFO             PET1 !!!     THIS MAY CAUSE SLOWDOWN IN PERFORMANCE     !!!
20200828 120554.742 INFO             PET1 !!! FOR PRODUCTION RUNS, USE:                      !!!
20200828 120554.742 INFO             PET1 !!!                   ESMF_LOGKIND_Multi_On_Error  !!!
20200828 120554.742 INFO             PET1 !!!!!!!!!!!!!!!!!!!!!!!!!!!!!!!!!!!!!!!!!!!!!!!!!!!!!!
20200828 120554.742 INFO             PET1 Running with ESMF Version   : ESMF_8_1_0_beta_snapshot_26-41-g94befe01fa
20200828 120554.742 INFO             PET1 ESMF library build date/time: "Aug 28 2020" "12:03:01"
20200828 120554.742 INFO             PET1 ESMF library build location : /glade/scratch/himanshu/scripts_dir/daily/gfortran_cheyenne/esmf
20200828 120554.742 INFO             PET1 ESMF_COMM                   : openmpi
20200828 120554.742 INFO             PET1 ESMF_NETCDF                 : disabled
20200828 120554.742 INFO             PET1 ESMF_PNETCDF                : disabled
20200828 120554.742 INFO             PET1 ESMF_PIO                    : enabled
20200828 120554.742 INFO             PET1 ESMF_YAMLCPP                : enabled
20200828 120554.742 INFO             PET1 ESMF_MOAB                   : enabled
20200828 120554.744 INFO             PET1 Finalizing ESMF
