20200908 160352.044 INFO             PET2 !!!!!!!!!!!!!!!!!!!!!!!!!!!!!!!!!!!!!!!!!!!!!!!!!!!!!!
20200908 160352.045 INFO             PET2 !!! THE ESMF_LOG IS SET TO OUTPUT ALL LOG MESSAGES !!!
20200908 160352.045 INFO             PET2 !!!     THIS MAY CAUSE SLOWDOWN IN PERFORMANCE     !!!
20200908 160352.045 INFO             PET2 !!! FOR PRODUCTION RUNS, USE:                      !!!
20200908 160352.045 INFO             PET2 !!!                   ESMF_LOGKIND_Multi_On_Error  !!!
20200908 160352.045 INFO             PET2 !!!!!!!!!!!!!!!!!!!!!!!!!!!!!!!!!!!!!!!!!!!!!!!!!!!!!!
20200908 160352.045 INFO             PET2 Running with ESMF Version   : ESMF_8_1_0_beta_snapshot_27-51-gb26cf95dd1
20200908 160352.045 INFO             PET2 ESMF library build date/time: "Sep  8 2020" "16:01:06"
20200908 160352.045 INFO             PET2 ESMF library build location : /glade/scratch/himanshu/scripts_dir/daily/gfortran_cheyenne/esmf
20200908 160352.045 INFO             PET2 ESMF_COMM                   : openmpi
20200908 160352.045 INFO             PET2 ESMF_NETCDF                 : disabled
20200908 160352.045 INFO             PET2 ESMF_PNETCDF                : disabled
20200908 160352.045 INFO             PET2 ESMF_PIO                    : enabled
20200908 160352.045 INFO             PET2 ESMF_YAMLCPP                : enabled
20200908 160352.045 INFO             PET2 ESMF_MOAB                   : enabled
20200908 160352.046 INFO             PET2 Finalizing ESMF
20200908 160352.444 INFO             PET2 !!!!!!!!!!!!!!!!!!!!!!!!!!!!!!!!!!!!!!!!!!!!!!!!!!!!!!
20200908 160352.444 INFO             PET2 !!! THE ESMF_LOG IS SET TO OUTPUT ALL LOG MESSAGES !!!
20200908 160352.444 INFO             PET2 !!!     THIS MAY CAUSE SLOWDOWN IN PERFORMANCE     !!!
20200908 160352.444 INFO             PET2 !!! FOR PRODUCTION RUNS, USE:                      !!!
20200908 160352.444 INFO             PET2 !!!                   ESMF_LOGKIND_Multi_On_Error  !!!
20200908 160352.444 INFO             PET2 !!!!!!!!!!!!!!!!!!!!!!!!!!!!!!!!!!!!!!!!!!!!!!!!!!!!!!
20200908 160352.444 INFO             PET2 Running with ESMF Version   : ESMF_8_1_0_beta_snapshot_27-51-gb26cf95dd1
20200908 160352.444 INFO             PET2 ESMF library build date/time: "Sep  8 2020" "16:01:06"
20200908 160352.444 INFO             PET2 ESMF library build location : /glade/scratch/himanshu/scripts_dir/daily/gfortran_cheyenne/esmf
20200908 160352.444 INFO             PET2 ESMF_COMM                   : openmpi
20200908 160352.444 INFO             PET2 ESMF_NETCDF                 : disabled
20200908 160352.444 INFO             PET2 ESMF_PNETCDF                : disabled
20200908 160352.444 INFO             PET2 ESMF_PIO                    : enabled
20200908 160352.444 INFO             PET2 ESMF_YAMLCPP                : enabled
20200908 160352.444 INFO             PET2 ESMF_MOAB                   : enabled
20200908 160352.445 INFO             PET2 Finalizing ESMF
20200908 160352.849 INFO             PET2 !!!!!!!!!!!!!!!!!!!!!!!!!!!!!!!!!!!!!!!!!!!!!!!!!!!!!!
20200908 160352.849 INFO             PET2 !!! THE ESMF_LOG IS SET TO OUTPUT ALL LOG MESSAGES !!!
20200908 160352.849 INFO             PET2 !!!     THIS MAY CAUSE SLOWDOWN IN PERFORMANCE     !!!
20200908 160352.849 INFO             PET2 !!! FOR PRODUCTION RUNS, USE:                      !!!
20200908 160352.849 INFO             PET2 !!!                   ESMF_LOGKIND_Multi_On_Error  !!!
20200908 160352.849 INFO             PET2 !!!!!!!!!!!!!!!!!!!!!!!!!!!!!!!!!!!!!!!!!!!!!!!!!!!!!!
20200908 160352.849 INFO             PET2 Running with ESMF Version   : ESMF_8_1_0_beta_snapshot_27-51-gb26cf95dd1
20200908 160352.849 INFO             PET2 ESMF library build date/time: "Sep  8 2020" "16:01:06"
20200908 160352.849 INFO             PET2 ESMF library build location : /glade/scratch/himanshu/scripts_dir/daily/gfortran_cheyenne/esmf
20200908 160352.849 INFO             PET2 ESMF_COMM                   : openmpi
20200908 160352.849 INFO             PET2 ESMF_NETCDF                 : disabled
20200908 160352.849 INFO             PET2 ESMF_PNETCDF                : disabled
20200908 160352.849 INFO             PET2 ESMF_PIO                    : enabled
20200908 160352.849 INFO             PET2 ESMF_YAMLCPP                : enabled
20200908 160352.849 INFO             PET2 ESMF_MOAB                   : enabled
20200908 160352.851 INFO             PET2 Finalizing ESMF
