20200828 120550.183 INFO             PET3 !!!!!!!!!!!!!!!!!!!!!!!!!!!!!!!!!!!!!!!!!!!!!!!!!!!!!!
20200828 120550.183 INFO             PET3 !!! THE ESMF_LOG IS SET TO OUTPUT ALL LOG MESSAGES !!!
20200828 120550.183 INFO             PET3 !!!     THIS MAY CAUSE SLOWDOWN IN PERFORMANCE     !!!
20200828 120550.183 INFO             PET3 !!! FOR PRODUCTION RUNS, USE:                      !!!
20200828 120550.183 INFO             PET3 !!!                   ESMF_LOGKIND_Multi_On_Error  !!!
20200828 120550.183 INFO             PET3 !!!!!!!!!!!!!!!!!!!!!!!!!!!!!!!!!!!!!!!!!!!!!!!!!!!!!!
20200828 120550.183 INFO             PET3 Running with ESMF Version   : ESMF_8_1_0_beta_snapshot_26-41-g94befe01fa
20200828 120550.183 INFO             PET3 ESMF library build date/time: "Aug 28 2020" "12:03:01"
20200828 120550.183 INFO             PET3 ESMF library build location : /glade/scratch/himanshu/scripts_dir/daily/gfortran_cheyenne/esmf
20200828 120550.183 INFO             PET3 ESMF_COMM                   : openmpi
20200828 120550.183 INFO             PET3 ESMF_NETCDF                 : disabled
20200828 120550.183 INFO             PET3 ESMF_PNETCDF                : disabled
20200828 120550.183 INFO             PET3 ESMF_PIO                    : enabled
20200828 120550.183 INFO             PET3 ESMF_YAMLCPP                : enabled
20200828 120550.183 INFO             PET3 ESMF_MOAB                   : enabled
20200828 120550.184 INFO             PET3 Finalizing ESMF
20200828 120550.783 INFO             PET3 !!!!!!!!!!!!!!!!!!!!!!!!!!!!!!!!!!!!!!!!!!!!!!!!!!!!!!
20200828 120550.784 INFO             PET3 !!! THE ESMF_LOG IS SET TO OUTPUT ALL LOG MESSAGES !!!
20200828 120550.784 INFO             PET3 !!!     THIS MAY CAUSE SLOWDOWN IN PERFORMANCE     !!!
20200828 120550.784 INFO             PET3 !!! FOR PRODUCTION RUNS, USE:                      !!!
20200828 120550.784 INFO             PET3 !!!                   ESMF_LOGKIND_Multi_On_Error  !!!
20200828 120550.784 INFO             PET3 !!!!!!!!!!!!!!!!!!!!!!!!!!!!!!!!!!!!!!!!!!!!!!!!!!!!!!
20200828 120550.784 INFO             PET3 Running with ESMF Version   : ESMF_8_1_0_beta_snapshot_26-41-g94befe01fa
20200828 120550.784 INFO             PET3 ESMF library build date/time: "Aug 28 2020" "12:03:01"
20200828 120550.784 INFO             PET3 ESMF library build location : /glade/scratch/himanshu/scripts_dir/daily/gfortran_cheyenne/esmf
20200828 120550.784 INFO             PET3 ESMF_COMM                   : openmpi
20200828 120550.784 INFO             PET3 ESMF_NETCDF                 : disabled
20200828 120550.784 INFO             PET3 ESMF_PNETCDF                : disabled
20200828 120550.784 INFO             PET3 ESMF_PIO                    : enabled
20200828 120550.784 INFO             PET3 ESMF_YAMLCPP                : enabled
20200828 120550.784 INFO             PET3 ESMF_MOAB                   : enabled
20200828 120550.784 INFO             PET3 Finalizing ESMF
20200828 120551.175 INFO             PET3 !!!!!!!!!!!!!!!!!!!!!!!!!!!!!!!!!!!!!!!!!!!!!!!!!!!!!!
20200828 120551.175 INFO             PET3 !!! THE ESMF_LOG IS SET TO OUTPUT ALL LOG MESSAGES !!!
20200828 120551.175 INFO             PET3 !!!     THIS MAY CAUSE SLOWDOWN IN PERFORMANCE     !!!
20200828 120551.175 INFO             PET3 !!! FOR PRODUCTION RUNS, USE:                      !!!
20200828 120551.175 INFO             PET3 !!!                   ESMF_LOGKIND_Multi_On_Error  !!!
20200828 120551.175 INFO             PET3 !!!!!!!!!!!!!!!!!!!!!!!!!!!!!!!!!!!!!!!!!!!!!!!!!!!!!!
20200828 120551.175 INFO             PET3 Running with ESMF Version   : ESMF_8_1_0_beta_snapshot_26-41-g94befe01fa
20200828 120551.175 INFO             PET3 ESMF library build date/time: "Aug 28 2020" "12:03:01"
20200828 120551.175 INFO             PET3 ESMF library build location : /glade/scratch/himanshu/scripts_dir/daily/gfortran_cheyenne/esmf
20200828 120551.175 INFO             PET3 ESMF_COMM                   : openmpi
20200828 120551.176 INFO             PET3 ESMF_NETCDF                 : disabled
20200828 120551.176 INFO             PET3 ESMF_PNETCDF                : disabled
20200828 120551.176 INFO             PET3 ESMF_PIO                    : enabled
20200828 120551.176 INFO             PET3 ESMF_YAMLCPP                : enabled
20200828 120551.176 INFO             PET3 ESMF_MOAB                   : enabled
20200828 120551.178 INFO             PET3 Finalizing ESMF
