20200823 233109.514 INFO             PET3 !!!!!!!!!!!!!!!!!!!!!!!!!!!!!!!!!!!!!!!!!!!!!!!!!!!!!!
20200823 233109.514 INFO             PET3 !!! THE ESMF_LOG IS SET TO OUTPUT ALL LOG MESSAGES !!!
20200823 233109.514 INFO             PET3 !!!     THIS MAY CAUSE SLOWDOWN IN PERFORMANCE     !!!
20200823 233109.514 INFO             PET3 !!! FOR PRODUCTION RUNS, USE:                      !!!
20200823 233109.514 INFO             PET3 !!!                   ESMF_LOGKIND_Multi_On_Error  !!!
20200823 233109.514 INFO             PET3 !!!!!!!!!!!!!!!!!!!!!!!!!!!!!!!!!!!!!!!!!!!!!!!!!!!!!!
20200823 233109.514 INFO             PET3 Running with ESMF Version   : ESMF_8_1_0_beta_snapshot_26-20-gc467564eb1
20200823 233109.514 INFO             PET3 ESMF library build date/time: "Aug 23 2020" "23:28:20"
20200823 233109.514 INFO             PET3 ESMF library build location : /glade/scratch/himanshu/scripts_dir/daily/gfortran_cheyenne/esmf
20200823 233109.514 INFO             PET3 ESMF_COMM                   : openmpi
20200823 233109.514 INFO             PET3 ESMF_NETCDF                 : disabled
20200823 233109.514 INFO             PET3 ESMF_PNETCDF                : disabled
20200823 233109.514 INFO             PET3 ESMF_PIO                    : enabled
20200823 233109.514 INFO             PET3 ESMF_YAMLCPP                : enabled
20200823 233109.514 INFO             PET3 ESMF_MOAB                   : enabled
20200823 233109.514 INFO             PET3 Finalizing ESMF
20200823 233109.910 INFO             PET3 !!!!!!!!!!!!!!!!!!!!!!!!!!!!!!!!!!!!!!!!!!!!!!!!!!!!!!
20200823 233109.910 INFO             PET3 !!! THE ESMF_LOG IS SET TO OUTPUT ALL LOG MESSAGES !!!
20200823 233109.910 INFO             PET3 !!!     THIS MAY CAUSE SLOWDOWN IN PERFORMANCE     !!!
20200823 233109.910 INFO             PET3 !!! FOR PRODUCTION RUNS, USE:                      !!!
20200823 233109.910 INFO             PET3 !!!                   ESMF_LOGKIND_Multi_On_Error  !!!
20200823 233109.910 INFO             PET3 !!!!!!!!!!!!!!!!!!!!!!!!!!!!!!!!!!!!!!!!!!!!!!!!!!!!!!
20200823 233109.910 INFO             PET3 Running with ESMF Version   : ESMF_8_1_0_beta_snapshot_26-20-gc467564eb1
20200823 233109.910 INFO             PET3 ESMF library build date/time: "Aug 23 2020" "23:28:20"
20200823 233109.910 INFO             PET3 ESMF library build location : /glade/scratch/himanshu/scripts_dir/daily/gfortran_cheyenne/esmf
20200823 233109.910 INFO             PET3 ESMF_COMM                   : openmpi
20200823 233109.910 INFO             PET3 ESMF_NETCDF                 : disabled
20200823 233109.910 INFO             PET3 ESMF_PNETCDF                : disabled
20200823 233109.910 INFO             PET3 ESMF_PIO                    : enabled
20200823 233109.910 INFO             PET3 ESMF_YAMLCPP                : enabled
20200823 233109.910 INFO             PET3 ESMF_MOAB                   : enabled
20200823 233109.910 INFO             PET3 Finalizing ESMF
20200823 233110.308 INFO             PET3 !!!!!!!!!!!!!!!!!!!!!!!!!!!!!!!!!!!!!!!!!!!!!!!!!!!!!!
20200823 233110.308 INFO             PET3 !!! THE ESMF_LOG IS SET TO OUTPUT ALL LOG MESSAGES !!!
20200823 233110.308 INFO             PET3 !!!     THIS MAY CAUSE SLOWDOWN IN PERFORMANCE     !!!
20200823 233110.308 INFO             PET3 !!! FOR PRODUCTION RUNS, USE:                      !!!
20200823 233110.308 INFO             PET3 !!!                   ESMF_LOGKIND_Multi_On_Error  !!!
20200823 233110.308 INFO             PET3 !!!!!!!!!!!!!!!!!!!!!!!!!!!!!!!!!!!!!!!!!!!!!!!!!!!!!!
20200823 233110.308 INFO             PET3 Running with ESMF Version   : ESMF_8_1_0_beta_snapshot_26-20-gc467564eb1
20200823 233110.309 INFO             PET3 ESMF library build date/time: "Aug 23 2020" "23:28:20"
20200823 233110.309 INFO             PET3 ESMF library build location : /glade/scratch/himanshu/scripts_dir/daily/gfortran_cheyenne/esmf
20200823 233110.309 INFO             PET3 ESMF_COMM                   : openmpi
20200823 233110.309 INFO             PET3 ESMF_NETCDF                 : disabled
20200823 233110.309 INFO             PET3 ESMF_PNETCDF                : disabled
20200823 233110.309 INFO             PET3 ESMF_PIO                    : enabled
20200823 233110.309 INFO             PET3 ESMF_YAMLCPP                : enabled
20200823 233110.309 INFO             PET3 ESMF_MOAB                   : enabled
20200823 233110.311 INFO             PET3 Finalizing ESMF
