20210226 075758.751 INFO             PET0 !!!!!!!!!!!!!!!!!!!!!!!!!!!!!!!!!!!!!!!!!!!!!!!!!!!!!!
20210226 075758.751 INFO             PET0 !!! THE ESMF_LOG IS SET TO OUTPUT ALL LOG MESSAGES !!!
20210226 075758.751 INFO             PET0 !!!     THIS MAY CAUSE SLOWDOWN IN PERFORMANCE     !!!
20210226 075758.751 INFO             PET0 !!! FOR PRODUCTION RUNS, USE:                      !!!
20210226 075758.751 INFO             PET0 !!!                   ESMF_LOGKIND_Multi_On_Error  !!!
20210226 075758.751 INFO             PET0 !!!!!!!!!!!!!!!!!!!!!!!!!!!!!!!!!!!!!!!!!!!!!!!!!!!!!!
20210226 075758.751 INFO             PET0 Running with ESMF Version   : ESMF_8_1_0_beta_snapshot_47-9-gfc33f2d
20210226 075758.751 INFO             PET0 ESMF library build date/time: "Feb 26 2021" "07:27:01"
20210226 075758.751 INFO             PET0 ESMF library build location : /work/noaa/da/mpotts/sandbox/intel_2020_intelmpi_g
20210226 075758.751 INFO             PET0 ESMF_COMM                   : intelmpi
20210226 075758.752 INFO             PET0 ESMF_MOAB                   : enabled
20210226 075758.752 INFO             PET0 ESMF_LAPACK                 : enabled
20210226 075758.752 INFO             PET0 ESMF_NETCDF                 : enabled
20210226 075758.752 INFO             PET0 ESMF_PNETCDF                : disabled
20210226 075758.752 INFO             PET0 ESMF_PIO                    : enabled
20210226 075758.753 INFO             PET0 ESMF_YAMLCPP                : enabled
20210226 075758.753 INFO             PET0  NUMBER_OF_PROCESSORS           4
20210226 075758.753 INFO             PET0  PASS  Example ESMF_VMUserMpiCommMultiEx, ESMF_VMUserMpiCommMultiEx.F90, line 126
20210226 075758.753 INFO             PET0 Finalizing ESMF
20210226 075758.736 INFO             PET0 !!!!!!!!!!!!!!!!!!!!!!!!!!!!!!!!!!!!!!!!!!!!!!!!!!!!!!
20210226 075758.736 INFO             PET0 !!! THE ESMF_LOG IS SET TO OUTPUT ALL LOG MESSAGES !!!
20210226 075758.736 INFO             PET0 !!!     THIS MAY CAUSE SLOWDOWN IN PERFORMANCE     !!!
20210226 075758.736 INFO             PET0 !!! FOR PRODUCTION RUNS, USE:                      !!!
20210226 075758.736 INFO             PET0 !!!                   ESMF_LOGKIND_Multi_On_Error  !!!
20210226 075758.736 INFO             PET0 !!!!!!!!!!!!!!!!!!!!!!!!!!!!!!!!!!!!!!!!!!!!!!!!!!!!!!
20210226 075758.736 INFO             PET0 Running with ESMF Version   : ESMF_8_1_0_beta_snapshot_47-9-gfc33f2d
20210226 075758.736 INFO             PET0 ESMF library build date/time: "Feb 26 2021" "07:27:01"
20210226 075758.736 INFO             PET0 ESMF library build location : /work/noaa/da/mpotts/sandbox/intel_2020_intelmpi_g
20210226 075758.736 INFO             PET0 ESMF_COMM                   : intelmpi
20210226 075758.737 INFO             PET0 ESMF_MOAB                   : enabled
20210226 075758.737 INFO             PET0 ESMF_LAPACK                 : enabled
20210226 075758.737 INFO             PET0 ESMF_NETCDF                 : enabled
20210226 075758.738 INFO             PET0 ESMF_PNETCDF                : disabled
20210226 075758.738 INFO             PET0 ESMF_PIO                    : enabled
20210226 075758.738 INFO             PET0 ESMF_YAMLCPP                : enabled
20210226 075758.774 INFO             PET0  NUMBER_OF_PROCESSORS           4
20210226 075758.774 INFO             PET0  PASS  Example ESMF_VMUserMpiCommMultiEx, ESMF_VMUserMpiCommMultiEx.F90, line 154
20210226 075758.774 INFO             PET0 Finalizing ESMF
20210226 075758.736 INFO             PET1 !!!!!!!!!!!!!!!!!!!!!!!!!!!!!!!!!!!!!!!!!!!!!!!!!!!!!!
20210226 075758.736 INFO             PET1 !!! THE ESMF_LOG IS SET TO OUTPUT ALL LOG MESSAGES !!!
20210226 075758.736 INFO             PET1 !!!     THIS MAY CAUSE SLOWDOWN IN PERFORMANCE     !!!
20210226 075758.736 INFO             PET1 !!! FOR PRODUCTION RUNS, USE:                      !!!
20210226 075758.736 INFO             PET1 !!!                   ESMF_LOGKIND_Multi_On_Error  !!!
20210226 075758.736 INFO             PET1 !!!!!!!!!!!!!!!!!!!!!!!!!!!!!!!!!!!!!!!!!!!!!!!!!!!!!!
20210226 075758.736 INFO             PET1 Running with ESMF Version   : ESMF_8_1_0_beta_snapshot_47-9-gfc33f2d
20210226 075758.736 INFO             PET1 ESMF library build date/time: "Feb 26 2021" "07:27:01"
20210226 075758.736 INFO             PET1 ESMF library build location : /work/noaa/da/mpotts/sandbox/intel_2020_intelmpi_g
20210226 075758.736 INFO             PET1 ESMF_COMM                   : intelmpi
20210226 075758.737 INFO             PET1 ESMF_MOAB                   : enabled
20210226 075758.737 INFO             PET1 ESMF_LAPACK                 : enabled
20210226 075758.737 INFO             PET1 ESMF_NETCDF                 : enabled
20210226 075758.737 INFO             PET1 ESMF_PNETCDF                : disabled
20210226 075758.737 INFO             PET1 ESMF_PIO                    : enabled
20210226 075758.737 INFO             PET1 ESMF_YAMLCPP                : enabled
20210226 075758.753 INFO             PET1  NUMBER_OF_PROCESSORS           4
20210226 075758.753 INFO             PET1  PASS  Example ESMF_VMUserMpiCommMultiEx, ESMF_VMUserMpiCommMultiEx.F90, line 126
20210226 075758.753 INFO             PET1 Finalizing ESMF
20210226 075758.752 INFO             PET1 !!!!!!!!!!!!!!!!!!!!!!!!!!!!!!!!!!!!!!!!!!!!!!!!!!!!!!
20210226 075758.752 INFO             PET1 !!! THE ESMF_LOG IS SET TO OUTPUT ALL LOG MESSAGES !!!
20210226 075758.752 INFO             PET1 !!!     THIS MAY CAUSE SLOWDOWN IN PERFORMANCE     !!!
20210226 075758.752 INFO             PET1 !!! FOR PRODUCTION RUNS, USE:                      !!!
20210226 075758.752 INFO             PET1 !!!                   ESMF_LOGKIND_Multi_On_Error  !!!
20210226 075758.752 INFO             PET1 !!!!!!!!!!!!!!!!!!!!!!!!!!!!!!!!!!!!!!!!!!!!!!!!!!!!!!
20210226 075758.752 INFO             PET1 Running with ESMF Version   : ESMF_8_1_0_beta_snapshot_47-9-gfc33f2d
20210226 075758.752 INFO             PET1 ESMF library build date/time: "Feb 26 2021" "07:27:01"
20210226 075758.752 INFO             PET1 ESMF library build location : /work/noaa/da/mpotts/sandbox/intel_2020_intelmpi_g
20210226 075758.752 INFO             PET1 ESMF_COMM                   : intelmpi
20210226 075758.762 INFO             PET1 ESMF_MOAB                   : enabled
20210226 075758.762 INFO             PET1 ESMF_LAPACK                 : enabled
20210226 075758.762 INFO             PET1 ESMF_NETCDF                 : enabled
20210226 075758.762 INFO             PET1 ESMF_PNETCDF                : disabled
20210226 075758.762 INFO             PET1 ESMF_PIO                    : enabled
20210226 075758.762 INFO             PET1 ESMF_YAMLCPP                : enabled
20210226 075758.762 INFO             PET1  NUMBER_OF_PROCESSORS           4
20210226 075758.762 INFO             PET1  PASS  Example ESMF_VMUserMpiCommMultiEx, ESMF_VMUserMpiCommMultiEx.F90, line 154
20210226 075758.762 INFO             PET1 Finalizing ESMF
